travis_time:start:0410f32a[0Ktravis_time:end:0410f32a:start=1589770239216040041,finish=1589770239362581771,duration=146541730,event=no_world_writable_dirs[0Ktravis_time:start:07e7aeb2[0Ktravis_time:end:07e7aeb2:start=1589770239369075357,finish=1589770239373495335,duration=4419978,event=check_unsupported[0Ktravis_time:start:0f57e256[0Ktravis_fold:start:system_info[0K[33;1mBuild system information[0m
Build language: java
Build group: stable
Build dist: precise
Build id: ''
Job id: ''
Runtime kernel version: 4.15.0-91-generic
[34m[1mBuild image provisioning date and time[0m
Thu Feb  5 15:09:33 UTC 2015
[34m[1mOperating System Details[0m
Distributor ID:	Ubuntu
Description:	Ubuntu 12.04.5 LTS
Release:	12.04
Codename:	precise
[34m[1mLinux Version[0m
3.13.0-29-generic
[34m[1mCookbooks Version[0m
a68419e https://github.com/travis-ci/travis-cookbooks/tree/a68419e
[34m[1mGCC version[0m
gcc (Ubuntu/Linaro 4.6.3-1ubuntu5) 4.6.3
Copyright (C) 2011 Free Software Foundation, Inc.
This is free software; see the source for copying conditions.  There is NO
warranty; not even for MERCHANTABILITY or FITNESS FOR A PARTICULAR PURPOSE.

[34m[1mLLVM version[0m
clang version 3.4 (tags/RELEASE_34/final)
Target: x86_64-unknown-linux-gnu
Thread model: posix
[34m[1mPre-installed Ruby versions[0m
ruby-1.9.3-p551
[34m[1mPre-installed Node.js versions[0m
v0.10.36
[34m[1mPre-installed Go versions[0m
1.4.1
[34m[1mRedis version[0m
redis-server 2.8.19
[34m[1mriak version[0m
2.0.2
[34m[1mMongoDB version[0m
MongoDB 2.4.12
[34m[1mCouchDB version[0m
couchdb 1.6.1
[34m[1mNeo4j version[0m
1.9.4
[34m[1mRabbitMQ Version[0m
3.4.3
[34m[1mElasticSearch version[0m
1.4.0
[34m[1mInstalled Sphinx versions[0m
2.0.10
2.1.9
2.2.6
[34m[1mDefault Sphinx version[0m
2.2.6
[34m[1mInstalled Firefox version[0m
firefox 31.0esr
[34m[1mPhantomJS version[0m
1.9.8
[34m[1mant -version[0m
Apache Ant(TM) version 1.8.2 compiled on December 3 2011
[34m[1mmvn -version[0m
Apache Maven 3.2.5 (12a6b3acb947671f09b81f49094c53f426d8cea1; 2014-12-14T17:29:23+00:00)
Maven home: /usr/local/maven
Java version: 1.7.0_76, vendor: Oracle Corporation
Java home: /usr/lib/jvm/java-7-oracle/jre
Default locale: en_US, platform encoding: ANSI_X3.4-1968
OS name: "linux", version: "3.13.0-29-generic", arch: "amd64", family: "unix"
travis_fold:end:system_info[0K
travis_time:end:0f57e256:start=1589770239379713136,finish=1589770239388302064,duration=8588928,event=show_system_info[0Ktravis_time:start:03c9fc30[0Ktravis_time:end:03c9fc30:start=1589770239394569155,finish=1589770239410263565,duration=15694410,event=rm_riak_source[0Ktravis_time:start:0e50d3bb[0Ktravis_time:end:0e50d3bb:start=1589770239415946047,finish=1589770239425167954,duration=9221907,event=fix_rwky_redis[0Ktravis_time:start:15584a66[0K[31;1mTimeout waiting for network availability.[0m
travis_time:end:15584a66:start=1589770239431148847,finish=1589770260080549517,duration=20649400670,event=wait_for_network[0Ktravis_time:start:1379be69[0Ktravis_time:end:1379be69:start=1589770260086242543,finish=1589770262568569220,duration=2482326677,event=update_apt_keys[0Ktravis_time:start:2044e4a6[0Ktravis_time:end:2044e4a6:start=1589770262574162439,finish=1589770262636569840,duration=62407401,event=fix_hhvm_source[0Ktravis_time:start:1d7cc840[0Ktravis_time:end:1d7cc840:start=1589770262642941128,finish=1589770262648268950,duration=5327822,event=update_mongo_arch[0Ktravis_time:start:01d217ac[0Ktravis_time:end:01d217ac:start=1589770262653968249,finish=1589770262701901392,duration=47933143,event=fix_sudo_enabled_trusty[0Ktravis_time:start:07db3100[0Ktravis_time:end:07db3100:start=1589770262708612396,finish=1589770262725492677,duration=16880281,event=clean_up_path[0Ktravis_time:start:043ea821[0Ktravis_time:end:043ea821:start=1589770262731423397,finish=1589770262745415131,duration=13991734,event=fix_resolv_conf[0Ktravis_time:start:217f96e9[0Ktravis_time:end:217f96e9:start=1589770262752529723,finish=1589770262770542637,duration=18012914,event=fix_etc_hosts[0Ktravis_time:start:1ca328a4[0Ktravis_time:end:1ca328a4:start=1589770262776597994,finish=1589770262791700161,duration=15102167,event=fix_mvn_settings_xml[0Ktravis_time:start:1ab1703c[0Ktravis_time:end:1ab1703c:start=1589770262798323177,finish=1589770262815342217,duration=17019040,event=no_ipv6_localhost[0Ktravis_time:start:0024a18a[0Ktravis_time:end:0024a18a:start=1589770262821662198,finish=1589770262861399929,duration=39737731,event=fix_etc_mavenrc[0Ktravis_time:start:07138461[0Ktravis_time:end:07138461:start=1589770262867839141,finish=1589770262874827124,duration=6987983,event=fix_wwdr_certificate[0Ktravis_time:start:03486e94[0Ktravis_time:end:03486e94:start=1589770262881415085,finish=1589770262916344049,duration=34928964,event=put_localhost_first[0Ktravis_time:start:015564ef[0Ktravis_time:end:015564ef:start=1589770262922501716,finish=1589770262927318752,duration=4817036,event=home_paths[0Ktravis_time:start:17c04b7c[0Ktravis_time:end:17c04b7c:start=1589770262933097323,finish=1589770262974300477,duration=41203154,event=disable_initramfs[0Ktravis_time:start:2a0ff5f3[0Ktravis_time:end:2a0ff5f3:start=1589770262980267995,finish=1589770263000309716,duration=20041721,event=disable_ssh_roaming[0Ktravis_time:start:009d2d08[0Ktravis_time:end:009d2d08:start=1589770263006164609,finish=1589770263011381280,duration=5216671,event=debug_tools[0Ktravis_time:start:16521916[0Ktravis_time:end:16521916:start=1589770263017316408,finish=1589770263023561686,duration=6245278,event=uninstall_oclint[0Ktravis_time:start:0b768565[0Ktravis_time:end:0b768565:start=1589770263029579837,finish=1589770263035397811,duration=5817974,event=rvm_use[0Ktravis_time:start:0e35bf2e[0Ktravis_time:end:0e35bf2e:start=1589770263041764192,finish=1589770263056669235,duration=14905043,event=rm_etc_boto_cfg[0Ktravis_time:start:0392fd85[0Ktravis_time:end:0392fd85:start=1589770263062588584,finish=1589770263067751526,duration=5162942,event=rm_oraclejdk8_symlink[0Ktravis_time:start:0aed7b02[0Ktravis_time:end:0aed7b02:start=1589770263074350049,finish=1589770263121995524,duration=47645475,event=enable_i386[0Ktravis_time:start:05ee55f0[0Ktravis_time:end:05ee55f0:start=1589770263127738560,finish=1589770263133338106,duration=5599546,event=update_rubygems[0Ktravis_time:start:09ef3234[0Ktravis_time:end:09ef3234:start=1589770263138550755,finish=1589770263146328727,duration=7777972,event=ensure_path_components[0Ktravis_time:start:001e4fb4[0Ktravis_time:end:001e4fb4:start=1589770263151757561,finish=1589770263155705587,duration=3948026,event=redefine_curl[0Ktravis_time:start:21d872c8[0Ktravis_time:end:21d872c8:start=1589770263161283090,finish=1589770263164922927,duration=3639837,event=nonblock_pipe[0Ktravis_time:start:09f8e734[0Ktravis_time:end:09f8e734:start=1589770263169904924,finish=1589770268927965274,duration=5758060350,event=apt_get_update[0Ktravis_time:start:0a17d048[0Ktravis_time:end:0a17d048:start=1589770268933525607,finish=1589770268937756906,duration=4231299,event=deprecate_xcode_64[0Ktravis_time:start:0369c4f2[0Ktravis_time:end:0369c4f2:start=1589770268943709055,finish=1589770268950628914,duration=6919859,event=update_heroku[0Ktravis_time:start:13c29a0d[0Ktravis_time:end:13c29a0d:start=1589770268956262104,finish=1589770268960521410,duration=4259306,event=shell_session_update[0Ktravis_time:start:00f444b0[0Ktravis_fold:start:docker_mtu[0Ktravis_fold:end:docker_mtu[0Ktravis_time:end:00f444b0:start=1589770268966345313,finish=1589770269000783362,duration=34438049,event=set_docker_mtu[0Ktravis_time:start:12053f95[0Ktravis_time:end:12053f95:start=1589770269007708439,finish=1589770269023254275,duration=15545836,event=resolvconf[0K
travis_fold:start:install_jdk[0K[33;1mInstalling openjdk6[0m
$ jdk_switcher use "openjdk6"
Switching to OpenJDK6 (java-1.6.0-openjdk-amd64), JAVA_HOME will be set to /usr/lib/jvm/java-6-openjdk-amd64
travis_fold:end:install_jdk[0Ktravis_time:start:064e3ca5[0Ktravis_time:end:064e3ca5:start=1589770269044197300,finish=1589770269047651030,duration=3453730,event=fix_ps4[0Ktravis_time:start:02b84422[0K
$ cd failed/Scout24/deadcode4j

travis_time:end:02b84422:start=1589770269053251541,finish=1589770269058050237,duration=4798696,event=checkout[0Ktravis_time:start:17029f50[0K
[33;1mSetting environment variables from .travis.yml[0m
$ export MVN_VERSION=3.2.5

travis_time:end:17029f50:start=1589770269063716724,finish=1589770269643516984,duration=579800260,event=env[0Ktravis_fold:start:cache.1[0KSetting up build cache
$ export CASHER_DIR=${TRAVIS_HOME}/.casher
travis_time:start:04400c55[0K$ Installing caching utilities
travis_time:end:04400c55:start=1589770278566470845,finish=1589770281657353027,duration=3090882182,event=setup_casher[0Ktravis_time:start:045aee10[0K$ Installing caching utilities from the Travis CI server (https:///files/casher) failed, failing over to using GitHub (https://raw.githubusercontent.com/travis-ci/casher/bash/bin/casher)
travis_time:end:045aee10:start=1589770281664735482,finish=1589770281719874825,duration=55139343,event=setup_casher[0Ktravis_time:start:2782eb10[0Ktravis_time:end:2782eb10:start=1589770281729009753,finish=1589770281733779063,duration=4769310,event=setup_casher[0Ktravis_time:start:137269d4[0Kattempting to download cache archive[0m
[31;1mcould not download cache[0m
travis_time:end:137269d4:start=1589770281741310098,finish=1589770283188796669,duration=1447486571,event=setup_casher[0Ktravis_time:start:0baae5af[0Ktravis_time:end:0baae5af:start=1589770283194492438,finish=1589770283198978707,duration=4486269,event=setup_casher[0Ktravis_time:start:1b266164[0Kadding /home/travis/.m2/repository to cache[0m
travis_time:end:1b266164:start=1589770283206409477,finish=1589770284676863957,duration=1470454480,event=setup_casher[0Ktravis_fold:end:cache.1[0K
$ java -Xmx32m -version
$ javac -J-Xmx32m -version
travis_fold:start:before_install.1[0Ktravis_time:start:36e615fd[0K$ MVN_URL=https://archive.apache.org/dist/maven/maven-3/$MVN_VERSION/binaries/apache-maven-$MVN_VERSION-bin.tar.gz
travis_time:end:36e615fd:start=1589770284949963334,finish=1589770284955324667,duration=5361333,event=before_install[0Ktravis_fold:end:before_install.1[0Ktravis_fold:start:before_install.2[0Ktravis_time:start:0cb4dcf6[0K$ wget -q -O /tmp/maven.tar.gz $MVN_URL
travis_time:end:0cb4dcf6:start=1589770284963023022,finish=1589770287258349091,duration=2295326069,event=before_install[0Ktravis_fold:end:before_install.2[0Ktravis_fold:start:before_install.3[0Ktravis_time:start:07ef5e8c[0K$ tar xzf /tmp/maven.tar.gz
travis_time:end:07ef5e8c:start=1589770287266558169,finish=1589770287383812328,duration=117254159,event=before_install[0Ktravis_fold:end:before_install.3[0Ktravis_fold:start:before_install.4[0Ktravis_time:start:09320b2e[0K$ export M2_HOME=`pwd`/apache-maven-$MVN_VERSION
travis_time:end:09320b2e:start=1589770287389999401,finish=1589770287396878405,duration=6879004,event=before_install[0Ktravis_fold:end:before_install.4[0Ktravis_fold:start:before_install.5[0Ktravis_time:start:0ba01aeb[0K$ export PATH=$M2_HOME/bin:$PATH
travis_time:end:0ba01aeb:start=1589770287404368910,finish=1589770287409426679,duration=5057769,event=before_install[0Ktravis_fold:end:before_install.5[0Ktravis_fold:start:before_install.6[0Ktravis_time:start:09cd1e53[0K$ export MAVEN_SKIP_RC=true
travis_time:end:09cd1e53:start=1589770287415878457,finish=1589770287420265955,duration=4387498,event=before_install[0Ktravis_fold:end:before_install.6[0Ktravis_fold:start:install.1[0Ktravis_time:start:01895895[0K$ mvn -B -U clean verify org.apache.maven.plugins:maven-war-plugin:2.4:help -Dinvoker.skip=true -Dmaven.main.skip=true -Dmaven.plugin.skip=true -Dmaven.test.skip=true -PenableCoverage,travis
[INFO] Scanning for projects...
[INFO] Downloading: https://repo.maven.apache.org/maven2/org/apache/maven/plugins/maven-war-plugin/2.4/maven-war-plugin-2.4.pom
[INFO] ------------------------------------------------------------------------
[INFO] BUILD FAILURE
[INFO] ------------------------------------------------------------------------
[INFO] Total time: 1.017 s
[INFO] Finished at: 2020-05-18T02:51:29+00:00
[INFO] Final Memory: 15M/1962M
[INFO] ------------------------------------------------------------------------
[ERROR] Plugin org.apache.maven.plugins:maven-war-plugin:2.4 or one of its dependencies could not be resolved: Failed to read artifact descriptor for org.apache.maven.plugins:maven-war-plugin:jar:2.4: Could not transfer artifact org.apache.maven.plugins:maven-war-plugin:pom:2.4 from/to central (https://repo.maven.apache.org/maven2): Received fatal alert: protocol_version -> [Help 1]
[ERROR] 
[ERROR] To see the full stack trace of the errors, re-run Maven with the -e switch.
[ERROR] Re-run Maven using the -X switch to enable full debug logging.
[ERROR] 
[ERROR] For more information about the errors and possible solutions, please read the following articles:
[ERROR] [Help 1] http://cwiki.apache.org/confluence/display/MAVEN/PluginResolutionException
travis_time:end:01895895:start=1589770287427944497,finish=1589770289985477070,duration=2557532573,event=install[0K[31;1mThe command "mvn -B -U clean verify org.apache.maven.plugins:maven-war-plugin:2.4:help -Dinvoker.skip=true -Dmaven.main.skip=true -Dmaven.plugin.skip=true -Dmaven.test.skip=true -PenableCoverage,travis" failed and exited with 1 during .[0m

Your build has been stopped.
