travis_time:start:02e07aa2[0Ktravis_time:end:02e07aa2:start=1589770321275774944,finish=1589770321423253669,duration=147478725,event=no_world_writable_dirs[0Ktravis_time:start:1ee01456[0Ktravis_time:end:1ee01456:start=1589770321429241303,finish=1589770321432662863,duration=3421560,event=check_unsupported[0Ktravis_time:start:03741c8a[0Ktravis_fold:start:system_info[0K[33;1mBuild system information[0m
Build language: java
Build group: stable
Build dist: precise
Build id: ''
Job id: ''
Runtime kernel version: 4.15.0-91-generic
[34m[1mBuild image provisioning date and time[0m
Thu Feb  5 15:09:33 UTC 2015
[34m[1mOperating System Details[0m
Distributor ID:	Ubuntu
Description:	Ubuntu 12.04.5 LTS
Release:	12.04
Codename:	precise
[34m[1mLinux Version[0m
3.13.0-29-generic
[34m[1mCookbooks Version[0m
a68419e https://github.com/travis-ci/travis-cookbooks/tree/a68419e
[34m[1mGCC version[0m
gcc (Ubuntu/Linaro 4.6.3-1ubuntu5) 4.6.3
Copyright (C) 2011 Free Software Foundation, Inc.
This is free software; see the source for copying conditions.  There is NO
warranty; not even for MERCHANTABILITY or FITNESS FOR A PARTICULAR PURPOSE.

[34m[1mLLVM version[0m
clang version 3.4 (tags/RELEASE_34/final)
Target: x86_64-unknown-linux-gnu
Thread model: posix
[34m[1mPre-installed Ruby versions[0m
ruby-1.9.3-p551
[34m[1mPre-installed Node.js versions[0m
v0.10.36
[34m[1mPre-installed Go versions[0m
1.4.1
[34m[1mRedis version[0m
redis-server 2.8.19
[34m[1mriak version[0m
2.0.2
[34m[1mMongoDB version[0m
MongoDB 2.4.12
[34m[1mCouchDB version[0m
couchdb 1.6.1
[34m[1mNeo4j version[0m
1.9.4
[34m[1mRabbitMQ Version[0m
3.4.3
[34m[1mElasticSearch version[0m
1.4.0
[34m[1mInstalled Sphinx versions[0m
2.0.10
2.1.9
2.2.6
[34m[1mDefault Sphinx version[0m
2.2.6
[34m[1mInstalled Firefox version[0m
firefox 31.0esr
[34m[1mPhantomJS version[0m
1.9.8
[34m[1mant -version[0m
Apache Ant(TM) version 1.8.2 compiled on December 3 2011
[34m[1mmvn -version[0m
Apache Maven 3.2.5 (12a6b3acb947671f09b81f49094c53f426d8cea1; 2014-12-14T17:29:23+00:00)
Maven home: /usr/local/maven
Java version: 1.7.0_76, vendor: Oracle Corporation
Java home: /usr/lib/jvm/java-7-oracle/jre
Default locale: en_US, platform encoding: ANSI_X3.4-1968
OS name: "linux", version: "3.13.0-29-generic", arch: "amd64", family: "unix"
travis_fold:end:system_info[0K
travis_time:end:03741c8a:start=1589770321437711020,finish=1589770321445078806,duration=7367786,event=show_system_info[0Ktravis_time:start:27147ca2[0Ktravis_time:end:27147ca2:start=1589770321449874610,finish=1589770321467664010,duration=17789400,event=rm_riak_source[0Ktravis_time:start:04c4e542[0Ktravis_time:end:04c4e542:start=1589770321472574474,finish=1589770321481095921,duration=8521447,event=fix_rwky_redis[0Ktravis_time:start:0c0316e0[0K[31;1mTimeout waiting for network availability.[0m
travis_time:end:0c0316e0:start=1589770321486425576,finish=1589770342127467232,duration=20641041656,event=wait_for_network[0Ktravis_time:start:12314ea2[0Ktravis_time:end:12314ea2:start=1589770342133755653,finish=1589770345832869593,duration=3699113940,event=update_apt_keys[0Ktravis_time:start:00df6fd3[0Ktravis_time:end:00df6fd3:start=1589770345837721987,finish=1589770345899414203,duration=61692216,event=fix_hhvm_source[0Ktravis_time:start:10d4f6f4[0Ktravis_time:end:10d4f6f4:start=1589770345904627731,finish=1589770345909525616,duration=4897885,event=update_mongo_arch[0Ktravis_time:start:0d8d7165[0Ktravis_time:end:0d8d7165:start=1589770345914789034,finish=1589770345957243556,duration=42454522,event=fix_sudo_enabled_trusty[0Ktravis_time:start:1a69e9aa[0Ktravis_time:end:1a69e9aa:start=1589770345961609926,finish=1589770345977649650,duration=16039724,event=clean_up_path[0Ktravis_time:start:147341fe[0Ktravis_time:end:147341fe:start=1589770345983538683,finish=1589770345996789643,duration=13250960,event=fix_resolv_conf[0Ktravis_time:start:03408e43[0Ktravis_time:end:03408e43:start=1589770346001834367,finish=1589770346016406516,duration=14572149,event=fix_etc_hosts[0Ktravis_time:start:1661e6e6[0Ktravis_time:start:00655568[0Ktravis_time:end:00655568:start=1589770346051814393,finish=1589770346065206552,duration=13392159,event=no_ipv6_localhost[0Ktravis_time:start:21b14084[0Ktravis_time:end:21b14084:start=1589770346070094731,finish=1589770346092612718,duration=22517987,event=fix_etc_mavenrc[0Ktravis_time:start:0a42c820[0Ktravis_time:end:0a42c820:start=1589770346098128121,finish=1589770346103644826,duration=5516705,event=fix_wwdr_certificate[0Ktravis_time:start:014679c0[0Ktravis_time:end:014679c0:start=1589770346109409916,finish=1589770346143962034,duration=34552118,event=put_localhost_first[0Ktravis_time:start:0e83a778[0Ktravis_time:end:0e83a778:start=1589770346149292228,finish=1589770346154668701,duration=5376473,event=home_paths[0Ktravis_time:start:02c091fe[0Ktravis_time:end:02c091fe:start=1589770346161002390,finish=1589770346189893381,duration=28890991,event=disable_initramfs[0Ktravis_time:start:1c09bb14[0Ktravis_time:end:1c09bb14:start=1589770346195936652,finish=1589770346211741572,duration=15804920,event=disable_ssh_roaming[0Ktravis_time:start:20f2cfb8[0Ktravis_time:end:20f2cfb8:start=1589770346216669388,finish=1589770346220534078,duration=3864690,event=debug_tools[0Ktravis_time:start:0252acf4[0Ktravis_time:end:0252acf4:start=1589770346225723423,finish=1589770346231697333,duration=5973910,event=uninstall_oclint[0Ktravis_time:start:158127d8[0Ktravis_time:end:158127d8:start=1589770346237086337,finish=1589770346242462516,duration=5376179,event=rvm_use[0Ktravis_time:start:03b38546[0Ktravis_time:end:03b38546:start=1589770346248080562,finish=1589770346257765143,duration=9684581,event=rm_etc_boto_cfg[0Ktravis_time:start:34e51327[0Ktravis_time:end:34e51327:start=1589770346261950316,finish=1589770346265511852,duration=3561536,event=rm_oraclejdk8_symlink[0Ktravis_time:start:271696b9[0Ktravis_time:end:271696b9:start=1589770346270512669,finish=1589770346324271823,duration=53759154,event=enable_i386[0Ktravis_time:start:29553800[0Ktravis_time:end:29553800:start=1589770346329221636,finish=1589770346334831901,duration=5610265,event=update_rubygems[0Ktravis_time:start:11f981d7[0Ktravis_time:end:11f981d7:start=1589770346347903604,finish=1589770346359269949,duration=11366345,event=ensure_path_components[0Ktravis_time:start:040df516[0Ktravis_time:end:040df516:start=1589770346364075616,finish=1589770346367060769,duration=2985153,event=redefine_curl[0Ktravis_time:start:173f3220[0Ktravis_time:end:173f3220:start=1589770346372064859,finish=1589770346375524244,duration=3459385,event=nonblock_pipe[0Ktravis_time:start:09838869[0Ktravis_time:end:09838869:start=1589770346381763930,finish=1589770352245650647,duration=5863886717,event=apt_get_update[0Ktravis_time:start:0b092864[0Ktravis_time:end:0b092864:start=1589770352251871418,finish=1589770352255968181,duration=4096763,event=deprecate_xcode_64[0Ktravis_time:start:00941bb8[0Ktravis_time:end:00941bb8:start=1589770352261498834,finish=1589770352267203135,duration=5704301,event=update_heroku[0Ktravis_time:start:03e06ead[0Ktravis_time:end:03e06ead:start=1589770352272349367,finish=1589770352276182119,duration=3832752,event=shell_session_update[0Ktravis_time:start:14e40cb0[0Ktravis_fold:start:docker_mtu[0Ktravis_fold:end:docker_mtu[0Ktravis_time:end:14e40cb0:start=1589770352281442178,finish=1589770352315265998,duration=33823820,event=set_docker_mtu[0Ktravis_time:start:0a62034e[0Ktravis_time:end:0a62034e:start=1589770352320463133,finish=1589770352334802680,duration=14339547,event=resolvconf[0K
travis_fold:start:install_jdk[0K[33;1mInstalling openjdk7[0m
$ jdk_switcher use "openjdk7"
Switching to OpenJDK7 (java-1.7.0-openjdk-amd64), JAVA_HOME will be set to /usr/lib/jvm/java-7-openjdk-amd64
travis_fold:end:install_jdk[0Ktravis_time:start:1e677040[0Ktravis_time:end:1e677040:start=1589770352355496271,finish=1589770352359170975,duration=3674704,event=fix_ps4[0Ktravis_time:start:1e35b5ca[0K
$ cd passed/Scout24/deadcode4j

travis_time:end:1e35b5ca:start=1589770352363991671,finish=1589770352367768745,duration=3777074,event=checkout[0Ktravis_time:start:041a56d2[0K
[33;1mSetting environment variables from .travis.yml[0m
$ export MVN_VERSION=3.1.1

travis_time:end:041a56d2:start=1589770352372581757,finish=1589770352719961583,duration=347379826,event=env[0Ktravis_fold:start:cache.1[0KSetting up build cache
$ export CASHER_DIR=${TRAVIS_HOME}/.casher
travis_time:start:0a8b571a[0K$ Installing caching utilities
travis_time:end:0a8b571a:start=1589770361252199537,finish=1589770364342324000,duration=3090124463,event=setup_casher[0Ktravis_time:start:16632c42[0K$ Installing caching utilities from the Travis CI server (https:///files/casher) failed, failing over to using GitHub (https://raw.githubusercontent.com/travis-ci/casher/bash/bin/casher)
travis_time:end:16632c42:start=1589770364348799573,finish=1589770364409343180,duration=60543607,event=setup_casher[0Ktravis_time:start:1198f158[0Ktravis_time:end:1198f158:start=1589770364431415418,finish=1589770364439317883,duration=7902465,event=setup_casher[0Ktravis_time:start:1fa2aec8[0Kattempting to download cache archive[0m
[31;1mcould not download cache[0m
travis_time:end:1fa2aec8:start=1589770364449086420,finish=1589770365957870644,duration=1508784224,event=setup_casher[0Ktravis_time:start:0d4b2858[0Ktravis_time:end:0d4b2858:start=1589770365965277212,finish=1589770365971315515,duration=6038303,event=setup_casher[0Ktravis_time:start:0b4d2739[0Kadding /home/travis/.m2/repository to cache[0m
travis_time:end:0b4d2739:start=1589770365976909458,finish=1589770367546888928,duration=1569979470,event=setup_casher[0Ktravis_fold:end:cache.1[0K
$ java -Xmx32m -version
$ javac -J-Xmx32m -version
travis_fold:start:before_install.1[0Ktravis_time:start:181d3c0c[0K$ MVN_URL=https://archive.apache.org/dist/maven/maven-3/$MVN_VERSION/binaries/apache-maven-$MVN_VERSION-bin.tar.gz
travis_time:end:181d3c0c:start=1589770367815958959,finish=1589770367821872940,duration=5913981,event=before_install[0Ktravis_fold:end:before_install.1[0Ktravis_fold:start:before_install.2[0Ktravis_time:start:0511f8d0[0K$ wget -q -O /tmp/maven.tar.gz $MVN_URL
travis_time:end:0511f8d0:start=1589770367829280710,finish=1589770370040654065,duration=2211373355,event=before_install[0Ktravis_fold:end:before_install.2[0Ktravis_fold:start:before_install.3[0Ktravis_time:start:230fd68a[0K$ tar xzf /tmp/maven.tar.gz
travis_time:end:230fd68a:start=1589770370048771053,finish=1589770370127335472,duration=78564419,event=before_install[0Ktravis_fold:end:before_install.3[0Ktravis_fold:start:before_install.4[0Ktravis_time:start:00417cfa[0K$ export M2_HOME=`pwd`/apache-maven-$MVN_VERSION
travis_time:end:00417cfa:start=1589770370132974483,finish=1589770370138247794,duration=5273311,event=before_install[0Ktravis_fold:end:before_install.4[0Ktravis_fold:start:before_install.5[0Ktravis_time:start:2825d936[0K$ export PATH=$M2_HOME/bin:$PATH
travis_time:end:2825d936:start=1589770370143871318,finish=1589770370148188554,duration=4317236,event=before_install[0Ktravis_fold:end:before_install.5[0Ktravis_fold:start:before_install.6[0Ktravis_time:start:0368c6d7[0K$ export MAVEN_SKIP_RC=true
travis_time:end:0368c6d7:start=1589770370154941662,finish=1589770370159855959,duration=4914297,event=before_install[0Ktravis_fold:end:before_install.6[0Ktravis_fold:start:install.1[0Ktravis_time:start:01fe881c[0K$ mvn -Dhttps.protocols=TLSv1.2 -Dhttps.protocols=TLSv1.2 -Dhttps.protocols=TLSv1.2 -B -U clean verify org.apache.maven.plugins:maven-war-plugin:2.4:help -Dinvoker.skip=true -Dmaven.main.skip=true -Dmaven.plugin.skip=true -Dmaven.test.skip=true -PenableCoverage,travis
[INFO] Scanning for projects...
[WARNING] 
[WARNING] Some problems were encountered while building the effective model for de.is24.mavenplugins:deadcode4j-maven-plugin:maven-plugin:2.2.0-SNAPSHOT
[WARNING] 'dependencies.dependency.exclusions.exclusion.groupId' for org.hibernate:hibernate-annotations:jar with value '*' does not match a valid id pattern. @ line 1070, column 15
[WARNING] 'dependencies.dependency.exclusions.exclusion.artifactId' for org.hibernate:hibernate-annotations:jar with value '*' does not match a valid id pattern. @ line 1073, column 18
[WARNING] 'dependencies.dependency.exclusions.exclusion.groupId' for org.springframework.data:spring-data-commons:jar with value '*' does not match a valid id pattern. @ line 1094, column 15
[WARNING] 'dependencies.dependency.exclusions.exclusion.artifactId' for org.springframework.data:spring-data-commons:jar with value '*' does not match a valid id pattern. @ line 1097, column 18
[WARNING] 
[WARNING] It is highly recommended to fix these problems because they threaten the stability of your build.
[WARNING] 
[WARNING] For this reason, future Maven versions might no longer support building such malformed projects.
[WARNING] 
[INFO] Downloading: http://repo.maven.apache.org/maven2/org/apache/maven/plugins/maven-war-plugin/2.4/maven-war-plugin-2.4.pom
[INFO] ------------------------------------------------------------------------
[INFO] BUILD FAILURE
[INFO] ------------------------------------------------------------------------
[INFO] Total time: 0.648s
[INFO] Finished at: Mon May 18 02:52:52 UTC 2020
[INFO] Final Memory: 23M/1963M
[INFO] ------------------------------------------------------------------------
[ERROR] Plugin org.apache.maven.plugins:maven-war-plugin:2.4 or one of its dependencies could not be resolved: Failed to read artifact descriptor for org.apache.maven.plugins:maven-war-plugin:jar:2.4: Could not transfer artifact org.apache.maven.plugins:maven-war-plugin:pom:2.4 from/to central (http://repo.maven.apache.org/maven2): Failed to transfer file: http://repo.maven.apache.org/maven2/org/apache/maven/plugins/maven-war-plugin/2.4/maven-war-plugin-2.4.pom. Return code is: 501 , ReasonPhrase:HTTPS Required. -> [Help 1]
[ERROR] 
[ERROR] To see the full stack trace of the errors, re-run Maven with the -e switch.
[ERROR] Re-run Maven using the -X switch to enable full debug logging.
[ERROR] 
[ERROR] For more information about the errors and possible solutions, please read the following articles:
[ERROR] [Help 1] http://cwiki.apache.org/confluence/display/MAVEN/PluginResolutionException
travis_time:end:01fe881c:start=1589770370166891516,finish=1589770372373312829,duration=2206421313,event=install[0K[31;1mThe command "mvn -Dhttps.protocols=TLSv1.2 -Dhttps.protocols=TLSv1.2 -Dhttps.protocols=TLSv1.2 -B -U clean verify org.apache.maven.plugins:maven-war-plugin:2.4:help -Dinvoker.skip=true -Dmaven.main.skip=true -Dmaven.plugin.skip=true -Dmaven.test.skip=true -PenableCoverage,travis" failed and exited with 1 during .[0m

Your build has been stopped.
