travis_time:start:345ded02[0Ktravis_time:end:345ded02:start=1589777420407663678,finish=1589777420552740744,duration=145077066,event=no_world_writable_dirs[0Ktravis_time:start:01bde095[0Ktravis_time:end:01bde095:start=1589777420558942537,finish=1589777420563215546,duration=4273009,event=check_unsupported[0Ktravis_time:start:1025855d[0Ktravis_fold:start:system_info[0K[33;1mBuild system information[0m
Build language: java
Build group: stable
Build dist: precise
Build id: ''
Job id: ''
Runtime kernel version: 4.15.0-91-generic
[34m[1mBuild image provisioning date and time[0m
Thu Feb  5 15:09:33 UTC 2015
[34m[1mOperating System Details[0m
Distributor ID:	Ubuntu
Description:	Ubuntu 12.04.5 LTS
Release:	12.04
Codename:	precise
[34m[1mLinux Version[0m
3.13.0-29-generic
[34m[1mCookbooks Version[0m
a68419e https://github.com/travis-ci/travis-cookbooks/tree/a68419e
[34m[1mGCC version[0m
gcc (Ubuntu/Linaro 4.6.3-1ubuntu5) 4.6.3
Copyright (C) 2011 Free Software Foundation, Inc.
This is free software; see the source for copying conditions.  There is NO
warranty; not even for MERCHANTABILITY or FITNESS FOR A PARTICULAR PURPOSE.

[34m[1mLLVM version[0m
clang version 3.4 (tags/RELEASE_34/final)
Target: x86_64-unknown-linux-gnu
Thread model: posix
[34m[1mPre-installed Ruby versions[0m
ruby-1.9.3-p551
[34m[1mPre-installed Node.js versions[0m
v0.10.36
[34m[1mPre-installed Go versions[0m
1.4.1
[34m[1mRedis version[0m
redis-server 2.8.19
[34m[1mriak version[0m
2.0.2
[34m[1mMongoDB version[0m
MongoDB 2.4.12
[34m[1mCouchDB version[0m
couchdb 1.6.1
[34m[1mNeo4j version[0m
1.9.4
[34m[1mRabbitMQ Version[0m
3.4.3
[34m[1mElasticSearch version[0m
1.4.0
[34m[1mInstalled Sphinx versions[0m
2.0.10
2.1.9
2.2.6
[34m[1mDefault Sphinx version[0m
2.2.6
[34m[1mInstalled Firefox version[0m
firefox 31.0esr
[34m[1mPhantomJS version[0m
1.9.8
[34m[1mant -version[0m
Apache Ant(TM) version 1.8.2 compiled on December 3 2011
[34m[1mmvn -version[0m
Apache Maven 3.2.5 (12a6b3acb947671f09b81f49094c53f426d8cea1; 2014-12-14T17:29:23+00:00)
Maven home: /usr/local/maven
Java version: 1.7.0_76, vendor: Oracle Corporation
Java home: /usr/lib/jvm/java-7-oracle/jre
Default locale: en_US, platform encoding: ANSI_X3.4-1968
OS name: "linux", version: "3.13.0-29-generic", arch: "amd64", family: "unix"
travis_fold:end:system_info[0K
travis_time:end:1025855d:start=1589777420568570835,finish=1589777420577267590,duration=8696755,event=show_system_info[0Ktravis_time:start:08c0e0c8[0Ktravis_time:end:08c0e0c8:start=1589777420583040740,finish=1589777420599632320,duration=16591580,event=rm_riak_source[0Ktravis_time:start:00138384[0Ktravis_time:end:00138384:start=1589777420604543403,finish=1589777420613728857,duration=9185454,event=fix_rwky_redis[0Ktravis_time:start:04c23b6d[0K[31;1mTimeout waiting for network availability.[0m
travis_time:end:04c23b6d:start=1589777420619579023,finish=1589777441307507217,duration=20687928194,event=wait_for_network[0Ktravis_time:start:0c32f998[0Ktravis_time:end:0c32f998:start=1589777441313032381,finish=1589777442467230972,duration=1154198591,event=update_apt_keys[0Ktravis_time:start:00711c09[0Ktravis_time:end:00711c09:start=1589777442472734219,finish=1589777442535937311,duration=63203092,event=fix_hhvm_source[0Ktravis_time:start:2090b873[0Ktravis_time:end:2090b873:start=1589777442542165454,finish=1589777442547972825,duration=5807371,event=update_mongo_arch[0Ktravis_time:start:175e1416[0Ktravis_time:end:175e1416:start=1589777442554062251,finish=1589777442595133544,duration=41071293,event=fix_sudo_enabled_trusty[0Ktravis_time:start:011959c8[0Ktravis_time:end:011959c8:start=1589777442600776003,finish=1589777442614741645,duration=13965642,event=clean_up_path[0Ktravis_time:start:0eff2722[0Ktravis_time:end:0eff2722:start=1589777442620393836,finish=1589777442635295337,duration=14901501,event=fix_resolv_conf[0Ktravis_time:start:0b59b473[0Ktravis_time:end:0b59b473:start=1589777442640711992,finish=1589777442656756611,duration=16044619,event=fix_etc_hosts[0Ktravis_time:start:0f3a8ca9[0Ktravis_time:end:0f3a8ca9:start=1589777442663406249,finish=1589777442690207243,duration=26800994,event=fix_mvn_settings_xml[0Ktravis_time:start:1ce90460[0Ktravis_time:end:1ce90460:start=1589777442696411258,finish=1589777442712540859,duration=16129601,event=no_ipv6_localhost[0Ktravis_time:start:070fb0c0[0Ktravis_time:end:070fb0c0:start=1589777442718051357,finish=1589777442741833794,duration=23782437,event=fix_etc_mavenrc[0Ktravis_time:start:14d9a410[0Ktravis_time:end:14d9a410:start=1589777442747768333,finish=1589777442754042857,duration=6274524,event=fix_wwdr_certificate[0Ktravis_time:start:02bc71c0[0Ktravis_time:end:02bc71c0:start=1589777442760717857,finish=1589777442800920321,duration=40202464,event=put_localhost_first[0Ktravis_time:start:02156028[0Ktravis_time:end:02156028:start=1589777442806823880,finish=1589777442811563275,duration=4739395,event=home_paths[0Ktravis_time:start:0a2b1290[0Ktravis_time:end:0a2b1290:start=1589777442816687231,finish=1589777442843412612,duration=26725381,event=disable_initramfs[0Ktravis_time:start:1b751b90[0Ktravis_time:end:1b751b90:start=1589777442852587897,finish=1589777442871435475,duration=18847578,event=disable_ssh_roaming[0Ktravis_time:start:340d6419[0Ktravis_time:end:340d6419:start=1589777442876260014,finish=1589777442880722288,duration=4462274,event=debug_tools[0Ktravis_time:start:00d47bcc[0Ktravis_time:end:00d47bcc:start=1589777442886246464,finish=1589777442892097574,duration=5851110,event=uninstall_oclint[0Ktravis_time:start:1640fd2c[0Ktravis_time:end:1640fd2c:start=1589777442897441206,finish=1589777442902986063,duration=5544857,event=rvm_use[0Ktravis_time:start:1ed6f885[0Ktravis_time:end:1ed6f885:start=1589777442908338121,finish=1589777442920972394,duration=12634273,event=rm_etc_boto_cfg[0Ktravis_time:start:0ed32ec0[0Ktravis_time:end:0ed32ec0:start=1589777442927032730,finish=1589777442931572301,duration=4539571,event=rm_oraclejdk8_symlink[0Ktravis_time:start:0e233251[0Ktravis_time:end:0e233251:start=1589777442937507238,finish=1589777442984881955,duration=47374717,event=enable_i386[0Ktravis_time:start:015f2a3d[0Ktravis_time:end:015f2a3d:start=1589777442990669103,finish=1589777442997504485,duration=6835382,event=update_rubygems[0Ktravis_time:start:0793d778[0Ktravis_time:end:0793d778:start=1589777443004147256,finish=1589777443013173152,duration=9025896,event=ensure_path_components[0Ktravis_time:start:08ab9ece[0Ktravis_time:end:08ab9ece:start=1589777443020014373,finish=1589777443025124811,duration=5110438,event=redefine_curl[0Ktravis_time:start:2bcc9f71[0Ktravis_time:end:2bcc9f71:start=1589777443031165786,finish=1589777443035923463,duration=4757677,event=nonblock_pipe[0Ktravis_time:start:047906f4[0Ktravis_time:end:047906f4:start=1589777443042775868,finish=1589777448664966725,duration=5622190857,event=apt_get_update[0Ktravis_time:start:1578a932[0Ktravis_time:end:1578a932:start=1589777448671809628,finish=1589777448676034026,duration=4224398,event=deprecate_xcode_64[0Ktravis_time:start:08ab086c[0Ktravis_time:end:08ab086c:start=1589777448681359822,finish=1589777448687921166,duration=6561344,event=update_heroku[0Ktravis_time:start:236f1183[0Ktravis_time:end:236f1183:start=1589777448694038117,finish=1589777448698453230,duration=4415113,event=shell_session_update[0Ktravis_time:start:0286faee[0Ktravis_fold:start:docker_mtu[0Ktravis_fold:end:docker_mtu[0Ktravis_time:end:0286faee:start=1589777448704246464,finish=1589777448740718743,duration=36472279,event=set_docker_mtu[0Ktravis_time:start:0b45ffac[0Ktravis_time:end:0b45ffac:start=1589777448747417875,finish=1589777448763637533,duration=16219658,event=resolvconf[0K
travis_fold:start:install_jdk[0K[33;1mInstalling openjdk6[0m
$ jdk_switcher use "openjdk6"
Switching to OpenJDK6 (java-1.6.0-openjdk-amd64), JAVA_HOME will be set to /usr/lib/jvm/java-6-openjdk-amd64
travis_fold:end:install_jdk[0Ktravis_time:start:0645339f[0Ktravis_time:end:0645339f:start=1589777448784532719,finish=1589777448788543222,duration=4010503,event=fix_ps4[0Ktravis_time:start:0f1af9f6[0K
$ cd failed/Scout24/deadcode4j

travis_time:end:0f1af9f6:start=1589777448793235906,finish=1589777448797743806,duration=4507900,event=checkout[0Ktravis_time:start:31d1ddba[0K
[33;1mSetting environment variables from .travis.yml[0m
$ export MVN_VERSION=3.0.5

travis_time:end:31d1ddba:start=1589777448803513745,finish=1589777448814348790,duration=10835045,event=env[0Ktravis_fold:start:cache.1[0KSetting up build cache
$ export CASHER_DIR=${TRAVIS_HOME}/.casher
travis_time:start:025f0643[0K$ Installing caching utilities
travis_time:end:025f0643:start=1589777456515587423,finish=1589777459600748418,duration=3085160995,event=setup_casher[0Ktravis_time:start:000c3a32[0K$ Installing caching utilities from the Travis CI server (https:///files/casher) failed, failing over to using GitHub (https://raw.githubusercontent.com/travis-ci/casher/bash/bin/casher)
travis_time:end:000c3a32:start=1589777459607784378,finish=1589777459669169516,duration=61385138,event=setup_casher[0Ktravis_time:start:022f61ed[0Ktravis_time:end:022f61ed:start=1589777459679661151,finish=1589777459684945689,duration=5284538,event=setup_casher[0Ktravis_time:start:21517be9[0Kattempting to download cache archive[0m
[31;1mcould not download cache[0m
travis_time:end:21517be9:start=1589777459691723335,finish=1589777461081734718,duration=1390011383,event=setup_casher[0Ktravis_time:start:2078e52d[0Ktravis_time:end:2078e52d:start=1589777461088368227,finish=1589777461093425722,duration=5057495,event=setup_casher[0Ktravis_time:start:0f72c68c[0Kadding /home/travis/.m2/repository to cache[0m
travis_time:end:0f72c68c:start=1589777461099919987,finish=1589777462555245776,duration=1455325789,event=setup_casher[0Ktravis_fold:end:cache.1[0K
$ java -Xmx32m -version
$ javac -J-Xmx32m -version
travis_fold:start:before_install.1[0Ktravis_time:start:056209e6[0K$ MVN_URL=https://archive.apache.org/dist/maven/maven-3/$MVN_VERSION/binaries/apache-maven-$MVN_VERSION-bin.tar.gz
travis_time:end:056209e6:start=1589777462807764175,finish=1589777462813815937,duration=6051762,event=before_install[0Ktravis_fold:end:before_install.1[0Ktravis_fold:start:before_install.2[0Ktravis_time:start:00781296[0K$ wget -q -O /tmp/maven.tar.gz $MVN_URL
travis_time:end:00781296:start=1589777462821843263,finish=1589777464903033503,duration=2081190240,event=before_install[0Ktravis_fold:end:before_install.2[0Ktravis_fold:start:before_install.3[0Ktravis_time:start:139c1183[0K$ tar xzf /tmp/maven.tar.gz
travis_time:end:139c1183:start=1589777464909679475,finish=1589777464987621688,duration=77942213,event=before_install[0Ktravis_fold:end:before_install.3[0Ktravis_fold:start:before_install.4[0Ktravis_time:start:02a37ddc[0K$ export M2_HOME=`pwd`/apache-maven-$MVN_VERSION
travis_time:end:02a37ddc:start=1589777464993535832,finish=1589777464998811442,duration=5275610,event=before_install[0Ktravis_fold:end:before_install.4[0Ktravis_fold:start:before_install.5[0Ktravis_time:start:274c29c6[0K$ export PATH=$M2_HOME/bin:$PATH
travis_time:end:274c29c6:start=1589777465005195919,finish=1589777465010046105,duration=4850186,event=before_install[0Ktravis_fold:end:before_install.5[0Ktravis_fold:start:before_install.6[0Ktravis_time:start:001e8278[0K$ export MAVEN_SKIP_RC=true
travis_time:end:001e8278:start=1589777465016680108,finish=1589777465021188662,duration=4508554,event=before_install[0Ktravis_fold:end:before_install.6[0Ktravis_fold:start:install.1[0Ktravis_time:start:09976df7[0K$ mvn -B -U clean verify org.apache.maven.plugins:maven-war-plugin:2.4:help -Dinvoker.skip=true -Dmaven.main.skip=true -Dmaven.plugin.skip=true -Dmaven.test.skip=true -PenableCoverage,travis
[INFO] Scanning for projects...
[WARNING] 
[WARNING] Some problems were encountered while building the effective model for de.is24.mavenplugins:deadcode4j-maven-plugin:maven-plugin:2.2.0-SNAPSHOT
[WARNING] 'dependencies.dependency.exclusions.exclusion.groupId' for org.hibernate:hibernate-annotations:jar with value '*' does not match a valid id pattern. @ line 574, column 30
[WARNING] 'dependencies.dependency.exclusions.exclusion.artifactId' for org.hibernate:hibernate-annotations:jar with value '*' does not match a valid id pattern. @ line 575, column 33
[WARNING] 'dependencies.dependency.exclusions.exclusion.groupId' for org.springframework.data:spring-data-commons:jar with value '*' does not match a valid id pattern. @ line 586, column 30
[WARNING] 'dependencies.dependency.exclusions.exclusion.artifactId' for org.springframework.data:spring-data-commons:jar with value '*' does not match a valid id pattern. @ line 587, column 33
[WARNING] 
[WARNING] It is highly recommended to fix these problems because they threaten the stability of your build.
[WARNING] 
[WARNING] For this reason, future Maven versions might no longer support building such malformed projects.
[WARNING] 
Downloading: http://repo.maven.apache.org/maven2/org/apache/maven/plugins/maven-war-plugin/2.4/maven-war-plugin-2.4.pom
[INFO] ------------------------------------------------------------------------
[INFO] BUILD FAILURE
[INFO] ------------------------------------------------------------------------
[INFO] Total time: 0.706s
[INFO] Finished at: Mon May 18 04:51:06 UTC 2020
[INFO] Final Memory: 14M/1962M
[INFO] ------------------------------------------------------------------------
[ERROR] Plugin org.apache.maven.plugins:maven-war-plugin:2.4 or one of its dependencies could not be resolved: Failed to read artifact descriptor for org.apache.maven.plugins:maven-war-plugin:jar:2.4: Could not transfer artifact org.apache.maven.plugins:maven-war-plugin:pom:2.4 from/to central (http://repo.maven.apache.org/maven2): Failed to transfer file: http://repo.maven.apache.org/maven2/org/apache/maven/plugins/maven-war-plugin/2.4/maven-war-plugin-2.4.pom. Return code is: 501 , ReasonPhrase:HTTPS Required. -> [Help 1]
[ERROR] 
[ERROR] To see the full stack trace of the errors, re-run Maven with the -e switch.
[ERROR] Re-run Maven using the -X switch to enable full debug logging.
[ERROR] 
[ERROR] For more information about the errors and possible solutions, please read the following articles:
[ERROR] [Help 1] http://cwiki.apache.org/confluence/display/MAVEN/PluginResolutionException
travis_time:end:09976df7:start=1589777465027562320,finish=1589777466931761754,duration=1904199434,event=install[0K[31;1mThe command "mvn -B -U clean verify org.apache.maven.plugins:maven-war-plugin:2.4:help -Dinvoker.skip=true -Dmaven.main.skip=true -Dmaven.plugin.skip=true -Dmaven.test.skip=true -PenableCoverage,travis" failed and exited with 1 during .[0m

Your build has been stopped.
