travis_time:start:0f074898[0Ktravis_time:end:0f074898:start=1612361343357011711,finish=1612361343526434679,duration=169422968,event=no_world_writable_dirs[0Ktravis_time:start:01968519[0Ktravis_time:end:01968519:start=1612361343533895165,finish=1612361343538421852,duration=4526687,event=check_unsupported[0Ktravis_time:start:0f7a8998[0Ktravis_fold:start:system_info[0K[33;1mBuild system information[0m
Build language: java
Build group: stable
Build dist: precise
Build id: ''
Job id: ''
Runtime kernel version: 4.15.0-109-generic
[34m[1mBuild image provisioning date and time[0m
Thu Feb  5 15:09:33 UTC 2015
[34m[1mOperating System Details[0m
Distributor ID:	Ubuntu
Description:	Ubuntu 12.04.5 LTS
Release:	12.04
Codename:	precise
[34m[1mLinux Version[0m
3.13.0-29-generic
[34m[1mCookbooks Version[0m
a68419e https://github.com/travis-ci/travis-cookbooks/tree/a68419e
[34m[1mGCC version[0m
gcc (Ubuntu/Linaro 4.6.3-1ubuntu5) 4.6.3
Copyright (C) 2011 Free Software Foundation, Inc.
This is free software; see the source for copying conditions.  There is NO
warranty; not even for MERCHANTABILITY or FITNESS FOR A PARTICULAR PURPOSE.

[34m[1mLLVM version[0m
clang version 3.4 (tags/RELEASE_34/final)
Target: x86_64-unknown-linux-gnu
Thread model: posix
[34m[1mPre-installed Ruby versions[0m
ruby-1.9.3-p551
[34m[1mPre-installed Node.js versions[0m
v0.10.36
[34m[1mPre-installed Go versions[0m
1.4.1
[34m[1mRedis version[0m
redis-server 2.8.19
[34m[1mriak version[0m
2.0.2
[34m[1mMongoDB version[0m
MongoDB 2.4.12
[34m[1mCouchDB version[0m
couchdb 1.6.1
[34m[1mNeo4j version[0m
1.9.4
[34m[1mRabbitMQ Version[0m
3.4.3
[34m[1mElasticSearch version[0m
1.4.0
[34m[1mInstalled Sphinx versions[0m
2.0.10
2.1.9
2.2.6
[34m[1mDefault Sphinx version[0m
2.2.6
[34m[1mInstalled Firefox version[0m
firefox 31.0esr
[34m[1mPhantomJS version[0m
1.9.8
[34m[1mant -version[0m
Apache Ant(TM) version 1.8.2 compiled on December 3 2011
[34m[1mmvn -version[0m
Apache Maven 3.2.5 (12a6b3acb947671f09b81f49094c53f426d8cea1; 2014-12-14T17:29:23+00:00)
Maven home: /usr/local/maven
Java version: 1.7.0_76, vendor: Oracle Corporation
Java home: /usr/lib/jvm/java-7-oracle/jre
Default locale: en_US, platform encoding: ANSI_X3.4-1968
OS name: "linux", version: "3.13.0-29-generic", arch: "amd64", family: "unix"
travis_fold:end:system_info[0K
travis_time:end:0f7a8998:start=1612361343544647085,finish=1612361343554150066,duration=9502981,event=show_system_info[0Ktravis_time:start:19771b00[0Ktravis_time:end:19771b00:start=1612361343560467063,finish=1612361343577877245,duration=17410182,event=rm_riak_source[0Ktravis_time:start:1d93b128[0Ktravis_time:end:1d93b128:start=1612361343584503654,finish=1612361343595025214,duration=10521560,event=fix_rwky_redis[0Ktravis_time:start:0109fa64[0K[31;1mTimeout waiting for network availability.[0m
travis_time:end:0109fa64:start=1612361343600960718,finish=1612361364360394441,duration=20759433723,event=wait_for_network[0Ktravis_time:start:03687570[0Ktravis_time:end:03687570:start=1612361364368077977,finish=1612361365483984818,duration=1115906841,event=update_apt_keys[0Ktravis_time:start:11b17de9[0Ktravis_time:end:11b17de9:start=1612361365490371256,finish=1612361365554690283,duration=64319027,event=fix_hhvm_source[0Ktravis_time:start:00e75334[0Ktravis_time:end:00e75334:start=1612361365560643540,finish=1612361365566013320,duration=5369780,event=update_mongo_arch[0Ktravis_time:start:04ba7222[0Ktravis_time:end:04ba7222:start=1612361365571824349,finish=1612361365616696438,duration=44872089,event=fix_sudo_enabled_trusty[0Ktravis_time:start:14a3100e[0Ktravis_time:end:14a3100e:start=1612361365622804989,finish=1612361365639236422,duration=16431433,event=clean_up_path[0Ktravis_time:start:13085a50[0Ktravis_time:end:13085a50:start=1612361365645549094,finish=1612361365661187671,duration=15638577,event=fix_resolv_conf[0Ktravis_time:start:0042d142[0Ktravis_time:end:0042d142:start=1612361365667226456,finish=1612361365684453460,duration=17227004,event=fix_etc_hosts[0Ktravis_time:start:0bbc9a94[0Ktravis_time:end:0bbc9a94:start=1612361365690517666,finish=1612361365717416846,duration=26899180,event=fix_mvn_settings_xml[0Ktravis_time:start:0b00c301[0Ktravis_time:end:0b00c301:start=1612361365723970485,finish=1612361365741392345,duration=17421860,event=no_ipv6_localhost[0Ktravis_time:start:0b5d5233[0Ktravis_time:end:0b5d5233:start=1612361365748125353,finish=1612361365773919138,duration=25793785,event=fix_etc_mavenrc[0Ktravis_time:start:0d2121ee[0Ktravis_time:end:0d2121ee:start=1612361365780573700,finish=1612361365786388975,duration=5815275,event=fix_wwdr_certificate[0Ktravis_time:start:0d6e4a2b[0Ktravis_time:end:0d6e4a2b:start=1612361365792447518,finish=1612361365828927608,duration=36480090,event=put_localhost_first[0Ktravis_time:start:08014ffc[0Ktravis_time:end:08014ffc:start=1612361365834167893,finish=1612361365838398634,duration=4230741,event=home_paths[0Ktravis_time:start:03a935de[0Ktravis_time:end:03a935de:start=1612361365844020063,finish=1612361365875479806,duration=31459743,event=disable_initramfs[0Ktravis_time:start:283ec7f0[0Ktravis_time:end:283ec7f0:start=1612361365881970139,finish=1612361365902991166,duration=21021027,event=disable_ssh_roaming[0Ktravis_time:start:060f7e30[0Ktravis_time:end:060f7e30:start=1612361365908817264,finish=1612361365913114981,duration=4297717,event=debug_tools[0Ktravis_time:start:059066f4[0Ktravis_time:end:059066f4:start=1612361365919250394,finish=1612361365925538272,duration=6287878,event=uninstall_oclint[0Ktravis_time:start:1ae9e804[0Ktravis_time:end:1ae9e804:start=1612361365931128759,finish=1612361365936961029,duration=5832270,event=rvm_use[0Ktravis_time:start:0612c9e1[0Ktravis_time:end:0612c9e1:start=1612361365942548374,finish=1612361365956350867,duration=13802493,event=rm_etc_boto_cfg[0Ktravis_time:start:120fae42[0Ktravis_time:end:120fae42:start=1612361365961673395,finish=1612361365966122082,duration=4448687,event=rm_oraclejdk8_symlink[0Ktravis_time:start:0cd37819[0Ktravis_time:end:0cd37819:start=1612361365972565982,finish=1612361366019529131,duration=46963149,event=enable_i386[0Ktravis_time:start:0077e214[0Ktravis_time:end:0077e214:start=1612361366026105014,finish=1612361366034028860,duration=7923846,event=update_rubygems[0Ktravis_time:start:001f8291[0Ktravis_time:end:001f8291:start=1612361366040667628,finish=1612361366049863516,duration=9195888,event=ensure_path_components[0Ktravis_time:start:008ea2b5[0Ktravis_time:end:008ea2b5:start=1612361366055908729,finish=1612361366060217396,duration=4308667,event=redefine_curl[0Ktravis_time:start:0f67802c[0Ktravis_time:end:0f67802c:start=1612361366066126652,finish=1612361366070565329,duration=4438677,event=nonblock_pipe[0Ktravis_time:start:0006e0e8[0Ktravis_time:end:0006e0e8:start=1612361366076521449,finish=1612361371025176999,duration=4948655550,event=apt_get_update[0Ktravis_time:start:014ed8e2[0Ktravis_time:end:014ed8e2:start=1612361371031920569,finish=1612361371036558133,duration=4637564,event=deprecate_xcode_64[0Ktravis_time:start:08de4000[0Ktravis_time:end:08de4000:start=1612361371042335380,finish=1612361371049227005,duration=6891625,event=update_heroku[0Ktravis_time:start:127220fa[0Ktravis_time:end:127220fa:start=1612361371054901933,finish=1612361371058934032,duration=4032099,event=shell_session_update[0Ktravis_time:start:1e8476d1[0Ktravis_fold:start:docker_mtu[0Ktee: /etc/docker/daemon.json: No such file or directory
docker: unrecognized service
travis_fold:end:docker_mtu[0Ktravis_time:end:1e8476d1:start=1612361371064774181,finish=1612361371100609101,duration=35834920,event=set_docker_mtu[0Ktravis_time:start:03c71493[0Ktravis_time:end:03c71493:start=1612361371106118968,finish=1612361371121667594,duration=15548626,event=resolvconf[0K
travis_fold:start:install_jdk[0K[33;1mInstalling openjdk6[0m
$ jdk_switcher use "openjdk6"
Switching to OpenJDK6 (java-1.6.0-openjdk-amd64), JAVA_HOME will be set to /usr/lib/jvm/java-6-openjdk-amd64
travis_fold:end:install_jdk[0Ktravis_time:start:03b8c962[0Ktravis_time:end:03b8c962:start=1612361371141759698,finish=1612361371146061892,duration=4302194,event=fix_ps4[0Ktravis_time:start:1bcb2128[0K
$ cd passed/Scout24/deadcode4j

travis_time:end:1bcb2128:start=1612361371152096524,finish=1612361371156796363,duration=4699839,event=checkout[0Ktravis_time:start:11e69f4a[0K
[33;1mSetting environment variables from .travis.yml[0m
$ export MVN_VERSION=3.2.5

travis_time:end:11e69f4a:start=1612361371162931714,finish=1612361371276837260,duration=113905546,event=env[0Ktravis_fold:start:cache.1[0KSetting up build cache
$ export CASHER_DIR=${TRAVIS_HOME}/.casher
travis_time:start:1aa210ea[0K$ Installing caching utilities

[31;1mThe command "eval curl -sf  -o $CASHER_DIR/bin/casher https:///files/casher " failed. Retrying, 2 of 3.[0m


[31;1mThe command "eval curl -sf  -o $CASHER_DIR/bin/casher https:///files/casher " failed. Retrying, 3 of 3.[0m


[31;1mThe command "eval curl -sf  -o $CASHER_DIR/bin/casher https:///files/casher " failed 3 times.[0m

travis_time:end:1aa210ea:start=1612361378285649487,finish=1612361381369190545,duration=3083541058,event=setup_casher[0Ktravis_time:start:2728f141[0K$ Installing caching utilities from the Travis CI server (https:///files/casher) failed, failing over to using GitHub (https://raw.githubusercontent.com/travis-ci/casher/bash/bin/casher)
travis_time:end:2728f141:start=1612361381377009231,finish=1612361381432937729,duration=55928498,event=setup_casher[0Ktravis_time:start:2016075c[0Ktravis_time:end:2016075c:start=1612361381442345562,finish=1612361381448129048,duration=5783486,event=setup_casher[0Ktravis_time:start:13f6dc1c[0KYAML safe loading is not available. Please upgrade psych to a version that supports safe loading (>= 2.0).
attempting to download cache archive[0m
[31;1mcould not download cache[0m
travis_time:end:13f6dc1c:start=1612361381454628839,finish=1612361382866635107,duration=1412006268,event=setup_casher[0Ktravis_time:start:07864eb5[0Ktravis_time:end:07864eb5:start=1612361382873708862,finish=1612361382879436974,duration=5728112,event=setup_casher[0Ktravis_time:start:10495fc8[0KYAML safe loading is not available. Please upgrade psych to a version that supports safe loading (>= 2.0).
adding /home/travis/.m2/repository to cache[0m
travis_time:end:10495fc8:start=1612361382886440645,finish=1612361384396622242,duration=1510181597,event=setup_casher[0Ktravis_fold:end:cache.1[0K
$ java -Xmx32m -version
java version "1.6.0_34"
OpenJDK Runtime Environment (IcedTea6 1.13.6) (6b34-1.13.6-1ubuntu0.12.04.1)
OpenJDK 64-Bit Server VM (build 23.25-b01, mixed mode)
$ javac -J-Xmx32m -version
javac 1.6.0_34
travis_fold:start:before_install.1[0Ktravis_time:start:0286d988[0K$ MVN_URL=https://archive.apache.org/dist/maven/maven-3/$MVN_VERSION/binaries/apache-maven-$MVN_VERSION-bin.tar.gz
travis_time:end:0286d988:start=1612361384658061366,finish=1612361384663742616,duration=5681250,event=before_install[0Ktravis_fold:end:before_install.1[0Ktravis_fold:start:before_install.2[0Ktravis_time:start:0325bc66[0K$ wget -q -O /tmp/maven.tar.gz $MVN_URL
travis_time:end:0325bc66:start=1612361384671608597,finish=1612361390343320021,duration=5671711424,event=before_install[0Ktravis_fold:end:before_install.2[0Ktravis_fold:start:before_install.3[0Ktravis_time:start:194cdd35[0K$ tar xzf /tmp/maven.tar.gz
travis_time:end:194cdd35:start=1612361390353351833,finish=1612361390470353036,duration=117001203,event=before_install[0Ktravis_fold:end:before_install.3[0Ktravis_fold:start:before_install.4[0Ktravis_time:start:1482b360[0K$ export M2_HOME=`pwd`/apache-maven-$MVN_VERSION
travis_time:end:1482b360:start=1612361390478776913,finish=1612361390485961423,duration=7184510,event=before_install[0Ktravis_fold:end:before_install.4[0Ktravis_fold:start:before_install.5[0Ktravis_time:start:109c2bdf[0K$ export PATH=$M2_HOME/bin:$PATH
travis_time:end:109c2bdf:start=1612361390494341446,finish=1612361390500655167,duration=6313721,event=before_install[0Ktravis_fold:end:before_install.5[0Ktravis_fold:start:before_install.6[0Ktravis_time:start:378a3298[0K$ export MAVEN_SKIP_RC=true
travis_time:end:378a3298:start=1612361390509399404,finish=1612361390515705977,duration=6306573,event=before_install[0Ktravis_fold:end:before_install.6[0Ktravis_fold:start:install.1[0Ktravis_time:start:09ba7440[0K$ mvn -B -U clean verify org.apache.maven.plugins:maven-war-plugin:2.4:help -Dinvoker.skip=true -Dmaven.main.skip=true -Dmaven.plugin.skip=true -Dmaven.test.skip=true -PenableCoverage,travis
[INFO] Scanning for projects...
[INFO] Downloading: https://repo.maven.apache.org/maven2/org/apache/maven/plugins/maven-war-plugin/2.4/maven-war-plugin-2.4.pom
[INFO] ------------------------------------------------------------------------
[INFO] BUILD FAILURE
[INFO] ------------------------------------------------------------------------
[INFO] Total time: 0.500 s
[INFO] Finished at: 2021-02-03T14:09:52+00:00
[INFO] Final Memory: 15M/1962M
[INFO] ------------------------------------------------------------------------
[ERROR] Plugin org.apache.maven.plugins:maven-war-plugin:2.4 or one of its dependencies could not be resolved: Failed to read artifact descriptor for org.apache.maven.plugins:maven-war-plugin:jar:2.4: Could not transfer artifact org.apache.maven.plugins:maven-war-plugin:pom:2.4 from/to central (https://repo.maven.apache.org/maven2): Received fatal alert: protocol_version -> [Help 1]
[ERROR] 
[ERROR] To see the full stack trace of the errors, re-run Maven with the -e switch.
[ERROR] Re-run Maven using the -X switch to enable full debug logging.
[ERROR] 
[ERROR] For more information about the errors and possible solutions, please read the following articles:
[ERROR] [Help 1] http://cwiki.apache.org/confluence/display/MAVEN/PluginResolutionException
travis_time:end:09ba7440:start=1612361390523982041,finish=1612361392419107084,duration=1895125043,event=install[0K[31;1mThe command "mvn -B -U clean verify org.apache.maven.plugins:maven-war-plugin:2.4:help -Dinvoker.skip=true -Dmaven.main.skip=true -Dmaven.plugin.skip=true -Dmaven.test.skip=true -PenableCoverage,travis" failed and exited with 1 during .[0m

Your build has been stopped.
