travis_fold:start:system_info[0K[33;1mBuild system information[0m
Build language: java
Build id: ''
Job id: ''
[34m[1mBuild image provisioning date and time[0m
Thu Feb  5 15:09:33 UTC 2015
[34m[1mOperating System Details[0m
Distributor ID:	Ubuntu
Description:	Ubuntu 12.04.5 LTS
Release:	12.04
Codename:	precise
[34m[1mLinux Version[0m
3.13.0-29-generic
[34m[1mCookbooks Version[0m
a68419e https://github.com/travis-ci/travis-cookbooks/tree/a68419e
[34m[1mGCC version[0m
gcc (Ubuntu/Linaro 4.6.3-1ubuntu5) 4.6.3
Copyright (C) 2011 Free Software Foundation, Inc.
This is free software; see the source for copying conditions.  There is NO
warranty; not even for MERCHANTABILITY or FITNESS FOR A PARTICULAR PURPOSE.

[34m[1mLLVM version[0m
clang version 3.4 (tags/RELEASE_34/final)
Target: x86_64-unknown-linux-gnu
Thread model: posix
[34m[1mPre-installed Ruby versions[0m
ruby-1.9.3-p551
[34m[1mPre-installed Node.js versions[0m
v0.10.36
[34m[1mPre-installed Go versions[0m
1.4.1
[34m[1mRedis version[0m
redis-server 2.8.19
[34m[1mriak version[0m
2.0.2
[34m[1mMongoDB version[0m
MongoDB 2.4.12
[34m[1mCouchDB version[0m
couchdb 1.6.1
[34m[1mNeo4j version[0m
1.9.4
[34m[1mRabbitMQ Version[0m
3.4.3
[34m[1mElasticSearch version[0m
1.4.0
[34m[1mInstalled Sphinx versions[0m
2.0.10
2.1.9
2.2.6
[34m[1mDefault Sphinx version[0m
2.2.6
[34m[1mInstalled Firefox version[0m
firefox 31.0esr
[34m[1mPhantomJS version[0m
1.9.8
[34m[1mant -version[0m
Apache Ant(TM) version 1.8.2 compiled on December 3 2011
[34m[1mmvn -version[0m
Apache Maven 3.2.5 (12a6b3acb947671f09b81f49094c53f426d8cea1; 2014-12-14T17:29:23+00:00)
Maven home: /usr/local/maven
Java version: 1.7.0_76, vendor: Oracle Corporation
Java home: /usr/lib/jvm/java-7-oracle/jre
Default locale: en_US, platform encoding: ANSI_X3.4-1968
OS name: "linux", version: "3.13.0-29-generic", arch: "amd64", family: "unix"
travis_fold:end:system_info[0K
grep: /etc/apt/sources.list.d/*: No such file or directory
W: Failed to fetch http://security.ubuntu.com/ubuntu/dists/precise-security/main/source/Sources  404  Not Found [IP: 91.189.91.39 80]

W: Failed to fetch http://security.ubuntu.com/ubuntu/dists/precise-security/restricted/source/Sources  404  Not Found [IP: 91.189.91.39 80]

W: Failed to fetch http://security.ubuntu.com/ubuntu/dists/precise-security/universe/source/Sources  404  Not Found [IP: 91.189.91.39 80]

W: Failed to fetch http://security.ubuntu.com/ubuntu/dists/precise-security/multiverse/source/Sources  404  Not Found [IP: 91.189.91.39 80]

W: Failed to fetch http://security.ubuntu.com/ubuntu/dists/precise-security/main/binary-amd64/Packages  404  Not Found [IP: 91.189.91.39 80]

W: Failed to fetch http://security.ubuntu.com/ubuntu/dists/precise-security/restricted/binary-amd64/Packages  404  Not Found [IP: 91.189.91.39 80]

W: Failed to fetch http://security.ubuntu.com/ubuntu/dists/precise-security/universe/binary-amd64/Packages  404  Not Found [IP: 91.189.91.39 80]

W: Failed to fetch http://security.ubuntu.com/ubuntu/dists/precise-security/multiverse/binary-amd64/Packages  404  Not Found [IP: 91.189.91.39 80]

W: Failed to fetch http://security.ubuntu.com/ubuntu/dists/precise-security/main/binary-i386/Packages  404  Not Found [IP: 91.189.91.39 80]

W: Failed to fetch http://security.ubuntu.com/ubuntu/dists/precise-security/restricted/binary-i386/Packages  404  Not Found [IP: 91.189.91.39 80]

W: Failed to fetch http://security.ubuntu.com/ubuntu/dists/precise-security/universe/binary-i386/Packages  404  Not Found [IP: 91.189.91.39 80]

W: Failed to fetch http://security.ubuntu.com/ubuntu/dists/precise-security/multiverse/binary-i386/Packages  404  Not Found [IP: 91.189.91.39 80]

W: Failed to fetch http://us.archive.ubuntu.com/ubuntu/dists/precise/main/source/Sources  404  Not Found [IP: 91.189.91.39 80]

W: Failed to fetch http://us.archive.ubuntu.com/ubuntu/dists/precise/restricted/source/Sources  404  Not Found [IP: 91.189.91.39 80]

W: Failed to fetch http://us.archive.ubuntu.com/ubuntu/dists/precise/universe/source/Sources  404  Not Found [IP: 91.189.91.39 80]

W: Failed to fetch http://us.archive.ubuntu.com/ubuntu/dists/precise/multiverse/source/Sources  404  Not Found [IP: 91.189.91.39 80]

W: Failed to fetch http://us.archive.ubuntu.com/ubuntu/dists/precise/main/binary-amd64/Packages  404  Not Found [IP: 91.189.91.39 80]

W: Failed to fetch http://us.archive.ubuntu.com/ubuntu/dists/precise/restricted/binary-amd64/Packages  404  Not Found [IP: 91.189.91.39 80]

W: Failed to fetch http://us.archive.ubuntu.com/ubuntu/dists/precise/universe/binary-amd64/Packages  404  Not Found [IP: 91.189.91.39 80]

W: Failed to fetch http://us.archive.ubuntu.com/ubuntu/dists/precise/multiverse/binary-amd64/Packages  404  Not Found [IP: 91.189.91.39 80]

W: Failed to fetch http://us.archive.ubuntu.com/ubuntu/dists/precise/main/binary-i386/Packages  404  Not Found [IP: 91.189.91.39 80]

W: Failed to fetch http://us.archive.ubuntu.com/ubuntu/dists/precise/restricted/binary-i386/Packages  404  Not Found [IP: 91.189.91.39 80]

W: Failed to fetch http://us.archive.ubuntu.com/ubuntu/dists/precise/universe/binary-i386/Packages  404  Not Found [IP: 91.189.91.39 80]

W: Failed to fetch http://us.archive.ubuntu.com/ubuntu/dists/precise/multiverse/binary-i386/Packages  404  Not Found [IP: 91.189.91.39 80]

W: Failed to fetch http://us.archive.ubuntu.com/ubuntu/dists/precise-updates/main/source/Sources  404  Not Found [IP: 91.189.91.39 80]

W: Failed to fetch http://us.archive.ubuntu.com/ubuntu/dists/precise-updates/restricted/source/Sources  404  Not Found [IP: 91.189.91.39 80]

W: Failed to fetch http://us.archive.ubuntu.com/ubuntu/dists/precise-updates/universe/source/Sources  404  Not Found [IP: 91.189.91.39 80]

W: Failed to fetch http://us.archive.ubuntu.com/ubuntu/dists/precise-updates/multiverse/source/Sources  404  Not Found [IP: 91.189.91.39 80]

W: Failed to fetch http://us.archive.ubuntu.com/ubuntu/dists/precise-updates/main/binary-amd64/Packages  404  Not Found [IP: 91.189.91.39 80]

W: Failed to fetch http://us.archive.ubuntu.com/ubuntu/dists/precise-updates/restricted/binary-amd64/Packages  404  Not Found [IP: 91.189.91.39 80]

W: Failed to fetch http://us.archive.ubuntu.com/ubuntu/dists/precise-updates/universe/binary-amd64/Packages  404  Not Found [IP: 91.189.91.39 80]

W: Failed to fetch http://us.archive.ubuntu.com/ubuntu/dists/precise-updates/multiverse/binary-amd64/Packages  404  Not Found [IP: 91.189.91.39 80]

W: Failed to fetch http://us.archive.ubuntu.com/ubuntu/dists/precise-updates/main/binary-i386/Packages  404  Not Found [IP: 91.189.91.39 80]

W: Failed to fetch http://us.archive.ubuntu.com/ubuntu/dists/precise-updates/restricted/binary-i386/Packages  404  Not Found [IP: 91.189.91.39 80]

W: Failed to fetch http://us.archive.ubuntu.com/ubuntu/dists/precise-updates/universe/binary-i386/Packages  404  Not Found [IP: 91.189.91.39 80]

W: Failed to fetch http://us.archive.ubuntu.com/ubuntu/dists/precise-updates/multiverse/binary-i386/Packages  404  Not Found [IP: 91.189.91.39 80]

W: Failed to fetch http://us.archive.ubuntu.com/ubuntu/dists/precise-backports/main/source/Sources  404  Not Found [IP: 91.189.91.39 80]

W: Failed to fetch http://us.archive.ubuntu.com/ubuntu/dists/precise-backports/restricted/source/Sources  404  Not Found [IP: 91.189.91.39 80]

W: Failed to fetch http://us.archive.ubuntu.com/ubuntu/dists/precise-backports/universe/source/Sources  404  Not Found [IP: 91.189.91.39 80]

W: Failed to fetch http://us.archive.ubuntu.com/ubuntu/dists/precise-backports/multiverse/source/Sources  404  Not Found [IP: 91.189.91.39 80]

W: Failed to fetch http://us.archive.ubuntu.com/ubuntu/dists/precise-backports/main/binary-amd64/Packages  404  Not Found [IP: 91.189.91.39 80]

W: Failed to fetch http://us.archive.ubuntu.com/ubuntu/dists/precise-backports/restricted/binary-amd64/Packages  404  Not Found [IP: 91.189.91.39 80]

W: Failed to fetch http://us.archive.ubuntu.com/ubuntu/dists/precise-backports/universe/binary-amd64/Packages  404  Not Found [IP: 91.189.91.39 80]

W: Failed to fetch http://us.archive.ubuntu.com/ubuntu/dists/precise-backports/multiverse/binary-amd64/Packages  404  Not Found [IP: 91.189.91.39 80]

W: Failed to fetch http://us.archive.ubuntu.com/ubuntu/dists/precise-backports/main/binary-i386/Packages  404  Not Found [IP: 91.189.91.39 80]

W: Failed to fetch http://us.archive.ubuntu.com/ubuntu/dists/precise-backports/restricted/binary-i386/Packages  404  Not Found [IP: 91.189.91.39 80]

W: Failed to fetch http://us.archive.ubuntu.com/ubuntu/dists/precise-backports/universe/binary-i386/Packages  404  Not Found [IP: 91.189.91.39 80]

W: Failed to fetch http://us.archive.ubuntu.com/ubuntu/dists/precise-backports/multiverse/binary-i386/Packages  404  Not Found [IP: 91.189.91.39 80]

E: Some index files failed to download. They have been ignored, or old ones used instead.
sed: cannot rename /etc/hosts: Device or resource busy
sed: cannot rename /etc/hosts: Device or resource busy
$ jdk_switcher use oraclejdk8
Switching to Oracle JDK8 (java-8-oracle), JAVA_HOME will be set to /usr/lib/jvm/java-8-oracle
$ cd failed/checkstyle/checkstyle

[33;1mSetting environment variables from .travis.yml[0m
$ export DESC="tests and deploy"
$ export CMD="mvn clean integration-test failsafe:verify" -Dhttps.protocols=TLSv1.2
/usr/local/bin/run_failed.sh: line 62: export: `-Dhttps.protocols=TLSv1.2': not a valid identifier
$ export COVERAGE_CMD=""
$ export DEPLOY="true"

travis_fold:start:cache.1[0KSetting up build cache
$ export CASHER_DIR=$HOME/.casher
travis_time:start:2b0bf52e[0K$ Installing caching utilities

travis_time:end:2b0bf52e:start=1639876895914887081,finish=1639876896843686646,duration=928799565[0Ktravis_time:start:04567508[0K
travis_time:end:04567508:start=1639876896858976629,finish=1639876896868452879,duration=9476250[0Ktravis_time:start:0f760d40[0K/home/travis/.casher/bin/casher:213:in `cache_archive_name': undefined method `[]' for nil:NilClass (NoMethodError)
	from /home/travis/.casher/bin/casher:65:in `block in fetch'
	from /home/travis/.casher/bin/casher:64:in `each'
	from /home/travis/.casher/bin/casher:64:in `fetch'
	from /home/travis/.casher/bin/casher:53:in `block in run'
	from /home/travis/.rvm/rubies/ruby-1.9.3-p551/lib/ruby/1.9.1/timeout.rb:69:in `timeout'
	from /home/travis/.casher/bin/casher:53:in `run'
	from /home/travis/.casher/bin/casher:263:in `<main>'
[32;1mattempting to download cache archive[0m

travis_time:end:0f760d40:start=1639876896877723713,finish=1639876897798632022,duration=920908309[0Ktravis_time:start:12573ecd[0K
travis_time:end:12573ecd:start=1639876897809022381,finish=1639876897817461218,duration=8438837[0Ktravis_time:start:15a0ea32[0K[32;1madding /home/travis/.m2 to cache[0m

travis_time:end:15a0ea32:start=1639876897826955524,finish=1639876898668424883,duration=841469359[0Ktravis_fold:end:cache.1[0K$ java -Xmx32m -version
java version "1.8.0_31"
Java(TM) SE Runtime Environment (build 1.8.0_31-b13)
Java HotSpot(TM) 64-Bit Server VM (build 25.31-b07, mixed mode)
$ javac -J-Xmx32m -version
javac 1.8.0_31
travis_fold:start:install[0Ktravis_time:start:0ef43cb6[0K$ 

travis_time:end:0ef43cb6:start=1639876899194535315,finish=1639876899204154757,duration=9619442[0Ktravis_fold:end:install[0Ktravis_time:start:1882133c[0K$ eval $CMD
Java HotSpot(TM) 64-Bit Server VM warning: ignoring option MaxPermSize=192m; support was removed in 8.0
[INFO] Scanning for projects...
[INFO]                                                                         
[INFO] ------------------------------------------------------------------------
[INFO] Building checkstyle 6.13-SNAPSHOT
[INFO] ------------------------------------------------------------------------
Downloading: http://insecure.repo1.maven.org/maven2/junit/junit-dep/maven-metadata.xml
Downloading: https://repository.apache.org/releases/junit/junit-dep/maven-metadata.xml
Downloading: https://repository.apache.org/snapshots/junit/junit-dep/maven-metadata.xml
Downloading: https://oss.sonatype.org/content/repositories/releases/junit/junit-dep/maven-metadata.xml
563/563 B               Downloaded: http://insecure.repo1.maven.org/maven2/junit/junit-dep/maven-metadata.xml (563 B at 3.1 KB/sec)
Downloading: https://nexus.codehaus.org/snapshots/junit/junit-dep/maven-metadata.xml
            563/563 B   Downloading: https://oss.sonatype.org/content/repositories/snapshots/junit/junit-dep/maven-metadata.xml
                                    Downloaded: https://oss.sonatype.org/content/repositories/releases/junit/junit-dep/maven-metadata.xml (563 B at 0.6 KB/sec)
            [WARNING] Could not transfer metadata junit:junit-dep/maven-metadata.xml from/to codehaus-snapshots (https://nexus.codehaus.org/snapshots/): nexus.codehaus.org: unknown error
Downloading: https://repository.apache.org/snapshots/commons-io/commons-io/maven-metadata.xml
Downloading: https://oss.sonatype.org/content/repositories/releases/commons-io/commons-io/maven-metadata.xml
Downloading: http://insecure.repo1.maven.org/maven2/commons-io/commons-io/maven-metadata.xml
Downloading: https://repository.apache.org/releases/commons-io/commons-io/maven-metadata.xml
944/944 B               Downloaded: http://insecure.repo1.maven.org/maven2/commons-io/commons-io/maven-metadata.xml (944 B at 41.9 KB/sec)
944/944 B   Downloading: https://nexus.codehaus.org/snapshots/commons-io/commons-io/maven-metadata.xml
                        Downloaded: https://oss.sonatype.org/content/repositories/releases/commons-io/commons-io/maven-metadata.xml (944 B at 4.4 KB/sec)
Downloading: https://oss.sonatype.org/content/repositories/snapshots/commons-io/commons-io/maven-metadata.xml
                        396/396 B               Downloaded: https://repository.apache.org/snapshots/commons-io/commons-io/maven-metadata.xml (396 B at 0.5 KB/sec)
[WARNING] Could not transfer metadata commons-io:commons-io/maven-metadata.xml from/to codehaus-snapshots (https://nexus.codehaus.org/snapshots/): nexus.codehaus.org
Downloading: https://oss.sonatype.org/content/repositories/snapshots/commons-io/commons-io/2.7.1-SNAPSHOT/maven-metadata.xml
Downloading: https://repository.apache.org/snapshots/commons-io/commons-io/2.7.1-SNAPSHOT/maven-metadata.xml
Downloading: https://nexus.codehaus.org/snapshots/commons-io/commons-io/2.7.1-SNAPSHOT/maven-metadata.xml
            2/2 KB                        Downloaded: https://repository.apache.org/snapshots/commons-io/commons-io/2.7.1-SNAPSHOT/maven-metadata.xml (2 KB at 2.5 KB/sec)
[WARNING] Could not transfer metadata commons-io:commons-io:2.7.1-SNAPSHOT/maven-metadata.xml from/to codehaus-snapshots (https://nexus.codehaus.org/snapshots/): nexus.codehaus.org
[WARNING] Failure to transfer commons-io:commons-io:2.7.1-SNAPSHOT/maven-metadata.xml from https://nexus.codehaus.org/snapshots/ was cached in the local repository, resolution will not be reattempted until the update interval of codehaus-snapshots has elapsed or updates are forced. Original error: Could not transfer metadata commons-io:commons-io:2.7.1-SNAPSHOT/maven-metadata.xml from/to codehaus-snapshots (https://nexus.codehaus.org/snapshots/): nexus.codehaus.org
Downloading: https://repository.apache.org/snapshots/commons-io/commons-io/2.8-SNAPSHOT/maven-metadata.xml
Downloading: https://oss.sonatype.org/content/repositories/snapshots/commons-io/commons-io/2.8-SNAPSHOT/maven-metadata.xml
Downloading: https://nexus.codehaus.org/snapshots/commons-io/commons-io/2.8-SNAPSHOT/maven-metadata.xml
         2/2 KB                     Downloaded: https://repository.apache.org/snapshots/commons-io/commons-io/2.8-SNAPSHOT/maven-metadata.xml (2 KB at 3.5 KB/sec)
[WARNING] Could not transfer metadata commons-io:commons-io:2.8-SNAPSHOT/maven-metadata.xml from/to codehaus-snapshots (https://nexus.codehaus.org/snapshots/): nexus.codehaus.org
[WARNING] Failure to transfer commons-io:commons-io:2.8-SNAPSHOT/maven-metadata.xml from https://nexus.codehaus.org/snapshots/ was cached in the local repository, resolution will not be reattempted until the update interval of codehaus-snapshots has elapsed or updates are forced. Original error: Could not transfer metadata commons-io:commons-io:2.8-SNAPSHOT/maven-metadata.xml from/to codehaus-snapshots (https://nexus.codehaus.org/snapshots/): nexus.codehaus.org
Downloading: http://insecure.repo1.maven.org/maven2/commons-io/commons-io/2.9.0/commons-io-2.9.0.pom
4/20 KB   7/20 KB   11/20 KB   15/20 KB   19/20 KB   20/20 KB              Downloaded: http://insecure.repo1.maven.org/maven2/commons-io/commons-io/2.9.0/commons-io-2.9.0.pom (20 KB at 618.9 KB/sec)
Downloading: http://insecure.repo1.maven.org/maven2/org/junit/junit-bom/5.7.2/junit-bom-5.7.2.pom
4/5 KB     5/5 KB            Downloaded: http://insecure.repo1.maven.org/maven2/org/junit/junit-bom/5.7.2/junit-bom-5.7.2.pom (5 KB at 237.1 KB/sec)
Downloading: http://insecure.repo1.maven.org/maven2/commons-io/commons-io/2.10.0/commons-io-2.10.0.pom
4/21 KB   6/21 KB   10/21 KB   14/21 KB   18/21 KB   21/21 KB              Downloaded: http://insecure.repo1.maven.org/maven2/commons-io/commons-io/2.10.0/commons-io-2.10.0.pom (21 KB at 742.3 KB/sec)
Downloading: http://insecure.repo1.maven.org/maven2/commons-io/commons-io/2.11.0/commons-io-2.11.0.pom
4/20 KB    7/20 KB   11/20 KB   15/20 KB   19/20 KB   20/20 KB              Downloaded: http://insecure.repo1.maven.org/maven2/commons-io/commons-io/2.11.0/commons-io-2.11.0.pom (20 KB at 741.0 KB/sec)
Downloading: https://repository.apache.org/snapshots/commons-io/commons-io/2.12.0-SNAPSHOT/maven-metadata.xml
Downloading: https://oss.sonatype.org/content/repositories/snapshots/commons-io/commons-io/2.12.0-SNAPSHOT/maven-metadata.xml
Downloading: https://nexus.codehaus.org/snapshots/commons-io/commons-io/2.12.0-SNAPSHOT/maven-metadata.xml
Downloading: https://oss.sonatype.org/content/repositories/snapshots/commons-io/commons-io/2.12.0-SNAPSHOT/maven-metadata.xml
                                 2/2 KB              Downloaded: https://repository.apache.org/snapshots/commons-io/commons-io/2.12.0-SNAPSHOT/maven-metadata.xml (2 KB at 3.1 KB/sec)
[WARNING] Could not transfer metadata commons-io:commons-io:2.12.0-SNAPSHOT/maven-metadata.xml from/to codehaus-snapshots (https://nexus.codehaus.org/snapshots/): nexus.codehaus.org
[WARNING] Failure to transfer commons-io:commons-io:2.12.0-SNAPSHOT/maven-metadata.xml from https://nexus.codehaus.org/snapshots/ was cached in the local repository, resolution will not be reattempted until the update interval of codehaus-snapshots has elapsed or updates are forced. Original error: Could not transfer metadata commons-io:commons-io:2.12.0-SNAPSHOT/maven-metadata.xml from/to codehaus-snapshots (https://nexus.codehaus.org/snapshots/): nexus.codehaus.org
Downloading: https://oss.sonatype.org/content/repositories/snapshots/commons-io/commons-io/2.12.0-SNAPSHOT/commons-io-2.12.0-20210926.141634-4.pom
         Downloading: https://repository.apache.org/snapshots/commons-io/commons-io/2.12.0-SNAPSHOT/commons-io-2.12.0-20210926.141634-4.pom
4/23 KB   8/23 KB   8/23 KB   12/23 KB   16/23 KB   16/23 KB   20/23 KB   23/23 KB              Downloaded: https://repository.apache.org/snapshots/commons-io/commons-io/2.12.0-SNAPSHOT/commons-io-2.12.0-20210926.141634-4.pom (23 KB at 42.6 KB/sec)
Downloading: http://insecure.repo1.maven.org/maven2/org/junit/junit-bom/5.8.1/junit-bom-5.8.1.pom
1/6 KB     5/6 KB   6/6 KB            Downloaded: http://insecure.repo1.maven.org/maven2/org/junit/junit-bom/5.8.1/junit-bom-5.8.1.pom (6 KB at 229.1 KB/sec)
Downloading: https://repository.apache.org/snapshots/commons-io/commons-io/2.12.0-SNAPSHOT/commons-io-2.12.0-20210926.141634-4.jar
4/345 KB   8/345 KB   8/345 KB   12/345 KB   16/345 KB   16/345 KB   20/345 KB   24/345 KB   24/345 KB   28/345 KB   31/345 KB   32/345 KB   36/345 KB   40/345 KB   40/345 KB   44/345 KB   48/345 KB   48/345 KB   52/345 KB   56/345 KB   56/345 KB   60/345 KB   64/345 KB   64/345 KB   68/345 KB   72/345 KB   72/345 KB   76/345 KB   80/345 KB   80/345 KB   84/345 KB   88/345 KB   88/345 KB   92/345 KB   96/345 KB   96/345 KB   100/345 KB   104/345 KB   104/345 KB   108/345 KB   112/345 KB   112/345 KB   116/345 KB   120/345 KB   120/345 KB   124/345 KB   128/345 KB   128/345 KB   132/345 KB   136/345 KB   136/345 KB   140/345 KB   144/345 KB   144/345 KB   148/345 KB   152/345 KB   152/345 KB   156/345 KB   160/345 KB   160/345 KB   164/345 KB   168/345 KB   168/345 KB   172/345 KB   175/345 KB   176/345 KB   180/345 KB   183/345 KB   184/345 KB   188/345 KB   191/345 KB   192/345 KB   196/345 KB   199/345 KB   200/345 KB   204/345 KB   207/345 KB   208/345 KB   212/345 KB   214/345 KB   216/345 KB   220/345 KB   222/345 KB   224/345 KB   228/345 KB   230/345 KB   232/345 KB   236/345 KB   238/345 KB   240/345 KB   244/345 KB   246/345 KB   248/345 KB   252/345 KB   253/345 KB   256/345 KB   260/345 KB   261/345 KB   264/345 KB   268/345 KB   269/345 KB   272/345 KB   276/345 KB   277/345 KB   280/345 KB   284/345 KB   285/345 KB   288/345 KB   292/345 KB   293/345 KB   296/345 KB   300/345 KB   304/345 KB   304/345 KB   308/345 KB   312/345 KB   312/345 KB   316/345 KB   320/345 KB   320/345 KB   324/345 KB   328/345 KB   328/345 KB   332/345 KB   336/345 KB   336/345 KB   339/345 KB   343/345 KB   344/345 KB   345/345 KB                Downloaded: https://repository.apache.org/snapshots/commons-io/commons-io/2.12.0-SNAPSHOT/commons-io-2.12.0-20210926.141634-4.jar (345 KB at 328.5 KB/sec)
[INFO] 
[INFO] --- maven-clean-plugin:3.0.0:clean (default-clean) @ checkstyle ---
[INFO] 
[INFO] --- maven-enforcer-plugin:1.4.1:enforce (enforce-maven) @ checkstyle ---
[INFO] 
[INFO] --- maven-enforcer-plugin:1.4.1:enforce (enforce-versions) @ checkstyle ---
[INFO] 
[INFO] --- antlr-maven-plugin:2.2:generate (default) @ checkstyle ---
[INFO] performing grammar generation [java.g]
ANTLR Parser Generator   Version 2.7.7 (20060906)   1989-2005
/home/travis/build/failed/checkstyle/checkstyle/src/main/resources/com/puppycrawl/tools/checkstyle/grammars/java.g:623:9: warning:nondeterminism between alts 1 and 2 of block upon
/home/travis/build/failed/checkstyle/checkstyle/src/main/resources/com/puppycrawl/tools/checkstyle/grammars/java.g:623:9:     k==1:AT
/home/travis/build/failed/checkstyle/checkstyle/src/main/resources/com/puppycrawl/tools/checkstyle/grammars/java.g:623:9:     k==2:IDENT
/home/travis/build/failed/checkstyle/checkstyle/src/main/resources/com/puppycrawl/tools/checkstyle/grammars/java.g:770:16: warning:nondeterminism between alts 1 and 2 of block upon
/home/travis/build/failed/checkstyle/checkstyle/src/main/resources/com/puppycrawl/tools/checkstyle/grammars/java.g:770:16:     k==1:AT
/home/travis/build/failed/checkstyle/checkstyle/src/main/resources/com/puppycrawl/tools/checkstyle/grammars/java.g:770:16:     k==2:IDENT
/home/travis/build/failed/checkstyle/checkstyle/src/main/resources/com/puppycrawl/tools/checkstyle/grammars/java.g:806:61: warning:nondeterminism between alts 1 and 2 of block upon
/home/travis/build/failed/checkstyle/checkstyle/src/main/resources/com/puppycrawl/tools/checkstyle/grammars/java.g:806:61:     k==1:SEMI
/home/travis/build/failed/checkstyle/checkstyle/src/main/resources/com/puppycrawl/tools/checkstyle/grammars/java.g:806:61:     k==2:"final","abstract","strictfp",SEMI,"void","boolean","byte","char","short","int","float","long","double",IDENT,"private","public","protected","static","transient","native","synchronized","volatile","class","interface",LCURLY,RCURLY,"default",LT,ENUM,AT
/home/travis/build/failed/checkstyle/checkstyle/src/main/resources/com/puppycrawl/tools/checkstyle/grammars/java.g:695:9: warning:nondeterminism between alts 1 and 2 of block upon
/home/travis/build/failed/checkstyle/checkstyle/src/main/resources/com/puppycrawl/tools/checkstyle/grammars/java.g:695:9:     k==1:AT
/home/travis/build/failed/checkstyle/checkstyle/src/main/resources/com/puppycrawl/tools/checkstyle/grammars/java.g:695:9:     k==2:IDENT
/home/travis/build/failed/checkstyle/checkstyle/src/main/resources/com/puppycrawl/tools/checkstyle/grammars/java.g:947: warning:Syntactic predicate superfluous for single alternative
/home/travis/build/failed/checkstyle/checkstyle/src/main/resources/com/puppycrawl/tools/checkstyle/grammars/java.g:972:31: warning:nondeterminism between alts 1 and 2 of block upon
/home/travis/build/failed/checkstyle/checkstyle/src/main/resources/com/puppycrawl/tools/checkstyle/grammars/java.g:972:31:     k==1:IDENT
/home/travis/build/failed/checkstyle/checkstyle/src/main/resources/com/puppycrawl/tools/checkstyle/grammars/java.g:972:31:     k==2:LBRACK
/home/travis/build/failed/checkstyle/checkstyle/src/main/resources/com/puppycrawl/tools/checkstyle/grammars/java.g:1027:43: warning:nondeterminism between alts 1 and 2 of block upon
/home/travis/build/failed/checkstyle/checkstyle/src/main/resources/com/puppycrawl/tools/checkstyle/grammars/java.g:1027:43:     k==1:SEMI
/home/travis/build/failed/checkstyle/checkstyle/src/main/resources/com/puppycrawl/tools/checkstyle/grammars/java.g:1027:43:     k==2:"final","abstract","strictfp",SEMI,"void","boolean","byte","char","short","int","float","long","double",IDENT,"private","public","protected","static","transient","native","synchronized","volatile","class",LCURLY,RCURLY,LPAREN,RPAREN,"this","super",COLON,"if","while","do","break","continue","return","switch","throw","for","else","case","default","try",PLUS,MINUS,INC,DEC,BNOT,LNOT,"true","false","null","new",NUM_INT,CHAR_LITERAL,STRING_LITERAL,NUM_FLOAT,NUM_LONG,NUM_DOUBLE,ASSERT,AT
/home/travis/build/failed/checkstyle/checkstyle/src/main/resources/com/puppycrawl/tools/checkstyle/grammars/java.g:1127:9: warning:nondeterminism between alts 1 and 2 of block upon
/home/travis/build/failed/checkstyle/checkstyle/src/main/resources/com/puppycrawl/tools/checkstyle/grammars/java.g:1127:9:     k==1:"default"
/home/travis/build/failed/checkstyle/checkstyle/src/main/resources/com/puppycrawl/tools/checkstyle/grammars/java.g:1127:9:     k==2:"final","abstract","strictfp",SEMI,"void","boolean","byte","char","short","int","float","long","double",IDENT,"private","public","protected","static","transient","native","synchronized","volatile","class",LCURLY,RCURLY,LPAREN,RPAREN,"this","super",COLON,"if","while","do","break","continue","return","switch","throw","for","case","default","try",PLUS,MINUS,INC,DEC,BNOT,LNOT,"true","false","null","new",NUM_INT,CHAR_LITERAL,STRING_LITERAL,NUM_FLOAT,NUM_LONG,NUM_DOUBLE,ASSERT,AT
/home/travis/build/failed/checkstyle/checkstyle/src/main/resources/com/puppycrawl/tools/checkstyle/grammars/java.g:1411:13: warning:nondeterminism between alts 1 and 4 of block upon
/home/travis/build/failed/checkstyle/checkstyle/src/main/resources/com/puppycrawl/tools/checkstyle/grammars/java.g:1411:13:     k==1:IDENT,"this","super",LT
/home/travis/build/failed/checkstyle/checkstyle/src/main/resources/com/puppycrawl/tools/checkstyle/grammars/java.g:1411:13:     k==2:"final","abstract","strictfp",SEMI,LBRACK,RBRACK,"void","boolean","byte","char","short","int","float","long","double",IDENT,DOT,STAR,"private","public","protected","static","transient","native","synchronized","volatile","class","interface",LCURLY,RCURLY,COMMA,LPAREN,RPAREN,"this","super",ASSIGN,COLON,"if","while","do","break","continue","return","switch","throw","for","else","case","default","try",PLUS_ASSIGN,MINUS_ASSIGN,STAR_ASSIGN,DIV_ASSIGN,MOD_ASSIGN,SR_ASSIGN,BSR_ASSIGN,SL_ASSIGN,BAND_ASSIGN,BXOR_ASSIGN,BOR_ASSIGN,QUESTION,LOR,LAND,BOR,BXOR,BAND,NOT_EQUAL,EQUAL,LT,GT,LE,GE,"instanceof",SL,SR,BSR,PLUS,MINUS,DIV,MOD,INC,DEC,BNOT,LNOT,"true","false","null","new",NUM_INT,CHAR_LITERAL,STRING_LITERAL,NUM_FLOAT,NUM_LONG,NUM_DOUBLE,ASSERT,ENUM,AT,DOUBLE_COLON
/home/travis/build/failed/checkstyle/checkstyle/src/main/resources/com/puppycrawl/tools/checkstyle/grammars/java.g:1411:13: warning:nondeterminism between alts 2 and 4 of block upon
/home/travis/build/failed/checkstyle/checkstyle/src/main/resources/com/puppycrawl/tools/checkstyle/grammars/java.g:1411:13:     k==1:"class"
/home/travis/build/failed/checkstyle/checkstyle/src/main/resources/com/puppycrawl/tools/checkstyle/grammars/java.g:1411:13:     k==2:"final","abstract","strictfp",SEMI,LBRACK,RBRACK,"void","boolean","byte","char","short","int","float","long","double",IDENT,DOT,STAR,"private","public","protected","static","transient","native","synchronized","volatile","class","interface",LCURLY,RCURLY,COMMA,LPAREN,RPAREN,"this","super",ASSIGN,COLON,"if","while","do","break","continue","return","switch","throw","for","else","case","default","try",PLUS_ASSIGN,MINUS_ASSIGN,STAR_ASSIGN,DIV_ASSIGN,MOD_ASSIGN,SR_ASSIGN,BSR_ASSIGN,SL_ASSIGN,BAND_ASSIGN,BXOR_ASSIGN,BOR_ASSIGN,QUESTION,LOR,LAND,BOR,BXOR,BAND,NOT_EQUAL,EQUAL,LT,GT,LE,GE,"instanceof",SL,SR,BSR,PLUS,MINUS,DIV,MOD,INC,DEC,BNOT,LNOT,"true","false","null","new",NUM_INT,CHAR_LITERAL,STRING_LITERAL,NUM_FLOAT,NUM_LONG,NUM_DOUBLE,ASSERT,ENUM,AT,DOUBLE_COLON
/home/travis/build/failed/checkstyle/checkstyle/src/main/resources/com/puppycrawl/tools/checkstyle/grammars/java.g:1411:13: warning:nondeterminism between alts 3 and 4 of block upon
/home/travis/build/failed/checkstyle/checkstyle/src/main/resources/com/puppycrawl/tools/checkstyle/grammars/java.g:1411:13:     k==1:"new"
/home/travis/build/failed/checkstyle/checkstyle/src/main/resources/com/puppycrawl/tools/checkstyle/grammars/java.g:1411:13:     k==2:"void","boolean","byte","char","short","int","float","long","double",IDENT,LT,AT
/home/travis/build/failed/checkstyle/checkstyle/src/main/resources/com/puppycrawl/tools/checkstyle/grammars/java.g:1456:9: warning:nondeterminism between alts 1 and 3 of block upon
/home/travis/build/failed/checkstyle/checkstyle/src/main/resources/com/puppycrawl/tools/checkstyle/grammars/java.g:1456:9:     k==1:INC
/home/travis/build/failed/checkstyle/checkstyle/src/main/resources/com/puppycrawl/tools/checkstyle/grammars/java.g:1456:9:     k==2:"final","abstract","strictfp",SEMI,RBRACK,"void","boolean","byte","char","short","int","float","long","double",IDENT,STAR,"private","public","protected","static","transient","native","synchronized","volatile","class","interface",LCURLY,RCURLY,COMMA,LPAREN,RPAREN,"this","super",ASSIGN,COLON,"if","while","do","break","continue","return","switch","throw","for","else","case","default","try",PLUS_ASSIGN,MINUS_ASSIGN,STAR_ASSIGN,DIV_ASSIGN,MOD_ASSIGN,SR_ASSIGN,BSR_ASSIGN,SL_ASSIGN,BAND_ASSIGN,BXOR_ASSIGN,BOR_ASSIGN,QUESTION,LOR,LAND,BOR,BXOR,BAND,NOT_EQUAL,EQUAL,LT,GT,LE,GE,"instanceof",SL,SR,BSR,PLUS,MINUS,DIV,MOD,INC,DEC,BNOT,LNOT,"true","false","null","new",NUM_INT,CHAR_LITERAL,STRING_LITERAL,NUM_FLOAT,NUM_LONG,NUM_DOUBLE,ASSERT,ENUM,AT
/home/travis/build/failed/checkstyle/checkstyle/src/main/resources/com/puppycrawl/tools/checkstyle/grammars/java.g:1456:9: warning:nondeterminism between alts 2 and 3 of block upon
/home/travis/build/failed/checkstyle/checkstyle/src/main/resources/com/puppycrawl/tools/checkstyle/grammars/java.g:1456:9:     k==1:DEC
/home/travis/build/failed/checkstyle/checkstyle/src/main/resources/com/puppycrawl/tools/checkstyle/grammars/java.g:1456:9:     k==2:"final","abstract","strictfp",SEMI,RBRACK,"void","boolean","byte","char","short","int","float","long","double",IDENT,STAR,"private","public","protected","static","transient","native","synchronized","volatile","class","interface",LCURLY,RCURLY,COMMA,LPAREN,RPAREN,"this","super",ASSIGN,COLON,"if","while","do","break","continue","return","switch","throw","for","else","case","default","try",PLUS_ASSIGN,MINUS_ASSIGN,STAR_ASSIGN,DIV_ASSIGN,MOD_ASSIGN,SR_ASSIGN,BSR_ASSIGN,SL_ASSIGN,BAND_ASSIGN,BXOR_ASSIGN,BOR_ASSIGN,QUESTION,LOR,LAND,BOR,BXOR,BAND,NOT_EQUAL,EQUAL,LT,GT,LE,GE,"instanceof",SL,SR,BSR,PLUS,MINUS,DIV,MOD,INC,DEC,BNOT,LNOT,"true","false","null","new",NUM_INT,CHAR_LITERAL,STRING_LITERAL,NUM_FLOAT,NUM_LONG,NUM_DOUBLE,ASSERT,ENUM,AT
/home/travis/build/failed/checkstyle/checkstyle/src/main/resources/com/puppycrawl/tools/checkstyle/grammars/java.g:1534:36: warning:nondeterminism between alts 1 and 2 of block upon
/home/travis/build/failed/checkstyle/checkstyle/src/main/resources/com/puppycrawl/tools/checkstyle/grammars/java.g:1534:36:     k==1:LCURLY
/home/travis/build/failed/checkstyle/checkstyle/src/main/resources/com/puppycrawl/tools/checkstyle/grammars/java.g:1534:36:     k==2:"final","abstract","strictfp",SEMI,"void","boolean","byte","char","short","int","float","long","double",IDENT,"private","public","protected","static","transient","native","synchronized","volatile","class","interface",LCURLY,RCURLY,"default",LT,ENUM,AT
/home/travis/build/failed/checkstyle/checkstyle/src/main/resources/com/puppycrawl/tools/checkstyle/grammars/java.g:1544:33: warning:nondeterminism between alts 1 and 2 of block upon
/home/travis/build/failed/checkstyle/checkstyle/src/main/resources/com/puppycrawl/tools/checkstyle/grammars/java.g:1544:33:     k==1:LCURLY
/home/travis/build/failed/checkstyle/checkstyle/src/main/resources/com/puppycrawl/tools/checkstyle/grammars/java.g:1544:33:     k==2:"void","boolean","byte","char","short","int","float","long","double",IDENT,LCURLY,RCURLY,COMMA,LPAREN,"this","super",PLUS,MINUS,INC,DEC,BNOT,LNOT,"true","false","null","new",NUM_INT,CHAR_LITERAL,STRING_LITERAL,NUM_FLOAT,NUM_LONG,NUM_DOUBLE
/home/travis/build/failed/checkstyle/checkstyle/src/main/resources/com/puppycrawl/tools/checkstyle/grammars/java.g:1585: warning:nondeterminism between alts 2 and 3 of block upon
/home/travis/build/failed/checkstyle/checkstyle/src/main/resources/com/puppycrawl/tools/checkstyle/grammars/java.g:1585:     k==1:LPAREN
/home/travis/build/failed/checkstyle/checkstyle/src/main/resources/com/puppycrawl/tools/checkstyle/grammars/java.g:1585:     k==2:IDENT
/home/travis/build/failed/checkstyle/checkstyle/src/main/resources/com/puppycrawl/tools/checkstyle/grammars/java.g:1587:17: warning:nondeterminism between alts 1 and 2 of block upon
/home/travis/build/failed/checkstyle/checkstyle/src/main/resources/com/puppycrawl/tools/checkstyle/grammars/java.g:1587:17:     k==1:RPAREN
/home/travis/build/failed/checkstyle/checkstyle/src/main/resources/com/puppycrawl/tools/checkstyle/grammars/java.g:1587:17:     k==2:LAMBDA

[INFO] 
[INFO] --- antlr4-maven-plugin:4.5.1-1:antlr4 (default) @ checkstyle ---
[INFO] ANTLR 4: Processing source directory /home/travis/build/failed/checkstyle/checkstyle/src/main/resources
[INFO] Processing grammar: com/puppycrawl/tools/checkstyle/grammars/javadoc/JavadocLexer.g4
[INFO] Processing grammar: com/puppycrawl/tools/checkstyle/grammars/javadoc/JavadocParser.g4
[INFO] 
[INFO] --- build-helper-maven-plugin:1.9.1:add-source (add-source) @ checkstyle ---
[INFO] Source directory: /home/travis/build/failed/checkstyle/checkstyle/target/generated-sources/antlr added.
[INFO] 
[INFO] --- maven-resources-plugin:2.7:resources (default-resources) @ checkstyle ---
[INFO] Using 'UTF-8' encoding to copy filtered resources.
[INFO] Copying 145 resources
[INFO] Copying 1 resource
[INFO] 
[INFO] --- build-helper-maven-plugin:1.9.1:add-test-source (add-test-source) @ checkstyle ---
[INFO] Test Source directory: /home/travis/build/failed/checkstyle/checkstyle/src/test/resources added.
[INFO] 
[INFO] --- build-helper-maven-plugin:1.9.1:add-test-source (add-it-test-source) @ checkstyle ---
[INFO] Test Source directory: /home/travis/build/failed/checkstyle/checkstyle/src/it/java added.
[INFO] 
[INFO] --- build-helper-maven-plugin:1.9.1:add-test-source (add-it-test-resource) @ checkstyle ---
[INFO] Test Source directory: /home/travis/build/failed/checkstyle/checkstyle/src/it/resources added.
[INFO] 
[INFO] --- maven-compiler-plugin:3.3:compile (default-compile) @ checkstyle ---
[INFO] Changes detected - recompiling the module!
[INFO] Compiling 335 source files to /home/travis/build/failed/checkstyle/checkstyle/target/classes
[INFO] /home/travis/build/failed/checkstyle/checkstyle/src/main/java/com/puppycrawl/tools/checkstyle/checks/javadoc/JavadocMethodCheck.java: /home/travis/build/failed/checkstyle/checkstyle/src/main/java/com/puppycrawl/tools/checkstyle/checks/javadoc/JavadocMethodCheck.java uses or overrides a deprecated API.
[INFO] /home/travis/build/failed/checkstyle/checkstyle/src/main/java/com/puppycrawl/tools/checkstyle/checks/javadoc/JavadocMethodCheck.java: Recompile with -Xlint:deprecation for details.
[INFO] /home/travis/build/failed/checkstyle/checkstyle/src/main/java/com/puppycrawl/tools/checkstyle/api/AutomaticBean.java: Some input files use unchecked or unsafe operations.
[INFO] /home/travis/build/failed/checkstyle/checkstyle/src/main/java/com/puppycrawl/tools/checkstyle/api/AutomaticBean.java: Recompile with -Xlint:unchecked for details.
[INFO] 
[INFO] --- maven-antrun-plugin:1.8:run (ant-phase-compile) @ checkstyle ---
[INFO] Executing tasks

main:

execute:
[propertyfile] Creating new property file: /home/travis/build/failed/checkstyle/checkstyle/target/classes/checkstylecompilation.properties
  [javadoc] Generating Javadoc
  [javadoc] Javadoc execution
  [javadoc] Loading source file /home/travis/build/failed/checkstyle/checkstyle/src/main/java/com/puppycrawl/tools/checkstyle/api/TokenTypes.java...
  [javadoc] Constructing Javadoc information...
[INFO] Executed tasks
[INFO] 
[INFO] --- maven-resources-plugin:2.7:testResources (default-testResources) @ checkstyle ---
[INFO] Using 'UTF-8' encoding to copy filtered resources.
[INFO] Copying 538 resources
[INFO] 
[INFO] --- maven-compiler-plugin:3.3:testCompile (default-testCompile) @ checkstyle ---
[INFO] Changes detected - recompiling the module!
[INFO] Compiling 848 source files to /home/travis/build/failed/checkstyle/checkstyle/target/test-classes
[INFO] /home/travis/build/failed/checkstyle/checkstyle/src/test/java/com/puppycrawl/tools/checkstyle/checks/javadoc/AbstractTypeAwareCheckTest.java: /home/travis/build/failed/checkstyle/checkstyle/src/test/java/com/puppycrawl/tools/checkstyle/checks/javadoc/AbstractTypeAwareCheckTest.java uses or overrides a deprecated API.
[INFO] /home/travis/build/failed/checkstyle/checkstyle/src/test/java/com/puppycrawl/tools/checkstyle/checks/javadoc/AbstractTypeAwareCheckTest.java: Recompile with -Xlint:deprecation for details.
[INFO] -------------------------------------------------------------
[ERROR] COMPILATION ERROR : 
[INFO] -------------------------------------------------------------
[ERROR] /home/travis/build/failed/checkstyle/checkstyle/src/it/java/com/google/checkstyle/test/chapter4formatting/rule43onestatement/OneStatementPerLineTest.java:[28,39] cannot find symbol
  symbol:   class ConfigurationBuilder
  location: package com.google.checkstyle.test.base
[ERROR] /home/travis/build/failed/checkstyle/checkstyle/src/it/java/com/google/checkstyle/test/chapter4formatting/rule43onestatement/OneStatementPerLineTest.java:[34,20] cannot find symbol
  symbol:   class ConfigurationBuilder
  location: class com.google.checkstyle.test.chapter4formatting.rule43onestatement.OneStatementPerLineTest
[ERROR] /home/travis/build/failed/checkstyle/checkstyle/src/it/java/com/google/checkstyle/test/chapter6programpractice/rule62donotignoreexceptions/EmptyBlockTest.java:[28,39] cannot find symbol
  symbol:   class ConfigurationBuilder
  location: package com.google.checkstyle.test.base
[ERROR] /home/travis/build/failed/checkstyle/checkstyle/src/it/java/com/google/checkstyle/test/chapter6programpractice/rule62donotignoreexceptions/EmptyBlockTest.java:[34,20] cannot find symbol
  symbol:   class ConfigurationBuilder
  location: class com.google.checkstyle.test.chapter6programpractice.rule62donotignoreexceptions.EmptyBlockTest
[ERROR] /home/travis/build/failed/checkstyle/checkstyle/src/it/java/com/google/checkstyle/test/chapter5naming/rule523methodnames/MethodNameTest.java:[28,39] cannot find symbol
  symbol:   class ConfigurationBuilder
  location: package com.google.checkstyle.test.base
[ERROR] /home/travis/build/failed/checkstyle/checkstyle/src/it/java/com/google/checkstyle/test/chapter5naming/rule523methodnames/MethodNameTest.java:[33,20] cannot find symbol
  symbol:   class ConfigurationBuilder
  location: class com.google.checkstyle.test.chapter5naming.rule523methodnames.MethodNameTest
[ERROR] /home/travis/build/failed/checkstyle/checkstyle/src/it/java/com/google/checkstyle/test/chapter4formatting/rule4832nocstylearray/ArrayTypeStyleTest.java:[28,39] cannot find symbol
  symbol:   class ConfigurationBuilder
  location: package com.google.checkstyle.test.base
[ERROR] /home/travis/build/failed/checkstyle/checkstyle/src/it/java/com/google/checkstyle/test/chapter4formatting/rule4832nocstylearray/ArrayTypeStyleTest.java:[34,20] cannot find symbol
  symbol:   class ConfigurationBuilder
  location: class com.google.checkstyle.test.chapter4formatting.rule4832nocstylearray.ArrayTypeStyleTest
[ERROR] /home/travis/build/failed/checkstyle/checkstyle/src/it/java/com/google/checkstyle/test/chapter4formatting/rule487modifiers/ModifierOrderTest.java:[28,39] cannot find symbol
  symbol:   class ConfigurationBuilder
  location: package com.google.checkstyle.test.base
[ERROR] /home/travis/build/failed/checkstyle/checkstyle/src/it/java/com/google/checkstyle/test/chapter4formatting/rule487modifiers/ModifierOrderTest.java:[34,20] cannot find symbol
  symbol:   class ConfigurationBuilder
  location: class com.google.checkstyle.test.chapter4formatting.rule487modifiers.ModifierOrderTest
[ERROR] /home/travis/build/failed/checkstyle/checkstyle/src/it/java/com/google/checkstyle/test/chapter4formatting/rule4841indentation/IndentationTest.java:[29,39] cannot find symbol
  symbol:   class ConfigurationBuilder
  location: package com.google.checkstyle.test.base
[ERROR] /home/travis/build/failed/checkstyle/checkstyle/src/it/java/com/google/checkstyle/test/chapter4formatting/rule4841indentation/IndentationTest.java:[35,20] cannot find symbol
  symbol:   class ConfigurationBuilder
  location: class com.google.checkstyle.test.chapter4formatting.rule4841indentation.IndentationTest
[ERROR] /home/travis/build/failed/checkstyle/checkstyle/src/it/java/com/google/checkstyle/test/chapter6programpractice/rule64finalizers/NoFinalizerTest.java:[28,39] cannot find symbol
  symbol:   class ConfigurationBuilder
  location: package com.google.checkstyle.test.base
[ERROR] /home/travis/build/failed/checkstyle/checkstyle/src/it/java/com/google/checkstyle/test/chapter6programpractice/rule64finalizers/NoFinalizerTest.java:[34,20] cannot find symbol
  symbol:   class ConfigurationBuilder
  location: class com.google.checkstyle.test.chapter6programpractice.rule64finalizers.NoFinalizerTest
[ERROR] /home/travis/build/failed/checkstyle/checkstyle/src/it/java/com/google/checkstyle/test/chapter2filebasic/rule232specialescape/IllegalTokenTextTest.java:[28,39] cannot find symbol
  symbol:   class ConfigurationBuilder
  location: package com.google.checkstyle.test.base
[ERROR] /home/travis/build/failed/checkstyle/checkstyle/src/it/java/com/google/checkstyle/test/chapter2filebasic/rule232specialescape/IllegalTokenTextTest.java:[33,20] cannot find symbol
  symbol:   class ConfigurationBuilder
  location: class com.google.checkstyle.test.chapter2filebasic.rule232specialescape.IllegalTokenTextTest
[ERROR] /home/travis/build/failed/checkstyle/checkstyle/src/it/java/com/google/checkstyle/test/chapter7javadoc/rule712paragraphs/JavadocParagraphTest.java:[29,39] cannot find symbol
  symbol:   class ConfigurationBuilder
  location: package com.google.checkstyle.test.base
[ERROR] /home/travis/build/failed/checkstyle/checkstyle/src/it/java/com/google/checkstyle/test/chapter7javadoc/rule712paragraphs/JavadocParagraphTest.java:[35,20] cannot find symbol
  symbol:   class ConfigurationBuilder
  location: class com.google.checkstyle.test.chapter7javadoc.rule712paragraphs.JavadocParagraphTest
[ERROR] /home/travis/build/failed/checkstyle/checkstyle/src/it/java/com/google/checkstyle/test/chapter3filestructure/rule3sourcefile/EmptyLineSeparatorTest.java:[28,39] cannot find symbol
  symbol:   class ConfigurationBuilder
  location: package com.google.checkstyle.test.base
[ERROR] /home/travis/build/failed/checkstyle/checkstyle/src/it/java/com/google/checkstyle/test/chapter3filestructure/rule3sourcefile/EmptyLineSeparatorTest.java:[34,20] cannot find symbol
  symbol:   class ConfigurationBuilder
  location: class com.google.checkstyle.test.chapter3filestructure.rule3sourcefile.EmptyLineSeparatorTest
[ERROR] /home/travis/build/failed/checkstyle/checkstyle/src/it/java/com/google/checkstyle/test/chapter7javadoc/rule713atclauses/NonEmptyAtclauseDescriptionTest.java:[28,39] cannot find symbol
  symbol:   class ConfigurationBuilder
  location: package com.google.checkstyle.test.base
[ERROR] /home/travis/build/failed/checkstyle/checkstyle/src/it/java/com/google/checkstyle/test/chapter7javadoc/rule713atclauses/NonEmptyAtclauseDescriptionTest.java:[34,20] cannot find symbol
  symbol:   class ConfigurationBuilder
  location: class com.google.checkstyle.test.chapter7javadoc.rule713atclauses.NonEmptyAtclauseDescriptionTest
[ERROR] /home/travis/build/failed/checkstyle/checkstyle/src/it/java/com/google/checkstyle/test/chapter4formatting/rule44columnlimit/LineLengthTest.java:[28,39] cannot find symbol
  symbol:   class ConfigurationBuilder
  location: package com.google.checkstyle.test.base
[ERROR] /home/travis/build/failed/checkstyle/checkstyle/src/it/java/com/google/checkstyle/test/chapter4formatting/rule44columnlimit/LineLengthTest.java:[34,20] cannot find symbol
  symbol:   class ConfigurationBuilder
  location: class com.google.checkstyle.test.chapter4formatting.rule44columnlimit.LineLengthTest
[ERROR] /home/travis/build/failed/checkstyle/checkstyle/src/it/java/com/google/checkstyle/test/chapter5naming/rule521packagenames/PackageNameTest.java:[29,39] cannot find symbol
  symbol:   class ConfigurationBuilder
  location: package com.google.checkstyle.test.base
[ERROR] /home/travis/build/failed/checkstyle/checkstyle/src/it/java/com/google/checkstyle/test/chapter5naming/rule521packagenames/PackageNameTest.java:[36,20] cannot find symbol
  symbol:   class ConfigurationBuilder
  location: class com.google.checkstyle.test.chapter5naming.rule521packagenames.PackageNameTest
[ERROR] /home/travis/build/failed/checkstyle/checkstyle/src/it/java/com/google/checkstyle/test/chapter3filestructure/rule341onetoplevel/OneTopLevelClassTest.java:[29,39] cannot find symbol
  symbol:   class ConfigurationBuilder
  location: package com.google.checkstyle.test.base
[ERROR] /home/travis/build/failed/checkstyle/checkstyle/src/it/java/com/google/checkstyle/test/chapter3filestructure/rule341onetoplevel/OneTopLevelClassTest.java:[35,20] cannot find symbol
  symbol:   class ConfigurationBuilder
  location: class com.google.checkstyle.test.chapter3filestructure.rule341onetoplevel.OneTopLevelClassTest
[ERROR] /home/travis/build/failed/checkstyle/checkstyle/src/it/java/com/google/checkstyle/test/chapter4formatting/rule488numericliterals/UpperEllTest.java:[28,39] cannot find symbol
  symbol:   class ConfigurationBuilder
  location: package com.google.checkstyle.test.base
[ERROR] /home/travis/build/failed/checkstyle/checkstyle/src/it/java/com/google/checkstyle/test/chapter4formatting/rule488numericliterals/UpperEllTest.java:[33,20] cannot find symbol
  symbol:   class ConfigurationBuilder
  location: class com.google.checkstyle.test.chapter4formatting.rule488numericliterals.UpperEllTest
[ERROR] /home/travis/build/failed/checkstyle/checkstyle/src/it/java/com/google/checkstyle/test/chapter5naming/rule53camelcase/AbbreviationAsWordInNameTest.java:[28,39] cannot find symbol
  symbol:   class ConfigurationBuilder
  location: package com.google.checkstyle.test.base
[ERROR] /home/travis/build/failed/checkstyle/checkstyle/src/it/java/com/google/checkstyle/test/chapter5naming/rule53camelcase/AbbreviationAsWordInNameTest.java:[35,20] cannot find symbol
  symbol:   class ConfigurationBuilder
  location: class com.google.checkstyle.test.chapter5naming.rule53camelcase.AbbreviationAsWordInNameTest
[ERROR] /home/travis/build/failed/checkstyle/checkstyle/src/it/java/com/google/checkstyle/test/chapter4formatting/rule461verticalwhitespace/EmptyLineSeparatorTest.java:[28,39] cannot find symbol
  symbol:   class ConfigurationBuilder
  location: package com.google.checkstyle.test.base
[ERROR] /home/travis/build/failed/checkstyle/checkstyle/src/it/java/com/google/checkstyle/test/chapter4formatting/rule461verticalwhitespace/EmptyLineSeparatorTest.java:[34,20] cannot find symbol
  symbol:   class ConfigurationBuilder
  location: class com.google.checkstyle.test.chapter4formatting.rule461verticalwhitespace.EmptyLineSeparatorTest
[ERROR] /home/travis/build/failed/checkstyle/checkstyle/src/it/java/com/google/checkstyle/test/chapter3filestructure/rule333orderingandspacing/CustomImportOrderTest.java:[29,39] cannot find symbol
  symbol:   class ConfigurationBuilder
  location: package com.google.checkstyle.test.base
[ERROR] /home/travis/build/failed/checkstyle/checkstyle/src/it/java/com/google/checkstyle/test/chapter3filestructure/rule333orderingandspacing/CustomImportOrderTest.java:[43,20] cannot find symbol
  symbol:   class ConfigurationBuilder
  location: class com.google.checkstyle.test.chapter3filestructure.rule333orderingandspacing.CustomImportOrderTest
[ERROR] /home/travis/build/failed/checkstyle/checkstyle/src/it/java/com/google/checkstyle/test/chapter4formatting/rule451wheretobreak/OperatorWrapTest.java:[28,39] cannot find symbol
  symbol:   class ConfigurationBuilder
  location: package com.google.checkstyle.test.base
[ERROR] /home/travis/build/failed/checkstyle/checkstyle/src/it/java/com/google/checkstyle/test/chapter4formatting/rule451wheretobreak/OperatorWrapTest.java:[36,20] cannot find symbol
  symbol:   class ConfigurationBuilder
  location: class com.google.checkstyle.test.chapter4formatting.rule451wheretobreak.OperatorWrapTest
[ERROR] /home/travis/build/failed/checkstyle/checkstyle/src/it/java/com/google/checkstyle/test/chapter4formatting/rule411bracesareused/NeedBracesTest.java:[28,39] cannot find symbol
  symbol:   class ConfigurationBuilder
  location: package com.google.checkstyle.test.base
[ERROR] /home/travis/build/failed/checkstyle/checkstyle/src/it/java/com/google/checkstyle/test/chapter4formatting/rule411bracesareused/NeedBracesTest.java:[34,20] cannot find symbol
  symbol:   class ConfigurationBuilder
  location: class com.google.checkstyle.test.chapter4formatting.rule411bracesareused.NeedBracesTest
[ERROR] /home/travis/build/failed/checkstyle/checkstyle/src/it/java/com/google/checkstyle/test/chapter5naming/rule526parameternames/ParameterNameTest.java:[28,39] cannot find symbol
  symbol:   class ConfigurationBuilder
  location: package com.google.checkstyle.test.base
[ERROR] /home/travis/build/failed/checkstyle/checkstyle/src/it/java/com/google/checkstyle/test/chapter5naming/rule526parameternames/ParameterNameTest.java:[36,20] cannot find symbol
  symbol:   class ConfigurationBuilder
  location: class com.google.checkstyle.test.chapter5naming.rule526parameternames.ParameterNameTest
[ERROR] /home/travis/build/failed/checkstyle/checkstyle/src/it/java/com/google/checkstyle/test/chapter5naming/rule528typevariablenames/MethodTypeParameterNameTest.java:[28,39] cannot find symbol
  symbol:   class ConfigurationBuilder
  location: package com.google.checkstyle.test.base
[ERROR] /home/travis/build/failed/checkstyle/checkstyle/src/it/java/com/google/checkstyle/test/chapter5naming/rule528typevariablenames/MethodTypeParameterNameTest.java:[35,20] cannot find symbol
  symbol:   class ConfigurationBuilder
  location: class com.google.checkstyle.test.chapter5naming.rule528typevariablenames.MethodTypeParameterNameTest
[ERROR] /home/travis/build/failed/checkstyle/checkstyle/src/it/java/com/google/checkstyle/test/chapter7javadoc/rule711generalform/SingleLineJavadocTest.java:[28,39] cannot find symbol
  symbol:   class ConfigurationBuilder
  location: package com.google.checkstyle.test.base
[ERROR] /home/travis/build/failed/checkstyle/checkstyle/src/it/java/com/google/checkstyle/test/chapter7javadoc/rule711generalform/SingleLineJavadocTest.java:[35,20] cannot find symbol
  symbol:   class ConfigurationBuilder
  location: class com.google.checkstyle.test.chapter7javadoc.rule711generalform.SingleLineJavadocTest
[ERROR] /home/travis/build/failed/checkstyle/checkstyle/src/it/java/com/google/checkstyle/test/chapter4formatting/rule462horizontalwhitespace/WhitespaceAroundTest.java:[29,39] cannot find symbol
  symbol:   class ConfigurationBuilder
  location: package com.google.checkstyle.test.base
[ERROR] /home/travis/build/failed/checkstyle/checkstyle/src/it/java/com/google/checkstyle/test/chapter4formatting/rule462horizontalwhitespace/WhitespaceAroundTest.java:[34,20] cannot find symbol
  symbol:   class ConfigurationBuilder
  location: class com.google.checkstyle.test.chapter4formatting.rule462horizontalwhitespace.WhitespaceAroundTest
[ERROR] /home/travis/build/failed/checkstyle/checkstyle/src/it/java/com/google/checkstyle/test/chapter2filebasic/rule231filetab/FileTabCharacterTest.java:[28,39] cannot find symbol
  symbol:   class ConfigurationBuilder
  location: package com.google.checkstyle.test.base
[ERROR] /home/travis/build/failed/checkstyle/checkstyle/src/it/java/com/google/checkstyle/test/chapter2filebasic/rule231filetab/FileTabCharacterTest.java:[35,20] cannot find symbol
  symbol:   class ConfigurationBuilder
  location: class com.google.checkstyle.test.chapter2filebasic.rule231filetab.FileTabCharacterTest
[ERROR] /home/travis/build/failed/checkstyle/checkstyle/src/it/java/com/google/checkstyle/test/chapter7javadoc/rule713atclauses/JavadocTagContinuationIndentationTest.java:[27,39] cannot find symbol
  symbol:   class ConfigurationBuilder
  location: package com.google.checkstyle.test.base
[ERROR] /home/travis/build/failed/checkstyle/checkstyle/src/it/java/com/google/checkstyle/test/chapter4formatting/rule4861blockcommentstyle/CommentsIndentationTest.java:[28,39] cannot find symbol
  symbol:   class ConfigurationBuilder
  location: package com.google.checkstyle.test.base
[ERROR] /home/travis/build/failed/checkstyle/checkstyle/src/it/java/com/google/checkstyle/test/chapter4formatting/rule4861blockcommentstyle/CommentsIndentationTest.java:[34,20] cannot find symbol
  symbol:   class ConfigurationBuilder
  location: class com.google.checkstyle.test.chapter4formatting.rule4861blockcommentstyle.CommentsIndentationTest
[ERROR] /home/travis/build/failed/checkstyle/checkstyle/src/it/java/com/google/checkstyle/test/chapter3filestructure/rule3421overloadsplit/OverloadMethodsDeclarationOrderTest.java:[28,39] cannot find symbol
  symbol:   class ConfigurationBuilder
  location: package com.google.checkstyle.test.base
[ERROR] /home/travis/build/failed/checkstyle/checkstyle/src/it/java/com/google/checkstyle/test/chapter3filestructure/rule3421overloadsplit/OverloadMethodsDeclarationOrderTest.java:[34,20] cannot find symbol
  symbol:   class ConfigurationBuilder
  location: class com.google.checkstyle.test.chapter3filestructure.rule3421overloadsplit.OverloadMethodsDeclarationOrderTest
[ERROR] /home/travis/build/failed/checkstyle/checkstyle/src/it/java/com/google/checkstyle/test/chapter4formatting/rule4822variabledistance/VariableDeclarationUsageDistanceTest.java:[28,39] cannot find symbol
  symbol:   class ConfigurationBuilder
  location: package com.google.checkstyle.test.base
[ERROR] /home/travis/build/failed/checkstyle/checkstyle/src/it/java/com/google/checkstyle/test/chapter4formatting/rule4822variabledistance/VariableDeclarationUsageDistanceTest.java:[34,20] cannot find symbol
  symbol:   class ConfigurationBuilder
  location: class com.google.checkstyle.test.chapter4formatting.rule4822variabledistance.VariableDeclarationUsageDistanceTest
[ERROR] /home/travis/build/failed/checkstyle/checkstyle/src/it/java/com/google/checkstyle/test/chapter7javadoc/rule72thesummaryfragment/SummaryJavadocTest.java:[29,39] cannot find symbol
  symbol:   class ConfigurationBuilder
  location: package com.google.checkstyle.test.base
[ERROR] /home/travis/build/failed/checkstyle/checkstyle/src/it/java/com/google/checkstyle/test/chapter7javadoc/rule72thesummaryfragment/SummaryJavadocTest.java:[35,20] cannot find symbol
  symbol:   class ConfigurationBuilder
  location: class com.google.checkstyle.test.chapter7javadoc.rule72thesummaryfragment.SummaryJavadocTest
[ERROR] /home/travis/build/failed/checkstyle/checkstyle/src/it/java/com/google/checkstyle/test/chapter3filestructure/rule331nowildcard/AvoidStarImportTest.java:[28,39] cannot find symbol
  symbol:   class ConfigurationBuilder
  location: package com.google.checkstyle.test.base
[ERROR] /home/travis/build/failed/checkstyle/checkstyle/src/it/java/com/google/checkstyle/test/chapter3filestructure/rule331nowildcard/AvoidStarImportTest.java:[33,20] cannot find symbol
  symbol:   class ConfigurationBuilder
  location: class com.google.checkstyle.test.chapter3filestructure.rule331nowildcard.AvoidStarImportTest
[ERROR] /home/travis/build/failed/checkstyle/checkstyle/src/it/java/com/google/checkstyle/test/chapter4formatting/rule4821onevariableperline/MultipleVariableDeclarationsTest.java:[28,39] cannot find symbol
  symbol:   class ConfigurationBuilder
  location: package com.google.checkstyle.test.base
[ERROR] /home/travis/build/failed/checkstyle/checkstyle/src/it/java/com/google/checkstyle/test/chapter4formatting/rule4821onevariableperline/MultipleVariableDeclarationsTest.java:[34,20] cannot find symbol
  symbol:   class ConfigurationBuilder
  location: class com.google.checkstyle.test.chapter4formatting.rule4821onevariableperline.MultipleVariableDeclarationsTest
[ERROR] /home/travis/build/failed/checkstyle/checkstyle/src/it/java/com/google/checkstyle/test/base/IndentationConfigurationBuilder.java:[37,54] cannot find symbol
  symbol: class ConfigurationBuilder
[ERROR] /home/travis/build/failed/checkstyle/checkstyle/src/it/java/com/google/checkstyle/test/chapter4formatting/rule4842fallthrough/FallThroughTest.java:[28,39] cannot find symbol
  symbol:   class ConfigurationBuilder
  location: package com.google.checkstyle.test.base
[ERROR] /home/travis/build/failed/checkstyle/checkstyle/src/it/java/com/google/checkstyle/test/chapter4formatting/rule4842fallthrough/FallThroughTest.java:[34,20] cannot find symbol
  symbol:   class ConfigurationBuilder
  location: class com.google.checkstyle.test.chapter4formatting.rule4842fallthrough.FallThroughTest
[ERROR] /home/travis/build/failed/checkstyle/checkstyle/src/it/java/com/google/checkstyle/test/chapter7javadoc/rule731selfexplanatory/JavadocMethodTest.java:[28,39] cannot find symbol
  symbol:   class ConfigurationBuilder
  location: package com.google.checkstyle.test.base
[ERROR] /home/travis/build/failed/checkstyle/checkstyle/src/it/java/com/google/checkstyle/test/chapter7javadoc/rule731selfexplanatory/JavadocMethodTest.java:[34,20] cannot find symbol
  symbol:   class ConfigurationBuilder
  location: class com.google.checkstyle.test.chapter7javadoc.rule731selfexplanatory.JavadocMethodTest
[ERROR] /home/travis/build/failed/checkstyle/checkstyle/src/it/java/com/google/checkstyle/test/chapter5naming/rule525nonconstantfieldnames/MemberNameTest.java:[28,39] cannot find symbol
  symbol:   class ConfigurationBuilder
  location: package com.google.checkstyle.test.base
[ERROR] /home/travis/build/failed/checkstyle/checkstyle/src/it/java/com/google/checkstyle/test/chapter5naming/rule525nonconstantfieldnames/MemberNameTest.java:[34,20] cannot find symbol
  symbol:   class ConfigurationBuilder
  location: class com.google.checkstyle.test.chapter5naming.rule525nonconstantfieldnames.MemberNameTest
[ERROR] /home/travis/build/failed/checkstyle/checkstyle/src/it/java/com/google/checkstyle/test/chapter5naming/rule527localvariablenames/LocalVariableNameTest.java:[28,39] cannot find symbol
  symbol:   class ConfigurationBuilder
  location: package com.google.checkstyle.test.base
[ERROR] /home/travis/build/failed/checkstyle/checkstyle/src/it/java/com/google/checkstyle/test/chapter5naming/rule527localvariablenames/LocalVariableNameTest.java:[35,20] cannot find symbol
  symbol:   class ConfigurationBuilder
  location: class com.google.checkstyle.test.chapter5naming.rule527localvariablenames.LocalVariableNameTest
[ERROR] /home/travis/build/failed/checkstyle/checkstyle/src/it/java/com/google/checkstyle/test/chapter4formatting/rule412nonemptyblocks/RightCurlyTest.java:[32,39] cannot find symbol
  symbol:   class ConfigurationBuilder
  location: package com.google.checkstyle.test.base
[ERROR] /home/travis/build/failed/checkstyle/checkstyle/src/it/java/com/google/checkstyle/test/chapter4formatting/rule412nonemptyblocks/RightCurlyTest.java:[39,20] cannot find symbol
  symbol:   class ConfigurationBuilder
  location: class com.google.checkstyle.test.chapter4formatting.rule412nonemptyblocks.RightCurlyTest
[ERROR] /home/travis/build/failed/checkstyle/checkstyle/src/it/java/com/google/checkstyle/test/chapter4formatting/rule451wheretobreak/MethodParamPadTest.java:[28,39] cannot find symbol
  symbol:   class ConfigurationBuilder
  location: package com.google.checkstyle.test.base
[ERROR] /home/travis/build/failed/checkstyle/checkstyle/src/it/java/com/google/checkstyle/test/chapter4formatting/rule451wheretobreak/MethodParamPadTest.java:[34,20] cannot find symbol
  symbol:   class ConfigurationBuilder
  location: class com.google.checkstyle.test.chapter4formatting.rule451wheretobreak.MethodParamPadTest
[ERROR] /home/travis/build/failed/checkstyle/checkstyle/src/it/java/com/google/checkstyle/test/chapter3filestructure/rule332nolinewrap/NoLineWrapTest.java:[29,39] cannot find symbol
  symbol:   class ConfigurationBuilder
  location: package com.google.checkstyle.test.base
[ERROR] /home/travis/build/failed/checkstyle/checkstyle/src/it/java/com/google/checkstyle/test/chapter3filestructure/rule332nolinewrap/NoLineWrapTest.java:[36,20] cannot find symbol
  symbol:   class ConfigurationBuilder
  location: class com.google.checkstyle.test.chapter3filestructure.rule332nolinewrap.NoLineWrapTest
[ERROR] /home/travis/build/failed/checkstyle/checkstyle/src/it/java/com/google/checkstyle/test/chapter4formatting/rule4843defaultcasepresent/MissingSwitchDefaultTest.java:[28,39] cannot find symbol
  symbol:   class ConfigurationBuilder
  location: package com.google.checkstyle.test.base
[ERROR] /home/travis/build/failed/checkstyle/checkstyle/src/it/java/com/google/checkstyle/test/chapter4formatting/rule4843defaultcasepresent/MissingSwitchDefaultTest.java:[34,20] cannot find symbol
  symbol:   class ConfigurationBuilder
  location: class com.google.checkstyle.test.chapter4formatting.rule4843defaultcasepresent.MissingSwitchDefaultTest
[ERROR] /home/travis/build/failed/checkstyle/checkstyle/src/it/java/com/google/checkstyle/test/chapter4formatting/rule451wheretobreak/SeparatorWrapTest.java:[28,39] cannot find symbol
  symbol:   class ConfigurationBuilder
  location: package com.google.checkstyle.test.base
[ERROR] /home/travis/build/failed/checkstyle/checkstyle/src/it/java/com/google/checkstyle/test/chapter4formatting/rule451wheretobreak/SeparatorWrapTest.java:[34,20] cannot find symbol
  symbol:   class ConfigurationBuilder
  location: class com.google.checkstyle.test.chapter4formatting.rule451wheretobreak.SeparatorWrapTest
[ERROR] /home/travis/build/failed/checkstyle/checkstyle/src/it/java/com/google/checkstyle/test/chapter3filestructure/rule32packagestate/LineLengthTest.java:[28,39] cannot find symbol
  symbol:   class ConfigurationBuilder
  location: package com.google.checkstyle.test.base
[ERROR] /home/travis/build/failed/checkstyle/checkstyle/src/it/java/com/google/checkstyle/test/chapter3filestructure/rule32packagestate/LineLengthTest.java:[34,20] cannot find symbol
  symbol:   class ConfigurationBuilder
  location: class com.google.checkstyle.test.chapter3filestructure.rule32packagestate.LineLengthTest
[ERROR] /home/travis/build/failed/checkstyle/checkstyle/src/it/java/com/google/checkstyle/test/chapter2filebasic/rule233nonascii/AvoidEscapedUnicodeCharactersTest.java:[28,39] cannot find symbol
  symbol:   class ConfigurationBuilder
  location: package com.google.checkstyle.test.base
[ERROR] /home/travis/build/failed/checkstyle/checkstyle/src/it/java/com/google/checkstyle/test/chapter2filebasic/rule233nonascii/AvoidEscapedUnicodeCharactersTest.java:[34,20] cannot find symbol
  symbol:   class ConfigurationBuilder
  location: class com.google.checkstyle.test.chapter2filebasic.rule233nonascii.AvoidEscapedUnicodeCharactersTest
[ERROR] /home/travis/build/failed/checkstyle/checkstyle/src/it/java/com/google/checkstyle/test/chapter4formatting/rule412nonemptyblocks/LeftCurlyTest.java:[30,39] cannot find symbol
  symbol:   class ConfigurationBuilder
  location: package com.google.checkstyle.test.base
[ERROR] /home/travis/build/failed/checkstyle/checkstyle/src/it/java/com/google/checkstyle/test/chapter4formatting/rule412nonemptyblocks/LeftCurlyTest.java:[36,20] cannot find symbol
  symbol:   class ConfigurationBuilder
  location: class com.google.checkstyle.test.chapter4formatting.rule412nonemptyblocks.LeftCurlyTest
[ERROR] /home/travis/build/failed/checkstyle/checkstyle/src/it/java/com/google/checkstyle/test/chapter4formatting/rule413emptyblocks/EmptyBlockTest.java:[28,39] cannot find symbol
  symbol:   class ConfigurationBuilder
  location: package com.google.checkstyle.test.base
[ERROR] /home/travis/build/failed/checkstyle/checkstyle/src/it/java/com/google/checkstyle/test/chapter4formatting/rule413emptyblocks/EmptyBlockTest.java:[34,20] cannot find symbol
  symbol:   class ConfigurationBuilder
  location: class com.google.checkstyle.test.chapter4formatting.rule413emptyblocks.EmptyBlockTest
[ERROR] /home/travis/build/failed/checkstyle/checkstyle/src/it/java/com/google/checkstyle/test/chapter5naming/rule522typenames/TypeNameTest.java:[28,39] cannot find symbol
  symbol:   class ConfigurationBuilder
  location: package com.google.checkstyle.test.base
[ERROR] /home/travis/build/failed/checkstyle/checkstyle/src/it/java/com/google/checkstyle/test/chapter5naming/rule522typenames/TypeNameTest.java:[33,20] cannot find symbol
  symbol:   class ConfigurationBuilder
  location: class com.google.checkstyle.test.chapter5naming.rule522typenames.TypeNameTest
[ERROR] /home/travis/build/failed/checkstyle/checkstyle/src/it/java/com/google/checkstyle/test/chapter5naming/rule528typevariablenames/ClassTypeParameterNameTest.java:[28,39] cannot find symbol
  symbol:   class ConfigurationBuilder
  location: package com.google.checkstyle.test.base
[ERROR] /home/travis/build/failed/checkstyle/checkstyle/src/it/java/com/google/checkstyle/test/chapter5naming/rule528typevariablenames/ClassTypeParameterNameTest.java:[35,20] cannot find symbol
  symbol:   class ConfigurationBuilder
  location: class com.google.checkstyle.test.chapter5naming.rule528typevariablenames.ClassTypeParameterNameTest
[ERROR] /home/travis/build/failed/checkstyle/checkstyle/src/it/java/com/google/checkstyle/test/chapter7javadoc/rule713atclauses/AtclauseOrderTest.java:[29,39] cannot find symbol
  symbol:   class ConfigurationBuilder
  location: package com.google.checkstyle.test.base
[ERROR] /home/travis/build/failed/checkstyle/checkstyle/src/it/java/com/google/checkstyle/test/chapter7javadoc/rule713atclauses/AtclauseOrderTest.java:[35,20] cannot find symbol
  symbol:   class ConfigurationBuilder
  location: class com.google.checkstyle.test.chapter7javadoc.rule713atclauses.AtclauseOrderTest
[ERROR] /home/travis/build/failed/checkstyle/checkstyle/src/it/java/com/google/checkstyle/test/chapter4formatting/rule413emptyblocks/EmptyCatchBlockTest.java:[29,39] cannot find symbol
  symbol:   class ConfigurationBuilder
  location: package com.google.checkstyle.test.base
[ERROR] /home/travis/build/failed/checkstyle/checkstyle/src/it/java/com/google/checkstyle/test/chapter4formatting/rule413emptyblocks/EmptyCatchBlockTest.java:[34,20] cannot find symbol
  symbol:   class ConfigurationBuilder
  location: class com.google.checkstyle.test.chapter4formatting.rule413emptyblocks.EmptyCatchBlockTest
[ERROR] /home/travis/build/failed/checkstyle/checkstyle/src/it/java/com/google/checkstyle/test/chapter4formatting/rule485annotations/AnnotationLocationTest.java:[28,39] cannot find symbol
  symbol:   class ConfigurationBuilder
  location: package com.google.checkstyle.test.base
[ERROR] /home/travis/build/failed/checkstyle/checkstyle/src/it/java/com/google/checkstyle/test/chapter4formatting/rule485annotations/AnnotationLocationTest.java:[34,20] cannot find symbol
  symbol:   class ConfigurationBuilder
  location: class com.google.checkstyle.test.chapter4formatting.rule485annotations.AnnotationLocationTest
[INFO] 100 errors 
[INFO] -------------------------------------------------------------
[INFO] ------------------------------------------------------------------------
[INFO] BUILD FAILURE
[INFO] ------------------------------------------------------------------------
[INFO] Total time: 02:43 min
[INFO] Finished at: 2021-12-19T01:24:25+00:00
[INFO] Final Memory: 35M/316M
[INFO] ------------------------------------------------------------------------
[ERROR] Failed to execute goal org.apache.maven.plugins:maven-compiler-plugin:3.3:testCompile (default-testCompile) on project checkstyle: Compilation failure: Compilation failure:
[ERROR] /home/travis/build/failed/checkstyle/checkstyle/src/it/java/com/google/checkstyle/test/chapter4formatting/rule43onestatement/OneStatementPerLineTest.java:[28,39] cannot find symbol
[ERROR] symbol:   class ConfigurationBuilder
[ERROR] location: package com.google.checkstyle.test.base
[ERROR] /home/travis/build/failed/checkstyle/checkstyle/src/it/java/com/google/checkstyle/test/chapter4formatting/rule43onestatement/OneStatementPerLineTest.java:[34,20] cannot find symbol
[ERROR] symbol:   class ConfigurationBuilder
[ERROR] location: class com.google.checkstyle.test.chapter4formatting.rule43onestatement.OneStatementPerLineTest
[ERROR] /home/travis/build/failed/checkstyle/checkstyle/src/it/java/com/google/checkstyle/test/chapter6programpractice/rule62donotignoreexceptions/EmptyBlockTest.java:[28,39] cannot find symbol
[ERROR] symbol:   class ConfigurationBuilder
[ERROR] location: package com.google.checkstyle.test.base
[ERROR] /home/travis/build/failed/checkstyle/checkstyle/src/it/java/com/google/checkstyle/test/chapter6programpractice/rule62donotignoreexceptions/EmptyBlockTest.java:[34,20] cannot find symbol
[ERROR] symbol:   class ConfigurationBuilder
[ERROR] location: class com.google.checkstyle.test.chapter6programpractice.rule62donotignoreexceptions.EmptyBlockTest
[ERROR] /home/travis/build/failed/checkstyle/checkstyle/src/it/java/com/google/checkstyle/test/chapter5naming/rule523methodnames/MethodNameTest.java:[28,39] cannot find symbol
[ERROR] symbol:   class ConfigurationBuilder
[ERROR] location: package com.google.checkstyle.test.base
[ERROR] /home/travis/build/failed/checkstyle/checkstyle/src/it/java/com/google/checkstyle/test/chapter5naming/rule523methodnames/MethodNameTest.java:[33,20] cannot find symbol
[ERROR] symbol:   class ConfigurationBuilder
[ERROR] location: class com.google.checkstyle.test.chapter5naming.rule523methodnames.MethodNameTest
[ERROR] /home/travis/build/failed/checkstyle/checkstyle/src/it/java/com/google/checkstyle/test/chapter4formatting/rule4832nocstylearray/ArrayTypeStyleTest.java:[28,39] cannot find symbol
[ERROR] symbol:   class ConfigurationBuilder
[ERROR] location: package com.google.checkstyle.test.base
[ERROR] /home/travis/build/failed/checkstyle/checkstyle/src/it/java/com/google/checkstyle/test/chapter4formatting/rule4832nocstylearray/ArrayTypeStyleTest.java:[34,20] cannot find symbol
[ERROR] symbol:   class ConfigurationBuilder
[ERROR] location: class com.google.checkstyle.test.chapter4formatting.rule4832nocstylearray.ArrayTypeStyleTest
[ERROR] /home/travis/build/failed/checkstyle/checkstyle/src/it/java/com/google/checkstyle/test/chapter4formatting/rule487modifiers/ModifierOrderTest.java:[28,39] cannot find symbol
[ERROR] symbol:   class ConfigurationBuilder
[ERROR] location: package com.google.checkstyle.test.base
[ERROR] /home/travis/build/failed/checkstyle/checkstyle/src/it/java/com/google/checkstyle/test/chapter4formatting/rule487modifiers/ModifierOrderTest.java:[34,20] cannot find symbol
[ERROR] symbol:   class ConfigurationBuilder
[ERROR] location: class com.google.checkstyle.test.chapter4formatting.rule487modifiers.ModifierOrderTest
[ERROR] /home/travis/build/failed/checkstyle/checkstyle/src/it/java/com/google/checkstyle/test/chapter4formatting/rule4841indentation/IndentationTest.java:[29,39] cannot find symbol
[ERROR] symbol:   class ConfigurationBuilder
[ERROR] location: package com.google.checkstyle.test.base
[ERROR] /home/travis/build/failed/checkstyle/checkstyle/src/it/java/com/google/checkstyle/test/chapter4formatting/rule4841indentation/IndentationTest.java:[35,20] cannot find symbol
[ERROR] symbol:   class ConfigurationBuilder
[ERROR] location: class com.google.checkstyle.test.chapter4formatting.rule4841indentation.IndentationTest
[ERROR] /home/travis/build/failed/checkstyle/checkstyle/src/it/java/com/google/checkstyle/test/chapter6programpractice/rule64finalizers/NoFinalizerTest.java:[28,39] cannot find symbol
[ERROR] symbol:   class ConfigurationBuilder
[ERROR] location: package com.google.checkstyle.test.base
[ERROR] /home/travis/build/failed/checkstyle/checkstyle/src/it/java/com/google/checkstyle/test/chapter6programpractice/rule64finalizers/NoFinalizerTest.java:[34,20] cannot find symbol
[ERROR] symbol:   class ConfigurationBuilder
[ERROR] location: class com.google.checkstyle.test.chapter6programpractice.rule64finalizers.NoFinalizerTest
[ERROR] /home/travis/build/failed/checkstyle/checkstyle/src/it/java/com/google/checkstyle/test/chapter2filebasic/rule232specialescape/IllegalTokenTextTest.java:[28,39] cannot find symbol
[ERROR] symbol:   class ConfigurationBuilder
[ERROR] location: package com.google.checkstyle.test.base
[ERROR] /home/travis/build/failed/checkstyle/checkstyle/src/it/java/com/google/checkstyle/test/chapter2filebasic/rule232specialescape/IllegalTokenTextTest.java:[33,20] cannot find symbol
[ERROR] symbol:   class ConfigurationBuilder
[ERROR] location: class com.google.checkstyle.test.chapter2filebasic.rule232specialescape.IllegalTokenTextTest
[ERROR] /home/travis/build/failed/checkstyle/checkstyle/src/it/java/com/google/checkstyle/test/chapter7javadoc/rule712paragraphs/JavadocParagraphTest.java:[29,39] cannot find symbol
[ERROR] symbol:   class ConfigurationBuilder
[ERROR] location: package com.google.checkstyle.test.base
[ERROR] /home/travis/build/failed/checkstyle/checkstyle/src/it/java/com/google/checkstyle/test/chapter7javadoc/rule712paragraphs/JavadocParagraphTest.java:[35,20] cannot find symbol
[ERROR] symbol:   class ConfigurationBuilder
[ERROR] location: class com.google.checkstyle.test.chapter7javadoc.rule712paragraphs.JavadocParagraphTest
[ERROR] /home/travis/build/failed/checkstyle/checkstyle/src/it/java/com/google/checkstyle/test/chapter3filestructure/rule3sourcefile/EmptyLineSeparatorTest.java:[28,39] cannot find symbol
[ERROR] symbol:   class ConfigurationBuilder
[ERROR] location: package com.google.checkstyle.test.base
[ERROR] /home/travis/build/failed/checkstyle/checkstyle/src/it/java/com/google/checkstyle/test/chapter3filestructure/rule3sourcefile/EmptyLineSeparatorTest.java:[34,20] cannot find symbol
[ERROR] symbol:   class ConfigurationBuilder
[ERROR] location: class com.google.checkstyle.test.chapter3filestructure.rule3sourcefile.EmptyLineSeparatorTest
[ERROR] /home/travis/build/failed/checkstyle/checkstyle/src/it/java/com/google/checkstyle/test/chapter7javadoc/rule713atclauses/NonEmptyAtclauseDescriptionTest.java:[28,39] cannot find symbol
[ERROR] symbol:   class ConfigurationBuilder
[ERROR] location: package com.google.checkstyle.test.base
[ERROR] /home/travis/build/failed/checkstyle/checkstyle/src/it/java/com/google/checkstyle/test/chapter7javadoc/rule713atclauses/NonEmptyAtclauseDescriptionTest.java:[34,20] cannot find symbol
[ERROR] symbol:   class ConfigurationBuilder
[ERROR] location: class com.google.checkstyle.test.chapter7javadoc.rule713atclauses.NonEmptyAtclauseDescriptionTest
[ERROR] /home/travis/build/failed/checkstyle/checkstyle/src/it/java/com/google/checkstyle/test/chapter4formatting/rule44columnlimit/LineLengthTest.java:[28,39] cannot find symbol
[ERROR] symbol:   class ConfigurationBuilder
[ERROR] location: package com.google.checkstyle.test.base
[ERROR] /home/travis/build/failed/checkstyle/checkstyle/src/it/java/com/google/checkstyle/test/chapter4formatting/rule44columnlimit/LineLengthTest.java:[34,20] cannot find symbol
[ERROR] symbol:   class ConfigurationBuilder
[ERROR] location: class com.google.checkstyle.test.chapter4formatting.rule44columnlimit.LineLengthTest
[ERROR] /home/travis/build/failed/checkstyle/checkstyle/src/it/java/com/google/checkstyle/test/chapter5naming/rule521packagenames/PackageNameTest.java:[29,39] cannot find symbol
[ERROR] symbol:   class ConfigurationBuilder
[ERROR] location: package com.google.checkstyle.test.base
[ERROR] /home/travis/build/failed/checkstyle/checkstyle/src/it/java/com/google/checkstyle/test/chapter5naming/rule521packagenames/PackageNameTest.java:[36,20] cannot find symbol
[ERROR] symbol:   class ConfigurationBuilder
[ERROR] location: class com.google.checkstyle.test.chapter5naming.rule521packagenames.PackageNameTest
[ERROR] /home/travis/build/failed/checkstyle/checkstyle/src/it/java/com/google/checkstyle/test/chapter3filestructure/rule341onetoplevel/OneTopLevelClassTest.java:[29,39] cannot find symbol
[ERROR] symbol:   class ConfigurationBuilder
[ERROR] location: package com.google.checkstyle.test.base
[ERROR] /home/travis/build/failed/checkstyle/checkstyle/src/it/java/com/google/checkstyle/test/chapter3filestructure/rule341onetoplevel/OneTopLevelClassTest.java:[35,20] cannot find symbol
[ERROR] symbol:   class ConfigurationBuilder
[ERROR] location: class com.google.checkstyle.test.chapter3filestructure.rule341onetoplevel.OneTopLevelClassTest
[ERROR] /home/travis/build/failed/checkstyle/checkstyle/src/it/java/com/google/checkstyle/test/chapter4formatting/rule488numericliterals/UpperEllTest.java:[28,39] cannot find symbol
[ERROR] symbol:   class ConfigurationBuilder
[ERROR] location: package com.google.checkstyle.test.base
[ERROR] /home/travis/build/failed/checkstyle/checkstyle/src/it/java/com/google/checkstyle/test/chapter4formatting/rule488numericliterals/UpperEllTest.java:[33,20] cannot find symbol
[ERROR] symbol:   class ConfigurationBuilder
[ERROR] location: class com.google.checkstyle.test.chapter4formatting.rule488numericliterals.UpperEllTest
[ERROR] /home/travis/build/failed/checkstyle/checkstyle/src/it/java/com/google/checkstyle/test/chapter5naming/rule53camelcase/AbbreviationAsWordInNameTest.java:[28,39] cannot find symbol
[ERROR] symbol:   class ConfigurationBuilder
[ERROR] location: package com.google.checkstyle.test.base
[ERROR] /home/travis/build/failed/checkstyle/checkstyle/src/it/java/com/google/checkstyle/test/chapter5naming/rule53camelcase/AbbreviationAsWordInNameTest.java:[35,20] cannot find symbol
[ERROR] symbol:   class ConfigurationBuilder
[ERROR] location: class com.google.checkstyle.test.chapter5naming.rule53camelcase.AbbreviationAsWordInNameTest
[ERROR] /home/travis/build/failed/checkstyle/checkstyle/src/it/java/com/google/checkstyle/test/chapter4formatting/rule461verticalwhitespace/EmptyLineSeparatorTest.java:[28,39] cannot find symbol
[ERROR] symbol:   class ConfigurationBuilder
[ERROR] location: package com.google.checkstyle.test.base
[ERROR] /home/travis/build/failed/checkstyle/checkstyle/src/it/java/com/google/checkstyle/test/chapter4formatting/rule461verticalwhitespace/EmptyLineSeparatorTest.java:[34,20] cannot find symbol
[ERROR] symbol:   class ConfigurationBuilder
[ERROR] location: class com.google.checkstyle.test.chapter4formatting.rule461verticalwhitespace.EmptyLineSeparatorTest
[ERROR] /home/travis/build/failed/checkstyle/checkstyle/src/it/java/com/google/checkstyle/test/chapter3filestructure/rule333orderingandspacing/CustomImportOrderTest.java:[29,39] cannot find symbol
[ERROR] symbol:   class ConfigurationBuilder
[ERROR] location: package com.google.checkstyle.test.base
[ERROR] /home/travis/build/failed/checkstyle/checkstyle/src/it/java/com/google/checkstyle/test/chapter3filestructure/rule333orderingandspacing/CustomImportOrderTest.java:[43,20] cannot find symbol
[ERROR] symbol:   class ConfigurationBuilder
[ERROR] location: class com.google.checkstyle.test.chapter3filestructure.rule333orderingandspacing.CustomImportOrderTest
[ERROR] /home/travis/build/failed/checkstyle/checkstyle/src/it/java/com/google/checkstyle/test/chapter4formatting/rule451wheretobreak/OperatorWrapTest.java:[28,39] cannot find symbol
[ERROR] symbol:   class ConfigurationBuilder
[ERROR] location: package com.google.checkstyle.test.base
[ERROR] /home/travis/build/failed/checkstyle/checkstyle/src/it/java/com/google/checkstyle/test/chapter4formatting/rule451wheretobreak/OperatorWrapTest.java:[36,20] cannot find symbol
[ERROR] symbol:   class ConfigurationBuilder
[ERROR] location: class com.google.checkstyle.test.chapter4formatting.rule451wheretobreak.OperatorWrapTest
[ERROR] /home/travis/build/failed/checkstyle/checkstyle/src/it/java/com/google/checkstyle/test/chapter4formatting/rule411bracesareused/NeedBracesTest.java:[28,39] cannot find symbol
[ERROR] symbol:   class ConfigurationBuilder
[ERROR] location: package com.google.checkstyle.test.base
[ERROR] /home/travis/build/failed/checkstyle/checkstyle/src/it/java/com/google/checkstyle/test/chapter4formatting/rule411bracesareused/NeedBracesTest.java:[34,20] cannot find symbol
[ERROR] symbol:   class ConfigurationBuilder
[ERROR] location: class com.google.checkstyle.test.chapter4formatting.rule411bracesareused.NeedBracesTest
[ERROR] /home/travis/build/failed/checkstyle/checkstyle/src/it/java/com/google/checkstyle/test/chapter5naming/rule526parameternames/ParameterNameTest.java:[28,39] cannot find symbol
[ERROR] symbol:   class ConfigurationBuilder
[ERROR] location: package com.google.checkstyle.test.base
[ERROR] /home/travis/build/failed/checkstyle/checkstyle/src/it/java/com/google/checkstyle/test/chapter5naming/rule526parameternames/ParameterNameTest.java:[36,20] cannot find symbol
[ERROR] symbol:   class ConfigurationBuilder
[ERROR] location: class com.google.checkstyle.test.chapter5naming.rule526parameternames.ParameterNameTest
[ERROR] /home/travis/build/failed/checkstyle/checkstyle/src/it/java/com/google/checkstyle/test/chapter5naming/rule528typevariablenames/MethodTypeParameterNameTest.java:[28,39] cannot find symbol
[ERROR] symbol:   class ConfigurationBuilder
[ERROR] location: package com.google.checkstyle.test.base
[ERROR] /home/travis/build/failed/checkstyle/checkstyle/src/it/java/com/google/checkstyle/test/chapter5naming/rule528typevariablenames/MethodTypeParameterNameTest.java:[35,20] cannot find symbol
[ERROR] symbol:   class ConfigurationBuilder
[ERROR] location: class com.google.checkstyle.test.chapter5naming.rule528typevariablenames.MethodTypeParameterNameTest
[ERROR] /home/travis/build/failed/checkstyle/checkstyle/src/it/java/com/google/checkstyle/test/chapter7javadoc/rule711generalform/SingleLineJavadocTest.java:[28,39] cannot find symbol
[ERROR] symbol:   class ConfigurationBuilder
[ERROR] location: package com.google.checkstyle.test.base
[ERROR] /home/travis/build/failed/checkstyle/checkstyle/src/it/java/com/google/checkstyle/test/chapter7javadoc/rule711generalform/SingleLineJavadocTest.java:[35,20] cannot find symbol
[ERROR] symbol:   class ConfigurationBuilder
[ERROR] location: class com.google.checkstyle.test.chapter7javadoc.rule711generalform.SingleLineJavadocTest
[ERROR] /home/travis/build/failed/checkstyle/checkstyle/src/it/java/com/google/checkstyle/test/chapter4formatting/rule462horizontalwhitespace/WhitespaceAroundTest.java:[29,39] cannot find symbol
[ERROR] symbol:   class ConfigurationBuilder
[ERROR] location: package com.google.checkstyle.test.base
[ERROR] /home/travis/build/failed/checkstyle/checkstyle/src/it/java/com/google/checkstyle/test/chapter4formatting/rule462horizontalwhitespace/WhitespaceAroundTest.java:[34,20] cannot find symbol
[ERROR] symbol:   class ConfigurationBuilder
[ERROR] location: class com.google.checkstyle.test.chapter4formatting.rule462horizontalwhitespace.WhitespaceAroundTest
[ERROR] /home/travis/build/failed/checkstyle/checkstyle/src/it/java/com/google/checkstyle/test/chapter2filebasic/rule231filetab/FileTabCharacterTest.java:[28,39] cannot find symbol
[ERROR] symbol:   class ConfigurationBuilder
[ERROR] location: package com.google.checkstyle.test.base
[ERROR] /home/travis/build/failed/checkstyle/checkstyle/src/it/java/com/google/checkstyle/test/chapter2filebasic/rule231filetab/FileTabCharacterTest.java:[35,20] cannot find symbol
[ERROR] symbol:   class ConfigurationBuilder
[ERROR] location: class com.google.checkstyle.test.chapter2filebasic.rule231filetab.FileTabCharacterTest
[ERROR] /home/travis/build/failed/checkstyle/checkstyle/src/it/java/com/google/checkstyle/test/chapter7javadoc/rule713atclauses/JavadocTagContinuationIndentationTest.java:[27,39] cannot find symbol
[ERROR] symbol:   class ConfigurationBuilder
[ERROR] location: package com.google.checkstyle.test.base
[ERROR] /home/travis/build/failed/checkstyle/checkstyle/src/it/java/com/google/checkstyle/test/chapter4formatting/rule4861blockcommentstyle/CommentsIndentationTest.java:[28,39] cannot find symbol
[ERROR] symbol:   class ConfigurationBuilder
[ERROR] location: package com.google.checkstyle.test.base
[ERROR] /home/travis/build/failed/checkstyle/checkstyle/src/it/java/com/google/checkstyle/test/chapter4formatting/rule4861blockcommentstyle/CommentsIndentationTest.java:[34,20] cannot find symbol
[ERROR] symbol:   class ConfigurationBuilder
[ERROR] location: class com.google.checkstyle.test.chapter4formatting.rule4861blockcommentstyle.CommentsIndentationTest
[ERROR] /home/travis/build/failed/checkstyle/checkstyle/src/it/java/com/google/checkstyle/test/chapter3filestructure/rule3421overloadsplit/OverloadMethodsDeclarationOrderTest.java:[28,39] cannot find symbol
[ERROR] symbol:   class ConfigurationBuilder
[ERROR] location: package com.google.checkstyle.test.base
[ERROR] /home/travis/build/failed/checkstyle/checkstyle/src/it/java/com/google/checkstyle/test/chapter3filestructure/rule3421overloadsplit/OverloadMethodsDeclarationOrderTest.java:[34,20] cannot find symbol
[ERROR] symbol:   class ConfigurationBuilder
[ERROR] location: class com.google.checkstyle.test.chapter3filestructure.rule3421overloadsplit.OverloadMethodsDeclarationOrderTest
[ERROR] /home/travis/build/failed/checkstyle/checkstyle/src/it/java/com/google/checkstyle/test/chapter4formatting/rule4822variabledistance/VariableDeclarationUsageDistanceTest.java:[28,39] cannot find symbol
[ERROR] symbol:   class ConfigurationBuilder
[ERROR] location: package com.google.checkstyle.test.base
[ERROR] /home/travis/build/failed/checkstyle/checkstyle/src/it/java/com/google/checkstyle/test/chapter4formatting/rule4822variabledistance/VariableDeclarationUsageDistanceTest.java:[34,20] cannot find symbol
[ERROR] symbol:   class ConfigurationBuilder
[ERROR] location: class com.google.checkstyle.test.chapter4formatting.rule4822variabledistance.VariableDeclarationUsageDistanceTest
[ERROR] /home/travis/build/failed/checkstyle/checkstyle/src/it/java/com/google/checkstyle/test/chapter7javadoc/rule72thesummaryfragment/SummaryJavadocTest.java:[29,39] cannot find symbol
[ERROR] symbol:   class ConfigurationBuilder
[ERROR] location: package com.google.checkstyle.test.base
[ERROR] /home/travis/build/failed/checkstyle/checkstyle/src/it/java/com/google/checkstyle/test/chapter7javadoc/rule72thesummaryfragment/SummaryJavadocTest.java:[35,20] cannot find symbol
[ERROR] symbol:   class ConfigurationBuilder
[ERROR] location: class com.google.checkstyle.test.chapter7javadoc.rule72thesummaryfragment.SummaryJavadocTest
[ERROR] /home/travis/build/failed/checkstyle/checkstyle/src/it/java/com/google/checkstyle/test/chapter3filestructure/rule331nowildcard/AvoidStarImportTest.java:[28,39] cannot find symbol
[ERROR] symbol:   class ConfigurationBuilder
[ERROR] location: package com.google.checkstyle.test.base
[ERROR] /home/travis/build/failed/checkstyle/checkstyle/src/it/java/com/google/checkstyle/test/chapter3filestructure/rule331nowildcard/AvoidStarImportTest.java:[33,20] cannot find symbol
[ERROR] symbol:   class ConfigurationBuilder
[ERROR] location: class com.google.checkstyle.test.chapter3filestructure.rule331nowildcard.AvoidStarImportTest
[ERROR] /home/travis/build/failed/checkstyle/checkstyle/src/it/java/com/google/checkstyle/test/chapter4formatting/rule4821onevariableperline/MultipleVariableDeclarationsTest.java:[28,39] cannot find symbol
[ERROR] symbol:   class ConfigurationBuilder
[ERROR] location: package com.google.checkstyle.test.base
[ERROR] /home/travis/build/failed/checkstyle/checkstyle/src/it/java/com/google/checkstyle/test/chapter4formatting/rule4821onevariableperline/MultipleVariableDeclarationsTest.java:[34,20] cannot find symbol
[ERROR] symbol:   class ConfigurationBuilder
[ERROR] location: class com.google.checkstyle.test.chapter4formatting.rule4821onevariableperline.MultipleVariableDeclarationsTest
[ERROR] /home/travis/build/failed/checkstyle/checkstyle/src/it/java/com/google/checkstyle/test/base/IndentationConfigurationBuilder.java:[37,54] cannot find symbol
[ERROR] symbol: class ConfigurationBuilder
[ERROR] /home/travis/build/failed/checkstyle/checkstyle/src/it/java/com/google/checkstyle/test/chapter4formatting/rule4842fallthrough/FallThroughTest.java:[28,39] cannot find symbol
[ERROR] symbol:   class ConfigurationBuilder
[ERROR] location: package com.google.checkstyle.test.base
[ERROR] /home/travis/build/failed/checkstyle/checkstyle/src/it/java/com/google/checkstyle/test/chapter4formatting/rule4842fallthrough/FallThroughTest.java:[34,20] cannot find symbol
[ERROR] symbol:   class ConfigurationBuilder
[ERROR] location: class com.google.checkstyle.test.chapter4formatting.rule4842fallthrough.FallThroughTest
[ERROR] /home/travis/build/failed/checkstyle/checkstyle/src/it/java/com/google/checkstyle/test/chapter7javadoc/rule731selfexplanatory/JavadocMethodTest.java:[28,39] cannot find symbol
[ERROR] symbol:   class ConfigurationBuilder
[ERROR] location: package com.google.checkstyle.test.base
[ERROR] /home/travis/build/failed/checkstyle/checkstyle/src/it/java/com/google/checkstyle/test/chapter7javadoc/rule731selfexplanatory/JavadocMethodTest.java:[34,20] cannot find symbol
[ERROR] symbol:   class ConfigurationBuilder
[ERROR] location: class com.google.checkstyle.test.chapter7javadoc.rule731selfexplanatory.JavadocMethodTest
[ERROR] /home/travis/build/failed/checkstyle/checkstyle/src/it/java/com/google/checkstyle/test/chapter5naming/rule525nonconstantfieldnames/MemberNameTest.java:[28,39] cannot find symbol
[ERROR] symbol:   class ConfigurationBuilder
[ERROR] location: package com.google.checkstyle.test.base
[ERROR] /home/travis/build/failed/checkstyle/checkstyle/src/it/java/com/google/checkstyle/test/chapter5naming/rule525nonconstantfieldnames/MemberNameTest.java:[34,20] cannot find symbol
[ERROR] symbol:   class ConfigurationBuilder
[ERROR] location: class com.google.checkstyle.test.chapter5naming.rule525nonconstantfieldnames.MemberNameTest
[ERROR] /home/travis/build/failed/checkstyle/checkstyle/src/it/java/com/google/checkstyle/test/chapter5naming/rule527localvariablenames/LocalVariableNameTest.java:[28,39] cannot find symbol
[ERROR] symbol:   class ConfigurationBuilder
[ERROR] location: package com.google.checkstyle.test.base
[ERROR] /home/travis/build/failed/checkstyle/checkstyle/src/it/java/com/google/checkstyle/test/chapter5naming/rule527localvariablenames/LocalVariableNameTest.java:[35,20] cannot find symbol
[ERROR] symbol:   class ConfigurationBuilder
[ERROR] location: class com.google.checkstyle.test.chapter5naming.rule527localvariablenames.LocalVariableNameTest
[ERROR] /home/travis/build/failed/checkstyle/checkstyle/src/it/java/com/google/checkstyle/test/chapter4formatting/rule412nonemptyblocks/RightCurlyTest.java:[32,39] cannot find symbol
[ERROR] symbol:   class ConfigurationBuilder
[ERROR] location: package com.google.checkstyle.test.base
[ERROR] /home/travis/build/failed/checkstyle/checkstyle/src/it/java/com/google/checkstyle/test/chapter4formatting/rule412nonemptyblocks/RightCurlyTest.java:[39,20] cannot find symbol
[ERROR] symbol:   class ConfigurationBuilder
[ERROR] location: class com.google.checkstyle.test.chapter4formatting.rule412nonemptyblocks.RightCurlyTest
[ERROR] /home/travis/build/failed/checkstyle/checkstyle/src/it/java/com/google/checkstyle/test/chapter4formatting/rule451wheretobreak/MethodParamPadTest.java:[28,39] cannot find symbol
[ERROR] symbol:   class ConfigurationBuilder
[ERROR] location: package com.google.checkstyle.test.base
[ERROR] /home/travis/build/failed/checkstyle/checkstyle/src/it/java/com/google/checkstyle/test/chapter4formatting/rule451wheretobreak/MethodParamPadTest.java:[34,20] cannot find symbol
[ERROR] symbol:   class ConfigurationBuilder
[ERROR] location: class com.google.checkstyle.test.chapter4formatting.rule451wheretobreak.MethodParamPadTest
[ERROR] /home/travis/build/failed/checkstyle/checkstyle/src/it/java/com/google/checkstyle/test/chapter3filestructure/rule332nolinewrap/NoLineWrapTest.java:[29,39] cannot find symbol
[ERROR] symbol:   class ConfigurationBuilder
[ERROR] location: package com.google.checkstyle.test.base
[ERROR] /home/travis/build/failed/checkstyle/checkstyle/src/it/java/com/google/checkstyle/test/chapter3filestructure/rule332nolinewrap/NoLineWrapTest.java:[36,20] cannot find symbol
[ERROR] symbol:   class ConfigurationBuilder
[ERROR] location: class com.google.checkstyle.test.chapter3filestructure.rule332nolinewrap.NoLineWrapTest
[ERROR] /home/travis/build/failed/checkstyle/checkstyle/src/it/java/com/google/checkstyle/test/chapter4formatting/rule4843defaultcasepresent/MissingSwitchDefaultTest.java:[28,39] cannot find symbol
[ERROR] symbol:   class ConfigurationBuilder
[ERROR] location: package com.google.checkstyle.test.base
[ERROR] /home/travis/build/failed/checkstyle/checkstyle/src/it/java/com/google/checkstyle/test/chapter4formatting/rule4843defaultcasepresent/MissingSwitchDefaultTest.java:[34,20] cannot find symbol
[ERROR] symbol:   class ConfigurationBuilder
[ERROR] location: class com.google.checkstyle.test.chapter4formatting.rule4843defaultcasepresent.MissingSwitchDefaultTest
[ERROR] /home/travis/build/failed/checkstyle/checkstyle/src/it/java/com/google/checkstyle/test/chapter4formatting/rule451wheretobreak/SeparatorWrapTest.java:[28,39] cannot find symbol
[ERROR] symbol:   class ConfigurationBuilder
[ERROR] location: package com.google.checkstyle.test.base
[ERROR] /home/travis/build/failed/checkstyle/checkstyle/src/it/java/com/google/checkstyle/test/chapter4formatting/rule451wheretobreak/SeparatorWrapTest.java:[34,20] cannot find symbol
[ERROR] symbol:   class ConfigurationBuilder
[ERROR] location: class com.google.checkstyle.test.chapter4formatting.rule451wheretobreak.SeparatorWrapTest
[ERROR] /home/travis/build/failed/checkstyle/checkstyle/src/it/java/com/google/checkstyle/test/chapter3filestructure/rule32packagestate/LineLengthTest.java:[28,39] cannot find symbol
[ERROR] symbol:   class ConfigurationBuilder
[ERROR] location: package com.google.checkstyle.test.base
[ERROR] /home/travis/build/failed/checkstyle/checkstyle/src/it/java/com/google/checkstyle/test/chapter3filestructure/rule32packagestate/LineLengthTest.java:[34,20] cannot find symbol
[ERROR] symbol:   class ConfigurationBuilder
[ERROR] location: class com.google.checkstyle.test.chapter3filestructure.rule32packagestate.LineLengthTest
[ERROR] /home/travis/build/failed/checkstyle/checkstyle/src/it/java/com/google/checkstyle/test/chapter2filebasic/rule233nonascii/AvoidEscapedUnicodeCharactersTest.java:[28,39] cannot find symbol
[ERROR] symbol:   class ConfigurationBuilder
[ERROR] location: package com.google.checkstyle.test.base
[ERROR] /home/travis/build/failed/checkstyle/checkstyle/src/it/java/com/google/checkstyle/test/chapter2filebasic/rule233nonascii/AvoidEscapedUnicodeCharactersTest.java:[34,20] cannot find symbol
[ERROR] symbol:   class ConfigurationBuilder
[ERROR] location: class com.google.checkstyle.test.chapter2filebasic.rule233nonascii.AvoidEscapedUnicodeCharactersTest
[ERROR] /home/travis/build/failed/checkstyle/checkstyle/src/it/java/com/google/checkstyle/test/chapter4formatting/rule412nonemptyblocks/LeftCurlyTest.java:[30,39] cannot find symbol
[ERROR] symbol:   class ConfigurationBuilder
[ERROR] location: package com.google.checkstyle.test.base
[ERROR] /home/travis/build/failed/checkstyle/checkstyle/src/it/java/com/google/checkstyle/test/chapter4formatting/rule412nonemptyblocks/LeftCurlyTest.java:[36,20] cannot find symbol
[ERROR] symbol:   class ConfigurationBuilder
[ERROR] location: class com.google.checkstyle.test.chapter4formatting.rule412nonemptyblocks.LeftCurlyTest
[ERROR] /home/travis/build/failed/checkstyle/checkstyle/src/it/java/com/google/checkstyle/test/chapter4formatting/rule413emptyblocks/EmptyBlockTest.java:[28,39] cannot find symbol
[ERROR] symbol:   class ConfigurationBuilder
[ERROR] location: package com.google.checkstyle.test.base
[ERROR] /home/travis/build/failed/checkstyle/checkstyle/src/it/java/com/google/checkstyle/test/chapter4formatting/rule413emptyblocks/EmptyBlockTest.java:[34,20] cannot find symbol
[ERROR] symbol:   class ConfigurationBuilder
[ERROR] location: class com.google.checkstyle.test.chapter4formatting.rule413emptyblocks.EmptyBlockTest
[ERROR] /home/travis/build/failed/checkstyle/checkstyle/src/it/java/com/google/checkstyle/test/chapter5naming/rule522typenames/TypeNameTest.java:[28,39] cannot find symbol
[ERROR] symbol:   class ConfigurationBuilder
[ERROR] location: package com.google.checkstyle.test.base
[ERROR] /home/travis/build/failed/checkstyle/checkstyle/src/it/java/com/google/checkstyle/test/chapter5naming/rule522typenames/TypeNameTest.java:[33,20] cannot find symbol
[ERROR] symbol:   class ConfigurationBuilder
[ERROR] location: class com.google.checkstyle.test.chapter5naming.rule522typenames.TypeNameTest
[ERROR] /home/travis/build/failed/checkstyle/checkstyle/src/it/java/com/google/checkstyle/test/chapter5naming/rule528typevariablenames/ClassTypeParameterNameTest.java:[28,39] cannot find symbol
[ERROR] symbol:   class ConfigurationBuilder
[ERROR] location: package com.google.checkstyle.test.base
[ERROR] /home/travis/build/failed/checkstyle/checkstyle/src/it/java/com/google/checkstyle/test/chapter5naming/rule528typevariablenames/ClassTypeParameterNameTest.java:[35,20] cannot find symbol
[ERROR] symbol:   class ConfigurationBuilder
[ERROR] location: class com.google.checkstyle.test.chapter5naming.rule528typevariablenames.ClassTypeParameterNameTest
[ERROR] /home/travis/build/failed/checkstyle/checkstyle/src/it/java/com/google/checkstyle/test/chapter7javadoc/rule713atclauses/AtclauseOrderTest.java:[29,39] cannot find symbol
[ERROR] symbol:   class ConfigurationBuilder
[ERROR] location: package com.google.checkstyle.test.base
[ERROR] /home/travis/build/failed/checkstyle/checkstyle/src/it/java/com/google/checkstyle/test/chapter7javadoc/rule713atclauses/AtclauseOrderTest.java:[35,20] cannot find symbol
[ERROR] symbol:   class ConfigurationBuilder
[ERROR] location: class com.google.checkstyle.test.chapter7javadoc.rule713atclauses.AtclauseOrderTest
[ERROR] /home/travis/build/failed/checkstyle/checkstyle/src/it/java/com/google/checkstyle/test/chapter4formatting/rule413emptyblocks/EmptyCatchBlockTest.java:[29,39] cannot find symbol
[ERROR] symbol:   class ConfigurationBuilder
[ERROR] location: package com.google.checkstyle.test.base
[ERROR] /home/travis/build/failed/checkstyle/checkstyle/src/it/java/com/google/checkstyle/test/chapter4formatting/rule413emptyblocks/EmptyCatchBlockTest.java:[34,20] cannot find symbol
[ERROR] symbol:   class ConfigurationBuilder
[ERROR] location: class com.google.checkstyle.test.chapter4formatting.rule413emptyblocks.EmptyCatchBlockTest
[ERROR] /home/travis/build/failed/checkstyle/checkstyle/src/it/java/com/google/checkstyle/test/chapter4formatting/rule485annotations/AnnotationLocationTest.java:[28,39] cannot find symbol
[ERROR] symbol:   class ConfigurationBuilder
[ERROR] location: package com.google.checkstyle.test.base
[ERROR] /home/travis/build/failed/checkstyle/checkstyle/src/it/java/com/google/checkstyle/test/chapter4formatting/rule485annotations/AnnotationLocationTest.java:[34,20] cannot find symbol
[ERROR] symbol:   class ConfigurationBuilder
[ERROR] location: class com.google.checkstyle.test.chapter4formatting.rule485annotations.AnnotationLocationTest
[ERROR] -> [Help 1]
[ERROR] 
[ERROR] To see the full stack trace of the errors, re-run Maven with the -e switch.
[ERROR] Re-run Maven using the -X switch to enable full debug logging.
[ERROR] 
[ERROR] For more information about the errors and possible solutions, please read the following articles:
[ERROR] [Help 1] http://cwiki.apache.org/confluence/display/MAVEN/MojoFailureException

travis_time:end:1882133c:start=1639876899224186357,finish=1639877065394729568,duration=166170543211[0K
[31;1mThe command "eval $CMD" exited with 1.[0m
travis_fold:start:cache.2[0Kstore build cache
travis_time:start:199a429a[0K
travis_time:end:199a429a:start=1639877065406485911,finish=1639877065415361783,duration=8875872[0Ktravis_time:start:0bcaa5c0[0K/home/travis/.casher/bin/casher:190: warning: Insecure world writable dir /home/travis/build/failed/checkstyle/checkstyle/. in PATH, mode 040777
[32;1mchanges detected, packing new archive[0m
/home/travis/.casher/bin/casher:213:in `cache_archive_name': undefined method `[]' for nil:NilClass (NoMethodError)
	from /home/travis/.casher/bin/casher:143:in `push'
	from /home/travis/.casher/bin/casher:53:in `block in run'
	from /home/travis/.rvm/rubies/ruby-1.9.3-p551/lib/ruby/1.9.1/timeout.rb:69:in `timeout'
	from /home/travis/.casher/bin/casher:53:in `run'
	from /home/travis/.casher/bin/casher:263:in `<main>'
.
.
.
.
.
.
.
.
.
.

travis_time:end:0bcaa5c0:start=1639877065425405366,finish=1639877118219643685,duration=52794238319[0Ktravis_fold:end:cache.2[0K
Done. Your build exited with 1.
