travis_time:start:1ce46b72[0Ktravis_time:end:1ce46b72:start=1645251814338022528,finish=1645251814464895316,duration=126872788,event=no_world_writable_dirs[0Ktravis_time:start:14ffc3cd[0Ktravis_time:end:14ffc3cd:start=1645251814471631312,finish=1645251814475925748,duration=4294436,event=check_unsupported[0Ktravis_time:start:10e41493[0Ktravis_fold:start:system_info[0K[33;1mBuild system information[0m
Build language: java
Build group: stable
Build dist: precise
Build id: ''
Job id: ''
Runtime kernel version: 4.15.0-109-generic
[34m[1mBuild image provisioning date and time[0m
Thu Feb  5 15:09:33 UTC 2015
[34m[1mOperating System Details[0m
Distributor ID:	Ubuntu
Description:	Ubuntu 12.04.5 LTS
Release:	12.04
Codename:	precise
[34m[1mLinux Version[0m
3.13.0-29-generic
[34m[1mCookbooks Version[0m
a68419e https://github.com/travis-ci/travis-cookbooks/tree/a68419e
[34m[1mGCC version[0m
gcc (Ubuntu/Linaro 4.6.3-1ubuntu5) 4.6.3
Copyright (C) 2011 Free Software Foundation, Inc.
This is free software; see the source for copying conditions.  There is NO
warranty; not even for MERCHANTABILITY or FITNESS FOR A PARTICULAR PURPOSE.

[34m[1mLLVM version[0m
clang version 3.4 (tags/RELEASE_34/final)
Target: x86_64-unknown-linux-gnu
Thread model: posix
[34m[1mPre-installed Ruby versions[0m
ruby-1.9.3-p551
[34m[1mPre-installed Node.js versions[0m
v0.10.36
[34m[1mPre-installed Go versions[0m
1.4.1
[34m[1mRedis version[0m
redis-server 2.8.19
[34m[1mriak version[0m
2.0.2
[34m[1mMongoDB version[0m
MongoDB 2.4.12
[34m[1mCouchDB version[0m
couchdb 1.6.1
[34m[1mNeo4j version[0m
1.9.4
[34m[1mRabbitMQ Version[0m
3.4.3
[34m[1mElasticSearch version[0m
1.4.0
[34m[1mInstalled Sphinx versions[0m
2.0.10
2.1.9
2.2.6
[34m[1mDefault Sphinx version[0m
2.2.6
[34m[1mInstalled Firefox version[0m
firefox 31.0esr
[34m[1mPhantomJS version[0m
1.9.8
[34m[1mant -version[0m
Apache Ant(TM) version 1.8.2 compiled on December 3 2011
[34m[1mmvn -version[0m
Apache Maven 3.2.5 (12a6b3acb947671f09b81f49094c53f426d8cea1; 2014-12-14T17:29:23+00:00)
Maven home: /usr/local/maven
Java version: 1.7.0_76, vendor: Oracle Corporation
Java home: /usr/lib/jvm/java-7-oracle/jre
Default locale: en_US, platform encoding: ANSI_X3.4-1968
OS name: "linux", version: "3.13.0-29-generic", arch: "amd64", family: "unix"
travis_fold:end:system_info[0K
travis_time:end:10e41493:start=1645251814481841652,finish=1645251814491270494,duration=9428842,event=show_system_info[0Ktravis_time:start:1409f1f0[0Ktravis_time:end:1409f1f0:start=1645251814496966740,finish=1645251814517119774,duration=20153034,event=rm_riak_source[0Ktravis_time:start:2c1bee94[0Ktravis_time:end:2c1bee94:start=1645251814523115363,finish=1645251814533767068,duration=10651705,event=fix_rwky_redis[0Ktravis_time:start:11bddb0d[0K[31;1mTimeout waiting for network availability.[0m
travis_time:end:11bddb0d:start=1645251814540483421,finish=1645251835948685988,duration=21408202567,event=wait_for_network[0Ktravis_time:start:00b9357a[0Ktravis_time:end:00b9357a:start=1645251835955615073,finish=1645251927300364097,duration=91344749024,event=update_apt_keys[0Ktravis_time:start:043f325a[0Ktravis_time:end:043f325a:start=1645251927307475418,finish=1645251927543574162,duration=236098744,event=fix_hhvm_source[0Ktravis_time:start:12c91950[0Ktravis_time:end:12c91950:start=1645251927549347952,finish=1645251927554576975,duration=5229023,event=update_mongo_arch[0Ktravis_time:start:22e5aac0[0Ktravis_time:end:22e5aac0:start=1645251927560749242,finish=1645251927605891524,duration=45142282,event=fix_sudo_enabled_trusty[0Ktravis_time:start:29e58289[0Ktravis_time:end:29e58289:start=1645251927610303312,finish=1645251927622042856,duration=11739544,event=clean_up_path[0Ktravis_time:start:1c4340ef[0Ktravis_time:end:1c4340ef:start=1645251927627391342,finish=1645251927641561480,duration=14170138,event=fix_resolv_conf[0Ktravis_time:start:1495783e[0Ktravis_time:end:1495783e:start=1645251927646806706,finish=1645251927661741943,duration=14935237,event=fix_etc_hosts[0Ktravis_time:start:01736c04[0Ktravis_time:end:01736c04:start=1645251927668106429,finish=1645251927683549814,duration=15443385,event=fix_mvn_settings_xml[0Ktravis_time:start:0b6c4594[0Ktravis_time:end:0b6c4594:start=1645251927687867357,finish=1645251927944732077,duration=256864720,event=no_ipv6_localhost[0Ktravis_time:start:0d1a27ea[0Ktravis_time:end:0d1a27ea:start=1645251927950126189,finish=1645251928688363731,duration=738237542,event=fix_etc_mavenrc[0Ktravis_time:start:01ebc5e0[0Ktravis_time:end:01ebc5e0:start=1645251928694875224,finish=1645251928701521961,duration=6646737,event=fix_wwdr_certificate[0Ktravis_time:start:122ec0f8[0Ktravis_time:end:122ec0f8:start=1645251928707840172,finish=1645251928746432802,duration=38592630,event=put_localhost_first[0Ktravis_time:start:25f1fe0f[0Ktravis_time:end:25f1fe0f:start=1645251928751812264,finish=1645251928756843028,duration=5030764,event=home_paths[0Ktravis_time:start:0f772085[0Ktravis_time:end:0f772085:start=1645251928763044196,finish=1645251929263515156,duration=500470960,event=disable_initramfs[0Ktravis_time:start:05cc815c[0Ktravis_time:end:05cc815c:start=1645251929270133610,finish=1645251929777068508,duration=506934898,event=disable_ssh_roaming[0Ktravis_time:start:1b839750[0Ktravis_time:end:1b839750:start=1645251929783543988,finish=1645251929788010113,duration=4466125,event=debug_tools[0Ktravis_time:start:054656cc[0Ktravis_time:end:054656cc:start=1645251929793528032,finish=1645251929799575460,duration=6047428,event=uninstall_oclint[0Ktravis_time:start:00bd4bf0[0Ktravis_time:end:00bd4bf0:start=1645251929805146529,finish=1645251929811279125,duration=6132596,event=rvm_use[0Ktravis_time:start:0b53d693[0Ktravis_time:end:0b53d693:start=1645251929817015834,finish=1645251929829858548,duration=12842714,event=rm_etc_boto_cfg[0Ktravis_time:start:02705a64[0Ktravis_time:end:02705a64:start=1645251929835989319,finish=1645251929840188301,duration=4198982,event=rm_oraclejdk8_symlink[0Ktravis_time:start:09d55b3e[0Ktravis_time:end:09d55b3e:start=1645251929845973428,finish=1645251929886594938,duration=40621510,event=enable_i386[0Ktravis_time:start:0277e030[0Ktravis_time:end:0277e030:start=1645251929893077581,finish=1645251930100629892,duration=207552311,event=update_rubygems[0Ktravis_time:start:01fd7be6[0Ktravis_time:end:01fd7be6:start=1645251930107248423,finish=1645251930115647800,duration=8399377,event=ensure_path_components[0Ktravis_time:start:1d0e4634[0Ktravis_time:end:1d0e4634:start=1645251930121933692,finish=1645251930126598845,duration=4665153,event=redefine_curl[0Ktravis_time:start:1e4f3994[0Ktravis_time:end:1e4f3994:start=1645251930133515311,finish=1645251930138641608,duration=5126297,event=nonblock_pipe[0Ktravis_time:start:02e81668[0Ktravis_time:end:02e81668:start=1645251930145823314,finish=1645251935588670585,duration=5442847271,event=apt_get_update[0Ktravis_time:start:0356dd22[0Ktravis_time:end:0356dd22:start=1645251935595497869,finish=1645251935600527229,duration=5029360,event=deprecate_xcode_64[0Ktravis_time:start:077aea7e[0Ktravis_time:end:077aea7e:start=1645251935607076807,finish=1645251935615152387,duration=8075580,event=update_heroku[0Ktravis_time:start:084382ba[0Ktravis_time:end:084382ba:start=1645251935621455603,finish=1645251935626140063,duration=4684460,event=shell_session_update[0Ktravis_time:start:09241fdd[0Ktravis_fold:start:docker_mtu[0Ktee: /etc/docker/daemon.json: No such file or directory
docker: unrecognized service
travis_fold:end:docker_mtu[0Ktravis_time:end:09241fdd:start=1645251935631806380,finish=1645251935664948616,duration=33142236,event=set_docker_mtu[0Ktravis_time:start:038c6169[0Ktravis_time:end:038c6169:start=1645251935671169487,finish=1645251935686328459,duration=15158972,event=resolvconf[0Ktravis_time:start:27a67fb2[0Ktravis_time:end:27a67fb2:start=1645251935692389994,finish=1645251939910601751,duration=4218211757,event=maven_https[0K
travis_fold:start:install_jdk[0K[33;1mInstalling oraclejdk8[0m
$ jdk_switcher use "oraclejdk8"
Switching to Oracle JDK8 (java-8-oracle), JAVA_HOME will be set to /usr/lib/jvm/java-8-oracle
travis_fold:end:install_jdk[0Ktravis_time:start:0994644f[0Ktravis_time:end:0994644f:start=1645251939929737085,finish=1645251939933191247,duration=3454162,event=fix_ps4[0Ktravis_time:start:155baaa8[0K
$ cd failed/petergeneric/stdlib

travis_time:end:155baaa8:start=1645251939937355723,finish=1645251939941161502,duration=3805779,event=checkout[0Ktravis_time:start:1e721aac[0K
[33;1mSetting environment variables from .travis.yml[0m
$ export COVERITY_SCAN_TOKEN=[secure]

travis_time:end:1e721aac:start=1645251939946410482,finish=1645251942031467583,duration=2085057101,event=env[0Ktravis_fold:start:cache.1[0KSetting up build cache
$ export CASHER_DIR=${TRAVIS_HOME}/.casher
travis_time:start:100ec0f4[0K$ Installing caching utilities

[31;1mThe command "eval curl -sf  -o $CASHER_DIR/bin/casher https:///files/casher " failed. Retrying, 2 of 3.[0m


[31;1mThe command "eval curl -sf  -o $CASHER_DIR/bin/casher https:///files/casher " failed. Retrying, 3 of 3.[0m


[31;1mThe command "eval curl -sf  -o $CASHER_DIR/bin/casher https:///files/casher " failed 3 times.[0m

travis_time:end:100ec0f4:start=1645251951482590615,finish=1645251954571259430,duration=3088668815,event=setup_casher[0Ktravis_time:start:00061dca[0K$ Installing caching utilities from the Travis CI server (https:///files/casher) failed, failing over to using GitHub (https://raw.githubusercontent.com/travis-ci/casher/bash/bin/casher)
travis_time:end:00061dca:start=1645251954578378620,finish=1645251954635056292,duration=56677672,event=setup_casher[0Ktravis_time:start:1e1a024e[0Ktravis_time:end:1e1a024e:start=1645251954644121821,finish=1645251954650170692,duration=6048871,event=setup_casher[0Ktravis_time:start:153f683a[0KYAML safe loading is not available. Please upgrade psych to a version that supports safe loading (>= 2.0).
attempting to download cache archive[0m
[31;1mcould not download cache[0m
travis_time:end:153f683a:start=1645251954656994998,finish=1645251955937357060,duration=1280362062,event=setup_casher[0Ktravis_time:start:0e75290d[0Ktravis_time:end:0e75290d:start=1645251955945642994,finish=1645251955951919333,duration=6276339,event=setup_casher[0Ktravis_time:start:1dcd7650[0KYAML safe loading is not available. Please upgrade psych to a version that supports safe loading (>= 2.0).
adding /home/travis/.m2 to cache[0m
travis_time:end:1dcd7650:start=1645251955959142418,finish=1645252148820485529,duration=192861343111,event=setup_casher[0Ktravis_fold:end:cache.1[0K
$ java -Xmx32m -version
java version "1.8.0_31"
Java(TM) SE Runtime Environment (build 1.8.0_31-b13)
Java HotSpot(TM) 64-Bit Server VM (build 25.31-b07, mixed mode)
$ javac -J-Xmx32m -version
javac 1.8.0_31
travis_fold:start:install[0Ktravis_time:start:09ea17ea[0K$ mvn -o install -DskipTests=true -Dmaven.javadoc.skip=true -B -V
Java HotSpot(TM) 64-Bit Server VM warning: ignoring option MaxPermSize=192m; support was removed in 8.0
Apache Maven 3.2.5 (12a6b3acb947671f09b81f49094c53f426d8cea1; 2014-12-14T17:29:23+00:00)
Maven home: /usr/local/maven
Java version: 1.8.0_31, vendor: Oracle Corporation
Java home: /usr/lib/jvm/java-8-oracle/jre
Default locale: en_US, platform encoding: UTF-8
OS name: "linux", version: "4.15.0-109-generic", arch: "amd64", family: "unix"
[INFO] Scanning for projects...
[INFO] Inspecting build with total of 17 modules...
[INFO] Installing Nexus Staging features:
[INFO]   ... total of 17 executions of maven-deploy-plugin replaced with nexus-staging-maven-plugin
[INFO] ------------------------------------------------------------------------
[INFO] Reactor Build Order:
[INFO] 
[INFO] application framework parent
[INFO] stdlib
[INFO] application framework guice modules parent
[INFO] stdlib guice common
[INFO] user-manager
[INFO] user manager rest api
[INFO] stdlib guice webapp
[INFO] stdlib guice metrics
[INFO] stdlib guice freemarker webapp
[INFO] stdlib guice testing support
[INFO] stdlib guice hibernate
[INFO] stdlib guice hibernate testing support
[INFO] stdlib guice liquibase support
[INFO] carbon client
[INFO] configuration
[INFO] Configuration Service
[INFO] user manager service
[INFO]                                                                         
[INFO] ------------------------------------------------------------------------
[INFO] Building application framework parent 9.1.2-SNAPSHOT
[INFO] ------------------------------------------------------------------------
[INFO] 
[INFO] --- maven-enforcer-plugin:1.0:enforce (enforce-maven) @ stdlib-parent ---
[INFO] 
[INFO] --- buildnumber-maven-plugin:1.3:create (default) @ stdlib-parent ---
[INFO] maven is executed in offline mode, Updating project files from SCM: skipped.
[INFO] Executing: /bin/sh -c cd /home/travis/build/failed/petergeneric/stdlib && git rev-parse --verify HEAD
[INFO] Working directory: /home/travis/build/failed/petergeneric/stdlib
[INFO] Storing buildNumber: 95dd3932ab7f78fb4d7e780f916ab0e7ac26c993 at timestamp: 1645252157816
[INFO] Storing buildScmBranch: master
[INFO] 
[INFO] --- maven-install-plugin:2.4:install (default-install) @ stdlib-parent ---
[INFO] Installing /home/travis/build/failed/petergeneric/stdlib/pom.xml to /home/travis/.m2/repository/com/peterphi/std/stdlib-parent/9.1.2-SNAPSHOT/stdlib-parent-9.1.2-SNAPSHOT.pom
[INFO]                                                                         
[INFO] ------------------------------------------------------------------------
[INFO] Building stdlib 9.1.2-SNAPSHOT
[INFO] ------------------------------------------------------------------------
[INFO] 
[INFO] --- maven-enforcer-plugin:1.0:enforce (enforce-maven) @ stdlib ---
[INFO] 
[INFO] --- buildnumber-maven-plugin:1.3:create (default) @ stdlib ---
[INFO] 
[INFO] --- maven-resources-plugin:2.6:resources (default-resources) @ stdlib ---
[INFO] Using 'UTF-8' encoding to copy filtered resources.
[INFO] skip non existing resourceDirectory /home/travis/build/failed/petergeneric/stdlib/stdlib/src/main/resources
[INFO] 
[INFO] --- maven-compiler-plugin:3.3:compile (default-compile) @ stdlib ---
[INFO] Nothing to compile - all classes are up to date
[INFO] 
[INFO] --- maven-resources-plugin:2.6:testResources (default-testResources) @ stdlib ---
[INFO] Using 'UTF-8' encoding to copy filtered resources.
[INFO] skip non existing resourceDirectory /home/travis/build/failed/petergeneric/stdlib/stdlib/src/test/resources
[INFO] 
[INFO] --- maven-compiler-plugin:3.3:testCompile (default-testCompile) @ stdlib ---
[INFO] Nothing to compile - all classes are up to date
[INFO] 
[INFO] --- maven-surefire-plugin:2.19:test (default-test) @ stdlib ---
[INFO] Tests are skipped.
[INFO] 
[INFO] --- maven-jar-plugin:2.6:jar (default-jar) @ stdlib ---
[INFO] 
[INFO] --- maven-install-plugin:2.4:install (default-install) @ stdlib ---
[INFO] Installing /home/travis/build/failed/petergeneric/stdlib/stdlib/target/stdlib-9.1.2-SNAPSHOT.jar to /home/travis/.m2/repository/com/peterphi/std/stdlib/9.1.2-SNAPSHOT/stdlib-9.1.2-SNAPSHOT.jar
[INFO] Installing /home/travis/build/failed/petergeneric/stdlib/stdlib/pom.xml to /home/travis/.m2/repository/com/peterphi/std/stdlib/9.1.2-SNAPSHOT/stdlib-9.1.2-SNAPSHOT.pom
[INFO]                                                                         
[INFO] ------------------------------------------------------------------------
[INFO] Building application framework guice modules parent 9.1.2-SNAPSHOT
[INFO] ------------------------------------------------------------------------
[INFO] 
[INFO] --- maven-enforcer-plugin:1.0:enforce (enforce-maven) @ stdlib-guice-parent ---
[INFO] 
[INFO] --- buildnumber-maven-plugin:1.3:create (default) @ stdlib-guice-parent ---
[INFO] 
[INFO] --- maven-install-plugin:2.4:install (default-install) @ stdlib-guice-parent ---
[INFO] Installing /home/travis/build/failed/petergeneric/stdlib/guice/pom.xml to /home/travis/.m2/repository/com/peterphi/std/guice/stdlib-guice-parent/9.1.2-SNAPSHOT/stdlib-guice-parent-9.1.2-SNAPSHOT.pom
[INFO]                                                                         
[INFO] ------------------------------------------------------------------------
[INFO] Building stdlib guice common 9.1.2-SNAPSHOT
[INFO] ------------------------------------------------------------------------
[WARNING] The artifact xml-apis:xml-apis:jar:2.0.2 has been relocated to xml-apis:xml-apis:jar:1.0.b2
[INFO] 
[INFO] --- maven-enforcer-plugin:1.0:enforce (enforce-maven) @ stdlib-guice-common ---
[INFO] 
[INFO] --- buildnumber-maven-plugin:1.3:create (default) @ stdlib-guice-common ---
[INFO] 
[INFO] --- maven-resources-plugin:2.6:resources (default-resources) @ stdlib-guice-common ---
[INFO] Using 'UTF-8' encoding to copy filtered resources.
[INFO] Copying 1 resource
[INFO] 
[INFO] --- maven-compiler-plugin:3.3:compile (default-compile) @ stdlib-guice-common ---
[INFO] Nothing to compile - all classes are up to date
[INFO] 
[INFO] --- maven-resources-plugin:2.6:testResources (default-testResources) @ stdlib-guice-common ---
[INFO] Using 'UTF-8' encoding to copy filtered resources.
[INFO] Copying 2 resources
[INFO] 
[INFO] --- maven-compiler-plugin:3.3:testCompile (default-testCompile) @ stdlib-guice-common ---
[INFO] Nothing to compile - all classes are up to date
[INFO] 
[INFO] --- maven-surefire-plugin:2.19:test (default-test) @ stdlib-guice-common ---
[INFO] Tests are skipped.
[INFO] 
[INFO] --- maven-jar-plugin:2.6:jar (default-jar) @ stdlib-guice-common ---
[INFO] 
[INFO] --- maven-install-plugin:2.4:install (default-install) @ stdlib-guice-common ---
[INFO] Installing /home/travis/build/failed/petergeneric/stdlib/guice/common/target/stdlib-guice-common-9.1.2-SNAPSHOT.jar to /home/travis/.m2/repository/com/peterphi/std/guice/stdlib-guice-common/9.1.2-SNAPSHOT/stdlib-guice-common-9.1.2-SNAPSHOT.jar
[INFO] Installing /home/travis/build/failed/petergeneric/stdlib/guice/common/pom.xml to /home/travis/.m2/repository/com/peterphi/std/guice/stdlib-guice-common/9.1.2-SNAPSHOT/stdlib-guice-common-9.1.2-SNAPSHOT.pom
[INFO]                                                                         
[INFO] ------------------------------------------------------------------------
[INFO] Building user-manager 9.1.2-SNAPSHOT
[INFO] ------------------------------------------------------------------------
[INFO] 
[INFO] --- maven-enforcer-plugin:1.0:enforce (enforce-maven) @ user-manager-parent ---
[INFO] 
[INFO] --- buildnumber-maven-plugin:1.3:create (default) @ user-manager-parent ---
[INFO] 
[INFO] --- maven-install-plugin:2.4:install (default-install) @ user-manager-parent ---
[INFO] Installing /home/travis/build/failed/petergeneric/stdlib/user-manager/pom.xml to /home/travis/.m2/repository/com/peterphi/user-manager/user-manager-parent/9.1.2-SNAPSHOT/user-manager-parent-9.1.2-SNAPSHOT.pom
[INFO]                                                                         
[INFO] ------------------------------------------------------------------------
[INFO] Building user manager rest api 9.1.2-SNAPSHOT
[INFO] ------------------------------------------------------------------------
[INFO] 
[INFO] --- maven-enforcer-plugin:1.0:enforce (enforce-maven) @ user-manager-api ---
[INFO] 
[INFO] --- buildnumber-maven-plugin:1.3:create (default) @ user-manager-api ---
[INFO] 
[INFO] --- maven-resources-plugin:2.6:resources (default-resources) @ user-manager-api ---
[INFO] Using 'UTF-8' encoding to copy filtered resources.
[INFO] skip non existing resourceDirectory /home/travis/build/failed/petergeneric/stdlib/user-manager/api/src/main/resources
[INFO] 
[INFO] --- maven-compiler-plugin:3.3:compile (default-compile) @ user-manager-api ---
[INFO] Nothing to compile - all classes are up to date
[INFO] 
[INFO] --- maven-resources-plugin:2.6:testResources (default-testResources) @ user-manager-api ---
[INFO] Using 'UTF-8' encoding to copy filtered resources.
[INFO] skip non existing resourceDirectory /home/travis/build/failed/petergeneric/stdlib/user-manager/api/src/test/resources
[INFO] 
[INFO] --- maven-compiler-plugin:3.3:testCompile (default-testCompile) @ user-manager-api ---
[INFO] No sources to compile
[INFO] 
[INFO] --- maven-surefire-plugin:2.19:test (default-test) @ user-manager-api ---
[INFO] Tests are skipped.
[INFO] 
[INFO] --- maven-jar-plugin:2.6:jar (default-jar) @ user-manager-api ---
[INFO] 
[INFO] --- maven-install-plugin:2.4:install (default-install) @ user-manager-api ---
[INFO] Installing /home/travis/build/failed/petergeneric/stdlib/user-manager/api/target/user-manager-api-9.1.2-SNAPSHOT.jar to /home/travis/.m2/repository/com/peterphi/user-manager/user-manager-api/9.1.2-SNAPSHOT/user-manager-api-9.1.2-SNAPSHOT.jar
[INFO] Installing /home/travis/build/failed/petergeneric/stdlib/user-manager/api/pom.xml to /home/travis/.m2/repository/com/peterphi/user-manager/user-manager-api/9.1.2-SNAPSHOT/user-manager-api-9.1.2-SNAPSHOT.pom
[INFO]                                                                         
[INFO] ------------------------------------------------------------------------
[INFO] Building stdlib guice webapp 9.1.2-SNAPSHOT
[INFO] ------------------------------------------------------------------------
[WARNING] The artifact xml-apis:xml-apis:jar:2.0.2 has been relocated to xml-apis:xml-apis:jar:1.0.b2
[INFO] 
[INFO] --- maven-enforcer-plugin:1.0:enforce (enforce-maven) @ stdlib-guice-webapp ---
[INFO] 
[INFO] --- buildnumber-maven-plugin:1.3:create (default) @ stdlib-guice-webapp ---
[INFO] 
[INFO] --- maven-resources-plugin:2.6:resources (default-resources) @ stdlib-guice-webapp ---
[INFO] Using 'UTF-8' encoding to copy filtered resources.
[INFO] Copying 9 resources
[INFO] 
[INFO] --- maven-compiler-plugin:3.3:compile (default-compile) @ stdlib-guice-webapp ---
[INFO] Changes detected - recompiling the module!
[INFO] Compiling 80 source files to /home/travis/build/failed/petergeneric/stdlib/guice/webapp/target/classes
[INFO] /home/travis/build/failed/petergeneric/stdlib/guice/webapp/src/main/java/com/peterphi/std/guice/web/rest/service/jwt/JSONUtil.java: Some input files use unchecked or unsafe operations.
[INFO] /home/travis/build/failed/petergeneric/stdlib/guice/webapp/src/main/java/com/peterphi/std/guice/web/rest/service/jwt/JSONUtil.java: Recompile with -Xlint:unchecked for details.
[INFO] -------------------------------------------------------------
[ERROR] COMPILATION ERROR : 
[INFO] -------------------------------------------------------------
[ERROR] /home/travis/build/failed/petergeneric/stdlib/guice/webapp/src/main/java/com/peterphi/std/guice/web/rest/auth/userprovider/HttpCallUser.java:[65,66] cannot find symbol
  symbol:   variable ROLE_SPECIAL_AUTHENTICATED
  location: class com.peterphi.std.guice.web.rest.auth.userprovider.WebappAuthenticationModule
[ERROR] /home/travis/build/failed/petergeneric/stdlib/guice/webapp/src/main/java/com/peterphi/std/guice/web/rest/auth/userprovider/HttpCallJWTUser.java:[283,66] cannot find symbol
  symbol:   variable ROLE_SPECIAL_AUTHENTICATED
  location: class com.peterphi.std.guice.web.rest.auth.userprovider.WebappAuthenticationModule
[INFO] 2 errors 
[INFO] -------------------------------------------------------------
[INFO] ------------------------------------------------------------------------
[INFO] Reactor Summary:
[INFO] 
[INFO] application framework parent ....................... SUCCESS [  1.030 s]
[INFO] stdlib ............................................. SUCCESS [  5.646 s]
[INFO] application framework guice modules parent ......... SUCCESS [  0.841 s]
[INFO] stdlib guice common ................................ SUCCESS [  6.703 s]
[INFO] user-manager ....................................... SUCCESS [  0.446 s]
[INFO] user manager rest api .............................. SUCCESS [  0.860 s]
[INFO] stdlib guice webapp ................................ FAILURE [  8.156 s]
[INFO] stdlib guice metrics ............................... SKIPPED
[INFO] stdlib guice freemarker webapp ..................... SKIPPED
[INFO] stdlib guice testing support ....................... SKIPPED
[INFO] stdlib guice hibernate ............................. SKIPPED
[INFO] stdlib guice hibernate testing support ............. SKIPPED
[INFO] stdlib guice liquibase support ..................... SKIPPED
[INFO] carbon client ...................................... SKIPPED
[INFO] configuration ...................................... SKIPPED
[INFO] Configuration Service .............................. SKIPPED
[INFO] user manager service ............................... SKIPPED
[INFO] ------------------------------------------------------------------------
[INFO] BUILD FAILURE
[INFO] ------------------------------------------------------------------------
[INFO] Total time: 30.730 s
[INFO] Finished at: 2022-02-19T06:29:41+00:00
[INFO] Final Memory: 26M/364M
[INFO] ------------------------------------------------------------------------
[ERROR] Failed to execute goal org.apache.maven.plugins:maven-compiler-plugin:3.3:compile (default-compile) on project stdlib-guice-webapp: Compilation failure: Compilation failure:
[ERROR] /home/travis/build/failed/petergeneric/stdlib/guice/webapp/src/main/java/com/peterphi/std/guice/web/rest/auth/userprovider/HttpCallUser.java:[65,66] cannot find symbol
[ERROR] symbol:   variable ROLE_SPECIAL_AUTHENTICATED
[ERROR] location: class com.peterphi.std.guice.web.rest.auth.userprovider.WebappAuthenticationModule
[ERROR] /home/travis/build/failed/petergeneric/stdlib/guice/webapp/src/main/java/com/peterphi/std/guice/web/rest/auth/userprovider/HttpCallJWTUser.java:[283,66] cannot find symbol
[ERROR] symbol:   variable ROLE_SPECIAL_AUTHENTICATED
[ERROR] location: class com.peterphi.std.guice.web.rest.auth.userprovider.WebappAuthenticationModule
[ERROR] -> [Help 1]
[ERROR] 
[ERROR] To see the full stack trace of the errors, re-run Maven with the -e switch.
[ERROR] Re-run Maven using the -X switch to enable full debug logging.
[ERROR] 
[ERROR] For more information about the errors and possible solutions, please read the following articles:
[ERROR] [Help 1] http://cwiki.apache.org/confluence/display/MAVEN/MojoFailureException
[ERROR] 
[ERROR] After correcting the problems, you can resume the build with the command
[ERROR]   mvn <goals> -rf :stdlib-guice-webapp

[31;1mThe command "eval mvn -o install -DskipTests=true -Dmaven.javadoc.skip=true -B -V " failed. Retrying, 2 of 3.[0m

Java HotSpot(TM) 64-Bit Server VM warning: ignoring option MaxPermSize=192m; support was removed in 8.0
Apache Maven 3.2.5 (12a6b3acb947671f09b81f49094c53f426d8cea1; 2014-12-14T17:29:23+00:00)
Maven home: /usr/local/maven
Java version: 1.8.0_31, vendor: Oracle Corporation
Java home: /usr/lib/jvm/java-8-oracle/jre
Default locale: en_US, platform encoding: UTF-8
OS name: "linux", version: "4.15.0-109-generic", arch: "amd64", family: "unix"
[INFO] Scanning for projects...
[INFO] Inspecting build with total of 17 modules...
[INFO] Installing Nexus Staging features:
[INFO]   ... total of 17 executions of maven-deploy-plugin replaced with nexus-staging-maven-plugin
[INFO] ------------------------------------------------------------------------
[INFO] Reactor Build Order:
[INFO] 
[INFO] application framework parent
[INFO] stdlib
[INFO] application framework guice modules parent
[INFO] stdlib guice common
[INFO] user-manager
[INFO] user manager rest api
[INFO] stdlib guice webapp
[INFO] stdlib guice metrics
[INFO] stdlib guice freemarker webapp
[INFO] stdlib guice testing support
[INFO] stdlib guice hibernate
[INFO] stdlib guice hibernate testing support
[INFO] stdlib guice liquibase support
[INFO] carbon client
[INFO] configuration
[INFO] Configuration Service
[INFO] user manager service
[INFO]                                                                         
[INFO] ------------------------------------------------------------------------
[INFO] Building application framework parent 9.1.2-SNAPSHOT
[INFO] ------------------------------------------------------------------------
[INFO] 
[INFO] --- maven-enforcer-plugin:1.0:enforce (enforce-maven) @ stdlib-parent ---
[INFO] 
[INFO] --- buildnumber-maven-plugin:1.3:create (default) @ stdlib-parent ---
[INFO] maven is executed in offline mode, Updating project files from SCM: skipped.
[INFO] Executing: /bin/sh -c cd /home/travis/build/failed/petergeneric/stdlib && git rev-parse --verify HEAD
[INFO] Working directory: /home/travis/build/failed/petergeneric/stdlib
[INFO] Storing buildNumber: 95dd3932ab7f78fb4d7e780f916ab0e7ac26c993 at timestamp: 1645252186187
[INFO] Storing buildScmBranch: master
[INFO] 
[INFO] --- maven-install-plugin:2.4:install (default-install) @ stdlib-parent ---
[INFO] Installing /home/travis/build/failed/petergeneric/stdlib/pom.xml to /home/travis/.m2/repository/com/peterphi/std/stdlib-parent/9.1.2-SNAPSHOT/stdlib-parent-9.1.2-SNAPSHOT.pom
[INFO]                                                                         
[INFO] ------------------------------------------------------------------------
[INFO] Building stdlib 9.1.2-SNAPSHOT
[INFO] ------------------------------------------------------------------------
[INFO] 
[INFO] --- maven-enforcer-plugin:1.0:enforce (enforce-maven) @ stdlib ---
[INFO] 
[INFO] --- buildnumber-maven-plugin:1.3:create (default) @ stdlib ---
[INFO] 
[INFO] --- maven-resources-plugin:2.6:resources (default-resources) @ stdlib ---
[INFO] Using 'UTF-8' encoding to copy filtered resources.
[INFO] skip non existing resourceDirectory /home/travis/build/failed/petergeneric/stdlib/stdlib/src/main/resources
[INFO] 
[INFO] --- maven-compiler-plugin:3.3:compile (default-compile) @ stdlib ---
[INFO] Nothing to compile - all classes are up to date
[INFO] 
[INFO] --- maven-resources-plugin:2.6:testResources (default-testResources) @ stdlib ---
[INFO] Using 'UTF-8' encoding to copy filtered resources.
[INFO] skip non existing resourceDirectory /home/travis/build/failed/petergeneric/stdlib/stdlib/src/test/resources
[INFO] 
[INFO] --- maven-compiler-plugin:3.3:testCompile (default-testCompile) @ stdlib ---
[INFO] Nothing to compile - all classes are up to date
[INFO] 
[INFO] --- maven-surefire-plugin:2.19:test (default-test) @ stdlib ---
[INFO] Tests are skipped.
[INFO] 
[INFO] --- maven-jar-plugin:2.6:jar (default-jar) @ stdlib ---
[INFO] 
[INFO] --- maven-install-plugin:2.4:install (default-install) @ stdlib ---
[INFO] Installing /home/travis/build/failed/petergeneric/stdlib/stdlib/target/stdlib-9.1.2-SNAPSHOT.jar to /home/travis/.m2/repository/com/peterphi/std/stdlib/9.1.2-SNAPSHOT/stdlib-9.1.2-SNAPSHOT.jar
[INFO] Installing /home/travis/build/failed/petergeneric/stdlib/stdlib/pom.xml to /home/travis/.m2/repository/com/peterphi/std/stdlib/9.1.2-SNAPSHOT/stdlib-9.1.2-SNAPSHOT.pom
[INFO]                                                                         
[INFO] ------------------------------------------------------------------------
[INFO] Building application framework guice modules parent 9.1.2-SNAPSHOT
[INFO] ------------------------------------------------------------------------
[INFO] 
[INFO] --- maven-enforcer-plugin:1.0:enforce (enforce-maven) @ stdlib-guice-parent ---
[INFO] 
[INFO] --- buildnumber-maven-plugin:1.3:create (default) @ stdlib-guice-parent ---
[INFO] 
[INFO] --- maven-install-plugin:2.4:install (default-install) @ stdlib-guice-parent ---
[INFO] Installing /home/travis/build/failed/petergeneric/stdlib/guice/pom.xml to /home/travis/.m2/repository/com/peterphi/std/guice/stdlib-guice-parent/9.1.2-SNAPSHOT/stdlib-guice-parent-9.1.2-SNAPSHOT.pom
[INFO]                                                                         
[INFO] ------------------------------------------------------------------------
[INFO] Building stdlib guice common 9.1.2-SNAPSHOT
[INFO] ------------------------------------------------------------------------
[WARNING] The artifact xml-apis:xml-apis:jar:2.0.2 has been relocated to xml-apis:xml-apis:jar:1.0.b2
[INFO] 
[INFO] --- maven-enforcer-plugin:1.0:enforce (enforce-maven) @ stdlib-guice-common ---
[INFO] 
[INFO] --- buildnumber-maven-plugin:1.3:create (default) @ stdlib-guice-common ---
[INFO] 
[INFO] --- maven-resources-plugin:2.6:resources (default-resources) @ stdlib-guice-common ---
[INFO] Using 'UTF-8' encoding to copy filtered resources.
[INFO] Copying 1 resource
[INFO] 
[INFO] --- maven-compiler-plugin:3.3:compile (default-compile) @ stdlib-guice-common ---
[INFO] Nothing to compile - all classes are up to date
[INFO] 
[INFO] --- maven-resources-plugin:2.6:testResources (default-testResources) @ stdlib-guice-common ---
[INFO] Using 'UTF-8' encoding to copy filtered resources.
[INFO] Copying 2 resources
[INFO] 
[INFO] --- maven-compiler-plugin:3.3:testCompile (default-testCompile) @ stdlib-guice-common ---
[INFO] Nothing to compile - all classes are up to date
[INFO] 
[INFO] --- maven-surefire-plugin:2.19:test (default-test) @ stdlib-guice-common ---
[INFO] Tests are skipped.
[INFO] 
[INFO] --- maven-jar-plugin:2.6:jar (default-jar) @ stdlib-guice-common ---
[INFO] 
[INFO] --- maven-install-plugin:2.4:install (default-install) @ stdlib-guice-common ---
[INFO] Installing /home/travis/build/failed/petergeneric/stdlib/guice/common/target/stdlib-guice-common-9.1.2-SNAPSHOT.jar to /home/travis/.m2/repository/com/peterphi/std/guice/stdlib-guice-common/9.1.2-SNAPSHOT/stdlib-guice-common-9.1.2-SNAPSHOT.jar
[INFO] Installing /home/travis/build/failed/petergeneric/stdlib/guice/common/pom.xml to /home/travis/.m2/repository/com/peterphi/std/guice/stdlib-guice-common/9.1.2-SNAPSHOT/stdlib-guice-common-9.1.2-SNAPSHOT.pom
[INFO]                                                                         
[INFO] ------------------------------------------------------------------------
[INFO] Building user-manager 9.1.2-SNAPSHOT
[INFO] ------------------------------------------------------------------------
[INFO] 
[INFO] --- maven-enforcer-plugin:1.0:enforce (enforce-maven) @ user-manager-parent ---
[INFO] 
[INFO] --- buildnumber-maven-plugin:1.3:create (default) @ user-manager-parent ---
[INFO] 
[INFO] --- maven-install-plugin:2.4:install (default-install) @ user-manager-parent ---
[INFO] Installing /home/travis/build/failed/petergeneric/stdlib/user-manager/pom.xml to /home/travis/.m2/repository/com/peterphi/user-manager/user-manager-parent/9.1.2-SNAPSHOT/user-manager-parent-9.1.2-SNAPSHOT.pom
[INFO]                                                                         
[INFO] ------------------------------------------------------------------------
[INFO] Building user manager rest api 9.1.2-SNAPSHOT
[INFO] ------------------------------------------------------------------------
[INFO] 
[INFO] --- maven-enforcer-plugin:1.0:enforce (enforce-maven) @ user-manager-api ---
[INFO] 
[INFO] --- buildnumber-maven-plugin:1.3:create (default) @ user-manager-api ---
[INFO] 
[INFO] --- maven-resources-plugin:2.6:resources (default-resources) @ user-manager-api ---
[INFO] Using 'UTF-8' encoding to copy filtered resources.
[INFO] skip non existing resourceDirectory /home/travis/build/failed/petergeneric/stdlib/user-manager/api/src/main/resources
[INFO] 
[INFO] --- maven-compiler-plugin:3.3:compile (default-compile) @ user-manager-api ---
[INFO] Nothing to compile - all classes are up to date
[INFO] 
[INFO] --- maven-resources-plugin:2.6:testResources (default-testResources) @ user-manager-api ---
[INFO] Using 'UTF-8' encoding to copy filtered resources.
[INFO] skip non existing resourceDirectory /home/travis/build/failed/petergeneric/stdlib/user-manager/api/src/test/resources
[INFO] 
[INFO] --- maven-compiler-plugin:3.3:testCompile (default-testCompile) @ user-manager-api ---
[INFO] No sources to compile
[INFO] 
[INFO] --- maven-surefire-plugin:2.19:test (default-test) @ user-manager-api ---
[INFO] Tests are skipped.
[INFO] 
[INFO] --- maven-jar-plugin:2.6:jar (default-jar) @ user-manager-api ---
[INFO] 
[INFO] --- maven-install-plugin:2.4:install (default-install) @ user-manager-api ---
[INFO] Installing /home/travis/build/failed/petergeneric/stdlib/user-manager/api/target/user-manager-api-9.1.2-SNAPSHOT.jar to /home/travis/.m2/repository/com/peterphi/user-manager/user-manager-api/9.1.2-SNAPSHOT/user-manager-api-9.1.2-SNAPSHOT.jar
[INFO] Installing /home/travis/build/failed/petergeneric/stdlib/user-manager/api/pom.xml to /home/travis/.m2/repository/com/peterphi/user-manager/user-manager-api/9.1.2-SNAPSHOT/user-manager-api-9.1.2-SNAPSHOT.pom
[INFO]                                                                         
[INFO] ------------------------------------------------------------------------
[INFO] Building stdlib guice webapp 9.1.2-SNAPSHOT
[INFO] ------------------------------------------------------------------------
[WARNING] The artifact xml-apis:xml-apis:jar:2.0.2 has been relocated to xml-apis:xml-apis:jar:1.0.b2
[INFO] 
[INFO] --- maven-enforcer-plugin:1.0:enforce (enforce-maven) @ stdlib-guice-webapp ---
[INFO] 
[INFO] --- buildnumber-maven-plugin:1.3:create (default) @ stdlib-guice-webapp ---
[INFO] 
[INFO] --- maven-resources-plugin:2.6:resources (default-resources) @ stdlib-guice-webapp ---
[INFO] Using 'UTF-8' encoding to copy filtered resources.
[INFO] Copying 9 resources
[INFO] 
[INFO] --- maven-compiler-plugin:3.3:compile (default-compile) @ stdlib-guice-webapp ---
[INFO] Changes detected - recompiling the module!
[INFO] Compiling 80 source files to /home/travis/build/failed/petergeneric/stdlib/guice/webapp/target/classes
[INFO] /home/travis/build/failed/petergeneric/stdlib/guice/webapp/src/main/java/com/peterphi/std/guice/web/rest/service/jwt/JSONUtil.java: Some input files use unchecked or unsafe operations.
[INFO] /home/travis/build/failed/petergeneric/stdlib/guice/webapp/src/main/java/com/peterphi/std/guice/web/rest/service/jwt/JSONUtil.java: Recompile with -Xlint:unchecked for details.
[INFO] -------------------------------------------------------------
[ERROR] COMPILATION ERROR : 
[INFO] -------------------------------------------------------------
[ERROR] /home/travis/build/failed/petergeneric/stdlib/guice/webapp/src/main/java/com/peterphi/std/guice/web/rest/auth/userprovider/HttpCallUser.java:[65,66] cannot find symbol
  symbol:   variable ROLE_SPECIAL_AUTHENTICATED
  location: class com.peterphi.std.guice.web.rest.auth.userprovider.WebappAuthenticationModule
[ERROR] /home/travis/build/failed/petergeneric/stdlib/guice/webapp/src/main/java/com/peterphi/std/guice/web/rest/auth/userprovider/HttpCallJWTUser.java:[283,66] cannot find symbol
  symbol:   variable ROLE_SPECIAL_AUTHENTICATED
  location: class com.peterphi.std.guice.web.rest.auth.userprovider.WebappAuthenticationModule
[INFO] 2 errors 
[INFO] -------------------------------------------------------------
[INFO] ------------------------------------------------------------------------
[INFO] Reactor Summary:
[INFO] 
[INFO] application framework parent ....................... SUCCESS [  0.502 s]
[INFO] stdlib ............................................. SUCCESS [  0.697 s]
[INFO] application framework guice modules parent ......... SUCCESS [  0.048 s]
[INFO] stdlib guice common ................................ SUCCESS [  0.487 s]
[INFO] user-manager ....................................... SUCCESS [  0.006 s]
[INFO] user manager rest api .............................. SUCCESS [  0.211 s]
[INFO] stdlib guice webapp ................................ FAILURE [  1.590 s]
[INFO] stdlib guice metrics ............................... SKIPPED
[INFO] stdlib guice freemarker webapp ..................... SKIPPED
[INFO] stdlib guice testing support ....................... SKIPPED
[INFO] stdlib guice hibernate ............................. SKIPPED
[INFO] stdlib guice hibernate testing support ............. SKIPPED
[INFO] stdlib guice liquibase support ..................... SKIPPED
[INFO] carbon client ...................................... SKIPPED
[INFO] configuration ...................................... SKIPPED
[INFO] Configuration Service .............................. SKIPPED
[INFO] user manager service ............................... SKIPPED
[INFO] ------------------------------------------------------------------------
[INFO] BUILD FAILURE
[INFO] ------------------------------------------------------------------------
[INFO] Total time: 4.332 s
[INFO] Finished at: 2022-02-19T06:29:49+00:00
[INFO] Final Memory: 26M/360M
[INFO] ------------------------------------------------------------------------
[ERROR] Failed to execute goal org.apache.maven.plugins:maven-compiler-plugin:3.3:compile (default-compile) on project stdlib-guice-webapp: Compilation failure: Compilation failure:
[ERROR] /home/travis/build/failed/petergeneric/stdlib/guice/webapp/src/main/java/com/peterphi/std/guice/web/rest/auth/userprovider/HttpCallUser.java:[65,66] cannot find symbol
[ERROR] symbol:   variable ROLE_SPECIAL_AUTHENTICATED
[ERROR] location: class com.peterphi.std.guice.web.rest.auth.userprovider.WebappAuthenticationModule
[ERROR] /home/travis/build/failed/petergeneric/stdlib/guice/webapp/src/main/java/com/peterphi/std/guice/web/rest/auth/userprovider/HttpCallJWTUser.java:[283,66] cannot find symbol
[ERROR] symbol:   variable ROLE_SPECIAL_AUTHENTICATED
[ERROR] location: class com.peterphi.std.guice.web.rest.auth.userprovider.WebappAuthenticationModule
[ERROR] -> [Help 1]
[ERROR] 
[ERROR] To see the full stack trace of the errors, re-run Maven with the -e switch.
[ERROR] Re-run Maven using the -X switch to enable full debug logging.
[ERROR] 
[ERROR] For more information about the errors and possible solutions, please read the following articles:
[ERROR] [Help 1] http://cwiki.apache.org/confluence/display/MAVEN/MojoFailureException
[ERROR] 
[ERROR] After correcting the problems, you can resume the build with the command
[ERROR]   mvn <goals> -rf :stdlib-guice-webapp

[31;1mThe command "eval mvn -o install -DskipTests=true -Dmaven.javadoc.skip=true -B -V " failed. Retrying, 3 of 3.[0m

Java HotSpot(TM) 64-Bit Server VM warning: ignoring option MaxPermSize=192m; support was removed in 8.0
Apache Maven 3.2.5 (12a6b3acb947671f09b81f49094c53f426d8cea1; 2014-12-14T17:29:23+00:00)
Maven home: /usr/local/maven
Java version: 1.8.0_31, vendor: Oracle Corporation
Java home: /usr/lib/jvm/java-8-oracle/jre
Default locale: en_US, platform encoding: UTF-8
OS name: "linux", version: "4.15.0-109-generic", arch: "amd64", family: "unix"
[INFO] Scanning for projects...
[INFO] Inspecting build with total of 17 modules...
[INFO] Installing Nexus Staging features:
[INFO]   ... total of 17 executions of maven-deploy-plugin replaced with nexus-staging-maven-plugin
[INFO] ------------------------------------------------------------------------
[INFO] Reactor Build Order:
[INFO] 
[INFO] application framework parent
[INFO] stdlib
[INFO] application framework guice modules parent
[INFO] stdlib guice common
[INFO] user-manager
[INFO] user manager rest api
[INFO] stdlib guice webapp
[INFO] stdlib guice metrics
[INFO] stdlib guice freemarker webapp
[INFO] stdlib guice testing support
[INFO] stdlib guice hibernate
[INFO] stdlib guice hibernate testing support
[INFO] stdlib guice liquibase support
[INFO] carbon client
[INFO] configuration
[INFO] Configuration Service
[INFO] user manager service
[INFO]                                                                         
[INFO] ------------------------------------------------------------------------
[INFO] Building application framework parent 9.1.2-SNAPSHOT
[INFO] ------------------------------------------------------------------------
[INFO] 
[INFO] --- maven-enforcer-plugin:1.0:enforce (enforce-maven) @ stdlib-parent ---
[INFO] 
[INFO] --- buildnumber-maven-plugin:1.3:create (default) @ stdlib-parent ---
[INFO] maven is executed in offline mode, Updating project files from SCM: skipped.
[INFO] Executing: /bin/sh -c cd /home/travis/build/failed/petergeneric/stdlib && git rev-parse --verify HEAD
[INFO] Working directory: /home/travis/build/failed/petergeneric/stdlib
[INFO] Storing buildNumber: 95dd3932ab7f78fb4d7e780f916ab0e7ac26c993 at timestamp: 1645252198174
[INFO] Storing buildScmBranch: master
[INFO] 
[INFO] --- maven-install-plugin:2.4:install (default-install) @ stdlib-parent ---
[INFO] Installing /home/travis/build/failed/petergeneric/stdlib/pom.xml to /home/travis/.m2/repository/com/peterphi/std/stdlib-parent/9.1.2-SNAPSHOT/stdlib-parent-9.1.2-SNAPSHOT.pom
[INFO]                                                                         
[INFO] ------------------------------------------------------------------------
[INFO] Building stdlib 9.1.2-SNAPSHOT
[INFO] ------------------------------------------------------------------------
[INFO] 
[INFO] --- maven-enforcer-plugin:1.0:enforce (enforce-maven) @ stdlib ---
[INFO] 
[INFO] --- buildnumber-maven-plugin:1.3:create (default) @ stdlib ---
[INFO] 
[INFO] --- maven-resources-plugin:2.6:resources (default-resources) @ stdlib ---
[INFO] Using 'UTF-8' encoding to copy filtered resources.
[INFO] skip non existing resourceDirectory /home/travis/build/failed/petergeneric/stdlib/stdlib/src/main/resources
[INFO] 
[INFO] --- maven-compiler-plugin:3.3:compile (default-compile) @ stdlib ---
[INFO] Nothing to compile - all classes are up to date
[INFO] 
[INFO] --- maven-resources-plugin:2.6:testResources (default-testResources) @ stdlib ---
[INFO] Using 'UTF-8' encoding to copy filtered resources.
[INFO] skip non existing resourceDirectory /home/travis/build/failed/petergeneric/stdlib/stdlib/src/test/resources
[INFO] 
[INFO] --- maven-compiler-plugin:3.3:testCompile (default-testCompile) @ stdlib ---
[INFO] Nothing to compile - all classes are up to date
[INFO] 
[INFO] --- maven-surefire-plugin:2.19:test (default-test) @ stdlib ---
[INFO] Tests are skipped.
[INFO] 
[INFO] --- maven-jar-plugin:2.6:jar (default-jar) @ stdlib ---
[INFO] 
[INFO] --- maven-install-plugin:2.4:install (default-install) @ stdlib ---
[INFO] Installing /home/travis/build/failed/petergeneric/stdlib/stdlib/target/stdlib-9.1.2-SNAPSHOT.jar to /home/travis/.m2/repository/com/peterphi/std/stdlib/9.1.2-SNAPSHOT/stdlib-9.1.2-SNAPSHOT.jar
[INFO] Installing /home/travis/build/failed/petergeneric/stdlib/stdlib/pom.xml to /home/travis/.m2/repository/com/peterphi/std/stdlib/9.1.2-SNAPSHOT/stdlib-9.1.2-SNAPSHOT.pom
[INFO]                                                                         
[INFO] ------------------------------------------------------------------------
[INFO] Building application framework guice modules parent 9.1.2-SNAPSHOT
[INFO] ------------------------------------------------------------------------
[INFO] 
[INFO] --- maven-enforcer-plugin:1.0:enforce (enforce-maven) @ stdlib-guice-parent ---
[INFO] 
[INFO] --- buildnumber-maven-plugin:1.3:create (default) @ stdlib-guice-parent ---
[INFO] 
[INFO] --- maven-install-plugin:2.4:install (default-install) @ stdlib-guice-parent ---
[INFO] Installing /home/travis/build/failed/petergeneric/stdlib/guice/pom.xml to /home/travis/.m2/repository/com/peterphi/std/guice/stdlib-guice-parent/9.1.2-SNAPSHOT/stdlib-guice-parent-9.1.2-SNAPSHOT.pom
[INFO]                                                                         
[INFO] ------------------------------------------------------------------------
[INFO] Building stdlib guice common 9.1.2-SNAPSHOT
[INFO] ------------------------------------------------------------------------
[WARNING] The artifact xml-apis:xml-apis:jar:2.0.2 has been relocated to xml-apis:xml-apis:jar:1.0.b2
[INFO] 
[INFO] --- maven-enforcer-plugin:1.0:enforce (enforce-maven) @ stdlib-guice-common ---
[INFO] 
[INFO] --- buildnumber-maven-plugin:1.3:create (default) @ stdlib-guice-common ---
[INFO] 
[INFO] --- maven-resources-plugin:2.6:resources (default-resources) @ stdlib-guice-common ---
[INFO] Using 'UTF-8' encoding to copy filtered resources.
[INFO] Copying 1 resource
[INFO] 
[INFO] --- maven-compiler-plugin:3.3:compile (default-compile) @ stdlib-guice-common ---
[INFO] Nothing to compile - all classes are up to date
[INFO] 
[INFO] --- maven-resources-plugin:2.6:testResources (default-testResources) @ stdlib-guice-common ---
[INFO] Using 'UTF-8' encoding to copy filtered resources.
[INFO] Copying 2 resources
[INFO] 
[INFO] --- maven-compiler-plugin:3.3:testCompile (default-testCompile) @ stdlib-guice-common ---
[INFO] Nothing to compile - all classes are up to date
[INFO] 
[INFO] --- maven-surefire-plugin:2.19:test (default-test) @ stdlib-guice-common ---
[INFO] Tests are skipped.
[INFO] 
[INFO] --- maven-jar-plugin:2.6:jar (default-jar) @ stdlib-guice-common ---
[INFO] 
[INFO] --- maven-install-plugin:2.4:install (default-install) @ stdlib-guice-common ---
[INFO] Installing /home/travis/build/failed/petergeneric/stdlib/guice/common/target/stdlib-guice-common-9.1.2-SNAPSHOT.jar to /home/travis/.m2/repository/com/peterphi/std/guice/stdlib-guice-common/9.1.2-SNAPSHOT/stdlib-guice-common-9.1.2-SNAPSHOT.jar
[INFO] Installing /home/travis/build/failed/petergeneric/stdlib/guice/common/pom.xml to /home/travis/.m2/repository/com/peterphi/std/guice/stdlib-guice-common/9.1.2-SNAPSHOT/stdlib-guice-common-9.1.2-SNAPSHOT.pom
[INFO]                                                                         
[INFO] ------------------------------------------------------------------------
[INFO] Building user-manager 9.1.2-SNAPSHOT
[INFO] ------------------------------------------------------------------------
[INFO] 
[INFO] --- maven-enforcer-plugin:1.0:enforce (enforce-maven) @ user-manager-parent ---
[INFO] 
[INFO] --- buildnumber-maven-plugin:1.3:create (default) @ user-manager-parent ---
[INFO] 
[INFO] --- maven-install-plugin:2.4:install (default-install) @ user-manager-parent ---
[INFO] Installing /home/travis/build/failed/petergeneric/stdlib/user-manager/pom.xml to /home/travis/.m2/repository/com/peterphi/user-manager/user-manager-parent/9.1.2-SNAPSHOT/user-manager-parent-9.1.2-SNAPSHOT.pom
[INFO]                                                                         
[INFO] ------------------------------------------------------------------------
[INFO] Building user manager rest api 9.1.2-SNAPSHOT
[INFO] ------------------------------------------------------------------------
[INFO] 
[INFO] --- maven-enforcer-plugin:1.0:enforce (enforce-maven) @ user-manager-api ---
[INFO] 
[INFO] --- buildnumber-maven-plugin:1.3:create (default) @ user-manager-api ---
[INFO] 
[INFO] --- maven-resources-plugin:2.6:resources (default-resources) @ user-manager-api ---
[INFO] Using 'UTF-8' encoding to copy filtered resources.
[INFO] skip non existing resourceDirectory /home/travis/build/failed/petergeneric/stdlib/user-manager/api/src/main/resources
[INFO] 
[INFO] --- maven-compiler-plugin:3.3:compile (default-compile) @ user-manager-api ---
[INFO] Nothing to compile - all classes are up to date
[INFO] 
[INFO] --- maven-resources-plugin:2.6:testResources (default-testResources) @ user-manager-api ---
[INFO] Using 'UTF-8' encoding to copy filtered resources.
[INFO] skip non existing resourceDirectory /home/travis/build/failed/petergeneric/stdlib/user-manager/api/src/test/resources
[INFO] 
[INFO] --- maven-compiler-plugin:3.3:testCompile (default-testCompile) @ user-manager-api ---
[INFO] No sources to compile
[INFO] 
[INFO] --- maven-surefire-plugin:2.19:test (default-test) @ user-manager-api ---
[INFO] Tests are skipped.
[INFO] 
[INFO] --- maven-jar-plugin:2.6:jar (default-jar) @ user-manager-api ---
[INFO] 
[INFO] --- maven-install-plugin:2.4:install (default-install) @ user-manager-api ---
[INFO] Installing /home/travis/build/failed/petergeneric/stdlib/user-manager/api/target/user-manager-api-9.1.2-SNAPSHOT.jar to /home/travis/.m2/repository/com/peterphi/user-manager/user-manager-api/9.1.2-SNAPSHOT/user-manager-api-9.1.2-SNAPSHOT.jar
[INFO] Installing /home/travis/build/failed/petergeneric/stdlib/user-manager/api/pom.xml to /home/travis/.m2/repository/com/peterphi/user-manager/user-manager-api/9.1.2-SNAPSHOT/user-manager-api-9.1.2-SNAPSHOT.pom
[INFO]                                                                         
[INFO] ------------------------------------------------------------------------
[INFO] Building stdlib guice webapp 9.1.2-SNAPSHOT
[INFO] ------------------------------------------------------------------------
[WARNING] The artifact xml-apis:xml-apis:jar:2.0.2 has been relocated to xml-apis:xml-apis:jar:1.0.b2
[INFO] 
[INFO] --- maven-enforcer-plugin:1.0:enforce (enforce-maven) @ stdlib-guice-webapp ---
[INFO] 
[INFO] --- buildnumber-maven-plugin:1.3:create (default) @ stdlib-guice-webapp ---
[INFO] 
[INFO] --- maven-resources-plugin:2.6:resources (default-resources) @ stdlib-guice-webapp ---
[INFO] Using 'UTF-8' encoding to copy filtered resources.
[INFO] Copying 9 resources
[INFO] 
[INFO] --- maven-compiler-plugin:3.3:compile (default-compile) @ stdlib-guice-webapp ---
[INFO] Changes detected - recompiling the module!
[INFO] Compiling 80 source files to /home/travis/build/failed/petergeneric/stdlib/guice/webapp/target/classes
[INFO] /home/travis/build/failed/petergeneric/stdlib/guice/webapp/src/main/java/com/peterphi/std/guice/web/rest/service/jwt/JSONUtil.java: Some input files use unchecked or unsafe operations.
[INFO] /home/travis/build/failed/petergeneric/stdlib/guice/webapp/src/main/java/com/peterphi/std/guice/web/rest/service/jwt/JSONUtil.java: Recompile with -Xlint:unchecked for details.
[INFO] -------------------------------------------------------------
[ERROR] COMPILATION ERROR : 
[INFO] -------------------------------------------------------------
[ERROR] /home/travis/build/failed/petergeneric/stdlib/guice/webapp/src/main/java/com/peterphi/std/guice/web/rest/auth/userprovider/HttpCallUser.java:[65,66] cannot find symbol
  symbol:   variable ROLE_SPECIAL_AUTHENTICATED
  location: class com.peterphi.std.guice.web.rest.auth.userprovider.WebappAuthenticationModule
[ERROR] /home/travis/build/failed/petergeneric/stdlib/guice/webapp/src/main/java/com/peterphi/std/guice/web/rest/auth/userprovider/HttpCallJWTUser.java:[283,66] cannot find symbol
  symbol:   variable ROLE_SPECIAL_AUTHENTICATED
  location: class com.peterphi.std.guice.web.rest.auth.userprovider.WebappAuthenticationModule
[INFO] 2 errors 
[INFO] -------------------------------------------------------------
[INFO] ------------------------------------------------------------------------
[INFO] Reactor Summary:
[INFO] 
[INFO] application framework parent ....................... SUCCESS [  0.454 s]
[INFO] stdlib ............................................. SUCCESS [  0.841 s]
[INFO] application framework guice modules parent ......... SUCCESS [  0.050 s]
[INFO] stdlib guice common ................................ SUCCESS [  0.486 s]
[INFO] user-manager ....................................... SUCCESS [  0.009 s]
[INFO] user manager rest api .............................. SUCCESS [  0.150 s]
[INFO] stdlib guice webapp ................................ FAILURE [  1.597 s]
[INFO] stdlib guice metrics ............................... SKIPPED
[INFO] stdlib guice freemarker webapp ..................... SKIPPED
[INFO] stdlib guice testing support ....................... SKIPPED
[INFO] stdlib guice hibernate ............................. SKIPPED
[INFO] stdlib guice hibernate testing support ............. SKIPPED
[INFO] stdlib guice liquibase support ..................... SKIPPED
[INFO] carbon client ...................................... SKIPPED
[INFO] configuration ...................................... SKIPPED
[INFO] Configuration Service .............................. SKIPPED
[INFO] user manager service ............................... SKIPPED
[INFO] ------------------------------------------------------------------------
[INFO] BUILD FAILURE
[INFO] ------------------------------------------------------------------------
[INFO] Total time: 4.405 s
[INFO] Finished at: 2022-02-19T06:30:01+00:00
[INFO] Final Memory: 26M/377M
[INFO] ------------------------------------------------------------------------
[ERROR] Failed to execute goal org.apache.maven.plugins:maven-compiler-plugin:3.3:compile (default-compile) on project stdlib-guice-webapp: Compilation failure: Compilation failure:
[ERROR] /home/travis/build/failed/petergeneric/stdlib/guice/webapp/src/main/java/com/peterphi/std/guice/web/rest/auth/userprovider/HttpCallUser.java:[65,66] cannot find symbol
[ERROR] symbol:   variable ROLE_SPECIAL_AUTHENTICATED
[ERROR] location: class com.peterphi.std.guice.web.rest.auth.userprovider.WebappAuthenticationModule
[ERROR] /home/travis/build/failed/petergeneric/stdlib/guice/webapp/src/main/java/com/peterphi/std/guice/web/rest/auth/userprovider/HttpCallJWTUser.java:[283,66] cannot find symbol
[ERROR] symbol:   variable ROLE_SPECIAL_AUTHENTICATED
[ERROR] location: class com.peterphi.std.guice.web.rest.auth.userprovider.WebappAuthenticationModule
[ERROR] -> [Help 1]
[ERROR] 
[ERROR] To see the full stack trace of the errors, re-run Maven with the -e switch.
[ERROR] Re-run Maven using the -X switch to enable full debug logging.
[ERROR] 
[ERROR] For more information about the errors and possible solutions, please read the following articles:
[ERROR] [Help 1] http://cwiki.apache.org/confluence/display/MAVEN/MojoFailureException
[ERROR] 
[ERROR] After correcting the problems, you can resume the build with the command
[ERROR]   mvn <goals> -rf :stdlib-guice-webapp

[31;1mThe command "eval mvn -o install -DskipTests=true -Dmaven.javadoc.skip=true -B -V " failed 3 times.[0m

travis_time:end:09ea17ea:start=1645252149392391132,finish=1645252207963209463,duration=58570818331,event=install[0K[31;1mThe command "mvn -o install -DskipTests=true -Dmaven.javadoc.skip=true -B -V" failed and exited with 1 during .[0m

Your build has been stopped.
