travis_time:start:0da2e0d8[0Ktravis_time:end:0da2e0d8:start=1645298194175979110,finish=1645298195051680409,duration=875701299,event=no_world_writable_dirs[0Ktravis_time:start:023272f6[0Ktravis_time:end:023272f6:start=1645298195059255735,finish=1645298195064628079,duration=5372344,event=check_unsupported[0Ktravis_time:start:06c83088[0Ktravis_fold:start:system_info[0K[33;1mBuild system information[0m
Build language: java
Build group: stable
Build dist: trusty
Build id: ''
Job id: ''
Runtime kernel version: 4.15.0-109-generic
[34m[1mBuild image provisioning date and time[0m
Tue Dec  5 20:11:19 UTC 2017
[34m[1mOperating System Details[0m
Distributor ID:	Ubuntu
Description:	Ubuntu 14.04.5 LTS
Release:	14.04
Codename:	trusty
[34m[1mCookbooks Version[0m
7c2c6a6 https://github.com/travis-ci/travis-cookbooks/tree/7c2c6a6
[34m[1mgit version[0m
git version 2.15.1
[34m[1mbash version[0m
GNU bash, version 4.3.11(1)-release (x86_64-pc-linux-gnu)
[34m[1mgcc version[0m
gcc (Ubuntu 4.8.4-2ubuntu1~14.04.3) 4.8.4
Copyright (C) 2013 Free Software Foundation, Inc.
This is free software; see the source for copying conditions.  There is NO
warranty; not even for MERCHANTABILITY or FITNESS FOR A PARTICULAR PURPOSE.

[34m[1mdocker version[0m
Client:
 Version:      17.09.0-ce
 API version:  1.32
 Go version:   go1.8.3
 Git commit:   afdb6d4
 Built:        Tue Sep 26 22:39:28 2017
 OS/Arch:      linux/amd64
[34m[1mclang version[0m
clang version 5.0.0 (tags/RELEASE_500/final)
Target: x86_64-unknown-linux-gnu
Thread model: posix
InstalledDir: /usr/local/clang-5.0.0/bin
[34m[1mjq version[0m
jq-1.5
[34m[1mbats version[0m
Bats 0.4.0
[34m[1mshellcheck version[0m
0.4.6
[34m[1mshfmt version[0m
v2.0.0
[34m[1mccache version[0m
ccache version 3.1.9

Copyright (C) 2002-2007 Andrew Tridgell
Copyright (C) 2009-2011 Joel Rosdahl

This program is free software; you can redistribute it and/or modify it under
the terms of the GNU General Public License as published by the Free Software
Foundation; either version 3 of the License, or (at your option) any later
version.
[34m[1mcmake version[0m
cmake version 3.9.2

CMake suite maintained and supported by Kitware (kitware.com/cmake).
[34m[1mheroku version[0m
heroku-cli/6.14.39-addc925 (linux-x64) node-v9.2.0
[34m[1mimagemagick version[0m
Version: ImageMagick 6.7.7-10 2017-07-31 Q16 http://www.imagemagick.org
[34m[1mmd5deep version[0m
4.2
[34m[1mmercurial version[0m
Mercurial Distributed SCM (version 4.2.2)
(see https://mercurial-scm.org for more information)

Copyright (C) 2005-2017 Matt Mackall and others
This is free software; see the source for copying conditions. There is NO
warranty; not even for MERCHANTABILITY or FITNESS FOR A PARTICULAR PURPOSE.
[34m[1mmysql version[0m
mysql  Ver 14.14 Distrib 5.6.33, for debian-linux-gnu (x86_64) using  EditLine wrapper
[34m[1mopenssl version[0m
OpenSSL 1.0.1f 6 Jan 2014
[34m[1mpacker version[0m
Packer v1.0.2

Your version of Packer is out of date! The latest version
is 1.1.2. You can update by downloading from www.packer.io
[34m[1mpostgresql client version[0m
psql (PostgreSQL) 9.6.6
[34m[1mragel version[0m
Ragel State Machine Compiler version 6.8 Feb 2013
Copyright (c) 2001-2009 by Adrian Thurston
[34m[1msubversion version[0m
svn, version 1.8.8 (r1568071)
   compiled Aug 10 2017, 17:20:39 on x86_64-pc-linux-gnu

Copyright (C) 2013 The Apache Software Foundation.
This software consists of contributions made by many people;
see the NOTICE file for more information.
Subversion is open source software, see http://subversion.apache.org/

The following repository access (RA) modules are available:

* ra_svn : Module for accessing a repository using the svn network protocol.
  - with Cyrus SASL authentication
  - handles 'svn' scheme
* ra_local : Module for accessing a repository on local disk.
  - handles 'file' scheme
* ra_serf : Module for accessing a repository via WebDAV protocol using serf.
  - using serf 1.3.3
  - handles 'http' scheme
  - handles 'https' scheme

[34m[1msudo version[0m
Sudo version 1.8.9p5
Configure options: --prefix=/usr -v --with-all-insults --with-pam --with-fqdn --with-logging=syslog --with-logfac=authpriv --with-env-editor --with-editor=/usr/bin/editor --with-timeout=15 --with-password-timeout=0 --with-passprompt=[sudo] password for %p:  --without-lecture --with-tty-tickets --disable-root-mailer --enable-admin-flag --with-sendmail=/usr/sbin/sendmail --with-timedir=/var/lib/sudo --mandir=/usr/share/man --libexecdir=/usr/lib/sudo --with-sssd --with-sssd-lib=/usr/lib/x86_64-linux-gnu --with-selinux
Sudoers policy plugin version 1.8.9p5
Sudoers file grammar version 43

Sudoers path: /etc/sudoers
Authentication methods: 'pam'
Syslog facility if syslog is being used for logging: authpriv
Syslog priority to use when user authenticates successfully: notice
Syslog priority to use when user authenticates unsuccessfully: alert
Send mail if the user is not in sudoers
Use a separate timestamp for each user/tty combo
Lecture user the first time they run sudo
Root may run sudo
Allow some information gathering to give useful error messages
Require fully-qualified hostnames in the sudoers file
Visudo will honor the EDITOR environment variable
Set the LOGNAME and USER environment variables
Length at which to wrap log file lines (0 for no wrap): 80
Authentication timestamp timeout: 15.0 minutes
Password prompt timeout: 0.0 minutes
Number of tries to enter a password: 3
Umask to use or 0777 to use user's: 022
Path to mail program: /usr/sbin/sendmail
Flags for mail program: -t
Address to send mail to: root
Subject line for mail messages: *** SECURITY information for %h ***
Incorrect password message: Sorry, try again.
Path to authentication timestamp dir: /var/lib/sudo
Default password prompt: [sudo] password for %p: 
Default user to run commands as: root
Value to override user's $PATH with: /usr/local/sbin:/usr/local/bin:/usr/sbin:/usr/bin:/sbin:/bin:/snap/bin
Path to the editor for use by visudo: /usr/bin/editor
When to require a password for 'list' pseudocommand: any
When to require a password for 'verify' pseudocommand: all
File descriptors >= 3 will be closed before executing a command
Environment variables to check for sanity:
	TZ
	TERM
	LINGUAS
	LC_*
	LANGUAGE
	LANG
	COLORTERM
Environment variables to remove:
	RUBYOPT
	RUBYLIB
	PYTHONUSERBASE
	PYTHONINSPECT
	PYTHONPATH
	PYTHONHOME
	TMPPREFIX
	ZDOTDIR
	READNULLCMD
	NULLCMD
	FPATH
	PERL5DB
	PERL5OPT
	PERL5LIB
	PERLLIB
	PERLIO_DEBUG 
	JAVA_TOOL_OPTIONS
	SHELLOPTS
	GLOBIGNORE
	PS4
	BASH_ENV
	ENV
	TERMCAP
	TERMPATH
	TERMINFO_DIRS
	TERMINFO
	_RLD*
	LD_*
	PATH_LOCALE
	NLSPATH
	HOSTALIASES
	RES_OPTIONS
	LOCALDOMAIN
	CDPATH
	IFS
Environment variables to preserve:
	JAVA_HOME
	TRAVIS
	CI
	DEBIAN_FRONTEND
	XAUTHORIZATION
	XAUTHORITY
	PS2
	PS1
	PATH
	LS_COLORS
	KRB5CCNAME
	HOSTNAME
	HOME
	DISPLAY
	COLORS
Locale to use while parsing sudoers: C
Directory in which to store input/output logs: /var/log/sudo-io
File in which to store the input/output log: %{seq}
Add an entry to the utmp/utmpx file when allocating a pty
PAM service name to use
PAM service name to use for login shells
Create a new PAM session for the command to run in
Maximum I/O log sequence number: 0

Local IP address and netmask pairs:
	172.17.0.2/255.255.0.0

Sudoers I/O plugin version 1.8.9p5
[34m[1mgzip version[0m
gzip 1.6
Copyright (C) 2007, 2010, 2011 Free Software Foundation, Inc.
Copyright (C) 1993 Jean-loup Gailly.
This is free software.  You may redistribute copies of it under the terms of
the GNU General Public License <http://www.gnu.org/licenses/gpl.html>.
There is NO WARRANTY, to the extent permitted by law.

Written by Jean-loup Gailly.
[34m[1mzip version[0m
Copyright (c) 1990-2008 Info-ZIP - Type 'zip "-L"' for software license.
This is Zip 3.0 (July 5th 2008), by Info-ZIP.
Currently maintained by E. Gordon.  Please send bug reports to
the authors using the web page at www.info-zip.org; see README for details.

Latest sources and executables are at ftp://ftp.info-zip.org/pub/infozip,
as of above date; see http://www.info-zip.org/ for other sites.

Compiled with gcc 4.8.2 for Unix (Linux ELF) on Oct 21 2013.

Zip special compilation options:
	USE_EF_UT_TIME       (store Universal Time)
	BZIP2_SUPPORT        (bzip2 library version 1.0.6, 6-Sept-2010)
	    bzip2 code and library copyright (c) Julian R Seward
	    (See the bzip2 license for terms of use)
	SYMLINK_SUPPORT      (symbolic links supported)
	LARGE_FILE_SUPPORT   (can read and write large files on file system)
	ZIP64_SUPPORT        (use Zip64 to store large files in archives)
	UNICODE_SUPPORT      (store and read UTF-8 Unicode paths)
	STORE_UNIX_UIDs_GIDs (store UID/GID sizes/values using new extra field)
	UIDGID_NOT_16BIT     (old Unix 16-bit UID/GID extra field not used)
	[encryption, version 2.91 of 05 Jan 2007] (modified for Zip 3)

Encryption notice:
	The encryption code of this program is not copyrighted and is
	put in the public domain.  It was originally written in Europe
	and, to the best of our knowledge, can be freely distributed
	in both source and object forms from any country, including
	the USA under License Exception TSU of the U.S. Export
	Administration Regulations (section 740.13(e)) of 6 June 2002.

Zip environment options:
             ZIP:  [none]
          ZIPOPT:  [none]
[34m[1mvim version[0m
VIM - Vi IMproved 7.4 (2013 Aug 10, compiled Nov 24 2016 16:43:18)
Included patches: 1-52
Extra patches: 8.0.0056
Modified by pkg-vim-maintainers@lists.alioth.debian.org
Compiled by buildd@
Huge version without GUI.  Features included (+) or not (-):
+acl             +farsi           +mouse_netterm   +syntax
+arabic          +file_in_path    +mouse_sgr       +tag_binary
+autocmd         +find_in_path    -mouse_sysmouse  +tag_old_static
-balloon_eval    +float           +mouse_urxvt     -tag_any_white
-browse          +folding         +mouse_xterm     -tcl
++builtin_terms  -footer          +multi_byte      +terminfo
+byte_offset     +fork()          +multi_lang      +termresponse
+cindent         +gettext         -mzscheme        +textobjects
-clientserver    -hangul_input    +netbeans_intg   +title
-clipboard       +iconv           +path_extra      -toolbar
+cmdline_compl   +insert_expand   -perl            +user_commands
+cmdline_hist    +jumplist        +persistent_undo +vertsplit
+cmdline_info    +keymap          +postscript      +virtualedit
+comments        +langmap         +printer         +visual
+conceal         +libcall         +profile         +visualextra
+cryptv          +linebreak       +python          +viminfo
+cscope          +lispindent      -python3         +vreplace
+cursorbind      +listcmds        +quickfix        +wildignore
+cursorshape     +localmap        +reltime         +wildmenu
+dialog_con      -lua             +rightleft       +windows
+diff            +menu            -ruby            +writebackup
+digraphs        +mksession       +scrollbind      -X11
-dnd             +modify_fname    +signs           -xfontset
-ebcdic          +mouse           +smartindent     -xim
+emacs_tags      -mouseshape      -sniff           -xsmp
+eval            +mouse_dec       +startuptime     -xterm_clipboard
+ex_extra        +mouse_gpm       +statusline      -xterm_save
+extra_search    -mouse_jsbterm   -sun_workshop    -xpm
   system vimrc file: "$VIM/vimrc"
     user vimrc file: "$HOME/.vimrc"
 2nd user vimrc file: "~/.vim/vimrc"
      user exrc file: "$HOME/.exrc"
  fall-back for $VIM: "/usr/share/vim"
Compilation: gcc -c -I. -Iproto -DHAVE_CONFIG_H     -g -O2 -fstack-protector --param=ssp-buffer-size=4 -Wformat -Werror=format-security -U_FORTIFY_SOURCE -D_FORTIFY_SOURCE=1      
Linking: gcc   -Wl,-Bsymbolic-functions -Wl,-z,relro -Wl,--as-needed -o vim        -lm -ltinfo -lnsl  -lselinux  -lacl -lattr -lgpm -ldl    -L/usr/lib/python2.7/config-x86_64-linux-gnu -lpython2.7 -lpthread -ldl -lutil -lm -Xlinker -export-dynamic -Wl,-O1 -Wl,-Bsymbolic-functions      
[34m[1miptables version[0m
iptables v1.4.21
[34m[1mcurl version[0m
curl 7.35.0 (x86_64-pc-linux-gnu) libcurl/7.35.0 OpenSSL/1.0.1f zlib/1.2.8 libidn/1.28 librtmp/2.3
[34m[1mwget version[0m
GNU Wget 1.15 built on linux-gnu.
[34m[1mrsync version[0m
rsync  version 3.1.0  protocol version 31
[34m[1mgimme version[0m
v1.2.0
[34m[1mnvm version[0m
0.33.6
[34m[1mperlbrew version[0m
/home/travis/perl5/perlbrew/bin/perlbrew  - App::perlbrew/0.80
[34m[1mphpenv version[0m
rbenv 1.1.1-25-g6aa70b6
[34m[1mrvm version[0m
rvm 1.29.3 (latest) by Michal Papis, Piotr Kuczynski, Wayne E. Seguin [https://rvm.io]
[34m[1mdefault ruby version[0m
ruby 2.4.1p111 (2017-03-22 revision 58053) [x86_64-linux]
[34m[1mCouchDB version[0m
couchdb 1.6.1
[34m[1mElasticSearch version[0m
5.5.0
[34m[1mInstalled Firefox version[0m
firefox 56.0.2
[34m[1mMongoDB version[0m
MongoDB 3.4.10
[34m[1mPhantomJS version[0m
2.1.1
[34m[1mPre-installed PostgreSQL versions[0m
9.2.24
9.3.20
9.4.15
9.5.10
9.6.6
[34m[1mRabbitMQ Version[0m
3.6.14
[34m[1mRedis version[0m
redis-server 4.0.6
[34m[1mriak version[0m
2.2.3
[34m[1mPre-installed Go versions[0m
1.7.4
[34m[1mant version[0m
Apache Ant(TM) version 1.9.3 compiled on April 8 2014
[34m[1mmvn version[0m
Apache Maven 3.5.2 (138edd61fd100ec658bfa2d307c43b76940a5d7d; 2017-10-18T07:58:13Z)
Maven home: /usr/local/maven-3.5.2
Java version: 1.8.0_151, vendor: Oracle Corporation
Java home: /usr/lib/jvm/java-8-oracle/jre
Default locale: en_US, platform encoding: UTF-8
OS name: "linux", version: "4.4.0-101-generic", arch: "amd64", family: "unix"
[34m[1mgradle version[0m

------------------------------------------------------------
Gradle 4.0.1
------------------------------------------------------------

Build time:   2017-07-07 14:02:41 UTC
Revision:     38e5dc0f772daecca1d2681885d3d85414eb6826

Groovy:       2.4.11
Ant:          Apache Ant(TM) version 1.9.6 compiled on June 29 2015
JVM:          1.8.0_151 (Oracle Corporation 25.151-b12)
OS:           Linux 4.4.0-101-generic amd64

[34m[1mlein version[0m
Leiningen 2.8.1 on Java 1.8.0_151 Java HotSpot(TM) 64-Bit Server VM
[34m[1mPre-installed Node.js versions[0m
v4.8.6
v6.12.0
v6.12.1
v8.9
v8.9.1
[34m[1mphpenv versions[0m
  system
  5.6
* 5.6.32 (set by /home/travis/.phpenv/version)
  7.0
  7.0.25
  7.1
  7.1.11
  hhvm
  hhvm-stable
[34m[1mcomposer --version[0m
Composer version 1.5.2 2017-09-11 16:59:25
[34m[1mPre-installed Ruby versions[0m
ruby-2.2.7
ruby-2.3.4
ruby-2.4.1
travis_fold:end:system_info[0K
travis_time:end:06c83088:start=1645298195072141914,finish=1645298195082847635,duration=10705721,event=show_system_info[0Ktravis_time:start:17ac26ca[0Ktravis_time:end:17ac26ca:start=1645298195089590298,finish=1645298195110619215,duration=21028917,event=rm_riak_source[0Ktravis_time:start:0003b480[0Ktravis_time:end:0003b480:start=1645298195117327643,finish=1645298195131418507,duration=14090864,event=fix_rwky_redis[0Ktravis_time:start:070866d2[0K[31;1mTimeout waiting for network availability.[0m
travis_time:end:070866d2:start=1645298195139239544,finish=1645298217698208526,duration=22558968982,event=wait_for_network[0Ktravis_time:start:0510b55d[0Ktravis_time:end:0510b55d:start=1645298217707057049,finish=1645298280329219363,duration=62622162314,event=update_apt_keys[0Ktravis_time:start:19131c90[0Ktravis_time:end:19131c90:start=1645298280335029658,finish=1645298290975959502,duration=10640929844,event=fix_hhvm_source[0Ktravis_time:start:03f5bbea[0Ktravis_time:end:03f5bbea:start=1645298290983836989,finish=1645298290989613759,duration=5776770,event=update_mongo_arch[0Ktravis_time:start:2d18db36[0Ktravis_time:end:2d18db36:start=1645298290997251564,finish=1645298291065237478,duration=67985914,event=fix_sudo_enabled_trusty[0Ktravis_time:start:01b6620a[0Ktravis_time:end:01b6620a:start=1645298291074075259,finish=1645298291093672581,duration=19597322,event=clean_up_path[0Ktravis_time:start:0223c522[0Ktravis_time:end:0223c522:start=1645298291101455832,finish=1645298291119032187,duration=17576355,event=fix_resolv_conf[0Ktravis_time:start:0a4d8512[0Ktravis_time:end:0a4d8512:start=1645298291125912639,finish=1645298291143362021,duration=17449382,event=fix_etc_hosts[0Ktravis_time:start:21cc1d8c[0Ktravis_time:end:21cc1d8c:start=1645298291150241540,finish=1645298291166157567,duration=15916027,event=fix_mvn_settings_xml[0Ktravis_time:start:1e26c631[0Ktravis_time:end:1e26c631:start=1645298291174522448,finish=1645298291302857409,duration=128334961,event=no_ipv6_localhost[0Ktravis_time:start:0206dacc[0Ktravis_time:end:0206dacc:start=1645298291310454150,finish=1645298291315560924,duration=5106774,event=fix_etc_mavenrc[0Ktravis_time:start:0f496748[0Ktravis_time:end:0f496748:start=1645298291322875767,finish=1645298291330471146,duration=7595379,event=fix_wwdr_certificate[0Ktravis_time:start:2d769b9c[0Ktravis_time:end:2d769b9c:start=1645298291338567380,finish=1645298291458999133,duration=120431753,event=put_localhost_first[0Ktravis_time:start:0f593acb[0Ktravis_time:end:0f593acb:start=1645298291468296470,finish=1645298291473381895,duration=5085425,event=home_paths[0Ktravis_time:start:277fdfc0[0Ktravis_time:end:277fdfc0:start=1645298291483554125,finish=1645298291815096298,duration=331542173,event=disable_initramfs[0Ktravis_time:start:0a76fe94[0Ktravis_time:end:0a76fe94:start=1645298291822222872,finish=1645298292470094154,duration=647871282,event=disable_ssh_roaming[0Ktravis_time:start:07a37cc0[0Ktravis_time:end:07a37cc0:start=1645298292478838654,finish=1645298292485415808,duration=6577154,event=debug_tools[0Ktravis_time:start:228fdb72[0Ktravis_time:end:228fdb72:start=1645298292492246541,finish=1645298292500397937,duration=8151396,event=uninstall_oclint[0Ktravis_time:start:202d18fe[0Ktravis_time:end:202d18fe:start=1645298292507235298,finish=1645298292514573013,duration=7337715,event=rvm_use[0Ktravis_time:start:03e74884[0Ktravis_time:end:03e74884:start=1645298292521780989,finish=1645298292538786736,duration=17005747,event=rm_etc_boto_cfg[0Ktravis_time:start:15682854[0Ktravis_time:end:15682854:start=1645298292547236819,finish=1645298292553744621,duration=6507802,event=rm_oraclejdk8_symlink[0Ktravis_time:start:123578dc[0Ktravis_time:end:123578dc:start=1645298292562801573,finish=1645298293438579357,duration=875777784,event=enable_i386[0Ktravis_time:start:10e590f4[0Ktravis_time:end:10e590f4:start=1645298293445845957,finish=1645298293452318829,duration=6472872,event=update_rubygems[0Ktravis_time:start:013a10ec[0Ktravis_time:end:013a10ec:start=1645298293458204361,finish=1645298294671408820,duration=1213204459,event=ensure_path_components[0Ktravis_time:start:064b20e8[0Ktravis_time:end:064b20e8:start=1645298294678505198,finish=1645298294684208680,duration=5703482,event=redefine_curl[0Ktravis_time:start:07e9932f[0Ktravis_time:end:07e9932f:start=1645298294692038248,finish=1645298294697234849,duration=5196601,event=nonblock_pipe[0Ktravis_time:start:0eaf8a87[0Ktravis_time:end:0eaf8a87:start=1645298294704062158,finish=1645298303619212509,duration=8915150351,event=apt_get_update[0Ktravis_time:start:00286293[0Ktravis_time:end:00286293:start=1645298303626465765,finish=1645298303632605776,duration=6140011,event=deprecate_xcode_64[0Ktravis_time:start:06a9fa00[0Ktravis_time:end:06a9fa00:start=1645298303640373778,finish=1645298416270086085,duration=112629712307,event=update_heroku[0Ktravis_time:start:0f0fa62c[0Ktravis_time:end:0f0fa62c:start=1645298416277551273,finish=1645298416282695857,duration=5144584,event=shell_session_update[0Ktravis_time:start:031a6550[0Ktravis_fold:start:docker_mtu[0Ktee: /etc/docker/daemon.json: No such file or directory
docker: unrecognized service
travis_fold:end:docker_mtu[0Ktravis_time:end:031a6550:start=1645298416290898712,finish=1645298416332652074,duration=41753362,event=set_docker_mtu[0Ktravis_time:start:11b21980[0Ktravis_fold:start:resolvconf[0Kinitctl: Unable to connect to Upstart: Failed to connect to socket /com/ubuntu/upstart: Connection refused
 * Restarting resolvconf...
   ...done.
travis_fold:end:resolvconf[0Ktravis_time:end:11b21980:start=1645298416340158726,finish=1645298416862160536,duration=522001810,event=resolvconf[0K
travis_fold:start:install_jdk[0K[33;1mInstalling oraclejdk8[0m
$ jdk_switcher use "oraclejdk8"
Switching to Oracle JDK8 (java-8-oracle), JAVA_HOME will be set to /usr/lib/jvm/java-8-oracle
travis_fold:end:install_jdk[0Ktravis_time:start:0e69f300[0Ktravis_time:end:0e69f300:start=1645298467453646233,finish=1645298467459180431,duration=5534198,event=fix_ps4[0Ktravis_time:start:09924c30[0K
$ cd failed/Whiley/WhileyCompiler

travis_time:end:09924c30:start=1645298467466393869,finish=1645298467471638652,duration=5244783,event=checkout[0Ktravis_time:start:276607e5[0Ktravis_time:end:276607e5:start=1645298467478818842,finish=1645298468976830265,duration=1498011423,event=env[0K$ java -Xmx32m -version
java version "1.8.0_151"
Java(TM) SE Runtime Environment (build 1.8.0_151-b12)
Java HotSpot(TM) 64-Bit Server VM (build 25.151-b12, mixed mode)
$ javac -J-Xmx32m -version
javac 1.8.0_151
travis_fold:start:install[0Ktravis_time:start:14458488[0K$ true
travis_time:end:14458488:start=1645298469905703747,finish=1645298469911106702,duration=5402955,event=install[0Ktravis_fold:end:install[0Ktravis_time:start:06649cf8[0K$ touch running_on_travis
travis_time:end:06649cf8:start=1645298469918893615,finish=1645298469928594922,duration=9701307,event=script[0K[32;1mThe command "touch running_on_travis" exited with 0.[0m
travis_time:start:03e9e35c[0K$ ant test
Buildfile: /home/travis/build/failed/Whiley/WhileyCompiler/build.xml
[artifact:dependencies] [WARNING] While downloading ant:ant:1.7.0
[artifact:dependencies]   This artifact has been relocated to org.apache.ant:ant:1.7.0.
[artifact:dependencies] 
[artifact:dependencies] 

setup:

compile:

compile-tests:

test:
    [junit] WARNING: multiple versions of ant detected in path for junit 
    [junit]          jar:file:/usr/share/ant/lib/ant.jar!/org/apache/tools/ant/Project.class
    [junit]      and jar:file:/home/travis/.m2/failed/org/apache/ant/ant/1.7.0/ant-1.7.0.jar!/org/apache/tools/ant/Project.class
    [junit] Running wyc.testing.AllInvalidTest
    [junit] Testsuite: wyc.testing.AllInvalidTest
    [junit] Tests run: 432, Failures: 1, Errors: 0, Skipped: 24, Time elapsed: 133.611 sec
    [junit] Tests run: 432, Failures: 1, Errors: 0, Skipped: 24, Time elapsed: 133.611 sec
    [junit] ------------- Standard Error -----------------
    [junit]  < tests/invalid/Template_Invalid_3.whiley:1: name already declared
    [junit]  > tests/invalid/Template_Invalid_3.whiley:1: duplicate template variable
    [junit] 
    [junit] ------------- ---------------- ---------------
    [junit] 
    [junit] Testcase: invalid[AddressExpression_Invalid_1] took 5.597 sec
    [junit] Testcase: invalid[AddressExpression_Invalid_2] took 0.187 sec
    [junit] Testcase: invalid[ArrayAccess_Invalid_1] took 0.084 sec
    [junit] Testcase: invalid[ArrayAccess_Invalid_2] took 3.174 sec
    [junit] Testcase: invalid[ArrayAccess_Invalid_3] took 0.93 sec
    [junit] Testcase: invalid[ArrayAccess_Invalid_4] took 0.298 sec
    [junit] Testcase: invalid[ArrayAccess_Invalid_5] took 0.941 sec
    [junit] Testcase: invalid[ArrayAssign_Invalid_1] took 0.189 sec
    [junit] Testcase: invalid[ArrayAssign_Invalid_2] took 0.393 sec
    [junit] Testcase: invalid[ArrayAssign_Invalid_3] took 0.616 sec
    [junit] Testcase: invalid[ArrayConversion_Invalid_1] took 0.393 sec
    [junit] Testcase: invalid[ArrayEmpty_Invalid_1] took 0.449 sec
    [junit] Testcase: invalid[ArrayEmpty_Invalid_2] took 0.272 sec
    [junit] Testcase: invalid[ArrayEquals_Invalid_1] took 0.314 sec
    [junit] Testcase: invalid[ArrayGenerator_Invalid_1] took 0.41 sec
    [junit] Testcase: invalid[ArrayGenerator_Invalid_2] took 0.425 sec
    [junit] Testcase: invalid[ArrayGenerator_Invalid_3] took 0.51 sec
    [junit] Testcase: invalid[ArrayGenerator_Invalid_4] took 0.34 sec
    [junit] Testcase: invalid[ArrayGenerator_Invalid_5] took 0.282 sec
    [junit] Testcase: invalid[ArrayLength_Invalid_1] took 0.447 sec
    [junit] Testcase: invalid[ArrayLength_Invalid_2] took 0.668 sec
    [junit] Testcase: invalid[ArrayLength_Invalid_3] took 0.361 sec
    [junit] Testcase: invalid[ArrayUpdate_Invalid_1] took 0.252 sec
    [junit] Testcase: invalid[Array_Invalid_1] took 0.254 sec
    [junit] Testcase: invalid[Array_Invalid_10] took 1.106 sec
    [junit] Testcase: invalid[Array_Invalid_11] took 0.586 sec
    [junit] Testcase: invalid[Array_Invalid_12] took 0.429 sec
    [junit] Testcase: invalid[Array_Invalid_13] took 0.176 sec
    [junit] Testcase: invalid[Array_Invalid_14] took 0.419 sec
    [junit] Testcase: invalid[Array_Invalid_15] took 0.452 sec
    [junit] Testcase: invalid[Array_Invalid_16] took 0.419 sec
    [junit] Testcase: invalid[Array_Invalid_17] took 0.375 sec
    [junit] Testcase: invalid[Array_Invalid_18] took 0.306 sec
    [junit] Testcase: invalid[Array_Invalid_19] took 0.465 sec
    [junit] Testcase: invalid[Array_Invalid_2] took 0.42 sec
    [junit] Testcase: invalid[Array_Invalid_20] took 0.288 sec
    [junit] Testcase: invalid[Array_Invalid_21] took 0.309 sec
    [junit] Testcase: invalid[Array_Invalid_22] took 0.358 sec
    [junit] Testcase: invalid[Array_Invalid_23] took 0.317 sec
    [junit] Testcase: invalid[Array_Invalid_24] took 0.491 sec
    [junit] Testcase: invalid[Array_Invalid_3] took 0.326 sec
    [junit] Testcase: invalid[Array_Invalid_4] took 0.403 sec
    [junit] Testcase: invalid[Array_Invalid_5] took 0.415 sec
    [junit] Testcase: invalid[Array_Invalid_6] took 0.351 sec
    [junit] Testcase: invalid[Array_Invalid_7] took 0.31 sec
    [junit] Testcase: invalid[Array_Invalid_8] took 0.334 sec
    [junit] Testcase: invalid[Array_Invalid_9] took 0.372 sec
    [junit] Testcase: invalid[Assert_Invalid_1] took 0.488 sec
    [junit] Testcase: invalid[Assert_Invalid_2] took 0.352 sec
    [junit] Testcase: invalid[Assert_Invalid_3] took 0.626 sec
    [junit] Testcase: invalid[Assign_Invalid_1] took 0.314 sec
    [junit] Testcase: invalid[Assign_Invalid_2] took 0.482 sec
    [junit] Testcase: invalid[Assign_Invalid_3] took 0.482 sec
    [junit] Testcase: invalid[Assign_Invalid_4] took 0.251 sec
    [junit] Testcase: invalid[Assign_Invalid_5] took 0.494 sec
    [junit] Testcase: invalid[Assign_Invalid_6] took 0.396 sec
    [junit] Testcase: invalid[Assign_Invalid_7] took 0.358 sec
    [junit] Testcase: invalid[Assign_Invalid_8] took 0.378 sec
    [junit] Testcase: invalid[Assign_Invalid_9] took 0.277 sec
    [junit] Testcase: invalid[Byte_Invalid_1] took 0.518 sec
    [junit] Testcase: invalid[Byte_Invalid_2] took 0.205 sec
    [junit] Testcase: invalid[Coercion_Invalid_1] took 0.414 sec
    [junit] Testcase: invalid[Coercion_Invalid_10] took 0.396 sec
    [junit] Testcase: invalid[Coercion_Invalid_11] took 0.335 sec
    [junit] Testcase: invalid[Coercion_Invalid_2] took 0.268 sec
    [junit] Testcase: invalid[Coercion_Invalid_3] took 0.231 sec
    [junit] Testcase: invalid[Coercion_Invalid_4] took 0.321 sec
    [junit] Testcase: invalid[Coercion_Invalid_5] took 0.235 sec
    [junit] Testcase: invalid[Coercion_Invalid_6] took 0.324 sec
    [junit] Testcase: invalid[Coercion_Invalid_7] took 0.219 sec
    [junit] Testcase: invalid[Coercion_Invalid_8] took 0.241 sec
    [junit] Testcase: invalid[Coercion_Invalid_9] took 0.353 sec
    [junit] Testcase: invalid[Constant_Invalid_1] took 0.305 sec
    [junit] Testcase: invalid[Constant_Invalid_2] took 0.386 sec
    [junit] Testcase: invalid[ConstrainedArray_Invalid_1] took 0.394 sec
    [junit] Testcase: invalid[ConstrainedArray_Invalid_2] took 0.343 sec
    [junit] Testcase: invalid[ConstrainedArray_Invalid_3] took 0.407 sec
    [junit] Testcase: invalid[ConstrainedInt_Invalid_1] took 0.447 sec
    [junit] Testcase: invalid[ConstrainedInt_Invalid_11] took 0.282 sec
    [junit] Testcase: invalid[ConstrainedInt_Invalid_12] took 0.362 sec
    [junit] Testcase: invalid[ConstrainedInt_Invalid_2] took 0.336 sec
    [junit] Testcase: invalid[ConstrainedInt_Invalid_3] took 0.317 sec
    [junit] Testcase: invalid[ConstrainedInt_Invalid_4] took 0.249 sec
    [junit] Testcase: invalid[ConstrainedInt_Invalid_5] took 0.256 sec
    [junit] Testcase: invalid[ConstrainedInt_Invalid_6] took 0.21 sec
    [junit] Testcase: invalid[ConstrainedInt_Invalid_7] took 0.241 sec
    [junit] Testcase: invalid[ConstrainedInt_Invalid_8] took 0.352 sec
    [junit] Testcase: invalid[ConstrainedInt_Invalid_9] took 0.225 sec
    [junit] Testcase: invalid[ConstrainedRecord_Invalid_1] took 0.333 sec
    [junit] Testcase: invalid[Continue_Invalid_1] took 0.212 sec
    [junit] Testcase: invalid[Continue_Invalid_2] took 0.353 sec
    [junit] Testcase: invalid[DefiniteAssign_Invalid_1] took 0.194 sec
    [junit] Testcase: invalid[DefiniteAssign_Invalid_2] took 0.262 sec
    [junit] Testcase: invalid[DefiniteAssign_Invalid_3] took 0.454 sec
    [junit] Testcase: invalid[DefiniteAssign_Invalid_4] took 0.172 sec
    [junit] Testcase: invalid[DoWhile_Invalid_1] took 0.38 sec
    [junit] Testcase: invalid[DoWhile_Invalid_2] took 0.357 sec
    [junit] Testcase: invalid[DoWhile_Invalid_3] took 0.813 sec
    [junit] Testcase: invalid[DoWhile_Invalid_4] took 0.33 sec
    [junit] Testcase: invalid[DoWhile_Invalid_5] took 0.261 sec
    [junit] Testcase: invalid[DoWhile_Invalid_6] took 0.003 sec
    [junit] 	SKIPPED: Test DoWhile_Invalid_6 skipped: ??
    [junit] Testcase: invalid[DoWhile_Invalid_6] took 0.003 sec
    [junit] Testcase: invalid[DoWhile_Invalid_7] took 1.395 sec
    [junit] Testcase: invalid[DoWhile_Invalid_8] took 0 sec
    [junit] 	SKIPPED: Test DoWhile_Invalid_8 skipped: ??
    [junit] Testcase: invalid[DoWhile_Invalid_8] took 0 sec
    [junit] Testcase: invalid[EndOfFile_Invalid_1] took 0.378 sec
    [junit] Testcase: invalid[Ensures_Invalid_1] took 0.266 sec
    [junit] Testcase: invalid[Ensures_Invalid_2] took 0.24 sec
    [junit] Testcase: invalid[Ensures_Invalid_3] took 0.24 sec
    [junit] Testcase: invalid[Ensures_Invalid_4] took 0.747 sec
    [junit] Testcase: invalid[Export_Invalid_1] took 0.345 sec
    [junit] Testcase: invalid[Fail_Invalid_1] took 0.384 sec
    [junit] Testcase: invalid[Fail_Invalid_2] took 0.282 sec
    [junit] Testcase: invalid[Fail_Invalid_3] took 0.318 sec
    [junit] Testcase: invalid[Final_Invalid_1] took 0.339 sec
    [junit] Testcase: invalid[Final_Invalid_10] took 0.31 sec
    [junit] Testcase: invalid[Final_Invalid_11] took 0.239 sec
    [junit] Testcase: invalid[Final_Invalid_12] took 0.314 sec
    [junit] Testcase: invalid[Final_Invalid_13] took 0.584 sec
    [junit] Testcase: invalid[Final_Invalid_14] took 0.297 sec
    [junit] Testcase: invalid[Final_Invalid_15] took 0.296 sec
    [junit] Testcase: invalid[Final_Invalid_2] took 0.29 sec
    [junit] Testcase: invalid[Final_Invalid_3] took 0.226 sec
    [junit] Testcase: invalid[Final_Invalid_4] took 0.222 sec
    [junit] Testcase: invalid[Final_Invalid_5] took 0.233 sec
    [junit] Testcase: invalid[Final_Invalid_6] took 0.19 sec
    [junit] Testcase: invalid[Final_Invalid_7] took 0.21 sec
    [junit] Testcase: invalid[Final_Invalid_8] took 0.257 sec
    [junit] Testcase: invalid[Final_Invalid_9] took 0.219 sec
    [junit] Testcase: invalid[FunctionRef_Invalid_1] took 0.271 sec
    [junit] Testcase: invalid[FunctionRef_Invalid_2] took 0.255 sec
    [junit] Testcase: invalid[FunctionRef_Invalid_3] took 0.166 sec
    [junit] Testcase: invalid[FunctionRef_Invalid_4] took 0.18 sec
    [junit] Testcase: invalid[FunctionRef_Invalid_5] took 0.303 sec
    [junit] Testcase: invalid[FunctionRef_Invalid_6] took 0.257 sec
    [junit] Testcase: invalid[FunctionRef_Invalid_7] took 0.519 sec
    [junit] Testcase: invalid[Function_Invalid_1] took 0.274 sec
    [junit] Testcase: invalid[Function_Invalid_10] took 0.256 sec
    [junit] Testcase: invalid[Function_Invalid_11] took 0.658 sec
    [junit] Testcase: invalid[Function_Invalid_12] took 0.18 sec
    [junit] Testcase: invalid[Function_Invalid_13] took 0.049 sec
    [junit] Testcase: invalid[Function_Invalid_2] took 0.212 sec
    [junit] Testcase: invalid[Function_Invalid_3] took 0.174 sec
    [junit] Testcase: invalid[Function_Invalid_4] took 0.089 sec
    [junit] Testcase: invalid[Function_Invalid_9] took 0.089 sec
    [junit] Testcase: invalid[If_Invalid_1] took 0.106 sec
    [junit] Testcase: invalid[If_Invalid_2] took 0.131 sec
    [junit] Testcase: invalid[If_Invalid_4] took 0.251 sec
    [junit] Testcase: invalid[If_Invalid_5] took 0.278 sec
    [junit] Testcase: invalid[Import_Invalid_1] took 0.263 sec
    [junit] Testcase: invalid[IntDiv_Invalid_1] took 0.21 sec
    [junit] Testcase: invalid[Lambda_Invalid_3] took 0.131 sec
    [junit] Testcase: invalid[Lambda_Invalid_4] took 0.228 sec
    [junit] Testcase: invalid[Lifetime_Invalid_1] took 0.349 sec
    [junit] Testcase: invalid[Lifetime_Invalid_2] took 0.223 sec
    [junit] Testcase: invalid[Lifetime_Invalid_3] took 0.054 sec
    [junit] Testcase: invalid[Lifetime_Invalid_4] took 0.109 sec
    [junit] Testcase: invalid[Lifetime_Invalid_5] took 0.159 sec
    [junit] Testcase: invalid[Lifetime_Invalid_6] took 0.117 sec
    [junit] Testcase: invalid[Lifetime_Invalid_7] took 0.121 sec
    [junit] Testcase: invalid[Lifetime_Invalid_8] took 0.125 sec
    [junit] Testcase: invalid[Lifetime_Invalid_9] took 0.224 sec
    [junit] Testcase: invalid[Lifetime_Lambda_Invalid_1] took 0.164 sec
    [junit] Testcase: invalid[Lifetime_Lambda_Invalid_2] took 0.069 sec
    [junit] Testcase: invalid[Lifetime_Lambda_Invalid_3] took 0.001 sec
    [junit] 	SKIPPED: Test Lifetime_Lambda_Invalid_3 skipped: #794
    [junit] Testcase: invalid[Lifetime_Lambda_Invalid_3] took 0.001 sec
    [junit] Testcase: invalid[Lifetime_Lambda_Invalid_4] took 0.119 sec
    [junit] Testcase: invalid[Lifetime_Lambda_Invalid_5] took 0 sec
    [junit] 	SKIPPED: Test Lifetime_Lambda_Invalid_5 skipped: #795
    [junit] Testcase: invalid[Lifetime_Lambda_Invalid_5] took 0 sec
    [junit] Testcase: invalid[Lifetime_Lambda_Invalid_6] took 0 sec
    [junit] 	SKIPPED: Test Lifetime_Lambda_Invalid_6 skipped: #765
    [junit] Testcase: invalid[Lifetime_Lambda_Invalid_6] took 0 sec
    [junit] Testcase: invalid[MethodCall_Invalid_1] took 0.143 sec
    [junit] Testcase: invalid[MethodCall_Invalid_2] took 0.074 sec
    [junit] Testcase: invalid[MethodCall_Invalid_3] took 0.11 sec
    [junit] Testcase: invalid[MethodCall_Invalid_4] took 0.093 sec
    [junit] Testcase: invalid[MethodCall_Invalid_5] took 0.072 sec
    [junit] Testcase: invalid[MethodCall_Invalid_6] took 0.199 sec
    [junit] Testcase: invalid[MethodCall_Invalid_7] took 0.261 sec
    [junit] Testcase: invalid[MethodCall_Invalid_8] took 0.318 sec
    [junit] Testcase: invalid[MethodRef_Invalid_1] took 0.234 sec
    [junit] Testcase: invalid[MethodRef_Invalid_2] took 0.199 sec
    [junit] Testcase: invalid[MethodRef_Invalid_3] took 0.173 sec
    [junit] Testcase: invalid[MethodRef_Invalid_4] took 0.226 sec
    [junit] Testcase: invalid[Method_Invalid_9] took 0.248 sec
    [junit] Testcase: invalid[MultiAssign_Invalid_1] took 0.106 sec
    [junit] Testcase: invalid[Native_Invalid_1] took 0.103 sec
    [junit] Testcase: invalid[OpenRecord_Invalid_1] took 0.176 sec
    [junit] Testcase: invalid[OpenRecord_Invalid_2] took 0.131 sec
    [junit] Testcase: invalid[OpenRecord_Invalid_3] took 0.096 sec
    [junit] Testcase: invalid[OpenRecord_Invalid_4] took 0.127 sec
    [junit] Testcase: invalid[OpenRecord_Invalid_5] took 0.083 sec
    [junit] Testcase: invalid[OpenRecord_Invalid_6] took 0.086 sec
    [junit] Testcase: invalid[OpenRecord_Invalid_7] took 0.106 sec
    [junit] Testcase: invalid[Parameter_Invalid_1] took 0.133 sec
    [junit] Testcase: invalid[Parameter_Invalid_2] took 0.037 sec
    [junit] Testcase: invalid[Parsing_Invalid_1] took 0 sec
    [junit] 	SKIPPED: Test Parsing_Invalid_1 skipped: 608
    [junit] Testcase: invalid[Parsing_Invalid_1] took 0 sec
    [junit] Testcase: invalid[Parsing_Invalid_10] took 0.163 sec
    [junit] Testcase: invalid[Parsing_Invalid_11] took 0.174 sec
    [junit] Testcase: invalid[Parsing_Invalid_12] took 0.11 sec
    [junit] Testcase: invalid[Parsing_Invalid_15] took 0.129 sec
    [junit] Testcase: invalid[Parsing_Invalid_16] took 0.088 sec
    [junit] Testcase: invalid[Parsing_Invalid_2] took 0 sec
    [junit] 	SKIPPED: Test Parsing_Invalid_2 skipped: 608
    [junit] Testcase: invalid[Parsing_Invalid_2] took 0 sec
    [junit] Testcase: invalid[Parsing_Invalid_21] took 0.13 sec
    [junit] Testcase: invalid[Parsing_Invalid_23] took 0.132 sec
    [junit] Testcase: invalid[Parsing_Invalid_24] took 0.085 sec
    [junit] Testcase: invalid[Parsing_Invalid_25] took 0.203 sec
    [junit] Testcase: invalid[Parsing_Invalid_26] took 0.285 sec
    [junit] Testcase: invalid[Parsing_Invalid_27] took 0.196 sec
    [junit] Testcase: invalid[Parsing_Invalid_28] took 0.047 sec
    [junit] Testcase: invalid[Parsing_Invalid_29] took 0.102 sec
    [junit] Testcase: invalid[Parsing_Invalid_30] took 0.075 sec
    [junit] Testcase: invalid[Parsing_Invalid_31] took 0.174 sec
    [junit] Testcase: invalid[Parsing_Invalid_4] took 0.269 sec
    [junit] Testcase: invalid[Parsing_Invalid_5] took 0.134 sec
    [junit] Testcase: invalid[Parsing_Invalid_6] took 0.17 sec
    [junit] Testcase: invalid[Parsing_Invalid_8] took 0.225 sec
    [junit] Testcase: invalid[ProcessAccess_Invalid_1] took 0.267 sec
    [junit] Testcase: invalid[ProcessAccess_Invalid_2] took 0.243 sec
    [junit] Testcase: invalid[ProcessAccess_Invalid_3] took 0.271 sec
    [junit] Testcase: invalid[Process_Invalid_1] took 0.222 sec
    [junit] Testcase: invalid[Property_Invalid_1] took 0.218 sec
    [junit] Testcase: invalid[Property_Invalid_2] took 0.236 sec
    [junit] Testcase: invalid[Property_Invalid_3] took 0.388 sec
    [junit] Testcase: invalid[Property_Invalid_4] took 0.153 sec
    [junit] Testcase: invalid[Property_Invalid_5] took 0.134 sec
    [junit] Testcase: invalid[Property_Invalid_6] took 0.19 sec
    [junit] Testcase: invalid[Property_Invalid_7] took 0.214 sec
    [junit] Testcase: invalid[Property_Invalid_8] took 0.184 sec
    [junit] Testcase: invalid[Public_Invalid_1] took 0.237 sec
    [junit] Testcase: invalid[Public_Invalid_10] took 0.221 sec
    [junit] Testcase: invalid[Public_Invalid_11] took 0.202 sec
    [junit] Testcase: invalid[Public_Invalid_12] took 0.185 sec
    [junit] Testcase: invalid[Public_Invalid_2] took 0.166 sec
    [junit] Testcase: invalid[Public_Invalid_3] took 0.178 sec
    [junit] Testcase: invalid[Public_Invalid_4] took 0.163 sec
    [junit] Testcase: invalid[Public_Invalid_5] took 0.141 sec
    [junit] Testcase: invalid[Public_Invalid_6] took 0.107 sec
    [junit] Testcase: invalid[Public_Invalid_7] took 0.12 sec
    [junit] Testcase: invalid[Public_Invalid_8] took 0.211 sec
    [junit] Testcase: invalid[Public_Invalid_9] took 0.136 sec
    [junit] Testcase: invalid[Quantifiers_Invalid_1] took 0.098 sec
    [junit] Testcase: invalid[Quantifiers_Invalid_2] took 0.107 sec
    [junit] Testcase: invalid[Quantifiers_Invalid_3] took 0.112 sec
    [junit] Testcase: invalid[Quantifiers_Invalid_4] took 0.149 sec
    [junit] Testcase: invalid[Quantifiers_Invalid_5] took 0.145 sec
    [junit] Testcase: invalid[Quantifiers_Invalid_6] took 0.212 sec
    [junit] Testcase: invalid[Quantifiers_Invalid_7] took 0.148 sec
    [junit] Testcase: invalid[Quantifiers_Invalid_8] took 0.104 sec
    [junit] Testcase: invalid[Quantifiers_Invalid_9] took 0.175 sec
    [junit] Testcase: invalid[Record_Invalid_1] took 0.177 sec
    [junit] Testcase: invalid[Record_Invalid_2] took 0.174 sec
    [junit] Testcase: invalid[Record_Invalid_3] took 0.134 sec
    [junit] Testcase: invalid[Record_Invalid_4] took 0.155 sec
    [junit] Testcase: invalid[Record_Invalid_5] took 0.113 sec
    [junit] Testcase: invalid[Record_Invalid_6] took 0.139 sec
    [junit] Testcase: invalid[Record_Invalid_7] took 0.171 sec
    [junit] Testcase: invalid[RecursiveType_Invalid_1] took 0.169 sec
    [junit] Testcase: invalid[RecursiveType_Invalid_10] took 0.171 sec
    [junit] Testcase: invalid[RecursiveType_Invalid_11] took 0.111 sec
    [junit] Testcase: invalid[RecursiveType_Invalid_2] took 0 sec
    [junit] 	SKIPPED: Test RecursiveType_Invalid_2 skipped: WyTP#26
    [junit] Testcase: invalid[RecursiveType_Invalid_2] took 0 sec
    [junit] Testcase: invalid[RecursiveType_Invalid_3] took 0.183 sec
    [junit] Testcase: invalid[RecursiveType_Invalid_4] took 0.27 sec
    [junit] Testcase: invalid[RecursiveType_Invalid_5] took 0.272 sec
    [junit] Testcase: invalid[RecursiveType_Invalid_7] took 0.249 sec
    [junit] Testcase: invalid[RecursiveType_Invalid_8] took 0.357 sec
    [junit] Testcase: invalid[RecursiveType_Invalid_9] took 0.001 sec
    [junit] 	SKIPPED: Test RecursiveType_Invalid_9 skipped: unclassified
    [junit] Testcase: invalid[RecursiveType_Invalid_9] took 0.001 sec
    [junit] Testcase: invalid[Reference_Invalid_1] took 0.158 sec
    [junit] Testcase: invalid[Reference_Invalid_2] took 0 sec
    [junit] 	SKIPPED: Test Reference_Invalid_2 skipped: unclassified
    [junit] Testcase: invalid[Reference_Invalid_2] took 0 sec
    [junit] Testcase: invalid[Reference_Invalid_4] took 0.279 sec
    [junit] Testcase: invalid[Reference_Subtype_Variant_Invalid_1] took 0.149 sec
    [junit] Testcase: invalid[Remainder_Invalid_1] took 0.358 sec
    [junit] Testcase: invalid[Remainder_Invalid_2] took 0.141 sec
    [junit] Testcase: invalid[Remainder_Invalid_3] took 0.171 sec
    [junit] Testcase: invalid[Requires_Invalid_1] took 0.142 sec
    [junit] Testcase: invalid[Return_Invalid_1] took 0.12 sec
    [junit] Testcase: invalid[Return_Invalid_10] took 0.169 sec
    [junit] Testcase: invalid[Return_Invalid_11] took 0.125 sec
    [junit] Testcase: invalid[Return_Invalid_12] took 0.17 sec
    [junit] Testcase: invalid[Return_Invalid_2] took 0.23 sec
    [junit] Testcase: invalid[Return_Invalid_3] took 0.318 sec
    [junit] Testcase: invalid[Return_Invalid_4] took 0.272 sec
    [junit] Testcase: invalid[Return_Invalid_5] took 0.157 sec
    [junit] Testcase: invalid[Return_Invalid_6] took 0.269 sec
    [junit] Testcase: invalid[Return_Invalid_7] took 0.265 sec
    [junit] Testcase: invalid[Return_Invalid_8] took 0.157 sec
    [junit] Testcase: invalid[Return_Invalid_9] took 0.225 sec
    [junit] Testcase: invalid[StaticVar_Invalid_1] took 0.17 sec
    [junit] Testcase: invalid[StaticVar_Invalid_10] took 0.153 sec
    [junit] Testcase: invalid[StaticVar_Invalid_2] took 0.178 sec
    [junit] Testcase: invalid[StaticVar_Invalid_3] took 0.149 sec
    [junit] Testcase: invalid[StaticVar_Invalid_4] took 1.045 sec
    [junit] Testcase: invalid[StaticVar_Invalid_5] took 0.905 sec
    [junit] Testcase: invalid[StaticVar_Invalid_6] took 0.183 sec
    [junit] Testcase: invalid[StaticVar_Invalid_7] took 0.249 sec
    [junit] Testcase: invalid[StaticVar_Invalid_8] took 0.189 sec
    [junit] Testcase: invalid[StaticVar_Invalid_9] took 0.143 sec
    [junit] Testcase: invalid[Subtype_Invalid_1] took 0.178 sec
    [junit] Testcase: invalid[Subtype_Invalid_10] took 0.197 sec
    [junit] Testcase: invalid[Subtype_Invalid_2] took 0.234 sec
    [junit] Testcase: invalid[Subtype_Invalid_3] took 0.176 sec
    [junit] Testcase: invalid[Subtype_Invalid_4] took 0.231 sec
    [junit] Testcase: invalid[Subtype_Invalid_5] took 0.164 sec
    [junit] Testcase: invalid[Subtype_Invalid_6] took 0.249 sec
    [junit] Testcase: invalid[Subtype_Invalid_7] took 0.185 sec
    [junit] Testcase: invalid[Subtype_Invalid_8] took 0.337 sec
    [junit] Testcase: invalid[Subtype_Invalid_9] took 0.353 sec
    [junit] Testcase: invalid[Switch_Invalid_1] took 0.242 sec
    [junit] Testcase: invalid[Switch_Invalid_2] took 0.276 sec
    [junit] Testcase: invalid[Switch_Invalid_3] took 0.31 sec
    [junit] Testcase: invalid[Switch_Invalid_4] took 0.238 sec
    [junit] Testcase: invalid[Switch_Invalid_5] took 0.307 sec
    [junit] Testcase: invalid[Switch_Invalid_6] took 0.227 sec
    [junit] Testcase: invalid[Switch_Invalid_7] took 0.18 sec
    [junit] Testcase: invalid[Template_Invalid_1] took 0.135 sec
    [junit] Testcase: invalid[Template_Invalid_10] took 0.121 sec
    [junit] Testcase: invalid[Template_Invalid_11] took 0.206 sec
    [junit] Testcase: invalid[Template_Invalid_12] took 0.134 sec
    [junit] Testcase: invalid[Template_Invalid_13] took 0.163 sec
    [junit] Testcase: invalid[Template_Invalid_14] took 0.137 sec
    [junit] Testcase: invalid[Template_Invalid_15] took 0.106 sec
    [junit] Testcase: invalid[Template_Invalid_16] took 0.194 sec
    [junit] Testcase: invalid[Template_Invalid_17] took 0.202 sec
    [junit] Testcase: invalid[Template_Invalid_18] took 0.164 sec
    [junit] Testcase: invalid[Template_Invalid_19] took 0.128 sec
    [junit] Testcase: invalid[Template_Invalid_2] took 0.103 sec
    [junit] Testcase: invalid[Template_Invalid_20] took 0.094 sec
    [junit] Testcase: invalid[Template_Invalid_21] took 0.063 sec
    [junit] Testcase: invalid[Template_Invalid_22] took 0.101 sec
    [junit] Testcase: invalid[Template_Invalid_23] took 0.163 sec
    [junit] Testcase: invalid[Template_Invalid_24] took 0.156 sec
    [junit] Testcase: invalid[Template_Invalid_25] took 0.109 sec
    [junit] Testcase: invalid[Template_Invalid_26] took 0.101 sec
    [junit] Testcase: invalid[Template_Invalid_27] took 0.113 sec
    [junit] Testcase: invalid[Template_Invalid_28] took 0.071 sec
    [junit] Testcase: invalid[Template_Invalid_3] took 0.197 sec
    [junit] 	FAILED
    [junit] Output does not match reference
    [junit] junit.framework.AssertionFailedError: Output does not match reference
    [junit] 	at wyc.testing.AllInvalidTest.runTest(Unknown Source)
    [junit] 	at wyc.testing.AllInvalidTest.invalid(Unknown Source)
    [junit] 
    [junit] Testcase: invalid[Template_Invalid_4] took 0.11 sec
    [junit] Testcase: invalid[Template_Invalid_5] took 0.077 sec
    [junit] Testcase: invalid[Template_Invalid_6] took 0.125 sec
    [junit] Testcase: invalid[Template_Invalid_7] took 0.096 sec
    [junit] Testcase: invalid[Template_Invalid_8] took 0.06 sec
    [junit] Testcase: invalid[Template_Invalid_9] took 0.072 sec
    [junit] Testcase: invalid[TupleAssign_Invalid_1] took 4.565 sec
    [junit] Testcase: invalid[TupleAssign_Invalid_2] took 4.381 sec
    [junit] Testcase: invalid[TupleAssign_Invalid_3] took 0 sec
    [junit] 	SKIPPED: Test TupleAssign_Invalid_3 skipped: ??
    [junit] Testcase: invalid[TupleAssign_Invalid_3] took 0 sec
    [junit] Testcase: invalid[TupleDefine_Invalid_1] took 0.07 sec
    [junit] Testcase: invalid[TupleDefine_Invalid_2] took 0.075 sec
    [junit] Testcase: invalid[Tuple_Invalid_3] took 0.107 sec
    [junit] Testcase: invalid[Tuple_Invalid_4] took 0.08 sec
    [junit] Testcase: invalid[Tuple_Invalid_5] took 0.073 sec
    [junit] Testcase: invalid[Tuple_Invalid_6] took 0.106 sec
    [junit] Testcase: invalid[Tuple_Invalid_7] took 0.087 sec
    [junit] Testcase: invalid[TypeEquals_Invalid_1] took 0.104 sec
    [junit] Testcase: invalid[TypeEquals_Invalid_10] took 0.056 sec
    [junit] Testcase: invalid[TypeEquals_Invalid_11] took 0.151 sec
    [junit] Testcase: invalid[TypeEquals_Invalid_12] took 0.103 sec
    [junit] Testcase: invalid[TypeEquals_Invalid_13] took 0.082 sec
    [junit] Testcase: invalid[TypeEquals_Invalid_14] took 0.045 sec
    [junit] Testcase: invalid[TypeEquals_Invalid_2] took 0.092 sec
    [junit] Testcase: invalid[TypeEquals_Invalid_5] took 0 sec
    [junit] 	SKIPPED: Test TypeEquals_Invalid_5 skipped: ??
    [junit] Testcase: invalid[TypeEquals_Invalid_5] took 0 sec
    [junit] Testcase: invalid[TypeEquals_Invalid_6] took 0.16 sec
    [junit] Testcase: invalid[TypeEquals_Invalid_7] took 0.039 sec
    [junit] Testcase: invalid[TypeEquals_Invalid_8] took 0.04 sec
    [junit] Testcase: invalid[TypeEquals_Invalid_9] took 0.096 sec
    [junit] Testcase: invalid[Type_Invalid_1] took 0.079 sec
    [junit] Testcase: invalid[Type_Invalid_10] took 0.104 sec
    [junit] Testcase: invalid[Type_Invalid_11] took 0 sec
    [junit] 	SKIPPED: Test Type_Invalid_11 skipped: 793
    [junit] Testcase: invalid[Type_Invalid_11] took 0 sec
    [junit] Testcase: invalid[Type_Invalid_12] took 0.098 sec
    [junit] Testcase: invalid[Type_Invalid_14] took 0 sec
    [junit] 	SKIPPED: Test Type_Invalid_14 skipped: ??
    [junit] Testcase: invalid[Type_Invalid_14] took 0 sec
    [junit] Testcase: invalid[Type_Invalid_15] took 0 sec
    [junit] 	SKIPPED: Test Type_Invalid_15 skipped: ??
    [junit] Testcase: invalid[Type_Invalid_15] took 0.001 sec
    [junit] Testcase: invalid[Type_Invalid_2] took 0.119 sec
    [junit] Testcase: invalid[Type_Invalid_3] took 0.044 sec
    [junit] Testcase: invalid[Type_Invalid_4] took 0.039 sec
    [junit] Testcase: invalid[Type_Invalid_5] took 0 sec
    [junit] 	SKIPPED: Test Type_Invalid_5 skipped: 885
    [junit] Testcase: invalid[Type_Invalid_5] took 0 sec
    [junit] Testcase: invalid[Type_Invalid_6] took 0.038 sec
    [junit] Testcase: invalid[Type_Invalid_7] took 0.037 sec
    [junit] Testcase: invalid[Type_Invalid_8] took 0 sec
    [junit] 	SKIPPED: Test Type_Invalid_8 skipped: ??
    [junit] Testcase: invalid[Type_Invalid_8] took 0 sec
    [junit] Testcase: invalid[Type_Invalid_9] took 0.066 sec
    [junit] Testcase: invalid[UnionType_Invalid_1] took 0.037 sec
    [junit] Testcase: invalid[UnionType_Invalid_10] took 0.04 sec
    [junit] Testcase: invalid[UnionType_Invalid_11] took 0.04 sec
    [junit] Testcase: invalid[UnionType_Invalid_12] took 0.039 sec
    [junit] Testcase: invalid[UnionType_Invalid_13] took 0.036 sec
    [junit] Testcase: invalid[UnionType_Invalid_14] took 0.039 sec
    [junit] Testcase: invalid[UnionType_Invalid_15] took 0.039 sec
    [junit] Testcase: invalid[UnionType_Invalid_16] took 0.043 sec
    [junit] Testcase: invalid[UnionType_Invalid_17] took 0.039 sec
    [junit] Testcase: invalid[UnionType_Invalid_18] took 0.037 sec
    [junit] Testcase: invalid[UnionType_Invalid_19] took 0.044 sec
    [junit] Testcase: invalid[UnionType_Invalid_2] took 0.048 sec
    [junit] Testcase: invalid[UnionType_Invalid_20] took 0.044 sec
    [junit] Testcase: invalid[UnionType_Invalid_21] took 0.044 sec
    [junit] Testcase: invalid[UnionType_Invalid_22] took 0.045 sec
    [junit] Testcase: invalid[UnionType_Invalid_23] took 0.041 sec
    [junit] Testcase: invalid[UnionType_Invalid_24] took 0.035 sec
    [junit] Testcase: invalid[UnionType_Invalid_25] took 0.035 sec
    [junit] Testcase: invalid[UnionType_Invalid_26] took 0.043 sec
    [junit] Testcase: invalid[UnionType_Invalid_3] took 0.038 sec
    [junit] Testcase: invalid[UnionType_Invalid_4] took 0.041 sec
    [junit] Testcase: invalid[UnionType_Invalid_5] took 0.046 sec
    [junit] Testcase: invalid[UnionType_Invalid_6] took 0.042 sec
    [junit] Testcase: invalid[UnionType_Invalid_7] took 0.05 sec
    [junit] Testcase: invalid[UnionType_Invalid_8] took 0.044 sec
    [junit] Testcase: invalid[UnionType_Invalid_9] took 0.099 sec
    [junit] Testcase: invalid[UnknownReference_Invalid_1] took 0.045 sec
    [junit] Testcase: invalid[UnknownReference_Invalid_2] took 0.046 sec
    [junit] Testcase: invalid[UnknownReference_Invalid_3] took 0.05 sec
    [junit] Testcase: invalid[UnknownReference_Invalid_4] took 0.05 sec
    [junit] Testcase: invalid[VarDecl_Invalid_1] took 0.059 sec
    [junit] Testcase: invalid[VarDecl_Invalid_2] took 0.044 sec
    [junit] Testcase: invalid[VarDecl_Invalid_3] took 0.038 sec
    [junit] Testcase: invalid[VarDecl_Invalid_4] took 0.042 sec
    [junit] Testcase: invalid[While_Invalid_1] took 0.04 sec
    [junit] Testcase: invalid[While_Invalid_10] took 0.048 sec
    [junit] Testcase: invalid[While_Invalid_11] took 0.691 sec
    [junit] Testcase: invalid[While_Invalid_12] took 3.734 sec
    [junit] Testcase: invalid[While_Invalid_13] took 0.103 sec
    [junit] Testcase: invalid[While_Invalid_14] took 0.173 sec
    [junit] Testcase: invalid[While_Invalid_15] took 22.053 sec
    [junit] Testcase: invalid[While_Invalid_16] took 0.03 sec
    [junit] Testcase: invalid[While_Invalid_17] took 0.176 sec
    [junit] Testcase: invalid[While_Invalid_18] took 0 sec
    [junit] 	SKIPPED: Test While_Invalid_18 skipped: ??
    [junit] Testcase: invalid[While_Invalid_18] took 0 sec
    [junit] Testcase: invalid[While_Invalid_19] took 0.147 sec
    [junit] Testcase: invalid[While_Invalid_2] took 0.029 sec
    [junit] Testcase: invalid[While_Invalid_20] took 0 sec
    [junit] 	SKIPPED: Test While_Invalid_20 skipped: ??
    [junit] Testcase: invalid[While_Invalid_20] took 0 sec
    [junit] Testcase: invalid[While_Invalid_21] took 0 sec
    [junit] 	SKIPPED: Test While_Invalid_21 skipped: ??
    [junit] Testcase: invalid[While_Invalid_21] took 0 sec
    [junit] Testcase: invalid[While_Invalid_22] took 0 sec
    [junit] 	SKIPPED: Test While_Invalid_22 skipped: ??
    [junit] Testcase: invalid[While_Invalid_22] took 0 sec
    [junit] Testcase: invalid[While_Invalid_23] took 0 sec
    [junit] 	SKIPPED: Test While_Invalid_23 skipped: ??
    [junit] Testcase: invalid[While_Invalid_23] took 0 sec
    [junit] Testcase: invalid[While_Invalid_24] took 0 sec
    [junit] 	SKIPPED: Test While_Invalid_24 skipped: ??
    [junit] Testcase: invalid[While_Invalid_24] took 0 sec
    [junit] Testcase: invalid[While_Invalid_25] took 0 sec
    [junit] 	SKIPPED: Test While_Invalid_25 skipped: #956
    [junit] Testcase: invalid[While_Invalid_25] took 0 sec
    [junit] Testcase: invalid[While_Invalid_3] took 0.031 sec
    [junit] Testcase: invalid[While_Invalid_4] took 0.037 sec
    [junit] Testcase: invalid[While_Invalid_5] took 0.041 sec
    [junit] Testcase: invalid[While_Invalid_6] took 0.039 sec
    [junit] Testcase: invalid[While_Invalid_7] took 0.041 sec
    [junit] Testcase: invalid[While_Invalid_8] took 0.035 sec
    [junit] Testcase: invalid[While_Invalid_9] took 0.031 sec
    [junit] Testcase: invalid[XOR_Invalid_1] took 0.1 sec

BUILD FAILED
/home/travis/build/failed/Whiley/WhileyCompiler/build.xml:55: Test wyc.testing.AllInvalidTest failed

Total time: 2 minutes 26 seconds
travis_time:end:03e9e35c:start=1645298469935614185,finish=1645298620028722460,duration=150093108275,event=script[0K[31;1mThe command "ant test" exited with 1.[0m


Done. Your build exited with 1.
