travis_time:start:2e27bbeb[0Ktravis_time:end:2e27bbeb:start=1655883648950731364,finish=1655883649232363574,duration=281632210,event=no_world_writable_dirs[0Ktravis_time:start:0243eef5[0Ktravis_time:end:0243eef5:start=1655883649239676323,finish=1655883649244765522,duration=5089199,event=check_unsupported[0Ktravis_time:start:0620c910[0Ktravis_fold:start:system_info[0K[33;1mBuild system information[0m
Build language: java
Build group: stable
Build dist: xenial
Build id: ''
Job id: ''
Runtime kernel version: 4.15.0-109-generic
[34m[1mBuild image provisioning date and time[0m
Fri Aug  2 14:20:18 UTC 2019
[34m[1mOperating System Details[0m
Distributor ID:	Ubuntu
Description:	Ubuntu 16.04.6 LTS
Release:	16.04
Codename:	xenial
[34m[1mSystemd Version[0m
systemd 229
[34m[1mCookbooks Version[0m
790f512 https://github.com/travis-ci/travis-cookbooks/tree/790f512
[34m[1mgit version[0m
git version 2.22.0
[34m[1mbash version[0m
GNU bash, version 4.3.48(1)-release (x86_64-pc-linux-gnu)
[34m[1mgcc version[0m
gcc (Ubuntu 5.4.0-6ubuntu1~16.04.11) 5.4.0 20160609
[34m[1mdocker version[0m
Client:
 Version:           18.06.1-ce
 API version:       1.38
 Go version:        go1.10.3
 Git commit:        e68fc7a
 Built:             Tue Aug 21 17:20:43 2018
 OS/Arch:           linux/amd64
 Experimental:      false
[34m[1mclang version[0m
clang version 7.0.0 (tags/RELEASE_700/final)
[34m[1mjq version[0m
jq-1.5
[34m[1mbats version[0m
Bats 0.4.0
[34m[1mshellcheck version[0m
0.6.0
[34m[1mshfmt version[0m
v2.6.3
[34m[1mccache version[0m
3.2.4
[34m[1mcmake version[0m
cmake version 3.12.4
[34m[1mheroku version[0m
heroku/7.27.1 linux-x64 node-v11.14.0
[34m[1mimagemagick version[0m
Version: ImageMagick 6.8.9-9 Q16 x86_64 2019-06-15 http://www.imagemagick.org
[34m[1mmd5deep version[0m
4.4
[34m[1mmercurial version[0m
version 4.8
[34m[1mmysql version[0m
mysql  Ver 14.14 Distrib 5.7.27, for Linux (x86_64) using  EditLine wrapper
[34m[1mopenssl version[0m
OpenSSL 1.0.2g  1 Mar 2016
[34m[1mpacker version[0m
1.3.3
[34m[1mpostgresql client version[0m
psql (PostgreSQL) 10.9 (Ubuntu 10.9-1.pgdg16.04+1)
[34m[1mragel version[0m
Ragel State Machine Compiler version 6.8 Feb 2013
[34m[1msudo version[0m
1.8.16
[34m[1mgzip version[0m
gzip 1.6
[34m[1mzip version[0m
Zip 3.0
[34m[1mvim version[0m
VIM - Vi IMproved 7.4 (2013 Aug 10, compiled Jun 07 2019 15:35:43)
[34m[1miptables version[0m
iptables v1.6.0
[34m[1mcurl version[0m
curl 7.47.0 (x86_64-pc-linux-gnu) libcurl/7.47.0 GnuTLS/3.4.10 zlib/1.2.8 libidn/1.32 librtmp/2.3
[34m[1mwget version[0m
GNU Wget 1.17.1 built on linux-gnu.
[34m[1mrsync version[0m
rsync  version 3.1.1  protocol version 31
[34m[1mgimme version[0m
v1.5.3
[34m[1mnvm version[0m
0.34.0
[34m[1mperlbrew version[0m
/home/travis/perl5/perlbrew/bin/perlbrew  - App::perlbrew/0.86
[34m[1mphpenv version[0m
rbenv 1.1.2-2-g4e92322
[34m[1mrvm version[0m
rvm 1.29.9 (latest) by Michal Papis, Piotr Kuczynski, Wayne E. Seguin [https://rvm.io]
[34m[1mdefault ruby version[0m
ruby 2.5.3p105 (2018-10-18 revision 65156) [x86_64-linux]
[34m[1mCouchDB version[0m
couchdb 1.6.1
[34m[1mElasticSearch version[0m
5.5.0
[34m[1mInstalled Firefox version[0m
firefox 63.0.1
[34m[1mMongoDB version[0m
MongoDB 4.0.11
[34m[1mPhantomJS version[0m
2.1.1
[34m[1mPre-installed PostgreSQL versions[0m
9.4.23
9.5.18
9.6.14
[34m[1mRedis version[0m
redis-server 5.0.5
[34m[1mPre-installed Go versions[0m
1.11.1
[34m[1mant version[0m
Apache Ant(TM) version 1.9.6 compiled on July 20 2018
[34m[1mmvn version[0m
Apache Maven 3.6.0 (97c98ec64a1fdfee7767ce5ffb20918da4f719f3; 2018-10-24T18:41:47Z)
[34m[1mgradle version[0m
Gradle 5.1.1!
[34m[1mlein version[0m
Leiningen 2.9.1 on Java 11.0.2 OpenJDK 64-Bit Server VM
[34m[1mPre-installed Node.js versions[0m
v10.16.1
v11.0.0
v4.9.1
v6.17.1
v8.12.0
v8.16.0
v8.9
[34m[1mphpenv versions[0m
  system
  5.6
  5.6.40
  7.1
  7.1.27
  7.2
* 7.2.15 (set by /home/travis/.phpenv/version)
  hhvm
  hhvm-stable
[34m[1mcomposer --version[0m
Composer version 1.8.4 2019-02-11 10:52:10
[34m[1mPre-installed Ruby versions[0m
ruby-2.3.8
ruby-2.4.5
ruby-2.5.3
travis_fold:end:system_info[0K
travis_time:end:0620c910:start=1655883649251403404,finish=1655883649261447197,duration=10043793,event=show_system_info[0Ktravis_time:start:00d12cf7[0Ktravis_time:end:00d12cf7:start=1655883649268444155,finish=1655883649290733500,duration=22289345,event=rm_riak_source[0Ktravis_time:start:01e0c232[0Ktravis_time:end:01e0c232:start=1655883649297929193,finish=1655883649310281210,duration=12352017,event=fix_rwky_redis[0Ktravis_time:start:0b2acc46[0K[31;1mTimeout waiting for network availability.[0m
travis_time:end:0b2acc46:start=1655883649317332532,finish=1655883669989634806,duration=20672302274,event=wait_for_network[0Ktravis_time:start:0fce2aed[0Ktravis_time:end:0fce2aed:start=1655883669995555292,finish=1655883670269249917,duration=273694625,event=update_apt_keys[0Ktravis_time:start:00ac53c9[0Ktravis_time:end:00ac53c9:start=1655883670274802467,finish=1655883670349305844,duration=74503377,event=fix_hhvm_source[0Ktravis_time:start:08d43964[0Ktravis_time:end:08d43964:start=1655883670354687842,finish=1655883670358537291,duration=3849449,event=update_mongo_arch[0Ktravis_time:start:010629d0[0Ktravis_time:end:010629d0:start=1655883670363567033,finish=1655883670431655811,duration=68088778,event=fix_sudo_enabled_trusty[0Ktravis_time:start:056ed33a[0Ktravis_time:end:056ed33a:start=1655883670436532042,finish=1655883670449223423,duration=12691381,event=clean_up_path[0Ktravis_time:start:0250fb34[0Ktravis_time:end:0250fb34:start=1655883670454890961,finish=1655883670470648153,duration=15757192,event=fix_resolv_conf[0Ktravis_time:start:087ed40b[0Ktravis_time:end:087ed40b:start=1655883670475649935,finish=1655883670489783929,duration=14133994,event=fix_etc_hosts[0Ktravis_time:start:19ed64b8[0Ktravis_time:end:19ed64b8:start=1655883670495396536,finish=1655883670558130995,duration=62734459,event=fix_mvn_settings_xml[0Ktravis_time:start:06d97c1c[0Ktravis_time:end:06d97c1c:start=1655883670563138107,finish=1655883670578637136,duration=15499029,event=no_ipv6_localhost[0Ktravis_time:start:18b62994[0Ktravis_time:end:18b62994:start=1655883670583868406,finish=1655883670587818276,duration=3949870,event=fix_etc_mavenrc[0Ktravis_time:start:0d1eef74[0Ktravis_time:end:0d1eef74:start=1655883670593812934,finish=1655883670598898803,duration=5085869,event=fix_wwdr_certificate[0Ktravis_time:start:0731a838[0Ktravis_time:end:0731a838:start=1655883670603600981,finish=1655883670692154196,duration=88553215,event=put_localhost_first[0Ktravis_time:start:0ac50b66[0Ktravis_time:end:0ac50b66:start=1655883670697580593,finish=1655883670701600653,duration=4020060,event=home_paths[0Ktravis_time:start:05530eba[0Ktravis_time:end:05530eba:start=1655883670707237860,finish=1655883670855588904,duration=148351044,event=disable_initramfs[0Ktravis_time:start:0006f516[0Ktravis_time:end:0006f516:start=1655883670861676166,finish=1655883671002955601,duration=141279435,event=disable_ssh_roaming[0Ktravis_time:start:01aca46f[0Ktravis_time:end:01aca46f:start=1655883671007418974,finish=1655883671011432443,duration=4013469,event=debug_tools[0Ktravis_time:start:000670c6[0Ktravis_time:end:000670c6:start=1655883671016180413,finish=1655883671021619907,duration=5439494,event=uninstall_oclint[0Ktravis_time:start:05e7546a[0Ktravis_time:end:05e7546a:start=1655883671027113084,finish=1655883671032408596,duration=5295512,event=rvm_use[0Ktravis_time:start:0d040594[0Ktravis_time:end:0d040594:start=1655883671037110931,finish=1655883671048708775,duration=11597844,event=rm_etc_boto_cfg[0Ktravis_time:start:0288fb79[0Ktravis_time:end:0288fb79:start=1655883671053796750,finish=1655883671057386487,duration=3589737,event=rm_oraclejdk8_symlink[0Ktravis_time:start:328b9800[0Ktravis_time:end:328b9800:start=1655883671063060049,finish=1655883671444623536,duration=381563487,event=enable_i386[0Ktravis_time:start:08a35ca4[0Ktravis_time:end:08a35ca4:start=1655883671450178401,finish=1655883671456679336,duration=6500935,event=update_rubygems[0Ktravis_time:start:0672d748[0Ktravis_time:end:0672d748:start=1655883671462325668,finish=1655883672569039513,duration=1106713845,event=ensure_path_components[0Ktravis_time:start:191a13fd[0Ktravis_time:end:191a13fd:start=1655883672574621857,finish=1655883672579061211,duration=4439354,event=redefine_curl[0Ktravis_time:start:11362b89[0Ktravis_time:end:11362b89:start=1655883672584732535,finish=1655883672588895454,duration=4162919,event=nonblock_pipe[0Ktravis_time:start:07edc68f[0Ktravis_time:end:07edc68f:start=1655883672593783220,finish=1655883685757897647,duration=13164114427,event=apt_get_update[0Ktravis_time:start:0305713c[0Ktravis_time:end:0305713c:start=1655883685763178122,finish=1655883685767965339,duration=4787217,event=deprecate_xcode_64[0Ktravis_time:start:1114d991[0Ktravis_time:end:1114d991:start=1655883685772884806,finish=1655883692650727824,duration=6877843018,event=update_heroku[0Ktravis_time:start:00602f8f[0Ktravis_time:end:00602f8f:start=1655883692657902686,finish=1655883692662613694,duration=4711008,event=shell_session_update[0Ktravis_time:start:03f1d030[0Ktravis_fold:start:docker_mtu[0Ktee: /etc/docker/daemon.json: No such file or directory
docker: unrecognized service
travis_fold:end:docker_mtu[0Ktravis_time:end:03f1d030:start=1655883692669141906,finish=1655883692706396391,duration=37254485,event=set_docker_mtu[0Ktravis_time:start:0eef0ae8[0Ktravis_time:end:0eef0ae8:start=1655883692711998929,finish=1655883692727434956,duration=15436027,event=resolvconf[0Ktravis_time:start:00183120[0Ktravis_time:end:00183120:start=1655883692732684816,finish=1655883692896882549,duration=164197733,event=maven_https[0K
travis_fold:start:install_jdk[0K[33;1mInstalling oraclejdk12[0m
$ export JAVA_HOME=~/oraclejdk12
$ export PATH="$JAVA_HOME/bin:$PATH"
$ ~/bin/install-jdk.sh --target "/home/travis/oraclejdk12" --workspace "/home/travis/.cache/install-jdk" --feature "12" --license "BCL"
Ignoring license option: BCL -- using GPLv2+CE by default
install-jdk.sh 2020-06-02
Variables:
  feature = 12
       os = linux-x64
      url = https://download.java.net/java/GA/jdk12.0.2/e482c34c86bd4bf8b56c0b35558996b9/10/GPL/openjdk-12.0.2_linux-x64_bin.tar.gz
   status = 200
Downloading JDK from https://download.java.net/java/GA/jdk12.0.2/e482c34c86bd4bf8b56c0b35558996b9/10/GPL/openjdk-12.0.2_linux-x64_bin.tar.gz...
Using custom target: /home/travis/oraclejdk12
Picked up _JAVA_OPTIONS: -Xmx2048m -Xms512m
openjdk version "12.0.2" 2019-07-16
OpenJDK Runtime Environment (build 12.0.2+10)
OpenJDK 64-Bit Server VM (build 12.0.2+10, mixed mode, sharing)
travis_fold:end:install_jdk[0Ktravis_time:start:0c14bab8[0Ktravis_time:end:0c14bab8:start=1655883704863412883,finish=1655883704868395028,duration=4982145,event=fix_ps4[0Ktravis_time:start:125d4aa0[0K
$ cd failed/alibaba/canal

travis_time:end:125d4aa0:start=1655883704875628521,finish=1655883705006986846,duration=131358325,event=checkout[0Ktravis_time:start:3ecd539f[0Ktravis_time:end:3ecd539f:start=1655883705014863989,finish=1655883706065473551,duration=1050609562,event=env[0Ktravis_fold:start:cache.1[0KSetting up build cache
$ export CASHER_DIR=${TRAVIS_HOME}/.casher
travis_time:start:192438b2[0K$ Installing caching utilities
curl: (6) Could not resolve host: https

[31;1mThe command "eval curl -sf  -o $CASHER_DIR/bin/casher https:///files/casher " failed. Retrying, 2 of 3.[0m

curl: (6) Could not resolve host: https

[31;1mThe command "eval curl -sf  -o $CASHER_DIR/bin/casher https:///files/casher " failed. Retrying, 3 of 3.[0m

curl: (6) Could not resolve host: https

[31;1mThe command "eval curl -sf  -o $CASHER_DIR/bin/casher https:///files/casher " failed 3 times.[0m

travis_time:end:192438b2:start=1655883707294174027,finish=1655883719485491831,duration=12191317804,event=setup_casher[0Ktravis_time:start:02b8a6af[0K$ Installing caching utilities from the Travis CI server (https:///files/casher) failed, failing over to using GitHub (https://raw.githubusercontent.com/travis-ci/casher/bash/bin/casher)
travis_time:end:02b8a6af:start=1655883719491812634,finish=1655883719617464180,duration=125651546,event=setup_casher[0Ktravis_time:start:08d18e54[0Ktravis_time:end:08d18e54:start=1655883719624824373,finish=1655883719629238824,duration=4414451,event=setup_casher[0Ktravis_time:start:128df5b6[0Kattempting to download cache archive[0m
[31;1mcould not download cache[0m
travis_time:end:128df5b6:start=1655883719636124194,finish=1655883721850272251,duration=2214148057,event=setup_casher[0Ktravis_time:start:137e4d38[0Ktravis_time:end:137e4d38:start=1655883721856495154,finish=1655883721861402917,duration=4907763,event=setup_casher[0Ktravis_time:start:000ad53b[0Kadding /home/travis/.m2 to cache[0m
travis_time:end:000ad53b:start=1655883721867996712,finish=1655883759510023292,duration=37642026580,event=setup_casher[0Ktravis_fold:end:cache.1[0K
$ java -Xmx32m -version
Picked up _JAVA_OPTIONS: -Xmx2048m -Xms512m
openjdk version "12.0.2" 2019-07-16
OpenJDK Runtime Environment (build 12.0.2+10)
OpenJDK 64-Bit Server VM (build 12.0.2+10, mixed mode, sharing)
$ javac -J-Xmx32m -version
Picked up _JAVA_OPTIONS: -Xmx2048m -Xms512m
javac 12.0.2
travis_fold:start:install[0Ktravis_time:start:01ffe060[0K$ true
travis_time:end:01ffe060:start=1655883759813360425,finish=1655883759817794101,duration=4433676,event=install[0Ktravis_fold:end:install[0Ktravis_time:start:0960b44b[0K$ travis_wait 30 ./mvnw clean install -DskipTests=false -Dcheckstyle.skip=true -Dmaven.javadoc.skip=true


Still running (1 of 30): ./mvnw clean install -DskipTests=false -Dcheckstyle.skip=true -Dmaven.javadoc.skip=trueStill running (2 of 30): ./mvnw clean install -DskipTests=false -Dcheckstyle.skip=true -Dmaven.javadoc.skip=true
[31;1mThe command ./mvnw clean install -DskipTests=false -Dcheckstyle.skip=true -Dmaven.javadoc.skip=true exited with 1.[0m

[32;1mLog:[0m

Picked up _JAVA_OPTIONS: -Xmx2048m -Xms512m
[[1;34mINFO[m] Scanning for projects...
WARNING: An illegal reflective access operation has occurred
WARNING: Illegal reflective access by org.codehaus.groovy.reflection.CachedClass (file:/home/travis/.m2/repository/org/codehaus/groovy/groovy-all/2.4.14/groovy-all-2.4.14.jar) to method java.lang.Object.finalize()
WARNING: Please consider reporting this to the maintainers of org.codehaus.groovy.reflection.CachedClass
WARNING: Use --illegal-access=warn to enable warnings of further illegal reflective access operations
WARNING: All illegal access operations will be denied in a future release
[[1;34mINFO[m] --- tiles-maven-plugin: Injecting 1 tiles as intermediary parent artifacts for com.alibaba.otter:canal-admin-server...
[[1;34mINFO[m] Mixed 'null:canal-admin-server:null' with tile 'io.ebean.tile:enhancement:11.41.1' as its new parent.
[[1;34mINFO[m] Explicitly set groupId to 'com.alibaba.otter' from original parent 'com.alibaba.otter:canal-admin:1.1.4-SNAPSHOT'.
[[1;34mINFO[m] Explicitly set version to '1.1.4-SNAPSHOT' from original parent 'com.alibaba.otter:canal-admin:1.1.4-SNAPSHOT'.
[[1;34mINFO[m] Mixed 'io.ebean.tile:enhancement:11.41.1' with original parent 'com.alibaba.otter:canal-admin:1.1.4-SNAPSHOT' as its new top level parent.
[[1;34mINFO[m] 
[[1;34mINFO[m] [1m------------------------------------------------------------------------[m
[[1;34mINFO[m] [1mReactor Build Order:[m
[[1;34mINFO[m] 
[[1;34mINFO[m] canal module for otter 1.1.4-SNAPSHOT
[[1;34mINFO[m] canal common module for otter 1.1.4-SNAPSHOT
[[1;34mINFO[m] canal protocol module for otter 1.1.4-SNAPSHOT
[[1;34mINFO[m] canal meta module for otter 1.1.4-SNAPSHOT
[[1;34mINFO[m] canal driver module for otter 1.1.4-SNAPSHOT
[[1;34mINFO[m] canal dbsync module for otter 1.1.4-SNAPSHOT
[[1;34mINFO[m] canal sink module for otter 1.1.4-SNAPSHOT
[[1;34mINFO[m] canal store module for otter 1.1.4-SNAPSHOT
[[1;34mINFO[m] canal sink module for otter 1.1.4-SNAPSHOT
[[1;34mINFO[m] canal parse module for otter 1.1.4-SNAPSHOT
[[1;34mINFO[m] canal instance core module for otter 1.1.4-SNAPSHOT
[[1;34mINFO[m] canal instance spring module for otter 1.1.4-SNAPSHOT
[[1;34mINFO[m] canal instance manager module for otter 1.1.4-SNAPSHOT
[[1;34mINFO[m] canal instance module for otter 1.1.4-SNAPSHOT
[[1;34mINFO[m] canal server module for otter 1.1.4-SNAPSHOT
[[1;34mINFO[m] canal client module for otter 1.1.4-SNAPSHOT
[[1;34mINFO[m] canal prometheus module for otter 1.1.4-SNAPSHOT
[[1;34mINFO[m] canal deployer module for otter 1.1.4-SNAPSHOT
[[1;34mINFO[m] canal example module for otter 1.1.4-SNAPSHOT
[[1;34mINFO[m] canal client adapter module for otter 1.1.4-SNAPSHOT
[[1;34mINFO[m] canal client adapter common module for otter 1.1.4-SNAPSHOT
[[1;34mINFO[m] canal client adapter logger example module for otter 1.1.4-SNAPSHOT
[[1;34mINFO[m] canal client adapter hbase module for otter 1.1.4-SNAPSHOT
[[1;34mINFO[m] canal client adapter elasticsearch module for otter 1.1.4-SNAPSHOT
[[1;34mINFO[m] canal client adapter rdb module for otter 1.1.4-SNAPSHOT
[[1;34mINFO[m] canal client adapter launcher module for otter 1.1.4-SNAPSHOT
[[1;34mINFO[m] canal-admin
[[1;34mINFO[m] canal-admin-ui
[[1;34mINFO[m] canal-admin-server
[[1;34mINFO[m] 
[[1;34mINFO[m] [1m------------------------------------------------------------------------[m
[[1;34mINFO[m] [1mBuilding canal module for otter 1.1.4-SNAPSHOT 1.1.4-SNAPSHOT[m
[[1;34mINFO[m] [1m------------------------------------------------------------------------[m
[[1;34mINFO[m] 
[[1;34mINFO[m] [1m--- [0;32mmaven-clean-plugin:2.5:clean[m [1m(default-clean)[m @ [36mcanal[0;1m ---[m
[[1;34mINFO[m] 
[[1;34mINFO[m] [1m--- [0;32mmaven-enforcer-plugin:1.0:enforce[m [1m(enforce-maven)[m @ [36mcanal[0;1m ---[m
[[1;34mINFO[m] 
[[1;34mINFO[m] [1m--- [0;32mjacoco-maven-plugin:0.8.3:prepare-agent[m [1m(jacoco-initialize)[m @ [36mcanal[0;1m ---[m
[[1;34mINFO[m] jacocoArgLine set to -javaagent:/home/travis/.m2/repository/org/jacoco/org.jacoco.agent/0.8.3/org.jacoco.agent-0.8.3-runtime.jar=destfile=/home/travis/build/failed/alibaba/canal/target/jacoco.exec
[[1;34mINFO[m] 
[[1;34mINFO[m] [1m>>> [0;32mmaven-source-plugin:2.4:jar[m [1m(attach-sources)[0;1m > [0;1mgenerate-sources[m @ [36mcanal[0;1m >>>[m
[[1;34mINFO[m] 
[[1;34mINFO[m] [1m--- [0;32mmaven-enforcer-plugin:1.0:enforce[m [1m(enforce-maven)[m @ [36mcanal[0;1m ---[m
[[1;34mINFO[m] 
[[1;34mINFO[m] [1m--- [0;32mjacoco-maven-plugin:0.8.3:prepare-agent[m [1m(jacoco-initialize)[m @ [36mcanal[0;1m ---[m
[[1;34mINFO[m] jacocoArgLine set to -javaagent:/home/travis/.m2/repository/org/jacoco/org.jacoco.agent/0.8.3/org.jacoco.agent-0.8.3-runtime.jar=destfile=/home/travis/build/failed/alibaba/canal/target/jacoco.exec
[[1;34mINFO[m] 
[[1;34mINFO[m] [1m<<< [0;32mmaven-source-plugin:2.4:jar[m [1m(attach-sources)[0;1m < [0;1mgenerate-sources[m @ [36mcanal[0;1m <<<[m
[[1;34mINFO[m] 
[[1;34mINFO[m] 
[[1;34mINFO[m] [1m--- [0;32mmaven-source-plugin:2.4:jar[m [1m(attach-sources)[m @ [36mcanal[0;1m ---[m
[[1;34mINFO[m] 
[[1;34mINFO[m] [1m--- [0;32mmaven-javadoc-plugin:2.9.1:jar[m [1m(attach-javadocs)[m @ [36mcanal[0;1m ---[m
[[1;34mINFO[m] Skipping javadoc generation
[[1;34mINFO[m] 
[[1;34mINFO[m] [1m--- [0;32mjacoco-maven-plugin:0.8.3:report-aggregate[m [1m(report-aggregate)[m @ [36mcanal[0;1m ---[m
[[1;34mINFO[m] 
[[1;34mINFO[m] [1m--- [0;32mmaven-install-plugin:2.4:install[m [1m(default-install)[m @ [36mcanal[0;1m ---[m
[[1;34mINFO[m] Installing /home/travis/build/failed/alibaba/canal/pom.xml to /home/travis/.m2/repository/com/alibaba/otter/canal/1.1.4-SNAPSHOT/canal-1.1.4-SNAPSHOT.pom
[[1;34mINFO[m] 
[[1;34mINFO[m] [1m------------------------------------------------------------------------[m
[[1;34mINFO[m] [1mBuilding canal common module for otter 1.1.4-SNAPSHOT 1.1.4-SNAPSHOT[m
[[1;34mINFO[m] [1m------------------------------------------------------------------------[m
[[1;34mINFO[m] 
[[1;34mINFO[m] [1m--- [0;32mmaven-clean-plugin:2.5:clean[m [1m(default-clean)[m @ [36mcanal.common[0;1m ---[m
[[1;34mINFO[m] 
[[1;34mINFO[m] [1m--- [0;32mmaven-enforcer-plugin:1.0:enforce[m [1m(enforce-maven)[m @ [36mcanal.common[0;1m ---[m
[[1;34mINFO[m] 
[[1;34mINFO[m] [1m--- [0;32mjacoco-maven-plugin:0.8.3:prepare-agent[m [1m(jacoco-initialize)[m @ [36mcanal.common[0;1m ---[m
[[1;34mINFO[m] jacocoArgLine set to -javaagent:/home/travis/.m2/repository/org/jacoco/org.jacoco.agent/0.8.3/org.jacoco.agent-0.8.3-runtime.jar=destfile=/home/travis/build/failed/alibaba/canal/common/target/jacoco.exec
[[1;34mINFO[m] 
[[1;34mINFO[m] [1m--- [0;32mmaven-resources-plugin:2.6:resources[m [1m(default-resources)[m @ [36mcanal.common[0;1m ---[m
[[1;34mINFO[m] Using 'UTF-8' encoding to copy filtered resources.
[[1;34mINFO[m] skip non existing resourceDirectory /home/travis/build/failed/alibaba/canal/common/src/main/resources
[[1;34mINFO[m] 
[[1;34mINFO[m] [1m--- [0;32mmaven-compiler-plugin:3.7.0:compile[m [1m(default-compile)[m @ [36mcanal.common[0;1m ---[m
[[1;34mINFO[m] Changes detected - recompiling the module!
[[1;34mINFO[m] Compiling 23 source files to /home/travis/build/failed/alibaba/canal/common/target/classes
[[1;34mINFO[m] /home/travis/build/failed/alibaba/canal/common/src/main/java/com/alibaba/otter/canal/common/utils/UriUtils.java: Some input files use unchecked or unsafe operations.
[[1;34mINFO[m] /home/travis/build/failed/alibaba/canal/common/src/main/java/com/alibaba/otter/canal/common/utils/UriUtils.java: Recompile with -Xlint:unchecked for details.
[[1;34mINFO[m] 
[[1;34mINFO[m] [1m--- [0;32mmaven-resources-plugin:2.6:testResources[m [1m(default-testResources)[m @ [36mcanal.common[0;1m ---[m
[[1;34mINFO[m] Using 'UTF-8' encoding to copy filtered resources.
[[1;34mINFO[m] skip non existing resourceDirectory /home/travis/build/failed/alibaba/canal/common/src/test/resources
[[1;34mINFO[m] 
[[1;34mINFO[m] [1m--- [0;32mmaven-compiler-plugin:3.7.0:testCompile[m [1m(default-testCompile)[m @ [36mcanal.common[0;1m ---[m
[[1;34mINFO[m] Changes detected - recompiling the module!
[[1;34mINFO[m] Compiling 2 source files to /home/travis/build/failed/alibaba/canal/common/target/test-classes
[[1;34mINFO[m] 
[[1;34mINFO[m] [1m--- [0;32mmaven-surefire-plugin:2.22.1:test[m [1m(default-test)[m @ [36mcanal.common[0;1m ---[m
[[1;34mINFO[m] 
[[1;34mINFO[m] -------------------------------------------------------
[[1;34mINFO[m]  T E S T S
[[1;34mINFO[m] -------------------------------------------------------
[[1;34mINFO[m] Running com.alibaba.otter.canal.common.[1mServerRunningTest[m
[[1;33mWARNING[m] [1;33mTests [0;1mrun: [0;1m1[m, Failures: 0, Errors: 0, [1;33mSkipped: [0;1;33m1[m, Time elapsed: 0.029 s - in com.alibaba.otter.canal.common.[1mServerRunningTest[m
[[1;34mINFO[m] 
[[1;34mINFO[m] Results:
[[1;34mINFO[m] 
[[1;33mWARNING[m] [1;33mTests run: 1, Failures: 0, Errors: 0, Skipped: 1[m
[[1;34mINFO[m] 
[[1;34mINFO[m] 
[[1;34mINFO[m] [1m--- [0;32mmaven-jar-plugin:3.0.2:jar[m [1m(default-jar)[m @ [36mcanal.common[0;1m ---[m
[[1;34mINFO[m] Building jar: /home/travis/build/failed/alibaba/canal/common/target/canal.common-1.1.4-SNAPSHOT.jar
[[1;34mINFO[m] 
[[1;34mINFO[m] [1m>>> [0;32mmaven-source-plugin:2.4:jar[m [1m(attach-sources)[0;1m > [0;1mgenerate-sources[m @ [36mcanal.common[0;1m >>>[m
[[1;34mINFO[m] 
[[1;34mINFO[m] [1m--- [0;32mmaven-enforcer-plugin:1.0:enforce[m [1m(enforce-maven)[m @ [36mcanal.common[0;1m ---[m
[[1;34mINFO[m] 
[[1;34mINFO[m] [1m--- [0;32mjacoco-maven-plugin:0.8.3:prepare-agent[m [1m(jacoco-initialize)[m @ [36mcanal.common[0;1m ---[m
[[1;34mINFO[m] jacocoArgLine set to -javaagent:/home/travis/.m2/repository/org/jacoco/org.jacoco.agent/0.8.3/org.jacoco.agent-0.8.3-runtime.jar=destfile=/home/travis/build/failed/alibaba/canal/common/target/jacoco.exec
[[1;34mINFO[m] 
[[1;34mINFO[m] [1m<<< [0;32mmaven-source-plugin:2.4:jar[m [1m(attach-sources)[0;1m < [0;1mgenerate-sources[m @ [36mcanal.common[0;1m <<<[m
[[1;34mINFO[m] 
[[1;34mINFO[m] 
[[1;34mINFO[m] [1m--- [0;32mmaven-source-plugin:2.4:jar[m [1m(attach-sources)[m @ [36mcanal.common[0;1m ---[m
[[1;34mINFO[m] Building jar: /home/travis/build/failed/alibaba/canal/common/target/canal.common-1.1.4-SNAPSHOT-sources.jar
[[1;34mINFO[m] 
[[1;34mINFO[m] [1m--- [0;32mmaven-javadoc-plugin:2.9.1:jar[m [1m(attach-javadocs)[m @ [36mcanal.common[0;1m ---[m
[[1;34mINFO[m] Skipping javadoc generation
[[1;34mINFO[m] 
[[1;34mINFO[m] [1m--- [0;32mjacoco-maven-plugin:0.8.3:report-aggregate[m [1m(report-aggregate)[m @ [36mcanal.common[0;1m ---[m
[[1;34mINFO[m] Loading execution data file /home/travis/build/failed/alibaba/canal/common/target/jacoco.exec
[[1;34mINFO[m] 
[[1;34mINFO[m] [1m--- [0;32mmaven-install-plugin:2.4:install[m [1m(default-install)[m @ [36mcanal.common[0;1m ---[m
[[1;34mINFO[m] Installing /home/travis/build/failed/alibaba/canal/common/target/canal.common-1.1.4-SNAPSHOT.jar to /home/travis/.m2/repository/com/alibaba/otter/canal.common/1.1.4-SNAPSHOT/canal.common-1.1.4-SNAPSHOT.jar
[[1;34mINFO[m] Installing /home/travis/build/failed/alibaba/canal/common/pom.xml to /home/travis/.m2/repository/com/alibaba/otter/canal.common/1.1.4-SNAPSHOT/canal.common-1.1.4-SNAPSHOT.pom
[[1;34mINFO[m] Installing /home/travis/build/failed/alibaba/canal/common/target/canal.common-1.1.4-SNAPSHOT-sources.jar to /home/travis/.m2/repository/com/alibaba/otter/canal.common/1.1.4-SNAPSHOT/canal.common-1.1.4-SNAPSHOT-sources.jar
[[1;34mINFO[m] 
[[1;34mINFO[m] [1m------------------------------------------------------------------------[m
[[1;34mINFO[m] [1mBuilding canal protocol module for otter 1.1.4-SNAPSHOT 1.1.4-SNAPSHOT[m
[[1;34mINFO[m] [1m------------------------------------------------------------------------[m
[[1;34mINFO[m] 
[[1;34mINFO[m] [1m--- [0;32mmaven-clean-plugin:2.5:clean[m [1m(default-clean)[m @ [36mcanal.protocol[0;1m ---[m
[[1;34mINFO[m] 
[[1;34mINFO[m] [1m--- [0;32mmaven-enforcer-plugin:1.0:enforce[m [1m(enforce-maven)[m @ [36mcanal.protocol[0;1m ---[m
[[1;34mINFO[m] 
[[1;34mINFO[m] [1m--- [0;32mjacoco-maven-plugin:0.8.3:prepare-agent[m [1m(jacoco-initialize)[m @ [36mcanal.protocol[0;1m ---[m
[[1;34mINFO[m] jacocoArgLine set to -javaagent:/home/travis/.m2/repository/org/jacoco/org.jacoco.agent/0.8.3/org.jacoco.agent-0.8.3-runtime.jar=destfile=/home/travis/build/failed/alibaba/canal/protocol/target/jacoco.exec
[[1;34mINFO[m] 
[[1;34mINFO[m] [1m--- [0;32mmaven-resources-plugin:2.6:resources[m [1m(default-resources)[m @ [36mcanal.protocol[0;1m ---[m
[[1;34mINFO[m] Using 'UTF-8' encoding to copy filtered resources.
[[1;34mINFO[m] skip non existing resourceDirectory /home/travis/build/failed/alibaba/canal/protocol/src/main/resources
[[1;34mINFO[m] 
[[1;34mINFO[m] [1m--- [0;32mmaven-compiler-plugin:3.7.0:compile[m [1m(default-compile)[m @ [36mcanal.protocol[0;1m ---[m
[[1;34mINFO[m] Changes detected - recompiling the module!
[[1;34mINFO[m] Compiling 15 source files to /home/travis/build/failed/alibaba/canal/protocol/target/classes
[[1;34mINFO[m] /home/travis/build/failed/alibaba/canal/protocol/src/main/java/com/alibaba/otter/canal/protocol/Message.java: /home/travis/build/failed/alibaba/canal/protocol/src/main/java/com/alibaba/otter/canal/protocol/Message.java uses unchecked or unsafe operations.
[[1;34mINFO[m] /home/travis/build/failed/alibaba/canal/protocol/src/main/java/com/alibaba/otter/canal/protocol/Message.java: Recompile with -Xlint:unchecked for details.
[[1;34mINFO[m] 
[[1;34mINFO[m] [1m--- [0;32mmaven-resources-plugin:2.6:testResources[m [1m(default-testResources)[m @ [36mcanal.protocol[0;1m ---[m
[[1;34mINFO[m] Using 'UTF-8' encoding to copy filtered resources.
[[1;34mINFO[m] skip non existing resourceDirectory /home/travis/build/failed/alibaba/canal/protocol/src/test/resources
[[1;34mINFO[m] 
[[1;34mINFO[m] [1m--- [0;32mmaven-compiler-plugin:3.7.0:testCompile[m [1m(default-testCompile)[m @ [36mcanal.protocol[0;1m ---[m
[[1;34mINFO[m] No sources to compile
[[1;34mINFO[m] 
[[1;34mINFO[m] [1m--- [0;32mmaven-surefire-plugin:2.22.1:test[m [1m(default-test)[m @ [36mcanal.protocol[0;1m ---[m
[[1;34mINFO[m] No tests to run.
[[1;34mINFO[m] 
[[1;34mINFO[m] [1m--- [0;32mmaven-jar-plugin:3.0.2:jar[m [1m(default-jar)[m @ [36mcanal.protocol[0;1m ---[m
[[1;34mINFO[m] Building jar: /home/travis/build/failed/alibaba/canal/protocol/target/canal.protocol-1.1.4-SNAPSHOT.jar
[[1;34mINFO[m] 
[[1;34mINFO[m] [1m>>> [0;32mmaven-source-plugin:2.4:jar[m [1m(attach-sources)[0;1m > [0;1mgenerate-sources[m @ [36mcanal.protocol[0;1m >>>[m
[[1;34mINFO[m] 
[[1;34mINFO[m] [1m--- [0;32mmaven-enforcer-plugin:1.0:enforce[m [1m(enforce-maven)[m @ [36mcanal.protocol[0;1m ---[m
[[1;34mINFO[m] 
[[1;34mINFO[m] [1m--- [0;32mjacoco-maven-plugin:0.8.3:prepare-agent[m [1m(jacoco-initialize)[m @ [36mcanal.protocol[0;1m ---[m
[[1;34mINFO[m] jacocoArgLine set to -javaagent:/home/travis/.m2/repository/org/jacoco/org.jacoco.agent/0.8.3/org.jacoco.agent-0.8.3-runtime.jar=destfile=/home/travis/build/failed/alibaba/canal/protocol/target/jacoco.exec
[[1;34mINFO[m] 
[[1;34mINFO[m] [1m<<< [0;32mmaven-source-plugin:2.4:jar[m [1m(attach-sources)[0;1m < [0;1mgenerate-sources[m @ [36mcanal.protocol[0;1m <<<[m
[[1;34mINFO[m] 
[[1;34mINFO[m] 
[[1;34mINFO[m] [1m--- [0;32mmaven-source-plugin:2.4:jar[m [1m(attach-sources)[m @ [36mcanal.protocol[0;1m ---[m
[[1;34mINFO[m] Building jar: /home/travis/build/failed/alibaba/canal/protocol/target/canal.protocol-1.1.4-SNAPSHOT-sources.jar
[[1;34mINFO[m] 
[[1;34mINFO[m] [1m--- [0;32mmaven-javadoc-plugin:2.9.1:jar[m [1m(attach-javadocs)[m @ [36mcanal.protocol[0;1m ---[m
[[1;34mINFO[m] Skipping javadoc generation
[[1;34mINFO[m] 
[[1;34mINFO[m] [1m--- [0;32mjacoco-maven-plugin:0.8.3:report-aggregate[m [1m(report-aggregate)[m @ [36mcanal.protocol[0;1m ---[m
[[1;34mINFO[m] Loading execution data file /home/travis/build/failed/alibaba/canal/common/target/jacoco.exec
[[1;34mINFO[m] Analyzed bundle 'canal.common' with 28 classes
[[1;34mINFO[m] 
[[1;34mINFO[m] [1m--- [0;32mmaven-install-plugin:2.4:install[m [1m(default-install)[m @ [36mcanal.protocol[0;1m ---[m
[[1;34mINFO[m] Installing /home/travis/build/failed/alibaba/canal/protocol/target/canal.protocol-1.1.4-SNAPSHOT.jar to /home/travis/.m2/repository/com/alibaba/otter/canal.protocol/1.1.4-SNAPSHOT/canal.protocol-1.1.4-SNAPSHOT.jar
[[1;34mINFO[m] Installing /home/travis/build/failed/alibaba/canal/protocol/pom.xml to /home/travis/.m2/repository/com/alibaba/otter/canal.protocol/1.1.4-SNAPSHOT/canal.protocol-1.1.4-SNAPSHOT.pom
[[1;34mINFO[m] Installing /home/travis/build/failed/alibaba/canal/protocol/target/canal.protocol-1.1.4-SNAPSHOT-sources.jar to /home/travis/.m2/repository/com/alibaba/otter/canal.protocol/1.1.4-SNAPSHOT/canal.protocol-1.1.4-SNAPSHOT-sources.jar
[[1;34mINFO[m] 
[[1;34mINFO[m] [1m------------------------------------------------------------------------[m
[[1;34mINFO[m] [1mBuilding canal meta module for otter 1.1.4-SNAPSHOT 1.1.4-SNAPSHOT[m
[[1;34mINFO[m] [1m------------------------------------------------------------------------[m
[[1;34mINFO[m] 
[[1;34mINFO[m] [1m--- [0;32mmaven-clean-plugin:2.5:clean[m [1m(default-clean)[m @ [36mcanal.meta[0;1m ---[m
[[1;34mINFO[m] 
[[1;34mINFO[m] [1m--- [0;32mmaven-enforcer-plugin:1.0:enforce[m [1m(enforce-maven)[m @ [36mcanal.meta[0;1m ---[m
[[1;34mINFO[m] 
[[1;34mINFO[m] [1m--- [0;32mjacoco-maven-plugin:0.8.3:prepare-agent[m [1m(jacoco-initialize)[m @ [36mcanal.meta[0;1m ---[m
[[1;34mINFO[m] jacocoArgLine set to -javaagent:/home/travis/.m2/repository/org/jacoco/org.jacoco.agent/0.8.3/org.jacoco.agent-0.8.3-runtime.jar=destfile=/home/travis/build/failed/alibaba/canal/meta/target/jacoco.exec
[[1;34mINFO[m] 
[[1;34mINFO[m] [1m--- [0;32mmaven-resources-plugin:2.6:resources[m [1m(default-resources)[m @ [36mcanal.meta[0;1m ---[m
[[1;34mINFO[m] Using 'UTF-8' encoding to copy filtered resources.
[[1;34mINFO[m] skip non existing resourceDirectory /home/travis/build/failed/alibaba/canal/meta/src/main/resources
[[1;34mINFO[m] 
[[1;34mINFO[m] [1m--- [0;32mmaven-compiler-plugin:3.7.0:compile[m [1m(default-compile)[m @ [36mcanal.meta[0;1m ---[m
[[1;34mINFO[m] Changes detected - recompiling the module!
[[1;34mINFO[m] Compiling 7 source files to /home/travis/build/failed/alibaba/canal/meta/target/classes
[[1;34mINFO[m] 
[[1;34mINFO[m] [1m--- [0;32mmaven-resources-plugin:2.6:testResources[m [1m(default-testResources)[m @ [36mcanal.meta[0;1m ---[m
[[1;34mINFO[m] Using 'UTF-8' encoding to copy filtered resources.
[[1;34mINFO[m] skip non existing resourceDirectory /home/travis/build/failed/alibaba/canal/meta/src/test/resources
[[1;34mINFO[m] 
[[1;34mINFO[m] [1m--- [0;32mmaven-compiler-plugin:3.7.0:testCompile[m [1m(default-testCompile)[m @ [36mcanal.meta[0;1m ---[m
[[1;34mINFO[m] Changes detected - recompiling the module!
[[1;34mINFO[m] Compiling 7 source files to /home/travis/build/failed/alibaba/canal/meta/target/test-classes
[[1;34mINFO[m] 
[[1;34mINFO[m] [1m--- [0;32mmaven-surefire-plugin:2.22.1:test[m [1m(default-test)[m @ [36mcanal.meta[0;1m ---[m
[[1;34mINFO[m] 
[[1;34mINFO[m] -------------------------------------------------------
[[1;34mINFO[m]  T E S T S
[[1;34mINFO[m] -------------------------------------------------------
[[1;34mINFO[m] Running com.alibaba.otter.canal.meta.[1mAbstractMetaManagerTest[m
[[1;33mWARNING[m] [1;33mTests [0;1mrun: [0;1m1[m, Failures: 0, Errors: 0, [1;33mSkipped: [0;1;33m1[m, Time elapsed: 0.025 s - in com.alibaba.otter.canal.meta.[1mAbstractMetaManagerTest[m
[[1;34mINFO[m] Running com.alibaba.otter.canal.meta.[1mMixedMetaManagerTest[m
[[1;33mWARNING[m] [1;33mTests [0;1mrun: [0;1m1[m, Failures: 0, Errors: 0, [1;33mSkipped: [0;1;33m1[m, Time elapsed: 0.001 s - in com.alibaba.otter.canal.meta.[1mMixedMetaManagerTest[m
[[1;34mINFO[m] Running com.alibaba.otter.canal.meta.[1mPeriodMixedMetaManagerTest[m
[[1;33mWARNING[m] [1;33mTests [0;1mrun: [0;1m1[m, Failures: 0, Errors: 0, [1;33mSkipped: [0;1;33m1[m, Time elapsed: 0.001 s - in com.alibaba.otter.canal.meta.[1mPeriodMixedMetaManagerTest[m
[[1;34mINFO[m] Running com.alibaba.otter.canal.meta.[1mZooKeeperMetaManagerTest[m
[[1;33mWARNING[m] [1;33mTests [0;1mrun: [0;1m1[m, Failures: 0, Errors: 0, [1;33mSkipped: [0;1;33m1[m, Time elapsed: 0 s - in com.alibaba.otter.canal.meta.[1mZooKeeperMetaManagerTest[m
[[1;34mINFO[m] Running com.alibaba.otter.canal.meta.[1mMemoryMetaManagerTest[m
[[1;33mWARNING[m] [1;33mTests [0;1mrun: [0;1m1[m, Failures: 0, Errors: 0, [1;33mSkipped: [0;1;33m1[m, Time elapsed: 0.002 s - in com.alibaba.otter.canal.meta.[1mMemoryMetaManagerTest[m
[[1;34mINFO[m] Running com.alibaba.otter.canal.meta.[1mFileMixedMetaManagerTest[m
[[1;33mWARNING[m] [1;33mTests [0;1mrun: [0;1m1[m, Failures: 0, Errors: 0, [1;33mSkipped: [0;1;33m1[m, Time elapsed: 0 s - in com.alibaba.otter.canal.meta.[1mFileMixedMetaManagerTest[m
[[1;34mINFO[m] 
[[1;34mINFO[m] Results:
[[1;34mINFO[m] 
[[1;33mWARNING[m] [1;33mTests run: 6, Failures: 0, Errors: 0, Skipped: 6[m
[[1;34mINFO[m] 
[[1;34mINFO[m] 
[[1;34mINFO[m] [1m--- [0;32mmaven-jar-plugin:3.0.2:jar[m [1m(default-jar)[m @ [36mcanal.meta[0;1m ---[m
[[1;34mINFO[m] Building jar: /home/travis/build/failed/alibaba/canal/meta/target/canal.meta-1.1.4-SNAPSHOT.jar
[[1;34mINFO[m] 
[[1;34mINFO[m] [1m>>> [0;32mmaven-source-plugin:2.4:jar[m [1m(attach-sources)[0;1m > [0;1mgenerate-sources[m @ [36mcanal.meta[0;1m >>>[m
[[1;34mINFO[m] 
[[1;34mINFO[m] [1m--- [0;32mmaven-enforcer-plugin:1.0:enforce[m [1m(enforce-maven)[m @ [36mcanal.meta[0;1m ---[m
[[1;34mINFO[m] 
[[1;34mINFO[m] [1m--- [0;32mjacoco-maven-plugin:0.8.3:prepare-agent[m [1m(jacoco-initialize)[m @ [36mcanal.meta[0;1m ---[m
[[1;34mINFO[m] jacocoArgLine set to -javaagent:/home/travis/.m2/repository/org/jacoco/org.jacoco.agent/0.8.3/org.jacoco.agent-0.8.3-runtime.jar=destfile=/home/travis/build/failed/alibaba/canal/meta/target/jacoco.exec
[[1;34mINFO[m] 
[[1;34mINFO[m] [1m<<< [0;32mmaven-source-plugin:2.4:jar[m [1m(attach-sources)[0;1m < [0;1mgenerate-sources[m @ [36mcanal.meta[0;1m <<<[m
[[1;34mINFO[m] 
[[1;34mINFO[m] 
[[1;34mINFO[m] [1m--- [0;32mmaven-source-plugin:2.4:jar[m [1m(attach-sources)[m @ [36mcanal.meta[0;1m ---[m
[[1;34mINFO[m] Building jar: /home/travis/build/failed/alibaba/canal/meta/target/canal.meta-1.1.4-SNAPSHOT-sources.jar
[[1;34mINFO[m] 
[[1;34mINFO[m] [1m--- [0;32mmaven-javadoc-plugin:2.9.1:jar[m [1m(attach-javadocs)[m @ [36mcanal.meta[0;1m ---[m
[[1;34mINFO[m] Skipping javadoc generation
[[1;34mINFO[m] 
[[1;34mINFO[m] [1m--- [0;32mjacoco-maven-plugin:0.8.3:report-aggregate[m [1m(report-aggregate)[m @ [36mcanal.meta[0;1m ---[m
[[1;34mINFO[m] Loading execution data file /home/travis/build/failed/alibaba/canal/meta/target/jacoco.exec
[[1;34mINFO[m] Loading execution data file /home/travis/build/failed/alibaba/canal/common/target/jacoco.exec
[[1;34mINFO[m] Analyzed bundle 'canal.common' with 28 classes
[[1;34mINFO[m] Analyzed bundle 'canal.protocol' with 131 classes
[[1;34mINFO[m] 
[[1;34mINFO[m] [1m--- [0;32mmaven-install-plugin:2.4:install[m [1m(default-install)[m @ [36mcanal.meta[0;1m ---[m
[[1;34mINFO[m] Installing /home/travis/build/failed/alibaba/canal/meta/target/canal.meta-1.1.4-SNAPSHOT.jar to /home/travis/.m2/repository/com/alibaba/otter/canal.meta/1.1.4-SNAPSHOT/canal.meta-1.1.4-SNAPSHOT.jar
[[1;34mINFO[m] Installing /home/travis/build/failed/alibaba/canal/meta/pom.xml to /home/travis/.m2/repository/com/alibaba/otter/canal.meta/1.1.4-SNAPSHOT/canal.meta-1.1.4-SNAPSHOT.pom
[[1;34mINFO[m] Installing /home/travis/build/failed/alibaba/canal/meta/target/canal.meta-1.1.4-SNAPSHOT-sources.jar to /home/travis/.m2/repository/com/alibaba/otter/canal.meta/1.1.4-SNAPSHOT/canal.meta-1.1.4-SNAPSHOT-sources.jar
[[1;34mINFO[m] 
[[1;34mINFO[m] [1m------------------------------------------------------------------------[m
[[1;34mINFO[m] [1mBuilding canal driver module for otter 1.1.4-SNAPSHOT 1.1.4-SNAPSHOT[m
[[1;34mINFO[m] [1m------------------------------------------------------------------------[m
[[1;34mINFO[m] 
[[1;34mINFO[m] [1m--- [0;32mmaven-clean-plugin:2.5:clean[m [1m(default-clean)[m @ [36mcanal.parse.driver[0;1m ---[m
[[1;34mINFO[m] 
[[1;34mINFO[m] [1m--- [0;32mmaven-enforcer-plugin:1.0:enforce[m [1m(enforce-maven)[m @ [36mcanal.parse.driver[0;1m ---[m
[[1;34mINFO[m] 
[[1;34mINFO[m] [1m--- [0;32mjacoco-maven-plugin:0.8.3:prepare-agent[m [1m(jacoco-initialize)[m @ [36mcanal.parse.driver[0;1m ---[m
[[1;34mINFO[m] jacocoArgLine set to -javaagent:/home/travis/.m2/repository/org/jacoco/org.jacoco.agent/0.8.3/org.jacoco.agent-0.8.3-runtime.jar=destfile=/home/travis/build/failed/alibaba/canal/driver/target/jacoco.exec
[[1;34mINFO[m] 
[[1;34mINFO[m] [1m--- [0;32mmaven-resources-plugin:2.6:resources[m [1m(default-resources)[m @ [36mcanal.parse.driver[0;1m ---[m
[[1;34mINFO[m] Using 'UTF-8' encoding to copy filtered resources.
[[1;34mINFO[m] skip non existing resourceDirectory /home/travis/build/failed/alibaba/canal/driver/src/main/resources
[[1;34mINFO[m] 
[[1;34mINFO[m] [1m--- [0;32mmaven-compiler-plugin:3.7.0:compile[m [1m(default-compile)[m @ [36mcanal.parse.driver[0;1m ---[m
[[1;34mINFO[m] Changes detected - recompiling the module!
[[1;34mINFO[m] Compiling 45 source files to /home/travis/build/failed/alibaba/canal/driver/target/classes
[[1;34mINFO[m] 
[[1;34mINFO[m] [1m--- [0;32mmaven-resources-plugin:2.6:testResources[m [1m(default-testResources)[m @ [36mcanal.parse.driver[0;1m ---[m
[[1;34mINFO[m] Using 'UTF-8' encoding to copy filtered resources.
[[1;34mINFO[m] skip non existing resourceDirectory /home/travis/build/failed/alibaba/canal/driver/src/test/resources
[[1;34mINFO[m] 
[[1;34mINFO[m] [1m--- [0;32mmaven-compiler-plugin:3.7.0:testCompile[m [1m(default-testCompile)[m @ [36mcanal.parse.driver[0;1m ---[m
[[1;34mINFO[m] Changes detected - recompiling the module!
[[1;34mINFO[m] Compiling 6 source files to /home/travis/build/failed/alibaba/canal/driver/target/test-classes
[[1;34mINFO[m] 
[[1;34mINFO[m] [1m--- [0;32mmaven-surefire-plugin:2.22.1:test[m [1m(default-test)[m @ [36mcanal.parse.driver[0;1m ---[m
[[1;34mINFO[m] 
[[1;34mINFO[m] -------------------------------------------------------
[[1;34mINFO[m]  T E S T S
[[1;34mINFO[m] -------------------------------------------------------
[[1;34mINFO[m] Running com.alibaba.otter.canal.parse.driver.mysql.[1mMysqlConnectorTest[m
[[1;33mWARNING[m] [1;33mTests [0;1mrun: [0;1m1[m, Failures: 0, Errors: 0, [1;33mSkipped: [0;1;33m1[m, Time elapsed: 0.025 s - in com.alibaba.otter.canal.parse.driver.mysql.[1mMysqlConnectorTest[m
[[1;34mINFO[m] Running com.alibaba.otter.canal.parse.driver.mysql.[1mUUIDSetTest[m
[[1;34mINFO[m] [1;32mTests run: [0;1;32m1[m, Failures: 0, Errors: 0, Skipped: 0, Time elapsed: 0.06 s - in com.alibaba.otter.canal.parse.driver.mysql.[1mUUIDSetTest[m
[[1;34mINFO[m] Running com.alibaba.otter.canal.parse.driver.mysql.[1mMysqlGTIDSetTest[m
[[1;34mINFO[m] [1;32mTests run: [0;1;32m2[m, Failures: 0, Errors: 0, Skipped: 0, Time elapsed: 0.004 s - in com.alibaba.otter.canal.parse.driver.mysql.[1mMysqlGTIDSetTest[m
[[1;34mINFO[m] Running com.alibaba.otter.canal.parse.driver.mysql.utils.[1mMySQLPasswordEncrypterTest[m
[[1;34mINFO[m] [1;32mTests run: [0;1;32m3[m, Failures: 0, Errors: 0, Skipped: 0, Time elapsed: 0.019 s - in com.alibaba.otter.canal.parse.driver.mysql.utils.[1mMySQLPasswordEncrypterTest[m
[[1;34mINFO[m] Running com.alibaba.otter.canal.parse.driver.mysql.utils.[1mByteHelperTest[m
[[1;34mINFO[m] [1;32mTests run: [0;1;32m20[m, Failures: 0, Errors: 0, Skipped: 0, Time elapsed: 0.08 s - in com.alibaba.otter.canal.parse.driver.mysql.utils.[1mByteHelperTest[m
[[1;34mINFO[m] Running com.alibaba.otter.canal.parse.driver.mysql.[1mCharsetUtilTest[m
[[1;34mINFO[m] [1;32mTests run: [0;1;32m6[m, Failures: 0, Errors: 0, Skipped: 0, Time elapsed: 0.004 s - in com.alibaba.otter.canal.parse.driver.mysql.[1mCharsetUtilTest[m
[[1;34mINFO[m] 
[[1;34mINFO[m] Results:
[[1;34mINFO[m] 
[[1;33mWARNING[m] [1;33mTests run: 33, Failures: 0, Errors: 0, Skipped: 1[m
[[1;34mINFO[m] 
[[1;34mINFO[m] 
[[1;34mINFO[m] [1m--- [0;32mmaven-jar-plugin:3.0.2:jar[m [1m(default-jar)[m @ [36mcanal.parse.driver[0;1m ---[m
[[1;34mINFO[m] Building jar: /home/travis/build/failed/alibaba/canal/driver/target/canal.parse.driver-1.1.4-SNAPSHOT.jar
[[1;34mINFO[m] 
[[1;34mINFO[m] [1m>>> [0;32mmaven-source-plugin:2.4:jar[m [1m(attach-sources)[0;1m > [0;1mgenerate-sources[m @ [36mcanal.parse.driver[0;1m >>>[m
[[1;34mINFO[m] 
[[1;34mINFO[m] [1m--- [0;32mmaven-enforcer-plugin:1.0:enforce[m [1m(enforce-maven)[m @ [36mcanal.parse.driver[0;1m ---[m
[[1;34mINFO[m] 
[[1;34mINFO[m] [1m--- [0;32mjacoco-maven-plugin:0.8.3:prepare-agent[m [1m(jacoco-initialize)[m @ [36mcanal.parse.driver[0;1m ---[m
[[1;34mINFO[m] jacocoArgLine set to -javaagent:/home/travis/.m2/repository/org/jacoco/org.jacoco.agent/0.8.3/org.jacoco.agent-0.8.3-runtime.jar=destfile=/home/travis/build/failed/alibaba/canal/driver/target/jacoco.exec
[[1;34mINFO[m] 
[[1;34mINFO[m] [1m<<< [0;32mmaven-source-plugin:2.4:jar[m [1m(attach-sources)[0;1m < [0;1mgenerate-sources[m @ [36mcanal.parse.driver[0;1m <<<[m
[[1;34mINFO[m] 
[[1;34mINFO[m] 
[[1;34mINFO[m] [1m--- [0;32mmaven-source-plugin:2.4:jar[m [1m(attach-sources)[m @ [36mcanal.parse.driver[0;1m ---[m
[[1;34mINFO[m] Building jar: /home/travis/build/failed/alibaba/canal/driver/target/canal.parse.driver-1.1.4-SNAPSHOT-sources.jar
[[1;34mINFO[m] 
[[1;34mINFO[m] [1m--- [0;32mmaven-javadoc-plugin:2.9.1:jar[m [1m(attach-javadocs)[m @ [36mcanal.parse.driver[0;1m ---[m
[[1;34mINFO[m] Skipping javadoc generation
[[1;34mINFO[m] 
[[1;34mINFO[m] [1m--- [0;32mjacoco-maven-plugin:0.8.3:report-aggregate[m [1m(report-aggregate)[m @ [36mcanal.parse.driver[0;1m ---[m
[[1;34mINFO[m] Loading execution data file /home/travis/build/failed/alibaba/canal/driver/target/jacoco.exec
[[1;34mINFO[m] Loading execution data file /home/travis/build/failed/alibaba/canal/common/target/jacoco.exec
[[1;34mINFO[m] Analyzed bundle 'canal.common' with 28 classes
[[1;34mINFO[m] 
[[1;34mINFO[m] [1m--- [0;32mmaven-install-plugin:2.4:install[m [1m(default-install)[m @ [36mcanal.parse.driver[0;1m ---[m
[[1;34mINFO[m] Installing /home/travis/build/failed/alibaba/canal/driver/target/canal.parse.driver-1.1.4-SNAPSHOT.jar to /home/travis/.m2/repository/com/alibaba/otter/canal.parse.driver/1.1.4-SNAPSHOT/canal.parse.driver-1.1.4-SNAPSHOT.jar
[[1;34mINFO[m] Installing /home/travis/build/failed/alibaba/canal/driver/pom.xml to /home/travis/.m2/repository/com/alibaba/otter/canal.parse.driver/1.1.4-SNAPSHOT/canal.parse.driver-1.1.4-SNAPSHOT.pom
[[1;34mINFO[m] Installing /home/travis/build/failed/alibaba/canal/driver/target/canal.parse.driver-1.1.4-SNAPSHOT-sources.jar to /home/travis/.m2/repository/com/alibaba/otter/canal.parse.driver/1.1.4-SNAPSHOT/canal.parse.driver-1.1.4-SNAPSHOT-sources.jar
[[1;34mINFO[m] 
[[1;34mINFO[m] [1m------------------------------------------------------------------------[m
[[1;34mINFO[m] [1mBuilding canal dbsync module for otter 1.1.4-SNAPSHOT 1.1.4-SNAPSHOT[m
[[1;34mINFO[m] [1m------------------------------------------------------------------------[m
[[1;34mINFO[m] 
[[1;34mINFO[m] [1m--- [0;32mmaven-clean-plugin:2.5:clean[m [1m(default-clean)[m @ [36mcanal.parse.dbsync[0;1m ---[m
[[1;34mINFO[m] 
[[1;34mINFO[m] [1m--- [0;32mmaven-enforcer-plugin:1.0:enforce[m [1m(enforce-maven)[m @ [36mcanal.parse.dbsync[0;1m ---[m
[[1;34mINFO[m] 
[[1;34mINFO[m] [1m--- [0;32mjacoco-maven-plugin:0.8.3:prepare-agent[m [1m(jacoco-initialize)[m @ [36mcanal.parse.dbsync[0;1m ---[m
[[1;34mINFO[m] jacocoArgLine set to -javaagent:/home/travis/.m2/repository/org/jacoco/org.jacoco.agent/0.8.3/org.jacoco.agent-0.8.3-runtime.jar=destfile=/home/travis/build/failed/alibaba/canal/dbsync/target/jacoco.exec
[[1;34mINFO[m] 
[[1;34mINFO[m] [1m--- [0;32mmaven-resources-plugin:2.6:resources[m [1m(default-resources)[m @ [36mcanal.parse.dbsync[0;1m ---[m
[[1;34mINFO[m] Using 'UTF-8' encoding to copy filtered resources.
[[1;34mINFO[m] skip non existing resourceDirectory /home/travis/build/failed/alibaba/canal/dbsync/src/main/resources
[[1;34mINFO[m] 
[[1;34mINFO[m] [1m--- [0;32mmaven-compiler-plugin:3.7.0:compile[m [1m(default-compile)[m @ [36mcanal.parse.dbsync[0;1m ---[m
[[1;34mINFO[m] Changes detected - recompiling the module!
[[1;34mINFO[m] Compiling 50 source files to /home/travis/build/failed/alibaba/canal/dbsync/target/classes
[[1;34mINFO[m] 
[[1;34mINFO[m] [1m--- [0;32mmaven-resources-plugin:2.6:testResources[m [1m(default-testResources)[m @ [36mcanal.parse.dbsync[0;1m ---[m
[[1;34mINFO[m] Using 'UTF-8' encoding to copy filtered resources.
[[1;34mINFO[m] Copying 2 resources
[[1;34mINFO[m] 
[[1;34mINFO[m] [1m--- [0;32mmaven-compiler-plugin:3.7.0:testCompile[m [1m(default-testCompile)[m @ [36mcanal.parse.dbsync[0;1m ---[m
[[1;34mINFO[m] Changes detected - recompiling the module!
[[1;34mINFO[m] Compiling 5 source files to /home/travis/build/failed/alibaba/canal/dbsync/target/test-classes
[[1;34mINFO[m] 
[[1;34mINFO[m] [1m--- [0;32mmaven-surefire-plugin:2.22.1:test[m [1m(default-test)[m @ [36mcanal.parse.dbsync[0;1m ---[m
[[1;34mINFO[m] 
[[1;34mINFO[m] -------------------------------------------------------
[[1;34mINFO[m]  T E S T S
[[1;34mINFO[m] -------------------------------------------------------
[[1;34mINFO[m] Running com.taobao.tddl.dbsync.binlog.[1mDirectLogFetcherTest[m
[[1;33mWARNING[m] [1;33mTests [0;1mrun: [0;1m1[m, Failures: 0, Errors: 0, [1;33mSkipped: [0;1;33m1[m, Time elapsed: 0.019 s - in com.taobao.tddl.dbsync.binlog.[1mDirectLogFetcherTest[m
[[1;34mINFO[m] Running com.taobao.tddl.dbsync.binlog.[1mFileLogFetcherTest[m
[[1;33mWARNING[m] [1;33mTests [0;1mrun: [0;1m1[m, Failures: 0, Errors: 0, [1;33mSkipped: [0;1;33m1[m, Time elapsed: 0 s - in com.taobao.tddl.dbsync.binlog.[1mFileLogFetcherTest[m
[[1;34mINFO[m] Running com.taobao.tddl.dbsync.binlog.[1mLogBufferTest[m
old extract decimal: 
2168ns >> -4.4566999990
1035ns >> 5.4567000000
706ns >> 102003000.400005
912ns >> 7000000001.000003
1122ns >> 1.100000
new extract decimal: 
2523ns >> -4.456699999
2385ns >> 5.456700000
1469ns >> 102003000.400005
915ns >> 7000000001.000003
680ns >> 1.100000
208ns >> -1
226ns >> 18446744073709551615
-16777216
4278190080
-65536
16711680
[[1;34mINFO[m] [1;32mTests run: [0;1;32m3[m, Failures: 0, Errors: 0, Skipped: 0, Time elapsed: 0.194 s - in com.taobao.tddl.dbsync.binlog.[1mLogBufferTest[m
[[1;34mINFO[m] 
[[1;34mINFO[m] Results:
[[1;34mINFO[m] 
[[1;33mWARNING[m] [1;33mTests run: 5, Failures: 0, Errors: 0, Skipped: 2[m
[[1;34mINFO[m] 
[[1;34mINFO[m] 
[[1;34mINFO[m] [1m--- [0;32mmaven-jar-plugin:3.0.2:jar[m [1m(default-jar)[m @ [36mcanal.parse.dbsync[0;1m ---[m
[[1;34mINFO[m] Building jar: /home/travis/build/failed/alibaba/canal/dbsync/target/canal.parse.dbsync-1.1.4-SNAPSHOT.jar
[[1;34mINFO[m] 
[[1;34mINFO[m] [1m>>> [0;32mmaven-source-plugin:2.4:jar[m [1m(attach-sources)[0;1m > [0;1mgenerate-sources[m @ [36mcanal.parse.dbsync[0;1m >>>[m
[[1;34mINFO[m] 
[[1;34mINFO[m] [1m--- [0;32mmaven-enforcer-plugin:1.0:enforce[m [1m(enforce-maven)[m @ [36mcanal.parse.dbsync[0;1m ---[m
[[1;34mINFO[m] 
[[1;34mINFO[m] [1m--- [0;32mjacoco-maven-plugin:0.8.3:prepare-agent[m [1m(jacoco-initialize)[m @ [36mcanal.parse.dbsync[0;1m ---[m
[[1;34mINFO[m] jacocoArgLine set to -javaagent:/home/travis/.m2/repository/org/jacoco/org.jacoco.agent/0.8.3/org.jacoco.agent-0.8.3-runtime.jar=destfile=/home/travis/build/failed/alibaba/canal/dbsync/target/jacoco.exec
[[1;34mINFO[m] 
[[1;34mINFO[m] [1m<<< [0;32mmaven-source-plugin:2.4:jar[m [1m(attach-sources)[0;1m < [0;1mgenerate-sources[m @ [36mcanal.parse.dbsync[0;1m <<<[m
[[1;34mINFO[m] 
[[1;34mINFO[m] 
[[1;34mINFO[m] [1m--- [0;32mmaven-source-plugin:2.4:jar[m [1m(attach-sources)[m @ [36mcanal.parse.dbsync[0;1m ---[m
[[1;34mINFO[m] Building jar: /home/travis/build/failed/alibaba/canal/dbsync/target/canal.parse.dbsync-1.1.4-SNAPSHOT-sources.jar
[[1;34mINFO[m] 
[[1;34mINFO[m] [1m--- [0;32mmaven-javadoc-plugin:2.9.1:jar[m [1m(attach-javadocs)[m @ [36mcanal.parse.dbsync[0;1m ---[m
[[1;34mINFO[m] Skipping javadoc generation
[[1;34mINFO[m] 
[[1;34mINFO[m] [1m--- [0;32mjacoco-maven-plugin:0.8.3:report-aggregate[m [1m(report-aggregate)[m @ [36mcanal.parse.dbsync[0;1m ---[m
[[1;34mINFO[m] Loading execution data file /home/travis/build/failed/alibaba/canal/dbsync/target/jacoco.exec
[[1;34mINFO[m] Loading execution data file /home/travis/build/failed/alibaba/canal/driver/target/jacoco.exec
[[1;34mINFO[m] Analyzed bundle 'canal.parse.driver' with 44 classes
[[1;34mINFO[m] 
[[1;34mINFO[m] [1m--- [0;32mmaven-install-plugin:2.4:install[m [1m(default-install)[m @ [36mcanal.parse.dbsync[0;1m ---[m
[[1;34mINFO[m] Installing /home/travis/build/failed/alibaba/canal/dbsync/target/canal.parse.dbsync-1.1.4-SNAPSHOT.jar to /home/travis/.m2/repository/com/alibaba/otter/canal.parse.dbsync/1.1.4-SNAPSHOT/canal.parse.dbsync-1.1.4-SNAPSHOT.jar
[[1;34mINFO[m] Installing /home/travis/build/failed/alibaba/canal/dbsync/pom.xml to /home/travis/.m2/repository/com/alibaba/otter/canal.parse.dbsync/1.1.4-SNAPSHOT/canal.parse.dbsync-1.1.4-SNAPSHOT.pom
[[1;34mINFO[m] Installing /home/travis/build/failed/alibaba/canal/dbsync/target/canal.parse.dbsync-1.1.4-SNAPSHOT-sources.jar to /home/travis/.m2/repository/com/alibaba/otter/canal.parse.dbsync/1.1.4-SNAPSHOT/canal.parse.dbsync-1.1.4-SNAPSHOT-sources.jar
[[1;34mINFO[m] 
[[1;34mINFO[m] [1m------------------------------------------------------------------------[m
[[1;34mINFO[m] [1mBuilding canal sink module for otter 1.1.4-SNAPSHOT 1.1.4-SNAPSHOT[m
[[1;34mINFO[m] [1m------------------------------------------------------------------------[m
[[1;34mINFO[m] 
[[1;34mINFO[m] [1m--- [0;32mmaven-clean-plugin:2.5:clean[m [1m(default-clean)[m @ [36mcanal.filter[0;1m ---[m
[[1;34mINFO[m] 
[[1;34mINFO[m] [1m--- [0;32mmaven-enforcer-plugin:1.0:enforce[m [1m(enforce-maven)[m @ [36mcanal.filter[0;1m ---[m
[[1;34mINFO[m] 
[[1;34mINFO[m] [1m--- [0;32mjacoco-maven-plugin:0.8.3:prepare-agent[m [1m(jacoco-initialize)[m @ [36mcanal.filter[0;1m ---[m
[[1;34mINFO[m] jacocoArgLine set to -javaagent:/home/travis/.m2/repository/org/jacoco/org.jacoco.agent/0.8.3/org.jacoco.agent-0.8.3-runtime.jar=destfile=/home/travis/build/failed/alibaba/canal/filter/target/jacoco.exec
[[1;34mINFO[m] 
[[1;34mINFO[m] [1m--- [0;32mmaven-resources-plugin:2.6:resources[m [1m(default-resources)[m @ [36mcanal.filter[0;1m ---[m
[[1;34mINFO[m] Using 'UTF-8' encoding to copy filtered resources.
[[1;34mINFO[m] skip non existing resourceDirectory /home/travis/build/failed/alibaba/canal/filter/src/main/resources
[[1;34mINFO[m] 
[[1;34mINFO[m] [1m--- [0;32mmaven-compiler-plugin:3.7.0:compile[m [1m(default-compile)[m @ [36mcanal.filter[0;1m ---[m
[[1;34mINFO[m] Changes detected - recompiling the module!
[[1;34mINFO[m] Compiling 7 source files to /home/travis/build/failed/alibaba/canal/filter/target/classes
[[1;34mINFO[m] 
[[1;34mINFO[m] [1m--- [0;32mmaven-resources-plugin:2.6:testResources[m [1m(default-testResources)[m @ [36mcanal.filter[0;1m ---[m
[[1;34mINFO[m] Using 'UTF-8' encoding to copy filtered resources.
[[1;34mINFO[m] skip non existing resourceDirectory /home/travis/build/failed/alibaba/canal/filter/src/test/resources
[[1;34mINFO[m] 
[[1;34mINFO[m] [1m--- [0;32mmaven-compiler-plugin:3.7.0:testCompile[m [1m(default-testCompile)[m @ [36mcanal.filter[0;1m ---[m
[[1;34mINFO[m] Changes detected - recompiling the module!
[[1;34mINFO[m] Compiling 2 source files to /home/travis/build/failed/alibaba/canal/filter/target/test-classes
[[1;34mINFO[m] 
[[1;34mINFO[m] [1m--- [0;32mmaven-surefire-plugin:2.22.1:test[m [1m(default-test)[m @ [36mcanal.filter[0;1m ---[m
[[1;34mINFO[m] 
[[1;34mINFO[m] -------------------------------------------------------
[[1;34mINFO[m]  T E S T S
[[1;34mINFO[m] -------------------------------------------------------
[[1;34mINFO[m] Running com.alibaba.otter.canal.filter.[1mMutliAviaterFilterTest[m
[[1;34mINFO[m] [1;32mTests run: [0;1;32m1[m, Failures: 0, Errors: 0, Skipped: 0, Time elapsed: 0.662 s - in com.alibaba.otter.canal.filter.[1mMutliAviaterFilterTest[m
[[1;34mINFO[m] Running com.alibaba.otter.canal.filter.[1mAviaterFilterTest[m
07:43:11.392 [main] DEBUG o.a.c.b.converters.BooleanConverter - Setting default value: false
07:43:11.398 [main] DEBUG o.a.c.b.converters.BooleanConverter - Converting 'Boolean' value 'false' to type 'Boolean'
07:43:11.399 [main] DEBUG o.a.c.b.converters.BooleanConverter -     No conversion required, value is already a Boolean
07:43:11.404 [main] DEBUG o.a.c.b.converters.ByteConverter - Setting default value: 0
07:43:11.405 [main] DEBUG o.a.c.b.converters.ByteConverter - Converting 'Integer' value '0' to type 'Byte'
07:43:11.405 [main] DEBUG o.a.c.b.converters.ByteConverter -     Converted to Byte value '0'
07:43:11.406 [main] DEBUG o.a.c.b.c.CharacterConverter - Setting default value:  
07:43:11.407 [main] DEBUG o.a.c.b.c.CharacterConverter - Converting 'Character' value ' ' to type 'Character'
07:43:11.407 [main] DEBUG o.a.c.b.c.CharacterConverter -     No conversion required, value is already a Character
07:43:11.408 [main] DEBUG o.a.c.b.converters.DoubleConverter - Setting default value: 0
07:43:11.409 [main] DEBUG o.a.c.b.converters.DoubleConverter - Converting 'Integer' value '0' to type 'Double'
07:43:11.409 [main] DEBUG o.a.c.b.converters.DoubleConverter -     Converted to Double value '0.0'
07:43:11.410 [main] DEBUG o.a.c.b.converters.FloatConverter - Setting default value: 0
07:43:11.411 [main] DEBUG o.a.c.b.converters.FloatConverter - Converting 'Integer' value '0' to type 'Float'
07:43:11.411 [main] DEBUG o.a.c.b.converters.FloatConverter -     Converted to Float value '0.0'
07:43:11.412 [main] DEBUG o.a.c.b.converters.IntegerConverter - Setting default value: 0
07:43:11.413 [main] DEBUG o.a.c.b.converters.IntegerConverter - Converting 'Integer' value '0' to type 'Integer'
07:43:11.413 [main] DEBUG o.a.c.b.converters.IntegerConverter -     No conversion required, value is already a Integer
07:43:11.414 [main] DEBUG o.a.c.b.converters.LongConverter - Setting default value: 0
07:43:11.414 [main] DEBUG o.a.c.b.converters.LongConverter - Converting 'Integer' value '0' to type 'Long'
07:43:11.415 [main] DEBUG o.a.c.b.converters.LongConverter -     Converted to Long value '0'
07:43:11.417 [main] DEBUG o.a.c.b.converters.ShortConverter - Setting default value: 0
07:43:11.418 [main] DEBUG o.a.c.b.converters.ShortConverter - Converting 'Integer' value '0' to type 'Short'
07:43:11.418 [main] DEBUG o.a.c.b.converters.ShortConverter -     Converted to Short value '0'
07:43:11.420 [main] DEBUG o.a.c.b.c.BigDecimalConverter - Setting default value: 0.0
07:43:11.421 [main] DEBUG o.a.c.b.c.BigDecimalConverter - Converting 'BigDecimal' value '0.0' to type 'BigDecimal'
07:43:11.421 [main] DEBUG o.a.c.b.c.BigDecimalConverter -     No conversion required, value is already a BigDecimal
07:43:11.422 [main] DEBUG o.a.c.b.c.BigIntegerConverter - Setting default value: 0
07:43:11.422 [main] DEBUG o.a.c.b.c.BigIntegerConverter - Converting 'BigInteger' value '0' to type 'BigInteger'
07:43:11.423 [main] DEBUG o.a.c.b.c.BigIntegerConverter -     No conversion required, value is already a BigInteger
07:43:11.423 [main] DEBUG o.a.c.b.converters.BooleanConverter - Setting default value: false
07:43:11.423 [main] DEBUG o.a.c.b.converters.BooleanConverter - Converting 'Boolean' value 'false' to type 'Boolean'
07:43:11.423 [main] DEBUG o.a.c.b.converters.BooleanConverter -     No conversion required, value is already a Boolean
07:43:11.423 [main] DEBUG o.a.c.b.converters.ByteConverter - Setting default value: 0
07:43:11.423 [main] DEBUG o.a.c.b.converters.ByteConverter - Converting 'Integer' value '0' to type 'Byte'
07:43:11.423 [main] DEBUG o.a.c.b.converters.ByteConverter -     Converted to Byte value '0'
07:43:11.423 [main] DEBUG o.a.c.b.c.CharacterConverter - Setting default value:  
07:43:11.424 [main] DEBUG o.a.c.b.c.CharacterConverter - Converting 'Character' value ' ' to type 'Character'
07:43:11.425 [main] DEBUG o.a.c.b.c.CharacterConverter -     No conversion required, value is already a Character
07:43:11.425 [main] DEBUG o.a.c.b.converters.DoubleConverter - Setting default value: 0
07:43:11.425 [main] DEBUG o.a.c.b.converters.DoubleConverter - Converting 'Integer' value '0' to type 'Double'
07:43:11.425 [main] DEBUG o.a.c.b.converters.DoubleConverter -     Converted to Double value '0.0'
07:43:11.425 [main] DEBUG o.a.c.b.converters.FloatConverter - Setting default value: 0
07:43:11.425 [main] DEBUG o.a.c.b.converters.FloatConverter - Converting 'Integer' value '0' to type 'Float'
07:43:11.425 [main] DEBUG o.a.c.b.converters.FloatConverter -     Converted to Float value '0.0'
07:43:11.425 [main] DEBUG o.a.c.b.converters.IntegerConverter - Setting default value: 0
07:43:11.426 [main] DEBUG o.a.c.b.converters.IntegerConverter - Converting 'Integer' value '0' to type 'Integer'
07:43:11.426 [main] DEBUG o.a.c.b.converters.IntegerConverter -     No conversion required, value is already a Integer
07:43:11.426 [main] DEBUG o.a.c.b.converters.LongConverter - Setting default value: 0
07:43:11.426 [main] DEBUG o.a.c.b.converters.LongConverter - Converting 'Integer' value '0' to type 'Long'
07:43:11.426 [main] DEBUG o.a.c.b.converters.LongConverter -     Converted to Long value '0'
07:43:11.426 [main] DEBUG o.a.c.b.converters.ShortConverter - Setting default value: 0
07:43:11.426 [main] DEBUG o.a.c.b.converters.ShortConverter - Converting 'Integer' value '0' to type 'Short'
07:43:11.426 [main] DEBUG o.a.c.b.converters.ShortConverter -     Converted to Short value '0'
07:43:11.428 [main] DEBUG o.a.c.b.converters.StringConverter - Setting default value: 
07:43:11.428 [main] DEBUG o.a.c.b.converters.StringConverter - Converting 'String' value '' to type 'String'
07:43:11.448 [main] DEBUG o.a.c.b.converters.ArrayConverter - Setting default value: [Z@43f0c2d1
07:43:11.449 [main] DEBUG o.a.c.b.converters.ArrayConverter - Converting 'boolean[]' value '[Z@43f0c2d1' to type 'boolean[]'
07:43:11.449 [main] DEBUG o.a.c.b.converters.ArrayConverter -     No conversion required, value is already a boolean[]
07:43:11.449 [main] DEBUG o.a.c.b.converters.ArrayConverter - Setting default value: [B@5fb65013
07:43:11.450 [main] DEBUG o.a.c.b.converters.ArrayConverter - Converting 'byte[]' value '[B@5fb65013' to type 'byte[]'
07:43:11.450 [main] DEBUG o.a.c.b.converters.ArrayConverter -     No conversion required, value is already a byte[]
07:43:11.452 [main] DEBUG o.a.c.b.converters.ArrayConverter - Setting default value: [C@38a1a26
07:43:11.453 [main] DEBUG o.a.c.b.converters.ArrayConverter - Converting 'char[]' value '[C@38a1a26' to type 'char[]'
07:43:11.453 [main] DEBUG o.a.c.b.converters.ArrayConverter -     No conversion required, value is already a char[]
07:43:11.453 [main] DEBUG o.a.c.b.converters.ArrayConverter - Setting default value: [D@3fbcfe81
07:43:11.453 [main] DEBUG o.a.c.b.converters.ArrayConverter - Converting 'double[]' value '[D@3fbcfe81' to type 'double[]'
07:43:11.454 [main] DEBUG o.a.c.b.converters.ArrayConverter -     No conversion required, value is already a double[]
07:43:11.454 [main] DEBUG o.a.c.b.converters.ArrayConverter - Setting default value: [F@7a1f45ed
07:43:11.454 [main] DEBUG o.a.c.b.converters.ArrayConverter - Converting 'float[]' value '[F@7a1f45ed' to type 'float[]'
07:43:11.454 [main] DEBUG o.a.c.b.converters.ArrayConverter -     No conversion required, value is already a float[]
07:43:11.454 [main] DEBUG o.a.c.b.converters.ArrayConverter - Setting default value: [I@1744a475
07:43:11.454 [main] DEBUG o.a.c.b.converters.ArrayConverter - Converting 'int[]' value '[I@1744a475' to type 'int[]'
07:43:11.454 [main] DEBUG o.a.c.b.converters.ArrayConverter -     No conversion required, value is already a int[]
07:43:11.454 [main] DEBUG o.a.c.b.converters.ArrayConverter - Setting default value: [J@444cc791
07:43:11.454 [main] DEBUG o.a.c.b.converters.ArrayConverter - Converting 'long[]' value '[J@444cc791' to type 'long[]'
07:43:11.455 [main] DEBUG o.a.c.b.converters.ArrayConverter -     No conversion required, value is already a long[]
07:43:11.455 [main] DEBUG o.a.c.b.converters.ArrayConverter - Setting default value: [S@1c5c616f
07:43:11.455 [main] DEBUG o.a.c.b.converters.ArrayConverter - Converting 'short[]' value '[S@1c5c616f' to type 'short[]'
07:43:11.455 [main] DEBUG o.a.c.b.converters.ArrayConverter -     No conversion required, value is already a short[]
07:43:11.455 [main] DEBUG o.a.c.b.converters.ArrayConverter - Setting default value: [Ljava.math.BigDecimal;@1c6c6f24
07:43:11.455 [main] DEBUG o.a.c.b.converters.ArrayConverter - Converting 'BigDecimal[]' value '[Ljava.math.BigDecimal;@1c6c6f24' to type 'BigDecimal[]'
07:43:11.455 [main] DEBUG o.a.c.b.converters.ArrayConverter -     No conversion required, value is already a BigDecimal[]
07:43:11.455 [main] DEBUG o.a.c.b.converters.ArrayConverter - Setting default value: [Ljava.math.BigInteger;@c6b2dd9
07:43:11.456 [main] DEBUG o.a.c.b.converters.ArrayConverter - Converting 'BigInteger[]' value '[Ljava.math.BigInteger;@c6b2dd9' to type 'BigInteger[]'
07:43:11.456 [main] DEBUG o.a.c.b.converters.ArrayConverter -     No conversion required, value is already a BigInteger[]
07:43:11.456 [main] DEBUG o.a.c.b.converters.ArrayConverter - Setting default value: [Ljava.lang.Boolean;@ca93621
07:43:11.456 [main] DEBUG o.a.c.b.converters.ArrayConverter - Converting 'Boolean[]' value '[Ljava.lang.Boolean;@ca93621' to type 'Boolean[]'
07:43:11.456 [main] DEBUG o.a.c.b.converters.ArrayConverter -     No conversion required, value is already a Boolean[]
07:43:11.456 [main] DEBUG o.a.c.b.converters.ArrayConverter - Setting default value: [Ljava.lang.Byte;@3f985a86
07:43:11.456 [main] DEBUG o.a.c.b.converters.ArrayConverter - Converting 'Byte[]' value '[Ljava.lang.Byte;@3f985a86' to type 'Byte[]'
07:43:11.456 [main] DEBUG o.a.c.b.converters.ArrayConverter -     No conversion required, value is already a Byte[]
07:43:11.456 [main] DEBUG o.a.c.b.converters.ArrayConverter - Setting default value: [Ljava.lang.Character;@57a2ed35
07:43:11.457 [main] DEBUG o.a.c.b.converters.ArrayConverter - Converting 'Character[]' value '[Ljava.lang.Character;@57a2ed35' to type 'Character[]'
07:43:11.457 [main] DEBUG o.a.c.b.converters.ArrayConverter -     No conversion required, value is already a Character[]
07:43:11.457 [main] DEBUG o.a.c.b.converters.ArrayConverter - Setting default value: [Ljava.lang.Double;@12ffd1de
07:43:11.457 [main] DEBUG o.a.c.b.converters.ArrayConverter - Converting 'Double[]' value '[Ljava.lang.Double;@12ffd1de' to type 'Double[]'
07:43:11.457 [main] DEBUG o.a.c.b.converters.ArrayConverter -     No conversion required, value is already a Double[]
07:43:11.457 [main] DEBUG o.a.c.b.converters.ArrayConverter - Setting default value: [Ljava.lang.Float;@4096aa05
07:43:11.457 [main] DEBUG o.a.c.b.converters.ArrayConverter - Converting 'Float[]' value '[Ljava.lang.Float;@4096aa05' to type 'Float[]'
07:43:11.457 [main] DEBUG o.a.c.b.converters.ArrayConverter -     No conversion required, value is already a Float[]
07:43:11.457 [main] DEBUG o.a.c.b.converters.ArrayConverter - Setting default value: [Ljava.lang.Integer;@6c806c8b
07:43:11.458 [main] DEBUG o.a.c.b.converters.ArrayConverter - Converting 'Integer[]' value '[Ljava.lang.Integer;@6c806c8b' to type 'Integer[]'
07:43:11.458 [main] DEBUG o.a.c.b.converters.ArrayConverter -     No conversion required, value is already a Integer[]
07:43:11.458 [main] DEBUG o.a.c.b.converters.ArrayConverter - Setting default value: [Ljava.lang.Long;@6dfcffb5
07:43:11.458 [main] DEBUG o.a.c.b.converters.ArrayConverter - Converting 'Long[]' value '[Ljava.lang.Long;@6dfcffb5' to type 'Long[]'
07:43:11.458 [main] DEBUG o.a.c.b.converters.ArrayConverter -     No conversion required, value is already a Long[]
07:43:11.460 [main] DEBUG o.a.c.b.converters.ArrayConverter - Setting default value: [Ljava.lang.Short;@184fb68d
07:43:11.461 [main] DEBUG o.a.c.b.converters.ArrayConverter - Converting 'Short[]' value '[Ljava.lang.Short;@184fb68d' to type 'Short[]'
07:43:11.461 [main] DEBUG o.a.c.b.converters.ArrayConverter -     No conversion required, value is already a Short[]
07:43:11.461 [main] DEBUG o.a.c.b.converters.ArrayConverter - Setting default value: [Ljava.lang.String;@71d8cfe7
07:43:11.461 [main] DEBUG o.a.c.b.converters.ArrayConverter - Converting 'String[]' value '[Ljava.lang.String;@71d8cfe7' to type 'String[]'
07:43:11.461 [main] DEBUG o.a.c.b.converters.ArrayConverter -     No conversion required, value is already a String[]
07:43:11.461 [main] DEBUG o.a.c.b.converters.ArrayConverter - Setting default value: [Ljava.lang.Class;@1e530163
07:43:11.461 [main] DEBUG o.a.c.b.converters.ArrayConverter - Converting 'Class[]' value '[Ljava.lang.Class;@1e530163' to type 'Class[]'
07:43:11.461 [main] DEBUG o.a.c.b.converters.ArrayConverter -     No conversion required, value is already a Class[]
07:43:11.461 [main] DEBUG o.a.c.b.converters.ArrayConverter - Setting default value: [Ljava.util.Date;@14d8444b
07:43:11.461 [main] DEBUG o.a.c.b.converters.ArrayConverter - Converting 'Date[]' value '[Ljava.util.Date;@14d8444b' to type 'Date[]'
07:43:11.461 [main] DEBUG o.a.c.b.converters.ArrayConverter -     No conversion required, value is already a Date[]
07:43:11.461 [main] DEBUG o.a.c.b.converters.ArrayConverter - Setting default value: [Ljava.util.Calendar;@46d63dbb
07:43:11.462 [main] DEBUG o.a.c.b.converters.ArrayConverter - Converting 'Calendar[]' value '[Ljava.util.Calendar;@46d63dbb' to type 'Calendar[]'
07:43:11.462 [main] DEBUG o.a.c.b.converters.ArrayConverter -     No conversion required, value is already a Calendar[]
07:43:11.462 [main] DEBUG o.a.c.b.converters.ArrayConverter - Setting default value: [Ljava.io.File;@16a49a5d
07:43:11.462 [main] DEBUG o.a.c.b.converters.ArrayConverter - Converting 'java.io.File[]' value '[Ljava.io.File;@16a49a5d' to type 'java.io.File[]'
07:43:11.462 [main] DEBUG o.a.c.b.converters.ArrayConverter -     No conversion required, value is already a java.io.File[]
07:43:11.462 [main] DEBUG o.a.c.b.converters.ArrayConverter - Setting default value: [Ljava.sql.Date;@23706db8
07:43:11.462 [main] DEBUG o.a.c.b.converters.ArrayConverter - Converting 'java.sql.Date[]' value '[Ljava.sql.Date;@23706db8' to type 'java.sql.Date[]'
07:43:11.462 [main] DEBUG o.a.c.b.converters.ArrayConverter -     No conversion required, value is already a java.sql.Date[]
07:43:11.462 [main] DEBUG o.a.c.b.converters.ArrayConverter - Setting default value: [Ljava.sql.Time;@129fed45
07:43:11.462 [main] DEBUG o.a.c.b.converters.ArrayConverter - Converting 'java.sql.Time[]' value '[Ljava.sql.Time;@129fed45' to type 'java.sql.Time[]'
07:43:11.462 [main] DEBUG o.a.c.b.converters.ArrayConverter -     No conversion required, value is already a java.sql.Time[]
07:43:11.462 [main] DEBUG o.a.c.b.converters.ArrayConverter - Setting default value: [Ljava.sql.Timestamp;@3e48d38
07:43:11.463 [main] DEBUG o.a.c.b.converters.ArrayConverter - Converting 'java.sql.Timestamp[]' value '[Ljava.sql.Timestamp;@3e48d38' to type 'java.sql.Timestamp[]'
07:43:11.463 [main] DEBUG o.a.c.b.converters.ArrayConverter -     No conversion required, value is already a java.sql.Timestamp[]
07:43:11.463 [main] DEBUG o.a.c.b.converters.ArrayConverter - Setting default value: [Ljava.net.URL;@11b377c5
07:43:11.463 [main] DEBUG o.a.c.b.converters.ArrayConverter - Converting 'java.net.URL[]' value '[Ljava.net.URL;@11b377c5' to type 'java.net.URL[]'
07:43:11.463 [main] DEBUG o.a.c.b.converters.ArrayConverter -     No conversion required, value is already a java.net.URL[]
[[1;34mINFO[m] [1;32mTests run: [0;1;32m4[m, Failures: 0, Errors: 0, Skipped: 0, Time elapsed: 0.574 s - in com.alibaba.otter.canal.filter.[1mAviaterFilterTest[m
[[1;34mINFO[m] 
[[1;34mINFO[m] Results:
[[1;34mINFO[m] 
[[1;34mINFO[m] [1;32mTests run: 5, Failures: 0, Errors: 0, Skipped: 0[m
[[1;34mINFO[m] 
[[1;34mINFO[m] 
[[1;34mINFO[m] [1m--- [0;32mmaven-jar-plugin:3.0.2:jar[m [1m(default-jar)[m @ [36mcanal.filter[0;1m ---[m
[[1;34mINFO[m] Building jar: /home/travis/build/failed/alibaba/canal/filter/target/canal.filter-1.1.4-SNAPSHOT.jar
[[1;34mINFO[m] 
[[1;34mINFO[m] [1m>>> [0;32mmaven-source-plugin:2.4:jar[m [1m(attach-sources)[0;1m > [0;1mgenerate-sources[m @ [36mcanal.filter[0;1m >>>[m
[[1;34mINFO[m] 
[[1;34mINFO[m] [1m--- [0;32mmaven-enforcer-plugin:1.0:enforce[m [1m(enforce-maven)[m @ [36mcanal.filter[0;1m ---[m
[[1;34mINFO[m] 
[[1;34mINFO[m] [1m--- [0;32mjacoco-maven-plugin:0.8.3:prepare-agent[m [1m(jacoco-initialize)[m @ [36mcanal.filter[0;1m ---[m
[[1;34mINFO[m] jacocoArgLine set to -javaagent:/home/travis/.m2/repository/org/jacoco/org.jacoco.agent/0.8.3/org.jacoco.agent-0.8.3-runtime.jar=destfile=/home/travis/build/failed/alibaba/canal/filter/target/jacoco.exec
[[1;34mINFO[m] 
[[1;34mINFO[m] [1m<<< [0;32mmaven-source-plugin:2.4:jar[m [1m(attach-sources)[0;1m < [0;1mgenerate-sources[m @ [36mcanal.filter[0;1m <<<[m
[[1;34mINFO[m] 
[[1;34mINFO[m] 
[[1;34mINFO[m] [1m--- [0;32mmaven-source-plugin:2.4:jar[m [1m(attach-sources)[m @ [36mcanal.filter[0;1m ---[m
[[1;34mINFO[m] Building jar: /home/travis/build/failed/alibaba/canal/filter/target/canal.filter-1.1.4-SNAPSHOT-sources.jar
[[1;34mINFO[m] 
[[1;34mINFO[m] [1m--- [0;32mmaven-javadoc-plugin:2.9.1:jar[m [1m(attach-javadocs)[m @ [36mcanal.filter[0;1m ---[m
[[1;34mINFO[m] Skipping javadoc generation
[[1;34mINFO[m] 
[[1;34mINFO[m] [1m--- [0;32mjacoco-maven-plugin:0.8.3:report-aggregate[m [1m(report-aggregate)[m @ [36mcanal.filter[0;1m ---[m
[[1;34mINFO[m] Loading execution data file /home/travis/build/failed/alibaba/canal/filter/target/jacoco.exec
[[1;34mINFO[m] Loading execution data file /home/travis/build/failed/alibaba/canal/common/target/jacoco.exec
[[1;34mINFO[m] Analyzed bundle 'canal.common' with 28 classes
[[1;34mINFO[m] Analyzed bundle 'canal.protocol' with 131 classes
[[1;34mINFO[m] 
[[1;34mINFO[m] [1m--- [0;32mmaven-install-plugin:2.4:install[m [1m(default-install)[m @ [36mcanal.filter[0;1m ---[m
[[1;34mINFO[m] Installing /home/travis/build/failed/alibaba/canal/filter/target/canal.filter-1.1.4-SNAPSHOT.jar to /home/travis/.m2/repository/com/alibaba/otter/canal.filter/1.1.4-SNAPSHOT/canal.filter-1.1.4-SNAPSHOT.jar
[[1;34mINFO[m] Installing /home/travis/build/failed/alibaba/canal/filter/pom.xml to /home/travis/.m2/repository/com/alibaba/otter/canal.filter/1.1.4-SNAPSHOT/canal.filter-1.1.4-SNAPSHOT.pom
[[1;34mINFO[m] Installing /home/travis/build/failed/alibaba/canal/filter/target/canal.filter-1.1.4-SNAPSHOT-sources.jar to /home/travis/.m2/repository/com/alibaba/otter/canal.filter/1.1.4-SNAPSHOT/canal.filter-1.1.4-SNAPSHOT-sources.jar
[[1;34mINFO[m] 
[[1;34mINFO[m] [1m------------------------------------------------------------------------[m
[[1;34mINFO[m] [1mBuilding canal store module for otter 1.1.4-SNAPSHOT 1.1.4-SNAPSHOT[m
[[1;34mINFO[m] [1m------------------------------------------------------------------------[m
[[1;34mINFO[m] 
[[1;34mINFO[m] [1m--- [0;32mmaven-clean-plugin:2.5:clean[m [1m(default-clean)[m @ [36mcanal.store[0;1m ---[m
[[1;34mINFO[m] 
[[1;34mINFO[m] [1m--- [0;32mmaven-enforcer-plugin:1.0:enforce[m [1m(enforce-maven)[m @ [36mcanal.store[0;1m ---[m
[[1;34mINFO[m] 
[[1;34mINFO[m] [1m--- [0;32mjacoco-maven-plugin:0.8.3:prepare-agent[m [1m(jacoco-initialize)[m @ [36mcanal.store[0;1m ---[m
[[1;34mINFO[m] jacocoArgLine set to -javaagent:/home/travis/.m2/repository/org/jacoco/org.jacoco.agent/0.8.3/org.jacoco.agent-0.8.3-runtime.jar=destfile=/home/travis/build/failed/alibaba/canal/store/target/jacoco.exec
[[1;34mINFO[m] 
[[1;34mINFO[m] [1m--- [0;32mmaven-resources-plugin:2.6:resources[m [1m(default-resources)[m @ [36mcanal.store[0;1m ---[m
[[1;34mINFO[m] Using 'UTF-8' encoding to copy filtered resources.
[[1;34mINFO[m] skip non existing resourceDirectory /home/travis/build/failed/alibaba/canal/store/src/main/resources
[[1;34mINFO[m] 
[[1;34mINFO[m] [1m--- [0;32mmaven-compiler-plugin:3.7.0:compile[m [1m(default-compile)[m @ [36mcanal.store[0;1m ---[m
[[1;34mINFO[m] Changes detected - recompiling the module!
[[1;34mINFO[m] Compiling 13 source files to /home/travis/build/failed/alibaba/canal/store/target/classes
[[1;34mINFO[m] 
[[1;34mINFO[m] [1m--- [0;32mmaven-resources-plugin:2.6:testResources[m [1m(default-testResources)[m @ [36mcanal.store[0;1m ---[m
[[1;34mINFO[m] Using 'UTF-8' encoding to copy filtered resources.
[[1;34mINFO[m] skip non existing resourceDirectory /home/travis/build/failed/alibaba/canal/store/src/test/resources
[[1;34mINFO[m] 
[[1;34mINFO[m] [1m--- [0;32mmaven-compiler-plugin:3.7.0:testCompile[m [1m(default-testCompile)[m @ [36mcanal.store[0;1m ---[m
[[1;34mINFO[m] Changes detected - recompiling the module!
[[1;34mINFO[m] Compiling 5 source files to /home/travis/build/failed/alibaba/canal/store/target/test-classes
[[1;34mINFO[m] 
[[1;34mINFO[m] [1m--- [0;32mmaven-surefire-plugin:2.22.1:test[m [1m(default-test)[m @ [36mcanal.store[0;1m ---[m
[[1;34mINFO[m] 
[[1;34mINFO[m] -------------------------------------------------------
[[1;34mINFO[m]  T E S T S
[[1;34mINFO[m] -------------------------------------------------------
[[1;34mINFO[m] Running com.alibaba.otter.canal.store.memory.buffer.[1mMemoryEventStoreRollbackAndAckTest[m
start get
first get size : 8
second get size : 8
after rollback get size : 8
third get size : 0
start get
first get size : 8
after rollback get size : 8
second get size : 8
after rollback get size : 16
[[1;34mINFO[m] [1;32mTests run: [0;1;32m2[m, Failures: 0, Errors: 0, Skipped: 0, Time elapsed: 3.693 s - in com.alibaba.otter.canal.store.memory.buffer.[1mMemoryEventStoreRollbackAndAckTest[m
[[1;34mINFO[m] Running com.alibaba.otter.canal.store.memory.buffer.[1mMemoryEventStoreMultiThreadTest[m
[[1;33mWARNING[m] [1;33mTests [0;1mrun: [0;1m1[m, Failures: 0, Errors: 0, [1;33mSkipped: [0;1;33m1[m, Time elapsed: 0.005 s - in com.alibaba.otter.canal.store.memory.buffer.[1mMemoryEventStoreMultiThreadTest[m
[[1;34mINFO[m] Running com.alibaba.otter.canal.store.memory.buffer.[1mMemoryEventStoreMemBatchTest[m
start get
first get size : 8
second get size : 8
after rollback get size : 8
third get size : 0
start get
first get size : 16
start get
first get size : 8
after rollback get size : 8
second get size : 8
after rollback get size : 16
[[1;33mWARNING[m] [1;33mTests [0;1mrun: [0;1m8[m, Failures: 0, Errors: 0, [1;33mSkipped: [0;1;33m1[m, Time elapsed: 5.982 s - in com.alibaba.otter.canal.store.memory.buffer.[1mMemoryEventStoreMemBatchTest[m
[[1;34mINFO[m] Running com.alibaba.otter.canal.store.memory.buffer.[1mMemoryEventStorePutAndGetTest[m
start get
first get size : 16
interrupt occured.
[[1;34mINFO[m] [1;32mTests run: [0;1;32m5[m, Failures: 0, Errors: 0, Skipped: 0, Time elapsed: 4.62 s - in com.alibaba.otter.canal.store.memory.buffer.[1mMemoryEventStorePutAndGetTest[m
[[1;34mINFO[m] 
[[1;34mINFO[m] Results:
[[1;34mINFO[m] 
[[1;33mWARNING[m] [1;33mTests run: 16, Failures: 0, Errors: 0, Skipped: 2[m
[[1;34mINFO[m] 
[[1;34mINFO[m] 
[[1;34mINFO[m] [1m--- [0;32mmaven-jar-plugin:3.0.2:jar[m [1m(default-jar)[m @ [36mcanal.store[0;1m ---[m
[[1;34mINFO[m] Building jar: /home/travis/build/failed/alibaba/canal/store/target/canal.store-1.1.4-SNAPSHOT.jar
[[1;34mINFO[m] 
[[1;34mINFO[m] [1m>>> [0;32mmaven-source-plugin:2.4:jar[m [1m(attach-sources)[0;1m > [0;1mgenerate-sources[m @ [36mcanal.store[0;1m >>>[m
[[1;34mINFO[m] 
[[1;34mINFO[m] [1m--- [0;32mmaven-enforcer-plugin:1.0:enforce[m [1m(enforce-maven)[m @ [36mcanal.store[0;1m ---[m
[[1;34mINFO[m] 
[[1;34mINFO[m] [1m--- [0;32mjacoco-maven-plugin:0.8.3:prepare-agent[m [1m(jacoco-initialize)[m @ [36mcanal.store[0;1m ---[m
[[1;34mINFO[m] jacocoArgLine set to -javaagent:/home/travis/.m2/repository/org/jacoco/org.jacoco.agent/0.8.3/org.jacoco.agent-0.8.3-runtime.jar=destfile=/home/travis/build/failed/alibaba/canal/store/target/jacoco.exec
[[1;34mINFO[m] 
[[1;34mINFO[m] [1m<<< [0;32mmaven-source-plugin:2.4:jar[m [1m(attach-sources)[0;1m < [0;1mgenerate-sources[m @ [36mcanal.store[0;1m <<<[m
[[1;34mINFO[m] 
[[1;34mINFO[m] 
[[1;34mINFO[m] [1m--- [0;32mmaven-source-plugin:2.4:jar[m [1m(attach-sources)[m @ [36mcanal.store[0;1m ---[m
[[1;34mINFO[m] Building jar: /home/travis/build/failed/alibaba/canal/store/target/canal.store-1.1.4-SNAPSHOT-sources.jar
[[1;34mINFO[m] 
[[1;34mINFO[m] [1m--- [0;32mmaven-javadoc-plugin:2.9.1:jar[m [1m(attach-javadocs)[m @ [36mcanal.store[0;1m ---[m
[[1;34mINFO[m] Skipping javadoc generation
[[1;34mINFO[m] 
[[1;34mINFO[m] [1m--- [0;32mjacoco-maven-plugin:0.8.3:report-aggregate[m [1m(report-aggregate)[m @ [36mcanal.store[0;1m ---[m
[[1;34mINFO[m] Loading execution data file /home/travis/build/failed/alibaba/canal/store/target/jacoco.exec
[[1;34mINFO[m] Loading execution data file /home/travis/build/failed/alibaba/canal/common/target/jacoco.exec
[[1;34mINFO[m] Loading execution data file /home/travis/build/failed/alibaba/canal/meta/target/jacoco.exec
[[1;34mINFO[m] Analyzed bundle 'canal.common' with 28 classes
[[1;34mINFO[m] Analyzed bundle 'canal.protocol' with 131 classes
[[1;34mINFO[m] Analyzed bundle 'canal.meta' with 36 classes
[[1;34mINFO[m] 
[[1;34mINFO[m] [1m--- [0;32mmaven-install-plugin:2.4:install[m [1m(default-install)[m @ [36mcanal.store[0;1m ---[m
[[1;34mINFO[m] Installing /home/travis/build/failed/alibaba/canal/store/target/canal.store-1.1.4-SNAPSHOT.jar to /home/travis/.m2/repository/com/alibaba/otter/canal.store/1.1.4-SNAPSHOT/canal.store-1.1.4-SNAPSHOT.jar
[[1;34mINFO[m] Installing /home/travis/build/failed/alibaba/canal/store/pom.xml to /home/travis/.m2/repository/com/alibaba/otter/canal.store/1.1.4-SNAPSHOT/canal.store-1.1.4-SNAPSHOT.pom
[[1;34mINFO[m] Installing /home/travis/build/failed/alibaba/canal/store/target/canal.store-1.1.4-SNAPSHOT-sources.jar to /home/travis/.m2/repository/com/alibaba/otter/canal.store/1.1.4-SNAPSHOT/canal.store-1.1.4-SNAPSHOT-sources.jar
[[1;34mINFO[m] 
[[1;34mINFO[m] [1m------------------------------------------------------------------------[m
[[1;34mINFO[m] [1mBuilding canal sink module for otter 1.1.4-SNAPSHOT 1.1.4-SNAPSHOT[m
[[1;34mINFO[m] [1m------------------------------------------------------------------------[m
[[1;34mINFO[m] 
[[1;34mINFO[m] [1m--- [0;32mmaven-clean-plugin:2.5:clean[m [1m(default-clean)[m @ [36mcanal.sink[0;1m ---[m
[[1;34mINFO[m] 
[[1;34mINFO[m] [1m--- [0;32mmaven-enforcer-plugin:1.0:enforce[m [1m(enforce-maven)[m @ [36mcanal.sink[0;1m ---[m
[[1;34mINFO[m] 
[[1;34mINFO[m] [1m--- [0;32mjacoco-maven-plugin:0.8.3:prepare-agent[m [1m(jacoco-initialize)[m @ [36mcanal.sink[0;1m ---[m
[[1;34mINFO[m] jacocoArgLine set to -javaagent:/home/travis/.m2/repository/org/jacoco/org.jacoco.agent/0.8.3/org.jacoco.agent-0.8.3-runtime.jar=destfile=/home/travis/build/failed/alibaba/canal/sink/target/jacoco.exec
[[1;34mINFO[m] 
[[1;34mINFO[m] [1m--- [0;32mmaven-resources-plugin:2.6:resources[m [1m(default-resources)[m @ [36mcanal.sink[0;1m ---[m
[[1;34mINFO[m] Using 'UTF-8' encoding to copy filtered resources.
[[1;34mINFO[m] skip non existing resourceDirectory /home/travis/build/failed/alibaba/canal/sink/src/main/resources
[[1;34mINFO[m] 
[[1;34mINFO[m] [1m--- [0;32mmaven-compiler-plugin:3.7.0:compile[m [1m(default-compile)[m @ [36mcanal.sink[0;1m ---[m
[[1;34mINFO[m] Changes detected - recompiling the module!
[[1;34mINFO[m] Compiling 11 source files to /home/travis/build/failed/alibaba/canal/sink/target/classes
[[1;34mINFO[m] /home/travis/build/failed/alibaba/canal/sink/src/main/java/com/alibaba/otter/canal/sink/entry/EntryEventSink.java: Some input files use unchecked or unsafe operations.
[[1;34mINFO[m] /home/travis/build/failed/alibaba/canal/sink/src/main/java/com/alibaba/otter/canal/sink/entry/EntryEventSink.java: Recompile with -Xlint:unchecked for details.
[[1;34mINFO[m] 
[[1;34mINFO[m] [1m--- [0;32mmaven-resources-plugin:2.6:testResources[m [1m(default-testResources)[m @ [36mcanal.sink[0;1m ---[m
[[1;34mINFO[m] Using 'UTF-8' encoding to copy filtered resources.
[[1;34mINFO[m] skip non existing resourceDirectory /home/travis/build/failed/alibaba/canal/sink/src/test/resources
[[1;34mINFO[m] 
[[1;34mINFO[m] [1m--- [0;32mmaven-compiler-plugin:3.7.0:testCompile[m [1m(default-testCompile)[m @ [36mcanal.sink[0;1m ---[m
[[1;34mINFO[m] Changes detected - recompiling the module!
[[1;34mINFO[m] Compiling 2 source files to /home/travis/build/failed/alibaba/canal/sink/target/test-classes
[[1;34mINFO[m] /home/travis/build/failed/alibaba/canal/sink/src/test/java/com/alibaba/otter/canal/sink/stub/DummyEventStore.java: /home/travis/build/failed/alibaba/canal/sink/src/test/java/com/alibaba/otter/canal/sink/stub/DummyEventStore.java uses unchecked or unsafe operations.
[[1;34mINFO[m] /home/travis/build/failed/alibaba/canal/sink/src/test/java/com/alibaba/otter/canal/sink/stub/DummyEventStore.java: Recompile with -Xlint:unchecked for details.
[[1;34mINFO[m] 
[[1;34mINFO[m] [1m--- [0;32mmaven-surefire-plugin:2.22.1:test[m [1m(default-test)[m @ [36mcanal.sink[0;1m ---[m
[[1;34mINFO[m] 
[[1;34mINFO[m] -------------------------------------------------------
[[1;34mINFO[m]  T E S T S
[[1;34mINFO[m] -------------------------------------------------------
[[1;34mINFO[m] Running com.alibaba.otter.canal.sink.[1mGroupEventSinkTest[m
time:1
time:2
time:3
time:4
time:5
time:6
time:7
time:8
time:9
time:10
time:10
time:11
time:11
time:12
time:12
time:13
time:13
time:14
time:14
time:15
time:15
time:16
time:16
time:17
time:17
time:18
time:18
time:19
time:19
time:20
time:20
time:21
time:21
time:22
time:22
time:23
time:23
time:24
time:24
time:25
time:25
time:26
time:26
time:27
time:27
time:28
time:28
time:29
time:29
time:30
time:30
time:30
time:31
time:31
time:31
time:32
time:32
time:32
time:33
time:33
time:33
time:34
time:34
time:34
time:35
time:35
time:35
time:36
time:36
time:36
time:37
time:37
time:37
time:38
time:38
time:38
time:39
time:39
time:39
time:40
time:40
time:40
time:41
time:41
time:41
time:42
time:42
time:42
time:43
time:43
time:43
time:44
time:44
time:44
time:45
time:45
time:45
time:46
time:46
time:46
time:47
time:47
time:47
time:48
time:48
time:48
time:49
time:49
time:49
time:50
time:50
time:50
time:30
time:31
time:32
time:33
time:34
time:35
time:36
time:37
time:38
time:39
time:40
time:41
time:42
time:43
time:44
time:45
time:46
time:47
time:48
time:49
time:50
time:51
time:51
time:51
time:52
time:52
time:52
time:53
time:53
time:53
time:54
time:54
time:54
time:55
time:55
time:55
time:56
time:56
time:56
time:57
time:57
time:57
time:58
time:58
time:58
time:59
time:59
time:59
time:40
time:41
time:42
time:43
time:44
time:45
time:46
time:47
time:48
time:49
time:50
time:51
time:52
time:53
time:54
time:55
time:56
time:57
time:58
time:59
time:60
time:60
time:60
time:61
time:61
time:61
time:62
time:62
time:62
time:63
time:63
time:63
time:64
time:64
time:64
time:65
time:65
time:65
time:66
time:66
time:66
time:67
time:67
time:67
time:68
time:68
time:68
time:69
time:69
time:69
time:70
time:70
time:70
time:71
time:71
time:71
time:72
time:72
time:72
time:73
time:73
time:73
time:74
time:74
time:74
time:75
time:75
time:75
time:76
time:76
time:76
time:77
time:77
time:77
time:78
time:78
time:78
time:79
time:79
time:79
one sink finished!
[[1;34mINFO[m] [1;32mTests run: [0;1;32m1[m, Failures: 0, Errors: 0, Skipped: 0, Time elapsed: 10.231 s - in com.alibaba.otter.canal.sink.[1mGroupEventSinkTest[m
[[1;34mINFO[m] 
[[1;34mINFO[m] Results:
[[1;34mINFO[m] 
[[1;34mINFO[m] [1;32mTests run: 1, Failures: 0, Errors: 0, Skipped: 0[m
[[1;34mINFO[m] 
[[1;34mINFO[m] 
[[1;34mINFO[m] [1m--- [0;32mmaven-jar-plugin:3.0.2:jar[m [1m(default-jar)[m @ [36mcanal.sink[0;1m ---[m
[[1;34mINFO[m] Building jar: /home/travis/build/failed/alibaba/canal/sink/target/canal.sink-1.1.4-SNAPSHOT.jar
[[1;34mINFO[m] 
[[1;34mINFO[m] [1m>>> [0;32mmaven-source-plugin:2.4:jar[m [1m(attach-sources)[0;1m > [0;1mgenerate-sources[m @ [36mcanal.sink[0;1m >>>[m
[[1;34mINFO[m] 
[[1;34mINFO[m] [1m--- [0;32mmaven-enforcer-plugin:1.0:enforce[m [1m(enforce-maven)[m @ [36mcanal.sink[0;1m ---[m
[[1;34mINFO[m] 
[[1;34mINFO[m] [1m--- [0;32mjacoco-maven-plugin:0.8.3:prepare-agent[m [1m(jacoco-initialize)[m @ [36mcanal.sink[0;1m ---[m
[[1;34mINFO[m] jacocoArgLine set to -javaagent:/home/travis/.m2/repository/org/jacoco/org.jacoco.agent/0.8.3/org.jacoco.agent-0.8.3-runtime.jar=destfile=/home/travis/build/failed/alibaba/canal/sink/target/jacoco.exec
[[1;34mINFO[m] 
[[1;34mINFO[m] [1m<<< [0;32mmaven-source-plugin:2.4:jar[m [1m(attach-sources)[0;1m < [0;1mgenerate-sources[m @ [36mcanal.sink[0;1m <<<[m
[[1;34mINFO[m] 
[[1;34mINFO[m] 
[[1;34mINFO[m] [1m--- [0;32mmaven-source-plugin:2.4:jar[m [1m(attach-sources)[m @ [36mcanal.sink[0;1m ---[m
[[1;34mINFO[m] Building jar: /home/travis/build/failed/alibaba/canal/sink/target/canal.sink-1.1.4-SNAPSHOT-sources.jar
[[1;34mINFO[m] 
[[1;34mINFO[m] [1m--- [0;32mmaven-javadoc-plugin:2.9.1:jar[m [1m(attach-javadocs)[m @ [36mcanal.sink[0;1m ---[m
[[1;34mINFO[m] Skipping javadoc generation
[[1;34mINFO[m] 
[[1;34mINFO[m] [1m--- [0;32mjacoco-maven-plugin:0.8.3:report-aggregate[m [1m(report-aggregate)[m @ [36mcanal.sink[0;1m ---[m
[[1;34mINFO[m] Loading execution data file /home/travis/build/failed/alibaba/canal/sink/target/jacoco.exec
[[1;34mINFO[m] Loading execution data file /home/travis/build/failed/alibaba/canal/common/target/jacoco.exec
[[1;34mINFO[m] Loading execution data file /home/travis/build/failed/alibaba/canal/filter/target/jacoco.exec
[[1;34mINFO[m] Loading execution data file /home/travis/build/failed/alibaba/canal/store/target/jacoco.exec
[[1;34mINFO[m] Analyzed bundle 'canal.common' with 28 classes
[[1;34mINFO[m] Analyzed bundle 'canal.protocol' with 131 classes
[[1;34mINFO[m] Analyzed bundle 'canal.filter' with 8 classes
[[1;34mINFO[m] Analyzed bundle 'canal.store' with 10 classes
[[1;34mINFO[m] 
[[1;34mINFO[m] [1m--- [0;32mmaven-install-plugin:2.4:install[m [1m(default-install)[m @ [36mcanal.sink[0;1m ---[m
[[1;34mINFO[m] Installing /home/travis/build/failed/alibaba/canal/sink/target/canal.sink-1.1.4-SNAPSHOT.jar to /home/travis/.m2/repository/com/alibaba/otter/canal.sink/1.1.4-SNAPSHOT/canal.sink-1.1.4-SNAPSHOT.jar
[[1;34mINFO[m] Installing /home/travis/build/failed/alibaba/canal/sink/pom.xml to /home/travis/.m2/repository/com/alibaba/otter/canal.sink/1.1.4-SNAPSHOT/canal.sink-1.1.4-SNAPSHOT.pom
[[1;34mINFO[m] Installing /home/travis/build/failed/alibaba/canal/sink/target/canal.sink-1.1.4-SNAPSHOT-sources.jar to /home/travis/.m2/repository/com/alibaba/otter/canal.sink/1.1.4-SNAPSHOT/canal.sink-1.1.4-SNAPSHOT-sources.jar
[[1;34mINFO[m] 
[[1;34mINFO[m] [1m------------------------------------------------------------------------[m
[[1;34mINFO[m] [1mBuilding canal parse module for otter 1.1.4-SNAPSHOT 1.1.4-SNAPSHOT[m
[[1;34mINFO[m] [1m------------------------------------------------------------------------[m
[[1;34mINFO[m] 
[[1;34mINFO[m] [1m--- [0;32mmaven-clean-plugin:2.5:clean[m [1m(default-clean)[m @ [36mcanal.parse[0;1m ---[m
[[1;34mINFO[m] 
[[1;34mINFO[m] [1m--- [0;32mmaven-enforcer-plugin:1.0:enforce[m [1m(enforce-maven)[m @ [36mcanal.parse[0;1m ---[m
[[1;34mINFO[m] 
[[1;34mINFO[m] [1m--- [0;32mjacoco-maven-plugin:0.8.3:prepare-agent[m [1m(jacoco-initialize)[m @ [36mcanal.parse[0;1m ---[m
[[1;34mINFO[m] jacocoArgLine set to -javaagent:/home/travis/.m2/repository/org/jacoco/org.jacoco.agent/0.8.3/org.jacoco.agent-0.8.3-runtime.jar=destfile=/home/travis/build/failed/alibaba/canal/parse/target/jacoco.exec
[[1;34mINFO[m] 
[[1;34mINFO[m] [1m--- [0;32mmaven-resources-plugin:2.6:resources[m [1m(default-resources)[m @ [36mcanal.parse[0;1m ---[m
[[1;34mINFO[m] Using 'UTF-8' encoding to copy filtered resources.
[[1;34mINFO[m] Copying 6 resources
[[1;34mINFO[m] 
[[1;34mINFO[m] [1m--- [0;32mmaven-compiler-plugin:3.7.0:compile[m [1m(default-compile)[m @ [36mcanal.parse[0;1m ---[m
[[1;34mINFO[m] Changes detected - recompiling the module!
[[1;34mINFO[m] Compiling 69 source files to /home/travis/build/failed/alibaba/canal/parse/target/classes
[[1;34mINFO[m] /home/travis/build/failed/alibaba/canal/parse/src/main/java/com/alibaba/otter/canal/parse/inbound/mysql/tsdb/dao/MetaBaseDAO.java: /home/travis/build/failed/alibaba/canal/parse/src/main/java/com/alibaba/otter/canal/parse/inbound/mysql/tsdb/dao/MetaBaseDAO.java uses or overrides a deprecated API.
[[1;34mINFO[m] /home/travis/build/failed/alibaba/canal/parse/src/main/java/com/alibaba/otter/canal/parse/inbound/mysql/tsdb/dao/MetaBaseDAO.java: Recompile with -Xlint:deprecation for details.
[[1;34mINFO[m] /home/travis/build/failed/alibaba/canal/parse/src/main/java/com/alibaba/otter/canal/parse/inbound/mysql/MysqlConnection.java: Some input files use unchecked or unsafe operations.
[[1;34mINFO[m] /home/travis/build/failed/alibaba/canal/parse/src/main/java/com/alibaba/otter/canal/parse/inbound/mysql/MysqlConnection.java: Recompile with -Xlint:unchecked for details.
[[1;34mINFO[m] 
[[1;34mINFO[m] [1m--- [0;32mmaven-resources-plugin:2.6:testResources[m [1m(default-testResources)[m @ [36mcanal.parse[0;1m ---[m
[[1;34mINFO[m] Using 'UTF-8' encoding to copy filtered resources.
[[1;34mINFO[m] Copying 255 resources
[[1;34mINFO[m] 
[[1;34mINFO[m] [1m--- [0;32mmaven-compiler-plugin:3.7.0:testCompile[m [1m(default-testCompile)[m @ [36mcanal.parse[0;1m ---[m
[[1;34mINFO[m] Changes detected - recompiling the module!
[[1;34mINFO[m] Compiling 35 source files to /home/travis/build/failed/alibaba/canal/parse/target/test-classes
[[1;34mINFO[m] /home/travis/build/failed/alibaba/canal/parse/src/test/java/com/alibaba/otter/canal/parse/inbound/mysql/RdsLocalBinlogDumpTest.java: Some input files use unchecked or unsafe operations.
[[1;34mINFO[m] /home/travis/build/failed/alibaba/canal/parse/src/test/java/com/alibaba/otter/canal/parse/inbound/mysql/RdsLocalBinlogDumpTest.java: Recompile with -Xlint:unchecked for details.
[[1;34mINFO[m] 
[[1;34mINFO[m] [1m--- [0;32mmaven-surefire-plugin:2.22.1:test[m [1m(default-test)[m @ [36mcanal.parse[0;1m ---[m
[[1;34mINFO[m] 
[[1;34mINFO[m] -------------------------------------------------------
[[1;34mINFO[m]  T E S T S
[[1;34mINFO[m] -------------------------------------------------------
[[1;34mINFO[m] Running com.alibaba.otter.canal.parse.[1mDirectLogFetcherTest[m
[[1;33mWARNING[m] [1;33mTests [0;1mrun: [0;1m1[m, Failures: 0, Errors: 0, [1;33mSkipped: [0;1;33m1[m, Time elapsed: 0.018 s - in com.alibaba.otter.canal.parse.[1mDirectLogFetcherTest[m
[[1;34mINFO[m] Running com.alibaba.otter.canal.parse.inbound.mysql.tsdb.[1mMetaHistoryDAOTest[m
[[1;33mWARNING[m] [1;33mTests [0;1mrun: [0;1m1[m, Failures: 0, Errors: 0, [1;33mSkipped: [0;1;33m1[m, Time elapsed: 0 s - in com.alibaba.otter.canal.parse.inbound.mysql.tsdb.[1mMetaHistoryDAOTest[m
[[1;34mINFO[m] Running com.alibaba.otter.canal.parse.inbound.mysql.tsdb.[1mMemoryTableMeta_DDL_Test[m
07:43:47.084 [main] DEBUG o.s.t.c.j.SpringJUnit4ClassRunner - SpringJUnit4ClassRunner constructor called with [class com.alibaba.otter.canal.parse.inbound.mysql.tsdb.MemoryTableMeta_DDL_Test].
07:43:47.160 [main] DEBUG o.s.t.c.s.AbstractDelegatingSmartContextLoader - Delegating to GenericXmlContextLoader to process context configuration [ContextConfigurationAttributes@4b6d92e declaringClass = 'com.alibaba.otter.canal.parse.inbound.mysql.tsdb.MemoryTableMeta_DDL_Test', classes = '{}', locations = '{/tsdb/h2-tsdb.xml}', inheritLocations = true, initializers = '{}', inheritInitializers = true, name = [null], contextLoaderClass = 'org.springframework.test.context.ContextLoader'].
07:43:47.161 [main] DEBUG o.s.test.context.ContextLoaderUtils - Could not find an 'annotation declaring class' for annotation type [org.springframework.test.context.ActiveProfiles] and class [com.alibaba.otter.canal.parse.inbound.mysql.tsdb.MemoryTableMeta_DDL_Test]
07:43:47.166 [main] DEBUG o.s.test.context.TestContextManager - @TestExecutionListeners is not present for class [com.alibaba.otter.canal.parse.inbound.mysql.tsdb.MemoryTableMeta_DDL_Test]: using defaults.
07:43:47.173 [main] INFO  o.s.test.context.TestContextManager - Could not instantiate TestExecutionListener [org.springframework.test.context.web.ServletTestExecutionListener]. Specify custom listener classes or make the default listener classes (and their required dependencies) available. Offending class: [javax/servlet/ServletContext]
07:43:47.195 [main] DEBUG o.s.t.annotation.ProfileValueUtils - Retrieved @ProfileValueSourceConfiguration [null] for test class [com.alibaba.otter.canal.parse.inbound.mysql.tsdb.MemoryTableMeta_DDL_Test]
07:43:47.195 [main] DEBUG o.s.t.annotation.ProfileValueUtils - Retrieved ProfileValueSource type [class org.springframework.test.annotation.SystemProfileValueSource] for class [com.alibaba.otter.canal.parse.inbound.mysql.tsdb.MemoryTableMeta_DDL_Test]
07:43:47.196 [main] DEBUG o.s.t.annotation.ProfileValueUtils - Retrieved @ProfileValueSourceConfiguration [null] for test class [com.alibaba.otter.canal.parse.inbound.mysql.tsdb.MemoryTableMeta_DDL_Test]
07:43:47.197 [main] DEBUG o.s.t.annotation.ProfileValueUtils - Retrieved ProfileValueSource type [class org.springframework.test.annotation.SystemProfileValueSource] for class [com.alibaba.otter.canal.parse.inbound.mysql.tsdb.MemoryTableMeta_DDL_Test]
07:43:47.198 [main] DEBUG o.s.t.annotation.ProfileValueUtils - Retrieved @ProfileValueSourceConfiguration [null] for test class [com.alibaba.otter.canal.parse.inbound.mysql.tsdb.MemoryTableMeta_DDL_Test]
07:43:47.205 [main] DEBUG o.s.t.annotation.ProfileValueUtils - Retrieved ProfileValueSource type [class org.springframework.test.annotation.SystemProfileValueSource] for class [com.alibaba.otter.canal.parse.inbound.mysql.tsdb.MemoryTableMeta_DDL_Test]
07:43:47.213 [main] DEBUG o.s.t.annotation.ProfileValueUtils - Retrieved @ProfileValueSourceConfiguration [null] for test class [com.alibaba.otter.canal.parse.inbound.mysql.tsdb.MemoryTableMeta_DDL_Test]
07:43:47.213 [main] DEBUG o.s.t.annotation.ProfileValueUtils - Retrieved ProfileValueSource type [class org.springframework.test.annotation.SystemProfileValueSource] for class [com.alibaba.otter.canal.parse.inbound.mysql.tsdb.MemoryTableMeta_DDL_Test]
07:43:47.217 [main] DEBUG o.s.t.c.s.DependencyInjectionTestExecutionListener - Performing dependency injection for test context [[TestContext@4acb7ecc testClass = MemoryTableMeta_DDL_Test, testInstance = com.alibaba.otter.canal.parse.inbound.mysql.tsdb.MemoryTableMeta_DDL_Test@2a4f5433, testMethod = [null], testException = [null], mergedContextConfiguration = [MergedContextConfiguration@6812fa3a testClass = MemoryTableMeta_DDL_Test, locations = '{classpath:/tsdb/h2-tsdb.xml}', classes = '{}', contextInitializerClasses = '[]', activeProfiles = '{}', contextLoader = 'org.springframework.test.context.support.DelegatingSmartContextLoader', parent = [null]]]].
07:43:47.218 [main] DEBUG o.s.t.c.s.AbstractDelegatingSmartContextLoader - Delegating to GenericXmlContextLoader to load context from [MergedContextConfiguration@6812fa3a testClass = MemoryTableMeta_DDL_Test, locations = '{classpath:/tsdb/h2-tsdb.xml}', classes = '{}', contextInitializerClasses = '[]', activeProfiles = '{}', contextLoader = 'org.springframework.test.context.support.DelegatingSmartContextLoader', parent = [null]].
07:43:47.218 [main] DEBUG o.s.t.c.s.AbstractGenericContextLoader - Loading ApplicationContext for merged context configuration [[MergedContextConfiguration@6812fa3a testClass = MemoryTableMeta_DDL_Test, locations = '{classpath:/tsdb/h2-tsdb.xml}', classes = '{}', contextInitializerClasses = '[]', activeProfiles = '{}', contextLoader = 'org.springframework.test.context.support.DelegatingSmartContextLoader', parent = [null]]].
07:43:47.380 [main] DEBUG o.s.core.env.StandardEnvironment - Adding [systemProperties] PropertySource with lowest search precedence
07:43:47.383 [main] DEBUG o.s.core.env.StandardEnvironment - Adding [systemEnvironment] PropertySource with lowest search precedence
07:43:47.383 [main] DEBUG o.s.core.env.StandardEnvironment - Initialized StandardEnvironment with PropertySources [systemProperties,systemEnvironment]
07:43:47.401 [main] INFO  o.s.b.f.xml.XmlBeanDefinitionReader - Loading XML bean definitions from class path resource [tsdb/h2-tsdb.xml]
07:43:47.459 [main] DEBUG o.s.b.f.xml.DefaultDocumentLoader - Using JAXP provider [com.sun.org.apache.xerces.internal.jaxp.DocumentBuilderFactoryImpl]
07:43:47.513 [main] DEBUG o.s.b.f.xml.PluggableSchemaResolver - Loading schema mappings from [META-INF/spring.schemas]
07:43:47.526 [main] DEBUG o.s.b.f.xml.PluggableSchemaResolver - Loaded schema mappings: {http://www.springframework.org/schema/context/spring-context-3.2.xsd=org/springframework/context/config/spring-context-3.2.xsd, http://www.springframework.org/schema/context/spring-context-2.5.xsd=org/springframework/context/config/spring-context-2.5.xsd, http://www.springframework.org/schema/tx/spring-tx-2.5.xsd=org/springframework/transaction/config/spring-tx-2.5.xsd, http://www.springframework.org/schema/aop/spring-aop-2.0.xsd=org/springframework/aop/config/spring-aop-2.0.xsd, http://www.springframework.org/schema/jee/spring-jee-2.0.xsd=org/springframework/ejb/config/spring-jee-2.0.xsd, http://www.springframework.org/schema/tx/spring-tx-3.2.xsd=org/springframework/transaction/config/spring-tx-3.2.xsd, http://www.springframework.org/schema/util/spring-util-2.0.xsd=org/springframework/beans/factory/xml/spring-util-2.0.xsd, http://www.springframework.org/schema/tool/spring-tool-2.0.xsd=org/springframework/beans/factory/xml/spring-tool-2.0.xsd, http://www.springframework.org/schema/context/spring-context-3.1.xsd=org/springframework/context/config/spring-context-3.1.xsd, http://www.springframework.org/schema/tx/spring-tx-3.1.xsd=org/springframework/transaction/config/spring-tx-3.1.xsd, http://www.springframework.org/schema/tool/spring-tool.xsd=org/springframework/beans/factory/xml/spring-tool-3.2.xsd, http://www.springframework.org/schema/beans/spring-beans-3.2.xsd=org/springframework/beans/factory/xml/spring-beans-3.2.xsd, http://www.springframework.org/schema/beans/spring-beans-2.5.xsd=org/springframework/beans/factory/xml/spring-beans-2.5.xsd, http://www.springframework.org/schema/beans/spring-beans.xsd=org/springframework/beans/factory/xml/spring-beans-3.2.xsd, http://www.springframework.org/schema/tx/spring-tx-3.0.xsd=org/springframework/transaction/config/spring-tx-3.0.xsd, http://www.springframework.org/schema/lang/spring-lang-3.0.xsd=org/springframework/scripting/config/spring-lang-3.0.xsd, http://www.springframework.org/schema/jdbc/spring-jdbc.xsd=org/springframework/jdbc/config/spring-jdbc-3.2.xsd, http://www.springframework.org/schema/lang/spring-lang.xsd=org/springframework/scripting/config/spring-lang-3.2.xsd, http://www.springframework.org/schema/util/spring-util-2.5.xsd=org/springframework/beans/factory/xml/spring-util-2.5.xsd, http://www.springframework.org/schema/lang/spring-lang-3.1.xsd=org/springframework/scripting/config/spring-lang-3.1.xsd, http://www.springframework.org/schema/task/spring-task.xsd=org/springframework/scheduling/config/spring-task-3.2.xsd, http://www.springframework.org/schema/aop/spring-aop.xsd=org/springframework/aop/config/spring-aop-3.2.xsd, http://www.springframework.org/schema/beans/spring-beans-2.0.xsd=org/springframework/beans/factory/xml/spring-beans-2.0.xsd, http://www.springframework.org/schema/tool/spring-tool-3.1.xsd=org/springframework/beans/factory/xml/spring-tool-3.1.xsd, http://www.springframework.org/schema/util/spring-util-3.2.xsd=org/springframework/beans/factory/xml/spring-util-3.2.xsd, http://www.springframework.org/schema/jdbc/spring-jdbc-3.1.xsd=org/springframework/jdbc/config/spring-jdbc-3.1.xsd, http://www.springframework.org/schema/lang/spring-lang-3.2.xsd=org/springframework/scripting/config/spring-lang-3.2.xsd, http://www.springframework.org/schema/cache/spring-cache-3.2.xsd=org/springframework/cache/config/spring-cache-3.2.xsd, http://www.springframework.org/schema/tx/spring-tx-2.0.xsd=org/springframework/transaction/config/spring-tx-2.0.xsd, http://www.springframework.org/schema/util/spring-util.xsd=org/springframework/beans/factory/xml/spring-util-3.2.xsd, http://www.springframework.org/schema/util/spring-util-3.0.xsd=org/springframework/beans/factory/xml/spring-util-3.0.xsd, http://www.springframework.org/schema/jee/spring-jee-3.2.xsd=org/springframework/ejb/config/spring-jee-3.2.xsd, http://www.springframework.org/schema/aop/spring-aop-3.2.xsd=org/springframework/aop/config/spring-aop-3.2.xsd, http://www.springframework.org/schema/tool/spring-tool-3.2.xsd=org/springframework/beans/factory/xml/spring-tool-3.2.xsd, http://www.springframework.org/schema/lang/spring-lang-2.5.xsd=org/springframework/scripting/config/spring-lang-2.5.xsd, http://www.springframework.org/schema/jee/spring-jee.xsd=org/springframework/ejb/config/spring-jee-3.2.xsd, http://www.springframework.org/schema/util/spring-util-3.1.xsd=org/springframework/beans/factory/xml/spring-util-3.1.xsd, http://www.springframework.org/schema/jee/spring-jee-2.5.xsd=org/springframework/ejb/config/spring-jee-2.5.xsd, http://www.springframework.org/schema/jdbc/spring-jdbc-3.2.xsd=org/springframework/jdbc/config/spring-jdbc-3.2.xsd, http://www.springframework.org/schema/aop/spring-aop-2.5.xsd=org/springframework/aop/config/spring-aop-2.5.xsd, http://www.springframework.org/schema/context/spring-context.xsd=org/springframework/context/config/spring-context-3.2.xsd, http://www.springframework.org/schema/cache/spring-cache-3.1.xsd=org/springframework/cache/config/spring-cache-3.1.xsd, http://www.springframework.org/schema/tool/spring-tool-2.5.xsd=org/springframework/beans/factory/xml/spring-tool-2.5.xsd, http://www.springframework.org/schema/beans/spring-beans-3.0.xsd=org/springframework/beans/factory/xml/spring-beans-3.0.xsd, http://www.springframework.org/schema/task/spring-task-3.2.xsd=org/springframework/scheduling/config/spring-task-3.2.xsd, http://www.springframework.org/schema/aop/spring-aop-3.1.xsd=org/springframework/aop/config/spring-aop-3.1.xsd, http://www.springframework.org/schema/jee/spring-jee-3.0.xsd=org/springframework/ejb/config/spring-jee-3.0.xsd, http://www.springframework.org/schema/aop/spring-aop-3.0.xsd=org/springframework/aop/config/spring-aop-3.0.xsd, http://www.springframework.org/schema/jee/spring-jee-3.1.xsd=org/springframework/ejb/config/spring-jee-3.1.xsd, http://www.springframework.org/schema/beans/spring-beans-3.1.xsd=org/springframework/beans/factory/xml/spring-beans-3.1.xsd, http://www.springframework.org/schema/jdbc/spring-jdbc-3.0.xsd=org/springframework/jdbc/config/spring-jdbc-3.0.xsd, http://www.springframework.org/schema/tx/spring-tx.xsd=org/springframework/transaction/config/spring-tx-3.2.xsd, http://www.springframework.org/schema/lang/spring-lang-2.0.xsd=org/springframework/scripting/config/spring-lang-2.0.xsd, http://www.springframework.org/schema/task/spring-task-3.1.xsd=org/springframework/scheduling/config/spring-task-3.1.xsd, http://www.alibaba.com/schema/stat.xsd=META-INF/stat.xsd, http://www.springframework.org/schema/tool/spring-tool-3.0.xsd=org/springframework/beans/factory/xml/spring-tool-3.0.xsd, http://www.springframework.org/schema/task/spring-task-3.0.xsd=org/springframework/scheduling/config/spring-task-3.0.xsd, http://www.springframework.org/schema/context/spring-context-3.0.xsd=org/springframework/context/config/spring-context-3.0.xsd, http://www.springframework.org/schema/cache/spring-cache.xsd=org/springframework/cache/config/spring-cache-3.2.xsd}
07:43:47.529 [main] DEBUG o.s.b.f.xml.PluggableSchemaResolver - Found XML schema [http://www.springframework.org/schema/beans/spring-beans.xsd] in classpath: org/springframework/beans/factory/xml/spring-beans-3.2.xsd
07:43:47.613 [main] DEBUG o.s.b.f.x.DefaultBeanDefinitionDocumentReader - Loading bean definitions
07:43:47.650 [main] DEBUG o.s.b.f.xml.XmlBeanDefinitionReader - Loaded 5 bean definitions from location pattern [classpath:/tsdb/h2-tsdb.xml]
07:43:47.682 [main] INFO  o.s.c.s.GenericApplicationContext - Refreshing org.springframework.context.support.GenericApplicationContext@71926a36: startup date [Wed Jun 22 07:43:47 UTC 2022]; root of context hierarchy
07:43:47.683 [main] DEBUG o.s.c.s.GenericApplicationContext - Bean factory for org.springframework.context.support.GenericApplicationContext@71926a36: org.springframework.beans.factory.support.DefaultListableBeanFactory@55d8c2c4: defining beans [tableMetaTSDB,dataSource,sqlMapClient,metaHistoryDAO,metaSnapshotDAO,org.springframework.context.annotation.internalConfigurationAnnotationProcessor,org.springframework.context.annotation.internalAutowiredAnnotationProcessor,org.springframework.context.annotation.internalRequiredAnnotationProcessor,org.springframework.context.annotation.internalCommonAnnotationProcessor]; root of factory hierarchy
07:43:47.761 [main] DEBUG o.s.b.f.s.DefaultListableBeanFactory - Creating shared instance of singleton bean 'org.springframework.context.annotation.internalConfigurationAnnotationProcessor'
07:43:47.761 [main] DEBUG o.s.b.f.s.DefaultListableBeanFactory - Creating instance of bean 'org.springframework.context.annotation.internalConfigurationAnnotationProcessor'
07:43:47.800 [main] DEBUG o.s.b.f.s.DefaultListableBeanFactory - Eagerly caching bean 'org.springframework.context.annotation.internalConfigurationAnnotationProcessor' to allow for resolving potential circular references
07:43:47.803 [main] DEBUG o.s.b.f.s.DefaultListableBeanFactory - Finished creating instance of bean 'org.springframework.context.annotation.internalConfigurationAnnotationProcessor'
07:43:47.888 [main] DEBUG o.s.b.f.s.DefaultListableBeanFactory - Creating shared instance of singleton bean 'org.springframework.context.annotation.internalAutowiredAnnotationProcessor'
07:43:47.888 [main] DEBUG o.s.b.f.s.DefaultListableBeanFactory - Creating instance of bean 'org.springframework.context.annotation.internalAutowiredAnnotationProcessor'
07:43:47.890 [main] DEBUG o.s.b.f.s.DefaultListableBeanFactory - Eagerly caching bean 'org.springframework.context.annotation.internalAutowiredAnnotationProcessor' to allow for resolving potential circular references
07:43:47.890 [main] DEBUG o.s.b.f.s.DefaultListableBeanFactory - Finished creating instance of bean 'org.springframework.context.annotation.internalAutowiredAnnotationProcessor'
07:43:47.891 [main] DEBUG o.s.b.f.s.DefaultListableBeanFactory - Creating shared instance of singleton bean 'org.springframework.context.annotation.internalRequiredAnnotationProcessor'
07:43:47.891 [main] DEBUG o.s.b.f.s.DefaultListableBeanFactory - Creating instance of bean 'org.springframework.context.annotation.internalRequiredAnnotationProcessor'
07:43:47.891 [main] DEBUG o.s.b.f.s.DefaultListableBeanFactory - Eagerly caching bean 'org.springframework.context.annotation.internalRequiredAnnotationProcessor' to allow for resolving potential circular references
07:43:47.892 [main] DEBUG o.s.b.f.s.DefaultListableBeanFactory - Finished creating instance of bean 'org.springframework.context.annotation.internalRequiredAnnotationProcessor'
07:43:47.892 [main] DEBUG o.s.b.f.s.DefaultListableBeanFactory - Creating shared instance of singleton bean 'org.springframework.context.annotation.internalCommonAnnotationProcessor'
07:43:47.892 [main] DEBUG o.s.b.f.s.DefaultListableBeanFactory - Creating instance of bean 'org.springframework.context.annotation.internalCommonAnnotationProcessor'
07:43:47.898 [main] DEBUG o.s.b.f.s.DefaultListableBeanFactory - Eagerly caching bean 'org.springframework.context.annotation.internalCommonAnnotationProcessor' to allow for resolving potential circular references
07:43:47.898 [main] DEBUG o.s.b.f.s.DefaultListableBeanFactory - Finished creating instance of bean 'org.springframework.context.annotation.internalCommonAnnotationProcessor'
07:43:47.899 [main] DEBUG o.s.b.f.s.DefaultListableBeanFactory - Creating shared instance of singleton bean 'org.springframework.context.annotation.ConfigurationClassPostProcessor.importAwareProcessor'
07:43:47.899 [main] DEBUG o.s.b.f.s.DefaultListableBeanFactory - Creating instance of bean 'org.springframework.context.annotation.ConfigurationClassPostProcessor.importAwareProcessor'
07:43:47.899 [main] DEBUG o.s.b.f.s.DefaultListableBeanFactory - Eagerly caching bean 'org.springframework.context.annotation.ConfigurationClassPostProcessor.importAwareProcessor' to allow for resolving potential circular references
07:43:47.899 [main] DEBUG o.s.b.f.s.DefaultListableBeanFactory - Finished creating instance of bean 'org.springframework.context.annotation.ConfigurationClassPostProcessor.importAwareProcessor'
07:43:47.902 [main] DEBUG o.s.c.s.GenericApplicationContext - Unable to locate MessageSource with name 'messageSource': using default [org.springframework.context.support.DelegatingMessageSource@39695803]
07:43:47.906 [main] DEBUG o.s.c.s.GenericApplicationContext - Unable to locate ApplicationEventMulticaster with name 'applicationEventMulticaster': using default [org.springframework.context.event.SimpleApplicationEventMulticaster@45dc7be]
07:43:47.909 [main] INFO  o.s.b.f.s.DefaultListableBeanFactory - Pre-instantiating singletons in org.springframework.beans.factory.support.DefaultListableBeanFactory@55d8c2c4: defining beans [tableMetaTSDB,dataSource,sqlMapClient,metaHistoryDAO,metaSnapshotDAO,org.springframework.context.annotation.internalConfigurationAnnotationProcessor,org.springframework.context.annotation.internalAutowiredAnnotationProcessor,org.springframework.context.annotation.internalRequiredAnnotationProcessor,org.springframework.context.annotation.internalCommonAnnotationProcessor,org.springframework.context.annotation.ConfigurationClassPostProcessor.importAwareProcessor]; root of factory hierarchy
07:43:47.909 [main] DEBUG o.s.b.f.s.DefaultListableBeanFactory - Creating shared instance of singleton bean 'tableMetaTSDB'
07:43:47.909 [main] DEBUG o.s.b.f.s.DefaultListableBeanFactory - Creating instance of bean 'tableMetaTSDB'
07:43:47.923 [main] DEBUG o.s.b.f.s.DefaultListableBeanFactory - Eagerly caching bean 'tableMetaTSDB' to allow for resolving potential circular references
07:43:47.972 [main] DEBUG o.s.b.f.s.DefaultListableBeanFactory - Creating shared instance of singleton bean 'metaHistoryDAO'
07:43:47.973 [main] DEBUG o.s.b.f.s.DefaultListableBeanFactory - Creating instance of bean 'metaHistoryDAO'
07:43:47.983 [main] DEBUG o.s.b.f.s.DefaultListableBeanFactory - Eagerly caching bean 'metaHistoryDAO' to allow for resolving potential circular references
07:43:47.990 [main] DEBUG o.s.b.f.s.DefaultListableBeanFactory - Creating shared instance of singleton bean 'dataSource'
07:43:47.991 [main] DEBUG o.s.b.f.s.DefaultListableBeanFactory - Creating instance of bean 'dataSource'
07:43:48.073 [main] DEBUG o.s.b.f.s.DefaultListableBeanFactory - Eagerly caching bean 'dataSource' to allow for resolving potential circular references
07:43:48.136 [main] DEBUG o.s.b.f.s.DefaultListableBeanFactory - Finished creating instance of bean 'dataSource'
07:43:48.137 [main] DEBUG o.s.b.f.s.DefaultListableBeanFactory - Added autowiring by name from bean name 'metaHistoryDAO' via property 'dataSource' to bean named 'dataSource'
07:43:48.137 [main] DEBUG o.s.b.f.s.DefaultListableBeanFactory - Creating shared instance of singleton bean 'sqlMapClient'
07:43:48.137 [main] DEBUG o.s.b.f.s.DefaultListableBeanFactory - Creating instance of bean 'sqlMapClient'
07:43:48.142 [main] DEBUG o.s.b.f.s.DefaultListableBeanFactory - Eagerly caching bean 'sqlMapClient' to allow for resolving potential circular references
07:43:48.145 [main] DEBUG o.s.b.f.s.DefaultListableBeanFactory - Returning cached instance of singleton bean 'dataSource'
07:43:48.148 [main] DEBUG o.s.b.f.s.DefaultListableBeanFactory - Invoking afterPropertiesSet() on bean with name 'sqlMapClient'
07:43:48.351 [main] DEBUG o.s.b.f.s.DefaultListableBeanFactory - Finished creating instance of bean 'sqlMapClient'
07:43:48.352 [main] DEBUG o.s.b.f.s.DefaultListableBeanFactory - Invoking afterPropertiesSet() on bean with name 'metaHistoryDAO'
07:43:48.482 [main] ERROR c.alibaba.druid.pool.DruidDataSource - testWhileIdle is true, validationQuery not set
07:43:48.506 [main] INFO  c.alibaba.druid.pool.DruidDataSource - {dataSource-1} inited
07:43:49.183 [main] DEBUG o.s.b.f.s.DefaultListableBeanFactory - Finished creating instance of bean 'metaHistoryDAO'
07:43:49.184 [main] DEBUG o.s.b.f.s.DefaultListableBeanFactory - Creating shared instance of singleton bean 'metaSnapshotDAO'
07:43:49.184 [main] DEBUG o.s.b.f.s.DefaultListableBeanFactory - Creating instance of bean 'metaSnapshotDAO'
07:43:49.185 [main] DEBUG o.s.b.f.s.DefaultListableBeanFactory - Eagerly caching bean 'metaSnapshotDAO' to allow for resolving potential circular references
07:43:49.188 [main] DEBUG o.s.b.f.s.DefaultListableBeanFactory - Returning cached instance of singleton bean 'dataSource'
07:43:49.188 [main] DEBUG o.s.b.f.s.DefaultListableBeanFactory - Added autowiring by name from bean name 'metaSnapshotDAO' via property 'dataSource' to bean named 'dataSource'
07:43:49.188 [main] DEBUG o.s.b.f.s.DefaultListableBeanFactory - Returning cached instance of singleton bean 'sqlMapClient'
07:43:49.189 [main] DEBUG o.s.b.f.s.DefaultListableBeanFactory - Invoking afterPropertiesSet() on bean with name 'metaSnapshotDAO'
07:43:49.197 [main] DEBUG o.s.b.f.s.DefaultListableBeanFactory - Finished creating instance of bean 'metaSnapshotDAO'
07:43:49.197 [main] DEBUG o.s.b.f.s.DefaultListableBeanFactory - Finished creating instance of bean 'tableMetaTSDB'
07:43:49.197 [main] DEBUG o.s.b.f.s.DefaultListableBeanFactory - Returning cached instance of singleton bean 'dataSource'
07:43:49.197 [main] DEBUG o.s.b.f.s.DefaultListableBeanFactory - Returning cached instance of singleton bean 'sqlMapClient'
07:43:49.198 [main] DEBUG o.s.b.f.s.DefaultListableBeanFactory - Returning cached instance of singleton bean 'metaHistoryDAO'
07:43:49.198 [main] DEBUG o.s.b.f.s.DefaultListableBeanFactory - Returning cached instance of singleton bean 'metaSnapshotDAO'
07:43:49.198 [main] DEBUG o.s.b.f.s.DefaultListableBeanFactory - Returning cached instance of singleton bean 'org.springframework.context.annotation.internalConfigurationAnnotationProcessor'
07:43:49.198 [main] DEBUG o.s.b.f.s.DefaultListableBeanFactory - Returning cached instance of singleton bean 'org.springframework.context.annotation.internalAutowiredAnnotationProcessor'
07:43:49.198 [main] DEBUG o.s.b.f.s.DefaultListableBeanFactory - Returning cached instance of singleton bean 'org.springframework.context.annotation.internalRequiredAnnotationProcessor'
07:43:49.198 [main] DEBUG o.s.b.f.s.DefaultListableBeanFactory - Returning cached instance of singleton bean 'org.springframework.context.annotation.internalCommonAnnotationProcessor'
07:43:49.198 [main] DEBUG o.s.b.f.s.DefaultListableBeanFactory - Returning cached instance of singleton bean 'org.springframework.context.annotation.ConfigurationClassPostProcessor.importAwareProcessor'
07:43:49.201 [main] DEBUG o.s.c.s.GenericApplicationContext - Unable to locate LifecycleProcessor with name 'lifecycleProcessor': using default [org.springframework.context.support.DefaultLifecycleProcessor@411e567e]
07:43:49.202 [main] DEBUG o.s.b.f.s.DefaultListableBeanFactory - Returning cached instance of singleton bean 'lifecycleProcessor'
07:43:49.205 [main] DEBUG o.s.c.e.PropertySourcesPropertyResolver - Searching for key 'spring.liveBeansView.mbeanDomain' in [systemProperties]
07:43:49.205 [main] DEBUG o.s.c.e.PropertySourcesPropertyResolver - Searching for key 'spring.liveBeansView.mbeanDomain' in [systemEnvironment]
07:43:49.206 [main] DEBUG o.s.c.e.PropertySourcesPropertyResolver - Could not find key 'spring.liveBeansView.mbeanDomain' in any property source. Returning [null]
07:43:49.207 [main] DEBUG o.s.t.c.CacheAwareContextLoaderDelegate - Storing ApplicationContext in cache under key [[MergedContextConfiguration@6812fa3a testClass = MemoryTableMeta_DDL_Test, locations = '{classpath:/tsdb/h2-tsdb.xml}', classes = '{}', contextInitializerClasses = '[]', activeProfiles = '{}', contextLoader = 'org.springframework.test.context.support.DelegatingSmartContextLoader', parent = [null]]]
07:43:49.207 [main] DEBUG o.springframework.test.context.cache - Spring test ApplicationContext cache statistics: [ContextCache@312e8eaf size = 1, hitCount = 0, missCount = 1, parentContextCount = 0]
TableMeta [schema=test, table=procs_priv, fileds=
	FieldMeta [columnName=Host, columnType=char(60), nullable=false, key=true, defaultValue=, extra=null, unique=false]
	FieldMeta [columnName=Db, columnType=char(64), nullable=false, key=true, defaultValue=, extra=null, unique=false]
	FieldMeta [columnName=User, columnType=char(16), nullable=false, key=true, defaultValue=, extra=null, unique=false]
	FieldMeta [columnName=Routine_name, columnType=char(64), nullable=false, key=true, defaultValue=, extra=null, unique=false]
	FieldMeta [columnName=Routine_type, columnType=enum('FUNCTION','PROCEDURE'), nullable=false, key=true, defaultValue=null, extra=null, unique=false]
	FieldMeta [columnName=Grantor, columnType=char(77), nullable=false, key=false, defaultValue=, extra=null, unique=false]
	FieldMeta [columnName=Proc_priv, columnType=set('Execute','Alter Routine','Grant'), nullable=false, key=false, defaultValue=, extra=null, unique=false]
	FieldMeta [columnName=Timestamp, columnType=timestamp, nullable=false, key=false, defaultValue=CURRENT_TIMESTAMP, extra=null, unique=false]
]
07:43:49.751 [main] DEBUG o.s.t.c.s.DirtiesContextTestExecutionListener - After test method: context [[TestContext@4acb7ecc testClass = MemoryTableMeta_DDL_Test, testInstance = com.alibaba.otter.canal.parse.inbound.mysql.tsdb.MemoryTableMeta_DDL_Test@2a4f5433, testMethod = test_any@MemoryTableMeta_DDL_Test, testException = [null], mergedContextConfiguration = [MergedContextConfiguration@6812fa3a testClass = MemoryTableMeta_DDL_Test, locations = '{classpath:/tsdb/h2-tsdb.xml}', classes = '{}', contextInitializerClasses = '[]', activeProfiles = '{}', contextLoader = 'org.springframework.test.context.support.DelegatingSmartContextLoader', parent = [null]]]], class dirties context [false], class mode [null], method dirties context [false].
07:43:49.752 [main] DEBUG o.s.t.annotation.ProfileValueUtils - Retrieved @ProfileValueSourceConfiguration [null] for test class [com.alibaba.otter.canal.parse.inbound.mysql.tsdb.MemoryTableMeta_DDL_Test]
07:43:49.753 [main] DEBUG o.s.t.annotation.ProfileValueUtils - Retrieved ProfileValueSource type [class org.springframework.test.annotation.SystemProfileValueSource] for class [com.alibaba.otter.canal.parse.inbound.mysql.tsdb.MemoryTableMeta_DDL_Test]
07:43:49.753 [main] DEBUG o.s.t.c.s.DependencyInjectionTestExecutionListener - Performing dependency injection for test context [[TestContext@4acb7ecc testClass = MemoryTableMeta_DDL_Test, testInstance = com.alibaba.otter.canal.parse.inbound.mysql.tsdb.MemoryTableMeta_DDL_Test@3aa746cd, testMethod = [null], testException = [null], mergedContextConfiguration = [MergedContextConfiguration@6812fa3a testClass = MemoryTableMeta_DDL_Test, locations = '{classpath:/tsdb/h2-tsdb.xml}', classes = '{}', contextInitializerClasses = '[]', activeProfiles = '{}', contextLoader = 'org.springframework.test.context.support.DelegatingSmartContextLoader', parent = [null]]]].
07:43:49.753 [main] DEBUG o.s.t.c.CacheAwareContextLoaderDelegate - Retrieved ApplicationContext from cache with key [[MergedContextConfiguration@6812fa3a testClass = MemoryTableMeta_DDL_Test, locations = '{classpath:/tsdb/h2-tsdb.xml}', classes = '{}', contextInitializerClasses = '[]', activeProfiles = '{}', contextLoader = 'org.springframework.test.context.support.DelegatingSmartContextLoader', parent = [null]]]
07:43:49.753 [main] DEBUG o.springframework.test.context.cache - Spring test ApplicationContext cache statistics: [ContextCache@312e8eaf size = 1, hitCount = 1, missCount = 1, parentContextCount = 0]
07:43:49.765 [main] INFO  c.a.f.s.repository.SchemaRepository - replaced table '_card_record_del'
TableMeta [schema=yushitai_test, table=card_record, fileds=
	FieldMeta [columnName=id, columnType=bigint, nullable=false, key=true, defaultValue=null, extra=null, unique=false]
	FieldMeta [columnName=last_update, columnType=timestamp, nullable=false, key=false, defaultValue=CURRENT_TIMESTAMP, extra=null, unique=false]
	FieldMeta [columnName=hint, columnType=varchar(64), nullable=false, key=false, defaultValue=null, extra=null, unique=true]
	FieldMeta [columnName=value, columnType=varchar(255), nullable=false, key=false, defaultValue=null, extra=null, unique=false]
	FieldMeta [columnName=customization_id, columnType=bigint unsigned, nullable=false, key=false, defaultValue=null, extra=null, unique=false]
]
07:43:49.766 [main] DEBUG o.s.t.c.s.DirtiesContextTestExecutionListener - After test method: context [[TestContext@4acb7ecc testClass = MemoryTableMeta_DDL_Test, testInstance = com.alibaba.otter.canal.parse.inbound.mysql.tsdb.MemoryTableMeta_DDL_Test@3aa746cd, testMethod = test1@MemoryTableMeta_DDL_Test, testException = [null], mergedContextConfiguration = [MergedContextConfiguration@6812fa3a testClass = MemoryTableMeta_DDL_Test, locations = '{classpath:/tsdb/h2-tsdb.xml}', classes = '{}', contextInitializerClasses = '[]', activeProfiles = '{}', contextLoader = 'org.springframework.test.context.support.DelegatingSmartContextLoader', parent = [null]]]], class dirties context [false], class mode [null], method dirties context [false].
07:43:49.766 [main] DEBUG o.s.t.annotation.ProfileValueUtils - Retrieved @ProfileValueSourceConfiguration [null] for test class [com.alibaba.otter.canal.parse.inbound.mysql.tsdb.MemoryTableMeta_DDL_Test]
07:43:49.767 [main] DEBUG o.s.t.annotation.ProfileValueUtils - Retrieved ProfileValueSource type [class org.springframework.test.annotation.SystemProfileValueSource] for class [com.alibaba.otter.canal.parse.inbound.mysql.tsdb.MemoryTableMeta_DDL_Test]
07:43:49.767 [main] DEBUG o.s.t.c.s.DependencyInjectionTestExecutionListener - Performing dependency injection for test context [[TestContext@4acb7ecc testClass = MemoryTableMeta_DDL_Test, testInstance = com.alibaba.otter.canal.parse.inbound.mysql.tsdb.MemoryTableMeta_DDL_Test@2b66ac5f, testMethod = [null], testException = [null], mergedContextConfiguration = [MergedContextConfiguration@6812fa3a testClass = MemoryTableMeta_DDL_Test, locations = '{classpath:/tsdb/h2-tsdb.xml}', classes = '{}', contextInitializerClasses = '[]', activeProfiles = '{}', contextLoader = 'org.springframework.test.context.support.DelegatingSmartContextLoader', parent = [null]]]].
07:43:49.767 [main] DEBUG o.s.t.c.CacheAwareContextLoaderDelegate - Retrieved ApplicationContext from cache with key [[MergedContextConfiguration@6812fa3a testClass = MemoryTableMeta_DDL_Test, locations = '{classpath:/tsdb/h2-tsdb.xml}', classes = '{}', contextInitializerClasses = '[]', activeProfiles = '{}', contextLoader = 'org.springframework.test.context.support.DelegatingSmartContextLoader', parent = [null]]]
07:43:49.767 [main] DEBUG o.springframework.test.context.cache - Spring test ApplicationContext cache statistics: [ContextCache@312e8eaf size = 1, hitCount = 2, missCount = 1, parentContextCount = 0]
TableMeta [schema=yushitai_test, table=card_record, fileds=
	FieldMeta [columnName=id, columnType=bigint, nullable=false, key=true, defaultValue=null, extra=null, unique=false]
	FieldMeta [columnName=name, columnType=varchar(32), nullable=true, key=false, defaultValue=null, extra=null, unique=true]
	FieldMeta [columnName=alias, columnType=varchar(32), nullable=true, key=false, defaultValue=null, extra=null, unique=true]
]
07:43:49.772 [main] DEBUG o.s.t.c.s.DirtiesContextTestExecutionListener - After test method: context [[TestContext@4acb7ecc testClass = MemoryTableMeta_DDL_Test, testInstance = com.alibaba.otter.canal.parse.inbound.mysql.tsdb.MemoryTableMeta_DDL_Test@2b66ac5f, testMethod = test2@MemoryTableMeta_DDL_Test, testException = [null], mergedContextConfiguration = [MergedContextConfiguration@6812fa3a testClass = MemoryTableMeta_DDL_Test, locations = '{classpath:/tsdb/h2-tsdb.xml}', classes = '{}', contextInitializerClasses = '[]', activeProfiles = '{}', contextLoader = 'org.springframework.test.context.support.DelegatingSmartContextLoader', parent = [null]]]], class dirties context [false], class mode [null], method dirties context [false].
07:43:49.772 [main] DEBUG o.s.t.annotation.ProfileValueUtils - Retrieved @ProfileValueSourceConfiguration [null] for test class [com.alibaba.otter.canal.parse.inbound.mysql.tsdb.MemoryTableMeta_DDL_Test]
07:43:49.772 [main] DEBUG o.s.t.annotation.ProfileValueUtils - Retrieved ProfileValueSource type [class org.springframework.test.annotation.SystemProfileValueSource] for class [com.alibaba.otter.canal.parse.inbound.mysql.tsdb.MemoryTableMeta_DDL_Test]
07:43:49.773 [main] DEBUG o.s.t.c.s.DependencyInjectionTestExecutionListener - Performing dependency injection for test context [[TestContext@4acb7ecc testClass = MemoryTableMeta_DDL_Test, testInstance = com.alibaba.otter.canal.parse.inbound.mysql.tsdb.MemoryTableMeta_DDL_Test@10a89001, testMethod = [null], testException = [null], mergedContextConfiguration = [MergedContextConfiguration@6812fa3a testClass = MemoryTableMeta_DDL_Test, locations = '{classpath:/tsdb/h2-tsdb.xml}', classes = '{}', contextInitializerClasses = '[]', activeProfiles = '{}', contextLoader = 'org.springframework.test.context.support.DelegatingSmartContextLoader', parent = [null]]]].
07:43:49.773 [main] DEBUG o.s.t.c.CacheAwareContextLoaderDelegate - Retrieved ApplicationContext from cache with key [[MergedContextConfiguration@6812fa3a testClass = MemoryTableMeta_DDL_Test, locations = '{classpath:/tsdb/h2-tsdb.xml}', classes = '{}', contextInitializerClasses = '[]', activeProfiles = '{}', contextLoader = 'org.springframework.test.context.support.DelegatingSmartContextLoader', parent = [null]]]
07:43:49.773 [main] DEBUG o.springframework.test.context.cache - Spring test ApplicationContext cache statistics: [ContextCache@312e8eaf size = 1, hitCount = 3, missCount = 1, parentContextCount = 0]
TableMeta [schema=test, table=quniya4, fileds=
	FieldMeta [columnName=id, columnType=int, nullable=false, key=true, defaultValue=null, extra=null, unique=false]
	FieldMeta [columnName=name, columnType=varchar(255), nullable=true, key=false, defaultValue=null, extra=null, unique=false]
	FieldMeta [columnName=value, columnType=varchar(255), nullable=true, key=false, defaultValue=null, extra=null, unique=false]
]
07:43:49.776 [main] DEBUG o.s.t.c.s.DirtiesContextTestExecutionListener - After test method: context [[TestContext@4acb7ecc testClass = MemoryTableMeta_DDL_Test, testInstance = com.alibaba.otter.canal.parse.inbound.mysql.tsdb.MemoryTableMeta_DDL_Test@10a89001, testMethod = test3@MemoryTableMeta_DDL_Test, testException = [null], mergedContextConfiguration = [MergedContextConfiguration@6812fa3a testClass = MemoryTableMeta_DDL_Test, locations = '{classpath:/tsdb/h2-tsdb.xml}', classes = '{}', contextInitializerClasses = '[]', activeProfiles = '{}', contextLoader = 'org.springframework.test.context.support.DelegatingSmartContextLoader', parent = [null]]]], class dirties context [false], class mode [null], method dirties context [false].
07:43:49.777 [main] DEBUG o.s.t.c.s.DirtiesContextTestExecutionListener - After test class: context [[TestContext@4acb7ecc testClass = MemoryTableMeta_DDL_Test, testInstance = [null], testMethod = [null], testException = [null], mergedContextConfiguration = [MergedContextConfiguration@6812fa3a testClass = MemoryTableMeta_DDL_Test, locations = '{classpath:/tsdb/h2-tsdb.xml}', classes = '{}', contextInitializerClasses = '[]', activeProfiles = '{}', contextLoader = 'org.springframework.test.context.support.DelegatingSmartContextLoader', parent = [null]]]], dirtiesContext [false].
[[1;34mINFO[m] [1;32mTests run: [0;1;32m4[m, Failures: 0, Errors: 0, Skipped: 0, Time elapsed: 2.901 s - in com.alibaba.otter.canal.parse.inbound.mysql.tsdb.[1mMemoryTableMeta_DDL_Test[m
[[1;34mINFO[m] Running com.alibaba.otter.canal.parse.inbound.mysql.tsdb.[1mMemoryTableMeta_Random_DDL_Test[m
07:43:49.779 [main] DEBUG o.s.t.c.j.SpringJUnit4ClassRunner - SpringJUnit4ClassRunner constructor called with [class com.alibaba.otter.canal.parse.inbound.mysql.tsdb.MemoryTableMeta_Random_DDL_Test].
07:43:49.779 [main] DEBUG o.s.t.c.s.AbstractDelegatingSmartContextLoader - Delegating to GenericXmlContextLoader to process context configuration [ContextConfigurationAttributes@a29670a declaringClass = 'com.alibaba.otter.canal.parse.inbound.mysql.tsdb.MemoryTableMeta_Random_DDL_Test', classes = '{}', locations = '{/tsdb/h2-tsdb.xml}', inheritLocations = true, initializers = '{}', inheritInitializers = true, name = [null], contextLoaderClass = 'org.springframework.test.context.ContextLoader'].
07:43:49.779 [main] DEBUG o.s.test.context.ContextLoaderUtils - Could not find an 'annotation declaring class' for annotation type [org.springframework.test.context.ActiveProfiles] and class [com.alibaba.otter.canal.parse.inbound.mysql.tsdb.MemoryTableMeta_Random_DDL_Test]
07:43:49.780 [main] DEBUG o.s.test.context.TestContextManager - @TestExecutionListeners is not present for class [com.alibaba.otter.canal.parse.inbound.mysql.tsdb.MemoryTableMeta_Random_DDL_Test]: using defaults.
07:43:49.780 [main] INFO  o.s.test.context.TestContextManager - Could not instantiate TestExecutionListener [org.springframework.test.context.web.ServletTestExecutionListener]. Specify custom listener classes or make the default listener classes (and their required dependencies) available. Offending class: [javax/servlet/ServletContext]
07:43:49.780 [main] DEBUG o.s.t.annotation.ProfileValueUtils - Retrieved @ProfileValueSourceConfiguration [null] for test class [com.alibaba.otter.canal.parse.inbound.mysql.tsdb.MemoryTableMeta_Random_DDL_Test]
07:43:49.781 [main] DEBUG o.s.t.annotation.ProfileValueUtils - Retrieved ProfileValueSource type [class org.springframework.test.annotation.SystemProfileValueSource] for class [com.alibaba.otter.canal.parse.inbound.mysql.tsdb.MemoryTableMeta_Random_DDL_Test]
07:43:49.781 [main] DEBUG o.s.t.annotation.ProfileValueUtils - Retrieved @ProfileValueSourceConfiguration [null] for test class [com.alibaba.otter.canal.parse.inbound.mysql.tsdb.MemoryTableMeta_Random_DDL_Test]
07:43:49.781 [main] DEBUG o.s.t.annotation.ProfileValueUtils - Retrieved ProfileValueSource type [class org.springframework.test.annotation.SystemProfileValueSource] for class [com.alibaba.otter.canal.parse.inbound.mysql.tsdb.MemoryTableMeta_Random_DDL_Test]
07:43:49.781 [main] DEBUG o.s.t.annotation.ProfileValueUtils - Retrieved @ProfileValueSourceConfiguration [null] for test class [com.alibaba.otter.canal.parse.inbound.mysql.tsdb.MemoryTableMeta_Random_DDL_Test]
07:43:49.781 [main] DEBUG o.s.t.annotation.ProfileValueUtils - Retrieved ProfileValueSource type [class org.springframework.test.annotation.SystemProfileValueSource] for class [com.alibaba.otter.canal.parse.inbound.mysql.tsdb.MemoryTableMeta_Random_DDL_Test]
07:43:49.782 [main] DEBUG o.s.t.annotation.ProfileValueUtils - Retrieved @ProfileValueSourceConfiguration [null] for test class [com.alibaba.otter.canal.parse.inbound.mysql.tsdb.MemoryTableMeta_Random_DDL_Test]
07:43:49.782 [main] DEBUG o.s.t.annotation.ProfileValueUtils - Retrieved ProfileValueSource type [class org.springframework.test.annotation.SystemProfileValueSource] for class [com.alibaba.otter.canal.parse.inbound.mysql.tsdb.MemoryTableMeta_Random_DDL_Test]
07:43:49.782 [main] DEBUG o.s.t.c.s.DependencyInjectionTestExecutionListener - Performing dependency injection for test context [[TestContext@4c96de48 testClass = MemoryTableMeta_Random_DDL_Test, testInstance = com.alibaba.otter.canal.parse.inbound.mysql.tsdb.MemoryTableMeta_Random_DDL_Test@5a25183b, testMethod = [null], testException = [null], mergedContextConfiguration = [MergedContextConfiguration@2781feae testClass = MemoryTableMeta_Random_DDL_Test, locations = '{classpath:/tsdb/h2-tsdb.xml}', classes = '{}', contextInitializerClasses = '[]', activeProfiles = '{}', contextLoader = 'org.springframework.test.context.support.DelegatingSmartContextLoader', parent = [null]]]].
07:43:49.782 [main] DEBUG o.s.t.c.CacheAwareContextLoaderDelegate - Retrieved ApplicationContext from cache with key [[MergedContextConfiguration@2781feae testClass = MemoryTableMeta_Random_DDL_Test, locations = '{classpath:/tsdb/h2-tsdb.xml}', classes = '{}', contextInitializerClasses = '[]', activeProfiles = '{}', contextLoader = 'org.springframework.test.context.support.DelegatingSmartContextLoader', parent = [null]]]
07:43:49.782 [main] DEBUG o.springframework.test.context.cache - Spring test ApplicationContext cache statistics: [ContextCache@312e8eaf size = 1, hitCount = 4, missCount = 1, parentContextCount = 0]
07:43:49.802 [main] INFO  c.a.f.s.repository.SchemaRepository - replaced table 'tb_rpuyybsdob'
07:43:49.804 [main] INFO  c.a.f.s.repository.SchemaRepository - replaced table 'tb_ljqeyzesru'
07:43:49.804 [main] INFO  c.a.f.s.repository.SchemaRepository - replaced table 'tb_bbvvzzczcw'
07:43:49.805 [main] INFO  c.a.f.s.repository.SchemaRepository - replaced table 'tb_hcvvpyqbtd'
07:43:49.805 [main] INFO  c.a.f.s.repository.SchemaRepository - replaced table 'tb_yfjonexaag'
07:43:49.805 [main] INFO  c.a.f.s.repository.SchemaRepository - replaced table 'tb_wewsxxqmxd'
07:43:49.805 [main] INFO  c.a.f.s.repository.SchemaRepository - replaced table 'tb_rpuyybsdob'
07:43:49.806 [main] INFO  c.a.f.s.repository.SchemaRepository - replaced table 'tb_ljqeyzesru'
07:43:49.807 [main] INFO  c.a.f.s.repository.SchemaRepository - replaced table 'tb_bbvvzzczcw'
07:43:49.807 [main] INFO  c.a.f.s.repository.SchemaRepository - replaced table 'tb_hcvvpyqbtd'
07:43:49.807 [main] INFO  c.a.f.s.repository.SchemaRepository - replaced table 'tb_yfjonexaag'
07:43:49.807 [main] INFO  c.a.f.s.repository.SchemaRepository - replaced table 'tb_wewsxxqmxd'
07:43:49.807 [main] INFO  c.a.f.s.repository.SchemaRepository - replaced table 'tb_rpuyybsdob'
07:43:49.808 [main] INFO  c.a.f.s.repository.SchemaRepository - replaced table 'tb_ljqeyzesru'
07:43:49.809 [main] INFO  c.a.f.s.repository.SchemaRepository - replaced table 'tb_bbvvzzczcw'
07:43:49.809 [main] INFO  c.a.f.s.repository.SchemaRepository - replaced table 'tb_hcvvpyqbtd'
07:43:49.810 [main] INFO  c.a.f.s.repository.SchemaRepository - replaced table 'tb_yfjonexaag'
07:43:49.810 [main] INFO  c.a.f.s.repository.SchemaRepository - replaced table 'tb_wewsxxqmxd'
07:43:49.810 [main] INFO  c.a.f.s.repository.SchemaRepository - replaced table 'tb_rpuyybsdob'
07:43:49.811 [main] INFO  c.a.f.s.repository.SchemaRepository - replaced table 'tb_ljqeyzesru'
07:43:49.811 [main] INFO  c.a.f.s.repository.SchemaRepository - replaced table 'tb_bbvvzzczcw'
07:43:49.812 [main] INFO  c.a.f.s.repository.SchemaRepository - replaced table 'tb_hcvvpyqbtd'
07:43:49.812 [main] INFO  c.a.f.s.repository.SchemaRepository - replaced table 'tb_yfjonexaag'
07:43:49.812 [main] INFO  c.a.f.s.repository.SchemaRepository - replaced table 'tb_wewsxxqmxd'
07:43:49.812 [main] INFO  c.a.f.s.repository.SchemaRepository - replaced table 'tb_rpuyybsdob'
07:43:49.813 [main] INFO  c.a.f.s.repository.SchemaRepository - replaced table 'tb_ljqeyzesru'
07:43:49.814 [main] INFO  c.a.f.s.repository.SchemaRepository - replaced table 'tb_bbvvzzczcw'
07:43:49.815 [main] INFO  c.a.f.s.repository.SchemaRepository - replaced table 'tb_hcvvpyqbtd'
07:43:49.815 [main] INFO  c.a.f.s.repository.SchemaRepository - replaced table 'tb_yfjonexaag'
07:43:49.815 [main] INFO  c.a.f.s.repository.SchemaRepository - replaced table 'tb_wewsxxqmxd'
07:43:49.822 [main] INFO  c.a.f.s.repository.SchemaRepository - replaced table 'tb_ctxyxxbpqn'
07:43:49.822 [main] INFO  c.a.f.s.repository.SchemaRepository - replaced table 'tb_uasvccezbb'
07:43:49.828 [main] INFO  c.a.f.s.repository.SchemaRepository - replaced table 'tb_npfwhbears'
07:43:49.828 [main] INFO  c.a.f.s.repository.SchemaRepository - replaced table 'tb_iapmhzrbpl'
07:43:49.829 [main] INFO  c.a.f.s.repository.SchemaRepository - replaced table 'tb_nxxnnxsqeq'
07:43:49.829 [main] INFO  c.a.f.s.repository.SchemaRepository - replaced table 'tb_yujleuojse'
07:43:49.829 [main] INFO  c.a.f.s.repository.SchemaRepository - replaced table 'tb_npfwhbears'
07:43:49.830 [main] INFO  c.a.f.s.repository.SchemaRepository - replaced table 'tb_iapmhzrbpl'
07:43:49.830 [main] INFO  c.a.f.s.repository.SchemaRepository - replaced table 'tb_nxxnnxsqeq'
07:43:49.830 [main] INFO  c.a.f.s.repository.SchemaRepository - replaced table 'tb_yujleuojse'
07:43:49.830 [main] INFO  c.a.f.s.repository.SchemaRepository - replaced table 'tb_npfwhbears'
07:43:49.830 [main] INFO  c.a.f.s.repository.SchemaRepository - replaced table 'tb_iapmhzrbpl'
07:43:49.831 [main] INFO  c.a.f.s.repository.SchemaRepository - replaced table 'tb_nxxnnxsqeq'
07:43:49.831 [main] INFO  c.a.f.s.repository.SchemaRepository - replaced table 'tb_yujleuojse'
07:43:49.837 [main] INFO  c.a.f.s.repository.SchemaRepository - replaced table 'tb_osccbhgwdn'
07:43:49.837 [main] INFO  c.a.f.s.repository.SchemaRepository - replaced table 'tb_chzhfzbmgu'
07:43:49.838 [main] INFO  c.a.f.s.repository.SchemaRepository - replaced table 'tb_bpukgjzglw'
07:43:49.838 [main] INFO  c.a.f.s.repository.SchemaRepository - replaced table 'tb_osccbhgwdn'
07:43:49.838 [main] INFO  c.a.f.s.repository.SchemaRepository - replaced table 'tb_chzhfzbmgu'
07:43:49.838 [main] INFO  c.a.f.s.repository.SchemaRepository - replaced table 'tb_bpukgjzglw'
07:43:49.850 [main] INFO  c.a.f.s.repository.SchemaRepository - replaced table 'tb_cwypwdifyd'
07:43:49.851 [main] INFO  c.a.f.s.repository.SchemaRepository - replaced table 'tb_gnhiuztkhp'
07:43:49.851 [main] INFO  c.a.f.s.repository.SchemaRepository - replaced table 'tb_omxdljixxx'
07:43:49.851 [main] INFO  c.a.f.s.repository.SchemaRepository - replaced table 'tb_cwypwdifyd'
07:43:49.851 [main] INFO  c.a.f.s.repository.SchemaRepository - replaced table 'tb_gnhiuztkhp'
07:43:49.851 [main] INFO  c.a.f.s.repository.SchemaRepository - replaced table 'tb_omxdljixxx'
07:43:49.865 [main] INFO  c.a.f.s.repository.SchemaRepository - replaced table 'tb_repwxdxmss'
07:43:49.865 [main] INFO  c.a.f.s.repository.SchemaRepository - replaced table 'tb_bmbzkqioww'
07:43:49.866 [main] INFO  c.a.f.s.repository.SchemaRepository - replaced table 'tb_dqutvqabgv'
07:43:49.866 [main] INFO  c.a.f.s.repository.SchemaRepository - replaced table 'tb_repwxdxmss'
07:43:49.866 [main] INFO  c.a.f.s.repository.SchemaRepository - replaced table 'tb_bmbzkqioww'
07:43:49.866 [main] INFO  c.a.f.s.repository.SchemaRepository - replaced table 'tb_dqutvqabgv'
07:43:49.877 [main] INFO  c.a.f.s.repository.SchemaRepository - replaced table 'tb_ruhyyyifba'
07:43:49.878 [main] INFO  c.a.f.s.repository.SchemaRepository - replaced table 'tb_rjbzsfvdte'
07:43:49.878 [main] INFO  c.a.f.s.repository.SchemaRepository - replaced table 'tb_qfryzntbot'
07:43:49.878 [main] INFO  c.a.f.s.repository.SchemaRepository - replaced table 'tb_ruhyyyifba'
07:43:49.879 [main] INFO  c.a.f.s.repository.SchemaRepository - replaced table 'tb_rjbzsfvdte'
07:43:49.879 [main] INFO  c.a.f.s.repository.SchemaRepository - replaced table 'tb_qfryzntbot'
07:43:49.886 [main] INFO  c.a.f.s.repository.SchemaRepository - replaced table 'tb_mjixwohckz'
07:43:49.886 [main] INFO  c.a.f.s.repository.SchemaRepository - replaced table 'tb_wdurcynllr'
07:43:49.886 [main] INFO  c.a.f.s.repository.SchemaRepository - replaced table 'tb_ayzakpuupb'
07:43:49.887 [main] INFO  c.a.f.s.repository.SchemaRepository - replaced table 'tb_mjixwohckz'
07:43:49.887 [main] INFO  c.a.f.s.repository.SchemaRepository - replaced table 'tb_wdurcynllr'
07:43:49.887 [main] INFO  c.a.f.s.repository.SchemaRepository - replaced table 'tb_ayzakpuupb'
07:43:49.895 [main] INFO  c.a.f.s.repository.SchemaRepository - replaced table 'tb_gvxwgsxgte'
07:43:49.895 [main] INFO  c.a.f.s.repository.SchemaRepository - replaced table 'tb_oytmynjdbq'
07:43:49.895 [main] INFO  c.a.f.s.repository.SchemaRepository - replaced table 'tb_wtwwuhhmqp'
07:43:49.895 [main] INFO  c.a.f.s.repository.SchemaRepository - replaced table 'tb_gvxwgsxgte'
07:43:49.895 [main] INFO  c.a.f.s.repository.SchemaRepository - replaced table 'tb_oytmynjdbq'
07:43:49.895 [main] INFO  c.a.f.s.repository.SchemaRepository - replaced table 'tb_wtwwuhhmqp'
07:43:49.903 [main] INFO  c.a.f.s.repository.SchemaRepository - replaced table 'tb_jmydpaxtpu'
07:43:49.904 [main] INFO  c.a.f.s.repository.SchemaRepository - replaced table 'tb_bkldmexfby'
07:43:49.912 [main] INFO  c.a.f.s.repository.SchemaRepository - replaced table 'tb_iztgdcpcld'
07:43:49.912 [main] INFO  c.a.f.s.repository.SchemaRepository - replaced table 'tb_kubnsybcaf'
07:43:49.912 [main] INFO  c.a.f.s.repository.SchemaRepository - replaced table 'tb_bjsplgjemd'
07:43:49.913 [main] INFO  c.a.f.s.repository.SchemaRepository - replaced table 'tb_dxadqwfhhb'
07:43:49.913 [main] INFO  c.a.f.s.repository.SchemaRepository - replaced table 'tb_iztgdcpcld'
07:43:49.913 [main] INFO  c.a.f.s.repository.SchemaRepository - replaced table 'tb_kubnsybcaf'
07:43:49.913 [main] INFO  c.a.f.s.repository.SchemaRepository - replaced table 'tb_bjsplgjemd'
07:43:49.913 [main] INFO  c.a.f.s.repository.SchemaRepository - replaced table 'tb_dxadqwfhhb'
07:43:49.914 [main] INFO  c.a.f.s.repository.SchemaRepository - replaced table 'tb_iztgdcpcld'
07:43:49.914 [main] INFO  c.a.f.s.repository.SchemaRepository - replaced table 'tb_kubnsybcaf'
07:43:49.914 [main] INFO  c.a.f.s.repository.SchemaRepository - replaced table 'tb_bjsplgjemd'
07:43:49.914 [main] INFO  c.a.f.s.repository.SchemaRepository - replaced table 'tb_dxadqwfhhb'
07:43:49.956 [main] INFO  c.a.f.s.repository.SchemaRepository - replaced table 'tb_arczcfjqat'
07:43:49.956 [main] INFO  c.a.f.s.repository.SchemaRepository - replaced table 'tb_kgdpofrysh'
07:43:49.959 [main] INFO  c.a.f.s.repository.SchemaRepository - replaced table 'tb_vjudeyawut'
07:43:49.959 [main] INFO  c.a.f.s.repository.SchemaRepository - replaced table 'tb_asbrvloeex'
07:43:49.964 [main] INFO  c.a.f.s.repository.SchemaRepository - replaced table 'tb_jwspnsjkbz'
07:43:49.965 [main] INFO  c.a.f.s.repository.SchemaRepository - replaced table 'tb_uildklperh'
07:43:49.965 [main] INFO  c.a.f.s.repository.SchemaRepository - replaced table 'tb_auppieylzo'
07:43:49.965 [main] INFO  c.a.f.s.repository.SchemaRepository - replaced table 'tb_rdvmtcfenu'
07:43:49.965 [main] INFO  c.a.f.s.repository.SchemaRepository - replaced table 'tb_btaicbcvzm'
07:43:49.965 [main] INFO  c.a.f.s.repository.SchemaRepository - replaced table 'tb_mxukjfwtfx'
07:43:49.965 [main] INFO  c.a.f.s.repository.SchemaRepository - replaced table 'tb_jwspnsjkbz'
07:43:49.966 [main] INFO  c.a.f.s.repository.SchemaRepository - replaced table 'tb_uildklperh'
07:43:49.966 [main] INFO  c.a.f.s.repository.SchemaRepository - replaced table 'tb_auppieylzo'
07:43:49.966 [main] INFO  c.a.f.s.repository.SchemaRepository - replaced table 'tb_rdvmtcfenu'
07:43:49.966 [main] INFO  c.a.f.s.repository.SchemaRepository - replaced table 'tb_btaicbcvzm'
07:43:49.966 [main] INFO  c.a.f.s.repository.SchemaRepository - replaced table 'tb_mxukjfwtfx'
07:43:49.966 [main] INFO  c.a.f.s.repository.SchemaRepository - replaced table 'tb_jwspnsjkbz'
07:43:49.966 [main] INFO  c.a.f.s.repository.SchemaRepository - replaced table 'tb_uildklperh'
07:43:49.966 [main] INFO  c.a.f.s.repository.SchemaRepository - replaced table 'tb_auppieylzo'
07:43:49.967 [main] INFO  c.a.f.s.repository.SchemaRepository - replaced table 'tb_rdvmtcfenu'
07:43:49.967 [main] INFO  c.a.f.s.repository.SchemaRepository - replaced table 'tb_btaicbcvzm'
07:43:49.967 [main] INFO  c.a.f.s.repository.SchemaRepository - replaced table 'tb_mxukjfwtfx'
07:43:49.967 [main] INFO  c.a.f.s.repository.SchemaRepository - replaced table 'tb_jwspnsjkbz'
07:43:49.967 [main] INFO  c.a.f.s.repository.SchemaRepository - replaced table 'tb_uildklperh'
07:43:49.967 [main] INFO  c.a.f.s.repository.SchemaRepository - replaced table 'tb_auppieylzo'
07:43:49.967 [main] INFO  c.a.f.s.repository.SchemaRepository - replaced table 'tb_rdvmtcfenu'
07:43:49.967 [main] INFO  c.a.f.s.repository.SchemaRepository - replaced table 'tb_btaicbcvzm'
07:43:49.968 [main] INFO  c.a.f.s.repository.SchemaRepository - replaced table 'tb_mxukjfwtfx'
07:43:49.968 [main] INFO  c.a.f.s.repository.SchemaRepository - replaced table 'tb_jwspnsjkbz'
07:43:49.968 [main] INFO  c.a.f.s.repository.SchemaRepository - replaced table 'tb_uildklperh'
07:43:49.968 [main] INFO  c.a.f.s.repository.SchemaRepository - replaced table 'tb_auppieylzo'
07:43:49.968 [main] INFO  c.a.f.s.repository.SchemaRepository - replaced table 'tb_rdvmtcfenu'
07:43:49.968 [main] INFO  c.a.f.s.repository.SchemaRepository - replaced table 'tb_btaicbcvzm'
07:43:49.968 [main] INFO  c.a.f.s.repository.SchemaRepository - replaced table 'tb_mxukjfwtfx'
07:43:49.975 [main] INFO  c.a.f.s.repository.SchemaRepository - replaced table 'tb_lvhgwlctrm'
07:43:49.975 [main] INFO  c.a.f.s.repository.SchemaRepository - replaced table 'tb_xplnlwuite'
07:43:49.975 [main] INFO  c.a.f.s.repository.SchemaRepository - replaced table 'tb_tntbgwfxdz'
07:43:49.975 [main] INFO  c.a.f.s.repository.SchemaRepository - replaced table 'tb_cemigpflpg'
07:43:49.975 [main] INFO  c.a.f.s.repository.SchemaRepository - replaced table 'tb_lvhgwlctrm'
07:43:49.976 [main] INFO  c.a.f.s.repository.SchemaRepository - replaced table 'tb_xplnlwuite'
07:43:49.976 [main] INFO  c.a.f.s.repository.SchemaRepository - replaced table 'tb_tntbgwfxdz'
07:43:49.976 [main] INFO  c.a.f.s.repository.SchemaRepository - replaced table 'tb_cemigpflpg'
07:43:49.976 [main] INFO  c.a.f.s.repository.SchemaRepository - replaced table 'tb_lvhgwlctrm'
07:43:49.976 [main] INFO  c.a.f.s.repository.SchemaRepository - replaced table 'tb_xplnlwuite'
07:43:49.976 [main] INFO  c.a.f.s.repository.SchemaRepository - replaced table 'tb_tntbgwfxdz'
07:43:49.976 [main] INFO  c.a.f.s.repository.SchemaRepository - replaced table 'tb_cemigpflpg'
07:43:49.980 [main] INFO  c.a.f.s.repository.SchemaRepository - replaced table 'tb_pactwzqamv'
07:43:49.981 [main] INFO  c.a.f.s.repository.SchemaRepository - replaced table 'tb_onrsvwgpqb'
07:43:49.981 [main] INFO  c.a.f.s.repository.SchemaRepository - replaced table 'tb_xfnqchameq'
07:43:49.981 [main] INFO  c.a.f.s.repository.SchemaRepository - replaced table 'tb_pactwzqamv'
07:43:49.981 [main] INFO  c.a.f.s.repository.SchemaRepository - replaced table 'tb_onrsvwgpqb'
07:43:49.981 [main] INFO  c.a.f.s.repository.SchemaRepository - replaced table 'tb_xfnqchameq'
07:43:49.983 [main] DEBUG o.s.t.c.s.DirtiesContextTestExecutionListener - After test method: context [[TestContext@4c96de48 testClass = MemoryTableMeta_Random_DDL_Test, testInstance = com.alibaba.otter.canal.parse.inbound.mysql.tsdb.MemoryTableMeta_Random_DDL_Test@5a25183b, testMethod = test_database@MemoryTableMeta_Random_DDL_Test, testException = [null], mergedContextConfiguration = [MergedContextConfiguration@2781feae testClass = MemoryTableMeta_Random_DDL_Test, locations = '{classpath:/tsdb/h2-tsdb.xml}', classes = '{}', contextInitializerClasses = '[]', activeProfiles = '{}', contextLoader = 'org.springframework.test.context.support.DelegatingSmartContextLoader', parent = [null]]]], class dirties context [false], class mode [null], method dirties context [false].
07:43:49.983 [main] DEBUG o.s.t.annotation.ProfileValueUtils - Retrieved @ProfileValueSourceConfiguration [null] for test class [com.alibaba.otter.canal.parse.inbound.mysql.tsdb.MemoryTableMeta_Random_DDL_Test]
07:43:49.983 [main] DEBUG o.s.t.annotation.ProfileValueUtils - Retrieved ProfileValueSource type [class org.springframework.test.annotation.SystemProfileValueSource] for class [com.alibaba.otter.canal.parse.inbound.mysql.tsdb.MemoryTableMeta_Random_DDL_Test]
07:43:49.984 [main] DEBUG o.s.t.c.s.DependencyInjectionTestExecutionListener - Performing dependency injection for test context [[TestContext@4c96de48 testClass = MemoryTableMeta_Random_DDL_Test, testInstance = com.alibaba.otter.canal.parse.inbound.mysql.tsdb.MemoryTableMeta_Random_DDL_Test@16790b0f, testMethod = [null], testException = [null], mergedContextConfiguration = [MergedContextConfiguration@2781feae testClass = MemoryTableMeta_Random_DDL_Test, locations = '{classpath:/tsdb/h2-tsdb.xml}', classes = '{}', contextInitializerClasses = '[]', activeProfiles = '{}', contextLoader = 'org.springframework.test.context.support.DelegatingSmartContextLoader', parent = [null]]]].
07:43:49.984 [main] DEBUG o.s.t.c.CacheAwareContextLoaderDelegate - Retrieved ApplicationContext from cache with key [[MergedContextConfiguration@2781feae testClass = MemoryTableMeta_Random_DDL_Test, locations = '{classpath:/tsdb/h2-tsdb.xml}', classes = '{}', contextInitializerClasses = '[]', activeProfiles = '{}', contextLoader = 'org.springframework.test.context.support.DelegatingSmartContextLoader', parent = [null]]]
07:43:49.984 [main] DEBUG o.springframework.test.context.cache - Spring test ApplicationContext cache statistics: [ContextCache@312e8eaf size = 1, hitCount = 5, missCount = 1, parentContextCount = 0]
07:43:50.142 [main] DEBUG o.s.t.c.s.DirtiesContextTestExecutionListener - After test method: context [[TestContext@4c96de48 testClass = MemoryTableMeta_Random_DDL_Test, testInstance = com.alibaba.otter.canal.parse.inbound.mysql.tsdb.MemoryTableMeta_Random_DDL_Test@16790b0f, testMethod = test_table@MemoryTableMeta_Random_DDL_Test, testException = [null], mergedContextConfiguration = [MergedContextConfiguration@2781feae testClass = MemoryTableMeta_Random_DDL_Test, locations = '{classpath:/tsdb/h2-tsdb.xml}', classes = '{}', contextInitializerClasses = '[]', activeProfiles = '{}', contextLoader = 'org.springframework.test.context.support.DelegatingSmartContextLoader', parent = [null]]]], class dirties context [false], class mode [null], method dirties context [false].
07:43:50.142 [main] DEBUG o.s.t.c.s.DirtiesContextTestExecutionListener - After test class: context [[TestContext@4c96de48 testClass = MemoryTableMeta_Random_DDL_Test, testInstance = [null], testMethod = [null], testException = [null], mergedContextConfiguration = [MergedContextConfiguration@2781feae testClass = MemoryTableMeta_Random_DDL_Test, locations = '{classpath:/tsdb/h2-tsdb.xml}', classes = '{}', contextInitializerClasses = '[]', activeProfiles = '{}', contextLoader = 'org.springframework.test.context.support.DelegatingSmartContextLoader', parent = [null]]]], dirtiesContext [false].
[[1;34mINFO[m] [1;32mTests run: [0;1;32m2[m, Failures: 0, Errors: 0, Skipped: 0, Time elapsed: 0.363 s - in com.alibaba.otter.canal.parse.inbound.mysql.tsdb.[1mMemoryTableMeta_Random_DDL_Test[m
[[1;34mINFO[m] Running com.alibaba.otter.canal.parse.inbound.mysql.tsdb.[1mTableMetaManagerTest[m
[[1;33mWARNING[m] [1;33mTests [0;1mrun: [0;1m1[m, Failures: 0, Errors: 0, [1;33mSkipped: [0;1;33m1[m, Time elapsed: 0 s - in com.alibaba.otter.canal.parse.inbound.mysql.tsdb.[1mTableMetaManagerTest[m
[[1;34mINFO[m] Running com.alibaba.otter.canal.parse.inbound.mysql.tsdb.[1mMetaSnapshotDAOTest[m
07:43:50.148 [main] DEBUG o.s.t.c.j.SpringJUnit4ClassRunner - SpringJUnit4ClassRunner constructor called with [class com.alibaba.otter.canal.parse.inbound.mysql.tsdb.MetaSnapshotDAOTest].
07:43:50.150 [main] DEBUG o.s.t.c.s.AbstractDelegatingSmartContextLoader - Delegating to GenericXmlContextLoader to process context configuration [ContextConfigurationAttributes@755cc0c9 declaringClass = 'com.alibaba.otter.canal.parse.inbound.mysql.tsdb.MetaSnapshotDAOTest', classes = '{}', locations = '{/tsdb/h2-tsdb.xml}', inheritLocations = true, initializers = '{}', inheritInitializers = true, name = [null], contextLoaderClass = 'org.springframework.test.context.ContextLoader'].
07:43:50.150 [main] DEBUG o.s.test.context.ContextLoaderUtils - Could not find an 'annotation declaring class' for annotation type [org.springframework.test.context.ActiveProfiles] and class [com.alibaba.otter.canal.parse.inbound.mysql.tsdb.MetaSnapshotDAOTest]
07:43:50.150 [main] DEBUG o.s.test.context.TestContextManager - @TestExecutionListeners is not present for class [com.alibaba.otter.canal.parse.inbound.mysql.tsdb.MetaSnapshotDAOTest]: using defaults.
07:43:50.151 [main] INFO  o.s.test.context.TestContextManager - Could not instantiate TestExecutionListener [org.springframework.test.context.web.ServletTestExecutionListener]. Specify custom listener classes or make the default listener classes (and their required dependencies) available. Offending class: [javax/servlet/ServletContext]
07:43:50.151 [main] DEBUG o.s.t.annotation.ProfileValueUtils - Retrieved @ProfileValueSourceConfiguration [null] for test class [com.alibaba.otter.canal.parse.inbound.mysql.tsdb.MetaSnapshotDAOTest]
07:43:50.151 [main] DEBUG o.s.t.annotation.ProfileValueUtils - Retrieved ProfileValueSource type [class org.springframework.test.annotation.SystemProfileValueSource] for class [com.alibaba.otter.canal.parse.inbound.mysql.tsdb.MetaSnapshotDAOTest]
07:43:50.151 [main] DEBUG o.s.t.annotation.ProfileValueUtils - Retrieved @ProfileValueSourceConfiguration [null] for test class [com.alibaba.otter.canal.parse.inbound.mysql.tsdb.MetaSnapshotDAOTest]
07:43:50.152 [main] DEBUG o.s.t.annotation.ProfileValueUtils - Retrieved ProfileValueSource type [class org.springframework.test.annotation.SystemProfileValueSource] for class [com.alibaba.otter.canal.parse.inbound.mysql.tsdb.MetaSnapshotDAOTest]
07:43:50.152 [main] DEBUG o.s.t.annotation.ProfileValueUtils - Retrieved @ProfileValueSourceConfiguration [null] for test class [com.alibaba.otter.canal.parse.inbound.mysql.tsdb.MetaSnapshotDAOTest]
07:43:50.152 [main] DEBUG o.s.t.annotation.ProfileValueUtils - Retrieved ProfileValueSource type [class org.springframework.test.annotation.SystemProfileValueSource] for class [com.alibaba.otter.canal.parse.inbound.mysql.tsdb.MetaSnapshotDAOTest]
[[1;33mWARNING[m] [1;33mTests [0;1mrun: [0;1m1[m, Failures: 0, Errors: 0, [1;33mSkipped: [0;1;33m1[m, Time elapsed: 0 s - in com.alibaba.otter.canal.parse.inbound.mysql.tsdb.[1mMetaSnapshotDAOTest[m
[[1;34mINFO[m] Running com.alibaba.otter.canal.parse.inbound.mysql.tsdb.[1mTableMetaManagerBuilderTest[m
[[1;33mWARNING[m] [1;33mTests [0;1mrun: [0;1m1[m, Failures: 0, Errors: 0, [1;33mSkipped: [0;1;33m1[m, Time elapsed: 0 s - in com.alibaba.otter.canal.parse.inbound.mysql.tsdb.[1mTableMetaManagerBuilderTest[m
[[1;34mINFO[m] Running com.alibaba.otter.canal.parse.inbound.mysql.tsdb.[1mMemoryTableMetaTest[m
[[1;33mWARNING[m] [1;33mTests [0;1mrun: [0;1m1[m, Failures: 0, Errors: 0, [1;33mSkipped: [0;1;33m1[m, Time elapsed: 0 s - in com.alibaba.otter.canal.parse.inbound.mysql.tsdb.[1mMemoryTableMetaTest[m
[[1;34mINFO[m] Running com.alibaba.otter.canal.parse.inbound.mysql.tsdb.[1mFastsqlSchemaTest[m
CREATE TABLE quniya4 (
	id int NOT NULL,
	name varchar(255) NULL,
	value varchar(255) NULL,
	PRIMARY KEY (id)
)
[[1;34mINFO[m] [1;32mTests run: [0;1;32m1[m, Failures: 0, Errors: 0, Skipped: 0, Time elapsed: 0.008 s - in com.alibaba.otter.canal.parse.inbound.mysql.tsdb.[1mFastsqlSchemaTest[m
[[1;34mINFO[m] Running com.alibaba.otter.canal.parse.inbound.mysql.[1mRdsLocalBinlogDumpTest[m
[[1;33mWARNING[m] [1;33mTests [0;1mrun: [0;1m1[m, Failures: 0, Errors: 0, [1;33mSkipped: [0;1;33m1[m, Time elapsed: 0 s - in com.alibaba.otter.canal.parse.inbound.mysql.[1mRdsLocalBinlogDumpTest[m
[[1;34mINFO[m] Running com.alibaba.otter.canal.parse.inbound.mysql.[1mDruidDdlParserTest[m
[[1;34mINFO[m] [1;32mTests run: [0;1;32m7[m, Failures: 0, Errors: 0, Skipped: 0, Time elapsed: 0.055 s - in com.alibaba.otter.canal.parse.inbound.mysql.[1mDruidDdlParserTest[m
[[1;34mINFO[m] Running com.alibaba.otter.canal.parse.inbound.mysql.[1mRdsBinlogOpenApiTest[m
[[1;33mWARNING[m] [1;33mTests [0;1mrun: [0;1m1[m, Failures: 0, Errors: 0, [1;33mSkipped: [0;1;33m1[m, Time elapsed: 0.001 s - in com.alibaba.otter.canal.parse.inbound.mysql.[1mRdsBinlogOpenApiTest[m
[[1;34mINFO[m] Running com.alibaba.otter.canal.parse.inbound.mysql.[1mMysqlEventParserTest[m
[[1;33mWARNING[m] [1;33mTests [0;1mrun: [0;1m1[m, Failures: 0, Errors: 0, [1;33mSkipped: [0;1;33m1[m, Time elapsed: 0 s - in com.alibaba.otter.canal.parse.inbound.mysql.[1mMysqlEventParserTest[m
[[1;34mINFO[m] Running com.alibaba.otter.canal.parse.inbound.mysql.[1mRdsBinlogEventParserProxyTest[m
[[1;33mWARNING[m] [1;33mTests [0;1mrun: [0;1m1[m, Failures: 0, Errors: 0, [1;33mSkipped: [0;1;33m1[m, Time elapsed: 0 s - in com.alibaba.otter.canal.parse.inbound.mysql.[1mRdsBinlogEventParserProxyTest[m
[[1;34mINFO[m] Running com.alibaba.otter.canal.parse.inbound.mysql.[1mLocalBinlogDumpTest[m
[[1;33mWARNING[m] [1;33mTests [0;1mrun: [0;1m1[m, Failures: 0, Errors: 0, [1;33mSkipped: [0;1;33m1[m, Time elapsed: 0 s - in com.alibaba.otter.canal.parse.inbound.mysql.[1mLocalBinlogDumpTest[m
[[1;34mINFO[m] Running com.alibaba.otter.canal.parse.inbound.mysql.[1mSimpleDdlParserTest[m
[[1;33mWARNING[m] [1;33mTests [0;1mrun: [0;1m1[m, Failures: 0, Errors: 0, [1;33mSkipped: [0;1;33m1[m, Time elapsed: 0 s - in com.alibaba.otter.canal.parse.inbound.mysql.[1mSimpleDdlParserTest[m
[[1;34mINFO[m] Running com.alibaba.otter.canal.parse.inbound.mysql.[1mMysqlDumpTest[m
[[1;33mWARNING[m] [1;33mTests [0;1mrun: [0;1m1[m, Failures: 0, Errors: 0, [1;33mSkipped: [0;1;33m1[m, Time elapsed: 0 s - in com.alibaba.otter.canal.parse.inbound.mysql.[1mMysqlDumpTest[m
[[1;34mINFO[m] Running com.alibaba.otter.canal.parse.inbound.mysql.[1mLocalBinlogEventParserTest[m
[[1;33mWARNING[m] [1;33mTests [0;1mrun: [0;1m1[m, Failures: 0, Errors: 0, [1;33mSkipped: [0;1;33m1[m, Time elapsed: 0 s - in com.alibaba.otter.canal.parse.inbound.mysql.[1mLocalBinlogEventParserTest[m
[[1;34mINFO[m] Running com.alibaba.otter.canal.parse.inbound.group.[1mGroupEventPaserTest[m
[[1;33mWARNING[m] [1;33mTests [0;1mrun: [0;1m1[m, Failures: 0, Errors: 0, [1;33mSkipped: [0;1;33m1[m, Time elapsed: 0 s - in com.alibaba.otter.canal.parse.inbound.group.[1mGroupEventPaserTest[m
[[1;34mINFO[m] Running com.alibaba.otter.canal.parse.inbound.[1mEventTransactionBufferTest[m

>>>>>>>>>>>>>>>>>>>>>>>>>>>>>>>>
main [1:1:1970-01-01 00:00:00] .
main [1:2:1970-01-01 00:00:00] .
main [1:3:1970-01-01 00:00:00] .
main [1:4:1970-01-01 00:00:00] .
main [1:5:1970-01-01 00:00:00] .
main [1:6:1970-01-01 00:00:00] .
main [1:7:1970-01-01 00:00:00] .
main [1:8:1970-01-01 00:00:00] .
main [1:9:1970-01-01 00:00:00] .
main [1:10:1970-01-01 00:00:00] .
main [1:11:1970-01-01 00:00:00] .
main [1:12:1970-01-01 00:00:00] .
main [1:13:1970-01-01 00:00:00] .
main [1:14:1970-01-01 00:00:00] .
main [1:15:1970-01-01 00:00:00] .
main [1:16:1970-01-01 00:00:00] .
main [1:17:1970-01-01 00:00:00] .
main [1:18:1970-01-01 00:00:00] .
main [1:19:1970-01-01 00:00:00] .
main [1:20:1970-01-01 00:00:00] .
main [1:21:1970-01-01 00:00:00] .
main [1:22:1970-01-01 00:00:00] .
main [1:23:1970-01-01 00:00:00] .
main [1:24:1970-01-01 00:00:00] .
main [1:25:1970-01-01 00:00:00] .
main [1:26:1970-01-01 00:00:00] .
main [1:27:1970-01-01 00:00:00] .
main [1:28:1970-01-01 00:00:00] .
main [1:29:1970-01-01 00:00:00] .
main [1:30:1970-01-01 00:00:00] .
main [1:31:1970-01-01 00:00:00] .
main [1:32:1970-01-01 00:00:00] .
main [1:33:1970-01-01 00:00:00] .
main [1:34:1970-01-01 00:00:00] .
main [1:35:1970-01-01 00:00:00] .
main [1:36:1970-01-01 00:00:00] .
main [1:37:1970-01-01 00:00:00] .
main [1:38:1970-01-01 00:00:00] .
main [1:39:1970-01-01 00:00:00] .
main [1:40:1970-01-01 00:00:00] .
main [1:41:1970-01-01 00:00:00] .
main [1:42:1970-01-01 00:00:00] .
main [1:43:1970-01-01 00:00:00] .
main [1:44:1970-01-01 00:00:00] .
main [1:45:1970-01-01 00:00:00] .
main [1:46:1970-01-01 00:00:00] .
main [1:47:1970-01-01 00:00:00] .
main [1:48:1970-01-01 00:00:00] .
main [1:49:1970-01-01 00:00:00] .
main [1:50:1970-01-01 00:00:00] .
main [1:51:1970-01-01 00:00:00] .
main [1:52:1970-01-01 00:00:00] .
main [1:53:1970-01-01 00:00:00] .
main [1:54:1970-01-01 00:00:00] .
main [1:55:1970-01-01 00:00:00] .
main [1:56:1970-01-01 00:00:00] .
main [1:57:1970-01-01 00:00:00] .
main [1:58:1970-01-01 00:00:00] .
main [1:59:1970-01-01 00:00:00] .
main [1:60:1970-01-01 00:00:00] .
main [1:61:1970-01-01 00:00:00] .
main [1:62:1970-01-01 00:00:00] .
main [1:63:1970-01-01 00:00:00] .
main [1:64:1970-01-01 00:00:00] .
<<<<<<<<<<<<<<<<<<<<<<<<<<<<<<<<<


>>>>>>>>>>>>>>>>>>>>>>>>>>>>>>>>
main [1:65:1970-01-01 00:00:00] .
main [1:66:1970-01-01 00:00:00] .
main [1:67:1970-01-01 00:00:00] .
main [1:68:1970-01-01 00:00:00] .
main [1:69:1970-01-01 00:00:00] .
main [1:70:1970-01-01 00:00:00] .
main [1:71:1970-01-01 00:00:00] .
main [1:72:1970-01-01 00:00:00] .
main [1:73:1970-01-01 00:00:00] .
main [1:74:1970-01-01 00:00:00] .
main [1:75:1970-01-01 00:00:00] .
main [1:76:1970-01-01 00:00:00] .
main [1:77:1970-01-01 00:00:00] .
main [1:78:1970-01-01 00:00:00] .
main [1:79:1970-01-01 00:00:00] .
main [1:80:1970-01-01 00:00:00] .
main [1:81:1970-01-01 00:00:00] .
main [1:82:1970-01-01 00:00:00] .
main [1:83:1970-01-01 00:00:00] .
main [1:84:1970-01-01 00:00:00] .
main [1:85:1970-01-01 00:00:00] .
main [1:86:1970-01-01 00:00:00] .
main [1:87:1970-01-01 00:00:00] .
main [1:88:1970-01-01 00:00:00] .
main [1:89:1970-01-01 00:00:00] .
main [1:90:1970-01-01 00:00:00] .
main [1:91:1970-01-01 00:00:00] .
main [1:92:1970-01-01 00:00:00] .
main [1:93:1970-01-01 00:00:00] .
main [1:94:1970-01-01 00:00:00] .
main [1:95:1970-01-01 00:00:00] .
main [1:96:1970-01-01 00:00:00] .
main [1:97:1970-01-01 00:00:00] .
main [1:98:1970-01-01 00:00:00] .
main [1:99:1970-01-01 00:00:00] .
main [1:100:1970-01-01 00:00:00] .
main [1:101:1970-01-01 00:00:00] .
main [1:102:1970-01-01 00:00:00] .
main [1:103:1970-01-01 00:00:00] .
main [1:104:1970-01-01 00:00:00] .
main [1:105:1970-01-01 00:00:00] .
main [1:106:1970-01-01 00:00:00] .
main [1:107:1970-01-01 00:00:00] .
main [1:108:1970-01-01 00:00:00] .
main [1:109:1970-01-01 00:00:00] .
main [1:110:1970-01-01 00:00:00] .
main [1:111:1970-01-01 00:00:00] .
main [1:112:1970-01-01 00:00:00] .
main [1:113:1970-01-01 00:00:00] .
main [1:114:1970-01-01 00:00:00] .
main [1:115:1970-01-01 00:00:00] .
main [1:116:1970-01-01 00:00:00] .
main [1:117:1970-01-01 00:00:00] .
main [1:118:1970-01-01 00:00:00] .
main [1:119:1970-01-01 00:00:00] .
main [1:120:1970-01-01 00:00:00] .
main [1:121:1970-01-01 00:00:00] .
main [1:122:1970-01-01 00:00:00] .
main [1:123:1970-01-01 00:00:00] .
main [1:124:1970-01-01 00:00:00] .
main [1:125:1970-01-01 00:00:00] .
main [1:126:1970-01-01 00:00:00] .
main [1:127:1970-01-01 00:00:00] .
main [1:128:1970-01-01 00:00:00] .
<<<<<<<<<<<<<<<<<<<<<<<<<<<<<<<<<


>>>>>>>>>>>>>>>>>>>>>>>>>>>>>>>>
TRANSACTIONBEGIN
main [1:2:1970-01-01 00:00:00] .
main [1:3:1970-01-01 00:00:00] .
main [1:4:1970-01-01 00:00:00] .
TRANSACTIONEND
<<<<<<<<<<<<<<<<<<<<<<<<<<<<<<<<<


>>>>>>>>>>>>>>>>>>>>>>>>>>>>>>>>
TRANSACTIONBEGIN
main [1:7:1970-01-01 00:00:00] .
main [1:8:1970-01-01 00:00:00] .
main [1:9:1970-01-01 00:00:00] .
TRANSACTIONEND
<<<<<<<<<<<<<<<<<<<<<<<<<<<<<<<<<


>>>>>>>>>>>>>>>>>>>>>>>>>>>>>>>>
TRANSACTIONBEGIN
main [1:12:1970-01-01 00:00:00] .
main [1:13:1970-01-01 00:00:00] .
main [1:14:1970-01-01 00:00:00] .
TRANSACTIONEND
<<<<<<<<<<<<<<<<<<<<<<<<<<<<<<<<<


>>>>>>>>>>>>>>>>>>>>>>>>>>>>>>>>
TRANSACTIONBEGIN
main [1:17:1970-01-01 00:00:00] .
main [1:18:1970-01-01 00:00:00] .
main [1:19:1970-01-01 00:00:00] .
TRANSACTIONEND
<<<<<<<<<<<<<<<<<<<<<<<<<<<<<<<<<


>>>>>>>>>>>>>>>>>>>>>>>>>>>>>>>>
TRANSACTIONBEGIN
main [1:22:1970-01-01 00:00:00] .
main [1:23:1970-01-01 00:00:00] .
main [1:24:1970-01-01 00:00:00] .
TRANSACTIONEND
<<<<<<<<<<<<<<<<<<<<<<<<<<<<<<<<<


>>>>>>>>>>>>>>>>>>>>>>>>>>>>>>>>
TRANSACTIONBEGIN
main [1:27:1970-01-01 00:00:00] .
main [1:28:1970-01-01 00:00:00] .
main [1:29:1970-01-01 00:00:00] .
TRANSACTIONEND
<<<<<<<<<<<<<<<<<<<<<<<<<<<<<<<<<


>>>>>>>>>>>>>>>>>>>>>>>>>>>>>>>>
TRANSACTIONBEGIN
main [1:32:1970-01-01 00:00:00] .
main [1:33:1970-01-01 00:00:00] .
main [1:34:1970-01-01 00:00:00] .
TRANSACTIONEND
<<<<<<<<<<<<<<<<<<<<<<<<<<<<<<<<<


>>>>>>>>>>>>>>>>>>>>>>>>>>>>>>>>
TRANSACTIONBEGIN
main [1:37:1970-01-01 00:00:00] .
main [1:38:1970-01-01 00:00:00] .
main [1:39:1970-01-01 00:00:00] .
TRANSACTIONEND
<<<<<<<<<<<<<<<<<<<<<<<<<<<<<<<<<


>>>>>>>>>>>>>>>>>>>>>>>>>>>>>>>>
TRANSACTIONBEGIN
main [1:42:1970-01-01 00:00:00] .
main [1:43:1970-01-01 00:00:00] .
main [1:44:1970-01-01 00:00:00] .
TRANSACTIONEND
<<<<<<<<<<<<<<<<<<<<<<<<<<<<<<<<<


>>>>>>>>>>>>>>>>>>>>>>>>>>>>>>>>
TRANSACTIONBEGIN
main [1:47:1970-01-01 00:00:00] .
main [1:48:1970-01-01 00:00:00] .
main [1:49:1970-01-01 00:00:00] .
TRANSACTIONEND
<<<<<<<<<<<<<<<<<<<<<<<<<<<<<<<<<

[[1;34mINFO[m] [1;32mTests run: [0;1;32m2[m, Failures: 0, Errors: 0, Skipped: 0, Time elapsed: 0.064 s - in com.alibaba.otter.canal.parse.inbound.[1mEventTransactionBufferTest[m
[[1;34mINFO[m] Running com.alibaba.otter.canal.parse.inbound.[1mTableMetaCacheTest[m
[[1;33mWARNING[m] [1;33mTests [0;1mrun: [0;1m1[m, Failures: 0, Errors: 0, [1;33mSkipped: [0;1;33m1[m, Time elapsed: 0 s - in com.alibaba.otter.canal.parse.inbound.[1mTableMetaCacheTest[m
[[1;34mINFO[m] Running com.alibaba.otter.canal.parse.index.[1mFileMixedLogPositionManagerTest[m
[[1;33mWARNING[m] [1;33mTests [0;1mrun: [0;1m1[m, Failures: 0, Errors: 0, [1;33mSkipped: [0;1;33m1[m, Time elapsed: 0.001 s - in com.alibaba.otter.canal.parse.index.[1mFileMixedLogPositionManagerTest[m
[[1;34mINFO[m] Running com.alibaba.otter.canal.parse.index.[1mZooKeeperLogPositionManagerTest[m
[[1;33mWARNING[m] [1;33mTests [0;1mrun: [0;1m1[m, Failures: 0, Errors: 0, [1;33mSkipped: [0;1;33m1[m, Time elapsed: 0.004 s - in com.alibaba.otter.canal.parse.index.[1mZooKeeperLogPositionManagerTest[m
[[1;34mINFO[m] Running com.alibaba.otter.canal.parse.index.[1mMetaLogPositionManagerTest[m
[[1;33mWARNING[m] [1;33mTests [0;1mrun: [0;1m1[m, Failures: 0, Errors: 0, [1;33mSkipped: [0;1;33m1[m, Time elapsed: 0 s - in com.alibaba.otter.canal.parse.index.[1mMetaLogPositionManagerTest[m
[[1;34mINFO[m] Running com.alibaba.otter.canal.parse.index.[1mPeriodMixedLogPositionManagerTest[m
[[1;33mWARNING[m] [1;33mTests [0;1mrun: [0;1m1[m, Failures: 0, Errors: 0, [1;33mSkipped: [0;1;33m1[m, Time elapsed: 0 s - in com.alibaba.otter.canal.parse.index.[1mPeriodMixedLogPositionManagerTest[m
[[1;34mINFO[m] Running com.alibaba.otter.canal.parse.index.[1mMixedLogPositionManagerTest[m
[[1;33mWARNING[m] [1;33mTests [0;1mrun: [0;1m1[m, Failures: 0, Errors: 0, [1;33mSkipped: [0;1;33m1[m, Time elapsed: 0 s - in com.alibaba.otter.canal.parse.index.[1mMixedLogPositionManagerTest[m
[[1;34mINFO[m] Running com.alibaba.otter.canal.parse.index.[1mMemoryLogPositionManagerTest[m
[[1;33mWARNING[m] [1;33mTests [0;1mrun: [0;1m1[m, Failures: 0, Errors: 0, [1;33mSkipped: [0;1;33m1[m, Time elapsed: 0 s - in com.alibaba.otter.canal.parse.index.[1mMemoryLogPositionManagerTest[m
07:43:50.338 [Thread-2] INFO  o.s.c.s.GenericApplicationContext - Closing org.springframework.context.support.GenericApplicationContext@71926a36: startup date [Wed Jun 22 07:43:47 UTC 2022]; root of context hierarchy
07:43:50.340 [Thread-2] DEBUG o.s.b.f.s.DefaultListableBeanFactory - Returning cached instance of singleton bean 'lifecycleProcessor'
07:43:50.340 [Thread-2] INFO  o.s.b.f.s.DefaultListableBeanFactory - Destroying singletons in org.springframework.beans.factory.support.DefaultListableBeanFactory@55d8c2c4: defining beans [tableMetaTSDB,dataSource,sqlMapClient,metaHistoryDAO,metaSnapshotDAO,org.springframework.context.annotation.internalConfigurationAnnotationProcessor,org.springframework.context.annotation.internalAutowiredAnnotationProcessor,org.springframework.context.annotation.internalRequiredAnnotationProcessor,org.springframework.context.annotation.internalCommonAnnotationProcessor,org.springframework.context.annotation.ConfigurationClassPostProcessor.importAwareProcessor]; root of factory hierarchy
07:43:50.340 [Thread-2] DEBUG o.s.b.f.s.DisposableBeanAdapter - Invoking destroy method 'destory' on bean with name 'tableMetaTSDB'
07:43:50.341 [Thread-2] DEBUG o.s.b.f.s.DisposableBeanAdapter - Invoking destroy method 'close' on bean with name 'dataSource'
07:43:50.388 [Thread-2] INFO  c.alibaba.druid.pool.DruidDataSource - {dataSource-1} closed
[[1;34mINFO[m] 
[[1;34mINFO[m] Results:
[[1;34mINFO[m] 
[[1;33mWARNING[m] [1;33mTests run: 38, Failures: 0, Errors: 0, Skipped: 22[m
[[1;34mINFO[m] 
[[1;34mINFO[m] 
[[1;34mINFO[m] [1m--- [0;32mmaven-jar-plugin:3.0.2:jar[m [1m(default-jar)[m @ [36mcanal.parse[0;1m ---[m
[[1;34mINFO[m] Building jar: /home/travis/build/failed/alibaba/canal/parse/target/canal.parse-1.1.4-SNAPSHOT.jar
[[1;34mINFO[m] 
[[1;34mINFO[m] [1m>>> [0;32mmaven-source-plugin:2.4:jar[m [1m(attach-sources)[0;1m > [0;1mgenerate-sources[m @ [36mcanal.parse[0;1m >>>[m
[[1;34mINFO[m] 
[[1;34mINFO[m] [1m--- [0;32mmaven-enforcer-plugin:1.0:enforce[m [1m(enforce-maven)[m @ [36mcanal.parse[0;1m ---[m
[[1;34mINFO[m] 
[[1;34mINFO[m] [1m--- [0;32mjacoco-maven-plugin:0.8.3:prepare-agent[m [1m(jacoco-initialize)[m @ [36mcanal.parse[0;1m ---[m
[[1;34mINFO[m] jacocoArgLine set to -javaagent:/home/travis/.m2/repository/org/jacoco/org.jacoco.agent/0.8.3/org.jacoco.agent-0.8.3-runtime.jar=destfile=/home/travis/build/failed/alibaba/canal/parse/target/jacoco.exec
[[1;34mINFO[m] 
[[1;34mINFO[m] [1m<<< [0;32mmaven-source-plugin:2.4:jar[m [1m(attach-sources)[0;1m < [0;1mgenerate-sources[m @ [36mcanal.parse[0;1m <<<[m
[[1;34mINFO[m] 
[[1;34mINFO[m] 
[[1;34mINFO[m] [1m--- [0;32mmaven-source-plugin:2.4:jar[m [1m(attach-sources)[m @ [36mcanal.parse[0;1m ---[m
[[1;34mINFO[m] Building jar: /home/travis/build/failed/alibaba/canal/parse/target/canal.parse-1.1.4-SNAPSHOT-sources.jar
[[1;34mINFO[m] 
[[1;34mINFO[m] [1m--- [0;32mmaven-javadoc-plugin:2.9.1:jar[m [1m(attach-javadocs)[m @ [36mcanal.parse[0;1m ---[m
[[1;34mINFO[m] Skipping javadoc generation
[[1;34mINFO[m] 
[[1;34mINFO[m] [1m--- [0;32mjacoco-maven-plugin:0.8.3:report-aggregate[m [1m(report-aggregate)[m @ [36mcanal.parse[0;1m ---[m
[[1;34mINFO[m] Loading execution data file /home/travis/build/failed/alibaba/canal/parse/target/jacoco.exec
[[1;34mINFO[m] Loading execution data file /home/travis/build/failed/alibaba/canal/common/target/jacoco.exec
[[1;34mINFO[m] Loading execution data file /home/travis/build/failed/alibaba/canal/meta/target/jacoco.exec
[[1;34mINFO[m] Loading execution data file /home/travis/build/failed/alibaba/canal/sink/target/jacoco.exec
[[1;34mINFO[m] Loading execution data file /home/travis/build/failed/alibaba/canal/dbsync/target/jacoco.exec
[[1;34mINFO[m] Loading execution data file /home/travis/build/failed/alibaba/canal/filter/target/jacoco.exec
[[1;34mINFO[m] Loading execution data file /home/travis/build/failed/alibaba/canal/driver/target/jacoco.exec
[[1;34mINFO[m] Analyzed bundle 'canal.common' with 28 classes
[[1;34mINFO[m] Analyzed bundle 'canal.protocol' with 131 classes
[[1;34mINFO[m] Analyzed bundle 'canal.meta' with 36 classes
[[1;34mINFO[m] Analyzed bundle 'canal.sink' with 9 classes
[[1;34mINFO[m] Analyzed bundle 'canal.parse.dbsync' with 54 classes
[[1;34mINFO[m] Analyzed bundle 'canal.filter' with 8 classes
[[1;34mINFO[m] Analyzed bundle 'canal.parse.driver' with 44 classes
[[1;34mINFO[m] 
[[1;34mINFO[m] [1m--- [0;32mmaven-install-plugin:2.4:install[m [1m(default-install)[m @ [36mcanal.parse[0;1m ---[m
[[1;34mINFO[m] Installing /home/travis/build/failed/alibaba/canal/parse/target/canal.parse-1.1.4-SNAPSHOT.jar to /home/travis/.m2/repository/com/alibaba/otter/canal.parse/1.1.4-SNAPSHOT/canal.parse-1.1.4-SNAPSHOT.jar
[[1;34mINFO[m] Installing /home/travis/build/failed/alibaba/canal/parse/pom.xml to /home/travis/.m2/repository/com/alibaba/otter/canal.parse/1.1.4-SNAPSHOT/canal.parse-1.1.4-SNAPSHOT.pom
[[1;34mINFO[m] Installing /home/travis/build/failed/alibaba/canal/parse/target/canal.parse-1.1.4-SNAPSHOT-sources.jar to /home/travis/.m2/repository/com/alibaba/otter/canal.parse/1.1.4-SNAPSHOT/canal.parse-1.1.4-SNAPSHOT-sources.jar
[[1;34mINFO[m] 
[[1;34mINFO[m] [1m------------------------------------------------------------------------[m
[[1;34mINFO[m] [1mBuilding canal instance core module for otter 1.1.4-SNAPSHOT 1.1.4-SNAPSHOT[m
[[1;34mINFO[m] [1m------------------------------------------------------------------------[m
[[1;34mINFO[m] 
[[1;34mINFO[m] [1m--- [0;32mmaven-clean-plugin:2.5:clean[m [1m(default-clean)[m @ [36mcanal.instance.core[0;1m ---[m
[[1;34mINFO[m] 
[[1;34mINFO[m] [1m--- [0;32mmaven-enforcer-plugin:1.0:enforce[m [1m(enforce-maven)[m @ [36mcanal.instance.core[0;1m ---[m
[[1;34mINFO[m] 
[[1;34mINFO[m] [1m--- [0;32mjacoco-maven-plugin:0.8.3:prepare-agent[m [1m(jacoco-initialize)[m @ [36mcanal.instance.core[0;1m ---[m
[[1;34mINFO[m] jacocoArgLine set to -javaagent:/home/travis/.m2/repository/org/jacoco/org.jacoco.agent/0.8.3/org.jacoco.agent-0.8.3-runtime.jar=destfile=/home/travis/build/failed/alibaba/canal/instance/core/target/jacoco.exec
[[1;34mINFO[m] 
[[1;34mINFO[m] [1m--- [0;32mmaven-resources-plugin:2.6:resources[m [1m(default-resources)[m @ [36mcanal.instance.core[0;1m ---[m
[[1;34mINFO[m] Using 'UTF-8' encoding to copy filtered resources.
[[1;34mINFO[m] skip non existing resourceDirectory /home/travis/build/failed/alibaba/canal/instance/core/src/main/resources
[[1;34mINFO[m] 
[[1;34mINFO[m] [1m--- [0;32mmaven-compiler-plugin:3.7.0:compile[m [1m(default-compile)[m @ [36mcanal.instance.core[0;1m ---[m
[[1;34mINFO[m] Changes detected - recompiling the module!
[[1;34mINFO[m] Compiling 4 source files to /home/travis/build/failed/alibaba/canal/instance/core/target/classes
[[1;34mINFO[m] 
[[1;34mINFO[m] [1m--- [0;32mmaven-resources-plugin:2.6:testResources[m [1m(default-testResources)[m @ [36mcanal.instance.core[0;1m ---[m
[[1;34mINFO[m] Using 'UTF-8' encoding to copy filtered resources.
[[1;34mINFO[m] skip non existing resourceDirectory /home/travis/build/failed/alibaba/canal/instance/core/src/test/resources
[[1;34mINFO[m] 
[[1;34mINFO[m] [1m--- [0;32mmaven-compiler-plugin:3.7.0:testCompile[m [1m(default-testCompile)[m @ [36mcanal.instance.core[0;1m ---[m
[[1;34mINFO[m] No sources to compile
[[1;34mINFO[m] 
[[1;34mINFO[m] [1m--- [0;32mmaven-surefire-plugin:2.22.1:test[m [1m(default-test)[m @ [36mcanal.instance.core[0;1m ---[m
[[1;34mINFO[m] No tests to run.
[[1;34mINFO[m] 
[[1;34mINFO[m] [1m--- [0;32mmaven-jar-plugin:3.0.2:jar[m [1m(default-jar)[m @ [36mcanal.instance.core[0;1m ---[m
[[1;34mINFO[m] Building jar: /home/travis/build/failed/alibaba/canal/instance/core/target/canal.instance.core-1.1.4-SNAPSHOT.jar
[[1;34mINFO[m] 
[[1;34mINFO[m] [1m>>> [0;32mmaven-source-plugin:2.4:jar[m [1m(attach-sources)[0;1m > [0;1mgenerate-sources[m @ [36mcanal.instance.core[0;1m >>>[m
[[1;34mINFO[m] 
[[1;34mINFO[m] [1m--- [0;32mmaven-enforcer-plugin:1.0:enforce[m [1m(enforce-maven)[m @ [36mcanal.instance.core[0;1m ---[m
[[1;34mINFO[m] 
[[1;34mINFO[m] [1m--- [0;32mjacoco-maven-plugin:0.8.3:prepare-agent[m [1m(jacoco-initialize)[m @ [36mcanal.instance.core[0;1m ---[m
[[1;34mINFO[m] jacocoArgLine set to -javaagent:/home/travis/.m2/repository/org/jacoco/org.jacoco.agent/0.8.3/org.jacoco.agent-0.8.3-runtime.jar=destfile=/home/travis/build/failed/alibaba/canal/instance/core/target/jacoco.exec
[[1;34mINFO[m] 
[[1;34mINFO[m] [1m<<< [0;32mmaven-source-plugin:2.4:jar[m [1m(attach-sources)[0;1m < [0;1mgenerate-sources[m @ [36mcanal.instance.core[0;1m <<<[m
[[1;34mINFO[m] 
[[1;34mINFO[m] 
[[1;34mINFO[m] [1m--- [0;32mmaven-source-plugin:2.4:jar[m [1m(attach-sources)[m @ [36mcanal.instance.core[0;1m ---[m
[[1;34mINFO[m] Building jar: /home/travis/build/failed/alibaba/canal/instance/core/target/canal.instance.core-1.1.4-SNAPSHOT-sources.jar
[[1;34mINFO[m] 
[[1;34mINFO[m] [1m--- [0;32mmaven-javadoc-plugin:2.9.1:jar[m [1m(attach-javadocs)[m @ [36mcanal.instance.core[0;1m ---[m
[[1;34mINFO[m] Skipping javadoc generation
[[1;34mINFO[m] 
[[1;34mINFO[m] [1m--- [0;32mjacoco-maven-plugin:0.8.3:report-aggregate[m [1m(report-aggregate)[m @ [36mcanal.instance.core[0;1m ---[m
[[1;34mINFO[m] Loading execution data file /home/travis/build/failed/alibaba/canal/common/target/jacoco.exec
[[1;34mINFO[m] Loading execution data file /home/travis/build/failed/alibaba/canal/store/target/jacoco.exec
[[1;34mINFO[m] Loading execution data file /home/travis/build/failed/alibaba/canal/meta/target/jacoco.exec
[[1;34mINFO[m] Loading execution data file /home/travis/build/failed/alibaba/canal/parse/target/jacoco.exec
[[1;34mINFO[m] Analyzed bundle 'canal.common' with 28 classes
[[1;34mINFO[m] Analyzed bundle 'canal.store' with 10 classes
[[1;34mINFO[m] Analyzed bundle 'canal.meta' with 36 classes
[[1;34mINFO[m] Analyzed bundle 'canal.parse' with 100 classes
[[1;34mINFO[m] 
[[1;34mINFO[m] [1m--- [0;32mmaven-install-plugin:2.4:install[m [1m(default-install)[m @ [36mcanal.instance.core[0;1m ---[m
[[1;34mINFO[m] Installing /home/travis/build/failed/alibaba/canal/instance/core/target/canal.instance.core-1.1.4-SNAPSHOT.jar to /home/travis/.m2/repository/com/alibaba/otter/canal.instance.core/1.1.4-SNAPSHOT/canal.instance.core-1.1.4-SNAPSHOT.jar
[[1;34mINFO[m] Installing /home/travis/build/failed/alibaba/canal/instance/core/pom.xml to /home/travis/.m2/repository/com/alibaba/otter/canal.instance.core/1.1.4-SNAPSHOT/canal.instance.core-1.1.4-SNAPSHOT.pom
[[1;34mINFO[m] Installing /home/travis/build/failed/alibaba/canal/instance/core/target/canal.instance.core-1.1.4-SNAPSHOT-sources.jar to /home/travis/.m2/repository/com/alibaba/otter/canal.instance.core/1.1.4-SNAPSHOT/canal.instance.core-1.1.4-SNAPSHOT-sources.jar
[[1;34mINFO[m] 
[[1;34mINFO[m] [1m------------------------------------------------------------------------[m
[[1;34mINFO[m] [1mBuilding canal instance spring module for otter 1.1.4-SNAPSHOT 1.1.4-SNAPSHOT[m
[[1;34mINFO[m] [1m------------------------------------------------------------------------[m
[[1;34mINFO[m] 
[[1;34mINFO[m] [1m--- [0;32mmaven-clean-plugin:2.5:clean[m [1m(default-clean)[m @ [36mcanal.instance.spring[0;1m ---[m
[[1;34mINFO[m] 
[[1;34mINFO[m] [1m--- [0;32mmaven-enforcer-plugin:1.0:enforce[m [1m(enforce-maven)[m @ [36mcanal.instance.spring[0;1m ---[m
[[1;34mINFO[m] 
[[1;34mINFO[m] [1m--- [0;32mjacoco-maven-plugin:0.8.3:prepare-agent[m [1m(jacoco-initialize)[m @ [36mcanal.instance.spring[0;1m ---[m
[[1;34mINFO[m] jacocoArgLine set to -javaagent:/home/travis/.m2/repository/org/jacoco/org.jacoco.agent/0.8.3/org.jacoco.agent-0.8.3-runtime.jar=destfile=/home/travis/build/failed/alibaba/canal/instance/spring/target/jacoco.exec
[[1;34mINFO[m] 
[[1;34mINFO[m] [1m--- [0;32mmaven-resources-plugin:2.6:resources[m [1m(default-resources)[m @ [36mcanal.instance.spring[0;1m ---[m
[[1;34mINFO[m] Using 'UTF-8' encoding to copy filtered resources.
[[1;34mINFO[m] skip non existing resourceDirectory /home/travis/build/failed/alibaba/canal/instance/spring/src/main/resources
[[1;34mINFO[m] 
[[1;34mINFO[m] [1m--- [0;32mmaven-compiler-plugin:3.7.0:compile[m [1m(default-compile)[m @ [36mcanal.instance.spring[0;1m ---[m
[[1;34mINFO[m] Changes detected - recompiling the module!
[[1;34mINFO[m] Compiling 4 source files to /home/travis/build/failed/alibaba/canal/instance/spring/target/classes
[[1;34mINFO[m] 
[[1;34mINFO[m] [1m--- [0;32mmaven-resources-plugin:2.6:testResources[m [1m(default-testResources)[m @ [36mcanal.instance.spring[0;1m ---[m
[[1;34mINFO[m] Using 'UTF-8' encoding to copy filtered resources.
[[1;34mINFO[m] Copying 6 resources
[[1;34mINFO[m] 
[[1;34mINFO[m] [1m--- [0;32mmaven-compiler-plugin:3.7.0:testCompile[m [1m(default-testCompile)[m @ [36mcanal.instance.spring[0;1m ---[m
[[1;34mINFO[m] Changes detected - recompiling the module!
[[1;34mINFO[m] Compiling 3 source files to /home/travis/build/failed/alibaba/canal/instance/spring/target/test-classes
[[1;34mINFO[m] 
[[1;34mINFO[m] [1m--- [0;32mmaven-surefire-plugin:2.22.1:test[m [1m(default-test)[m @ [36mcanal.instance.spring[0;1m ---[m
[[1;34mINFO[m] 
[[1;34mINFO[m] -------------------------------------------------------
[[1;34mINFO[m]  T E S T S
[[1;34mINFO[m] -------------------------------------------------------
[[1;34mINFO[m] Running com.alibaba.otter.canal.instance.spring.integrated.[1mGroupSpringInstanceTest[m
[[1;33mWARNING[m] [1;33mTests [0;1mrun: [0;1m1[m, Failures: 0, Errors: 0, [1;33mSkipped: [0;1;33m1[m, Time elapsed: 0.02 s - in com.alibaba.otter.canal.instance.spring.integrated.[1mGroupSpringInstanceTest[m
[[1;34mINFO[m] Running com.alibaba.otter.canal.instance.spring.integrated.[1mMemorySpringInstanceTest[m
[[1;33mWARNING[m] [1;33mTests [0;1mrun: [0;1m1[m, Failures: 0, Errors: 0, [1;33mSkipped: [0;1;33m1[m, Time elapsed: 0 s - in com.alibaba.otter.canal.instance.spring.integrated.[1mMemorySpringInstanceTest[m
[[1;34mINFO[m] Running com.alibaba.otter.canal.instance.spring.integrated.[1mDefaultSpringInstanceTest[m
[[1;33mWARNING[m] [1;33mTests [0;1mrun: [0;1m1[m, Failures: 0, Errors: 0, [1;33mSkipped: [0;1;33m1[m, Time elapsed: 0 s - in com.alibaba.otter.canal.instance.spring.integrated.[1mDefaultSpringInstanceTest[m
[[1;34mINFO[m] 
[[1;34mINFO[m] Results:
[[1;34mINFO[m] 
[[1;33mWARNING[m] [1;33mTests run: 3, Failures: 0, Errors: 0, Skipped: 3[m
[[1;34mINFO[m] 
[[1;34mINFO[m] 
[[1;34mINFO[m] [1m--- [0;32mmaven-jar-plugin:3.0.2:jar[m [1m(default-jar)[m @ [36mcanal.instance.spring[0;1m ---[m
[[1;34mINFO[m] Building jar: /home/travis/build/failed/alibaba/canal/instance/spring/target/canal.instance.spring-1.1.4-SNAPSHOT.jar
[[1;34mINFO[m] 
[[1;34mINFO[m] [1m>>> [0;32mmaven-source-plugin:2.4:jar[m [1m(attach-sources)[0;1m > [0;1mgenerate-sources[m @ [36mcanal.instance.spring[0;1m >>>[m
[[1;34mINFO[m] 
[[1;34mINFO[m] [1m--- [0;32mmaven-enforcer-plugin:1.0:enforce[m [1m(enforce-maven)[m @ [36mcanal.instance.spring[0;1m ---[m
[[1;34mINFO[m] 
[[1;34mINFO[m] [1m--- [0;32mjacoco-maven-plugin:0.8.3:prepare-agent[m [1m(jacoco-initialize)[m @ [36mcanal.instance.spring[0;1m ---[m
[[1;34mINFO[m] jacocoArgLine set to -javaagent:/home/travis/.m2/repository/org/jacoco/org.jacoco.agent/0.8.3/org.jacoco.agent-0.8.3-runtime.jar=destfile=/home/travis/build/failed/alibaba/canal/instance/spring/target/jacoco.exec
[[1;34mINFO[m] 
[[1;34mINFO[m] [1m<<< [0;32mmaven-source-plugin:2.4:jar[m [1m(attach-sources)[0;1m < [0;1mgenerate-sources[m @ [36mcanal.instance.spring[0;1m <<<[m
[[1;34mINFO[m] 
[[1;34mINFO[m] 
[[1;34mINFO[m] [1m--- [0;32mmaven-source-plugin:2.4:jar[m [1m(attach-sources)[m @ [36mcanal.instance.spring[0;1m ---[m
[[1;34mINFO[m] Building jar: /home/travis/build/failed/alibaba/canal/instance/spring/target/canal.instance.spring-1.1.4-SNAPSHOT-sources.jar
[[1;34mINFO[m] 
[[1;34mINFO[m] [1m--- [0;32mmaven-javadoc-plugin:2.9.1:jar[m [1m(attach-javadocs)[m @ [36mcanal.instance.spring[0;1m ---[m
[[1;34mINFO[m] Skipping javadoc generation
[[1;34mINFO[m] 
[[1;34mINFO[m] [1m--- [0;32mjacoco-maven-plugin:0.8.3:report-aggregate[m [1m(report-aggregate)[m @ [36mcanal.instance.spring[0;1m ---[m
[[1;34mINFO[m] Loading execution data file /home/travis/build/failed/alibaba/canal/instance/spring/target/jacoco.exec
[[1;34mINFO[m] Analyzed bundle 'canal.instance.core' with 2 classes
[[1;34mINFO[m] 
[[1;34mINFO[m] [1m--- [0;32mmaven-install-plugin:2.4:install[m [1m(default-install)[m @ [36mcanal.instance.spring[0;1m ---[m
[[1;34mINFO[m] Installing /home/travis/build/failed/alibaba/canal/instance/spring/target/canal.instance.spring-1.1.4-SNAPSHOT.jar to /home/travis/.m2/repository/com/alibaba/otter/canal.instance.spring/1.1.4-SNAPSHOT/canal.instance.spring-1.1.4-SNAPSHOT.jar
[[1;34mINFO[m] Installing /home/travis/build/failed/alibaba/canal/instance/spring/pom.xml to /home/travis/.m2/repository/com/alibaba/otter/canal.instance.spring/1.1.4-SNAPSHOT/canal.instance.spring-1.1.4-SNAPSHOT.pom
[[1;34mINFO[m] Installing /home/travis/build/failed/alibaba/canal/instance/spring/target/canal.instance.spring-1.1.4-SNAPSHOT-sources.jar to /home/travis/.m2/repository/com/alibaba/otter/canal.instance.spring/1.1.4-SNAPSHOT/canal.instance.spring-1.1.4-SNAPSHOT-sources.jar
[[1;34mINFO[m] 
[[1;34mINFO[m] [1m------------------------------------------------------------------------[m
[[1;34mINFO[m] [1mBuilding canal instance manager module for otter 1.1.4-SNAPSHOT 1.1.4-SNAPSHOT[m
[[1;34mINFO[m] [1m------------------------------------------------------------------------[m
[[1;34mINFO[m] 
[[1;34mINFO[m] [1m--- [0;32mmaven-clean-plugin:2.5:clean[m [1m(default-clean)[m @ [36mcanal.instance.manager[0;1m ---[m
[[1;34mINFO[m] 
[[1;34mINFO[m] [1m--- [0;32mmaven-enforcer-plugin:1.0:enforce[m [1m(enforce-maven)[m @ [36mcanal.instance.manager[0;1m ---[m
[[1;34mINFO[m] 
[[1;34mINFO[m] [1m--- [0;32mjacoco-maven-plugin:0.8.3:prepare-agent[m [1m(jacoco-initialize)[m @ [36mcanal.instance.manager[0;1m ---[m
[[1;34mINFO[m] jacocoArgLine set to -javaagent:/home/travis/.m2/repository/org/jacoco/org.jacoco.agent/0.8.3/org.jacoco.agent-0.8.3-runtime.jar=destfile=/home/travis/build/failed/alibaba/canal/instance/manager/target/jacoco.exec
[[1;34mINFO[m] 
[[1;34mINFO[m] [1m--- [0;32mmaven-resources-plugin:2.6:resources[m [1m(default-resources)[m @ [36mcanal.instance.manager[0;1m ---[m
[[1;34mINFO[m] Using 'UTF-8' encoding to copy filtered resources.
[[1;34mINFO[m] skip non existing resourceDirectory /home/travis/build/failed/alibaba/canal/instance/manager/src/main/resources
[[1;34mINFO[m] 
[[1;34mINFO[m] [1m--- [0;32mmaven-compiler-plugin:3.7.0:compile[m [1m(default-compile)[m @ [36mcanal.instance.manager[0;1m ---[m
[[1;34mINFO[m] Changes detected - recompiling the module!
[[1;34mINFO[m] Compiling 10 source files to /home/travis/build/failed/alibaba/canal/instance/manager/target/classes
[[1;34mINFO[m] /home/travis/build/failed/alibaba/canal/instance/manager/src/main/java/com/alibaba/otter/canal/instance/manager/CanalInstanceWithManager.java: /home/travis/build/failed/alibaba/canal/instance/manager/src/main/java/com/alibaba/otter/canal/instance/manager/CanalInstanceWithManager.java uses or overrides a deprecated API.
[[1;34mINFO[m] /home/travis/build/failed/alibaba/canal/instance/manager/src/main/java/com/alibaba/otter/canal/instance/manager/CanalInstanceWithManager.java: Recompile with -Xlint:deprecation for details.
[[1;34mINFO[m] /home/travis/build/failed/alibaba/canal/instance/manager/src/main/java/com/alibaba/otter/canal/instance/manager/CanalInstanceWithManager.java: /home/travis/build/failed/alibaba/canal/instance/manager/src/main/java/com/alibaba/otter/canal/instance/manager/CanalInstanceWithManager.java uses unchecked or unsafe operations.
[[1;34mINFO[m] /home/travis/build/failed/alibaba/canal/instance/manager/src/main/java/com/alibaba/otter/canal/instance/manager/CanalInstanceWithManager.java: Recompile with -Xlint:unchecked for details.
[[1;34mINFO[m] 
[[1;34mINFO[m] [1m--- [0;32mmaven-resources-plugin:2.6:testResources[m [1m(default-testResources)[m @ [36mcanal.instance.manager[0;1m ---[m
[[1;34mINFO[m] Using 'UTF-8' encoding to copy filtered resources.
[[1;34mINFO[m] skip non existing resourceDirectory /home/travis/build/failed/alibaba/canal/instance/manager/src/test/resources
[[1;34mINFO[m] 
[[1;34mINFO[m] [1m--- [0;32mmaven-compiler-plugin:3.7.0:testCompile[m [1m(default-testCompile)[m @ [36mcanal.instance.manager[0;1m ---[m
[[1;34mINFO[m] Changes detected - recompiling the module!
[[1;34mINFO[m] Compiling 1 source file to /home/travis/build/failed/alibaba/canal/instance/manager/target/test-classes
[[1;34mINFO[m] 
[[1;34mINFO[m] [1m--- [0;32mmaven-surefire-plugin:2.22.1:test[m [1m(default-test)[m @ [36mcanal.instance.manager[0;1m ---[m
[[1;34mINFO[m] 
[[1;34mINFO[m] [1m--- [0;32mmaven-jar-plugin:3.0.2:jar[m [1m(default-jar)[m @ [36mcanal.instance.manager[0;1m ---[m
[[1;34mINFO[m] Building jar: /home/travis/build/failed/alibaba/canal/instance/manager/target/canal.instance.manager-1.1.4-SNAPSHOT.jar
[[1;34mINFO[m] 
[[1;34mINFO[m] [1m>>> [0;32mmaven-source-plugin:2.4:jar[m [1m(attach-sources)[0;1m > [0;1mgenerate-sources[m @ [36mcanal.instance.manager[0;1m >>>[m
[[1;34mINFO[m] 
[[1;34mINFO[m] [1m--- [0;32mmaven-enforcer-plugin:1.0:enforce[m [1m(enforce-maven)[m @ [36mcanal.instance.manager[0;1m ---[m
[[1;34mINFO[m] 
[[1;34mINFO[m] [1m--- [0;32mjacoco-maven-plugin:0.8.3:prepare-agent[m [1m(jacoco-initialize)[m @ [36mcanal.instance.manager[0;1m ---[m
[[1;34mINFO[m] jacocoArgLine set to -javaagent:/home/travis/.m2/repository/org/jacoco/org.jacoco.agent/0.8.3/org.jacoco.agent-0.8.3-runtime.jar=destfile=/home/travis/build/failed/alibaba/canal/instance/manager/target/jacoco.exec
[[1;34mINFO[m] 
[[1;34mINFO[m] [1m<<< [0;32mmaven-source-plugin:2.4:jar[m [1m(attach-sources)[0;1m < [0;1mgenerate-sources[m @ [36mcanal.instance.manager[0;1m <<<[m
[[1;34mINFO[m] 
[[1;34mINFO[m] 
[[1;34mINFO[m] [1m--- [0;32mmaven-source-plugin:2.4:jar[m [1m(attach-sources)[m @ [36mcanal.instance.manager[0;1m ---[m
[[1;34mINFO[m] Building jar: /home/travis/build/failed/alibaba/canal/instance/manager/target/canal.instance.manager-1.1.4-SNAPSHOT-sources.jar
[[1;34mINFO[m] 
[[1;34mINFO[m] [1m--- [0;32mmaven-javadoc-plugin:2.9.1:jar[m [1m(attach-javadocs)[m @ [36mcanal.instance.manager[0;1m ---[m
[[1;34mINFO[m] Skipping javadoc generation
[[1;34mINFO[m] 
[[1;34mINFO[m] [1m--- [0;32mjacoco-maven-plugin:0.8.3:report-aggregate[m [1m(report-aggregate)[m @ [36mcanal.instance.manager[0;1m ---[m
[[1;34mINFO[m] Loading execution data file /home/travis/build/failed/alibaba/canal/instance/spring/target/jacoco.exec
[[1;34mINFO[m] Analyzed bundle 'canal.instance.core' with 2 classes
[[1;34mINFO[m] Analyzed bundle 'canal.instance.spring' with 6 classes
[[1;34mINFO[m] 
[[1;34mINFO[m] [1m--- [0;32mmaven-install-plugin:2.4:install[m [1m(default-install)[m @ [36mcanal.instance.manager[0;1m ---[m
[[1;34mINFO[m] Installing /home/travis/build/failed/alibaba/canal/instance/manager/target/canal.instance.manager-1.1.4-SNAPSHOT.jar to /home/travis/.m2/repository/com/alibaba/otter/canal.instance.manager/1.1.4-SNAPSHOT/canal.instance.manager-1.1.4-SNAPSHOT.jar
[[1;34mINFO[m] Installing /home/travis/build/failed/alibaba/canal/instance/manager/pom.xml to /home/travis/.m2/repository/com/alibaba/otter/canal.instance.manager/1.1.4-SNAPSHOT/canal.instance.manager-1.1.4-SNAPSHOT.pom
[[1;34mINFO[m] Installing /home/travis/build/failed/alibaba/canal/instance/manager/target/canal.instance.manager-1.1.4-SNAPSHOT-sources.jar to /home/travis/.m2/repository/com/alibaba/otter/canal.instance.manager/1.1.4-SNAPSHOT/canal.instance.manager-1.1.4-SNAPSHOT-sources.jar
[[1;34mINFO[m] 
[[1;34mINFO[m] [1m------------------------------------------------------------------------[m
[[1;34mINFO[m] [1mBuilding canal instance module for otter 1.1.4-SNAPSHOT 1.1.4-SNAPSHOT[m
[[1;34mINFO[m] [1m------------------------------------------------------------------------[m
[[1;34mINFO[m] 
[[1;34mINFO[m] [1m--- [0;32mmaven-clean-plugin:2.5:clean[m [1m(default-clean)[m @ [36mcanal.instance[0;1m ---[m
[[1;34mINFO[m] 
[[1;34mINFO[m] [1m--- [0;32mmaven-enforcer-plugin:1.0:enforce[m [1m(enforce-maven)[m @ [36mcanal.instance[0;1m ---[m
[[1;34mINFO[m] 
[[1;34mINFO[m] [1m--- [0;32mjacoco-maven-plugin:0.8.3:prepare-agent[m [1m(jacoco-initialize)[m @ [36mcanal.instance[0;1m ---[m
[[1;34mINFO[m] jacocoArgLine set to -javaagent:/home/travis/.m2/repository/org/jacoco/org.jacoco.agent/0.8.3/org.jacoco.agent-0.8.3-runtime.jar=destfile=/home/travis/build/failed/alibaba/canal/instance/target/jacoco.exec
[[1;34mINFO[m] 
[[1;34mINFO[m] [1m>>> [0;32mmaven-source-plugin:2.4:jar[m [1m(attach-sources)[0;1m > [0;1mgenerate-sources[m @ [36mcanal.instance[0;1m >>>[m
[[1;34mINFO[m] 
[[1;34mINFO[m] [1m--- [0;32mmaven-enforcer-plugin:1.0:enforce[m [1m(enforce-maven)[m @ [36mcanal.instance[0;1m ---[m
[[1;34mINFO[m] 
[[1;34mINFO[m] [1m--- [0;32mjacoco-maven-plugin:0.8.3:prepare-agent[m [1m(jacoco-initialize)[m @ [36mcanal.instance[0;1m ---[m
[[1;34mINFO[m] jacocoArgLine set to -javaagent:/home/travis/.m2/repository/org/jacoco/org.jacoco.agent/0.8.3/org.jacoco.agent-0.8.3-runtime.jar=destfile=/home/travis/build/failed/alibaba/canal/instance/target/jacoco.exec
[[1;34mINFO[m] 
[[1;34mINFO[m] [1m<<< [0;32mmaven-source-plugin:2.4:jar[m [1m(attach-sources)[0;1m < [0;1mgenerate-sources[m @ [36mcanal.instance[0;1m <<<[m
[[1;34mINFO[m] 
[[1;34mINFO[m] 
[[1;34mINFO[m] [1m--- [0;32mmaven-source-plugin:2.4:jar[m [1m(attach-sources)[m @ [36mcanal.instance[0;1m ---[m
[[1;34mINFO[m] 
[[1;34mINFO[m] [1m--- [0;32mmaven-javadoc-plugin:2.9.1:jar[m [1m(attach-javadocs)[m @ [36mcanal.instance[0;1m ---[m
[[1;34mINFO[m] Skipping javadoc generation
[[1;34mINFO[m] 
[[1;34mINFO[m] [1m--- [0;32mjacoco-maven-plugin:0.8.3:report-aggregate[m [1m(report-aggregate)[m @ [36mcanal.instance[0;1m ---[m
[[1;34mINFO[m] 
[[1;34mINFO[m] [1m--- [0;32mmaven-install-plugin:2.4:install[m [1m(default-install)[m @ [36mcanal.instance[0;1m ---[m
[[1;34mINFO[m] Installing /home/travis/build/failed/alibaba/canal/instance/pom.xml to /home/travis/.m2/repository/com/alibaba/otter/canal.instance/1.1.4-SNAPSHOT/canal.instance-1.1.4-SNAPSHOT.pom
[[1;34mINFO[m] 
[[1;34mINFO[m] [1m------------------------------------------------------------------------[m
[[1;34mINFO[m] [1mBuilding canal server module for otter 1.1.4-SNAPSHOT 1.1.4-SNAPSHOT[m
[[1;34mINFO[m] [1m------------------------------------------------------------------------[m
[[1;34mINFO[m] 
[[1;34mINFO[m] [1m--- [0;32mmaven-clean-plugin:2.5:clean[m [1m(default-clean)[m @ [36mcanal.server[0;1m ---[m
[[1;34mINFO[m] 
[[1;34mINFO[m] [1m--- [0;32mmaven-enforcer-plugin:1.0:enforce[m [1m(enforce-maven)[m @ [36mcanal.server[0;1m ---[m
[[1;34mINFO[m] 
[[1;34mINFO[m] [1m--- [0;32mjacoco-maven-plugin:0.8.3:prepare-agent[m [1m(jacoco-initialize)[m @ [36mcanal.server[0;1m ---[m
[[1;34mINFO[m] jacocoArgLine set to -javaagent:/home/travis/.m2/repository/org/jacoco/org.jacoco.agent/0.8.3/org.jacoco.agent-0.8.3-runtime.jar=destfile=/home/travis/build/failed/alibaba/canal/server/target/jacoco.exec
[[1;34mINFO[m] 
[[1;34mINFO[m] [1m--- [0;32mmaven-resources-plugin:2.6:resources[m [1m(default-resources)[m @ [36mcanal.server[0;1m ---[m
[[1;34mINFO[m] Using 'UTF-8' encoding to copy filtered resources.
[[1;34mINFO[m] skip non existing resourceDirectory /home/travis/build/failed/alibaba/canal/server/src/main/resources
[[1;34mINFO[m] 
[[1;34mINFO[m] [1m--- [0;32mmaven-compiler-plugin:3.7.0:compile[m [1m(default-compile)[m @ [36mcanal.server[0;1m ---[m
[[1;34mINFO[m] Changes detected - recompiling the module!
[[1;34mINFO[m] Compiling 31 source files to /home/travis/build/failed/alibaba/canal/server/target/classes
[[1;34mINFO[m] /home/travis/build/failed/alibaba/canal/server/src/main/java/com/alibaba/otter/canal/kafka/CanalKafkaProducer.java: Some input files use unchecked or unsafe operations.
[[1;34mINFO[m] /home/travis/build/failed/alibaba/canal/server/src/main/java/com/alibaba/otter/canal/kafka/CanalKafkaProducer.java: Recompile with -Xlint:unchecked for details.
[[1;34mINFO[m] 
[[1;34mINFO[m] [1m--- [0;32mmaven-resources-plugin:2.6:testResources[m [1m(default-testResources)[m @ [36mcanal.server[0;1m ---[m
[[1;34mINFO[m] Using 'UTF-8' encoding to copy filtered resources.
[[1;34mINFO[m] skip non existing resourceDirectory /home/travis/build/failed/alibaba/canal/server/src/test/resources
[[1;34mINFO[m] 
[[1;34mINFO[m] [1m--- [0;32mmaven-compiler-plugin:3.7.0:testCompile[m [1m(default-testCompile)[m @ [36mcanal.server[0;1m ---[m
[[1;34mINFO[m] Changes detected - recompiling the module!
[[1;34mINFO[m] Compiling 7 source files to /home/travis/build/failed/alibaba/canal/server/target/test-classes
[[1;34mINFO[m] 
[[1;34mINFO[m] [1m--- [0;32mmaven-surefire-plugin:2.22.1:test[m [1m(default-test)[m @ [36mcanal.server[0;1m ---[m
[[1;34mINFO[m] 
[[1;34mINFO[m] -------------------------------------------------------
[[1;34mINFO[m]  T E S T S
[[1;34mINFO[m] -------------------------------------------------------
[[1;34mINFO[m] Running com.alibaba.otter.canal.server.embedded.[1mCanalServerWithEmbedded_FileModeTest[m
[[1;33mWARNING[m] [1;33mTests [0;1mrun: [0;1m1[m, Failures: 0, Errors: 0, [1;33mSkipped: [0;1;33m1[m, Time elapsed: 0.027 s - in com.alibaba.otter.canal.server.embedded.[1mCanalServerWithEmbedded_FileModeTest[m
[[1;34mINFO[m] Running com.alibaba.otter.canal.server.embedded.[1mCanalServerWithEmbedded_StandbyTest[m
[[1;33mWARNING[m] [1;33mTests [0;1mrun: [0;1m1[m, Failures: 0, Errors: 0, [1;33mSkipped: [0;1;33m1[m, Time elapsed: 0 s - in com.alibaba.otter.canal.server.embedded.[1mCanalServerWithEmbedded_StandbyTest[m
[[1;34mINFO[m] Running com.alibaba.otter.canal.server.embedded.[1mCanalServerWithEmbedded_StandaloneTest[m
[[1;33mWARNING[m] [1;33mTests [0;1mrun: [0;1m1[m, Failures: 0, Errors: 0, [1;33mSkipped: [0;1;33m1[m, Time elapsed: 0 s - in com.alibaba.otter.canal.server.embedded.[1mCanalServerWithEmbedded_StandaloneTest[m
[[1;34mINFO[m] Running com.alibaba.otter.canal.server.[1mProtocolTest[m
[[1;34mINFO[m] [1;32mTests run: [0;1;32m1[m, Failures: 0, Errors: 0, Skipped: 0, Time elapsed: 0.233 s - in com.alibaba.otter.canal.server.[1mProtocolTest[m
[[1;34mINFO[m] Running com.alibaba.otter.canal.server.[1mSecurityUtilTest[m
[[1;34mINFO[m] [1;32mTests run: [0;1;32m1[m, Failures: 0, Errors: 0, Skipped: 0, Time elapsed: 0.014 s - in com.alibaba.otter.canal.server.[1mSecurityUtilTest[m
[[1;34mINFO[m] Running com.alibaba.otter.canal.server.[1mCanalServerTest[m
[[1;33mWARNING[m] [1;33mTests [0;1mrun: [0;1m1[m, Failures: 0, Errors: 0, [1;33mSkipped: [0;1;33m1[m, Time elapsed: 0 s - in com.alibaba.otter.canal.server.[1mCanalServerTest[m
[[1;34mINFO[m] 
[[1;34mINFO[m] Results:
[[1;34mINFO[m] 
[[1;33mWARNING[m] [1;33mTests run: 6, Failures: 0, Errors: 0, Skipped: 4[m
[[1;34mINFO[m] 
[[1;34mINFO[m] 
[[1;34mINFO[m] [1m--- [0;32mmaven-jar-plugin:3.0.2:jar[m [1m(default-jar)[m @ [36mcanal.server[0;1m ---[m
[[1;34mINFO[m] Building jar: /home/travis/build/failed/alibaba/canal/server/target/canal.server-1.1.4-SNAPSHOT.jar
[[1;34mINFO[m] 
[[1;34mINFO[m] [1m>>> [0;32mmaven-source-plugin:2.4:jar[m [1m(attach-sources)[0;1m > [0;1mgenerate-sources[m @ [36mcanal.server[0;1m >>>[m
[[1;34mINFO[m] 
[[1;34mINFO[m] [1m--- [0;32mmaven-enforcer-plugin:1.0:enforce[m [1m(enforce-maven)[m @ [36mcanal.server[0;1m ---[m
[[1;34mINFO[m] 
[[1;34mINFO[m] [1m--- [0;32mjacoco-maven-plugin:0.8.3:prepare-agent[m [1m(jacoco-initialize)[m @ [36mcanal.server[0;1m ---[m
[[1;34mINFO[m] jacocoArgLine set to -javaagent:/home/travis/.m2/repository/org/jacoco/org.jacoco.agent/0.8.3/org.jacoco.agent-0.8.3-runtime.jar=destfile=/home/travis/build/failed/alibaba/canal/server/target/jacoco.exec
[[1;34mINFO[m] 
[[1;34mINFO[m] [1m<<< [0;32mmaven-source-plugin:2.4:jar[m [1m(attach-sources)[0;1m < [0;1mgenerate-sources[m @ [36mcanal.server[0;1m <<<[m
[[1;34mINFO[m] 
[[1;34mINFO[m] 
[[1;34mINFO[m] [1m--- [0;32mmaven-source-plugin:2.4:jar[m [1m(attach-sources)[m @ [36mcanal.server[0;1m ---[m
[[1;34mINFO[m] Building jar: /home/travis/build/failed/alibaba/canal/server/target/canal.server-1.1.4-SNAPSHOT-sources.jar
[[1;34mINFO[m] 
[[1;34mINFO[m] [1m--- [0;32mmaven-javadoc-plugin:2.9.1:jar[m [1m(attach-javadocs)[m @ [36mcanal.server[0;1m ---[m
[[1;34mINFO[m] Skipping javadoc generation
[[1;34mINFO[m] 
[[1;34mINFO[m] [1m--- [0;32mjacoco-maven-plugin:0.8.3:report-aggregate[m [1m(report-aggregate)[m @ [36mcanal.server[0;1m ---[m
[[1;34mINFO[m] Loading execution data file /home/travis/build/failed/alibaba/canal/server/target/jacoco.exec
[[1;34mINFO[m] Loading execution data file /home/travis/build/failed/alibaba/canal/instance/spring/target/jacoco.exec
[[1;34mINFO[m] Analyzed bundle 'canal.instance.core' with 2 classes
[[1;34mINFO[m] Analyzed bundle 'canal.instance.spring' with 6 classes
[[1;34mINFO[m] Analyzed bundle 'canal.instance.manager' with 24 classes
[[1;34mINFO[m] 
[[1;34mINFO[m] [1m--- [0;32mmaven-install-plugin:2.4:install[m [1m(default-install)[m @ [36mcanal.server[0;1m ---[m
[[1;34mINFO[m] Installing /home/travis/build/failed/alibaba/canal/server/target/canal.server-1.1.4-SNAPSHOT.jar to /home/travis/.m2/repository/com/alibaba/otter/canal.server/1.1.4-SNAPSHOT/canal.server-1.1.4-SNAPSHOT.jar
[[1;34mINFO[m] Installing /home/travis/build/failed/alibaba/canal/server/pom.xml to /home/travis/.m2/repository/com/alibaba/otter/canal.server/1.1.4-SNAPSHOT/canal.server-1.1.4-SNAPSHOT.pom
[[1;34mINFO[m] Installing /home/travis/build/failed/alibaba/canal/server/target/canal.server-1.1.4-SNAPSHOT-sources.jar to /home/travis/.m2/repository/com/alibaba/otter/canal.server/1.1.4-SNAPSHOT/canal.server-1.1.4-SNAPSHOT-sources.jar
[[1;34mINFO[m] 
[[1;34mINFO[m] [1m------------------------------------------------------------------------[m
[[1;34mINFO[m] [1mBuilding canal client module for otter 1.1.4-SNAPSHOT 1.1.4-SNAPSHOT[m
[[1;34mINFO[m] [1m------------------------------------------------------------------------[m
[[1;34mINFO[m] 
[[1;34mINFO[m] [1m--- [0;32mmaven-clean-plugin:2.5:clean[m [1m(default-clean)[m @ [36mcanal.client[0;1m ---[m
[[1;34mINFO[m] 
[[1;34mINFO[m] [1m--- [0;32mmaven-enforcer-plugin:1.0:enforce[m [1m(enforce-maven)[m @ [36mcanal.client[0;1m ---[m
[[1;34mINFO[m] 
[[1;34mINFO[m] [1m--- [0;32mjacoco-maven-plugin:0.8.3:prepare-agent[m [1m(jacoco-initialize)[m @ [36mcanal.client[0;1m ---[m
[[1;34mINFO[m] jacocoArgLine set to -javaagent:/home/travis/.m2/repository/org/jacoco/org.jacoco.agent/0.8.3/org.jacoco.agent-0.8.3-runtime.jar=destfile=/home/travis/build/failed/alibaba/canal/client/target/jacoco.exec
[[1;34mINFO[m] 
[[1;34mINFO[m] [1m--- [0;32mmaven-resources-plugin:2.6:resources[m [1m(default-resources)[m @ [36mcanal.client[0;1m ---[m
[[1;34mINFO[m] Using 'UTF-8' encoding to copy filtered resources.
[[1;34mINFO[m] skip non existing resourceDirectory /home/travis/build/failed/alibaba/canal/client/src/main/resources
[[1;34mINFO[m] 
[[1;34mINFO[m] [1m--- [0;32mmaven-compiler-plugin:3.7.0:compile[m [1m(default-compile)[m @ [36mcanal.client[0;1m ---[m
[[1;34mINFO[m] Changes detected - recompiling the module!
[[1;34mINFO[m] Compiling 20 source files to /home/travis/build/failed/alibaba/canal/client/target/classes
[[1;34mINFO[m] /home/travis/build/failed/alibaba/canal/client/src/main/java/com/alibaba/otter/canal/client/rocketmq/RocketMQCanalConnector.java: /home/travis/build/failed/alibaba/canal/client/src/main/java/com/alibaba/otter/canal/client/rocketmq/RocketMQCanalConnector.java uses unchecked or unsafe operations.
[[1;34mINFO[m] /home/travis/build/failed/alibaba/canal/client/src/main/java/com/alibaba/otter/canal/client/rocketmq/RocketMQCanalConnector.java: Recompile with -Xlint:unchecked for details.
[[1;34mINFO[m] 
[[1;34mINFO[m] [1m--- [0;32mmaven-resources-plugin:2.6:testResources[m [1m(default-testResources)[m @ [36mcanal.client[0;1m ---[m
[[1;34mINFO[m] Using 'UTF-8' encoding to copy filtered resources.
[[1;34mINFO[m] skip non existing resourceDirectory /home/travis/build/failed/alibaba/canal/client/src/test/resources
[[1;34mINFO[m] 
[[1;34mINFO[m] [1m--- [0;32mmaven-compiler-plugin:3.7.0:testCompile[m [1m(default-testCompile)[m @ [36mcanal.client[0;1m ---[m
[[1;34mINFO[m] Changes detected - recompiling the module!
[[1;34mINFO[m] Compiling 2 source files to /home/travis/build/failed/alibaba/canal/client/target/test-classes
[[1;34mINFO[m] 
[[1;34mINFO[m] [1m--- [0;32mmaven-surefire-plugin:2.22.1:test[m [1m(default-test)[m @ [36mcanal.client[0;1m ---[m
[[1;34mINFO[m] 
[[1;34mINFO[m] -------------------------------------------------------
[[1;34mINFO[m]  T E S T S
[[1;34mINFO[m] -------------------------------------------------------
[[1;34mINFO[m] Running com.alibaba.otter.canal.client.running.[1mClientRunningTest[m
[[1;33mWARNING[m] [1;33mTests [0;1mrun: [0;1m1[m, Failures: 0, Errors: 0, [1;33mSkipped: [0;1;33m1[m, Time elapsed: 0.02 s - in com.alibaba.otter.canal.client.running.[1mClientRunningTest[m
[[1;34mINFO[m] 
[[1;34mINFO[m] Results:
[[1;34mINFO[m] 
[[1;33mWARNING[m] [1;33mTests run: 1, Failures: 0, Errors: 0, Skipped: 1[m
[[1;34mINFO[m] 
[[1;34mINFO[m] 
[[1;34mINFO[m] [1m--- [0;32mmaven-jar-plugin:3.0.2:jar[m [1m(default-jar)[m @ [36mcanal.client[0;1m ---[m
[[1;34mINFO[m] Building jar: /home/travis/build/failed/alibaba/canal/client/target/canal.client-1.1.4-SNAPSHOT.jar
[[1;34mINFO[m] 
[[1;34mINFO[m] [1m>>> [0;32mmaven-source-plugin:2.4:jar[m [1m(attach-sources)[0;1m > [0;1mgenerate-sources[m @ [36mcanal.client[0;1m >>>[m
[[1;34mINFO[m] 
[[1;34mINFO[m] [1m--- [0;32mmaven-enforcer-plugin:1.0:enforce[m [1m(enforce-maven)[m @ [36mcanal.client[0;1m ---[m
[[1;34mINFO[m] 
[[1;34mINFO[m] [1m--- [0;32mjacoco-maven-plugin:0.8.3:prepare-agent[m [1m(jacoco-initialize)[m @ [36mcanal.client[0;1m ---[m
[[1;34mINFO[m] jacocoArgLine set to -javaagent:/home/travis/.m2/repository/org/jacoco/org.jacoco.agent/0.8.3/org.jacoco.agent-0.8.3-runtime.jar=destfile=/home/travis/build/failed/alibaba/canal/client/target/jacoco.exec
[[1;34mINFO[m] 
[[1;34mINFO[m] [1m<<< [0;32mmaven-source-plugin:2.4:jar[m [1m(attach-sources)[0;1m < [0;1mgenerate-sources[m @ [36mcanal.client[0;1m <<<[m
[[1;34mINFO[m] 
[[1;34mINFO[m] 
[[1;34mINFO[m] [1m--- [0;32mmaven-source-plugin:2.4:jar[m [1m(attach-sources)[m @ [36mcanal.client[0;1m ---[m
[[1;34mINFO[m] Building jar: /home/travis/build/failed/alibaba/canal/client/target/canal.client-1.1.4-SNAPSHOT-sources.jar
[[1;34mINFO[m] 
[[1;34mINFO[m] [1m--- [0;32mmaven-javadoc-plugin:2.9.1:jar[m [1m(attach-javadocs)[m @ [36mcanal.client[0;1m ---[m
[[1;34mINFO[m] Skipping javadoc generation
[[1;34mINFO[m] 
[[1;34mINFO[m] [1m--- [0;32mmaven-shade-plugin:3.2.1:shade[m [1m(default)[m @ [36mcanal.client[0;1m ---[m
[[1;34mINFO[m] Including com.alibaba.otter:canal.protocol:jar:1.1.4-SNAPSHOT in the shaded jar.
[[1;34mINFO[m] Including com.alibaba.otter:canal.common:jar:1.1.4-SNAPSHOT in the shaded jar.
[[1;34mINFO[m] Excluding com.google.code.findbugs:jsr305:jar:3.0.2 from the shaded jar.
[[1;34mINFO[m] Excluding com.google.protobuf:protobuf-java:jar:3.6.1 from the shaded jar.
[[1;34mINFO[m] Excluding io.netty:netty-all:jar:4.1.6.Final from the shaded jar.
[[1;34mINFO[m] Excluding org.apache.zookeeper:zookeeper:jar:3.4.5 from the shaded jar.
[[1;34mINFO[m] Excluding org.jboss.netty:netty:jar:3.2.2.Final from the shaded jar.
[[1;34mINFO[m] Excluding com.101tec:zkclient:jar:0.10 from the shaded jar.
[[1;34mINFO[m] Excluding commons-io:commons-io:jar:2.4 from the shaded jar.
[[1;34mINFO[m] Excluding commons-lang:commons-lang:jar:2.6 from the shaded jar.
[[1;34mINFO[m] Excluding commons-codec:commons-codec:jar:1.9 from the shaded jar.
[[1;34mINFO[m] Excluding com.alibaba:fastjson:jar:1.2.58 from the shaded jar.
[[1;34mINFO[m] Including com.google.guava:guava:jar:18.0 in the shaded jar.
[[1;34mINFO[m] Excluding ch.qos.logback:logback-core:jar:1.1.3 from the shaded jar.
[[1;34mINFO[m] Excluding ch.qos.logback:logback-classic:jar:1.1.3 from the shaded jar.
[[1;34mINFO[m] Excluding org.slf4j:jcl-over-slf4j:jar:1.7.12 from the shaded jar.
[[1;34mINFO[m] Excluding org.slf4j:slf4j-api:jar:1.7.12 from the shaded jar.
[[1;34mINFO[m] Excluding org.springframework:spring-core:jar:3.2.18.RELEASE from the shaded jar.
[[1;34mINFO[m] Excluding commons-logging:commons-logging:jar:1.1.3 from the shaded jar.
[[1;34mINFO[m] Excluding org.springframework:spring-aop:jar:3.2.18.RELEASE from the shaded jar.
[[1;34mINFO[m] Excluding aopalliance:aopalliance:jar:1.0 from the shaded jar.
[[1;34mINFO[m] Excluding org.springframework:spring-beans:jar:3.2.18.RELEASE from the shaded jar.
[[1;34mINFO[m] Excluding org.springframework:spring-context:jar:3.2.18.RELEASE from the shaded jar.
[[1;34mINFO[m] Excluding org.springframework:spring-expression:jar:3.2.18.RELEASE from the shaded jar.
[[1;34mINFO[m] Excluding org.springframework:spring-jdbc:jar:3.2.18.RELEASE from the shaded jar.
[[1;34mINFO[m] Excluding org.springframework:spring-tx:jar:3.2.18.RELEASE from the shaded jar.
[[1;34mINFO[m] Excluding org.springframework:spring-orm:jar:3.2.18.RELEASE from the shaded jar.
[[1;34mINFO[m] Excluding org.apache.rocketmq:rocketmq-client:jar:4.5.2 from the shaded jar.
[[1;34mINFO[m] Excluding org.apache.rocketmq:rocketmq-common:jar:4.5.2 from the shaded jar.
[[1;34mINFO[m] Excluding org.apache.commons:commons-lang3:jar:3.4 from the shaded jar.
[[1;34mINFO[m] Excluding org.apache.rocketmq:rocketmq-acl:jar:4.5.2 from the shaded jar.
[[1;34mINFO[m] Excluding org.apache.rocketmq:rocketmq-remoting:jar:4.5.2 from the shaded jar.
[[1;34mINFO[m] Excluding io.netty:netty-tcnative-boringssl-static:jar:1.1.33.Fork26 from the shaded jar.
[[1;34mINFO[m] Excluding org.apache.rocketmq:rocketmq-logging:jar:4.5.2 from the shaded jar.
[[1;34mINFO[m] Excluding org.apache.rocketmq:rocketmq-srvutil:jar:4.5.2 from the shaded jar.
[[1;34mINFO[m] Excluding commons-cli:commons-cli:jar:1.2 from the shaded jar.
[[1;34mINFO[m] Excluding org.yaml:snakeyaml:jar:1.19 from the shaded jar.
[[1;34mINFO[m] Replacing original artifact with shaded artifact.
[[1;34mINFO[m] Replacing /home/travis/build/failed/alibaba/canal/client/target/canal.client-1.1.4-SNAPSHOT.jar with /home/travis/build/failed/alibaba/canal/client/target/canal.client-1.1.4-SNAPSHOT-shaded.jar
[[1;34mINFO[m] 
[[1;34mINFO[m] [1m--- [0;32mjacoco-maven-plugin:0.8.3:report-aggregate[m [1m(report-aggregate)[m @ [36mcanal.client[0;1m ---[m
[[1;34mINFO[m] Loading execution data file /home/travis/build/failed/alibaba/canal/client/target/jacoco.exec
[[1;34mINFO[m] Analyzed bundle 'canal.protocol' with 131 classes
[[1;34mINFO[m] 
[[1;34mINFO[m] [1m--- [0;32mmaven-install-plugin:2.4:install[m [1m(default-install)[m @ [36mcanal.client[0;1m ---[m
[[1;34mINFO[m] Installing /home/travis/build/failed/alibaba/canal/client/target/canal.client-1.1.4-SNAPSHOT.jar to /home/travis/.m2/repository/com/alibaba/otter/canal.client/1.1.4-SNAPSHOT/canal.client-1.1.4-SNAPSHOT.jar
[[1;34mINFO[m] Installing /home/travis/build/failed/alibaba/canal/client/pom.xml to /home/travis/.m2/repository/com/alibaba/otter/canal.client/1.1.4-SNAPSHOT/canal.client-1.1.4-SNAPSHOT.pom
[[1;34mINFO[m] Installing /home/travis/build/failed/alibaba/canal/client/target/canal.client-1.1.4-SNAPSHOT-sources.jar to /home/travis/.m2/repository/com/alibaba/otter/canal.client/1.1.4-SNAPSHOT/canal.client-1.1.4-SNAPSHOT-sources.jar
[[1;34mINFO[m] 
[[1;34mINFO[m] [1m------------------------------------------------------------------------[m
[[1;34mINFO[m] [1mBuilding canal prometheus module for otter 1.1.4-SNAPSHOT 1.1.4-SNAPSHOT[m
[[1;34mINFO[m] [1m------------------------------------------------------------------------[m
[[1;34mINFO[m] 
[[1;34mINFO[m] [1m--- [0;32mmaven-clean-plugin:2.5:clean[m [1m(default-clean)[m @ [36mcanal.prometheus[0;1m ---[m
[[1;34mINFO[m] 
[[1;34mINFO[m] [1m--- [0;32mmaven-enforcer-plugin:1.0:enforce[m [1m(enforce-maven)[m @ [36mcanal.prometheus[0;1m ---[m
[[1;34mINFO[m] 
[[1;34mINFO[m] [1m--- [0;32mjacoco-maven-plugin:0.8.3:prepare-agent[m [1m(jacoco-initialize)[m @ [36mcanal.prometheus[0;1m ---[m
[[1;34mINFO[m] jacocoArgLine set to -javaagent:/home/travis/.m2/repository/org/jacoco/org.jacoco.agent/0.8.3/org.jacoco.agent-0.8.3-runtime.jar=destfile=/home/travis/build/failed/alibaba/canal/prometheus/target/jacoco.exec
[[1;34mINFO[m] 
[[1;34mINFO[m] [1m--- [0;32mmaven-resources-plugin:2.6:resources[m [1m(default-resources)[m @ [36mcanal.prometheus[0;1m ---[m
[[1;34mINFO[m] Using 'UTF-8' encoding to copy filtered resources.
[[1;34mINFO[m] Copying 1 resource
[[1;34mINFO[m] 
[[1;34mINFO[m] [1m--- [0;32mmaven-compiler-plugin:3.7.0:compile[m [1m(default-compile)[m @ [36mcanal.prometheus[0;1m ---[m
[[1;34mINFO[m] Changes detected - recompiling the module!
[[1;34mINFO[m] Compiling 11 source files to /home/travis/build/failed/alibaba/canal/prometheus/target/classes
[[1;34mINFO[m] 
[[1;34mINFO[m] [1m--- [0;32mmaven-resources-plugin:2.6:testResources[m [1m(default-testResources)[m @ [36mcanal.prometheus[0;1m ---[m
[[1;34mINFO[m] Using 'UTF-8' encoding to copy filtered resources.
[[1;34mINFO[m] skip non existing resourceDirectory /home/travis/build/failed/alibaba/canal/prometheus/src/test/resources
[[1;34mINFO[m] 
[[1;34mINFO[m] [1m--- [0;32mmaven-compiler-plugin:3.7.0:testCompile[m [1m(default-testCompile)[m @ [36mcanal.prometheus[0;1m ---[m
[[1;34mINFO[m] No sources to compile
[[1;34mINFO[m] 
[[1;34mINFO[m] [1m--- [0;32mmaven-surefire-plugin:2.22.1:test[m [1m(default-test)[m @ [36mcanal.prometheus[0;1m ---[m
[[1;34mINFO[m] No tests to run.
[[1;34mINFO[m] 
[[1;34mINFO[m] [1m--- [0;32mmaven-jar-plugin:3.0.2:jar[m [1m(default-jar)[m @ [36mcanal.prometheus[0;1m ---[m
[[1;34mINFO[m] Building jar: /home/travis/build/failed/alibaba/canal/prometheus/target/canal.prometheus-1.1.4-SNAPSHOT.jar
[[1;34mINFO[m] 
[[1;34mINFO[m] [1m>>> [0;32mmaven-source-plugin:2.4:jar[m [1m(attach-sources)[0;1m > [0;1mgenerate-sources[m @ [36mcanal.prometheus[0;1m >>>[m
[[1;34mINFO[m] 
[[1;34mINFO[m] [1m--- [0;32mmaven-enforcer-plugin:1.0:enforce[m [1m(enforce-maven)[m @ [36mcanal.prometheus[0;1m ---[m
[[1;34mINFO[m] 
[[1;34mINFO[m] [1m--- [0;32mjacoco-maven-plugin:0.8.3:prepare-agent[m [1m(jacoco-initialize)[m @ [36mcanal.prometheus[0;1m ---[m
[[1;34mINFO[m] jacocoArgLine set to -javaagent:/home/travis/.m2/repository/org/jacoco/org.jacoco.agent/0.8.3/org.jacoco.agent-0.8.3-runtime.jar=destfile=/home/travis/build/failed/alibaba/canal/prometheus/target/jacoco.exec
[[1;34mINFO[m] 
[[1;34mINFO[m] [1m<<< [0;32mmaven-source-plugin:2.4:jar[m [1m(attach-sources)[0;1m < [0;1mgenerate-sources[m @ [36mcanal.prometheus[0;1m <<<[m
[[1;34mINFO[m] 
[[1;34mINFO[m] 
[[1;34mINFO[m] [1m--- [0;32mmaven-source-plugin:2.4:jar[m [1m(attach-sources)[m @ [36mcanal.prometheus[0;1m ---[m
[[1;34mINFO[m] Building jar: /home/travis/build/failed/alibaba/canal/prometheus/target/canal.prometheus-1.1.4-SNAPSHOT-sources.jar
[[1;34mINFO[m] 
[[1;34mINFO[m] [1m--- [0;32mmaven-javadoc-plugin:2.9.1:jar[m [1m(attach-javadocs)[m @ [36mcanal.prometheus[0;1m ---[m
[[1;34mINFO[m] Skipping javadoc generation
[[1;34mINFO[m] 
[[1;34mINFO[m] [1m--- [0;32mjacoco-maven-plugin:0.8.3:report-aggregate[m [1m(report-aggregate)[m @ [36mcanal.prometheus[0;1m ---[m
[[1;34mINFO[m] Loading execution data file /home/travis/build/failed/alibaba/canal/server/target/jacoco.exec
[[1;34mINFO[m] Analyzed bundle 'canal.instance.core' with 2 classes
[[1;34mINFO[m] Analyzed bundle 'canal.server' with 53 classes
[[1;34mINFO[m] 
[[1;34mINFO[m] [1m--- [0;32mmaven-install-plugin:2.4:install[m [1m(default-install)[m @ [36mcanal.prometheus[0;1m ---[m
[[1;34mINFO[m] Installing /home/travis/build/failed/alibaba/canal/prometheus/target/canal.prometheus-1.1.4-SNAPSHOT.jar to /home/travis/.m2/repository/com/alibaba/otter/canal.prometheus/1.1.4-SNAPSHOT/canal.prometheus-1.1.4-SNAPSHOT.jar
[[1;34mINFO[m] Installing /home/travis/build/failed/alibaba/canal/prometheus/pom.xml to /home/travis/.m2/repository/com/alibaba/otter/canal.prometheus/1.1.4-SNAPSHOT/canal.prometheus-1.1.4-SNAPSHOT.pom
[[1;34mINFO[m] Installing /home/travis/build/failed/alibaba/canal/prometheus/target/canal.prometheus-1.1.4-SNAPSHOT-sources.jar to /home/travis/.m2/repository/com/alibaba/otter/canal.prometheus/1.1.4-SNAPSHOT/canal.prometheus-1.1.4-SNAPSHOT-sources.jar
[[1;34mINFO[m] 
[[1;34mINFO[m] [1m------------------------------------------------------------------------[m
[[1;34mINFO[m] [1mBuilding canal deployer module for otter 1.1.4-SNAPSHOT 1.1.4-SNAPSHOT[m
[[1;34mINFO[m] [1m------------------------------------------------------------------------[m
[[1;34mINFO[m] 
[[1;34mINFO[m] [1m--- [0;32mmaven-clean-plugin:2.5:clean[m [1m(default-clean)[m @ [36mcanal.deployer[0;1m ---[m
[[1;34mINFO[m] 
[[1;34mINFO[m] [1m--- [0;32mmaven-enforcer-plugin:1.0:enforce[m [1m(enforce-maven)[m @ [36mcanal.deployer[0;1m ---[m
[[1;34mINFO[m] 
[[1;34mINFO[m] [1m--- [0;32mjacoco-maven-plugin:0.8.3:prepare-agent[m [1m(jacoco-initialize)[m @ [36mcanal.deployer[0;1m ---[m
[[1;34mINFO[m] jacocoArgLine set to -javaagent:/home/travis/.m2/repository/org/jacoco/org.jacoco.agent/0.8.3/org.jacoco.agent-0.8.3-runtime.jar=destfile=/home/travis/build/failed/alibaba/canal/deployer/target/jacoco.exec
[[1;34mINFO[m] 
[[1;34mINFO[m] [1m--- [0;32mmaven-resources-plugin:2.6:resources[m [1m(default-resources)[m @ [36mcanal.deployer[0;1m ---[m
[[1;34mINFO[m] Using 'UTF-8' encoding to copy filtered resources.
[[1;34mINFO[m] Copying 17 resources
[[1;34mINFO[m] 
[[1;34mINFO[m] [1m--- [0;32mmaven-compiler-plugin:3.7.0:compile[m [1m(default-compile)[m @ [36mcanal.deployer[0;1m ---[m
[[1;34mINFO[m] Changes detected - recompiling the module!
[[1;34mINFO[m] Compiling 10 source files to /home/travis/build/failed/alibaba/canal/deployer/target/classes
[[1;34mINFO[m] -------------------------------------------------------------
[[1;31mERROR[m] COMPILATION ERROR : 
[[1;34mINFO[m] -------------------------------------------------------------
[[1;31mERROR[m] /home/travis/build/failed/alibaba/canal/deployer/src/main/java/com/alibaba/otter/canal/deployer/CanalController.java:[107,9] cannot find symbol
  symbol:   variable cid
  location: class com.alibaba.otter.canal.deployer.CanalController
[[1;34mINFO[m] 1 error
[[1;34mINFO[m] -------------------------------------------------------------
[[1;34mINFO[m] [1m------------------------------------------------------------------------[m
[[1;34mINFO[m] [1mReactor Summary:[m
[[1;34mINFO[m] 
[[1;34mINFO[m] canal module for otter 1.1.4-SNAPSHOT .............. [1;32mSUCCESS[m [  6.336 s]
[[1;34mINFO[m] canal common module for otter 1.1.4-SNAPSHOT ....... [1;32mSUCCESS[m [  4.893 s]
[[1;34mINFO[m] canal protocol module for otter 1.1.4-SNAPSHOT ..... [1;32mSUCCESS[m [  3.972 s]
[[1;34mINFO[m] canal meta module for otter 1.1.4-SNAPSHOT ......... [1;32mSUCCESS[m [  2.758 s]
[[1;34mINFO[m] canal driver module for otter 1.1.4-SNAPSHOT ....... [1;32mSUCCESS[m [  2.833 s]
[[1;34mINFO[m] canal dbsync module for otter 1.1.4-SNAPSHOT ....... [1;32mSUCCESS[m [  3.009 s]
[[1;34mINFO[m] canal sink module for otter 1.1.4-SNAPSHOT ......... [1;32mSUCCESS[m [  3.607 s]
[[1;34mINFO[m] canal store module for otter 1.1.4-SNAPSHOT ........ [1;32mSUCCESS[m [ 16.441 s]
[[1;34mINFO[m] canal sink module for otter 1.1.4-SNAPSHOT ......... [1;32mSUCCESS[m [ 12.227 s]
[[1;34mINFO[m] canal parse module for otter 1.1.4-SNAPSHOT ........ [1;32mSUCCESS[m [ 10.419 s]
[[1;34mINFO[m] canal instance core module for otter 1.1.4-SNAPSHOT  [1;32mSUCCESS[m [  0.854 s]
[[1;34mINFO[m] canal instance spring module for otter 1.1.4-SNAPSHOT [1;32mSUCCESS[m [  2.686 s]
[[1;34mINFO[m] canal instance manager module for otter 1.1.4-SNAPSHOT [1;32mSUCCESS[m [  2.647 s]
[[1;34mINFO[m] canal instance module for otter 1.1.4-SNAPSHOT ..... [1;32mSUCCESS[m [  0.134 s]
[[1;34mINFO[m] canal server module for otter 1.1.4-SNAPSHOT ....... [1;32mSUCCESS[m [  3.324 s]
[[1;34mINFO[m] canal client module for otter 1.1.4-SNAPSHOT ....... [1;32mSUCCESS[m [  3.511 s]
[[1;34mINFO[m] canal prometheus module for otter 1.1.4-SNAPSHOT ... [1;32mSUCCESS[m [  0.581 s]
[[1;34mINFO[m] canal deployer module for otter 1.1.4-SNAPSHOT ..... [1;31mFAILURE[m [  1.369 s]
[[1;34mINFO[m] canal example module for otter 1.1.4-SNAPSHOT ...... [1;33mSKIPPED[m
[[1;34mINFO[m] canal client adapter module for otter 1.1.4-SNAPSHOT [1;33mSKIPPED[m
[[1;34mINFO[m] canal client adapter common module for otter 1.1.4-SNAPSHOT [1;33mSKIPPED[m
[[1;34mINFO[m] canal client adapter logger example module for otter 1.1.4-SNAPSHOT [1;33mSKIPPED[m
[[1;34mINFO[m] canal client adapter hbase module for otter 1.1.4-SNAPSHOT [1;33mSKIPPED[m
[[1;34mINFO[m] canal client adapter elasticsearch module for otter 1.1.4-SNAPSHOT [1;33mSKIPPED[m
[[1;34mINFO[m] canal client adapter rdb module for otter 1.1.4-SNAPSHOT [1;33mSKIPPED[m
[[1;34mINFO[m] canal client adapter launcher module for otter 1.1.4-SNAPSHOT [1;33mSKIPPED[m
[[1;34mINFO[m] canal-admin ........................................ [1;33mSKIPPED[m
[[1;34mINFO[m] canal-admin-ui ..................................... [1;33mSKIPPED[m
[[1;34mINFO[m] canal-admin-server ................................. [1;33mSKIPPED[m
[[1;34mINFO[m] [1m------------------------------------------------------------------------[m
[[1;34mINFO[m] [1;31mBUILD FAILURE[m
[[1;34mINFO[m] [1m------------------------------------------------------------------------[m
[[1;34mINFO[m] Total time: 01:25 min
[[1;34mINFO[m] Finished at: 2022-06-22T07:44:06Z
[[1;34mINFO[m] Final Memory: 78M/512M
[[1;34mINFO[m] [1m------------------------------------------------------------------------[m
[[1;31mERROR[m] Failed to execute goal [32morg.apache.maven.plugins:maven-compiler-plugin:3.7.0:compile[m [1m(default-compile)[m on project [36mcanal.deployer[m: [1;31mCompilation failure[m
[[1;31mERROR[m] [1;31m/home/travis/build/failed/alibaba/canal/deployer/src/main/java/com/alibaba/otter/canal/deployer/CanalController.java:[107,9] cannot find symbol[m
[[1;31mERROR[m] [1;31m  symbol:   variable cid[m
[[1;31mERROR[m] [1;31m  location: class com.alibaba.otter.canal.deployer.CanalController[m
[[1;31mERROR[m] [1;31m[m
[[1;31mERROR[m] -> [1m[Help 1][m
[[1;31mERROR[m] 
[[1;31mERROR[m] To see the full stack trace of the errors, re-run Maven with the [1m-e[m switch.
[[1;31mERROR[m] Re-run Maven using the [1m-X[m switch to enable full debug logging.
[[1;31mERROR[m] 
[[1;31mERROR[m] For more information about the errors and possible solutions, please read the following articles:
[[1;31mERROR[m] [1m[Help 1][m http://cwiki.apache.org/confluence/display/MAVEN/MojoFailureException
[[1;31mERROR[m] 
[[1;31mERROR[m] After correcting the problems, you can resume the build with the command
[[1;31mERROR[m]   [1mmvn <goals> -rf :canal.deployer[m
/home/travis/.travis/functions: line 607:  2565 Terminated              travis_jigger "${!}" "${timeout}" "${cmd[@]}"
travis_time:end:0960b44b:start=1655883759824237440,finish=1655883847011461447,duration=87187224007,event=script[0K[31;1mThe command "travis_wait 30 ./mvnw clean install -DskipTests=false -Dcheckstyle.skip=true -Dmaven.javadoc.skip=true" exited with 1.[0m
travis_fold:start:cache.2[0Kstore build cache
travis_time:start:05e3eb80[0Ktravis_time:end:05e3eb80:start=1655883847016468362,finish=1655883847019853014,duration=3384652,event=cache[0Ktravis_time:start:29956690[0K[32;1mchanges detected, packing new archive[0m
[32;1muploading /[0m
[31;1mfailed to upload cache[0m
travis_time:end:29956690:start=1655883847024454014,finish=1655883860122532692,duration=13098078678,event=cache[0Ktravis_fold:end:cache.2[0K
travis_fold:start:after_failure[0Ktravis_time:start:0d3faac0[0K$ if [ -f canal.log ]; then echo "------TAIL of canal.log------"; tail -n 1000 canal.log; echo "------END of canal.log------"; fi
travis_time:end:0d3faac0:start=1655883860129967075,finish=1655883860135329077,duration=5362002,event=after_failure[0Ktravis_fold:end:after_failure[0K
Done. Your build exited with 1.
