travis_fold:start:system_info[0K[33;1mBuild system information[0m
Build language: java
Build group: stable
Build dist: trusty
Build id: ''
Job id: ''
[34m[1mBuild image provisioning date and time[0m
Tue Dec  5 20:11:19 UTC 2017
[34m[1mOperating System Details[0m
Distributor ID:	Ubuntu
Description:	Ubuntu 14.04.5 LTS
Release:	14.04
Codename:	trusty
[34m[1mCookbooks Version[0m
7c2c6a6 https://github.com/travis-ci/travis-cookbooks/tree/7c2c6a6
[34m[1mgit version[0m
git version 2.15.1
[34m[1mbash version[0m
GNU bash, version 4.3.11(1)-release (x86_64-pc-linux-gnu)
[34m[1mgcc version[0m
gcc (Ubuntu 4.8.4-2ubuntu1~14.04.3) 4.8.4
Copyright (C) 2013 Free Software Foundation, Inc.
This is free software; see the source for copying conditions.  There is NO
warranty; not even for MERCHANTABILITY or FITNESS FOR A PARTICULAR PURPOSE.

[34m[1mdocker version[0m
Client:
 Version:      17.09.0-ce
 API version:  1.32
 Go version:   go1.8.3
 Git commit:   afdb6d4
 Built:        Tue Sep 26 22:39:28 2017
 OS/Arch:      linux/amd64
[34m[1mclang version[0m
clang version 5.0.0 (tags/RELEASE_500/final)
Target: x86_64-unknown-linux-gnu
Thread model: posix
InstalledDir: /usr/local/clang-5.0.0/bin
[34m[1mjq version[0m
jq-1.5
[34m[1mbats version[0m
Bats 0.4.0
[34m[1mshellcheck version[0m
0.4.6
[34m[1mshfmt version[0m
v2.0.0
[34m[1mccache version[0m
ccache version 3.1.9

Copyright (C) 2002-2007 Andrew Tridgell
Copyright (C) 2009-2011 Joel Rosdahl

This program is free software; you can redistribute it and/or modify it under
the terms of the GNU General Public License as published by the Free Software
Foundation; either version 3 of the License, or (at your option) any later
version.
[34m[1mcmake version[0m
cmake version 3.9.2

CMake suite maintained and supported by Kitware (kitware.com/cmake).
[34m[1mheroku version[0m
heroku-cli/6.14.39-addc925 (linux-x64) node-v9.2.0
[34m[1mimagemagick version[0m
Version: ImageMagick 6.7.7-10 2017-07-31 Q16 http://www.imagemagick.org
[34m[1mmd5deep version[0m
4.2
[34m[1mmercurial version[0m
Mercurial Distributed SCM (version 4.2.2)
(see https://mercurial-scm.org for more information)

Copyright (C) 2005-2017 Matt Mackall and others
This is free software; see the source for copying conditions. There is NO
warranty; not even for MERCHANTABILITY or FITNESS FOR A PARTICULAR PURPOSE.
[34m[1mmysql version[0m
mysql  Ver 14.14 Distrib 5.6.33, for debian-linux-gnu (x86_64) using  EditLine wrapper
[34m[1mopenssl version[0m
OpenSSL 1.0.1f 6 Jan 2014
[34m[1mpacker version[0m
Packer v1.0.2

Your version of Packer is out of date! The latest version
is 1.1.2. You can update by downloading from www.packer.io
[34m[1mpostgresql client version[0m
psql (PostgreSQL) 9.6.6
[34m[1mragel version[0m
Ragel State Machine Compiler version 6.8 Feb 2013
Copyright (c) 2001-2009 by Adrian Thurston
[34m[1msubversion version[0m
svn, version 1.8.8 (r1568071)
   compiled Aug 10 2017, 17:20:39 on x86_64-pc-linux-gnu

Copyright (C) 2013 The Apache Software Foundation.
This software consists of contributions made by many people;
see the NOTICE file for more information.
Subversion is open source software, see http://subversion.apache.org/

The following repository access (RA) modules are available:

* ra_svn : Module for accessing a repository using the svn network protocol.
  - with Cyrus SASL authentication
  - handles 'svn' scheme
* ra_local : Module for accessing a repository on local disk.
  - handles 'file' scheme
* ra_serf : Module for accessing a repository via WebDAV protocol using serf.
  - using serf 1.3.3
  - handles 'http' scheme
  - handles 'https' scheme

[34m[1msudo version[0m
Sudo version 1.8.9p5
Configure options: --prefix=/usr -v --with-all-insults --with-pam --with-fqdn --with-logging=syslog --with-logfac=authpriv --with-env-editor --with-editor=/usr/bin/editor --with-timeout=15 --with-password-timeout=0 --with-passprompt=[sudo] password for %p:  --without-lecture --with-tty-tickets --disable-root-mailer --enable-admin-flag --with-sendmail=/usr/sbin/sendmail --with-timedir=/var/lib/sudo --mandir=/usr/share/man --libexecdir=/usr/lib/sudo --with-sssd --with-sssd-lib=/usr/lib/x86_64-linux-gnu --with-selinux
Sudoers policy plugin version 1.8.9p5
Sudoers file grammar version 43

Sudoers path: /etc/sudoers
Authentication methods: 'pam'
Syslog facility if syslog is being used for logging: authpriv
Syslog priority to use when user authenticates successfully: notice
Syslog priority to use when user authenticates unsuccessfully: alert
Send mail if the user is not in sudoers
Use a separate timestamp for each user/tty combo
Lecture user the first time they run sudo
Root may run sudo
Allow some information gathering to give useful error messages
Require fully-qualified hostnames in the sudoers file
Visudo will honor the EDITOR environment variable
Set the LOGNAME and USER environment variables
Length at which to wrap log file lines (0 for no wrap): 80
Authentication timestamp timeout: 15.0 minutes
Password prompt timeout: 0.0 minutes
Number of tries to enter a password: 3
Umask to use or 0777 to use user's: 022
Path to mail program: /usr/sbin/sendmail
Flags for mail program: -t
Address to send mail to: root
Subject line for mail messages: *** SECURITY information for %h ***
Incorrect password message: Sorry, try again.
Path to authentication timestamp dir: /var/lib/sudo
Default password prompt: [sudo] password for %p: 
Default user to run commands as: root
Value to override user's $PATH with: /usr/local/sbin:/usr/local/bin:/usr/sbin:/usr/bin:/sbin:/bin:/snap/bin
Path to the editor for use by visudo: /usr/bin/editor
When to require a password for 'list' pseudocommand: any
When to require a password for 'verify' pseudocommand: all
File descriptors >= 3 will be closed before executing a command
Environment variables to check for sanity:
	TZ
	TERM
	LINGUAS
	LC_*
	LANGUAGE
	LANG
	COLORTERM
Environment variables to remove:
	RUBYOPT
	RUBYLIB
	PYTHONUSERBASE
	PYTHONINSPECT
	PYTHONPATH
	PYTHONHOME
	TMPPREFIX
	ZDOTDIR
	READNULLCMD
	NULLCMD
	FPATH
	PERL5DB
	PERL5OPT
	PERL5LIB
	PERLLIB
	PERLIO_DEBUG 
	JAVA_TOOL_OPTIONS
	SHELLOPTS
	GLOBIGNORE
	PS4
	BASH_ENV
	ENV
	TERMCAP
	TERMPATH
	TERMINFO_DIRS
	TERMINFO
	_RLD*
	LD_*
	PATH_LOCALE
	NLSPATH
	HOSTALIASES
	RES_OPTIONS
	LOCALDOMAIN
	CDPATH
	IFS
Environment variables to preserve:
	JAVA_HOME
	TRAVIS
	CI
	DEBIAN_FRONTEND
	XAUTHORIZATION
	XAUTHORITY
	PS2
	PS1
	PATH
	LS_COLORS
	KRB5CCNAME
	HOSTNAME
	HOME
	DISPLAY
	COLORS
Locale to use while parsing sudoers: C
Directory in which to store input/output logs: /var/log/sudo-io
File in which to store the input/output log: %{seq}
Add an entry to the utmp/utmpx file when allocating a pty
PAM service name to use
PAM service name to use for login shells
Create a new PAM session for the command to run in
Maximum I/O log sequence number: 0

Local IP address and netmask pairs:
	172.17.0.2/255.255.0.0

Sudoers I/O plugin version 1.8.9p5
[34m[1mgzip version[0m
gzip 1.6
Copyright (C) 2007, 2010, 2011 Free Software Foundation, Inc.
Copyright (C) 1993 Jean-loup Gailly.
This is free software.  You may redistribute copies of it under the terms of
the GNU General Public License <http://www.gnu.org/licenses/gpl.html>.
There is NO WARRANTY, to the extent permitted by law.

Written by Jean-loup Gailly.
[34m[1mzip version[0m
Copyright (c) 1990-2008 Info-ZIP - Type 'zip "-L"' for software license.
This is Zip 3.0 (July 5th 2008), by Info-ZIP.
Currently maintained by E. Gordon.  Please send bug reports to
the authors using the web page at www.info-zip.org; see README for details.

Latest sources and executables are at ftp://ftp.info-zip.org/pub/infozip,
as of above date; see http://www.info-zip.org/ for other sites.

Compiled with gcc 4.8.2 for Unix (Linux ELF) on Oct 21 2013.

Zip special compilation options:
	USE_EF_UT_TIME       (store Universal Time)
	BZIP2_SUPPORT        (bzip2 library version 1.0.6, 6-Sept-2010)
	    bzip2 code and library copyright (c) Julian R Seward
	    (See the bzip2 license for terms of use)
	SYMLINK_SUPPORT      (symbolic links supported)
	LARGE_FILE_SUPPORT   (can read and write large files on file system)
	ZIP64_SUPPORT        (use Zip64 to store large files in archives)
	UNICODE_SUPPORT      (store and read UTF-8 Unicode paths)
	STORE_UNIX_UIDs_GIDs (store UID/GID sizes/values using new extra field)
	UIDGID_NOT_16BIT     (old Unix 16-bit UID/GID extra field not used)
	[encryption, version 2.91 of 05 Jan 2007] (modified for Zip 3)

Encryption notice:
	The encryption code of this program is not copyrighted and is
	put in the public domain.  It was originally written in Europe
	and, to the best of our knowledge, can be freely distributed
	in both source and object forms from any country, including
	the USA under License Exception TSU of the U.S. Export
	Administration Regulations (section 740.13(e)) of 6 June 2002.

Zip environment options:
             ZIP:  [none]
          ZIPOPT:  [none]
[34m[1mvim version[0m
VIM - Vi IMproved 7.4 (2013 Aug 10, compiled Nov 24 2016 16:43:18)
Included patches: 1-52
Extra patches: 8.0.0056
Modified by pkg-vim-maintainers@lists.alioth.debian.org
Compiled by buildd@
Huge version without GUI.  Features included (+) or not (-):
+acl             +farsi           +mouse_netterm   +syntax
+arabic          +file_in_path    +mouse_sgr       +tag_binary
+autocmd         +find_in_path    -mouse_sysmouse  +tag_old_static
-balloon_eval    +float           +mouse_urxvt     -tag_any_white
-browse          +folding         +mouse_xterm     -tcl
++builtin_terms  -footer          +multi_byte      +terminfo
+byte_offset     +fork()          +multi_lang      +termresponse
+cindent         +gettext         -mzscheme        +textobjects
-clientserver    -hangul_input    +netbeans_intg   +title
-clipboard       +iconv           +path_extra      -toolbar
+cmdline_compl   +insert_expand   -perl            +user_commands
+cmdline_hist    +jumplist        +persistent_undo +vertsplit
+cmdline_info    +keymap          +postscript      +virtualedit
+comments        +langmap         +printer         +visual
+conceal         +libcall         +profile         +visualextra
+cryptv          +linebreak       +python          +viminfo
+cscope          +lispindent      -python3         +vreplace
+cursorbind      +listcmds        +quickfix        +wildignore
+cursorshape     +localmap        +reltime         +wildmenu
+dialog_con      -lua             +rightleft       +windows
+diff            +menu            -ruby            +writebackup
+digraphs        +mksession       +scrollbind      -X11
-dnd             +modify_fname    +signs           -xfontset
-ebcdic          +mouse           +smartindent     -xim
+emacs_tags      -mouseshape      -sniff           -xsmp
+eval            +mouse_dec       +startuptime     -xterm_clipboard
+ex_extra        +mouse_gpm       +statusline      -xterm_save
+extra_search    -mouse_jsbterm   -sun_workshop    -xpm
   system vimrc file: "$VIM/vimrc"
     user vimrc file: "$HOME/.vimrc"
 2nd user vimrc file: "~/.vim/vimrc"
      user exrc file: "$HOME/.exrc"
  fall-back for $VIM: "/usr/share/vim"
Compilation: gcc -c -I. -Iproto -DHAVE_CONFIG_H     -g -O2 -fstack-protector --param=ssp-buffer-size=4 -Wformat -Werror=format-security -U_FORTIFY_SOURCE -D_FORTIFY_SOURCE=1      
Linking: gcc   -Wl,-Bsymbolic-functions -Wl,-z,relro -Wl,--as-needed -o vim        -lm -ltinfo -lnsl  -lselinux  -lacl -lattr -lgpm -ldl    -L/usr/lib/python2.7/config-x86_64-linux-gnu -lpython2.7 -lpthread -ldl -lutil -lm -Xlinker -export-dynamic -Wl,-O1 -Wl,-Bsymbolic-functions      
[34m[1miptables version[0m
iptables v1.4.21
[34m[1mcurl version[0m
curl 7.35.0 (x86_64-pc-linux-gnu) libcurl/7.35.0 OpenSSL/1.0.1f zlib/1.2.8 libidn/1.28 librtmp/2.3
[34m[1mwget version[0m
GNU Wget 1.15 built on linux-gnu.
[34m[1mrsync version[0m
rsync  version 3.1.0  protocol version 31
[34m[1mgimme version[0m
v1.2.0
[34m[1mnvm version[0m
0.33.6
[34m[1mperlbrew version[0m
/home/travis/perl5/perlbrew/bin/perlbrew  - App::perlbrew/0.80
[34m[1mphpenv version[0m
rbenv 1.1.1-25-g6aa70b6
[34m[1mrvm version[0m
rvm 1.29.3 (latest) by Michal Papis, Piotr Kuczynski, Wayne E. Seguin [https://rvm.io]
[34m[1mdefault ruby version[0m
ruby 2.4.1p111 (2017-03-22 revision 58053) [x86_64-linux]
[34m[1mCouchDB version[0m
couchdb 1.6.1
[34m[1mElasticSearch version[0m
5.5.0
[34m[1mInstalled Firefox version[0m
firefox 56.0.2
[34m[1mMongoDB version[0m
MongoDB 3.4.10
[34m[1mPhantomJS version[0m
2.1.1
[34m[1mPre-installed PostgreSQL versions[0m
9.2.24
9.3.20
9.4.15
9.5.10
9.6.6
[34m[1mRabbitMQ Version[0m
3.6.14
[34m[1mRedis version[0m
redis-server 4.0.6
[34m[1mriak version[0m
2.2.3
[34m[1mPre-installed Go versions[0m
1.7.4
[34m[1mant version[0m
Apache Ant(TM) version 1.9.3 compiled on April 8 2014
[34m[1mmvn version[0m
Apache Maven 3.5.2 (138edd61fd100ec658bfa2d307c43b76940a5d7d; 2017-10-18T07:58:13Z)
Maven home: /usr/local/maven-3.5.2
Java version: 1.8.0_151, vendor: Oracle Corporation
Java home: /usr/lib/jvm/java-8-oracle/jre
Default locale: en_US, platform encoding: UTF-8
OS name: "linux", version: "4.4.0-101-generic", arch: "amd64", family: "unix"
[34m[1mgradle version[0m

------------------------------------------------------------
Gradle 4.0.1
------------------------------------------------------------

Build time:   2017-07-07 14:02:41 UTC
Revision:     38e5dc0f772daecca1d2681885d3d85414eb6826

Groovy:       2.4.11
Ant:          Apache Ant(TM) version 1.9.6 compiled on June 29 2015
JVM:          1.8.0_151 (Oracle Corporation 25.151-b12)
OS:           Linux 4.4.0-101-generic amd64

[34m[1mlein version[0m
Leiningen 2.8.1 on Java 1.8.0_151 Java HotSpot(TM) 64-Bit Server VM
[34m[1mPre-installed Node.js versions[0m
v4.8.6
v6.12.0
v6.12.1
v8.9
v8.9.1
[34m[1mphpenv versions[0m
  system
  5.6
* 5.6.32 (set by /home/travis/.phpenv/version)
  7.0
  7.0.25
  7.1
  7.1.11
  hhvm
  hhvm-stable
[34m[1mcomposer --version[0m
Composer version 1.5.2 2017-09-11 16:59:25
[34m[1mPre-installed Ruby versions[0m
ruby-2.2.7
ruby-2.3.4
ruby-2.4.1
travis_fold:end:system_info[0K
grep: /etc/apt/sources.list.d/*: No such file or directory
sed: cannot rename /etc/hosts: Device or resource busy
sed: cannot rename /etc/hosts: Device or resource busy
$ cd failed/SonarSource/sonar-java

[33;1mSetting environment variables from .travis.yml[0m
$ export TEST=CI

travis_fold:start:cache.1[0KSetting up build cache
$ export CASHER_DIR=$HOME/.casher
travis_time:start:03cd6254[0K
travis_time:end:03cd6254:start=1655879206326210916,finish=1655879206336047963,duration=9837047[0Ktravis_time:start:17f4f71c[0K/home/travis/.casher/bin/casher:213:in `cache_archive_name': undefined method `[]' for nil:NilClass (NoMethodError)
	from /home/travis/.casher/bin/casher:65:in `block in fetch'
	from /home/travis/.casher/bin/casher:64:in `each'
	from /home/travis/.casher/bin/casher:64:in `fetch'
	from /home/travis/.casher/bin/casher:53:in `block in run'
	from /home/travis/.rvm/rubies/ruby-2.2.7/lib/ruby/2.2.0/timeout.rb:88:in `block in timeout'
	from /home/travis/.rvm/rubies/ruby-2.2.7/lib/ruby/2.2.0/timeout.rb:32:in `block in catch'
	from /home/travis/.rvm/rubies/ruby-2.2.7/lib/ruby/2.2.0/timeout.rb:32:in `catch'
	from /home/travis/.rvm/rubies/ruby-2.2.7/lib/ruby/2.2.0/timeout.rb:32:in `catch'
	from /home/travis/.rvm/rubies/ruby-2.2.7/lib/ruby/2.2.0/timeout.rb:103:in `timeout'
	from /home/travis/.casher/bin/casher:53:in `run'
	from /home/travis/.casher/bin/casher:263:in `<main>'
[32;1mattempting to download cache archive[0m

travis_time:end:17f4f71c:start=1655879206347578473,finish=1655879207211913764,duration=864335291[0Ktravis_time:start:00896d9c[0K
travis_time:end:00896d9c:start=1655879207220584340,finish=1655879207227888109,duration=7303769[0Ktravis_time:start:03dc7560[0K[32;1madding /home/travis/.m2/repository to cache[0m
[32;1madding /home/travis/.sonar to cache[0m
[32;1madding /home/travis/jvm to cache[0m
[32;1madding /home/travis/maven to cache[0m

travis_time:end:03dc7560:start=1655879207236892707,finish=1655879208331336955,duration=1094444248[0Ktravis_fold:end:cache.1[0K$ java -Xmx32m -version
Picked up _JAVA_OPTIONS: -Xmx2048m -Xms512m
java version "1.8.0_151"
Java(TM) SE Runtime Environment (build 1.8.0_151-b12)
Java HotSpot(TM) 64-Bit Server VM (build 25.151-b12, mixed mode)
$ javac -J-Xmx32m -version
Picked up _JAVA_OPTIONS: -Xmx2048m -Xms512m
javac 1.8.0_151
travis_fold:start:install[0Ktravis_time:start:24f11281[0K$ true

travis_time:end:24f11281:start=1655879208616293296,finish=1655879208624910642,duration=8617346[0Ktravis_fold:end:install[0Ktravis_time:start:03982cc0[0K$ ./travis.sh
Copy public Maven settings
Setting .npmrc
Setup Maven 3.5.2
Maven 3.5.2 installed
fatal: --unshallow on a complete repository does not make sense
======= Build, no analysis, no deploy
Picked up _JAVA_OPTIONS: -Xmx2048m -Xms512m
Apache Maven 3.5.2 (138edd61fd100ec658bfa2d307c43b76940a5d7d; 2017-10-18T07:58:13Z)
Maven home: /home/travis/maven/apache-maven-3.5.2
Java version: 1.8.0_151, vendor: Oracle Corporation
Java home: /usr/lib/jvm/java-8-oracle/jre
Default locale: en_US, platform encoding: UTF-8
OS name: "linux", version: "4.15.0-109-generic", arch: "amd64", family: "unix"
[INFO] Error stacktraces are turned on.
[INFO] Scanning for projects...
[INFO] ------------------------------------------------------------------------
[INFO] Reactor Build Order:
[INFO] 
[INFO] SonarJava
[INFO] SonarQube Java :: Maven model generator
[INFO] SonarQube Java :: Front-end
[INFO] SonarQube Java :: Check Test tool kit
[INFO] SonarQube Java :: Checks
[INFO] SonarQube Java :: Surefire
[INFO] java-jacoco-previous
[INFO] SonarQube Java :: JaCoCo
[INFO] SonarQube Java :: Plugin
[INFO] SonarQube Java :: JaCoCo Listeners
[INFO] SonarQube Java :: ITs
[INFO] SonarQube Java :: ITs :: Performancing
[INFO] SonarQube Java :: ITs :: Plugin
[INFO] SonarQube Java :: ITs :: Plugin :: Plugins
[INFO] SonarQube Java :: ITS :: Plugin :: Java Extension Plugin
[INFO] SonarQube Java :: ITs :: Plugin :: Tests
[INFO] SonarQube Java :: ITs :: Ruling
[INFO] SonarQube Java :: ITs :: Semantic
[INFO] SonarQube Java :: ITS :: Semantic :: Java Debugging Plugin
[INFO] SonarQube Java :: ITs :: Semantic :: Tests
[INFO] 
[INFO] ------------------------------------------------------------------------
[INFO] Building SonarJava 5.4.0-SNAPSHOT
[INFO] ------------------------------------------------------------------------
[INFO] 
[INFO] --- buildnumber-maven-plugin:1.4:create (default) @ java ---
[INFO] Executing: /bin/sh -c cd '/home/travis/build/failed/SonarSource/sonar-java' && 'git' 'rev-parse' '--verify' 'HEAD'
[INFO] Working directory: /home/travis/build/failed/SonarSource/sonar-java
[INFO] Storing buildNumber: 4cb1065f405edccbb7d229633945b3c56aeab04c at timestamp: 1655879243851
[INFO] Storing buildScmBranch: master
[INFO] 
[INFO] --- maven-enforcer-plugin:3.0.0-M1:enforce (enforce) @ java ---
[INFO] 
[INFO] --- license-maven-plugin:3.0:check (enforce-license-headers) @ java ---
[INFO] Checking licenses...
[INFO] 
[INFO] --- beanshell-maven-plugin:1.4:run (compute-artifact-display-version) @ java ---
[INFO] Executing Script
[INFO] file class java.lang.Object
[INFO] script class java.lang.String
[INFO] evaluating script if (! "5.4.0-SNAPSHOT".endsWith("-SNAPSHOT")) { [+ 14 omitted line(s)]
[INFO] 
[INFO] --- maven-source-plugin:3.0.1:jar-no-fork (attach-sources) @ java ---
[INFO] 
[INFO] ------------------------------------------------------------------------
[INFO] Building SonarQube Java :: Maven model generator 5.4.0-SNAPSHOT
[INFO] ------------------------------------------------------------------------
[INFO] 
[INFO] --- buildnumber-maven-plugin:1.4:create (default) @ java-maven-model ---
[INFO] 
[INFO] --- maven-enforcer-plugin:3.0.0-M1:enforce (enforce) @ java-maven-model ---
[INFO] 
[INFO] --- license-maven-plugin:3.0:check (enforce-license-headers) @ java-maven-model ---
[INFO] Checking licenses...
[INFO] 
[INFO] --- jaxb2-maven-plugin:2.2:xjc (xjc) @ java-maven-model ---
[INFO] No changes detected in schema or binding files - skipping JAXB generation.
[INFO] 
[INFO] --- build-helper-maven-plugin:1.10:add-source (default) @ java-maven-model ---
[INFO] Source directory: /home/travis/build/failed/SonarSource/sonar-java/java-maven-model/target/generated-sources added.
[INFO] 
[INFO] --- beanshell-maven-plugin:1.4:run (compute-artifact-display-version) @ java-maven-model ---
[INFO] Executing Script
[INFO] file class java.lang.Object
[INFO] script class java.lang.String
[INFO] evaluating script if (! "5.4.0-SNAPSHOT".endsWith("-SNAPSHOT")) { [+ 14 omitted line(s)]
[INFO] 
[INFO] --- maven-resources-plugin:3.0.2:resources (default-resources) @ java-maven-model ---
[INFO] Using 'UTF-8' encoding to copy filtered resources.
[INFO] Copying 1 resource
[INFO] 
[INFO] --- maven-compiler-plugin:3.7.0:compile (default-compile) @ java-maven-model ---
[INFO] Nothing to compile - all classes are up to date
[INFO] 
[INFO] --- maven-resources-plugin:3.0.2:testResources (default-testResources) @ java-maven-model ---
[INFO] Using 'UTF-8' encoding to copy filtered resources.
[INFO] skip non existing resourceDirectory /home/travis/build/failed/SonarSource/sonar-java/java-maven-model/src/test/resources
[INFO] 
[INFO] --- maven-compiler-plugin:3.7.0:testCompile (default-testCompile) @ java-maven-model ---
[INFO] Nothing to compile - all classes are up to date
[INFO] 
[INFO] --- maven-surefire-plugin:2.20.1:test (default-test) @ java-maven-model ---
[INFO] Surefire report directory: /home/travis/build/failed/SonarSource/sonar-java/java-maven-model/target/surefire-reports
[INFO] 
[INFO] -------------------------------------------------------
[INFO]  T E S T S
[INFO] -------------------------------------------------------
[INFO] Running org.sonar.maven.model.XmlLocationTest
[INFO] Tests run: 9, Failures: 0, Errors: 0, Skipped: 0, Time elapsed: 3.376 s - in org.sonar.maven.model.XmlLocationTest
[INFO] Running org.sonar.maven.model.LocatedAttributeAdapterTest
[INFO] Tests run: 2, Failures: 0, Errors: 0, Skipped: 0, Time elapsed: 0.147 s - in org.sonar.maven.model.LocatedAttributeAdapterTest
[INFO] 
[INFO] Results:
[INFO] 
[INFO] Tests run: 11, Failures: 0, Errors: 0, Skipped: 0
[INFO] 
[INFO] 
[INFO] --- maven-jar-plugin:3.0.2:jar (default-jar) @ java-maven-model ---
[INFO] 
[INFO] --- maven-source-plugin:3.0.1:jar-no-fork (attach-sources) @ java-maven-model ---
[INFO] Building jar: /home/travis/build/failed/SonarSource/sonar-java/java-maven-model/target/java-maven-model-5.4.0-SNAPSHOT-sources.jar
[INFO] 
[INFO] ------------------------------------------------------------------------
[INFO] Building SonarQube Java :: Front-end 5.4.0-SNAPSHOT
[INFO] ------------------------------------------------------------------------
[INFO] 
[INFO] --- buildnumber-maven-plugin:1.4:create (default) @ java-frontend ---
[INFO] 
[INFO] --- maven-enforcer-plugin:3.0.0-M1:enforce (enforce) @ java-frontend ---
[INFO] 
[INFO] --- license-maven-plugin:3.0:check (enforce-license-headers) @ java-frontend ---
[INFO] Checking licenses...
[INFO] 
[INFO] --- beanshell-maven-plugin:1.4:run (compute-artifact-display-version) @ java-frontend ---
[INFO] Executing Script
[INFO] file class java.lang.Object
[INFO] script class java.lang.String
[INFO] evaluating script if (! "5.4.0-SNAPSHOT".endsWith("-SNAPSHOT")) { [+ 14 omitted line(s)]
[INFO] 
[INFO] --- maven-resources-plugin:3.0.2:resources (default-resources) @ java-frontend ---
[INFO] Using 'UTF-8' encoding to copy filtered resources.
[INFO] skip non existing resourceDirectory /home/travis/build/failed/SonarSource/sonar-java/java-frontend/src/main/resources
[INFO] 
[INFO] --- maven-compiler-plugin:3.7.0:compile (default-compile) @ java-frontend ---
[INFO] Nothing to compile - all classes are up to date
[INFO] 
[INFO] --- maven-dependency-plugin:3.0.2:unpack (unpack-test-projects) @ java-frontend ---
[INFO] Configured Artifact: commons-collections:commons-collections:sources:3.2.1:jar
[INFO] Configured Artifact: commons-collections:commons-collections:3.2.1:jar
[INFO] Configured Artifact: org.apache.struts:struts-core:sources:1.3.9:jar
[INFO] Configured Artifact: org.apache.struts:struts-core:1.3.9:jar
[INFO] commons-collections-3.2.1-sources.jar already unpacked.
[INFO] commons-collections-3.2.1.jar already unpacked.
[INFO] struts-core-1.3.9-sources.jar already unpacked.
[INFO] struts-core-1.3.9.jar already unpacked.
[INFO] 
[INFO] --- maven-resources-plugin:3.0.2:testResources (default-testResources) @ java-frontend ---
[INFO] Using 'UTF-8' encoding to copy filtered resources.
[INFO] Copying 17 resources
[INFO] 
[INFO] --- maven-compiler-plugin:3.7.0:testCompile (default-testCompile) @ java-frontend ---
[INFO] Nothing to compile - all classes are up to date
[INFO] 
[INFO] --- maven-dependency-plugin:3.0.2:copy (copy) @ java-frontend ---
[INFO] Configured Artifact: org.hibernate.javax.persistence:hibernate-jpa-2.0-api:1.0.1.Final:jar
[INFO] Configured Artifact: com.google.code.findbugs:jsr305:1.3.9:jar
[INFO] Configured Artifact: com.google.code.findbugs:annotations:3.0.0:jar
[INFO] Configured Artifact: org.jetbrains:annotations:13.0:jar
[INFO] Configured Artifact: org.projectlombok:lombok:1.16.4:jar
[INFO] Configured Artifact: org.eclipse.jdt:org.eclipse.jdt.annotation:2.1.100:jar
[INFO] Configured Artifact: javax:javaee-api:7.0:jar
[INFO] Configured Artifact: org.apache.commons:commons-lang3:3.5:jar
[INFO] Configured Artifact: commons-lang:commons-lang:2.6:jar
[INFO] Configured Artifact: com.google.guava:guava:20.0:jar
[INFO] Configured Artifact: commons-collections:commons-collections:3.2.1:jar
[INFO] Configured Artifact: org.apache.commons:commons-collections4:4.1:jar
[INFO] Configured Artifact: org.apache.logging.log4j:log4j-core:2.3:jar
[INFO] Configured Artifact: org.springframework:spring-core:4.3.8.RELEASE:jar
[INFO] Configured Artifact: org.junit.jupiter:junit-jupiter-api:5.0.0-M4:jar
[INFO] Configured Artifact: org.aspectj:aspectjtools:1.8.10:jar
[INFO] Configured Artifact: javax:javaee-api:7.0:jar
[INFO] Configured Artifact: javax.servlet:javax.servlet-api:3.1.0:jar
[INFO] Configured Artifact: org.springframework:spring-web:5.0.4.RELEASE:jar
[INFO] Configured Artifact: org.springframework:spring-context:5.0.4.RELEASE:jar
[INFO] org.hibernate.javax.persistence:hibernate-jpa-2.0-api:1.0.1.Final:jar already exists in /home/travis/build/failed/SonarSource/sonar-java/java-frontend/target/test-jars
[INFO] com.google.code.findbugs:jsr305:1.3.9:jar already exists in /home/travis/build/failed/SonarSource/sonar-java/java-frontend/target/test-jars
[INFO] com.google.code.findbugs:annotations:3.0.0:jar already exists in /home/travis/build/failed/SonarSource/sonar-java/java-frontend/target/test-jars
[INFO] org.jetbrains:annotations:13.0:jar already exists in /home/travis/build/failed/SonarSource/sonar-java/java-frontend/target/test-jars
[INFO] org.projectlombok:lombok:1.16.4:jar already exists in /home/travis/build/failed/SonarSource/sonar-java/java-frontend/target/test-jars
[INFO] org.eclipse.jdt:org.eclipse.jdt.annotation:2.1.100:jar already exists in /home/travis/build/failed/SonarSource/sonar-java/java-frontend/target/test-jars
[INFO] javax:javaee-api:7.0:jar already exists in /home/travis/build/failed/SonarSource/sonar-java/java-frontend/target/test-jars
[INFO] org.apache.commons:commons-lang3:3.5:jar already exists in /home/travis/build/failed/SonarSource/sonar-java/java-frontend/target/test-jars
[INFO] commons-lang:commons-lang:2.6:jar already exists in /home/travis/build/failed/SonarSource/sonar-java/java-frontend/target/test-jars
[INFO] com.google.guava:guava:20.0:jar already exists in /home/travis/build/failed/SonarSource/sonar-java/java-frontend/target/test-jars
[INFO] commons-collections:commons-collections:3.2.1:jar already exists in /home/travis/build/failed/SonarSource/sonar-java/java-frontend/target/test-jars
[INFO] org.apache.commons:commons-collections4:4.1:jar already exists in /home/travis/build/failed/SonarSource/sonar-java/java-frontend/target/test-jars
[INFO] org.apache.logging.log4j:log4j-core:2.3:jar already exists in /home/travis/build/failed/SonarSource/sonar-java/java-frontend/target/test-jars
[INFO] org.springframework:spring-core:4.3.8.RELEASE:jar already exists in /home/travis/build/failed/SonarSource/sonar-java/java-frontend/target/test-jars
[INFO] org.junit.jupiter:junit-jupiter-api:5.0.0-M4:jar already exists in /home/travis/build/failed/SonarSource/sonar-java/java-frontend/target/test-jars
[INFO] org.aspectj:aspectjtools:1.8.10:jar already exists in /home/travis/build/failed/SonarSource/sonar-java/java-frontend/target/test-jars
[INFO] javax:javaee-api:7.0:jar already exists in /home/travis/build/failed/SonarSource/sonar-java/java-frontend/target/test-jars
[INFO] javax.servlet:javax.servlet-api:3.1.0:jar already exists in /home/travis/build/failed/SonarSource/sonar-java/java-frontend/target/test-jars
[INFO] org.springframework:spring-web:5.0.4.RELEASE:jar already exists in /home/travis/build/failed/SonarSource/sonar-java/java-frontend/target/test-jars
[INFO] org.springframework:spring-context:5.0.4.RELEASE:jar already exists in /home/travis/build/failed/SonarSource/sonar-java/java-frontend/target/test-jars
[INFO] 
[INFO] --- maven-surefire-plugin:2.20.1:test (default-test) @ java-frontend ---
[INFO] Surefire report directory: /home/travis/build/failed/SonarSource/sonar-java/java-frontend/target/surefire-reports
[INFO] 
[INFO] -------------------------------------------------------
[INFO]  T E S T S
[INFO] -------------------------------------------------------
[INFO] Running org.sonar.java.se.symbolicvalues.SymbolicValueTest
[INFO] Tests run: 6, Failures: 0, Errors: 0, Skipped: 0, Time elapsed: 0.453 s - in org.sonar.java.se.symbolicvalues.SymbolicValueTest
[INFO] Running org.sonar.java.se.checks.RedundantAssignmentsCheckTest
[INFO] Tests run: 1, Failures: 0, Errors: 0, Skipped: 0, Time elapsed: 4.542 s - in org.sonar.java.se.checks.RedundantAssignmentsCheckTest
[INFO] Running org.sonar.java.ast.parser.grammar.literals.IdentifierTest
[INFO] Tests run: 1, Failures: 0, Errors: 0, Skipped: 0, Time elapsed: 0.072 s - in org.sonar.java.ast.parser.grammar.literals.IdentifierTest
[INFO] Running org.sonar.java.model.PackageUtilsTest
[INFO] Tests run: 4, Failures: 0, Errors: 0, Skipped: 0, Time elapsed: 0.002 s - in org.sonar.java.model.PackageUtilsTest
[INFO] Running org.sonar.java.resolve.ScopeTest
[INFO] Tests run: 5, Failures: 0, Errors: 0, Skipped: 0, Time elapsed: 0.678 s - in org.sonar.java.resolve.ScopeTest
[INFO] Running org.sonar.java.model.declaration.UsesDirectiveTreeImplTest
[INFO] Tests run: 2, Failures: 0, Errors: 0, Skipped: 0, Time elapsed: 0.002 s - in org.sonar.java.model.declaration.UsesDirectiveTreeImplTest
[INFO] Running org.sonar.java.collections.SinglyLinkedListTest
[INFO] Tests run: 8, Failures: 0, Errors: 0, Skipped: 0, Time elapsed: 0.006 s - in org.sonar.java.collections.SinglyLinkedListTest
[INFO] Running org.sonar.java.se.checks.LocksNotUnlockedCheckTest
[INFO] Tests run: 3, Failures: 0, Errors: 0, Skipped: 0, Time elapsed: 0.624 s - in org.sonar.java.se.checks.LocksNotUnlockedCheckTest
[INFO] Running org.sonar.java.ast.parser.grammar.statements.StatementTest
[INFO] Tests run: 1, Failures: 0, Errors: 0, Skipped: 0, Time elapsed: 0.013 s - in org.sonar.java.ast.parser.grammar.statements.StatementTest
[INFO] Running org.sonar.java.ast.visitors.FileLinesVisitorTest
[INFO] Tests run: 4, Failures: 0, Errors: 0, Skipped: 0, Time elapsed: 0.779 s - in org.sonar.java.ast.visitors.FileLinesVisitorTest
[INFO] Running org.sonar.java.ast.parser.grammar.classes.MemberDeclTest
[INFO] Tests run: 1, Failures: 0, Errors: 0, Skipped: 0, Time elapsed: 0.001 s - in org.sonar.java.ast.parser.grammar.classes.MemberDeclTest
[INFO] Running org.sonar.java.bytecode.se.BytecodeEGWalkerTest
[INFO] Tests run: 18, Failures: 0, Errors: 0, Skipped: 0, Time elapsed: 1.907 s - in org.sonar.java.bytecode.se.BytecodeEGWalkerTest
[INFO] Running org.sonar.java.se.constraint.ConstraintsByDomainTest
[INFO] Tests run: 9, Failures: 0, Errors: 0, Skipped: 0, Time elapsed: 0.029 s - in org.sonar.java.se.constraint.ConstraintsByDomainTest
[INFO] Running org.sonar.java.ast.parser.grammar.annotations.AnnotationTypeDeclarationTest
[INFO] Tests run: 1, Failures: 0, Errors: 0, Skipped: 0, Time elapsed: 0.024 s - in org.sonar.java.ast.parser.grammar.annotations.AnnotationTypeDeclarationTest
[INFO] Running org.sonar.java.ast.parser.grammar.types.TypeTest
[INFO] Tests run: 1, Failures: 0, Errors: 0, Skipped: 0, Time elapsed: 0.004 s - in org.sonar.java.ast.parser.grammar.types.TypeTest
[INFO] Running org.sonar.java.resolve.JavaSymbolTest
[INFO] Tests run: 11, Failures: 0, Errors: 0, Skipped: 0, Time elapsed: 0.152 s - in org.sonar.java.resolve.JavaSymbolTest
[INFO] Running org.sonar.java.se.checks.NullDereferenceCheckTest
06:28:46.105 INFO  org.sonar.squidbridge.ProgressReport - 1 source files to be analyzed
06:28:46.180 INFO  org.sonar.squidbridge.ProgressReport - 1/1 source files have been analyzed
06:28:46.193 INFO  org.sonar.squidbridge.ProgressReport - 1 source files to be analyzed
06:28:46.301 INFO  org.sonar.squidbridge.ProgressReport - 1/1 source files have been analyzed
06:28:46.320 INFO  org.sonar.squidbridge.ProgressReport - 1 source files to be analyzed
06:28:46.363 INFO  org.sonar.squidbridge.ProgressReport - 1/1 source files have been analyzed
06:28:46.374 INFO  org.sonar.squidbridge.ProgressReport - 1 source files to be analyzed
06:28:46.397 INFO  org.sonar.squidbridge.ProgressReport - 1/1 source files have been analyzed
06:28:46.407 INFO  org.sonar.squidbridge.ProgressReport - 1 source files to be analyzed
06:28:46.760 INFO  org.sonar.squidbridge.ProgressReport - 1/1 source files have been analyzed
06:28:46.778 INFO  org.sonar.squidbridge.ProgressReport - 1 source files to be analyzed
06:28:46.834 INFO  org.sonar.squidbridge.ProgressReport - 1/1 source files have been analyzed
06:28:46.844 INFO  org.sonar.squidbridge.ProgressReport - 1 source files to be analyzed
06:28:46.861 INFO  org.sonar.squidbridge.ProgressReport - 1/1 source files have been analyzed
06:28:46.869 INFO  org.sonar.squidbridge.ProgressReport - 1 source files to be analyzed
06:28:46.887 INFO  org.sonar.squidbridge.ProgressReport - 1/1 source files have been analyzed
06:28:46.893 INFO  org.sonar.squidbridge.ProgressReport - 1 source files to be analyzed
06:28:47.012 INFO  org.sonar.squidbridge.ProgressReport - 1/1 source files have been analyzed
[INFO] Tests run: 9, Failures: 0, Errors: 0, Skipped: 0, Time elapsed: 0.863 s - in org.sonar.java.se.checks.NullDereferenceCheckTest
[INFO] Running org.sonar.java.model.VisitorsBridgeTest
06:28:47.026 WARN  org.sonar.java.model.VisitorsBridge - Classes not found during the analysis : [NotFound00, NotFound01, NotFound02, NotFound03, NotFound04, NotFound05, NotFound06, NotFound07, NotFound08, NotFound09, NotFound10, NotFound11, NotFound12, NotFound13, NotFound14, NotFound15, NotFound16, NotFound17, NotFound18, NotFound19, NotFound20, NotFound21, NotFound22, NotFound23, NotFound24, NotFound25, NotFound26, NotFound27, NotFound28, NotFound29, NotFound30, NotFound31, NotFound32, NotFound33, NotFound34, NotFound35, NotFound36, NotFound37, NotFound38, NotFound39, NotFound40, NotFound41, NotFound42, NotFound43, NotFound44, NotFound45, NotFound46, NotFound47, NotFound48, NotFound49, ...]
06:28:47.039 ERROR org.sonar.java.model.VisitorsBridge - Unable to run check class org.sonar.java.model.VisitorsBridgeTest$$Lambda$388/1307211324 -  on file , To help improve SonarJava, please report this problem to SonarSource : see https://www.sonarqube.org/community/
java.lang.NullPointerException: BimBadaboum
	at org.sonar.java.model.VisitorsBridgeTest.rethrow_exception_when_hidden_property_set_to_true(VisitorsBridgeTest.java:126) ~[test-classes/:na]
	at sun.reflect.NativeMethodAccessorImpl.invoke0(Native Method) ~[na:1.8.0_151]
	at sun.reflect.NativeMethodAccessorImpl.invoke(NativeMethodAccessorImpl.java:62) ~[na:1.8.0_151]
	at sun.reflect.DelegatingMethodAccessorImpl.invoke(DelegatingMethodAccessorImpl.java:43) ~[na:1.8.0_151]
	at java.lang.reflect.Method.invoke(Method.java:498) ~[na:1.8.0_151]
	at org.junit.runners.model.FrameworkMethod$1.runReflectiveCall(FrameworkMethod.java:50) ~[junit-4.12.jar:4.12]
	at org.junit.internal.runners.model.ReflectiveCallable.run(ReflectiveCallable.java:12) ~[junit-4.12.jar:4.12]
	at org.junit.runners.model.FrameworkMethod.invokeExplosively(FrameworkMethod.java:47) ~[junit-4.12.jar:4.12]
	at org.junit.internal.runners.statements.InvokeMethod.evaluate(InvokeMethod.java:17) ~[junit-4.12.jar:4.12]
	at org.junit.rules.ExternalResource$1.evaluate(ExternalResource.java:48) ~[junit-4.12.jar:4.12]
	at org.junit.rules.RunRules.evaluate(RunRules.java:20) ~[junit-4.12.jar:4.12]
	at org.junit.runners.ParentRunner.runLeaf(ParentRunner.java:325) ~[junit-4.12.jar:4.12]
	at org.junit.runners.BlockJUnit4ClassRunner.runChild(BlockJUnit4ClassRunner.java:78) ~[junit-4.12.jar:4.12]
	at org.junit.runners.BlockJUnit4ClassRunner.runChild(BlockJUnit4ClassRunner.java:57) ~[junit-4.12.jar:4.12]
	at org.junit.runners.ParentRunner$3.run(ParentRunner.java:290) ~[junit-4.12.jar:4.12]
	at org.junit.runners.ParentRunner$1.schedule(ParentRunner.java:71) ~[junit-4.12.jar:4.12]
	at org.junit.runners.ParentRunner.runChildren(ParentRunner.java:288) ~[junit-4.12.jar:4.12]
	at org.junit.runners.ParentRunner.access$000(ParentRunner.java:58) ~[junit-4.12.jar:4.12]
	at org.junit.runners.ParentRunner$2.evaluate(ParentRunner.java:268) ~[junit-4.12.jar:4.12]
	at org.junit.runners.ParentRunner.run(ParentRunner.java:363) ~[junit-4.12.jar:4.12]
	at org.apache.maven.surefire.junit4.JUnit4Provider.execute(JUnit4Provider.java:369) ~[surefire-junit4-2.20.1.jar:2.20.1]
	at org.apache.maven.surefire.junit4.JUnit4Provider.executeWithRerun(JUnit4Provider.java:275) ~[surefire-junit4-2.20.1.jar:2.20.1]
	at org.apache.maven.surefire.junit4.JUnit4Provider.executeTestSet(JUnit4Provider.java:239) ~[surefire-junit4-2.20.1.jar:2.20.1]
	at org.apache.maven.surefire.junit4.JUnit4Provider.invoke(JUnit4Provider.java:160) ~[surefire-junit4-2.20.1.jar:2.20.1]
	at org.apache.maven.surefire.booter.ForkedBooter.invokeProviderInSameClassLoader(ForkedBooter.java:373) ~[surefire-booter-2.20.1.jar:2.20.1]
	at org.apache.maven.surefire.booter.ForkedBooter.runSuitesInProcess(ForkedBooter.java:334) ~[surefire-booter-2.20.1.jar:2.20.1]
	at org.apache.maven.surefire.booter.ForkedBooter.execute(ForkedBooter.java:119) ~[surefire-booter-2.20.1.jar:2.20.1]
	at org.apache.maven.surefire.booter.ForkedBooter.main(ForkedBooter.java:407) ~[surefire-booter-2.20.1.jar:2.20.1]
[INFO] Tests run: 3, Failures: 0, Errors: 0, Skipped: 0, Time elapsed: 0.054 s - in org.sonar.java.model.VisitorsBridgeTest
[INFO] Running org.sonar.java.JavaVersionAwareVisitorTest
06:28:47.112 INFO  org.sonar.java.JavaSquid - Java Main Files AST scan
06:28:47.113 INFO  org.sonar.squidbridge.ProgressReport - 1 source files to be analyzed
06:28:47.128 INFO  org.sonar.java.JavaSquid - Java Main Files AST scan (done) | time=16ms
06:28:47.129 INFO  org.sonar.java.JavaSquid - Java Test Files AST scan
06:28:47.128 INFO  org.sonar.squidbridge.ProgressReport - 1/1 source files have been analyzed
06:28:47.129 INFO  org.sonar.squidbridge.ProgressReport - 0 source files to be analyzed
06:28:47.129 INFO  org.sonar.java.JavaSquid - Java Test Files AST scan (done) | time=0ms
06:28:47.130 INFO  org.sonar.squidbridge.ProgressReport - 0/0 source files have been analyzed
06:28:47.134 INFO  org.sonar.java.JavaSquid - Java Main Files AST scan
06:28:47.134 INFO  org.sonar.squidbridge.ProgressReport - 1 source files to be analyzed
06:28:47.138 INFO  org.sonar.java.JavaSquid - Java Main Files AST scan (done) | time=4ms
06:28:47.139 INFO  org.sonar.squidbridge.ProgressReport - 1/1 source files have been analyzed
06:28:47.144 INFO  org.sonar.java.JavaSquid - Java Test Files AST scan
06:28:47.145 INFO  org.sonar.squidbridge.ProgressReport - 0 source files to be analyzed
06:28:47.145 INFO  org.sonar.java.JavaSquid - Java Test Files AST scan (done) | time=6ms
06:28:47.145 INFO  org.sonar.squidbridge.ProgressReport - 0/0 source files have been analyzed
06:28:47.152 INFO  org.sonar.java.JavaSquid - Java Main Files AST scan
06:28:47.152 INFO  org.sonar.squidbridge.ProgressReport - 1 source files to be analyzed
06:28:47.155 INFO  org.sonar.java.JavaSquid - Java Main Files AST scan (done) | time=3ms
06:28:47.155 INFO  org.sonar.squidbridge.ProgressReport - 1/1 source files have been analyzed
06:28:47.155 INFO  org.sonar.java.JavaSquid - Java Test Files AST scan
06:28:47.155 INFO  org.sonar.squidbridge.ProgressReport - 0 source files to be analyzed
06:28:47.156 INFO  org.sonar.java.JavaSquid - Java Test Files AST scan (done) | time=1ms
06:28:47.156 INFO  org.sonar.squidbridge.ProgressReport - 0/0 source files have been analyzed
06:28:47.160 INFO  org.sonar.java.JavaSquid - Java Main Files AST scan
06:28:47.161 INFO  org.sonar.squidbridge.ProgressReport - 1 source files to be analyzed
06:28:47.163 INFO  org.sonar.java.JavaSquid - Java Main Files AST scan (done) | time=3ms
06:28:47.163 INFO  org.sonar.squidbridge.ProgressReport - 1/1 source files have been analyzed
06:28:47.163 INFO  org.sonar.java.JavaSquid - Java Test Files AST scan
06:28:47.163 INFO  org.sonar.squidbridge.ProgressReport - 0 source files to be analyzed
06:28:47.163 INFO  org.sonar.java.JavaSquid - Java Test Files AST scan (done) | time=0ms
06:28:47.164 INFO  org.sonar.squidbridge.ProgressReport - 0/0 source files have been analyzed
06:28:47.167 INFO  org.sonar.java.JavaSquid - Java Main Files AST scan
06:28:47.167 INFO  org.sonar.squidbridge.ProgressReport - 1 source files to be analyzed
06:28:47.169 INFO  org.sonar.java.JavaSquid - Java Main Files AST scan (done) | time=2ms
06:28:47.169 INFO  org.sonar.squidbridge.ProgressReport - 1/1 source files have been analyzed
06:28:47.169 INFO  org.sonar.java.JavaSquid - Java Test Files AST scan
06:28:47.170 INFO  org.sonar.squidbridge.ProgressReport - 0 source files to be analyzed
06:28:47.170 INFO  org.sonar.java.JavaSquid - Java Test Files AST scan (done) | time=1ms
06:28:47.170 INFO  org.sonar.squidbridge.ProgressReport - 0/0 source files have been analyzed
[INFO] Tests run: 4, Failures: 0, Errors: 0, Skipped: 0, Time elapsed: 0.096 s - in org.sonar.java.JavaVersionAwareVisitorTest
[INFO] Running org.sonar.java.resolve.ImportResolutionTest
[INFO] Tests run: 12, Failures: 0, Errors: 0, Skipped: 0, Time elapsed: 0.621 s - in org.sonar.java.resolve.ImportResolutionTest
[INFO] Running org.sonar.java.ast.parser.grammar.enums.EnumDeclarationTest
[INFO] Tests run: 2, Failures: 0, Errors: 0, Skipped: 0, Time elapsed: 0.005 s - in org.sonar.java.ast.parser.grammar.enums.EnumDeclarationTest
[INFO] Running org.sonar.java.se.xproc.MethodYieldTest
[INFO] Tests run: 12, Failures: 0, Errors: 0, Skipped: 0, Time elapsed: 0.306 s - in org.sonar.java.se.xproc.MethodYieldTest
[INFO] Running org.sonar.java.ast.parser.grammar.expressions.RelationalExpressionTest
[INFO] Tests run: 1, Failures: 0, Errors: 0, Skipped: 0, Time elapsed: 0 s - in org.sonar.java.ast.parser.grammar.expressions.RelationalExpressionTest
[INFO] Running org.sonar.java.bytecode.loader.SquidClassLoaderTest
[INFO] Tests run: 13, Failures: 0, Errors: 0, Skipped: 0, Time elapsed: 0.14 s - in org.sonar.java.bytecode.loader.SquidClassLoaderTest
[INFO] Running org.sonar.java.ast.parser.grammar.statements.ExpressionStatementTest
[INFO] Tests run: 1, Failures: 0, Errors: 0, Skipped: 0, Time elapsed: 0.013 s - in org.sonar.java.ast.parser.grammar.statements.ExpressionStatementTest
[INFO] Running org.sonar.java.resolve.Java10SemanticTest
[INFO] Tests run: 14, Failures: 0, Errors: 0, Skipped: 0, Time elapsed: 0.257 s - in org.sonar.java.resolve.Java10SemanticTest
[INFO] Running org.sonar.java.ast.parser.grammar.statements.WhileStatementTest
[INFO] Tests run: 1, Failures: 0, Errors: 0, Skipped: 0, Time elapsed: 0.002 s - in org.sonar.java.ast.parser.grammar.statements.WhileStatementTest
[INFO] Running org.sonar.java.se.ExplodedGraphWalkerTest
06:28:48.596 INFO  org.sonar.squidbridge.ProgressReport - 1 source files to be analyzed
06:28:48.651 INFO  org.sonar.squidbridge.ProgressReport - 1/1 source files have been analyzed
06:28:48.656 INFO  org.sonar.squidbridge.ProgressReport - 1 source files to be analyzed
06:28:48.699 INFO  org.sonar.squidbridge.ProgressReport - 1/1 source files have been analyzed
06:28:48.704 INFO  org.sonar.squidbridge.ProgressReport - 1 source files to be analyzed
06:28:48.713 INFO  org.sonar.squidbridge.ProgressReport - 1/1 source files have been analyzed
06:28:48.718 INFO  org.sonar.squidbridge.ProgressReport - 1 source files to be analyzed
06:28:48.754 INFO  org.sonar.squidbridge.ProgressReport - 1/1 source files have been analyzed
06:28:48.760 INFO  org.sonar.squidbridge.ProgressReport - 1 source files to be analyzed
06:28:48.779 INFO  org.sonar.squidbridge.ProgressReport - 1/1 source files have been analyzed
06:28:48.788 INFO  org.sonar.squidbridge.ProgressReport - 1 source files to be analyzed
06:28:48.853 INFO  org.sonar.squidbridge.ProgressReport - 1/1 source files have been analyzed
06:28:48.859 INFO  org.sonar.squidbridge.ProgressReport - 1 source files to be analyzed
06:28:48.915 INFO  org.sonar.squidbridge.ProgressReport - 1/1 source files have been analyzed
06:28:48.921 INFO  org.sonar.squidbridge.ProgressReport - 1 source files to be analyzed
06:28:48.969 INFO  org.sonar.squidbridge.ProgressReport - 1/1 source files have been analyzed
06:28:48.985 INFO  org.sonar.squidbridge.ProgressReport - 1 source files to be analyzed
06:28:49.016 INFO  org.sonar.squidbridge.ProgressReport - 1/1 source files have been analyzed
06:28:49.021 INFO  org.sonar.squidbridge.ProgressReport - 1 source files to be analyzed
06:28:49.697 INFO  org.sonar.squidbridge.ProgressReport - 1/1 source files have been analyzed
06:28:49.703 INFO  org.sonar.squidbridge.ProgressReport - 1 source files to be analyzed
06:28:49.724 INFO  org.sonar.squidbridge.ProgressReport - 1/1 source files have been analyzed
06:28:49.730 INFO  org.sonar.squidbridge.ProgressReport - 1 source files to be analyzed
06:28:49.742 INFO  org.sonar.squidbridge.ProgressReport - 1/1 source files have been analyzed
06:28:49.773 INFO  org.sonar.squidbridge.ProgressReport - 1 source files to be analyzed
06:28:49.940 INFO  org.sonar.squidbridge.ProgressReport - 1/1 source files have been analyzed
06:28:49.946 INFO  org.sonar.squidbridge.ProgressReport - 1 source files to be analyzed
06:28:50.048 INFO  org.sonar.squidbridge.ProgressReport - 1/1 source files have been analyzed
06:28:50.054 INFO  org.sonar.squidbridge.ProgressReport - 1 source files to be analyzed
06:28:50.083 INFO  org.sonar.squidbridge.ProgressReport - 1/1 source files have been analyzed
06:28:50.126 INFO  org.sonar.squidbridge.ProgressReport - 1 source files to be analyzed
06:28:50.142 INFO  org.sonar.squidbridge.ProgressReport - 1/1 source files have been analyzed
06:28:50.148 INFO  org.sonar.squidbridge.ProgressReport - 1 source files to be analyzed
06:28:50.758 INFO  org.sonar.squidbridge.ProgressReport - 1/1 source files have been analyzed
06:28:50.764 INFO  org.sonar.squidbridge.ProgressReport - 1 source files to be analyzed
06:28:50.870 INFO  org.sonar.squidbridge.ProgressReport - 1/1 source files have been analyzed
06:28:50.890 INFO  org.sonar.squidbridge.ProgressReport - 1 source files to be analyzed
06:28:50.956 INFO  org.sonar.squidbridge.ProgressReport - 1/1 source files have been analyzed
06:28:50.960 INFO  org.sonar.squidbridge.ProgressReport - 1 source files to be analyzed
06:28:50.978 INFO  org.sonar.squidbridge.ProgressReport - 1/1 source files have been analyzed
06:28:50.983 INFO  org.sonar.squidbridge.ProgressReport - 1 source files to be analyzed
06:28:56.279 INFO  org.sonar.squidbridge.ProgressReport - 1/1 source files have been analyzed
06:28:56.337 INFO  org.sonar.squidbridge.ProgressReport - 1 source files to be analyzed
06:28:56.356 INFO  org.sonar.squidbridge.ProgressReport - 1/1 source files have been analyzed
06:28:56.360 INFO  org.sonar.squidbridge.ProgressReport - 1 source files to be analyzed
06:28:56.518 INFO  org.sonar.squidbridge.ProgressReport - 1/1 source files have been analyzed
06:28:56.525 INFO  org.sonar.squidbridge.ProgressReport - 1 source files to be analyzed
06:28:56.706 INFO  org.sonar.squidbridge.ProgressReport - 1/1 source files have been analyzed
06:28:56.712 INFO  org.sonar.squidbridge.ProgressReport - 1 source files to be analyzed
06:28:56.807 INFO  org.sonar.squidbridge.ProgressReport - 1/1 source files have been analyzed
06:28:56.812 INFO  org.sonar.squidbridge.ProgressReport - 1 source files to be analyzed
06:28:56.837 INFO  org.sonar.squidbridge.ProgressReport - 1/1 source files have been analyzed
06:28:56.843 INFO  org.sonar.squidbridge.ProgressReport - 1 source files to be analyzed
06:28:56.992 INFO  org.sonar.squidbridge.ProgressReport - 1/1 source files have been analyzed
06:28:56.999 INFO  org.sonar.squidbridge.ProgressReport - 1 source files to be analyzed
06:28:57.044 INFO  org.sonar.squidbridge.ProgressReport - 1/1 source files have been analyzed
06:28:57.609 INFO  org.sonar.squidbridge.ProgressReport - 1 source files to be analyzed
06:28:57.617 INFO  org.sonar.squidbridge.ProgressReport - 1/1 source files have been analyzed
06:28:57.692 INFO  org.sonar.squidbridge.ProgressReport - 1 source files to be analyzed
06:28:57.725 INFO  org.sonar.squidbridge.ProgressReport - 1/1 source files have been analyzed
06:28:57.729 INFO  org.sonar.squidbridge.ProgressReport - 1 source files to be analyzed
06:28:58.221 INFO  org.sonar.squidbridge.ProgressReport - 1/1 source files have been analyzed
06:28:58.286 INFO  org.sonar.squidbridge.ProgressReport - 1 source files to be analyzed
06:28:58.345 INFO  org.sonar.squidbridge.ProgressReport - 1/1 source files have been analyzed
06:28:58.350 INFO  org.sonar.squidbridge.ProgressReport - 1 source files to be analyzed
06:28:59.747 INFO  org.sonar.squidbridge.ProgressReport - 1/1 source files have been analyzed
06:28:59.751 INFO  org.sonar.squidbridge.ProgressReport - 1 source files to be analyzed
06:28:59.832 INFO  org.sonar.squidbridge.ProgressReport - 1/1 source files have been analyzed
06:28:59.836 INFO  org.sonar.squidbridge.ProgressReport - 1 source files to be analyzed
06:28:59.939 INFO  org.sonar.squidbridge.ProgressReport - 1/1 source files have been analyzed
06:28:59.943 INFO  org.sonar.squidbridge.ProgressReport - 1 source files to be analyzed
[INFO] Tests run: 31, Failures: 0, Errors: 0, Skipped: 0, Time elapsed: 11.438 s - in org.sonar.java.se.ExplodedGraphWalkerTest
[INFO] Running org.sonar.java.matcher.MethodMatcherTest
06:28:59.999 INFO  org.sonar.squidbridge.ProgressReport - 1/1 source files have been analyzed
06:29:00.056 INFO  org.sonar.squidbridge.ProgressReport - 1 source files to be analyzed
06:29:00.119 INFO  org.sonar.squidbridge.ProgressReport - 1/1 source files have been analyzed
06:29:00.303 INFO  org.sonar.squidbridge.ProgressReport - 1 source files to be analyzed
06:29:00.378 INFO  org.sonar.squidbridge.ProgressReport - 1/1 source files have been analyzed
[INFO] Tests run: 19, Failures: 0, Errors: 0, Skipped: 0, Time elapsed: 0.427 s - in org.sonar.java.matcher.MethodMatcherTest
[INFO] Running org.sonar.java.model.statement.ContinueStatementTreeImplTest
[INFO] Tests run: 2, Failures: 0, Errors: 0, Skipped: 0, Time elapsed: 0 s - in org.sonar.java.model.statement.ContinueStatementTreeImplTest
[INFO] Running org.sonar.java.se.checks.SyntaxTreeNameFinderTest
[INFO] Tests run: 8, Failures: 0, Errors: 0, Skipped: 0, Time elapsed: 0.007 s - in org.sonar.java.se.checks.SyntaxTreeNameFinderTest
[INFO] Running org.sonar.java.ast.parser.grammar.moduledirectives.OpensDirectiveTest
[INFO] Tests run: 1, Failures: 0, Errors: 0, Skipped: 0, Time elapsed: 0.046 s - in org.sonar.java.ast.parser.grammar.moduledirectives.OpensDirectiveTest
[INFO] Running org.sonar.java.cfg.CFGTest
[INFO] Tests run: 73, Failures: 0, Errors: 0, Skipped: 0, Time elapsed: 1.2 s - in org.sonar.java.cfg.CFGTest
[INFO] Running org.sonar.java.model.JavaTreeModelTest
[INFO] Tests run: 77, Failures: 0, Errors: 0, Skipped: 0, Time elapsed: 0.276 s - in org.sonar.java.model.JavaTreeModelTest
[INFO] Running org.sonar.java.ast.parser.grammar.types.TypeParameterTest
[INFO] Tests run: 1, Failures: 0, Errors: 0, Skipped: 0, Time elapsed: 0.001 s - in org.sonar.java.ast.parser.grammar.types.TypeParameterTest
[INFO] Running org.sonar.java.JavaTestClasspathTest
06:29:02.023 INFO  org.sonar.java.JavaTestClasspath - JavaTestClasspath initialization
06:29:02.028 WARN  org.sonar.java.JavaTestClasspath - Bytecode of dependencies was not provided for analysis of test files, you might end up with less precise results. Bytecode can be provided using sonar.java.test.libraries property
06:29:02.028 INFO  org.sonar.java.JavaTestClasspath - JavaTestClasspath initialization (done) | time=5ms
06:29:02.028 INFO  org.sonar.java.JavaTestClasspath - JavaTestClasspath initialization
06:29:02.277 INFO  org.sonar.java.JavaTestClasspath - JavaTestClasspath initialization (done) | time=249ms
06:29:02.283 INFO  org.sonar.java.JavaTestClasspath - JavaTestClasspath initialization
06:29:02.285 ERROR org.sonar.java.AbstractJavaClasspath - Invalid value for sonar.java.test.libraries
06:29:02.285 INFO  org.sonar.java.JavaTestClasspath - JavaTestClasspath initialization
06:29:02.285 INFO  org.sonar.java.JavaTestClasspath - JavaTestClasspath initialization (done) | time=0ms
[INFO] Tests run: 5, Failures: 0, Errors: 0, Skipped: 0, Time elapsed: 0.306 s - in org.sonar.java.JavaTestClasspathTest
[INFO] Running org.sonar.java.resolve.MethodJavaSymbolTest
06:29:02.400 INFO  org.sonar.squidbridge.ProgressReport - 1 source files to be analyzed
06:29:02.505 INFO  org.sonar.squidbridge.ProgressReport - 1/1 source files have been analyzed
06:29:02.642 INFO  org.sonar.squidbridge.ProgressReport - 1 source files to be analyzed
06:29:02.685 INFO  org.sonar.squidbridge.ProgressReport - 1/1 source files have been analyzed
06:29:02.687 INFO  org.sonar.squidbridge.ProgressReport - 1 source files to be analyzed
06:29:03.077 INFO  org.sonar.squidbridge.ProgressReport - 1/1 source files have been analyzed
06:29:03.087 INFO  org.sonar.squidbridge.ProgressReport - 1 source files to be analyzed
06:29:03.096 INFO  org.sonar.squidbridge.ProgressReport - 1/1 source files have been analyzed
06:29:03.152 INFO  org.sonar.squidbridge.ProgressReport - 1 source files to be analyzed
[INFO] Tests run: 5, Failures: 0, Errors: 0, Skipped: 0, Time elapsed: 0.873 s - in org.sonar.java.resolve.MethodJavaSymbolTest
[INFO] Running org.sonar.java.se.checks.debug.DebugMethodYieldsOnInvocationsCheckTest
06:29:03.160 INFO  org.sonar.squidbridge.ProgressReport - 1/1 source files have been analyzed
06:29:03.299 INFO  org.sonar.squidbridge.ProgressReport - 1 source files to be analyzed
06:29:03.383 INFO  org.sonar.squidbridge.ProgressReport - 1/1 source files have been analyzed
06:29:03.387 INFO  org.sonar.squidbridge.ProgressReport - 1 source files to be analyzed
06:29:03.522 INFO  org.sonar.squidbridge.ProgressReport - 1/1 source files have been analyzed
[INFO] Tests run: 2, Failures: 0, Errors: 0, Skipped: 0, Time elapsed: 0.36 s - in org.sonar.java.se.checks.debug.DebugMethodYieldsOnInvocationsCheckTest
[INFO] Running org.sonar.java.xml.XmlAnalyzerTest
06:29:03.719 WARN  org.sonar.java.xml.XmlAnalyzer - No 'xml' file have been indexed.
06:29:03.721 INFO  org.sonar.squidbridge.ProgressReport - 1 source files to be analyzed
06:29:08.652 INFO  org.sonar.squidbridge.ProgressReport - 1/1 source files have been analyzed
06:29:08.666 INFO  org.sonar.squidbridge.ProgressReport - 1 source files to be analyzed
06:29:08.677 INFO  org.sonar.squidbridge.ProgressReport - 1 source files to be analyzed
06:29:08.734 INFO  org.sonar.squidbridge.ProgressReport - 1/1 source files have been analyzed
06:29:08.735 INFO  org.sonar.squidbridge.ProgressReport - 1 source files to be analyzed
06:29:08.784 INFO  org.sonar.squidbridge.ProgressReport - 1/1 source files have been analyzed
06:29:08.786 INFO  org.sonar.squidbridge.ProgressReport - 1 source files to be analyzed
06:29:08.828 INFO  org.sonar.squidbridge.ProgressReport - 1/1 source files have been analyzed
06:29:08.830 INFO  org.sonar.squidbridge.ProgressReport - 1 source files to be analyzed
06:29:08.895 INFO  org.sonar.squidbridge.ProgressReport - 1/1 source files have been analyzed
06:29:08.896 INFO  org.sonar.squidbridge.ProgressReport - 0 source files to be analyzed
06:29:08.897 INFO  org.sonar.squidbridge.ProgressReport - 0/0 source files have been analyzed
06:29:08.898 INFO  org.sonar.squidbridge.ProgressReport - 1 source files to be analyzed
06:29:08.943 INFO  org.sonar.squidbridge.ProgressReport - 1/1 source files have been analyzed
06:29:08.945 INFO  org.sonar.squidbridge.ProgressReport - 1 source files to be analyzed
06:29:08.975 INFO  org.sonar.squidbridge.ProgressReport - 1/1 source files have been analyzed
06:29:08.976 INFO  org.sonar.squidbridge.ProgressReport - 1 source files to be analyzed
06:29:09.074 ERROR org.sonar.java.xml.XmlParser - Unable to parse xml file: src/test/files/xml/maven/parse-issue/pom.xml
06:29:09.075 INFO  org.sonar.squidbridge.ProgressReport - 1/1 source files have been analyzed
[INFO] Tests run: 11, Failures: 0, Errors: 0, Skipped: 0, Time elapsed: 5.55 s - in org.sonar.java.xml.XmlAnalyzerTest
[INFO] Running org.sonar.java.ast.visitors.PublicApiCheckerTest
[INFO] Tests run: 2, Failures: 0, Errors: 0, Skipped: 0, Time elapsed: 0.325 s - in org.sonar.java.ast.visitors.PublicApiCheckerTest
[INFO] Running org.sonar.java.ast.api.JavaRestrictedKeywordTest
[INFO] Tests run: 1, Failures: 0, Errors: 0, Skipped: 0, Time elapsed: 0 s - in org.sonar.java.ast.api.JavaRestrictedKeywordTest
[INFO] Running org.sonar.java.ast.parser.grammar.statements.ThrowStatementTest
[INFO] Tests run: 1, Failures: 0, Errors: 0, Skipped: 0, Time elapsed: 0 s - in org.sonar.java.ast.parser.grammar.statements.ThrowStatementTest
[INFO] Running org.sonar.java.se.checks.ConditionAlwaysTrueOrFalseCheckTest
06:29:09.411 INFO  org.sonar.squidbridge.ProgressReport - 1 source files to be analyzed
06:29:09.605 INFO  org.sonar.squidbridge.ProgressReport - 1/1 source files have been analyzed
06:29:09.608 INFO  org.sonar.squidbridge.ProgressReport - 1 source files to be analyzed
06:29:09.698 INFO  org.sonar.squidbridge.ProgressReport - 1/1 source files have been analyzed
06:29:09.702 INFO  org.sonar.squidbridge.ProgressReport - 1 source files to be analyzed
06:29:09.823 INFO  org.sonar.squidbridge.ProgressReport - 1/1 source files have been analyzed
06:29:09.827 INFO  org.sonar.squidbridge.ProgressReport - 1 source files to be analyzed
06:29:09.909 INFO  org.sonar.squidbridge.ProgressReport - 1/1 source files have been analyzed
06:29:09.914 INFO  org.sonar.squidbridge.ProgressReport - 1 source files to be analyzed
06:29:10.209 INFO  org.sonar.squidbridge.ProgressReport - 1/1 source files have been analyzed
06:29:10.269 INFO  org.sonar.squidbridge.ProgressReport - 1 source files to be analyzed
06:29:10.412 INFO  org.sonar.squidbridge.ProgressReport - 1/1 source files have been analyzed
06:29:10.416 INFO  org.sonar.squidbridge.ProgressReport - 1 source files to be analyzed
06:29:11.301 INFO  org.sonar.squidbridge.ProgressReport - 1/1 source files have been analyzed
06:29:11.311 INFO  org.sonar.squidbridge.ProgressReport - 1 source files to be analyzed
06:29:11.391 INFO  org.sonar.squidbridge.ProgressReport - 1/1 source files have been analyzed
06:29:11.395 INFO  org.sonar.squidbridge.ProgressReport - 1 source files to be analyzed
06:29:11.477 INFO  org.sonar.squidbridge.ProgressReport - 1/1 source files have been analyzed
06:29:11.481 INFO  org.sonar.squidbridge.ProgressReport - 1 source files to be analyzed
[INFO] Tests run: 10, Failures: 0, Errors: 0, Skipped: 0, Time elapsed: 2.182 s - in org.sonar.java.se.checks.ConditionAlwaysTrueOrFalseCheckTest
06:29:11.593 INFO  org.sonar.squidbridge.ProgressReport - 1/1 source files have been analyzed
[INFO] Running org.sonar.java.ast.parser.grammar.moduledirectives.UsesDirectiveTest
[INFO] Tests run: 1, Failures: 0, Errors: 0, Skipped: 0, Time elapsed: 0.001 s - in org.sonar.java.ast.parser.grammar.moduledirectives.UsesDirectiveTest
[INFO] Running org.sonar.java.ast.parser.grammar.literals.StringLiteralTest
[INFO] Tests run: 2, Failures: 0, Errors: 0, Skipped: 0, Time elapsed: 0.002 s - in org.sonar.java.ast.parser.grammar.literals.StringLiteralTest
[INFO] Running org.sonar.java.matcher.MethodMatcherCollectionTest
[INFO] Tests run: 9, Failures: 0, Errors: 0, Skipped: 0, Time elapsed: 0.014 s - in org.sonar.java.matcher.MethodMatcherCollectionTest
[INFO] Running org.sonar.java.ast.parser.grammar.statements.ForStatementTest
[INFO] Tests run: 1, Failures: 0, Errors: 0, Skipped: 0, Time elapsed: 0.001 s - in org.sonar.java.ast.parser.grammar.statements.ForStatementTest
[INFO] Running org.sonar.java.resolve.TypeInferenceSolverTest
[INFO] Tests run: 5, Failures: 0, Errors: 0, Skipped: 0, Time elapsed: 0.216 s - in org.sonar.java.resolve.TypeInferenceSolverTest
[INFO] Running org.sonar.java.ast.parser.grammar.statements.BlockStatementTest
[INFO] Tests run: 1, Failures: 0, Errors: 0, Skipped: 0, Time elapsed: 0 s - in org.sonar.java.ast.parser.grammar.statements.BlockStatementTest
[INFO] Running org.sonar.java.ast.parser.grammar.CornerCasesTest
[INFO] Tests run: 1, Failures: 0, Errors: 0, Skipped: 0, Time elapsed: 0.028 s - in org.sonar.java.ast.parser.grammar.CornerCasesTest
[INFO] Running org.sonar.java.resolve.TypesTest
[INFO] Tests run: 2, Failures: 0, Errors: 0, Skipped: 0, Time elapsed: 0 s - in org.sonar.java.resolve.TypesTest
[INFO] Running org.sonar.java.resolve.ConstantTest
06:29:12.009 INFO  org.sonar.squidbridge.ProgressReport - 1 source files to be analyzed
[INFO] Tests run: 1, Failures: 0, Errors: 0, Skipped: 0, Time elapsed: 0.157 s - in org.sonar.java.resolve.ConstantTest
06:29:12.071 INFO  org.sonar.squidbridge.ProgressReport - 1/1 source files have been analyzed
[INFO] Running org.sonar.java.ast.parser.JavaParserTest
[INFO] Tests run: 2, Failures: 0, Errors: 0, Skipped: 0, Time elapsed: 0.002 s - in org.sonar.java.ast.parser.JavaParserTest
[INFO] Running org.sonar.java.bytecode.cfg.BytecodeListingParserTest
[INFO] Tests run: 2, Failures: 0, Errors: 0, Skipped: 0, Time elapsed: 0.134 s - in org.sonar.java.bytecode.cfg.BytecodeListingParserTest
[INFO] Running org.sonar.java.resolve.BytecodeCompleterTest
06:29:13.309 WARN  o.sonar.java.resolve.BytecodeVisitor - bridge method setSliderMinValue not marked as synthetic in class model42/PresentationModel42
06:29:13.309 WARN  o.sonar.java.resolve.BytecodeVisitor - bridge method setSliderMaxValue not marked as synthetic in class model42/PresentationModel42
06:29:13.309 WARN  o.sonar.java.resolve.BytecodeVisitor - bridge method setSliderValue not marked as synthetic in class model42/PresentationModel42
06:29:13.309 WARN  o.sonar.java.resolve.BytecodeVisitor - bridge method setSliderEnabled not marked as synthetic in class model42/PresentationModel42
06:29:13.309 WARN  o.sonar.java.resolve.BytecodeVisitor - bridge method setAutoSliderCheckboxSelected not marked as synthetic in class model42/PresentationModel42
06:29:13.310 WARN  o.sonar.java.resolve.BytecodeVisitor - bridge method setAutoSliderCheckboxEnabled not marked as synthetic in class model42/PresentationModel42
06:29:13.310 WARN  o.sonar.java.resolve.BytecodeVisitor - bridge method setAutoSliderLowerLimit not marked as synthetic in class model42/PresentationModel42
06:29:13.310 WARN  o.sonar.java.resolve.BytecodeVisitor - bridge method setAutoSliderUpperLimit not marked as synthetic in class model42/PresentationModel42
06:29:13.310 WARN  o.sonar.java.resolve.BytecodeVisitor - bridge method setDoPaintAutoSliderRange not marked as synthetic in class model42/PresentationModel42
06:29:13.310 WARN  o.sonar.java.resolve.BytecodeVisitor - bridge method setCpuLoadSetpointPercentage not marked as synthetic in class model42/PresentationModel42
06:29:13.310 WARN  o.sonar.java.resolve.BytecodeVisitor - bridge method setAdjustIntervalSeconds not marked as synthetic in class model42/PresentationModel42
06:29:13.310 WARN  o.sonar.java.resolve.BytecodeVisitor - bridge method setActualNumberOfWorkers not marked as synthetic in class model42/PresentationModel42
[INFO] Tests run: 41, Failures: 0, Errors: 0, Skipped: 0, Time elapsed: 1.992 s - in org.sonar.java.resolve.BytecodeCompleterTest
[INFO] Running org.sonar.java.model.declaration.ClassTreeImplTest
[INFO] Tests run: 2, Failures: 0, Errors: 0, Skipped: 0, Time elapsed: 0.007 s - in org.sonar.java.model.declaration.ClassTreeImplTest
[INFO] Running org.sonar.java.bytecode.cfg.BytecodeCFGConstructionTest
[INFO] Tests run: 156, Failures: 0, Errors: 0, Skipped: 0, Time elapsed: 0.113 s - in org.sonar.java.bytecode.cfg.BytecodeCFGConstructionTest
[INFO] Running org.sonar.java.UCFGJavaVisitorTest
[INFO] Tests run: 19, Failures: 0, Errors: 0, Skipped: 0, Time elapsed: 1.662 s - in org.sonar.java.UCFGJavaVisitorTest
[INFO] Running org.sonar.java.bytecode.loader.FileSystemLoaderTest
[INFO] Tests run: 4, Failures: 0, Errors: 0, Skipped: 0, Time elapsed: 0 s - in org.sonar.java.bytecode.loader.FileSystemLoaderTest
[INFO] Running org.sonar.java.model.VisitorsBridgeForTestsTest
[INFO] Tests run: 1, Failures: 0, Errors: 0, Skipped: 0, Time elapsed: 0.072 s - in org.sonar.java.model.VisitorsBridgeForTestsTest
[INFO] Running org.sonar.java.model.declaration.ExportsDirectiveTreeImplTest
[INFO] Tests run: 3, Failures: 0, Errors: 0, Skipped: 0, Time elapsed: 0.175 s - in org.sonar.java.model.declaration.ExportsDirectiveTreeImplTest
[INFO] Running org.sonar.java.ast.parser.grammar.statements.DoStatementTest
[INFO] Tests run: 1, Failures: 0, Errors: 0, Skipped: 0, Time elapsed: 0 s - in org.sonar.java.ast.parser.grammar.statements.DoStatementTest
[INFO] Running org.sonar.java.ast.parser.grammar.parameters.FormalParameterDeclsRestTest
[INFO] Tests run: 2, Failures: 0, Errors: 0, Skipped: 0, Time elapsed: 0.001 s - in org.sonar.java.ast.parser.grammar.parameters.FormalParameterDeclsRestTest
[INFO] Running org.sonar.java.ast.visitors.SonarSymbolTableVisitorTest
06:29:16.508 INFO  org.sonar.squidbridge.ProgressReport - 1 source files to be analyzed
06:29:16.588 INFO  org.sonar.squidbridge.ProgressReport - 1/1 source files have been analyzed
[INFO] Tests run: 1, Failures: 0, Errors: 0, Skipped: 0, Time elapsed: 0.325 s - in org.sonar.java.ast.visitors.SonarSymbolTableVisitorTest
[INFO] Running org.sonar.java.ast.parser.grammar.statements.SwitchLabelTest
[INFO] Tests run: 1, Failures: 0, Errors: 0, Skipped: 0, Time elapsed: 0.002 s - in org.sonar.java.ast.parser.grammar.statements.SwitchLabelTest
[INFO] Running org.sonar.java.model.declaration.ModuleDeclarationTreeImplTest
[INFO] Tests run: 3, Failures: 0, Errors: 0, Skipped: 0, Time elapsed: 0.053 s - in org.sonar.java.model.declaration.ModuleDeclarationTreeImplTest
[INFO] Running org.sonar.java.resolve.MethodReferenceResolutionTest
[INFO] Tests run: 9, Failures: 0, Errors: 0, Skipped: 0, Time elapsed: 0.77 s - in org.sonar.java.resolve.MethodReferenceResolutionTest
[INFO] Running org.sonar.java.xml.XmlParserTest
06:29:17.538 ERROR org.sonar.java.xml.XmlParser - Unable to parse xml file: src/test/files/xml/parsing-issue.xml
06:29:17.599 DEBUG org.sonar.java.xml.XmlParser - XML file parsing failed because of : org.xml.sax.SAXParseException; systemId: file:/home/travis/build/failed/SonarSource/sonar-java/java-frontend/src/test/files/xml/parsing-issue.xml; lineNumber: 2; columnNumber: 1; XML document structures must start and end within the same entity.
	at com.sun.org.apache.xerces.internal.util.ErrorHandlerWrapper.createSAXParseException(ErrorHandlerWrapper.java:203)
	at com.sun.org.apache.xerces.internal.util.ErrorHandlerWrapper.fatalError(ErrorHandlerWrapper.java:177)
	at com.sun.org.apache.xerces.internal.impl.XMLErrorReporter.reportError(XMLErrorReporter.java:400)
	at com.sun.org.apache.xerces.internal.impl.XMLErrorReporter.reportError(XMLErrorReporter.java:327)
	at com.sun.org.apache.xerces.internal.impl.XMLScanner.reportFatalError(XMLScanner.java:1472)
	at com.sun.org.apache.xerces.internal.impl.XMLDocumentFragmentScannerImpl.endEntity(XMLDocumentFragmentScannerImpl.java:899)
	at com.sun.org.apache.xerces.internal.impl.XMLDocumentScannerImpl.endEntity(XMLDocumentScannerImpl.java:559)
	at com.sun.org.apache.xerces.internal.impl.XMLEntityManager.endEntity(XMLEntityManager.java:1398)
	at com.sun.org.apache.xerces.internal.impl.XMLEntityScanner.load(XMLEntityScanner.java:1916)
	at com.sun.org.apache.xerces.internal.impl.XMLEntityScanner.skipChar(XMLEntityScanner.java:1551)
	at com.sun.org.apache.xerces.internal.impl.XMLDocumentFragmentScannerImpl$FragmentContentDriver.next(XMLDocumentFragmentScannerImpl.java:2821)
	at com.sun.org.apache.xerces.internal.impl.XMLDocumentScannerImpl.next(XMLDocumentScannerImpl.java:602)
	at com.sun.org.apache.xerces.internal.impl.XMLDocumentFragmentScannerImpl.scanDocument(XMLDocumentFragmentScannerImpl.java:505)
	at com.sun.org.apache.xerces.internal.parsers.XML11Configuration.parse(XML11Configuration.java:841)
	at com.sun.org.apache.xerces.internal.parsers.XML11Configuration.parse(XML11Configuration.java:770)
	at com.sun.org.apache.xerces.internal.parsers.XMLParser.parse(XMLParser.java:141)
	at com.sun.org.apache.xerces.internal.parsers.AbstractSAXParser.parse(AbstractSAXParser.java:1213)
	at com.sun.org.apache.xerces.internal.jaxp.SAXParserImpl$JAXPSAXParser.parse(SAXParserImpl.java:643)
	at com.sun.org.apache.xerces.internal.jaxp.SAXParserImpl.parse(SAXParserImpl.java:327)
	at javax.xml.parsers.SAXParser.parse(SAXParser.java:328)
	at org.sonar.java.xml.XmlParser.parseXML(XmlParser.java:64)
	at org.sonar.java.xml.XmlParserTest.should_return_null_when_encountering_parsing_issue(XmlParserTest.java:69)
	at sun.reflect.NativeMethodAccessorImpl.invoke0(Native Method)
	at sun.reflect.NativeMethodAccessorImpl.invoke(NativeMethodAccessorImpl.java:62)
	at sun.reflect.DelegatingMethodAccessorImpl.invoke(DelegatingMethodAccessorImpl.java:43)
	at java.lang.reflect.Method.invoke(Method.java:498)
	at org.junit.runners.model.FrameworkMethod$1.runReflectiveCall(FrameworkMethod.java:50)
	at org.junit.internal.runners.model.ReflectiveCallable.run(ReflectiveCallable.java:12)
	at org.junit.runners.model.FrameworkMethod.invokeExplosively(FrameworkMethod.java:47)
	at org.junit.internal.runners.statements.InvokeMethod.evaluate(InvokeMethod.java:17)
	at org.junit.internal.runners.statements.RunBefores.evaluate(RunBefores.java:26)
	at org.junit.rules.ExternalResource$1.evaluate(ExternalResource.java:48)
	at org.junit.rules.RunRules.evaluate(RunRules.java:20)
	at org.junit.runners.ParentRunner.runLeaf(ParentRunner.java:325)
	at org.junit.runners.BlockJUnit4ClassRunner.runChild(BlockJUnit4ClassRunner.java:78)
	at org.junit.runners.BlockJUnit4ClassRunner.runChild(BlockJUnit4ClassRunner.java:57)
	at org.junit.runners.ParentRunner$3.run(ParentRunner.java:290)
	at org.junit.runners.ParentRunner$1.schedule(ParentRunner.java:71)
	at org.junit.runners.ParentRunner.runChildren(ParentRunner.java:288)
	at org.junit.runners.ParentRunner.access$000(ParentRunner.java:58)
	at org.junit.runners.ParentRunner$2.evaluate(ParentRunner.java:268)
	at org.junit.runners.ParentRunner.run(ParentRunner.java:363)
	at org.apache.maven.surefire.junit4.JUnit4Provider.execute(JUnit4Provider.java:369)
	at org.apache.maven.surefire.junit4.JUnit4Provider.executeWithRerun(JUnit4Provider.java:275)
	at org.apache.maven.surefire.junit4.JUnit4Provider.executeTestSet(JUnit4Provider.java:239)
	at org.apache.maven.surefire.junit4.JUnit4Provider.invoke(JUnit4Provider.java:160)
	at org.apache.maven.surefire.booter.ForkedBooter.invokeProviderInSameClassLoader(ForkedBooter.java:373)
	at org.apache.maven.surefire.booter.ForkedBooter.runSuitesInProcess(ForkedBooter.java:334)
	at org.apache.maven.surefire.booter.ForkedBooter.execute(ForkedBooter.java:119)
	at org.apache.maven.surefire.booter.ForkedBooter.main(ForkedBooter.java:407)

06:29:17.647 ERROR org.sonar.java.xml.XmlParser - Unable to parse xml file: src/test/files/xml/parsing-issue.xml
06:29:17.649 WARN  org.sonar.java.xml.XmlParser - File src/test/files/xml/empty.xml is empty and won't be analyzed.
[INFO] Tests run: 8, Failures: 0, Errors: 0, Skipped: 0, Time elapsed: 0.148 s - in org.sonar.java.xml.XmlParserTest
[INFO] Running org.sonar.java.se.checks.InvariantReturnCheckTest
06:29:17.654 INFO  org.sonar.squidbridge.ProgressReport - 1 source files to be analyzed
06:29:18.003 INFO  org.sonar.squidbridge.ProgressReport - 1/1 source files have been analyzed
[INFO] Tests run: 1, Failures: 0, Errors: 0, Skipped: 0, Time elapsed: 0.352 s - in org.sonar.java.se.checks.InvariantReturnCheckTest
[INFO] Running org.sonar.java.se.checks.StreamNotConsumedCheckTest
06:29:18.008 INFO  org.sonar.squidbridge.ProgressReport - 1 source files to be analyzed
[INFO] Tests run: 1, Failures: 0, Errors: 0, Skipped: 0, Time elapsed: 0.126 s - in org.sonar.java.se.checks.StreamNotConsumedCheckTest
[INFO] Running org.sonar.java.model.JavaVersionImplTest
06:29:18.134 INFO  org.sonar.squidbridge.ProgressReport - 1/1 source files have been analyzed
06:29:18.135 WARN  org.sonar.java.model.JavaVersionImpl - Invalid java version (got "jdk1.6"). The version will be ignored. Accepted formats are "1.X", or simply "X" (for instance: "1.5" or "5", "1.6" or "6", "1.7" or "7", etc.)
[INFO] Tests run: 7, Failures: 0, Errors: 0, Skipped: 0, Time elapsed: 0 s - in org.sonar.java.model.JavaVersionImplTest
[INFO] Running org.sonar.java.se.FlowTest
[INFO] Tests run: 2, Failures: 0, Errors: 0, Skipped: 0, Time elapsed: 0.009 s - in org.sonar.java.se.FlowTest
[INFO] Running org.sonar.java.ast.parser.grammar.statements.BlockTest
[INFO] Tests run: 1, Failures: 0, Errors: 0, Skipped: 0, Time elapsed: 0.002 s - in org.sonar.java.ast.parser.grammar.statements.BlockTest
[INFO] Running org.sonar.java.xml.maven.PomCheckContextImplTest
[INFO] Tests run: 6, Failures: 0, Errors: 0, Skipped: 0, Time elapsed: 0.527 s - in org.sonar.java.xml.maven.PomCheckContextImplTest
[INFO] Running org.sonar.java.collections.PCollectionsTest
[INFO] Tests run: 2, Failures: 0, Errors: 0, Skipped: 0, Time elapsed: 0 s - in org.sonar.java.collections.PCollectionsTest
[INFO] Running org.sonar.java.MeasurerTest
06:29:19.002 INFO  org.sonar.java.JavaSquid - Java Main Files AST scan
06:29:19.003 INFO  org.sonar.squidbridge.ProgressReport - 1 source files to be analyzed
06:29:19.965 INFO  org.sonar.java.JavaSquid - Java Main Files AST scan (done) | time=963ms
06:29:19.965 INFO  org.sonar.squidbridge.ProgressReport - 1/1 source files have been analyzed
06:29:19.965 INFO  org.sonar.java.JavaSquid - Java Test Files AST scan
06:29:19.965 INFO  org.sonar.squidbridge.ProgressReport - 0 source files to be analyzed
06:29:19.965 INFO  org.sonar.java.JavaSquid - Java Test Files AST scan (done) | time=0ms
06:29:19.965 INFO  org.sonar.squidbridge.ProgressReport - 0/0 source files have been analyzed
06:29:19.974 INFO  org.sonar.java.JavaSquid - Java Main Files AST scan
06:29:19.975 INFO  org.sonar.squidbridge.ProgressReport - 1 source files to be analyzed
06:29:19.978 INFO  org.sonar.java.JavaSquid - Java Main Files AST scan (done) | time=4ms
06:29:19.978 INFO  org.sonar.squidbridge.ProgressReport - 1/1 source files have been analyzed
06:29:19.978 INFO  org.sonar.java.JavaSquid - Java Test Files AST scan
06:29:19.978 INFO  org.sonar.squidbridge.ProgressReport - 0 source files to be analyzed
06:29:19.979 INFO  org.sonar.java.JavaSquid - Java Test Files AST scan (done) | time=1ms
06:29:19.979 INFO  org.sonar.squidbridge.ProgressReport - 0/0 source files have been analyzed
06:29:19.981 INFO  org.sonar.java.JavaSquid - Java Main Files AST scan
06:29:19.981 INFO  org.sonar.squidbridge.ProgressReport - 1 source files to be analyzed
06:29:20.071 INFO  org.sonar.java.JavaSquid - Java Main Files AST scan (done) | time=90ms
06:29:20.071 INFO  org.sonar.java.JavaSquid - Java Test Files AST scan
06:29:20.071 INFO  org.sonar.squidbridge.ProgressReport - 1/1 source files have been analyzed
06:29:20.072 INFO  org.sonar.squidbridge.ProgressReport - 0 source files to be analyzed
06:29:20.072 INFO  org.sonar.java.JavaSquid - Java Test Files AST scan (done) | time=1ms
06:29:20.072 INFO  org.sonar.squidbridge.ProgressReport - 0/0 source files have been analyzed
06:29:20.075 INFO  org.sonar.java.JavaSquid - Java Main Files AST scan
06:29:20.075 INFO  org.sonar.squidbridge.ProgressReport - 1 source files to be analyzed
06:29:20.076 INFO  org.sonar.java.JavaSquid - Java Main Files AST scan (done) | time=1ms
06:29:20.076 INFO  org.sonar.java.JavaSquid - Java Test Files AST scan
06:29:20.076 INFO  org.sonar.squidbridge.ProgressReport - 0 source files to be analyzed
06:29:20.076 INFO  org.sonar.squidbridge.ProgressReport - 1/1 source files have been analyzed
06:29:20.077 INFO  org.sonar.squidbridge.ProgressReport - 0/0 source files have been analyzed
06:29:20.077 INFO  org.sonar.java.JavaSquid - Java Test Files AST scan (done) | time=1ms
06:29:20.080 INFO  org.sonar.java.JavaSquid - Java Main Files AST scan
06:29:20.080 INFO  org.sonar.squidbridge.ProgressReport - 1 source files to be analyzed
06:29:20.167 INFO  org.sonar.java.JavaSquid - Java Main Files AST scan (done) | time=87ms
06:29:20.167 INFO  org.sonar.squidbridge.ProgressReport - 1/1 source files have been analyzed
06:29:20.168 INFO  org.sonar.java.JavaSquid - Java Test Files AST scan
06:29:20.168 INFO  org.sonar.squidbridge.ProgressReport - 0 source files to be analyzed
06:29:20.168 INFO  org.sonar.java.JavaSquid - Java Test Files AST scan (done) | time=0ms
06:29:20.168 INFO  org.sonar.squidbridge.ProgressReport - 0/0 source files have been analyzed
06:29:20.171 INFO  org.sonar.java.JavaSquid - Java Main Files AST scan
06:29:20.172 INFO  org.sonar.squidbridge.ProgressReport - 1 source files to be analyzed
06:29:20.179 INFO  org.sonar.java.JavaSquid - Java Main Files AST scan (done) | time=8ms
06:29:20.179 INFO  org.sonar.java.JavaSquid - Java Test Files AST scan
06:29:20.179 INFO  org.sonar.squidbridge.ProgressReport - 1/1 source files have been analyzed
06:29:20.179 INFO  org.sonar.squidbridge.ProgressReport - 0 source files to be analyzed
06:29:20.179 INFO  org.sonar.java.JavaSquid - Java Test Files AST scan (done) | time=0ms
06:29:20.180 INFO  org.sonar.squidbridge.ProgressReport - 0/0 source files have been analyzed
06:29:20.183 INFO  org.sonar.java.JavaSquid - Java Main Files AST scan
06:29:20.183 INFO  org.sonar.squidbridge.ProgressReport - 1 source files to be analyzed
06:29:20.323 INFO  org.sonar.java.JavaSquid - Java Main Files AST scan (done) | time=139ms
06:29:20.323 INFO  org.sonar.java.JavaSquid - Java Test Files AST scan
06:29:20.323 INFO  org.sonar.squidbridge.ProgressReport - 1/1 source files have been analyzed
06:29:20.323 INFO  org.sonar.squidbridge.ProgressReport - 0 source files to be analyzed
06:29:20.323 INFO  org.sonar.java.JavaSquid - Java Test Files AST scan (done) | time=0ms
06:29:20.323 INFO  org.sonar.squidbridge.ProgressReport - 0/0 source files have been analyzed
06:29:20.326 INFO  org.sonar.java.JavaSquid - Java Main Files AST scan
06:29:20.326 INFO  org.sonar.squidbridge.ProgressReport - 1 source files to be analyzed
06:29:20.355 INFO  org.sonar.java.JavaSquid - Java Main Files AST scan (done) | time=29ms
06:29:20.355 INFO  org.sonar.squidbridge.ProgressReport - 1/1 source files have been analyzed
06:29:20.355 INFO  org.sonar.java.JavaSquid - Java Test Files AST scan
06:29:20.355 INFO  org.sonar.squidbridge.ProgressReport - 0 source files to be analyzed
06:29:20.355 INFO  org.sonar.java.JavaSquid - Java Test Files AST scan (done) | time=0ms
06:29:20.356 INFO  org.sonar.squidbridge.ProgressReport - 0/0 source files have been analyzed
06:29:20.359 INFO  org.sonar.java.JavaSquid - Java Main Files AST scan
06:29:20.359 INFO  org.sonar.squidbridge.ProgressReport - 1 source files to be analyzed
06:29:20.368 INFO  org.sonar.java.JavaSquid - Java Main Files AST scan (done) | time=9ms
06:29:20.368 INFO  org.sonar.java.JavaSquid - Java Test Files AST scan
06:29:20.368 INFO  org.sonar.squidbridge.ProgressReport - 0 source files to be analyzed
06:29:20.368 INFO  org.sonar.squidbridge.ProgressReport - 1/1 source files have been analyzed
06:29:20.368 INFO  org.sonar.java.JavaSquid - Java Test Files AST scan (done) | time=0ms
06:29:20.368 INFO  org.sonar.squidbridge.ProgressReport - 0/0 source files have been analyzed
06:29:20.371 INFO  org.sonar.java.JavaSquid - Java Main Files AST scan
06:29:20.371 INFO  org.sonar.squidbridge.ProgressReport - 1 source files to be analyzed
06:29:20.378 INFO  org.sonar.java.JavaSquid - Java Main Files AST scan (done) | time=7ms
06:29:20.378 INFO  org.sonar.java.JavaSquid - Java Test Files AST scan
06:29:20.378 INFO  org.sonar.squidbridge.ProgressReport - 1/1 source files have been analyzed
06:29:20.378 INFO  org.sonar.squidbridge.ProgressReport - 0 source files to be analyzed
06:29:20.379 INFO  org.sonar.java.JavaSquid - Java Test Files AST scan (done) | time=1ms
06:29:20.379 INFO  org.sonar.squidbridge.ProgressReport - 0/0 source files have been analyzed
06:29:20.381 INFO  org.sonar.java.JavaSquid - Java Main Files AST scan
06:29:20.381 INFO  org.sonar.squidbridge.ProgressReport - 1 source files to be analyzed
06:29:20.467 INFO  org.sonar.java.JavaSquid - Java Main Files AST scan (done) | time=86ms
06:29:20.468 INFO  org.sonar.java.JavaSquid - Java Test Files AST scan
06:29:20.468 INFO  org.sonar.squidbridge.ProgressReport - 1/1 source files have been analyzed
06:29:20.468 INFO  org.sonar.squidbridge.ProgressReport - 0 source files to be analyzed
06:29:20.468 INFO  org.sonar.java.JavaSquid - Java Test Files AST scan (done) | time=0ms
[INFO] Tests run: 9, Failures: 0, Errors: 0, Skipped: 0, Time elapsed: 1.783 s - in org.sonar.java.MeasurerTest
[INFO] Running org.sonar.java.ast.parser.grammar.statements.SwitchStatementTest
06:29:20.468 INFO  org.sonar.squidbridge.ProgressReport - 0/0 source files have been analyzed
[INFO] Tests run: 1, Failures: 0, Errors: 0, Skipped: 0, Time elapsed: 0 s - in org.sonar.java.ast.parser.grammar.statements.SwitchStatementTest
[INFO] Running org.sonar.java.ast.parser.ListTreeImplTest
[INFO] Tests run: 2, Failures: 0, Errors: 0, Skipped: 0, Time elapsed: 0 s - in org.sonar.java.ast.parser.ListTreeImplTest
[INFO] Running org.sonar.java.ast.parser.grammar.literals.RestrictedKeywordTest
[INFO] Tests run: 1, Failures: 0, Errors: 0, Skipped: 0, Time elapsed: 0 s - in org.sonar.java.ast.parser.grammar.literals.RestrictedKeywordTest
[INFO] Running org.sonar.java.ast.parser.grammar.interfaces.InterfaceDeclarationTest
[INFO] Tests run: 2, Failures: 0, Errors: 0, Skipped: 0, Time elapsed: 0 s - in org.sonar.java.ast.parser.grammar.interfaces.InterfaceDeclarationTest
[INFO] Running org.sonar.java.JavaFilesCacheTest
06:29:20.522 INFO  org.sonar.squidbridge.ProgressReport - 1 source files to be analyzed
[INFO] Tests run: 1, Failures: 0, Errors: 0, Skipped: 0, Time elapsed: 0.144 s - in org.sonar.java.JavaFilesCacheTest
06:29:20.624 INFO  org.sonar.squidbridge.ProgressReport - 1/1 source files have been analyzed
[INFO] Running org.sonar.java.xml.XPathXmlCheckTest
[INFO] Tests run: 4, Failures: 0, Errors: 0, Skipped: 0, Time elapsed: 0.592 s - in org.sonar.java.xml.XPathXmlCheckTest
[INFO] Running org.sonar.java.bytecode.cfg.InstructionTest
[INFO] Tests run: 5, Failures: 0, Errors: 0, Skipped: 0, Time elapsed: 0 s - in org.sonar.java.bytecode.cfg.InstructionTest
[INFO] Running org.sonar.java.ast.parser.grammar.statements.CatchClauseTest
[INFO] Tests run: 1, Failures: 0, Errors: 0, Skipped: 0, Time elapsed: 0.001 s - in org.sonar.java.ast.parser.grammar.statements.CatchClauseTest
[INFO] Running org.sonar.java.ast.api.JavaPunctuatorTest
[INFO] Tests run: 1, Failures: 0, Errors: 0, Skipped: 0, Time elapsed: 0 s - in org.sonar.java.ast.api.JavaPunctuatorTest
[INFO] Running org.sonar.java.resolve.SymbolsTest
[INFO] Tests run: 4, Failures: 0, Errors: 0, Skipped: 0, Time elapsed: 0.002 s - in org.sonar.java.resolve.SymbolsTest
[INFO] Running org.sonar.java.model.declaration.RequiresDirectiveTreeImplTest
[INFO] Tests run: 4, Failures: 0, Errors: 0, Skipped: 0, Time elapsed: 0.113 s - in org.sonar.java.model.declaration.RequiresDirectiveTreeImplTest
[INFO] Running org.sonar.java.se.SymbolicValueFactoryTest
[INFO] Tests run: 1, Failures: 0, Errors: 0, Skipped: 0, Time elapsed: 0.213 s - in org.sonar.java.se.SymbolicValueFactoryTest
[INFO] Running org.sonar.java.resolve.SymbolTableTest
[INFO] Tests run: 71, Failures: 0, Errors: 0, Skipped: 0, Time elapsed: 5.766 s - in org.sonar.java.resolve.SymbolTableTest
[INFO] Running org.sonar.java.model.expression.MethodInvocationTreeImplTest
[INFO] Tests run: 3, Failures: 0, Errors: 0, Skipped: 0, Time elapsed: 0.026 s - in org.sonar.java.model.expression.MethodInvocationTreeImplTest
[INFO] Running org.sonar.java.ast.parser.grammar.units.ModuleDeclarationTest
[INFO] Tests run: 1, Failures: 0, Errors: 0, Skipped: 0, Time elapsed: 0.001 s - in org.sonar.java.ast.parser.grammar.units.ModuleDeclarationTest
[INFO] Running org.sonar.java.ast.parser.grammar.literals.FloatLiteralTest
[INFO] Tests run: 2, Failures: 0, Errors: 0, Skipped: 0, Time elapsed: 0.016 s - in org.sonar.java.ast.parser.grammar.literals.FloatLiteralTest
[INFO] Running org.sonar.java.ast.parser.grammar.statements.VariableDeclaratorsTest
[INFO] Tests run: 1, Failures: 0, Errors: 0, Skipped: 0, Time elapsed: 0 s - in org.sonar.java.ast.parser.grammar.statements.VariableDeclaratorsTest
[INFO] Running org.sonar.java.ast.parser.grammar.parameters.FormalParametersTest
[INFO] Tests run: 1, Failures: 0, Errors: 0, Skipped: 0, Time elapsed: 0 s - in org.sonar.java.ast.parser.grammar.parameters.FormalParametersTest
[INFO] Running org.sonar.java.ast.parser.grammar.statements.ResourceTest
[INFO] Tests run: 2, Failures: 0, Errors: 0, Skipped: 0, Time elapsed: 0.002 s - in org.sonar.java.ast.parser.grammar.statements.ResourceTest
[INFO] Running org.sonar.java.ast.parser.grammar.units.ImportDeclarationTest
[INFO] Tests run: 1, Failures: 0, Errors: 0, Skipped: 0, Time elapsed: 0 s - in org.sonar.java.ast.parser.grammar.units.ImportDeclarationTest
[INFO] Running org.sonar.java.se.checks.UnclosedResourcesCheckTest
06:29:27.394 INFO  org.sonar.squidbridge.ProgressReport - 1 source files to be analyzed
06:29:27.450 INFO  org.sonar.squidbridge.ProgressReport - 1/1 source files have been analyzed
06:29:27.454 INFO  org.sonar.squidbridge.ProgressReport - 1 source files to be analyzed
06:29:27.499 INFO  org.sonar.squidbridge.ProgressReport - 1/1 source files have been analyzed
06:29:27.504 INFO  org.sonar.squidbridge.ProgressReport - 1 source files to be analyzed
06:29:27.670 INFO  org.sonar.squidbridge.ProgressReport - 1/1 source files have been analyzed
06:29:27.675 INFO  org.sonar.squidbridge.ProgressReport - 1 source files to be analyzed
06:29:27.727 INFO  org.sonar.squidbridge.ProgressReport - 1/1 source files have been analyzed
06:29:27.732 INFO  org.sonar.squidbridge.ProgressReport - 1 source files to be analyzed
06:29:27.765 INFO  org.sonar.squidbridge.ProgressReport - 1/1 source files have been analyzed
06:29:27.769 INFO  org.sonar.squidbridge.ProgressReport - 1 source files to be analyzed
06:29:28.010 INFO  org.sonar.squidbridge.ProgressReport - 1/1 source files have been analyzed
06:29:28.016 INFO  org.sonar.squidbridge.ProgressReport - 1 source files to be analyzed
06:29:28.090 INFO  org.sonar.squidbridge.ProgressReport - 1/1 source files have been analyzed
06:29:28.096 INFO  org.sonar.squidbridge.ProgressReport - 1 source files to be analyzed
06:29:28.166 INFO  org.sonar.squidbridge.ProgressReport - 1/1 source files have been analyzed
[INFO] Tests run: 9, Failures: 0, Errors: 0, Skipped: 0, Time elapsed: 0.774 s - in org.sonar.java.se.checks.UnclosedResourcesCheckTest
[INFO] Running org.sonar.java.cfg.VariableReadExtractorTest
[INFO] Tests run: 6, Failures: 0, Errors: 0, Skipped: 0, Time elapsed: 0.043 s - in org.sonar.java.cfg.VariableReadExtractorTest
[INFO] Running org.sonar.java.resolve.TypeAndReferenceSolverTest
[INFO] Tests run: 36, Failures: 0, Errors: 0, Skipped: 0, Time elapsed: 1.779 s - in org.sonar.java.resolve.TypeAndReferenceSolverTest
[INFO] Running org.sonar.java.ast.parser.grammar.classes.ClassDeclarationTest
[INFO] Tests run: 2, Failures: 0, Errors: 0, Skipped: 0, Time elapsed: 0.003 s - in org.sonar.java.ast.parser.grammar.classes.ClassDeclarationTest
[INFO] Running org.sonar.java.se.xproc.MethodBehaviorTest
[INFO] Tests run: 7, Failures: 0, Errors: 0, Skipped: 0, Time elapsed: 0.112 s - in org.sonar.java.se.xproc.MethodBehaviorTest
[INFO] Running org.sonar.java.se.ProgramStateTest
[INFO] Tests run: 14, Failures: 0, Errors: 0, Skipped: 0, Time elapsed: 0.056 s - in org.sonar.java.se.ProgramStateTest
[INFO] Running org.sonar.java.ast.parser.grammar.moduledirectives.RequiresDirectiveTest
[INFO] Tests run: 3, Failures: 0, Errors: 0, Skipped: 0, Time elapsed: 0.002 s - in org.sonar.java.ast.parser.grammar.moduledirectives.RequiresDirectiveTest
[INFO] Running org.sonar.java.ast.parser.grammar.parameters.VariableDeclaratorIdTest
[INFO] Tests run: 1, Failures: 0, Errors: 0, Skipped: 0, Time elapsed: 0.001 s - in org.sonar.java.ast.parser.grammar.parameters.VariableDeclaratorIdTest
[INFO] Running org.sonar.java.se.checks.MapComputeIfAbsentOrPresentCheckTest
06:29:30.183 INFO  org.sonar.squidbridge.ProgressReport - 1 source files to be analyzed
06:29:30.504 INFO  org.sonar.squidbridge.ProgressReport - 1/1 source files have been analyzed
[INFO] Tests run: 1, Failures: 0, Errors: 0, Skipped: 0, Time elapsed: 0.325 s - in org.sonar.java.se.checks.MapComputeIfAbsentOrPresentCheckTest
[INFO] Running org.sonar.java.model.KindMapsTest
[INFO] Tests run: 6, Failures: 0, Errors: 0, Skipped: 0, Time elapsed: 0 s - in org.sonar.java.model.KindMapsTest
[INFO] Running org.sonar.java.se.checks.OptionalGetBeforeIsPresentCheckTest
06:29:30.512 INFO  org.sonar.squidbridge.ProgressReport - 1 source files to be analyzed
06:29:30.570 INFO  org.sonar.squidbridge.ProgressReport - 1/1 source files have been analyzed
06:29:30.575 INFO  org.sonar.squidbridge.ProgressReport - 1 source files to be analyzed
06:29:30.681 INFO  org.sonar.squidbridge.ProgressReport - 1/1 source files have been analyzed
[INFO] Tests run: 2, Failures: 0, Errors: 0, Skipped: 0, Time elapsed: 0.172 s - in org.sonar.java.se.checks.OptionalGetBeforeIsPresentCheckTest
[INFO] Running org.sonar.java.resolve.JavaTypeTest
06:29:30.724 INFO  org.sonar.squidbridge.ProgressReport - 1 source files to be analyzed
06:29:30.797 INFO  org.sonar.squidbridge.ProgressReport - 1/1 source files have been analyzed
[INFO] Tests run: 14, Failures: 0, Errors: 0, Skipped: 0, Time elapsed: 0.12 s - in org.sonar.java.resolve.JavaTypeTest
[INFO] Running org.sonar.java.se.xproc.HappyPathYieldTest
[INFO] Tests run: 3, Failures: 0, Errors: 0, Skipped: 0, Time elapsed: 0.046 s - in org.sonar.java.se.xproc.HappyPathYieldTest
[INFO] Running org.sonar.plugins.java.api.tree.TreeTest
[INFO] Tests run: 1, Failures: 0, Errors: 0, Skipped: 0, Time elapsed: 0 s - in org.sonar.plugins.java.api.tree.TreeTest
[INFO] Running org.sonar.java.se.ProgramPointTest
[INFO] Tests run: 2, Failures: 0, Errors: 0, Skipped: 0, Time elapsed: 0.004 s - in org.sonar.java.se.ProgramPointTest
[INFO] Running org.sonar.plugins.java.api.CheckRegistrarTest
[INFO] Tests run: 1, Failures: 0, Errors: 0, Skipped: 0, Time elapsed: 0.032 s - in org.sonar.plugins.java.api.CheckRegistrarTest
[INFO] Running org.sonar.java.resolve.TypeSubstitutionTest
[INFO] Tests run: 10, Failures: 0, Errors: 0, Skipped: 0, Time elapsed: 0 s - in org.sonar.java.resolve.TypeSubstitutionTest
[INFO] Running org.sonar.java.ast.parser.grammar.statements.IfStatementTest
[INFO] Tests run: 1, Failures: 0, Errors: 0, Skipped: 0, Time elapsed: 0 s - in org.sonar.java.ast.parser.grammar.statements.IfStatementTest
[INFO] Running org.sonar.java.ast.parser.grammar.statements.ContinueStatementTest
[INFO] Tests run: 1, Failures: 0, Errors: 0, Skipped: 0, Time elapsed: 0 s - in org.sonar.java.ast.parser.grammar.statements.ContinueStatementTest
[INFO] Running org.sonar.java.ast.api.JavaKeywordTest
[INFO] Tests run: 1, Failures: 0, Errors: 0, Skipped: 0, Time elapsed: 0 s - in org.sonar.java.ast.api.JavaKeywordTest
[INFO] Running org.sonar.java.ast.visitors.AccessorsUtilsTest
[INFO] Tests run: 15, Failures: 0, Errors: 0, Skipped: 0, Time elapsed: 0.046 s - in org.sonar.java.ast.visitors.AccessorsUtilsTest
[INFO] Running org.sonar.java.ast.parser.grammar.statements.ReturnStatementTest
[INFO] Tests run: 1, Failures: 0, Errors: 0, Skipped: 0, Time elapsed: 0 s - in org.sonar.java.ast.parser.grammar.statements.ReturnStatementTest
[INFO] Running org.sonar.java.ast.api.JavaTokenTypeTest
[INFO] Tests run: 1, Failures: 0, Errors: 0, Skipped: 0, Time elapsed: 0 s - in org.sonar.java.ast.api.JavaTokenTypeTest
[INFO] Running org.sonar.java.ast.parser.grammar.units.PackageDeclarationTest
[INFO] Tests run: 1, Failures: 0, Errors: 0, Skipped: 0, Time elapsed: 0 s - in org.sonar.java.ast.parser.grammar.units.PackageDeclarationTest
[INFO] Running org.sonar.java.ast.parser.grammar.parameters.FormalParameterDeclsTest
[INFO] Tests run: 1, Failures: 0, Errors: 0, Skipped: 0, Time elapsed: 0 s - in org.sonar.java.ast.parser.grammar.parameters.FormalParameterDeclsTest
[INFO] Running org.sonar.java.se.checks.FlowComputationTest
06:29:30.963 INFO  org.sonar.squidbridge.ProgressReport - 1 source files to be analyzed
06:29:30.986 INFO  org.sonar.squidbridge.ProgressReport - 1/1 source files have been analyzed
06:29:30.988 INFO  org.sonar.squidbridge.ProgressReport - 1 source files to be analyzed
06:29:31.013 INFO  org.sonar.squidbridge.ProgressReport - 1/1 source files have been analyzed
06:29:31.015 INFO  org.sonar.squidbridge.ProgressReport - 1 source files to be analyzed
06:29:31.048 INFO  org.sonar.squidbridge.ProgressReport - 1/1 source files have been analyzed
06:29:31.052 INFO  org.sonar.squidbridge.ProgressReport - 1 source files to be analyzed
06:29:31.119 INFO  org.sonar.squidbridge.ProgressReport - 1/1 source files have been analyzed
06:29:31.124 INFO  org.sonar.squidbridge.ProgressReport - 1 source files to be analyzed
06:29:31.142 INFO  org.sonar.squidbridge.ProgressReport - 1/1 source files have been analyzed
06:29:31.147 INFO  org.sonar.squidbridge.ProgressReport - 1 source files to be analyzed
06:29:31.196 INFO  org.sonar.squidbridge.ProgressReport - 1/1 source files have been analyzed
06:29:31.201 INFO  org.sonar.squidbridge.ProgressReport - 1 source files to be analyzed
06:29:31.225 INFO  org.sonar.squidbridge.ProgressReport - 1/1 source files have been analyzed
06:29:31.233 INFO  org.sonar.squidbridge.ProgressReport - 1 source files to be analyzed
06:29:31.289 INFO  org.sonar.squidbridge.ProgressReport - 1/1 source files have been analyzed
06:29:31.294 INFO  org.sonar.squidbridge.ProgressReport - 1 source files to be analyzed
06:29:31.363 INFO  org.sonar.squidbridge.ProgressReport - 1/1 source files have been analyzed
06:29:31.368 INFO  org.sonar.squidbridge.ProgressReport - 1 source files to be analyzed
06:29:31.376 INFO  org.sonar.squidbridge.ProgressReport - 1/1 source files have been analyzed
06:29:31.392 INFO  org.sonar.squidbridge.ProgressReport - 1 source files to be analyzed
06:29:31.421 INFO  org.sonar.squidbridge.ProgressReport - 1/1 source files have been analyzed
06:29:31.425 INFO  org.sonar.squidbridge.ProgressReport - 1 source files to be analyzed
06:29:31.454 INFO  org.sonar.squidbridge.ProgressReport - 1/1 source files have been analyzed
06:29:31.460 INFO  org.sonar.squidbridge.ProgressReport - 1 source files to be analyzed
06:29:31.505 INFO  org.sonar.squidbridge.ProgressReport - 1/1 source files have been analyzed
06:29:31.509 INFO  org.sonar.squidbridge.ProgressReport - 1 source files to be analyzed
06:29:31.547 INFO  org.sonar.squidbridge.ProgressReport - 1/1 source files have been analyzed
06:29:31.553 INFO  org.sonar.squidbridge.ProgressReport - 1 source files to be analyzed
06:29:31.578 INFO  org.sonar.squidbridge.ProgressReport - 1/1 source files have been analyzed
06:29:31.579 DEBUG o.s.java.bytecode.ClassLoaderBuilder - ----- Classpath analyzed by Squid:
06:29:31.579 DEBUG o.s.java.bytecode.ClassLoaderBuilder - /home/travis/build/failed/SonarSource/sonar-java/java-frontend/target/test-jars/annotations-13.0.jar
06:29:31.579 DEBUG o.s.java.bytecode.ClassLoaderBuilder - /home/travis/build/failed/SonarSource/sonar-java/java-frontend/target/test-jars/annotations-3.0.0.jar
06:29:31.579 DEBUG o.s.java.bytecode.ClassLoaderBuilder - /home/travis/build/failed/SonarSource/sonar-java/java-frontend/target/test-jars/aspectjtools-1.8.10.jar
06:29:31.579 DEBUG o.s.java.bytecode.ClassLoaderBuilder - /home/travis/build/failed/SonarSource/sonar-java/java-frontend/target/test-jars/commons-collections-3.2.1.jar
06:29:31.579 DEBUG o.s.java.bytecode.ClassLoaderBuilder - /home/travis/build/failed/SonarSource/sonar-java/java-frontend/target/test-jars/commons-collections4-4.1.jar
06:29:31.579 DEBUG o.s.java.bytecode.ClassLoaderBuilder - /home/travis/build/failed/SonarSource/sonar-java/java-frontend/target/test-jars/commons-lang-2.6.jar
06:29:31.579 DEBUG o.s.java.bytecode.ClassLoaderBuilder - /home/travis/build/failed/SonarSource/sonar-java/java-frontend/target/test-jars/commons-lang3-3.5.jar
06:29:31.579 DEBUG o.s.java.bytecode.ClassLoaderBuilder - /home/travis/build/failed/SonarSource/sonar-java/java-frontend/target/test-jars/guava-20.0.jar
06:29:31.579 DEBUG o.s.java.bytecode.ClassLoaderBuilder - /home/travis/build/failed/SonarSource/sonar-java/java-frontend/target/test-jars/hibernate-jpa-2.0-api-1.0.1.Final.jar
06:29:31.580 DEBUG o.s.java.bytecode.ClassLoaderBuilder - /home/travis/build/failed/SonarSource/sonar-java/java-frontend/target/test-jars/javaee-api-7.0.jar
06:29:31.580 DEBUG o.s.java.bytecode.ClassLoaderBuilder - /home/travis/build/failed/SonarSource/sonar-java/java-frontend/target/test-jars/javax.servlet-api-3.1.0.jar
06:29:31.580 DEBUG o.s.java.bytecode.ClassLoaderBuilder - /home/travis/build/failed/SonarSource/sonar-java/java-frontend/target/test-jars/jsr305-1.3.9.jar
06:29:31.580 DEBUG o.s.java.bytecode.ClassLoaderBuilder - /home/travis/build/failed/SonarSource/sonar-java/java-frontend/target/test-jars/junit-jupiter-api-5.0.0-M4.jar
06:29:31.580 DEBUG o.s.java.bytecode.ClassLoaderBuilder - /home/travis/build/failed/SonarSource/sonar-java/java-frontend/target/test-jars/log4j-core-2.3.jar
06:29:31.580 DEBUG o.s.java.bytecode.ClassLoaderBuilder - /home/travis/build/failed/SonarSource/sonar-java/java-frontend/target/test-jars/lombok-1.16.4.jar
06:29:31.580 DEBUG o.s.java.bytecode.ClassLoaderBuilder - /home/travis/build/failed/SonarSource/sonar-java/java-frontend/target/test-jars/org.eclipse.jdt.annotation-2.1.100.jar
06:29:31.580 DEBUG o.s.java.bytecode.ClassLoaderBuilder - /home/travis/build/failed/SonarSource/sonar-java/java-frontend/target/test-jars/spring-context-5.0.4.RELEASE.jar
06:29:31.580 DEBUG o.s.java.bytecode.ClassLoaderBuilder - /home/travis/build/failed/SonarSource/sonar-java/java-frontend/target/test-jars/spring-core-4.3.8.RELEASE.jar
06:29:31.580 DEBUG o.s.java.bytecode.ClassLoaderBuilder - /home/travis/build/failed/SonarSource/sonar-java/java-frontend/target/test-jars/spring-web-5.0.4.RELEASE.jar
06:29:31.580 DEBUG o.s.java.bytecode.ClassLoaderBuilder - /home/travis/build/failed/SonarSource/sonar-java/java-frontend/target/test-classes
06:29:31.580 DEBUG o.s.java.bytecode.ClassLoaderBuilder - -----
06:29:31.582 INFO  org.sonar.squidbridge.ProgressReport - 1 source files to be analyzed
06:29:31.594 DEBUG o.s.j.b.loader.SquidClassLoader - .class not found for Object
06:29:31.594 DEBUG o.s.j.b.loader.SquidClassLoader - .class not found for java.lang.package-info
06:29:31.594 DEBUG o.s.j.b.loader.SquidClassLoader - .class not found for java.lang.Synthetic$Object
06:29:31.594 DEBUG o.s.j.b.loader.SquidClassLoader - .class not found for Object
06:29:31.594 DEBUG o.s.j.b.loader.SquidClassLoader - .class not found for java.lang.Synthetic$Object
06:29:31.594 DEBUG o.s.j.b.loader.SquidClassLoader - .class not found for Object
06:29:31.594 DEBUG o.s.j.b.loader.SquidClassLoader - .class not found for java.lang.Synthetic$Object
06:29:31.595 DEBUG o.s.j.b.loader.SquidClassLoader - .class not found for System
06:29:31.595 DEBUG o.s.j.b.loader.SquidClassLoader - .class not found for java.lang.Synthetic$System
06:29:31.596 DEBUG o.s.j.b.loader.SquidClassLoader - .class not found for System
06:29:31.596 DEBUG o.s.j.b.loader.SquidClassLoader - .class not found for java.lang.Synthetic$System
06:29:31.596 DEBUG o.s.j.b.loader.SquidClassLoader - .class not found for System
06:29:31.596 DEBUG o.s.j.b.loader.SquidClassLoader - .class not found for java.lang.Synthetic$System
06:29:31.596 DEBUG o.s.j.b.loader.SquidClassLoader - .class not found for System
06:29:31.596 DEBUG o.s.j.b.loader.SquidClassLoader - .class not found for java.lang.Synthetic$System
06:29:31.596 DEBUG o.s.j.b.loader.SquidClassLoader - .class not found for System
06:29:31.596 DEBUG o.s.j.b.loader.SquidClassLoader - .class not found for java.lang.Synthetic$System
06:29:31.596 DEBUG o.s.j.b.loader.SquidClassLoader - .class not found for System
06:29:31.596 DEBUG o.s.j.b.loader.SquidClassLoader - .class not found for java.lang.Synthetic$System
06:29:31.596 DEBUG o.s.j.b.loader.SquidClassLoader - .class not found for System
06:29:31.596 DEBUG o.s.j.b.loader.SquidClassLoader - .class not found for java.lang.Synthetic$System
06:29:31.596 DEBUG o.s.j.b.loader.SquidClassLoader - .class not found for System
06:29:31.596 DEBUG o.s.j.b.loader.SquidClassLoader - .class not found for java.lang.Synthetic$System
06:29:31.596 DEBUG o.s.j.b.loader.SquidClassLoader - .class not found for System
06:29:31.596 DEBUG o.s.j.b.loader.SquidClassLoader - .class not found for java.lang.Synthetic$System
06:29:31.596 DEBUG o.s.j.b.loader.SquidClassLoader - .class not found for System
06:29:31.596 DEBUG o.s.j.b.loader.SquidClassLoader - .class not found for java.lang.Synthetic$System
06:29:31.597 DEBUG o.s.j.b.loader.SquidClassLoader - .class not found for System
06:29:31.597 DEBUG o.s.j.b.loader.SquidClassLoader - .class not found for java.lang.Synthetic$System
06:29:31.597 DEBUG o.s.j.b.loader.SquidClassLoader - .class not found for System
06:29:31.597 DEBUG o.s.j.b.loader.SquidClassLoader - .class not found for java.lang.Synthetic$System
06:29:31.597 DEBUG o.s.j.b.loader.SquidClassLoader - .class not found for System
06:29:31.597 DEBUG o.s.j.b.loader.SquidClassLoader - .class not found for java.lang.Synthetic$System
06:29:31.597 DEBUG o.s.j.b.loader.SquidClassLoader - .class not found for System
06:29:31.597 DEBUG o.s.j.b.loader.SquidClassLoader - .class not found for java.lang.Synthetic$System
06:29:31.597 DEBUG o.s.j.b.loader.SquidClassLoader - .class not found for System
06:29:31.597 DEBUG o.s.j.b.loader.SquidClassLoader - .class not found for java.lang.Synthetic$System
06:29:31.597 DEBUG o.s.j.b.loader.SquidClassLoader - .class not found for System
06:29:31.597 DEBUG o.s.j.b.loader.SquidClassLoader - .class not found for java.lang.Synthetic$System
06:29:31.597 DEBUG o.s.j.b.loader.SquidClassLoader - .class not found for System
06:29:31.597 DEBUG o.s.j.b.loader.SquidClassLoader - .class not found for java.lang.Synthetic$System
06:29:31.597 DEBUG o.s.j.b.loader.SquidClassLoader - .class not found for System
06:29:31.597 DEBUG o.s.j.b.loader.SquidClassLoader - .class not found for java.lang.Synthetic$System
06:29:31.597 DEBUG o.s.j.b.loader.SquidClassLoader - .class not found for System
06:29:31.597 DEBUG o.s.j.b.loader.SquidClassLoader - .class not found for java.lang.Synthetic$System
06:29:31.598 DEBUG o.s.j.b.loader.SquidClassLoader - .class not found for A
06:29:31.598 DEBUG o.s.j.bytecode.se.BytecodeEGWalker - Method body not found: %s
06:29:31.599 DEBUG o.s.j.b.loader.SquidClassLoader - .class not found for java.io.package-info
06:29:31.748 INFO  org.sonar.squidbridge.ProgressReport - 1/1 source files have been analyzed
06:29:31.752 INFO  org.sonar.squidbridge.ProgressReport - 1 source files to be analyzed
06:29:31.768 INFO  org.sonar.squidbridge.ProgressReport - 1/1 source files have been analyzed
[INFO] Tests run: 18, Failures: 0, Errors: 0, Skipped: 0, Time elapsed: 0.809 s - in org.sonar.java.se.checks.FlowComputationTest
[INFO] Running org.sonar.java.resolve.SafetyNetTest
[INFO] Tests run: 1, Failures: 0, Errors: 0, Skipped: 0, Time elapsed: 26.582 s - in org.sonar.java.resolve.SafetyNetTest
[INFO] Running org.sonar.java.se.CheckerDispatcherTest
[INFO] Tests run: 1, Failures: 0, Errors: 0, Skipped: 0, Time elapsed: 0.085 s - in org.sonar.java.se.CheckerDispatcherTest
[INFO] Running org.sonar.java.ast.JavaAstScannerTest
06:29:58.641 INFO  org.sonar.squidbridge.ProgressReport - 1 source files to be analyzed
06:29:58.721 ERROR org.sonar.java.ast.JavaAstScanner - Unable to parse source file : /home/travis/build/failed/SonarSource/sonar-java/java-frontend/src/test/resources/AstScannerParseError.txt
06:29:58.721 ERROR org.sonar.java.ast.JavaAstScanner - Parse error at line 1 column 1:

1: {
   ^
2: 

06:29:58.722 INFO  org.sonar.squidbridge.ProgressReport - 1/1 source files have been analyzed
06:29:58.725 INFO  org.sonar.squidbridge.ProgressReport - 1 source files to be analyzed
06:29:58.730 INFO  org.sonar.squidbridge.ProgressReport - 1 source files to be analyzed
06:29:58.730 ERROR org.sonar.java.ast.JavaAstScanner - Unable to parse source file : /home/travis/build/failed/SonarSource/sonar-java/java-frontend/src/test/resources/AstScannerParseError.txt
06:29:58.730 ERROR org.sonar.java.ast.JavaAstScanner - Parse error at line 1 column 1:

1: {
   ^
2: 

06:29:58.731 INFO  org.sonar.squidbridge.ProgressReport - 1/1 source files have been analyzed
06:29:58.734 INFO  org.sonar.squidbridge.ProgressReport - 1 source files to be analyzed
06:29:58.738 INFO  org.sonar.squidbridge.ProgressReport - 1/1 source files have been analyzed
06:29:58.740 INFO  org.sonar.squidbridge.ProgressReport - 1 source files to be analyzed
06:29:58.744 INFO  org.sonar.squidbridge.ProgressReport - 1/1 source files have been analyzed
06:29:58.816 INFO  org.sonar.squidbridge.ProgressReport - 1 source files to be analyzed
06:29:58.896 ERROR org.sonar.java.model.VisitorsBridge - Unable to run check class org.sonar.java.se.SymbolicExecutionVisitor -  on file src/test/resources/se/MethodBehavior.java, To help improve SonarJava, please report this problem to SonarSource : see https://www.sonarqube.org/community/
java.lang.NullPointerException: nobody expect the spanish inquisition !
	at org.sonar.java.ast.JavaAstScannerTest$2.init(JavaAstScannerTest.java:204) ~[test-classes/:na]
	at org.sonar.java.se.CheckerDispatcher.init(CheckerDispatcher.java:147) ~[classes/:na]
	at org.sonar.java.se.ExplodedGraphWalker.execute(ExplodedGraphWalker.java:218) ~[classes/:na]
	at org.sonar.java.se.ExplodedGraphWalker.visitMethod(ExplodedGraphWalker.java:210) ~[classes/:na]
	at org.sonar.java.se.SymbolicExecutionVisitor.execute(SymbolicExecutionVisitor.java:74) ~[classes/:na]
	at org.sonar.java.se.SymbolicExecutionVisitor.visitNode(SymbolicExecutionVisitor.java:64) ~[classes/:na]
	at org.sonar.java.ast.visitors.SubscriptionVisitor.visit(SubscriptionVisitor.java:95) ~[classes/:na]
	at org.sonar.java.ast.visitors.SubscriptionVisitor.visitChildren(SubscriptionVisitor.java:120) ~[classes/:na]
	at org.sonar.java.ast.visitors.SubscriptionVisitor.visit(SubscriptionVisitor.java:97) ~[classes/:na]
	at org.sonar.java.ast.visitors.SubscriptionVisitor.visitChildren(SubscriptionVisitor.java:120) ~[classes/:na]
	at org.sonar.java.ast.visitors.SubscriptionVisitor.visit(SubscriptionVisitor.java:97) ~[classes/:na]
	at org.sonar.java.ast.visitors.SubscriptionVisitor.scanTree(SubscriptionVisitor.java:78) ~[classes/:na]
	at org.sonar.java.ast.visitors.SubscriptionVisitor.scanFile(SubscriptionVisitor.java:64) ~[classes/:na]
	at org.sonar.java.se.SymbolicExecutionVisitor.scanFile(SymbolicExecutionVisitor.java:54) ~[classes/:na]
	at org.sonar.java.model.VisitorsBridge.runScanner(VisitorsBridge.java:136) [classes/:na]
	at org.sonar.java.model.VisitorsBridge.visitFile(VisitorsBridge.java:125) [classes/:na]
	at org.sonar.java.ast.JavaAstScanner.simpleScan(JavaAstScanner.java:96) [classes/:na]
	at org.sonar.java.ast.JavaAstScanner.scan(JavaAstScanner.java:68) [classes/:na]
	at org.sonar.java.ast.JavaAstScannerTest.should_swallow_log_and_report_checks_exceptions_for_symbolic_execution(JavaAstScannerTest.java:207) [test-classes/:na]
	at sun.reflect.NativeMethodAccessorImpl.invoke0(Native Method) ~[na:1.8.0_151]
	at sun.reflect.NativeMethodAccessorImpl.invoke(NativeMethodAccessorImpl.java:62) ~[na:1.8.0_151]
	at sun.reflect.DelegatingMethodAccessorImpl.invoke(DelegatingMethodAccessorImpl.java:43) ~[na:1.8.0_151]
	at java.lang.reflect.Method.invoke(Method.java:498) ~[na:1.8.0_151]
	at org.junit.runners.model.FrameworkMethod$1.runReflectiveCall(FrameworkMethod.java:50) [junit-4.12.jar:4.12]
	at org.junit.internal.runners.model.ReflectiveCallable.run(ReflectiveCallable.java:12) [junit-4.12.jar:4.12]
	at org.junit.runners.model.FrameworkMethod.invokeExplosively(FrameworkMethod.java:47) [junit-4.12.jar:4.12]
	at org.junit.internal.runners.statements.InvokeMethod.evaluate(InvokeMethod.java:17) [junit-4.12.jar:4.12]
	at org.junit.internal.runners.statements.RunBefores.evaluate(RunBefores.java:26) [junit-4.12.jar:4.12]
	at org.junit.rules.ExternalResource$1.evaluate(ExternalResource.java:48) [junit-4.12.jar:4.12]
	at org.junit.rules.ExpectedException$ExpectedExceptionStatement.evaluate(ExpectedException.java:239) [junit-4.12.jar:4.12]
	at org.junit.rules.RunRules.evaluate(RunRules.java:20) [junit-4.12.jar:4.12]
	at org.junit.runners.ParentRunner.runLeaf(ParentRunner.java:325) [junit-4.12.jar:4.12]
	at org.junit.runners.BlockJUnit4ClassRunner.runChild(BlockJUnit4ClassRunner.java:78) [junit-4.12.jar:4.12]
	at org.junit.runners.BlockJUnit4ClassRunner.runChild(BlockJUnit4ClassRunner.java:57) [junit-4.12.jar:4.12]
	at org.junit.runners.ParentRunner$3.run(ParentRunner.java:290) [junit-4.12.jar:4.12]
	at org.junit.runners.ParentRunner$1.schedule(ParentRunner.java:71) [junit-4.12.jar:4.12]
	at org.junit.runners.ParentRunner.runChildren(ParentRunner.java:288) [junit-4.12.jar:4.12]
	at org.junit.runners.ParentRunner.access$000(ParentRunner.java:58) [junit-4.12.jar:4.12]
	at org.junit.runners.ParentRunner$2.evaluate(ParentRunner.java:268) [junit-4.12.jar:4.12]
	at org.junit.runners.ParentRunner.run(ParentRunner.java:363) [junit-4.12.jar:4.12]
	at org.apache.maven.surefire.junit4.JUnit4Provider.execute(JUnit4Provider.java:369) [surefire-junit4-2.20.1.jar:2.20.1]
	at org.apache.maven.surefire.junit4.JUnit4Provider.executeWithRerun(JUnit4Provider.java:275) [surefire-junit4-2.20.1.jar:2.20.1]
	at org.apache.maven.surefire.junit4.JUnit4Provider.executeTestSet(JUnit4Provider.java:239) [surefire-junit4-2.20.1.jar:2.20.1]
	at org.apache.maven.surefire.junit4.JUnit4Provider.invoke(JUnit4Provider.java:160) [surefire-junit4-2.20.1.jar:2.20.1]
	at org.apache.maven.surefire.booter.ForkedBooter.invokeProviderInSameClassLoader(ForkedBooter.java:373) [surefire-booter-2.20.1.jar:2.20.1]
	at org.apache.maven.surefire.booter.ForkedBooter.runSuitesInProcess(ForkedBooter.java:334) [surefire-booter-2.20.1.jar:2.20.1]
	at org.apache.maven.surefire.booter.ForkedBooter.execute(ForkedBooter.java:119) [surefire-booter-2.20.1.jar:2.20.1]
	at org.apache.maven.surefire.booter.ForkedBooter.main(ForkedBooter.java:407) [surefire-booter-2.20.1.jar:2.20.1]
06:29:58.897 INFO  org.sonar.squidbridge.ProgressReport - 1/1 source files have been analyzed
06:29:58.901 INFO  org.sonar.squidbridge.ProgressReport - 1 source files to be analyzed
06:29:58.931 INFO  org.sonar.squidbridge.ProgressReport - 1/1 source files have been analyzed
06:29:58.935 INFO  org.sonar.squidbridge.ProgressReport - 1 source files to be analyzed
06:29:58.949 INFO  org.sonar.squidbridge.ProgressReport - 1 source files to be analyzed
06:29:58.951 INFO  org.sonar.squidbridge.ProgressReport - 1 source files to be analyzed
06:29:59.097 ERROR org.sonar.java.model.VisitorsBridge - Unable to run check class org.sonar.java.ast.JavaAstScannerTest$CheckThrowingException -  on file src/test/resources/AstScannerNoParseError.txt, To help improve SonarJava, please report this problem to SonarSource : see https://www.sonarqube.org/community/
java.lang.NullPointerException: foo
	at org.sonar.java.ast.JavaAstScannerTest.should_swallow_log_and_report_checks_exceptions(JavaAstScannerTest.java:176) ~[test-classes/:na]
	at sun.reflect.NativeMethodAccessorImpl.invoke0(Native Method) ~[na:1.8.0_151]
	at sun.reflect.NativeMethodAccessorImpl.invoke(NativeMethodAccessorImpl.java:62) ~[na:1.8.0_151]
	at sun.reflect.DelegatingMethodAccessorImpl.invoke(DelegatingMethodAccessorImpl.java:43) ~[na:1.8.0_151]
	at java.lang.reflect.Method.invoke(Method.java:498) ~[na:1.8.0_151]
	at org.junit.runners.model.FrameworkMethod$1.runReflectiveCall(FrameworkMethod.java:50) ~[junit-4.12.jar:4.12]
	at org.junit.internal.runners.model.ReflectiveCallable.run(ReflectiveCallable.java:12) ~[junit-4.12.jar:4.12]
	at org.junit.runners.model.FrameworkMethod.invokeExplosively(FrameworkMethod.java:47) ~[junit-4.12.jar:4.12]
	at org.junit.internal.runners.statements.InvokeMethod.evaluate(InvokeMethod.java:17) ~[junit-4.12.jar:4.12]
	at org.junit.internal.runners.statements.RunBefores.evaluate(RunBefores.java:26) ~[junit-4.12.jar:4.12]
	at org.junit.rules.ExternalResource$1.evaluate(ExternalResource.java:48) ~[junit-4.12.jar:4.12]
	at org.junit.rules.ExpectedException$ExpectedExceptionStatement.evaluate(ExpectedException.java:239) ~[junit-4.12.jar:4.12]
	at org.junit.rules.RunRules.evaluate(RunRules.java:20) ~[junit-4.12.jar:4.12]
	at org.junit.runners.ParentRunner.runLeaf(ParentRunner.java:325) ~[junit-4.12.jar:4.12]
	at org.junit.runners.BlockJUnit4ClassRunner.runChild(BlockJUnit4ClassRunner.java:78) ~[junit-4.12.jar:4.12]
	at org.junit.runners.BlockJUnit4ClassRunner.runChild(BlockJUnit4ClassRunner.java:57) ~[junit-4.12.jar:4.12]
	at org.junit.runners.ParentRunner$3.run(ParentRunner.java:290) ~[junit-4.12.jar:4.12]
	at org.junit.runners.ParentRunner$1.schedule(ParentRunner.java:71) ~[junit-4.12.jar:4.12]
	at org.junit.runners.ParentRunner.runChildren(ParentRunner.java:288) ~[junit-4.12.jar:4.12]
	at org.junit.runners.ParentRunner.access$000(ParentRunner.java:58) ~[junit-4.12.jar:4.12]
	at org.junit.runners.ParentRunner$2.evaluate(ParentRunner.java:268) ~[junit-4.12.jar:4.12]
	at org.junit.runners.ParentRunner.run(ParentRunner.java:363) ~[junit-4.12.jar:4.12]
	at org.apache.maven.surefire.junit4.JUnit4Provider.execute(JUnit4Provider.java:369) ~[surefire-junit4-2.20.1.jar:2.20.1]
	at org.apache.maven.surefire.junit4.JUnit4Provider.executeWithRerun(JUnit4Provider.java:275) ~[surefire-junit4-2.20.1.jar:2.20.1]
	at org.apache.maven.surefire.junit4.JUnit4Provider.executeTestSet(JUnit4Provider.java:239) ~[surefire-junit4-2.20.1.jar:2.20.1]
	at org.apache.maven.surefire.junit4.JUnit4Provider.invoke(JUnit4Provider.java:160) ~[surefire-junit4-2.20.1.jar:2.20.1]
	at org.apache.maven.surefire.booter.ForkedBooter.invokeProviderInSameClassLoader(ForkedBooter.java:373) ~[surefire-booter-2.20.1.jar:2.20.1]
	at org.apache.maven.surefire.booter.ForkedBooter.runSuitesInProcess(ForkedBooter.java:334) ~[surefire-booter-2.20.1.jar:2.20.1]
	at org.apache.maven.surefire.booter.ForkedBooter.execute(ForkedBooter.java:119) ~[surefire-booter-2.20.1.jar:2.20.1]
	at org.apache.maven.surefire.booter.ForkedBooter.main(ForkedBooter.java:407) ~[surefire-booter-2.20.1.jar:2.20.1]
06:29:59.098 INFO  org.sonar.squidbridge.ProgressReport - 1/1 source files have been analyzed
06:29:59.115 INFO  org.sonar.squidbridge.ProgressReport - 1 source files to be analyzed
06:29:59.115 ERROR org.sonar.java.ast.JavaAstScanner - Unable to parse source file : /home/travis/build/failed/SonarSource/sonar-java/java-frontend/src/test/resources/AstScannerParseError.txt
06:29:59.115 ERROR org.sonar.java.ast.JavaAstScanner - Parse error at line 1 column 1:

1: {
   ^
2: 

06:29:59.118 ERROR org.sonar.java.model.VisitorsBridge - Unable to run check class org.sonar.java.ast.JavaAstScannerTest$AnnotatedCheck - AnnotatedCheck on file src/test/resources/AstScannerParseError.txt, To help improve SonarJava, please report this problem to SonarSource : see https://www.sonarqube.org/community/
java.lang.NullPointerException: foo
	at org.sonar.java.ast.JavaAstScannerTest.should_swallow_log_and_report_checks_exceptions(JavaAstScannerTest.java:186) ~[test-classes/:na]
	at sun.reflect.NativeMethodAccessorImpl.invoke0(Native Method) ~[na:1.8.0_151]
	at sun.reflect.NativeMethodAccessorImpl.invoke(NativeMethodAccessorImpl.java:62) ~[na:1.8.0_151]
	at sun.reflect.DelegatingMethodAccessorImpl.invoke(DelegatingMethodAccessorImpl.java:43) ~[na:1.8.0_151]
	at java.lang.reflect.Method.invoke(Method.java:498) ~[na:1.8.0_151]
	at org.junit.runners.model.FrameworkMethod$1.runReflectiveCall(FrameworkMethod.java:50) ~[junit-4.12.jar:4.12]
	at org.junit.internal.runners.model.ReflectiveCallable.run(ReflectiveCallable.java:12) ~[junit-4.12.jar:4.12]
	at org.junit.runners.model.FrameworkMethod.invokeExplosively(FrameworkMethod.java:47) ~[junit-4.12.jar:4.12]
	at org.junit.internal.runners.statements.InvokeMethod.evaluate(InvokeMethod.java:17) ~[junit-4.12.jar:4.12]
	at org.junit.internal.runners.statements.RunBefores.evaluate(RunBefores.java:26) ~[junit-4.12.jar:4.12]
	at org.junit.rules.ExternalResource$1.evaluate(ExternalResource.java:48) ~[junit-4.12.jar:4.12]
	at org.junit.rules.ExpectedException$ExpectedExceptionStatement.evaluate(ExpectedException.java:239) ~[junit-4.12.jar:4.12]
	at org.junit.rules.RunRules.evaluate(RunRules.java:20) ~[junit-4.12.jar:4.12]
	at org.junit.runners.ParentRunner.runLeaf(ParentRunner.java:325) ~[junit-4.12.jar:4.12]
	at org.junit.runners.BlockJUnit4ClassRunner.runChild(BlockJUnit4ClassRunner.java:78) ~[junit-4.12.jar:4.12]
	at org.junit.runners.BlockJUnit4ClassRunner.runChild(BlockJUnit4ClassRunner.java:57) ~[junit-4.12.jar:4.12]
	at org.junit.runners.ParentRunner$3.run(ParentRunner.java:290) ~[junit-4.12.jar:4.12]
	at org.junit.runners.ParentRunner$1.schedule(ParentRunner.java:71) ~[junit-4.12.jar:4.12]
	at org.junit.runners.ParentRunner.runChildren(ParentRunner.java:288) ~[junit-4.12.jar:4.12]
	at org.junit.runners.ParentRunner.access$000(ParentRunner.java:58) ~[junit-4.12.jar:4.12]
	at org.junit.runners.ParentRunner$2.evaluate(ParentRunner.java:268) ~[junit-4.12.jar:4.12]
	at org.junit.runners.ParentRunner.run(ParentRunner.java:363) ~[junit-4.12.jar:4.12]
	at org.apache.maven.surefire.junit4.JUnit4Provider.execute(JUnit4Provider.java:369) ~[surefire-junit4-2.20.1.jar:2.20.1]
	at org.apache.maven.surefire.junit4.JUnit4Provider.executeWithRerun(JUnit4Provider.java:275) ~[surefire-junit4-2.20.1.jar:2.20.1]
	at org.apache.maven.surefire.junit4.JUnit4Provider.executeTestSet(JUnit4Provider.java:239) ~[surefire-junit4-2.20.1.jar:2.20.1]
	at org.apache.maven.surefire.junit4.JUnit4Provider.invoke(JUnit4Provider.java:160) ~[surefire-junit4-2.20.1.jar:2.20.1]
	at org.apache.maven.surefire.booter.ForkedBooter.invokeProviderInSameClassLoader(ForkedBooter.java:373) ~[surefire-booter-2.20.1.jar:2.20.1]
	at org.apache.maven.surefire.booter.ForkedBooter.runSuitesInProcess(ForkedBooter.java:334) ~[surefire-booter-2.20.1.jar:2.20.1]
	at org.apache.maven.surefire.booter.ForkedBooter.execute(ForkedBooter.java:119) ~[surefire-booter-2.20.1.jar:2.20.1]
	at org.apache.maven.surefire.booter.ForkedBooter.main(ForkedBooter.java:407) ~[surefire-booter-2.20.1.jar:2.20.1]
06:29:59.118 INFO  org.sonar.squidbridge.ProgressReport - 1/1 source files have been analyzed
06:29:59.161 INFO  org.sonar.squidbridge.ProgressReport - 1 source files to be analyzed
06:29:59.161 ERROR org.sonar.java.ast.JavaAstScanner - A stack overflow error occured while analyzing file: /home/travis/build/failed/SonarSource/sonar-java/java-frontend/src/test/resources/AstScannerNoParseError.txt
[INFO] Tests run: 11, Failures: 0, Errors: 0, Skipped: 0, Time elapsed: 0.72 s - in org.sonar.java.ast.JavaAstScannerTest
[INFO] Running org.sonar.java.bytecode.se.BytecodeSECheckTest
[INFO] Tests run: 6, Failures: 0, Errors: 0, Skipped: 0, Time elapsed: 0.014 s - in org.sonar.java.bytecode.se.BytecodeSECheckTest
[INFO] Running org.sonar.java.ast.parser.grammar.enums.EnumConstantTest
[INFO] Tests run: 2, Failures: 0, Errors: 0, Skipped: 0, Time elapsed: 0.004 s - in org.sonar.java.ast.parser.grammar.enums.EnumConstantTest
[INFO] Running org.sonar.java.bytecode.se.BytecodeEGWalkerExecuteTest
[INFO] Tests run: 73, Failures: 0, Errors: 0, Skipped: 0, Time elapsed: 1.169 s - in org.sonar.java.bytecode.se.BytecodeEGWalkerExecuteTest
[INFO] Running org.sonar.java.cfg.LiveVariablesTest
[INFO] Tests run: 10, Failures: 0, Errors: 0, Skipped: 0, Time elapsed: 0.071 s - in org.sonar.java.cfg.LiveVariablesTest
[INFO] Running org.sonar.java.resolve.ConvertTest
[INFO] Tests run: 8, Failures: 0, Errors: 0, Skipped: 0, Time elapsed: 0 s - in org.sonar.java.resolve.ConvertTest
[INFO] Running org.sonar.java.resolve.GenericsTest
[INFO] Tests run: 27, Failures: 0, Errors: 0, Skipped: 0, Time elapsed: 0.425 s - in org.sonar.java.resolve.GenericsTest
[INFO] Running org.sonar.plugins.java.api.IssuableSubscriptionVisitorTest
06:30:00.925 INFO  org.sonar.squidbridge.ProgressReport - 1 source files to be analyzed
[INFO] Tests run: 1, Failures: 0, Errors: 0, Skipped: 0, Time elapsed: 0.058 s - in org.sonar.plugins.java.api.IssuableSubscriptionVisitorTest
[INFO] Running org.sonar.java.matcher.MethodMatcherFactoryTest
06:30:00.931 INFO  org.sonar.squidbridge.ProgressReport - 1/1 source files have been analyzed
06:30:00.933 INFO  org.sonar.squidbridge.ProgressReport - 1 source files to be analyzed
06:30:00.938 INFO  org.sonar.squidbridge.ProgressReport - 1/1 source files have been analyzed
06:30:00.940 INFO  org.sonar.squidbridge.ProgressReport - 1 source files to be analyzed
06:30:00.946 INFO  org.sonar.squidbridge.ProgressReport - 1/1 source files have been analyzed
06:30:00.948 INFO  org.sonar.squidbridge.ProgressReport - 1 source files to be analyzed
[INFO] Tests run: 4, Failures: 0, Errors: 0, Skipped: 0, Time elapsed: 0.023 s - in org.sonar.java.matcher.MethodMatcherFactoryTest
[INFO] Running org.sonar.java.ast.parser.grammar.statements.LocalVariableDeclarationStatementTest
06:30:00.953 INFO  org.sonar.squidbridge.ProgressReport - 1/1 source files have been analyzed
[INFO] Tests run: 1, Failures: 0, Errors: 0, Skipped: 0, Time elapsed: 0 s - in org.sonar.java.ast.parser.grammar.statements.LocalVariableDeclarationStatementTest
[INFO] Running org.sonar.java.ast.visitors.SyntaxHighlighterVisitorTest
06:30:00.961 INFO  org.sonar.java.JavaSquid - Java Main Files AST scan
06:30:00.962 INFO  org.sonar.squidbridge.ProgressReport - 1 source files to be analyzed
06:30:00.969 INFO  org.sonar.java.JavaSquid - Java Main Files AST scan (done) | time=8ms
06:30:00.969 INFO  org.sonar.java.JavaSquid - Java Test Files AST scan
06:30:00.969 INFO  org.sonar.squidbridge.ProgressReport - 1/1 source files have been analyzed
06:30:00.969 INFO  org.sonar.squidbridge.ProgressReport - 0 source files to be analyzed
06:30:00.970 INFO  org.sonar.java.JavaSquid - Java Test Files AST scan (done) | time=1ms
06:30:00.970 INFO  org.sonar.squidbridge.ProgressReport - 0/0 source files have been analyzed
06:30:00.973 INFO  org.sonar.java.JavaSquid - Java Main Files AST scan
06:30:00.973 INFO  org.sonar.squidbridge.ProgressReport - 1 source files to be analyzed
06:30:00.979 INFO  org.sonar.java.JavaSquid - Java Main Files AST scan (done) | time=6ms
06:30:00.979 INFO  org.sonar.java.JavaSquid - Java Test Files AST scan
06:30:00.979 INFO  org.sonar.squidbridge.ProgressReport - 1/1 source files have been analyzed
06:30:00.979 INFO  org.sonar.squidbridge.ProgressReport - 0 source files to be analyzed
06:30:00.979 INFO  org.sonar.java.JavaSquid - Java Test Files AST scan (done) | time=0ms
06:30:00.979 INFO  org.sonar.squidbridge.ProgressReport - 0/0 source files have been analyzed
06:30:01.031 INFO  org.sonar.java.JavaSquid - Java Main Files AST scan
06:30:01.031 INFO  org.sonar.squidbridge.ProgressReport - 1 source files to be analyzed
06:30:01.031 ERROR org.sonar.java.ast.JavaAstScanner - Unable to parse source file : /tmp/junit1703173940384092199/junit5651024293102194840.tmp
06:30:01.031 ERROR org.sonar.java.ast.JavaAstScanner - Parse error at line 1 column 1:

1: ParseError
   ^

06:30:01.032 INFO  org.sonar.java.JavaSquid - Java Main Files AST scan (done) | time=1ms
06:30:01.032 INFO  org.sonar.java.JavaSquid - Java Test Files AST scan
06:30:01.032 INFO  org.sonar.squidbridge.ProgressReport - 0 source files to be analyzed
06:30:01.032 INFO  org.sonar.squidbridge.ProgressReport - 1/1 source files have been analyzed
06:30:01.032 INFO  org.sonar.java.JavaSquid - Java Test Files AST scan (done) | time=0ms
06:30:01.032 INFO  org.sonar.squidbridge.ProgressReport - 0/0 source files have been analyzed
06:30:01.036 INFO  org.sonar.java.JavaSquid - Java Main Files AST scan
06:30:01.036 INFO  org.sonar.squidbridge.ProgressReport - 1 source files to be analyzed
06:30:01.041 INFO  org.sonar.java.JavaSquid - Java Main Files AST scan (done) | time=5ms
06:30:01.041 INFO  org.sonar.java.JavaSquid - Java Test Files AST scan
06:30:01.041 INFO  org.sonar.squidbridge.ProgressReport - 1/1 source files have been analyzed
06:30:01.041 INFO  org.sonar.squidbridge.ProgressReport - 0 source files to be analyzed
06:30:01.042 INFO  org.sonar.java.JavaSquid - Java Test Files AST scan (done) | time=1ms
06:30:01.042 INFO  org.sonar.squidbridge.ProgressReport - 0/0 source files have been analyzed
06:30:01.046 INFO  org.sonar.java.JavaSquid - Java Main Files AST scan
06:30:01.047 INFO  org.sonar.squidbridge.ProgressReport - 1 source files to be analyzed
06:30:01.057 INFO  org.sonar.java.JavaSquid - Java Main Files AST scan (done) | time=11ms
06:30:01.058 INFO  org.sonar.java.JavaSquid - Java Test Files AST scan
06:30:01.058 INFO  org.sonar.squidbridge.ProgressReport - 1/1 source files have been analyzed
06:30:01.058 INFO  org.sonar.squidbridge.ProgressReport - 0 source files to be analyzed
06:30:01.058 INFO  org.sonar.java.JavaSquid - Java Test Files AST scan (done) | time=0ms
06:30:01.058 INFO  org.sonar.squidbridge.ProgressReport - 0/0 source files have been analyzed
06:30:01.062 INFO  org.sonar.java.JavaSquid - Java Main Files AST scan
06:30:01.062 INFO  org.sonar.squidbridge.ProgressReport - 1 source files to be analyzed
06:30:01.064 INFO  org.sonar.java.JavaSquid - Java Main Files AST scan (done) | time=2ms
06:30:01.065 INFO  org.sonar.squidbridge.ProgressReport - 1/1 source files have been analyzed
06:30:01.065 INFO  org.sonar.java.JavaSquid - Java Test Files AST scan
06:30:01.065 INFO  org.sonar.squidbridge.ProgressReport - 0 source files to be analyzed
06:30:01.065 INFO  org.sonar.java.JavaSquid - Java Test Files AST scan (done) | time=0ms
06:30:01.065 INFO  org.sonar.squidbridge.ProgressReport - 0/0 source files have been analyzed
06:30:01.069 INFO  org.sonar.java.JavaSquid - Java Main Files AST scan
06:30:01.069 INFO  org.sonar.squidbridge.ProgressReport - 1 source files to be analyzed
06:30:01.075 INFO  org.sonar.java.JavaSquid - Java Main Files AST scan (done) | time=6ms
06:30:01.075 INFO  org.sonar.squidbridge.ProgressReport - 1/1 source files have been analyzed
06:30:01.075 INFO  org.sonar.java.JavaSquid - Java Test Files AST scan
06:30:01.075 INFO  org.sonar.squidbridge.ProgressReport - 0 source files to be analyzed
06:30:01.075 INFO  org.sonar.java.JavaSquid - Java Test Files AST scan (done) | time=0ms
06:30:01.075 INFO  org.sonar.squidbridge.ProgressReport - 0/0 source files have been analyzed
[INFO] Tests run: 7, Failures: 0, Errors: 0, Skipped: 0, Time elapsed: 0.118 s - in org.sonar.java.ast.visitors.SyntaxHighlighterVisitorTest
[INFO] Running org.sonar.java.ast.parser.grammar.expressions.ExpressionTest
[INFO] Tests run: 3, Failures: 0, Errors: 0, Skipped: 0, Time elapsed: 0.01 s - in org.sonar.java.ast.parser.grammar.expressions.ExpressionTest
[INFO] Running org.sonar.java.se.checks.NonNullSetToNullCheckTest
06:30:01.091 INFO  org.sonar.squidbridge.ProgressReport - 1 source files to be analyzed
[INFO] Tests run: 1, Failures: 0, Errors: 0, Skipped: 0, Time elapsed: 0.18 s - in org.sonar.java.se.checks.NonNullSetToNullCheckTest
06:30:01.269 INFO  org.sonar.squidbridge.ProgressReport - 1/1 source files have been analyzed
[INFO] Running org.sonar.java.resolve.FlagsTest
[INFO] Tests run: 2, Failures: 0, Errors: 0, Skipped: 0, Time elapsed: 0 s - in org.sonar.java.resolve.FlagsTest
[INFO] Running org.sonar.java.se.xproc.ExceptionalCheckBasedYieldTest
[INFO] Tests run: 5, Failures: 0, Errors: 0, Skipped: 0, Time elapsed: 0.284 s - in org.sonar.java.se.xproc.ExceptionalCheckBasedYieldTest
[INFO] Running org.sonar.java.resolve.LambdaBlockReturnVisitorTest
[INFO] Tests run: 1, Failures: 0, Errors: 0, Skipped: 0, Time elapsed: 0.007 s - in org.sonar.java.resolve.LambdaBlockReturnVisitorTest
[INFO] Running org.sonar.java.se.LearnedAssociationTest
[INFO] Tests run: 1, Failures: 0, Errors: 0, Skipped: 0, Time elapsed: 0 s - in org.sonar.java.se.LearnedAssociationTest
[INFO] Running org.sonar.java.ast.parser.grammar.literals.KeywordTest
[INFO] Tests run: 1, Failures: 0, Errors: 0, Skipped: 0, Time elapsed: 0 s - in org.sonar.java.ast.parser.grammar.literals.KeywordTest
[INFO] Running org.sonar.java.AnalysisErrorTest
[INFO] Tests run: 1, Failures: 0, Errors: 0, Skipped: 0, Time elapsed: 0 s - in org.sonar.java.AnalysisErrorTest
[INFO] Running org.sonar.java.CommonsCollectionsTest
06:30:02.271 INFO  org.sonar.java.JavaSquid - Java Main Files AST scan
06:30:02.272 INFO  org.sonar.squidbridge.ProgressReport - 273 source files to be analyzed
06:30:12.273 INFO  org.sonar.squidbridge.ProgressReport - 111/273 files analyzed, current file: /home/travis/build/failed/SonarSource/sonar-java/java-frontend/target/test-projects/commons-collections-3.2.1/src/org/apache/commons/collections/comparators/NullComparator.java
06:30:22.273 INFO  org.sonar.squidbridge.ProgressReport - 223/273 files analyzed, current file: /home/travis/build/failed/SonarSource/sonar-java/java-frontend/target/test-projects/commons-collections-3.2.1/src/org/apache/commons/collections/map/AbstractLinkedMap.java
06:30:29.586 INFO  org.sonar.java.JavaSquid - Java Main Files AST scan (done) | time=27315ms
06:30:29.586 INFO  org.sonar.squidbridge.ProgressReport - 273/273 source files have been analyzed
06:30:29.586 INFO  org.sonar.java.JavaSquid - Java Test Files AST scan
06:30:29.586 INFO  org.sonar.squidbridge.ProgressReport - 0 source files to be analyzed
06:30:29.586 INFO  org.sonar.java.JavaSquid - Java Test Files AST scan (done) | time=0ms
06:30:29.586 INFO  org.sonar.squidbridge.ProgressReport - 0/0 source files have been analyzed
[INFO] Tests run: 1, Failures: 0, Errors: 0, Skipped: 0, Time elapsed: 28.152 s - in org.sonar.java.CommonsCollectionsTest
[INFO] Running org.sonar.java.se.checks.CustomUnclosedResourcesCheckTest
06:30:29.732 INFO  org.sonar.squidbridge.ProgressReport - 1 source files to be analyzed
06:30:29.744 INFO  org.sonar.squidbridge.ProgressReport - 1/1 source files have been analyzed
06:30:29.747 INFO  org.sonar.squidbridge.ProgressReport - 1 source files to be analyzed
06:30:29.758 INFO  org.sonar.squidbridge.ProgressReport - 1/1 source files have been analyzed
06:30:29.761 INFO  org.sonar.squidbridge.ProgressReport - 1 source files to be analyzed
06:30:29.771 INFO  org.sonar.squidbridge.ProgressReport - 1/1 source files have been analyzed
06:30:29.775 INFO  org.sonar.squidbridge.ProgressReport - 1 source files to be analyzed
06:30:29.793 INFO  org.sonar.squidbridge.ProgressReport - 1/1 source files have been analyzed
06:30:29.798 INFO  org.sonar.squidbridge.ProgressReport - 1 source files to be analyzed
06:30:29.811 INFO  org.sonar.squidbridge.ProgressReport - 1/1 source files have been analyzed
06:30:29.815 INFO  org.sonar.squidbridge.ProgressReport - 1 source files to be analyzed
06:30:29.828 INFO  org.sonar.squidbridge.ProgressReport - 1/1 source files have been analyzed
06:30:29.832 INFO  org.sonar.squidbridge.ProgressReport - 1 source files to be analyzed
06:30:29.843 INFO  org.sonar.squidbridge.ProgressReport - 1/1 source files have been analyzed
[INFO] Tests run: 7, Failures: 0, Errors: 0, Skipped: 0, Time elapsed: 0.115 s - in org.sonar.java.se.checks.CustomUnclosedResourcesCheckTest
[INFO] Running org.sonar.java.bytecode.cfg.InstructionsTest
[INFO] Tests run: 1, Failures: 0, Errors: 0, Skipped: 0, Time elapsed: 0 s - in org.sonar.java.bytecode.cfg.InstructionsTest
[INFO] Running org.sonar.java.ast.parser.grammar.literals.IntegerLiteralTest
[INFO] Tests run: 2, Failures: 0, Errors: 0, Skipped: 0, Time elapsed: 0.017 s - in org.sonar.java.ast.parser.grammar.literals.IntegerLiteralTest
[INFO] Running org.sonar.java.matcher.NameCriteriaTest
[INFO] Tests run: 3, Failures: 0, Errors: 0, Skipped: 0, Time elapsed: 0 s - in org.sonar.java.matcher.NameCriteriaTest
[INFO] Running org.sonar.java.se.symbolicvalues.RelationalSymbolicValueTest
06:30:30.018 INFO  org.sonar.squidbridge.ProgressReport - 1 source files to be analyzed
06:30:30.031 INFO  org.sonar.squidbridge.ProgressReport - 1/1 source files have been analyzed
06:30:30.136 INFO  org.sonar.squidbridge.ProgressReport - 1 source files to be analyzed
06:30:30.148 INFO  org.sonar.squidbridge.ProgressReport - 1/1 source files have been analyzed
[INFO] Tests run: 24, Failures: 0, Errors: 0, Skipped: 0, Time elapsed: 2.483 s - in org.sonar.java.se.symbolicvalues.RelationalSymbolicValueTest
[INFO] Running org.sonar.java.model.declaration.MethodTreeImplTest
[INFO] Tests run: 15, Failures: 0, Errors: 0, Skipped: 0, Time elapsed: 0.196 s - in org.sonar.java.model.declaration.MethodTreeImplTest
[INFO] Running org.sonar.java.ast.parser.grammar.types.TypeArgumentsTest
[INFO] Tests run: 1, Failures: 0, Errors: 0, Skipped: 0, Time elapsed: 0 s - in org.sonar.java.ast.parser.grammar.types.TypeArgumentsTest
[INFO] Running org.sonar.java.se.ExceptionUtilsTest
[INFO] Tests run: 1, Failures: 0, Errors: 0, Skipped: 0, Time elapsed: 0.006 s - in org.sonar.java.se.ExceptionUtilsTest
[INFO] Running org.sonar.java.ast.parser.grammar.units.TypeDeclarationTest
[INFO] Tests run: 2, Failures: 0, Errors: 0, Skipped: 0, Time elapsed: 0.001 s - in org.sonar.java.ast.parser.grammar.units.TypeDeclarationTest
[INFO] Running org.sonar.java.se.BehaviorCacheTest
[INFO] Tests run: 16, Failures: 0, Errors: 0, Skipped: 0, Time elapsed: 2.366 s - in org.sonar.java.se.BehaviorCacheTest
[INFO] Running org.sonar.java.resolve.MethodJavaTypeTest
[INFO] Tests run: 4, Failures: 0, Errors: 0, Skipped: 0, Time elapsed: 0 s - in org.sonar.java.resolve.MethodJavaTypeTest
[INFO] Running org.sonar.java.se.LearnedConstraintTest
[INFO] Tests run: 1, Failures: 0, Errors: 0, Skipped: 0, Time elapsed: 0 s - in org.sonar.java.se.LearnedConstraintTest
[INFO] Running org.sonar.java.se.ExpectationsParserTest
[INFO] Tests run: 19, Failures: 0, Errors: 0, Skipped: 0, Time elapsed: 0.004 s - in org.sonar.java.se.ExpectationsParserTest
[INFO] Running org.sonar.java.model.ModifiersUtilsTest
[INFO] Tests run: 3, Failures: 0, Errors: 0, Skipped: 0, Time elapsed: 0.003 s - in org.sonar.java.model.ModifiersUtilsTest
[INFO] Running org.sonar.java.xml.XmlCheckContextImplTest
[INFO] Tests run: 17, Failures: 0, Errors: 0, Skipped: 0, Time elapsed: 1.123 s - in org.sonar.java.xml.XmlCheckContextImplTest
[INFO] Running org.sonar.java.se.constraint.ConstraintManagerTest
[INFO] Tests run: 17, Failures: 0, Errors: 0, Skipped: 0, Time elapsed: 0.131 s - in org.sonar.java.se.constraint.ConstraintManagerTest
[INFO] Running org.sonar.java.ast.parser.grammar.statements.SwitchBlockStatementGroupTest
[INFO] Tests run: 1, Failures: 0, Errors: 0, Skipped: 0, Time elapsed: 0 s - in org.sonar.java.ast.parser.grammar.statements.SwitchBlockStatementGroupTest
[INFO] Running org.sonar.java.collections.AVLTreeTest
[INFO] Tests run: 9, Failures: 0, Errors: 0, Skipped: 0, Time elapsed: 0 s - in org.sonar.java.collections.AVLTreeTest
[INFO] Running org.sonar.java.se.ExplodedGraphTest
[INFO] Tests run: 1, Failures: 0, Errors: 0, Skipped: 0, Time elapsed: 0 s - in org.sonar.java.se.ExplodedGraphTest
[INFO] Running org.sonar.java.ast.parser.grammar.moduledirectives.ProvidesDirectiveTest
[INFO] Tests run: 1, Failures: 0, Errors: 0, Skipped: 0, Time elapsed: 0 s - in org.sonar.java.ast.parser.grammar.moduledirectives.ProvidesDirectiveTest
[INFO] Running org.sonar.java.ast.parser.grammar.statements.LabeledStatementTest
[INFO] Tests run: 1, Failures: 0, Errors: 0, Skipped: 0, Time elapsed: 0 s - in org.sonar.java.ast.parser.grammar.statements.LabeledStatementTest
[INFO] Running org.sonar.java.se.NullableAnnotationUtilsTest
[INFO] Tests run: 4, Failures: 0, Errors: 0, Skipped: 0, Time elapsed: 0.954 s - in org.sonar.java.se.NullableAnnotationUtilsTest
[INFO] Running org.sonar.java.resolve.ResolveTest
[INFO] Tests run: 6, Failures: 0, Errors: 0, Skipped: 0, Time elapsed: 0.009 s - in org.sonar.java.resolve.ResolveTest
[INFO] Running org.sonar.java.JavaConstantsTest
[INFO] Tests run: 1, Failures: 0, Errors: 0, Skipped: 0, Time elapsed: 0 s - in org.sonar.java.JavaConstantsTest
[INFO] Running org.sonar.java.resolve.TypeSubstitutionSolverTest
[INFO] Tests run: 19, Failures: 0, Errors: 0, Skipped: 0, Time elapsed: 0.117 s - in org.sonar.java.resolve.TypeSubstitutionSolverTest
[INFO] Running org.sonar.java.se.checks.DivisionByZeroCheckTest
06:30:37.305 INFO  org.sonar.squidbridge.ProgressReport - 1 source files to be analyzed
06:30:37.326 INFO  org.sonar.squidbridge.ProgressReport - 1/1 source files have been analyzed
06:30:37.329 INFO  org.sonar.squidbridge.ProgressReport - 1 source files to be analyzed
06:30:37.386 INFO  org.sonar.squidbridge.ProgressReport - 1/1 source files have been analyzed
[INFO] Tests run: 3, Failures: 0, Errors: 0, Skipped: 0, Time elapsed: 0.083 s - in org.sonar.java.se.checks.DivisionByZeroCheckTest
[INFO] Running org.sonar.java.ast.parser.grammar.statements.BreakStatementTest
[INFO] Tests run: 1, Failures: 0, Errors: 0, Skipped: 0, Time elapsed: 0 s - in org.sonar.java.ast.parser.grammar.statements.BreakStatementTest
[INFO] Running org.sonar.java.ast.parser.grammar.types.TypeParametersTest
[INFO] Tests run: 1, Failures: 0, Errors: 0, Skipped: 0, Time elapsed: 0 s - in org.sonar.java.ast.parser.grammar.types.TypeParametersTest
[INFO] Running org.sonar.java.JavaSquidTest
06:30:37.402 INFO  org.sonar.java.JavaSquid - Java Main Files AST scan
06:30:37.402 INFO  org.sonar.squidbridge.ProgressReport - 1 source files to be analyzed
06:30:37.408 ERROR org.sonar.java.model.VisitorsBridge - Unable to create symbol table for : /tmp/junit8695527441090277542/junit6653417148290005099.tmp
java.lang.IllegalStateException: Registering class 2 times : A
	at com.google.common.base.Preconditions.checkState(Preconditions.java:199) ~[guava-19.0.jar:na]
	at org.sonar.java.resolve.BytecodeCompleter.registerClass(BytecodeCompleter.java:66) ~[classes/:na]
	at org.sonar.java.resolve.Resolve.registerClass(Resolve.java:85) ~[classes/:na]
	at org.sonar.java.resolve.FirstPass.visitClass(FirstPass.java:234) ~[classes/:na]
	at org.sonar.java.model.declaration.ClassTreeImpl.accept(ClassTreeImpl.java:202) ~[classes/:na]
	at org.sonar.plugins.java.api.tree.BaseTreeVisitor.scan(BaseTreeVisitor.java:40) ~[classes/:na]
	at org.sonar.plugins.java.api.tree.BaseTreeVisitor.scan(BaseTreeVisitor.java:34) ~[classes/:na]
	at org.sonar.java.resolve.FirstPass.visitCompilationUnit(FirstPass.java:126) ~[classes/:na]
	at org.sonar.java.resolve.SemanticModel.createFor(SemanticModel.java:65) ~[classes/:na]
	at org.sonar.java.model.VisitorsBridge.visitFile(VisitorsBridge.java:110) ~[classes/:na]
	at org.sonar.java.ast.JavaAstScanner.simpleScan(JavaAstScanner.java:96) [classes/:na]
	at org.sonar.java.ast.JavaAstScanner.scan(JavaAstScanner.java:68) [classes/:na]
	at org.sonar.java.JavaSquid.scanSources(JavaSquid.java:116) [classes/:na]
	at org.sonar.java.JavaSquid.scan(JavaSquid.java:110) [classes/:na]
	at org.sonar.java.JavaSquidTest.setupAnalysisError(JavaSquidTest.java:177) [test-classes/:na]
	at org.sonar.java.JavaSquidTest.semantic_errors_should_be_reported_to_sonarlint(JavaSquidTest.java:152) [test-classes/:na]
	at sun.reflect.NativeMethodAccessorImpl.invoke0(Native Method) ~[na:1.8.0_151]
	at sun.reflect.NativeMethodAccessorImpl.invoke(NativeMethodAccessorImpl.java:62) ~[na:1.8.0_151]
	at sun.reflect.DelegatingMethodAccessorImpl.invoke(DelegatingMethodAccessorImpl.java:43) ~[na:1.8.0_151]
	at java.lang.reflect.Method.invoke(Method.java:498) ~[na:1.8.0_151]
	at org.junit.runners.model.FrameworkMethod$1.runReflectiveCall(FrameworkMethod.java:50) [junit-4.12.jar:4.12]
	at org.junit.internal.runners.model.ReflectiveCallable.run(ReflectiveCallable.java:12) [junit-4.12.jar:4.12]
	at org.junit.runners.model.FrameworkMethod.invokeExplosively(FrameworkMethod.java:47) [junit-4.12.jar:4.12]
	at org.junit.internal.runners.statements.InvokeMethod.evaluate(InvokeMethod.java:17) [junit-4.12.jar:4.12]
	at org.junit.rules.ExternalResource$1.evaluate(ExternalResource.java:48) [junit-4.12.jar:4.12]
	at org.junit.rules.RunRules.evaluate(RunRules.java:20) [junit-4.12.jar:4.12]
	at org.junit.runners.ParentRunner.runLeaf(ParentRunner.java:325) [junit-4.12.jar:4.12]
	at org.junit.runners.BlockJUnit4ClassRunner.runChild(BlockJUnit4ClassRunner.java:78) [junit-4.12.jar:4.12]
	at org.junit.runners.BlockJUnit4ClassRunner.runChild(BlockJUnit4ClassRunner.java:57) [junit-4.12.jar:4.12]
	at org.junit.runners.ParentRunner$3.run(ParentRunner.java:290) [junit-4.12.jar:4.12]
	at org.junit.runners.ParentRunner$1.schedule(ParentRunner.java:71) [junit-4.12.jar:4.12]
	at org.junit.runners.ParentRunner.runChildren(ParentRunner.java:288) [junit-4.12.jar:4.12]
	at org.junit.runners.ParentRunner.access$000(ParentRunner.java:58) [junit-4.12.jar:4.12]
	at org.junit.runners.ParentRunner$2.evaluate(ParentRunner.java:268) [junit-4.12.jar:4.12]
	at org.junit.runners.ParentRunner.run(ParentRunner.java:363) [junit-4.12.jar:4.12]
	at org.apache.maven.surefire.junit4.JUnit4Provider.execute(JUnit4Provider.java:369) [surefire-junit4-2.20.1.jar:2.20.1]
	at org.apache.maven.surefire.junit4.JUnit4Provider.executeWithRerun(JUnit4Provider.java:275) [surefire-junit4-2.20.1.jar:2.20.1]
	at org.apache.maven.surefire.junit4.JUnit4Provider.executeTestSet(JUnit4Provider.java:239) [surefire-junit4-2.20.1.jar:2.20.1]
	at org.apache.maven.surefire.junit4.JUnit4Provider.invoke(JUnit4Provider.java:160) [surefire-junit4-2.20.1.jar:2.20.1]
	at org.apache.maven.surefire.booter.ForkedBooter.invokeProviderInSameClassLoader(ForkedBooter.java:373) [surefire-booter-2.20.1.jar:2.20.1]
	at org.apache.maven.surefire.booter.ForkedBooter.runSuitesInProcess(ForkedBooter.java:334) [surefire-booter-2.20.1.jar:2.20.1]
	at org.apache.maven.surefire.booter.ForkedBooter.execute(ForkedBooter.java:119) [surefire-booter-2.20.1.jar:2.20.1]
	at org.apache.maven.surefire.booter.ForkedBooter.main(ForkedBooter.java:407) [surefire-booter-2.20.1.jar:2.20.1]
06:30:37.410 INFO  org.sonar.java.JavaSquid - Java Main Files AST scan (done) | time=8ms
06:30:37.410 INFO  org.sonar.java.JavaSquid - Java Test Files AST scan
06:30:37.410 INFO  org.sonar.squidbridge.ProgressReport - 1/1 source files have been analyzed
06:30:37.410 INFO  org.sonar.squidbridge.ProgressReport - 0 source files to be analyzed
06:30:37.411 INFO  org.sonar.java.JavaSquid - Java Test Files AST scan (done) | time=1ms
06:30:37.411 INFO  org.sonar.squidbridge.ProgressReport - 0/0 source files have been analyzed
06:30:37.414 INFO  org.sonar.java.JavaSquid - Java Main Files AST scan
06:30:37.414 INFO  org.sonar.squidbridge.ProgressReport - 1 source files to be analyzed
06:30:37.415 ERROR org.sonar.java.ast.JavaAstScanner - Unable to parse source file : /tmp/junit2940128604029998511/junit7123334000986926694.tmp
06:30:37.415 ERROR org.sonar.java.ast.JavaAstScanner - Parse error at line 1 column 10:

1: class A {
            ^

06:30:37.415 INFO  org.sonar.java.JavaSquid - Java Main Files AST scan (done) | time=1ms
06:30:37.415 INFO  org.sonar.java.JavaSquid - Java Test Files AST scan
06:30:37.415 INFO  org.sonar.squidbridge.ProgressReport - 0 source files to be analyzed
06:30:37.415 INFO  org.sonar.squidbridge.ProgressReport - 1/1 source files have been analyzed
06:30:37.416 INFO  org.sonar.java.JavaSquid - Java Test Files AST scan (done) | time=1ms
06:30:37.416 INFO  org.sonar.squidbridge.ProgressReport - 0/0 source files have been analyzed
06:30:37.420 INFO  org.sonar.java.JavaSquid - Java Main Files AST scan
06:30:37.420 INFO  org.sonar.squidbridge.ProgressReport - 1 source files to be analyzed
06:30:37.427 INFO  org.sonar.java.JavaSquid - Java Main Files AST scan (done) | time=7ms
06:30:37.427 INFO  org.sonar.java.JavaSquid - Java Test Files AST scan
06:30:37.427 INFO  org.sonar.squidbridge.ProgressReport - 1/1 source files have been analyzed
06:30:37.427 INFO  org.sonar.squidbridge.ProgressReport - 0 source files to be analyzed
06:30:37.427 INFO  org.sonar.java.JavaSquid - Java Test Files AST scan (done) | time=0ms
06:30:37.428 INFO  org.sonar.squidbridge.ProgressReport - 0/0 source files have been analyzed
06:30:37.549 INFO  org.sonar.java.JavaSquid - Java Main Files AST scan
06:30:37.549 INFO  org.sonar.squidbridge.ProgressReport - 1 source files to be analyzed
06:30:37.550 ERROR org.sonar.java.ast.JavaAstScanner - Unable to parse source file : /tmp/junit4965428290443829798/junit4680228537773646177.tmp
06:30:37.550 ERROR org.sonar.java.ast.JavaAstScanner - Parse error at line 6 column 1:

1: /***/
2: class A {
3:  String foo() {
4:   return foo();
5:  }
6: 
   ^

06:30:37.550 INFO  org.sonar.java.JavaSquid - Java Main Files AST scan (done) | time=1ms
06:30:37.550 INFO  org.sonar.java.JavaSquid - Java Test Files AST scan
06:30:37.550 INFO  org.sonar.squidbridge.ProgressReport - 1/1 source files have been analyzed
06:30:37.550 INFO  org.sonar.squidbridge.ProgressReport - 0 source files to be analyzed
06:30:37.551 INFO  org.sonar.java.JavaSquid - Java Test Files AST scan (done) | time=1ms
06:30:37.551 INFO  org.sonar.squidbridge.ProgressReport - 0/0 source files have been analyzed
06:30:37.554 INFO  org.sonar.java.JavaSquid - Java Main Files AST scan
06:30:37.554 INFO  org.sonar.squidbridge.ProgressReport - 1 source files to be analyzed
06:30:37.556 ERROR org.sonar.java.model.VisitorsBridge - Unable to create symbol table for : /tmp/junit8310630310606595836/junit3631663018433360450.tmp
java.lang.IllegalStateException: Registering class 2 times : A
	at com.google.common.base.Preconditions.checkState(Preconditions.java:199) ~[guava-19.0.jar:na]
	at org.sonar.java.resolve.BytecodeCompleter.registerClass(BytecodeCompleter.java:66) ~[classes/:na]
	at org.sonar.java.resolve.Resolve.registerClass(Resolve.java:85) ~[classes/:na]
	at org.sonar.java.resolve.FirstPass.visitClass(FirstPass.java:234) ~[classes/:na]
	at org.sonar.java.model.declaration.ClassTreeImpl.accept(ClassTreeImpl.java:202) ~[classes/:na]
	at org.sonar.plugins.java.api.tree.BaseTreeVisitor.scan(BaseTreeVisitor.java:40) ~[classes/:na]
	at org.sonar.plugins.java.api.tree.BaseTreeVisitor.scan(BaseTreeVisitor.java:34) ~[classes/:na]
	at org.sonar.java.resolve.FirstPass.visitCompilationUnit(FirstPass.java:126) ~[classes/:na]
	at org.sonar.java.resolve.SemanticModel.createFor(SemanticModel.java:65) ~[classes/:na]
	at org.sonar.java.model.VisitorsBridge.visitFile(VisitorsBridge.java:110) ~[classes/:na]
	at org.sonar.java.ast.JavaAstScanner.simpleScan(JavaAstScanner.java:96) [classes/:na]
	at org.sonar.java.ast.JavaAstScanner.scan(JavaAstScanner.java:68) [classes/:na]
	at org.sonar.java.JavaSquid.scanSources(JavaSquid.java:116) [classes/:na]
	at org.sonar.java.JavaSquid.scan(JavaSquid.java:110) [classes/:na]
	at org.sonar.java.JavaSquidTest.collectAnalysisErrors(JavaSquidTest.java:138) [test-classes/:na]
	at org.sonar.java.JavaSquidTest.verify_analysis_errors_are_collected_on_semantic_error(JavaSquidTest.java:110) [test-classes/:na]
	at sun.reflect.NativeMethodAccessorImpl.invoke0(Native Method) ~[na:1.8.0_151]
	at sun.reflect.NativeMethodAccessorImpl.invoke(NativeMethodAccessorImpl.java:62) ~[na:1.8.0_151]
	at sun.reflect.DelegatingMethodAccessorImpl.invoke(DelegatingMethodAccessorImpl.java:43) ~[na:1.8.0_151]
	at java.lang.reflect.Method.invoke(Method.java:498) ~[na:1.8.0_151]
	at org.junit.runners.model.FrameworkMethod$1.runReflectiveCall(FrameworkMethod.java:50) [junit-4.12.jar:4.12]
	at org.junit.internal.runners.model.ReflectiveCallable.run(ReflectiveCallable.java:12) [junit-4.12.jar:4.12]
	at org.junit.runners.model.FrameworkMethod.invokeExplosively(FrameworkMethod.java:47) [junit-4.12.jar:4.12]
	at org.junit.internal.runners.statements.InvokeMethod.evaluate(InvokeMethod.java:17) [junit-4.12.jar:4.12]
	at org.junit.rules.ExternalResource$1.evaluate(ExternalResource.java:48) [junit-4.12.jar:4.12]
	at org.junit.rules.RunRules.evaluate(RunRules.java:20) [junit-4.12.jar:4.12]
	at org.junit.runners.ParentRunner.runLeaf(ParentRunner.java:325) [junit-4.12.jar:4.12]
	at org.junit.runners.BlockJUnit4ClassRunner.runChild(BlockJUnit4ClassRunner.java:78) [junit-4.12.jar:4.12]
	at org.junit.runners.BlockJUnit4ClassRunner.runChild(BlockJUnit4ClassRunner.java:57) [junit-4.12.jar:4.12]
	at org.junit.runners.ParentRunner$3.run(ParentRunner.java:290) [junit-4.12.jar:4.12]
	at org.junit.runners.ParentRunner$1.schedule(ParentRunner.java:71) [junit-4.12.jar:4.12]
	at org.junit.runners.ParentRunner.runChildren(ParentRunner.java:288) [junit-4.12.jar:4.12]
	at org.junit.runners.ParentRunner.access$000(ParentRunner.java:58) [junit-4.12.jar:4.12]
	at org.junit.runners.ParentRunner$2.evaluate(ParentRunner.java:268) [junit-4.12.jar:4.12]
	at org.junit.runners.ParentRunner.run(ParentRunner.java:363) [junit-4.12.jar:4.12]
	at org.apache.maven.surefire.junit4.JUnit4Provider.execute(JUnit4Provider.java:369) [surefire-junit4-2.20.1.jar:2.20.1]
	at org.apache.maven.surefire.junit4.JUnit4Provider.executeWithRerun(JUnit4Provider.java:275) [surefire-junit4-2.20.1.jar:2.20.1]
	at org.apache.maven.surefire.junit4.JUnit4Provider.executeTestSet(JUnit4Provider.java:239) [surefire-junit4-2.20.1.jar:2.20.1]
	at org.apache.maven.surefire.junit4.JUnit4Provider.invoke(JUnit4Provider.java:160) [surefire-junit4-2.20.1.jar:2.20.1]
	at org.apache.maven.surefire.booter.ForkedBooter.invokeProviderInSameClassLoader(ForkedBooter.java:373) [surefire-booter-2.20.1.jar:2.20.1]
	at org.apache.maven.surefire.booter.ForkedBooter.runSuitesInProcess(ForkedBooter.java:334) [surefire-booter-2.20.1.jar:2.20.1]
	at org.apache.maven.surefire.booter.ForkedBooter.execute(ForkedBooter.java:119) [surefire-booter-2.20.1.jar:2.20.1]
	at org.apache.maven.surefire.booter.ForkedBooter.main(ForkedBooter.java:407) [surefire-booter-2.20.1.jar:2.20.1]
06:30:37.557 INFO  org.sonar.java.JavaSquid - Java Main Files AST scan (done) | time=3ms
06:30:37.557 INFO  org.sonar.java.JavaSquid - Java Test Files AST scan
06:30:37.557 INFO  org.sonar.squidbridge.ProgressReport - 0 source files to be analyzed
06:30:37.557 INFO  org.sonar.squidbridge.ProgressReport - 1/1 source files have been analyzed
06:30:37.557 INFO  org.sonar.java.JavaSquid - Java Test Files AST scan (done) | time=0ms
06:30:37.557 INFO  org.sonar.squidbridge.ProgressReport - 0/0 source files have been analyzed
[INFO] Tests run: 5, Failures: 0, Errors: 0, Skipped: 0, Time elapsed: 0.164 s - in org.sonar.java.JavaSquidTest
[INFO] Running org.sonar.java.se.checks.NoWayOutLoopCheckTest
06:30:37.560 INFO  org.sonar.squidbridge.ProgressReport - 1 source files to be analyzed
06:30:37.635 INFO  org.sonar.squidbridge.ProgressReport - 1/1 source files have been analyzed
[INFO] Tests run: 1, Failures: 0, Errors: 0, Skipped: 0, Time elapsed: 0.076 s - in org.sonar.java.se.checks.NoWayOutLoopCheckTest
[INFO] Running org.sonar.java.se.checks.StreamConsumedCheckTest
06:30:37.640 INFO  org.sonar.squidbridge.ProgressReport - 1 source files to be analyzed
06:30:37.678 INFO  org.sonar.squidbridge.ProgressReport - 1/1 source files have been analyzed
[INFO] Tests run: 1, Failures: 0, Errors: 0, Skipped: 0, Time elapsed: 0.041 s - in org.sonar.java.se.checks.StreamConsumedCheckTest
[INFO] Running org.sonar.java.se.JavaCheckVerifierTest
06:30:37.684 INFO  org.sonar.squidbridge.ProgressReport - 1 source files to be analyzed
06:30:37.690 INFO  org.sonar.squidbridge.ProgressReport - 1 source files to be analyzed
06:30:37.697 INFO  org.sonar.squidbridge.ProgressReport - 1/1 source files have been analyzed
06:30:37.703 INFO  org.sonar.squidbridge.ProgressReport - 1 source files to be analyzed
06:30:37.715 INFO  org.sonar.squidbridge.ProgressReport - 1/1 source files have been analyzed
06:30:37.723 INFO  org.sonar.squidbridge.ProgressReport - 1 source files to be analyzed
06:30:37.729 INFO  org.sonar.squidbridge.ProgressReport - 1 source files to be analyzed
06:30:37.736 INFO  org.sonar.squidbridge.ProgressReport - 1 source files to be analyzed
06:30:37.741 INFO  org.sonar.squidbridge.ProgressReport - 1/1 source files have been analyzed
06:30:37.745 INFO  org.sonar.squidbridge.ProgressReport - 1 source files to be analyzed
06:30:37.751 INFO  org.sonar.squidbridge.ProgressReport - 1/1 source files have been analyzed
06:30:37.756 INFO  org.sonar.squidbridge.ProgressReport - 1 source files to be analyzed
06:30:37.762 INFO  org.sonar.squidbridge.ProgressReport - 1/1 source files have been analyzed
06:30:37.766 INFO  org.sonar.squidbridge.ProgressReport - 1 source files to be analyzed
06:30:37.772 INFO  org.sonar.squidbridge.ProgressReport - 1 source files to be analyzed
06:30:37.779 INFO  org.sonar.squidbridge.ProgressReport - 1/1 source files have been analyzed
06:30:37.783 INFO  org.sonar.squidbridge.ProgressReport - 1 source files to be analyzed
06:30:37.788 INFO  org.sonar.squidbridge.ProgressReport - 1/1 source files have been analyzed
06:30:37.796 INFO  org.sonar.squidbridge.ProgressReport - 1 source files to be analyzed
06:30:37.809 INFO  org.sonar.squidbridge.ProgressReport - 1/1 source files have been analyzed
06:30:37.814 INFO  org.sonar.squidbridge.ProgressReport - 1 source files to be analyzed
06:30:37.821 INFO  org.sonar.squidbridge.ProgressReport - 1/1 source files have been analyzed
06:30:37.825 INFO  org.sonar.squidbridge.ProgressReport - 1 source files to be analyzed
06:30:37.833 INFO  org.sonar.squidbridge.ProgressReport - 1/1 source files have been analyzed
06:30:37.837 INFO  org.sonar.squidbridge.ProgressReport - 1 source files to be analyzed
06:30:37.844 INFO  org.sonar.squidbridge.ProgressReport - 1/1 source files have been analyzed
06:30:37.849 INFO  org.sonar.squidbridge.ProgressReport - 1 source files to be analyzed
06:30:37.861 INFO  org.sonar.squidbridge.ProgressReport - 1/1 source files have been analyzed
06:30:37.871 INFO  org.sonar.squidbridge.ProgressReport - 1 source files to be analyzed
06:30:37.882 INFO  org.sonar.squidbridge.ProgressReport - 1/1 source files have been analyzed
06:30:37.887 INFO  org.sonar.squidbridge.ProgressReport - 1 source files to be analyzed
06:30:37.892 INFO  org.sonar.squidbridge.ProgressReport - 1/1 source files have been analyzed
06:30:37.895 INFO  org.sonar.squidbridge.ProgressReport - 1 source files to be analyzed
06:30:37.900 INFO  org.sonar.squidbridge.ProgressReport - 1/1 source files have been analyzed
06:30:37.903 INFO  org.sonar.squidbridge.ProgressReport - 1 source files to be analyzed
06:30:37.908 INFO  org.sonar.squidbridge.ProgressReport - 1/1 source files have been analyzed
06:30:37.910 INFO  org.sonar.squidbridge.ProgressReport - 1 source files to be analyzed
06:30:37.915 INFO  org.sonar.squidbridge.ProgressReport - 1/1 source files have been analyzed
06:30:37.918 INFO  org.sonar.squidbridge.ProgressReport - 1 source files to be analyzed
06:30:37.922 INFO  org.sonar.squidbridge.ProgressReport - 1/1 source files have been analyzed
06:30:37.925 INFO  org.sonar.squidbridge.ProgressReport - 1 source files to be analyzed
06:30:37.932 INFO  org.sonar.squidbridge.ProgressReport - 1/1 source files have been analyzed
06:30:37.936 INFO  org.sonar.squidbridge.ProgressReport - 1 source files to be analyzed
06:30:37.941 INFO  org.sonar.squidbridge.ProgressReport - 1/1 source files have been analyzed
06:30:37.943 INFO  org.sonar.squidbridge.ProgressReport - 1 source files to be analyzed
06:30:37.948 INFO  org.sonar.squidbridge.ProgressReport - 1/1 source files have been analyzed
06:30:37.951 INFO  org.sonar.squidbridge.ProgressReport - 1 source files to be analyzed
06:30:37.955 INFO  org.sonar.squidbridge.ProgressReport - 1/1 source files have been analyzed
06:30:37.958 INFO  org.sonar.squidbridge.ProgressReport - 1 source files to be analyzed
06:30:37.965 INFO  org.sonar.squidbridge.ProgressReport - 1 source files to be analyzed
06:30:37.973 INFO  org.sonar.squidbridge.ProgressReport - 1/1 source files have been analyzed
06:30:37.976 INFO  org.sonar.squidbridge.ProgressReport - 1 source files to be analyzed
[INFO] Tests run: 30, Failures: 0, Errors: 0, Skipped: 0, Time elapsed: 0.3 s - in org.sonar.java.se.JavaCheckVerifierTest
[INFO] Running org.sonar.java.se.checks.debug.DebugMethodYieldsCheckTest
06:30:37.983 INFO  org.sonar.squidbridge.ProgressReport - 1 source files to be analyzed
06:30:38.019 INFO  org.sonar.squidbridge.ProgressReport - 1/1 source files have been analyzed
06:30:38.023 INFO  org.sonar.squidbridge.ProgressReport - 1 source files to be analyzed
06:30:38.032 INFO  org.sonar.squidbridge.ProgressReport - 1/1 source files have been analyzed
[INFO] Tests run: 2, Failures: 0, Errors: 0, Skipped: 0, Time elapsed: 0.048 s - in org.sonar.java.se.checks.debug.DebugMethodYieldsCheckTest
[INFO] Running org.sonar.java.ast.parser.grammar.types.BoundTest
[INFO] Tests run: 1, Failures: 0, Errors: 0, Skipped: 0, Time elapsed: 0 s - in org.sonar.java.ast.parser.grammar.types.BoundTest
[INFO] Running org.sonar.java.ast.parser.grammar.types.ModifiersTest
[INFO] Tests run: 1, Failures: 0, Errors: 0, Skipped: 0, Time elapsed: 0 s - in org.sonar.java.ast.parser.grammar.types.ModifiersTest
[INFO] Running org.sonar.java.bytecode.se.MethodLookupTest
[INFO] Tests run: 2, Failures: 0, Errors: 0, Skipped: 0, Time elapsed: 0.563 s - in org.sonar.java.bytecode.se.MethodLookupTest
[INFO] Running org.sonar.java.se.constraint.ConstraintTest
[INFO] Tests run: 2, Failures: 0, Errors: 0, Skipped: 0, Time elapsed: 0.189 s - in org.sonar.java.se.constraint.ConstraintTest
[INFO] Running org.sonar.java.ast.parser.grammar.statements.TryStatementTest
[INFO] Tests run: 4, Failures: 0, Errors: 0, Skipped: 0, Time elapsed: 0.001 s - in org.sonar.java.ast.parser.grammar.statements.TryStatementTest
[INFO] Running org.sonar.java.model.TreeTokenCompletenessTest
06:30:38.807 INFO  org.sonar.squidbridge.ProgressReport - 1 source files to be analyzed
06:30:38.828 INFO  org.sonar.squidbridge.ProgressReport - 1/1 source files have been analyzed
[INFO] Tests run: 1, Failures: 0, Errors: 0, Skipped: 0, Time elapsed: 0.024 s - in org.sonar.java.model.TreeTokenCompletenessTest
[INFO] Running org.sonar.java.model.SyntacticEquivalenceTest
[INFO] Tests run: 5, Failures: 0, Errors: 0, Skipped: 0, Time elapsed: 0.012 s - in org.sonar.java.model.SyntacticEquivalenceTest
[INFO] Running org.sonar.java.se.checks.debug.DebugInterruptedExecutionCheckTest
06:30:38.847 INFO  org.sonar.squidbridge.ProgressReport - 1 source files to be analyzed
[INFO] Tests run: 1, Failures: 0, Errors: 0, Skipped: 0, Time elapsed: 0.008 s - in org.sonar.java.se.checks.debug.DebugInterruptedExecutionCheckTest
[INFO] Running org.sonar.java.model.LiteralUtilsTest
06:30:38.855 INFO  org.sonar.squidbridge.ProgressReport - 1/1 source files have been analyzed
[INFO] Tests run: 13, Failures: 0, Errors: 0, Skipped: 0, Time elapsed: 0.075 s - in org.sonar.java.model.LiteralUtilsTest
[INFO] Running org.sonar.java.JavaClasspathTest
06:30:38.934 INFO  org.sonar.java.JavaClasspath - JavaClasspath initialization
06:30:38.935 ERROR org.sonar.java.AbstractJavaClasspath - Invalid value for sonar.java.libraries
06:30:38.935 INFO  org.sonar.java.JavaClasspath - JavaClasspath initialization
06:30:38.936 INFO  org.sonar.java.JavaClasspath - JavaClasspath initialization (done) | time=1ms
06:30:38.936 INFO  org.sonar.java.JavaClasspath - JavaClasspath initialization
06:30:38.952 INFO  org.sonar.java.JavaClasspath - JavaClasspath initialization (done) | time=16ms
06:30:38.952 INFO  org.sonar.java.JavaClasspath - JavaClasspath initialization
06:30:38.956 INFO  org.sonar.java.JavaClasspath - JavaClasspath initialization (done) | time=4ms
06:30:38.956 INFO  org.sonar.java.JavaClasspath - JavaClasspath initialization
06:30:38.957 WARN  org.sonar.java.JavaClasspath - Bytecode of dependencies was not provided for analysis of source files, you might end up with less precise results. Bytecode can be provided using sonar.java.libraries property
06:30:38.957 INFO  org.sonar.java.JavaClasspath - JavaClasspath initialization (done) | time=1ms
06:30:38.959 INFO  org.sonar.java.JavaClasspath - JavaClasspath initialization
06:30:38.960 INFO  org.sonar.java.JavaClasspath - JavaClasspath initialization (done) | time=1ms
06:30:38.960 INFO  org.sonar.java.JavaClasspath - JavaClasspath initialization
06:30:38.961 INFO  org.sonar.java.JavaClasspath - JavaClasspath initialization (done) | time=0ms
06:30:38.961 INFO  org.sonar.java.JavaClasspath - JavaClasspath initialization
06:30:38.962 INFO  org.sonar.java.JavaClasspath - JavaClasspath initialization (done) | time=1ms
06:30:38.962 INFO  org.sonar.java.JavaClasspath - JavaClasspath initialization
06:30:38.962 WARN  org.sonar.java.JavaClasspath - Bytecode of dependencies was not provided for analysis of source files, you might end up with less precise results. Bytecode can be provided using sonar.java.libraries property
06:30:38.962 INFO  org.sonar.java.JavaClasspath - JavaClasspath initialization (done) | time=0ms
06:30:38.962 INFO  org.sonar.java.JavaClasspath - JavaClasspath initialization
06:30:38.963 INFO  org.sonar.java.JavaClasspath - JavaClasspath initialization (done) | time=1ms
06:30:38.963 INFO  org.sonar.java.JavaClasspath - JavaClasspath initialization
06:30:38.963 INFO  org.sonar.java.JavaClasspath - JavaClasspath initialization (done) | time=0ms
06:30:38.963 INFO  org.sonar.java.JavaClasspath - JavaClasspath initialization
06:30:38.964 INFO  org.sonar.java.JavaClasspath - JavaClasspath initialization (done) | time=1ms
06:30:38.964 INFO  org.sonar.java.JavaClasspath - JavaClasspath initialization
06:30:38.965 INFO  org.sonar.java.JavaClasspath - JavaClasspath initialization (done) | time=1ms
06:30:38.965 INFO  org.sonar.java.JavaClasspath - JavaClasspath initialization
06:30:38.966 INFO  org.sonar.java.JavaClasspath - JavaClasspath initialization (done) | time=1ms
06:30:38.966 INFO  org.sonar.java.JavaClasspath - JavaClasspath initialization
06:30:38.966 ERROR org.sonar.java.AbstractJavaClasspath - Invalid value for sonar.java.libraries
06:30:38.967 INFO  org.sonar.java.JavaClasspath - JavaClasspath initialization
06:30:38.967 INFO  org.sonar.java.JavaClasspath - JavaClasspath initialization (done) | time=0ms
06:30:38.967 INFO  org.sonar.java.JavaClasspath - JavaClasspath initialization
06:30:38.968 INFO  org.sonar.java.JavaClasspath - JavaClasspath initialization (done) | time=1ms
06:30:38.968 INFO  org.sonar.java.JavaClasspath - JavaClasspath initialization
06:30:38.971 INFO  org.sonar.java.JavaClasspath - JavaClasspath initialization (done) | time=3ms
06:30:38.971 INFO  org.sonar.java.JavaClasspath - JavaClasspath initialization
06:30:38.971 ERROR org.sonar.java.AbstractJavaClasspath - Invalid value for sonar.java.binaries
06:30:38.972 INFO  org.sonar.java.JavaClasspath - JavaClasspath initialization
06:30:38.972 INFO  org.sonar.java.JavaClasspath - JavaClasspath initialization
06:30:38.973 INFO  org.sonar.java.JavaClasspath - JavaClasspath initialization (done) | time=1ms
06:30:38.973 INFO  org.sonar.java.JavaClasspath - JavaClasspath initialization
06:30:38.973 WARN  org.sonar.java.JavaClasspath - Bytecode of dependencies was not provided for analysis of source files, you might end up with less precise results. Bytecode can be provided using sonar.java.libraries property
06:30:38.973 INFO  org.sonar.java.JavaClasspath - JavaClasspath initialization (done) | time=0ms
06:30:38.974 INFO  org.sonar.java.JavaClasspath - JavaClasspath initialization
06:30:38.974 INFO  org.sonar.java.JavaClasspath - JavaClasspath initialization (done) | time=0ms
06:30:38.974 INFO  org.sonar.java.JavaClasspath - JavaClasspath initialization
06:30:38.974 INFO  org.sonar.java.JavaClasspath - JavaClasspath initialization
06:30:38.974 WARN  org.sonar.java.JavaClasspath - Bytecode of dependencies was not provided for analysis of source files, you might end up with less precise results. Bytecode can be provided using sonar.java.libraries property
06:30:38.974 INFO  org.sonar.java.JavaClasspath - JavaClasspath initialization (done) | time=0ms
06:30:38.974 INFO  org.sonar.java.JavaClasspath - JavaClasspath initialization
06:30:38.975 WARN  org.sonar.java.JavaClasspath - sonar.java.binaries is empty, please double check your configuration
06:30:38.975 WARN  org.sonar.java.JavaClasspath - Bytecode of dependencies was not provided for analysis of source files, you might end up with less precise results. Bytecode can be provided using sonar.java.libraries property
06:30:38.975 INFO  org.sonar.java.JavaClasspath - JavaClasspath initialization (done) | time=1ms
06:30:38.975 INFO  org.sonar.java.JavaClasspath - JavaClasspath initialization
06:30:38.976 INFO  org.sonar.java.JavaClasspath - JavaClasspath initialization (done) | time=1ms
06:30:38.976 INFO  org.sonar.java.JavaClasspath - JavaClasspath initialization
06:30:38.976 INFO  org.sonar.java.JavaClasspath - JavaClasspath initialization (done) | time=0ms
06:30:38.976 INFO  org.sonar.java.JavaClasspath - JavaClasspath initialization
06:30:38.977 INFO  org.sonar.java.JavaClasspath - JavaClasspath initialization
06:30:38.977 INFO  org.sonar.java.JavaClasspath - JavaClasspath initialization (done) | time=0ms
[INFO] Tests run: 29, Failures: 0, Errors: 0, Skipped: 0, Time elapsed: 0.041 s - in org.sonar.java.JavaClasspathTest
[INFO] Running org.sonar.java.ast.parser.grammar.statements.BlockStatementsTest
[INFO] Tests run: 1, Failures: 0, Errors: 0, Skipped: 0, Time elapsed: 0 s - in org.sonar.java.ast.parser.grammar.statements.BlockStatementsTest
[INFO] Running org.sonar.java.JavaIssueTest
[INFO] Tests run: 2, Failures: 0, Errors: 0, Skipped: 0, Time elapsed: 0.032 s - in org.sonar.java.JavaIssueTest
[INFO] Running org.sonar.java.StrutsTest
06:30:39.567 INFO  org.sonar.java.JavaSquid - Java Main Files AST scan
06:30:39.568 INFO  org.sonar.squidbridge.ProgressReport - 134 source files to be analyzed
06:30:49.568 INFO  org.sonar.squidbridge.ProgressReport - 84/134 files analyzed, current file: /home/travis/build/failed/SonarSource/sonar-java/java-frontend/target/test-projects/struts-core-1.3.9/src/org/apache/struts/config/FormPropertyConfig.java
06:30:56.424 INFO  org.sonar.java.JavaSquid - Java Main Files AST scan (done) | time=16857ms
06:30:56.424 INFO  org.sonar.squidbridge.ProgressReport - 134/134 source files have been analyzed
06:30:56.424 INFO  org.sonar.java.JavaSquid - Java Test Files AST scan
06:30:56.424 INFO  org.sonar.squidbridge.ProgressReport - 0 source files to be analyzed
06:30:56.424 INFO  org.sonar.java.JavaSquid - Java Test Files AST scan (done) | time=0ms
06:30:56.424 INFO  org.sonar.squidbridge.ProgressReport - 0/0 source files have been analyzed
[INFO] Tests run: 1, Failures: 0, Errors: 0, Skipped: 0, Time elapsed: 17.413 s - in org.sonar.java.StrutsTest
[INFO] Running org.sonar.java.ast.visitors.ComplexityVisitorTest
[INFO] Tests run: 3, Failures: 0, Errors: 0, Skipped: 0, Time elapsed: 0.006 s - in org.sonar.java.ast.visitors.ComplexityVisitorTest
[INFO] Running org.sonar.plugins.java.api.LocationTest
[INFO] Tests run: 3, Failures: 0, Errors: 0, Skipped: 0, Time elapsed: 0 s - in org.sonar.plugins.java.api.LocationTest
[INFO] Running org.sonar.java.AnalyzerMessageTest
[INFO] Tests run: 9, Failures: 0, Errors: 0, Skipped: 0, Time elapsed: 0.01 s - in org.sonar.java.AnalyzerMessageTest
[INFO] Running org.sonar.java.bytecode.loader.JarLoaderTest
[INFO] Tests run: 5, Failures: 0, Errors: 0, Skipped: 0, Time elapsed: 0.001 s - in org.sonar.java.bytecode.loader.JarLoaderTest
[INFO] Running org.sonar.java.ast.parser.grammar.statements.FinallyTest
[INFO] Tests run: 1, Failures: 0, Errors: 0, Skipped: 0, Time elapsed: 0.001 s - in org.sonar.java.ast.parser.grammar.statements.FinallyTest
[INFO] Running org.sonar.java.xml.XmlCheckUtilsTest
[INFO] Tests run: 5, Failures: 0, Errors: 0, Skipped: 0, Time elapsed: 0.087 s - in org.sonar.java.xml.XmlCheckUtilsTest
[INFO] Running org.sonar.java.ast.parser.grammar.statements.VariableDeclaratorTest
[INFO] Tests run: 2, Failures: 0, Errors: 0, Skipped: 0, Time elapsed: 0.003 s - in org.sonar.java.ast.parser.grammar.statements.VariableDeclaratorTest
[INFO] Running org.sonar.java.ast.parser.grammar.literals.LiteralTest
[INFO] Tests run: 1, Failures: 0, Errors: 0, Skipped: 0, Time elapsed: 0.001 s - in org.sonar.java.ast.parser.grammar.literals.LiteralTest
[INFO] Running org.sonar.java.model.declaration.ProvidesDirectiveTreeImplTest
[INFO] Tests run: 2, Failures: 0, Errors: 0, Skipped: 0, Time elapsed: 0.007 s - in org.sonar.java.model.declaration.ProvidesDirectiveTreeImplTest
[INFO] Running org.sonar.java.model.DefaultJavaFileScannerContextTest
[INFO] Tests run: 5, Failures: 0, Errors: 0, Skipped: 0, Time elapsed: 0.084 s - in org.sonar.java.model.DefaultJavaFileScannerContextTest
[INFO] Running org.sonar.java.model.ExpressionUtilsTest
[INFO] Tests run: 6, Failures: 0, Errors: 0, Skipped: 0, Time elapsed: 0.028 s - in org.sonar.java.model.ExpressionUtilsTest
[INFO] Running org.sonar.java.ast.parser.grammar.moduledirectives.ExportsDirectiveTest
[INFO] Tests run: 1, Failures: 0, Errors: 0, Skipped: 0, Time elapsed: 0 s - in org.sonar.java.ast.parser.grammar.moduledirectives.ExportsDirectiveTest
[INFO] Running org.sonar.java.ast.parser.grammar.units.CompilationUnitTest
[INFO] Tests run: 1, Failures: 0, Errors: 0, Skipped: 0, Time elapsed: 0.001 s - in org.sonar.java.ast.parser.grammar.units.CompilationUnitTest
[INFO] Running org.sonar.java.bytecode.cfg.BytecodeCFGBuilderTest
[INFO] Tests run: 12, Failures: 0, Errors: 0, Skipped: 0, Time elapsed: 0.764 s - in org.sonar.java.bytecode.cfg.BytecodeCFGBuilderTest
[INFO] Running org.sonar.java.ast.parser.grammar.statements.AssertStatementTest
[INFO] Tests run: 1, Failures: 0, Errors: 0, Skipped: 0, Time elapsed: 0 s - in org.sonar.java.ast.parser.grammar.statements.AssertStatementTest
[INFO] Running org.sonar.java.cfg.CFGLoopTest
[INFO] Tests run: 14, Failures: 0, Errors: 0, Skipped: 0, Time elapsed: 0.01 s - in org.sonar.java.cfg.CFGLoopTest
[INFO] Running org.sonar.java.se.checks.ParameterNullnessCheckTest
06:30:57.456 INFO  org.sonar.squidbridge.ProgressReport - 1 source files to be analyzed
06:30:57.468 INFO  org.sonar.squidbridge.ProgressReport - 1/1 source files have been analyzed
[INFO] Tests run: 1, Failures: 0, Errors: 0, Skipped: 0, Time elapsed: 0.015 s - in org.sonar.java.se.checks.ParameterNullnessCheckTest
[INFO] Running org.sonar.java.ast.parser.grammar.statements.SynchronizedStatementTest
[INFO] Tests run: 1, Failures: 0, Errors: 0, Skipped: 0, Time elapsed: 0.001 s - in org.sonar.java.ast.parser.grammar.statements.SynchronizedStatementTest
[INFO] Running org.sonar.java.bytecode.loader.AarLoaderTest
[INFO] Tests run: 6, Failures: 0, Errors: 0, Skipped: 0, Time elapsed: 0.003 s - in org.sonar.java.bytecode.loader.AarLoaderTest
[INFO] Running org.sonar.java.se.SECheckTest
[INFO] Tests run: 1, Failures: 0, Errors: 0, Skipped: 0, Time elapsed: 0.006 s - in org.sonar.java.se.SECheckTest
[INFO] Running org.sonar.java.ast.parser.grammar.statements.EmptyStatementTest
[INFO] Tests run: 1, Failures: 0, Errors: 0, Skipped: 0, Time elapsed: 0.001 s - in org.sonar.java.ast.parser.grammar.statements.EmptyStatementTest
[INFO] Running org.sonar.java.ast.parser.grammar.parameters.FormalParameterTest
[INFO] Tests run: 1, Failures: 0, Errors: 0, Skipped: 0, Time elapsed: 0 s - in org.sonar.java.ast.parser.grammar.parameters.FormalParameterTest
[INFO] Running org.sonar.java.DefaultJavaResourceLocatorTest
06:30:57.489 INFO  org.sonar.squidbridge.ProgressReport - 1 source files to be analyzed
06:30:57.499 INFO  org.sonar.squidbridge.ProgressReport - 1/1 source files have been analyzed
[INFO] Tests run: 5, Failures: 0, Errors: 0, Skipped: 0, Time elapsed: 0.023 s - in org.sonar.java.DefaultJavaResourceLocatorTest
[INFO] Running org.sonar.java.resolve.LeastUpperBoundTest
[INFO] Tests run: 19, Failures: 0, Errors: 0, Skipped: 0, Time elapsed: 0.103 s - in org.sonar.java.resolve.LeastUpperBoundTest
[INFO] Running org.sonar.java.se.constraint.TypedConstraintTest
[INFO] Tests run: 1, Failures: 0, Errors: 0, Skipped: 0, Time elapsed: 0 s - in org.sonar.java.se.constraint.TypedConstraintTest
[INFO] Running org.sonar.java.model.declaration.OpensDirectiveTreeImplTest
[INFO] Tests run: 3, Failures: 0, Errors: 0, Skipped: 0, Time elapsed: 0.006 s - in org.sonar.java.model.declaration.OpensDirectiveTreeImplTest
[INFO] Running org.sonar.java.ast.parser.grammar.literals.CharacterLiteralTest
[INFO] Tests run: 1, Failures: 0, Errors: 0, Skipped: 0, Time elapsed: 0 s - in org.sonar.java.ast.parser.grammar.literals.CharacterLiteralTest
[INFO] Running org.sonar.java.model.TestDefaultJavaFileScannerContextWithSensorContextTester
[INFO] Tests run: 3, Failures: 0, Errors: 0, Skipped: 0, Time elapsed: 0.075 s - in org.sonar.java.model.TestDefaultJavaFileScannerContextWithSensorContextTester
[INFO] Running org.sonar.java.SonarComponentsTest
[INFO] Tests run: 14, Failures: 0, Errors: 0, Skipped: 0, Time elapsed: 0.73 s - in org.sonar.java.SonarComponentsTest
[INFO] Running org.sonar.java.se.xproc.ExceptionalYieldTest
[INFO] Tests run: 5, Failures: 0, Errors: 0, Skipped: 0, Time elapsed: 0.025 s - in org.sonar.java.se.xproc.ExceptionalYieldTest
[INFO] Running org.sonar.java.ast.parser.grammar.types.TypeArgumentTest
[INFO] Tests run: 1, Failures: 0, Errors: 0, Skipped: 0, Time elapsed: 0 s - in org.sonar.java.ast.parser.grammar.types.TypeArgumentTest
[INFO] Running org.sonar.java.xml.maven.PomParserTest
06:30:58.505 ERROR org.sonar.java.xml.maven.PomParser - Unable to parse pom file src/test/files/xml/maven/parse-issue/pom.xml
javax.xml.bind.UnmarshalException: null
	at com.sun.xml.bind.v2.runtime.unmarshaller.UnmarshallerImpl.handleStreamException(UnmarshallerImpl.java:485) ~[jaxb-runtime-2.3.0.jar:2.3.0]
	at com.sun.xml.bind.v2.runtime.unmarshaller.UnmarshallerImpl.unmarshal0(UnmarshallerImpl.java:417) ~[jaxb-runtime-2.3.0.jar:2.3.0]
	at com.sun.xml.bind.v2.runtime.unmarshaller.UnmarshallerImpl.unmarshal(UnmarshallerImpl.java:394) ~[jaxb-runtime-2.3.0.jar:2.3.0]
	at org.sonar.java.xml.maven.PomParser.parseXML(PomParser.java:63) ~[classes/:na]
	at org.sonar.java.xml.maven.PomParserTest.should_fail_parsing(PomParserTest.java:76) [test-classes/:na]
	at sun.reflect.NativeMethodAccessorImpl.invoke0(Native Method) ~[na:1.8.0_151]
	at sun.reflect.NativeMethodAccessorImpl.invoke(NativeMethodAccessorImpl.java:62) ~[na:1.8.0_151]
	at sun.reflect.DelegatingMethodAccessorImpl.invoke(DelegatingMethodAccessorImpl.java:43) ~[na:1.8.0_151]
	at java.lang.reflect.Method.invoke(Method.java:498) ~[na:1.8.0_151]
	at org.junit.runners.model.FrameworkMethod$1.runReflectiveCall(FrameworkMethod.java:50) [junit-4.12.jar:4.12]
	at org.junit.internal.runners.model.ReflectiveCallable.run(ReflectiveCallable.java:12) [junit-4.12.jar:4.12]
	at org.junit.runners.model.FrameworkMethod.invokeExplosively(FrameworkMethod.java:47) [junit-4.12.jar:4.12]
	at org.junit.internal.runners.statements.InvokeMethod.evaluate(InvokeMethod.java:17) [junit-4.12.jar:4.12]
	at org.junit.runners.ParentRunner.runLeaf(ParentRunner.java:325) [junit-4.12.jar:4.12]
	at org.junit.runners.BlockJUnit4ClassRunner.runChild(BlockJUnit4ClassRunner.java:78) [junit-4.12.jar:4.12]
	at org.junit.runners.BlockJUnit4ClassRunner.runChild(BlockJUnit4ClassRunner.java:57) [junit-4.12.jar:4.12]
	at org.junit.runners.ParentRunner$3.run(ParentRunner.java:290) [junit-4.12.jar:4.12]
	at org.junit.runners.ParentRunner$1.schedule(ParentRunner.java:71) [junit-4.12.jar:4.12]
	at org.junit.runners.ParentRunner.runChildren(ParentRunner.java:288) [junit-4.12.jar:4.12]
	at org.junit.runners.ParentRunner.access$000(ParentRunner.java:58) [junit-4.12.jar:4.12]
	at org.junit.runners.ParentRunner$2.evaluate(ParentRunner.java:268) [junit-4.12.jar:4.12]
	at org.junit.runners.ParentRunner.run(ParentRunner.java:363) [junit-4.12.jar:4.12]
	at org.apache.maven.surefire.junit4.JUnit4Provider.execute(JUnit4Provider.java:369) [surefire-junit4-2.20.1.jar:2.20.1]
	at org.apache.maven.surefire.junit4.JUnit4Provider.executeWithRerun(JUnit4Provider.java:275) [surefire-junit4-2.20.1.jar:2.20.1]
	at org.apache.maven.surefire.junit4.JUnit4Provider.executeTestSet(JUnit4Provider.java:239) [surefire-junit4-2.20.1.jar:2.20.1]
	at org.apache.maven.surefire.junit4.JUnit4Provider.invoke(JUnit4Provider.java:160) [surefire-junit4-2.20.1.jar:2.20.1]
	at org.apache.maven.surefire.booter.ForkedBooter.invokeProviderInSameClassLoader(ForkedBooter.java:373) [surefire-booter-2.20.1.jar:2.20.1]
	at org.apache.maven.surefire.booter.ForkedBooter.runSuitesInProcess(ForkedBooter.java:334) [surefire-booter-2.20.1.jar:2.20.1]
	at org.apache.maven.surefire.booter.ForkedBooter.execute(ForkedBooter.java:119) [surefire-booter-2.20.1.jar:2.20.1]
	at org.apache.maven.surefire.booter.ForkedBooter.main(ForkedBooter.java:407) [surefire-booter-2.20.1.jar:2.20.1]
Caused by: com.ctc.wstx.exc.WstxParsingException: Unexpected close tag </build>; expected </dependency>.
 at [row,col {unknown-source}]: [27,9]
	at com.ctc.wstx.sr.StreamScanner.constructWfcException(StreamScanner.java:614) ~[woodstox-core-lgpl-4.4.0.jar:4.4.0]
	at com.ctc.wstx.sr.StreamScanner.throwParseError(StreamScanner.java:487) ~[woodstox-core-lgpl-4.4.0.jar:4.4.0]
	at com.ctc.wstx.sr.StreamScanner.throwParseError(StreamScanner.java:472) ~[woodstox-core-lgpl-4.4.0.jar:4.4.0]
	at com.ctc.wstx.sr.BasicStreamReader.reportWrongEndElem(BasicStreamReader.java:3285) ~[woodstox-core-lgpl-4.4.0.jar:4.4.0]
	at com.ctc.wstx.sr.BasicStreamReader.readEndElem(BasicStreamReader.java:3212) ~[woodstox-core-lgpl-4.4.0.jar:4.4.0]
	at com.ctc.wstx.sr.BasicStreamReader.nextFromTree(BasicStreamReader.java:2831) ~[woodstox-core-lgpl-4.4.0.jar:4.4.0]
	at com.ctc.wstx.sr.BasicStreamReader.next(BasicStreamReader.java:1073) ~[woodstox-core-lgpl-4.4.0.jar:4.4.0]
	at com.sun.xml.bind.v2.runtime.unmarshaller.StAXStreamConnector.bridge(StAXStreamConnector.java:196) ~[jaxb-runtime-2.3.0.jar:2.3.0]
	at com.sun.xml.bind.v2.runtime.unmarshaller.UnmarshallerImpl.unmarshal0(UnmarshallerImpl.java:415) ~[jaxb-runtime-2.3.0.jar:2.3.0]
	... 28 common frames omitted
06:30:58.887 ERROR org.sonar.java.xml.maven.PomParser - Unable to parse pom file .
java.io.FileNotFoundException: . (Is a directory)
	at java.io.FileInputStream.open0(Native Method) ~[na:1.8.0_151]
	at java.io.FileInputStream.open(FileInputStream.java:195) ~[na:1.8.0_151]
	at java.io.FileInputStream.<init>(FileInputStream.java:138) ~[na:1.8.0_151]
	at org.sonar.java.xml.maven.PomParser.parseXML(PomParser.java:52) ~[classes/:na]
	at org.sonar.java.xml.maven.PomParserTest.should_not_parse(PomParserTest.java:82) [test-classes/:na]
	at sun.reflect.NativeMethodAccessorImpl.invoke0(Native Method) ~[na:1.8.0_151]
	at sun.reflect.NativeMethodAccessorImpl.invoke(NativeMethodAccessorImpl.java:62) ~[na:1.8.0_151]
	at sun.reflect.DelegatingMethodAccessorImpl.invoke(DelegatingMethodAccessorImpl.java:43) ~[na:1.8.0_151]
	at java.lang.reflect.Method.invoke(Method.java:498) ~[na:1.8.0_151]
	at org.junit.runners.model.FrameworkMethod$1.runReflectiveCall(FrameworkMethod.java:50) [junit-4.12.jar:4.12]
	at org.junit.internal.runners.model.ReflectiveCallable.run(ReflectiveCallable.java:12) [junit-4.12.jar:4.12]
	at org.junit.runners.model.FrameworkMethod.invokeExplosively(FrameworkMethod.java:47) [junit-4.12.jar:4.12]
	at org.junit.internal.runners.statements.InvokeMethod.evaluate(InvokeMethod.java:17) [junit-4.12.jar:4.12]
	at org.junit.runners.ParentRunner.runLeaf(ParentRunner.java:325) [junit-4.12.jar:4.12]
	at org.junit.runners.BlockJUnit4ClassRunner.runChild(BlockJUnit4ClassRunner.java:78) [junit-4.12.jar:4.12]
	at org.junit.runners.BlockJUnit4ClassRunner.runChild(BlockJUnit4ClassRunner.java:57) [junit-4.12.jar:4.12]
	at org.junit.runners.ParentRunner$3.run(ParentRunner.java:290) [junit-4.12.jar:4.12]
	at org.junit.runners.ParentRunner$1.schedule(ParentRunner.java:71) [junit-4.12.jar:4.12]
	at org.junit.runners.ParentRunner.runChildren(ParentRunner.java:288) [junit-4.12.jar:4.12]
	at org.junit.runners.ParentRunner.access$000(ParentRunner.java:58) [junit-4.12.jar:4.12]
	at org.junit.runners.ParentRunner$2.evaluate(ParentRunner.java:268) [junit-4.12.jar:4.12]
	at org.junit.runners.ParentRunner.run(ParentRunner.java:363) [junit-4.12.jar:4.12]
	at org.apache.maven.surefire.junit4.JUnit4Provider.execute(JUnit4Provider.java:369) [surefire-junit4-2.20.1.jar:2.20.1]
	at org.apache.maven.surefire.junit4.JUnit4Provider.executeWithRerun(JUnit4Provider.java:275) [surefire-junit4-2.20.1.jar:2.20.1]
	at org.apache.maven.surefire.junit4.JUnit4Provider.executeTestSet(JUnit4Provider.java:239) [surefire-junit4-2.20.1.jar:2.20.1]
	at org.apache.maven.surefire.junit4.JUnit4Provider.invoke(JUnit4Provider.java:160) [surefire-junit4-2.20.1.jar:2.20.1]
	at org.apache.maven.surefire.booter.ForkedBooter.invokeProviderInSameClassLoader(ForkedBooter.java:373) [surefire-booter-2.20.1.jar:2.20.1]
	at org.apache.maven.surefire.booter.ForkedBooter.runSuitesInProcess(ForkedBooter.java:334) [surefire-booter-2.20.1.jar:2.20.1]
	at org.apache.maven.surefire.booter.ForkedBooter.execute(ForkedBooter.java:119) [surefire-booter-2.20.1.jar:2.20.1]
	at org.apache.maven.surefire.booter.ForkedBooter.main(ForkedBooter.java:407) [surefire-booter-2.20.1.jar:2.20.1]
[INFO] Tests run: 9, Failures: 0, Errors: 0, Skipped: 0, Time elapsed: 0.454 s - in org.sonar.java.xml.maven.PomParserTest
[INFO] 
[INFO] Results:
[INFO] 
[INFO] Tests run: 1565, Failures: 0, Errors: 0, Skipped: 0
[INFO] 
[INFO] 
[INFO] --- maven-jar-plugin:3.0.2:jar (default-jar) @ java-frontend ---
[INFO] 
[INFO] --- maven-source-plugin:3.0.1:jar-no-fork (attach-sources) @ java-frontend ---
[INFO] Building jar: /home/travis/build/failed/SonarSource/sonar-java/java-frontend/target/java-frontend-5.4.0-SNAPSHOT-sources.jar
[INFO] 
[INFO] ------------------------------------------------------------------------
[INFO] Building SonarQube Java :: Check Test tool kit 5.4.0-SNAPSHOT
[INFO] ------------------------------------------------------------------------
[INFO] 
[INFO] --- buildnumber-maven-plugin:1.4:create (default) @ java-checks-testkit ---
[INFO] 
[INFO] --- maven-enforcer-plugin:3.0.0-M1:enforce (enforce) @ java-checks-testkit ---
[INFO] 
[INFO] --- license-maven-plugin:3.0:check (enforce-license-headers) @ java-checks-testkit ---
[INFO] Checking licenses...
[INFO] 
[INFO] --- beanshell-maven-plugin:1.4:run (compute-artifact-display-version) @ java-checks-testkit ---
[INFO] Executing Script
[INFO] file class java.lang.Object
[INFO] script class java.lang.String
[INFO] evaluating script if (! "5.4.0-SNAPSHOT".endsWith("-SNAPSHOT")) { [+ 14 omitted line(s)]
[INFO] 
[INFO] --- maven-resources-plugin:3.0.2:resources (default-resources) @ java-checks-testkit ---
[INFO] Using 'UTF-8' encoding to copy filtered resources.
[INFO] skip non existing resourceDirectory /home/travis/build/failed/SonarSource/sonar-java/java-checks-testkit/src/main/resources
[INFO] 
[INFO] --- maven-compiler-plugin:3.7.0:compile (default-compile) @ java-checks-testkit ---
[INFO] Nothing to compile - all classes are up to date
[INFO] 
[INFO] --- maven-resources-plugin:3.0.2:testResources (default-testResources) @ java-checks-testkit ---
[INFO] Using 'UTF-8' encoding to copy filtered resources.
[INFO] Copying 5 resources
[INFO] 
[INFO] --- maven-compiler-plugin:3.7.0:testCompile (default-testCompile) @ java-checks-testkit ---
[INFO] Nothing to compile - all classes are up to date
[INFO] 
[INFO] --- maven-surefire-plugin:2.20.1:test (default-test) @ java-checks-testkit ---
[INFO] Surefire report directory: /home/travis/build/failed/SonarSource/sonar-java/java-checks-testkit/target/surefire-reports
[INFO] 
[INFO] -------------------------------------------------------
[INFO]  T E S T S
[INFO] -------------------------------------------------------
[INFO] Running org.sonar.java.checks.verifier.XmlCheckVerifierTest
06:31:04.345 [main] ERROR org.sonar.java.xml.XmlParser - Unable to parse xml file: src/test/files/xml/XmlCheckVerifierParsingIssue.xml
06:31:04.354 [main] DEBUG org.sonar.java.xml.XmlParser - XML file parsing failed because of : org.xml.sax.SAXParseException; systemId: file:/home/travis/build/failed/SonarSource/sonar-java/java-checks-testkit/src/test/files/xml/XmlCheckVerifierParsingIssue.xml; lineNumber: 3; columnNumber: 3; The element type "test2" must be terminated by the matching end-tag "</test2>".
	at com.sun.org.apache.xerces.internal.util.ErrorHandlerWrapper.createSAXParseException(ErrorHandlerWrapper.java:203)
	at com.sun.org.apache.xerces.internal.util.ErrorHandlerWrapper.fatalError(ErrorHandlerWrapper.java:177)
	at com.sun.org.apache.xerces.internal.impl.XMLErrorReporter.reportError(XMLErrorReporter.java:400)
	at com.sun.org.apache.xerces.internal.impl.XMLErrorReporter.reportError(XMLErrorReporter.java:327)
	at com.sun.org.apache.xerces.internal.impl.XMLScanner.reportFatalError(XMLScanner.java:1472)
	at com.sun.org.apache.xerces.internal.impl.XMLDocumentFragmentScannerImpl.scanEndElement(XMLDocumentFragmentScannerImpl.java:1749)
	at com.sun.org.apache.xerces.internal.impl.XMLDocumentFragmentScannerImpl$FragmentContentDriver.next(XMLDocumentFragmentScannerImpl.java:2967)
	at com.sun.org.apache.xerces.internal.impl.XMLDocumentScannerImpl.next(XMLDocumentScannerImpl.java:602)
	at com.sun.org.apache.xerces.internal.impl.XMLDocumentFragmentScannerImpl.scanDocument(XMLDocumentFragmentScannerImpl.java:505)
	at com.sun.org.apache.xerces.internal.parsers.XML11Configuration.parse(XML11Configuration.java:841)
	at com.sun.org.apache.xerces.internal.parsers.XML11Configuration.parse(XML11Configuration.java:770)
	at com.sun.org.apache.xerces.internal.parsers.XMLParser.parse(XMLParser.java:141)
	at com.sun.org.apache.xerces.internal.parsers.AbstractSAXParser.parse(AbstractSAXParser.java:1213)
	at com.sun.org.apache.xerces.internal.jaxp.SAXParserImpl$JAXPSAXParser.parse(SAXParserImpl.java:643)
	at com.sun.org.apache.xerces.internal.jaxp.SAXParserImpl.parse(SAXParserImpl.java:327)
	at javax.xml.parsers.SAXParser.parse(SAXParser.java:328)
	at org.sonar.java.xml.XmlParser.parseXML(XmlParser.java:64)
	at org.sonar.java.checks.verifier.XmlCheckVerifier.scanFile(XmlCheckVerifier.java:75)
	at org.sonar.java.checks.verifier.XmlCheckVerifier.verifyNoIssue(XmlCheckVerifier.java:64)
	at org.sonar.java.checks.verifier.XmlCheckVerifierTest.should_fail_when_parsing_issue(XmlCheckVerifierTest.java:154)
	at sun.reflect.NativeMethodAccessorImpl.invoke0(Native Method)
	at sun.reflect.NativeMethodAccessorImpl.invoke(NativeMethodAccessorImpl.java:62)
	at sun.reflect.DelegatingMethodAccessorImpl.invoke(DelegatingMethodAccessorImpl.java:43)
	at java.lang.reflect.Method.invoke(Method.java:498)
	at org.junit.runners.model.FrameworkMethod$1.runReflectiveCall(FrameworkMethod.java:50)
	at org.junit.internal.runners.model.ReflectiveCallable.run(ReflectiveCallable.java:12)
	at org.junit.runners.model.FrameworkMethod.invokeExplosively(FrameworkMethod.java:47)
	at org.junit.internal.runners.statements.InvokeMethod.evaluate(InvokeMethod.java:17)
	at org.junit.internal.runners.statements.ExpectException.evaluate(ExpectException.java:19)
	at org.junit.runners.ParentRunner.runLeaf(ParentRunner.java:325)
	at org.junit.runners.BlockJUnit4ClassRunner.runChild(BlockJUnit4ClassRunner.java:78)
	at org.junit.runners.BlockJUnit4ClassRunner.runChild(BlockJUnit4ClassRunner.java:57)
	at org.junit.runners.ParentRunner$3.run(ParentRunner.java:290)
	at org.junit.runners.ParentRunner$1.schedule(ParentRunner.java:71)
	at org.junit.runners.ParentRunner.runChildren(ParentRunner.java:288)
	at org.junit.runners.ParentRunner.access$000(ParentRunner.java:58)
	at org.junit.runners.ParentRunner$2.evaluate(ParentRunner.java:268)
	at org.junit.runners.ParentRunner.run(ParentRunner.java:363)
	at org.apache.maven.surefire.junit4.JUnit4Provider.execute(JUnit4Provider.java:369)
	at org.apache.maven.surefire.junit4.JUnit4Provider.executeWithRerun(JUnit4Provider.java:275)
	at org.apache.maven.surefire.junit4.JUnit4Provider.executeTestSet(JUnit4Provider.java:239)
	at org.apache.maven.surefire.junit4.JUnit4Provider.invoke(JUnit4Provider.java:160)
	at org.apache.maven.surefire.booter.ForkedBooter.invokeProviderInSameClassLoader(ForkedBooter.java:373)
	at org.apache.maven.surefire.booter.ForkedBooter.runSuitesInProcess(ForkedBooter.java:334)
	at org.apache.maven.surefire.booter.ForkedBooter.execute(ForkedBooter.java:119)
	at org.apache.maven.surefire.booter.ForkedBooter.main(ForkedBooter.java:407)

[INFO] Tests run: 9, Failures: 0, Errors: 0, Skipped: 0, Time elapsed: 3.219 s - in org.sonar.java.checks.verifier.XmlCheckVerifierTest
[INFO] Running org.sonar.java.checks.verifier.JavaCheckVerifierTest
06:31:05.792 [main] DEBUG o.s.java.bytecode.ClassLoaderBuilder - ----- Classpath analyzed by Squid:
06:31:05.792 [main] DEBUG o.s.java.bytecode.ClassLoaderBuilder - /home/travis/build/failed/SonarSource/sonar-java/java-checks-testkit/target/test-classes
06:31:05.792 [main] DEBUG o.s.java.bytecode.ClassLoaderBuilder - -----
06:31:06.634 [main] INFO  org.sonar.squidbridge.ProgressReport - 1 source files to be analyzed
06:31:07.000 [Report about progress of Java AST analyzer] INFO  org.sonar.squidbridge.ProgressReport - 1/1 source files have been analyzed
06:31:07.096 [main] DEBUG o.s.java.bytecode.ClassLoaderBuilder - ----- Classpath analyzed by Squid:
06:31:07.097 [main] DEBUG o.s.java.bytecode.ClassLoaderBuilder - /home/travis/build/failed/SonarSource/sonar-java/java-checks-testkit/target/test-classes
06:31:07.097 [main] DEBUG o.s.java.bytecode.ClassLoaderBuilder - -----
06:31:07.109 [main] INFO  org.sonar.squidbridge.ProgressReport - 1 source files to be analyzed
06:31:07.115 [Report about progress of Java AST analyzer] INFO  org.sonar.squidbridge.ProgressReport - 1/1 source files have been analyzed
06:31:07.213 [main] DEBUG o.s.j.checks.verifier.CheckVerifier - Remediation function and cost not provided, "constant" is assumed.
06:31:07.215 [main] DEBUG o.s.java.bytecode.ClassLoaderBuilder - ----- Classpath analyzed by Squid:
06:31:07.216 [main] DEBUG o.s.java.bytecode.ClassLoaderBuilder - /home/travis/build/failed/SonarSource/sonar-java/java-checks-testkit/target/test-classes
06:31:07.216 [main] DEBUG o.s.java.bytecode.ClassLoaderBuilder - -----
06:31:07.225 [main] INFO  org.sonar.squidbridge.ProgressReport - 1 source files to be analyzed
06:31:07.370 [main] DEBUG o.s.java.bytecode.ClassLoaderBuilder - ----- Classpath analyzed by Squid:
06:31:07.370 [main] DEBUG o.s.java.bytecode.ClassLoaderBuilder - /home/travis/build/failed/SonarSource/sonar-java/java-checks-testkit/target/test-classes
06:31:07.370 [main] DEBUG o.s.java.bytecode.ClassLoaderBuilder - -----
06:31:07.378 [main] INFO  org.sonar.squidbridge.ProgressReport - 1 source files to be analyzed
06:31:07.467 [main] DEBUG o.s.j.b.loader.SquidClassLoader - .class not found for A
06:31:07.524 [Report about progress of Java AST analyzer] INFO  org.sonar.squidbridge.ProgressReport - 1/1 source files have been analyzed
06:31:07.527 [main] DEBUG o.s.java.bytecode.ClassLoaderBuilder - ----- Classpath analyzed by Squid:
06:31:07.527 [main] DEBUG o.s.java.bytecode.ClassLoaderBuilder - /home/travis/build/failed/SonarSource/sonar-java/java-checks-testkit/target/test-classes
06:31:07.527 [main] DEBUG o.s.java.bytecode.ClassLoaderBuilder - -----
06:31:07.532 [main] INFO  org.sonar.squidbridge.ProgressReport - 1 source files to be analyzed
06:31:07.672 [main] DEBUG o.s.j.b.loader.SquidClassLoader - .class not found for A
06:31:07.692 [main] DEBUG o.s.j.b.loader.SquidClassLoader - .class not found for System
06:31:07.693 [main] DEBUG o.s.j.b.loader.SquidClassLoader - .class not found for java.lang.package-info
06:31:07.693 [main] DEBUG o.s.j.b.loader.SquidClassLoader - .class not found for java.lang.Synthetic$System
06:31:07.702 [Report about progress of Java AST analyzer] INFO  org.sonar.squidbridge.ProgressReport - 1/1 source files have been analyzed
06:31:07.706 [main] DEBUG o.s.java.bytecode.ClassLoaderBuilder - ----- Classpath analyzed by Squid:
06:31:07.706 [main] DEBUG o.s.java.bytecode.ClassLoaderBuilder - /home/travis/build/failed/SonarSource/sonar-java/java-checks-testkit/target/test-classes
06:31:07.706 [main] DEBUG o.s.java.bytecode.ClassLoaderBuilder - -----
06:31:07.713 [main] INFO  org.sonar.squidbridge.ProgressReport - 1 source files to be analyzed
06:31:08.048 [main] DEBUG o.s.java.bytecode.ClassLoaderBuilder - ----- Classpath analyzed by Squid:
06:31:08.048 [main] DEBUG o.s.java.bytecode.ClassLoaderBuilder - /home/travis/build/failed/SonarSource/sonar-java/java-checks-testkit/target/test-classes
06:31:08.048 [main] DEBUG o.s.java.bytecode.ClassLoaderBuilder - -----
06:31:08.053 [main] INFO  org.sonar.squidbridge.ProgressReport - 1 source files to be analyzed
06:31:08.161 [main] DEBUG o.s.java.bytecode.ClassLoaderBuilder - ----- Classpath analyzed by Squid:
06:31:08.161 [main] DEBUG o.s.java.bytecode.ClassLoaderBuilder - -----
06:31:08.167 [main] INFO  org.sonar.squidbridge.ProgressReport - 1 source files to be analyzed
06:31:08.173 [main] DEBUG o.s.j.b.loader.SquidClassLoader - .class not found for A
06:31:08.189 [main] DEBUG o.s.j.b.loader.SquidClassLoader - .class not found for System
06:31:08.189 [main] DEBUG o.s.j.b.loader.SquidClassLoader - .class not found for java.lang.package-info
06:31:08.189 [main] DEBUG o.s.j.b.loader.SquidClassLoader - .class not found for java.lang.Synthetic$System
06:31:08.193 [Report about progress of Java AST analyzer] INFO  org.sonar.squidbridge.ProgressReport - 1/1 source files have been analyzed
06:31:08.194 [main] DEBUG o.s.java.bytecode.ClassLoaderBuilder - ----- Classpath analyzed by Squid:
06:31:08.194 [main] DEBUG o.s.java.bytecode.ClassLoaderBuilder - -----
06:31:08.199 [main] INFO  org.sonar.squidbridge.ProgressReport - 1 source files to be analyzed
06:31:08.202 [main] DEBUG o.s.j.b.loader.SquidClassLoader - .class not found for A
06:31:08.215 [Report about progress of Java AST analyzer] INFO  org.sonar.squidbridge.ProgressReport - 1/1 source files have been analyzed
06:31:08.216 [main] DEBUG o.s.java.bytecode.ClassLoaderBuilder - ----- Classpath analyzed by Squid:
06:31:08.216 [main] DEBUG o.s.java.bytecode.ClassLoaderBuilder - -----
06:31:08.221 [main] INFO  org.sonar.squidbridge.ProgressReport - 1 source files to be analyzed
06:31:08.225 [main] DEBUG o.s.j.b.loader.SquidClassLoader - .class not found for A
06:31:08.237 [main] DEBUG o.s.j.b.loader.SquidClassLoader - .class not found for System
06:31:08.245 [main] DEBUG o.s.j.b.loader.SquidClassLoader - .class not found for java.lang.package-info
06:31:08.245 [main] DEBUG o.s.j.b.loader.SquidClassLoader - .class not found for java.lang.Synthetic$System
06:31:08.248 [Report about progress of Java AST analyzer] INFO  org.sonar.squidbridge.ProgressReport - 1/1 source files have been analyzed
06:31:08.253 [main] DEBUG o.s.java.bytecode.ClassLoaderBuilder - ----- Classpath analyzed by Squid:
06:31:08.253 [main] DEBUG o.s.java.bytecode.ClassLoaderBuilder - /home/travis/build/failed/SonarSource/sonar-java/java-checks-testkit/target/test-classes
06:31:08.253 [main] DEBUG o.s.java.bytecode.ClassLoaderBuilder - -----
06:31:08.258 [main] INFO  org.sonar.squidbridge.ProgressReport - 1 source files to be analyzed
06:31:08.261 [Report about progress of Java AST analyzer] INFO  org.sonar.squidbridge.ProgressReport - 1/1 source files have been analyzed
06:31:08.331 [main] DEBUG o.s.java.bytecode.ClassLoaderBuilder - ----- Classpath analyzed by Squid:
06:31:08.331 [main] DEBUG o.s.java.bytecode.ClassLoaderBuilder - /home/travis/build/failed/SonarSource/sonar-java/java-checks-testkit/target/test-classes
06:31:08.331 [main] DEBUG o.s.java.bytecode.ClassLoaderBuilder - -----
06:31:08.337 [main] INFO  org.sonar.squidbridge.ProgressReport - 1 source files to be analyzed
06:31:08.346 [main] DEBUG o.s.j.b.loader.SquidClassLoader - .class not found for A
06:31:08.360 [main] DEBUG o.s.j.b.loader.SquidClassLoader - .class not found for System
06:31:08.361 [main] DEBUG o.s.j.b.loader.SquidClassLoader - .class not found for java.lang.package-info
06:31:08.361 [main] DEBUG o.s.j.b.loader.SquidClassLoader - .class not found for java.lang.Synthetic$System
06:31:08.365 [Report about progress of Java AST analyzer] INFO  org.sonar.squidbridge.ProgressReport - 1/1 source files have been analyzed
06:31:08.376 [main] DEBUG o.s.j.checks.verifier.CheckVerifier - Remediation function and cost not provided, "constant" is assumed.
06:31:08.415 [main] DEBUG o.s.java.bytecode.ClassLoaderBuilder - ----- Classpath analyzed by Squid:
06:31:08.415 [main] DEBUG o.s.java.bytecode.ClassLoaderBuilder - /home/travis/build/failed/SonarSource/sonar-java/java-checks-testkit/target/test-classes
06:31:08.415 [main] DEBUG o.s.java.bytecode.ClassLoaderBuilder - -----
06:31:08.419 [main] INFO  org.sonar.squidbridge.ProgressReport - 1 source files to be analyzed
06:31:08.422 [Report about progress of Java AST analyzer] INFO  org.sonar.squidbridge.ProgressReport - 1/1 source files have been analyzed
06:31:08.423 [main] DEBUG o.s.j.checks.verifier.CheckVerifier - Remediation function and cost not provided, "constant" is assumed.
06:31:08.425 [main] DEBUG o.s.java.bytecode.ClassLoaderBuilder - ----- Classpath analyzed by Squid:
06:31:08.425 [main] DEBUG o.s.java.bytecode.ClassLoaderBuilder - -----
06:31:08.429 [main] INFO  org.sonar.squidbridge.ProgressReport - 1 source files to be analyzed
06:31:08.434 [main] DEBUG o.s.j.b.loader.SquidClassLoader - .class not found for A
06:31:08.443 [main] DEBUG o.s.j.b.loader.SquidClassLoader - .class not found for System
06:31:08.443 [main] DEBUG o.s.j.b.loader.SquidClassLoader - .class not found for java.lang.package-info
06:31:08.443 [main] DEBUG o.s.j.b.loader.SquidClassLoader - .class not found for java.lang.Synthetic$System
06:31:08.447 [Report about progress of Java AST analyzer] INFO  org.sonar.squidbridge.ProgressReport - 1/1 source files have been analyzed
06:31:08.451 [main] DEBUG o.s.java.bytecode.ClassLoaderBuilder - ----- Classpath analyzed by Squid:
06:31:08.451 [main] DEBUG o.s.java.bytecode.ClassLoaderBuilder - /home/travis/build/failed/SonarSource/sonar-java/java-checks-testkit/target/test-classes
06:31:08.451 [main] DEBUG o.s.java.bytecode.ClassLoaderBuilder - -----
06:31:08.458 [main] INFO  org.sonar.squidbridge.ProgressReport - 1 source files to be analyzed
06:31:08.504 [main] DEBUG o.s.j.b.loader.SquidClassLoader - .class not found for A
06:31:08.512 [main] DEBUG o.s.j.b.loader.SquidClassLoader - .class not found for System
06:31:08.512 [main] DEBUG o.s.j.b.loader.SquidClassLoader - .class not found for java.lang.package-info
06:31:08.512 [main] DEBUG o.s.j.b.loader.SquidClassLoader - .class not found for java.lang.Synthetic$System
06:31:08.515 [Report about progress of Java AST analyzer] INFO  org.sonar.squidbridge.ProgressReport - 1/1 source files have been analyzed
06:31:08.519 [main] DEBUG o.s.java.bytecode.ClassLoaderBuilder - ----- Classpath analyzed by Squid:
06:31:08.519 [main] DEBUG o.s.java.bytecode.ClassLoaderBuilder - /home/travis/build/failed/SonarSource/sonar-java/java-checks-testkit/target/test-classes
06:31:08.519 [main] DEBUG o.s.java.bytecode.ClassLoaderBuilder - -----
06:31:08.548 [main] INFO  org.sonar.squidbridge.ProgressReport - 1 source files to be analyzed
06:31:08.644 [main] DEBUG o.s.java.bytecode.ClassLoaderBuilder - ----- Classpath analyzed by Squid:
06:31:08.645 [main] DEBUG o.s.java.bytecode.ClassLoaderBuilder - /home/travis/build/failed/SonarSource/sonar-java/java-checks-testkit/target/test-classes
06:31:08.645 [main] DEBUG o.s.java.bytecode.ClassLoaderBuilder - -----
06:31:08.654 [main] INFO  org.sonar.squidbridge.ProgressReport - 1 source files to be analyzed
06:31:08.658 [main] DEBUG o.s.j.b.loader.SquidClassLoader - .class not found for A
06:31:08.666 [main] DEBUG o.s.j.b.loader.SquidClassLoader - .class not found for System
06:31:08.666 [main] DEBUG o.s.j.b.loader.SquidClassLoader - .class not found for java.lang.package-info
06:31:08.666 [main] DEBUG o.s.j.b.loader.SquidClassLoader - .class not found for java.lang.Synthetic$System
06:31:08.668 [Report about progress of Java AST analyzer] INFO  org.sonar.squidbridge.ProgressReport - 1/1 source files have been analyzed
06:31:08.734 [main] DEBUG o.s.java.bytecode.ClassLoaderBuilder - ----- Classpath analyzed by Squid:
06:31:08.734 [main] DEBUG o.s.java.bytecode.ClassLoaderBuilder - /home/travis/build/failed/SonarSource/sonar-java/java-checks-testkit/target/test-classes
06:31:08.734 [main] DEBUG o.s.java.bytecode.ClassLoaderBuilder - -----
06:31:08.738 [main] INFO  org.sonar.squidbridge.ProgressReport - 1 source files to be analyzed
06:31:08.741 [main] DEBUG o.s.j.b.loader.SquidClassLoader - .class not found for A
06:31:08.748 [main] DEBUG o.s.j.b.loader.SquidClassLoader - .class not found for System
06:31:08.749 [main] DEBUG o.s.j.b.loader.SquidClassLoader - .class not found for java.lang.package-info
06:31:08.749 [main] DEBUG o.s.j.b.loader.SquidClassLoader - .class not found for java.lang.Synthetic$System
06:31:08.751 [Report about progress of Java AST analyzer] INFO  org.sonar.squidbridge.ProgressReport - 1/1 source files have been analyzed
06:31:08.755 [main] DEBUG o.s.java.bytecode.ClassLoaderBuilder - ----- Classpath analyzed by Squid:
06:31:08.755 [main] DEBUG o.s.java.bytecode.ClassLoaderBuilder - /home/travis/build/failed/SonarSource/sonar-java/java-checks-testkit/target/test-classes
06:31:08.755 [main] DEBUG o.s.java.bytecode.ClassLoaderBuilder - -----
06:31:08.758 [main] INFO  org.sonar.squidbridge.ProgressReport - 1 source files to be analyzed
06:31:08.760 [main] DEBUG o.s.j.b.loader.SquidClassLoader - .class not found for A
06:31:08.766 [Report about progress of Java AST analyzer] INFO  org.sonar.squidbridge.ProgressReport - 1/1 source files have been analyzed
06:31:08.768 [main] DEBUG o.s.java.bytecode.ClassLoaderBuilder - ----- Classpath analyzed by Squid:
06:31:08.769 [main] DEBUG o.s.java.bytecode.ClassLoaderBuilder - /home/travis/build/failed/SonarSource/sonar-java/java-checks-testkit/target/test-classes
06:31:08.769 [main] DEBUG o.s.java.bytecode.ClassLoaderBuilder - -----
06:31:08.772 [main] INFO  org.sonar.squidbridge.ProgressReport - 1 source files to be analyzed
06:31:08.775 [main] DEBUG o.s.j.b.loader.SquidClassLoader - .class not found for A
06:31:08.788 [main] DEBUG o.s.j.b.loader.SquidClassLoader - .class not found for System
06:31:08.789 [main] DEBUG o.s.j.b.loader.SquidClassLoader - .class not found for java.lang.package-info
06:31:08.789 [main] DEBUG o.s.j.b.loader.SquidClassLoader - .class not found for java.lang.Synthetic$System
06:31:08.793 [Report about progress of Java AST analyzer] INFO  org.sonar.squidbridge.ProgressReport - 1/1 source files have been analyzed
06:31:08.796 [main] DEBUG o.s.java.bytecode.ClassLoaderBuilder - ----- Classpath analyzed by Squid:
06:31:08.796 [main] DEBUG o.s.java.bytecode.ClassLoaderBuilder - /home/travis/build/failed/SonarSource/sonar-java/java-checks-testkit/target/test-classes
06:31:08.796 [main] DEBUG o.s.java.bytecode.ClassLoaderBuilder - -----
06:31:08.800 [main] INFO  org.sonar.squidbridge.ProgressReport - 1 source files to be analyzed
06:31:08.804 [main] DEBUG o.s.j.b.loader.SquidClassLoader - .class not found for A
06:31:08.812 [main] DEBUG o.s.j.b.loader.SquidClassLoader - .class not found for System
06:31:08.812 [main] DEBUG o.s.j.b.loader.SquidClassLoader - .class not found for java.lang.package-info
06:31:08.812 [main] DEBUG o.s.j.b.loader.SquidClassLoader - .class not found for java.lang.Synthetic$System
06:31:08.815 [Report about progress of Java AST analyzer] INFO  org.sonar.squidbridge.ProgressReport - 1/1 source files have been analyzed
06:31:08.818 [main] DEBUG o.s.java.bytecode.ClassLoaderBuilder - ----- Classpath analyzed by Squid:
06:31:08.819 [main] DEBUG o.s.java.bytecode.ClassLoaderBuilder - /home/travis/build/failed/SonarSource/sonar-java/java-checks-testkit/target/test-classes
06:31:08.819 [main] DEBUG o.s.java.bytecode.ClassLoaderBuilder - -----
06:31:08.822 [main] INFO  org.sonar.squidbridge.ProgressReport - 1 source files to be analyzed
06:31:08.824 [main] DEBUG o.s.j.b.loader.SquidClassLoader - .class not found for A
06:31:08.831 [Report about progress of Java AST analyzer] INFO  org.sonar.squidbridge.ProgressReport - 1/1 source files have been analyzed
06:31:08.920 [main] DEBUG o.s.java.bytecode.ClassLoaderBuilder - ----- Classpath analyzed by Squid:
06:31:08.920 [main] DEBUG o.s.java.bytecode.ClassLoaderBuilder - /home/travis/build/failed/SonarSource/sonar-java/java-checks-testkit/target/test-classes
06:31:08.920 [main] DEBUG o.s.java.bytecode.ClassLoaderBuilder - -----
06:31:08.923 [main] INFO  org.sonar.squidbridge.ProgressReport - 1 source files to be analyzed
06:31:08.925 [Report about progress of Java AST analyzer] INFO  org.sonar.squidbridge.ProgressReport - 1/1 source files have been analyzed
06:31:09.030 [main] DEBUG o.s.java.bytecode.ClassLoaderBuilder - ----- Classpath analyzed by Squid:
06:31:09.030 [main] DEBUG o.s.java.bytecode.ClassLoaderBuilder - /home/travis/build/failed/SonarSource/sonar-java/java-checks-testkit/target/test-classes
06:31:09.030 [main] DEBUG o.s.java.bytecode.ClassLoaderBuilder - -----
06:31:09.033 [main] INFO  org.sonar.squidbridge.ProgressReport - 1 source files to be analyzed
06:31:09.166 [main] DEBUG o.s.j.b.loader.SquidClassLoader - .class not found for A
06:31:09.172 [main] DEBUG o.s.j.b.loader.SquidClassLoader - .class not found for System
06:31:09.172 [main] DEBUG o.s.j.b.loader.SquidClassLoader - .class not found for java.lang.package-info
06:31:09.172 [main] DEBUG o.s.j.b.loader.SquidClassLoader - .class not found for java.lang.Synthetic$System
06:31:09.181 [Report about progress of Java AST analyzer] INFO  org.sonar.squidbridge.ProgressReport - 1/1 source files have been analyzed
06:31:09.188 [main] DEBUG o.s.java.bytecode.ClassLoaderBuilder - ----- Classpath analyzed by Squid:
06:31:09.188 [main] DEBUG o.s.java.bytecode.ClassLoaderBuilder - /home/travis/build/failed/SonarSource/sonar-java/java-checks-testkit/target/test-classes
06:31:09.188 [main] DEBUG o.s.java.bytecode.ClassLoaderBuilder - -----
06:31:09.193 [main] INFO  org.sonar.squidbridge.ProgressReport - 1 source files to be analyzed
06:31:09.198 [main] DEBUG o.s.j.b.loader.SquidClassLoader - .class not found for A
06:31:09.205 [main] DEBUG o.s.j.b.loader.SquidClassLoader - .class not found for System
06:31:09.205 [main] DEBUG o.s.j.b.loader.SquidClassLoader - .class not found for java.lang.package-info
06:31:09.205 [main] DEBUG o.s.j.b.loader.SquidClassLoader - .class not found for java.lang.Synthetic$System
06:31:09.207 [Report about progress of Java AST analyzer] INFO  org.sonar.squidbridge.ProgressReport - 1/1 source files have been analyzed
06:31:09.209 [main] DEBUG o.s.java.bytecode.ClassLoaderBuilder - ----- Classpath analyzed by Squid:
06:31:09.209 [main] DEBUG o.s.java.bytecode.ClassLoaderBuilder - /home/travis/build/failed/SonarSource/sonar-java/java-checks-testkit/target/test-classes
06:31:09.209 [main] DEBUG o.s.java.bytecode.ClassLoaderBuilder - -----
06:31:09.211 [main] INFO  org.sonar.squidbridge.ProgressReport - 1 source files to be analyzed
06:31:09.214 [main] DEBUG o.s.j.b.loader.SquidClassLoader - .class not found for A
06:31:09.220 [main] DEBUG o.s.j.b.loader.SquidClassLoader - .class not found for System
06:31:09.221 [main] DEBUG o.s.j.b.loader.SquidClassLoader - .class not found for java.lang.package-info
06:31:09.221 [main] DEBUG o.s.j.b.loader.SquidClassLoader - .class not found for java.lang.Synthetic$System
06:31:09.223 [Report about progress of Java AST analyzer] INFO  org.sonar.squidbridge.ProgressReport - 1/1 source files have been analyzed
06:31:09.226 [main] DEBUG o.s.java.bytecode.ClassLoaderBuilder - ----- Classpath analyzed by Squid:
06:31:09.226 [main] DEBUG o.s.java.bytecode.ClassLoaderBuilder - /home/travis/build/failed/SonarSource/sonar-java/java-checks-testkit/target/test-classes
06:31:09.226 [main] DEBUG o.s.java.bytecode.ClassLoaderBuilder - -----
06:31:09.229 [main] INFO  org.sonar.squidbridge.ProgressReport - 1 source files to be analyzed
06:31:09.232 [main] DEBUG o.s.j.b.loader.SquidClassLoader - .class not found for A
06:31:09.237 [Report about progress of Java AST analyzer] INFO  org.sonar.squidbridge.ProgressReport - 1/1 source files have been analyzed
06:31:09.239 [main] DEBUG o.s.java.bytecode.ClassLoaderBuilder - ----- Classpath analyzed by Squid:
06:31:09.239 [main] DEBUG o.s.java.bytecode.ClassLoaderBuilder - /home/travis/build/failed/SonarSource/sonar-java/java-checks-testkit/target/test-classes
06:31:09.239 [main] DEBUG o.s.java.bytecode.ClassLoaderBuilder - -----
06:31:09.242 [main] INFO  org.sonar.squidbridge.ProgressReport - 1 source files to be analyzed
06:31:09.245 [main] DEBUG o.s.j.b.loader.SquidClassLoader - .class not found for A
06:31:09.250 [main] DEBUG o.s.j.b.loader.SquidClassLoader - .class not found for System
06:31:09.251 [main] DEBUG o.s.j.b.loader.SquidClassLoader - .class not found for java.lang.package-info
06:31:09.251 [main] DEBUG o.s.j.b.loader.SquidClassLoader - .class not found for java.lang.Synthetic$System
06:31:09.253 [Report about progress of Java AST analyzer] INFO  org.sonar.squidbridge.ProgressReport - 1/1 source files have been analyzed
06:31:09.256 [main] DEBUG o.s.java.bytecode.ClassLoaderBuilder - ----- Classpath analyzed by Squid:
06:31:09.256 [main] DEBUG o.s.java.bytecode.ClassLoaderBuilder - /home/travis/build/failed/SonarSource/sonar-java/java-checks-testkit/target/test-classes
06:31:09.256 [main] DEBUG o.s.java.bytecode.ClassLoaderBuilder - -----
06:31:09.258 [main] INFO  org.sonar.squidbridge.ProgressReport - 1 source files to be analyzed
06:31:09.261 [main] DEBUG o.s.j.b.loader.SquidClassLoader - .class not found for A
06:31:09.266 [main] DEBUG o.s.j.b.loader.SquidClassLoader - .class not found for System
06:31:09.266 [main] DEBUG o.s.j.b.loader.SquidClassLoader - .class not found for java.lang.package-info
06:31:09.266 [main] DEBUG o.s.j.b.loader.SquidClassLoader - .class not found for java.lang.Synthetic$System
06:31:09.269 [Report about progress of Java AST analyzer] INFO  org.sonar.squidbridge.ProgressReport - 1/1 source files have been analyzed
06:31:09.272 [main] DEBUG o.s.java.bytecode.ClassLoaderBuilder - ----- Classpath analyzed by Squid:
06:31:09.272 [main] DEBUG o.s.java.bytecode.ClassLoaderBuilder - /home/travis/build/failed/SonarSource/sonar-java/java-checks-testkit/target/test-classes
06:31:09.272 [main] DEBUG o.s.java.bytecode.ClassLoaderBuilder - -----
06:31:09.276 [main] INFO  org.sonar.squidbridge.ProgressReport - 1 source files to be analyzed
06:31:09.284 [main] DEBUG o.s.j.b.loader.SquidClassLoader - .class not found for A
06:31:09.290 [main] DEBUG o.s.j.b.loader.SquidClassLoader - .class not found for System
06:31:09.291 [main] DEBUG o.s.j.b.loader.SquidClassLoader - .class not found for java.lang.package-info
06:31:09.291 [main] DEBUG o.s.j.b.loader.SquidClassLoader - .class not found for java.lang.Synthetic$System
06:31:09.293 [Report about progress of Java AST analyzer] INFO  org.sonar.squidbridge.ProgressReport - 1/1 source files have been analyzed
06:31:09.299 [main] DEBUG o.s.java.bytecode.ClassLoaderBuilder - ----- Classpath analyzed by Squid:
06:31:09.299 [main] DEBUG o.s.java.bytecode.ClassLoaderBuilder - -----
06:31:09.303 [main] INFO  org.sonar.squidbridge.ProgressReport - 1 source files to be analyzed
06:31:09.306 [main] DEBUG o.s.j.b.loader.SquidClassLoader - .class not found for A
06:31:09.311 [main] DEBUG o.s.j.b.loader.SquidClassLoader - .class not found for System
06:31:09.311 [main] DEBUG o.s.j.b.loader.SquidClassLoader - .class not found for java.lang.package-info
06:31:09.311 [main] DEBUG o.s.j.b.loader.SquidClassLoader - .class not found for java.lang.Synthetic$System
06:31:09.313 [Report about progress of Java AST analyzer] INFO  org.sonar.squidbridge.ProgressReport - 1/1 source files have been analyzed
06:31:09.315 [main] DEBUG o.s.java.bytecode.ClassLoaderBuilder - ----- Classpath analyzed by Squid:
06:31:09.315 [main] DEBUG o.s.java.bytecode.ClassLoaderBuilder - -----
06:31:09.319 [main] INFO  org.sonar.squidbridge.ProgressReport - 1 source files to be analyzed
06:31:09.321 [main] DEBUG o.s.j.b.loader.SquidClassLoader - .class not found for A
06:31:09.329 [Report about progress of Java AST analyzer] INFO  org.sonar.squidbridge.ProgressReport - 1/1 source files have been analyzed
06:31:09.331 [main] DEBUG o.s.java.bytecode.ClassLoaderBuilder - ----- Classpath analyzed by Squid:
06:31:09.331 [main] DEBUG o.s.java.bytecode.ClassLoaderBuilder - -----
06:31:09.336 [main] INFO  org.sonar.squidbridge.ProgressReport - 1 source files to be analyzed
06:31:09.340 [main] DEBUG o.s.j.b.loader.SquidClassLoader - .class not found for A
06:31:09.347 [main] DEBUG o.s.j.b.loader.SquidClassLoader - .class not found for System
06:31:09.347 [main] DEBUG o.s.j.b.loader.SquidClassLoader - .class not found for java.lang.package-info
06:31:09.347 [main] DEBUG o.s.j.b.loader.SquidClassLoader - .class not found for java.lang.Synthetic$System
06:31:09.350 [Report about progress of Java AST analyzer] INFO  org.sonar.squidbridge.ProgressReport - 1/1 source files have been analyzed
[INFO] Tests run: 31, Failures: 0, Errors: 0, Skipped: 0, Time elapsed: 4.003 s - in org.sonar.java.checks.verifier.JavaCheckVerifierTest
[INFO] Running org.sonar.java.checks.verifier.PomCheckVerifierTest
06:31:10.524 [main] ERROR org.sonar.java.xml.XmlParser - Unable to parse xml file: src/test/files/xml/PomCheckVerifierParseIssue.xml
06:31:10.525 [main] DEBUG org.sonar.java.xml.XmlParser - XML file parsing failed because of : org.xml.sax.SAXParseException; systemId: file:/home/travis/build/failed/SonarSource/sonar-java/java-checks-testkit/src/test/files/xml/PomCheckVerifierParseIssue.xml; lineNumber: 17; columnNumber: 11; The element type "description" must be terminated by the matching end-tag "</description>".
	at com.sun.org.apache.xerces.internal.util.ErrorHandlerWrapper.createSAXParseException(ErrorHandlerWrapper.java:203)
	at com.sun.org.apache.xerces.internal.util.ErrorHandlerWrapper.fatalError(ErrorHandlerWrapper.java:177)
	at com.sun.org.apache.xerces.internal.impl.XMLErrorReporter.reportError(XMLErrorReporter.java:400)
	at com.sun.org.apache.xerces.internal.impl.XMLErrorReporter.reportError(XMLErrorReporter.java:327)
	at com.sun.org.apache.xerces.internal.impl.XMLScanner.reportFatalError(XMLScanner.java:1472)
	at com.sun.org.apache.xerces.internal.impl.XMLDocumentFragmentScannerImpl.scanEndElement(XMLDocumentFragmentScannerImpl.java:1749)
	at com.sun.org.apache.xerces.internal.impl.XMLDocumentFragmentScannerImpl$FragmentContentDriver.next(XMLDocumentFragmentScannerImpl.java:2967)
	at com.sun.org.apache.xerces.internal.impl.XMLDocumentScannerImpl.next(XMLDocumentScannerImpl.java:602)
	at com.sun.org.apache.xerces.internal.impl.XMLDocumentFragmentScannerImpl.scanDocument(XMLDocumentFragmentScannerImpl.java:505)
	at com.sun.org.apache.xerces.internal.parsers.XML11Configuration.parse(XML11Configuration.java:841)
	at com.sun.org.apache.xerces.internal.parsers.XML11Configuration.parse(XML11Configuration.java:770)
	at com.sun.org.apache.xerces.internal.parsers.XMLParser.parse(XMLParser.java:141)
	at com.sun.org.apache.xerces.internal.parsers.AbstractSAXParser.parse(AbstractSAXParser.java:1213)
	at com.sun.org.apache.xerces.internal.jaxp.SAXParserImpl$JAXPSAXParser.parse(SAXParserImpl.java:643)
	at com.sun.org.apache.xerces.internal.jaxp.SAXParserImpl.parse(SAXParserImpl.java:327)
	at javax.xml.parsers.SAXParser.parse(SAXParser.java:328)
	at org.sonar.java.xml.XmlParser.parseXML(XmlParser.java:64)
	at org.sonar.java.checks.verifier.PomCheckVerifier.scanFile(PomCheckVerifier.java:69)
	at org.sonar.java.checks.verifier.PomCheckVerifier.verify(PomCheckVerifier.java:52)
	at org.sonar.java.checks.verifier.PomCheckVerifierTest.should_fail_when_cannot_parse(PomCheckVerifierTest.java:132)
	at sun.reflect.NativeMethodAccessorImpl.invoke0(Native Method)
	at sun.reflect.NativeMethodAccessorImpl.invoke(NativeMethodAccessorImpl.java:62)
	at sun.reflect.DelegatingMethodAccessorImpl.invoke(DelegatingMethodAccessorImpl.java:43)
	at java.lang.reflect.Method.invoke(Method.java:498)
	at org.junit.runners.model.FrameworkMethod$1.runReflectiveCall(FrameworkMethod.java:50)
	at org.junit.internal.runners.model.ReflectiveCallable.run(ReflectiveCallable.java:12)
	at org.junit.runners.model.FrameworkMethod.invokeExplosively(FrameworkMethod.java:47)
	at org.junit.internal.runners.statements.InvokeMethod.evaluate(InvokeMethod.java:17)
	at org.junit.internal.runners.statements.ExpectException.evaluate(ExpectException.java:19)
	at org.junit.runners.ParentRunner.runLeaf(ParentRunner.java:325)
	at org.junit.runners.BlockJUnit4ClassRunner.runChild(BlockJUnit4ClassRunner.java:78)
	at org.junit.runners.BlockJUnit4ClassRunner.runChild(BlockJUnit4ClassRunner.java:57)
	at org.junit.runners.ParentRunner$3.run(ParentRunner.java:290)
	at org.junit.runners.ParentRunner$1.schedule(ParentRunner.java:71)
	at org.junit.runners.ParentRunner.runChildren(ParentRunner.java:288)
	at org.junit.runners.ParentRunner.access$000(ParentRunner.java:58)
	at org.junit.runners.ParentRunner$2.evaluate(ParentRunner.java:268)
	at org.junit.runners.ParentRunner.run(ParentRunner.java:363)
	at org.apache.maven.surefire.junit4.JUnit4Provider.execute(JUnit4Provider.java:369)
	at org.apache.maven.surefire.junit4.JUnit4Provider.executeWithRerun(JUnit4Provider.java:275)
	at org.apache.maven.surefire.junit4.JUnit4Provider.executeTestSet(JUnit4Provider.java:239)
	at org.apache.maven.surefire.junit4.JUnit4Provider.invoke(JUnit4Provider.java:160)
	at org.apache.maven.surefire.booter.ForkedBooter.invokeProviderInSameClassLoader(ForkedBooter.java:373)
	at org.apache.maven.surefire.booter.ForkedBooter.runSuitesInProcess(ForkedBooter.java:334)
	at org.apache.maven.surefire.booter.ForkedBooter.execute(ForkedBooter.java:119)
	at org.apache.maven.surefire.booter.ForkedBooter.main(ForkedBooter.java:407)

06:31:10.761 [main] WARN  org.sonar.java.xml.XmlParser - File  is empty and won't be analyzed.
[INFO] Tests run: 14, Failures: 0, Errors: 0, Skipped: 0, Time elapsed: 1.911 s - in org.sonar.java.checks.verifier.PomCheckVerifierTest
[INFO] 
[INFO] Results:
[INFO] 
[INFO] Tests run: 54, Failures: 0, Errors: 0, Skipped: 0
[INFO] 
[INFO] 
[INFO] --- maven-jar-plugin:3.0.2:jar (default-jar) @ java-checks-testkit ---
[INFO] 
[INFO] --- maven-source-plugin:3.0.1:jar-no-fork (attach-sources) @ java-checks-testkit ---
[INFO] Building jar: /home/travis/build/failed/SonarSource/sonar-java/java-checks-testkit/target/java-checks-testkit-5.4.0-SNAPSHOT-sources.jar
[INFO] 
[INFO] ------------------------------------------------------------------------
[INFO] Building SonarQube Java :: Checks 5.4.0-SNAPSHOT
[INFO] ------------------------------------------------------------------------
[INFO] 
[INFO] --- buildnumber-maven-plugin:1.4:create (default) @ java-checks ---
[INFO] 
[INFO] --- maven-enforcer-plugin:3.0.0-M1:enforce (enforce) @ java-checks ---
[INFO] 
[INFO] --- license-maven-plugin:3.0:check (enforce-license-headers) @ java-checks ---
[INFO] Checking licenses...
[WARNING] Missing header in: /home/travis/build/failed/SonarSource/sonar-java/java-checks/src/main/java/org/sonar/java/checks/security/SecureXmlTransformerCheck.java
[WARNING] Missing header in: /home/travis/build/failed/SonarSource/sonar-java/java-checks/src/test/java/org/sonar/java/checks/security/SecureXmlTransformerCheckTest.java
[INFO] ------------------------------------------------------------------------
[INFO] Reactor Summary:
[INFO] 
[INFO] SonarJava .......................................... SUCCESS [ 28.517 s]
[INFO] SonarQube Java :: Maven model generator ............ SUCCESS [ 20.792 s]
[INFO] SonarQube Java :: Front-end ........................ SUCCESS [02:57 min]
[INFO] SonarQube Java :: Check Test tool kit .............. SUCCESS [ 11.871 s]
[INFO] SonarQube Java :: Checks ........................... FAILURE [ 10.186 s]
[INFO] SonarQube Java :: Surefire ......................... SKIPPED
[INFO] java-jacoco-previous ............................... SKIPPED
[INFO] SonarQube Java :: JaCoCo ........................... SKIPPED
[INFO] SonarQube Java :: Plugin ........................... SKIPPED
[INFO] SonarQube Java :: JaCoCo Listeners ................. SKIPPED
[INFO] SonarQube Java :: ITs .............................. SKIPPED
[INFO] SonarQube Java :: ITs :: Performancing ............. SKIPPED
[INFO] SonarQube Java :: ITs :: Plugin .................... SKIPPED
[INFO] SonarQube Java :: ITs :: Plugin :: Plugins ......... SKIPPED
[INFO] SonarQube Java :: ITS :: Plugin :: Java Extension Plugin SKIPPED
[INFO] SonarQube Java :: ITs :: Plugin :: Tests ........... SKIPPED
[INFO] SonarQube Java :: ITs :: Ruling .................... SKIPPED
[INFO] SonarQube Java :: ITs :: Semantic .................. SKIPPED
[INFO] SonarQube Java :: ITS :: Semantic :: Java Debugging Plugin SKIPPED
[INFO] SonarQube Java :: ITs :: Semantic :: Tests ......... SKIPPED
[INFO] ------------------------------------------------------------------------
[INFO] BUILD FAILURE
[INFO] ------------------------------------------------------------------------
[INFO] Total time: 04:22 min
[INFO] Finished at: 2022-06-22T06:31:21Z
[INFO] Final Memory: 26M/493M
[INFO] ------------------------------------------------------------------------
[ERROR] Failed to execute goal com.mycila:license-maven-plugin:3.0:check (enforce-license-headers) on project java-checks: Some files do not have the expected license header -> [Help 1]
org.apache.maven.lifecycle.LifecycleExecutionException: Failed to execute goal com.mycila:license-maven-plugin:3.0:check (enforce-license-headers) on project java-checks: Some files do not have the expected license header
    at org.apache.maven.lifecycle.internal.MojoExecutor.execute (MojoExecutor.java:213)
    at org.apache.maven.lifecycle.internal.MojoExecutor.execute (MojoExecutor.java:154)
    at org.apache.maven.lifecycle.internal.MojoExecutor.execute (MojoExecutor.java:146)
    at org.apache.maven.lifecycle.internal.LifecycleModuleBuilder.buildProject (LifecycleModuleBuilder.java:117)
    at org.apache.maven.lifecycle.internal.LifecycleModuleBuilder.buildProject (LifecycleModuleBuilder.java:81)
    at org.apache.maven.lifecycle.internal.builder.singlethreaded.SingleThreadedBuilder.build (SingleThreadedBuilder.java:51)
    at org.apache.maven.lifecycle.internal.LifecycleStarter.execute (LifecycleStarter.java:128)
    at org.apache.maven.DefaultMaven.doExecute (DefaultMaven.java:309)
    at org.apache.maven.DefaultMaven.doExecute (DefaultMaven.java:194)
    at org.apache.maven.DefaultMaven.execute (DefaultMaven.java:107)
    at org.apache.maven.cli.MavenCli.execute (MavenCli.java:955)
    at org.apache.maven.cli.MavenCli.doMain (MavenCli.java:290)
    at org.apache.maven.cli.MavenCli.main (MavenCli.java:194)
    at sun.reflect.NativeMethodAccessorImpl.invoke0 (Native Method)
    at sun.reflect.NativeMethodAccessorImpl.invoke (NativeMethodAccessorImpl.java:62)
    at sun.reflect.DelegatingMethodAccessorImpl.invoke (DelegatingMethodAccessorImpl.java:43)
    at java.lang.reflect.Method.invoke (Method.java:498)
    at org.codehaus.plexus.classworlds.launcher.Launcher.launchEnhanced (Launcher.java:289)
    at org.codehaus.plexus.classworlds.launcher.Launcher.launch (Launcher.java:229)
    at org.codehaus.plexus.classworlds.launcher.Launcher.mainWithExitCode (Launcher.java:415)
    at org.codehaus.plexus.classworlds.launcher.Launcher.main (Launcher.java:356)
Caused by: org.apache.maven.plugin.MojoExecutionException: Some files do not have the expected license header
    at com.mycila.maven.plugin.license.LicenseCheckMojo.execute (LicenseCheckMojo.java:74)
    at org.apache.maven.plugin.DefaultBuildPluginManager.executeMojo (DefaultBuildPluginManager.java:134)
    at org.apache.maven.lifecycle.internal.MojoExecutor.execute (MojoExecutor.java:208)
    at org.apache.maven.lifecycle.internal.MojoExecutor.execute (MojoExecutor.java:154)
    at org.apache.maven.lifecycle.internal.MojoExecutor.execute (MojoExecutor.java:146)
    at org.apache.maven.lifecycle.internal.LifecycleModuleBuilder.buildProject (LifecycleModuleBuilder.java:117)
    at org.apache.maven.lifecycle.internal.LifecycleModuleBuilder.buildProject (LifecycleModuleBuilder.java:81)
    at org.apache.maven.lifecycle.internal.builder.singlethreaded.SingleThreadedBuilder.build (SingleThreadedBuilder.java:51)
    at org.apache.maven.lifecycle.internal.LifecycleStarter.execute (LifecycleStarter.java:128)
    at org.apache.maven.DefaultMaven.doExecute (DefaultMaven.java:309)
    at org.apache.maven.DefaultMaven.doExecute (DefaultMaven.java:194)
    at org.apache.maven.DefaultMaven.execute (DefaultMaven.java:107)
    at org.apache.maven.cli.MavenCli.execute (MavenCli.java:955)
    at org.apache.maven.cli.MavenCli.doMain (MavenCli.java:290)
    at org.apache.maven.cli.MavenCli.main (MavenCli.java:194)
    at sun.reflect.NativeMethodAccessorImpl.invoke0 (Native Method)
    at sun.reflect.NativeMethodAccessorImpl.invoke (NativeMethodAccessorImpl.java:62)
    at sun.reflect.DelegatingMethodAccessorImpl.invoke (DelegatingMethodAccessorImpl.java:43)
    at java.lang.reflect.Method.invoke (Method.java:498)
    at org.codehaus.plexus.classworlds.launcher.Launcher.launchEnhanced (Launcher.java:289)
    at org.codehaus.plexus.classworlds.launcher.Launcher.launch (Launcher.java:229)
    at org.codehaus.plexus.classworlds.launcher.Launcher.mainWithExitCode (Launcher.java:415)
    at org.codehaus.plexus.classworlds.launcher.Launcher.main (Launcher.java:356)
[ERROR] 
[ERROR] Re-run Maven using the -X switch to enable full debug logging.
[ERROR] 
[ERROR] For more information about the errors and possible solutions, please read the following articles:
[ERROR] [Help 1] http://cwiki.apache.org/confluence/display/MAVEN/MojoExecutionException
[ERROR] 
[ERROR] After correcting the problems, you can resume the build with the command
[ERROR]   mvn <goals> -rf :java-checks

travis_time:end:03982cc0:start=1655879208636698771,finish=1655879482165291541,duration=273528592770[0K
[31;1mThe command "./travis.sh" exited with 1.[0m
travis_fold:start:before_cache.1[0Ktravis_time:start:012c5706[0K$ rm -rf $HOME/.m2/repository/org/sonarsource/java

travis_time:end:012c5706:start=1655879482176740196,finish=1655879482188451273,duration=11711077[0Ktravis_fold:end:before_cache.1[0Ktravis_fold:start:before_cache.2[0Ktravis_time:start:12623ea0[0K$ find $HOME/.m2 -name resolver-status.properties -exec rm {} \;

travis_time:end:12623ea0:start=1655879482199850762,finish=1655879482488707801,duration=288857039[0Ktravis_fold:end:before_cache.2[0Ktravis_fold:start:cache.2[0Kstore build cache
travis_time:start:1548be71[0K
travis_time:end:1548be71:start=1655879482501514508,finish=1655879482510980556,duration=9466048[0Ktravis_time:start:113e4e2f[0K/home/travis/.casher/bin/casher:190: warning: Insecure world writable dir /usr/local/clang-5.0.0/bin in PATH, mode 040777
[32;1mchanges detected, packing new archive[0m
/home/travis/.casher/bin/casher:213:in `cache_archive_name': undefined method `[]' for nil:NilClass (NoMethodError)
	from /home/travis/.casher/bin/casher:143:in `push'
	from /home/travis/.casher/bin/casher:53:in `block in run'
	from /home/travis/.rvm/rubies/ruby-2.2.7/lib/ruby/2.2.0/timeout.rb:88:in `block in timeout'
	from /home/travis/.rvm/rubies/ruby-2.2.7/lib/ruby/2.2.0/timeout.rb:32:in `block in catch'
	from /home/travis/.rvm/rubies/ruby-2.2.7/lib/ruby/2.2.0/timeout.rb:32:in `catch'
	from /home/travis/.rvm/rubies/ruby-2.2.7/lib/ruby/2.2.0/timeout.rb:32:in `catch'
	from /home/travis/.rvm/rubies/ruby-2.2.7/lib/ruby/2.2.0/timeout.rb:103:in `timeout'
	from /home/travis/.casher/bin/casher:53:in `run'
	from /home/travis/.casher/bin/casher:263:in `<main>'
.
.
.
.
.
.
.
.
.
.
.
.
.
.
.

travis_time:end:113e4e2f:start=1655879482522416680,finish=1655879558422169544,duration=75899752864[0Ktravis_fold:end:cache.2[0K
Done. Your build exited with 1.
