travis_time:start:3251cc1c[0Ktravis_time:end:3251cc1c:start=1653148725731528063,finish=1653148726038699595,duration=307171532,event=no_world_writable_dirs[0Ktravis_time:start:030fc35a[0Ktravis_time:end:030fc35a:start=1653148726046159290,finish=1653148726051536189,duration=5376899,event=check_unsupported[0Ktravis_time:start:02456580[0Ktravis_fold:start:system_info[0K[33;1mBuild system information[0m
Build language: java
Build group: stable
Build dist: xenial
Build id: ''
Job id: ''
Runtime kernel version: 4.15.0-109-generic
[34m[1mBuild image provisioning date and time[0m
Fri Aug  2 14:20:18 UTC 2019
[34m[1mOperating System Details[0m
Distributor ID:	Ubuntu
Description:	Ubuntu 16.04.6 LTS
Release:	16.04
Codename:	xenial
[34m[1mSystemd Version[0m
systemd 229
[34m[1mCookbooks Version[0m
790f512 https://github.com/travis-ci/travis-cookbooks/tree/790f512
[34m[1mgit version[0m
git version 2.22.0
[34m[1mbash version[0m
GNU bash, version 4.3.48(1)-release (x86_64-pc-linux-gnu)
[34m[1mgcc version[0m
gcc (Ubuntu 5.4.0-6ubuntu1~16.04.11) 5.4.0 20160609
[34m[1mdocker version[0m
Client:
 Version:           18.06.1-ce
 API version:       1.38
 Go version:        go1.10.3
 Git commit:        e68fc7a
 Built:             Tue Aug 21 17:20:43 2018
 OS/Arch:           linux/amd64
 Experimental:      false
[34m[1mclang version[0m
clang version 7.0.0 (tags/RELEASE_700/final)
[34m[1mjq version[0m
jq-1.5
[34m[1mbats version[0m
Bats 0.4.0
[34m[1mshellcheck version[0m
0.6.0
[34m[1mshfmt version[0m
v2.6.3
[34m[1mccache version[0m
3.2.4
[34m[1mcmake version[0m
cmake version 3.12.4
[34m[1mheroku version[0m
heroku/7.27.1 linux-x64 node-v11.14.0
[34m[1mimagemagick version[0m
Version: ImageMagick 6.8.9-9 Q16 x86_64 2019-06-15 http://www.imagemagick.org
[34m[1mmd5deep version[0m
4.4
[34m[1mmercurial version[0m
version 4.8
[34m[1mmysql version[0m
mysql  Ver 14.14 Distrib 5.7.27, for Linux (x86_64) using  EditLine wrapper
[34m[1mopenssl version[0m
OpenSSL 1.0.2g  1 Mar 2016
[34m[1mpacker version[0m
1.3.3
[34m[1mpostgresql client version[0m
psql (PostgreSQL) 10.9 (Ubuntu 10.9-1.pgdg16.04+1)
[34m[1mragel version[0m
Ragel State Machine Compiler version 6.8 Feb 2013
[34m[1msudo version[0m
1.8.16
[34m[1mgzip version[0m
gzip 1.6
[34m[1mzip version[0m
Zip 3.0
[34m[1mvim version[0m
VIM - Vi IMproved 7.4 (2013 Aug 10, compiled Jun 07 2019 15:35:43)
[34m[1miptables version[0m
iptables v1.6.0
[34m[1mcurl version[0m
curl 7.47.0 (x86_64-pc-linux-gnu) libcurl/7.47.0 GnuTLS/3.4.10 zlib/1.2.8 libidn/1.32 librtmp/2.3
[34m[1mwget version[0m
GNU Wget 1.17.1 built on linux-gnu.
[34m[1mrsync version[0m
rsync  version 3.1.1  protocol version 31
[34m[1mgimme version[0m
v1.5.3
[34m[1mnvm version[0m
0.34.0
[34m[1mperlbrew version[0m
/home/travis/perl5/perlbrew/bin/perlbrew  - App::perlbrew/0.86
[34m[1mphpenv version[0m
rbenv 1.1.2-2-g4e92322
[34m[1mrvm version[0m
rvm 1.29.9 (latest) by Michal Papis, Piotr Kuczynski, Wayne E. Seguin [https://rvm.io]
[34m[1mdefault ruby version[0m
ruby 2.5.3p105 (2018-10-18 revision 65156) [x86_64-linux]
[34m[1mCouchDB version[0m
couchdb 1.6.1
[34m[1mElasticSearch version[0m
5.5.0
[34m[1mInstalled Firefox version[0m
firefox 63.0.1
[34m[1mMongoDB version[0m
MongoDB 4.0.11
[34m[1mPhantomJS version[0m
2.1.1
[34m[1mPre-installed PostgreSQL versions[0m
9.4.23
9.5.18
9.6.14
[34m[1mRedis version[0m
redis-server 5.0.5
[34m[1mPre-installed Go versions[0m
1.11.1
[34m[1mant version[0m
Apache Ant(TM) version 1.9.6 compiled on July 20 2018
[34m[1mmvn version[0m
Apache Maven 3.6.0 (97c98ec64a1fdfee7767ce5ffb20918da4f719f3; 2018-10-24T18:41:47Z)
[34m[1mgradle version[0m
Gradle 5.1.1!
[34m[1mlein version[0m
Leiningen 2.9.1 on Java 11.0.2 OpenJDK 64-Bit Server VM
[34m[1mPre-installed Node.js versions[0m
v10.16.1
v11.0.0
v4.9.1
v6.17.1
v8.12.0
v8.16.0
v8.9
[34m[1mphpenv versions[0m
  system
  5.6
  5.6.40
  7.1
  7.1.27
  7.2
* 7.2.15 (set by /home/travis/.phpenv/version)
  hhvm
  hhvm-stable
[34m[1mcomposer --version[0m
Composer version 1.8.4 2019-02-11 10:52:10
[34m[1mPre-installed Ruby versions[0m
ruby-2.3.8
ruby-2.4.5
ruby-2.5.3
travis_fold:end:system_info[0K
travis_time:end:02456580:start=1653148726059675641,finish=1653148726071291729,duration=11616088,event=show_system_info[0Ktravis_time:start:30256472[0Ktravis_time:end:30256472:start=1653148726077423086,finish=1653148726114788523,duration=37365437,event=rm_riak_source[0Ktravis_time:start:005ee6c6[0Ktravis_time:end:005ee6c6:start=1653148726121903121,finish=1653148726135554788,duration=13651667,event=fix_rwky_redis[0Ktravis_time:start:00eff9ea[0K[31;1mTimeout waiting for network availability.[0m
travis_time:end:00eff9ea:start=1653148726142247585,finish=1653148746876685551,duration=20734437966,event=wait_for_network[0Ktravis_time:start:00738778[0Ktravis_time:end:00738778:start=1653148746884712181,finish=1653148747295762378,duration=411050197,event=update_apt_keys[0Ktravis_time:start:10f503c0[0Ktravis_time:end:10f503c0:start=1653148747303736986,finish=1653148747529751531,duration=226014545,event=fix_hhvm_source[0Ktravis_time:start:070a7a16[0Ktravis_time:end:070a7a16:start=1653148747535180595,finish=1653148747541113524,duration=5932929,event=update_mongo_arch[0Ktravis_time:start:040de3b0[0Ktravis_time:end:040de3b0:start=1653148747548897440,finish=1653148747618710216,duration=69812776,event=fix_sudo_enabled_trusty[0Ktravis_time:start:01bbcf39[0Ktravis_time:end:01bbcf39:start=1653148747625611519,finish=1653148747643605375,duration=17993856,event=clean_up_path[0Ktravis_time:start:0447ff00[0Ktravis_time:end:0447ff00:start=1653148747650749234,finish=1653148747668239943,duration=17490709,event=fix_resolv_conf[0Ktravis_time:start:000f0528[0Ktravis_time:end:000f0528:start=1653148747675235448,finish=1653148747693038661,duration=17803213,event=fix_etc_hosts[0Ktravis_time:start:1f52c64f[0Ktravis_time:end:1f52c64f:start=1653148747699533607,finish=1653148747952908784,duration=253375177,event=fix_mvn_settings_xml[0Ktravis_time:start:00071688[0Ktravis_time:end:00071688:start=1653148747959917367,finish=1653148747979507026,duration=19589659,event=no_ipv6_localhost[0Ktravis_time:start:0a944a30[0Ktravis_time:end:0a944a30:start=1653148747987126990,finish=1653148747992420387,duration=5293397,event=fix_etc_mavenrc[0Ktravis_time:start:09274e46[0Ktravis_time:end:09274e46:start=1653148747999067826,finish=1653148748006473676,duration=7405850,event=fix_wwdr_certificate[0Ktravis_time:start:1f9b2c40[0Ktravis_time:end:1f9b2c40:start=1653148748013835668,finish=1653148748059229103,duration=45393435,event=put_localhost_first[0Ktravis_time:start:133500b0[0Ktravis_time:end:133500b0:start=1653148748066010930,finish=1653148748070500939,duration=4490009,event=home_paths[0Ktravis_time:start:0b51e1d0[0Ktravis_time:end:0b51e1d0:start=1653148748077835598,finish=1653148748102588778,duration=24753180,event=disable_initramfs[0Ktravis_time:start:0caaecee[0Ktravis_time:end:0caaecee:start=1653148748108922011,finish=1653148748267791745,duration=158869734,event=disable_ssh_roaming[0Ktravis_time:start:0c24e3c4[0Ktravis_time:end:0c24e3c4:start=1653148748277700996,finish=1653148748283120672,duration=5419676,event=debug_tools[0Ktravis_time:start:0f6dfccb[0Ktravis_time:end:0f6dfccb:start=1653148748289199960,finish=1653148748295939742,duration=6739782,event=uninstall_oclint[0Ktravis_time:start:2fef985c[0Ktravis_time:end:2fef985c:start=1653148748302915007,finish=1653148748309554184,duration=6639177,event=rvm_use[0Ktravis_time:start:08473180[0Ktravis_time:end:08473180:start=1653148748315704639,finish=1653148748328413203,duration=12708564,event=rm_etc_boto_cfg[0Ktravis_time:start:357c9b08[0Ktravis_time:end:357c9b08:start=1653148748336190461,finish=1653148748341290619,duration=5100158,event=rm_oraclejdk8_symlink[0Ktravis_time:start:171f9a22[0Ktravis_time:end:171f9a22:start=1653148748348746024,finish=1653148748483579359,duration=134833335,event=enable_i386[0Ktravis_time:start:005d6055[0Ktravis_time:end:005d6055:start=1653148748491815985,finish=1653148748501218736,duration=9402751,event=update_rubygems[0Ktravis_time:start:21c2f400[0Ktravis_time:end:21c2f400:start=1653148748507562900,finish=1653148749819584617,duration=1312021717,event=ensure_path_components[0Ktravis_time:start:23090cea[0Ktravis_time:end:23090cea:start=1653148749826092499,finish=1653148749830536871,duration=4444372,event=redefine_curl[0Ktravis_time:start:069f43a7[0Ktravis_time:end:069f43a7:start=1653148749838186646,finish=1653148749846452823,duration=8266177,event=nonblock_pipe[0Ktravis_time:start:1dfacb2b[0Ktravis_time:end:1dfacb2b:start=1653148749852261418,finish=1653148766088450788,duration=16236189370,event=apt_get_update[0Ktravis_time:start:0008d0d8[0Ktravis_time:end:0008d0d8:start=1653148766095459720,finish=1653148766100595061,duration=5135341,event=deprecate_xcode_64[0Ktravis_time:start:0a57d35e[0Ktravis_time:end:0a57d35e:start=1653148766108524664,finish=1653148777167539318,duration=11059014654,event=update_heroku[0Ktravis_time:start:1b97158c[0Ktravis_time:end:1b97158c:start=1653148777175494889,finish=1653148777180779689,duration=5284800,event=shell_session_update[0Ktravis_time:start:12e62678[0Ktravis_fold:start:docker_mtu[0Ktee: /etc/docker/daemon.json: No such file or directory
docker: unrecognized service
travis_fold:end:docker_mtu[0Ktravis_time:end:12e62678:start=1653148777187987789,finish=1653148777232060416,duration=44072627,event=set_docker_mtu[0Ktravis_time:start:03d54218[0Ktravis_time:end:03d54218:start=1653148777239705262,finish=1653148777259820970,duration=20115708,event=resolvconf[0Ktravis_time:start:018fa461[0Ktravis_time:end:018fa461:start=1653148777267133243,finish=1653148789871417310,duration=12604284067,event=maven_https[0K
travis_fold:start:install_jdk[0K[33;1mInstalling openjdk8[0m
travis_fold:end:install_jdk[0Ktravis_time:start:0d43f1be[0Ktravis_time:end:0d43f1be:start=1653148789938145697,finish=1653148789942262727,duration=4117030,event=fix_ps4[0Ktravis_time:start:13c3455c[0K
$ cd failed/alibaba/canal

travis_time:end:13c3455c:start=1653148789947846697,finish=1653148789951835393,duration=3988696,event=checkout[0Ktravis_time:start:01ee01fc[0Ktravis_time:end:01ee01fc:start=1653148789957819019,finish=1653148790639909303,duration=682090284,event=env[0Ktravis_fold:start:cache.1[0KSetting up build cache
$ export CASHER_DIR=${TRAVIS_HOME}/.casher
travis_time:start:0f6eebf0[0K$ Installing caching utilities
curl: (6) Could not resolve host: https

[31;1mThe command "eval curl -sf  -o $CASHER_DIR/bin/casher https:///files/casher " failed. Retrying, 2 of 3.[0m

curl: (6) Could not resolve host: https

[31;1mThe command "eval curl -sf  -o $CASHER_DIR/bin/casher https:///files/casher " failed. Retrying, 3 of 3.[0m

curl: (6) Could not resolve host: https

[31;1mThe command "eval curl -sf  -o $CASHER_DIR/bin/casher https:///files/casher " failed 3 times.[0m

travis_time:end:0f6eebf0:start=1653148793942293624,finish=1653148806191842560,duration=12249548936,event=setup_casher[0Ktravis_time:start:06662aea[0K$ Installing caching utilities from the Travis CI server (https:///files/casher) failed, failing over to using GitHub (https://raw.githubusercontent.com/travis-ci/casher/bash/bin/casher)
travis_time:end:06662aea:start=1653148806199852732,finish=1653148806341481363,duration=141628631,event=setup_casher[0Ktravis_time:start:0918f8ec[0Ktravis_time:end:0918f8ec:start=1653148806354588017,finish=1653148806360399766,duration=5811749,event=setup_casher[0Ktravis_time:start:161b55a4[0Kattempting to download cache archive[0m
[31;1mcould not download cache[0m
travis_time:end:161b55a4:start=1653148806368084268,finish=1653148809670835774,duration=3302751506,event=setup_casher[0Ktravis_time:start:04e788a6[0Ktravis_time:end:04e788a6:start=1653148809679031989,finish=1653148809684554261,duration=5522272,event=setup_casher[0Ktravis_time:start:020bd79f[0Kadding /home/travis/.m2 to cache[0m
travis_time:end:020bd79f:start=1653148809691634797,finish=1653148893030359158,duration=83338724361,event=setup_casher[0Ktravis_fold:end:cache.1[0K
$ java -Xmx32m -version
Picked up _JAVA_OPTIONS: -Xmx2048m -Xms512m
openjdk version "1.8.0_222"
OpenJDK Runtime Environment (build 1.8.0_222-8u222-b10-1ubuntu1~16.04.1-b10)
OpenJDK 64-Bit Server VM (build 25.222-b10, mixed mode)
$ javac -J-Xmx32m -version
Picked up _JAVA_OPTIONS: -Xmx2048m -Xms512m
javac 1.8.0_222
travis_fold:start:install[0Ktravis_time:start:1fb86c34[0K$ true
travis_time:end:1fb86c34:start=1653148893285612860,finish=1653148893289508272,duration=3895412,event=install[0Ktravis_fold:end:install[0Ktravis_time:start:105b2d39[0K$ travis_wait 30 ./mvnw clean install -DskipTests=false -Dcheckstyle.skip=true -Dmaven.javadoc.skip=true


Still running (1 of 30): ./mvnw clean install -DskipTests=false -Dcheckstyle.skip=true -Dmaven.javadoc.skip=trueStill running (2 of 30): ./mvnw clean install -DskipTests=false -Dcheckstyle.skip=true -Dmaven.javadoc.skip=true
[31;1mThe command ./mvnw clean install -DskipTests=false -Dcheckstyle.skip=true -Dmaven.javadoc.skip=true exited with 1.[0m

[32;1mLog:[0m

Picked up _JAVA_OPTIONS: -Xmx2048m -Xms512m
[[1;34mINFO[m] Scanning for projects...
[[1;34mINFO[m] --- tiles-maven-plugin: Injecting 1 tiles as intermediary parent artifacts for com.alibaba.otter:canal-admin-server...
[[1;34mINFO[m] Mixed 'null:canal-admin-server:null' with tile 'io.ebean.tile:enhancement:11.41.1' as its new parent.
[[1;34mINFO[m] Explicitly set groupId to 'com.alibaba.otter' from original parent 'com.alibaba.otter:canal-admin:1.1.4-SNAPSHOT'.
[[1;34mINFO[m] Explicitly set version to '1.1.4-SNAPSHOT' from original parent 'com.alibaba.otter:canal-admin:1.1.4-SNAPSHOT'.
[[1;34mINFO[m] Mixed 'io.ebean.tile:enhancement:11.41.1' with original parent 'com.alibaba.otter:canal-admin:1.1.4-SNAPSHOT' as its new top level parent.
[[1;34mINFO[m] 
[[1;34mINFO[m] [1m------------------------------------------------------------------------[m
[[1;34mINFO[m] [1mReactor Build Order:[m
[[1;34mINFO[m] 
[[1;34mINFO[m] canal module for otter 1.1.4-SNAPSHOT
[[1;34mINFO[m] canal common module for otter 1.1.4-SNAPSHOT
[[1;34mINFO[m] canal protocol module for otter 1.1.4-SNAPSHOT
[[1;34mINFO[m] canal meta module for otter 1.1.4-SNAPSHOT
[[1;34mINFO[m] canal driver module for otter 1.1.4-SNAPSHOT
[[1;34mINFO[m] canal dbsync module for otter 1.1.4-SNAPSHOT
[[1;34mINFO[m] canal sink module for otter 1.1.4-SNAPSHOT
[[1;34mINFO[m] canal store module for otter 1.1.4-SNAPSHOT
[[1;34mINFO[m] canal sink module for otter 1.1.4-SNAPSHOT
[[1;34mINFO[m] canal parse module for otter 1.1.4-SNAPSHOT
[[1;34mINFO[m] canal instance core module for otter 1.1.4-SNAPSHOT
[[1;34mINFO[m] canal instance spring module for otter 1.1.4-SNAPSHOT
[[1;34mINFO[m] canal instance manager module for otter 1.1.4-SNAPSHOT
[[1;34mINFO[m] canal instance module for otter 1.1.4-SNAPSHOT
[[1;34mINFO[m] canal server module for otter 1.1.4-SNAPSHOT
[[1;34mINFO[m] canal client module for otter 1.1.4-SNAPSHOT
[[1;34mINFO[m] canal prometheus module for otter 1.1.4-SNAPSHOT
[[1;34mINFO[m] canal deployer module for otter 1.1.4-SNAPSHOT
[[1;34mINFO[m] canal example module for otter 1.1.4-SNAPSHOT
[[1;34mINFO[m] canal client adapter module for otter 1.1.4-SNAPSHOT
[[1;34mINFO[m] canal client adapter common module for otter 1.1.4-SNAPSHOT
[[1;34mINFO[m] canal client adapter logger example module for otter 1.1.4-SNAPSHOT
[[1;34mINFO[m] canal client adapter hbase module for otter 1.1.4-SNAPSHOT
[[1;34mINFO[m] canal client adapter elasticsearch module for otter 1.1.4-SNAPSHOT
[[1;34mINFO[m] canal client adapter rdb module for otter 1.1.4-SNAPSHOT
[[1;34mINFO[m] canal client adapter launcher module for otter 1.1.4-SNAPSHOT
[[1;34mINFO[m] canal-admin
[[1;34mINFO[m] canal-admin-ui
[[1;34mINFO[m] canal-admin-server
[[1;34mINFO[m] 
[[1;34mINFO[m] [1m------------------------------------------------------------------------[m
[[1;34mINFO[m] [1mBuilding canal module for otter 1.1.4-SNAPSHOT 1.1.4-SNAPSHOT[m
[[1;34mINFO[m] [1m------------------------------------------------------------------------[m
[[1;34mINFO[m] 
[[1;34mINFO[m] [1m--- [0;32mmaven-clean-plugin:2.5:clean[m [1m(default-clean)[m @ [36mcanal[0;1m ---[m
[[1;34mINFO[m] 
[[1;34mINFO[m] [1m--- [0;32mmaven-enforcer-plugin:1.0:enforce[m [1m(enforce-maven)[m @ [36mcanal[0;1m ---[m
[[1;34mINFO[m] 
[[1;34mINFO[m] [1m--- [0;32mjacoco-maven-plugin:0.8.3:prepare-agent[m [1m(jacoco-initialize)[m @ [36mcanal[0;1m ---[m
[[1;34mINFO[m] jacocoArgLine set to -javaagent:/home/travis/.m2/repository/org/jacoco/org.jacoco.agent/0.8.3/org.jacoco.agent-0.8.3-runtime.jar=destfile=/home/travis/build/failed/alibaba/canal/target/jacoco.exec
[[1;34mINFO[m] 
[[1;34mINFO[m] [1m>>> [0;32mmaven-source-plugin:2.4:jar[m [1m(attach-sources)[0;1m > [0;1mgenerate-sources[m @ [36mcanal[0;1m >>>[m
[[1;34mINFO[m] 
[[1;34mINFO[m] [1m--- [0;32mmaven-enforcer-plugin:1.0:enforce[m [1m(enforce-maven)[m @ [36mcanal[0;1m ---[m
[[1;34mINFO[m] 
[[1;34mINFO[m] [1m--- [0;32mjacoco-maven-plugin:0.8.3:prepare-agent[m [1m(jacoco-initialize)[m @ [36mcanal[0;1m ---[m
[[1;34mINFO[m] jacocoArgLine set to -javaagent:/home/travis/.m2/repository/org/jacoco/org.jacoco.agent/0.8.3/org.jacoco.agent-0.8.3-runtime.jar=destfile=/home/travis/build/failed/alibaba/canal/target/jacoco.exec
[[1;34mINFO[m] 
[[1;34mINFO[m] [1m<<< [0;32mmaven-source-plugin:2.4:jar[m [1m(attach-sources)[0;1m < [0;1mgenerate-sources[m @ [36mcanal[0;1m <<<[m
[[1;34mINFO[m] 
[[1;34mINFO[m] 
[[1;34mINFO[m] [1m--- [0;32mmaven-source-plugin:2.4:jar[m [1m(attach-sources)[m @ [36mcanal[0;1m ---[m
[[1;34mINFO[m] 
[[1;34mINFO[m] [1m--- [0;32mmaven-javadoc-plugin:2.9.1:jar[m [1m(attach-javadocs)[m @ [36mcanal[0;1m ---[m
[[1;34mINFO[m] Skipping javadoc generation
[[1;34mINFO[m] 
[[1;34mINFO[m] [1m--- [0;32mjacoco-maven-plugin:0.8.3:report-aggregate[m [1m(report-aggregate)[m @ [36mcanal[0;1m ---[m
[[1;34mINFO[m] 
[[1;34mINFO[m] [1m--- [0;32mmaven-install-plugin:2.4:install[m [1m(default-install)[m @ [36mcanal[0;1m ---[m
[[1;34mINFO[m] Installing /home/travis/build/failed/alibaba/canal/pom.xml to /home/travis/.m2/repository/com/alibaba/otter/canal/1.1.4-SNAPSHOT/canal-1.1.4-SNAPSHOT.pom
[[1;34mINFO[m] 
[[1;34mINFO[m] [1m------------------------------------------------------------------------[m
[[1;34mINFO[m] [1mBuilding canal common module for otter 1.1.4-SNAPSHOT 1.1.4-SNAPSHOT[m
[[1;34mINFO[m] [1m------------------------------------------------------------------------[m
[[1;34mINFO[m] 
[[1;34mINFO[m] [1m--- [0;32mmaven-clean-plugin:2.5:clean[m [1m(default-clean)[m @ [36mcanal.common[0;1m ---[m
[[1;34mINFO[m] 
[[1;34mINFO[m] [1m--- [0;32mmaven-enforcer-plugin:1.0:enforce[m [1m(enforce-maven)[m @ [36mcanal.common[0;1m ---[m
[[1;34mINFO[m] 
[[1;34mINFO[m] [1m--- [0;32mjacoco-maven-plugin:0.8.3:prepare-agent[m [1m(jacoco-initialize)[m @ [36mcanal.common[0;1m ---[m
[[1;34mINFO[m] jacocoArgLine set to -javaagent:/home/travis/.m2/repository/org/jacoco/org.jacoco.agent/0.8.3/org.jacoco.agent-0.8.3-runtime.jar=destfile=/home/travis/build/failed/alibaba/canal/common/target/jacoco.exec
[[1;34mINFO[m] 
[[1;34mINFO[m] [1m--- [0;32mmaven-resources-plugin:2.6:resources[m [1m(default-resources)[m @ [36mcanal.common[0;1m ---[m
[[1;34mINFO[m] Using 'UTF-8' encoding to copy filtered resources.
[[1;34mINFO[m] skip non existing resourceDirectory /home/travis/build/failed/alibaba/canal/common/src/main/resources
[[1;34mINFO[m] 
[[1;34mINFO[m] [1m--- [0;32mmaven-compiler-plugin:3.7.0:compile[m [1m(default-compile)[m @ [36mcanal.common[0;1m ---[m
[[1;34mINFO[m] Changes detected - recompiling the module!
[[1;34mINFO[m] Compiling 23 source files to /home/travis/build/failed/alibaba/canal/common/target/classes
[[1;34mINFO[m] /home/travis/build/failed/alibaba/canal/common/src/main/java/com/alibaba/otter/canal/common/utils/UriUtils.java: Some input files use unchecked or unsafe operations.
[[1;34mINFO[m] /home/travis/build/failed/alibaba/canal/common/src/main/java/com/alibaba/otter/canal/common/utils/UriUtils.java: Recompile with -Xlint:unchecked for details.
[[1;34mINFO[m] 
[[1;34mINFO[m] [1m--- [0;32mmaven-resources-plugin:2.6:testResources[m [1m(default-testResources)[m @ [36mcanal.common[0;1m ---[m
[[1;34mINFO[m] Using 'UTF-8' encoding to copy filtered resources.
[[1;34mINFO[m] skip non existing resourceDirectory /home/travis/build/failed/alibaba/canal/common/src/test/resources
[[1;34mINFO[m] 
[[1;34mINFO[m] [1m--- [0;32mmaven-compiler-plugin:3.7.0:testCompile[m [1m(default-testCompile)[m @ [36mcanal.common[0;1m ---[m
[[1;34mINFO[m] Changes detected - recompiling the module!
[[1;34mINFO[m] Compiling 2 source files to /home/travis/build/failed/alibaba/canal/common/target/test-classes
[[1;34mINFO[m] 
[[1;34mINFO[m] [1m--- [0;32mmaven-surefire-plugin:2.22.1:test[m [1m(default-test)[m @ [36mcanal.common[0;1m ---[m
[[1;34mINFO[m] 
[[1;34mINFO[m] -------------------------------------------------------
[[1;34mINFO[m]  T E S T S
[[1;34mINFO[m] -------------------------------------------------------
[[1;34mINFO[m] Running com.alibaba.otter.canal.common.[1mServerRunningTest[m
[[1;33mWARNING[m] [1;33mTests [0;1mrun: [0;1m1[m, Failures: 0, Errors: 0, [1;33mSkipped: [0;1;33m1[m, Time elapsed: 0.019 s - in com.alibaba.otter.canal.common.[1mServerRunningTest[m
[[1;34mINFO[m] 
[[1;34mINFO[m] Results:
[[1;34mINFO[m] 
[[1;33mWARNING[m] [1;33mTests run: 1, Failures: 0, Errors: 0, Skipped: 1[m
[[1;34mINFO[m] 
[[1;34mINFO[m] 
[[1;34mINFO[m] [1m--- [0;32mmaven-jar-plugin:3.0.2:jar[m [1m(default-jar)[m @ [36mcanal.common[0;1m ---[m
[[1;34mINFO[m] Building jar: /home/travis/build/failed/alibaba/canal/common/target/canal.common-1.1.4-SNAPSHOT.jar
[[1;34mINFO[m] 
[[1;34mINFO[m] [1m>>> [0;32mmaven-source-plugin:2.4:jar[m [1m(attach-sources)[0;1m > [0;1mgenerate-sources[m @ [36mcanal.common[0;1m >>>[m
[[1;34mINFO[m] 
[[1;34mINFO[m] [1m--- [0;32mmaven-enforcer-plugin:1.0:enforce[m [1m(enforce-maven)[m @ [36mcanal.common[0;1m ---[m
[[1;34mINFO[m] 
[[1;34mINFO[m] [1m--- [0;32mjacoco-maven-plugin:0.8.3:prepare-agent[m [1m(jacoco-initialize)[m @ [36mcanal.common[0;1m ---[m
[[1;34mINFO[m] jacocoArgLine set to -javaagent:/home/travis/.m2/repository/org/jacoco/org.jacoco.agent/0.8.3/org.jacoco.agent-0.8.3-runtime.jar=destfile=/home/travis/build/failed/alibaba/canal/common/target/jacoco.exec
[[1;34mINFO[m] 
[[1;34mINFO[m] [1m<<< [0;32mmaven-source-plugin:2.4:jar[m [1m(attach-sources)[0;1m < [0;1mgenerate-sources[m @ [36mcanal.common[0;1m <<<[m
[[1;34mINFO[m] 
[[1;34mINFO[m] 
[[1;34mINFO[m] [1m--- [0;32mmaven-source-plugin:2.4:jar[m [1m(attach-sources)[m @ [36mcanal.common[0;1m ---[m
[[1;34mINFO[m] Building jar: /home/travis/build/failed/alibaba/canal/common/target/canal.common-1.1.4-SNAPSHOT-sources.jar
[[1;34mINFO[m] 
[[1;34mINFO[m] [1m--- [0;32mmaven-javadoc-plugin:2.9.1:jar[m [1m(attach-javadocs)[m @ [36mcanal.common[0;1m ---[m
[[1;34mINFO[m] Skipping javadoc generation
[[1;34mINFO[m] 
[[1;34mINFO[m] [1m--- [0;32mjacoco-maven-plugin:0.8.3:report-aggregate[m [1m(report-aggregate)[m @ [36mcanal.common[0;1m ---[m
[[1;34mINFO[m] Loading execution data file /home/travis/build/failed/alibaba/canal/common/target/jacoco.exec
[[1;34mINFO[m] 
[[1;34mINFO[m] [1m--- [0;32mmaven-install-plugin:2.4:install[m [1m(default-install)[m @ [36mcanal.common[0;1m ---[m
[[1;34mINFO[m] Installing /home/travis/build/failed/alibaba/canal/common/target/canal.common-1.1.4-SNAPSHOT.jar to /home/travis/.m2/repository/com/alibaba/otter/canal.common/1.1.4-SNAPSHOT/canal.common-1.1.4-SNAPSHOT.jar
[[1;34mINFO[m] Installing /home/travis/build/failed/alibaba/canal/common/pom.xml to /home/travis/.m2/repository/com/alibaba/otter/canal.common/1.1.4-SNAPSHOT/canal.common-1.1.4-SNAPSHOT.pom
[[1;34mINFO[m] Installing /home/travis/build/failed/alibaba/canal/common/target/canal.common-1.1.4-SNAPSHOT-sources.jar to /home/travis/.m2/repository/com/alibaba/otter/canal.common/1.1.4-SNAPSHOT/canal.common-1.1.4-SNAPSHOT-sources.jar
[[1;34mINFO[m] 
[[1;34mINFO[m] [1m------------------------------------------------------------------------[m
[[1;34mINFO[m] [1mBuilding canal protocol module for otter 1.1.4-SNAPSHOT 1.1.4-SNAPSHOT[m
[[1;34mINFO[m] [1m------------------------------------------------------------------------[m
[[1;34mINFO[m] 
[[1;34mINFO[m] [1m--- [0;32mmaven-clean-plugin:2.5:clean[m [1m(default-clean)[m @ [36mcanal.protocol[0;1m ---[m
[[1;34mINFO[m] 
[[1;34mINFO[m] [1m--- [0;32mmaven-enforcer-plugin:1.0:enforce[m [1m(enforce-maven)[m @ [36mcanal.protocol[0;1m ---[m
[[1;34mINFO[m] 
[[1;34mINFO[m] [1m--- [0;32mjacoco-maven-plugin:0.8.3:prepare-agent[m [1m(jacoco-initialize)[m @ [36mcanal.protocol[0;1m ---[m
[[1;34mINFO[m] jacocoArgLine set to -javaagent:/home/travis/.m2/repository/org/jacoco/org.jacoco.agent/0.8.3/org.jacoco.agent-0.8.3-runtime.jar=destfile=/home/travis/build/failed/alibaba/canal/protocol/target/jacoco.exec
[[1;34mINFO[m] 
[[1;34mINFO[m] [1m--- [0;32mmaven-resources-plugin:2.6:resources[m [1m(default-resources)[m @ [36mcanal.protocol[0;1m ---[m
[[1;34mINFO[m] Using 'UTF-8' encoding to copy filtered resources.
[[1;34mINFO[m] skip non existing resourceDirectory /home/travis/build/failed/alibaba/canal/protocol/src/main/resources
[[1;34mINFO[m] 
[[1;34mINFO[m] [1m--- [0;32mmaven-compiler-plugin:3.7.0:compile[m [1m(default-compile)[m @ [36mcanal.protocol[0;1m ---[m
[[1;34mINFO[m] Changes detected - recompiling the module!
[[1;34mINFO[m] Compiling 15 source files to /home/travis/build/failed/alibaba/canal/protocol/target/classes
[[1;34mINFO[m] /home/travis/build/failed/alibaba/canal/protocol/src/main/java/com/alibaba/otter/canal/protocol/Message.java: /home/travis/build/failed/alibaba/canal/protocol/src/main/java/com/alibaba/otter/canal/protocol/Message.java uses unchecked or unsafe operations.
[[1;34mINFO[m] /home/travis/build/failed/alibaba/canal/protocol/src/main/java/com/alibaba/otter/canal/protocol/Message.java: Recompile with -Xlint:unchecked for details.
[[1;34mINFO[m] 
[[1;34mINFO[m] [1m--- [0;32mmaven-resources-plugin:2.6:testResources[m [1m(default-testResources)[m @ [36mcanal.protocol[0;1m ---[m
[[1;34mINFO[m] Using 'UTF-8' encoding to copy filtered resources.
[[1;34mINFO[m] skip non existing resourceDirectory /home/travis/build/failed/alibaba/canal/protocol/src/test/resources
[[1;34mINFO[m] 
[[1;34mINFO[m] [1m--- [0;32mmaven-compiler-plugin:3.7.0:testCompile[m [1m(default-testCompile)[m @ [36mcanal.protocol[0;1m ---[m
[[1;34mINFO[m] No sources to compile
[[1;34mINFO[m] 
[[1;34mINFO[m] [1m--- [0;32mmaven-surefire-plugin:2.22.1:test[m [1m(default-test)[m @ [36mcanal.protocol[0;1m ---[m
[[1;34mINFO[m] No tests to run.
[[1;34mINFO[m] 
[[1;34mINFO[m] [1m--- [0;32mmaven-jar-plugin:3.0.2:jar[m [1m(default-jar)[m @ [36mcanal.protocol[0;1m ---[m
[[1;34mINFO[m] Building jar: /home/travis/build/failed/alibaba/canal/protocol/target/canal.protocol-1.1.4-SNAPSHOT.jar
[[1;34mINFO[m] 
[[1;34mINFO[m] [1m>>> [0;32mmaven-source-plugin:2.4:jar[m [1m(attach-sources)[0;1m > [0;1mgenerate-sources[m @ [36mcanal.protocol[0;1m >>>[m
[[1;34mINFO[m] 
[[1;34mINFO[m] [1m--- [0;32mmaven-enforcer-plugin:1.0:enforce[m [1m(enforce-maven)[m @ [36mcanal.protocol[0;1m ---[m
[[1;34mINFO[m] 
[[1;34mINFO[m] [1m--- [0;32mjacoco-maven-plugin:0.8.3:prepare-agent[m [1m(jacoco-initialize)[m @ [36mcanal.protocol[0;1m ---[m
[[1;34mINFO[m] jacocoArgLine set to -javaagent:/home/travis/.m2/repository/org/jacoco/org.jacoco.agent/0.8.3/org.jacoco.agent-0.8.3-runtime.jar=destfile=/home/travis/build/failed/alibaba/canal/protocol/target/jacoco.exec
[[1;34mINFO[m] 
[[1;34mINFO[m] [1m<<< [0;32mmaven-source-plugin:2.4:jar[m [1m(attach-sources)[0;1m < [0;1mgenerate-sources[m @ [36mcanal.protocol[0;1m <<<[m
[[1;34mINFO[m] 
[[1;34mINFO[m] 
[[1;34mINFO[m] [1m--- [0;32mmaven-source-plugin:2.4:jar[m [1m(attach-sources)[m @ [36mcanal.protocol[0;1m ---[m
[[1;34mINFO[m] Building jar: /home/travis/build/failed/alibaba/canal/protocol/target/canal.protocol-1.1.4-SNAPSHOT-sources.jar
[[1;34mINFO[m] 
[[1;34mINFO[m] [1m--- [0;32mmaven-javadoc-plugin:2.9.1:jar[m [1m(attach-javadocs)[m @ [36mcanal.protocol[0;1m ---[m
[[1;34mINFO[m] Skipping javadoc generation
[[1;34mINFO[m] 
[[1;34mINFO[m] [1m--- [0;32mjacoco-maven-plugin:0.8.3:report-aggregate[m [1m(report-aggregate)[m @ [36mcanal.protocol[0;1m ---[m
[[1;34mINFO[m] Loading execution data file /home/travis/build/failed/alibaba/canal/common/target/jacoco.exec
[[1;34mINFO[m] Analyzed bundle 'canal.common' with 28 classes
[[1;34mINFO[m] 
[[1;34mINFO[m] [1m--- [0;32mmaven-install-plugin:2.4:install[m [1m(default-install)[m @ [36mcanal.protocol[0;1m ---[m
[[1;34mINFO[m] Installing /home/travis/build/failed/alibaba/canal/protocol/target/canal.protocol-1.1.4-SNAPSHOT.jar to /home/travis/.m2/repository/com/alibaba/otter/canal.protocol/1.1.4-SNAPSHOT/canal.protocol-1.1.4-SNAPSHOT.jar
[[1;34mINFO[m] Installing /home/travis/build/failed/alibaba/canal/protocol/pom.xml to /home/travis/.m2/repository/com/alibaba/otter/canal.protocol/1.1.4-SNAPSHOT/canal.protocol-1.1.4-SNAPSHOT.pom
[[1;34mINFO[m] Installing /home/travis/build/failed/alibaba/canal/protocol/target/canal.protocol-1.1.4-SNAPSHOT-sources.jar to /home/travis/.m2/repository/com/alibaba/otter/canal.protocol/1.1.4-SNAPSHOT/canal.protocol-1.1.4-SNAPSHOT-sources.jar
[[1;34mINFO[m] 
[[1;34mINFO[m] [1m------------------------------------------------------------------------[m
[[1;34mINFO[m] [1mBuilding canal meta module for otter 1.1.4-SNAPSHOT 1.1.4-SNAPSHOT[m
[[1;34mINFO[m] [1m------------------------------------------------------------------------[m
[[1;34mINFO[m] 
[[1;34mINFO[m] [1m--- [0;32mmaven-clean-plugin:2.5:clean[m [1m(default-clean)[m @ [36mcanal.meta[0;1m ---[m
[[1;34mINFO[m] 
[[1;34mINFO[m] [1m--- [0;32mmaven-enforcer-plugin:1.0:enforce[m [1m(enforce-maven)[m @ [36mcanal.meta[0;1m ---[m
[[1;34mINFO[m] 
[[1;34mINFO[m] [1m--- [0;32mjacoco-maven-plugin:0.8.3:prepare-agent[m [1m(jacoco-initialize)[m @ [36mcanal.meta[0;1m ---[m
[[1;34mINFO[m] jacocoArgLine set to -javaagent:/home/travis/.m2/repository/org/jacoco/org.jacoco.agent/0.8.3/org.jacoco.agent-0.8.3-runtime.jar=destfile=/home/travis/build/failed/alibaba/canal/meta/target/jacoco.exec
[[1;34mINFO[m] 
[[1;34mINFO[m] [1m--- [0;32mmaven-resources-plugin:2.6:resources[m [1m(default-resources)[m @ [36mcanal.meta[0;1m ---[m
[[1;34mINFO[m] Using 'UTF-8' encoding to copy filtered resources.
[[1;34mINFO[m] skip non existing resourceDirectory /home/travis/build/failed/alibaba/canal/meta/src/main/resources
[[1;34mINFO[m] 
[[1;34mINFO[m] [1m--- [0;32mmaven-compiler-plugin:3.7.0:compile[m [1m(default-compile)[m @ [36mcanal.meta[0;1m ---[m
[[1;34mINFO[m] Changes detected - recompiling the module!
[[1;34mINFO[m] Compiling 7 source files to /home/travis/build/failed/alibaba/canal/meta/target/classes
[[1;34mINFO[m] 
[[1;34mINFO[m] [1m--- [0;32mmaven-resources-plugin:2.6:testResources[m [1m(default-testResources)[m @ [36mcanal.meta[0;1m ---[m
[[1;34mINFO[m] Using 'UTF-8' encoding to copy filtered resources.
[[1;34mINFO[m] skip non existing resourceDirectory /home/travis/build/failed/alibaba/canal/meta/src/test/resources
[[1;34mINFO[m] 
[[1;34mINFO[m] [1m--- [0;32mmaven-compiler-plugin:3.7.0:testCompile[m [1m(default-testCompile)[m @ [36mcanal.meta[0;1m ---[m
[[1;34mINFO[m] Changes detected - recompiling the module!
[[1;34mINFO[m] Compiling 7 source files to /home/travis/build/failed/alibaba/canal/meta/target/test-classes
[[1;34mINFO[m] 
[[1;34mINFO[m] [1m--- [0;32mmaven-surefire-plugin:2.22.1:test[m [1m(default-test)[m @ [36mcanal.meta[0;1m ---[m
[[1;34mINFO[m] 
[[1;34mINFO[m] -------------------------------------------------------
[[1;34mINFO[m]  T E S T S
[[1;34mINFO[m] -------------------------------------------------------
[[1;34mINFO[m] Running com.alibaba.otter.canal.meta.[1mAbstractMetaManagerTest[m
[[1;33mWARNING[m] [1;33mTests [0;1mrun: [0;1m1[m, Failures: 0, Errors: 0, [1;33mSkipped: [0;1;33m1[m, Time elapsed: 0.019 s - in com.alibaba.otter.canal.meta.[1mAbstractMetaManagerTest[m
[[1;34mINFO[m] Running com.alibaba.otter.canal.meta.[1mMixedMetaManagerTest[m
[[1;33mWARNING[m] [1;33mTests [0;1mrun: [0;1m1[m, Failures: 0, Errors: 0, [1;33mSkipped: [0;1;33m1[m, Time elapsed: 0 s - in com.alibaba.otter.canal.meta.[1mMixedMetaManagerTest[m
[[1;34mINFO[m] Running com.alibaba.otter.canal.meta.[1mPeriodMixedMetaManagerTest[m
[[1;33mWARNING[m] [1;33mTests [0;1mrun: [0;1m1[m, Failures: 0, Errors: 0, [1;33mSkipped: [0;1;33m1[m, Time elapsed: 0 s - in com.alibaba.otter.canal.meta.[1mPeriodMixedMetaManagerTest[m
[[1;34mINFO[m] Running com.alibaba.otter.canal.meta.[1mZooKeeperMetaManagerTest[m
[[1;33mWARNING[m] [1;33mTests [0;1mrun: [0;1m1[m, Failures: 0, Errors: 0, [1;33mSkipped: [0;1;33m1[m, Time elapsed: 0 s - in com.alibaba.otter.canal.meta.[1mZooKeeperMetaManagerTest[m
[[1;34mINFO[m] Running com.alibaba.otter.canal.meta.[1mMemoryMetaManagerTest[m
[[1;33mWARNING[m] [1;33mTests [0;1mrun: [0;1m1[m, Failures: 0, Errors: 0, [1;33mSkipped: [0;1;33m1[m, Time elapsed: 0 s - in com.alibaba.otter.canal.meta.[1mMemoryMetaManagerTest[m
[[1;34mINFO[m] Running com.alibaba.otter.canal.meta.[1mFileMixedMetaManagerTest[m
[[1;33mWARNING[m] [1;33mTests [0;1mrun: [0;1m1[m, Failures: 0, Errors: 0, [1;33mSkipped: [0;1;33m1[m, Time elapsed: 0.001 s - in com.alibaba.otter.canal.meta.[1mFileMixedMetaManagerTest[m
[[1;34mINFO[m] 
[[1;34mINFO[m] Results:
[[1;34mINFO[m] 
[[1;33mWARNING[m] [1;33mTests run: 6, Failures: 0, Errors: 0, Skipped: 6[m
[[1;34mINFO[m] 
[[1;34mINFO[m] 
[[1;34mINFO[m] [1m--- [0;32mmaven-jar-plugin:3.0.2:jar[m [1m(default-jar)[m @ [36mcanal.meta[0;1m ---[m
[[1;34mINFO[m] Building jar: /home/travis/build/failed/alibaba/canal/meta/target/canal.meta-1.1.4-SNAPSHOT.jar
[[1;34mINFO[m] 
[[1;34mINFO[m] [1m>>> [0;32mmaven-source-plugin:2.4:jar[m [1m(attach-sources)[0;1m > [0;1mgenerate-sources[m @ [36mcanal.meta[0;1m >>>[m
[[1;34mINFO[m] 
[[1;34mINFO[m] [1m--- [0;32mmaven-enforcer-plugin:1.0:enforce[m [1m(enforce-maven)[m @ [36mcanal.meta[0;1m ---[m
[[1;34mINFO[m] 
[[1;34mINFO[m] [1m--- [0;32mjacoco-maven-plugin:0.8.3:prepare-agent[m [1m(jacoco-initialize)[m @ [36mcanal.meta[0;1m ---[m
[[1;34mINFO[m] jacocoArgLine set to -javaagent:/home/travis/.m2/repository/org/jacoco/org.jacoco.agent/0.8.3/org.jacoco.agent-0.8.3-runtime.jar=destfile=/home/travis/build/failed/alibaba/canal/meta/target/jacoco.exec
[[1;34mINFO[m] 
[[1;34mINFO[m] [1m<<< [0;32mmaven-source-plugin:2.4:jar[m [1m(attach-sources)[0;1m < [0;1mgenerate-sources[m @ [36mcanal.meta[0;1m <<<[m
[[1;34mINFO[m] 
[[1;34mINFO[m] 
[[1;34mINFO[m] [1m--- [0;32mmaven-source-plugin:2.4:jar[m [1m(attach-sources)[m @ [36mcanal.meta[0;1m ---[m
[[1;34mINFO[m] Building jar: /home/travis/build/failed/alibaba/canal/meta/target/canal.meta-1.1.4-SNAPSHOT-sources.jar
[[1;34mINFO[m] 
[[1;34mINFO[m] [1m--- [0;32mmaven-javadoc-plugin:2.9.1:jar[m [1m(attach-javadocs)[m @ [36mcanal.meta[0;1m ---[m
[[1;34mINFO[m] Skipping javadoc generation
[[1;34mINFO[m] 
[[1;34mINFO[m] [1m--- [0;32mjacoco-maven-plugin:0.8.3:report-aggregate[m [1m(report-aggregate)[m @ [36mcanal.meta[0;1m ---[m
[[1;34mINFO[m] Loading execution data file /home/travis/build/failed/alibaba/canal/meta/target/jacoco.exec
[[1;34mINFO[m] Loading execution data file /home/travis/build/failed/alibaba/canal/common/target/jacoco.exec
[[1;34mINFO[m] Analyzed bundle 'canal.common' with 28 classes
[[1;34mINFO[m] Analyzed bundle 'canal.protocol' with 131 classes
[[1;34mINFO[m] 
[[1;34mINFO[m] [1m--- [0;32mmaven-install-plugin:2.4:install[m [1m(default-install)[m @ [36mcanal.meta[0;1m ---[m
[[1;34mINFO[m] Installing /home/travis/build/failed/alibaba/canal/meta/target/canal.meta-1.1.4-SNAPSHOT.jar to /home/travis/.m2/repository/com/alibaba/otter/canal.meta/1.1.4-SNAPSHOT/canal.meta-1.1.4-SNAPSHOT.jar
[[1;34mINFO[m] Installing /home/travis/build/failed/alibaba/canal/meta/pom.xml to /home/travis/.m2/repository/com/alibaba/otter/canal.meta/1.1.4-SNAPSHOT/canal.meta-1.1.4-SNAPSHOT.pom
[[1;34mINFO[m] Installing /home/travis/build/failed/alibaba/canal/meta/target/canal.meta-1.1.4-SNAPSHOT-sources.jar to /home/travis/.m2/repository/com/alibaba/otter/canal.meta/1.1.4-SNAPSHOT/canal.meta-1.1.4-SNAPSHOT-sources.jar
[[1;34mINFO[m] 
[[1;34mINFO[m] [1m------------------------------------------------------------------------[m
[[1;34mINFO[m] [1mBuilding canal driver module for otter 1.1.4-SNAPSHOT 1.1.4-SNAPSHOT[m
[[1;34mINFO[m] [1m------------------------------------------------------------------------[m
[[1;34mINFO[m] 
[[1;34mINFO[m] [1m--- [0;32mmaven-clean-plugin:2.5:clean[m [1m(default-clean)[m @ [36mcanal.parse.driver[0;1m ---[m
[[1;34mINFO[m] 
[[1;34mINFO[m] [1m--- [0;32mmaven-enforcer-plugin:1.0:enforce[m [1m(enforce-maven)[m @ [36mcanal.parse.driver[0;1m ---[m
[[1;34mINFO[m] 
[[1;34mINFO[m] [1m--- [0;32mjacoco-maven-plugin:0.8.3:prepare-agent[m [1m(jacoco-initialize)[m @ [36mcanal.parse.driver[0;1m ---[m
[[1;34mINFO[m] jacocoArgLine set to -javaagent:/home/travis/.m2/repository/org/jacoco/org.jacoco.agent/0.8.3/org.jacoco.agent-0.8.3-runtime.jar=destfile=/home/travis/build/failed/alibaba/canal/driver/target/jacoco.exec
[[1;34mINFO[m] 
[[1;34mINFO[m] [1m--- [0;32mmaven-resources-plugin:2.6:resources[m [1m(default-resources)[m @ [36mcanal.parse.driver[0;1m ---[m
[[1;34mINFO[m] Using 'UTF-8' encoding to copy filtered resources.
[[1;34mINFO[m] skip non existing resourceDirectory /home/travis/build/failed/alibaba/canal/driver/src/main/resources
[[1;34mINFO[m] 
[[1;34mINFO[m] [1m--- [0;32mmaven-compiler-plugin:3.7.0:compile[m [1m(default-compile)[m @ [36mcanal.parse.driver[0;1m ---[m
[[1;34mINFO[m] Changes detected - recompiling the module!
[[1;34mINFO[m] Compiling 45 source files to /home/travis/build/failed/alibaba/canal/driver/target/classes
[[1;34mINFO[m] 
[[1;34mINFO[m] [1m--- [0;32mmaven-resources-plugin:2.6:testResources[m [1m(default-testResources)[m @ [36mcanal.parse.driver[0;1m ---[m
[[1;34mINFO[m] Using 'UTF-8' encoding to copy filtered resources.
[[1;34mINFO[m] skip non existing resourceDirectory /home/travis/build/failed/alibaba/canal/driver/src/test/resources
[[1;34mINFO[m] 
[[1;34mINFO[m] [1m--- [0;32mmaven-compiler-plugin:3.7.0:testCompile[m [1m(default-testCompile)[m @ [36mcanal.parse.driver[0;1m ---[m
[[1;34mINFO[m] Changes detected - recompiling the module!
[[1;34mINFO[m] Compiling 6 source files to /home/travis/build/failed/alibaba/canal/driver/target/test-classes
[[1;34mINFO[m] 
[[1;34mINFO[m] [1m--- [0;32mmaven-surefire-plugin:2.22.1:test[m [1m(default-test)[m @ [36mcanal.parse.driver[0;1m ---[m
[[1;34mINFO[m] 
[[1;34mINFO[m] -------------------------------------------------------
[[1;34mINFO[m]  T E S T S
[[1;34mINFO[m] -------------------------------------------------------
[[1;34mINFO[m] Running com.alibaba.otter.canal.parse.driver.mysql.[1mMysqlConnectorTest[m
[[1;33mWARNING[m] [1;33mTests [0;1mrun: [0;1m1[m, Failures: 0, Errors: 0, [1;33mSkipped: [0;1;33m1[m, Time elapsed: 0.027 s - in com.alibaba.otter.canal.parse.driver.mysql.[1mMysqlConnectorTest[m
[[1;34mINFO[m] Running com.alibaba.otter.canal.parse.driver.mysql.[1mUUIDSetTest[m
[[1;34mINFO[m] [1;32mTests run: [0;1;32m1[m, Failures: 0, Errors: 0, Skipped: 0, Time elapsed: 0.062 s - in com.alibaba.otter.canal.parse.driver.mysql.[1mUUIDSetTest[m
[[1;34mINFO[m] Running com.alibaba.otter.canal.parse.driver.mysql.[1mMysqlGTIDSetTest[m
[[1;34mINFO[m] [1;32mTests run: [0;1;32m2[m, Failures: 0, Errors: 0, Skipped: 0, Time elapsed: 0.004 s - in com.alibaba.otter.canal.parse.driver.mysql.[1mMysqlGTIDSetTest[m
[[1;34mINFO[m] Running com.alibaba.otter.canal.parse.driver.mysql.utils.[1mMySQLPasswordEncrypterTest[m
[[1;34mINFO[m] [1;32mTests run: [0;1;32m3[m, Failures: 0, Errors: 0, Skipped: 0, Time elapsed: 0.021 s - in com.alibaba.otter.canal.parse.driver.mysql.utils.[1mMySQLPasswordEncrypterTest[m
[[1;34mINFO[m] Running com.alibaba.otter.canal.parse.driver.mysql.utils.[1mByteHelperTest[m
[[1;34mINFO[m] [1;32mTests run: [0;1;32m20[m, Failures: 0, Errors: 0, Skipped: 0, Time elapsed: 0.087 s - in com.alibaba.otter.canal.parse.driver.mysql.utils.[1mByteHelperTest[m
[[1;34mINFO[m] Running com.alibaba.otter.canal.parse.driver.mysql.[1mCharsetUtilTest[m
[[1;34mINFO[m] [1;32mTests run: [0;1;32m6[m, Failures: 0, Errors: 0, Skipped: 0, Time elapsed: 0.005 s - in com.alibaba.otter.canal.parse.driver.mysql.[1mCharsetUtilTest[m
[[1;34mINFO[m] 
[[1;34mINFO[m] Results:
[[1;34mINFO[m] 
[[1;33mWARNING[m] [1;33mTests run: 33, Failures: 0, Errors: 0, Skipped: 1[m
[[1;34mINFO[m] 
[[1;34mINFO[m] 
[[1;34mINFO[m] [1m--- [0;32mmaven-jar-plugin:3.0.2:jar[m [1m(default-jar)[m @ [36mcanal.parse.driver[0;1m ---[m
[[1;34mINFO[m] Building jar: /home/travis/build/failed/alibaba/canal/driver/target/canal.parse.driver-1.1.4-SNAPSHOT.jar
[[1;34mINFO[m] 
[[1;34mINFO[m] [1m>>> [0;32mmaven-source-plugin:2.4:jar[m [1m(attach-sources)[0;1m > [0;1mgenerate-sources[m @ [36mcanal.parse.driver[0;1m >>>[m
[[1;34mINFO[m] 
[[1;34mINFO[m] [1m--- [0;32mmaven-enforcer-plugin:1.0:enforce[m [1m(enforce-maven)[m @ [36mcanal.parse.driver[0;1m ---[m
[[1;34mINFO[m] 
[[1;34mINFO[m] [1m--- [0;32mjacoco-maven-plugin:0.8.3:prepare-agent[m [1m(jacoco-initialize)[m @ [36mcanal.parse.driver[0;1m ---[m
[[1;34mINFO[m] jacocoArgLine set to -javaagent:/home/travis/.m2/repository/org/jacoco/org.jacoco.agent/0.8.3/org.jacoco.agent-0.8.3-runtime.jar=destfile=/home/travis/build/failed/alibaba/canal/driver/target/jacoco.exec
[[1;34mINFO[m] 
[[1;34mINFO[m] [1m<<< [0;32mmaven-source-plugin:2.4:jar[m [1m(attach-sources)[0;1m < [0;1mgenerate-sources[m @ [36mcanal.parse.driver[0;1m <<<[m
[[1;34mINFO[m] 
[[1;34mINFO[m] 
[[1;34mINFO[m] [1m--- [0;32mmaven-source-plugin:2.4:jar[m [1m(attach-sources)[m @ [36mcanal.parse.driver[0;1m ---[m
[[1;34mINFO[m] Building jar: /home/travis/build/failed/alibaba/canal/driver/target/canal.parse.driver-1.1.4-SNAPSHOT-sources.jar
[[1;34mINFO[m] 
[[1;34mINFO[m] [1m--- [0;32mmaven-javadoc-plugin:2.9.1:jar[m [1m(attach-javadocs)[m @ [36mcanal.parse.driver[0;1m ---[m
[[1;34mINFO[m] Skipping javadoc generation
[[1;34mINFO[m] 
[[1;34mINFO[m] [1m--- [0;32mjacoco-maven-plugin:0.8.3:report-aggregate[m [1m(report-aggregate)[m @ [36mcanal.parse.driver[0;1m ---[m
[[1;34mINFO[m] Loading execution data file /home/travis/build/failed/alibaba/canal/driver/target/jacoco.exec
[[1;34mINFO[m] Loading execution data file /home/travis/build/failed/alibaba/canal/common/target/jacoco.exec
[[1;34mINFO[m] Analyzed bundle 'canal.common' with 28 classes
[[1;34mINFO[m] 
[[1;34mINFO[m] [1m--- [0;32mmaven-install-plugin:2.4:install[m [1m(default-install)[m @ [36mcanal.parse.driver[0;1m ---[m
[[1;34mINFO[m] Installing /home/travis/build/failed/alibaba/canal/driver/target/canal.parse.driver-1.1.4-SNAPSHOT.jar to /home/travis/.m2/repository/com/alibaba/otter/canal.parse.driver/1.1.4-SNAPSHOT/canal.parse.driver-1.1.4-SNAPSHOT.jar
[[1;34mINFO[m] Installing /home/travis/build/failed/alibaba/canal/driver/pom.xml to /home/travis/.m2/repository/com/alibaba/otter/canal.parse.driver/1.1.4-SNAPSHOT/canal.parse.driver-1.1.4-SNAPSHOT.pom
[[1;34mINFO[m] Installing /home/travis/build/failed/alibaba/canal/driver/target/canal.parse.driver-1.1.4-SNAPSHOT-sources.jar to /home/travis/.m2/repository/com/alibaba/otter/canal.parse.driver/1.1.4-SNAPSHOT/canal.parse.driver-1.1.4-SNAPSHOT-sources.jar
[[1;34mINFO[m] 
[[1;34mINFO[m] [1m------------------------------------------------------------------------[m
[[1;34mINFO[m] [1mBuilding canal dbsync module for otter 1.1.4-SNAPSHOT 1.1.4-SNAPSHOT[m
[[1;34mINFO[m] [1m------------------------------------------------------------------------[m
[[1;34mINFO[m] 
[[1;34mINFO[m] [1m--- [0;32mmaven-clean-plugin:2.5:clean[m [1m(default-clean)[m @ [36mcanal.parse.dbsync[0;1m ---[m
[[1;34mINFO[m] 
[[1;34mINFO[m] [1m--- [0;32mmaven-enforcer-plugin:1.0:enforce[m [1m(enforce-maven)[m @ [36mcanal.parse.dbsync[0;1m ---[m
[[1;34mINFO[m] 
[[1;34mINFO[m] [1m--- [0;32mjacoco-maven-plugin:0.8.3:prepare-agent[m [1m(jacoco-initialize)[m @ [36mcanal.parse.dbsync[0;1m ---[m
[[1;34mINFO[m] jacocoArgLine set to -javaagent:/home/travis/.m2/repository/org/jacoco/org.jacoco.agent/0.8.3/org.jacoco.agent-0.8.3-runtime.jar=destfile=/home/travis/build/failed/alibaba/canal/dbsync/target/jacoco.exec
[[1;34mINFO[m] 
[[1;34mINFO[m] [1m--- [0;32mmaven-resources-plugin:2.6:resources[m [1m(default-resources)[m @ [36mcanal.parse.dbsync[0;1m ---[m
[[1;34mINFO[m] Using 'UTF-8' encoding to copy filtered resources.
[[1;34mINFO[m] skip non existing resourceDirectory /home/travis/build/failed/alibaba/canal/dbsync/src/main/resources
[[1;34mINFO[m] 
[[1;34mINFO[m] [1m--- [0;32mmaven-compiler-plugin:3.7.0:compile[m [1m(default-compile)[m @ [36mcanal.parse.dbsync[0;1m ---[m
[[1;34mINFO[m] Changes detected - recompiling the module!
[[1;34mINFO[m] Compiling 50 source files to /home/travis/build/failed/alibaba/canal/dbsync/target/classes
[[1;34mINFO[m] 
[[1;34mINFO[m] [1m--- [0;32mmaven-resources-plugin:2.6:testResources[m [1m(default-testResources)[m @ [36mcanal.parse.dbsync[0;1m ---[m
[[1;34mINFO[m] Using 'UTF-8' encoding to copy filtered resources.
[[1;34mINFO[m] Copying 2 resources
[[1;34mINFO[m] 
[[1;34mINFO[m] [1m--- [0;32mmaven-compiler-plugin:3.7.0:testCompile[m [1m(default-testCompile)[m @ [36mcanal.parse.dbsync[0;1m ---[m
[[1;34mINFO[m] Changes detected - recompiling the module!
[[1;34mINFO[m] Compiling 5 source files to /home/travis/build/failed/alibaba/canal/dbsync/target/test-classes
[[1;34mINFO[m] 
[[1;34mINFO[m] [1m--- [0;32mmaven-surefire-plugin:2.22.1:test[m [1m(default-test)[m @ [36mcanal.parse.dbsync[0;1m ---[m
[[1;34mINFO[m] 
[[1;34mINFO[m] -------------------------------------------------------
[[1;34mINFO[m]  T E S T S
[[1;34mINFO[m] -------------------------------------------------------
[[1;34mINFO[m] Running com.taobao.tddl.dbsync.binlog.[1mDirectLogFetcherTest[m
[[1;33mWARNING[m] [1;33mTests [0;1mrun: [0;1m1[m, Failures: 0, Errors: 0, [1;33mSkipped: [0;1;33m1[m, Time elapsed: 0.022 s - in com.taobao.tddl.dbsync.binlog.[1mDirectLogFetcherTest[m
[[1;34mINFO[m] Running com.taobao.tddl.dbsync.binlog.[1mFileLogFetcherTest[m
[[1;33mWARNING[m] [1;33mTests [0;1mrun: [0;1m1[m, Failures: 0, Errors: 0, [1;33mSkipped: [0;1;33m1[m, Time elapsed: 0 s - in com.taobao.tddl.dbsync.binlog.[1mFileLogFetcherTest[m
[[1;34mINFO[m] Running com.taobao.tddl.dbsync.binlog.[1mLogBufferTest[m
old extract decimal: 
1863ns >> -4.4566999990
566ns >> 5.4567000000
654ns >> 102003000.400005
730ns >> 7000000001.000003
659ns >> 1.100000
new extract decimal: 
1496ns >> -4.456699999
1126ns >> 5.456700000
630ns >> 102003000.400005
1943ns >> 7000000001.000003
1208ns >> 1.100000
148ns >> -1
193ns >> 18446744073709551615
-16777216
4278190080
-65536
16711680
[[1;34mINFO[m] [1;32mTests run: [0;1;32m3[m, Failures: 0, Errors: 0, Skipped: 0, Time elapsed: 0.144 s - in com.taobao.tddl.dbsync.binlog.[1mLogBufferTest[m
[[1;34mINFO[m] 
[[1;34mINFO[m] Results:
[[1;34mINFO[m] 
[[1;33mWARNING[m] [1;33mTests run: 5, Failures: 0, Errors: 0, Skipped: 2[m
[[1;34mINFO[m] 
[[1;34mINFO[m] 
[[1;34mINFO[m] [1m--- [0;32mmaven-jar-plugin:3.0.2:jar[m [1m(default-jar)[m @ [36mcanal.parse.dbsync[0;1m ---[m
[[1;34mINFO[m] Building jar: /home/travis/build/failed/alibaba/canal/dbsync/target/canal.parse.dbsync-1.1.4-SNAPSHOT.jar
[[1;34mINFO[m] 
[[1;34mINFO[m] [1m>>> [0;32mmaven-source-plugin:2.4:jar[m [1m(attach-sources)[0;1m > [0;1mgenerate-sources[m @ [36mcanal.parse.dbsync[0;1m >>>[m
[[1;34mINFO[m] 
[[1;34mINFO[m] [1m--- [0;32mmaven-enforcer-plugin:1.0:enforce[m [1m(enforce-maven)[m @ [36mcanal.parse.dbsync[0;1m ---[m
[[1;34mINFO[m] 
[[1;34mINFO[m] [1m--- [0;32mjacoco-maven-plugin:0.8.3:prepare-agent[m [1m(jacoco-initialize)[m @ [36mcanal.parse.dbsync[0;1m ---[m
[[1;34mINFO[m] jacocoArgLine set to -javaagent:/home/travis/.m2/repository/org/jacoco/org.jacoco.agent/0.8.3/org.jacoco.agent-0.8.3-runtime.jar=destfile=/home/travis/build/failed/alibaba/canal/dbsync/target/jacoco.exec
[[1;34mINFO[m] 
[[1;34mINFO[m] [1m<<< [0;32mmaven-source-plugin:2.4:jar[m [1m(attach-sources)[0;1m < [0;1mgenerate-sources[m @ [36mcanal.parse.dbsync[0;1m <<<[m
[[1;34mINFO[m] 
[[1;34mINFO[m] 
[[1;34mINFO[m] [1m--- [0;32mmaven-source-plugin:2.4:jar[m [1m(attach-sources)[m @ [36mcanal.parse.dbsync[0;1m ---[m
[[1;34mINFO[m] Building jar: /home/travis/build/failed/alibaba/canal/dbsync/target/canal.parse.dbsync-1.1.4-SNAPSHOT-sources.jar
[[1;34mINFO[m] 
[[1;34mINFO[m] [1m--- [0;32mmaven-javadoc-plugin:2.9.1:jar[m [1m(attach-javadocs)[m @ [36mcanal.parse.dbsync[0;1m ---[m
[[1;34mINFO[m] Skipping javadoc generation
[[1;34mINFO[m] 
[[1;34mINFO[m] [1m--- [0;32mjacoco-maven-plugin:0.8.3:report-aggregate[m [1m(report-aggregate)[m @ [36mcanal.parse.dbsync[0;1m ---[m
[[1;34mINFO[m] Loading execution data file /home/travis/build/failed/alibaba/canal/dbsync/target/jacoco.exec
[[1;34mINFO[m] Loading execution data file /home/travis/build/failed/alibaba/canal/driver/target/jacoco.exec
[[1;34mINFO[m] Analyzed bundle 'canal.parse.driver' with 44 classes
[[1;34mINFO[m] 
[[1;34mINFO[m] [1m--- [0;32mmaven-install-plugin:2.4:install[m [1m(default-install)[m @ [36mcanal.parse.dbsync[0;1m ---[m
[[1;34mINFO[m] Installing /home/travis/build/failed/alibaba/canal/dbsync/target/canal.parse.dbsync-1.1.4-SNAPSHOT.jar to /home/travis/.m2/repository/com/alibaba/otter/canal.parse.dbsync/1.1.4-SNAPSHOT/canal.parse.dbsync-1.1.4-SNAPSHOT.jar
[[1;34mINFO[m] Installing /home/travis/build/failed/alibaba/canal/dbsync/pom.xml to /home/travis/.m2/repository/com/alibaba/otter/canal.parse.dbsync/1.1.4-SNAPSHOT/canal.parse.dbsync-1.1.4-SNAPSHOT.pom
[[1;34mINFO[m] Installing /home/travis/build/failed/alibaba/canal/dbsync/target/canal.parse.dbsync-1.1.4-SNAPSHOT-sources.jar to /home/travis/.m2/repository/com/alibaba/otter/canal.parse.dbsync/1.1.4-SNAPSHOT/canal.parse.dbsync-1.1.4-SNAPSHOT-sources.jar
[[1;34mINFO[m] 
[[1;34mINFO[m] [1m------------------------------------------------------------------------[m
[[1;34mINFO[m] [1mBuilding canal sink module for otter 1.1.4-SNAPSHOT 1.1.4-SNAPSHOT[m
[[1;34mINFO[m] [1m------------------------------------------------------------------------[m
[[1;34mINFO[m] 
[[1;34mINFO[m] [1m--- [0;32mmaven-clean-plugin:2.5:clean[m [1m(default-clean)[m @ [36mcanal.filter[0;1m ---[m
[[1;34mINFO[m] 
[[1;34mINFO[m] [1m--- [0;32mmaven-enforcer-plugin:1.0:enforce[m [1m(enforce-maven)[m @ [36mcanal.filter[0;1m ---[m
[[1;34mINFO[m] 
[[1;34mINFO[m] [1m--- [0;32mjacoco-maven-plugin:0.8.3:prepare-agent[m [1m(jacoco-initialize)[m @ [36mcanal.filter[0;1m ---[m
[[1;34mINFO[m] jacocoArgLine set to -javaagent:/home/travis/.m2/repository/org/jacoco/org.jacoco.agent/0.8.3/org.jacoco.agent-0.8.3-runtime.jar=destfile=/home/travis/build/failed/alibaba/canal/filter/target/jacoco.exec
[[1;34mINFO[m] 
[[1;34mINFO[m] [1m--- [0;32mmaven-resources-plugin:2.6:resources[m [1m(default-resources)[m @ [36mcanal.filter[0;1m ---[m
[[1;34mINFO[m] Using 'UTF-8' encoding to copy filtered resources.
[[1;34mINFO[m] skip non existing resourceDirectory /home/travis/build/failed/alibaba/canal/filter/src/main/resources
[[1;34mINFO[m] 
[[1;34mINFO[m] [1m--- [0;32mmaven-compiler-plugin:3.7.0:compile[m [1m(default-compile)[m @ [36mcanal.filter[0;1m ---[m
[[1;34mINFO[m] Changes detected - recompiling the module!
[[1;34mINFO[m] Compiling 7 source files to /home/travis/build/failed/alibaba/canal/filter/target/classes
[[1;34mINFO[m] 
[[1;34mINFO[m] [1m--- [0;32mmaven-resources-plugin:2.6:testResources[m [1m(default-testResources)[m @ [36mcanal.filter[0;1m ---[m
[[1;34mINFO[m] Using 'UTF-8' encoding to copy filtered resources.
[[1;34mINFO[m] skip non existing resourceDirectory /home/travis/build/failed/alibaba/canal/filter/src/test/resources
[[1;34mINFO[m] 
[[1;34mINFO[m] [1m--- [0;32mmaven-compiler-plugin:3.7.0:testCompile[m [1m(default-testCompile)[m @ [36mcanal.filter[0;1m ---[m
[[1;34mINFO[m] Changes detected - recompiling the module!
[[1;34mINFO[m] Compiling 2 source files to /home/travis/build/failed/alibaba/canal/filter/target/test-classes
[[1;34mINFO[m] 
[[1;34mINFO[m] [1m--- [0;32mmaven-surefire-plugin:2.22.1:test[m [1m(default-test)[m @ [36mcanal.filter[0;1m ---[m
[[1;34mINFO[m] 
[[1;34mINFO[m] -------------------------------------------------------
[[1;34mINFO[m]  T E S T S
[[1;34mINFO[m] -------------------------------------------------------
[[1;34mINFO[m] Running com.alibaba.otter.canal.filter.[1mMutliAviaterFilterTest[m
[[1;34mINFO[m] [1;32mTests run: [0;1;32m1[m, Failures: 0, Errors: 0, Skipped: 0, Time elapsed: 0.562 s - in com.alibaba.otter.canal.filter.[1mMutliAviaterFilterTest[m
[[1;34mINFO[m] Running com.alibaba.otter.canal.filter.[1mAviaterFilterTest[m
16:02:11.267 [main] DEBUG o.a.c.b.converters.BooleanConverter - Setting default value: false
16:02:11.274 [main] DEBUG o.a.c.b.converters.BooleanConverter - Converting 'Boolean' value 'false' to type 'Boolean'
16:02:11.274 [main] DEBUG o.a.c.b.converters.BooleanConverter -     No conversion required, value is already a Boolean
16:02:11.278 [main] DEBUG o.a.c.b.converters.ByteConverter - Setting default value: 0
16:02:11.278 [main] DEBUG o.a.c.b.converters.ByteConverter - Converting 'Integer' value '0' to type 'Byte'
16:02:11.279 [main] DEBUG o.a.c.b.converters.ByteConverter -     Converted to Byte value '0'
16:02:11.280 [main] DEBUG o.a.c.b.c.CharacterConverter - Setting default value:  
16:02:11.280 [main] DEBUG o.a.c.b.c.CharacterConverter - Converting 'Character' value ' ' to type 'Character'
16:02:11.281 [main] DEBUG o.a.c.b.c.CharacterConverter -     No conversion required, value is already a Character
16:02:11.282 [main] DEBUG o.a.c.b.converters.DoubleConverter - Setting default value: 0
16:02:11.282 [main] DEBUG o.a.c.b.converters.DoubleConverter - Converting 'Integer' value '0' to type 'Double'
16:02:11.282 [main] DEBUG o.a.c.b.converters.DoubleConverter -     Converted to Double value '0.0'
16:02:11.283 [main] DEBUG o.a.c.b.converters.FloatConverter - Setting default value: 0
16:02:11.284 [main] DEBUG o.a.c.b.converters.FloatConverter - Converting 'Integer' value '0' to type 'Float'
16:02:11.285 [main] DEBUG o.a.c.b.converters.FloatConverter -     Converted to Float value '0.0'
16:02:11.286 [main] DEBUG o.a.c.b.converters.IntegerConverter - Setting default value: 0
16:02:11.286 [main] DEBUG o.a.c.b.converters.IntegerConverter - Converting 'Integer' value '0' to type 'Integer'
16:02:11.286 [main] DEBUG o.a.c.b.converters.IntegerConverter -     No conversion required, value is already a Integer
16:02:11.287 [main] DEBUG o.a.c.b.converters.LongConverter - Setting default value: 0
16:02:11.288 [main] DEBUG o.a.c.b.converters.LongConverter - Converting 'Integer' value '0' to type 'Long'
16:02:11.288 [main] DEBUG o.a.c.b.converters.LongConverter -     Converted to Long value '0'
16:02:11.289 [main] DEBUG o.a.c.b.converters.ShortConverter - Setting default value: 0
16:02:11.289 [main] DEBUG o.a.c.b.converters.ShortConverter - Converting 'Integer' value '0' to type 'Short'
16:02:11.289 [main] DEBUG o.a.c.b.converters.ShortConverter -     Converted to Short value '0'
16:02:11.293 [main] DEBUG o.a.c.b.c.BigDecimalConverter - Setting default value: 0.0
16:02:11.294 [main] DEBUG o.a.c.b.c.BigDecimalConverter - Converting 'BigDecimal' value '0.0' to type 'BigDecimal'
16:02:11.294 [main] DEBUG o.a.c.b.c.BigDecimalConverter -     No conversion required, value is already a BigDecimal
16:02:11.296 [main] DEBUG o.a.c.b.c.BigIntegerConverter - Setting default value: 0
16:02:11.296 [main] DEBUG o.a.c.b.c.BigIntegerConverter - Converting 'BigInteger' value '0' to type 'BigInteger'
16:02:11.297 [main] DEBUG o.a.c.b.c.BigIntegerConverter -     No conversion required, value is already a BigInteger
16:02:11.297 [main] DEBUG o.a.c.b.converters.BooleanConverter - Setting default value: false
16:02:11.297 [main] DEBUG o.a.c.b.converters.BooleanConverter - Converting 'Boolean' value 'false' to type 'Boolean'
16:02:11.297 [main] DEBUG o.a.c.b.converters.BooleanConverter -     No conversion required, value is already a Boolean
16:02:11.297 [main] DEBUG o.a.c.b.converters.ByteConverter - Setting default value: 0
16:02:11.297 [main] DEBUG o.a.c.b.converters.ByteConverter - Converting 'Integer' value '0' to type 'Byte'
16:02:11.297 [main] DEBUG o.a.c.b.converters.ByteConverter -     Converted to Byte value '0'
16:02:11.297 [main] DEBUG o.a.c.b.c.CharacterConverter - Setting default value:  
16:02:11.298 [main] DEBUG o.a.c.b.c.CharacterConverter - Converting 'Character' value ' ' to type 'Character'
16:02:11.298 [main] DEBUG o.a.c.b.c.CharacterConverter -     No conversion required, value is already a Character
16:02:11.298 [main] DEBUG o.a.c.b.converters.DoubleConverter - Setting default value: 0
16:02:11.298 [main] DEBUG o.a.c.b.converters.DoubleConverter - Converting 'Integer' value '0' to type 'Double'
16:02:11.298 [main] DEBUG o.a.c.b.converters.DoubleConverter -     Converted to Double value '0.0'
16:02:11.298 [main] DEBUG o.a.c.b.converters.FloatConverter - Setting default value: 0
16:02:11.299 [main] DEBUG o.a.c.b.converters.FloatConverter - Converting 'Integer' value '0' to type 'Float'
16:02:11.299 [main] DEBUG o.a.c.b.converters.FloatConverter -     Converted to Float value '0.0'
16:02:11.299 [main] DEBUG o.a.c.b.converters.IntegerConverter - Setting default value: 0
16:02:11.299 [main] DEBUG o.a.c.b.converters.IntegerConverter - Converting 'Integer' value '0' to type 'Integer'
16:02:11.299 [main] DEBUG o.a.c.b.converters.IntegerConverter -     No conversion required, value is already a Integer
16:02:11.299 [main] DEBUG o.a.c.b.converters.LongConverter - Setting default value: 0
16:02:11.299 [main] DEBUG o.a.c.b.converters.LongConverter - Converting 'Integer' value '0' to type 'Long'
16:02:11.300 [main] DEBUG o.a.c.b.converters.LongConverter -     Converted to Long value '0'
16:02:11.300 [main] DEBUG o.a.c.b.converters.ShortConverter - Setting default value: 0
16:02:11.300 [main] DEBUG o.a.c.b.converters.ShortConverter - Converting 'Integer' value '0' to type 'Short'
16:02:11.300 [main] DEBUG o.a.c.b.converters.ShortConverter -     Converted to Short value '0'
16:02:11.301 [main] DEBUG o.a.c.b.converters.StringConverter - Setting default value: 
16:02:11.301 [main] DEBUG o.a.c.b.converters.StringConverter - Converting 'String' value '' to type 'String'
16:02:11.316 [main] DEBUG o.a.c.b.converters.ArrayConverter - Setting default value: [Z@6a0659ac
16:02:11.316 [main] DEBUG o.a.c.b.converters.ArrayConverter - Converting 'boolean[]' value '[Z@6a0659ac' to type 'boolean[]'
16:02:11.317 [main] DEBUG o.a.c.b.converters.ArrayConverter -     No conversion required, value is already a boolean[]
16:02:11.317 [main] DEBUG o.a.c.b.converters.ArrayConverter - Setting default value: [B@7c4fc2bf
16:02:11.317 [main] DEBUG o.a.c.b.converters.ArrayConverter - Converting 'byte[]' value '[B@7c4fc2bf' to type 'byte[]'
16:02:11.317 [main] DEBUG o.a.c.b.converters.ArrayConverter -     No conversion required, value is already a byte[]
16:02:11.317 [main] DEBUG o.a.c.b.converters.ArrayConverter - Setting default value: [C@2f61f937
16:02:11.317 [main] DEBUG o.a.c.b.converters.ArrayConverter - Converting 'char[]' value '[C@2f61f937' to type 'char[]'
16:02:11.318 [main] DEBUG o.a.c.b.converters.ArrayConverter -     No conversion required, value is already a char[]
16:02:11.318 [main] DEBUG o.a.c.b.converters.ArrayConverter - Setting default value: [D@46866946
16:02:11.318 [main] DEBUG o.a.c.b.converters.ArrayConverter - Converting 'double[]' value '[D@46866946' to type 'double[]'
16:02:11.318 [main] DEBUG o.a.c.b.converters.ArrayConverter -     No conversion required, value is already a double[]
16:02:11.318 [main] DEBUG o.a.c.b.converters.ArrayConverter - Setting default value: [F@236134a1
16:02:11.318 [main] DEBUG o.a.c.b.converters.ArrayConverter - Converting 'float[]' value '[F@236134a1' to type 'float[]'
16:02:11.319 [main] DEBUG o.a.c.b.converters.ArrayConverter -     No conversion required, value is already a float[]
16:02:11.319 [main] DEBUG o.a.c.b.converters.ArrayConverter - Setting default value: [I@76d05cc9
16:02:11.319 [main] DEBUG o.a.c.b.converters.ArrayConverter - Converting 'int[]' value '[I@76d05cc9' to type 'int[]'
16:02:11.319 [main] DEBUG o.a.c.b.converters.ArrayConverter -     No conversion required, value is already a int[]
16:02:11.320 [main] DEBUG o.a.c.b.converters.ArrayConverter - Setting default value: [J@42b21d99
16:02:11.320 [main] DEBUG o.a.c.b.converters.ArrayConverter - Converting 'long[]' value '[J@42b21d99' to type 'long[]'
16:02:11.320 [main] DEBUG o.a.c.b.converters.ArrayConverter -     No conversion required, value is already a long[]
16:02:11.320 [main] DEBUG o.a.c.b.converters.ArrayConverter - Setting default value: [S@25b5c5e3
16:02:11.321 [main] DEBUG o.a.c.b.converters.ArrayConverter - Converting 'short[]' value '[S@25b5c5e3' to type 'short[]'
16:02:11.321 [main] DEBUG o.a.c.b.converters.ArrayConverter -     No conversion required, value is already a short[]
16:02:11.321 [main] DEBUG o.a.c.b.converters.ArrayConverter - Setting default value: [Ljava.math.BigDecimal;@37b72ea
16:02:11.321 [main] DEBUG o.a.c.b.converters.ArrayConverter - Converting 'BigDecimal[]' value '[Ljava.math.BigDecimal;@37b72ea' to type 'BigDecimal[]'
16:02:11.321 [main] DEBUG o.a.c.b.converters.ArrayConverter -     No conversion required, value is already a BigDecimal[]
16:02:11.322 [main] DEBUG o.a.c.b.converters.ArrayConverter - Setting default value: [Ljava.math.BigInteger;@7d37f1c
16:02:11.322 [main] DEBUG o.a.c.b.converters.ArrayConverter - Converting 'BigInteger[]' value '[Ljava.math.BigInteger;@7d37f1c' to type 'BigInteger[]'
16:02:11.322 [main] DEBUG o.a.c.b.converters.ArrayConverter -     No conversion required, value is already a BigInteger[]
16:02:11.322 [main] DEBUG o.a.c.b.converters.ArrayConverter - Setting default value: [Ljava.lang.Boolean;@3162743f
16:02:11.323 [main] DEBUG o.a.c.b.converters.ArrayConverter - Converting 'Boolean[]' value '[Ljava.lang.Boolean;@3162743f' to type 'Boolean[]'
16:02:11.323 [main] DEBUG o.a.c.b.converters.ArrayConverter -     No conversion required, value is already a Boolean[]
16:02:11.323 [main] DEBUG o.a.c.b.converters.ArrayConverter - Setting default value: [Ljava.lang.Byte;@3047254d
16:02:11.323 [main] DEBUG o.a.c.b.converters.ArrayConverter - Converting 'Byte[]' value '[Ljava.lang.Byte;@3047254d' to type 'Byte[]'
16:02:11.323 [main] DEBUG o.a.c.b.converters.ArrayConverter -     No conversion required, value is already a Byte[]
16:02:11.324 [main] DEBUG o.a.c.b.converters.ArrayConverter - Setting default value: [Ljava.lang.Character;@4e92466a
16:02:11.324 [main] DEBUG o.a.c.b.converters.ArrayConverter - Converting 'Character[]' value '[Ljava.lang.Character;@4e92466a' to type 'Character[]'
16:02:11.324 [main] DEBUG o.a.c.b.converters.ArrayConverter -     No conversion required, value is already a Character[]
16:02:11.324 [main] DEBUG o.a.c.b.converters.ArrayConverter - Setting default value: [Ljava.lang.Double;@6f0cb5a1
16:02:11.324 [main] DEBUG o.a.c.b.converters.ArrayConverter - Converting 'Double[]' value '[Ljava.lang.Double;@6f0cb5a1' to type 'Double[]'
16:02:11.324 [main] DEBUG o.a.c.b.converters.ArrayConverter -     No conversion required, value is already a Double[]
16:02:11.325 [main] DEBUG o.a.c.b.converters.ArrayConverter - Setting default value: [Ljava.lang.Float;@47547132
16:02:11.325 [main] DEBUG o.a.c.b.converters.ArrayConverter - Converting 'Float[]' value '[Ljava.lang.Float;@47547132' to type 'Float[]'
16:02:11.325 [main] DEBUG o.a.c.b.converters.ArrayConverter -     No conversion required, value is already a Float[]
16:02:11.325 [main] DEBUG o.a.c.b.converters.ArrayConverter - Setting default value: [Ljava.lang.Integer;@6f7e336b
16:02:11.325 [main] DEBUG o.a.c.b.converters.ArrayConverter - Converting 'Integer[]' value '[Ljava.lang.Integer;@6f7e336b' to type 'Integer[]'
16:02:11.325 [main] DEBUG o.a.c.b.converters.ArrayConverter -     No conversion required, value is already a Integer[]
16:02:11.325 [main] DEBUG o.a.c.b.converters.ArrayConverter - Setting default value: [Ljava.lang.Long;@5e1218b4
16:02:11.325 [main] DEBUG o.a.c.b.converters.ArrayConverter - Converting 'Long[]' value '[Ljava.lang.Long;@5e1218b4' to type 'Long[]'
16:02:11.325 [main] DEBUG o.a.c.b.converters.ArrayConverter -     No conversion required, value is already a Long[]
16:02:11.325 [main] DEBUG o.a.c.b.converters.ArrayConverter - Setting default value: [Ljava.lang.Short;@c6e0f32
16:02:11.326 [main] DEBUG o.a.c.b.converters.ArrayConverter - Converting 'Short[]' value '[Ljava.lang.Short;@c6e0f32' to type 'Short[]'
16:02:11.326 [main] DEBUG o.a.c.b.converters.ArrayConverter -     No conversion required, value is already a Short[]
16:02:11.326 [main] DEBUG o.a.c.b.converters.ArrayConverter - Setting default value: [Ljava.lang.String;@21a66d45
16:02:11.326 [main] DEBUG o.a.c.b.converters.ArrayConverter - Converting 'String[]' value '[Ljava.lang.String;@21a66d45' to type 'String[]'
16:02:11.326 [main] DEBUG o.a.c.b.converters.ArrayConverter -     No conversion required, value is already a String[]
16:02:11.326 [main] DEBUG o.a.c.b.converters.ArrayConverter - Setting default value: [Ljava.lang.Class;@63fdffcd
16:02:11.326 [main] DEBUG o.a.c.b.converters.ArrayConverter - Converting 'Class[]' value '[Ljava.lang.Class;@63fdffcd' to type 'Class[]'
16:02:11.326 [main] DEBUG o.a.c.b.converters.ArrayConverter -     No conversion required, value is already a Class[]
16:02:11.326 [main] DEBUG o.a.c.b.converters.ArrayConverter - Setting default value: [Ljava.util.Date;@7428de63
16:02:11.326 [main] DEBUG o.a.c.b.converters.ArrayConverter - Converting 'Date[]' value '[Ljava.util.Date;@7428de63' to type 'Date[]'
16:02:11.327 [main] DEBUG o.a.c.b.converters.ArrayConverter -     No conversion required, value is already a Date[]
16:02:11.327 [main] DEBUG o.a.c.b.converters.ArrayConverter - Setting default value: [Ljava.util.Calendar;@4a68135e
16:02:11.327 [main] DEBUG o.a.c.b.converters.ArrayConverter - Converting 'Calendar[]' value '[Ljava.util.Calendar;@4a68135e' to type 'Calendar[]'
16:02:11.327 [main] DEBUG o.a.c.b.converters.ArrayConverter -     No conversion required, value is already a Calendar[]
16:02:11.327 [main] DEBUG o.a.c.b.converters.ArrayConverter - Setting default value: [Ljava.io.File;@748e9b20
16:02:11.327 [main] DEBUG o.a.c.b.converters.ArrayConverter - Converting 'java.io.File[]' value '[Ljava.io.File;@748e9b20' to type 'java.io.File[]'
16:02:11.327 [main] DEBUG o.a.c.b.converters.ArrayConverter -     No conversion required, value is already a java.io.File[]
16:02:11.330 [main] DEBUG o.a.c.b.converters.ArrayConverter - Setting default value: [Ljava.sql.Date;@2a9bc08f
16:02:11.330 [main] DEBUG o.a.c.b.converters.ArrayConverter - Converting 'java.sql.Date[]' value '[Ljava.sql.Date;@2a9bc08f' to type 'java.sql.Date[]'
16:02:11.331 [main] DEBUG o.a.c.b.converters.ArrayConverter -     No conversion required, value is already a java.sql.Date[]
16:02:11.331 [main] DEBUG o.a.c.b.converters.ArrayConverter - Setting default value: [Ljava.sql.Time;@50a3d0f6
16:02:11.331 [main] DEBUG o.a.c.b.converters.ArrayConverter - Converting 'java.sql.Time[]' value '[Ljava.sql.Time;@50a3d0f6' to type 'java.sql.Time[]'
16:02:11.331 [main] DEBUG o.a.c.b.converters.ArrayConverter -     No conversion required, value is already a java.sql.Time[]
16:02:11.331 [main] DEBUG o.a.c.b.converters.ArrayConverter - Setting default value: [Ljava.sql.Timestamp;@1abc9f14
16:02:11.331 [main] DEBUG o.a.c.b.converters.ArrayConverter - Converting 'java.sql.Timestamp[]' value '[Ljava.sql.Timestamp;@1abc9f14' to type 'java.sql.Timestamp[]'
16:02:11.332 [main] DEBUG o.a.c.b.converters.ArrayConverter -     No conversion required, value is already a java.sql.Timestamp[]
16:02:11.332 [main] DEBUG o.a.c.b.converters.ArrayConverter - Setting default value: [Ljava.net.URL;@24e08d59
16:02:11.332 [main] DEBUG o.a.c.b.converters.ArrayConverter - Converting 'java.net.URL[]' value '[Ljava.net.URL;@24e08d59' to type 'java.net.URL[]'
16:02:11.332 [main] DEBUG o.a.c.b.converters.ArrayConverter -     No conversion required, value is already a java.net.URL[]
[[1;34mINFO[m] [1;32mTests run: [0;1;32m4[m, Failures: 0, Errors: 0, Skipped: 0, Time elapsed: 0.562 s - in com.alibaba.otter.canal.filter.[1mAviaterFilterTest[m
[[1;34mINFO[m] 
[[1;34mINFO[m] Results:
[[1;34mINFO[m] 
[[1;34mINFO[m] [1;32mTests run: 5, Failures: 0, Errors: 0, Skipped: 0[m
[[1;34mINFO[m] 
[[1;34mINFO[m] 
[[1;34mINFO[m] [1m--- [0;32mmaven-jar-plugin:3.0.2:jar[m [1m(default-jar)[m @ [36mcanal.filter[0;1m ---[m
[[1;34mINFO[m] Building jar: /home/travis/build/failed/alibaba/canal/filter/target/canal.filter-1.1.4-SNAPSHOT.jar
[[1;34mINFO[m] 
[[1;34mINFO[m] [1m>>> [0;32mmaven-source-plugin:2.4:jar[m [1m(attach-sources)[0;1m > [0;1mgenerate-sources[m @ [36mcanal.filter[0;1m >>>[m
[[1;34mINFO[m] 
[[1;34mINFO[m] [1m--- [0;32mmaven-enforcer-plugin:1.0:enforce[m [1m(enforce-maven)[m @ [36mcanal.filter[0;1m ---[m
[[1;34mINFO[m] 
[[1;34mINFO[m] [1m--- [0;32mjacoco-maven-plugin:0.8.3:prepare-agent[m [1m(jacoco-initialize)[m @ [36mcanal.filter[0;1m ---[m
[[1;34mINFO[m] jacocoArgLine set to -javaagent:/home/travis/.m2/repository/org/jacoco/org.jacoco.agent/0.8.3/org.jacoco.agent-0.8.3-runtime.jar=destfile=/home/travis/build/failed/alibaba/canal/filter/target/jacoco.exec
[[1;34mINFO[m] 
[[1;34mINFO[m] [1m<<< [0;32mmaven-source-plugin:2.4:jar[m [1m(attach-sources)[0;1m < [0;1mgenerate-sources[m @ [36mcanal.filter[0;1m <<<[m
[[1;34mINFO[m] 
[[1;34mINFO[m] 
[[1;34mINFO[m] [1m--- [0;32mmaven-source-plugin:2.4:jar[m [1m(attach-sources)[m @ [36mcanal.filter[0;1m ---[m
[[1;34mINFO[m] Building jar: /home/travis/build/failed/alibaba/canal/filter/target/canal.filter-1.1.4-SNAPSHOT-sources.jar
[[1;34mINFO[m] 
[[1;34mINFO[m] [1m--- [0;32mmaven-javadoc-plugin:2.9.1:jar[m [1m(attach-javadocs)[m @ [36mcanal.filter[0;1m ---[m
[[1;34mINFO[m] Skipping javadoc generation
[[1;34mINFO[m] 
[[1;34mINFO[m] [1m--- [0;32mjacoco-maven-plugin:0.8.3:report-aggregate[m [1m(report-aggregate)[m @ [36mcanal.filter[0;1m ---[m
[[1;34mINFO[m] Loading execution data file /home/travis/build/failed/alibaba/canal/filter/target/jacoco.exec
[[1;34mINFO[m] Loading execution data file /home/travis/build/failed/alibaba/canal/common/target/jacoco.exec
[[1;34mINFO[m] Analyzed bundle 'canal.common' with 28 classes
[[1;34mINFO[m] Analyzed bundle 'canal.protocol' with 131 classes
[[1;34mINFO[m] 
[[1;34mINFO[m] [1m--- [0;32mmaven-install-plugin:2.4:install[m [1m(default-install)[m @ [36mcanal.filter[0;1m ---[m
[[1;34mINFO[m] Installing /home/travis/build/failed/alibaba/canal/filter/target/canal.filter-1.1.4-SNAPSHOT.jar to /home/travis/.m2/repository/com/alibaba/otter/canal.filter/1.1.4-SNAPSHOT/canal.filter-1.1.4-SNAPSHOT.jar
[[1;34mINFO[m] Installing /home/travis/build/failed/alibaba/canal/filter/pom.xml to /home/travis/.m2/repository/com/alibaba/otter/canal.filter/1.1.4-SNAPSHOT/canal.filter-1.1.4-SNAPSHOT.pom
[[1;34mINFO[m] Installing /home/travis/build/failed/alibaba/canal/filter/target/canal.filter-1.1.4-SNAPSHOT-sources.jar to /home/travis/.m2/repository/com/alibaba/otter/canal.filter/1.1.4-SNAPSHOT/canal.filter-1.1.4-SNAPSHOT-sources.jar
[[1;34mINFO[m] 
[[1;34mINFO[m] [1m------------------------------------------------------------------------[m
[[1;34mINFO[m] [1mBuilding canal store module for otter 1.1.4-SNAPSHOT 1.1.4-SNAPSHOT[m
[[1;34mINFO[m] [1m------------------------------------------------------------------------[m
[[1;34mINFO[m] 
[[1;34mINFO[m] [1m--- [0;32mmaven-clean-plugin:2.5:clean[m [1m(default-clean)[m @ [36mcanal.store[0;1m ---[m
[[1;34mINFO[m] 
[[1;34mINFO[m] [1m--- [0;32mmaven-enforcer-plugin:1.0:enforce[m [1m(enforce-maven)[m @ [36mcanal.store[0;1m ---[m
[[1;34mINFO[m] 
[[1;34mINFO[m] [1m--- [0;32mjacoco-maven-plugin:0.8.3:prepare-agent[m [1m(jacoco-initialize)[m @ [36mcanal.store[0;1m ---[m
[[1;34mINFO[m] jacocoArgLine set to -javaagent:/home/travis/.m2/repository/org/jacoco/org.jacoco.agent/0.8.3/org.jacoco.agent-0.8.3-runtime.jar=destfile=/home/travis/build/failed/alibaba/canal/store/target/jacoco.exec
[[1;34mINFO[m] 
[[1;34mINFO[m] [1m--- [0;32mmaven-resources-plugin:2.6:resources[m [1m(default-resources)[m @ [36mcanal.store[0;1m ---[m
[[1;34mINFO[m] Using 'UTF-8' encoding to copy filtered resources.
[[1;34mINFO[m] skip non existing resourceDirectory /home/travis/build/failed/alibaba/canal/store/src/main/resources
[[1;34mINFO[m] 
[[1;34mINFO[m] [1m--- [0;32mmaven-compiler-plugin:3.7.0:compile[m [1m(default-compile)[m @ [36mcanal.store[0;1m ---[m
[[1;34mINFO[m] Changes detected - recompiling the module!
[[1;34mINFO[m] Compiling 13 source files to /home/travis/build/failed/alibaba/canal/store/target/classes
[[1;34mINFO[m] 
[[1;34mINFO[m] [1m--- [0;32mmaven-resources-plugin:2.6:testResources[m [1m(default-testResources)[m @ [36mcanal.store[0;1m ---[m
[[1;34mINFO[m] Using 'UTF-8' encoding to copy filtered resources.
[[1;34mINFO[m] skip non existing resourceDirectory /home/travis/build/failed/alibaba/canal/store/src/test/resources
[[1;34mINFO[m] 
[[1;34mINFO[m] [1m--- [0;32mmaven-compiler-plugin:3.7.0:testCompile[m [1m(default-testCompile)[m @ [36mcanal.store[0;1m ---[m
[[1;34mINFO[m] Changes detected - recompiling the module!
[[1;34mINFO[m] Compiling 5 source files to /home/travis/build/failed/alibaba/canal/store/target/test-classes
[[1;34mINFO[m] 
[[1;34mINFO[m] [1m--- [0;32mmaven-surefire-plugin:2.22.1:test[m [1m(default-test)[m @ [36mcanal.store[0;1m ---[m
[[1;34mINFO[m] 
[[1;34mINFO[m] -------------------------------------------------------
[[1;34mINFO[m]  T E S T S
[[1;34mINFO[m] -------------------------------------------------------
[[1;34mINFO[m] Running com.alibaba.otter.canal.store.memory.buffer.[1mMemoryEventStoreRollbackAndAckTest[m
start get
first get size : 8
second get size : 8
after rollback get size : 8
third get size : 0
start get
first get size : 8
after rollback get size : 8
second get size : 8
after rollback get size : 16
[[1;34mINFO[m] [1;32mTests run: [0;1;32m2[m, Failures: 0, Errors: 0, Skipped: 0, Time elapsed: 3.637 s - in com.alibaba.otter.canal.store.memory.buffer.[1mMemoryEventStoreRollbackAndAckTest[m
[[1;34mINFO[m] Running com.alibaba.otter.canal.store.memory.buffer.[1mMemoryEventStoreMultiThreadTest[m
[[1;33mWARNING[m] [1;33mTests [0;1mrun: [0;1m1[m, Failures: 0, Errors: 0, [1;33mSkipped: [0;1;33m1[m, Time elapsed: 0.001 s - in com.alibaba.otter.canal.store.memory.buffer.[1mMemoryEventStoreMultiThreadTest[m
[[1;34mINFO[m] Running com.alibaba.otter.canal.store.memory.buffer.[1mMemoryEventStoreMemBatchTest[m
start get
first get size : 8
second get size : 8
after rollback get size : 8
third get size : 0
start get
first get size : 16
start get
first get size : 8
after rollback get size : 8
second get size : 8
after rollback get size : 16
[[1;33mWARNING[m] [1;33mTests [0;1mrun: [0;1m8[m, Failures: 0, Errors: 0, [1;33mSkipped: [0;1;33m1[m, Time elapsed: 5.979 s - in com.alibaba.otter.canal.store.memory.buffer.[1mMemoryEventStoreMemBatchTest[m
[[1;34mINFO[m] Running com.alibaba.otter.canal.store.memory.buffer.[1mMemoryEventStorePutAndGetTest[m
start get
first get size : 16
interrupt occured.
[[1;34mINFO[m] [1;32mTests run: [0;1;32m5[m, Failures: 0, Errors: 0, Skipped: 0, Time elapsed: 4.617 s - in com.alibaba.otter.canal.store.memory.buffer.[1mMemoryEventStorePutAndGetTest[m
[[1;34mINFO[m] 
[[1;34mINFO[m] Results:
[[1;34mINFO[m] 
[[1;33mWARNING[m] [1;33mTests run: 16, Failures: 0, Errors: 0, Skipped: 2[m
[[1;34mINFO[m] 
[[1;34mINFO[m] 
[[1;34mINFO[m] [1m--- [0;32mmaven-jar-plugin:3.0.2:jar[m [1m(default-jar)[m @ [36mcanal.store[0;1m ---[m
[[1;34mINFO[m] Building jar: /home/travis/build/failed/alibaba/canal/store/target/canal.store-1.1.4-SNAPSHOT.jar
[[1;34mINFO[m] 
[[1;34mINFO[m] [1m>>> [0;32mmaven-source-plugin:2.4:jar[m [1m(attach-sources)[0;1m > [0;1mgenerate-sources[m @ [36mcanal.store[0;1m >>>[m
[[1;34mINFO[m] 
[[1;34mINFO[m] [1m--- [0;32mmaven-enforcer-plugin:1.0:enforce[m [1m(enforce-maven)[m @ [36mcanal.store[0;1m ---[m
[[1;34mINFO[m] 
[[1;34mINFO[m] [1m--- [0;32mjacoco-maven-plugin:0.8.3:prepare-agent[m [1m(jacoco-initialize)[m @ [36mcanal.store[0;1m ---[m
[[1;34mINFO[m] jacocoArgLine set to -javaagent:/home/travis/.m2/repository/org/jacoco/org.jacoco.agent/0.8.3/org.jacoco.agent-0.8.3-runtime.jar=destfile=/home/travis/build/failed/alibaba/canal/store/target/jacoco.exec
[[1;34mINFO[m] 
[[1;34mINFO[m] [1m<<< [0;32mmaven-source-plugin:2.4:jar[m [1m(attach-sources)[0;1m < [0;1mgenerate-sources[m @ [36mcanal.store[0;1m <<<[m
[[1;34mINFO[m] 
[[1;34mINFO[m] 
[[1;34mINFO[m] [1m--- [0;32mmaven-source-plugin:2.4:jar[m [1m(attach-sources)[m @ [36mcanal.store[0;1m ---[m
[[1;34mINFO[m] Building jar: /home/travis/build/failed/alibaba/canal/store/target/canal.store-1.1.4-SNAPSHOT-sources.jar
[[1;34mINFO[m] 
[[1;34mINFO[m] [1m--- [0;32mmaven-javadoc-plugin:2.9.1:jar[m [1m(attach-javadocs)[m @ [36mcanal.store[0;1m ---[m
[[1;34mINFO[m] Skipping javadoc generation
[[1;34mINFO[m] 
[[1;34mINFO[m] [1m--- [0;32mjacoco-maven-plugin:0.8.3:report-aggregate[m [1m(report-aggregate)[m @ [36mcanal.store[0;1m ---[m
[[1;34mINFO[m] Loading execution data file /home/travis/build/failed/alibaba/canal/store/target/jacoco.exec
[[1;34mINFO[m] Loading execution data file /home/travis/build/failed/alibaba/canal/common/target/jacoco.exec
[[1;34mINFO[m] Loading execution data file /home/travis/build/failed/alibaba/canal/meta/target/jacoco.exec
[[1;34mINFO[m] Analyzed bundle 'canal.common' with 28 classes
[[1;34mINFO[m] Analyzed bundle 'canal.protocol' with 131 classes
[[1;34mINFO[m] Analyzed bundle 'canal.meta' with 36 classes
[[1;34mINFO[m] 
[[1;34mINFO[m] [1m--- [0;32mmaven-install-plugin:2.4:install[m [1m(default-install)[m @ [36mcanal.store[0;1m ---[m
[[1;34mINFO[m] Installing /home/travis/build/failed/alibaba/canal/store/target/canal.store-1.1.4-SNAPSHOT.jar to /home/travis/.m2/repository/com/alibaba/otter/canal.store/1.1.4-SNAPSHOT/canal.store-1.1.4-SNAPSHOT.jar
[[1;34mINFO[m] Installing /home/travis/build/failed/alibaba/canal/store/pom.xml to /home/travis/.m2/repository/com/alibaba/otter/canal.store/1.1.4-SNAPSHOT/canal.store-1.1.4-SNAPSHOT.pom
[[1;34mINFO[m] Installing /home/travis/build/failed/alibaba/canal/store/target/canal.store-1.1.4-SNAPSHOT-sources.jar to /home/travis/.m2/repository/com/alibaba/otter/canal.store/1.1.4-SNAPSHOT/canal.store-1.1.4-SNAPSHOT-sources.jar
[[1;34mINFO[m] 
[[1;34mINFO[m] [1m------------------------------------------------------------------------[m
[[1;34mINFO[m] [1mBuilding canal sink module for otter 1.1.4-SNAPSHOT 1.1.4-SNAPSHOT[m
[[1;34mINFO[m] [1m------------------------------------------------------------------------[m
[[1;34mINFO[m] 
[[1;34mINFO[m] [1m--- [0;32mmaven-clean-plugin:2.5:clean[m [1m(default-clean)[m @ [36mcanal.sink[0;1m ---[m
[[1;34mINFO[m] 
[[1;34mINFO[m] [1m--- [0;32mmaven-enforcer-plugin:1.0:enforce[m [1m(enforce-maven)[m @ [36mcanal.sink[0;1m ---[m
[[1;34mINFO[m] 
[[1;34mINFO[m] [1m--- [0;32mjacoco-maven-plugin:0.8.3:prepare-agent[m [1m(jacoco-initialize)[m @ [36mcanal.sink[0;1m ---[m
[[1;34mINFO[m] jacocoArgLine set to -javaagent:/home/travis/.m2/repository/org/jacoco/org.jacoco.agent/0.8.3/org.jacoco.agent-0.8.3-runtime.jar=destfile=/home/travis/build/failed/alibaba/canal/sink/target/jacoco.exec
[[1;34mINFO[m] 
[[1;34mINFO[m] [1m--- [0;32mmaven-resources-plugin:2.6:resources[m [1m(default-resources)[m @ [36mcanal.sink[0;1m ---[m
[[1;34mINFO[m] Using 'UTF-8' encoding to copy filtered resources.
[[1;34mINFO[m] skip non existing resourceDirectory /home/travis/build/failed/alibaba/canal/sink/src/main/resources
[[1;34mINFO[m] 
[[1;34mINFO[m] [1m--- [0;32mmaven-compiler-plugin:3.7.0:compile[m [1m(default-compile)[m @ [36mcanal.sink[0;1m ---[m
[[1;34mINFO[m] Changes detected - recompiling the module!
[[1;34mINFO[m] Compiling 11 source files to /home/travis/build/failed/alibaba/canal/sink/target/classes
[[1;34mINFO[m] /home/travis/build/failed/alibaba/canal/sink/src/main/java/com/alibaba/otter/canal/sink/entry/EntryEventSink.java: Some input files use unchecked or unsafe operations.
[[1;34mINFO[m] /home/travis/build/failed/alibaba/canal/sink/src/main/java/com/alibaba/otter/canal/sink/entry/EntryEventSink.java: Recompile with -Xlint:unchecked for details.
[[1;34mINFO[m] 
[[1;34mINFO[m] [1m--- [0;32mmaven-resources-plugin:2.6:testResources[m [1m(default-testResources)[m @ [36mcanal.sink[0;1m ---[m
[[1;34mINFO[m] Using 'UTF-8' encoding to copy filtered resources.
[[1;34mINFO[m] skip non existing resourceDirectory /home/travis/build/failed/alibaba/canal/sink/src/test/resources
[[1;34mINFO[m] 
[[1;34mINFO[m] [1m--- [0;32mmaven-compiler-plugin:3.7.0:testCompile[m [1m(default-testCompile)[m @ [36mcanal.sink[0;1m ---[m
[[1;34mINFO[m] Changes detected - recompiling the module!
[[1;34mINFO[m] Compiling 2 source files to /home/travis/build/failed/alibaba/canal/sink/target/test-classes
[[1;34mINFO[m] /home/travis/build/failed/alibaba/canal/sink/src/test/java/com/alibaba/otter/canal/sink/stub/DummyEventStore.java: /home/travis/build/failed/alibaba/canal/sink/src/test/java/com/alibaba/otter/canal/sink/stub/DummyEventStore.java uses unchecked or unsafe operations.
[[1;34mINFO[m] /home/travis/build/failed/alibaba/canal/sink/src/test/java/com/alibaba/otter/canal/sink/stub/DummyEventStore.java: Recompile with -Xlint:unchecked for details.
[[1;34mINFO[m] 
[[1;34mINFO[m] [1m--- [0;32mmaven-surefire-plugin:2.22.1:test[m [1m(default-test)[m @ [36mcanal.sink[0;1m ---[m
[[1;34mINFO[m] 
[[1;34mINFO[m] -------------------------------------------------------
[[1;34mINFO[m]  T E S T S
[[1;34mINFO[m] -------------------------------------------------------
[[1;34mINFO[m] Running com.alibaba.otter.canal.sink.[1mGroupEventSinkTest[m
time:1
time:2
time:3
time:4
time:5
time:6
time:7
time:8
time:9
time:10
time:10
time:11
time:11
time:12
time:12
time:13
time:13
time:14
time:14
time:15
time:15
time:16
time:16
time:17
time:17
time:18
time:18
time:19
time:19
time:20
time:20
time:21
time:21
time:22
time:22
time:23
time:23
time:24
time:24
time:25
time:25
time:26
time:26
time:27
time:27
time:28
time:28
time:29
time:29
time:30
time:30
time:30
time:31
time:31
time:31
time:32
time:32
time:32
time:33
time:33
time:33
time:34
time:34
time:34
time:35
time:35
time:35
time:36
time:36
time:36
time:37
time:37
time:37
time:38
time:38
time:38
time:39
time:39
time:39
time:40
time:40
time:40
time:41
time:41
time:41
time:42
time:42
time:42
time:43
time:43
time:43
time:44
time:44
time:44
time:45
time:45
time:45
time:46
time:46
time:46
time:47
time:47
time:47
time:48
time:48
time:48
time:49
time:49
time:49
time:50
time:50
time:50
time:30
time:31
time:32
time:33
time:34
time:35
time:36
time:37
time:38
time:39
time:40
time:41
time:42
time:43
time:44
time:45
time:46
time:47
time:48
time:49
time:50
time:51
time:51
time:51
time:52
time:52
time:52
time:53
time:53
time:53
time:54
time:54
time:54
time:55
time:55
time:55
time:56
time:56
time:56
time:57
time:57
time:57
time:58
time:58
time:58
time:59
time:59
time:59
time:40
time:41
time:42
time:43
time:44
time:45
time:46
time:47
time:48
time:49
time:50
time:51
time:52
time:53
time:54
time:55
time:56
time:57
time:58
time:59
time:60
time:60
time:60
time:61
time:61
time:61
time:62
time:62
time:62
time:63
time:63
time:63
time:64
time:64
time:64
time:65
time:65
time:65
time:66
time:66
time:66
time:67
time:67
time:67
time:68
time:68
time:68
time:69
time:69
time:69
time:70
time:70
time:70
time:71
time:71
time:71
time:72
time:72
time:72
time:73
time:73
time:73
time:74
time:74
time:74
time:75
time:75
time:75
time:76
time:76
time:76
time:77
time:77
time:77
time:78
time:78
time:78
time:79
time:79
time:79
one sink finished!
[[1;34mINFO[m] [1;32mTests run: [0;1;32m1[m, Failures: 0, Errors: 0, Skipped: 0, Time elapsed: 11.266 s - in com.alibaba.otter.canal.sink.[1mGroupEventSinkTest[m
[[1;34mINFO[m] 
[[1;34mINFO[m] Results:
[[1;34mINFO[m] 
[[1;34mINFO[m] [1;32mTests run: 1, Failures: 0, Errors: 0, Skipped: 0[m
[[1;34mINFO[m] 
[[1;34mINFO[m] 
[[1;34mINFO[m] [1m--- [0;32mmaven-jar-plugin:3.0.2:jar[m [1m(default-jar)[m @ [36mcanal.sink[0;1m ---[m
[[1;34mINFO[m] Building jar: /home/travis/build/failed/alibaba/canal/sink/target/canal.sink-1.1.4-SNAPSHOT.jar
[[1;34mINFO[m] 
[[1;34mINFO[m] [1m>>> [0;32mmaven-source-plugin:2.4:jar[m [1m(attach-sources)[0;1m > [0;1mgenerate-sources[m @ [36mcanal.sink[0;1m >>>[m
[[1;34mINFO[m] 
[[1;34mINFO[m] [1m--- [0;32mmaven-enforcer-plugin:1.0:enforce[m [1m(enforce-maven)[m @ [36mcanal.sink[0;1m ---[m
[[1;34mINFO[m] 
[[1;34mINFO[m] [1m--- [0;32mjacoco-maven-plugin:0.8.3:prepare-agent[m [1m(jacoco-initialize)[m @ [36mcanal.sink[0;1m ---[m
[[1;34mINFO[m] jacocoArgLine set to -javaagent:/home/travis/.m2/repository/org/jacoco/org.jacoco.agent/0.8.3/org.jacoco.agent-0.8.3-runtime.jar=destfile=/home/travis/build/failed/alibaba/canal/sink/target/jacoco.exec
[[1;34mINFO[m] 
[[1;34mINFO[m] [1m<<< [0;32mmaven-source-plugin:2.4:jar[m [1m(attach-sources)[0;1m < [0;1mgenerate-sources[m @ [36mcanal.sink[0;1m <<<[m
[[1;34mINFO[m] 
[[1;34mINFO[m] 
[[1;34mINFO[m] [1m--- [0;32mmaven-source-plugin:2.4:jar[m [1m(attach-sources)[m @ [36mcanal.sink[0;1m ---[m
[[1;34mINFO[m] Building jar: /home/travis/build/failed/alibaba/canal/sink/target/canal.sink-1.1.4-SNAPSHOT-sources.jar
[[1;34mINFO[m] 
[[1;34mINFO[m] [1m--- [0;32mmaven-javadoc-plugin:2.9.1:jar[m [1m(attach-javadocs)[m @ [36mcanal.sink[0;1m ---[m
[[1;34mINFO[m] Skipping javadoc generation
[[1;34mINFO[m] 
[[1;34mINFO[m] [1m--- [0;32mjacoco-maven-plugin:0.8.3:report-aggregate[m [1m(report-aggregate)[m @ [36mcanal.sink[0;1m ---[m
[[1;34mINFO[m] Loading execution data file /home/travis/build/failed/alibaba/canal/sink/target/jacoco.exec
[[1;34mINFO[m] Loading execution data file /home/travis/build/failed/alibaba/canal/common/target/jacoco.exec
[[1;34mINFO[m] Loading execution data file /home/travis/build/failed/alibaba/canal/filter/target/jacoco.exec
[[1;34mINFO[m] Loading execution data file /home/travis/build/failed/alibaba/canal/store/target/jacoco.exec
[[1;34mINFO[m] Analyzed bundle 'canal.common' with 28 classes
[[1;34mINFO[m] Analyzed bundle 'canal.protocol' with 131 classes
[[1;34mINFO[m] Analyzed bundle 'canal.filter' with 8 classes
[[1;34mINFO[m] Analyzed bundle 'canal.store' with 10 classes
[[1;34mINFO[m] 
[[1;34mINFO[m] [1m--- [0;32mmaven-install-plugin:2.4:install[m [1m(default-install)[m @ [36mcanal.sink[0;1m ---[m
[[1;34mINFO[m] Installing /home/travis/build/failed/alibaba/canal/sink/target/canal.sink-1.1.4-SNAPSHOT.jar to /home/travis/.m2/repository/com/alibaba/otter/canal.sink/1.1.4-SNAPSHOT/canal.sink-1.1.4-SNAPSHOT.jar
[[1;34mINFO[m] Installing /home/travis/build/failed/alibaba/canal/sink/pom.xml to /home/travis/.m2/repository/com/alibaba/otter/canal.sink/1.1.4-SNAPSHOT/canal.sink-1.1.4-SNAPSHOT.pom
[[1;34mINFO[m] Installing /home/travis/build/failed/alibaba/canal/sink/target/canal.sink-1.1.4-SNAPSHOT-sources.jar to /home/travis/.m2/repository/com/alibaba/otter/canal.sink/1.1.4-SNAPSHOT/canal.sink-1.1.4-SNAPSHOT-sources.jar
[[1;34mINFO[m] 
[[1;34mINFO[m] [1m------------------------------------------------------------------------[m
[[1;34mINFO[m] [1mBuilding canal parse module for otter 1.1.4-SNAPSHOT 1.1.4-SNAPSHOT[m
[[1;34mINFO[m] [1m------------------------------------------------------------------------[m
[[1;34mINFO[m] 
[[1;34mINFO[m] [1m--- [0;32mmaven-clean-plugin:2.5:clean[m [1m(default-clean)[m @ [36mcanal.parse[0;1m ---[m
[[1;34mINFO[m] 
[[1;34mINFO[m] [1m--- [0;32mmaven-enforcer-plugin:1.0:enforce[m [1m(enforce-maven)[m @ [36mcanal.parse[0;1m ---[m
[[1;34mINFO[m] 
[[1;34mINFO[m] [1m--- [0;32mjacoco-maven-plugin:0.8.3:prepare-agent[m [1m(jacoco-initialize)[m @ [36mcanal.parse[0;1m ---[m
[[1;34mINFO[m] jacocoArgLine set to -javaagent:/home/travis/.m2/repository/org/jacoco/org.jacoco.agent/0.8.3/org.jacoco.agent-0.8.3-runtime.jar=destfile=/home/travis/build/failed/alibaba/canal/parse/target/jacoco.exec
[[1;34mINFO[m] 
[[1;34mINFO[m] [1m--- [0;32mmaven-resources-plugin:2.6:resources[m [1m(default-resources)[m @ [36mcanal.parse[0;1m ---[m
[[1;34mINFO[m] Using 'UTF-8' encoding to copy filtered resources.
[[1;34mINFO[m] Copying 6 resources
[[1;34mINFO[m] 
[[1;34mINFO[m] [1m--- [0;32mmaven-compiler-plugin:3.7.0:compile[m [1m(default-compile)[m @ [36mcanal.parse[0;1m ---[m
[[1;34mINFO[m] Changes detected - recompiling the module!
[[1;34mINFO[m] Compiling 69 source files to /home/travis/build/failed/alibaba/canal/parse/target/classes
[[1;34mINFO[m] /home/travis/build/failed/alibaba/canal/parse/src/main/java/com/alibaba/otter/canal/parse/inbound/mysql/tsdb/dao/MetaBaseDAO.java: /home/travis/build/failed/alibaba/canal/parse/src/main/java/com/alibaba/otter/canal/parse/inbound/mysql/tsdb/dao/MetaBaseDAO.java uses or overrides a deprecated API.
[[1;34mINFO[m] /home/travis/build/failed/alibaba/canal/parse/src/main/java/com/alibaba/otter/canal/parse/inbound/mysql/tsdb/dao/MetaBaseDAO.java: Recompile with -Xlint:deprecation for details.
[[1;34mINFO[m] /home/travis/build/failed/alibaba/canal/parse/src/main/java/com/alibaba/otter/canal/parse/inbound/mysql/MysqlConnection.java: Some input files use unchecked or unsafe operations.
[[1;34mINFO[m] /home/travis/build/failed/alibaba/canal/parse/src/main/java/com/alibaba/otter/canal/parse/inbound/mysql/MysqlConnection.java: Recompile with -Xlint:unchecked for details.
[[1;34mINFO[m] 
[[1;34mINFO[m] [1m--- [0;32mmaven-resources-plugin:2.6:testResources[m [1m(default-testResources)[m @ [36mcanal.parse[0;1m ---[m
[[1;34mINFO[m] Using 'UTF-8' encoding to copy filtered resources.
[[1;34mINFO[m] Copying 255 resources
[[1;34mINFO[m] 
[[1;34mINFO[m] [1m--- [0;32mmaven-compiler-plugin:3.7.0:testCompile[m [1m(default-testCompile)[m @ [36mcanal.parse[0;1m ---[m
[[1;34mINFO[m] Changes detected - recompiling the module!
[[1;34mINFO[m] Compiling 35 source files to /home/travis/build/failed/alibaba/canal/parse/target/test-classes
[[1;34mINFO[m] /home/travis/build/failed/alibaba/canal/parse/src/test/java/com/alibaba/otter/canal/parse/inbound/mysql/RdsLocalBinlogDumpTest.java: Some input files use unchecked or unsafe operations.
[[1;34mINFO[m] /home/travis/build/failed/alibaba/canal/parse/src/test/java/com/alibaba/otter/canal/parse/inbound/mysql/RdsLocalBinlogDumpTest.java: Recompile with -Xlint:unchecked for details.
[[1;34mINFO[m] 
[[1;34mINFO[m] [1m--- [0;32mmaven-surefire-plugin:2.22.1:test[m [1m(default-test)[m @ [36mcanal.parse[0;1m ---[m
[[1;34mINFO[m] 
[[1;34mINFO[m] -------------------------------------------------------
[[1;34mINFO[m]  T E S T S
[[1;34mINFO[m] -------------------------------------------------------
[[1;34mINFO[m] Running com.alibaba.otter.canal.parse.[1mDirectLogFetcherTest[m
[[1;33mWARNING[m] [1;33mTests [0;1mrun: [0;1m1[m, Failures: 0, Errors: 0, [1;33mSkipped: [0;1;33m1[m, Time elapsed: 0.017 s - in com.alibaba.otter.canal.parse.[1mDirectLogFetcherTest[m
[[1;34mINFO[m] Running com.alibaba.otter.canal.parse.inbound.mysql.tsdb.[1mMetaHistoryDAOTest[m
[[1;33mWARNING[m] [1;33mTests [0;1mrun: [0;1m1[m, Failures: 0, Errors: 0, [1;33mSkipped: [0;1;33m1[m, Time elapsed: 0.001 s - in com.alibaba.otter.canal.parse.inbound.mysql.tsdb.[1mMetaHistoryDAOTest[m
[[1;34mINFO[m] Running com.alibaba.otter.canal.parse.inbound.mysql.tsdb.[1mMemoryTableMeta_DDL_Test[m
16:02:46.900 [main] DEBUG o.s.t.c.j.SpringJUnit4ClassRunner - SpringJUnit4ClassRunner constructor called with [class com.alibaba.otter.canal.parse.inbound.mysql.tsdb.MemoryTableMeta_DDL_Test].
16:02:46.972 [main] DEBUG o.s.t.c.s.AbstractDelegatingSmartContextLoader - Delegating to GenericXmlContextLoader to process context configuration [ContextConfigurationAttributes@204e90f7 declaringClass = 'com.alibaba.otter.canal.parse.inbound.mysql.tsdb.MemoryTableMeta_DDL_Test', classes = '{}', locations = '{/tsdb/h2-tsdb.xml}', inheritLocations = true, initializers = '{}', inheritInitializers = true, name = [null], contextLoaderClass = 'org.springframework.test.context.ContextLoader'].
16:02:46.975 [main] DEBUG o.s.test.context.ContextLoaderUtils - Could not find an 'annotation declaring class' for annotation type [org.springframework.test.context.ActiveProfiles] and class [com.alibaba.otter.canal.parse.inbound.mysql.tsdb.MemoryTableMeta_DDL_Test]
16:02:46.982 [main] DEBUG o.s.test.context.TestContextManager - @TestExecutionListeners is not present for class [com.alibaba.otter.canal.parse.inbound.mysql.tsdb.MemoryTableMeta_DDL_Test]: using defaults.
16:02:46.987 [main] INFO  o.s.test.context.TestContextManager - Could not instantiate TestExecutionListener [org.springframework.test.context.web.ServletTestExecutionListener]. Specify custom listener classes or make the default listener classes (and their required dependencies) available. Offending class: [javax/servlet/ServletContext]
16:02:47.004 [main] DEBUG o.s.t.annotation.ProfileValueUtils - Retrieved @ProfileValueSourceConfiguration [null] for test class [com.alibaba.otter.canal.parse.inbound.mysql.tsdb.MemoryTableMeta_DDL_Test]
16:02:47.004 [main] DEBUG o.s.t.annotation.ProfileValueUtils - Retrieved ProfileValueSource type [class org.springframework.test.annotation.SystemProfileValueSource] for class [com.alibaba.otter.canal.parse.inbound.mysql.tsdb.MemoryTableMeta_DDL_Test]
16:02:47.005 [main] DEBUG o.s.t.annotation.ProfileValueUtils - Retrieved @ProfileValueSourceConfiguration [null] for test class [com.alibaba.otter.canal.parse.inbound.mysql.tsdb.MemoryTableMeta_DDL_Test]
16:02:47.005 [main] DEBUG o.s.t.annotation.ProfileValueUtils - Retrieved ProfileValueSource type [class org.springframework.test.annotation.SystemProfileValueSource] for class [com.alibaba.otter.canal.parse.inbound.mysql.tsdb.MemoryTableMeta_DDL_Test]
16:02:47.006 [main] DEBUG o.s.t.annotation.ProfileValueUtils - Retrieved @ProfileValueSourceConfiguration [null] for test class [com.alibaba.otter.canal.parse.inbound.mysql.tsdb.MemoryTableMeta_DDL_Test]
16:02:47.006 [main] DEBUG o.s.t.annotation.ProfileValueUtils - Retrieved ProfileValueSource type [class org.springframework.test.annotation.SystemProfileValueSource] for class [com.alibaba.otter.canal.parse.inbound.mysql.tsdb.MemoryTableMeta_DDL_Test]
16:02:47.009 [main] DEBUG o.s.t.annotation.ProfileValueUtils - Retrieved @ProfileValueSourceConfiguration [null] for test class [com.alibaba.otter.canal.parse.inbound.mysql.tsdb.MemoryTableMeta_DDL_Test]
16:02:47.009 [main] DEBUG o.s.t.annotation.ProfileValueUtils - Retrieved ProfileValueSource type [class org.springframework.test.annotation.SystemProfileValueSource] for class [com.alibaba.otter.canal.parse.inbound.mysql.tsdb.MemoryTableMeta_DDL_Test]
16:02:47.011 [main] DEBUG o.s.t.c.s.DependencyInjectionTestExecutionListener - Performing dependency injection for test context [[TestContext@1f3165e7 testClass = MemoryTableMeta_DDL_Test, testInstance = com.alibaba.otter.canal.parse.inbound.mysql.tsdb.MemoryTableMeta_DDL_Test@2ec3633f, testMethod = [null], testException = [null], mergedContextConfiguration = [MergedContextConfiguration@1d5d5621 testClass = MemoryTableMeta_DDL_Test, locations = '{classpath:/tsdb/h2-tsdb.xml}', classes = '{}', contextInitializerClasses = '[]', activeProfiles = '{}', contextLoader = 'org.springframework.test.context.support.DelegatingSmartContextLoader', parent = [null]]]].
16:02:47.012 [main] DEBUG o.s.t.c.s.AbstractDelegatingSmartContextLoader - Delegating to GenericXmlContextLoader to load context from [MergedContextConfiguration@1d5d5621 testClass = MemoryTableMeta_DDL_Test, locations = '{classpath:/tsdb/h2-tsdb.xml}', classes = '{}', contextInitializerClasses = '[]', activeProfiles = '{}', contextLoader = 'org.springframework.test.context.support.DelegatingSmartContextLoader', parent = [null]].
16:02:47.012 [main] DEBUG o.s.t.c.s.AbstractGenericContextLoader - Loading ApplicationContext for merged context configuration [[MergedContextConfiguration@1d5d5621 testClass = MemoryTableMeta_DDL_Test, locations = '{classpath:/tsdb/h2-tsdb.xml}', classes = '{}', contextInitializerClasses = '[]', activeProfiles = '{}', contextLoader = 'org.springframework.test.context.support.DelegatingSmartContextLoader', parent = [null]]].
16:02:47.122 [main] DEBUG o.s.core.env.StandardEnvironment - Adding [systemProperties] PropertySource with lowest search precedence
16:02:47.124 [main] DEBUG o.s.core.env.StandardEnvironment - Adding [systemEnvironment] PropertySource with lowest search precedence
16:02:47.124 [main] DEBUG o.s.core.env.StandardEnvironment - Initialized StandardEnvironment with PropertySources [systemProperties,systemEnvironment]
16:02:47.140 [main] INFO  o.s.b.f.xml.XmlBeanDefinitionReader - Loading XML bean definitions from class path resource [tsdb/h2-tsdb.xml]
16:02:47.268 [main] DEBUG o.s.b.f.xml.DefaultDocumentLoader - Using JAXP provider [com.sun.org.apache.xerces.internal.jaxp.DocumentBuilderFactoryImpl]
16:02:47.641 [main] DEBUG o.s.b.f.xml.PluggableSchemaResolver - Loading schema mappings from [META-INF/spring.schemas]
16:02:47.647 [main] DEBUG o.s.b.f.xml.PluggableSchemaResolver - Loaded schema mappings: {http://www.springframework.org/schema/util/spring-util.xsd=org/springframework/beans/factory/xml/spring-util-3.2.xsd, http://www.springframework.org/schema/jee/spring-jee-3.2.xsd=org/springframework/ejb/config/spring-jee-3.2.xsd, http://www.springframework.org/schema/task/spring-task.xsd=org/springframework/scheduling/config/spring-task-3.2.xsd, http://www.springframework.org/schema/beans/spring-beans-3.1.xsd=org/springframework/beans/factory/xml/spring-beans-3.1.xsd, http://www.springframework.org/schema/cache/spring-cache.xsd=org/springframework/cache/config/spring-cache-3.2.xsd, http://www.springframework.org/schema/aop/spring-aop-3.0.xsd=org/springframework/aop/config/spring-aop-3.0.xsd, http://www.springframework.org/schema/task/spring-task-3.1.xsd=org/springframework/scheduling/config/spring-task-3.1.xsd, http://www.springframework.org/schema/aop/spring-aop-2.0.xsd=org/springframework/aop/config/spring-aop-2.0.xsd, http://www.springframework.org/schema/tool/spring-tool-2.5.xsd=org/springframework/beans/factory/xml/spring-tool-2.5.xsd, http://www.springframework.org/schema/beans/spring-beans.xsd=org/springframework/beans/factory/xml/spring-beans-3.2.xsd, http://www.springframework.org/schema/jee/spring-jee-2.5.xsd=org/springframework/ejb/config/spring-jee-2.5.xsd, http://www.springframework.org/schema/jdbc/spring-jdbc-3.1.xsd=org/springframework/jdbc/config/spring-jdbc-3.1.xsd, http://www.springframework.org/schema/tool/spring-tool-3.1.xsd=org/springframework/beans/factory/xml/spring-tool-3.1.xsd, http://www.springframework.org/schema/jee/spring-jee-3.1.xsd=org/springframework/ejb/config/spring-jee-3.1.xsd, http://www.springframework.org/schema/aop/spring-aop.xsd=org/springframework/aop/config/spring-aop-3.2.xsd, http://www.springframework.org/schema/tx/spring-tx-3.2.xsd=org/springframework/transaction/config/spring-tx-3.2.xsd, http://www.springframework.org/schema/context/spring-context-3.2.xsd=org/springframework/context/config/spring-context-3.2.xsd, http://www.springframework.org/schema/beans/spring-beans-2.0.xsd=org/springframework/beans/factory/xml/spring-beans-2.0.xsd, http://www.springframework.org/schema/util/spring-util-3.2.xsd=org/springframework/beans/factory/xml/spring-util-3.2.xsd, http://www.springframework.org/schema/lang/spring-lang-3.2.xsd=org/springframework/scripting/config/spring-lang-3.2.xsd, http://www.springframework.org/schema/beans/spring-beans-3.0.xsd=org/springframework/beans/factory/xml/spring-beans-3.0.xsd, http://www.springframework.org/schema/cache/spring-cache-3.2.xsd=org/springframework/cache/config/spring-cache-3.2.xsd, http://www.springframework.org/schema/task/spring-task-3.0.xsd=org/springframework/scheduling/config/spring-task-3.0.xsd, http://www.springframework.org/schema/tx/spring-tx-2.5.xsd=org/springframework/transaction/config/spring-tx-2.5.xsd, http://www.springframework.org/schema/context/spring-context-2.5.xsd=org/springframework/context/config/spring-context-2.5.xsd, http://www.springframework.org/schema/jdbc/spring-jdbc-3.0.xsd=org/springframework/jdbc/config/spring-jdbc-3.0.xsd, http://www.springframework.org/schema/tool/spring-tool-3.0.xsd=org/springframework/beans/factory/xml/spring-tool-3.0.xsd, http://www.springframework.org/schema/tx/spring-tx.xsd=org/springframework/transaction/config/spring-tx-3.2.xsd, http://www.springframework.org/schema/lang/spring-lang.xsd=org/springframework/scripting/config/spring-lang-3.2.xsd, http://www.springframework.org/schema/tool/spring-tool-2.0.xsd=org/springframework/beans/factory/xml/spring-tool-2.0.xsd, http://www.springframework.org/schema/util/spring-util-2.5.xsd=org/springframework/beans/factory/xml/spring-util-2.5.xsd, http://www.springframework.org/schema/lang/spring-lang-2.5.xsd=org/springframework/scripting/config/spring-lang-2.5.xsd, http://www.springframework.org/schema/aop/spring-aop-3.2.xsd=org/springframework/aop/config/spring-aop-3.2.xsd, http://www.springframework.org/schema/jee/spring-jee-3.0.xsd=org/springframework/ejb/config/spring-jee-3.0.xsd, http://www.springframework.org/schema/tx/spring-tx-3.1.xsd=org/springframework/transaction/config/spring-tx-3.1.xsd, http://www.springframework.org/schema/jee/spring-jee-2.0.xsd=org/springframework/ejb/config/spring-jee-2.0.xsd, http://www.springframework.org/schema/context/spring-context-3.1.xsd=org/springframework/context/config/spring-context-3.1.xsd, http://www.springframework.org/schema/util/spring-util-3.1.xsd=org/springframework/beans/factory/xml/spring-util-3.1.xsd, http://www.springframework.org/schema/lang/spring-lang-3.1.xsd=org/springframework/scripting/config/spring-lang-3.1.xsd, http://www.springframework.org/schema/cache/spring-cache-3.1.xsd=org/springframework/cache/config/spring-cache-3.1.xsd, http://www.springframework.org/schema/context/spring-context.xsd=org/springframework/context/config/spring-context-3.2.xsd, http://www.springframework.org/schema/jee/spring-jee.xsd=org/springframework/ejb/config/spring-jee-3.2.xsd, http://www.springframework.org/schema/aop/spring-aop-2.5.xsd=org/springframework/aop/config/spring-aop-2.5.xsd, http://www.springframework.org/schema/jdbc/spring-jdbc.xsd=org/springframework/jdbc/config/spring-jdbc-3.2.xsd, http://www.springframework.org/schema/beans/spring-beans-3.2.xsd=org/springframework/beans/factory/xml/spring-beans-3.2.xsd, http://www.springframework.org/schema/tx/spring-tx-2.0.xsd=org/springframework/transaction/config/spring-tx-2.0.xsd, http://www.springframework.org/schema/aop/spring-aop-3.1.xsd=org/springframework/aop/config/spring-aop-3.1.xsd, http://www.springframework.org/schema/task/spring-task-3.2.xsd=org/springframework/scheduling/config/spring-task-3.2.xsd, http://www.springframework.org/schema/tx/spring-tx-3.0.xsd=org/springframework/transaction/config/spring-tx-3.0.xsd, http://www.springframework.org/schema/context/spring-context-3.0.xsd=org/springframework/context/config/spring-context-3.0.xsd, http://www.springframework.org/schema/tool/spring-tool.xsd=org/springframework/beans/factory/xml/spring-tool-3.2.xsd, http://www.springframework.org/schema/util/spring-util-3.0.xsd=org/springframework/beans/factory/xml/spring-util-3.0.xsd, http://www.alibaba.com/schema/stat.xsd=META-INF/stat.xsd, http://www.springframework.org/schema/lang/spring-lang-3.0.xsd=org/springframework/scripting/config/spring-lang-3.0.xsd, http://www.springframework.org/schema/util/spring-util-2.0.xsd=org/springframework/beans/factory/xml/spring-util-2.0.xsd, http://www.springframework.org/schema/lang/spring-lang-2.0.xsd=org/springframework/scripting/config/spring-lang-2.0.xsd, http://www.springframework.org/schema/jdbc/spring-jdbc-3.2.xsd=org/springframework/jdbc/config/spring-jdbc-3.2.xsd, http://www.springframework.org/schema/tool/spring-tool-3.2.xsd=org/springframework/beans/factory/xml/spring-tool-3.2.xsd, http://www.springframework.org/schema/beans/spring-beans-2.5.xsd=org/springframework/beans/factory/xml/spring-beans-2.5.xsd}
16:02:47.649 [main] DEBUG o.s.b.f.xml.PluggableSchemaResolver - Found XML schema [http://www.springframework.org/schema/beans/spring-beans.xsd] in classpath: org/springframework/beans/factory/xml/spring-beans-3.2.xsd
16:02:47.806 [main] DEBUG o.s.b.f.x.DefaultBeanDefinitionDocumentReader - Loading bean definitions
16:02:47.847 [main] DEBUG o.s.b.f.xml.XmlBeanDefinitionReader - Loaded 5 bean definitions from location pattern [classpath:/tsdb/h2-tsdb.xml]
16:02:47.868 [main] INFO  o.s.c.s.GenericApplicationContext - Refreshing org.springframework.context.support.GenericApplicationContext@582a764a: startup date [Sat May 21 16:02:47 UTC 2022]; root of context hierarchy
16:02:47.869 [main] DEBUG o.s.c.s.GenericApplicationContext - Bean factory for org.springframework.context.support.GenericApplicationContext@582a764a: org.springframework.beans.factory.support.DefaultListableBeanFactory@40943a6: defining beans [tableMetaTSDB,dataSource,sqlMapClient,metaHistoryDAO,metaSnapshotDAO,org.springframework.context.annotation.internalConfigurationAnnotationProcessor,org.springframework.context.annotation.internalAutowiredAnnotationProcessor,org.springframework.context.annotation.internalRequiredAnnotationProcessor,org.springframework.context.annotation.internalCommonAnnotationProcessor]; root of factory hierarchy
16:02:48.027 [main] DEBUG o.s.b.f.s.DefaultListableBeanFactory - Creating shared instance of singleton bean 'org.springframework.context.annotation.internalConfigurationAnnotationProcessor'
16:02:48.027 [main] DEBUG o.s.b.f.s.DefaultListableBeanFactory - Creating instance of bean 'org.springframework.context.annotation.internalConfigurationAnnotationProcessor'
16:02:48.060 [main] DEBUG o.s.b.f.s.DefaultListableBeanFactory - Eagerly caching bean 'org.springframework.context.annotation.internalConfigurationAnnotationProcessor' to allow for resolving potential circular references
16:02:48.063 [main] DEBUG o.s.b.f.s.DefaultListableBeanFactory - Finished creating instance of bean 'org.springframework.context.annotation.internalConfigurationAnnotationProcessor'
16:02:48.161 [main] DEBUG o.s.b.f.s.DefaultListableBeanFactory - Creating shared instance of singleton bean 'org.springframework.context.annotation.internalAutowiredAnnotationProcessor'
16:02:48.162 [main] DEBUG o.s.b.f.s.DefaultListableBeanFactory - Creating instance of bean 'org.springframework.context.annotation.internalAutowiredAnnotationProcessor'
16:02:48.164 [main] DEBUG o.s.b.f.s.DefaultListableBeanFactory - Eagerly caching bean 'org.springframework.context.annotation.internalAutowiredAnnotationProcessor' to allow for resolving potential circular references
16:02:48.165 [main] DEBUG o.s.b.f.s.DefaultListableBeanFactory - Finished creating instance of bean 'org.springframework.context.annotation.internalAutowiredAnnotationProcessor'
16:02:48.165 [main] DEBUG o.s.b.f.s.DefaultListableBeanFactory - Creating shared instance of singleton bean 'org.springframework.context.annotation.internalRequiredAnnotationProcessor'
16:02:48.165 [main] DEBUG o.s.b.f.s.DefaultListableBeanFactory - Creating instance of bean 'org.springframework.context.annotation.internalRequiredAnnotationProcessor'
16:02:48.166 [main] DEBUG o.s.b.f.s.DefaultListableBeanFactory - Eagerly caching bean 'org.springframework.context.annotation.internalRequiredAnnotationProcessor' to allow for resolving potential circular references
16:02:48.166 [main] DEBUG o.s.b.f.s.DefaultListableBeanFactory - Finished creating instance of bean 'org.springframework.context.annotation.internalRequiredAnnotationProcessor'
16:02:48.166 [main] DEBUG o.s.b.f.s.DefaultListableBeanFactory - Creating shared instance of singleton bean 'org.springframework.context.annotation.internalCommonAnnotationProcessor'
16:02:48.167 [main] DEBUG o.s.b.f.s.DefaultListableBeanFactory - Creating instance of bean 'org.springframework.context.annotation.internalCommonAnnotationProcessor'
16:02:48.208 [main] DEBUG o.s.b.f.s.DefaultListableBeanFactory - Eagerly caching bean 'org.springframework.context.annotation.internalCommonAnnotationProcessor' to allow for resolving potential circular references
16:02:48.208 [main] DEBUG o.s.b.f.s.DefaultListableBeanFactory - Finished creating instance of bean 'org.springframework.context.annotation.internalCommonAnnotationProcessor'
16:02:48.208 [main] DEBUG o.s.b.f.s.DefaultListableBeanFactory - Creating shared instance of singleton bean 'org.springframework.context.annotation.ConfigurationClassPostProcessor.importAwareProcessor'
16:02:48.208 [main] DEBUG o.s.b.f.s.DefaultListableBeanFactory - Creating instance of bean 'org.springframework.context.annotation.ConfigurationClassPostProcessor.importAwareProcessor'
16:02:48.209 [main] DEBUG o.s.b.f.s.DefaultListableBeanFactory - Eagerly caching bean 'org.springframework.context.annotation.ConfigurationClassPostProcessor.importAwareProcessor' to allow for resolving potential circular references
16:02:48.209 [main] DEBUG o.s.b.f.s.DefaultListableBeanFactory - Finished creating instance of bean 'org.springframework.context.annotation.ConfigurationClassPostProcessor.importAwareProcessor'
16:02:48.212 [main] DEBUG o.s.c.s.GenericApplicationContext - Unable to locate MessageSource with name 'messageSource': using default [org.springframework.context.support.DelegatingMessageSource@29d2fa84]
16:02:48.215 [main] DEBUG o.s.c.s.GenericApplicationContext - Unable to locate ApplicationEventMulticaster with name 'applicationEventMulticaster': using default [org.springframework.context.event.SimpleApplicationEventMulticaster@18d610e1]
16:02:48.218 [main] INFO  o.s.b.f.s.DefaultListableBeanFactory - Pre-instantiating singletons in org.springframework.beans.factory.support.DefaultListableBeanFactory@40943a6: defining beans [tableMetaTSDB,dataSource,sqlMapClient,metaHistoryDAO,metaSnapshotDAO,org.springframework.context.annotation.internalConfigurationAnnotationProcessor,org.springframework.context.annotation.internalAutowiredAnnotationProcessor,org.springframework.context.annotation.internalRequiredAnnotationProcessor,org.springframework.context.annotation.internalCommonAnnotationProcessor,org.springframework.context.annotation.ConfigurationClassPostProcessor.importAwareProcessor]; root of factory hierarchy
16:02:48.218 [main] DEBUG o.s.b.f.s.DefaultListableBeanFactory - Creating shared instance of singleton bean 'tableMetaTSDB'
16:02:48.219 [main] DEBUG o.s.b.f.s.DefaultListableBeanFactory - Creating instance of bean 'tableMetaTSDB'
16:02:48.231 [main] DEBUG o.s.b.f.s.DefaultListableBeanFactory - Eagerly caching bean 'tableMetaTSDB' to allow for resolving potential circular references
16:02:48.266 [main] DEBUG o.s.b.f.s.DefaultListableBeanFactory - Creating shared instance of singleton bean 'metaHistoryDAO'
16:02:48.267 [main] DEBUG o.s.b.f.s.DefaultListableBeanFactory - Creating instance of bean 'metaHistoryDAO'
16:02:48.276 [main] DEBUG o.s.b.f.s.DefaultListableBeanFactory - Eagerly caching bean 'metaHistoryDAO' to allow for resolving potential circular references
16:02:48.281 [main] DEBUG o.s.b.f.s.DefaultListableBeanFactory - Creating shared instance of singleton bean 'dataSource'
16:02:48.282 [main] DEBUG o.s.b.f.s.DefaultListableBeanFactory - Creating instance of bean 'dataSource'
16:02:48.589 [main] DEBUG o.s.b.f.s.DefaultListableBeanFactory - Eagerly caching bean 'dataSource' to allow for resolving potential circular references
16:02:48.665 [main] DEBUG o.s.b.f.s.DefaultListableBeanFactory - Finished creating instance of bean 'dataSource'
16:02:48.666 [main] DEBUG o.s.b.f.s.DefaultListableBeanFactory - Added autowiring by name from bean name 'metaHistoryDAO' via property 'dataSource' to bean named 'dataSource'
16:02:48.666 [main] DEBUG o.s.b.f.s.DefaultListableBeanFactory - Creating shared instance of singleton bean 'sqlMapClient'
16:02:48.666 [main] DEBUG o.s.b.f.s.DefaultListableBeanFactory - Creating instance of bean 'sqlMapClient'
16:02:48.670 [main] DEBUG o.s.b.f.s.DefaultListableBeanFactory - Eagerly caching bean 'sqlMapClient' to allow for resolving potential circular references
16:02:48.673 [main] DEBUG o.s.b.f.s.DefaultListableBeanFactory - Returning cached instance of singleton bean 'dataSource'
16:02:48.676 [main] DEBUG o.s.b.f.s.DefaultListableBeanFactory - Invoking afterPropertiesSet() on bean with name 'sqlMapClient'
16:02:48.865 [main] DEBUG o.s.b.f.s.DefaultListableBeanFactory - Finished creating instance of bean 'sqlMapClient'
16:02:48.866 [main] DEBUG o.s.b.f.s.DefaultListableBeanFactory - Invoking afterPropertiesSet() on bean with name 'metaHistoryDAO'
16:02:49.187 [main] ERROR c.alibaba.druid.pool.DruidDataSource - testWhileIdle is true, validationQuery not set
16:02:49.204 [main] INFO  c.alibaba.druid.pool.DruidDataSource - {dataSource-1} inited
16:02:49.774 [main] DEBUG o.s.b.f.s.DefaultListableBeanFactory - Finished creating instance of bean 'metaHistoryDAO'
16:02:49.774 [main] DEBUG o.s.b.f.s.DefaultListableBeanFactory - Creating shared instance of singleton bean 'metaSnapshotDAO'
16:02:49.774 [main] DEBUG o.s.b.f.s.DefaultListableBeanFactory - Creating instance of bean 'metaSnapshotDAO'
16:02:49.775 [main] DEBUG o.s.b.f.s.DefaultListableBeanFactory - Eagerly caching bean 'metaSnapshotDAO' to allow for resolving potential circular references
16:02:49.779 [main] DEBUG o.s.b.f.s.DefaultListableBeanFactory - Returning cached instance of singleton bean 'dataSource'
16:02:49.780 [main] DEBUG o.s.b.f.s.DefaultListableBeanFactory - Added autowiring by name from bean name 'metaSnapshotDAO' via property 'dataSource' to bean named 'dataSource'
16:02:49.780 [main] DEBUG o.s.b.f.s.DefaultListableBeanFactory - Returning cached instance of singleton bean 'sqlMapClient'
16:02:49.781 [main] DEBUG o.s.b.f.s.DefaultListableBeanFactory - Invoking afterPropertiesSet() on bean with name 'metaSnapshotDAO'
16:02:49.788 [main] DEBUG o.s.b.f.s.DefaultListableBeanFactory - Finished creating instance of bean 'metaSnapshotDAO'
16:02:49.789 [main] DEBUG o.s.b.f.s.DefaultListableBeanFactory - Finished creating instance of bean 'tableMetaTSDB'
16:02:49.789 [main] DEBUG o.s.b.f.s.DefaultListableBeanFactory - Returning cached instance of singleton bean 'dataSource'
16:02:49.789 [main] DEBUG o.s.b.f.s.DefaultListableBeanFactory - Returning cached instance of singleton bean 'sqlMapClient'
16:02:49.789 [main] DEBUG o.s.b.f.s.DefaultListableBeanFactory - Returning cached instance of singleton bean 'metaHistoryDAO'
16:02:49.790 [main] DEBUG o.s.b.f.s.DefaultListableBeanFactory - Returning cached instance of singleton bean 'metaSnapshotDAO'
16:02:49.790 [main] DEBUG o.s.b.f.s.DefaultListableBeanFactory - Returning cached instance of singleton bean 'org.springframework.context.annotation.internalConfigurationAnnotationProcessor'
16:02:49.790 [main] DEBUG o.s.b.f.s.DefaultListableBeanFactory - Returning cached instance of singleton bean 'org.springframework.context.annotation.internalAutowiredAnnotationProcessor'
16:02:49.790 [main] DEBUG o.s.b.f.s.DefaultListableBeanFactory - Returning cached instance of singleton bean 'org.springframework.context.annotation.internalRequiredAnnotationProcessor'
16:02:49.790 [main] DEBUG o.s.b.f.s.DefaultListableBeanFactory - Returning cached instance of singleton bean 'org.springframework.context.annotation.internalCommonAnnotationProcessor'
16:02:49.790 [main] DEBUG o.s.b.f.s.DefaultListableBeanFactory - Returning cached instance of singleton bean 'org.springframework.context.annotation.ConfigurationClassPostProcessor.importAwareProcessor'
16:02:49.793 [main] DEBUG o.s.c.s.GenericApplicationContext - Unable to locate LifecycleProcessor with name 'lifecycleProcessor': using default [org.springframework.context.support.DefaultLifecycleProcessor@4f0381cd]
16:02:49.793 [main] DEBUG o.s.b.f.s.DefaultListableBeanFactory - Returning cached instance of singleton bean 'lifecycleProcessor'
16:02:49.796 [main] DEBUG o.s.c.e.PropertySourcesPropertyResolver - Searching for key 'spring.liveBeansView.mbeanDomain' in [systemProperties]
16:02:49.797 [main] DEBUG o.s.c.e.PropertySourcesPropertyResolver - Searching for key 'spring.liveBeansView.mbeanDomain' in [systemEnvironment]
16:02:49.798 [main] DEBUG o.s.c.e.PropertySourcesPropertyResolver - Could not find key 'spring.liveBeansView.mbeanDomain' in any property source. Returning [null]
16:02:49.798 [main] DEBUG o.s.t.c.CacheAwareContextLoaderDelegate - Storing ApplicationContext in cache under key [[MergedContextConfiguration@1d5d5621 testClass = MemoryTableMeta_DDL_Test, locations = '{classpath:/tsdb/h2-tsdb.xml}', classes = '{}', contextInitializerClasses = '[]', activeProfiles = '{}', contextLoader = 'org.springframework.test.context.support.DelegatingSmartContextLoader', parent = [null]]]
16:02:49.799 [main] DEBUG o.springframework.test.context.cache - Spring test ApplicationContext cache statistics: [ContextCache@5d160056 size = 1, hitCount = 0, missCount = 1, parentContextCount = 0]
TableMeta [schema=test, table=procs_priv, fileds=
	FieldMeta [columnName=Host, columnType=char(60), nullable=false, key=true, defaultValue=, extra=null, unique=false]
	FieldMeta [columnName=Db, columnType=char(64), nullable=false, key=true, defaultValue=, extra=null, unique=false]
	FieldMeta [columnName=User, columnType=char(16), nullable=false, key=true, defaultValue=, extra=null, unique=false]
	FieldMeta [columnName=Routine_name, columnType=char(64), nullable=false, key=true, defaultValue=, extra=null, unique=false]
	FieldMeta [columnName=Routine_type, columnType=enum('FUNCTION','PROCEDURE'), nullable=false, key=true, defaultValue=null, extra=null, unique=false]
	FieldMeta [columnName=Grantor, columnType=char(77), nullable=false, key=false, defaultValue=, extra=null, unique=false]
	FieldMeta [columnName=Proc_priv, columnType=set('Execute','Alter Routine','Grant'), nullable=false, key=false, defaultValue=, extra=null, unique=false]
	FieldMeta [columnName=Timestamp, columnType=timestamp, nullable=false, key=false, defaultValue=CURRENT_TIMESTAMP, extra=null, unique=false]
]
16:02:50.365 [main] DEBUG o.s.t.c.s.DirtiesContextTestExecutionListener - After test method: context [[TestContext@1f3165e7 testClass = MemoryTableMeta_DDL_Test, testInstance = com.alibaba.otter.canal.parse.inbound.mysql.tsdb.MemoryTableMeta_DDL_Test@2ec3633f, testMethod = test_any@MemoryTableMeta_DDL_Test, testException = [null], mergedContextConfiguration = [MergedContextConfiguration@1d5d5621 testClass = MemoryTableMeta_DDL_Test, locations = '{classpath:/tsdb/h2-tsdb.xml}', classes = '{}', contextInitializerClasses = '[]', activeProfiles = '{}', contextLoader = 'org.springframework.test.context.support.DelegatingSmartContextLoader', parent = [null]]]], class dirties context [false], class mode [null], method dirties context [false].
16:02:50.366 [main] DEBUG o.s.t.annotation.ProfileValueUtils - Retrieved @ProfileValueSourceConfiguration [null] for test class [com.alibaba.otter.canal.parse.inbound.mysql.tsdb.MemoryTableMeta_DDL_Test]
16:02:50.366 [main] DEBUG o.s.t.annotation.ProfileValueUtils - Retrieved ProfileValueSource type [class org.springframework.test.annotation.SystemProfileValueSource] for class [com.alibaba.otter.canal.parse.inbound.mysql.tsdb.MemoryTableMeta_DDL_Test]
16:02:50.367 [main] DEBUG o.s.t.c.s.DependencyInjectionTestExecutionListener - Performing dependency injection for test context [[TestContext@1f3165e7 testClass = MemoryTableMeta_DDL_Test, testInstance = com.alibaba.otter.canal.parse.inbound.mysql.tsdb.MemoryTableMeta_DDL_Test@f400c86, testMethod = [null], testException = [null], mergedContextConfiguration = [MergedContextConfiguration@1d5d5621 testClass = MemoryTableMeta_DDL_Test, locations = '{classpath:/tsdb/h2-tsdb.xml}', classes = '{}', contextInitializerClasses = '[]', activeProfiles = '{}', contextLoader = 'org.springframework.test.context.support.DelegatingSmartContextLoader', parent = [null]]]].
16:02:50.367 [main] DEBUG o.s.t.c.CacheAwareContextLoaderDelegate - Retrieved ApplicationContext from cache with key [[MergedContextConfiguration@1d5d5621 testClass = MemoryTableMeta_DDL_Test, locations = '{classpath:/tsdb/h2-tsdb.xml}', classes = '{}', contextInitializerClasses = '[]', activeProfiles = '{}', contextLoader = 'org.springframework.test.context.support.DelegatingSmartContextLoader', parent = [null]]]
16:02:50.367 [main] DEBUG o.springframework.test.context.cache - Spring test ApplicationContext cache statistics: [ContextCache@5d160056 size = 1, hitCount = 1, missCount = 1, parentContextCount = 0]
16:02:50.382 [main] INFO  c.a.f.s.repository.SchemaRepository - replaced table '_card_record_del'
TableMeta [schema=yushitai_test, table=card_record, fileds=
	FieldMeta [columnName=id, columnType=bigint, nullable=false, key=true, defaultValue=null, extra=null, unique=false]
	FieldMeta [columnName=last_update, columnType=timestamp, nullable=false, key=false, defaultValue=CURRENT_TIMESTAMP, extra=null, unique=false]
	FieldMeta [columnName=hint, columnType=varchar(64), nullable=false, key=false, defaultValue=null, extra=null, unique=true]
	FieldMeta [columnName=value, columnType=varchar(255), nullable=false, key=false, defaultValue=null, extra=null, unique=false]
	FieldMeta [columnName=customization_id, columnType=bigint unsigned, nullable=false, key=false, defaultValue=null, extra=null, unique=false]
]
16:02:50.384 [main] DEBUG o.s.t.c.s.DirtiesContextTestExecutionListener - After test method: context [[TestContext@1f3165e7 testClass = MemoryTableMeta_DDL_Test, testInstance = com.alibaba.otter.canal.parse.inbound.mysql.tsdb.MemoryTableMeta_DDL_Test@f400c86, testMethod = test1@MemoryTableMeta_DDL_Test, testException = [null], mergedContextConfiguration = [MergedContextConfiguration@1d5d5621 testClass = MemoryTableMeta_DDL_Test, locations = '{classpath:/tsdb/h2-tsdb.xml}', classes = '{}', contextInitializerClasses = '[]', activeProfiles = '{}', contextLoader = 'org.springframework.test.context.support.DelegatingSmartContextLoader', parent = [null]]]], class dirties context [false], class mode [null], method dirties context [false].
16:02:50.384 [main] DEBUG o.s.t.annotation.ProfileValueUtils - Retrieved @ProfileValueSourceConfiguration [null] for test class [com.alibaba.otter.canal.parse.inbound.mysql.tsdb.MemoryTableMeta_DDL_Test]
16:02:50.384 [main] DEBUG o.s.t.annotation.ProfileValueUtils - Retrieved ProfileValueSource type [class org.springframework.test.annotation.SystemProfileValueSource] for class [com.alibaba.otter.canal.parse.inbound.mysql.tsdb.MemoryTableMeta_DDL_Test]
16:02:50.384 [main] DEBUG o.s.t.c.s.DependencyInjectionTestExecutionListener - Performing dependency injection for test context [[TestContext@1f3165e7 testClass = MemoryTableMeta_DDL_Test, testInstance = com.alibaba.otter.canal.parse.inbound.mysql.tsdb.MemoryTableMeta_DDL_Test@17020207, testMethod = [null], testException = [null], mergedContextConfiguration = [MergedContextConfiguration@1d5d5621 testClass = MemoryTableMeta_DDL_Test, locations = '{classpath:/tsdb/h2-tsdb.xml}', classes = '{}', contextInitializerClasses = '[]', activeProfiles = '{}', contextLoader = 'org.springframework.test.context.support.DelegatingSmartContextLoader', parent = [null]]]].
16:02:50.384 [main] DEBUG o.s.t.c.CacheAwareContextLoaderDelegate - Retrieved ApplicationContext from cache with key [[MergedContextConfiguration@1d5d5621 testClass = MemoryTableMeta_DDL_Test, locations = '{classpath:/tsdb/h2-tsdb.xml}', classes = '{}', contextInitializerClasses = '[]', activeProfiles = '{}', contextLoader = 'org.springframework.test.context.support.DelegatingSmartContextLoader', parent = [null]]]
16:02:50.385 [main] DEBUG o.springframework.test.context.cache - Spring test ApplicationContext cache statistics: [ContextCache@5d160056 size = 1, hitCount = 2, missCount = 1, parentContextCount = 0]
TableMeta [schema=yushitai_test, table=card_record, fileds=
	FieldMeta [columnName=id, columnType=bigint, nullable=false, key=true, defaultValue=null, extra=null, unique=false]
	FieldMeta [columnName=name, columnType=varchar(32), nullable=true, key=false, defaultValue=null, extra=null, unique=true]
	FieldMeta [columnName=alias, columnType=varchar(32), nullable=true, key=false, defaultValue=null, extra=null, unique=true]
]
16:02:50.388 [main] DEBUG o.s.t.c.s.DirtiesContextTestExecutionListener - After test method: context [[TestContext@1f3165e7 testClass = MemoryTableMeta_DDL_Test, testInstance = com.alibaba.otter.canal.parse.inbound.mysql.tsdb.MemoryTableMeta_DDL_Test@17020207, testMethod = test2@MemoryTableMeta_DDL_Test, testException = [null], mergedContextConfiguration = [MergedContextConfiguration@1d5d5621 testClass = MemoryTableMeta_DDL_Test, locations = '{classpath:/tsdb/h2-tsdb.xml}', classes = '{}', contextInitializerClasses = '[]', activeProfiles = '{}', contextLoader = 'org.springframework.test.context.support.DelegatingSmartContextLoader', parent = [null]]]], class dirties context [false], class mode [null], method dirties context [false].
16:02:50.388 [main] DEBUG o.s.t.annotation.ProfileValueUtils - Retrieved @ProfileValueSourceConfiguration [null] for test class [com.alibaba.otter.canal.parse.inbound.mysql.tsdb.MemoryTableMeta_DDL_Test]
16:02:50.389 [main] DEBUG o.s.t.annotation.ProfileValueUtils - Retrieved ProfileValueSource type [class org.springframework.test.annotation.SystemProfileValueSource] for class [com.alibaba.otter.canal.parse.inbound.mysql.tsdb.MemoryTableMeta_DDL_Test]
16:02:50.389 [main] DEBUG o.s.t.c.s.DependencyInjectionTestExecutionListener - Performing dependency injection for test context [[TestContext@1f3165e7 testClass = MemoryTableMeta_DDL_Test, testInstance = com.alibaba.otter.canal.parse.inbound.mysql.tsdb.MemoryTableMeta_DDL_Test@36fb4fb9, testMethod = [null], testException = [null], mergedContextConfiguration = [MergedContextConfiguration@1d5d5621 testClass = MemoryTableMeta_DDL_Test, locations = '{classpath:/tsdb/h2-tsdb.xml}', classes = '{}', contextInitializerClasses = '[]', activeProfiles = '{}', contextLoader = 'org.springframework.test.context.support.DelegatingSmartContextLoader', parent = [null]]]].
16:02:50.389 [main] DEBUG o.s.t.c.CacheAwareContextLoaderDelegate - Retrieved ApplicationContext from cache with key [[MergedContextConfiguration@1d5d5621 testClass = MemoryTableMeta_DDL_Test, locations = '{classpath:/tsdb/h2-tsdb.xml}', classes = '{}', contextInitializerClasses = '[]', activeProfiles = '{}', contextLoader = 'org.springframework.test.context.support.DelegatingSmartContextLoader', parent = [null]]]
16:02:50.389 [main] DEBUG o.springframework.test.context.cache - Spring test ApplicationContext cache statistics: [ContextCache@5d160056 size = 1, hitCount = 3, missCount = 1, parentContextCount = 0]
TableMeta [schema=test, table=quniya4, fileds=
	FieldMeta [columnName=id, columnType=int, nullable=false, key=true, defaultValue=null, extra=null, unique=false]
	FieldMeta [columnName=name, columnType=varchar(255), nullable=true, key=false, defaultValue=null, extra=null, unique=false]
	FieldMeta [columnName=value, columnType=varchar(255), nullable=true, key=false, defaultValue=null, extra=null, unique=false]
]
16:02:50.392 [main] DEBUG o.s.t.c.s.DirtiesContextTestExecutionListener - After test method: context [[TestContext@1f3165e7 testClass = MemoryTableMeta_DDL_Test, testInstance = com.alibaba.otter.canal.parse.inbound.mysql.tsdb.MemoryTableMeta_DDL_Test@36fb4fb9, testMethod = test3@MemoryTableMeta_DDL_Test, testException = [null], mergedContextConfiguration = [MergedContextConfiguration@1d5d5621 testClass = MemoryTableMeta_DDL_Test, locations = '{classpath:/tsdb/h2-tsdb.xml}', classes = '{}', contextInitializerClasses = '[]', activeProfiles = '{}', contextLoader = 'org.springframework.test.context.support.DelegatingSmartContextLoader', parent = [null]]]], class dirties context [false], class mode [null], method dirties context [false].
16:02:50.392 [main] DEBUG o.s.t.c.s.DirtiesContextTestExecutionListener - After test class: context [[TestContext@1f3165e7 testClass = MemoryTableMeta_DDL_Test, testInstance = [null], testMethod = [null], testException = [null], mergedContextConfiguration = [MergedContextConfiguration@1d5d5621 testClass = MemoryTableMeta_DDL_Test, locations = '{classpath:/tsdb/h2-tsdb.xml}', classes = '{}', contextInitializerClasses = '[]', activeProfiles = '{}', contextLoader = 'org.springframework.test.context.support.DelegatingSmartContextLoader', parent = [null]]]], dirtiesContext [false].
[[1;34mINFO[m] [1;32mTests run: [0;1;32m4[m, Failures: 0, Errors: 0, Skipped: 0, Time elapsed: 3.656 s - in com.alibaba.otter.canal.parse.inbound.mysql.tsdb.[1mMemoryTableMeta_DDL_Test[m
[[1;34mINFO[m] Running com.alibaba.otter.canal.parse.inbound.mysql.tsdb.[1mMemoryTableMeta_Random_DDL_Test[m
16:02:50.393 [main] DEBUG o.s.t.c.j.SpringJUnit4ClassRunner - SpringJUnit4ClassRunner constructor called with [class com.alibaba.otter.canal.parse.inbound.mysql.tsdb.MemoryTableMeta_Random_DDL_Test].
16:02:50.394 [main] DEBUG o.s.t.c.s.AbstractDelegatingSmartContextLoader - Delegating to GenericXmlContextLoader to process context configuration [ContextConfigurationAttributes@550d10a1 declaringClass = 'com.alibaba.otter.canal.parse.inbound.mysql.tsdb.MemoryTableMeta_Random_DDL_Test', classes = '{}', locations = '{/tsdb/h2-tsdb.xml}', inheritLocations = true, initializers = '{}', inheritInitializers = true, name = [null], contextLoaderClass = 'org.springframework.test.context.ContextLoader'].
16:02:50.394 [main] DEBUG o.s.test.context.ContextLoaderUtils - Could not find an 'annotation declaring class' for annotation type [org.springframework.test.context.ActiveProfiles] and class [com.alibaba.otter.canal.parse.inbound.mysql.tsdb.MemoryTableMeta_Random_DDL_Test]
16:02:50.394 [main] DEBUG o.s.test.context.TestContextManager - @TestExecutionListeners is not present for class [com.alibaba.otter.canal.parse.inbound.mysql.tsdb.MemoryTableMeta_Random_DDL_Test]: using defaults.
16:02:50.395 [main] INFO  o.s.test.context.TestContextManager - Could not instantiate TestExecutionListener [org.springframework.test.context.web.ServletTestExecutionListener]. Specify custom listener classes or make the default listener classes (and their required dependencies) available. Offending class: [javax/servlet/ServletContext]
16:02:50.395 [main] DEBUG o.s.t.annotation.ProfileValueUtils - Retrieved @ProfileValueSourceConfiguration [null] for test class [com.alibaba.otter.canal.parse.inbound.mysql.tsdb.MemoryTableMeta_Random_DDL_Test]
16:02:50.395 [main] DEBUG o.s.t.annotation.ProfileValueUtils - Retrieved ProfileValueSource type [class org.springframework.test.annotation.SystemProfileValueSource] for class [com.alibaba.otter.canal.parse.inbound.mysql.tsdb.MemoryTableMeta_Random_DDL_Test]
16:02:50.395 [main] DEBUG o.s.t.annotation.ProfileValueUtils - Retrieved @ProfileValueSourceConfiguration [null] for test class [com.alibaba.otter.canal.parse.inbound.mysql.tsdb.MemoryTableMeta_Random_DDL_Test]
16:02:50.396 [main] DEBUG o.s.t.annotation.ProfileValueUtils - Retrieved ProfileValueSource type [class org.springframework.test.annotation.SystemProfileValueSource] for class [com.alibaba.otter.canal.parse.inbound.mysql.tsdb.MemoryTableMeta_Random_DDL_Test]
16:02:50.396 [main] DEBUG o.s.t.annotation.ProfileValueUtils - Retrieved @ProfileValueSourceConfiguration [null] for test class [com.alibaba.otter.canal.parse.inbound.mysql.tsdb.MemoryTableMeta_Random_DDL_Test]
16:02:50.396 [main] DEBUG o.s.t.annotation.ProfileValueUtils - Retrieved ProfileValueSource type [class org.springframework.test.annotation.SystemProfileValueSource] for class [com.alibaba.otter.canal.parse.inbound.mysql.tsdb.MemoryTableMeta_Random_DDL_Test]
16:02:50.396 [main] DEBUG o.s.t.annotation.ProfileValueUtils - Retrieved @ProfileValueSourceConfiguration [null] for test class [com.alibaba.otter.canal.parse.inbound.mysql.tsdb.MemoryTableMeta_Random_DDL_Test]
16:02:50.396 [main] DEBUG o.s.t.annotation.ProfileValueUtils - Retrieved ProfileValueSource type [class org.springframework.test.annotation.SystemProfileValueSource] for class [com.alibaba.otter.canal.parse.inbound.mysql.tsdb.MemoryTableMeta_Random_DDL_Test]
16:02:50.396 [main] DEBUG o.s.t.c.s.DependencyInjectionTestExecutionListener - Performing dependency injection for test context [[TestContext@3caef656 testClass = MemoryTableMeta_Random_DDL_Test, testInstance = com.alibaba.otter.canal.parse.inbound.mysql.tsdb.MemoryTableMeta_Random_DDL_Test@69764729, testMethod = [null], testException = [null], mergedContextConfiguration = [MergedContextConfiguration@64c8afbe testClass = MemoryTableMeta_Random_DDL_Test, locations = '{classpath:/tsdb/h2-tsdb.xml}', classes = '{}', contextInitializerClasses = '[]', activeProfiles = '{}', contextLoader = 'org.springframework.test.context.support.DelegatingSmartContextLoader', parent = [null]]]].
16:02:50.396 [main] DEBUG o.s.t.c.CacheAwareContextLoaderDelegate - Retrieved ApplicationContext from cache with key [[MergedContextConfiguration@64c8afbe testClass = MemoryTableMeta_Random_DDL_Test, locations = '{classpath:/tsdb/h2-tsdb.xml}', classes = '{}', contextInitializerClasses = '[]', activeProfiles = '{}', contextLoader = 'org.springframework.test.context.support.DelegatingSmartContextLoader', parent = [null]]]
16:02:50.396 [main] DEBUG o.springframework.test.context.cache - Spring test ApplicationContext cache statistics: [ContextCache@5d160056 size = 1, hitCount = 4, missCount = 1, parentContextCount = 0]
16:02:50.414 [main] INFO  c.a.f.s.repository.SchemaRepository - replaced table 'tb_rpuyybsdob'
16:02:50.415 [main] INFO  c.a.f.s.repository.SchemaRepository - replaced table 'tb_ljqeyzesru'
16:02:50.417 [main] INFO  c.a.f.s.repository.SchemaRepository - replaced table 'tb_bbvvzzczcw'
16:02:50.418 [main] INFO  c.a.f.s.repository.SchemaRepository - replaced table 'tb_hcvvpyqbtd'
16:02:50.418 [main] INFO  c.a.f.s.repository.SchemaRepository - replaced table 'tb_yfjonexaag'
16:02:50.419 [main] INFO  c.a.f.s.repository.SchemaRepository - replaced table 'tb_wewsxxqmxd'
16:02:50.419 [main] INFO  c.a.f.s.repository.SchemaRepository - replaced table 'tb_rpuyybsdob'
16:02:50.420 [main] INFO  c.a.f.s.repository.SchemaRepository - replaced table 'tb_ljqeyzesru'
16:02:50.420 [main] INFO  c.a.f.s.repository.SchemaRepository - replaced table 'tb_bbvvzzczcw'
16:02:50.421 [main] INFO  c.a.f.s.repository.SchemaRepository - replaced table 'tb_hcvvpyqbtd'
16:02:50.421 [main] INFO  c.a.f.s.repository.SchemaRepository - replaced table 'tb_yfjonexaag'
16:02:50.421 [main] INFO  c.a.f.s.repository.SchemaRepository - replaced table 'tb_wewsxxqmxd'
16:02:50.421 [main] INFO  c.a.f.s.repository.SchemaRepository - replaced table 'tb_rpuyybsdob'
16:02:50.422 [main] INFO  c.a.f.s.repository.SchemaRepository - replaced table 'tb_ljqeyzesru'
16:02:50.423 [main] INFO  c.a.f.s.repository.SchemaRepository - replaced table 'tb_bbvvzzczcw'
16:02:50.423 [main] INFO  c.a.f.s.repository.SchemaRepository - replaced table 'tb_hcvvpyqbtd'
16:02:50.423 [main] INFO  c.a.f.s.repository.SchemaRepository - replaced table 'tb_yfjonexaag'
16:02:50.423 [main] INFO  c.a.f.s.repository.SchemaRepository - replaced table 'tb_wewsxxqmxd'
16:02:50.424 [main] INFO  c.a.f.s.repository.SchemaRepository - replaced table 'tb_rpuyybsdob'
16:02:50.427 [main] INFO  c.a.f.s.repository.SchemaRepository - replaced table 'tb_ljqeyzesru'
16:02:50.428 [main] INFO  c.a.f.s.repository.SchemaRepository - replaced table 'tb_bbvvzzczcw'
16:02:50.428 [main] INFO  c.a.f.s.repository.SchemaRepository - replaced table 'tb_hcvvpyqbtd'
16:02:50.428 [main] INFO  c.a.f.s.repository.SchemaRepository - replaced table 'tb_yfjonexaag'
16:02:50.428 [main] INFO  c.a.f.s.repository.SchemaRepository - replaced table 'tb_wewsxxqmxd'
16:02:50.429 [main] INFO  c.a.f.s.repository.SchemaRepository - replaced table 'tb_rpuyybsdob'
16:02:50.429 [main] INFO  c.a.f.s.repository.SchemaRepository - replaced table 'tb_ljqeyzesru'
16:02:50.430 [main] INFO  c.a.f.s.repository.SchemaRepository - replaced table 'tb_bbvvzzczcw'
16:02:50.430 [main] INFO  c.a.f.s.repository.SchemaRepository - replaced table 'tb_hcvvpyqbtd'
16:02:50.430 [main] INFO  c.a.f.s.repository.SchemaRepository - replaced table 'tb_yfjonexaag'
16:02:50.430 [main] INFO  c.a.f.s.repository.SchemaRepository - replaced table 'tb_wewsxxqmxd'
16:02:50.438 [main] INFO  c.a.f.s.repository.SchemaRepository - replaced table 'tb_ctxyxxbpqn'
16:02:50.438 [main] INFO  c.a.f.s.repository.SchemaRepository - replaced table 'tb_uasvccezbb'
16:02:50.444 [main] INFO  c.a.f.s.repository.SchemaRepository - replaced table 'tb_npfwhbears'
16:02:50.445 [main] INFO  c.a.f.s.repository.SchemaRepository - replaced table 'tb_iapmhzrbpl'
16:02:50.445 [main] INFO  c.a.f.s.repository.SchemaRepository - replaced table 'tb_nxxnnxsqeq'
16:02:50.446 [main] INFO  c.a.f.s.repository.SchemaRepository - replaced table 'tb_yujleuojse'
16:02:50.446 [main] INFO  c.a.f.s.repository.SchemaRepository - replaced table 'tb_npfwhbears'
16:02:50.446 [main] INFO  c.a.f.s.repository.SchemaRepository - replaced table 'tb_iapmhzrbpl'
16:02:50.446 [main] INFO  c.a.f.s.repository.SchemaRepository - replaced table 'tb_nxxnnxsqeq'
16:02:50.447 [main] INFO  c.a.f.s.repository.SchemaRepository - replaced table 'tb_yujleuojse'
16:02:50.447 [main] INFO  c.a.f.s.repository.SchemaRepository - replaced table 'tb_npfwhbears'
16:02:50.447 [main] INFO  c.a.f.s.repository.SchemaRepository - replaced table 'tb_iapmhzrbpl'
16:02:50.447 [main] INFO  c.a.f.s.repository.SchemaRepository - replaced table 'tb_nxxnnxsqeq'
16:02:50.447 [main] INFO  c.a.f.s.repository.SchemaRepository - replaced table 'tb_yujleuojse'
16:02:50.452 [main] INFO  c.a.f.s.repository.SchemaRepository - replaced table 'tb_osccbhgwdn'
16:02:50.452 [main] INFO  c.a.f.s.repository.SchemaRepository - replaced table 'tb_chzhfzbmgu'
16:02:50.452 [main] INFO  c.a.f.s.repository.SchemaRepository - replaced table 'tb_bpukgjzglw'
16:02:50.452 [main] INFO  c.a.f.s.repository.SchemaRepository - replaced table 'tb_osccbhgwdn'
16:02:50.453 [main] INFO  c.a.f.s.repository.SchemaRepository - replaced table 'tb_chzhfzbmgu'
16:02:50.453 [main] INFO  c.a.f.s.repository.SchemaRepository - replaced table 'tb_bpukgjzglw'
16:02:50.461 [main] INFO  c.a.f.s.repository.SchemaRepository - replaced table 'tb_cwypwdifyd'
16:02:50.461 [main] INFO  c.a.f.s.repository.SchemaRepository - replaced table 'tb_gnhiuztkhp'
16:02:50.461 [main] INFO  c.a.f.s.repository.SchemaRepository - replaced table 'tb_omxdljixxx'
16:02:50.462 [main] INFO  c.a.f.s.repository.SchemaRepository - replaced table 'tb_cwypwdifyd'
16:02:50.462 [main] INFO  c.a.f.s.repository.SchemaRepository - replaced table 'tb_gnhiuztkhp'
16:02:50.462 [main] INFO  c.a.f.s.repository.SchemaRepository - replaced table 'tb_omxdljixxx'
16:02:50.475 [main] INFO  c.a.f.s.repository.SchemaRepository - replaced table 'tb_repwxdxmss'
16:02:50.476 [main] INFO  c.a.f.s.repository.SchemaRepository - replaced table 'tb_bmbzkqioww'
16:02:50.476 [main] INFO  c.a.f.s.repository.SchemaRepository - replaced table 'tb_dqutvqabgv'
16:02:50.476 [main] INFO  c.a.f.s.repository.SchemaRepository - replaced table 'tb_repwxdxmss'
16:02:50.476 [main] INFO  c.a.f.s.repository.SchemaRepository - replaced table 'tb_bmbzkqioww'
16:02:50.476 [main] INFO  c.a.f.s.repository.SchemaRepository - replaced table 'tb_dqutvqabgv'
16:02:50.491 [main] INFO  c.a.f.s.repository.SchemaRepository - replaced table 'tb_ruhyyyifba'
16:02:50.492 [main] INFO  c.a.f.s.repository.SchemaRepository - replaced table 'tb_rjbzsfvdte'
16:02:50.492 [main] INFO  c.a.f.s.repository.SchemaRepository - replaced table 'tb_qfryzntbot'
16:02:50.493 [main] INFO  c.a.f.s.repository.SchemaRepository - replaced table 'tb_ruhyyyifba'
16:02:50.493 [main] INFO  c.a.f.s.repository.SchemaRepository - replaced table 'tb_rjbzsfvdte'
16:02:50.493 [main] INFO  c.a.f.s.repository.SchemaRepository - replaced table 'tb_qfryzntbot'
16:02:50.497 [main] INFO  c.a.f.s.repository.SchemaRepository - replaced table 'tb_mjixwohckz'
16:02:50.497 [main] INFO  c.a.f.s.repository.SchemaRepository - replaced table 'tb_wdurcynllr'
16:02:50.497 [main] INFO  c.a.f.s.repository.SchemaRepository - replaced table 'tb_ayzakpuupb'
16:02:50.498 [main] INFO  c.a.f.s.repository.SchemaRepository - replaced table 'tb_mjixwohckz'
16:02:50.498 [main] INFO  c.a.f.s.repository.SchemaRepository - replaced table 'tb_wdurcynllr'
16:02:50.498 [main] INFO  c.a.f.s.repository.SchemaRepository - replaced table 'tb_ayzakpuupb'
16:02:50.535 [main] INFO  c.a.f.s.repository.SchemaRepository - replaced table 'tb_gvxwgsxgte'
16:02:50.536 [main] INFO  c.a.f.s.repository.SchemaRepository - replaced table 'tb_oytmynjdbq'
16:02:50.536 [main] INFO  c.a.f.s.repository.SchemaRepository - replaced table 'tb_wtwwuhhmqp'
16:02:50.536 [main] INFO  c.a.f.s.repository.SchemaRepository - replaced table 'tb_gvxwgsxgte'
16:02:50.536 [main] INFO  c.a.f.s.repository.SchemaRepository - replaced table 'tb_oytmynjdbq'
16:02:50.536 [main] INFO  c.a.f.s.repository.SchemaRepository - replaced table 'tb_wtwwuhhmqp'
16:02:50.541 [main] INFO  c.a.f.s.repository.SchemaRepository - replaced table 'tb_jmydpaxtpu'
16:02:50.542 [main] INFO  c.a.f.s.repository.SchemaRepository - replaced table 'tb_bkldmexfby'
16:02:50.551 [main] INFO  c.a.f.s.repository.SchemaRepository - replaced table 'tb_iztgdcpcld'
16:02:50.551 [main] INFO  c.a.f.s.repository.SchemaRepository - replaced table 'tb_kubnsybcaf'
16:02:50.551 [main] INFO  c.a.f.s.repository.SchemaRepository - replaced table 'tb_bjsplgjemd'
16:02:50.551 [main] INFO  c.a.f.s.repository.SchemaRepository - replaced table 'tb_dxadqwfhhb'
16:02:50.551 [main] INFO  c.a.f.s.repository.SchemaRepository - replaced table 'tb_iztgdcpcld'
16:02:50.552 [main] INFO  c.a.f.s.repository.SchemaRepository - replaced table 'tb_kubnsybcaf'
16:02:50.552 [main] INFO  c.a.f.s.repository.SchemaRepository - replaced table 'tb_bjsplgjemd'
16:02:50.552 [main] INFO  c.a.f.s.repository.SchemaRepository - replaced table 'tb_dxadqwfhhb'
16:02:50.552 [main] INFO  c.a.f.s.repository.SchemaRepository - replaced table 'tb_iztgdcpcld'
16:02:50.552 [main] INFO  c.a.f.s.repository.SchemaRepository - replaced table 'tb_kubnsybcaf'
16:02:50.553 [main] INFO  c.a.f.s.repository.SchemaRepository - replaced table 'tb_bjsplgjemd'
16:02:50.553 [main] INFO  c.a.f.s.repository.SchemaRepository - replaced table 'tb_dxadqwfhhb'
16:02:50.557 [main] INFO  c.a.f.s.repository.SchemaRepository - replaced table 'tb_arczcfjqat'
16:02:50.557 [main] INFO  c.a.f.s.repository.SchemaRepository - replaced table 'tb_kgdpofrysh'
16:02:50.559 [main] INFO  c.a.f.s.repository.SchemaRepository - replaced table 'tb_vjudeyawut'
16:02:50.559 [main] INFO  c.a.f.s.repository.SchemaRepository - replaced table 'tb_asbrvloeex'
16:02:50.563 [main] INFO  c.a.f.s.repository.SchemaRepository - replaced table 'tb_jwspnsjkbz'
16:02:50.563 [main] INFO  c.a.f.s.repository.SchemaRepository - replaced table 'tb_uildklperh'
16:02:50.563 [main] INFO  c.a.f.s.repository.SchemaRepository - replaced table 'tb_auppieylzo'
16:02:50.564 [main] INFO  c.a.f.s.repository.SchemaRepository - replaced table 'tb_rdvmtcfenu'
16:02:50.564 [main] INFO  c.a.f.s.repository.SchemaRepository - replaced table 'tb_btaicbcvzm'
16:02:50.564 [main] INFO  c.a.f.s.repository.SchemaRepository - replaced table 'tb_mxukjfwtfx'
16:02:50.564 [main] INFO  c.a.f.s.repository.SchemaRepository - replaced table 'tb_jwspnsjkbz'
16:02:50.564 [main] INFO  c.a.f.s.repository.SchemaRepository - replaced table 'tb_uildklperh'
16:02:50.564 [main] INFO  c.a.f.s.repository.SchemaRepository - replaced table 'tb_auppieylzo'
16:02:50.564 [main] INFO  c.a.f.s.repository.SchemaRepository - replaced table 'tb_rdvmtcfenu'
16:02:50.564 [main] INFO  c.a.f.s.repository.SchemaRepository - replaced table 'tb_btaicbcvzm'
16:02:50.564 [main] INFO  c.a.f.s.repository.SchemaRepository - replaced table 'tb_mxukjfwtfx'
16:02:50.564 [main] INFO  c.a.f.s.repository.SchemaRepository - replaced table 'tb_jwspnsjkbz'
16:02:50.564 [main] INFO  c.a.f.s.repository.SchemaRepository - replaced table 'tb_uildklperh'
16:02:50.564 [main] INFO  c.a.f.s.repository.SchemaRepository - replaced table 'tb_auppieylzo'
16:02:50.564 [main] INFO  c.a.f.s.repository.SchemaRepository - replaced table 'tb_rdvmtcfenu'
16:02:50.565 [main] INFO  c.a.f.s.repository.SchemaRepository - replaced table 'tb_btaicbcvzm'
16:02:50.565 [main] INFO  c.a.f.s.repository.SchemaRepository - replaced table 'tb_mxukjfwtfx'
16:02:50.565 [main] INFO  c.a.f.s.repository.SchemaRepository - replaced table 'tb_jwspnsjkbz'
16:02:50.565 [main] INFO  c.a.f.s.repository.SchemaRepository - replaced table 'tb_uildklperh'
16:02:50.565 [main] INFO  c.a.f.s.repository.SchemaRepository - replaced table 'tb_auppieylzo'
16:02:50.565 [main] INFO  c.a.f.s.repository.SchemaRepository - replaced table 'tb_rdvmtcfenu'
16:02:50.565 [main] INFO  c.a.f.s.repository.SchemaRepository - replaced table 'tb_btaicbcvzm'
16:02:50.565 [main] INFO  c.a.f.s.repository.SchemaRepository - replaced table 'tb_mxukjfwtfx'
16:02:50.565 [main] INFO  c.a.f.s.repository.SchemaRepository - replaced table 'tb_jwspnsjkbz'
16:02:50.565 [main] INFO  c.a.f.s.repository.SchemaRepository - replaced table 'tb_uildklperh'
16:02:50.565 [main] INFO  c.a.f.s.repository.SchemaRepository - replaced table 'tb_auppieylzo'
16:02:50.565 [main] INFO  c.a.f.s.repository.SchemaRepository - replaced table 'tb_rdvmtcfenu'
16:02:50.565 [main] INFO  c.a.f.s.repository.SchemaRepository - replaced table 'tb_btaicbcvzm'
16:02:50.565 [main] INFO  c.a.f.s.repository.SchemaRepository - replaced table 'tb_mxukjfwtfx'
16:02:50.568 [main] INFO  c.a.f.s.repository.SchemaRepository - replaced table 'tb_lvhgwlctrm'
16:02:50.569 [main] INFO  c.a.f.s.repository.SchemaRepository - replaced table 'tb_xplnlwuite'
16:02:50.570 [main] INFO  c.a.f.s.repository.SchemaRepository - replaced table 'tb_tntbgwfxdz'
16:02:50.570 [main] INFO  c.a.f.s.repository.SchemaRepository - replaced table 'tb_cemigpflpg'
16:02:50.570 [main] INFO  c.a.f.s.repository.SchemaRepository - replaced table 'tb_lvhgwlctrm'
16:02:50.571 [main] INFO  c.a.f.s.repository.SchemaRepository - replaced table 'tb_xplnlwuite'
16:02:50.571 [main] INFO  c.a.f.s.repository.SchemaRepository - replaced table 'tb_tntbgwfxdz'
16:02:50.571 [main] INFO  c.a.f.s.repository.SchemaRepository - replaced table 'tb_cemigpflpg'
16:02:50.571 [main] INFO  c.a.f.s.repository.SchemaRepository - replaced table 'tb_lvhgwlctrm'
16:02:50.571 [main] INFO  c.a.f.s.repository.SchemaRepository - replaced table 'tb_xplnlwuite'
16:02:50.571 [main] INFO  c.a.f.s.repository.SchemaRepository - replaced table 'tb_tntbgwfxdz'
16:02:50.571 [main] INFO  c.a.f.s.repository.SchemaRepository - replaced table 'tb_cemigpflpg'
16:02:50.573 [main] INFO  c.a.f.s.repository.SchemaRepository - replaced table 'tb_pactwzqamv'
16:02:50.573 [main] INFO  c.a.f.s.repository.SchemaRepository - replaced table 'tb_onrsvwgpqb'
16:02:50.574 [main] INFO  c.a.f.s.repository.SchemaRepository - replaced table 'tb_xfnqchameq'
16:02:50.574 [main] INFO  c.a.f.s.repository.SchemaRepository - replaced table 'tb_pactwzqamv'
16:02:50.574 [main] INFO  c.a.f.s.repository.SchemaRepository - replaced table 'tb_onrsvwgpqb'
16:02:50.574 [main] INFO  c.a.f.s.repository.SchemaRepository - replaced table 'tb_xfnqchameq'
16:02:50.575 [main] DEBUG o.s.t.c.s.DirtiesContextTestExecutionListener - After test method: context [[TestContext@3caef656 testClass = MemoryTableMeta_Random_DDL_Test, testInstance = com.alibaba.otter.canal.parse.inbound.mysql.tsdb.MemoryTableMeta_Random_DDL_Test@69764729, testMethod = test_database@MemoryTableMeta_Random_DDL_Test, testException = [null], mergedContextConfiguration = [MergedContextConfiguration@64c8afbe testClass = MemoryTableMeta_Random_DDL_Test, locations = '{classpath:/tsdb/h2-tsdb.xml}', classes = '{}', contextInitializerClasses = '[]', activeProfiles = '{}', contextLoader = 'org.springframework.test.context.support.DelegatingSmartContextLoader', parent = [null]]]], class dirties context [false], class mode [null], method dirties context [false].
16:02:50.575 [main] DEBUG o.s.t.annotation.ProfileValueUtils - Retrieved @ProfileValueSourceConfiguration [null] for test class [com.alibaba.otter.canal.parse.inbound.mysql.tsdb.MemoryTableMeta_Random_DDL_Test]
16:02:50.575 [main] DEBUG o.s.t.annotation.ProfileValueUtils - Retrieved ProfileValueSource type [class org.springframework.test.annotation.SystemProfileValueSource] for class [com.alibaba.otter.canal.parse.inbound.mysql.tsdb.MemoryTableMeta_Random_DDL_Test]
16:02:50.576 [main] DEBUG o.s.t.c.s.DependencyInjectionTestExecutionListener - Performing dependency injection for test context [[TestContext@3caef656 testClass = MemoryTableMeta_Random_DDL_Test, testInstance = com.alibaba.otter.canal.parse.inbound.mysql.tsdb.MemoryTableMeta_Random_DDL_Test@3db75056, testMethod = [null], testException = [null], mergedContextConfiguration = [MergedContextConfiguration@64c8afbe testClass = MemoryTableMeta_Random_DDL_Test, locations = '{classpath:/tsdb/h2-tsdb.xml}', classes = '{}', contextInitializerClasses = '[]', activeProfiles = '{}', contextLoader = 'org.springframework.test.context.support.DelegatingSmartContextLoader', parent = [null]]]].
16:02:50.576 [main] DEBUG o.s.t.c.CacheAwareContextLoaderDelegate - Retrieved ApplicationContext from cache with key [[MergedContextConfiguration@64c8afbe testClass = MemoryTableMeta_Random_DDL_Test, locations = '{classpath:/tsdb/h2-tsdb.xml}', classes = '{}', contextInitializerClasses = '[]', activeProfiles = '{}', contextLoader = 'org.springframework.test.context.support.DelegatingSmartContextLoader', parent = [null]]]
16:02:50.576 [main] DEBUG o.springframework.test.context.cache - Spring test ApplicationContext cache statistics: [ContextCache@5d160056 size = 1, hitCount = 5, missCount = 1, parentContextCount = 0]
16:02:50.758 [main] DEBUG o.s.t.c.s.DirtiesContextTestExecutionListener - After test method: context [[TestContext@3caef656 testClass = MemoryTableMeta_Random_DDL_Test, testInstance = com.alibaba.otter.canal.parse.inbound.mysql.tsdb.MemoryTableMeta_Random_DDL_Test@3db75056, testMethod = test_table@MemoryTableMeta_Random_DDL_Test, testException = [null], mergedContextConfiguration = [MergedContextConfiguration@64c8afbe testClass = MemoryTableMeta_Random_DDL_Test, locations = '{classpath:/tsdb/h2-tsdb.xml}', classes = '{}', contextInitializerClasses = '[]', activeProfiles = '{}', contextLoader = 'org.springframework.test.context.support.DelegatingSmartContextLoader', parent = [null]]]], class dirties context [false], class mode [null], method dirties context [false].
16:02:50.759 [main] DEBUG o.s.t.c.s.DirtiesContextTestExecutionListener - After test class: context [[TestContext@3caef656 testClass = MemoryTableMeta_Random_DDL_Test, testInstance = [null], testMethod = [null], testException = [null], mergedContextConfiguration = [MergedContextConfiguration@64c8afbe testClass = MemoryTableMeta_Random_DDL_Test, locations = '{classpath:/tsdb/h2-tsdb.xml}', classes = '{}', contextInitializerClasses = '[]', activeProfiles = '{}', contextLoader = 'org.springframework.test.context.support.DelegatingSmartContextLoader', parent = [null]]]], dirtiesContext [false].
[[1;34mINFO[m] [1;32mTests run: [0;1;32m2[m, Failures: 0, Errors: 0, Skipped: 0, Time elapsed: 0.364 s - in com.alibaba.otter.canal.parse.inbound.mysql.tsdb.[1mMemoryTableMeta_Random_DDL_Test[m
[[1;34mINFO[m] Running com.alibaba.otter.canal.parse.inbound.mysql.tsdb.[1mTableMetaManagerTest[m
[[1;33mWARNING[m] [1;33mTests [0;1mrun: [0;1m1[m, Failures: 0, Errors: 0, [1;33mSkipped: [0;1;33m1[m, Time elapsed: 0 s - in com.alibaba.otter.canal.parse.inbound.mysql.tsdb.[1mTableMetaManagerTest[m
[[1;34mINFO[m] Running com.alibaba.otter.canal.parse.inbound.mysql.tsdb.[1mMetaSnapshotDAOTest[m
16:02:50.763 [main] DEBUG o.s.t.c.j.SpringJUnit4ClassRunner - SpringJUnit4ClassRunner constructor called with [class com.alibaba.otter.canal.parse.inbound.mysql.tsdb.MetaSnapshotDAOTest].
16:02:50.764 [main] DEBUG o.s.t.c.s.AbstractDelegatingSmartContextLoader - Delegating to GenericXmlContextLoader to process context configuration [ContextConfigurationAttributes@5a1f3003 declaringClass = 'com.alibaba.otter.canal.parse.inbound.mysql.tsdb.MetaSnapshotDAOTest', classes = '{}', locations = '{/tsdb/h2-tsdb.xml}', inheritLocations = true, initializers = '{}', inheritInitializers = true, name = [null], contextLoaderClass = 'org.springframework.test.context.ContextLoader'].
16:02:50.764 [main] DEBUG o.s.test.context.ContextLoaderUtils - Could not find an 'annotation declaring class' for annotation type [org.springframework.test.context.ActiveProfiles] and class [com.alibaba.otter.canal.parse.inbound.mysql.tsdb.MetaSnapshotDAOTest]
16:02:50.765 [main] DEBUG o.s.test.context.TestContextManager - @TestExecutionListeners is not present for class [com.alibaba.otter.canal.parse.inbound.mysql.tsdb.MetaSnapshotDAOTest]: using defaults.
16:02:50.765 [main] INFO  o.s.test.context.TestContextManager - Could not instantiate TestExecutionListener [org.springframework.test.context.web.ServletTestExecutionListener]. Specify custom listener classes or make the default listener classes (and their required dependencies) available. Offending class: [javax/servlet/ServletContext]
16:02:50.766 [main] DEBUG o.s.t.annotation.ProfileValueUtils - Retrieved @ProfileValueSourceConfiguration [null] for test class [com.alibaba.otter.canal.parse.inbound.mysql.tsdb.MetaSnapshotDAOTest]
16:02:50.766 [main] DEBUG o.s.t.annotation.ProfileValueUtils - Retrieved ProfileValueSource type [class org.springframework.test.annotation.SystemProfileValueSource] for class [com.alibaba.otter.canal.parse.inbound.mysql.tsdb.MetaSnapshotDAOTest]
16:02:50.766 [main] DEBUG o.s.t.annotation.ProfileValueUtils - Retrieved @ProfileValueSourceConfiguration [null] for test class [com.alibaba.otter.canal.parse.inbound.mysql.tsdb.MetaSnapshotDAOTest]
16:02:50.766 [main] DEBUG o.s.t.annotation.ProfileValueUtils - Retrieved ProfileValueSource type [class org.springframework.test.annotation.SystemProfileValueSource] for class [com.alibaba.otter.canal.parse.inbound.mysql.tsdb.MetaSnapshotDAOTest]
16:02:50.766 [main] DEBUG o.s.t.annotation.ProfileValueUtils - Retrieved @ProfileValueSourceConfiguration [null] for test class [com.alibaba.otter.canal.parse.inbound.mysql.tsdb.MetaSnapshotDAOTest]
16:02:50.766 [main] DEBUG o.s.t.annotation.ProfileValueUtils - Retrieved ProfileValueSource type [class org.springframework.test.annotation.SystemProfileValueSource] for class [com.alibaba.otter.canal.parse.inbound.mysql.tsdb.MetaSnapshotDAOTest]
[[1;33mWARNING[m] [1;33mTests [0;1mrun: [0;1m1[m, Failures: 0, Errors: 0, [1;33mSkipped: [0;1;33m1[m, Time elapsed: 0.003 s - in com.alibaba.otter.canal.parse.inbound.mysql.tsdb.[1mMetaSnapshotDAOTest[m
[[1;34mINFO[m] Running com.alibaba.otter.canal.parse.inbound.mysql.tsdb.[1mTableMetaManagerBuilderTest[m
[[1;33mWARNING[m] [1;33mTests [0;1mrun: [0;1m1[m, Failures: 0, Errors: 0, [1;33mSkipped: [0;1;33m1[m, Time elapsed: 0 s - in com.alibaba.otter.canal.parse.inbound.mysql.tsdb.[1mTableMetaManagerBuilderTest[m
[[1;34mINFO[m] Running com.alibaba.otter.canal.parse.inbound.mysql.tsdb.[1mMemoryTableMetaTest[m
[[1;33mWARNING[m] [1;33mTests [0;1mrun: [0;1m1[m, Failures: 0, Errors: 0, [1;33mSkipped: [0;1;33m1[m, Time elapsed: 0 s - in com.alibaba.otter.canal.parse.inbound.mysql.tsdb.[1mMemoryTableMetaTest[m
[[1;34mINFO[m] Running com.alibaba.otter.canal.parse.inbound.mysql.tsdb.[1mFastsqlSchemaTest[m
CREATE TABLE quniya4 (
	id int NOT NULL,
	name varchar(255) NULL,
	value varchar(255) NULL,
	PRIMARY KEY (id)
)
[[1;34mINFO[m] [1;32mTests run: [0;1;32m1[m, Failures: 0, Errors: 0, Skipped: 0, Time elapsed: 0.022 s - in com.alibaba.otter.canal.parse.inbound.mysql.tsdb.[1mFastsqlSchemaTest[m
[[1;34mINFO[m] Running com.alibaba.otter.canal.parse.inbound.mysql.[1mRdsLocalBinlogDumpTest[m
[[1;33mWARNING[m] [1;33mTests [0;1mrun: [0;1m1[m, Failures: 0, Errors: 0, [1;33mSkipped: [0;1;33m1[m, Time elapsed: 0 s - in com.alibaba.otter.canal.parse.inbound.mysql.[1mRdsLocalBinlogDumpTest[m
[[1;34mINFO[m] Running com.alibaba.otter.canal.parse.inbound.mysql.[1mDruidDdlParserTest[m
[[1;34mINFO[m] [1;32mTests run: [0;1;32m7[m, Failures: 0, Errors: 0, Skipped: 0, Time elapsed: 0.08 s - in com.alibaba.otter.canal.parse.inbound.mysql.[1mDruidDdlParserTest[m
[[1;34mINFO[m] Running com.alibaba.otter.canal.parse.inbound.mysql.[1mRdsBinlogOpenApiTest[m
[[1;33mWARNING[m] [1;33mTests [0;1mrun: [0;1m1[m, Failures: 0, Errors: 0, [1;33mSkipped: [0;1;33m1[m, Time elapsed: 0 s - in com.alibaba.otter.canal.parse.inbound.mysql.[1mRdsBinlogOpenApiTest[m
[[1;34mINFO[m] Running com.alibaba.otter.canal.parse.inbound.mysql.[1mMysqlEventParserTest[m
[[1;33mWARNING[m] [1;33mTests [0;1mrun: [0;1m1[m, Failures: 0, Errors: 0, [1;33mSkipped: [0;1;33m1[m, Time elapsed: 0 s - in com.alibaba.otter.canal.parse.inbound.mysql.[1mMysqlEventParserTest[m
[[1;34mINFO[m] Running com.alibaba.otter.canal.parse.inbound.mysql.[1mRdsBinlogEventParserProxyTest[m
[[1;33mWARNING[m] [1;33mTests [0;1mrun: [0;1m1[m, Failures: 0, Errors: 0, [1;33mSkipped: [0;1;33m1[m, Time elapsed: 0 s - in com.alibaba.otter.canal.parse.inbound.mysql.[1mRdsBinlogEventParserProxyTest[m
[[1;34mINFO[m] Running com.alibaba.otter.canal.parse.inbound.mysql.[1mLocalBinlogDumpTest[m
[[1;33mWARNING[m] [1;33mTests [0;1mrun: [0;1m1[m, Failures: 0, Errors: 0, [1;33mSkipped: [0;1;33m1[m, Time elapsed: 0 s - in com.alibaba.otter.canal.parse.inbound.mysql.[1mLocalBinlogDumpTest[m
[[1;34mINFO[m] Running com.alibaba.otter.canal.parse.inbound.mysql.[1mSimpleDdlParserTest[m
[[1;33mWARNING[m] [1;33mTests [0;1mrun: [0;1m1[m, Failures: 0, Errors: 0, [1;33mSkipped: [0;1;33m1[m, Time elapsed: 0 s - in com.alibaba.otter.canal.parse.inbound.mysql.[1mSimpleDdlParserTest[m
[[1;34mINFO[m] Running com.alibaba.otter.canal.parse.inbound.mysql.[1mMysqlDumpTest[m
[[1;33mWARNING[m] [1;33mTests [0;1mrun: [0;1m1[m, Failures: 0, Errors: 0, [1;33mSkipped: [0;1;33m1[m, Time elapsed: 0 s - in com.alibaba.otter.canal.parse.inbound.mysql.[1mMysqlDumpTest[m
[[1;34mINFO[m] Running com.alibaba.otter.canal.parse.inbound.mysql.[1mLocalBinlogEventParserTest[m
[[1;33mWARNING[m] [1;33mTests [0;1mrun: [0;1m1[m, Failures: 0, Errors: 0, [1;33mSkipped: [0;1;33m1[m, Time elapsed: 0 s - in com.alibaba.otter.canal.parse.inbound.mysql.[1mLocalBinlogEventParserTest[m
[[1;34mINFO[m] Running com.alibaba.otter.canal.parse.inbound.group.[1mGroupEventPaserTest[m
[[1;33mWARNING[m] [1;33mTests [0;1mrun: [0;1m1[m, Failures: 0, Errors: 0, [1;33mSkipped: [0;1;33m1[m, Time elapsed: 0 s - in com.alibaba.otter.canal.parse.inbound.group.[1mGroupEventPaserTest[m
[[1;34mINFO[m] Running com.alibaba.otter.canal.parse.inbound.[1mEventTransactionBufferTest[m

>>>>>>>>>>>>>>>>>>>>>>>>>>>>>>>>
main [1:1:1970-01-01 00:00:00] .
main [1:2:1970-01-01 00:00:00] .
main [1:3:1970-01-01 00:00:00] .
main [1:4:1970-01-01 00:00:00] .
main [1:5:1970-01-01 00:00:00] .
main [1:6:1970-01-01 00:00:00] .
main [1:7:1970-01-01 00:00:00] .
main [1:8:1970-01-01 00:00:00] .
main [1:9:1970-01-01 00:00:00] .
main [1:10:1970-01-01 00:00:00] .
main [1:11:1970-01-01 00:00:00] .
main [1:12:1970-01-01 00:00:00] .
main [1:13:1970-01-01 00:00:00] .
main [1:14:1970-01-01 00:00:00] .
main [1:15:1970-01-01 00:00:00] .
main [1:16:1970-01-01 00:00:00] .
main [1:17:1970-01-01 00:00:00] .
main [1:18:1970-01-01 00:00:00] .
main [1:19:1970-01-01 00:00:00] .
main [1:20:1970-01-01 00:00:00] .
main [1:21:1970-01-01 00:00:00] .
main [1:22:1970-01-01 00:00:00] .
main [1:23:1970-01-01 00:00:00] .
main [1:24:1970-01-01 00:00:00] .
main [1:25:1970-01-01 00:00:00] .
main [1:26:1970-01-01 00:00:00] .
main [1:27:1970-01-01 00:00:00] .
main [1:28:1970-01-01 00:00:00] .
main [1:29:1970-01-01 00:00:00] .
main [1:30:1970-01-01 00:00:00] .
main [1:31:1970-01-01 00:00:00] .
main [1:32:1970-01-01 00:00:00] .
main [1:33:1970-01-01 00:00:00] .
main [1:34:1970-01-01 00:00:00] .
main [1:35:1970-01-01 00:00:00] .
main [1:36:1970-01-01 00:00:00] .
main [1:37:1970-01-01 00:00:00] .
main [1:38:1970-01-01 00:00:00] .
main [1:39:1970-01-01 00:00:00] .
main [1:40:1970-01-01 00:00:00] .
main [1:41:1970-01-01 00:00:00] .
main [1:42:1970-01-01 00:00:00] .
main [1:43:1970-01-01 00:00:00] .
main [1:44:1970-01-01 00:00:00] .
main [1:45:1970-01-01 00:00:00] .
main [1:46:1970-01-01 00:00:00] .
main [1:47:1970-01-01 00:00:00] .
main [1:48:1970-01-01 00:00:00] .
main [1:49:1970-01-01 00:00:00] .
main [1:50:1970-01-01 00:00:00] .
main [1:51:1970-01-01 00:00:00] .
main [1:52:1970-01-01 00:00:00] .
main [1:53:1970-01-01 00:00:00] .
main [1:54:1970-01-01 00:00:00] .
main [1:55:1970-01-01 00:00:00] .
main [1:56:1970-01-01 00:00:00] .
main [1:57:1970-01-01 00:00:00] .
main [1:58:1970-01-01 00:00:00] .
main [1:59:1970-01-01 00:00:00] .
main [1:60:1970-01-01 00:00:00] .
main [1:61:1970-01-01 00:00:00] .
main [1:62:1970-01-01 00:00:00] .
main [1:63:1970-01-01 00:00:00] .
main [1:64:1970-01-01 00:00:00] .
<<<<<<<<<<<<<<<<<<<<<<<<<<<<<<<<<


>>>>>>>>>>>>>>>>>>>>>>>>>>>>>>>>
main [1:65:1970-01-01 00:00:00] .
main [1:66:1970-01-01 00:00:00] .
main [1:67:1970-01-01 00:00:00] .
main [1:68:1970-01-01 00:00:00] .
main [1:69:1970-01-01 00:00:00] .
main [1:70:1970-01-01 00:00:00] .
main [1:71:1970-01-01 00:00:00] .
main [1:72:1970-01-01 00:00:00] .
main [1:73:1970-01-01 00:00:00] .
main [1:74:1970-01-01 00:00:00] .
main [1:75:1970-01-01 00:00:00] .
main [1:76:1970-01-01 00:00:00] .
main [1:77:1970-01-01 00:00:00] .
main [1:78:1970-01-01 00:00:00] .
main [1:79:1970-01-01 00:00:00] .
main [1:80:1970-01-01 00:00:00] .
main [1:81:1970-01-01 00:00:00] .
main [1:82:1970-01-01 00:00:00] .
main [1:83:1970-01-01 00:00:00] .
main [1:84:1970-01-01 00:00:00] .
main [1:85:1970-01-01 00:00:00] .
main [1:86:1970-01-01 00:00:00] .
main [1:87:1970-01-01 00:00:00] .
main [1:88:1970-01-01 00:00:00] .
main [1:89:1970-01-01 00:00:00] .
main [1:90:1970-01-01 00:00:00] .
main [1:91:1970-01-01 00:00:00] .
main [1:92:1970-01-01 00:00:00] .
main [1:93:1970-01-01 00:00:00] .
main [1:94:1970-01-01 00:00:00] .
main [1:95:1970-01-01 00:00:00] .
main [1:96:1970-01-01 00:00:00] .
main [1:97:1970-01-01 00:00:00] .
main [1:98:1970-01-01 00:00:00] .
main [1:99:1970-01-01 00:00:00] .
main [1:100:1970-01-01 00:00:00] .
main [1:101:1970-01-01 00:00:00] .
main [1:102:1970-01-01 00:00:00] .
main [1:103:1970-01-01 00:00:00] .
main [1:104:1970-01-01 00:00:00] .
main [1:105:1970-01-01 00:00:00] .
main [1:106:1970-01-01 00:00:00] .
main [1:107:1970-01-01 00:00:00] .
main [1:108:1970-01-01 00:00:00] .
main [1:109:1970-01-01 00:00:00] .
main [1:110:1970-01-01 00:00:00] .
main [1:111:1970-01-01 00:00:00] .
main [1:112:1970-01-01 00:00:00] .
main [1:113:1970-01-01 00:00:00] .
main [1:114:1970-01-01 00:00:00] .
main [1:115:1970-01-01 00:00:00] .
main [1:116:1970-01-01 00:00:00] .
main [1:117:1970-01-01 00:00:00] .
main [1:118:1970-01-01 00:00:00] .
main [1:119:1970-01-01 00:00:00] .
main [1:120:1970-01-01 00:00:00] .
main [1:121:1970-01-01 00:00:00] .
main [1:122:1970-01-01 00:00:00] .
main [1:123:1970-01-01 00:00:00] .
main [1:124:1970-01-01 00:00:00] .
main [1:125:1970-01-01 00:00:00] .
main [1:126:1970-01-01 00:00:00] .
main [1:127:1970-01-01 00:00:00] .
main [1:128:1970-01-01 00:00:00] .
<<<<<<<<<<<<<<<<<<<<<<<<<<<<<<<<<


>>>>>>>>>>>>>>>>>>>>>>>>>>>>>>>>
TRANSACTIONBEGIN
main [1:2:1970-01-01 00:00:00] .
main [1:3:1970-01-01 00:00:00] .
main [1:4:1970-01-01 00:00:00] .
TRANSACTIONEND
<<<<<<<<<<<<<<<<<<<<<<<<<<<<<<<<<


>>>>>>>>>>>>>>>>>>>>>>>>>>>>>>>>
TRANSACTIONBEGIN
main [1:7:1970-01-01 00:00:00] .
main [1:8:1970-01-01 00:00:00] .
main [1:9:1970-01-01 00:00:00] .
TRANSACTIONEND
<<<<<<<<<<<<<<<<<<<<<<<<<<<<<<<<<


>>>>>>>>>>>>>>>>>>>>>>>>>>>>>>>>
TRANSACTIONBEGIN
main [1:12:1970-01-01 00:00:00] .
main [1:13:1970-01-01 00:00:00] .
main [1:14:1970-01-01 00:00:00] .
TRANSACTIONEND
<<<<<<<<<<<<<<<<<<<<<<<<<<<<<<<<<


>>>>>>>>>>>>>>>>>>>>>>>>>>>>>>>>
TRANSACTIONBEGIN
main [1:17:1970-01-01 00:00:00] .
main [1:18:1970-01-01 00:00:00] .
main [1:19:1970-01-01 00:00:00] .
TRANSACTIONEND
<<<<<<<<<<<<<<<<<<<<<<<<<<<<<<<<<


>>>>>>>>>>>>>>>>>>>>>>>>>>>>>>>>
TRANSACTIONBEGIN
main [1:22:1970-01-01 00:00:00] .
main [1:23:1970-01-01 00:00:00] .
main [1:24:1970-01-01 00:00:00] .
TRANSACTIONEND
<<<<<<<<<<<<<<<<<<<<<<<<<<<<<<<<<


>>>>>>>>>>>>>>>>>>>>>>>>>>>>>>>>
TRANSACTIONBEGIN
main [1:27:1970-01-01 00:00:00] .
main [1:28:1970-01-01 00:00:00] .
main [1:29:1970-01-01 00:00:00] .
TRANSACTIONEND
<<<<<<<<<<<<<<<<<<<<<<<<<<<<<<<<<


>>>>>>>>>>>>>>>>>>>>>>>>>>>>>>>>
TRANSACTIONBEGIN
main [1:32:1970-01-01 00:00:00] .
main [1:33:1970-01-01 00:00:00] .
main [1:34:1970-01-01 00:00:00] .
TRANSACTIONEND
<<<<<<<<<<<<<<<<<<<<<<<<<<<<<<<<<


>>>>>>>>>>>>>>>>>>>>>>>>>>>>>>>>
TRANSACTIONBEGIN
main [1:37:1970-01-01 00:00:00] .
main [1:38:1970-01-01 00:00:00] .
main [1:39:1970-01-01 00:00:00] .
TRANSACTIONEND
<<<<<<<<<<<<<<<<<<<<<<<<<<<<<<<<<


>>>>>>>>>>>>>>>>>>>>>>>>>>>>>>>>
TRANSACTIONBEGIN
main [1:42:1970-01-01 00:00:00] .
main [1:43:1970-01-01 00:00:00] .
main [1:44:1970-01-01 00:00:00] .
TRANSACTIONEND
<<<<<<<<<<<<<<<<<<<<<<<<<<<<<<<<<


>>>>>>>>>>>>>>>>>>>>>>>>>>>>>>>>
TRANSACTIONBEGIN
main [1:47:1970-01-01 00:00:00] .
main [1:48:1970-01-01 00:00:00] .
main [1:49:1970-01-01 00:00:00] .
TRANSACTIONEND
<<<<<<<<<<<<<<<<<<<<<<<<<<<<<<<<<

[[1;34mINFO[m] [1;32mTests run: [0;1;32m2[m, Failures: 0, Errors: 0, Skipped: 0, Time elapsed: 0.096 s - in com.alibaba.otter.canal.parse.inbound.[1mEventTransactionBufferTest[m
[[1;34mINFO[m] Running com.alibaba.otter.canal.parse.inbound.[1mTableMetaCacheTest[m
[[1;33mWARNING[m] [1;33mTests [0;1mrun: [0;1m1[m, Failures: 0, Errors: 0, [1;33mSkipped: [0;1;33m1[m, Time elapsed: 0 s - in com.alibaba.otter.canal.parse.inbound.[1mTableMetaCacheTest[m
[[1;34mINFO[m] Running com.alibaba.otter.canal.parse.index.[1mFileMixedLogPositionManagerTest[m
[[1;33mWARNING[m] [1;33mTests [0;1mrun: [0;1m1[m, Failures: 0, Errors: 0, [1;33mSkipped: [0;1;33m1[m, Time elapsed: 0.001 s - in com.alibaba.otter.canal.parse.index.[1mFileMixedLogPositionManagerTest[m
[[1;34mINFO[m] Running com.alibaba.otter.canal.parse.index.[1mZooKeeperLogPositionManagerTest[m
[[1;33mWARNING[m] [1;33mTests [0;1mrun: [0;1m1[m, Failures: 0, Errors: 0, [1;33mSkipped: [0;1;33m1[m, Time elapsed: 0.001 s - in com.alibaba.otter.canal.parse.index.[1mZooKeeperLogPositionManagerTest[m
[[1;34mINFO[m] Running com.alibaba.otter.canal.parse.index.[1mMetaLogPositionManagerTest[m
[[1;33mWARNING[m] [1;33mTests [0;1mrun: [0;1m1[m, Failures: 0, Errors: 0, [1;33mSkipped: [0;1;33m1[m, Time elapsed: 0 s - in com.alibaba.otter.canal.parse.index.[1mMetaLogPositionManagerTest[m
[[1;34mINFO[m] Running com.alibaba.otter.canal.parse.index.[1mPeriodMixedLogPositionManagerTest[m
[[1;33mWARNING[m] [1;33mTests [0;1mrun: [0;1m1[m, Failures: 0, Errors: 0, [1;33mSkipped: [0;1;33m1[m, Time elapsed: 0 s - in com.alibaba.otter.canal.parse.index.[1mPeriodMixedLogPositionManagerTest[m
[[1;34mINFO[m] Running com.alibaba.otter.canal.parse.index.[1mMixedLogPositionManagerTest[m
[[1;33mWARNING[m] [1;33mTests [0;1mrun: [0;1m1[m, Failures: 0, Errors: 0, [1;33mSkipped: [0;1;33m1[m, Time elapsed: 0 s - in com.alibaba.otter.canal.parse.index.[1mMixedLogPositionManagerTest[m
[[1;34mINFO[m] Running com.alibaba.otter.canal.parse.index.[1mMemoryLogPositionManagerTest[m
[[1;33mWARNING[m] [1;33mTests [0;1mrun: [0;1m1[m, Failures: 0, Errors: 0, [1;33mSkipped: [0;1;33m1[m, Time elapsed: 0 s - in com.alibaba.otter.canal.parse.index.[1mMemoryLogPositionManagerTest[m
16:02:51.022 [Thread-3] INFO  o.s.c.s.GenericApplicationContext - Closing org.springframework.context.support.GenericApplicationContext@582a764a: startup date [Sat May 21 16:02:47 UTC 2022]; root of context hierarchy
16:02:51.023 [Thread-3] DEBUG o.s.b.f.s.DefaultListableBeanFactory - Returning cached instance of singleton bean 'lifecycleProcessor'
16:02:51.023 [Thread-3] INFO  o.s.b.f.s.DefaultListableBeanFactory - Destroying singletons in org.springframework.beans.factory.support.DefaultListableBeanFactory@40943a6: defining beans [tableMetaTSDB,dataSource,sqlMapClient,metaHistoryDAO,metaSnapshotDAO,org.springframework.context.annotation.internalConfigurationAnnotationProcessor,org.springframework.context.annotation.internalAutowiredAnnotationProcessor,org.springframework.context.annotation.internalRequiredAnnotationProcessor,org.springframework.context.annotation.internalCommonAnnotationProcessor,org.springframework.context.annotation.ConfigurationClassPostProcessor.importAwareProcessor]; root of factory hierarchy
16:02:51.023 [Thread-3] DEBUG o.s.b.f.s.DisposableBeanAdapter - Invoking destroy method 'destory' on bean with name 'tableMetaTSDB'
16:02:51.023 [Thread-3] DEBUG o.s.b.f.s.DisposableBeanAdapter - Invoking destroy method 'close' on bean with name 'dataSource'
16:02:51.084 [Thread-3] INFO  c.alibaba.druid.pool.DruidDataSource - {dataSource-1} closed
[[1;34mINFO[m] 
[[1;34mINFO[m] Results:
[[1;34mINFO[m] 
[[1;33mWARNING[m] [1;33mTests run: 38, Failures: 0, Errors: 0, Skipped: 22[m
[[1;34mINFO[m] 
[[1;34mINFO[m] 
[[1;34mINFO[m] [1m--- [0;32mmaven-jar-plugin:3.0.2:jar[m [1m(default-jar)[m @ [36mcanal.parse[0;1m ---[m
[[1;34mINFO[m] Building jar: /home/travis/build/failed/alibaba/canal/parse/target/canal.parse-1.1.4-SNAPSHOT.jar
[[1;34mINFO[m] 
[[1;34mINFO[m] [1m>>> [0;32mmaven-source-plugin:2.4:jar[m [1m(attach-sources)[0;1m > [0;1mgenerate-sources[m @ [36mcanal.parse[0;1m >>>[m
[[1;34mINFO[m] 
[[1;34mINFO[m] [1m--- [0;32mmaven-enforcer-plugin:1.0:enforce[m [1m(enforce-maven)[m @ [36mcanal.parse[0;1m ---[m
[[1;34mINFO[m] 
[[1;34mINFO[m] [1m--- [0;32mjacoco-maven-plugin:0.8.3:prepare-agent[m [1m(jacoco-initialize)[m @ [36mcanal.parse[0;1m ---[m
[[1;34mINFO[m] jacocoArgLine set to -javaagent:/home/travis/.m2/repository/org/jacoco/org.jacoco.agent/0.8.3/org.jacoco.agent-0.8.3-runtime.jar=destfile=/home/travis/build/failed/alibaba/canal/parse/target/jacoco.exec
[[1;34mINFO[m] 
[[1;34mINFO[m] [1m<<< [0;32mmaven-source-plugin:2.4:jar[m [1m(attach-sources)[0;1m < [0;1mgenerate-sources[m @ [36mcanal.parse[0;1m <<<[m
[[1;34mINFO[m] 
[[1;34mINFO[m] 
[[1;34mINFO[m] [1m--- [0;32mmaven-source-plugin:2.4:jar[m [1m(attach-sources)[m @ [36mcanal.parse[0;1m ---[m
[[1;34mINFO[m] Building jar: /home/travis/build/failed/alibaba/canal/parse/target/canal.parse-1.1.4-SNAPSHOT-sources.jar
[[1;34mINFO[m] 
[[1;34mINFO[m] [1m--- [0;32mmaven-javadoc-plugin:2.9.1:jar[m [1m(attach-javadocs)[m @ [36mcanal.parse[0;1m ---[m
[[1;34mINFO[m] Skipping javadoc generation
[[1;34mINFO[m] 
[[1;34mINFO[m] [1m--- [0;32mjacoco-maven-plugin:0.8.3:report-aggregate[m [1m(report-aggregate)[m @ [36mcanal.parse[0;1m ---[m
[[1;34mINFO[m] Loading execution data file /home/travis/build/failed/alibaba/canal/parse/target/jacoco.exec
[[1;34mINFO[m] Loading execution data file /home/travis/build/failed/alibaba/canal/common/target/jacoco.exec
[[1;34mINFO[m] Loading execution data file /home/travis/build/failed/alibaba/canal/meta/target/jacoco.exec
[[1;34mINFO[m] Loading execution data file /home/travis/build/failed/alibaba/canal/sink/target/jacoco.exec
[[1;34mINFO[m] Loading execution data file /home/travis/build/failed/alibaba/canal/dbsync/target/jacoco.exec
[[1;34mINFO[m] Loading execution data file /home/travis/build/failed/alibaba/canal/filter/target/jacoco.exec
[[1;34mINFO[m] Loading execution data file /home/travis/build/failed/alibaba/canal/driver/target/jacoco.exec
[[1;34mINFO[m] Analyzed bundle 'canal.common' with 28 classes
[[1;34mINFO[m] Analyzed bundle 'canal.protocol' with 131 classes
[[1;34mINFO[m] Analyzed bundle 'canal.meta' with 36 classes
[[1;34mINFO[m] Analyzed bundle 'canal.sink' with 9 classes
[[1;34mINFO[m] Analyzed bundle 'canal.parse.dbsync' with 54 classes
[[1;34mINFO[m] Analyzed bundle 'canal.filter' with 8 classes
[[1;34mINFO[m] Analyzed bundle 'canal.parse.driver' with 44 classes
[[1;34mINFO[m] 
[[1;34mINFO[m] [1m--- [0;32mmaven-install-plugin:2.4:install[m [1m(default-install)[m @ [36mcanal.parse[0;1m ---[m
[[1;34mINFO[m] Installing /home/travis/build/failed/alibaba/canal/parse/target/canal.parse-1.1.4-SNAPSHOT.jar to /home/travis/.m2/repository/com/alibaba/otter/canal.parse/1.1.4-SNAPSHOT/canal.parse-1.1.4-SNAPSHOT.jar
[[1;34mINFO[m] Installing /home/travis/build/failed/alibaba/canal/parse/pom.xml to /home/travis/.m2/repository/com/alibaba/otter/canal.parse/1.1.4-SNAPSHOT/canal.parse-1.1.4-SNAPSHOT.pom
[[1;34mINFO[m] Installing /home/travis/build/failed/alibaba/canal/parse/target/canal.parse-1.1.4-SNAPSHOT-sources.jar to /home/travis/.m2/repository/com/alibaba/otter/canal.parse/1.1.4-SNAPSHOT/canal.parse-1.1.4-SNAPSHOT-sources.jar
[[1;34mINFO[m] 
[[1;34mINFO[m] [1m------------------------------------------------------------------------[m
[[1;34mINFO[m] [1mBuilding canal instance core module for otter 1.1.4-SNAPSHOT 1.1.4-SNAPSHOT[m
[[1;34mINFO[m] [1m------------------------------------------------------------------------[m
[[1;34mINFO[m] 
[[1;34mINFO[m] [1m--- [0;32mmaven-clean-plugin:2.5:clean[m [1m(default-clean)[m @ [36mcanal.instance.core[0;1m ---[m
[[1;34mINFO[m] 
[[1;34mINFO[m] [1m--- [0;32mmaven-enforcer-plugin:1.0:enforce[m [1m(enforce-maven)[m @ [36mcanal.instance.core[0;1m ---[m
[[1;34mINFO[m] 
[[1;34mINFO[m] [1m--- [0;32mjacoco-maven-plugin:0.8.3:prepare-agent[m [1m(jacoco-initialize)[m @ [36mcanal.instance.core[0;1m ---[m
[[1;34mINFO[m] jacocoArgLine set to -javaagent:/home/travis/.m2/repository/org/jacoco/org.jacoco.agent/0.8.3/org.jacoco.agent-0.8.3-runtime.jar=destfile=/home/travis/build/failed/alibaba/canal/instance/core/target/jacoco.exec
[[1;34mINFO[m] 
[[1;34mINFO[m] [1m--- [0;32mmaven-resources-plugin:2.6:resources[m [1m(default-resources)[m @ [36mcanal.instance.core[0;1m ---[m
[[1;34mINFO[m] Using 'UTF-8' encoding to copy filtered resources.
[[1;34mINFO[m] skip non existing resourceDirectory /home/travis/build/failed/alibaba/canal/instance/core/src/main/resources
[[1;34mINFO[m] 
[[1;34mINFO[m] [1m--- [0;32mmaven-compiler-plugin:3.7.0:compile[m [1m(default-compile)[m @ [36mcanal.instance.core[0;1m ---[m
[[1;34mINFO[m] Changes detected - recompiling the module!
[[1;34mINFO[m] Compiling 4 source files to /home/travis/build/failed/alibaba/canal/instance/core/target/classes
[[1;34mINFO[m] 
[[1;34mINFO[m] [1m--- [0;32mmaven-resources-plugin:2.6:testResources[m [1m(default-testResources)[m @ [36mcanal.instance.core[0;1m ---[m
[[1;34mINFO[m] Using 'UTF-8' encoding to copy filtered resources.
[[1;34mINFO[m] skip non existing resourceDirectory /home/travis/build/failed/alibaba/canal/instance/core/src/test/resources
[[1;34mINFO[m] 
[[1;34mINFO[m] [1m--- [0;32mmaven-compiler-plugin:3.7.0:testCompile[m [1m(default-testCompile)[m @ [36mcanal.instance.core[0;1m ---[m
[[1;34mINFO[m] No sources to compile
[[1;34mINFO[m] 
[[1;34mINFO[m] [1m--- [0;32mmaven-surefire-plugin:2.22.1:test[m [1m(default-test)[m @ [36mcanal.instance.core[0;1m ---[m
[[1;34mINFO[m] No tests to run.
[[1;34mINFO[m] 
[[1;34mINFO[m] [1m--- [0;32mmaven-jar-plugin:3.0.2:jar[m [1m(default-jar)[m @ [36mcanal.instance.core[0;1m ---[m
[[1;34mINFO[m] Building jar: /home/travis/build/failed/alibaba/canal/instance/core/target/canal.instance.core-1.1.4-SNAPSHOT.jar
[[1;34mINFO[m] 
[[1;34mINFO[m] [1m>>> [0;32mmaven-source-plugin:2.4:jar[m [1m(attach-sources)[0;1m > [0;1mgenerate-sources[m @ [36mcanal.instance.core[0;1m >>>[m
[[1;34mINFO[m] 
[[1;34mINFO[m] [1m--- [0;32mmaven-enforcer-plugin:1.0:enforce[m [1m(enforce-maven)[m @ [36mcanal.instance.core[0;1m ---[m
[[1;34mINFO[m] 
[[1;34mINFO[m] [1m--- [0;32mjacoco-maven-plugin:0.8.3:prepare-agent[m [1m(jacoco-initialize)[m @ [36mcanal.instance.core[0;1m ---[m
[[1;34mINFO[m] jacocoArgLine set to -javaagent:/home/travis/.m2/repository/org/jacoco/org.jacoco.agent/0.8.3/org.jacoco.agent-0.8.3-runtime.jar=destfile=/home/travis/build/failed/alibaba/canal/instance/core/target/jacoco.exec
[[1;34mINFO[m] 
[[1;34mINFO[m] [1m<<< [0;32mmaven-source-plugin:2.4:jar[m [1m(attach-sources)[0;1m < [0;1mgenerate-sources[m @ [36mcanal.instance.core[0;1m <<<[m
[[1;34mINFO[m] 
[[1;34mINFO[m] 
[[1;34mINFO[m] [1m--- [0;32mmaven-source-plugin:2.4:jar[m [1m(attach-sources)[m @ [36mcanal.instance.core[0;1m ---[m
[[1;34mINFO[m] Building jar: /home/travis/build/failed/alibaba/canal/instance/core/target/canal.instance.core-1.1.4-SNAPSHOT-sources.jar
[[1;34mINFO[m] 
[[1;34mINFO[m] [1m--- [0;32mmaven-javadoc-plugin:2.9.1:jar[m [1m(attach-javadocs)[m @ [36mcanal.instance.core[0;1m ---[m
[[1;34mINFO[m] Skipping javadoc generation
[[1;34mINFO[m] 
[[1;34mINFO[m] [1m--- [0;32mjacoco-maven-plugin:0.8.3:report-aggregate[m [1m(report-aggregate)[m @ [36mcanal.instance.core[0;1m ---[m
[[1;34mINFO[m] Loading execution data file /home/travis/build/failed/alibaba/canal/common/target/jacoco.exec
[[1;34mINFO[m] Loading execution data file /home/travis/build/failed/alibaba/canal/store/target/jacoco.exec
[[1;34mINFO[m] Loading execution data file /home/travis/build/failed/alibaba/canal/meta/target/jacoco.exec
[[1;34mINFO[m] Loading execution data file /home/travis/build/failed/alibaba/canal/parse/target/jacoco.exec
[[1;34mINFO[m] Analyzed bundle 'canal.common' with 28 classes
[[1;34mINFO[m] Analyzed bundle 'canal.store' with 10 classes
[[1;34mINFO[m] Analyzed bundle 'canal.meta' with 36 classes
[[1;34mINFO[m] Analyzed bundle 'canal.parse' with 100 classes
[[1;34mINFO[m] 
[[1;34mINFO[m] [1m--- [0;32mmaven-install-plugin:2.4:install[m [1m(default-install)[m @ [36mcanal.instance.core[0;1m ---[m
[[1;34mINFO[m] Installing /home/travis/build/failed/alibaba/canal/instance/core/target/canal.instance.core-1.1.4-SNAPSHOT.jar to /home/travis/.m2/repository/com/alibaba/otter/canal.instance.core/1.1.4-SNAPSHOT/canal.instance.core-1.1.4-SNAPSHOT.jar
[[1;34mINFO[m] Installing /home/travis/build/failed/alibaba/canal/instance/core/pom.xml to /home/travis/.m2/repository/com/alibaba/otter/canal.instance.core/1.1.4-SNAPSHOT/canal.instance.core-1.1.4-SNAPSHOT.pom
[[1;34mINFO[m] Installing /home/travis/build/failed/alibaba/canal/instance/core/target/canal.instance.core-1.1.4-SNAPSHOT-sources.jar to /home/travis/.m2/repository/com/alibaba/otter/canal.instance.core/1.1.4-SNAPSHOT/canal.instance.core-1.1.4-SNAPSHOT-sources.jar
[[1;34mINFO[m] 
[[1;34mINFO[m] [1m------------------------------------------------------------------------[m
[[1;34mINFO[m] [1mBuilding canal instance spring module for otter 1.1.4-SNAPSHOT 1.1.4-SNAPSHOT[m
[[1;34mINFO[m] [1m------------------------------------------------------------------------[m
[[1;34mINFO[m] 
[[1;34mINFO[m] [1m--- [0;32mmaven-clean-plugin:2.5:clean[m [1m(default-clean)[m @ [36mcanal.instance.spring[0;1m ---[m
[[1;34mINFO[m] 
[[1;34mINFO[m] [1m--- [0;32mmaven-enforcer-plugin:1.0:enforce[m [1m(enforce-maven)[m @ [36mcanal.instance.spring[0;1m ---[m
[[1;34mINFO[m] 
[[1;34mINFO[m] [1m--- [0;32mjacoco-maven-plugin:0.8.3:prepare-agent[m [1m(jacoco-initialize)[m @ [36mcanal.instance.spring[0;1m ---[m
[[1;34mINFO[m] jacocoArgLine set to -javaagent:/home/travis/.m2/repository/org/jacoco/org.jacoco.agent/0.8.3/org.jacoco.agent-0.8.3-runtime.jar=destfile=/home/travis/build/failed/alibaba/canal/instance/spring/target/jacoco.exec
[[1;34mINFO[m] 
[[1;34mINFO[m] [1m--- [0;32mmaven-resources-plugin:2.6:resources[m [1m(default-resources)[m @ [36mcanal.instance.spring[0;1m ---[m
[[1;34mINFO[m] Using 'UTF-8' encoding to copy filtered resources.
[[1;34mINFO[m] skip non existing resourceDirectory /home/travis/build/failed/alibaba/canal/instance/spring/src/main/resources
[[1;34mINFO[m] 
[[1;34mINFO[m] [1m--- [0;32mmaven-compiler-plugin:3.7.0:compile[m [1m(default-compile)[m @ [36mcanal.instance.spring[0;1m ---[m
[[1;34mINFO[m] Changes detected - recompiling the module!
[[1;34mINFO[m] Compiling 4 source files to /home/travis/build/failed/alibaba/canal/instance/spring/target/classes
[[1;34mINFO[m] 
[[1;34mINFO[m] [1m--- [0;32mmaven-resources-plugin:2.6:testResources[m [1m(default-testResources)[m @ [36mcanal.instance.spring[0;1m ---[m
[[1;34mINFO[m] Using 'UTF-8' encoding to copy filtered resources.
[[1;34mINFO[m] Copying 6 resources
[[1;34mINFO[m] 
[[1;34mINFO[m] [1m--- [0;32mmaven-compiler-plugin:3.7.0:testCompile[m [1m(default-testCompile)[m @ [36mcanal.instance.spring[0;1m ---[m
[[1;34mINFO[m] Changes detected - recompiling the module!
[[1;34mINFO[m] Compiling 3 source files to /home/travis/build/failed/alibaba/canal/instance/spring/target/test-classes
[[1;34mINFO[m] 
[[1;34mINFO[m] [1m--- [0;32mmaven-surefire-plugin:2.22.1:test[m [1m(default-test)[m @ [36mcanal.instance.spring[0;1m ---[m
[[1;34mINFO[m] 
[[1;34mINFO[m] -------------------------------------------------------
[[1;34mINFO[m]  T E S T S
[[1;34mINFO[m] -------------------------------------------------------
[[1;34mINFO[m] Running com.alibaba.otter.canal.instance.spring.integrated.[1mGroupSpringInstanceTest[m
[[1;33mWARNING[m] [1;33mTests [0;1mrun: [0;1m1[m, Failures: 0, Errors: 0, [1;33mSkipped: [0;1;33m1[m, Time elapsed: 0.017 s - in com.alibaba.otter.canal.instance.spring.integrated.[1mGroupSpringInstanceTest[m
[[1;34mINFO[m] Running com.alibaba.otter.canal.instance.spring.integrated.[1mMemorySpringInstanceTest[m
[[1;33mWARNING[m] [1;33mTests [0;1mrun: [0;1m1[m, Failures: 0, Errors: 0, [1;33mSkipped: [0;1;33m1[m, Time elapsed: 0 s - in com.alibaba.otter.canal.instance.spring.integrated.[1mMemorySpringInstanceTest[m
[[1;34mINFO[m] Running com.alibaba.otter.canal.instance.spring.integrated.[1mDefaultSpringInstanceTest[m
[[1;33mWARNING[m] [1;33mTests [0;1mrun: [0;1m1[m, Failures: 0, Errors: 0, [1;33mSkipped: [0;1;33m1[m, Time elapsed: 0 s - in com.alibaba.otter.canal.instance.spring.integrated.[1mDefaultSpringInstanceTest[m
[[1;34mINFO[m] 
[[1;34mINFO[m] Results:
[[1;34mINFO[m] 
[[1;33mWARNING[m] [1;33mTests run: 3, Failures: 0, Errors: 0, Skipped: 3[m
[[1;34mINFO[m] 
[[1;34mINFO[m] 
[[1;34mINFO[m] [1m--- [0;32mmaven-jar-plugin:3.0.2:jar[m [1m(default-jar)[m @ [36mcanal.instance.spring[0;1m ---[m
[[1;34mINFO[m] Building jar: /home/travis/build/failed/alibaba/canal/instance/spring/target/canal.instance.spring-1.1.4-SNAPSHOT.jar
[[1;34mINFO[m] 
[[1;34mINFO[m] [1m>>> [0;32mmaven-source-plugin:2.4:jar[m [1m(attach-sources)[0;1m > [0;1mgenerate-sources[m @ [36mcanal.instance.spring[0;1m >>>[m
[[1;34mINFO[m] 
[[1;34mINFO[m] [1m--- [0;32mmaven-enforcer-plugin:1.0:enforce[m [1m(enforce-maven)[m @ [36mcanal.instance.spring[0;1m ---[m
[[1;34mINFO[m] 
[[1;34mINFO[m] [1m--- [0;32mjacoco-maven-plugin:0.8.3:prepare-agent[m [1m(jacoco-initialize)[m @ [36mcanal.instance.spring[0;1m ---[m
[[1;34mINFO[m] jacocoArgLine set to -javaagent:/home/travis/.m2/repository/org/jacoco/org.jacoco.agent/0.8.3/org.jacoco.agent-0.8.3-runtime.jar=destfile=/home/travis/build/failed/alibaba/canal/instance/spring/target/jacoco.exec
[[1;34mINFO[m] 
[[1;34mINFO[m] [1m<<< [0;32mmaven-source-plugin:2.4:jar[m [1m(attach-sources)[0;1m < [0;1mgenerate-sources[m @ [36mcanal.instance.spring[0;1m <<<[m
[[1;34mINFO[m] 
[[1;34mINFO[m] 
[[1;34mINFO[m] [1m--- [0;32mmaven-source-plugin:2.4:jar[m [1m(attach-sources)[m @ [36mcanal.instance.spring[0;1m ---[m
[[1;34mINFO[m] Building jar: /home/travis/build/failed/alibaba/canal/instance/spring/target/canal.instance.spring-1.1.4-SNAPSHOT-sources.jar
[[1;34mINFO[m] 
[[1;34mINFO[m] [1m--- [0;32mmaven-javadoc-plugin:2.9.1:jar[m [1m(attach-javadocs)[m @ [36mcanal.instance.spring[0;1m ---[m
[[1;34mINFO[m] Skipping javadoc generation
[[1;34mINFO[m] 
[[1;34mINFO[m] [1m--- [0;32mjacoco-maven-plugin:0.8.3:report-aggregate[m [1m(report-aggregate)[m @ [36mcanal.instance.spring[0;1m ---[m
[[1;34mINFO[m] Loading execution data file /home/travis/build/failed/alibaba/canal/instance/spring/target/jacoco.exec
[[1;34mINFO[m] Analyzed bundle 'canal.instance.core' with 2 classes
[[1;34mINFO[m] 
[[1;34mINFO[m] [1m--- [0;32mmaven-install-plugin:2.4:install[m [1m(default-install)[m @ [36mcanal.instance.spring[0;1m ---[m
[[1;34mINFO[m] Installing /home/travis/build/failed/alibaba/canal/instance/spring/target/canal.instance.spring-1.1.4-SNAPSHOT.jar to /home/travis/.m2/repository/com/alibaba/otter/canal.instance.spring/1.1.4-SNAPSHOT/canal.instance.spring-1.1.4-SNAPSHOT.jar
[[1;34mINFO[m] Installing /home/travis/build/failed/alibaba/canal/instance/spring/pom.xml to /home/travis/.m2/repository/com/alibaba/otter/canal.instance.spring/1.1.4-SNAPSHOT/canal.instance.spring-1.1.4-SNAPSHOT.pom
[[1;34mINFO[m] Installing /home/travis/build/failed/alibaba/canal/instance/spring/target/canal.instance.spring-1.1.4-SNAPSHOT-sources.jar to /home/travis/.m2/repository/com/alibaba/otter/canal.instance.spring/1.1.4-SNAPSHOT/canal.instance.spring-1.1.4-SNAPSHOT-sources.jar
[[1;34mINFO[m] 
[[1;34mINFO[m] [1m------------------------------------------------------------------------[m
[[1;34mINFO[m] [1mBuilding canal instance manager module for otter 1.1.4-SNAPSHOT 1.1.4-SNAPSHOT[m
[[1;34mINFO[m] [1m------------------------------------------------------------------------[m
[[1;34mINFO[m] 
[[1;34mINFO[m] [1m--- [0;32mmaven-clean-plugin:2.5:clean[m [1m(default-clean)[m @ [36mcanal.instance.manager[0;1m ---[m
[[1;34mINFO[m] 
[[1;34mINFO[m] [1m--- [0;32mmaven-enforcer-plugin:1.0:enforce[m [1m(enforce-maven)[m @ [36mcanal.instance.manager[0;1m ---[m
[[1;34mINFO[m] 
[[1;34mINFO[m] [1m--- [0;32mjacoco-maven-plugin:0.8.3:prepare-agent[m [1m(jacoco-initialize)[m @ [36mcanal.instance.manager[0;1m ---[m
[[1;34mINFO[m] jacocoArgLine set to -javaagent:/home/travis/.m2/repository/org/jacoco/org.jacoco.agent/0.8.3/org.jacoco.agent-0.8.3-runtime.jar=destfile=/home/travis/build/failed/alibaba/canal/instance/manager/target/jacoco.exec
[[1;34mINFO[m] 
[[1;34mINFO[m] [1m--- [0;32mmaven-resources-plugin:2.6:resources[m [1m(default-resources)[m @ [36mcanal.instance.manager[0;1m ---[m
[[1;34mINFO[m] Using 'UTF-8' encoding to copy filtered resources.
[[1;34mINFO[m] skip non existing resourceDirectory /home/travis/build/failed/alibaba/canal/instance/manager/src/main/resources
[[1;34mINFO[m] 
[[1;34mINFO[m] [1m--- [0;32mmaven-compiler-plugin:3.7.0:compile[m [1m(default-compile)[m @ [36mcanal.instance.manager[0;1m ---[m
[[1;34mINFO[m] Changes detected - recompiling the module!
[[1;34mINFO[m] Compiling 10 source files to /home/travis/build/failed/alibaba/canal/instance/manager/target/classes
[[1;34mINFO[m] /home/travis/build/failed/alibaba/canal/instance/manager/src/main/java/com/alibaba/otter/canal/instance/manager/CanalInstanceWithManager.java: /home/travis/build/failed/alibaba/canal/instance/manager/src/main/java/com/alibaba/otter/canal/instance/manager/CanalInstanceWithManager.java uses unchecked or unsafe operations.
[[1;34mINFO[m] /home/travis/build/failed/alibaba/canal/instance/manager/src/main/java/com/alibaba/otter/canal/instance/manager/CanalInstanceWithManager.java: Recompile with -Xlint:unchecked for details.
[[1;34mINFO[m] 
[[1;34mINFO[m] [1m--- [0;32mmaven-resources-plugin:2.6:testResources[m [1m(default-testResources)[m @ [36mcanal.instance.manager[0;1m ---[m
[[1;34mINFO[m] Using 'UTF-8' encoding to copy filtered resources.
[[1;34mINFO[m] skip non existing resourceDirectory /home/travis/build/failed/alibaba/canal/instance/manager/src/test/resources
[[1;34mINFO[m] 
[[1;34mINFO[m] [1m--- [0;32mmaven-compiler-plugin:3.7.0:testCompile[m [1m(default-testCompile)[m @ [36mcanal.instance.manager[0;1m ---[m
[[1;34mINFO[m] Changes detected - recompiling the module!
[[1;34mINFO[m] Compiling 1 source file to /home/travis/build/failed/alibaba/canal/instance/manager/target/test-classes
[[1;34mINFO[m] 
[[1;34mINFO[m] [1m--- [0;32mmaven-surefire-plugin:2.22.1:test[m [1m(default-test)[m @ [36mcanal.instance.manager[0;1m ---[m
[[1;34mINFO[m] 
[[1;34mINFO[m] [1m--- [0;32mmaven-jar-plugin:3.0.2:jar[m [1m(default-jar)[m @ [36mcanal.instance.manager[0;1m ---[m
[[1;34mINFO[m] Building jar: /home/travis/build/failed/alibaba/canal/instance/manager/target/canal.instance.manager-1.1.4-SNAPSHOT.jar
[[1;34mINFO[m] 
[[1;34mINFO[m] [1m>>> [0;32mmaven-source-plugin:2.4:jar[m [1m(attach-sources)[0;1m > [0;1mgenerate-sources[m @ [36mcanal.instance.manager[0;1m >>>[m
[[1;34mINFO[m] 
[[1;34mINFO[m] [1m--- [0;32mmaven-enforcer-plugin:1.0:enforce[m [1m(enforce-maven)[m @ [36mcanal.instance.manager[0;1m ---[m
[[1;34mINFO[m] 
[[1;34mINFO[m] [1m--- [0;32mjacoco-maven-plugin:0.8.3:prepare-agent[m [1m(jacoco-initialize)[m @ [36mcanal.instance.manager[0;1m ---[m
[[1;34mINFO[m] jacocoArgLine set to -javaagent:/home/travis/.m2/repository/org/jacoco/org.jacoco.agent/0.8.3/org.jacoco.agent-0.8.3-runtime.jar=destfile=/home/travis/build/failed/alibaba/canal/instance/manager/target/jacoco.exec
[[1;34mINFO[m] 
[[1;34mINFO[m] [1m<<< [0;32mmaven-source-plugin:2.4:jar[m [1m(attach-sources)[0;1m < [0;1mgenerate-sources[m @ [36mcanal.instance.manager[0;1m <<<[m
[[1;34mINFO[m] 
[[1;34mINFO[m] 
[[1;34mINFO[m] [1m--- [0;32mmaven-source-plugin:2.4:jar[m [1m(attach-sources)[m @ [36mcanal.instance.manager[0;1m ---[m
[[1;34mINFO[m] Building jar: /home/travis/build/failed/alibaba/canal/instance/manager/target/canal.instance.manager-1.1.4-SNAPSHOT-sources.jar
[[1;34mINFO[m] 
[[1;34mINFO[m] [1m--- [0;32mmaven-javadoc-plugin:2.9.1:jar[m [1m(attach-javadocs)[m @ [36mcanal.instance.manager[0;1m ---[m
[[1;34mINFO[m] Skipping javadoc generation
[[1;34mINFO[m] 
[[1;34mINFO[m] [1m--- [0;32mjacoco-maven-plugin:0.8.3:report-aggregate[m [1m(report-aggregate)[m @ [36mcanal.instance.manager[0;1m ---[m
[[1;34mINFO[m] Loading execution data file /home/travis/build/failed/alibaba/canal/instance/spring/target/jacoco.exec
[[1;34mINFO[m] Analyzed bundle 'canal.instance.core' with 2 classes
[[1;34mINFO[m] Analyzed bundle 'canal.instance.spring' with 6 classes
[[1;34mINFO[m] 
[[1;34mINFO[m] [1m--- [0;32mmaven-install-plugin:2.4:install[m [1m(default-install)[m @ [36mcanal.instance.manager[0;1m ---[m
[[1;34mINFO[m] Installing /home/travis/build/failed/alibaba/canal/instance/manager/target/canal.instance.manager-1.1.4-SNAPSHOT.jar to /home/travis/.m2/repository/com/alibaba/otter/canal.instance.manager/1.1.4-SNAPSHOT/canal.instance.manager-1.1.4-SNAPSHOT.jar
[[1;34mINFO[m] Installing /home/travis/build/failed/alibaba/canal/instance/manager/pom.xml to /home/travis/.m2/repository/com/alibaba/otter/canal.instance.manager/1.1.4-SNAPSHOT/canal.instance.manager-1.1.4-SNAPSHOT.pom
[[1;34mINFO[m] Installing /home/travis/build/failed/alibaba/canal/instance/manager/target/canal.instance.manager-1.1.4-SNAPSHOT-sources.jar to /home/travis/.m2/repository/com/alibaba/otter/canal.instance.manager/1.1.4-SNAPSHOT/canal.instance.manager-1.1.4-SNAPSHOT-sources.jar
[[1;34mINFO[m] 
[[1;34mINFO[m] [1m------------------------------------------------------------------------[m
[[1;34mINFO[m] [1mBuilding canal instance module for otter 1.1.4-SNAPSHOT 1.1.4-SNAPSHOT[m
[[1;34mINFO[m] [1m------------------------------------------------------------------------[m
[[1;34mINFO[m] 
[[1;34mINFO[m] [1m--- [0;32mmaven-clean-plugin:2.5:clean[m [1m(default-clean)[m @ [36mcanal.instance[0;1m ---[m
[[1;34mINFO[m] 
[[1;34mINFO[m] [1m--- [0;32mmaven-enforcer-plugin:1.0:enforce[m [1m(enforce-maven)[m @ [36mcanal.instance[0;1m ---[m
[[1;34mINFO[m] 
[[1;34mINFO[m] [1m--- [0;32mjacoco-maven-plugin:0.8.3:prepare-agent[m [1m(jacoco-initialize)[m @ [36mcanal.instance[0;1m ---[m
[[1;34mINFO[m] jacocoArgLine set to -javaagent:/home/travis/.m2/repository/org/jacoco/org.jacoco.agent/0.8.3/org.jacoco.agent-0.8.3-runtime.jar=destfile=/home/travis/build/failed/alibaba/canal/instance/target/jacoco.exec
[[1;34mINFO[m] 
[[1;34mINFO[m] [1m>>> [0;32mmaven-source-plugin:2.4:jar[m [1m(attach-sources)[0;1m > [0;1mgenerate-sources[m @ [36mcanal.instance[0;1m >>>[m
[[1;34mINFO[m] 
[[1;34mINFO[m] [1m--- [0;32mmaven-enforcer-plugin:1.0:enforce[m [1m(enforce-maven)[m @ [36mcanal.instance[0;1m ---[m
[[1;34mINFO[m] 
[[1;34mINFO[m] [1m--- [0;32mjacoco-maven-plugin:0.8.3:prepare-agent[m [1m(jacoco-initialize)[m @ [36mcanal.instance[0;1m ---[m
[[1;34mINFO[m] jacocoArgLine set to -javaagent:/home/travis/.m2/repository/org/jacoco/org.jacoco.agent/0.8.3/org.jacoco.agent-0.8.3-runtime.jar=destfile=/home/travis/build/failed/alibaba/canal/instance/target/jacoco.exec
[[1;34mINFO[m] 
[[1;34mINFO[m] [1m<<< [0;32mmaven-source-plugin:2.4:jar[m [1m(attach-sources)[0;1m < [0;1mgenerate-sources[m @ [36mcanal.instance[0;1m <<<[m
[[1;34mINFO[m] 
[[1;34mINFO[m] 
[[1;34mINFO[m] [1m--- [0;32mmaven-source-plugin:2.4:jar[m [1m(attach-sources)[m @ [36mcanal.instance[0;1m ---[m
[[1;34mINFO[m] 
[[1;34mINFO[m] [1m--- [0;32mmaven-javadoc-plugin:2.9.1:jar[m [1m(attach-javadocs)[m @ [36mcanal.instance[0;1m ---[m
[[1;34mINFO[m] Skipping javadoc generation
[[1;34mINFO[m] 
[[1;34mINFO[m] [1m--- [0;32mjacoco-maven-plugin:0.8.3:report-aggregate[m [1m(report-aggregate)[m @ [36mcanal.instance[0;1m ---[m
[[1;34mINFO[m] 
[[1;34mINFO[m] [1m--- [0;32mmaven-install-plugin:2.4:install[m [1m(default-install)[m @ [36mcanal.instance[0;1m ---[m
[[1;34mINFO[m] Installing /home/travis/build/failed/alibaba/canal/instance/pom.xml to /home/travis/.m2/repository/com/alibaba/otter/canal.instance/1.1.4-SNAPSHOT/canal.instance-1.1.4-SNAPSHOT.pom
[[1;34mINFO[m] 
[[1;34mINFO[m] [1m------------------------------------------------------------------------[m
[[1;34mINFO[m] [1mBuilding canal server module for otter 1.1.4-SNAPSHOT 1.1.4-SNAPSHOT[m
[[1;34mINFO[m] [1m------------------------------------------------------------------------[m
[[1;34mINFO[m] 
[[1;34mINFO[m] [1m--- [0;32mmaven-clean-plugin:2.5:clean[m [1m(default-clean)[m @ [36mcanal.server[0;1m ---[m
[[1;34mINFO[m] 
[[1;34mINFO[m] [1m--- [0;32mmaven-enforcer-plugin:1.0:enforce[m [1m(enforce-maven)[m @ [36mcanal.server[0;1m ---[m
[[1;34mINFO[m] 
[[1;34mINFO[m] [1m--- [0;32mjacoco-maven-plugin:0.8.3:prepare-agent[m [1m(jacoco-initialize)[m @ [36mcanal.server[0;1m ---[m
[[1;34mINFO[m] jacocoArgLine set to -javaagent:/home/travis/.m2/repository/org/jacoco/org.jacoco.agent/0.8.3/org.jacoco.agent-0.8.3-runtime.jar=destfile=/home/travis/build/failed/alibaba/canal/server/target/jacoco.exec
[[1;34mINFO[m] 
[[1;34mINFO[m] [1m--- [0;32mmaven-resources-plugin:2.6:resources[m [1m(default-resources)[m @ [36mcanal.server[0;1m ---[m
[[1;34mINFO[m] Using 'UTF-8' encoding to copy filtered resources.
[[1;34mINFO[m] skip non existing resourceDirectory /home/travis/build/failed/alibaba/canal/server/src/main/resources
[[1;34mINFO[m] 
[[1;34mINFO[m] [1m--- [0;32mmaven-compiler-plugin:3.7.0:compile[m [1m(default-compile)[m @ [36mcanal.server[0;1m ---[m
[[1;34mINFO[m] Changes detected - recompiling the module!
[[1;34mINFO[m] Compiling 31 source files to /home/travis/build/failed/alibaba/canal/server/target/classes
[[1;34mINFO[m] /home/travis/build/failed/alibaba/canal/server/src/main/java/com/alibaba/otter/canal/kafka/CanalKafkaProducer.java: Some input files use unchecked or unsafe operations.
[[1;34mINFO[m] /home/travis/build/failed/alibaba/canal/server/src/main/java/com/alibaba/otter/canal/kafka/CanalKafkaProducer.java: Recompile with -Xlint:unchecked for details.
[[1;34mINFO[m] 
[[1;34mINFO[m] [1m--- [0;32mmaven-resources-plugin:2.6:testResources[m [1m(default-testResources)[m @ [36mcanal.server[0;1m ---[m
[[1;34mINFO[m] Using 'UTF-8' encoding to copy filtered resources.
[[1;34mINFO[m] skip non existing resourceDirectory /home/travis/build/failed/alibaba/canal/server/src/test/resources
[[1;34mINFO[m] 
[[1;34mINFO[m] [1m--- [0;32mmaven-compiler-plugin:3.7.0:testCompile[m [1m(default-testCompile)[m @ [36mcanal.server[0;1m ---[m
[[1;34mINFO[m] Changes detected - recompiling the module!
[[1;34mINFO[m] Compiling 7 source files to /home/travis/build/failed/alibaba/canal/server/target/test-classes
[[1;34mINFO[m] 
[[1;34mINFO[m] [1m--- [0;32mmaven-surefire-plugin:2.22.1:test[m [1m(default-test)[m @ [36mcanal.server[0;1m ---[m
[[1;34mINFO[m] 
[[1;34mINFO[m] -------------------------------------------------------
[[1;34mINFO[m]  T E S T S
[[1;34mINFO[m] -------------------------------------------------------
[[1;34mINFO[m] Running com.alibaba.otter.canal.server.embedded.[1mCanalServerWithEmbedded_FileModeTest[m
[[1;33mWARNING[m] [1;33mTests [0;1mrun: [0;1m1[m, Failures: 0, Errors: 0, [1;33mSkipped: [0;1;33m1[m, Time elapsed: 0.078 s - in com.alibaba.otter.canal.server.embedded.[1mCanalServerWithEmbedded_FileModeTest[m
[[1;34mINFO[m] Running com.alibaba.otter.canal.server.embedded.[1mCanalServerWithEmbedded_StandbyTest[m
[[1;33mWARNING[m] [1;33mTests [0;1mrun: [0;1m1[m, Failures: 0, Errors: 0, [1;33mSkipped: [0;1;33m1[m, Time elapsed: 0.001 s - in com.alibaba.otter.canal.server.embedded.[1mCanalServerWithEmbedded_StandbyTest[m
[[1;34mINFO[m] Running com.alibaba.otter.canal.server.embedded.[1mCanalServerWithEmbedded_StandaloneTest[m
[[1;33mWARNING[m] [1;33mTests [0;1mrun: [0;1m1[m, Failures: 0, Errors: 0, [1;33mSkipped: [0;1;33m1[m, Time elapsed: 0.001 s - in com.alibaba.otter.canal.server.embedded.[1mCanalServerWithEmbedded_StandaloneTest[m
[[1;34mINFO[m] Running com.alibaba.otter.canal.server.[1mProtocolTest[m
[[1;34mINFO[m] [1;32mTests run: [0;1;32m1[m, Failures: 0, Errors: 0, Skipped: 0, Time elapsed: 0.276 s - in com.alibaba.otter.canal.server.[1mProtocolTest[m
[[1;34mINFO[m] Running com.alibaba.otter.canal.server.[1mSecurityUtilTest[m
[[1;34mINFO[m] [1;32mTests run: [0;1;32m1[m, Failures: 0, Errors: 0, Skipped: 0, Time elapsed: 0.007 s - in com.alibaba.otter.canal.server.[1mSecurityUtilTest[m
[[1;34mINFO[m] Running com.alibaba.otter.canal.server.[1mCanalServerTest[m
[[1;33mWARNING[m] [1;33mTests [0;1mrun: [0;1m1[m, Failures: 0, Errors: 0, [1;33mSkipped: [0;1;33m1[m, Time elapsed: 0 s - in com.alibaba.otter.canal.server.[1mCanalServerTest[m
[[1;34mINFO[m] 
[[1;34mINFO[m] Results:
[[1;34mINFO[m] 
[[1;33mWARNING[m] [1;33mTests run: 6, Failures: 0, Errors: 0, Skipped: 4[m
[[1;34mINFO[m] 
[[1;34mINFO[m] 
[[1;34mINFO[m] [1m--- [0;32mmaven-jar-plugin:3.0.2:jar[m [1m(default-jar)[m @ [36mcanal.server[0;1m ---[m
[[1;34mINFO[m] Building jar: /home/travis/build/failed/alibaba/canal/server/target/canal.server-1.1.4-SNAPSHOT.jar
[[1;34mINFO[m] 
[[1;34mINFO[m] [1m>>> [0;32mmaven-source-plugin:2.4:jar[m [1m(attach-sources)[0;1m > [0;1mgenerate-sources[m @ [36mcanal.server[0;1m >>>[m
[[1;34mINFO[m] 
[[1;34mINFO[m] [1m--- [0;32mmaven-enforcer-plugin:1.0:enforce[m [1m(enforce-maven)[m @ [36mcanal.server[0;1m ---[m
[[1;34mINFO[m] 
[[1;34mINFO[m] [1m--- [0;32mjacoco-maven-plugin:0.8.3:prepare-agent[m [1m(jacoco-initialize)[m @ [36mcanal.server[0;1m ---[m
[[1;34mINFO[m] jacocoArgLine set to -javaagent:/home/travis/.m2/repository/org/jacoco/org.jacoco.agent/0.8.3/org.jacoco.agent-0.8.3-runtime.jar=destfile=/home/travis/build/failed/alibaba/canal/server/target/jacoco.exec
[[1;34mINFO[m] 
[[1;34mINFO[m] [1m<<< [0;32mmaven-source-plugin:2.4:jar[m [1m(attach-sources)[0;1m < [0;1mgenerate-sources[m @ [36mcanal.server[0;1m <<<[m
[[1;34mINFO[m] 
[[1;34mINFO[m] 
[[1;34mINFO[m] [1m--- [0;32mmaven-source-plugin:2.4:jar[m [1m(attach-sources)[m @ [36mcanal.server[0;1m ---[m
[[1;34mINFO[m] Building jar: /home/travis/build/failed/alibaba/canal/server/target/canal.server-1.1.4-SNAPSHOT-sources.jar
[[1;34mINFO[m] 
[[1;34mINFO[m] [1m--- [0;32mmaven-javadoc-plugin:2.9.1:jar[m [1m(attach-javadocs)[m @ [36mcanal.server[0;1m ---[m
[[1;34mINFO[m] Skipping javadoc generation
[[1;34mINFO[m] 
[[1;34mINFO[m] [1m--- [0;32mjacoco-maven-plugin:0.8.3:report-aggregate[m [1m(report-aggregate)[m @ [36mcanal.server[0;1m ---[m
[[1;34mINFO[m] Loading execution data file /home/travis/build/failed/alibaba/canal/server/target/jacoco.exec
[[1;34mINFO[m] Loading execution data file /home/travis/build/failed/alibaba/canal/instance/spring/target/jacoco.exec
[[1;34mINFO[m] Analyzed bundle 'canal.instance.core' with 2 classes
[[1;34mINFO[m] Analyzed bundle 'canal.instance.spring' with 6 classes
[[1;34mINFO[m] Analyzed bundle 'canal.instance.manager' with 24 classes
[[1;34mINFO[m] 
[[1;34mINFO[m] [1m--- [0;32mmaven-install-plugin:2.4:install[m [1m(default-install)[m @ [36mcanal.server[0;1m ---[m
[[1;34mINFO[m] Installing /home/travis/build/failed/alibaba/canal/server/target/canal.server-1.1.4-SNAPSHOT.jar to /home/travis/.m2/repository/com/alibaba/otter/canal.server/1.1.4-SNAPSHOT/canal.server-1.1.4-SNAPSHOT.jar
[[1;34mINFO[m] Installing /home/travis/build/failed/alibaba/canal/server/pom.xml to /home/travis/.m2/repository/com/alibaba/otter/canal.server/1.1.4-SNAPSHOT/canal.server-1.1.4-SNAPSHOT.pom
[[1;34mINFO[m] Installing /home/travis/build/failed/alibaba/canal/server/target/canal.server-1.1.4-SNAPSHOT-sources.jar to /home/travis/.m2/repository/com/alibaba/otter/canal.server/1.1.4-SNAPSHOT/canal.server-1.1.4-SNAPSHOT-sources.jar
[[1;34mINFO[m] 
[[1;34mINFO[m] [1m------------------------------------------------------------------------[m
[[1;34mINFO[m] [1mBuilding canal client module for otter 1.1.4-SNAPSHOT 1.1.4-SNAPSHOT[m
[[1;34mINFO[m] [1m------------------------------------------------------------------------[m
[[1;34mINFO[m] 
[[1;34mINFO[m] [1m--- [0;32mmaven-clean-plugin:2.5:clean[m [1m(default-clean)[m @ [36mcanal.client[0;1m ---[m
[[1;34mINFO[m] 
[[1;34mINFO[m] [1m--- [0;32mmaven-enforcer-plugin:1.0:enforce[m [1m(enforce-maven)[m @ [36mcanal.client[0;1m ---[m
[[1;34mINFO[m] 
[[1;34mINFO[m] [1m--- [0;32mjacoco-maven-plugin:0.8.3:prepare-agent[m [1m(jacoco-initialize)[m @ [36mcanal.client[0;1m ---[m
[[1;34mINFO[m] jacocoArgLine set to -javaagent:/home/travis/.m2/repository/org/jacoco/org.jacoco.agent/0.8.3/org.jacoco.agent-0.8.3-runtime.jar=destfile=/home/travis/build/failed/alibaba/canal/client/target/jacoco.exec
[[1;34mINFO[m] 
[[1;34mINFO[m] [1m--- [0;32mmaven-resources-plugin:2.6:resources[m [1m(default-resources)[m @ [36mcanal.client[0;1m ---[m
[[1;34mINFO[m] Using 'UTF-8' encoding to copy filtered resources.
[[1;34mINFO[m] skip non existing resourceDirectory /home/travis/build/failed/alibaba/canal/client/src/main/resources
[[1;34mINFO[m] 
[[1;34mINFO[m] [1m--- [0;32mmaven-compiler-plugin:3.7.0:compile[m [1m(default-compile)[m @ [36mcanal.client[0;1m ---[m
[[1;34mINFO[m] Changes detected - recompiling the module!
[[1;34mINFO[m] Compiling 20 source files to /home/travis/build/failed/alibaba/canal/client/target/classes
[[1;34mINFO[m] /home/travis/build/failed/alibaba/canal/client/src/main/java/com/alibaba/otter/canal/client/rocketmq/RocketMQCanalConnector.java: /home/travis/build/failed/alibaba/canal/client/src/main/java/com/alibaba/otter/canal/client/rocketmq/RocketMQCanalConnector.java uses unchecked or unsafe operations.
[[1;34mINFO[m] /home/travis/build/failed/alibaba/canal/client/src/main/java/com/alibaba/otter/canal/client/rocketmq/RocketMQCanalConnector.java: Recompile with -Xlint:unchecked for details.
[[1;34mINFO[m] 
[[1;34mINFO[m] [1m--- [0;32mmaven-resources-plugin:2.6:testResources[m [1m(default-testResources)[m @ [36mcanal.client[0;1m ---[m
[[1;34mINFO[m] Using 'UTF-8' encoding to copy filtered resources.
[[1;34mINFO[m] skip non existing resourceDirectory /home/travis/build/failed/alibaba/canal/client/src/test/resources
[[1;34mINFO[m] 
[[1;34mINFO[m] [1m--- [0;32mmaven-compiler-plugin:3.7.0:testCompile[m [1m(default-testCompile)[m @ [36mcanal.client[0;1m ---[m
[[1;34mINFO[m] Changes detected - recompiling the module!
[[1;34mINFO[m] Compiling 2 source files to /home/travis/build/failed/alibaba/canal/client/target/test-classes
[[1;34mINFO[m] 
[[1;34mINFO[m] [1m--- [0;32mmaven-surefire-plugin:2.22.1:test[m [1m(default-test)[m @ [36mcanal.client[0;1m ---[m
[[1;34mINFO[m] 
[[1;34mINFO[m] -------------------------------------------------------
[[1;34mINFO[m]  T E S T S
[[1;34mINFO[m] -------------------------------------------------------
[[1;34mINFO[m] Running com.alibaba.otter.canal.client.running.[1mClientRunningTest[m
[[1;33mWARNING[m] [1;33mTests [0;1mrun: [0;1m1[m, Failures: 0, Errors: 0, [1;33mSkipped: [0;1;33m1[m, Time elapsed: 0.03 s - in com.alibaba.otter.canal.client.running.[1mClientRunningTest[m
[[1;34mINFO[m] 
[[1;34mINFO[m] Results:
[[1;34mINFO[m] 
[[1;33mWARNING[m] [1;33mTests run: 1, Failures: 0, Errors: 0, Skipped: 1[m
[[1;34mINFO[m] 
[[1;34mINFO[m] 
[[1;34mINFO[m] [1m--- [0;32mmaven-jar-plugin:3.0.2:jar[m [1m(default-jar)[m @ [36mcanal.client[0;1m ---[m
[[1;34mINFO[m] Building jar: /home/travis/build/failed/alibaba/canal/client/target/canal.client-1.1.4-SNAPSHOT.jar
[[1;34mINFO[m] 
[[1;34mINFO[m] [1m>>> [0;32mmaven-source-plugin:2.4:jar[m [1m(attach-sources)[0;1m > [0;1mgenerate-sources[m @ [36mcanal.client[0;1m >>>[m
[[1;34mINFO[m] 
[[1;34mINFO[m] [1m--- [0;32mmaven-enforcer-plugin:1.0:enforce[m [1m(enforce-maven)[m @ [36mcanal.client[0;1m ---[m
[[1;34mINFO[m] 
[[1;34mINFO[m] [1m--- [0;32mjacoco-maven-plugin:0.8.3:prepare-agent[m [1m(jacoco-initialize)[m @ [36mcanal.client[0;1m ---[m
[[1;34mINFO[m] jacocoArgLine set to -javaagent:/home/travis/.m2/repository/org/jacoco/org.jacoco.agent/0.8.3/org.jacoco.agent-0.8.3-runtime.jar=destfile=/home/travis/build/failed/alibaba/canal/client/target/jacoco.exec
[[1;34mINFO[m] 
[[1;34mINFO[m] [1m<<< [0;32mmaven-source-plugin:2.4:jar[m [1m(attach-sources)[0;1m < [0;1mgenerate-sources[m @ [36mcanal.client[0;1m <<<[m
[[1;34mINFO[m] 
[[1;34mINFO[m] 
[[1;34mINFO[m] [1m--- [0;32mmaven-source-plugin:2.4:jar[m [1m(attach-sources)[m @ [36mcanal.client[0;1m ---[m
[[1;34mINFO[m] Building jar: /home/travis/build/failed/alibaba/canal/client/target/canal.client-1.1.4-SNAPSHOT-sources.jar
[[1;34mINFO[m] 
[[1;34mINFO[m] [1m--- [0;32mmaven-javadoc-plugin:2.9.1:jar[m [1m(attach-javadocs)[m @ [36mcanal.client[0;1m ---[m
[[1;34mINFO[m] Skipping javadoc generation
[[1;34mINFO[m] 
[[1;34mINFO[m] [1m--- [0;32mmaven-shade-plugin:3.2.1:shade[m [1m(default)[m @ [36mcanal.client[0;1m ---[m
[[1;34mINFO[m] Including com.alibaba.otter:canal.protocol:jar:1.1.4-SNAPSHOT in the shaded jar.
[[1;34mINFO[m] Including com.alibaba.otter:canal.common:jar:1.1.4-SNAPSHOT in the shaded jar.
[[1;34mINFO[m] Excluding com.google.code.findbugs:jsr305:jar:3.0.2 from the shaded jar.
[[1;34mINFO[m] Excluding com.google.protobuf:protobuf-java:jar:3.6.1 from the shaded jar.
[[1;34mINFO[m] Excluding io.netty:netty-all:jar:4.1.6.Final from the shaded jar.
[[1;34mINFO[m] Excluding org.apache.zookeeper:zookeeper:jar:3.4.5 from the shaded jar.
[[1;34mINFO[m] Excluding org.jboss.netty:netty:jar:3.2.2.Final from the shaded jar.
[[1;34mINFO[m] Excluding com.101tec:zkclient:jar:0.10 from the shaded jar.
[[1;34mINFO[m] Excluding commons-io:commons-io:jar:2.4 from the shaded jar.
[[1;34mINFO[m] Excluding commons-lang:commons-lang:jar:2.6 from the shaded jar.
[[1;34mINFO[m] Excluding commons-codec:commons-codec:jar:1.9 from the shaded jar.
[[1;34mINFO[m] Excluding com.alibaba:fastjson:jar:1.2.58 from the shaded jar.
[[1;34mINFO[m] Including com.google.guava:guava:jar:18.0 in the shaded jar.
[[1;34mINFO[m] Excluding ch.qos.logback:logback-core:jar:1.1.3 from the shaded jar.
[[1;34mINFO[m] Excluding ch.qos.logback:logback-classic:jar:1.1.3 from the shaded jar.
[[1;34mINFO[m] Excluding org.slf4j:jcl-over-slf4j:jar:1.7.12 from the shaded jar.
[[1;34mINFO[m] Excluding org.slf4j:slf4j-api:jar:1.7.12 from the shaded jar.
[[1;34mINFO[m] Excluding org.springframework:spring-core:jar:3.2.18.RELEASE from the shaded jar.
[[1;34mINFO[m] Excluding commons-logging:commons-logging:jar:1.1.3 from the shaded jar.
[[1;34mINFO[m] Excluding org.springframework:spring-aop:jar:3.2.18.RELEASE from the shaded jar.
[[1;34mINFO[m] Excluding aopalliance:aopalliance:jar:1.0 from the shaded jar.
[[1;34mINFO[m] Excluding org.springframework:spring-beans:jar:3.2.18.RELEASE from the shaded jar.
[[1;34mINFO[m] Excluding org.springframework:spring-context:jar:3.2.18.RELEASE from the shaded jar.
[[1;34mINFO[m] Excluding org.springframework:spring-expression:jar:3.2.18.RELEASE from the shaded jar.
[[1;34mINFO[m] Excluding org.springframework:spring-jdbc:jar:3.2.18.RELEASE from the shaded jar.
[[1;34mINFO[m] Excluding org.springframework:spring-tx:jar:3.2.18.RELEASE from the shaded jar.
[[1;34mINFO[m] Excluding org.springframework:spring-orm:jar:3.2.18.RELEASE from the shaded jar.
[[1;34mINFO[m] Excluding org.apache.rocketmq:rocketmq-client:jar:4.5.2 from the shaded jar.
[[1;34mINFO[m] Excluding org.apache.rocketmq:rocketmq-common:jar:4.5.2 from the shaded jar.
[[1;34mINFO[m] Excluding org.apache.commons:commons-lang3:jar:3.4 from the shaded jar.
[[1;34mINFO[m] Excluding org.apache.rocketmq:rocketmq-acl:jar:4.5.2 from the shaded jar.
[[1;34mINFO[m] Excluding org.apache.rocketmq:rocketmq-remoting:jar:4.5.2 from the shaded jar.
[[1;34mINFO[m] Excluding io.netty:netty-tcnative-boringssl-static:jar:1.1.33.Fork26 from the shaded jar.
[[1;34mINFO[m] Excluding org.apache.rocketmq:rocketmq-logging:jar:4.5.2 from the shaded jar.
[[1;34mINFO[m] Excluding org.apache.rocketmq:rocketmq-srvutil:jar:4.5.2 from the shaded jar.
[[1;34mINFO[m] Excluding commons-cli:commons-cli:jar:1.2 from the shaded jar.
[[1;34mINFO[m] Excluding org.yaml:snakeyaml:jar:1.19 from the shaded jar.
[[1;34mINFO[m] Replacing original artifact with shaded artifact.
[[1;34mINFO[m] Replacing /home/travis/build/failed/alibaba/canal/client/target/canal.client-1.1.4-SNAPSHOT.jar with /home/travis/build/failed/alibaba/canal/client/target/canal.client-1.1.4-SNAPSHOT-shaded.jar
[[1;34mINFO[m] 
[[1;34mINFO[m] [1m--- [0;32mjacoco-maven-plugin:0.8.3:report-aggregate[m [1m(report-aggregate)[m @ [36mcanal.client[0;1m ---[m
[[1;34mINFO[m] Loading execution data file /home/travis/build/failed/alibaba/canal/client/target/jacoco.exec
[[1;34mINFO[m] Analyzed bundle 'canal.protocol' with 131 classes
[[1;34mINFO[m] 
[[1;34mINFO[m] [1m--- [0;32mmaven-install-plugin:2.4:install[m [1m(default-install)[m @ [36mcanal.client[0;1m ---[m
[[1;34mINFO[m] Installing /home/travis/build/failed/alibaba/canal/client/target/canal.client-1.1.4-SNAPSHOT.jar to /home/travis/.m2/repository/com/alibaba/otter/canal.client/1.1.4-SNAPSHOT/canal.client-1.1.4-SNAPSHOT.jar
[[1;34mINFO[m] Installing /home/travis/build/failed/alibaba/canal/client/pom.xml to /home/travis/.m2/repository/com/alibaba/otter/canal.client/1.1.4-SNAPSHOT/canal.client-1.1.4-SNAPSHOT.pom
[[1;34mINFO[m] Installing /home/travis/build/failed/alibaba/canal/client/target/canal.client-1.1.4-SNAPSHOT-sources.jar to /home/travis/.m2/repository/com/alibaba/otter/canal.client/1.1.4-SNAPSHOT/canal.client-1.1.4-SNAPSHOT-sources.jar
[[1;34mINFO[m] 
[[1;34mINFO[m] [1m------------------------------------------------------------------------[m
[[1;34mINFO[m] [1mBuilding canal prometheus module for otter 1.1.4-SNAPSHOT 1.1.4-SNAPSHOT[m
[[1;34mINFO[m] [1m------------------------------------------------------------------------[m
[[1;34mINFO[m] 
[[1;34mINFO[m] [1m--- [0;32mmaven-clean-plugin:2.5:clean[m [1m(default-clean)[m @ [36mcanal.prometheus[0;1m ---[m
[[1;34mINFO[m] 
[[1;34mINFO[m] [1m--- [0;32mmaven-enforcer-plugin:1.0:enforce[m [1m(enforce-maven)[m @ [36mcanal.prometheus[0;1m ---[m
[[1;34mINFO[m] 
[[1;34mINFO[m] [1m--- [0;32mjacoco-maven-plugin:0.8.3:prepare-agent[m [1m(jacoco-initialize)[m @ [36mcanal.prometheus[0;1m ---[m
[[1;34mINFO[m] jacocoArgLine set to -javaagent:/home/travis/.m2/repository/org/jacoco/org.jacoco.agent/0.8.3/org.jacoco.agent-0.8.3-runtime.jar=destfile=/home/travis/build/failed/alibaba/canal/prometheus/target/jacoco.exec
[[1;34mINFO[m] 
[[1;34mINFO[m] [1m--- [0;32mmaven-resources-plugin:2.6:resources[m [1m(default-resources)[m @ [36mcanal.prometheus[0;1m ---[m
[[1;34mINFO[m] Using 'UTF-8' encoding to copy filtered resources.
[[1;34mINFO[m] Copying 1 resource
[[1;34mINFO[m] 
[[1;34mINFO[m] [1m--- [0;32mmaven-compiler-plugin:3.7.0:compile[m [1m(default-compile)[m @ [36mcanal.prometheus[0;1m ---[m
[[1;34mINFO[m] Changes detected - recompiling the module!
[[1;34mINFO[m] Compiling 11 source files to /home/travis/build/failed/alibaba/canal/prometheus/target/classes
[[1;34mINFO[m] 
[[1;34mINFO[m] [1m--- [0;32mmaven-resources-plugin:2.6:testResources[m [1m(default-testResources)[m @ [36mcanal.prometheus[0;1m ---[m
[[1;34mINFO[m] Using 'UTF-8' encoding to copy filtered resources.
[[1;34mINFO[m] skip non existing resourceDirectory /home/travis/build/failed/alibaba/canal/prometheus/src/test/resources
[[1;34mINFO[m] 
[[1;34mINFO[m] [1m--- [0;32mmaven-compiler-plugin:3.7.0:testCompile[m [1m(default-testCompile)[m @ [36mcanal.prometheus[0;1m ---[m
[[1;34mINFO[m] No sources to compile
[[1;34mINFO[m] 
[[1;34mINFO[m] [1m--- [0;32mmaven-surefire-plugin:2.22.1:test[m [1m(default-test)[m @ [36mcanal.prometheus[0;1m ---[m
[[1;34mINFO[m] No tests to run.
[[1;34mINFO[m] 
[[1;34mINFO[m] [1m--- [0;32mmaven-jar-plugin:3.0.2:jar[m [1m(default-jar)[m @ [36mcanal.prometheus[0;1m ---[m
[[1;34mINFO[m] Building jar: /home/travis/build/failed/alibaba/canal/prometheus/target/canal.prometheus-1.1.4-SNAPSHOT.jar
[[1;34mINFO[m] 
[[1;34mINFO[m] [1m>>> [0;32mmaven-source-plugin:2.4:jar[m [1m(attach-sources)[0;1m > [0;1mgenerate-sources[m @ [36mcanal.prometheus[0;1m >>>[m
[[1;34mINFO[m] 
[[1;34mINFO[m] [1m--- [0;32mmaven-enforcer-plugin:1.0:enforce[m [1m(enforce-maven)[m @ [36mcanal.prometheus[0;1m ---[m
[[1;34mINFO[m] 
[[1;34mINFO[m] [1m--- [0;32mjacoco-maven-plugin:0.8.3:prepare-agent[m [1m(jacoco-initialize)[m @ [36mcanal.prometheus[0;1m ---[m
[[1;34mINFO[m] jacocoArgLine set to -javaagent:/home/travis/.m2/repository/org/jacoco/org.jacoco.agent/0.8.3/org.jacoco.agent-0.8.3-runtime.jar=destfile=/home/travis/build/failed/alibaba/canal/prometheus/target/jacoco.exec
[[1;34mINFO[m] 
[[1;34mINFO[m] [1m<<< [0;32mmaven-source-plugin:2.4:jar[m [1m(attach-sources)[0;1m < [0;1mgenerate-sources[m @ [36mcanal.prometheus[0;1m <<<[m
[[1;34mINFO[m] 
[[1;34mINFO[m] 
[[1;34mINFO[m] [1m--- [0;32mmaven-source-plugin:2.4:jar[m [1m(attach-sources)[m @ [36mcanal.prometheus[0;1m ---[m
[[1;34mINFO[m] Building jar: /home/travis/build/failed/alibaba/canal/prometheus/target/canal.prometheus-1.1.4-SNAPSHOT-sources.jar
[[1;34mINFO[m] 
[[1;34mINFO[m] [1m--- [0;32mmaven-javadoc-plugin:2.9.1:jar[m [1m(attach-javadocs)[m @ [36mcanal.prometheus[0;1m ---[m
[[1;34mINFO[m] Skipping javadoc generation
[[1;34mINFO[m] 
[[1;34mINFO[m] [1m--- [0;32mjacoco-maven-plugin:0.8.3:report-aggregate[m [1m(report-aggregate)[m @ [36mcanal.prometheus[0;1m ---[m
[[1;34mINFO[m] Loading execution data file /home/travis/build/failed/alibaba/canal/server/target/jacoco.exec
[[1;34mINFO[m] Analyzed bundle 'canal.instance.core' with 2 classes
[[1;34mINFO[m] Analyzed bundle 'canal.server' with 53 classes
[[1;34mINFO[m] 
[[1;34mINFO[m] [1m--- [0;32mmaven-install-plugin:2.4:install[m [1m(default-install)[m @ [36mcanal.prometheus[0;1m ---[m
[[1;34mINFO[m] Installing /home/travis/build/failed/alibaba/canal/prometheus/target/canal.prometheus-1.1.4-SNAPSHOT.jar to /home/travis/.m2/repository/com/alibaba/otter/canal.prometheus/1.1.4-SNAPSHOT/canal.prometheus-1.1.4-SNAPSHOT.jar
[[1;34mINFO[m] Installing /home/travis/build/failed/alibaba/canal/prometheus/pom.xml to /home/travis/.m2/repository/com/alibaba/otter/canal.prometheus/1.1.4-SNAPSHOT/canal.prometheus-1.1.4-SNAPSHOT.pom
[[1;34mINFO[m] Installing /home/travis/build/failed/alibaba/canal/prometheus/target/canal.prometheus-1.1.4-SNAPSHOT-sources.jar to /home/travis/.m2/repository/com/alibaba/otter/canal.prometheus/1.1.4-SNAPSHOT/canal.prometheus-1.1.4-SNAPSHOT-sources.jar
[[1;34mINFO[m] 
[[1;34mINFO[m] [1m------------------------------------------------------------------------[m
[[1;34mINFO[m] [1mBuilding canal deployer module for otter 1.1.4-SNAPSHOT 1.1.4-SNAPSHOT[m
[[1;34mINFO[m] [1m------------------------------------------------------------------------[m
[[1;34mINFO[m] 
[[1;34mINFO[m] [1m--- [0;32mmaven-clean-plugin:2.5:clean[m [1m(default-clean)[m @ [36mcanal.deployer[0;1m ---[m
[[1;34mINFO[m] 
[[1;34mINFO[m] [1m--- [0;32mmaven-enforcer-plugin:1.0:enforce[m [1m(enforce-maven)[m @ [36mcanal.deployer[0;1m ---[m
[[1;34mINFO[m] 
[[1;34mINFO[m] [1m--- [0;32mjacoco-maven-plugin:0.8.3:prepare-agent[m [1m(jacoco-initialize)[m @ [36mcanal.deployer[0;1m ---[m
[[1;34mINFO[m] jacocoArgLine set to -javaagent:/home/travis/.m2/repository/org/jacoco/org.jacoco.agent/0.8.3/org.jacoco.agent-0.8.3-runtime.jar=destfile=/home/travis/build/failed/alibaba/canal/deployer/target/jacoco.exec
[[1;34mINFO[m] 
[[1;34mINFO[m] [1m--- [0;32mmaven-resources-plugin:2.6:resources[m [1m(default-resources)[m @ [36mcanal.deployer[0;1m ---[m
[[1;34mINFO[m] Using 'UTF-8' encoding to copy filtered resources.
[[1;34mINFO[m] Copying 17 resources
[[1;34mINFO[m] 
[[1;34mINFO[m] [1m--- [0;32mmaven-compiler-plugin:3.7.0:compile[m [1m(default-compile)[m @ [36mcanal.deployer[0;1m ---[m
[[1;34mINFO[m] Changes detected - recompiling the module!
[[1;34mINFO[m] Compiling 10 source files to /home/travis/build/failed/alibaba/canal/deployer/target/classes
[[1;34mINFO[m] -------------------------------------------------------------
[[1;31mERROR[m] COMPILATION ERROR : 
[[1;34mINFO[m] -------------------------------------------------------------
[[1;31mERROR[m] /home/travis/build/failed/alibaba/canal/deployer/src/main/java/com/alibaba/otter/canal/deployer/CanalController.java:[107,9] cannot find symbol
  symbol:   variable cid
  location: class com.alibaba.otter.canal.deployer.CanalController
[[1;34mINFO[m] 1 error
[[1;34mINFO[m] -------------------------------------------------------------
[[1;34mINFO[m] [1m------------------------------------------------------------------------[m
[[1;34mINFO[m] [1mReactor Summary:[m
[[1;34mINFO[m] 
[[1;34mINFO[m] canal module for otter 1.1.4-SNAPSHOT .............. [1;32mSUCCESS[m [  6.220 s]
[[1;34mINFO[m] canal common module for otter 1.1.4-SNAPSHOT ....... [1;32mSUCCESS[m [  7.947 s]
[[1;34mINFO[m] canal protocol module for otter 1.1.4-SNAPSHOT ..... [1;32mSUCCESS[m [  4.057 s]
[[1;34mINFO[m] canal meta module for otter 1.1.4-SNAPSHOT ......... [1;32mSUCCESS[m [  2.983 s]
[[1;34mINFO[m] canal driver module for otter 1.1.4-SNAPSHOT ....... [1;32mSUCCESS[m [  3.193 s]
[[1;34mINFO[m] canal dbsync module for otter 1.1.4-SNAPSHOT ....... [1;32mSUCCESS[m [  3.226 s]
[[1;34mINFO[m] canal sink module for otter 1.1.4-SNAPSHOT ......... [1;32mSUCCESS[m [  3.302 s]
[[1;34mINFO[m] canal store module for otter 1.1.4-SNAPSHOT ........ [1;32mSUCCESS[m [ 16.826 s]
[[1;34mINFO[m] canal sink module for otter 1.1.4-SNAPSHOT ......... [1;32mSUCCESS[m [ 13.380 s]
[[1;34mINFO[m] canal parse module for otter 1.1.4-SNAPSHOT ........ [1;32mSUCCESS[m [ 10.522 s]
[[1;34mINFO[m] canal instance core module for otter 1.1.4-SNAPSHOT  [1;32mSUCCESS[m [  0.585 s]
[[1;34mINFO[m] canal instance spring module for otter 1.1.4-SNAPSHOT [1;32mSUCCESS[m [  1.824 s]
[[1;34mINFO[m] canal instance manager module for otter 1.1.4-SNAPSHOT [1;32mSUCCESS[m [  0.772 s]
[[1;34mINFO[m] canal instance module for otter 1.1.4-SNAPSHOT ..... [1;32mSUCCESS[m [  0.062 s]
[[1;34mINFO[m] canal server module for otter 1.1.4-SNAPSHOT ....... [1;32mSUCCESS[m [  3.922 s]
[[1;34mINFO[m] canal client module for otter 1.1.4-SNAPSHOT ....... [1;32mSUCCESS[m [  4.891 s]
[[1;34mINFO[m] canal prometheus module for otter 1.1.4-SNAPSHOT ... [1;32mSUCCESS[m [  0.750 s]
[[1;34mINFO[m] canal deployer module for otter 1.1.4-SNAPSHOT ..... [1;31mFAILURE[m [  1.187 s]
[[1;34mINFO[m] canal example module for otter 1.1.4-SNAPSHOT ...... [1;33mSKIPPED[m
[[1;34mINFO[m] canal client adapter module for otter 1.1.4-SNAPSHOT [1;33mSKIPPED[m
[[1;34mINFO[m] canal client adapter common module for otter 1.1.4-SNAPSHOT [1;33mSKIPPED[m
[[1;34mINFO[m] canal client adapter logger example module for otter 1.1.4-SNAPSHOT [1;33mSKIPPED[m
[[1;34mINFO[m] canal client adapter hbase module for otter 1.1.4-SNAPSHOT [1;33mSKIPPED[m
[[1;34mINFO[m] canal client adapter elasticsearch module for otter 1.1.4-SNAPSHOT [1;33mSKIPPED[m
[[1;34mINFO[m] canal client adapter rdb module for otter 1.1.4-SNAPSHOT [1;33mSKIPPED[m
[[1;34mINFO[m] canal client adapter launcher module for otter 1.1.4-SNAPSHOT [1;33mSKIPPED[m
[[1;34mINFO[m] canal-admin ........................................ [1;33mSKIPPED[m
[[1;34mINFO[m] canal-admin-ui ..................................... [1;33mSKIPPED[m
[[1;34mINFO[m] canal-admin-server ................................. [1;33mSKIPPED[m
[[1;34mINFO[m] [1m------------------------------------------------------------------------[m
[[1;34mINFO[m] [1;31mBUILD FAILURE[m
[[1;34mINFO[m] [1m------------------------------------------------------------------------[m
[[1;34mINFO[m] Total time: 01:32 min
[[1;34mINFO[m] Finished at: 2022-05-21T16:03:07Z
[[1;34mINFO[m] Final Memory: 82M/986M
[[1;34mINFO[m] [1m------------------------------------------------------------------------[m
[[1;31mERROR[m] Failed to execute goal [32morg.apache.maven.plugins:maven-compiler-plugin:3.7.0:compile[m [1m(default-compile)[m on project [36mcanal.deployer[m: [1;31mCompilation failure[m
[[1;31mERROR[m] [1;31m/home/travis/build/failed/alibaba/canal/deployer/src/main/java/com/alibaba/otter/canal/deployer/CanalController.java:[107,9] cannot find symbol[m
[[1;31mERROR[m] [1;31m  symbol:   variable cid[m
[[1;31mERROR[m] [1;31m  location: class com.alibaba.otter.canal.deployer.CanalController[m
[[1;31mERROR[m] [1;31m[m
[[1;31mERROR[m] -> [1m[Help 1][m
[[1;31mERROR[m] 
[[1;31mERROR[m] To see the full stack trace of the errors, re-run Maven with the [1m-e[m switch.
[[1;31mERROR[m] Re-run Maven using the [1m-X[m switch to enable full debug logging.
[[1;31mERROR[m] 
[[1;31mERROR[m] For more information about the errors and possible solutions, please read the following articles:
[[1;31mERROR[m] [1m[Help 1][m http://cwiki.apache.org/confluence/display/MAVEN/MojoFailureException
[[1;31mERROR[m] 
[[1;31mERROR[m] After correcting the problems, you can resume the build with the command
[[1;31mERROR[m]   [1mmvn <goals> -rf :canal.deployer[m
/home/travis/.travis/functions: line 607:  2575 Terminated              travis_jigger "${!}" "${timeout}" "${cmd[@]}"
travis_time:end:105b2d39:start=1653148893296233806,finish=1653148988087924255,duration=94791690449,event=script[0K[31;1mThe command "travis_wait 30 ./mvnw clean install -DskipTests=false -Dcheckstyle.skip=true -Dmaven.javadoc.skip=true" exited with 1.[0m
travis_fold:start:cache.2[0Kstore build cache
travis_time:start:0f0fcaf2[0Ktravis_time:end:0f0fcaf2:start=1653148988095587747,finish=1653148988101146250,duration=5558503,event=cache[0Ktravis_time:start:00c6318c[0K[32;1mchanges detected, packing new archive[0m
[32;1muploading /[0m
[31;1mfailed to upload cache[0m
travis_time:end:00c6318c:start=1653148988107937360,finish=1653149003286979098,duration=15179041738,event=cache[0Ktravis_fold:end:cache.2[0K
travis_fold:start:after_failure[0Ktravis_time:start:179a4588[0K$ if [ -f canal.log ]; then echo "------TAIL of canal.log------"; tail -n 1000 canal.log; echo "------END of canal.log------"; fi
travis_time:end:179a4588:start=1653149003297609168,finish=1653149003303936502,duration=6327334,event=after_failure[0Ktravis_fold:end:after_failure[0K
Done. Your build exited with 1.
