travis_time:start:04ca052c[0Ktravis_time:end:04ca052c:start=1653048684645477632,finish=1653048684806392555,duration=160914923,event=no_world_writable_dirs[0Ktravis_time:start:0597aa48[0Ktravis_time:end:0597aa48:start=1653048684812109980,finish=1653048684816058401,duration=3948421,event=check_unsupported[0Ktravis_time:start:05403138[0Ktravis_fold:start:system_info[0K[33;1mBuild system information[0m
Build language: java
Build group: stable
Build dist: precise
Build id: ''
Job id: ''
Runtime kernel version: 4.15.0-109-generic
[34m[1mBuild image provisioning date and time[0m
Thu Feb  5 15:09:33 UTC 2015
[34m[1mOperating System Details[0m
Distributor ID:	Ubuntu
Description:	Ubuntu 12.04.5 LTS
Release:	12.04
Codename:	precise
[34m[1mLinux Version[0m
3.13.0-29-generic
[34m[1mCookbooks Version[0m
a68419e https://github.com/travis-ci/travis-cookbooks/tree/a68419e
[34m[1mGCC version[0m
gcc (Ubuntu/Linaro 4.6.3-1ubuntu5) 4.6.3
Copyright (C) 2011 Free Software Foundation, Inc.
This is free software; see the source for copying conditions.  There is NO
warranty; not even for MERCHANTABILITY or FITNESS FOR A PARTICULAR PURPOSE.

[34m[1mLLVM version[0m
clang version 3.4 (tags/RELEASE_34/final)
Target: x86_64-unknown-linux-gnu
Thread model: posix
[34m[1mPre-installed Ruby versions[0m
ruby-1.9.3-p551
[34m[1mPre-installed Node.js versions[0m
v0.10.36
[34m[1mPre-installed Go versions[0m
1.4.1
[34m[1mRedis version[0m
redis-server 2.8.19
[34m[1mriak version[0m
2.0.2
[34m[1mMongoDB version[0m
MongoDB 2.4.12
[34m[1mCouchDB version[0m
couchdb 1.6.1
[34m[1mNeo4j version[0m
1.9.4
[34m[1mRabbitMQ Version[0m
3.4.3
[34m[1mElasticSearch version[0m
1.4.0
[34m[1mInstalled Sphinx versions[0m
2.0.10
2.1.9
2.2.6
[34m[1mDefault Sphinx version[0m
2.2.6
[34m[1mInstalled Firefox version[0m
firefox 31.0esr
[34m[1mPhantomJS version[0m
1.9.8
[34m[1mant -version[0m
Apache Ant(TM) version 1.8.2 compiled on December 3 2011
[34m[1mmvn -version[0m
Apache Maven 3.2.5 (12a6b3acb947671f09b81f49094c53f426d8cea1; 2014-12-14T17:29:23+00:00)
Maven home: /usr/local/maven
Java version: 1.7.0_76, vendor: Oracle Corporation
Java home: /usr/lib/jvm/java-7-oracle/jre
Default locale: en_US, platform encoding: ANSI_X3.4-1968
OS name: "linux", version: "3.13.0-29-generic", arch: "amd64", family: "unix"
travis_fold:end:system_info[0K
travis_time:end:05403138:start=1653048684821585291,finish=1653048684831212678,duration=9627387,event=show_system_info[0Ktravis_time:start:0fc67e01[0Ktravis_time:end:0fc67e01:start=1653048684836867034,finish=1653048684856203063,duration=19336029,event=rm_riak_source[0Ktravis_time:start:00c05ad5[0Ktravis_time:end:00c05ad5:start=1653048684862223515,finish=1653048684872126732,duration=9903217,event=fix_rwky_redis[0Ktravis_time:start:067f74a0[0K[31;1mTimeout waiting for network availability.[0m
travis_time:end:067f74a0:start=1653048684878023808,finish=1653048705618364047,duration=20740340239,event=wait_for_network[0Ktravis_time:start:04310130[0Ktravis_time:end:04310130:start=1653048705625098425,finish=1653048795933370573,duration=90308272148,event=update_apt_keys[0Ktravis_time:start:2b3e0b76[0Ktravis_time:end:2b3e0b76:start=1653048795939522566,finish=1653048796012375674,duration=72853108,event=fix_hhvm_source[0Ktravis_time:start:143fa278[0Ktravis_time:end:143fa278:start=1653048796018909320,finish=1653048796024627437,duration=5718117,event=update_mongo_arch[0Ktravis_time:start:10c193fc[0Ktravis_time:end:10c193fc:start=1653048796030613974,finish=1653048796075145579,duration=44531605,event=fix_sudo_enabled_trusty[0Ktravis_time:start:05a50304[0Ktravis_time:end:05a50304:start=1653048796081334181,finish=1653048796098936707,duration=17602526,event=clean_up_path[0Ktravis_time:start:3af41500[0Ktravis_time:end:3af41500:start=1653048796105350486,finish=1653048796120795207,duration=15444721,event=fix_resolv_conf[0Ktravis_time:start:174fec40[0Ktravis_time:end:174fec40:start=1653048796126818114,finish=1653048796145368494,duration=18550380,event=fix_etc_hosts[0Ktravis_time:start:16c796f4[0Ktravis_time:end:16c796f4:start=1653048796152472604,finish=1653048796170127076,duration=17654472,event=fix_mvn_settings_xml[0Ktravis_time:start:1e3b84bc[0Ktravis_time:end:1e3b84bc:start=1653048796176918524,finish=1653048796195033276,duration=18114752,event=no_ipv6_localhost[0Ktravis_time:start:220607f8[0Ktravis_time:end:220607f8:start=1653048796201039986,finish=1653048796223217817,duration=22177831,event=fix_etc_mavenrc[0Ktravis_time:start:052bce2c[0Ktravis_time:end:052bce2c:start=1653048796229327092,finish=1653048796235608464,duration=6281372,event=fix_wwdr_certificate[0Ktravis_time:start:04b6b86e[0Ktravis_time:end:04b6b86e:start=1653048796241721083,finish=1653048796282684464,duration=40963381,event=put_localhost_first[0Ktravis_time:start:1f14d71c[0Ktravis_time:end:1f14d71c:start=1653048796289150824,finish=1653048796293963431,duration=4812607,event=home_paths[0Ktravis_time:start:03a84473[0Ktravis_time:end:03a84473:start=1653048796299400418,finish=1653048796330780205,duration=31379787,event=disable_initramfs[0Ktravis_time:start:353f10f7[0Ktravis_time:end:353f10f7:start=1653048796337101266,finish=1653048796375289257,duration=38187991,event=disable_ssh_roaming[0Ktravis_time:start:0ff95000[0Ktravis_time:end:0ff95000:start=1653048796381519240,finish=1653048796385703965,duration=4184725,event=debug_tools[0Ktravis_time:start:059e6e48[0Ktravis_time:end:059e6e48:start=1653048796391556958,finish=1653048796397559371,duration=6002413,event=uninstall_oclint[0Ktravis_time:start:05eb5736[0Ktravis_time:end:05eb5736:start=1653048796403292873,finish=1653048796409409625,duration=6116752,event=rvm_use[0Ktravis_time:start:1966015f[0Ktravis_time:end:1966015f:start=1653048796415103005,finish=1653048796431110732,duration=16007727,event=rm_etc_boto_cfg[0Ktravis_time:start:014abc16[0Ktravis_time:end:014abc16:start=1653048796437759298,finish=1653048796442767886,duration=5008588,event=rm_oraclejdk8_symlink[0Ktravis_time:start:02c8e68a[0Ktravis_time:end:02c8e68a:start=1653048796448943433,finish=1653048796495877260,duration=46933827,event=enable_i386[0Ktravis_time:start:121eb8d7[0Ktravis_time:end:121eb8d7:start=1653048796502998504,finish=1653048796526450540,duration=23452036,event=update_rubygems[0Ktravis_time:start:03dcc7e0[0Ktravis_time:end:03dcc7e0:start=1653048796533610654,finish=1653048796543036349,duration=9425695,event=ensure_path_components[0Ktravis_time:start:0cf86748[0Ktravis_time:end:0cf86748:start=1653048796549158378,finish=1653048796553852249,duration=4693871,event=redefine_curl[0Ktravis_time:start:0fc6dbe4[0Ktravis_time:end:0fc6dbe4:start=1653048796560710248,finish=1653048796565662243,duration=4951995,event=nonblock_pipe[0Ktravis_time:start:22e1d520[0Ktravis_time:end:22e1d520:start=1653048796571816577,finish=1653048799644040276,duration=3072223699,event=apt_get_update[0Ktravis_time:start:003a08d5[0Ktravis_time:end:003a08d5:start=1653048799650888989,finish=1653048799655757125,duration=4868136,event=deprecate_xcode_64[0Ktravis_time:start:08c0926e[0Ktravis_time:end:08c0926e:start=1653048799661586288,finish=1653048799669130412,duration=7544124,event=update_heroku[0Ktravis_time:start:08e4d1aa[0Ktravis_time:end:08e4d1aa:start=1653048799675386029,finish=1653048799680318986,duration=4932957,event=shell_session_update[0Ktravis_time:start:0260f6b1[0Ktravis_fold:start:docker_mtu[0Ktee: /etc/docker/daemon.json: No such file or directory
docker: unrecognized service
travis_fold:end:docker_mtu[0Ktravis_time:end:0260f6b1:start=1653048799686399471,finish=1653048799722513699,duration=36114228,event=set_docker_mtu[0Ktravis_time:start:00d16496[0Ktravis_time:end:00d16496:start=1653048799728319303,finish=1653048799745157554,duration=16838251,event=resolvconf[0K
travis_fold:start:install_jdk[0K[33;1mInstalling oraclejdk8[0m
$ jdk_switcher use "oraclejdk8"
Switching to Oracle JDK8 (java-8-oracle), JAVA_HOME will be set to /usr/lib/jvm/java-8-oracle
travis_fold:end:install_jdk[0Ktravis_time:start:07bcf688[0Ktravis_time:end:07bcf688:start=1653048799768663271,finish=1653048799773487184,duration=4823913,event=fix_ps4[0Ktravis_time:start:05ffe758[0K
$ cd failed/eclipse/golo-lang

travis_time:end:05ffe758:start=1653048799779938216,finish=1653048799785059416,duration=5121200,event=checkout[0Ktravis_time:start:106ff446[0Ktravis_time:end:106ff446:start=1653048799791109172,finish=1653048799918774882,duration=127665710,event=env[0K$ export TERM=dumb
$ java -Xmx32m -version
java version "1.8.0_31"
Java(TM) SE Runtime Environment (build 1.8.0_31-b13)
Java HotSpot(TM) 64-Bit Server VM (build 25.31-b07, mixed mode)
$ javac -J-Xmx32m -version
javac 1.8.0_31
travis_fold:start:install[0Ktravis_time:start:20b553cc[0K$ ./gradlew assemble
[versioning] WARNING - the working copy has unstaged or uncommitted changes.
:asciidoctor UP-TO-DATE
:compileJjtree UP-TO-DATE
:compileJavacc UP-TO-DATE
:compileJava UP-TO-DATE
:processResources UP-TO-DATE
:goloc UP-TO-DATE
:classes UP-TO-DATE
:golodoc UP-TO-DATE
:jar UP-TO-DATE
:vanillaScripts UP-TO-DATE
:startScripts UP-TO-DATE
:distTar UP-TO-DATE
:distZip UP-TO-DATE
:assemble UP-TO-DATE

BUILD SUCCESSFUL

Total time: 7.961 secs
travis_time:end:20b553cc:start=1653048800611504161,finish=1653048814525932986,duration=13914428825,event=install[0Ktravis_fold:end:install[0Ktravis_time:start:1934b092[0K$ ./gradlew check
[versioning] WARNING - the working copy has unstaged or uncommitted changes.
:compileJjtree UP-TO-DATE
:compileJavacc UP-TO-DATE
:compileJava UP-TO-DATE
:processResources UP-TO-DATE
:goloc UP-TO-DATE
:classes UP-TO-DATE
:findbugsMain UP-TO-DATE
:compileTestJava UP-TO-DATE
:processTestResources UP-TO-DATE
:testClasses UP-TO-DATE
:test

Gradle suite > Gradle test > gololang.StandardAugmentationsTest.number_repeaters FAILED
    java.lang.reflect.InvocationTargetException at StandardAugmentationsTest.java:495
        Caused by: java.lang.NullPointerException at StandardAugmentationsTest.java:495

628 tests completed, 1 failed
:test FAILED

FAILURE: Build failed with an exception.

* What went wrong:
Execution failed for task ':test'.
> There were failing tests. See the report at: file:///home/travis/build/failed/eclipse/golo-lang/build/reports/tests/index.html

* Try:
Run with --stacktrace option to get the stack trace. Run with --info or --debug option to get more log output.

BUILD FAILED

Total time: 13.641 secs
travis_time:end:1934b092:start=1653048814532538423,finish=1653048828639286492,duration=14106748069,event=[0K[31;1mThe command "./gradlew check" exited with 1.[0m


Done. Your build exited with 1.
