travis_time:start:035d9fda[0Ktravis_time:end:035d9fda:start=1653161124466104637,finish=1653161124637044330,duration=170939693,event=no_world_writable_dirs[0Ktravis_time:start:13c816ff[0Ktravis_time:end:13c816ff:start=1653161124643354265,finish=1653161124647702153,duration=4347888,event=check_unsupported[0Ktravis_time:start:0021b31e[0Ktravis_fold:start:system_info[0K[33;1mBuild system information[0m
Build language: java
Build group: stable
Build dist: precise
Build id: ''
Job id: ''
Runtime kernel version: 4.15.0-109-generic
[34m[1mBuild image provisioning date and time[0m
Thu Feb  5 15:09:33 UTC 2015
[34m[1mOperating System Details[0m
Distributor ID:	Ubuntu
Description:	Ubuntu 12.04.5 LTS
Release:	12.04
Codename:	precise
[34m[1mLinux Version[0m
3.13.0-29-generic
[34m[1mCookbooks Version[0m
a68419e https://github.com/travis-ci/travis-cookbooks/tree/a68419e
[34m[1mGCC version[0m
gcc (Ubuntu/Linaro 4.6.3-1ubuntu5) 4.6.3
Copyright (C) 2011 Free Software Foundation, Inc.
This is free software; see the source for copying conditions.  There is NO
warranty; not even for MERCHANTABILITY or FITNESS FOR A PARTICULAR PURPOSE.

[34m[1mLLVM version[0m
clang version 3.4 (tags/RELEASE_34/final)
Target: x86_64-unknown-linux-gnu
Thread model: posix
[34m[1mPre-installed Ruby versions[0m
ruby-1.9.3-p551
[34m[1mPre-installed Node.js versions[0m
v0.10.36
[34m[1mPre-installed Go versions[0m
1.4.1
[34m[1mRedis version[0m
redis-server 2.8.19
[34m[1mriak version[0m
2.0.2
[34m[1mMongoDB version[0m
MongoDB 2.4.12
[34m[1mCouchDB version[0m
couchdb 1.6.1
[34m[1mNeo4j version[0m
1.9.4
[34m[1mRabbitMQ Version[0m
3.4.3
[34m[1mElasticSearch version[0m
1.4.0
[34m[1mInstalled Sphinx versions[0m
2.0.10
2.1.9
2.2.6
[34m[1mDefault Sphinx version[0m
2.2.6
[34m[1mInstalled Firefox version[0m
firefox 31.0esr
[34m[1mPhantomJS version[0m
1.9.8
[34m[1mant -version[0m
Apache Ant(TM) version 1.8.2 compiled on December 3 2011
[34m[1mmvn -version[0m
Apache Maven 3.2.5 (12a6b3acb947671f09b81f49094c53f426d8cea1; 2014-12-14T17:29:23+00:00)
Maven home: /usr/local/maven
Java version: 1.7.0_76, vendor: Oracle Corporation
Java home: /usr/lib/jvm/java-7-oracle/jre
Default locale: en_US, platform encoding: ANSI_X3.4-1968
OS name: "linux", version: "3.13.0-29-generic", arch: "amd64", family: "unix"
travis_fold:end:system_info[0K
travis_time:end:0021b31e:start=1653161124653301103,finish=1653161124661530350,duration=8229247,event=show_system_info[0Ktravis_time:start:00420db0[0Ktravis_time:end:00420db0:start=1653161124666558979,finish=1653161124684911135,duration=18352156,event=rm_riak_source[0Ktravis_time:start:07700c30[0Ktravis_time:end:07700c30:start=1653161124691005720,finish=1653161124700625649,duration=9619929,event=fix_rwky_redis[0Ktravis_time:start:0d5c7e1d[0K[31;1mTimeout waiting for network availability.[0m
travis_time:end:0d5c7e1d:start=1653161124706967004,finish=1653161145528177496,duration=20821210492,event=wait_for_network[0Ktravis_time:start:2fab61a8[0Ktravis_time:end:2fab61a8:start=1653161145535568959,finish=1653161325896908370,duration=180361339411,event=update_apt_keys[0Ktravis_time:start:0b2bea88[0Ktravis_time:end:0b2bea88:start=1653161325903856950,finish=1653161325974769420,duration=70912470,event=fix_hhvm_source[0Ktravis_time:start:135202d9[0Ktravis_time:end:135202d9:start=1653161325981023159,finish=1653161325986697460,duration=5674301,event=update_mongo_arch[0Ktravis_time:start:23ac6a94[0Ktravis_time:end:23ac6a94:start=1653161325992959395,finish=1653161326038317842,duration=45358447,event=fix_sudo_enabled_trusty[0Ktravis_time:start:0c3dd800[0Ktravis_time:end:0c3dd800:start=1653161326045033691,finish=1653161326062065255,duration=17031564,event=clean_up_path[0Ktravis_time:start:05bdd558[0Ktravis_time:end:05bdd558:start=1653161326068550850,finish=1653161326084511110,duration=15960260,event=fix_resolv_conf[0Ktravis_time:start:0e932794[0Ktravis_time:end:0e932794:start=1653161326091026955,finish=1653161326107542238,duration=16515283,event=fix_etc_hosts[0Ktravis_time:start:08755074[0Ktravis_time:start:02777d02[0Ktravis_time:end:02777d02:start=1653161326162146812,finish=1653161326180987836,duration=18841024,event=no_ipv6_localhost[0Ktravis_time:start:0f1d1090[0Ktravis_time:end:0f1d1090:start=1653161326187922637,finish=1653161326203506091,duration=15583454,event=fix_etc_mavenrc[0Ktravis_time:start:11a36b22[0Ktravis_time:end:11a36b22:start=1653161326210244051,finish=1653161326217069319,duration=6825268,event=fix_wwdr_certificate[0Ktravis_time:start:03bd0600[0Ktravis_time:end:03bd0600:start=1653161326224137246,finish=1653161326264197989,duration=40060743,event=put_localhost_first[0Ktravis_time:start:00ae1083[0Ktravis_time:end:00ae1083:start=1653161326270094279,finish=1653161326275021008,duration=4926729,event=home_paths[0Ktravis_time:start:06b72789[0Ktravis_time:end:06b72789:start=1653161326281453598,finish=1653161326302064016,duration=20610418,event=disable_initramfs[0Ktravis_time:start:0df8d71c[0Ktravis_time:end:0df8d71c:start=1653161326308360636,finish=1653161326328859904,duration=20499268,event=disable_ssh_roaming[0Ktravis_time:start:026b4e12[0Ktravis_time:end:026b4e12:start=1653161326334891827,finish=1653161326339272984,duration=4381157,event=debug_tools[0Ktravis_time:start:06d8a62f[0Ktravis_time:end:06d8a62f:start=1653161326345230660,finish=1653161326351716220,duration=6485560,event=uninstall_oclint[0Ktravis_time:start:017ca742[0Ktravis_time:end:017ca742:start=1653161326357950343,finish=1653161326364038870,duration=6088527,event=rvm_use[0Ktravis_time:start:01dd80a5[0Ktravis_time:end:01dd80a5:start=1653161326370476628,finish=1653161326385803881,duration=15327253,event=rm_etc_boto_cfg[0Ktravis_time:start:174bfc2c[0Ktravis_time:end:174bfc2c:start=1653161326392697266,finish=1653161326397760020,duration=5062754,event=rm_oraclejdk8_symlink[0Ktravis_time:start:2581be18[0Ktravis_time:end:2581be18:start=1653161326404415214,finish=1653161326451584077,duration=47168863,event=enable_i386[0Ktravis_time:start:3051a674[0Ktravis_time:end:3051a674:start=1653161326458599960,finish=1653161326465769313,duration=7169353,event=update_rubygems[0Ktravis_time:start:3c52f4f4[0Ktravis_time:end:3c52f4f4:start=1653161326472347704,finish=1653161326481631064,duration=9283360,event=ensure_path_components[0Ktravis_time:start:31ae393c[0Ktravis_time:end:31ae393c:start=1653161326488194866,finish=1653161326493049069,duration=4854203,event=redefine_curl[0Ktravis_time:start:00c740b3[0Ktravis_time:end:00c740b3:start=1653161326499684062,finish=1653161326504767117,duration=5083055,event=nonblock_pipe[0Ktravis_time:start:07e7c326[0Ktravis_time:end:07e7c326:start=1653161326511019166,finish=1653161329897090399,duration=3386071233,event=apt_get_update[0Ktravis_time:start:00262316[0Ktravis_time:end:00262316:start=1653161329901790771,finish=1653161329904930467,duration=3139696,event=deprecate_xcode_64[0Ktravis_time:start:1131293d[0Ktravis_time:end:1131293d:start=1653161329908793917,finish=1653161329913944700,duration=5150783,event=update_heroku[0Ktravis_time:start:18a2a4c8[0Ktravis_time:end:18a2a4c8:start=1653161329918676334,finish=1653161329923501762,duration=4825428,event=shell_session_update[0Ktravis_time:start:053406f0[0Ktravis_fold:start:docker_mtu[0Ktee: /etc/docker/daemon.json: No such file or directory
docker: unrecognized service
travis_fold:end:docker_mtu[0Ktravis_time:end:053406f0:start=1653161329929628182,finish=1653161329956775961,duration=27147779,event=set_docker_mtu[0Ktravis_time:start:176e4e3e[0Ktravis_time:end:176e4e3e:start=1653161329961209180,finish=1653161329973251182,duration=12042002,event=resolvconf[0K
travis_fold:start:install_jdk[0K[33;1mInstalling oraclejdk8[0m
$ jdk_switcher use "oraclejdk8"
Switching to Oracle JDK8 (java-8-oracle), JAVA_HOME will be set to /usr/lib/jvm/java-8-oracle
travis_fold:end:install_jdk[0Ktravis_time:start:04a54a92[0Ktravis_time:end:04a54a92:start=1653161329990158364,finish=1653161329993360165,duration=3201801,event=fix_ps4[0Ktravis_time:start:128c3d3c[0K
$ cd failed/jprante/elasticsearch-jdbc

travis_time:end:128c3d3c:start=1653161329997653112,finish=1653161330001410209,duration=3757097,event=checkout[0Ktravis_time:start:00f0b8a0[0Ktravis_time:end:00f0b8a0:start=1653161330005869265,finish=1653161330510406972,duration=504537707,event=env[0K$ export TERM=dumb
$ java -Xmx32m -version
java version "1.8.0_31"
Java(TM) SE Runtime Environment (build 1.8.0_31-b13)
Java HotSpot(TM) 64-Bit Server VM (build 25.31-b07, mixed mode)
$ javac -J-Xmx32m -version
javac 1.8.0_31
travis_fold:start:install[0Ktravis_time:start:1994a618[0K$ gradle assemble
:compileJava

FAILURE: Build failed with an exception.

* What went wrong:
Could not resolve all dependencies for configuration ':compile'.
> Could not find org.xbib.elasticsearch.plugins:elasticsearch-helper:2.2.0.0.
  Searched in the following locations:
      file:/home/travis/.m2/repository/org/xbib/elasticsearch/plugins/elasticsearch-helper/2.2.0.0/elasticsearch-helper-2.2.0.0.pom
      file:/home/travis/.m2/repository/org/xbib/elasticsearch/plugins/elasticsearch-helper/2.2.0.0/elasticsearch-helper-2.2.0.0.jar
      https://repo1.maven.org/maven2/org/xbib/elasticsearch/plugins/elasticsearch-helper/2.2.0.0/elasticsearch-helper-2.2.0.0.pom
      https://repo1.maven.org/maven2/org/xbib/elasticsearch/plugins/elasticsearch-helper/2.2.0.0/elasticsearch-helper-2.2.0.0.jar
      https://jcenter.bintray.com/org/xbib/elasticsearch/plugins/elasticsearch-helper/2.2.0.0/elasticsearch-helper-2.2.0.0.pom
      https://jcenter.bintray.com/org/xbib/elasticsearch/plugins/elasticsearch-helper/2.2.0.0/elasticsearch-helper-2.2.0.0.jar
      https://xbib.org/repository/org/xbib/elasticsearch/plugins/elasticsearch-helper/2.2.0.0/elasticsearch-helper-2.2.0.0.pom
      https://xbib.org/repository/org/xbib/elasticsearch/plugins/elasticsearch-helper/2.2.0.0/elasticsearch-helper-2.2.0.0.jar
  Required by:
      org.xbib.elasticsearch.importer:elasticsearch-jdbc:2.2.0.0

* Try:
Run with --stacktrace option to get the stack trace. Run with --info or --debug option to get more log output.

BUILD FAILED

Total time: 8.114 secs

[31;1mThe command "eval gradle assemble " failed. Retrying, 2 of 3.[0m

:compileJava

FAILURE: Build failed with an exception.

* What went wrong:
Could not resolve all dependencies for configuration ':compile'.
> Could not find org.xbib.elasticsearch.plugins:elasticsearch-helper:2.2.0.0.
  Searched in the following locations:
      file:/home/travis/.m2/repository/org/xbib/elasticsearch/plugins/elasticsearch-helper/2.2.0.0/elasticsearch-helper-2.2.0.0.pom
      file:/home/travis/.m2/repository/org/xbib/elasticsearch/plugins/elasticsearch-helper/2.2.0.0/elasticsearch-helper-2.2.0.0.jar
      https://repo1.maven.org/maven2/org/xbib/elasticsearch/plugins/elasticsearch-helper/2.2.0.0/elasticsearch-helper-2.2.0.0.pom
      https://repo1.maven.org/maven2/org/xbib/elasticsearch/plugins/elasticsearch-helper/2.2.0.0/elasticsearch-helper-2.2.0.0.jar
      https://jcenter.bintray.com/org/xbib/elasticsearch/plugins/elasticsearch-helper/2.2.0.0/elasticsearch-helper-2.2.0.0.pom
      https://jcenter.bintray.com/org/xbib/elasticsearch/plugins/elasticsearch-helper/2.2.0.0/elasticsearch-helper-2.2.0.0.jar
      https://xbib.org/repository/org/xbib/elasticsearch/plugins/elasticsearch-helper/2.2.0.0/elasticsearch-helper-2.2.0.0.pom
      https://xbib.org/repository/org/xbib/elasticsearch/plugins/elasticsearch-helper/2.2.0.0/elasticsearch-helper-2.2.0.0.jar
  Required by:
      org.xbib.elasticsearch.importer:elasticsearch-jdbc:2.2.0.0

* Try:
Run with --stacktrace option to get the stack trace. Run with --info or --debug option to get more log output.

BUILD FAILED

Total time: 6.268 secs

[31;1mThe command "eval gradle assemble " failed. Retrying, 3 of 3.[0m

:compileJava

FAILURE: Build failed with an exception.

* What went wrong:
Could not resolve all dependencies for configuration ':compile'.
> Could not find org.xbib.elasticsearch.plugins:elasticsearch-helper:2.2.0.0.
  Searched in the following locations:
      file:/home/travis/.m2/repository/org/xbib/elasticsearch/plugins/elasticsearch-helper/2.2.0.0/elasticsearch-helper-2.2.0.0.pom
      file:/home/travis/.m2/repository/org/xbib/elasticsearch/plugins/elasticsearch-helper/2.2.0.0/elasticsearch-helper-2.2.0.0.jar
      https://repo1.maven.org/maven2/org/xbib/elasticsearch/plugins/elasticsearch-helper/2.2.0.0/elasticsearch-helper-2.2.0.0.pom
      https://repo1.maven.org/maven2/org/xbib/elasticsearch/plugins/elasticsearch-helper/2.2.0.0/elasticsearch-helper-2.2.0.0.jar
      https://jcenter.bintray.com/org/xbib/elasticsearch/plugins/elasticsearch-helper/2.2.0.0/elasticsearch-helper-2.2.0.0.pom
      https://jcenter.bintray.com/org/xbib/elasticsearch/plugins/elasticsearch-helper/2.2.0.0/elasticsearch-helper-2.2.0.0.jar
      https://xbib.org/repository/org/xbib/elasticsearch/plugins/elasticsearch-helper/2.2.0.0/elasticsearch-helper-2.2.0.0.pom
      https://xbib.org/repository/org/xbib/elasticsearch/plugins/elasticsearch-helper/2.2.0.0/elasticsearch-helper-2.2.0.0.jar
  Required by:
      org.xbib.elasticsearch.importer:elasticsearch-jdbc:2.2.0.0

* Try:
Run with --stacktrace option to get the stack trace. Run with --info or --debug option to get more log output.

BUILD FAILED

Total time: 5.811 secs

[31;1mThe command "eval gradle assemble " failed 3 times.[0m

travis_time:end:1994a618:start=1653161330819783342,finish=1653161357392105820,duration=26572322478,event=install[0K[31;1mThe command "gradle assemble" failed and exited with 1 during .[0m

Your build has been stopped.
