travis_fold:start:system_info[0K[33;1mBuild system information[0m
Build language: java
Build group: stable
Build dist: precise
Build id: ''
Job id: ''
[34m[1mBuild image provisioning date and time[0m
Thu Feb  5 15:09:33 UTC 2015
[34m[1mOperating System Details[0m
Distributor ID:	Ubuntu
Description:	Ubuntu 12.04.5 LTS
Release:	12.04
Codename:	precise
[34m[1mLinux Version[0m
3.13.0-29-generic
[34m[1mCookbooks Version[0m
a68419e https://github.com/travis-ci/travis-cookbooks/tree/a68419e
[34m[1mGCC version[0m
gcc (Ubuntu/Linaro 4.6.3-1ubuntu5) 4.6.3
Copyright (C) 2011 Free Software Foundation, Inc.
This is free software; see the source for copying conditions.  There is NO
warranty; not even for MERCHANTABILITY or FITNESS FOR A PARTICULAR PURPOSE.

[34m[1mLLVM version[0m
clang version 3.4 (tags/RELEASE_34/final)
Target: x86_64-unknown-linux-gnu
Thread model: posix
[34m[1mPre-installed Ruby versions[0m
ruby-1.9.3-p551
[34m[1mPre-installed Node.js versions[0m
v0.10.36
[34m[1mPre-installed Go versions[0m
1.4.1
[34m[1mRedis version[0m
redis-server 2.8.19
[34m[1mriak version[0m
2.0.2
[34m[1mMongoDB version[0m
MongoDB 2.4.12
[34m[1mCouchDB version[0m
couchdb 1.6.1
[34m[1mNeo4j version[0m
1.9.4
[34m[1mRabbitMQ Version[0m
3.4.3
[34m[1mElasticSearch version[0m
1.4.0
[34m[1mInstalled Sphinx versions[0m
2.0.10
2.1.9
2.2.6
[34m[1mDefault Sphinx version[0m
2.2.6
[34m[1mInstalled Firefox version[0m
firefox 31.0esr
[34m[1mPhantomJS version[0m
1.9.8
[34m[1mant -version[0m
Apache Ant(TM) version 1.8.2 compiled on December 3 2011
[34m[1mmvn -version[0m
Apache Maven 3.2.5 (12a6b3acb947671f09b81f49094c53f426d8cea1; 2014-12-14T17:29:23+00:00)
Maven home: /usr/local/maven
Java version: 1.7.0_76, vendor: Oracle Corporation
Java home: /usr/lib/jvm/java-7-oracle/jre
Default locale: en_US, platform encoding: ANSI_X3.4-1968
OS name: "linux", version: "3.13.0-29-generic", arch: "amd64", family: "unix"
travis_fold:end:system_info[0K
W: Failed to fetch http://security.ubuntu.com/ubuntu/dists/precise-security/main/source/Sources  404  Not Found [IP: 91.189.91.38 80]

W: Failed to fetch http://security.ubuntu.com/ubuntu/dists/precise-security/restricted/source/Sources  404  Not Found [IP: 91.189.91.38 80]

W: Failed to fetch http://security.ubuntu.com/ubuntu/dists/precise-security/universe/source/Sources  404  Not Found [IP: 91.189.91.38 80]

W: Failed to fetch http://security.ubuntu.com/ubuntu/dists/precise-security/multiverse/source/Sources  404  Not Found [IP: 91.189.91.38 80]

W: Failed to fetch http://security.ubuntu.com/ubuntu/dists/precise-security/main/binary-amd64/Packages  404  Not Found [IP: 91.189.91.38 80]

W: Failed to fetch http://security.ubuntu.com/ubuntu/dists/precise-security/restricted/binary-amd64/Packages  404  Not Found [IP: 91.189.91.38 80]

W: Failed to fetch http://security.ubuntu.com/ubuntu/dists/precise-security/universe/binary-amd64/Packages  404  Not Found [IP: 91.189.91.38 80]

W: Failed to fetch http://security.ubuntu.com/ubuntu/dists/precise-security/multiverse/binary-amd64/Packages  404  Not Found [IP: 91.189.91.38 80]

W: Failed to fetch http://security.ubuntu.com/ubuntu/dists/precise-security/main/binary-i386/Packages  404  Not Found [IP: 91.189.91.38 80]

W: Failed to fetch http://security.ubuntu.com/ubuntu/dists/precise-security/restricted/binary-i386/Packages  404  Not Found [IP: 91.189.91.38 80]

W: Failed to fetch http://security.ubuntu.com/ubuntu/dists/precise-security/universe/binary-i386/Packages  404  Not Found [IP: 91.189.91.38 80]

W: Failed to fetch http://security.ubuntu.com/ubuntu/dists/precise-security/multiverse/binary-i386/Packages  404  Not Found [IP: 91.189.91.38 80]

W: Failed to fetch http://us.archive.ubuntu.com/ubuntu/dists/precise/main/source/Sources  404  Not Found [IP: 91.189.91.39 80]

W: Failed to fetch http://us.archive.ubuntu.com/ubuntu/dists/precise/restricted/source/Sources  404  Not Found [IP: 91.189.91.39 80]

W: Failed to fetch http://us.archive.ubuntu.com/ubuntu/dists/precise/universe/source/Sources  404  Not Found [IP: 91.189.91.39 80]

W: Failed to fetch http://us.archive.ubuntu.com/ubuntu/dists/precise/multiverse/source/Sources  404  Not Found [IP: 91.189.91.39 80]

W: Failed to fetch http://us.archive.ubuntu.com/ubuntu/dists/precise/main/binary-amd64/Packages  404  Not Found [IP: 91.189.91.39 80]

W: Failed to fetch http://us.archive.ubuntu.com/ubuntu/dists/precise/restricted/binary-amd64/Packages  404  Not Found [IP: 91.189.91.39 80]

W: Failed to fetch http://us.archive.ubuntu.com/ubuntu/dists/precise/universe/binary-amd64/Packages  404  Not Found [IP: 91.189.91.39 80]

W: Failed to fetch http://us.archive.ubuntu.com/ubuntu/dists/precise/multiverse/binary-amd64/Packages  404  Not Found [IP: 91.189.91.39 80]

W: Failed to fetch http://us.archive.ubuntu.com/ubuntu/dists/precise/main/binary-i386/Packages  404  Not Found [IP: 91.189.91.39 80]

W: Failed to fetch http://us.archive.ubuntu.com/ubuntu/dists/precise/restricted/binary-i386/Packages  404  Not Found [IP: 91.189.91.39 80]

W: Failed to fetch http://us.archive.ubuntu.com/ubuntu/dists/precise/universe/binary-i386/Packages  404  Not Found [IP: 91.189.91.39 80]

W: Failed to fetch http://us.archive.ubuntu.com/ubuntu/dists/precise/multiverse/binary-i386/Packages  404  Not Found [IP: 91.189.91.39 80]

W: Failed to fetch http://us.archive.ubuntu.com/ubuntu/dists/precise-updates/main/source/Sources  404  Not Found [IP: 91.189.91.39 80]

W: Failed to fetch http://us.archive.ubuntu.com/ubuntu/dists/precise-updates/restricted/source/Sources  404  Not Found [IP: 91.189.91.39 80]

W: Failed to fetch http://us.archive.ubuntu.com/ubuntu/dists/precise-updates/universe/source/Sources  404  Not Found [IP: 91.189.91.39 80]

W: Failed to fetch http://us.archive.ubuntu.com/ubuntu/dists/precise-updates/multiverse/source/Sources  404  Not Found [IP: 91.189.91.39 80]

W: Failed to fetch http://us.archive.ubuntu.com/ubuntu/dists/precise-updates/main/binary-amd64/Packages  404  Not Found [IP: 91.189.91.39 80]

W: Failed to fetch http://us.archive.ubuntu.com/ubuntu/dists/precise-updates/restricted/binary-amd64/Packages  404  Not Found [IP: 91.189.91.39 80]

W: Failed to fetch http://us.archive.ubuntu.com/ubuntu/dists/precise-updates/universe/binary-amd64/Packages  404  Not Found [IP: 91.189.91.39 80]

W: Failed to fetch http://us.archive.ubuntu.com/ubuntu/dists/precise-updates/multiverse/binary-amd64/Packages  404  Not Found [IP: 91.189.91.39 80]

W: Failed to fetch http://us.archive.ubuntu.com/ubuntu/dists/precise-updates/main/binary-i386/Packages  404  Not Found [IP: 91.189.91.39 80]

W: Failed to fetch http://us.archive.ubuntu.com/ubuntu/dists/precise-updates/restricted/binary-i386/Packages  404  Not Found [IP: 91.189.91.39 80]

W: Failed to fetch http://us.archive.ubuntu.com/ubuntu/dists/precise-updates/universe/binary-i386/Packages  404  Not Found [IP: 91.189.91.39 80]

W: Failed to fetch http://us.archive.ubuntu.com/ubuntu/dists/precise-updates/multiverse/binary-i386/Packages  404  Not Found [IP: 91.189.91.39 80]

W: Failed to fetch http://us.archive.ubuntu.com/ubuntu/dists/precise-backports/main/source/Sources  404  Not Found [IP: 91.189.91.39 80]

W: Failed to fetch http://us.archive.ubuntu.com/ubuntu/dists/precise-backports/restricted/source/Sources  404  Not Found [IP: 91.189.91.39 80]

W: Failed to fetch http://us.archive.ubuntu.com/ubuntu/dists/precise-backports/universe/source/Sources  404  Not Found [IP: 91.189.91.39 80]

W: Failed to fetch http://us.archive.ubuntu.com/ubuntu/dists/precise-backports/multiverse/source/Sources  404  Not Found [IP: 91.189.91.39 80]

W: Failed to fetch http://us.archive.ubuntu.com/ubuntu/dists/precise-backports/main/binary-amd64/Packages  404  Not Found [IP: 91.189.91.39 80]

W: Failed to fetch http://us.archive.ubuntu.com/ubuntu/dists/precise-backports/restricted/binary-amd64/Packages  404  Not Found [IP: 91.189.91.39 80]

W: Failed to fetch http://us.archive.ubuntu.com/ubuntu/dists/precise-backports/universe/binary-amd64/Packages  404  Not Found [IP: 91.189.91.39 80]

W: Failed to fetch http://us.archive.ubuntu.com/ubuntu/dists/precise-backports/multiverse/binary-amd64/Packages  404  Not Found [IP: 91.189.91.39 80]

W: Failed to fetch http://us.archive.ubuntu.com/ubuntu/dists/precise-backports/main/binary-i386/Packages  404  Not Found [IP: 91.189.91.39 80]

W: Failed to fetch http://us.archive.ubuntu.com/ubuntu/dists/precise-backports/restricted/binary-i386/Packages  404  Not Found [IP: 91.189.91.39 80]

W: Failed to fetch http://us.archive.ubuntu.com/ubuntu/dists/precise-backports/universe/binary-i386/Packages  404  Not Found [IP: 91.189.91.39 80]

W: Failed to fetch http://us.archive.ubuntu.com/ubuntu/dists/precise-backports/multiverse/binary-i386/Packages  404  Not Found [IP: 91.189.91.39 80]

W: Failed to fetch http://apt.postgresql.org/pub/repos/apt/dists/precise-pgdg/main/binary-amd64/Packages  404  Not Found [IP: 217.196.149.55 80]

W: Failed to fetch http://apt.postgresql.org/pub/repos/apt/dists/precise-pgdg/main/binary-i386/Packages  404  Not Found [IP: 217.196.149.55 80]

W: Failed to fetch http://ppa.launchpad.net/rwky/ppa/ubuntu/dists/precise/main/binary-amd64/Packages  403  Forbidden

W: Failed to fetch http://ppa.launchpad.net/rwky/ppa/ubuntu/dists/precise/main/binary-i386/Packages  403  Forbidden

W: Failed to fetch http://ppa.launchpad.net/travis-ci/zero-mq/ubuntu/dists/precise/main/binary-amd64/Packages  403  Forbidden

W: Failed to fetch http://ppa.launchpad.net/travis-ci/zero-mq/ubuntu/dists/precise/main/binary-i386/Packages  403  Forbidden

W: Failed to fetch http://downloads-distro.mongodb.org/repo/debian-sysvinit/dists/dist/10gen/binary-amd64/Packages  Undetermined Error [IP: 54.175.147.155 80]

W: Failed to fetch http://downloads-distro.mongodb.org/repo/debian-sysvinit/dists/dist/10gen/binary-i386/Packages  Undetermined Error [IP: 54.175.147.155 80]

E: Some index files failed to download. They have been ignored, or old ones used instead.
sed: cannot rename /etc/hosts: Device or resource busy
sed: cannot rename /etc/hosts: Device or resource busy
$ jdk_switcher use oraclejdk8
Switching to Oracle JDK8 (java-8-oracle), JAVA_HOME will be set to /usr/lib/jvm/java-8-oracle
$ cd failed/uwescience/myria
travis_fold:start:postgresql[0K[33;1mStarting PostgreSQL v9.3[0m
travis_time:start:071e3a38[0K$ sudo service postgresql stop
 * Stopping PostgreSQL 9.1 database server
   ...done.
 * Stopping PostgreSQL 9.2 database server
   ...done.
 * Stopping PostgreSQL 9.3 database server
   ...done.
 * Stopping PostgreSQL 9.4 database server
   ...done.

travis_time:end:071e3a38:start=1653196296254027181,finish=1653196296858174078,duration=604146897[0Ktravis_time:start:0708e2a1[0K$ sudo service postgresql start 9.3
 * Starting PostgreSQL 9.3 database server
   ...done.

travis_time:end:0708e2a1:start=1653196296867824474,finish=1653196300964618340,duration=4096793866[0Ktravis_time:start:01e777fa[0K$ sudo -u postgres createuser -s -p 5432 travis &>/dev/null

travis_time:end:01e777fa:start=1653196300973890340,finish=1653196301029630754,duration=55740414[0Ktravis_time:start:009c87e4[0K$ sudo -u postgres createdb -O travis -p 5432 travis &>/dev/null

travis_time:end:009c87e4:start=1653196301039780563,finish=1653196301093042024,duration=53261461[0Ktravis_time:start:2473c334[0K$ sudo -u postgres createuser -s -p 5433 travis &>/dev/null

travis_time:end:2473c334:start=1653196301102466647,finish=1653196301159636675,duration=57170028[0Ktravis_time:start:01c1d860[0K$ sudo -u postgres createdb -O travis -p 5433 travis &>/dev/null

travis_time:end:01c1d860:start=1653196301166940046,finish=1653196301216972646,duration=50032600[0Ktravis_fold:end:postgresql[0K
[33;1mSetting environment variables from .travis.yml[0m
$ export AWS_ACCESS_KEY_ID=[secure]
$ export AWS_SECRET_ACCESS_KEY=[secure]

$ export TERM=dumb
travis_fold:start:cache.1[0KSetting up build cache
$ export CASHER_DIR=$HOME/.casher
travis_time:start:16048f54[0K
travis_time:end:16048f54:start=1653196302385862210,finish=1653196302396128161,duration=10265951[0Ktravis_time:start:06b659e9[0K/home/travis/.casher/bin/casher:213:in `cache_archive_name': undefined method `[]' for nil:NilClass (NoMethodError)
	from /home/travis/.casher/bin/casher:65:in `block in fetch'
	from /home/travis/.casher/bin/casher:64:in `each'
	from /home/travis/.casher/bin/casher:64:in `fetch'
	from /home/travis/.casher/bin/casher:53:in `block in run'
	from /home/travis/.rvm/rubies/ruby-1.9.3-p551/lib/ruby/1.9.1/timeout.rb:69:in `timeout'
	from /home/travis/.casher/bin/casher:53:in `run'
	from /home/travis/.casher/bin/casher:263:in `<main>'
[32;1mattempting to download cache archive[0m

travis_time:end:06b659e9:start=1653196302407584178,finish=1653196303166187356,duration=758603178[0Ktravis_time:start:0337c3ad[0K
travis_time:end:0337c3ad:start=1653196303174918245,finish=1653196303183336459,duration=8418214[0Ktravis_time:start:0a78c36e[0K[32;1madding /home/travis/.gradle/caches to cache[0m

travis_time:end:0a78c36e:start=1653196303192069319,finish=1653196304115156565,duration=923087246[0Ktravis_fold:end:cache.1[0K$ java -Xmx32m -version
java version "1.8.0_31"
Java(TM) SE Runtime Environment (build 1.8.0_31-b13)
Java HotSpot(TM) 64-Bit Server VM (build 25.31-b07, mixed mode)
$ javac -J-Xmx32m -version
javac 1.8.0_31
travis_fold:start:before_install.1[0Ktravis_time:start:0c1743c8[0K$ sh travis/before_install.sh
ERROR:  database "myria_test" already exists
/home/travis/.ssh/id_rsa_localhost already exists.
Overwrite (y/n)? 
travis_time:end:0c1743c8:start=1653196304423652313,finish=1653196304768355407,duration=344703094[0Ktravis_fold:end:before_install.1[0Ktravis_fold:start:before_install.2[0Ktravis_time:start:03c3afb6[0K$ export TERM=dumb

travis_time:end:03c3afb6:start=1653196304778910477,finish=1653196304787320426,duration=8409949[0Ktravis_fold:end:before_install.2[0Ktravis_fold:start:install[0Ktravis_time:start:11929755[0K$ ./gradlew assemble
:updateCommitInfo
:compileJava
Download https://repo1.maven.org/maven2/joda-time/joda-time/2.10.14/joda-time-2.10.14.pom
Download https://repo1.maven.org/maven2/joda-time/joda-time/2.10.14/joda-time-2.10.14.jar
/home/travis/build/failed/uwescience/myria/protobuf/java/edu/washington/escience/myria/proto/DataProto.java:964: warning: [static] static method should be qualified by type name, Builder, instead of by an expression
          super.addAll(values, columns_);
               ^
/home/travis/build/failed/uwescience/myria/protobuf/java/edu/washington/escience/myria/proto/DataProto.java:5397: warning: [static] static method should be qualified by type name, Builder, instead of by an expression
        super.addAll(values, startIndices_);
             ^
/home/travis/build/failed/uwescience/myria/protobuf/java/edu/washington/escience/myria/proto/DataProto.java:5463: warning: [static] static method should be qualified by type name, Builder, instead of by an expression
        super.addAll(values, endIndices_);
             ^
/home/travis/build/failed/uwescience/myria/protobuf/java/edu/washington/escience/myria/proto/ControlProto.java:1280: warning: [static] static method should be qualified by type name, Builder, instead of by an expression
          super.addAll(values, resourceStats_);
               ^
/home/travis/build/failed/uwescience/myria/protobuf/java/edu/washington/escience/myria/proto/ControlProto.java:1430: warning: [static] static method should be qualified by type name, Builder, instead of by an expression
        super.addAll(values, ackedWorkerIds_);
             ^
/home/travis/build/failed/uwescience/myria/src/edu/washington/escience/myria/api/encoding/PlanFragmentEncoding.java:38: warning: [varargs] Varargs method could cause heap pollution from non-reifiable varargs parameter operators
    ret.operators = Arrays.asList(operators);
                                  ^
/home/travis/build/failed/uwescience/myria/src/edu/washington/escience/myria/operator/network/Producer.java:221: warning: [rawtypes] found raw type: StreamOutputChannel
    ioChannels = new StreamOutputChannel[outputIDs.length];
                     ^
  missing type arguments for generic class StreamOutputChannel<PAYLOAD>
  where PAYLOAD is a type-variable:
    PAYLOAD extends Object declared in class StreamOutputChannel
/home/travis/build/failed/uwescience/myria/src/edu/washington/escience/myria/storage/Tuple.java:193: warning: [deprecation] putObject(int,Object) in AppendableTable has been deprecated
  public void putObject(final int column, final @Nonnull Object value) {
              ^
/home/travis/build/failed/uwescience/myria/src/edu/washington/escience/myria/storage/Field.java:62: warning: [deprecation] appendObject(Object) in WritableColumn has been deprecated
  public WritableColumn appendObject(final Object value) throws BufferOverflowException {
                        ^
/home/travis/build/failed/uwescience/myria/src/edu/washington/escience/myria/operator/SQLiteSetFilter.java:115: warning: [deprecation] getObject(int,int) in TupleBatch has been deprecated
            v = tb.getObject(0, i);
                  ^
/home/travis/build/failed/uwescience/myria/src/edu/washington/escience/myria/parallel/ipc/BagInputBufferAdapter.java:182: warning: [try] auto-closeable resource l is never referenced in body of corresponding try statement
    try (ClosableReentrantLock l = bufferSizeLock.open()) {
                               ^
/home/travis/build/failed/uwescience/myria/src/edu/washington/escience/myria/parallel/ipc/BagInputBufferAdapter.java:189: warning: [try] auto-closeable resource l is never referenced in body of corresponding try statement
    try (ClosableReentrantLock l = bufferSizeLock.open()) {
                               ^
/home/travis/build/failed/uwescience/myria/src/edu/washington/escience/myria/parallel/ipc/BagInputBufferAdapter.java:211: warning: [try] auto-closeable resource l is never referenced in body of corresponding try statement
    try (ClosableReentrantLock l = bufferSizeLock.open()) {
                               ^
/home/travis/build/failed/uwescience/myria/src/edu/washington/escience/myria/parallel/ipc/BagInputBufferAdapter.java:303: warning: [try] auto-closeable resource l is never referenced in body of corresponding try statement
        try (ClosableReentrantLock l = bufferSizeLock.open()) {
                                   ^
/home/travis/build/failed/uwescience/myria/src/edu/washington/escience/myria/parallel/ipc/BagInputBufferAdapter.java:352: warning: [try] auto-closeable resource l is never referenced in body of corresponding try statement
    try (ClosableReentrantLock l = bufferSizeLock.open()) {
                               ^
/home/travis/build/failed/uwescience/myria/src/edu/washington/escience/myria/parallel/ipc/BagInputBufferAdapter.java:403: warning: [try] auto-closeable resource l is never referenced in body of corresponding try statement
    try (ClosableReentrantLock l = bufferSizeLock.open()) {
                               ^
/home/travis/build/failed/uwescience/myria/src/edu/washington/escience/myria/parallel/ipc/BagInputBufferAdapter.java:443: warning: [try] auto-closeable resource l is never referenced in body of corresponding try statement
    try (ClosableReentrantLock l = bufferSizeLock.open()) {
                               ^
/home/travis/build/failed/uwescience/myria/src/edu/washington/escience/myria/parallel/ipc/BagInputBufferAdapter.java:469: warning: [try] auto-closeable resource l is never referenced in body of corresponding try statement
    try (ClosableReentrantLock l = bufferSizeLock.open()) {
                               ^
/home/travis/build/failed/uwescience/myria/src/edu/washington/escience/myria/parallel/ipc/FlowControlBagInputBuffer.java:225: warning: [try] auto-closeable resource l is never referenced in body of corresponding try statement
    try (ClosableReentrantLock l = getBufferSizeLock().open()) {
                               ^
/home/travis/build/failed/uwescience/myria/src/edu/washington/escience/myria/parallel/ipc/FlowControlBagInputBuffer.java:236: warning: [try] auto-closeable resource l is never referenced in body of corresponding try statement
    try (ClosableReentrantLock l = getBufferSizeLock().open()) {
                               ^
20 warnings
:processResources UP-TO-DATE
:classes
:copyToLib
:symlinkMetricsJar
:jar UP-TO-DATE
:assemble UP-TO-DATE

BUILD SUCCESSFUL

Total time: 1 mins 42.817 secs

travis_time:end:11929755:start=1653196304798296094,finish=1653196408717747631,duration=103919451537[0Ktravis_fold:end:install[0Ktravis_time:start:17b6a41e[0K$ ./gradlew check
:updateCommitInfo
:compileJava UP-TO-DATE
:processResources UP-TO-DATE
:classes UP-TO-DATE
:cleanEclipseClasspath
:eclipseClasspath
Download https://repo1.maven.org/maven2/joda-time/joda-time/2.10.14/joda-time-2.10.14-sources.jar
Download https://repo1.maven.org/maven2/joda-time/joda-time/2.10.14/joda-time-2.10.14-javadoc.jar
:compileTestJava
:processTestResources UP-TO-DATE
:testClasses
:verifyFormatting/home/travis/build/failed/uwescience/myria/src/edu/washington/escience/myria/io/DataSource.java is not formatted correctly
/home/travis/build/failed/uwescience/myria/src/edu/washington/escience/myria/io/AmazonS3Source.java is not formatted correctly
/home/travis/build/failed/uwescience/myria/src/edu/washington/escience/myria/io/UriSource.java is not formatted correctly
/home/travis/build/failed/uwescience/myria/src/edu/washington/escience/myria/operator/CSVFileScanFragment.java is not formatted correctly
/home/travis/build/failed/uwescience/myria/src/edu/washington/escience/myria/parallel/Server.java is not formatted correctly
 FAILED

FAILURE: Build failed with an exception.

* What went wrong:
Execution failed for task ':verifyFormatting'.
> Found sources that are not formatted properly

* Try:
Run with --stacktrace option to get the stack trace. Run with --info or --debug option to get more log output.

BUILD FAILED

Total time: 20.011 secs

travis_time:end:17b6a41e:start=1653196408729478235,finish=1653196430270231626,duration=21540753391[0K
[31;1mThe command "./gradlew check" exited with 1.[0m
travis_fold:start:cache.2[0Kstore build cache
travis_time:start:0d6a07a0[0K
travis_time:end:0d6a07a0:start=1653196430280570925,finish=1653196430288774822,duration=8203897[0Ktravis_time:start:159decd4[0K/home/travis/.casher/bin/casher:190: warning: Insecure world writable dir /home/travis/build/failed/uwescience/myria/. in PATH, mode 040777
[32;1mchanges detected, packing new archive[0m
/home/travis/.casher/bin/casher:213:in `cache_archive_name': undefined method `[]' for nil:NilClass (NoMethodError)
	from /home/travis/.casher/bin/casher:143:in `push'
	from /home/travis/.casher/bin/casher:53:in `block in run'
	from /home/travis/.rvm/rubies/ruby-1.9.3-p551/lib/ruby/1.9.1/timeout.rb:69:in `timeout'
	from /home/travis/.casher/bin/casher:53:in `run'
	from /home/travis/.casher/bin/casher:263:in `<main>'
.
.
.
.
.
.
.
.
.
.
.
.
.
.
.

travis_time:end:159decd4:start=1653196430299515084,finish=1653196507092866649,duration=76793351565[0Ktravis_fold:end:cache.2[0K
Done. Your build exited with 1.
