travis_time:start:253a3b74[0Ktravis_time:end:253a3b74:start=1588563631679492158,finish=1588563631914897501,duration=235405343,event=no_world_writable_dirs[0Ktravis_time:start:0543926f[0Ktravis_time:end:0543926f:start=1588563631927711916,finish=1588563631936155082,duration=8443166,event=check_unsupported[0Ktravis_time:start:17aa0cd4[0Ktravis_fold:start:system_info[0K[33;1mBuild system information[0m
Build language: java
Build group: stable
Build dist: precise
Build id: ''
Job id: ''
Runtime kernel version: 4.15.0-91-generic
[34m[1mBuild image provisioning date and time[0m
Thu Feb  5 15:09:33 UTC 2015
[34m[1mOperating System Details[0m
Distributor ID:	Ubuntu
Description:	Ubuntu 12.04.5 LTS
Release:	12.04
Codename:	precise
[34m[1mLinux Version[0m
3.13.0-29-generic
[34m[1mCookbooks Version[0m
a68419e https://github.com/travis-ci/travis-cookbooks/tree/a68419e
[34m[1mGCC version[0m
gcc (Ubuntu/Linaro 4.6.3-1ubuntu5) 4.6.3
Copyright (C) 2011 Free Software Foundation, Inc.
This is free software; see the source for copying conditions.  There is NO
warranty; not even for MERCHANTABILITY or FITNESS FOR A PARTICULAR PURPOSE.

[34m[1mLLVM version[0m
clang version 3.4 (tags/RELEASE_34/final)
Target: x86_64-unknown-linux-gnu
Thread model: posix
[34m[1mPre-installed Ruby versions[0m
ruby-1.9.3-p551
[34m[1mPre-installed Node.js versions[0m
v0.10.36
[34m[1mPre-installed Go versions[0m
1.4.1
[34m[1mRedis version[0m
redis-server 2.8.19
[34m[1mriak version[0m
2.0.2
[34m[1mMongoDB version[0m
MongoDB 2.4.12
[34m[1mCouchDB version[0m
couchdb 1.6.1
[34m[1mNeo4j version[0m
1.9.4
[34m[1mRabbitMQ Version[0m
3.4.3
[34m[1mElasticSearch version[0m
1.4.0
[34m[1mInstalled Sphinx versions[0m
2.0.10
2.1.9
2.2.6
[34m[1mDefault Sphinx version[0m
2.2.6
[34m[1mInstalled Firefox version[0m
firefox 31.0esr
[34m[1mPhantomJS version[0m
1.9.8
[34m[1mant -version[0m
Apache Ant(TM) version 1.8.2 compiled on December 3 2011
[34m[1mmvn -version[0m
Apache Maven 3.2.5 (12a6b3acb947671f09b81f49094c53f426d8cea1; 2014-12-14T17:29:23+00:00)
Maven home: /usr/local/maven
Java version: 1.7.0_76, vendor: Oracle Corporation
Java home: /usr/lib/jvm/java-7-oracle/jre
Default locale: en_US, platform encoding: ANSI_X3.4-1968
OS name: "linux", version: "3.13.0-29-generic", arch: "amd64", family: "unix"
travis_fold:end:system_info[0K
travis_time:end:17aa0cd4:start=1588563631949807397,finish=1588563631957764207,duration=7956810,event=show_system_info[0Ktravis_time:start:0b3e30b0[0Ktravis_time:end:0b3e30b0:start=1588563631973035889,finish=1588563631990676486,duration=17640597,event=rm_riak_source[0Ktravis_time:start:074c2ebf[0Ktravis_time:end:074c2ebf:start=1588563631995842032,finish=1588563632004371235,duration=8529203,event=fix_rwky_redis[0Ktravis_time:start:046a152b[0K[31;1mTimeout waiting for network availability.[0m
travis_time:end:046a152b:start=1588563632008626558,finish=1588563652634706129,duration=20626079571,event=wait_for_network[0Ktravis_time:start:0392dc65[0Ktravis_time:end:0392dc65:start=1588563652640674140,finish=1588563657573893866,duration=4933219726,event=update_apt_keys[0Ktravis_time:start:2f31d1f0[0Ktravis_time:end:2f31d1f0:start=1588563657578302432,finish=1588563657638683190,duration=60380758,event=fix_hhvm_source[0Ktravis_time:start:1abae46f[0Ktravis_time:end:1abae46f:start=1588563657642890462,finish=1588563657646343312,duration=3452850,event=update_mongo_arch[0Ktravis_time:start:02d0b32c[0Ktravis_time:end:02d0b32c:start=1588563657651340723,finish=1588563657696274028,duration=44933305,event=fix_sudo_enabled_trusty[0Ktravis_time:start:164aaafe[0Ktravis_time:end:164aaafe:start=1588563657707433822,finish=1588563657724518468,duration=17084646,event=clean_up_path[0Ktravis_time:start:03bdf8a0[0Ktravis_time:end:03bdf8a0:start=1588563657729586159,finish=1588563657743620404,duration=14034245,event=fix_resolv_conf[0Ktravis_time:start:038a866a[0Ktravis_time:end:038a866a:start=1588563657748841296,finish=1588563657763411817,duration=14570521,event=fix_etc_hosts[0Ktravis_time:start:091a17d5[0Ktravis_time:end:091a17d5:start=1588563657768838002,finish=1588563657799201707,duration=30363705,event=fix_mvn_settings_xml[0Ktravis_time:start:06d193e7[0Ktravis_time:end:06d193e7:start=1588563657803684364,finish=1588563657818810626,duration=15126262,event=no_ipv6_localhost[0Ktravis_time:start:0798304e[0Ktravis_time:end:0798304e:start=1588563657824073530,finish=1588563657855487852,duration=31414322,event=fix_etc_mavenrc[0Ktravis_time:start:2d637c58[0Ktravis_time:end:2d637c58:start=1588563657860405117,finish=1588563657865715056,duration=5309939,event=fix_wwdr_certificate[0Ktravis_time:start:0c2d99e8[0Ktravis_time:end:0c2d99e8:start=1588563657870716369,finish=1588563657902793256,duration=32076887,event=put_localhost_first[0Ktravis_time:start:0b191eac[0Ktravis_time:end:0b191eac:start=1588563657907293658,finish=1588563657910853975,duration=3560317,event=home_paths[0Ktravis_time:start:01bda176[0Ktravis_time:end:01bda176:start=1588563657915158462,finish=1588563657955202236,duration=40043774,event=disable_initramfs[0Ktravis_time:start:0bb8ba2a[0Ktravis_time:end:0bb8ba2a:start=1588563657961491018,finish=1588563657977175836,duration=15684818,event=disable_ssh_roaming[0Ktravis_time:start:152011f2[0Ktravis_time:end:152011f2:start=1588563657983112304,finish=1588563657987119386,duration=4007082,event=debug_tools[0Ktravis_time:start:0a896cb8[0Ktravis_time:end:0a896cb8:start=1588563657991933992,finish=1588563657996607599,duration=4673607,event=uninstall_oclint[0Ktravis_time:start:12569304[0Ktravis_time:end:12569304:start=1588563658001372872,finish=1588563658006874628,duration=5501756,event=rvm_use[0Ktravis_time:start:06df1a36[0Ktravis_time:end:06df1a36:start=1588563658013257680,finish=1588563658025154103,duration=11896423,event=rm_etc_boto_cfg[0Ktravis_time:start:219d5d80[0Ktravis_time:end:219d5d80:start=1588563658030304682,finish=1588563658034171757,duration=3867075,event=rm_oraclejdk8_symlink[0Ktravis_time:start:0574cca0[0Ktravis_time:end:0574cca0:start=1588563658039584622,finish=1588563658084367219,duration=44782597,event=enable_i386[0Ktravis_time:start:09bd13b0[0Ktravis_time:end:09bd13b0:start=1588563658088717106,finish=1588563658094083766,duration=5366660,event=update_rubygems[0Ktravis_time:start:052c21bc[0Ktravis_time:end:052c21bc:start=1588563658098486828,finish=1588563658104827358,duration=6340530,event=ensure_path_components[0Ktravis_time:start:16e606b4[0Ktravis_time:end:16e606b4:start=1588563658109598739,finish=1588563658113550881,duration=3952142,event=redefine_curl[0Ktravis_time:start:11755394[0Ktravis_time:end:11755394:start=1588563658118311544,finish=1588563658121655104,duration=3343560,event=nonblock_pipe[0Ktravis_time:start:19c84b90[0Ktravis_time:end:19c84b90:start=1588563658126494827,finish=1588563663764884205,duration=5638389378,event=apt_get_update[0Ktravis_time:start:17df8af6[0Ktravis_time:end:17df8af6:start=1588563663769766868,finish=1588563663773458908,duration=3692040,event=deprecate_xcode_64[0Ktravis_time:start:035f6678[0Ktravis_time:end:035f6678:start=1588563663778489767,finish=1588563663785416911,duration=6927144,event=update_heroku[0Ktravis_time:start:1362bafc[0Ktravis_time:end:1362bafc:start=1588563663790986916,finish=1588563663795187220,duration=4200304,event=shell_session_update[0Ktravis_time:start:13ad0bee[0Ktravis_fold:start:docker_mtu[0Ktravis_fold:end:docker_mtu[0Ktravis_time:end:13ad0bee:start=1588563663800468372,finish=1588563663832209214,duration=31740842,event=set_docker_mtu[0Ktravis_time:start:3178d4b4[0Ktravis_time:end:3178d4b4:start=1588563663837983185,finish=1588563663853067130,duration=15083945,event=resolvconf[0K
travis_fold:start:install_jdk[0K[33;1mInstalling oraclejdk8[0m
$ jdk_switcher use "oraclejdk8"
Switching to Oracle JDK8 (java-8-oracle), JAVA_HOME will be set to /usr/lib/jvm/java-8-oracle
travis_fold:end:install_jdk[0Ktravis_time:start:154bb7a8[0Ktravis_time:end:154bb7a8:start=1588563663874321981,finish=1588563663879226805,duration=4904824,event=fix_ps4[0Ktravis_time:start:09e8c467[0K
$ cd failed/eclipse/golo-lang

travis_time:end:09e8c467:start=1588563663884894468,finish=1588563663889721836,duration=4827368,event=checkout[0Ktravis_time:start:0f6b7da4[0Ktravis_time:end:0f6b7da4:start=1588563663895260571,finish=1588563664130167249,duration=234906678,event=env[0K$ export TERM=dumb
$ java -Xmx32m -version
$ javac -J-Xmx32m -version
travis_fold:start:install[0Ktravis_time:start:056bc720[0K$ ./gradlew assemble
Downloading https://services.gradle.org/distributions/gradle-2.9-bin.zip
...............................................................................................................................................................................................................................................................................................................................................................................................................................................................................................................................................................................................................................................................................................................................................................................................................................................................................................................................................................................................................................................................................................................................................................................................................................................................................................................................................................................................................................................................................................................................................................................................................................................................................................................................................................................................................................................................................................................................................................................................................................................................................................................................................................................................................................................................................................................................
Unzipping /home/travis/.gradle/wrapper/dists/gradle-2.9-bin/ebaspjjvvkuki3ldbldx7hexd/gradle-2.9-bin.zip to /home/travis/.gradle/wrapper/dists/gradle-2.9-bin/ebaspjjvvkuki3ldbldx7hexd
Set executable permissions for: /home/travis/.gradle/wrapper/dists/gradle-2.9-bin/ebaspjjvvkuki3ldbldx7hexd/gradle-2.9/bin/gradle
Download https://plugins.gradle.org/m2/ca/coglinc/javacc-gradle-plugin/2.3.1/javacc-gradle-plugin-2.3.1.pom
Download https://plugins.gradle.org/m2/org/asciidoctor/asciidoctor-gradle-plugin/1.5.3/asciidoctor-gradle-plugin-1.5.3.pom
Download https://plugins.gradle.org/m2/net/nemerosa/versioning/1.6.0/versioning-1.6.0.pom
Download https://plugins.gradle.org/m2/com/github/ben-manes/gradle-versions-plugin/0.11.3/gradle-versions-plugin-0.11.3.pom
Download https://plugins.gradle.org/m2/net/java/dev/javacc/javacc/6.1.2/javacc-6.1.2.pom
Download https://plugins.gradle.org/m2/commons-io/commons-io/2.4/commons-io-2.4.pom
Download https://plugins.gradle.org/m2/org/apache/commons/commons-parent/25/commons-parent-25.pom
Download https://plugins.gradle.org/m2/org/apache/apache/9/apache-9.pom
Download https://plugins.gradle.org/m2/org/apache/commons/commons-lang3/3.4/commons-lang3-3.4.pom
Download https://plugins.gradle.org/m2/org/apache/commons/commons-parent/37/commons-parent-37.pom
Download https://plugins.gradle.org/m2/org/apache/apache/16/apache-16.pom
Download https://plugins.gradle.org/m2/com/thoughtworks/xstream/xstream/1.4.7/xstream-1.4.7.pom
Download https://plugins.gradle.org/m2/com/thoughtworks/xstream/xstream-parent/1.4.7/xstream-parent-1.4.7.pom
Download https://plugins.gradle.org/m2/org/codehaus/codehaus-parent/3/codehaus-parent-3.pom
Download https://plugins.gradle.org/m2/xmlpull/xmlpull/1.1.3.1/xmlpull-1.1.3.1.pom
Download https://plugins.gradle.org/m2/xpp3/xpp3_min/1.1.4c/xpp3_min-1.1.4c.pom
Download https://plugins.gradle.org/m2/ca/coglinc/javacc-gradle-plugin/2.3.1/javacc-gradle-plugin-2.3.1.jar
Download https://plugins.gradle.org/m2/org/asciidoctor/asciidoctor-gradle-plugin/1.5.3/asciidoctor-gradle-plugin-1.5.3.jar
Download https://plugins.gradle.org/m2/net/nemerosa/versioning/1.6.0/versioning-1.6.0.jar
Download https://plugins.gradle.org/m2/com/github/ben-manes/gradle-versions-plugin/0.11.3/gradle-versions-plugin-0.11.3.jar
Download https://plugins.gradle.org/m2/net/java/dev/javacc/javacc/6.1.2/javacc-6.1.2.jar
Download https://plugins.gradle.org/m2/commons-io/commons-io/2.4/commons-io-2.4.jar
Download https://plugins.gradle.org/m2/org/apache/commons/commons-lang3/3.4/commons-lang3-3.4.jar
Download https://plugins.gradle.org/m2/com/thoughtworks/xstream/xstream/1.4.7/xstream-1.4.7.jar
Download https://plugins.gradle.org/m2/xmlpull/xmlpull/1.1.3.1/xmlpull-1.1.3.1.jar
Download https://plugins.gradle.org/m2/xpp3/xpp3_min/1.1.4c/xpp3_min-1.1.4c.jar
[versioning] WARNING - the working copy has unstaged or uncommitted changes.
:asciidoctor
Download https://jcenter.bintray.com/org/asciidoctor/asciidoctorj/1.5.2/asciidoctorj-1.5.2.pom
Download https://jcenter.bintray.com/org/asciidoctor/asciidoctorj-groovy-dsl/1.0.0.preview2/asciidoctorj-groovy-dsl-1.0.0.preview2.pom
Download https://jcenter.bintray.com/org/jruby/jruby-complete/1.7.16.1/jruby-complete-1.7.16.1.pom
Download https://jcenter.bintray.com/org/jruby/jruby-artifacts/1.7.16.1/jruby-artifacts-1.7.16.1.pom
Download https://jcenter.bintray.com/org/jruby/jruby-parent/1.7.16.1/jruby-parent-1.7.16.1.pom
Download https://jcenter.bintray.com/org/sonatype/oss/oss-parent/7/oss-parent-7.pom
Download https://jcenter.bintray.com/org/slf4j/slf4j-api/1.7.7/slf4j-api-1.7.7.pom
Download https://jcenter.bintray.com/org/slf4j/slf4j-parent/1.7.7/slf4j-parent-1.7.7.pom
Download https://jcenter.bintray.com/com/beust/jcommander/1.35/jcommander-1.35.pom
Download https://jcenter.bintray.com/org/sonatype/oss/oss-parent/3/oss-parent-3.pom
Download https://jcenter.bintray.com/org/codehaus/groovy/groovy-all/1.8.9/groovy-all-1.8.9.pom
Download https://jcenter.bintray.com/org/asciidoctor/asciidoctorj/1.5.2/asciidoctorj-1.5.2.jar
Download https://jcenter.bintray.com/org/asciidoctor/asciidoctorj-groovy-dsl/1.0.0.preview2/asciidoctorj-groovy-dsl-1.0.0.preview2.jar
Download https://jcenter.bintray.com/org/jruby/jruby-complete/1.7.16.1/jruby-complete-1.7.16.1.jar
Download https://jcenter.bintray.com/org/slf4j/slf4j-api/1.7.7/slf4j-api-1.7.7.jar
Download https://jcenter.bintray.com/com/beust/jcommander/1.35/jcommander-1.35.jar
Download https://jcenter.bintray.com/org/codehaus/groovy/groovy-all/1.8.9/groovy-all-1.8.9.jar
:compileJjtree
Java Compiler Compiler Version 6.1_2 (Tree Builder)
(type "jjtree" with no arguments for help)
Reading from file /home/travis/build/failed/eclipse/golo-lang/src/main/jjtree/org/eclipse/golo/compiler/parser/Golo.jjt . . .
opt:java
File "Node.java" does not exist.  Will create one.
File "SimpleNode.java" does not exist.  Will create one.
File "ASTerror.java" does not exist.  Will create one.
File "ASTCompilationUnit.java" does not exist.  Will create one.
File "ASTModuleDeclaration.java" does not exist.  Will create one.
File "ASTImportDeclaration.java" does not exist.  Will create one.
File "ASTToplevelDeclaration.java" does not exist.  Will create one.
File "ASTStructDeclaration.java" does not exist.  Will create one.
File "ASTUnionValue.java" does not exist.  Will create one.
File "ASTUnionDeclaration.java" does not exist.  Will create one.
File "ASTNamedAugmentationDeclaration.java" does not exist.  Will create one.
File "ASTAugmentDeclaration.java" does not exist.  Will create one.
File "ASTFunctionDeclaration.java" does not exist.  Will create one.
File "ASTDecoratorDeclaration.java" does not exist.  Will create one.
File "ASTContinue.java" does not exist.  Will create one.
File "ASTBreak.java" does not exist.  Will create one.
File "ASTThrow.java" does not exist.  Will create one.
File "ASTWhileLoop.java" does not exist.  Will create one.
File "ASTForLoop.java" does not exist.  Will create one.
File "ASTForEachLoop.java" does not exist.  Will create one.
File "ASTTryCatchFinally.java" does not exist.  Will create one.
File "ASTExpressionStatement.java" does not exist.  Will create one.
File "ASTUnaryExpression.java" does not exist.  Will create one.
File "ASTInvocationExpression.java" does not exist.  Will create one.
File "ASTMultiplicativeExpression.java" does not exist.  Will create one.
File "ASTAdditiveExpression.java" does not exist.  Will create one.
File "ASTRelationalExpression.java" does not exist.  Will create one.
File "ASTEqualityExpression.java" does not exist.  Will create one.
File "ASTAndExpression.java" does not exist.  Will create one.
File "ASTOrExpression.java" does not exist.  Will create one.
File "ASTOrIfNullExpression.java" does not exist.  Will create one.
File "ASTMethodInvocation.java" does not exist.  Will create one.
File "ASTBlock.java" does not exist.  Will create one.
File "ASTFunction.java" does not exist.  Will create one.
File "ASTLiteral.java" does not exist.  Will create one.
File "ASTCollectionLiteral.java" does not exist.  Will create one.
File "ASTReference.java" does not exist.  Will create one.
File "ASTDestructuringAssignment.java" does not exist.  Will create one.
File "ASTLetOrVar.java" does not exist.  Will create one.
File "ASTAssignment.java" does not exist.  Will create one.
File "ASTReturn.java" does not exist.  Will create one.
File "ASTArgument.java" does not exist.  Will create one.
File "ASTAnonymousFunctionInvocation.java" does not exist.  Will create one.
File "ASTFunctionInvocation.java" does not exist.  Will create one.
File "ASTConditionalBranching.java" does not exist.  Will create one.
File "ASTCase.java" does not exist.  Will create one.
File "ASTMatch.java" does not exist.  Will create one.
File "GoloParserTreeConstants.java" does not exist.  Will create one.
File "GoloParserVisitor.java" does not exist.  Will create one.
File "GoloParserDefaultVisitor.java" does not exist.  Will create one.
File "JJTGoloParserState.java" does not exist.  Will create one.
Annotated grammar generated successfully in /home/travis/build/failed/eclipse/golo-lang/build/generated/jjtree/tmp/org/eclipse/golo/compiler/parser/Golo.jj
:compileJavacc
Java Compiler Compiler Version 6.1_2 (Parser Generator)
(type "javacc" with no arguments for help)
Reading from file /home/travis/build/failed/eclipse/golo-lang/build/generated/jjtree/org/eclipse/golo/compiler/parser/Golo.jj . . .
Note: UNICODE_INPUT option is specified. Please make sure you create the parser/lexer using a Reader with the correct character encoding.
File "TokenMgrError.java" does not exist.  Will create one.
File "ParseException.java" does not exist.  Will create one.
File "Token.java" does not exist.  Will create one.
File "JavaCharStream.java" does not exist.  Will create one.
Parser generated with 0 errors and 1 warnings.
:compileJava
Download https://jcenter.bintray.com/org/ow2/asm/asm/5.0.4/asm-5.0.4.pom
Download https://jcenter.bintray.com/org/ow2/asm/asm-parent/5.0.4/asm-parent-5.0.4.pom
Download https://jcenter.bintray.com/org/ow2/ow2/1.3/ow2-1.3.pom
Download https://jcenter.bintray.com/com/beust/jcommander/1.48/jcommander-1.48.pom
Download https://jcenter.bintray.com/com/github/rjeschke/txtmark/0.13/txtmark-0.13.pom
Download https://jcenter.bintray.com/com/googlecode/json-simple/json-simple/1.1.1/json-simple-1.1.1.pom
Download https://jcenter.bintray.com/org/ow2/asm/asm/5.0.4/asm-5.0.4.jar
Download https://jcenter.bintray.com/com/beust/jcommander/1.48/jcommander-1.48.jar
Download https://jcenter.bintray.com/com/github/rjeschke/txtmark/0.13/txtmark-0.13.jar
Download https://jcenter.bintray.com/com/googlecode/json-simple/json-simple/1.1.1/json-simple-1.1.1.jar
:processResources
:goloc
:classes
:golodoc
:jar
:vanillaScripts
:startScripts
:distTar
:distZip
:assemble

BUILD SUCCESSFUL

Total time: 1 mins 2.673 secs
travis_time:end:056bc720:start=1588563664491740382,finish=1588563727763356774,duration=63271616392,event=install[0Ktravis_fold:end:install[0Ktravis_time:start:34522b12[0K$ ./gradlew check
[versioning] WARNING - the working copy has unstaged or uncommitted changes.
:compileJjtree UP-TO-DATE
:compileJavacc UP-TO-DATE
:compileJava UP-TO-DATE
:processResources UP-TO-DATE
:goloc
:classes
:findbugsMain
Download https://jcenter.bintray.com/com/google/code/findbugs/findbugs/3.0.1/findbugs-3.0.1.pom
Download https://jcenter.bintray.com/net/jcip/jcip-annotations/1.0/jcip-annotations-1.0.pom
Download https://jcenter.bintray.com/com/google/code/findbugs/jsr305/2.0.1/jsr305-2.0.1.pom
Download https://jcenter.bintray.com/com/google/code/findbugs/bcel-findbugs/6.0/bcel-findbugs-6.0.pom
Download https://jcenter.bintray.com/com/google/code/findbugs/jFormatString/2.0.1/jFormatString-2.0.1.pom
Download https://jcenter.bintray.com/dom4j/dom4j/1.6.1/dom4j-1.6.1.pom
Download https://jcenter.bintray.com/org/ow2/asm/asm-debug-all/5.0.2/asm-debug-all-5.0.2.pom
Download https://jcenter.bintray.com/org/ow2/asm/asm-parent/5.0.2/asm-parent-5.0.2.pom
Download https://jcenter.bintray.com/org/ow2/asm/asm-commons/5.0.2/asm-commons-5.0.2.pom
Download https://jcenter.bintray.com/commons-lang/commons-lang/2.6/commons-lang-2.6.pom
Download https://jcenter.bintray.com/org/apache/commons/commons-parent/17/commons-parent-17.pom
Download https://jcenter.bintray.com/org/apache/apache/7/apache-7.pom
Download https://jcenter.bintray.com/com/apple/AppleJavaExtensions/1.4/AppleJavaExtensions-1.4.pom
Download https://jcenter.bintray.com/jaxen/jaxen/1.1.6/jaxen-1.1.6.pom
Download https://jcenter.bintray.com/xml-apis/xml-apis/1.0.b2/xml-apis-1.0.b2.pom
Download https://jcenter.bintray.com/org/ow2/asm/asm-tree/5.0.2/asm-tree-5.0.2.pom
Download https://jcenter.bintray.com/org/ow2/asm/asm/5.0.2/asm-5.0.2.pom
Download https://jcenter.bintray.com/com/google/code/findbugs/findbugs/3.0.1/findbugs-3.0.1.jar
Download https://jcenter.bintray.com/net/jcip/jcip-annotations/1.0/jcip-annotations-1.0.jar
Download https://jcenter.bintray.com/com/google/code/findbugs/jsr305/2.0.1/jsr305-2.0.1.jar
Download https://jcenter.bintray.com/com/google/code/findbugs/bcel-findbugs/6.0/bcel-findbugs-6.0.jar
Download https://jcenter.bintray.com/com/google/code/findbugs/jFormatString/2.0.1/jFormatString-2.0.1.jar
Download https://jcenter.bintray.com/dom4j/dom4j/1.6.1/dom4j-1.6.1.jar
Download https://jcenter.bintray.com/org/ow2/asm/asm-debug-all/5.0.2/asm-debug-all-5.0.2.jar
Download https://jcenter.bintray.com/org/ow2/asm/asm-commons/5.0.2/asm-commons-5.0.2.jar
Download https://jcenter.bintray.com/commons-lang/commons-lang/2.6/commons-lang-2.6.jar
Download https://jcenter.bintray.com/com/apple/AppleJavaExtensions/1.4/AppleJavaExtensions-1.4.jar
Download https://jcenter.bintray.com/jaxen/jaxen/1.1.6/jaxen-1.1.6.jar
Download https://jcenter.bintray.com/xml-apis/xml-apis/1.0.b2/xml-apis-1.0.b2.jar
Download https://jcenter.bintray.com/org/ow2/asm/asm-tree/5.0.2/asm-tree-5.0.2.jar
Download https://jcenter.bintray.com/org/ow2/asm/asm/5.0.2/asm-5.0.2.jar
:compileTestJava
Download https://jcenter.bintray.com/org/ow2/asm/asm-util/5.0.4/asm-util-5.0.4.pom
Download https://jcenter.bintray.com/org/ow2/asm/asm-analysis/5.0.4/asm-analysis-5.0.4.pom
Download https://jcenter.bintray.com/org/hamcrest/hamcrest-all/1.3/hamcrest-all-1.3.pom
Download https://jcenter.bintray.com/org/hamcrest/hamcrest-parent/1.3/hamcrest-parent-1.3.pom
Download https://jcenter.bintray.com/org/skyscreamer/jsonassert/1.2.3/jsonassert-1.2.3.pom
Download https://jcenter.bintray.com/org/testng/testng/6.9.9/testng-6.9.9.pom
Download https://jcenter.bintray.com/org/ow2/asm/asm-tree/5.0.4/asm-tree-5.0.4.pom
Download https://jcenter.bintray.com/org/json/json/20090211/json-20090211.pom
Download https://jcenter.bintray.com/org/apache/ant/ant/1.7.0/ant-1.7.0.pom
Download https://jcenter.bintray.com/org/apache/ant/ant-parent/1.7.0/ant-parent-1.7.0.pom
Download https://jcenter.bintray.com/org/beanshell/bsh/2.0b4/bsh-2.0b4.pom
Download https://jcenter.bintray.com/org/beanshell/beanshell/2.0b4/beanshell-2.0b4.pom
Download https://jcenter.bintray.com/com/google/inject/guice/4.0/guice-4.0.pom
Download https://jcenter.bintray.com/com/google/inject/guice-parent/4.0/guice-parent-4.0.pom
Download https://jcenter.bintray.com/com/google/google/5/google-5.pom
Download https://jcenter.bintray.com/org/yaml/snakeyaml/1.15/snakeyaml-1.15.pom
Download https://jcenter.bintray.com/org/apache/ant/ant-launcher/1.7.0/ant-launcher-1.7.0.pom
Download https://jcenter.bintray.com/javax/inject/javax.inject/1/javax.inject-1.pom
Download https://jcenter.bintray.com/aopalliance/aopalliance/1.0/aopalliance-1.0.pom
Download https://jcenter.bintray.com/com/google/guava/guava/16.0.1/guava-16.0.1.pom
Download https://jcenter.bintray.com/com/google/guava/guava-parent/16.0.1/guava-parent-16.0.1.pom
Download https://jcenter.bintray.com/org/ow2/asm/asm-util/5.0.4/asm-util-5.0.4.jar
Download https://jcenter.bintray.com/org/ow2/asm/asm-analysis/5.0.4/asm-analysis-5.0.4.jar
Download https://jcenter.bintray.com/org/hamcrest/hamcrest-all/1.3/hamcrest-all-1.3.jar
Download https://jcenter.bintray.com/org/skyscreamer/jsonassert/1.2.3/jsonassert-1.2.3.jar
Download https://jcenter.bintray.com/org/testng/testng/6.9.9/testng-6.9.9.jar
Download https://jcenter.bintray.com/org/ow2/asm/asm-tree/5.0.4/asm-tree-5.0.4.jar
Download https://jcenter.bintray.com/org/json/json/20090211/json-20090211.jar
Download https://jcenter.bintray.com/org/apache/ant/ant/1.7.0/ant-1.7.0.jar
Download https://jcenter.bintray.com/org/beanshell/bsh/2.0b4/bsh-2.0b4.jar
Download https://jcenter.bintray.com/com/google/inject/guice/4.0/guice-4.0-no_aop.jar
Download https://jcenter.bintray.com/org/yaml/snakeyaml/1.15/snakeyaml-1.15.jar
Download https://jcenter.bintray.com/org/apache/ant/ant-launcher/1.7.0/ant-launcher-1.7.0.jar
Download https://jcenter.bintray.com/javax/inject/javax.inject/1/javax.inject-1.jar
Download https://jcenter.bintray.com/aopalliance/aopalliance/1.0/aopalliance-1.0.jar
Download https://jcenter.bintray.com/com/google/guava/guava/16.0.1/guava-16.0.1.jar
:processTestResources
:testClasses
:test
Download https://jcenter.bintray.com/org/jacoco/org.jacoco.agent/0.7.1.201405082137/org.jacoco.agent-0.7.1.201405082137.pom
Download https://jcenter.bintray.com/org/jacoco/org.jacoco.build/0.7.1.201405082137/org.jacoco.build-0.7.1.201405082137.pom
Download https://jcenter.bintray.com/org/jacoco/org.jacoco.agent/0.7.1.201405082137/org.jacoco.agent-0.7.1.201405082137.jar

Gradle suite > Gradle test > gololang.StandardAugmentationsTest.number_repeaters FAILED
    java.lang.reflect.InvocationTargetException at StandardAugmentationsTest.java:495
        Caused by: java.lang.NullPointerException at StandardAugmentationsTest.java:495
:test FAILED

BUILD FAILED

Total time: 53.834 secs
travis_time:end:34522b12:start=1588563727770250276,finish=1588563782087017921,duration=54316767645,event=[0K[31;1mThe command "./gradlew check" exited with 1.[0m


Done. Your build exited with 1.
