travis_time:start:1081b858[0Ktravis_time:end:1081b858:start=1588563285036124542,finish=1588563285181192307,duration=145067765,event=no_world_writable_dirs[0Ktravis_time:start:21cad672[0Ktravis_time:end:21cad672:start=1588563285187406910,finish=1588563285191144687,duration=3737777,event=check_unsupported[0Ktravis_time:start:0dfd1414[0Ktravis_fold:start:system_info[0K[33;1mBuild system information[0m
Build language: java
Build group: stable
Build dist: precise
Build id: ''
Job id: ''
Runtime kernel version: 4.15.0-91-generic
[34m[1mBuild image provisioning date and time[0m
Thu Feb  5 15:09:33 UTC 2015
[34m[1mOperating System Details[0m
Distributor ID:	Ubuntu
Description:	Ubuntu 12.04.5 LTS
Release:	12.04
Codename:	precise
[34m[1mLinux Version[0m
3.13.0-29-generic
[34m[1mCookbooks Version[0m
a68419e https://github.com/travis-ci/travis-cookbooks/tree/a68419e
[34m[1mGCC version[0m
gcc (Ubuntu/Linaro 4.6.3-1ubuntu5) 4.6.3
Copyright (C) 2011 Free Software Foundation, Inc.
This is free software; see the source for copying conditions.  There is NO
warranty; not even for MERCHANTABILITY or FITNESS FOR A PARTICULAR PURPOSE.

[34m[1mLLVM version[0m
clang version 3.4 (tags/RELEASE_34/final)
Target: x86_64-unknown-linux-gnu
Thread model: posix
[34m[1mPre-installed Ruby versions[0m
ruby-1.9.3-p551
[34m[1mPre-installed Node.js versions[0m
v0.10.36
[34m[1mPre-installed Go versions[0m
1.4.1
[34m[1mRedis version[0m
redis-server 2.8.19
[34m[1mriak version[0m
2.0.2
[34m[1mMongoDB version[0m
MongoDB 2.4.12
[34m[1mCouchDB version[0m
couchdb 1.6.1
[34m[1mNeo4j version[0m
1.9.4
[34m[1mRabbitMQ Version[0m
3.4.3
[34m[1mElasticSearch version[0m
1.4.0
[34m[1mInstalled Sphinx versions[0m
2.0.10
2.1.9
2.2.6
[34m[1mDefault Sphinx version[0m
2.2.6
[34m[1mInstalled Firefox version[0m
firefox 31.0esr
[34m[1mPhantomJS version[0m
1.9.8
[34m[1mant -version[0m
Apache Ant(TM) version 1.8.2 compiled on December 3 2011
[34m[1mmvn -version[0m
Apache Maven 3.2.5 (12a6b3acb947671f09b81f49094c53f426d8cea1; 2014-12-14T17:29:23+00:00)
Maven home: /usr/local/maven
Java version: 1.7.0_76, vendor: Oracle Corporation
Java home: /usr/lib/jvm/java-7-oracle/jre
Default locale: en_US, platform encoding: ANSI_X3.4-1968
OS name: "linux", version: "3.13.0-29-generic", arch: "amd64", family: "unix"
travis_fold:end:system_info[0K
travis_time:end:0dfd1414:start=1588563285196910656,finish=1588563285204164269,duration=7253613,event=show_system_info[0Ktravis_time:start:0c452138[0Ktravis_time:end:0c452138:start=1588563285209571593,finish=1588563285229206629,duration=19635036,event=rm_riak_source[0Ktravis_time:start:251a23d0[0Ktravis_time:end:251a23d0:start=1588563285235547422,finish=1588563285246606948,duration=11059526,event=fix_rwky_redis[0Ktravis_time:start:0141d0ec[0K[31;1mTimeout waiting for network availability.[0m
travis_time:end:0141d0ec:start=1588563285251985463,finish=1588563305878294522,duration=20626309059,event=wait_for_network[0Ktravis_time:start:0c514fbc[0Ktravis_time:end:0c514fbc:start=1588563305884682407,finish=1588563310592829376,duration=4708146969,event=update_apt_keys[0Ktravis_time:start:0eca72a8[0Ktravis_time:end:0eca72a8:start=1588563310598598294,finish=1588563310661540330,duration=62942036,event=fix_hhvm_source[0Ktravis_time:start:0304d690[0Ktravis_time:end:0304d690:start=1588563310667613092,finish=1588563310672777590,duration=5164498,event=update_mongo_arch[0Ktravis_time:start:002821d8[0Ktravis_time:end:002821d8:start=1588563310678390327,finish=1588563310723015856,duration=44625529,event=fix_sudo_enabled_trusty[0Ktravis_time:start:03c8b290[0Ktravis_time:end:03c8b290:start=1588563310728588025,finish=1588563310744277154,duration=15689129,event=clean_up_path[0Ktravis_time:start:2bb9e8dc[0Ktravis_time:end:2bb9e8dc:start=1588563310750765713,finish=1588563310765057571,duration=14291858,event=fix_resolv_conf[0Ktravis_time:start:045ac3b8[0Ktravis_time:end:045ac3b8:start=1588563310770120654,finish=1588563310786024861,duration=15904207,event=fix_etc_hosts[0Ktravis_time:start:0dcfe400[0Ktravis_time:start:0b883ff8[0Ktravis_time:end:0b883ff8:start=1588563310827394032,finish=1588563310840343119,duration=12949087,event=no_ipv6_localhost[0Ktravis_time:start:06d893a2[0Ktravis_time:end:06d893a2:start=1588563310844994311,finish=1588563310871898173,duration=26903862,event=fix_etc_mavenrc[0Ktravis_time:start:17ed2cb0[0Ktravis_time:end:17ed2cb0:start=1588563310877988627,finish=1588563310883068974,duration=5080347,event=fix_wwdr_certificate[0Ktravis_time:start:0765c2aa[0Ktravis_time:end:0765c2aa:start=1588563310888233897,finish=1588563310925859242,duration=37625345,event=put_localhost_first[0Ktravis_time:start:082668fc[0Ktravis_time:end:082668fc:start=1588563310931444855,finish=1588563310936097490,duration=4652635,event=home_paths[0Ktravis_time:start:06e50875[0Ktravis_time:end:06e50875:start=1588563310941804235,finish=1588563310979580714,duration=37776479,event=disable_initramfs[0Ktravis_time:start:0a51c62c[0Ktravis_time:end:0a51c62c:start=1588563310985614811,finish=1588563311005598254,duration=19983443,event=disable_ssh_roaming[0Ktravis_time:start:0cfbcf10[0Ktravis_time:end:0cfbcf10:start=1588563311011291741,finish=1588563311015264224,duration=3972483,event=debug_tools[0Ktravis_time:start:2875fcae[0Ktravis_time:end:2875fcae:start=1588563311021329088,finish=1588563311027483165,duration=6154077,event=uninstall_oclint[0Ktravis_time:start:39893973[0Ktravis_time:end:39893973:start=1588563311033582903,finish=1588563311039834314,duration=6251411,event=rvm_use[0Ktravis_time:start:06b31984[0Ktravis_time:end:06b31984:start=1588563311045744172,finish=1588563311061124703,duration=15380531,event=rm_etc_boto_cfg[0Ktravis_time:start:00bddb84[0Ktravis_time:end:00bddb84:start=1588563311067046116,finish=1588563311071584150,duration=4538034,event=rm_oraclejdk8_symlink[0Ktravis_time:start:008a98c7[0Ktravis_time:end:008a98c7:start=1588563311078156622,finish=1588563311125590839,duration=47434217,event=enable_i386[0Ktravis_time:start:00c9a595[0Ktravis_time:end:00c9a595:start=1588563311132575576,finish=1588563311140270135,duration=7694559,event=update_rubygems[0Ktravis_time:start:07660ff0[0Ktravis_time:end:07660ff0:start=1588563311147499433,finish=1588563311157015542,duration=9516109,event=ensure_path_components[0Ktravis_time:start:003b609a[0Ktravis_time:end:003b609a:start=1588563311163370855,finish=1588563311168502346,duration=5131491,event=redefine_curl[0Ktravis_time:start:18c4cbe8[0Ktravis_time:end:18c4cbe8:start=1588563311175004205,finish=1588563311179568876,duration=4564671,event=nonblock_pipe[0Ktravis_time:start:0d452f9a[0Ktravis_time:end:0d452f9a:start=1588563311186492350,finish=1588563316865570160,duration=5679077810,event=apt_get_update[0Ktravis_time:start:1ca36894[0Ktravis_time:end:1ca36894:start=1588563316870416404,finish=1588563316874017138,duration=3600734,event=deprecate_xcode_64[0Ktravis_time:start:01f19df4[0Ktravis_time:end:01f19df4:start=1588563316880156835,finish=1588563316887566531,duration=7409696,event=update_heroku[0Ktravis_time:start:27eb02ae[0Ktravis_time:end:27eb02ae:start=1588563316893677267,finish=1588563316898189457,duration=4512190,event=shell_session_update[0Ktravis_time:start:0fa68b79[0Ktravis_fold:start:docker_mtu[0Ktravis_fold:end:docker_mtu[0Ktravis_time:end:0fa68b79:start=1588563316903403952,finish=1588563316935561858,duration=32157906,event=set_docker_mtu[0Ktravis_time:start:0be366aa[0Ktravis_time:end:0be366aa:start=1588563316941130880,finish=1588563316956514161,duration=15383281,event=resolvconf[0K
travis_fold:start:install_jdk[0K[33;1mInstalling oraclejdk7[0m
$ jdk_switcher use "oraclejdk7"
Switching to Oracle JDK7 (java-7-oracle), JAVA_HOME will be set to /usr/lib/jvm/java-7-oracle
travis_fold:end:install_jdk[0Ktravis_time:start:05cd1d2d[0Ktravis_time:end:05cd1d2d:start=1588563316976295134,finish=1588563316980381898,duration=4086764,event=fix_ps4[0Ktravis_time:start:00dd9622[0K
$ cd passed/Scout24/deadcode4j

travis_time:end:00dd9622:start=1588563316986652396,finish=1588563316992515182,duration=5862786,event=checkout[0Ktravis_time:start:198d2d7a[0K
[33;1mSetting environment variables from .travis.yml[0m
$ export MVN_VERSION=3.1.1

travis_time:end:198d2d7a:start=1588563316999349843,finish=1588563317226260253,duration=226910410,event=env[0Ktravis_fold:start:cache.1[0KSetting up build cache
$ export CASHER_DIR=${TRAVIS_HOME}/.casher
travis_time:start:0e3b8ea0[0K$ Installing caching utilities
travis_time:end:0e3b8ea0:start=1588563326261631923,finish=1588563329344576180,duration=3082944257,event=setup_casher[0Ktravis_time:start:0d0504da[0K$ Installing caching utilities from the Travis CI server (https:///files/casher) failed, failing over to using GitHub (https://raw.githubusercontent.com/travis-ci/casher/bash/bin/casher)
travis_time:end:0d0504da:start=1588563329353163915,finish=1588563329404306885,duration=51142970,event=setup_casher[0Ktravis_time:start:01ea8ed0[0Ktravis_time:end:01ea8ed0:start=1588563329414624321,finish=1588563329421013517,duration=6389196,event=setup_casher[0Ktravis_time:start:0b3124c6[0Kattempting to download cache archive[0m
[31;1mcould not download cache[0m
travis_time:end:0b3124c6:start=1588563329428023084,finish=1588563330795534454,duration=1367511370,event=setup_casher[0Ktravis_time:start:0b6b04c4[0Ktravis_time:end:0b6b04c4:start=1588563330803287060,finish=1588563330809572533,duration=6285473,event=setup_casher[0Ktravis_time:start:0ca9a880[0Kadding /home/travis/.m2/repository to cache[0m
travis_time:end:0ca9a880:start=1588563330817481511,finish=1588563332374640662,duration=1557159151,event=setup_casher[0Ktravis_fold:end:cache.1[0K
$ java -Xmx32m -version
$ javac -J-Xmx32m -version
travis_fold:start:before_install.1[0Ktravis_time:start:1a569296[0K$ MVN_URL=https://archive.apache.org/dist/maven/maven-3/$MVN_VERSION/binaries/apache-maven-$MVN_VERSION-bin.tar.gz
travis_time:end:1a569296:start=1588563332576646514,finish=1588563332581498013,duration=4851499,event=before_install[0Ktravis_fold:end:before_install.1[0Ktravis_fold:start:before_install.2[0Ktravis_time:start:0211495d[0K$ wget -q -O /tmp/maven.tar.gz $MVN_URL
travis_time:end:0211495d:start=1588563332588992509,finish=1588563334826462012,duration=2237469503,event=before_install[0Ktravis_fold:end:before_install.2[0Ktravis_fold:start:before_install.3[0Ktravis_time:start:0e1a0c44[0K$ tar xzf /tmp/maven.tar.gz
travis_time:end:0e1a0c44:start=1588563334833430351,finish=1588563334926237605,duration=92807254,event=before_install[0Ktravis_fold:end:before_install.3[0Ktravis_fold:start:before_install.4[0Ktravis_time:start:02012631[0K$ export M2_HOME=`pwd`/apache-maven-$MVN_VERSION
travis_time:end:02012631:start=1588563334932111026,finish=1588563334937647329,duration=5536303,event=before_install[0Ktravis_fold:end:before_install.4[0Ktravis_fold:start:before_install.5[0Ktravis_time:start:0bd79028[0K$ export PATH=$M2_HOME/bin:$PATH
travis_time:end:0bd79028:start=1588563334946151451,finish=1588563334951319827,duration=5168376,event=before_install[0Ktravis_fold:end:before_install.5[0Ktravis_fold:start:before_install.6[0Ktravis_time:start:0f337947[0K$ export MAVEN_SKIP_RC=true
travis_time:end:0f337947:start=1588563334958884135,finish=1588563334964492762,duration=5608627,event=before_install[0Ktravis_fold:end:before_install.6[0Ktravis_fold:start:install.1[0Ktravis_time:start:2acd925e[0K$ mvn -Dhttps.protocols=TLSv1.2 -Dhttps.protocols=TLSv1.2 -B -U clean verify org.apache.maven.plugins:maven-war-plugin:2.4:help -Dinvoker.skip=true -Dmaven.main.skip=true -Dmaven.plugin.skip=true -Dmaven.test.skip=true -PenableCoverage,travis
[INFO] Scanning for projects...
[WARNING] 
[WARNING] Some problems were encountered while building the effective model for de.is24.mavenplugins:deadcode4j-maven-plugin:maven-plugin:2.2.0-SNAPSHOT
[WARNING] 'dependencies.dependency.exclusions.exclusion.groupId' for org.hibernate:hibernate-annotations:jar with value '*' does not match a valid id pattern. @ line 1070, column 15
[WARNING] 'dependencies.dependency.exclusions.exclusion.artifactId' for org.hibernate:hibernate-annotations:jar with value '*' does not match a valid id pattern. @ line 1073, column 18
[WARNING] 'dependencies.dependency.exclusions.exclusion.groupId' for org.springframework.data:spring-data-commons:jar with value '*' does not match a valid id pattern. @ line 1094, column 15
[WARNING] 'dependencies.dependency.exclusions.exclusion.artifactId' for org.springframework.data:spring-data-commons:jar with value '*' does not match a valid id pattern. @ line 1097, column 18
[WARNING] 
[WARNING] It is highly recommended to fix these problems because they threaten the stability of your build.
[WARNING] 
[WARNING] For this reason, future Maven versions might no longer support building such malformed projects.
[WARNING] 
[INFO] Downloading: http://repo.maven.apache.org/maven2/org/apache/maven/plugins/maven-war-plugin/2.4/maven-war-plugin-2.4.pom
[INFO] ------------------------------------------------------------------------
[INFO] BUILD FAILURE
[INFO] ------------------------------------------------------------------------
[INFO] Total time: 0.590s
[INFO] Finished at: Mon May 04 03:35:37 UTC 2020
[INFO] Final Memory: 23M/1963M
[INFO] ------------------------------------------------------------------------
[ERROR] Plugin org.apache.maven.plugins:maven-war-plugin:2.4 or one of its dependencies could not be resolved: Failed to read artifact descriptor for org.apache.maven.plugins:maven-war-plugin:jar:2.4: Could not transfer artifact org.apache.maven.plugins:maven-war-plugin:pom:2.4 from/to central (http://repo.maven.apache.org/maven2): Failed to transfer file: http://repo.maven.apache.org/maven2/org/apache/maven/plugins/maven-war-plugin/2.4/maven-war-plugin-2.4.pom. Return code is: 501 , ReasonPhrase:HTTPS Required. -> [Help 1]
[ERROR] 
[ERROR] To see the full stack trace of the errors, re-run Maven with the -e switch.
[ERROR] Re-run Maven using the -X switch to enable full debug logging.
[ERROR] 
[ERROR] For more information about the errors and possible solutions, please read the following articles:
[ERROR] [Help 1] http://cwiki.apache.org/confluence/display/MAVEN/PluginResolutionException
travis_time:end:2acd925e:start=1588563334971931865,finish=1588563337163899822,duration=2191967957,event=install[0K[31;1mThe command "mvn -Dhttps.protocols=TLSv1.2 -Dhttps.protocols=TLSv1.2 -B -U clean verify org.apache.maven.plugins:maven-war-plugin:2.4:help -Dinvoker.skip=true -Dmaven.main.skip=true -Dmaven.plugin.skip=true -Dmaven.test.skip=true -PenableCoverage,travis" failed and exited with 1 during .[0m

Your build has been stopped.
