travis_time:start:0812c3f6[0Ktravis_time:end:0812c3f6:start=1646473921158897338,finish=1646473921329960534,duration=171063196,event=no_world_writable_dirs[0Ktravis_time:start:03ec816c[0Ktravis_time:end:03ec816c:start=1646473921337611249,finish=1646473921342418687,duration=4807438,event=check_unsupported[0Ktravis_time:start:05e65603[0Ktravis_fold:start:system_info[0K[33;1mBuild system information[0m
Build language: java
Build group: stable
Build dist: precise
Build id: ''
Job id: ''
Runtime kernel version: 4.15.0-109-generic
[34m[1mBuild image provisioning date and time[0m
Thu Feb  5 15:09:33 UTC 2015
[34m[1mOperating System Details[0m
Distributor ID:	Ubuntu
Description:	Ubuntu 12.04.5 LTS
Release:	12.04
Codename:	precise
[34m[1mLinux Version[0m
3.13.0-29-generic
[34m[1mCookbooks Version[0m
a68419e https://github.com/travis-ci/travis-cookbooks/tree/a68419e
[34m[1mGCC version[0m
gcc (Ubuntu/Linaro 4.6.3-1ubuntu5) 4.6.3
Copyright (C) 2011 Free Software Foundation, Inc.
This is free software; see the source for copying conditions.  There is NO
warranty; not even for MERCHANTABILITY or FITNESS FOR A PARTICULAR PURPOSE.

[34m[1mLLVM version[0m
clang version 3.4 (tags/RELEASE_34/final)
Target: x86_64-unknown-linux-gnu
Thread model: posix
[34m[1mPre-installed Ruby versions[0m
ruby-1.9.3-p551
[34m[1mPre-installed Node.js versions[0m
v0.10.36
[34m[1mPre-installed Go versions[0m
1.4.1
[34m[1mRedis version[0m
redis-server 2.8.19
[34m[1mriak version[0m
2.0.2
[34m[1mMongoDB version[0m
MongoDB 2.4.12
[34m[1mCouchDB version[0m
couchdb 1.6.1
[34m[1mNeo4j version[0m
1.9.4
[34m[1mRabbitMQ Version[0m
3.4.3
[34m[1mElasticSearch version[0m
1.4.0
[34m[1mInstalled Sphinx versions[0m
2.0.10
2.1.9
2.2.6
[34m[1mDefault Sphinx version[0m
2.2.6
[34m[1mInstalled Firefox version[0m
firefox 31.0esr
[34m[1mPhantomJS version[0m
1.9.8
[34m[1mant -version[0m
Apache Ant(TM) version 1.8.2 compiled on December 3 2011
[34m[1mmvn -version[0m
Apache Maven 3.2.5 (12a6b3acb947671f09b81f49094c53f426d8cea1; 2014-12-14T17:29:23+00:00)
Maven home: /usr/local/maven
Java version: 1.7.0_76, vendor: Oracle Corporation
Java home: /usr/lib/jvm/java-7-oracle/jre
Default locale: en_US, platform encoding: ANSI_X3.4-1968
OS name: "linux", version: "3.13.0-29-generic", arch: "amd64", family: "unix"
travis_fold:end:system_info[0K
travis_time:end:05e65603:start=1646473921348833135,finish=1646473921358540770,duration=9707635,event=show_system_info[0Ktravis_time:start:037c63a8[0Ktravis_time:end:037c63a8:start=1646473921364879525,finish=1646473921383193107,duration=18313582,event=rm_riak_source[0Ktravis_time:start:13e342d0[0Ktravis_time:end:13e342d0:start=1646473921389215832,finish=1646473921400371013,duration=11155181,event=fix_rwky_redis[0Ktravis_time:start:0855b9e8[0K[31;1mTimeout waiting for network availability.[0m
travis_time:end:0855b9e8:start=1646473921406502998,finish=1646473942184416293,duration=20777913295,event=wait_for_network[0Ktravis_time:start:335623b9[0Ktravis_time:end:335623b9:start=1646473942192150256,finish=1646474032564655423,duration=90372505167,event=update_apt_keys[0Ktravis_time:start:04458647[0Ktravis_time:end:04458647:start=1646474032572572387,finish=1646474032656111087,duration=83538700,event=fix_hhvm_source[0Ktravis_time:start:0dfac49f[0Ktravis_time:end:0dfac49f:start=1646474032664011821,finish=1646474032671151686,duration=7139865,event=update_mongo_arch[0Ktravis_time:start:049f7315[0Ktravis_time:end:049f7315:start=1646474032679196330,finish=1646474032727960703,duration=48764373,event=fix_sudo_enabled_trusty[0Ktravis_time:start:01e5695e[0Ktravis_time:end:01e5695e:start=1646474032735180098,finish=1646474032753846141,duration=18666043,event=clean_up_path[0Ktravis_time:start:0f781a7c[0Ktravis_time:end:0f781a7c:start=1646474032761219870,finish=1646474032778720439,duration=17500569,event=fix_resolv_conf[0Ktravis_time:start:04f9318e[0Ktravis_time:end:04f9318e:start=1646474032786559371,finish=1646474032807221173,duration=20661802,event=fix_etc_hosts[0Ktravis_time:start:141b5ba4[0Ktravis_time:end:141b5ba4:start=1646474032815041459,finish=1646474032834888476,duration=19847017,event=fix_mvn_settings_xml[0Ktravis_time:start:054cbc70[0Ktravis_time:end:054cbc70:start=1646474032842258391,finish=1646474032877596739,duration=35338348,event=no_ipv6_localhost[0Ktravis_time:start:1240337a[0Ktravis_time:end:1240337a:start=1646474032885304368,finish=1646474032957415345,duration=72110977,event=fix_etc_mavenrc[0Ktravis_time:start:05661eb5[0Ktravis_time:end:05661eb5:start=1646474032964567800,finish=1646474032971460446,duration=6892646,event=fix_wwdr_certificate[0Ktravis_time:start:0ad26986[0Ktravis_time:end:0ad26986:start=1646474032977865641,finish=1646474033026872929,duration=49007288,event=put_localhost_first[0Ktravis_time:start:125cfc94[0Ktravis_time:end:125cfc94:start=1646474033034555912,finish=1646474033041075922,duration=6520010,event=home_paths[0Ktravis_time:start:10fa57a2[0Ktravis_time:end:10fa57a2:start=1646474033048747079,finish=1646474033081450688,duration=32703609,event=disable_initramfs[0Ktravis_time:start:08b87e80[0Ktravis_time:end:08b87e80:start=1646474033088882027,finish=1646474033170360960,duration=81478933,event=disable_ssh_roaming[0Ktravis_time:start:34118bd4[0Ktravis_time:end:34118bd4:start=1646474033178351370,finish=1646474033184121072,duration=5769702,event=debug_tools[0Ktravis_time:start:03fade71[0Ktravis_time:end:03fade71:start=1646474033191776823,finish=1646474033199098095,duration=7321272,event=uninstall_oclint[0Ktravis_time:start:0fc28500[0Ktravis_time:end:0fc28500:start=1646474033206349000,finish=1646474033213946836,duration=7597836,event=rvm_use[0Ktravis_time:start:23479c17[0Ktravis_time:end:23479c17:start=1646474033221275312,finish=1646474033238482102,duration=17206790,event=rm_etc_boto_cfg[0Ktravis_time:start:1327b080[0Ktravis_time:end:1327b080:start=1646474033246081808,finish=1646474033251850838,duration=5769030,event=rm_oraclejdk8_symlink[0Ktravis_time:start:0a3ec1ba[0Ktravis_time:end:0a3ec1ba:start=1646474033259349882,finish=1646474033308119942,duration=48770060,event=enable_i386[0Ktravis_time:start:1303f689[0Ktravis_time:end:1303f689:start=1646474033315847564,finish=1646474033339479699,duration=23632135,event=update_rubygems[0Ktravis_time:start:14d9cd1b[0Ktravis_time:end:14d9cd1b:start=1646474033347010409,finish=1646474033358045442,duration=11035033,event=ensure_path_components[0Ktravis_time:start:00d3dd26[0Ktravis_time:end:00d3dd26:start=1646474033365690184,finish=1646474033371605365,duration=5915181,event=redefine_curl[0Ktravis_time:start:324cd572[0Ktravis_time:end:324cd572:start=1646474033379572789,finish=1646474033385254945,duration=5682156,event=nonblock_pipe[0Ktravis_time:start:0d542240[0Ktravis_time:end:0d542240:start=1646474033393376926,finish=1646474036274252805,duration=2880875879,event=apt_get_update[0Ktravis_time:start:06ffce97[0Ktravis_time:end:06ffce97:start=1646474036279548316,finish=1646474036283820213,duration=4271897,event=deprecate_xcode_64[0Ktravis_time:start:21bc1830[0Ktravis_time:end:21bc1830:start=1646474036289730796,finish=1646474036296999570,duration=7268774,event=update_heroku[0Ktravis_time:start:275d1be8[0Ktravis_time:end:275d1be8:start=1646474036303145685,finish=1646474036308093991,duration=4948306,event=shell_session_update[0Ktravis_time:start:06fe2e72[0Ktravis_fold:start:docker_mtu[0Ktee: /etc/docker/daemon.json: No such file or directory
docker: unrecognized service
travis_fold:end:docker_mtu[0Ktravis_time:end:06fe2e72:start=1646474036314436324,finish=1646474036350756636,duration=36320312,event=set_docker_mtu[0Ktravis_time:start:0d07f6da[0Ktravis_time:end:0d07f6da:start=1646474036356809730,finish=1646474036373371781,duration=16562051,event=resolvconf[0K
travis_fold:start:install_jdk[0K[33;1mInstalling oraclejdk8[0m
$ jdk_switcher use "oraclejdk8"
Switching to Oracle JDK8 (java-8-oracle), JAVA_HOME will be set to /usr/lib/jvm/java-8-oracle
travis_fold:end:install_jdk[0Ktravis_time:start:00cde580[0Ktravis_time:end:00cde580:start=1646474036395423701,finish=1646474036399924110,duration=4500409,event=fix_ps4[0Ktravis_time:start:056db2d9[0K
$ cd failed/eclipse/golo-lang

travis_time:end:056db2d9:start=1646474036406465544,finish=1646474036412199094,duration=5733550,event=checkout[0Ktravis_time:start:083606b2[0Ktravis_time:end:083606b2:start=1646474036417772399,finish=1646474036582010706,duration=164238307,event=env[0K$ export TERM=dumb
$ java -Xmx32m -version
java version "1.8.0_31"
Java(TM) SE Runtime Environment (build 1.8.0_31-b13)
Java HotSpot(TM) 64-Bit Server VM (build 25.31-b07, mixed mode)
$ javac -J-Xmx32m -version
javac 1.8.0_31
travis_fold:start:install[0Ktravis_time:start:1a42fbe8[0K$ ./gradlew assemble
[versioning] WARNING - the working copy has unstaged or uncommitted changes.
:asciidoctor UP-TO-DATE
:compileJjtree UP-TO-DATE
:compileJavacc UP-TO-DATE
:compileJava UP-TO-DATE
:processResources UP-TO-DATE
:goloc UP-TO-DATE
:classes UP-TO-DATE
:golodoc UP-TO-DATE
:jar UP-TO-DATE
:vanillaScripts UP-TO-DATE
:startScripts UP-TO-DATE
:distTar UP-TO-DATE
:distZip UP-TO-DATE
:assemble UP-TO-DATE

BUILD SUCCESSFUL

Total time: 9.838 secs
travis_time:end:1a42fbe8:start=1646474037697030092,finish=1646474053264956641,duration=15567926549,event=install[0Ktravis_fold:end:install[0Ktravis_time:start:0102dd88[0K$ ./gradlew check
[versioning] WARNING - the working copy has unstaged or uncommitted changes.
:compileJjtree UP-TO-DATE
:compileJavacc UP-TO-DATE
:compileJava UP-TO-DATE
:processResources UP-TO-DATE
:goloc UP-TO-DATE
:classes UP-TO-DATE
:findbugsMain UP-TO-DATE
:compileTestJava UP-TO-DATE
:processTestResources UP-TO-DATE
:testClasses UP-TO-DATE
:test

Gradle suite > Gradle test > gololang.StandardAugmentationsTest.number_repeaters FAILED
    java.lang.reflect.InvocationTargetException at StandardAugmentationsTest.java:495
        Caused by: java.lang.NullPointerException at StandardAugmentationsTest.java:495

628 tests completed, 1 failed
:test FAILED

FAILURE: Build failed with an exception.

* What went wrong:
Execution failed for task ':test'.
> There were failing tests. See the report at: file:///home/travis/build/failed/eclipse/golo-lang/build/reports/tests/index.html

* Try:
Run with --stacktrace option to get the stack trace. Run with --info or --debug option to get more log output.

BUILD FAILED

Total time: 20.813 secs
travis_time:end:0102dd88:start=1646474053273031386,finish=1646474074569374130,duration=21296342744,event=[0K[31;1mThe command "./gradlew check" exited with 1.[0m


Done. Your build exited with 1.
