travis_fold:start:system_info[0K[33;1mBuild system information[0m
Build language: java
Build id: ''
Job id: ''
[34m[1mBuild image provisioning date and time[0m
Thu Feb  5 15:09:33 UTC 2015
[34m[1mOperating System Details[0m
Distributor ID:	Ubuntu
Description:	Ubuntu 12.04.5 LTS
Release:	12.04
Codename:	precise
[34m[1mLinux Version[0m
3.13.0-29-generic
[34m[1mCookbooks Version[0m
a68419e https://github.com/travis-ci/travis-cookbooks/tree/a68419e
[34m[1mGCC version[0m
gcc (Ubuntu/Linaro 4.6.3-1ubuntu5) 4.6.3
Copyright (C) 2011 Free Software Foundation, Inc.
This is free software; see the source for copying conditions.  There is NO
warranty; not even for MERCHANTABILITY or FITNESS FOR A PARTICULAR PURPOSE.

[34m[1mLLVM version[0m
clang version 3.4 (tags/RELEASE_34/final)
Target: x86_64-unknown-linux-gnu
Thread model: posix
[34m[1mPre-installed Ruby versions[0m
ruby-1.9.3-p551
[34m[1mPre-installed Node.js versions[0m
v0.10.36
[34m[1mPre-installed Go versions[0m
1.4.1
[34m[1mRedis version[0m
redis-server 2.8.19
[34m[1mriak version[0m
2.0.2
[34m[1mMongoDB version[0m
MongoDB 2.4.12
[34m[1mCouchDB version[0m
couchdb 1.6.1
[34m[1mNeo4j version[0m
1.9.4
[34m[1mRabbitMQ Version[0m
3.4.3
[34m[1mElasticSearch version[0m
1.4.0
[34m[1mInstalled Sphinx versions[0m
2.0.10
2.1.9
2.2.6
[34m[1mDefault Sphinx version[0m
2.2.6
[34m[1mInstalled Firefox version[0m
firefox 31.0esr
[34m[1mPhantomJS version[0m
1.9.8
[34m[1mant -version[0m
Apache Ant(TM) version 1.8.2 compiled on December 3 2011
[34m[1mmvn -version[0m
Apache Maven 3.2.5 (12a6b3acb947671f09b81f49094c53f426d8cea1; 2014-12-14T17:29:23+00:00)
Maven home: /usr/local/maven
Java version: 1.7.0_76, vendor: Oracle Corporation
Java home: /usr/lib/jvm/java-7-oracle/jre
Default locale: en_US, platform encoding: ANSI_X3.4-1968
OS name: "linux", version: "3.13.0-29-generic", arch: "amd64", family: "unix"
travis_fold:end:system_info[0K
W: Failed to fetch http://us.archive.ubuntu.com/ubuntu/dists/precise/main/source/Sources  404  Not Found [IP: 91.189.91.39 80]

W: Failed to fetch http://us.archive.ubuntu.com/ubuntu/dists/precise/restricted/source/Sources  404  Not Found [IP: 91.189.91.39 80]

W: Failed to fetch http://us.archive.ubuntu.com/ubuntu/dists/precise/universe/source/Sources  404  Not Found [IP: 91.189.91.39 80]

W: Failed to fetch http://us.archive.ubuntu.com/ubuntu/dists/precise/multiverse/source/Sources  404  Not Found [IP: 91.189.91.39 80]

W: Failed to fetch http://us.archive.ubuntu.com/ubuntu/dists/precise/main/binary-amd64/Packages  404  Not Found [IP: 91.189.91.39 80]

W: Failed to fetch http://us.archive.ubuntu.com/ubuntu/dists/precise/restricted/binary-amd64/Packages  404  Not Found [IP: 91.189.91.39 80]

W: Failed to fetch http://us.archive.ubuntu.com/ubuntu/dists/precise/universe/binary-amd64/Packages  404  Not Found [IP: 91.189.91.39 80]

W: Failed to fetch http://us.archive.ubuntu.com/ubuntu/dists/precise/multiverse/binary-amd64/Packages  404  Not Found [IP: 91.189.91.39 80]

W: Failed to fetch http://us.archive.ubuntu.com/ubuntu/dists/precise/main/binary-i386/Packages  404  Not Found [IP: 91.189.91.39 80]

W: Failed to fetch http://us.archive.ubuntu.com/ubuntu/dists/precise/restricted/binary-i386/Packages  404  Not Found [IP: 91.189.91.39 80]

W: Failed to fetch http://us.archive.ubuntu.com/ubuntu/dists/precise/universe/binary-i386/Packages  404  Not Found [IP: 91.189.91.39 80]

W: Failed to fetch http://us.archive.ubuntu.com/ubuntu/dists/precise/multiverse/binary-i386/Packages  404  Not Found [IP: 91.189.91.39 80]

W: Failed to fetch http://us.archive.ubuntu.com/ubuntu/dists/precise-updates/main/source/Sources  404  Not Found [IP: 91.189.91.39 80]

W: Failed to fetch http://us.archive.ubuntu.com/ubuntu/dists/precise-updates/restricted/source/Sources  404  Not Found [IP: 91.189.91.39 80]

W: Failed to fetch http://us.archive.ubuntu.com/ubuntu/dists/precise-updates/universe/source/Sources  404  Not Found [IP: 91.189.91.39 80]

W: Failed to fetch http://us.archive.ubuntu.com/ubuntu/dists/precise-updates/multiverse/source/Sources  404  Not Found [IP: 91.189.91.39 80]

W: Failed to fetch http://us.archive.ubuntu.com/ubuntu/dists/precise-updates/main/binary-amd64/Packages  404  Not Found [IP: 91.189.91.39 80]

W: Failed to fetch http://us.archive.ubuntu.com/ubuntu/dists/precise-updates/restricted/binary-amd64/Packages  404  Not Found [IP: 91.189.91.39 80]

W: Failed to fetch http://us.archive.ubuntu.com/ubuntu/dists/precise-updates/universe/binary-amd64/Packages  404  Not Found [IP: 91.189.91.39 80]

W: Failed to fetch http://us.archive.ubuntu.com/ubuntu/dists/precise-updates/multiverse/binary-amd64/Packages  404  Not Found [IP: 91.189.91.39 80]

W: Failed to fetch http://us.archive.ubuntu.com/ubuntu/dists/precise-updates/main/binary-i386/Packages  404  Not Found [IP: 91.189.91.39 80]

W: Failed to fetch http://us.archive.ubuntu.com/ubuntu/dists/precise-updates/restricted/binary-i386/Packages  404  Not Found [IP: 91.189.91.39 80]

W: Failed to fetch http://us.archive.ubuntu.com/ubuntu/dists/precise-updates/universe/binary-i386/Packages  404  Not Found [IP: 91.189.91.39 80]

W: Failed to fetch http://us.archive.ubuntu.com/ubuntu/dists/precise-updates/multiverse/binary-i386/Packages  404  Not Found [IP: 91.189.91.39 80]

W: Failed to fetch http://us.archive.ubuntu.com/ubuntu/dists/precise-backports/main/source/Sources  404  Not Found [IP: 91.189.91.39 80]

W: Failed to fetch http://us.archive.ubuntu.com/ubuntu/dists/precise-backports/restricted/source/Sources  404  Not Found [IP: 91.189.91.39 80]

W: Failed to fetch http://us.archive.ubuntu.com/ubuntu/dists/precise-backports/universe/source/Sources  404  Not Found [IP: 91.189.91.39 80]

W: Failed to fetch http://us.archive.ubuntu.com/ubuntu/dists/precise-backports/multiverse/source/Sources  404  Not Found [IP: 91.189.91.39 80]

W: Failed to fetch http://us.archive.ubuntu.com/ubuntu/dists/precise-backports/main/binary-amd64/Packages  404  Not Found [IP: 91.189.91.39 80]

W: Failed to fetch http://us.archive.ubuntu.com/ubuntu/dists/precise-backports/restricted/binary-amd64/Packages  404  Not Found [IP: 91.189.91.39 80]

W: Failed to fetch http://us.archive.ubuntu.com/ubuntu/dists/precise-backports/universe/binary-amd64/Packages  404  Not Found [IP: 91.189.91.39 80]

W: Failed to fetch http://us.archive.ubuntu.com/ubuntu/dists/precise-backports/multiverse/binary-amd64/Packages  404  Not Found [IP: 91.189.91.39 80]

W: Failed to fetch http://us.archive.ubuntu.com/ubuntu/dists/precise-backports/main/binary-i386/Packages  404  Not Found [IP: 91.189.91.39 80]

W: Failed to fetch http://us.archive.ubuntu.com/ubuntu/dists/precise-backports/restricted/binary-i386/Packages  404  Not Found [IP: 91.189.91.39 80]

W: Failed to fetch http://us.archive.ubuntu.com/ubuntu/dists/precise-backports/universe/binary-i386/Packages  404  Not Found [IP: 91.189.91.39 80]

W: Failed to fetch http://us.archive.ubuntu.com/ubuntu/dists/precise-backports/multiverse/binary-i386/Packages  404  Not Found [IP: 91.189.91.39 80]

W: Failed to fetch http://apt.postgresql.org/pub/repos/apt/dists/precise-pgdg/main/binary-amd64/Packages  404  Not Found [IP: 87.238.57.227 80]

W: Failed to fetch http://apt.postgresql.org/pub/repos/apt/dists/precise-pgdg/main/binary-i386/Packages  404  Not Found [IP: 87.238.57.227 80]

W: Failed to fetch http://security.ubuntu.com/ubuntu/dists/precise-security/main/source/Sources  404  Not Found [IP: 91.189.88.142 80]

W: Failed to fetch http://security.ubuntu.com/ubuntu/dists/precise-security/restricted/source/Sources  404  Not Found [IP: 91.189.88.142 80]

W: Failed to fetch http://security.ubuntu.com/ubuntu/dists/precise-security/universe/source/Sources  404  Not Found [IP: 91.189.88.142 80]

W: Failed to fetch http://security.ubuntu.com/ubuntu/dists/precise-security/multiverse/source/Sources  404  Not Found [IP: 91.189.88.142 80]

W: Failed to fetch http://security.ubuntu.com/ubuntu/dists/precise-security/main/binary-amd64/Packages  404  Not Found [IP: 91.189.88.142 80]

W: Failed to fetch http://security.ubuntu.com/ubuntu/dists/precise-security/restricted/binary-amd64/Packages  404  Not Found [IP: 91.189.88.142 80]

W: Failed to fetch http://security.ubuntu.com/ubuntu/dists/precise-security/universe/binary-amd64/Packages  404  Not Found [IP: 91.189.88.142 80]

W: Failed to fetch http://security.ubuntu.com/ubuntu/dists/precise-security/multiverse/binary-amd64/Packages  404  Not Found [IP: 91.189.88.142 80]

W: Failed to fetch http://security.ubuntu.com/ubuntu/dists/precise-security/main/binary-i386/Packages  404  Not Found [IP: 91.189.88.142 80]

W: Failed to fetch http://security.ubuntu.com/ubuntu/dists/precise-security/restricted/binary-i386/Packages  404  Not Found [IP: 91.189.88.142 80]

W: Failed to fetch http://security.ubuntu.com/ubuntu/dists/precise-security/universe/binary-i386/Packages  404  Not Found [IP: 91.189.88.142 80]

W: Failed to fetch http://security.ubuntu.com/ubuntu/dists/precise-security/multiverse/binary-i386/Packages  404  Not Found [IP: 91.189.88.142 80]

W: Failed to fetch http://ppa.launchpad.net/rwky/ppa/ubuntu/dists/precise/main/binary-amd64/Packages  403  Forbidden

W: Failed to fetch http://ppa.launchpad.net/rwky/ppa/ubuntu/dists/precise/main/binary-i386/Packages  403  Forbidden

W: Failed to fetch http://ppa.launchpad.net/travis-ci/zero-mq/ubuntu/dists/precise/main/binary-amd64/Packages  403  Forbidden

W: Failed to fetch http://ppa.launchpad.net/travis-ci/zero-mq/ubuntu/dists/precise/main/binary-i386/Packages  403  Forbidden

W: Failed to fetch http://downloads-distro.mongodb.org/repo/debian-sysvinit/dists/dist/10gen/binary-amd64/Packages  Undetermined Error [IP: 52.21.89.200 80]

W: Failed to fetch http://downloads-distro.mongodb.org/repo/debian-sysvinit/dists/dist/10gen/binary-i386/Packages  Undetermined Error [IP: 52.21.89.200 80]

E: Some index files failed to download. They have been ignored, or old ones used instead.
sed: cannot rename /etc/hosts: Device or resource busy
sed: cannot rename /etc/hosts: Device or resource busy
$ jdk_switcher use oraclejdk8
Switching to Oracle JDK8 (java-8-oracle), JAVA_HOME will be set to /usr/lib/jvm/java-8-oracle
$ cd failed/square/okhttp
travis_fold:start:git.submodule[0Ktravis_time:start:1c913b14[0K$ git submodule update --init --recursive

travis_time:end:1c913b14:start=1646604185783727190,finish=1646604189072753766,duration=3289026576[0Ktravis_fold:end:git.submodule[0K
[33;1mSetting environment variables from .travis.yml[0m
$ export CI_DEPLOY_USERNAME=[secure]
$ export CI_DEPLOY_PASSWORD=[secure]

travis_fold:start:cache.1[0KSetting up build cache
$ export CASHER_DIR=$HOME/.casher
travis_time:start:252abb34[0K
travis_time:end:252abb34:start=1646604196839630823,finish=1646604196848723318,duration=9092495[0Ktravis_time:start:0e3a86e3[0K/home/travis/.casher/bin/casher:213:in `cache_archive_name': undefined method `[]' for nil:NilClass (NoMethodError)
	from /home/travis/.casher/bin/casher:65:in `block in fetch'
	from /home/travis/.casher/bin/casher:64:in `each'
	from /home/travis/.casher/bin/casher:64:in `fetch'
	from /home/travis/.casher/bin/casher:53:in `block in run'
	from /home/travis/.rvm/rubies/ruby-1.9.3-p551/lib/ruby/1.9.1/timeout.rb:69:in `timeout'
	from /home/travis/.casher/bin/casher:53:in `run'
	from /home/travis/.casher/bin/casher:263:in `<main>'
[32;1mattempting to download cache archive[0m

travis_time:end:0e3a86e3:start=1646604196857604335,finish=1646604197637310390,duration=779706055[0Ktravis_time:start:20310020[0K
travis_time:end:20310020:start=1646604197646889261,finish=1646604197655024951,duration=8135690[0Ktravis_time:start:151fb776[0K[32;1madding /home/travis/.m2 to cache[0m

travis_time:end:151fb776:start=1646604197664854518,finish=1646604199069535909,duration=1404681391[0Ktravis_fold:end:cache.1[0K$ java -Xmx32m -version
java version "1.8.0_31"
Java(TM) SE Runtime Environment (build 1.8.0_31-b13)
Java HotSpot(TM) 64-Bit Server VM (build 25.31-b07, mixed mode)
$ javac -J-Xmx32m -version
javac 1.8.0_31
travis_fold:start:install[0Ktravis_time:start:1599af24[0K$ mvn -o install -Dhttps.protocols=TLSv1.2 -DskipTests=true -Dmaven.javadoc.skip=true -B -V
Java HotSpot(TM) 64-Bit Server VM warning: ignoring option MaxPermSize=192m; support was removed in 8.0
Apache Maven 3.2.5 (12a6b3acb947671f09b81f49094c53f426d8cea1; 2014-12-14T17:29:23+00:00)
Maven home: /usr/local/maven
Java version: 1.8.0_31, vendor: Oracle Corporation
Java home: /usr/lib/jvm/java-8-oracle/jre
Default locale: en_US, platform encoding: UTF-8
OS name: "linux", version: "4.15.0-109-generic", arch: "amd64", family: "unix"
[INFO] Scanning for projects...
[WARNING] 
[WARNING] Some problems were encountered while building the effective model for com.squareup.okhttp:okhttp-tests:jar:2.5.0-SNAPSHOT
[WARNING] 'build.plugins.plugin.version' for org.apache.maven.plugins:maven-deploy-plugin is missing. @ com.squareup.okhttp:okhttp-tests:[unknown-version], /home/travis/build/failed/square/okhttp/okhttp-tests/pom.xml, line 58, column 15
[WARNING] 
[WARNING] Some problems were encountered while building the effective model for com.squareup.okhttp:okhttp-ws-tests:jar:2.5.0-SNAPSHOT
[WARNING] 'build.plugins.plugin.version' for org.apache.maven.plugins:maven-deploy-plugin is missing. @ com.squareup.okhttp:okhttp-ws-tests:[unknown-version], /home/travis/build/failed/square/okhttp/okhttp-ws-tests/pom.xml, line 44, column 15
[WARNING] 
[WARNING] Some problems were encountered while building the effective model for com.squareup.okhttp:benchmarks:jar:2.5.0-SNAPSHOT
[WARNING] 'build.plugins.plugin.version' for org.codehaus.mojo:exec-maven-plugin is missing. @ com.squareup.okhttp:benchmarks:[unknown-version], /home/travis/build/failed/square/okhttp/benchmarks/pom.xml, line 74, column 15
[WARNING] 
[WARNING] It is highly recommended to fix these problems because they threaten the stability of your build.
[WARNING] 
[WARNING] For this reason, future Maven versions might no longer support building such malformed projects.
[WARNING] 
[INFO] ------------------------------------------------------------------------
[INFO] Reactor Build Order:
[INFO] 
[INFO] OkHttp (Parent)
[INFO] OkHttp
[INFO] OkHttp test support classes
[INFO] OkHttp Web Sockets
[INFO] MockWebServer
[INFO] OkHttp URLConnection
[INFO] OkHttp Tests
[INFO] OkHttp Android Platform Support
[INFO] OkHttp Apache HttpClient
[INFO] OkHttp Web Socket Tests
[INFO] OkCurl
[INFO] Samples (Parent)
[INFO] Sample: Guide
[INFO] Sample: Crawler
[INFO] Sample: Simple Client
[INFO] Sample: Static Server
[INFO] Benchmarks
[INFO]                                                                         
[INFO] ------------------------------------------------------------------------
[INFO] Building OkHttp (Parent) 2.5.0-SNAPSHOT
[INFO] ------------------------------------------------------------------------
[INFO] 
[INFO] --- maven-enforcer-plugin:1.0:enforce (enforce-maven) @ parent ---
[INFO] 
[INFO] --- animal-sniffer-maven-plugin:1.11:check (default) @ parent ---
[INFO] Checking unresolved references to org.codehaus.mojo.signature:java16:1.1
[INFO] 
[INFO] --- maven-checkstyle-plugin:2.10:checkstyle (default) @ parent ---
[INFO] 
[INFO] --- maven-install-plugin:2.4:install (default-install) @ parent ---
[INFO] Installing /home/travis/build/failed/square/okhttp/pom.xml to /home/travis/.m2/repository/com/squareup/okhttp/parent/2.5.0-SNAPSHOT/parent-2.5.0-SNAPSHOT.pom
[INFO]                                                                         
[INFO] ------------------------------------------------------------------------
[INFO] Building OkHttp 2.5.0-SNAPSHOT
[INFO] ------------------------------------------------------------------------
[INFO] 
[INFO] --- maven-enforcer-plugin:1.0:enforce (enforce-maven) @ okhttp ---
[INFO] 
[INFO] --- templating-maven-plugin:1.0-alpha-3:filter-sources (default) @ okhttp ---
[INFO] Using 'UTF-8' encoding to copy filtered resources.
[INFO] Copying 1 resource
[INFO] Source directory: /home/travis/build/failed/square/okhttp/okhttp/target/generated-sources/java-templates added.
[INFO] 
[INFO] --- maven-resources-plugin:2.6:resources (default-resources) @ okhttp ---
[INFO] Using 'UTF-8' encoding to copy filtered resources.
[INFO] skip non existing resourceDirectory /home/travis/build/failed/square/okhttp/okhttp/src/main/resources
[INFO] 
[INFO] --- maven-compiler-plugin:3.0:compile (default-compile) @ okhttp ---
[INFO] Changes detected - recompiling the module!
[INFO] Compiling 81 source files to /home/travis/build/failed/square/okhttp/okhttp/target/classes
[WARNING] /home/travis/build/failed/square/okhttp/okhttp/src/main/java/com/squareup/okhttp/internal/Util.java: Some input files use unchecked or unsafe operations.
[WARNING] /home/travis/build/failed/square/okhttp/okhttp/src/main/java/com/squareup/okhttp/internal/Util.java: Recompile with -Xlint:unchecked for details.
[INFO] 
[INFO] --- maven-resources-plugin:2.6:testResources (default-testResources) @ okhttp ---
[INFO] Using 'UTF-8' encoding to copy filtered resources.
[INFO] skip non existing resourceDirectory /home/travis/build/failed/square/okhttp/okhttp/src/test/resources
[INFO] 
[INFO] --- maven-compiler-plugin:3.0:testCompile (default-testCompile) @ okhttp ---
[INFO] No sources to compile
[INFO] 
[INFO] --- maven-surefire-plugin:2.17:test (default-test) @ okhttp ---
[INFO] Tests are skipped.
[INFO] 
[INFO] --- animal-sniffer-maven-plugin:1.11:check (default) @ okhttp ---
[INFO] Checking unresolved references to org.codehaus.mojo.signature:java16:1.1
[INFO] 
[INFO] --- maven-jar-plugin:2.4:jar (default-jar) @ okhttp ---
[INFO] Building jar: /home/travis/build/failed/square/okhttp/okhttp/target/okhttp-2.5.0-SNAPSHOT.jar
[INFO] 
[INFO] --- maven-checkstyle-plugin:2.10:checkstyle (default) @ okhttp ---
[INFO] Starting audit...
Audit done.

[WARNING] Unable to locate Source XRef to link to - DISABLED
[INFO] 
[INFO] --- maven-install-plugin:2.4:install (default-install) @ okhttp ---
[INFO] Installing /home/travis/build/failed/square/okhttp/okhttp/target/okhttp-2.5.0-SNAPSHOT.jar to /home/travis/.m2/repository/com/squareup/okhttp/okhttp/2.5.0-SNAPSHOT/okhttp-2.5.0-SNAPSHOT.jar
[INFO] Installing /home/travis/build/failed/square/okhttp/okhttp/pom.xml to /home/travis/.m2/repository/com/squareup/okhttp/okhttp/2.5.0-SNAPSHOT/okhttp-2.5.0-SNAPSHOT.pom
[INFO]                                                                         
[INFO] ------------------------------------------------------------------------
[INFO] Building OkHttp test support classes 2.5.0-SNAPSHOT
[INFO] ------------------------------------------------------------------------
[INFO] 
[INFO] --- maven-enforcer-plugin:1.0:enforce (enforce-maven) @ okhttp-testing-support ---
[INFO] 
[INFO] --- maven-resources-plugin:2.6:resources (default-resources) @ okhttp-testing-support ---
[INFO] Using 'UTF-8' encoding to copy filtered resources.
[INFO] skip non existing resourceDirectory /home/travis/build/failed/square/okhttp/okhttp-testing-support/src/main/resources
[INFO] 
[INFO] --- maven-compiler-plugin:3.0:compile (default-compile) @ okhttp-testing-support ---
[INFO] Nothing to compile - all classes are up to date
[INFO] 
[INFO] --- maven-resources-plugin:2.6:testResources (default-testResources) @ okhttp-testing-support ---
[INFO] Using 'UTF-8' encoding to copy filtered resources.
[INFO] skip non existing resourceDirectory /home/travis/build/failed/square/okhttp/okhttp-testing-support/src/test/resources
[INFO] 
[INFO] --- maven-compiler-plugin:3.0:testCompile (default-testCompile) @ okhttp-testing-support ---
[INFO] No sources to compile
[INFO] 
[INFO] --- maven-surefire-plugin:2.17:test (default-test) @ okhttp-testing-support ---
[INFO] Tests are skipped.
[INFO] 
[INFO] --- animal-sniffer-maven-plugin:1.11:check (default) @ okhttp-testing-support ---
[INFO] Checking unresolved references to org.codehaus.mojo.signature:java16:1.1
[INFO] 
[INFO] --- maven-jar-plugin:2.4:jar (default-jar) @ okhttp-testing-support ---
[INFO] Building jar: /home/travis/build/failed/square/okhttp/okhttp-testing-support/target/okhttp-testing-support-2.5.0-SNAPSHOT.jar
[INFO] 
[INFO] --- maven-checkstyle-plugin:2.10:checkstyle (default) @ okhttp-testing-support ---
[INFO] Starting audit...
Audit done.

[WARNING] Unable to locate Source XRef to link to - DISABLED
[INFO] 
[INFO] --- maven-install-plugin:2.4:install (default-install) @ okhttp-testing-support ---
[INFO] Installing /home/travis/build/failed/square/okhttp/okhttp-testing-support/target/okhttp-testing-support-2.5.0-SNAPSHOT.jar to /home/travis/.m2/repository/com/squareup/okhttp/okhttp-testing-support/2.5.0-SNAPSHOT/okhttp-testing-support-2.5.0-SNAPSHOT.jar
[INFO] Installing /home/travis/build/failed/square/okhttp/okhttp-testing-support/pom.xml to /home/travis/.m2/repository/com/squareup/okhttp/okhttp-testing-support/2.5.0-SNAPSHOT/okhttp-testing-support-2.5.0-SNAPSHOT.pom
[INFO]                                                                         
[INFO] ------------------------------------------------------------------------
[INFO] Building OkHttp Web Sockets 2.5.0-SNAPSHOT
[INFO] ------------------------------------------------------------------------
[INFO] 
[INFO] --- maven-enforcer-plugin:1.0:enforce (enforce-maven) @ okhttp-ws ---
[INFO] 
[INFO] --- maven-resources-plugin:2.6:resources (default-resources) @ okhttp-ws ---
[INFO] Using 'UTF-8' encoding to copy filtered resources.
[INFO] skip non existing resourceDirectory /home/travis/build/failed/square/okhttp/okhttp-ws/src/main/resources
[INFO] 
[INFO] --- maven-compiler-plugin:3.0:compile (default-compile) @ okhttp-ws ---
[INFO] Changes detected - recompiling the module!
[INFO] Compiling 7 source files to /home/travis/build/failed/square/okhttp/okhttp-ws/target/classes
[INFO] 
[INFO] --- maven-resources-plugin:2.6:testResources (default-testResources) @ okhttp-ws ---
[INFO] Using 'UTF-8' encoding to copy filtered resources.
[INFO] skip non existing resourceDirectory /home/travis/build/failed/square/okhttp/okhttp-ws/src/test/resources
[INFO] 
[INFO] --- maven-compiler-plugin:3.0:testCompile (default-testCompile) @ okhttp-ws ---
[INFO] No sources to compile
[INFO] 
[INFO] --- maven-surefire-plugin:2.17:test (default-test) @ okhttp-ws ---
[INFO] Tests are skipped.
[INFO] 
[INFO] --- animal-sniffer-maven-plugin:1.11:check (default) @ okhttp-ws ---
[INFO] Checking unresolved references to org.codehaus.mojo.signature:java16:1.1
[INFO] 
[INFO] --- maven-jar-plugin:2.4:jar (default-jar) @ okhttp-ws ---
[INFO] Building jar: /home/travis/build/failed/square/okhttp/okhttp-ws/target/okhttp-ws-2.5.0-SNAPSHOT.jar
[INFO] 
[INFO] --- maven-checkstyle-plugin:2.10:checkstyle (default) @ okhttp-ws ---
[INFO] Starting audit...
Audit done.

[WARNING] Unable to locate Source XRef to link to - DISABLED
[INFO] 
[INFO] --- maven-install-plugin:2.4:install (default-install) @ okhttp-ws ---
[INFO] Installing /home/travis/build/failed/square/okhttp/okhttp-ws/target/okhttp-ws-2.5.0-SNAPSHOT.jar to /home/travis/.m2/repository/com/squareup/okhttp/okhttp-ws/2.5.0-SNAPSHOT/okhttp-ws-2.5.0-SNAPSHOT.jar
[INFO] Installing /home/travis/build/failed/square/okhttp/okhttp-ws/pom.xml to /home/travis/.m2/repository/com/squareup/okhttp/okhttp-ws/2.5.0-SNAPSHOT/okhttp-ws-2.5.0-SNAPSHOT.pom
[INFO]                                                                         
[INFO] ------------------------------------------------------------------------
[INFO] Building MockWebServer 2.5.0-SNAPSHOT
[INFO] ------------------------------------------------------------------------
[INFO] 
[INFO] --- maven-enforcer-plugin:1.0:enforce (enforce-maven) @ mockwebserver ---
[INFO] 
[INFO] --- maven-resources-plugin:2.6:resources (default-resources) @ mockwebserver ---
[INFO] Using 'UTF-8' encoding to copy filtered resources.
[INFO] skip non existing resourceDirectory /home/travis/build/failed/square/okhttp/mockwebserver/src/main/resources
[INFO] 
[INFO] --- maven-compiler-plugin:3.0:compile (default-compile) @ mockwebserver ---
[INFO] Changes detected - recompiling the module!
[INFO] Compiling 9 source files to /home/travis/build/failed/square/okhttp/mockwebserver/target/classes
[WARNING] /home/travis/build/failed/square/okhttp/mockwebserver/src/main/java/com/squareup/okhttp/internal/SslContextBuilder.java: /home/travis/build/failed/square/okhttp/mockwebserver/src/main/java/com/squareup/okhttp/internal/SslContextBuilder.java uses or overrides a deprecated API.
[WARNING] /home/travis/build/failed/square/okhttp/mockwebserver/src/main/java/com/squareup/okhttp/internal/SslContextBuilder.java: Recompile with -Xlint:deprecation for details.
[INFO] 
[INFO] --- maven-resources-plugin:2.6:testResources (default-testResources) @ mockwebserver ---
[INFO] Using 'UTF-8' encoding to copy filtered resources.
[INFO] skip non existing resourceDirectory /home/travis/build/failed/square/okhttp/mockwebserver/src/test/resources
[INFO] 
[INFO] --- maven-compiler-plugin:3.0:testCompile (default-testCompile) @ mockwebserver ---
[INFO] Changes detected - recompiling the module!
[INFO] Compiling 2 source files to /home/travis/build/failed/square/okhttp/mockwebserver/target/test-classes
[WARNING] /home/travis/build/failed/square/okhttp/mockwebserver/src/test/java/com/squareup/okhttp/mockwebserver/CustomDispatcherTest.java: Some input files use or override a deprecated API.
[WARNING] /home/travis/build/failed/square/okhttp/mockwebserver/src/test/java/com/squareup/okhttp/mockwebserver/CustomDispatcherTest.java: Recompile with -Xlint:deprecation for details.
[INFO] 
[INFO] --- maven-surefire-plugin:2.17:test (default-test) @ mockwebserver ---
[INFO] Tests are skipped.
[INFO] 
[INFO] --- animal-sniffer-maven-plugin:1.11:check (default) @ mockwebserver ---
[INFO] Checking unresolved references to org.codehaus.mojo.signature:java16:1.1
[INFO] 
[INFO] --- maven-jar-plugin:2.4:jar (default-jar) @ mockwebserver ---
[INFO] Building jar: /home/travis/build/failed/square/okhttp/mockwebserver/target/mockwebserver-2.5.0-SNAPSHOT.jar
[INFO] 
[INFO] --- maven-assembly-plugin:2.2-beta-5:single (default) @ mockwebserver ---
[INFO] META-INF/ already added, skipping
[INFO] META-INF/MANIFEST.MF already added, skipping
[INFO] META-INF/maven/ already added, skipping
[INFO] META-INF/ already added, skipping
[INFO] META-INF/MANIFEST.MF already added, skipping
[INFO] com/ already added, skipping
[INFO] com/squareup/ already added, skipping
[INFO] com/squareup/okhttp/ already added, skipping
[INFO] com/squareup/okhttp/internal/ already added, skipping
[INFO] META-INF/maven/ already added, skipping
[INFO] META-INF/maven/com.squareup.okhttp/ already added, skipping
[INFO] META-INF/MANIFEST.MF already added, skipping
[INFO] META-INF/ already added, skipping
[INFO] META-INF/MANIFEST.MF already added, skipping
[INFO] org/ already added, skipping
[INFO] META-INF/ already added, skipping
[INFO] META-INF/MANIFEST.MF already added, skipping
[INFO] org/ already added, skipping
[INFO] LICENSE.txt already added, skipping
[INFO] Building jar: /home/travis/build/failed/square/okhttp/mockwebserver/target/mockwebserver-2.5.0-SNAPSHOT-jar-with-dependencies.jar
[INFO] META-INF/ already added, skipping
[INFO] META-INF/MANIFEST.MF already added, skipping
[INFO] META-INF/maven/ already added, skipping
[INFO] META-INF/ already added, skipping
[INFO] META-INF/MANIFEST.MF already added, skipping
[INFO] com/ already added, skipping
[INFO] com/squareup/ already added, skipping
[INFO] com/squareup/okhttp/ already added, skipping
[INFO] com/squareup/okhttp/internal/ already added, skipping
[INFO] META-INF/maven/ already added, skipping
[INFO] META-INF/maven/com.squareup.okhttp/ already added, skipping
[INFO] META-INF/MANIFEST.MF already added, skipping
[INFO] META-INF/ already added, skipping
[INFO] META-INF/MANIFEST.MF already added, skipping
[INFO] org/ already added, skipping
[INFO] META-INF/ already added, skipping
[INFO] META-INF/MANIFEST.MF already added, skipping
[INFO] org/ already added, skipping
[INFO] LICENSE.txt already added, skipping
[INFO] 
[INFO] --- maven-checkstyle-plugin:2.10:checkstyle (default) @ mockwebserver ---
[INFO] Starting audit...
Audit done.

[WARNING] Unable to locate Source XRef to link to - DISABLED
[INFO] 
[INFO] --- maven-install-plugin:2.4:install (default-install) @ mockwebserver ---
[INFO] Installing /home/travis/build/failed/square/okhttp/mockwebserver/target/mockwebserver-2.5.0-SNAPSHOT.jar to /home/travis/.m2/repository/com/squareup/okhttp/mockwebserver/2.5.0-SNAPSHOT/mockwebserver-2.5.0-SNAPSHOT.jar
[INFO] Installing /home/travis/build/failed/square/okhttp/mockwebserver/pom.xml to /home/travis/.m2/repository/com/squareup/okhttp/mockwebserver/2.5.0-SNAPSHOT/mockwebserver-2.5.0-SNAPSHOT.pom
[INFO] Installing /home/travis/build/failed/square/okhttp/mockwebserver/target/mockwebserver-2.5.0-SNAPSHOT-jar-with-dependencies.jar to /home/travis/.m2/repository/com/squareup/okhttp/mockwebserver/2.5.0-SNAPSHOT/mockwebserver-2.5.0-SNAPSHOT-jar-with-dependencies.jar
[INFO]                                                                         
[INFO] ------------------------------------------------------------------------
[INFO] Building OkHttp URLConnection 2.5.0-SNAPSHOT
[INFO] ------------------------------------------------------------------------
[INFO] 
[INFO] --- maven-enforcer-plugin:1.0:enforce (enforce-maven) @ okhttp-urlconnection ---
[INFO] 
[INFO] --- maven-resources-plugin:2.6:resources (default-resources) @ okhttp-urlconnection ---
[INFO] Using 'UTF-8' encoding to copy filtered resources.
[INFO] skip non existing resourceDirectory /home/travis/build/failed/square/okhttp/okhttp-urlconnection/src/main/resources
[INFO] 
[INFO] --- maven-compiler-plugin:3.0:compile (default-compile) @ okhttp-urlconnection ---
[INFO] Changes detected - recompiling the module!
[INFO] Compiling 4 source files to /home/travis/build/failed/square/okhttp/okhttp-urlconnection/target/classes
[INFO] 
[INFO] --- maven-resources-plugin:2.6:testResources (default-testResources) @ okhttp-urlconnection ---
[INFO] Using 'UTF-8' encoding to copy filtered resources.
[INFO] skip non existing resourceDirectory /home/travis/build/failed/square/okhttp/okhttp-urlconnection/src/test/resources
[INFO] 
[INFO] --- maven-compiler-plugin:3.0:testCompile (default-testCompile) @ okhttp-urlconnection ---
[INFO] Changes detected - recompiling the module!
[INFO] Compiling 3 source files to /home/travis/build/failed/square/okhttp/okhttp-urlconnection/target/test-classes
[WARNING] /home/travis/build/failed/square/okhttp/okhttp-urlconnection/src/test/java/com/squareup/okhttp/OkUrlFactoryTest.java: Some input files use or override a deprecated API.
[WARNING] /home/travis/build/failed/square/okhttp/okhttp-urlconnection/src/test/java/com/squareup/okhttp/OkUrlFactoryTest.java: Recompile with -Xlint:deprecation for details.
[INFO] 
[INFO] --- maven-surefire-plugin:2.17:test (default-test) @ okhttp-urlconnection ---
[INFO] Tests are skipped.
[INFO] 
[INFO] --- animal-sniffer-maven-plugin:1.11:check (default) @ okhttp-urlconnection ---
[INFO] Checking unresolved references to org.codehaus.mojo.signature:java16:1.1
[INFO] 
[INFO] --- maven-jar-plugin:2.4:jar (default-jar) @ okhttp-urlconnection ---
[INFO] Building jar: /home/travis/build/failed/square/okhttp/okhttp-urlconnection/target/okhttp-urlconnection-2.5.0-SNAPSHOT.jar
[INFO] 
[INFO] --- maven-checkstyle-plugin:2.10:checkstyle (default) @ okhttp-urlconnection ---
[INFO] Starting audit...
Audit done.

[WARNING] Unable to locate Source XRef to link to - DISABLED
[INFO] 
[INFO] --- maven-install-plugin:2.4:install (default-install) @ okhttp-urlconnection ---
[INFO] Installing /home/travis/build/failed/square/okhttp/okhttp-urlconnection/target/okhttp-urlconnection-2.5.0-SNAPSHOT.jar to /home/travis/.m2/repository/com/squareup/okhttp/okhttp-urlconnection/2.5.0-SNAPSHOT/okhttp-urlconnection-2.5.0-SNAPSHOT.jar
[INFO] Installing /home/travis/build/failed/square/okhttp/okhttp-urlconnection/pom.xml to /home/travis/.m2/repository/com/squareup/okhttp/okhttp-urlconnection/2.5.0-SNAPSHOT/okhttp-urlconnection-2.5.0-SNAPSHOT.pom
[INFO]                                                                         
[INFO] ------------------------------------------------------------------------
[INFO] Building OkHttp Tests 2.5.0-SNAPSHOT
[INFO] ------------------------------------------------------------------------
[INFO] 
[INFO] --- maven-enforcer-plugin:1.0:enforce (enforce-maven) @ okhttp-tests ---
[INFO] 
[INFO] --- maven-resources-plugin:2.6:resources (default-resources) @ okhttp-tests ---
[INFO] Using 'UTF-8' encoding to copy filtered resources.
[INFO] skip non existing resourceDirectory /home/travis/build/failed/square/okhttp/okhttp-tests/src/main/resources
[INFO] 
[INFO] --- maven-compiler-plugin:3.0:compile (default-compile) @ okhttp-tests ---
[INFO] No sources to compile
[INFO] 
[INFO] --- maven-resources-plugin:2.6:testResources (default-testResources) @ okhttp-tests ---
[INFO] Using 'UTF-8' encoding to copy filtered resources.
[INFO] Copying 1 resource
[INFO] 
[INFO] --- maven-compiler-plugin:3.0:testCompile (default-testCompile) @ okhttp-tests ---
[INFO] Changes detected - recompiling the module!
[INFO] Compiling 65 source files to /home/travis/build/failed/square/okhttp/okhttp-tests/target/test-classes
[WARNING] /home/travis/build/failed/square/okhttp/okhttp-tests/src/test/java/com/squareup/okhttp/internal/http/CookiesTest.java: Some input files use or override a deprecated API.
[WARNING] /home/travis/build/failed/square/okhttp/okhttp-tests/src/test/java/com/squareup/okhttp/internal/http/CookiesTest.java: Recompile with -Xlint:deprecation for details.
[WARNING] /home/travis/build/failed/square/okhttp/okhttp-tests/src/test/java/com/squareup/okhttp/TestUtil.java: /home/travis/build/failed/square/okhttp/okhttp-tests/src/test/java/com/squareup/okhttp/TestUtil.java uses unchecked or unsafe operations.
[WARNING] /home/travis/build/failed/square/okhttp/okhttp-tests/src/test/java/com/squareup/okhttp/TestUtil.java: Recompile with -Xlint:unchecked for details.
[INFO] 
[INFO] --- maven-surefire-plugin:2.17:test (default-test) @ okhttp-tests ---
[INFO] Tests are skipped.
[INFO] 
[INFO] --- animal-sniffer-maven-plugin:1.11:check (default) @ okhttp-tests ---
[INFO] Checking unresolved references to org.codehaus.mojo.signature:java16:1.1
[INFO] 
[INFO] --- maven-jar-plugin:2.4:jar (default-jar) @ okhttp-tests ---
[WARNING] JAR will be empty - no content was marked for inclusion!
[INFO] 
[INFO] --- maven-checkstyle-plugin:2.10:checkstyle (default) @ okhttp-tests ---
[INFO] 
[INFO] --- maven-install-plugin:2.4:install (default-install) @ okhttp-tests ---
[INFO] Installing /home/travis/build/failed/square/okhttp/okhttp-tests/target/okhttp-tests-2.5.0-SNAPSHOT.jar to /home/travis/.m2/repository/com/squareup/okhttp/okhttp-tests/2.5.0-SNAPSHOT/okhttp-tests-2.5.0-SNAPSHOT.jar
[INFO] Installing /home/travis/build/failed/square/okhttp/okhttp-tests/pom.xml to /home/travis/.m2/repository/com/squareup/okhttp/okhttp-tests/2.5.0-SNAPSHOT/okhttp-tests-2.5.0-SNAPSHOT.pom
[INFO]                                                                         
[INFO] ------------------------------------------------------------------------
[INFO] Building OkHttp Android Platform Support 2.5.0-SNAPSHOT
[INFO] ------------------------------------------------------------------------
[INFO] 
[INFO] --- maven-enforcer-plugin:1.0:enforce (enforce-maven) @ okhttp-android-support ---
[INFO] 
[INFO] --- maven-resources-plugin:2.6:resources (default-resources) @ okhttp-android-support ---
[INFO] Using 'UTF-8' encoding to copy filtered resources.
[INFO] skip non existing resourceDirectory /home/travis/build/failed/square/okhttp/okhttp-android-support/src/main/resources
[INFO] 
[INFO] --- maven-compiler-plugin:3.0:compile (default-compile) @ okhttp-android-support ---
[INFO] Changes detected - recompiling the module!
[INFO] Compiling 5 source files to /home/travis/build/failed/square/okhttp/okhttp-android-support/target/classes
[INFO] 
[INFO] --- maven-resources-plugin:2.6:testResources (default-testResources) @ okhttp-android-support ---
[INFO] Using 'UTF-8' encoding to copy filtered resources.
[INFO] skip non existing resourceDirectory /home/travis/build/failed/square/okhttp/okhttp-android-support/src/test/resources
[INFO] 
[INFO] --- maven-compiler-plugin:3.0:testCompile (default-testCompile) @ okhttp-android-support ---
[INFO] Changes detected - recompiling the module!
[INFO] Compiling 6 source files to /home/travis/build/failed/square/okhttp/okhttp-android-support/target/test-classes
[WARNING] /home/travis/build/failed/square/okhttp/okhttp-android-support/src/test/java/com/squareup/okhttp/internal/huc/CacheAdapterTest.java: Some input files use or override a deprecated API.
[WARNING] /home/travis/build/failed/square/okhttp/okhttp-android-support/src/test/java/com/squareup/okhttp/internal/huc/CacheAdapterTest.java: Recompile with -Xlint:deprecation for details.
[INFO] 
[INFO] --- maven-surefire-plugin:2.17:test (default-test) @ okhttp-android-support ---
[INFO] Tests are skipped.
[INFO] 
[INFO] --- animal-sniffer-maven-plugin:1.11:check (default) @ okhttp-android-support ---
[INFO] Checking unresolved references to org.codehaus.mojo.signature:java16:1.1
[INFO] 
[INFO] --- maven-jar-plugin:2.4:jar (default-jar) @ okhttp-android-support ---
[INFO] Building jar: /home/travis/build/failed/square/okhttp/okhttp-android-support/target/okhttp-android-support-2.5.0-SNAPSHOT.jar
[INFO] 
[INFO] --- maven-checkstyle-plugin:2.10:checkstyle (default) @ okhttp-android-support ---
[INFO] Starting audit...
Audit done.

[WARNING] Unable to locate Source XRef to link to - DISABLED
[INFO] 
[INFO] --- maven-install-plugin:2.4:install (default-install) @ okhttp-android-support ---
[INFO] Installing /home/travis/build/failed/square/okhttp/okhttp-android-support/target/okhttp-android-support-2.5.0-SNAPSHOT.jar to /home/travis/.m2/repository/com/squareup/okhttp/okhttp-android-support/2.5.0-SNAPSHOT/okhttp-android-support-2.5.0-SNAPSHOT.jar
[INFO] Installing /home/travis/build/failed/square/okhttp/okhttp-android-support/pom.xml to /home/travis/.m2/repository/com/squareup/okhttp/okhttp-android-support/2.5.0-SNAPSHOT/okhttp-android-support-2.5.0-SNAPSHOT.pom
[INFO]                                                                         
[INFO] ------------------------------------------------------------------------
[INFO] Building OkHttp Apache HttpClient 2.5.0-SNAPSHOT
[INFO] ------------------------------------------------------------------------
[INFO] 
[INFO] --- maven-enforcer-plugin:1.0:enforce (enforce-maven) @ okhttp-apache ---
[INFO] 
[INFO] --- maven-resources-plugin:2.6:resources (default-resources) @ okhttp-apache ---
[INFO] Using 'UTF-8' encoding to copy filtered resources.
[INFO] skip non existing resourceDirectory /home/travis/build/failed/square/okhttp/okhttp-apache/src/main/resources
[INFO] 
[INFO] --- maven-compiler-plugin:3.0:compile (default-compile) @ okhttp-apache ---
[INFO] Changes detected - recompiling the module!
[INFO] Compiling 2 source files to /home/travis/build/failed/square/okhttp/okhttp-apache/target/classes
[WARNING] /home/travis/build/failed/square/okhttp/okhttp-apache/src/main/java/com/squareup/okhttp/apache/OkApacheClient.java: /home/travis/build/failed/square/okhttp/okhttp-apache/src/main/java/com/squareup/okhttp/apache/OkApacheClient.java uses or overrides a deprecated API.
[WARNING] /home/travis/build/failed/square/okhttp/okhttp-apache/src/main/java/com/squareup/okhttp/apache/OkApacheClient.java: Recompile with -Xlint:deprecation for details.
[INFO] 
[INFO] --- maven-resources-plugin:2.6:testResources (default-testResources) @ okhttp-apache ---
[INFO] Using 'UTF-8' encoding to copy filtered resources.
[INFO] skip non existing resourceDirectory /home/travis/build/failed/square/okhttp/okhttp-apache/src/test/resources
[INFO] 
[INFO] --- maven-compiler-plugin:3.0:testCompile (default-testCompile) @ okhttp-apache ---
[INFO] Changes detected - recompiling the module!
[INFO] Compiling 1 source file to /home/travis/build/failed/square/okhttp/okhttp-apache/target/test-classes
[WARNING] /home/travis/build/failed/square/okhttp/okhttp-apache/src/test/java/com/squareup/okhttp/apache/OkApacheClientTest.java: /home/travis/build/failed/square/okhttp/okhttp-apache/src/test/java/com/squareup/okhttp/apache/OkApacheClientTest.java uses or overrides a deprecated API.
[WARNING] /home/travis/build/failed/square/okhttp/okhttp-apache/src/test/java/com/squareup/okhttp/apache/OkApacheClientTest.java: Recompile with -Xlint:deprecation for details.
[INFO] 
[INFO] --- maven-surefire-plugin:2.17:test (default-test) @ okhttp-apache ---
[INFO] Tests are skipped.
[INFO] 
[INFO] --- animal-sniffer-maven-plugin:1.11:check (default) @ okhttp-apache ---
[INFO] Checking unresolved references to org.codehaus.mojo.signature:java16:1.1
[INFO] 
[INFO] --- maven-jar-plugin:2.4:jar (default-jar) @ okhttp-apache ---
[INFO] Building jar: /home/travis/build/failed/square/okhttp/okhttp-apache/target/okhttp-apache-2.5.0-SNAPSHOT.jar
[INFO] 
[INFO] --- maven-checkstyle-plugin:2.10:checkstyle (default) @ okhttp-apache ---
[INFO] Starting audit...
Audit done.

[WARNING] Unable to locate Source XRef to link to - DISABLED
[INFO] 
[INFO] --- maven-install-plugin:2.4:install (default-install) @ okhttp-apache ---
[INFO] Installing /home/travis/build/failed/square/okhttp/okhttp-apache/target/okhttp-apache-2.5.0-SNAPSHOT.jar to /home/travis/.m2/repository/com/squareup/okhttp/okhttp-apache/2.5.0-SNAPSHOT/okhttp-apache-2.5.0-SNAPSHOT.jar
[INFO] Installing /home/travis/build/failed/square/okhttp/okhttp-apache/pom.xml to /home/travis/.m2/repository/com/squareup/okhttp/okhttp-apache/2.5.0-SNAPSHOT/okhttp-apache-2.5.0-SNAPSHOT.pom
[INFO]                                                                         
[INFO] ------------------------------------------------------------------------
[INFO] Building OkHttp Web Socket Tests 2.5.0-SNAPSHOT
[INFO] ------------------------------------------------------------------------
[INFO] 
[INFO] --- maven-enforcer-plugin:1.0:enforce (enforce-maven) @ okhttp-ws-tests ---
[INFO] 
[INFO] --- maven-resources-plugin:2.6:resources (default-resources) @ okhttp-ws-tests ---
[INFO] Using 'UTF-8' encoding to copy filtered resources.
[INFO] skip non existing resourceDirectory /home/travis/build/failed/square/okhttp/okhttp-ws-tests/src/main/resources
[INFO] 
[INFO] --- maven-compiler-plugin:3.0:compile (default-compile) @ okhttp-ws-tests ---
[INFO] No sources to compile
[INFO] 
[INFO] --- maven-resources-plugin:2.6:testResources (default-testResources) @ okhttp-ws-tests ---
[INFO] Using 'UTF-8' encoding to copy filtered resources.
[INFO] skip non existing resourceDirectory /home/travis/build/failed/square/okhttp/okhttp-ws-tests/src/test/resources
[INFO] 
[INFO] --- maven-compiler-plugin:3.0:testCompile (default-testCompile) @ okhttp-ws-tests ---
[INFO] Changes detected - recompiling the module!
[INFO] Compiling 6 source files to /home/travis/build/failed/square/okhttp/okhttp-ws-tests/target/test-classes
[INFO] 
[INFO] --- maven-surefire-plugin:2.17:test (default-test) @ okhttp-ws-tests ---
[INFO] Tests are skipped.
[INFO] 
[INFO] --- animal-sniffer-maven-plugin:1.11:check (default) @ okhttp-ws-tests ---
[INFO] Checking unresolved references to org.codehaus.mojo.signature:java16:1.1
[INFO] 
[INFO] --- maven-jar-plugin:2.4:jar (default-jar) @ okhttp-ws-tests ---
[WARNING] JAR will be empty - no content was marked for inclusion!
[INFO] 
[INFO] --- maven-checkstyle-plugin:2.10:checkstyle (default) @ okhttp-ws-tests ---
[INFO] 
[INFO] --- maven-install-plugin:2.4:install (default-install) @ okhttp-ws-tests ---
[INFO] Installing /home/travis/build/failed/square/okhttp/okhttp-ws-tests/target/okhttp-ws-tests-2.5.0-SNAPSHOT.jar to /home/travis/.m2/repository/com/squareup/okhttp/okhttp-ws-tests/2.5.0-SNAPSHOT/okhttp-ws-tests-2.5.0-SNAPSHOT.jar
[INFO] Installing /home/travis/build/failed/square/okhttp/okhttp-ws-tests/pom.xml to /home/travis/.m2/repository/com/squareup/okhttp/okhttp-ws-tests/2.5.0-SNAPSHOT/okhttp-ws-tests-2.5.0-SNAPSHOT.pom
[INFO]                                                                         
[INFO] ------------------------------------------------------------------------
[INFO] Building OkCurl 2.5.0-SNAPSHOT
[INFO] ------------------------------------------------------------------------
[INFO] 
[INFO] --- maven-enforcer-plugin:1.0:enforce (enforce-maven) @ okcurl ---
[INFO] 
[INFO] --- maven-resources-plugin:2.6:resources (default-resources) @ okcurl ---
[INFO] Using 'UTF-8' encoding to copy filtered resources.
[INFO] Copying 1 resource
[INFO] 
[INFO] --- maven-compiler-plugin:3.0:compile (default-compile) @ okcurl ---
[INFO] Changes detected - recompiling the module!
[INFO] Compiling 1 source file to /home/travis/build/failed/square/okhttp/okcurl/target/classes
[INFO] 
[INFO] --- maven-resources-plugin:2.6:testResources (default-testResources) @ okcurl ---
[INFO] Using 'UTF-8' encoding to copy filtered resources.
[INFO] skip non existing resourceDirectory /home/travis/build/failed/square/okhttp/okcurl/src/test/resources
[INFO] 
[INFO] --- maven-compiler-plugin:3.0:testCompile (default-testCompile) @ okcurl ---
[INFO] Changes detected - recompiling the module!
[INFO] Compiling 1 source file to /home/travis/build/failed/square/okhttp/okcurl/target/test-classes
[INFO] 
[INFO] --- maven-surefire-plugin:2.17:test (default-test) @ okcurl ---
[INFO] Tests are skipped.
[INFO] 
[INFO] --- animal-sniffer-maven-plugin:1.11:check (default) @ okcurl ---
[INFO] Checking unresolved references to org.codehaus.mojo.signature:java16:1.1
[INFO] 
[INFO] --- maven-jar-plugin:2.4:jar (default-jar) @ okcurl ---
[INFO] Building jar: /home/travis/build/failed/square/okhttp/okcurl/target/okcurl-2.5.0-SNAPSHOT.jar
[INFO] 
[INFO] --- maven-assembly-plugin:2.2-beta-5:single (default) @ okcurl ---
[INFO] META-INF/ already added, skipping
[INFO] META-INF/MANIFEST.MF already added, skipping
[INFO] META-INF/maven/ already added, skipping
[INFO] META-INF/MANIFEST.MF already added, skipping
[INFO] META-INF/ already added, skipping
[INFO] META-INF/MANIFEST.MF already added, skipping
[INFO] META-INF/maven/ already added, skipping
[INFO] META-INF/MANIFEST.MF already added, skipping
[INFO] META-INF/ already added, skipping
[INFO] META-INF/maven/ already added, skipping
[INFO] com/ already added, skipping
[INFO] Building jar: /home/travis/build/failed/square/okhttp/okcurl/target/okcurl-2.5.0-SNAPSHOT-jar-with-dependencies.jar
[INFO] META-INF/ already added, skipping
[INFO] META-INF/MANIFEST.MF already added, skipping
[INFO] META-INF/maven/ already added, skipping
[INFO] META-INF/MANIFEST.MF already added, skipping
[INFO] META-INF/ already added, skipping
[INFO] META-INF/MANIFEST.MF already added, skipping
[INFO] META-INF/maven/ already added, skipping
[INFO] META-INF/MANIFEST.MF already added, skipping
[INFO] META-INF/ already added, skipping
[INFO] META-INF/maven/ already added, skipping
[INFO] com/ already added, skipping
[INFO] 
[INFO] --- really-executable-jar-maven-plugin:1.1.0:really-executable-jar (default) @ okcurl ---
[INFO] 
[INFO] --- maven-checkstyle-plugin:2.10:checkstyle (default) @ okcurl ---
[INFO] Starting audit...
Audit done.

[WARNING] Unable to locate Source XRef to link to - DISABLED
[INFO] 
[INFO] --- maven-install-plugin:2.4:install (default-install) @ okcurl ---
[INFO] Installing /home/travis/build/failed/square/okhttp/okcurl/target/okcurl-2.5.0-SNAPSHOT.jar to /home/travis/.m2/repository/com/squareup/okhttp/okcurl/2.5.0-SNAPSHOT/okcurl-2.5.0-SNAPSHOT.jar
[INFO] Installing /home/travis/build/failed/square/okhttp/okcurl/pom.xml to /home/travis/.m2/repository/com/squareup/okhttp/okcurl/2.5.0-SNAPSHOT/okcurl-2.5.0-SNAPSHOT.pom
[INFO] Installing /home/travis/build/failed/square/okhttp/okcurl/target/okcurl-2.5.0-SNAPSHOT-jar-with-dependencies.jar to /home/travis/.m2/repository/com/squareup/okhttp/okcurl/2.5.0-SNAPSHOT/okcurl-2.5.0-SNAPSHOT-jar-with-dependencies.jar
[INFO]                                                                         
[INFO] ------------------------------------------------------------------------
[INFO] Building Samples (Parent) 2.5.0-SNAPSHOT
[INFO] ------------------------------------------------------------------------
[INFO] 
[INFO] --- maven-enforcer-plugin:1.0:enforce (enforce-maven) @ sample-parent ---
[INFO] 
[INFO] --- animal-sniffer-maven-plugin:1.11:check (default) @ sample-parent ---
[INFO] Checking unresolved references to org.codehaus.mojo.signature:java16:1.1
[INFO] 
[INFO] --- maven-checkstyle-plugin:2.10:checkstyle (default) @ sample-parent ---
[INFO] 
[INFO] --- maven-install-plugin:2.4:install (default-install) @ sample-parent ---
[INFO] Installing /home/travis/build/failed/square/okhttp/samples/pom.xml to /home/travis/.m2/repository/com/squareup/okhttp/sample/sample-parent/2.5.0-SNAPSHOT/sample-parent-2.5.0-SNAPSHOT.pom
[INFO]                                                                         
[INFO] ------------------------------------------------------------------------
[INFO] Building Sample: Guide 2.5.0-SNAPSHOT
[INFO] ------------------------------------------------------------------------
[INFO] 
[INFO] --- maven-enforcer-plugin:1.0:enforce (enforce-maven) @ guide ---
[INFO] 
[INFO] --- maven-resources-plugin:2.6:resources (default-resources) @ guide ---
[INFO] Using 'UTF-8' encoding to copy filtered resources.
[INFO] skip non existing resourceDirectory /home/travis/build/failed/square/okhttp/samples/guide/src/main/resources
[INFO] 
[INFO] --- maven-compiler-plugin:3.0:compile (default-compile) @ guide ---
[INFO] Changes detected - recompiling the module!
[INFO] Compiling 24 source files to /home/travis/build/failed/square/okhttp/samples/guide/target/classes
[INFO] 
[INFO] --- maven-resources-plugin:2.6:testResources (default-testResources) @ guide ---
[INFO] Using 'UTF-8' encoding to copy filtered resources.
[INFO] skip non existing resourceDirectory /home/travis/build/failed/square/okhttp/samples/guide/src/test/resources
[INFO] 
[INFO] --- maven-compiler-plugin:3.0:testCompile (default-testCompile) @ guide ---
[INFO] No sources to compile
[INFO] 
[INFO] --- maven-surefire-plugin:2.17:test (default-test) @ guide ---
[INFO] Tests are skipped.
[INFO] 
[INFO] --- animal-sniffer-maven-plugin:1.11:check (default) @ guide ---
[INFO] Checking unresolved references to org.codehaus.mojo.signature:java16:1.1
[INFO] 
[INFO] --- maven-jar-plugin:2.4:jar (default-jar) @ guide ---
[INFO] Building jar: /home/travis/build/failed/square/okhttp/samples/guide/target/guide-2.5.0-SNAPSHOT.jar
[INFO] 
[INFO] --- maven-checkstyle-plugin:2.10:checkstyle (default) @ guide ---
[INFO] Starting audit...
Audit done.

[WARNING] Unable to locate Source XRef to link to - DISABLED
[INFO] 
[INFO] --- maven-install-plugin:2.4:install (default-install) @ guide ---
[INFO] Installing /home/travis/build/failed/square/okhttp/samples/guide/target/guide-2.5.0-SNAPSHOT.jar to /home/travis/.m2/repository/com/squareup/okhttp/sample/guide/2.5.0-SNAPSHOT/guide-2.5.0-SNAPSHOT.jar
[INFO] Installing /home/travis/build/failed/square/okhttp/samples/guide/pom.xml to /home/travis/.m2/repository/com/squareup/okhttp/sample/guide/2.5.0-SNAPSHOT/guide-2.5.0-SNAPSHOT.pom
[INFO]                                                                         
[INFO] ------------------------------------------------------------------------
[INFO] Building Sample: Crawler 2.5.0-SNAPSHOT
[INFO] ------------------------------------------------------------------------
[INFO] 
[INFO] --- maven-enforcer-plugin:1.0:enforce (enforce-maven) @ crawler ---
[INFO] 
[INFO] --- maven-resources-plugin:2.6:resources (default-resources) @ crawler ---
[INFO] Using 'UTF-8' encoding to copy filtered resources.
[INFO] skip non existing resourceDirectory /home/travis/build/failed/square/okhttp/samples/crawler/src/main/resources
[INFO] 
[INFO] --- maven-compiler-plugin:3.0:compile (default-compile) @ crawler ---
[INFO] Changes detected - recompiling the module!
[INFO] Compiling 1 source file to /home/travis/build/failed/square/okhttp/samples/crawler/target/classes
[INFO] 
[INFO] --- maven-resources-plugin:2.6:testResources (default-testResources) @ crawler ---
[INFO] Using 'UTF-8' encoding to copy filtered resources.
[INFO] skip non existing resourceDirectory /home/travis/build/failed/square/okhttp/samples/crawler/src/test/resources
[INFO] 
[INFO] --- maven-compiler-plugin:3.0:testCompile (default-testCompile) @ crawler ---
[INFO] No sources to compile
[INFO] 
[INFO] --- maven-surefire-plugin:2.17:test (default-test) @ crawler ---
[INFO] Tests are skipped.
[INFO] 
[INFO] --- animal-sniffer-maven-plugin:1.11:check (default) @ crawler ---
[INFO] Checking unresolved references to org.codehaus.mojo.signature:java16:1.1
[INFO] 
[INFO] --- maven-jar-plugin:2.4:jar (default-jar) @ crawler ---
[INFO] Building jar: /home/travis/build/failed/square/okhttp/samples/crawler/target/crawler-2.5.0-SNAPSHOT.jar
[INFO] 
[INFO] --- maven-checkstyle-plugin:2.10:checkstyle (default) @ crawler ---
[INFO] Starting audit...
Audit done.

[WARNING] Unable to locate Source XRef to link to - DISABLED
[INFO] 
[INFO] --- maven-install-plugin:2.4:install (default-install) @ crawler ---
[INFO] Installing /home/travis/build/failed/square/okhttp/samples/crawler/target/crawler-2.5.0-SNAPSHOT.jar to /home/travis/.m2/repository/com/squareup/okhttp/sample/crawler/2.5.0-SNAPSHOT/crawler-2.5.0-SNAPSHOT.jar
[INFO] Installing /home/travis/build/failed/square/okhttp/samples/crawler/pom.xml to /home/travis/.m2/repository/com/squareup/okhttp/sample/crawler/2.5.0-SNAPSHOT/crawler-2.5.0-SNAPSHOT.pom
[INFO]                                                                         
[INFO] ------------------------------------------------------------------------
[INFO] Building Sample: Simple Client 2.5.0-SNAPSHOT
[INFO] ------------------------------------------------------------------------
[INFO] 
[INFO] --- maven-enforcer-plugin:1.0:enforce (enforce-maven) @ simple-client ---
[INFO] 
[INFO] --- maven-resources-plugin:2.6:resources (default-resources) @ simple-client ---
[INFO] Using 'UTF-8' encoding to copy filtered resources.
[INFO] skip non existing resourceDirectory /home/travis/build/failed/square/okhttp/samples/simple-client/src/main/resources
[INFO] 
[INFO] --- maven-compiler-plugin:3.0:compile (default-compile) @ simple-client ---
[INFO] Changes detected - recompiling the module!
[INFO] Compiling 1 source file to /home/travis/build/failed/square/okhttp/samples/simple-client/target/classes
[INFO] 
[INFO] --- maven-resources-plugin:2.6:testResources (default-testResources) @ simple-client ---
[INFO] Using 'UTF-8' encoding to copy filtered resources.
[INFO] skip non existing resourceDirectory /home/travis/build/failed/square/okhttp/samples/simple-client/src/test/resources
[INFO] 
[INFO] --- maven-compiler-plugin:3.0:testCompile (default-testCompile) @ simple-client ---
[INFO] No sources to compile
[INFO] 
[INFO] --- maven-surefire-plugin:2.17:test (default-test) @ simple-client ---
[INFO] Tests are skipped.
[INFO] 
[INFO] --- animal-sniffer-maven-plugin:1.11:check (default) @ simple-client ---
[INFO] Checking unresolved references to org.codehaus.mojo.signature:java16:1.1
[INFO] 
[INFO] --- maven-jar-plugin:2.4:jar (default-jar) @ simple-client ---
[INFO] Building jar: /home/travis/build/failed/square/okhttp/samples/simple-client/target/simple-client-2.5.0-SNAPSHOT.jar
[INFO] 
[INFO] --- maven-checkstyle-plugin:2.10:checkstyle (default) @ simple-client ---
[INFO] Starting audit...
Audit done.

[WARNING] Unable to locate Source XRef to link to - DISABLED
[INFO] 
[INFO] --- maven-install-plugin:2.4:install (default-install) @ simple-client ---
[INFO] Installing /home/travis/build/failed/square/okhttp/samples/simple-client/target/simple-client-2.5.0-SNAPSHOT.jar to /home/travis/.m2/repository/com/squareup/okhttp/sample/simple-client/2.5.0-SNAPSHOT/simple-client-2.5.0-SNAPSHOT.jar
[INFO] Installing /home/travis/build/failed/square/okhttp/samples/simple-client/pom.xml to /home/travis/.m2/repository/com/squareup/okhttp/sample/simple-client/2.5.0-SNAPSHOT/simple-client-2.5.0-SNAPSHOT.pom
[INFO]                                                                         
[INFO] ------------------------------------------------------------------------
[INFO] Building Sample: Static Server 2.5.0-SNAPSHOT
[INFO] ------------------------------------------------------------------------
[INFO] 
[INFO] --- maven-enforcer-plugin:1.0:enforce (enforce-maven) @ static-server ---
[INFO] 
[INFO] --- maven-resources-plugin:2.6:resources (default-resources) @ static-server ---
[INFO] Using 'UTF-8' encoding to copy filtered resources.
[INFO] skip non existing resourceDirectory /home/travis/build/failed/square/okhttp/samples/static-server/src/main/resources
[INFO] 
[INFO] --- maven-compiler-plugin:3.0:compile (default-compile) @ static-server ---
[INFO] Changes detected - recompiling the module!
[INFO] Compiling 1 source file to /home/travis/build/failed/square/okhttp/samples/static-server/target/classes
[INFO] 
[INFO] --- maven-resources-plugin:2.6:testResources (default-testResources) @ static-server ---
[INFO] Using 'UTF-8' encoding to copy filtered resources.
[INFO] skip non existing resourceDirectory /home/travis/build/failed/square/okhttp/samples/static-server/src/test/resources
[INFO] 
[INFO] --- maven-compiler-plugin:3.0:testCompile (default-testCompile) @ static-server ---
[INFO] No sources to compile
[INFO] 
[INFO] --- maven-surefire-plugin:2.17:test (default-test) @ static-server ---
[INFO] Tests are skipped.
[INFO] 
[INFO] --- animal-sniffer-maven-plugin:1.11:check (default) @ static-server ---
[INFO] Checking unresolved references to org.codehaus.mojo.signature:java16:1.1
[INFO] 
[INFO] --- maven-jar-plugin:2.4:jar (default-jar) @ static-server ---
[INFO] Building jar: /home/travis/build/failed/square/okhttp/samples/static-server/target/static-server-2.5.0-SNAPSHOT.jar
[INFO] 
[INFO] --- maven-shade-plugin:2.1:shade (default) @ static-server ---
[WARNING] Map in class org.apache.maven.plugins.shade.resource.ManifestResourceTransformer declares value type as: class java.util.jar.Attributes but saw: class java.lang.String at runtime
[INFO] Including com.squareup.okhttp:mockwebserver:jar:2.5.0-SNAPSHOT in the shaded jar.
[INFO] Including com.squareup.okhttp:okhttp:jar:2.5.0-SNAPSHOT in the shaded jar.
[INFO] Including com.squareup.okio:okio:jar:1.5.0 in the shaded jar.
[INFO] Including com.squareup.okhttp:okhttp-ws:jar:2.5.0-SNAPSHOT in the shaded jar.
[INFO] Including org.bouncycastle:bcprov-jdk15on:jar:1.50 in the shaded jar.
[INFO] Including junit:junit:jar:4.11 in the shaded jar.
[INFO] Including org.hamcrest:hamcrest-core:jar:1.3 in the shaded jar.
[INFO] Attaching shaded artifact.
[INFO] 
[INFO] --- maven-checkstyle-plugin:2.10:checkstyle (default) @ static-server ---
[INFO] Starting audit...
Audit done.

[WARNING] Unable to locate Source XRef to link to - DISABLED
[INFO] 
[INFO] --- maven-install-plugin:2.4:install (default-install) @ static-server ---
[INFO] Installing /home/travis/build/failed/square/okhttp/samples/static-server/target/static-server-2.5.0-SNAPSHOT.jar to /home/travis/.m2/repository/com/squareup/okhttp/sample/static-server/2.5.0-SNAPSHOT/static-server-2.5.0-SNAPSHOT.jar
[INFO] Installing /home/travis/build/failed/square/okhttp/samples/static-server/pom.xml to /home/travis/.m2/repository/com/squareup/okhttp/sample/static-server/2.5.0-SNAPSHOT/static-server-2.5.0-SNAPSHOT.pom
[INFO] Installing /home/travis/build/failed/square/okhttp/samples/static-server/target/static-server-2.5.0-SNAPSHOT-shaded.jar to /home/travis/.m2/repository/com/squareup/okhttp/sample/static-server/2.5.0-SNAPSHOT/static-server-2.5.0-SNAPSHOT-shaded.jar
[INFO]                                                                         
[INFO] ------------------------------------------------------------------------
[INFO] Building Benchmarks 2.5.0-SNAPSHOT
[INFO] ------------------------------------------------------------------------
[INFO] 
[INFO] --- maven-enforcer-plugin:1.0:enforce (enforce-maven) @ benchmarks ---
[INFO] 
[INFO] --- maven-resources-plugin:2.6:resources (default-resources) @ benchmarks ---
[INFO] Using 'UTF-8' encoding to copy filtered resources.
[INFO] skip non existing resourceDirectory /home/travis/build/failed/square/okhttp/benchmarks/src/main/resources
[INFO] 
[INFO] --- maven-compiler-plugin:3.0:compile (default-compile) @ benchmarks ---
[INFO] Changes detected - recompiling the module!
[INFO] Compiling 9 source files to /home/travis/build/failed/square/okhttp/benchmarks/target/classes
[INFO] 
[INFO] --- maven-resources-plugin:2.6:testResources (default-testResources) @ benchmarks ---
[INFO] Using 'UTF-8' encoding to copy filtered resources.
[INFO] skip non existing resourceDirectory /home/travis/build/failed/square/okhttp/benchmarks/src/test/resources
[INFO] 
[INFO] --- maven-compiler-plugin:3.0:testCompile (default-testCompile) @ benchmarks ---
[INFO] No sources to compile
[INFO] 
[INFO] --- maven-surefire-plugin:2.17:test (default-test) @ benchmarks ---
[INFO] Tests are skipped.
[INFO] 
[INFO] --- maven-jar-plugin:2.4:jar (default-jar) @ benchmarks ---
[INFO] Building jar: /home/travis/build/failed/square/okhttp/benchmarks/target/benchmarks-2.5.0-SNAPSHOT.jar
[INFO] 
[INFO] --- maven-checkstyle-plugin:2.10:checkstyle (default) @ benchmarks ---
[INFO] Starting audit...
Audit done.

[WARNING] Unable to locate Source XRef to link to - DISABLED
[INFO] 
[INFO] --- maven-install-plugin:2.4:install (default-install) @ benchmarks ---
[INFO] Installing /home/travis/build/failed/square/okhttp/benchmarks/target/benchmarks-2.5.0-SNAPSHOT.jar to /home/travis/.m2/repository/com/squareup/okhttp/benchmarks/2.5.0-SNAPSHOT/benchmarks-2.5.0-SNAPSHOT.jar
[INFO] Installing /home/travis/build/failed/square/okhttp/benchmarks/pom.xml to /home/travis/.m2/repository/com/squareup/okhttp/benchmarks/2.5.0-SNAPSHOT/benchmarks-2.5.0-SNAPSHOT.pom
[INFO] ------------------------------------------------------------------------
[INFO] Reactor Summary:
[INFO] 
[INFO] OkHttp (Parent) .................................... SUCCESS [ 44.660 s]
[INFO] OkHttp ............................................. SUCCESS [ 20.395 s]
[INFO] OkHttp test support classes ........................ SUCCESS [  3.066 s]
[INFO] OkHttp Web Sockets ................................. SUCCESS [  2.962 s]
[INFO] MockWebServer ...................................... SUCCESS [ 10.444 s]
[INFO] OkHttp URLConnection ............................... SUCCESS [  3.635 s]
[INFO] OkHttp Tests ....................................... SUCCESS [  3.636 s]
[INFO] OkHttp Android Platform Support .................... SUCCESS [  2.547 s]
[INFO] OkHttp Apache HttpClient ........................... SUCCESS [  2.528 s]
[INFO] OkHttp Web Socket Tests ............................ SUCCESS [  1.047 s]
[INFO] OkCurl ............................................. SUCCESS [  7.660 s]
[INFO] Samples (Parent) ................................... SUCCESS [  0.485 s]
[INFO] Sample: Guide ...................................... SUCCESS [  2.529 s]
[INFO] Sample: Crawler .................................... SUCCESS [  1.794 s]
[INFO] Sample: Simple Client .............................. SUCCESS [  1.647 s]
[INFO] Sample: Static Server .............................. SUCCESS [ 10.747 s]
[INFO] Benchmarks ......................................... SUCCESS [  8.384 s]
[INFO] ------------------------------------------------------------------------
[INFO] BUILD SUCCESS
[INFO] ------------------------------------------------------------------------
[INFO] Total time: 02:11 min
[INFO] Finished at: 2022-03-06T22:05:32+00:00
[INFO] Final Memory: 42M/335M
[INFO] ------------------------------------------------------------------------

travis_time:end:1599af24:start=1646604199644828712,finish=1646604333004913164,duration=133360084452[0Ktravis_fold:end:install[0Ktravis_time:start:1034f610[0K$ mvn test -Dhttps.protocols=TLSv1.2 -B
Java HotSpot(TM) 64-Bit Server VM warning: ignoring option MaxPermSize=192m; support was removed in 8.0
[INFO] Scanning for projects...
[WARNING] 
[WARNING] Some problems were encountered while building the effective model for com.squareup.okhttp:okhttp-tests:jar:2.5.0-SNAPSHOT
[WARNING] 'build.plugins.plugin.version' for org.apache.maven.plugins:maven-deploy-plugin is missing. @ com.squareup.okhttp:okhttp-tests:[unknown-version], /home/travis/build/failed/square/okhttp/okhttp-tests/pom.xml, line 58, column 15
[WARNING] 
[WARNING] Some problems were encountered while building the effective model for com.squareup.okhttp:okhttp-ws-tests:jar:2.5.0-SNAPSHOT
[WARNING] 'build.plugins.plugin.version' for org.apache.maven.plugins:maven-deploy-plugin is missing. @ com.squareup.okhttp:okhttp-ws-tests:[unknown-version], /home/travis/build/failed/square/okhttp/okhttp-ws-tests/pom.xml, line 44, column 15
[WARNING] 
[WARNING] Some problems were encountered while building the effective model for com.squareup.okhttp:benchmarks:jar:2.5.0-SNAPSHOT
[WARNING] 'build.plugins.plugin.version' for org.codehaus.mojo:exec-maven-plugin is missing. @ com.squareup.okhttp:benchmarks:[unknown-version], /home/travis/build/failed/square/okhttp/benchmarks/pom.xml, line 74, column 15
[WARNING] 
[WARNING] It is highly recommended to fix these problems because they threaten the stability of your build.
[WARNING] 
[WARNING] For this reason, future Maven versions might no longer support building such malformed projects.
[WARNING] 
[INFO] ------------------------------------------------------------------------
[INFO] Reactor Build Order:
[INFO] 
[INFO] OkHttp (Parent)
[INFO] OkHttp
[INFO] OkHttp test support classes
[INFO] OkHttp Web Sockets
[INFO] MockWebServer
[INFO] OkHttp URLConnection
[INFO] OkHttp Tests
[INFO] OkHttp Android Platform Support
[INFO] OkHttp Apache HttpClient
[INFO] OkHttp Web Socket Tests
[INFO] OkCurl
[INFO] Samples (Parent)
[INFO] Sample: Guide
[INFO] Sample: Crawler
[INFO] Sample: Simple Client
[INFO] Sample: Static Server
[INFO] Benchmarks
[INFO]                                                                         
[INFO] ------------------------------------------------------------------------
[INFO] Building OkHttp (Parent) 2.5.0-SNAPSHOT
[INFO] ------------------------------------------------------------------------
[INFO] 
[INFO] --- maven-enforcer-plugin:1.0:enforce (enforce-maven) @ parent ---
[INFO] 
[INFO] --- animal-sniffer-maven-plugin:1.11:check (default) @ parent ---
[INFO] Checking unresolved references to org.codehaus.mojo.signature:java16:1.1
[INFO]                                                                         
[INFO] ------------------------------------------------------------------------
[INFO] Building OkHttp 2.5.0-SNAPSHOT
[INFO] ------------------------------------------------------------------------
[INFO] 
[INFO] --- maven-enforcer-plugin:1.0:enforce (enforce-maven) @ okhttp ---
[INFO] 
[INFO] --- templating-maven-plugin:1.0-alpha-3:filter-sources (default) @ okhttp ---
[INFO] Using 'UTF-8' encoding to copy filtered resources.
[INFO] Copying 1 resource
[INFO] Source directory: /home/travis/build/failed/square/okhttp/okhttp/target/generated-sources/java-templates added.
[INFO] 
[INFO] --- maven-resources-plugin:2.6:resources (default-resources) @ okhttp ---
[INFO] Using 'UTF-8' encoding to copy filtered resources.
[INFO] skip non existing resourceDirectory /home/travis/build/failed/square/okhttp/okhttp/src/main/resources
[INFO] 
[INFO] --- maven-compiler-plugin:3.0:compile (default-compile) @ okhttp ---
[INFO] Changes detected - recompiling the module!
[INFO] Compiling 81 source files to /home/travis/build/failed/square/okhttp/okhttp/target/classes
[WARNING] /home/travis/build/failed/square/okhttp/okhttp/src/main/java/com/squareup/okhttp/internal/Util.java: Some input files use unchecked or unsafe operations.
[WARNING] /home/travis/build/failed/square/okhttp/okhttp/src/main/java/com/squareup/okhttp/internal/Util.java: Recompile with -Xlint:unchecked for details.
[INFO] 
[INFO] --- maven-resources-plugin:2.6:testResources (default-testResources) @ okhttp ---
[INFO] Using 'UTF-8' encoding to copy filtered resources.
[INFO] skip non existing resourceDirectory /home/travis/build/failed/square/okhttp/okhttp/src/test/resources
[INFO] 
[INFO] --- maven-compiler-plugin:3.0:testCompile (default-testCompile) @ okhttp ---
[INFO] No sources to compile
[INFO] 
[INFO] --- maven-surefire-plugin:2.17:test (default-test) @ okhttp ---
[INFO] No tests to run.
[INFO] 
[INFO] --- animal-sniffer-maven-plugin:1.11:check (default) @ okhttp ---
[INFO] Checking unresolved references to org.codehaus.mojo.signature:java16:1.1
[INFO]                                                                         
[INFO] ------------------------------------------------------------------------
[INFO] Building OkHttp test support classes 2.5.0-SNAPSHOT
[INFO] ------------------------------------------------------------------------
[INFO] 
[INFO] --- maven-enforcer-plugin:1.0:enforce (enforce-maven) @ okhttp-testing-support ---
[INFO] 
[INFO] --- maven-resources-plugin:2.6:resources (default-resources) @ okhttp-testing-support ---
[INFO] Using 'UTF-8' encoding to copy filtered resources.
[INFO] skip non existing resourceDirectory /home/travis/build/failed/square/okhttp/okhttp-testing-support/src/main/resources
[INFO] 
[INFO] --- maven-compiler-plugin:3.0:compile (default-compile) @ okhttp-testing-support ---
[INFO] Nothing to compile - all classes are up to date
[INFO] 
[INFO] --- maven-resources-plugin:2.6:testResources (default-testResources) @ okhttp-testing-support ---
[INFO] Using 'UTF-8' encoding to copy filtered resources.
[INFO] skip non existing resourceDirectory /home/travis/build/failed/square/okhttp/okhttp-testing-support/src/test/resources
[INFO] 
[INFO] --- maven-compiler-plugin:3.0:testCompile (default-testCompile) @ okhttp-testing-support ---
[INFO] No sources to compile
[INFO] 
[INFO] --- maven-surefire-plugin:2.17:test (default-test) @ okhttp-testing-support ---
[INFO] No tests to run.
[INFO] 
[INFO] --- animal-sniffer-maven-plugin:1.11:check (default) @ okhttp-testing-support ---
[INFO] Checking unresolved references to org.codehaus.mojo.signature:java16:1.1
[INFO]                                                                         
[INFO] ------------------------------------------------------------------------
[INFO] Building OkHttp Web Sockets 2.5.0-SNAPSHOT
[INFO] ------------------------------------------------------------------------
[INFO] 
[INFO] --- maven-enforcer-plugin:1.0:enforce (enforce-maven) @ okhttp-ws ---
[INFO] 
[INFO] --- maven-resources-plugin:2.6:resources (default-resources) @ okhttp-ws ---
[INFO] Using 'UTF-8' encoding to copy filtered resources.
[INFO] skip non existing resourceDirectory /home/travis/build/failed/square/okhttp/okhttp-ws/src/main/resources
[INFO] 
[INFO] --- maven-compiler-plugin:3.0:compile (default-compile) @ okhttp-ws ---
[INFO] Changes detected - recompiling the module!
[INFO] Compiling 7 source files to /home/travis/build/failed/square/okhttp/okhttp-ws/target/classes
[INFO] 
[INFO] --- maven-resources-plugin:2.6:testResources (default-testResources) @ okhttp-ws ---
[INFO] Using 'UTF-8' encoding to copy filtered resources.
[INFO] skip non existing resourceDirectory /home/travis/build/failed/square/okhttp/okhttp-ws/src/test/resources
[INFO] 
[INFO] --- maven-compiler-plugin:3.0:testCompile (default-testCompile) @ okhttp-ws ---
[INFO] No sources to compile
[INFO] 
[INFO] --- maven-surefire-plugin:2.17:test (default-test) @ okhttp-ws ---
[INFO] No tests to run.
[INFO] 
[INFO] --- animal-sniffer-maven-plugin:1.11:check (default) @ okhttp-ws ---
[INFO] Checking unresolved references to org.codehaus.mojo.signature:java16:1.1
[INFO]                                                                         
[INFO] ------------------------------------------------------------------------
[INFO] Building MockWebServer 2.5.0-SNAPSHOT
[INFO] ------------------------------------------------------------------------
[INFO] 
[INFO] --- maven-enforcer-plugin:1.0:enforce (enforce-maven) @ mockwebserver ---
[INFO] 
[INFO] --- maven-resources-plugin:2.6:resources (default-resources) @ mockwebserver ---
[INFO] Using 'UTF-8' encoding to copy filtered resources.
[INFO] skip non existing resourceDirectory /home/travis/build/failed/square/okhttp/mockwebserver/src/main/resources
[INFO] 
[INFO] --- maven-compiler-plugin:3.0:compile (default-compile) @ mockwebserver ---
[INFO] Changes detected - recompiling the module!
[INFO] Compiling 9 source files to /home/travis/build/failed/square/okhttp/mockwebserver/target/classes
[WARNING] /home/travis/build/failed/square/okhttp/mockwebserver/src/main/java/com/squareup/okhttp/internal/SslContextBuilder.java: /home/travis/build/failed/square/okhttp/mockwebserver/src/main/java/com/squareup/okhttp/internal/SslContextBuilder.java uses or overrides a deprecated API.
[WARNING] /home/travis/build/failed/square/okhttp/mockwebserver/src/main/java/com/squareup/okhttp/internal/SslContextBuilder.java: Recompile with -Xlint:deprecation for details.
[INFO] 
[INFO] --- maven-resources-plugin:2.6:testResources (default-testResources) @ mockwebserver ---
[INFO] Using 'UTF-8' encoding to copy filtered resources.
[INFO] skip non existing resourceDirectory /home/travis/build/failed/square/okhttp/mockwebserver/src/test/resources
[INFO] 
[INFO] --- maven-compiler-plugin:3.0:testCompile (default-testCompile) @ mockwebserver ---
[INFO] Changes detected - recompiling the module!
[INFO] Compiling 2 source files to /home/travis/build/failed/square/okhttp/mockwebserver/target/test-classes
[WARNING] /home/travis/build/failed/square/okhttp/mockwebserver/src/test/java/com/squareup/okhttp/mockwebserver/CustomDispatcherTest.java: Some input files use or override a deprecated API.
[WARNING] /home/travis/build/failed/square/okhttp/mockwebserver/src/test/java/com/squareup/okhttp/mockwebserver/CustomDispatcherTest.java: Recompile with -Xlint:deprecation for details.
[INFO] 
[INFO] --- maven-surefire-plugin:2.17:test (default-test) @ mockwebserver ---
[INFO] Surefire report directory: /home/travis/build/failed/square/okhttp/mockwebserver/target/surefire-reports
[INFO] Using configured provider org.apache.maven.surefire.junitcore.JUnitCoreProvider
[INFO] parallel='none', perCoreThreadCount=true, threadCount=0, useUnlimitedThreads=false, threadCountSuites=0, threadCountClasses=0, threadCountMethods=0, parallelOptimized=true

-------------------------------------------------------
 T E S T S
-------------------------------------------------------
Installing aggressive uncaught exception handler
Running com.squareup.okhttp.mockwebserver.CustomDispatcherTest
Mar 06, 2022 10:05:40 PM com.squareup.okhttp.mockwebserver.MockWebServer$3 execute
INFO: MockWebServer[43257] starting to accept connections
Mar 06, 2022 10:05:40 PM com.squareup.okhttp.mockwebserver.MockWebServer$4 processOneRequest
INFO: MockWebServer[43257] received request: GET / HTTP/1.1 and responded: HTTP/1.1 200 OK
Mar 06, 2022 10:05:40 PM com.squareup.okhttp.mockwebserver.MockWebServer$3 acceptConnections
INFO: MockWebServer[43257] done accepting connections: Socket closed
Mar 06, 2022 10:05:40 PM com.squareup.okhttp.mockwebserver.MockWebServer$3 execute
INFO: MockWebServer[52479] starting to accept connections
Mar 06, 2022 10:05:40 PM com.squareup.okhttp.mockwebserver.MockWebServer$4 processOneRequest
INFO: MockWebServer[52479] received request: GET /bar HTTP/1.1 and responded: HTTP/1.1 200 OK
Mar 06, 2022 10:05:40 PM com.squareup.okhttp.mockwebserver.MockWebServer$4 processOneRequest
INFO: MockWebServer[52479] received request: GET /foo HTTP/1.1 and responded: HTTP/1.1 200 OK
Mar 06, 2022 10:05:40 PM com.squareup.okhttp.mockwebserver.MockWebServer$3 acceptConnections
INFO: MockWebServer[52479] done accepting connections: Socket closed
Tests run: 2, Failures: 0, Errors: 0, Skipped: 0, Time elapsed: 0.063 sec - in com.squareup.okhttp.mockwebserver.CustomDispatcherTest
Running com.squareup.okhttp.mockwebserver.MockWebServerTest
Mar 06, 2022 10:05:40 PM com.squareup.okhttp.mockwebserver.MockWebServer$3 execute
INFO: MockWebServer[38069] starting to accept connections
Mar 06, 2022 10:05:40 PM com.squareup.okhttp.mockwebserver.MockWebServer$3 acceptConnections
INFO: MockWebServer[38069] done accepting connections: Socket is closed
Mar 06, 2022 10:05:40 PM com.squareup.okhttp.mockwebserver.MockWebServer$3 execute
INFO: MockWebServer[49563] starting to accept connections
Mar 06, 2022 10:05:41 PM com.squareup.okhttp.mockwebserver.MockWebServer$4 processOneRequest
INFO: MockWebServer[49563] received request: GET / HTTP/1.1 and responded: HTTP/1.1 200 OK
Mar 06, 2022 10:05:41 PM com.squareup.okhttp.mockwebserver.MockWebServer$3 acceptConnections
INFO: MockWebServer[49563] done accepting connections: Socket closed
Mar 06, 2022 10:05:41 PM com.squareup.okhttp.mockwebserver.MockWebServer$3 execute
INFO: MockWebServer[41359] starting to accept connections
Mar 06, 2022 10:05:41 PM com.squareup.okhttp.mockwebserver.MockWebServer$3 execute
INFO: MockWebServer[45013] starting to accept connections
Mar 06, 2022 10:05:41 PM com.squareup.okhttp.mockwebserver.MockWebServer$3 acceptConnections
INFO: MockWebServer[45013] done accepting connections: Socket is closed
Mar 06, 2022 10:05:41 PM com.squareup.okhttp.mockwebserver.MockWebServer$3 acceptConnections
INFO: MockWebServer[41359] done accepting connections: Socket closed
Mar 06, 2022 10:05:41 PM com.squareup.okhttp.mockwebserver.MockWebServer$3 execute
INFO: MockWebServer[55015] starting to accept connections
Mar 06, 2022 10:05:41 PM com.squareup.okhttp.mockwebserver.MockWebServer$4 processOneRequest
INFO: MockWebServer[55015] received request: GET / HTTP/1.1 and responded: HTTP/1.1 200 OK
Mar 06, 2022 10:05:41 PM com.squareup.okhttp.mockwebserver.MockWebServer$3 acceptConnections
INFO: MockWebServer[55015] done accepting connections: Socket closed
Mar 06, 2022 10:05:41 PM com.squareup.okhttp.mockwebserver.MockWebServer$3 execute
INFO: MockWebServer[48963] starting to accept connections
Mar 06, 2022 10:05:41 PM com.squareup.okhttp.mockwebserver.MockWebServer$4 processOneRequest
INFO: MockWebServer[48963] received request: GET / HTTP/1.1 and responded: HTTP/1.1 302 OK
Mar 06, 2022 10:05:41 PM com.squareup.okhttp.mockwebserver.MockWebServer$4 processOneRequest
INFO: MockWebServer[48963] received request: GET /new-path HTTP/1.1 and responded: HTTP/1.1 200 OK
Mar 06, 2022 10:05:41 PM com.squareup.okhttp.mockwebserver.MockWebServer$3 acceptConnections
INFO: MockWebServer[48963] done accepting connections: Socket closed
Mar 06, 2022 10:05:41 PM com.squareup.okhttp.mockwebserver.MockWebServer$3 execute
INFO: MockWebServer[54643] starting to accept connections
Mar 06, 2022 10:05:41 PM com.squareup.okhttp.mockwebserver.MockWebServer$4 processOneRequest
INFO: MockWebServer[54643] received request: GET / HTTP/1.1 and responded: HTTP/1.1 200 OK
Mar 06, 2022 10:05:42 PM com.squareup.okhttp.mockwebserver.MockWebServer$4 processOneRequest
INFO: MockWebServer[54643] received request: GET / HTTP/1.1 and responded: HTTP/1.1 200 OK
Mar 06, 2022 10:05:42 PM com.squareup.okhttp.mockwebserver.MockWebServer$3 acceptConnections
INFO: MockWebServer[54643] done accepting connections: Socket closed
Mar 06, 2022 10:05:42 PM com.squareup.okhttp.mockwebserver.MockWebServer$3 execute
INFO: MockWebServer[38351] starting to accept connections
Mar 06, 2022 10:05:42 PM com.squareup.okhttp.mockwebserver.MockWebServer$3 acceptConnections
INFO: MockWebServer[38351] done accepting connections: Socket is closed
Mar 06, 2022 10:05:42 PM com.squareup.okhttp.mockwebserver.MockWebServer$3 execute
INFO: MockWebServer[36031] starting to accept connections
Mar 06, 2022 10:05:42 PM com.squareup.okhttp.mockwebserver.MockWebServer$3 acceptConnections
INFO: MockWebServer[36031] done accepting connections: Socket is closed
Mar 06, 2022 10:05:42 PM com.squareup.okhttp.mockwebserver.MockWebServer$4 processConnection
WARNING: MockWebServer[36031] connection from /127.0.0.1 didn't make a request
Mar 06, 2022 10:05:42 PM com.squareup.okhttp.mockwebserver.MockWebServer$3 execute
INFO: MockWebServer[38063] starting to accept connections
Mar 06, 2022 10:05:42 PM com.squareup.okhttp.mockwebserver.MockWebServer$4 processOneRequest
INFO: MockWebServer[38063] received request: GET / HTTP/1.1 and responded: HTTP/1.1 200 OK
Mar 06, 2022 10:05:42 PM com.squareup.okhttp.mockwebserver.MockWebServer$3 acceptConnections
INFO: MockWebServer[38063] done accepting connections: Socket closed
Mar 06, 2022 10:05:42 PM com.squareup.okhttp.mockwebserver.MockWebServer$3 execute
INFO: MockWebServer[35879] starting to accept connections
Mar 06, 2022 10:05:42 PM com.squareup.okhttp.mockwebserver.MockWebServer$3 acceptConnections
INFO: MockWebServer[35879] done accepting connections: Socket is closed
Mar 06, 2022 10:05:42 PM com.squareup.okhttp.mockwebserver.MockWebServer$3 execute
INFO: MockWebServer[49551] starting to accept connections
Mar 06, 2022 10:05:42 PM com.squareup.okhttp.mockwebserver.MockWebServer$4 processOneRequest
INFO: MockWebServer[49551] received request: GET / HTTP/1.1 and responded: HTTP/1.1 200 OK
Mar 06, 2022 10:05:42 PM com.squareup.okhttp.mockwebserver.MockWebServer$3 acceptConnections
INFO: MockWebServer[49551] done accepting connections: Socket closed
Mar 06, 2022 10:05:42 PM com.squareup.okhttp.mockwebserver.MockWebServer$3 execute
INFO: MockWebServer[53107] starting to accept connections
Mar 06, 2022 10:05:43 PM com.squareup.okhttp.mockwebserver.MockWebServer$4 processOneRequest
INFO: MockWebServer[53107] received request: GET / HTTP/1.1 and responded: HTTP/1.1 200 OK
Mar 06, 2022 10:05:43 PM com.squareup.okhttp.mockwebserver.MockWebServer$3 acceptConnections
INFO: MockWebServer[53107] done accepting connections: Socket closed
Mar 06, 2022 10:05:43 PM com.squareup.okhttp.mockwebserver.MockWebServer$3 execute
INFO: MockWebServer[42781] starting to accept connections
Mar 06, 2022 10:05:43 PM com.squareup.okhttp.mockwebserver.MockWebServer$3 acceptConnections
INFO: MockWebServer[42781] done accepting connections: Socket is closed
Mar 06, 2022 10:05:43 PM com.squareup.okhttp.mockwebserver.MockWebServer$3 execute
INFO: MockWebServer[57117] starting to accept connections
Mar 06, 2022 10:05:43 PM com.squareup.okhttp.mockwebserver.MockWebServer$4 processOneRequest
INFO: MockWebServer[57117] received request: GET / HTTP/1.1 and responded: HTTP/1.1 200 OK
Mar 06, 2022 10:05:43 PM com.squareup.okhttp.mockwebserver.MockWebServer$3 acceptConnections
INFO: MockWebServer[57117] done accepting connections: Socket closed
Mar 06, 2022 10:05:43 PM com.squareup.okhttp.mockwebserver.MockWebServer$3 execute
INFO: MockWebServer[35721] starting to accept connections
Mar 06, 2022 10:05:43 PM com.squareup.okhttp.mockwebserver.MockWebServer$3 execute
INFO: MockWebServer[40493] starting to accept connections
Mar 06, 2022 10:05:43 PM com.squareup.okhttp.mockwebserver.MockWebServer$3 acceptConnections
INFO: MockWebServer[40493] done accepting connections: Socket is closed
Mar 06, 2022 10:05:43 PM com.squareup.okhttp.mockwebserver.MockWebServer$3 acceptConnections
INFO: MockWebServer[35721] done accepting connections: Socket closed
Mar 06, 2022 10:05:43 PM com.squareup.okhttp.mockwebserver.MockWebServer$3 execute
INFO: MockWebServer[45377] starting to accept connections
Mar 06, 2022 10:05:43 PM com.squareup.okhttp.mockwebserver.MockWebServer$3 acceptConnections
INFO: MockWebServer[45377] done accepting connections: Socket closed
Mar 06, 2022 10:05:43 PM com.squareup.okhttp.mockwebserver.MockWebServer$3 execute
INFO: MockWebServer[38493] starting to accept connections
Mar 06, 2022 10:05:43 PM com.squareup.okhttp.mockwebserver.MockWebServer$3 acceptConnections
INFO: MockWebServer[38493] done accepting connections: Socket is closed
Mar 06, 2022 10:05:43 PM com.squareup.okhttp.mockwebserver.MockWebServer$3 execute
INFO: MockWebServer[39497] starting to accept connections
Mar 06, 2022 10:05:43 PM com.squareup.okhttp.mockwebserver.MockWebServer$3 acceptConnections
INFO: MockWebServer[39497] done accepting connections: Socket is closed
Mar 06, 2022 10:05:43 PM com.squareup.okhttp.mockwebserver.MockWebServer$3 execute
INFO: MockWebServer[57519] starting to accept connections
Mar 06, 2022 10:05:44 PM com.squareup.okhttp.mockwebserver.MockWebServer$4 processOneRequest
INFO: MockWebServer[57519] received request: POST / HTTP/1.1 and responded: HTTP/1.1 200 OK
Mar 06, 2022 10:05:44 PM com.squareup.okhttp.mockwebserver.MockWebServer$3 acceptConnections
INFO: MockWebServer[57519] done accepting connections: Socket closed
Mar 06, 2022 10:05:44 PM com.squareup.okhttp.mockwebserver.MockWebServer$3 execute
INFO: MockWebServer[60519] starting to accept connections
Mar 06, 2022 10:05:44 PM com.squareup.okhttp.mockwebserver.MockWebServer$3 acceptConnections
INFO: MockWebServer[60519] done accepting connections: Socket is closed
Mar 06, 2022 10:05:44 PM com.squareup.okhttp.mockwebserver.MockWebServer$3 execute
INFO: MockWebServer[36679] starting to accept connections
Mar 06, 2022 10:05:44 PM com.squareup.okhttp.mockwebserver.MockWebServer$4 processOneRequest
INFO: MockWebServer[36679] received request: GET /a HTTP/1.1 and responded: HTTP/1.1 200 OK
Mar 06, 2022 10:05:44 PM com.squareup.okhttp.mockwebserver.MockWebServer$4 processOneRequest
INFO: MockWebServer[36679] received request: GET /b HTTP/1.1 and responded: HTTP/1.1 200 OK
Mar 06, 2022 10:05:44 PM com.squareup.okhttp.mockwebserver.MockWebServer$3 acceptConnections
INFO: MockWebServer[36679] done accepting connections: Socket closed
Tests run: 21, Failures: 0, Errors: 0, Skipped: 0, Time elapsed: 4.085 sec - in com.squareup.okhttp.mockwebserver.MockWebServerTest
Uninstalled aggressive uncaught exception handler

Results :

Tests run: 23, Failures: 0, Errors: 0, Skipped: 0

[INFO] 
[INFO] --- animal-sniffer-maven-plugin:1.11:check (default) @ mockwebserver ---
[INFO] Checking unresolved references to org.codehaus.mojo.signature:java16:1.1
[INFO]                                                                         
[INFO] ------------------------------------------------------------------------
[INFO] Building OkHttp URLConnection 2.5.0-SNAPSHOT
[INFO] ------------------------------------------------------------------------
[INFO] 
[INFO] --- maven-enforcer-plugin:1.0:enforce (enforce-maven) @ okhttp-urlconnection ---
[INFO] 
[INFO] --- maven-resources-plugin:2.6:resources (default-resources) @ okhttp-urlconnection ---
[INFO] Using 'UTF-8' encoding to copy filtered resources.
[INFO] skip non existing resourceDirectory /home/travis/build/failed/square/okhttp/okhttp-urlconnection/src/main/resources
[INFO] 
[INFO] --- maven-compiler-plugin:3.0:compile (default-compile) @ okhttp-urlconnection ---
[INFO] Changes detected - recompiling the module!
[INFO] Compiling 4 source files to /home/travis/build/failed/square/okhttp/okhttp-urlconnection/target/classes
[INFO] 
[INFO] --- maven-resources-plugin:2.6:testResources (default-testResources) @ okhttp-urlconnection ---
[INFO] Using 'UTF-8' encoding to copy filtered resources.
[INFO] skip non existing resourceDirectory /home/travis/build/failed/square/okhttp/okhttp-urlconnection/src/test/resources
[INFO] 
[INFO] --- maven-compiler-plugin:3.0:testCompile (default-testCompile) @ okhttp-urlconnection ---
[INFO] Changes detected - recompiling the module!
[INFO] Compiling 3 source files to /home/travis/build/failed/square/okhttp/okhttp-urlconnection/target/test-classes
[WARNING] /home/travis/build/failed/square/okhttp/okhttp-urlconnection/src/test/java/com/squareup/okhttp/OkUrlFactoryTest.java: Some input files use or override a deprecated API.
[WARNING] /home/travis/build/failed/square/okhttp/okhttp-urlconnection/src/test/java/com/squareup/okhttp/OkUrlFactoryTest.java: Recompile with -Xlint:deprecation for details.
[INFO] 
[INFO] --- maven-surefire-plugin:2.17:test (default-test) @ okhttp-urlconnection ---
[INFO] Surefire report directory: /home/travis/build/failed/square/okhttp/okhttp-urlconnection/target/surefire-reports
[INFO] Using configured provider org.apache.maven.surefire.junitcore.JUnitCoreProvider
[INFO] parallel='none', perCoreThreadCount=true, threadCount=0, useUnlimitedThreads=false, threadCountSuites=0, threadCountClasses=0, threadCountMethods=0, parallelOptimized=true

-------------------------------------------------------
 T E S T S
-------------------------------------------------------
Installing aggressive uncaught exception handler
Running com.squareup.okhttp.OkUrlFactoryTest
Mar 06, 2022 10:05:45 PM com.squareup.okhttp.mockwebserver.MockWebServer$3 execute
INFO: MockWebServer[58817] starting to accept connections
Mar 06, 2022 10:05:45 PM com.squareup.okhttp.mockwebserver.MockWebServer$4 processOneRequest
INFO: MockWebServer[58817] received request: GET /a HTTP/1.1 and responded: HTTP/1.1 302 OK
Mar 06, 2022 10:05:45 PM com.squareup.okhttp.mockwebserver.MockWebServer$3 acceptConnections
INFO: MockWebServer[58817] done accepting connections: Socket closed
Mar 06, 2022 10:05:45 PM com.squareup.okhttp.mockwebserver.MockWebServer$3 execute
INFO: MockWebServer[52707] starting to accept connections
Mar 06, 2022 10:05:45 PM com.squareup.okhttp.mockwebserver.MockWebServer$4 processOneRequest
INFO: MockWebServer[52707] received request: GET / HTTP/1.1 and responded: HTTP/1.1 404 OK
Mar 06, 2022 10:05:45 PM com.squareup.okhttp.mockwebserver.MockWebServer$3 acceptConnections
INFO: MockWebServer[52707] done accepting connections: Socket closed
Mar 06, 2022 10:05:45 PM com.squareup.okhttp.mockwebserver.MockWebServer$3 execute
INFO: MockWebServer[55093] starting to accept connections
Mar 06, 2022 10:05:45 PM com.squareup.okhttp.mockwebserver.MockWebServer$4 processOneRequest
INFO: MockWebServer[55093] received request: GET / HTTP/1.1 and responded: HTTP/1.1 200 OK
Mar 06, 2022 10:05:45 PM com.squareup.okhttp.mockwebserver.MockWebServer$3 acceptConnections
INFO: MockWebServer[55093] done accepting connections: Socket closed
Mar 06, 2022 10:05:45 PM com.squareup.okhttp.mockwebserver.MockWebServer$3 execute
INFO: MockWebServer[40173] starting to accept connections
Mar 06, 2022 10:05:45 PM com.squareup.okhttp.mockwebserver.MockWebServer$4 processOneRequest
INFO: MockWebServer[40173] received request: GET / HTTP/1.1 and responded: HTTP/1.1 200 OK
Mar 06, 2022 10:05:45 PM com.squareup.okhttp.mockwebserver.MockWebServer$4 processOneRequest
INFO: MockWebServer[40173] received request: GET / HTTP/1.1 and responded: HTTP/1.1 200 OK
Mar 06, 2022 10:05:45 PM com.squareup.okhttp.mockwebserver.MockWebServer$3 acceptConnections
INFO: MockWebServer[40173] done accepting connections: Socket closed
Mar 06, 2022 10:05:45 PM com.squareup.okhttp.mockwebserver.MockWebServer$3 execute
INFO: MockWebServer[35673] starting to accept connections
Mar 06, 2022 10:05:45 PM com.squareup.okhttp.mockwebserver.MockWebServer$4 processOneRequest
INFO: MockWebServer[35673] received request: GET / HTTP/1.1 and responded: HTTP/1.1 200 OK
Mar 06, 2022 10:05:45 PM com.squareup.okhttp.mockwebserver.MockWebServer$3 acceptConnections
INFO: MockWebServer[35673] done accepting connections: Socket closed
Mar 06, 2022 10:05:45 PM com.squareup.okhttp.mockwebserver.MockWebServer$3 execute
INFO: MockWebServer[52107] starting to accept connections
Mar 06, 2022 10:05:45 PM com.squareup.okhttp.mockwebserver.MockWebServer$4 processOneRequest
INFO: MockWebServer[52107] received request: GET / HTTP/1.1 and responded: HTTP/1.1 200 OK
Mar 06, 2022 10:05:45 PM com.squareup.okhttp.mockwebserver.MockWebServer$4 processOneRequest
INFO: MockWebServer[52107] received request: GET / HTTP/1.1 and responded: HTTP/1.1 304 OK
Mar 06, 2022 10:05:45 PM com.squareup.okhttp.mockwebserver.MockWebServer$3 acceptConnections
INFO: MockWebServer[52107] done accepting connections: Socket closed
Mar 06, 2022 10:05:45 PM com.squareup.okhttp.mockwebserver.MockWebServer$3 execute
INFO: MockWebServer[52525] starting to accept connections
Mar 06, 2022 10:05:45 PM com.squareup.okhttp.mockwebserver.MockWebServer$4 processOneRequest
INFO: MockWebServer[52525] received request: GET / HTTP/1.1 and responded: HTTP/1.1 200 OK
Mar 06, 2022 10:05:45 PM com.squareup.okhttp.mockwebserver.MockWebServer$3 acceptConnections
INFO: MockWebServer[52525] done accepting connections: Socket closed
Mar 06, 2022 10:05:45 PM com.squareup.okhttp.mockwebserver.MockWebServer$3 execute
INFO: MockWebServer[56079] starting to accept connections
Mar 06, 2022 10:05:45 PM com.squareup.okhttp.mockwebserver.MockWebServer$4 processOneRequest
INFO: MockWebServer[56079] received request: GET / HTTP/1.1 and responded: HTTP/1.1 407 OK
Mar 06, 2022 10:05:45 PM com.squareup.okhttp.mockwebserver.MockWebServer$3 acceptConnections
INFO: MockWebServer[56079] done accepting connections: Socket closed
Tests run: 8, Failures: 0, Errors: 0, Skipped: 0, Time elapsed: 0.734 sec - in com.squareup.okhttp.OkUrlFactoryTest
Running com.squareup.okhttp.UrlConnectionCacheTest
Mar 06, 2022 10:05:46 PM com.squareup.okhttp.mockwebserver.MockWebServer$3 execute
INFO: MockWebServer[33227] starting to accept connections
Mar 06, 2022 10:05:46 PM com.squareup.okhttp.mockwebserver.MockWebServer$3 execute
INFO: MockWebServer[58875] starting to accept connections
Mar 06, 2022 10:05:46 PM com.squareup.okhttp.mockwebserver.MockWebServer$3 acceptConnections
INFO: MockWebServer[58875] done accepting connections: Socket closed
Mar 06, 2022 10:05:46 PM com.squareup.okhttp.mockwebserver.MockWebServer$3 acceptConnections
INFO: MockWebServer[33227] done accepting connections: Socket closed
Mar 06, 2022 10:05:46 PM com.squareup.okhttp.mockwebserver.MockWebServer$3 execute
INFO: MockWebServer[59777] starting to accept connections
Mar 06, 2022 10:05:46 PM com.squareup.okhttp.mockwebserver.MockWebServer$3 execute
INFO: MockWebServer[48025] starting to accept connections
Mar 06, 2022 10:05:46 PM com.squareup.okhttp.mockwebserver.MockWebServer$4 processOneRequest
INFO: MockWebServer[48025] received request: GET /a HTTP/1.1 and responded: HTTP/1.1 200 OK
Mar 06, 2022 10:05:46 PM com.squareup.okhttp.mockwebserver.MockWebServer$4 processOneRequest
INFO: MockWebServer[48025] received request: GET /a HTTP/1.1 and responded: HTTP/1.1 304 OK
Mar 06, 2022 10:05:46 PM com.squareup.okhttp.mockwebserver.MockWebServer$3 acceptConnections
INFO: MockWebServer[48025] done accepting connections: Socket closed
Mar 06, 2022 10:05:46 PM com.squareup.okhttp.mockwebserver.MockWebServer$3 acceptConnections
INFO: MockWebServer[59777] done accepting connections: Socket closed
Mar 06, 2022 10:05:46 PM com.squareup.okhttp.mockwebserver.MockWebServer$3 execute
INFO: MockWebServer[39323] starting to accept connections
Mar 06, 2022 10:05:46 PM com.squareup.okhttp.mockwebserver.MockWebServer$3 execute
INFO: MockWebServer[43837] starting to accept connections
Mar 06, 2022 10:05:46 PM com.squareup.okhttp.mockwebserver.MockWebServer$4 processOneRequest
INFO: MockWebServer[43837] received request: GET / HTTP/1.1 and responded: HTTP/1.1 200 OK
Mar 06, 2022 10:05:46 PM com.squareup.okhttp.mockwebserver.MockWebServer$4 processOneRequest
INFO: MockWebServer[43837] received request: GET / HTTP/1.1 and responded: HTTP/1.1 304 OK
Mar 06, 2022 10:05:46 PM com.squareup.okhttp.mockwebserver.MockWebServer$4 processOneRequest
INFO: MockWebServer[43837] received request: GET / HTTP/1.1 and responded: HTTP/1.1 304 OK
Mar 06, 2022 10:05:46 PM com.squareup.okhttp.mockwebserver.MockWebServer$3 acceptConnections
INFO: MockWebServer[43837] done accepting connections: Socket closed
Mar 06, 2022 10:05:46 PM com.squareup.okhttp.mockwebserver.MockWebServer$3 acceptConnections
INFO: MockWebServer[39323] done accepting connections: Socket closed
Mar 06, 2022 10:05:46 PM com.squareup.okhttp.mockwebserver.MockWebServer$3 execute
INFO: MockWebServer[42361] starting to accept connections
Mar 06, 2022 10:05:46 PM com.squareup.okhttp.mockwebserver.MockWebServer$3 execute
INFO: MockWebServer[60841] starting to accept connections
Mar 06, 2022 10:05:46 PM com.squareup.okhttp.mockwebserver.MockWebServer$4 processOneRequest
INFO: MockWebServer[60841] received request: GET / HTTP/1.1 and responded: HTTP/1.1 200 OK
Mar 06, 2022 10:05:46 PM com.squareup.okhttp.mockwebserver.MockWebServer$3 acceptConnections
INFO: MockWebServer[60841] done accepting connections: Socket closed
Mar 06, 2022 10:05:46 PM com.squareup.okhttp.mockwebserver.MockWebServer$3 acceptConnections
INFO: MockWebServer[42361] done accepting connections: Socket closed
Mar 06, 2022 10:05:46 PM com.squareup.okhttp.mockwebserver.MockWebServer$3 execute
INFO: MockWebServer[43769] starting to accept connections
Mar 06, 2022 10:05:46 PM com.squareup.okhttp.mockwebserver.MockWebServer$3 execute
INFO: MockWebServer[41237] starting to accept connections
Mar 06, 2022 10:05:46 PM com.squareup.okhttp.mockwebserver.MockWebServer$4 processOneRequest
INFO: MockWebServer[41237] received request: GET /foo HTTP/1.1 and responded: HTTP/1.1 200 OK
Mar 06, 2022 10:05:46 PM com.squareup.okhttp.mockwebserver.MockWebServer$4 processOneRequest
INFO: MockWebServer[41237] received request: GET /bar HTTP/1.1 and responded: HTTP/1.1 200 OK
Mar 06, 2022 10:05:46 PM com.squareup.okhttp.mockwebserver.MockWebServer$3 acceptConnections
INFO: MockWebServer[41237] done accepting connections: Socket closed
Mar 06, 2022 10:05:46 PM com.squareup.okhttp.mockwebserver.MockWebServer$3 acceptConnections
INFO: MockWebServer[43769] done accepting connections: Socket closed
Mar 06, 2022 10:05:46 PM com.squareup.okhttp.mockwebserver.MockWebServer$3 execute
INFO: MockWebServer[60863] starting to accept connections
Mar 06, 2022 10:05:46 PM com.squareup.okhttp.mockwebserver.MockWebServer$3 execute
INFO: MockWebServer[33405] starting to accept connections
Mar 06, 2022 10:05:46 PM com.squareup.okhttp.mockwebserver.MockWebServer$4 processOneRequest
INFO: MockWebServer[33405] received request: POST / HTTP/1.1 and responded: HTTP/1.1 200 OK
Mar 06, 2022 10:05:46 PM com.squareup.okhttp.mockwebserver.MockWebServer$4 processOneRequest
INFO: MockWebServer[33405] received request: GET / HTTP/1.1 and responded: HTTP/1.1 200 OK
Mar 06, 2022 10:05:46 PM com.squareup.okhttp.mockwebserver.MockWebServer$3 acceptConnections
INFO: MockWebServer[33405] done accepting connections: Socket closed
Mar 06, 2022 10:05:46 PM com.squareup.okhttp.mockwebserver.MockWebServer$3 acceptConnections
INFO: MockWebServer[60863] done accepting connections: Socket closed
Mar 06, 2022 10:05:46 PM com.squareup.okhttp.mockwebserver.MockWebServer$3 execute
INFO: MockWebServer[54831] starting to accept connections
Mar 06, 2022 10:05:46 PM com.squareup.okhttp.mockwebserver.MockWebServer$3 execute
INFO: MockWebServer[42289] starting to accept connections
Mar 06, 2022 10:05:46 PM com.squareup.okhttp.mockwebserver.MockWebServer$4 processOneRequest
INFO: MockWebServer[42289] received request: GET / HTTP/1.1 and responded: HTTP/1.1 200 OK
Mar 06, 2022 10:05:46 PM com.squareup.okhttp.mockwebserver.MockWebServer$3 acceptConnections
INFO: MockWebServer[42289] done accepting connections: Socket closed
Mar 06, 2022 10:05:46 PM com.squareup.okhttp.mockwebserver.MockWebServer$3 acceptConnections
INFO: MockWebServer[54831] done accepting connections: Socket closed
Mar 06, 2022 10:05:46 PM com.squareup.okhttp.mockwebserver.MockWebServer$3 execute
INFO: MockWebServer[58689] starting to accept connections
Mar 06, 2022 10:05:46 PM com.squareup.okhttp.mockwebserver.MockWebServer$3 execute
INFO: MockWebServer[45935] starting to accept connections
Mar 06, 2022 10:05:46 PM com.squareup.okhttp.mockwebserver.MockWebServer$4 processOneRequest
INFO: MockWebServer[45935] received request: GET / HTTP/1.1 and responded: HTTP/1.1 200 OK
Mar 06, 2022 10:05:46 PM com.squareup.okhttp.mockwebserver.MockWebServer$3 acceptConnections
INFO: MockWebServer[45935] done accepting connections: Socket closed
Mar 06, 2022 10:05:47 PM com.squareup.okhttp.mockwebserver.MockWebServer$4 processOneRequest
INFO: MockWebServer[45935] received request: GET / HTTP/1.1 and responded: HTTP/1.1 200 OK
Mar 06, 2022 10:05:47 PM com.squareup.okhttp.mockwebserver.MockWebServer$4 processConnection
WARNING: MockWebServer[45935] connection from /127.0.0.1 didn't make a request
Mar 06, 2022 10:05:47 PM com.squareup.okhttp.mockwebserver.MockWebServer$3 acceptConnections
INFO: MockWebServer[58689] done accepting connections: Socket closed
Mar 06, 2022 10:05:47 PM com.squareup.okhttp.mockwebserver.MockWebServer$3 execute
INFO: MockWebServer[60721] starting to accept connections
Mar 06, 2022 10:05:47 PM com.squareup.okhttp.mockwebserver.MockWebServer$3 execute
INFO: MockWebServer[51779] starting to accept connections
Mar 06, 2022 10:05:47 PM com.squareup.okhttp.mockwebserver.MockWebServer$4 processOneRequest
INFO: MockWebServer[51779] received request: GET / HTTP/1.1 and responded: HTTP/1.1 200 OK
Mar 06, 2022 10:05:47 PM com.squareup.okhttp.mockwebserver.MockWebServer$3 acceptConnections
INFO: MockWebServer[51779] done accepting connections: Socket closed
Mar 06, 2022 10:05:47 PM com.squareup.okhttp.mockwebserver.MockWebServer$3 acceptConnections
INFO: MockWebServer[60721] done accepting connections: Socket closed
Mar 06, 2022 10:05:47 PM com.squareup.okhttp.mockwebserver.MockWebServer$3 execute
INFO: MockWebServer[51733] starting to accept connections
Mar 06, 2022 10:05:47 PM com.squareup.okhttp.mockwebserver.MockWebServer$3 execute
INFO: MockWebServer[49519] starting to accept connections
Mar 06, 2022 10:05:47 PM com.squareup.okhttp.mockwebserver.MockWebServer$4 processOneRequest
INFO: MockWebServer[49519] received request: GET /%3Ffoo=bar HTTP/1.1 and responded: HTTP/1.1 200 OK
Mar 06, 2022 10:05:47 PM com.squareup.okhttp.mockwebserver.MockWebServer$3 acceptConnections
INFO: MockWebServer[49519] done accepting connections: Socket closed
Mar 06, 2022 10:05:47 PM com.squareup.okhttp.mockwebserver.MockWebServer$3 acceptConnections
INFO: MockWebServer[51733] done accepting connections: Socket closed
Mar 06, 2022 10:05:47 PM com.squareup.okhttp.mockwebserver.MockWebServer$3 execute
INFO: MockWebServer[44423] starting to accept connections
Mar 06, 2022 10:05:47 PM com.squareup.okhttp.mockwebserver.MockWebServer$3 execute
INFO: MockWebServer[55379] starting to accept connections
Mar 06, 2022 10:05:47 PM com.squareup.okhttp.mockwebserver.MockWebServer$4 processOneRequest
INFO: MockWebServer[55379] received request: GET / HTTP/1.1 and responded: HTTP/1.1 200 OK
Mar 06, 2022 10:05:47 PM com.squareup.okhttp.mockwebserver.MockWebServer$3 acceptConnections
INFO: MockWebServer[55379] done accepting connections: Socket closed
Mar 06, 2022 10:05:47 PM com.squareup.okhttp.mockwebserver.MockWebServer$3 acceptConnections
INFO: MockWebServer[44423] done accepting connections: Socket closed
Mar 06, 2022 10:05:47 PM com.squareup.okhttp.mockwebserver.MockWebServer$3 execute
INFO: MockWebServer[37593] starting to accept connections
Mar 06, 2022 10:05:47 PM com.squareup.okhttp.mockwebserver.MockWebServer$3 execute
INFO: MockWebServer[60613] starting to accept connections
Mar 06, 2022 10:05:47 PM com.squareup.okhttp.mockwebserver.MockWebServer$4 processOneRequest
INFO: MockWebServer[60613] received request: GET / HTTP/1.1 and responded: HTTP/1.1 200 OK
Mar 06, 2022 10:05:47 PM com.squareup.okhttp.mockwebserver.MockWebServer$4 processOneRequest
INFO: MockWebServer[60613] received request: GET / HTTP/1.1 and responded: HTTP/1.1 200 OK
Mar 06, 2022 10:05:47 PM com.squareup.okhttp.mockwebserver.MockWebServer$3 acceptConnections
INFO: MockWebServer[60613] done accepting connections: Socket closed
Mar 06, 2022 10:05:47 PM com.squareup.okhttp.mockwebserver.MockWebServer$3 acceptConnections
INFO: MockWebServer[37593] done accepting connections: Socket closed
Mar 06, 2022 10:05:47 PM com.squareup.okhttp.mockwebserver.MockWebServer$3 execute
INFO: MockWebServer[45043] starting to accept connections
Mar 06, 2022 10:05:47 PM com.squareup.okhttp.mockwebserver.MockWebServer$3 execute
INFO: MockWebServer[33897] starting to accept connections
Mar 06, 2022 10:05:47 PM com.squareup.okhttp.mockwebserver.MockWebServer$4 processOneRequest
INFO: MockWebServer[33897] received request: GET / HTTP/1.1 and responded: HTTP/1.1 200 Fantastic
Mar 06, 2022 10:05:47 PM com.squareup.okhttp.mockwebserver.MockWebServer$3 acceptConnections
INFO: MockWebServer[33897] done accepting connections: Socket closed
Mar 06, 2022 10:05:47 PM com.squareup.okhttp.mockwebserver.MockWebServer$3 acceptConnections
INFO: MockWebServer[45043] done accepting connections: Socket closed
Mar 06, 2022 10:05:47 PM com.squareup.okhttp.mockwebserver.MockWebServer$3 execute
INFO: MockWebServer[60311] starting to accept connections
Mar 06, 2022 10:05:47 PM com.squareup.okhttp.mockwebserver.MockWebServer$3 execute
INFO: MockWebServer[47437] starting to accept connections
Mar 06, 2022 10:05:47 PM com.squareup.okhttp.mockwebserver.MockWebServer$4 processOneRequest
INFO: MockWebServer[47437] received request: GET / HTTP/1.1 and responded: HTTP/1.1 304 OK
Mar 06, 2022 10:05:47 PM com.squareup.okhttp.mockwebserver.MockWebServer$3 acceptConnections
INFO: MockWebServer[47437] done accepting connections: Socket closed
Mar 06, 2022 10:05:47 PM com.squareup.okhttp.mockwebserver.MockWebServer$3 acceptConnections
INFO: MockWebServer[60311] done accepting connections: Socket closed
Mar 06, 2022 10:05:47 PM com.squareup.okhttp.mockwebserver.MockWebServer$3 execute
INFO: MockWebServer[49643] starting to accept connections
Mar 06, 2022 10:05:47 PM com.squareup.okhttp.mockwebserver.MockWebServer$3 execute
INFO: MockWebServer[36169] starting to accept connections
Mar 06, 2022 10:05:47 PM com.squareup.okhttp.mockwebserver.MockWebServer$4 processOneRequest
INFO: MockWebServer[36169] received request: GET / HTTP/1.1 and responded: HTTP/1.1 200 OK
Mar 06, 2022 10:05:47 PM com.squareup.okhttp.mockwebserver.MockWebServer$4 processOneRequest
INFO: MockWebServer[36169] received request: GET / HTTP/1.1 and responded: HTTP/1.1 200 OK
Mar 06, 2022 10:05:47 PM com.squareup.okhttp.mockwebserver.MockWebServer$3 acceptConnections
INFO: MockWebServer[36169] done accepting connections: Socket closed
Mar 06, 2022 10:05:47 PM com.squareup.okhttp.mockwebserver.MockWebServer$3 acceptConnections
INFO: MockWebServer[49643] done accepting connections: Socket closed
Mar 06, 2022 10:05:47 PM com.squareup.okhttp.mockwebserver.MockWebServer$3 execute
INFO: MockWebServer[48517] starting to accept connections
Mar 06, 2022 10:05:47 PM com.squareup.okhttp.mockwebserver.MockWebServer$3 execute
INFO: MockWebServer[52923] starting to accept connections
Mar 06, 2022 10:05:47 PM com.squareup.okhttp.mockwebserver.MockWebServer$4 processOneRequest
INFO: MockWebServer[52923] received request: GET / HTTP/1.1 and responded: HTTP/1.1 200 OK
Mar 06, 2022 10:05:47 PM com.squareup.okhttp.mockwebserver.MockWebServer$4 processOneRequest
INFO: MockWebServer[52923] received request: GET / HTTP/1.1 and responded: HTTP/1.1 200 OK
Mar 06, 2022 10:05:47 PM com.squareup.okhttp.mockwebserver.MockWebServer$3 acceptConnections
INFO: MockWebServer[52923] done accepting connections: Socket closed
Mar 06, 2022 10:05:47 PM com.squareup.okhttp.mockwebserver.MockWebServer$3 acceptConnections
INFO: MockWebServer[48517] done accepting connections: Socket closed
Mar 06, 2022 10:05:47 PM com.squareup.okhttp.mockwebserver.MockWebServer$3 execute
INFO: MockWebServer[41409] starting to accept connections
Mar 06, 2022 10:05:47 PM com.squareup.okhttp.mockwebserver.MockWebServer$3 execute
INFO: MockWebServer[60005] starting to accept connections
Mar 06, 2022 10:05:47 PM com.squareup.okhttp.mockwebserver.MockWebServer$4 processOneRequest
INFO: MockWebServer[60005] received request: PUT / HTTP/1.1 and responded: HTTP/1.1 200 OK
Mar 06, 2022 10:05:47 PM com.squareup.okhttp.mockwebserver.MockWebServer$4 processOneRequest
INFO: MockWebServer[60005] received request: GET / HTTP/1.1 and responded: HTTP/1.1 200 OK
Mar 06, 2022 10:05:47 PM com.squareup.okhttp.mockwebserver.MockWebServer$3 acceptConnections
INFO: MockWebServer[60005] done accepting connections: Socket closed
Mar 06, 2022 10:05:47 PM com.squareup.okhttp.mockwebserver.MockWebServer$3 acceptConnections
INFO: MockWebServer[41409] done accepting connections: Socket closed
Mar 06, 2022 10:05:47 PM com.squareup.okhttp.mockwebserver.MockWebServer$3 execute
INFO: MockWebServer[49535] starting to accept connections
Mar 06, 2022 10:05:47 PM com.squareup.okhttp.mockwebserver.MockWebServer$3 execute
INFO: MockWebServer[43115] starting to accept connections
Mar 06, 2022 10:05:47 PM com.squareup.okhttp.mockwebserver.MockWebServer$4 processOneRequest
INFO: MockWebServer[43115] received request: GET / HTTP/1.1 and responded: HTTP/1.1 200 OK
Mar 06, 2022 10:05:47 PM com.squareup.okhttp.mockwebserver.MockWebServer$3 acceptConnections
INFO: MockWebServer[43115] done accepting connections: Socket closed
Mar 06, 2022 10:05:47 PM com.squareup.okhttp.mockwebserver.MockWebServer$3 acceptConnections
INFO: MockWebServer[49535] done accepting connections: Socket closed
Mar 06, 2022 10:05:47 PM com.squareup.okhttp.mockwebserver.MockWebServer$3 execute
INFO: MockWebServer[43023] starting to accept connections
Mar 06, 2022 10:05:47 PM com.squareup.okhttp.mockwebserver.MockWebServer$3 execute
INFO: MockWebServer[43963] starting to accept connections
Mar 06, 2022 10:05:47 PM com.squareup.okhttp.mockwebserver.MockWebServer$4 processOneRequest
INFO: MockWebServer[43963] received request: GET / HTTP/1.1 and responded: HTTP/1.1 206 OK
Mar 06, 2022 10:05:47 PM com.squareup.okhttp.mockwebserver.MockWebServer$4 processOneRequest
INFO: MockWebServer[43963] received request: GET / HTTP/1.1 and responded: HTTP/1.1 200 OK
Mar 06, 2022 10:05:47 PM com.squareup.okhttp.mockwebserver.MockWebServer$3 acceptConnections
INFO: MockWebServer[43963] done accepting connections: Socket closed
Mar 06, 2022 10:05:47 PM com.squareup.okhttp.mockwebserver.MockWebServer$3 acceptConnections
INFO: MockWebServer[43023] done accepting connections: Socket closed
Mar 06, 2022 10:05:47 PM com.squareup.okhttp.mockwebserver.MockWebServer$3 execute
INFO: MockWebServer[38789] starting to accept connections
Mar 06, 2022 10:05:47 PM com.squareup.okhttp.mockwebserver.MockWebServer$3 execute
INFO: MockWebServer[51605] starting to accept connections
Mar 06, 2022 10:05:47 PM com.squareup.okhttp.mockwebserver.MockWebServer$4 processOneRequest
INFO: MockWebServer[51605] received request: GET /valid HTTP/1.1 and responded: HTTP/1.1 200 A-OK
Mar 06, 2022 10:05:47 PM com.squareup.okhttp.mockwebserver.MockWebServer$4 processOneRequest
INFO: MockWebServer[51605] received request: GET /valid HTTP/1.1 and responded: HTTP/1.1 304 OK
Mar 06, 2022 10:05:47 PM com.squareup.okhttp.mockwebserver.MockWebServer$4 processOneRequest
INFO: MockWebServer[51605] received request: GET /invalid HTTP/1.1 and responded: HTTP/1.1 200 B-OK
Mar 06, 2022 10:05:47 PM com.squareup.okhttp.mockwebserver.MockWebServer$4 processOneRequest
INFO: MockWebServer[51605] received request: GET /invalid HTTP/1.1 and responded: HTTP/1.1 200 C-OK
Mar 06, 2022 10:05:47 PM com.squareup.okhttp.mockwebserver.MockWebServer$3 acceptConnections
INFO: MockWebServer[51605] done accepting connections: Socket closed
Mar 06, 2022 10:05:47 PM com.squareup.okhttp.mockwebserver.MockWebServer$3 acceptConnections
INFO: MockWebServer[38789] done accepting connections: Socket closed
Mar 06, 2022 10:05:47 PM com.squareup.okhttp.mockwebserver.MockWebServer$3 execute
INFO: MockWebServer[34783] starting to accept connections
Mar 06, 2022 10:05:47 PM com.squareup.okhttp.mockwebserver.MockWebServer$3 execute
INFO: MockWebServer[45715] starting to accept connections
Mar 06, 2022 10:05:47 PM com.squareup.okhttp.mockwebserver.MockWebServer$4 processOneRequest
INFO: MockWebServer[45715] received request: GET / HTTP/1.1 and responded: HTTP/1.1 200 OK
Mar 06, 2022 10:05:47 PM com.squareup.okhttp.mockwebserver.MockWebServer$3 acceptConnections
INFO: MockWebServer[45715] done accepting connections: Socket closed
Mar 06, 2022 10:05:47 PM com.squareup.okhttp.mockwebserver.MockWebServer$3 acceptConnections
INFO: MockWebServer[34783] done accepting connections: Socket closed
Mar 06, 2022 10:05:47 PM com.squareup.okhttp.mockwebserver.MockWebServer$3 execute
INFO: MockWebServer[55373] starting to accept connections
Mar 06, 2022 10:05:47 PM com.squareup.okhttp.mockwebserver.MockWebServer$3 execute
INFO: MockWebServer[42171] starting to accept connections
Mar 06, 2022 10:05:47 PM com.squareup.okhttp.mockwebserver.MockWebServer$4 processOneRequest
INFO: MockWebServer[42171] received request: GET / HTTP/1.1 and responded: HTTP/1.1 200 OK
Mar 06, 2022 10:05:47 PM com.squareup.okhttp.mockwebserver.MockWebServer$4 processOneRequest
INFO: MockWebServer[42171] received request: GET / HTTP/1.1 and responded: HTTP/1.1 200 OK
Mar 06, 2022 10:05:47 PM com.squareup.okhttp.mockwebserver.MockWebServer$3 acceptConnections
INFO: MockWebServer[42171] done accepting connections: Socket closed
Mar 06, 2022 10:05:47 PM com.squareup.okhttp.mockwebserver.MockWebServer$3 acceptConnections
INFO: MockWebServer[55373] done accepting connections: Socket closed
Mar 06, 2022 10:05:47 PM com.squareup.okhttp.mockwebserver.MockWebServer$3 execute
INFO: MockWebServer[45311] starting to accept connections
Mar 06, 2022 10:05:47 PM com.squareup.okhttp.mockwebserver.MockWebServer$3 execute
INFO: MockWebServer[45641] starting to accept connections
Mar 06, 2022 10:05:47 PM com.squareup.okhttp.mockwebserver.MockWebServer$3 acceptConnections
INFO: MockWebServer[45641] done accepting connections: Socket is closed
Mar 06, 2022 10:05:47 PM com.squareup.okhttp.mockwebserver.MockWebServer$3 acceptConnections
INFO: MockWebServer[45311] done accepting connections: Socket closed
Mar 06, 2022 10:05:47 PM com.squareup.okhttp.mockwebserver.MockWebServer$3 execute
INFO: MockWebServer[59461] starting to accept connections
Mar 06, 2022 10:05:47 PM com.squareup.okhttp.mockwebserver.MockWebServer$3 execute
INFO: MockWebServer[49553] starting to accept connections
Mar 06, 2022 10:05:47 PM com.squareup.okhttp.mockwebserver.MockWebServer$4 processOneRequest
INFO: MockWebServer[49553] received request: HEAD / HTTP/1.1 and responded: HTTP/1.1 200 OK
Mar 06, 2022 10:05:47 PM com.squareup.okhttp.mockwebserver.MockWebServer$4 processOneRequest
INFO: MockWebServer[49553] received request: GET / HTTP/1.1 and responded: HTTP/1.1 200 OK
Mar 06, 2022 10:05:47 PM com.squareup.okhttp.mockwebserver.MockWebServer$3 acceptConnections
INFO: MockWebServer[49553] done accepting connections: Socket closed
Mar 06, 2022 10:05:47 PM com.squareup.okhttp.mockwebserver.MockWebServer$3 acceptConnections
INFO: MockWebServer[59461] done accepting connections: Socket closed
Mar 06, 2022 10:05:47 PM com.squareup.okhttp.mockwebserver.MockWebServer$3 execute
INFO: MockWebServer[53989] starting to accept connections
Mar 06, 2022 10:05:47 PM com.squareup.okhttp.mockwebserver.MockWebServer$3 execute
INFO: MockWebServer[32987] starting to accept connections
Mar 06, 2022 10:05:47 PM com.squareup.okhttp.mockwebserver.MockWebServer$4 processOneRequest
INFO: MockWebServer[32987] received request: GET / HTTP/1.1 and responded: HTTP/1.1 200 OK
Mar 06, 2022 10:05:47 PM com.squareup.okhttp.mockwebserver.MockWebServer$4 processOneRequest
INFO: MockWebServer[32987] received request: GET / HTTP/1.1 and responded: HTTP/1.1 304 OK
Mar 06, 2022 10:05:47 PM com.squareup.okhttp.mockwebserver.MockWebServer$3 acceptConnections
INFO: MockWebServer[32987] done accepting connections: Socket closed
Mar 06, 2022 10:05:47 PM com.squareup.okhttp.mockwebserver.MockWebServer$3 acceptConnections
INFO: MockWebServer[53989] done accepting connections: Socket closed
Mar 06, 2022 10:05:47 PM com.squareup.okhttp.mockwebserver.MockWebServer$3 execute
INFO: MockWebServer[49289] starting to accept connections
Mar 06, 2022 10:05:47 PM com.squareup.okhttp.mockwebserver.MockWebServer$3 execute
INFO: MockWebServer[36045] starting to accept connections
Mar 06, 2022 10:05:47 PM com.squareup.okhttp.mockwebserver.MockWebServer$4 processOneRequest
INFO: MockWebServer[36045] received request: GET / HTTP/1.1 and responded: HTTP/1.1 200 OK
Mar 06, 2022 10:05:47 PM com.squareup.okhttp.mockwebserver.MockWebServer$4 processOneRequest
INFO: MockWebServer[36045] received request: GET / HTTP/1.1 and responded: HTTP/1.1 200 OK
Mar 06, 2022 10:05:48 PM com.squareup.okhttp.mockwebserver.MockWebServer$3 acceptConnections
INFO: MockWebServer[36045] done accepting connections: Socket closed
Mar 06, 2022 10:05:48 PM com.squareup.okhttp.mockwebserver.MockWebServer$3 acceptConnections
INFO: MockWebServer[49289] done accepting connections: Socket closed
Mar 06, 2022 10:05:48 PM com.squareup.okhttp.mockwebserver.MockWebServer$3 execute
INFO: MockWebServer[55231] starting to accept connections
Mar 06, 2022 10:05:48 PM com.squareup.okhttp.mockwebserver.MockWebServer$3 execute
INFO: MockWebServer[47625] starting to accept connections
Mar 06, 2022 10:05:48 PM com.squareup.okhttp.mockwebserver.MockWebServer$3 acceptConnections
INFO: MockWebServer[47625] done accepting connections: Socket closed
Mar 06, 2022 10:05:48 PM com.squareup.okhttp.mockwebserver.MockWebServer$3 acceptConnections
INFO: MockWebServer[55231] done accepting connections: Socket closed
Mar 06, 2022 10:05:48 PM com.squareup.okhttp.mockwebserver.MockWebServer$3 execute
INFO: MockWebServer[48179] starting to accept connections
Mar 06, 2022 10:05:48 PM com.squareup.okhttp.mockwebserver.MockWebServer$3 execute
INFO: MockWebServer[56293] starting to accept connections
Mar 06, 2022 10:05:48 PM com.squareup.okhttp.mockwebserver.MockWebServer$4 processOneRequest
INFO: MockWebServer[56293] received request: GET / HTTP/1.1 and responded: HTTP/1.1 200 OK
Mar 06, 2022 10:05:48 PM com.squareup.okhttp.mockwebserver.MockWebServer$3 acceptConnections
INFO: MockWebServer[56293] done accepting connections: Socket closed
Mar 06, 2022 10:05:49 PM com.squareup.okhttp.mockwebserver.MockWebServer$4 processOneRequest
INFO: MockWebServer[56293] received request: GET / HTTP/1.1 and responded: HTTP/1.1 200 OK
Mar 06, 2022 10:05:49 PM com.squareup.okhttp.mockwebserver.MockWebServer$3 acceptConnections
INFO: MockWebServer[48179] done accepting connections: Socket closed
Mar 06, 2022 10:05:49 PM com.squareup.okhttp.mockwebserver.MockWebServer$3 execute
INFO: MockWebServer[58795] starting to accept connections
Mar 06, 2022 10:05:49 PM com.squareup.okhttp.mockwebserver.MockWebServer$3 execute
INFO: MockWebServer[37269] starting to accept connections
Mar 06, 2022 10:05:49 PM com.squareup.okhttp.mockwebserver.MockWebServer$4 processOneRequest
INFO: MockWebServer[37269] received request: GET / HTTP/1.1 and responded: HTTP/1.1 200 OK
Mar 06, 2022 10:05:49 PM com.squareup.okhttp.mockwebserver.MockWebServer$4 processOneRequest
INFO: MockWebServer[37269] received request: GET / HTTP/1.1 and responded: HTTP/1.1 200 OK
Mar 06, 2022 10:05:49 PM com.squareup.okhttp.mockwebserver.MockWebServer$3 acceptConnections
INFO: MockWebServer[37269] done accepting connections: Socket closed
Mar 06, 2022 10:05:49 PM com.squareup.okhttp.mockwebserver.MockWebServer$3 acceptConnections
INFO: MockWebServer[58795] done accepting connections: Socket closed
Mar 06, 2022 10:05:49 PM com.squareup.okhttp.mockwebserver.MockWebServer$3 execute
INFO: MockWebServer[40407] starting to accept connections
Mar 06, 2022 10:05:49 PM com.squareup.okhttp.mockwebserver.MockWebServer$3 execute
INFO: MockWebServer[34027] starting to accept connections
Mar 06, 2022 10:05:49 PM com.squareup.okhttp.mockwebserver.MockWebServer$4 processOneRequest
INFO: MockWebServer[34027] received request: GET / HTTP/1.1 and responded: HTTP/1.1 200 OK
Mar 06, 2022 10:05:49 PM com.squareup.okhttp.mockwebserver.MockWebServer$4 processOneRequest
INFO: MockWebServer[34027] received request: GET / HTTP/1.1 and responded: HTTP/1.1 304 OK
Mar 06, 2022 10:05:49 PM com.squareup.okhttp.mockwebserver.MockWebServer$3 acceptConnections
INFO: MockWebServer[34027] done accepting connections: Socket closed
Mar 06, 2022 10:05:49 PM com.squareup.okhttp.mockwebserver.MockWebServer$3 acceptConnections
INFO: MockWebServer[40407] done accepting connections: Socket closed
Mar 06, 2022 10:05:49 PM com.squareup.okhttp.mockwebserver.MockWebServer$3 execute
INFO: MockWebServer[39023] starting to accept connections
Mar 06, 2022 10:05:49 PM com.squareup.okhttp.mockwebserver.MockWebServer$3 execute
INFO: MockWebServer[35785] starting to accept connections
Mar 06, 2022 10:05:49 PM com.squareup.okhttp.mockwebserver.MockWebServer$4 processOneRequest
INFO: MockWebServer[35785] received request: GET / HTTP/1.1 and responded: HTTP/1.1 301 OK
Mar 06, 2022 10:05:49 PM com.squareup.okhttp.mockwebserver.MockWebServer$FramedSocketHandler receive
INFO: MockWebServer[39023] received request: GET / HTTP/1.1 and responded: HTTP/1.1 200 OK protocol is h2
Mar 06, 2022 10:05:49 PM com.squareup.okhttp.mockwebserver.MockWebServer$3 acceptConnections
INFO: MockWebServer[35785] done accepting connections: Socket closed
Mar 06, 2022 10:05:49 PM com.squareup.okhttp.mockwebserver.MockWebServer$3 acceptConnections
INFO: MockWebServer[39023] done accepting connections: Socket closed
Mar 06, 2022 10:05:49 PM com.squareup.okhttp.mockwebserver.MockWebServer$3 execute
INFO: MockWebServer[39263] starting to accept connections
Mar 06, 2022 10:05:49 PM com.squareup.okhttp.mockwebserver.MockWebServer$3 execute
INFO: MockWebServer[54725] starting to accept connections
Mar 06, 2022 10:05:49 PM com.squareup.okhttp.mockwebserver.MockWebServer$4 processOneRequest
INFO: MockWebServer[54725] received request: GET / HTTP/1.1 and responded: HTTP/1.1 200 OK
Mar 06, 2022 10:05:49 PM com.squareup.okhttp.mockwebserver.MockWebServer$4 processOneRequest
INFO: MockWebServer[54725] received request: GET / HTTP/1.1 and responded: HTTP/1.1 304 OK
Mar 06, 2022 10:05:49 PM com.squareup.okhttp.mockwebserver.MockWebServer$3 acceptConnections
INFO: MockWebServer[54725] done accepting connections: Socket closed
Mar 06, 2022 10:05:49 PM com.squareup.okhttp.mockwebserver.MockWebServer$3 acceptConnections
INFO: MockWebServer[39263] done accepting connections: Socket closed
Mar 06, 2022 10:05:49 PM com.squareup.okhttp.mockwebserver.MockWebServer$3 execute
INFO: MockWebServer[53899] starting to accept connections
Mar 06, 2022 10:05:49 PM com.squareup.okhttp.mockwebserver.MockWebServer$3 execute
INFO: MockWebServer[33471] starting to accept connections
Mar 06, 2022 10:05:50 PM com.squareup.okhttp.mockwebserver.MockWebServer$4 processOneRequest
INFO: MockWebServer[33471] received request: GET / HTTP/1.1 and responded: HTTP/1.1 200 OK
Mar 06, 2022 10:05:50 PM com.squareup.okhttp.mockwebserver.MockWebServer$3 acceptConnections
INFO: MockWebServer[33471] done accepting connections: Socket closed
Mar 06, 2022 10:05:51 PM com.squareup.okhttp.mockwebserver.MockWebServer$4 processOneRequest
INFO: MockWebServer[33471] received request: GET / HTTP/1.1 and responded: HTTP/1.1 200 OK
Mar 06, 2022 10:05:51 PM com.squareup.okhttp.mockwebserver.MockWebServer$3 acceptConnections
INFO: MockWebServer[53899] done accepting connections: Socket closed
Mar 06, 2022 10:05:51 PM com.squareup.okhttp.mockwebserver.MockWebServer$3 execute
INFO: MockWebServer[43453] starting to accept connections
Mar 06, 2022 10:05:51 PM com.squareup.okhttp.mockwebserver.MockWebServer$3 execute
INFO: MockWebServer[33971] starting to accept connections
Mar 06, 2022 10:05:51 PM com.squareup.okhttp.mockwebserver.MockWebServer$4 processOneRequest
INFO: MockWebServer[33971] received request: GET / HTTP/1.1 and responded: HTTP/1.1 200 OK
Mar 06, 2022 10:05:51 PM com.squareup.okhttp.mockwebserver.MockWebServer$4 processOneRequest
INFO: MockWebServer[33971] received request: GET / HTTP/1.1 and responded: HTTP/1.1 200 OK
Mar 06, 2022 10:05:51 PM com.squareup.okhttp.mockwebserver.MockWebServer$3 acceptConnections
INFO: MockWebServer[33971] done accepting connections: Socket closed
Mar 06, 2022 10:05:51 PM com.squareup.okhttp.mockwebserver.MockWebServer$3 acceptConnections
INFO: MockWebServer[43453] done accepting connections: Socket closed
Mar 06, 2022 10:05:51 PM com.squareup.okhttp.mockwebserver.MockWebServer$3 execute
INFO: MockWebServer[46745] starting to accept connections
Mar 06, 2022 10:05:51 PM com.squareup.okhttp.mockwebserver.MockWebServer$3 execute
INFO: MockWebServer[52119] starting to accept connections
Mar 06, 2022 10:05:51 PM com.squareup.okhttp.mockwebserver.MockWebServer$4 processOneRequest
INFO: MockWebServer[52119] received request: GET /a HTTP/1.1 and responded: HTTP/1.1 200 OK
Mar 06, 2022 10:05:51 PM com.squareup.okhttp.mockwebserver.MockWebServer$4 processOneRequest
INFO: MockWebServer[52119] received request: GET /a HTTP/1.1 and responded: HTTP/1.1 304 OK
Mar 06, 2022 10:05:51 PM com.squareup.okhttp.mockwebserver.MockWebServer$4 processOneRequest
INFO: MockWebServer[52119] received request: GET /b HTTP/1.1 and responded: HTTP/1.1 200 OK
Mar 06, 2022 10:05:51 PM com.squareup.okhttp.mockwebserver.MockWebServer$3 acceptConnections
INFO: MockWebServer[52119] done accepting connections: Socket closed
Mar 06, 2022 10:05:51 PM com.squareup.okhttp.mockwebserver.MockWebServer$3 acceptConnections
INFO: MockWebServer[46745] done accepting connections: Socket closed
Mar 06, 2022 10:05:51 PM com.squareup.okhttp.mockwebserver.MockWebServer$3 execute
INFO: MockWebServer[56661] starting to accept connections
Mar 06, 2022 10:05:51 PM com.squareup.okhttp.mockwebserver.MockWebServer$3 execute
INFO: MockWebServer[50387] starting to accept connections
Mar 06, 2022 10:05:51 PM com.squareup.okhttp.mockwebserver.MockWebServer$4 processOneRequest
INFO: MockWebServer[50387] received request: GET / HTTP/1.1 and responded: HTTP/1.1 200 OK
Mar 06, 2022 10:05:51 PM com.squareup.okhttp.mockwebserver.MockWebServer$4 processOneRequest
INFO: MockWebServer[50387] received request: GET / HTTP/1.1 and responded: HTTP/1.1 200 OK
Mar 06, 2022 10:05:51 PM com.squareup.okhttp.mockwebserver.MockWebServer$3 acceptConnections
INFO: MockWebServer[50387] done accepting connections: Socket closed
Mar 06, 2022 10:05:51 PM com.squareup.okhttp.mockwebserver.MockWebServer$3 acceptConnections
INFO: MockWebServer[56661] done accepting connections: Socket closed
Mar 06, 2022 10:05:51 PM com.squareup.okhttp.mockwebserver.MockWebServer$3 execute
INFO: MockWebServer[39195] starting to accept connections
Mar 06, 2022 10:05:51 PM com.squareup.okhttp.mockwebserver.MockWebServer$3 execute
INFO: MockWebServer[46707] starting to accept connections
Mar 06, 2022 10:05:51 PM com.squareup.okhttp.mockwebserver.MockWebServer$4 processOneRequest
INFO: MockWebServer[46707] received request: GET / HTTP/1.1 and responded: HTTP/1.1 200 OK
Mar 06, 2022 10:05:51 PM com.squareup.okhttp.mockwebserver.MockWebServer$4 processOneRequest
INFO: MockWebServer[46707] received request: GET / HTTP/1.1 and responded: HTTP/1.1 200 OK
Mar 06, 2022 10:05:51 PM com.squareup.okhttp.mockwebserver.MockWebServer$3 acceptConnections
INFO: MockWebServer[46707] done accepting connections: Socket closed
Mar 06, 2022 10:05:51 PM com.squareup.okhttp.mockwebserver.MockWebServer$3 acceptConnections
INFO: MockWebServer[39195] done accepting connections: Socket closed
Mar 06, 2022 10:05:51 PM com.squareup.okhttp.mockwebserver.MockWebServer$3 execute
INFO: MockWebServer[34815] starting to accept connections
Mar 06, 2022 10:05:51 PM com.squareup.okhttp.mockwebserver.MockWebServer$3 execute
INFO: MockWebServer[34341] starting to accept connections
Mar 06, 2022 10:05:51 PM com.squareup.okhttp.mockwebserver.MockWebServer$4 processOneRequest
INFO: MockWebServer[34341] received request: GET / HTTP/1.1 and responded: HTTP/1.1 200 OK
Mar 06, 2022 10:05:51 PM com.squareup.okhttp.mockwebserver.MockWebServer$4 processOneRequest
INFO: MockWebServer[34341] received request: GET / HTTP/1.1 and responded: HTTP/1.1 304 OK
Mar 06, 2022 10:05:51 PM com.squareup.okhttp.mockwebserver.MockWebServer$3 acceptConnections
INFO: MockWebServer[34341] done accepting connections: Socket closed
Mar 06, 2022 10:05:51 PM com.squareup.okhttp.mockwebserver.MockWebServer$3 acceptConnections
INFO: MockWebServer[34815] done accepting connections: Socket closed
Mar 06, 2022 10:05:51 PM com.squareup.okhttp.mockwebserver.MockWebServer$3 execute
INFO: MockWebServer[56809] starting to accept connections
Mar 06, 2022 10:05:51 PM com.squareup.okhttp.mockwebserver.MockWebServer$3 execute
INFO: MockWebServer[44529] starting to accept connections
Mar 06, 2022 10:05:51 PM com.squareup.okhttp.mockwebserver.MockWebServer$4 processOneRequest
INFO: MockWebServer[44529] received request: GET / HTTP/1.1 and responded: HTTP/1.1 200 OK
Mar 06, 2022 10:05:51 PM com.squareup.okhttp.mockwebserver.MockWebServer$4 processOneRequest
INFO: MockWebServer[44529] received request: DELETE / HTTP/1.1 and responded: HTTP/1.1 200 OK
Mar 06, 2022 10:05:51 PM com.squareup.okhttp.mockwebserver.MockWebServer$4 processOneRequest
INFO: MockWebServer[44529] received request: GET / HTTP/1.1 and responded: HTTP/1.1 200 OK
Mar 06, 2022 10:05:51 PM com.squareup.okhttp.mockwebserver.MockWebServer$3 acceptConnections
INFO: MockWebServer[44529] done accepting connections: Socket closed
Mar 06, 2022 10:05:51 PM com.squareup.okhttp.mockwebserver.MockWebServer$3 acceptConnections
INFO: MockWebServer[56809] done accepting connections: Socket closed
Mar 06, 2022 10:05:51 PM com.squareup.okhttp.mockwebserver.MockWebServer$3 execute
INFO: MockWebServer[49797] starting to accept connections
Mar 06, 2022 10:05:51 PM com.squareup.okhttp.mockwebserver.MockWebServer$3 execute
INFO: MockWebServer[55197] starting to accept connections
Mar 06, 2022 10:05:51 PM com.squareup.okhttp.mockwebserver.MockWebServer$4 processOneRequest
INFO: MockWebServer[55197] received request: GET / HTTP/1.1 and responded: HTTP/1.1 304 OK
Mar 06, 2022 10:05:51 PM com.squareup.okhttp.mockwebserver.MockWebServer$3 acceptConnections
INFO: MockWebServer[55197] done accepting connections: Socket closed
Mar 06, 2022 10:05:51 PM com.squareup.okhttp.mockwebserver.MockWebServer$3 acceptConnections
INFO: MockWebServer[49797] done accepting connections: Socket closed
Mar 06, 2022 10:05:51 PM com.squareup.okhttp.mockwebserver.MockWebServer$3 execute
INFO: MockWebServer[40043] starting to accept connections
Mar 06, 2022 10:05:51 PM com.squareup.okhttp.mockwebserver.MockWebServer$3 execute
INFO: MockWebServer[60479] starting to accept connections
Mar 06, 2022 10:05:51 PM com.squareup.okhttp.mockwebserver.MockWebServer$4 processOneRequest
INFO: MockWebServer[60479] received request: GET / HTTP/1.1 and responded: HTTP/1.1 200 OK
Mar 06, 2022 10:05:51 PM com.squareup.okhttp.mockwebserver.MockWebServer$4 processOneRequest
INFO: MockWebServer[60479] received request: GET / HTTP/1.1 and responded: HTTP/1.1 304 OK
Mar 06, 2022 10:05:51 PM com.squareup.okhttp.mockwebserver.MockWebServer$3 acceptConnections
INFO: MockWebServer[60479] done accepting connections: Socket closed
Mar 06, 2022 10:05:51 PM com.squareup.okhttp.mockwebserver.MockWebServer$3 acceptConnections
INFO: MockWebServer[40043] done accepting connections: Socket closed
Mar 06, 2022 10:05:51 PM com.squareup.okhttp.mockwebserver.MockWebServer$3 execute
INFO: MockWebServer[41583] starting to accept connections
Mar 06, 2022 10:05:51 PM com.squareup.okhttp.mockwebserver.MockWebServer$3 execute
INFO: MockWebServer[38281] starting to accept connections
Mar 06, 2022 10:05:51 PM com.squareup.okhttp.mockwebserver.MockWebServer$4 processOneRequest
INFO: MockWebServer[38281] received request: GET / HTTP/1.1 and responded: HTTP/1.1 200 OK
Mar 06, 2022 10:05:51 PM com.squareup.okhttp.mockwebserver.MockWebServer$3 acceptConnections
INFO: MockWebServer[38281] done accepting connections: Socket closed
Mar 06, 2022 10:05:51 PM com.squareup.okhttp.mockwebserver.MockWebServer$3 acceptConnections
INFO: MockWebServer[41583] done accepting connections: Socket closed
Mar 06, 2022 10:05:51 PM com.squareup.okhttp.mockwebserver.MockWebServer$3 execute
INFO: MockWebServer[47077] starting to accept connections
Mar 06, 2022 10:05:51 PM com.squareup.okhttp.mockwebserver.MockWebServer$3 execute
INFO: MockWebServer[41979] starting to accept connections
Mar 06, 2022 10:05:51 PM com.squareup.okhttp.mockwebserver.MockWebServer$4 processOneRequest
INFO: MockWebServer[41979] received request: GET /valid HTTP/1.1 and responded: HTTP/1.1 200 A-OK
Mar 06, 2022 10:05:51 PM com.squareup.okhttp.mockwebserver.MockWebServer$4 processOneRequest
INFO: MockWebServer[41979] received request: GET /valid HTTP/1.1 and responded: HTTP/1.1 304 OK
Mar 06, 2022 10:05:51 PM com.squareup.okhttp.mockwebserver.MockWebServer$4 processOneRequest
INFO: MockWebServer[41979] received request: GET /invalid HTTP/1.1 and responded: HTTP/1.1 200 B-OK
Mar 06, 2022 10:05:51 PM com.squareup.okhttp.mockwebserver.MockWebServer$4 processOneRequest
INFO: MockWebServer[41979] received request: GET /invalid HTTP/1.1 and responded: HTTP/1.1 200 C-OK
Mar 06, 2022 10:05:51 PM com.squareup.okhttp.mockwebserver.MockWebServer$3 acceptConnections
INFO: MockWebServer[41979] done accepting connections: Socket closed
Mar 06, 2022 10:05:51 PM com.squareup.okhttp.mockwebserver.MockWebServer$3 acceptConnections
INFO: MockWebServer[47077] done accepting connections: Socket closed
Mar 06, 2022 10:05:51 PM com.squareup.okhttp.mockwebserver.MockWebServer$3 execute
INFO: MockWebServer[44299] starting to accept connections
Mar 06, 2022 10:05:51 PM com.squareup.okhttp.mockwebserver.MockWebServer$3 execute
INFO: MockWebServer[55247] starting to accept connections
Mar 06, 2022 10:05:51 PM com.squareup.okhttp.mockwebserver.MockWebServer$4 processOneRequest
INFO: MockWebServer[55247] received request: GET / HTTP/1.1 and responded: HTTP/1.1 200 OK
Mar 06, 2022 10:05:51 PM com.squareup.okhttp.mockwebserver.MockWebServer$4 processOneRequest
INFO: MockWebServer[55247] received request: GET / HTTP/1.1 and responded: HTTP/1.1 200 OK
Mar 06, 2022 10:05:51 PM com.squareup.okhttp.mockwebserver.MockWebServer$3 acceptConnections
INFO: MockWebServer[55247] done accepting connections: Socket closed
Mar 06, 2022 10:05:51 PM com.squareup.okhttp.mockwebserver.MockWebServer$3 acceptConnections
INFO: MockWebServer[44299] done accepting connections: Socket closed
Mar 06, 2022 10:05:51 PM com.squareup.okhttp.mockwebserver.MockWebServer$3 execute
INFO: MockWebServer[40523] starting to accept connections
Mar 06, 2022 10:05:51 PM com.squareup.okhttp.mockwebserver.MockWebServer$3 execute
INFO: MockWebServer[50685] starting to accept connections
Mar 06, 2022 10:05:51 PM com.squareup.okhttp.mockwebserver.MockWebServer$4 processOneRequest
INFO: MockWebServer[50685] received request: GET / HTTP/1.1 and responded: HTTP/1.1 200 OK
Mar 06, 2022 10:05:51 PM com.squareup.okhttp.mockwebserver.MockWebServer$4 processOneRequest
INFO: MockWebServer[50685] received request: GET / HTTP/1.1 and responded: HTTP/1.1 304 OK
Mar 06, 2022 10:05:51 PM com.squareup.okhttp.mockwebserver.MockWebServer$3 acceptConnections
INFO: MockWebServer[50685] done accepting connections: Socket closed
Mar 06, 2022 10:05:51 PM com.squareup.okhttp.mockwebserver.MockWebServer$3 acceptConnections
INFO: MockWebServer[40523] done accepting connections: Socket closed
Mar 06, 2022 10:05:51 PM com.squareup.okhttp.mockwebserver.MockWebServer$3 execute
INFO: MockWebServer[33293] starting to accept connections
Mar 06, 2022 10:05:51 PM com.squareup.okhttp.mockwebserver.MockWebServer$3 execute
INFO: MockWebServer[33497] starting to accept connections
Mar 06, 2022 10:05:51 PM com.squareup.okhttp.mockwebserver.MockWebServer$4 processOneRequest
INFO: MockWebServer[33497] received request: GET / HTTP/1.1 and responded: HTTP/1.1 200 OK
Mar 06, 2022 10:05:51 PM com.squareup.okhttp.mockwebserver.MockWebServer$4 processOneRequest
INFO: MockWebServer[33497] received request: GET / HTTP/1.1 and responded: HTTP/1.1 200 OK
Mar 06, 2022 10:05:51 PM com.squareup.okhttp.mockwebserver.MockWebServer$4 processOneRequest
INFO: MockWebServer[33497] received request: GET / HTTP/1.1 and responded: HTTP/1.1 200 OK
Mar 06, 2022 10:05:51 PM com.squareup.okhttp.mockwebserver.MockWebServer$3 acceptConnections
INFO: MockWebServer[33497] done accepting connections: Socket closed
Mar 06, 2022 10:05:51 PM com.squareup.okhttp.mockwebserver.MockWebServer$3 acceptConnections
INFO: MockWebServer[33293] done accepting connections: Socket closed
Mar 06, 2022 10:05:51 PM com.squareup.okhttp.mockwebserver.MockWebServer$3 execute
INFO: MockWebServer[41187] starting to accept connections
Mar 06, 2022 10:05:51 PM com.squareup.okhttp.mockwebserver.MockWebServer$3 execute
INFO: MockWebServer[50501] starting to accept connections
Mar 06, 2022 10:05:51 PM com.squareup.okhttp.mockwebserver.MockWebServer$4 processOneRequest
INFO: MockWebServer[50501] received request: GET /valid HTTP/1.1 and responded: HTTP/1.1 200 A-OK
Mar 06, 2022 10:05:51 PM com.squareup.okhttp.mockwebserver.MockWebServer$4 processOneRequest
INFO: MockWebServer[50501] received request: GET /valid HTTP/1.1 and responded: HTTP/1.1 304 OK
Mar 06, 2022 10:05:51 PM com.squareup.okhttp.mockwebserver.MockWebServer$4 processOneRequest
INFO: MockWebServer[50501] received request: GET /invalid HTTP/1.1 and responded: HTTP/1.1 200 B-OK
Mar 06, 2022 10:05:51 PM com.squareup.okhttp.mockwebserver.MockWebServer$4 processOneRequest
INFO: MockWebServer[50501] received request: GET /invalid HTTP/1.1 and responded: HTTP/1.1 200 C-OK
Mar 06, 2022 10:05:52 PM com.squareup.okhttp.mockwebserver.MockWebServer$3 acceptConnections
INFO: MockWebServer[50501] done accepting connections: Socket closed
Mar 06, 2022 10:05:52 PM com.squareup.okhttp.mockwebserver.MockWebServer$3 acceptConnections
INFO: MockWebServer[41187] done accepting connections: Socket closed
Mar 06, 2022 10:05:52 PM com.squareup.okhttp.mockwebserver.MockWebServer$3 execute
INFO: MockWebServer[60093] starting to accept connections
Mar 06, 2022 10:05:52 PM com.squareup.okhttp.mockwebserver.MockWebServer$3 execute
INFO: MockWebServer[46797] starting to accept connections
Mar 06, 2022 10:05:52 PM com.squareup.okhttp.mockwebserver.MockWebServer$4 processOneRequest
INFO: MockWebServer[46797] received request: GET / HTTP/1.1 and responded: HTTP/1.1 200 OK
Mar 06, 2022 10:05:52 PM com.squareup.okhttp.mockwebserver.MockWebServer$3 acceptConnections
INFO: MockWebServer[46797] done accepting connections: Socket closed
Mar 06, 2022 10:05:52 PM com.squareup.okhttp.mockwebserver.MockWebServer$3 acceptConnections
INFO: MockWebServer[60093] done accepting connections: Socket closed
Mar 06, 2022 10:05:52 PM com.squareup.okhttp.mockwebserver.MockWebServer$3 execute
INFO: MockWebServer[40281] starting to accept connections
Mar 06, 2022 10:05:52 PM com.squareup.okhttp.mockwebserver.MockWebServer$3 execute
INFO: MockWebServer[37987] starting to accept connections
Mar 06, 2022 10:05:52 PM com.squareup.okhttp.mockwebserver.MockWebServer$4 processOneRequest
INFO: MockWebServer[37987] received request: GET / HTTP/1.1 and responded: HTTP/1.1 206 OK
Mar 06, 2022 10:05:52 PM com.squareup.okhttp.mockwebserver.MockWebServer$4 processOneRequest
INFO: MockWebServer[37987] received request: GET / HTTP/1.1 and responded: HTTP/1.1 200 OK
Mar 06, 2022 10:05:52 PM com.squareup.okhttp.mockwebserver.MockWebServer$3 acceptConnections
INFO: MockWebServer[37987] done accepting connections: Socket closed
Mar 06, 2022 10:05:52 PM com.squareup.okhttp.mockwebserver.MockWebServer$3 acceptConnections
INFO: MockWebServer[40281] done accepting connections: Socket closed
Mar 06, 2022 10:05:52 PM com.squareup.okhttp.mockwebserver.MockWebServer$3 execute
INFO: MockWebServer[37531] starting to accept connections
Mar 06, 2022 10:05:52 PM com.squareup.okhttp.mockwebserver.MockWebServer$3 execute
INFO: MockWebServer[49691] starting to accept connections
Mar 06, 2022 10:05:52 PM com.squareup.okhttp.mockwebserver.MockWebServer$4 processOneRequest
INFO: MockWebServer[49691] received request: OPTIONS / HTTP/1.1 and responded: HTTP/1.1 200 OK
Mar 06, 2022 10:05:52 PM com.squareup.okhttp.mockwebserver.MockWebServer$4 processOneRequest
INFO: MockWebServer[49691] received request: GET / HTTP/1.1 and responded: HTTP/1.1 200 OK
Mar 06, 2022 10:05:52 PM com.squareup.okhttp.mockwebserver.MockWebServer$3 acceptConnections
INFO: MockWebServer[49691] done accepting connections: Socket closed
Mar 06, 2022 10:05:52 PM com.squareup.okhttp.mockwebserver.MockWebServer$3 acceptConnections
INFO: MockWebServer[37531] done accepting connections: Socket closed
Mar 06, 2022 10:05:52 PM com.squareup.okhttp.mockwebserver.MockWebServer$3 execute
INFO: MockWebServer[36567] starting to accept connections
Mar 06, 2022 10:05:52 PM com.squareup.okhttp.mockwebserver.MockWebServer$3 execute
INFO: MockWebServer[38175] starting to accept connections
Mar 06, 2022 10:05:52 PM com.squareup.okhttp.mockwebserver.MockWebServer$4 processOneRequest
INFO: MockWebServer[38175] received request: GET /foo HTTP/1.1 and responded: HTTP/1.1 200 OK
Mar 06, 2022 10:05:52 PM com.squareup.okhttp.mockwebserver.MockWebServer$4 processOneRequest
INFO: MockWebServer[38175] received request: GET /bar HTTP/1.1 and responded: HTTP/1.1 301 OK
Mar 06, 2022 10:05:52 PM com.squareup.okhttp.mockwebserver.MockWebServer$4 processOneRequest
INFO: MockWebServer[38175] received request: GET /baz HTTP/1.1 and responded: HTTP/1.1 200 OK
Mar 06, 2022 10:05:52 PM com.squareup.okhttp.mockwebserver.MockWebServer$3 acceptConnections
INFO: MockWebServer[38175] done accepting connections: Socket closed
Mar 06, 2022 10:05:52 PM com.squareup.okhttp.mockwebserver.MockWebServer$3 acceptConnections
INFO: MockWebServer[36567] done accepting connections: Socket closed
Mar 06, 2022 10:05:52 PM com.squareup.okhttp.mockwebserver.MockWebServer$3 execute
INFO: MockWebServer[59629] starting to accept connections
Mar 06, 2022 10:05:52 PM com.squareup.okhttp.mockwebserver.MockWebServer$3 execute
INFO: MockWebServer[33681] starting to accept connections
Mar 06, 2022 10:05:52 PM com.squareup.okhttp.mockwebserver.MockWebServer$4 processOneRequest
INFO: MockWebServer[33681] received request: GET / HTTP/1.1 and responded: HTTP/1.1 200 OK
Mar 06, 2022 10:05:52 PM com.squareup.okhttp.mockwebserver.MockWebServer$4 processConnection
WARNING: MockWebServer[33681] connection from /127.0.0.1 didn't make a request
Mar 06, 2022 10:05:52 PM com.squareup.okhttp.mockwebserver.MockWebServer$4 processOneRequest
INFO: MockWebServer[33681] received request: GET / HTTP/1.1 and responded: HTTP/1.1 200 OK
Mar 06, 2022 10:05:52 PM com.squareup.okhttp.mockwebserver.MockWebServer$3 acceptConnections
INFO: MockWebServer[33681] done accepting connections: Socket closed
Mar 06, 2022 10:05:52 PM com.squareup.okhttp.mockwebserver.MockWebServer$3 acceptConnections
INFO: MockWebServer[59629] done accepting connections: Socket closed
Mar 06, 2022 10:05:52 PM com.squareup.okhttp.mockwebserver.MockWebServer$3 execute
INFO: MockWebServer[47369] starting to accept connections
Mar 06, 2022 10:05:52 PM com.squareup.okhttp.mockwebserver.MockWebServer$3 execute
INFO: MockWebServer[53355] starting to accept connections
Mar 06, 2022 10:05:52 PM com.squareup.okhttp.mockwebserver.MockWebServer$4 processOneRequest
INFO: MockWebServer[53355] received request: GET / HTTP/1.1 and responded: HTTP/1.1 200 OK
Mar 06, 2022 10:05:52 PM com.squareup.okhttp.mockwebserver.MockWebServer$3 acceptConnections
INFO: MockWebServer[53355] done accepting connections: Socket closed
Mar 06, 2022 10:05:52 PM com.squareup.okhttp.mockwebserver.MockWebServer$3 acceptConnections
INFO: MockWebServer[47369] done accepting connections: Socket closed
Mar 06, 2022 10:05:52 PM com.squareup.okhttp.mockwebserver.MockWebServer$3 execute
INFO: MockWebServer[36225] starting to accept connections
Mar 06, 2022 10:05:52 PM com.squareup.okhttp.mockwebserver.MockWebServer$3 execute
INFO: MockWebServer[51063] starting to accept connections
Mar 06, 2022 10:05:52 PM com.squareup.okhttp.mockwebserver.MockWebServer$4 processOneRequest
INFO: MockWebServer[51063] received request: GET / HTTP/1.1 and responded: HTTP/1.1 200 OK
Mar 06, 2022 10:05:52 PM com.squareup.okhttp.mockwebserver.MockWebServer$4 processOneRequest
INFO: MockWebServer[51063] received request: GET / HTTP/1.1 and responded: HTTP/1.1 200 OK
Mar 06, 2022 10:05:52 PM com.squareup.okhttp.mockwebserver.MockWebServer$3 acceptConnections
INFO: MockWebServer[51063] done accepting connections: Socket closed
Mar 06, 2022 10:05:52 PM com.squareup.okhttp.mockwebserver.MockWebServer$3 acceptConnections
INFO: MockWebServer[36225] done accepting connections: Socket closed
Mar 06, 2022 10:05:52 PM com.squareup.okhttp.mockwebserver.MockWebServer$3 execute
INFO: MockWebServer[51817] starting to accept connections
Mar 06, 2022 10:05:52 PM com.squareup.okhttp.mockwebserver.MockWebServer$3 execute
INFO: MockWebServer[45669] starting to accept connections
Mar 06, 2022 10:05:52 PM com.squareup.okhttp.mockwebserver.MockWebServer$3 acceptConnections
INFO: MockWebServer[45669] done accepting connections: Socket closed
Mar 06, 2022 10:05:52 PM com.squareup.okhttp.mockwebserver.MockWebServer$3 acceptConnections
INFO: MockWebServer[51817] done accepting connections: Socket closed
Mar 06, 2022 10:05:52 PM com.squareup.okhttp.mockwebserver.MockWebServer$3 execute
INFO: MockWebServer[45885] starting to accept connections
Mar 06, 2022 10:05:52 PM com.squareup.okhttp.mockwebserver.MockWebServer$3 execute
INFO: MockWebServer[55577] starting to accept connections
Mar 06, 2022 10:05:52 PM com.squareup.okhttp.mockwebserver.MockWebServer$4 processOneRequest
INFO: MockWebServer[55577] received request: GET /valid HTTP/1.1 and responded: HTTP/1.1 200 A-OK
Mar 06, 2022 10:05:52 PM com.squareup.okhttp.mockwebserver.MockWebServer$4 processOneRequest
INFO: MockWebServer[55577] received request: GET /valid HTTP/1.1 and responded: HTTP/1.1 304 OK
Mar 06, 2022 10:05:52 PM com.squareup.okhttp.mockwebserver.MockWebServer$4 processOneRequest
INFO: MockWebServer[55577] received request: GET /invalid HTTP/1.1 and responded: HTTP/1.1 200 B-OK
Mar 06, 2022 10:05:52 PM com.squareup.okhttp.mockwebserver.MockWebServer$4 processOneRequest
INFO: MockWebServer[55577] received request: GET /invalid HTTP/1.1 and responded: HTTP/1.1 200 C-OK
Mar 06, 2022 10:05:52 PM com.squareup.okhttp.mockwebserver.MockWebServer$3 acceptConnections
INFO: MockWebServer[55577] done accepting connections: Socket closed
Mar 06, 2022 10:05:52 PM com.squareup.okhttp.mockwebserver.MockWebServer$3 acceptConnections
INFO: MockWebServer[45885] done accepting connections: Socket closed
Mar 06, 2022 10:05:52 PM com.squareup.okhttp.mockwebserver.MockWebServer$3 execute
INFO: MockWebServer[44077] starting to accept connections
Mar 06, 2022 10:05:52 PM com.squareup.okhttp.mockwebserver.MockWebServer$3 execute
INFO: MockWebServer[41127] starting to accept connections
Mar 06, 2022 10:05:52 PM com.squareup.okhttp.mockwebserver.MockWebServer$3 execute
INFO: MockWebServer[58651] starting to accept connections
Mar 06, 2022 10:05:52 PM com.squareup.okhttp.mockwebserver.MockWebServer$4 processOneRequest
INFO: MockWebServer[58651] received request: GET / HTTP/1.1 and responded: HTTP/1.1 101 OK
Mar 06, 2022 10:05:52 PM com.squareup.okhttp.mockwebserver.MockWebServer$3 acceptConnections
INFO: MockWebServer[58651] done accepting connections: Socket closed
Mar 06, 2022 10:05:52 PM com.squareup.okhttp.mockwebserver.MockWebServer$3 execute
INFO: MockWebServer[46185] starting to accept connections
Mar 06, 2022 10:05:52 PM com.squareup.okhttp.mockwebserver.MockWebServer$4 processOneRequest
INFO: MockWebServer[46185] received request: GET / HTTP/1.1 and responded: HTTP/1.1 102 OK
Mar 06, 2022 10:05:52 PM com.squareup.okhttp.mockwebserver.MockWebServer$3 acceptConnections
INFO: MockWebServer[46185] done accepting connections: Socket closed
Mar 06, 2022 10:05:52 PM com.squareup.okhttp.mockwebserver.MockWebServer$3 execute
INFO: MockWebServer[58649] starting to accept connections
Mar 06, 2022 10:05:52 PM com.squareup.okhttp.mockwebserver.MockWebServer$4 processOneRequest
INFO: MockWebServer[58649] received request: GET / HTTP/1.1 and responded: HTTP/1.1 200 OK
Mar 06, 2022 10:05:52 PM com.squareup.okhttp.mockwebserver.MockWebServer$3 acceptConnections
INFO: MockWebServer[58649] done accepting connections: Socket closed
Mar 06, 2022 10:05:52 PM com.squareup.okhttp.mockwebserver.MockWebServer$3 execute
INFO: MockWebServer[54405] starting to accept connections
Mar 06, 2022 10:05:52 PM com.squareup.okhttp.mockwebserver.MockWebServer$4 processOneRequest
INFO: MockWebServer[54405] received request: GET / HTTP/1.1 and responded: HTTP/1.1 201 OK
Mar 06, 2022 10:05:52 PM com.squareup.okhttp.mockwebserver.MockWebServer$3 acceptConnections
INFO: MockWebServer[54405] done accepting connections: Socket closed
Mar 06, 2022 10:05:52 PM com.squareup.okhttp.mockwebserver.MockWebServer$3 execute
INFO: MockWebServer[34537] starting to accept connections
Mar 06, 2022 10:05:52 PM com.squareup.okhttp.mockwebserver.MockWebServer$4 processOneRequest
INFO: MockWebServer[34537] received request: GET / HTTP/1.1 and responded: HTTP/1.1 202 OK
Mar 06, 2022 10:05:52 PM com.squareup.okhttp.mockwebserver.MockWebServer$3 acceptConnections
INFO: MockWebServer[34537] done accepting connections: Socket closed
Mar 06, 2022 10:05:52 PM com.squareup.okhttp.mockwebserver.MockWebServer$3 execute
INFO: MockWebServer[43583] starting to accept connections
Mar 06, 2022 10:05:52 PM com.squareup.okhttp.mockwebserver.MockWebServer$4 processOneRequest
INFO: MockWebServer[43583] received request: GET / HTTP/1.1 and responded: HTTP/1.1 203 OK
Mar 06, 2022 10:05:52 PM com.squareup.okhttp.mockwebserver.MockWebServer$3 acceptConnections
INFO: MockWebServer[43583] done accepting connections: Socket closed
Mar 06, 2022 10:05:52 PM com.squareup.okhttp.mockwebserver.MockWebServer$3 execute
INFO: MockWebServer[59569] starting to accept connections
Mar 06, 2022 10:05:52 PM com.squareup.okhttp.mockwebserver.MockWebServer$4 processOneRequest
INFO: MockWebServer[59569] received request: GET / HTTP/1.1 and responded: HTTP/1.1 204 OK
Mar 06, 2022 10:05:52 PM com.squareup.okhttp.mockwebserver.MockWebServer$3 acceptConnections
INFO: MockWebServer[59569] done accepting connections: Socket closed
Mar 06, 2022 10:05:52 PM com.squareup.okhttp.mockwebserver.MockWebServer$3 execute
INFO: MockWebServer[47487] starting to accept connections
Mar 06, 2022 10:05:52 PM com.squareup.okhttp.mockwebserver.MockWebServer$4 processOneRequest
INFO: MockWebServer[47487] received request: GET / HTTP/1.1 and responded: HTTP/1.1 205 OK
Mar 06, 2022 10:05:52 PM com.squareup.okhttp.mockwebserver.MockWebServer$3 acceptConnections
INFO: MockWebServer[47487] done accepting connections: Socket closed
Mar 06, 2022 10:05:52 PM com.squareup.okhttp.mockwebserver.MockWebServer$3 execute
INFO: MockWebServer[59379] starting to accept connections
Mar 06, 2022 10:05:52 PM com.squareup.okhttp.mockwebserver.MockWebServer$4 processOneRequest
INFO: MockWebServer[59379] received request: GET / HTTP/1.1 and responded: HTTP/1.1 206 OK
Mar 06, 2022 10:05:52 PM com.squareup.okhttp.mockwebserver.MockWebServer$3 acceptConnections
INFO: MockWebServer[59379] done accepting connections: Socket closed
Mar 06, 2022 10:05:52 PM com.squareup.okhttp.mockwebserver.MockWebServer$3 execute
INFO: MockWebServer[59849] starting to accept connections
Mar 06, 2022 10:05:52 PM com.squareup.okhttp.mockwebserver.MockWebServer$4 processOneRequest
INFO: MockWebServer[59849] received request: GET / HTTP/1.1 and responded: HTTP/1.1 207 OK
Mar 06, 2022 10:05:52 PM com.squareup.okhttp.mockwebserver.MockWebServer$3 acceptConnections
INFO: MockWebServer[59849] done accepting connections: Socket closed
Mar 06, 2022 10:05:52 PM com.squareup.okhttp.mockwebserver.MockWebServer$3 execute
INFO: MockWebServer[53473] starting to accept connections
Mar 06, 2022 10:05:52 PM com.squareup.okhttp.mockwebserver.MockWebServer$4 processOneRequest
INFO: MockWebServer[53473] received request: GET / HTTP/1.1 and responded: HTTP/1.1 300 OK
Mar 06, 2022 10:05:52 PM com.squareup.okhttp.mockwebserver.MockWebServer$3 acceptConnections
INFO: MockWebServer[53473] done accepting connections: Socket closed
Mar 06, 2022 10:05:52 PM com.squareup.okhttp.mockwebserver.MockWebServer$3 execute
INFO: MockWebServer[49997] starting to accept connections
Mar 06, 2022 10:05:52 PM com.squareup.okhttp.mockwebserver.MockWebServer$4 processOneRequest
INFO: MockWebServer[49997] received request: GET / HTTP/1.1 and responded: HTTP/1.1 301 OK
Mar 06, 2022 10:05:52 PM com.squareup.okhttp.mockwebserver.MockWebServer$3 acceptConnections
INFO: MockWebServer[49997] done accepting connections: Socket closed
Mar 06, 2022 10:05:52 PM com.squareup.okhttp.mockwebserver.MockWebServer$3 execute
INFO: MockWebServer[53079] starting to accept connections
Mar 06, 2022 10:05:52 PM com.squareup.okhttp.mockwebserver.MockWebServer$4 processOneRequest
INFO: MockWebServer[53079] received request: GET / HTTP/1.1 and responded: HTTP/1.1 302 OK
Mar 06, 2022 10:05:52 PM com.squareup.okhttp.mockwebserver.MockWebServer$3 acceptConnections
INFO: MockWebServer[53079] done accepting connections: Socket closed
Mar 06, 2022 10:05:52 PM com.squareup.okhttp.mockwebserver.MockWebServer$3 execute
INFO: MockWebServer[39181] starting to accept connections
Mar 06, 2022 10:05:52 PM com.squareup.okhttp.mockwebserver.MockWebServer$4 processOneRequest
INFO: MockWebServer[39181] received request: GET / HTTP/1.1 and responded: HTTP/1.1 303 OK
Mar 06, 2022 10:05:52 PM com.squareup.okhttp.mockwebserver.MockWebServer$3 acceptConnections
INFO: MockWebServer[39181] done accepting connections: Socket closed
Mar 06, 2022 10:05:52 PM com.squareup.okhttp.mockwebserver.MockWebServer$3 execute
INFO: MockWebServer[51753] starting to accept connections
Mar 06, 2022 10:05:52 PM com.squareup.okhttp.mockwebserver.MockWebServer$4 processOneRequest
INFO: MockWebServer[51753] received request: GET / HTTP/1.1 and responded: HTTP/1.1 304 OK
Mar 06, 2022 10:05:52 PM com.squareup.okhttp.mockwebserver.MockWebServer$3 acceptConnections
INFO: MockWebServer[51753] done accepting connections: Socket closed
Mar 06, 2022 10:05:52 PM com.squareup.okhttp.mockwebserver.MockWebServer$3 execute
INFO: MockWebServer[49901] starting to accept connections
Mar 06, 2022 10:05:52 PM com.squareup.okhttp.mockwebserver.MockWebServer$4 processOneRequest
INFO: MockWebServer[49901] received request: GET / HTTP/1.1 and responded: HTTP/1.1 305 OK
Mar 06, 2022 10:05:52 PM com.squareup.okhttp.mockwebserver.MockWebServer$3 acceptConnections
INFO: MockWebServer[49901] done accepting connections: Socket closed
Mar 06, 2022 10:05:52 PM com.squareup.okhttp.mockwebserver.MockWebServer$3 execute
INFO: MockWebServer[57187] starting to accept connections
Mar 06, 2022 10:05:52 PM com.squareup.okhttp.mockwebserver.MockWebServer$4 processOneRequest
INFO: MockWebServer[57187] received request: GET / HTTP/1.1 and responded: HTTP/1.1 306 OK
Mar 06, 2022 10:05:52 PM com.squareup.okhttp.mockwebserver.MockWebServer$3 acceptConnections
INFO: MockWebServer[57187] done accepting connections: Socket closed
Mar 06, 2022 10:05:52 PM com.squareup.okhttp.mockwebserver.MockWebServer$3 execute
INFO: MockWebServer[34827] starting to accept connections
Mar 06, 2022 10:05:52 PM com.squareup.okhttp.mockwebserver.MockWebServer$4 processOneRequest
INFO: MockWebServer[34827] received request: GET / HTTP/1.1 and responded: HTTP/1.1 307 OK
Mar 06, 2022 10:05:52 PM com.squareup.okhttp.mockwebserver.MockWebServer$3 acceptConnections
INFO: MockWebServer[34827] done accepting connections: Socket closed
Mar 06, 2022 10:05:52 PM com.squareup.okhttp.mockwebserver.MockWebServer$3 execute
INFO: MockWebServer[52803] starting to accept connections
Mar 06, 2022 10:05:52 PM com.squareup.okhttp.mockwebserver.MockWebServer$4 processOneRequest
INFO: MockWebServer[52803] received request: GET / HTTP/1.1 and responded: HTTP/1.1 308 OK
Mar 06, 2022 10:05:52 PM com.squareup.okhttp.mockwebserver.MockWebServer$3 acceptConnections
INFO: MockWebServer[52803] done accepting connections: Socket closed
Mar 06, 2022 10:05:52 PM com.squareup.okhttp.mockwebserver.MockWebServer$3 execute
INFO: MockWebServer[33761] starting to accept connections
Mar 06, 2022 10:05:52 PM com.squareup.okhttp.mockwebserver.MockWebServer$4 processOneRequest
INFO: MockWebServer[33761] received request: GET / HTTP/1.1 and responded: HTTP/1.1 400 OK
Mar 06, 2022 10:05:52 PM com.squareup.okhttp.mockwebserver.MockWebServer$3 acceptConnections
INFO: MockWebServer[33761] done accepting connections: Socket closed
Mar 06, 2022 10:05:52 PM com.squareup.okhttp.mockwebserver.MockWebServer$3 execute
INFO: MockWebServer[51923] starting to accept connections
Mar 06, 2022 10:05:52 PM com.squareup.okhttp.mockwebserver.MockWebServer$4 processOneRequest
INFO: MockWebServer[51923] received request: GET / HTTP/1.1 and responded: HTTP/1.1 401 OK
Mar 06, 2022 10:05:52 PM com.squareup.okhttp.mockwebserver.MockWebServer$3 acceptConnections
INFO: MockWebServer[51923] done accepting connections: Socket closed
Mar 06, 2022 10:05:52 PM com.squareup.okhttp.mockwebserver.MockWebServer$3 execute
INFO: MockWebServer[58181] starting to accept connections
Mar 06, 2022 10:05:52 PM com.squareup.okhttp.mockwebserver.MockWebServer$4 processOneRequest
INFO: MockWebServer[58181] received request: GET / HTTP/1.1 and responded: HTTP/1.1 402 OK
Mar 06, 2022 10:05:52 PM com.squareup.okhttp.mockwebserver.MockWebServer$3 acceptConnections
INFO: MockWebServer[58181] done accepting connections: Socket closed
Mar 06, 2022 10:05:52 PM com.squareup.okhttp.mockwebserver.MockWebServer$3 execute
INFO: MockWebServer[58837] starting to accept connections
Mar 06, 2022 10:05:52 PM com.squareup.okhttp.mockwebserver.MockWebServer$4 processOneRequest
INFO: MockWebServer[58837] received request: GET / HTTP/1.1 and responded: HTTP/1.1 403 OK
Mar 06, 2022 10:05:52 PM com.squareup.okhttp.mockwebserver.MockWebServer$3 acceptConnections
INFO: MockWebServer[58837] done accepting connections: Socket closed
Mar 06, 2022 10:05:52 PM com.squareup.okhttp.mockwebserver.MockWebServer$3 execute
INFO: MockWebServer[48359] starting to accept connections
Mar 06, 2022 10:05:52 PM com.squareup.okhttp.mockwebserver.MockWebServer$4 processOneRequest
INFO: MockWebServer[48359] received request: GET / HTTP/1.1 and responded: HTTP/1.1 404 OK
Mar 06, 2022 10:05:52 PM com.squareup.okhttp.mockwebserver.MockWebServer$3 acceptConnections
INFO: MockWebServer[48359] done accepting connections: Socket closed
Mar 06, 2022 10:05:52 PM com.squareup.okhttp.mockwebserver.MockWebServer$3 execute
INFO: MockWebServer[49253] starting to accept connections
Mar 06, 2022 10:05:52 PM com.squareup.okhttp.mockwebserver.MockWebServer$4 processOneRequest
INFO: MockWebServer[49253] received request: GET / HTTP/1.1 and responded: HTTP/1.1 405 OK
Mar 06, 2022 10:05:52 PM com.squareup.okhttp.mockwebserver.MockWebServer$3 acceptConnections
INFO: MockWebServer[49253] done accepting connections: Socket closed
Mar 06, 2022 10:05:52 PM com.squareup.okhttp.mockwebserver.MockWebServer$3 execute
INFO: MockWebServer[53505] starting to accept connections
Mar 06, 2022 10:05:52 PM com.squareup.okhttp.mockwebserver.MockWebServer$4 processOneRequest
INFO: MockWebServer[53505] received request: GET / HTTP/1.1 and responded: HTTP/1.1 406 OK
Mar 06, 2022 10:05:52 PM com.squareup.okhttp.mockwebserver.MockWebServer$3 acceptConnections
INFO: MockWebServer[53505] done accepting connections: Socket closed
Mar 06, 2022 10:05:52 PM com.squareup.okhttp.mockwebserver.MockWebServer$3 execute
INFO: MockWebServer[42521] starting to accept connections
Mar 06, 2022 10:05:52 PM com.squareup.okhttp.mockwebserver.MockWebServer$4 processOneRequest
INFO: MockWebServer[42521] received request: GET / HTTP/1.1 and responded: HTTP/1.1 408 OK
Mar 06, 2022 10:05:52 PM com.squareup.okhttp.mockwebserver.MockWebServer$3 acceptConnections
INFO: MockWebServer[42521] done accepting connections: Socket closed
Mar 06, 2022 10:05:52 PM com.squareup.okhttp.mockwebserver.MockWebServer$3 execute
INFO: MockWebServer[50179] starting to accept connections
Mar 06, 2022 10:05:52 PM com.squareup.okhttp.mockwebserver.MockWebServer$4 processOneRequest
INFO: MockWebServer[50179] received request: GET / HTTP/1.1 and responded: HTTP/1.1 409 OK
Mar 06, 2022 10:05:52 PM com.squareup.okhttp.mockwebserver.MockWebServer$3 acceptConnections
INFO: MockWebServer[50179] done accepting connections: Socket closed
Mar 06, 2022 10:05:52 PM com.squareup.okhttp.mockwebserver.MockWebServer$3 execute
INFO: MockWebServer[60615] starting to accept connections
Mar 06, 2022 10:05:52 PM com.squareup.okhttp.mockwebserver.MockWebServer$4 processOneRequest
INFO: MockWebServer[60615] received request: GET / HTTP/1.1 and responded: HTTP/1.1 410 OK
Mar 06, 2022 10:05:52 PM com.squareup.okhttp.mockwebserver.MockWebServer$3 acceptConnections
INFO: MockWebServer[60615] done accepting connections: Socket closed
Mar 06, 2022 10:05:52 PM com.squareup.okhttp.mockwebserver.MockWebServer$3 execute
INFO: MockWebServer[57641] starting to accept connections
Mar 06, 2022 10:05:52 PM com.squareup.okhttp.mockwebserver.MockWebServer$4 processOneRequest
INFO: MockWebServer[57641] received request: GET / HTTP/1.1 and responded: HTTP/1.1 411 OK
Mar 06, 2022 10:05:52 PM com.squareup.okhttp.mockwebserver.MockWebServer$3 acceptConnections
INFO: MockWebServer[57641] done accepting connections: Socket closed
Mar 06, 2022 10:05:52 PM com.squareup.okhttp.mockwebserver.MockWebServer$3 execute
INFO: MockWebServer[45037] starting to accept connections
Mar 06, 2022 10:05:52 PM com.squareup.okhttp.mockwebserver.MockWebServer$4 processOneRequest
INFO: MockWebServer[45037] received request: GET / HTTP/1.1 and responded: HTTP/1.1 412 OK
Mar 06, 2022 10:05:52 PM com.squareup.okhttp.mockwebserver.MockWebServer$3 acceptConnections
INFO: MockWebServer[45037] done accepting connections: Socket closed
Mar 06, 2022 10:05:52 PM com.squareup.okhttp.mockwebserver.MockWebServer$3 execute
INFO: MockWebServer[52713] starting to accept connections
Mar 06, 2022 10:05:52 PM com.squareup.okhttp.mockwebserver.MockWebServer$4 processOneRequest
INFO: MockWebServer[52713] received request: GET / HTTP/1.1 and responded: HTTP/1.1 413 OK
Mar 06, 2022 10:05:52 PM com.squareup.okhttp.mockwebserver.MockWebServer$3 acceptConnections
INFO: MockWebServer[52713] done accepting connections: Socket closed
Mar 06, 2022 10:05:52 PM com.squareup.okhttp.mockwebserver.MockWebServer$3 execute
INFO: MockWebServer[39789] starting to accept connections
Mar 06, 2022 10:05:52 PM com.squareup.okhttp.mockwebserver.MockWebServer$4 processOneRequest
INFO: MockWebServer[39789] received request: GET / HTTP/1.1 and responded: HTTP/1.1 414 OK
Mar 06, 2022 10:05:52 PM com.squareup.okhttp.mockwebserver.MockWebServer$3 acceptConnections
INFO: MockWebServer[39789] done accepting connections: Socket closed
Mar 06, 2022 10:05:52 PM com.squareup.okhttp.mockwebserver.MockWebServer$3 execute
INFO: MockWebServer[37643] starting to accept connections
Mar 06, 2022 10:05:52 PM com.squareup.okhttp.mockwebserver.MockWebServer$4 processOneRequest
INFO: MockWebServer[37643] received request: GET / HTTP/1.1 and responded: HTTP/1.1 415 OK
Mar 06, 2022 10:05:52 PM com.squareup.okhttp.mockwebserver.MockWebServer$3 acceptConnections
INFO: MockWebServer[37643] done accepting connections: Socket closed
Mar 06, 2022 10:05:52 PM com.squareup.okhttp.mockwebserver.MockWebServer$3 execute
INFO: MockWebServer[47581] starting to accept connections
Mar 06, 2022 10:05:52 PM com.squareup.okhttp.mockwebserver.MockWebServer$4 processOneRequest
INFO: MockWebServer[47581] received request: GET / HTTP/1.1 and responded: HTTP/1.1 416 OK
Mar 06, 2022 10:05:52 PM com.squareup.okhttp.mockwebserver.MockWebServer$3 acceptConnections
INFO: MockWebServer[47581] done accepting connections: Socket closed
Mar 06, 2022 10:05:52 PM com.squareup.okhttp.mockwebserver.MockWebServer$3 execute
INFO: MockWebServer[55949] starting to accept connections
Mar 06, 2022 10:05:52 PM com.squareup.okhttp.mockwebserver.MockWebServer$4 processOneRequest
INFO: MockWebServer[55949] received request: GET / HTTP/1.1 and responded: HTTP/1.1 417 OK
Mar 06, 2022 10:05:52 PM com.squareup.okhttp.mockwebserver.MockWebServer$3 acceptConnections
INFO: MockWebServer[55949] done accepting connections: Socket closed
Mar 06, 2022 10:05:52 PM com.squareup.okhttp.mockwebserver.MockWebServer$3 execute
INFO: MockWebServer[56697] starting to accept connections
Mar 06, 2022 10:05:52 PM com.squareup.okhttp.mockwebserver.MockWebServer$4 processOneRequest
INFO: MockWebServer[56697] received request: GET / HTTP/1.1 and responded: HTTP/1.1 418 OK
Mar 06, 2022 10:05:52 PM com.squareup.okhttp.mockwebserver.MockWebServer$3 acceptConnections
INFO: MockWebServer[56697] done accepting connections: Socket closed
Mar 06, 2022 10:05:52 PM com.squareup.okhttp.mockwebserver.MockWebServer$3 execute
INFO: MockWebServer[53911] starting to accept connections
Mar 06, 2022 10:05:52 PM com.squareup.okhttp.mockwebserver.MockWebServer$4 processOneRequest
INFO: MockWebServer[53911] received request: GET / HTTP/1.1 and responded: HTTP/1.1 500 OK
Mar 06, 2022 10:05:52 PM com.squareup.okhttp.mockwebserver.MockWebServer$3 acceptConnections
INFO: MockWebServer[53911] done accepting connections: Socket closed
Mar 06, 2022 10:05:52 PM com.squareup.okhttp.mockwebserver.MockWebServer$3 execute
INFO: MockWebServer[32909] starting to accept connections
Mar 06, 2022 10:05:52 PM com.squareup.okhttp.mockwebserver.MockWebServer$4 processOneRequest
INFO: MockWebServer[32909] received request: GET / HTTP/1.1 and responded: HTTP/1.1 501 OK
Mar 06, 2022 10:05:52 PM com.squareup.okhttp.mockwebserver.MockWebServer$3 acceptConnections
INFO: MockWebServer[32909] done accepting connections: Socket closed
Mar 06, 2022 10:05:52 PM com.squareup.okhttp.mockwebserver.MockWebServer$3 execute
INFO: MockWebServer[35077] starting to accept connections
Mar 06, 2022 10:05:52 PM com.squareup.okhttp.mockwebserver.MockWebServer$4 processOneRequest
INFO: MockWebServer[35077] received request: GET / HTTP/1.1 and responded: HTTP/1.1 502 OK
Mar 06, 2022 10:05:52 PM com.squareup.okhttp.mockwebserver.MockWebServer$3 acceptConnections
INFO: MockWebServer[35077] done accepting connections: Socket closed
Mar 06, 2022 10:05:52 PM com.squareup.okhttp.mockwebserver.MockWebServer$3 execute
INFO: MockWebServer[40189] starting to accept connections
Mar 06, 2022 10:05:52 PM com.squareup.okhttp.mockwebserver.MockWebServer$4 processOneRequest
INFO: MockWebServer[40189] received request: GET / HTTP/1.1 and responded: HTTP/1.1 503 OK
Mar 06, 2022 10:05:52 PM com.squareup.okhttp.mockwebserver.MockWebServer$3 acceptConnections
INFO: MockWebServer[40189] done accepting connections: Socket closed
Mar 06, 2022 10:05:52 PM com.squareup.okhttp.mockwebserver.MockWebServer$3 execute
INFO: MockWebServer[49805] starting to accept connections
Mar 06, 2022 10:05:52 PM com.squareup.okhttp.mockwebserver.MockWebServer$4 processOneRequest
INFO: MockWebServer[49805] received request: GET / HTTP/1.1 and responded: HTTP/1.1 504 OK
Mar 06, 2022 10:05:52 PM com.squareup.okhttp.mockwebserver.MockWebServer$3 acceptConnections
INFO: MockWebServer[49805] done accepting connections: Socket closed
Mar 06, 2022 10:05:52 PM com.squareup.okhttp.mockwebserver.MockWebServer$3 execute
INFO: MockWebServer[53649] starting to accept connections
Mar 06, 2022 10:05:52 PM com.squareup.okhttp.mockwebserver.MockWebServer$4 processOneRequest
INFO: MockWebServer[53649] received request: GET / HTTP/1.1 and responded: HTTP/1.1 505 OK
Mar 06, 2022 10:05:52 PM com.squareup.okhttp.mockwebserver.MockWebServer$3 acceptConnections
INFO: MockWebServer[53649] done accepting connections: Socket closed
Mar 06, 2022 10:05:52 PM com.squareup.okhttp.mockwebserver.MockWebServer$3 execute
INFO: MockWebServer[47595] starting to accept connections
Mar 06, 2022 10:05:52 PM com.squareup.okhttp.mockwebserver.MockWebServer$4 processOneRequest
INFO: MockWebServer[47595] received request: GET / HTTP/1.1 and responded: HTTP/1.1 506 OK
Mar 06, 2022 10:05:52 PM com.squareup.okhttp.mockwebserver.MockWebServer$3 acceptConnections
INFO: MockWebServer[47595] done accepting connections: Socket closed
Mar 06, 2022 10:05:52 PM com.squareup.okhttp.mockwebserver.MockWebServer$3 acceptConnections
INFO: MockWebServer[41127] done accepting connections: Socket closed
Mar 06, 2022 10:05:52 PM com.squareup.okhttp.mockwebserver.MockWebServer$3 acceptConnections
INFO: MockWebServer[44077] done accepting connections: Socket closed
Mar 06, 2022 10:05:52 PM com.squareup.okhttp.mockwebserver.MockWebServer$3 execute
INFO: MockWebServer[40693] starting to accept connections
Mar 06, 2022 10:05:52 PM com.squareup.okhttp.mockwebserver.MockWebServer$3 execute
INFO: MockWebServer[47067] starting to accept connections
Mar 06, 2022 10:05:52 PM com.squareup.okhttp.mockwebserver.MockWebServer$4 processOneRequest
INFO: MockWebServer[47067] received request: GET / HTTP/1.1 and responded: HTTP/1.1 200 OK
Mar 06, 2022 10:05:52 PM com.squareup.okhttp.mockwebserver.MockWebServer$4 processConnection
WARNING: MockWebServer[47067] connection from /127.0.0.1 didn't make a request
Mar 06, 2022 10:05:52 PM com.squareup.okhttp.mockwebserver.MockWebServer$4 processOneRequest
INFO: MockWebServer[47067] received request: GET / HTTP/1.1 and responded: HTTP/1.1 200 OK
Mar 06, 2022 10:05:52 PM com.squareup.okhttp.mockwebserver.MockWebServer$3 acceptConnections
INFO: MockWebServer[47067] done accepting connections: Socket closed
Mar 06, 2022 10:05:52 PM com.squareup.okhttp.mockwebserver.MockWebServer$3 acceptConnections
INFO: MockWebServer[40693] done accepting connections: Socket closed
Mar 06, 2022 10:05:52 PM com.squareup.okhttp.mockwebserver.MockWebServer$3 execute
INFO: MockWebServer[59895] starting to accept connections
Mar 06, 2022 10:05:52 PM com.squareup.okhttp.mockwebserver.MockWebServer$3 execute
INFO: MockWebServer[32919] starting to accept connections
Mar 06, 2022 10:05:52 PM com.squareup.okhttp.mockwebserver.MockWebServer$4 processOneRequest
INFO: MockWebServer[32919] received request: GET / HTTP/1.1 and responded: HTTP/1.1 200 OK
Mar 06, 2022 10:05:52 PM com.squareup.okhttp.mockwebserver.MockWebServer$3 acceptConnections
INFO: MockWebServer[32919] done accepting connections: Socket closed
Mar 06, 2022 10:05:52 PM com.squareup.okhttp.mockwebserver.MockWebServer$3 acceptConnections
INFO: MockWebServer[59895] done accepting connections: Socket closed
Mar 06, 2022 10:05:52 PM com.squareup.okhttp.mockwebserver.MockWebServer$3 execute
INFO: MockWebServer[56859] starting to accept connections
Mar 06, 2022 10:05:52 PM com.squareup.okhttp.mockwebserver.MockWebServer$3 execute
INFO: MockWebServer[53011] starting to accept connections
Mar 06, 2022 10:05:52 PM com.squareup.okhttp.mockwebserver.MockWebServer$4 processOneRequest
INFO: MockWebServer[53011] received request: TRACE / HTTP/1.1 and responded: HTTP/1.1 200 OK
Mar 06, 2022 10:05:52 PM com.squareup.okhttp.mockwebserver.MockWebServer$4 processOneRequest
INFO: MockWebServer[53011] received request: GET / HTTP/1.1 and responded: HTTP/1.1 200 OK
Mar 06, 2022 10:05:52 PM com.squareup.okhttp.mockwebserver.MockWebServer$3 acceptConnections
INFO: MockWebServer[53011] done accepting connections: Socket closed
Mar 06, 2022 10:05:52 PM com.squareup.okhttp.mockwebserver.MockWebServer$3 acceptConnections
INFO: MockWebServer[56859] done accepting connections: Socket closed
Mar 06, 2022 10:05:52 PM com.squareup.okhttp.mockwebserver.MockWebServer$3 execute
INFO: MockWebServer[52149] starting to accept connections
Mar 06, 2022 10:05:52 PM com.squareup.okhttp.mockwebserver.MockWebServer$3 execute
INFO: MockWebServer[38197] starting to accept connections
Mar 06, 2022 10:05:52 PM com.squareup.okhttp.mockwebserver.MockWebServer$4 processOneRequest
INFO: MockWebServer[38197] received request: DELETE / HTTP/1.1 and responded: HTTP/1.1 200 OK
Mar 06, 2022 10:05:52 PM com.squareup.okhttp.mockwebserver.MockWebServer$4 processOneRequest
INFO: MockWebServer[38197] received request: GET / HTTP/1.1 and responded: HTTP/1.1 200 OK
Mar 06, 2022 10:05:52 PM com.squareup.okhttp.mockwebserver.MockWebServer$3 acceptConnections
INFO: MockWebServer[38197] done accepting connections: Socket closed
Mar 06, 2022 10:05:52 PM com.squareup.okhttp.mockwebserver.MockWebServer$3 acceptConnections
INFO: MockWebServer[52149] done accepting connections: Socket closed
Mar 06, 2022 10:05:52 PM com.squareup.okhttp.mockwebserver.MockWebServer$3 execute
INFO: MockWebServer[49749] starting to accept connections
Mar 06, 2022 10:05:52 PM com.squareup.okhttp.mockwebserver.MockWebServer$3 execute
INFO: MockWebServer[53221] starting to accept connections
Mar 06, 2022 10:05:52 PM com.squareup.okhttp.mockwebserver.MockWebServer$4 processOneRequest
INFO: MockWebServer[53221] received request: GET / HTTP/1.1 and responded: HTTP/1.1 200 OK
Mar 06, 2022 10:05:52 PM com.squareup.okhttp.mockwebserver.MockWebServer$3 acceptConnections
INFO: MockWebServer[53221] done accepting connections: Socket closed
Mar 06, 2022 10:05:52 PM com.squareup.okhttp.mockwebserver.MockWebServer$3 acceptConnections
INFO: MockWebServer[49749] done accepting connections: Socket closed
Mar 06, 2022 10:05:52 PM com.squareup.okhttp.mockwebserver.MockWebServer$3 execute
INFO: MockWebServer[58511] starting to accept connections
Mar 06, 2022 10:05:52 PM com.squareup.okhttp.mockwebserver.MockWebServer$3 execute
INFO: MockWebServer[52369] starting to accept connections
Mar 06, 2022 10:05:52 PM com.squareup.okhttp.mockwebserver.MockWebServer$4 processOneRequest
INFO: MockWebServer[52369] received request: GET / HTTP/1.1 and responded: HTTP/1.1 200 OK
Mar 06, 2022 10:05:52 PM com.squareup.okhttp.mockwebserver.MockWebServer$4 processOneRequest
INFO: MockWebServer[52369] received request: GET / HTTP/1.1 and responded: HTTP/1.1 304 OK
Mar 06, 2022 10:05:52 PM com.squareup.okhttp.mockwebserver.MockWebServer$3 acceptConnections
INFO: MockWebServer[52369] done accepting connections: Socket closed
Mar 06, 2022 10:05:52 PM com.squareup.okhttp.mockwebserver.MockWebServer$3 acceptConnections
INFO: MockWebServer[58511] done accepting connections: Socket closed
Mar 06, 2022 10:05:52 PM com.squareup.okhttp.mockwebserver.MockWebServer$3 execute
INFO: MockWebServer[39345] starting to accept connections
Mar 06, 2022 10:05:52 PM com.squareup.okhttp.mockwebserver.MockWebServer$3 execute
INFO: MockWebServer[53227] starting to accept connections
Mar 06, 2022 10:05:52 PM com.squareup.okhttp.mockwebserver.MockWebServer$4 processOneRequest
INFO: MockWebServer[53227] received request: GET /valid HTTP/1.1 and responded: HTTP/1.1 200 A-OK
Mar 06, 2022 10:05:52 PM com.squareup.okhttp.mockwebserver.MockWebServer$4 processOneRequest
INFO: MockWebServer[53227] received request: GET /valid HTTP/1.1 and responded: HTTP/1.1 304 OK
Mar 06, 2022 10:05:52 PM com.squareup.okhttp.mockwebserver.MockWebServer$4 processOneRequest
INFO: MockWebServer[53227] received request: GET /invalid HTTP/1.1 and responded: HTTP/1.1 200 B-OK
Mar 06, 2022 10:05:52 PM com.squareup.okhttp.mockwebserver.MockWebServer$4 processOneRequest
INFO: MockWebServer[53227] received request: GET /invalid HTTP/1.1 and responded: HTTP/1.1 200 C-OK
Mar 06, 2022 10:05:52 PM com.squareup.okhttp.mockwebserver.MockWebServer$3 acceptConnections
INFO: MockWebServer[53227] done accepting connections: Socket closed
Mar 06, 2022 10:05:52 PM com.squareup.okhttp.mockwebserver.MockWebServer$3 acceptConnections
INFO: MockWebServer[39345] done accepting connections: Socket closed
Mar 06, 2022 10:05:52 PM com.squareup.okhttp.mockwebserver.MockWebServer$3 execute
INFO: MockWebServer[35685] starting to accept connections
Mar 06, 2022 10:05:52 PM com.squareup.okhttp.mockwebserver.MockWebServer$3 execute
INFO: MockWebServer[42621] starting to accept connections
Mar 06, 2022 10:05:52 PM com.squareup.okhttp.mockwebserver.MockWebServer$4 processOneRequest
INFO: MockWebServer[42621] received request: GET / HTTP/1.1 and responded: HTTP/1.1 200 OK
Mar 06, 2022 10:05:52 PM com.squareup.okhttp.mockwebserver.MockWebServer$3 acceptConnections
INFO: MockWebServer[42621] done accepting connections: Socket closed
Mar 06, 2022 10:05:52 PM com.squareup.okhttp.mockwebserver.MockWebServer$3 acceptConnections
INFO: MockWebServer[35685] done accepting connections: Socket closed
Mar 06, 2022 10:05:52 PM com.squareup.okhttp.mockwebserver.MockWebServer$3 execute
INFO: MockWebServer[41347] starting to accept connections
Mar 06, 2022 10:05:52 PM com.squareup.okhttp.mockwebserver.MockWebServer$3 execute
INFO: MockWebServer[51409] starting to accept connections
Mar 06, 2022 10:05:52 PM com.squareup.okhttp.mockwebserver.MockWebServer$4 processOneRequest
INFO: MockWebServer[51409] received request: GET / HTTP/1.1 and responded: HTTP/1.1 200 Fantastic
Mar 06, 2022 10:05:52 PM com.squareup.okhttp.mockwebserver.MockWebServer$3 acceptConnections
INFO: MockWebServer[51409] done accepting connections: Socket closed
Mar 06, 2022 10:05:52 PM com.squareup.okhttp.mockwebserver.MockWebServer$3 acceptConnections
INFO: MockWebServer[41347] done accepting connections: Socket closed
Mar 06, 2022 10:05:52 PM com.squareup.okhttp.mockwebserver.MockWebServer$3 execute
INFO: MockWebServer[42703] starting to accept connections
Mar 06, 2022 10:05:52 PM com.squareup.okhttp.mockwebserver.MockWebServer$3 execute
INFO: MockWebServer[56345] starting to accept connections
Mar 06, 2022 10:05:52 PM com.squareup.okhttp.mockwebserver.MockWebServer$4 processOneRequest
INFO: MockWebServer[56345] received request: GET / HTTP/1.1 and responded: HTTP/1.1 301 OK
Mar 06, 2022 10:05:52 PM com.squareup.okhttp.mockwebserver.MockWebServer$4 processOneRequest
INFO: MockWebServer[56345] received request: GET /foo HTTP/1.1 and responded: HTTP/1.1 200 OK
Mar 06, 2022 10:05:52 PM com.squareup.okhttp.mockwebserver.MockWebServer$3 acceptConnections
INFO: MockWebServer[56345] done accepting connections: Socket closed
Mar 06, 2022 10:05:52 PM com.squareup.okhttp.mockwebserver.MockWebServer$3 acceptConnections
INFO: MockWebServer[42703] done accepting connections: Socket closed
Mar 06, 2022 10:05:52 PM com.squareup.okhttp.mockwebserver.MockWebServer$3 execute
INFO: MockWebServer[59329] starting to accept connections
Mar 06, 2022 10:05:52 PM com.squareup.okhttp.mockwebserver.MockWebServer$3 execute
INFO: MockWebServer[58977] starting to accept connections
Mar 06, 2022 10:05:52 PM com.squareup.okhttp.mockwebserver.MockWebServer$4 processOneRequest
INFO: MockWebServer[58977] received request: GET / HTTP/1.1 and responded: HTTP/1.1 200 OK
Mar 06, 2022 10:05:52 PM com.squareup.okhttp.mockwebserver.MockWebServer$3 acceptConnections
INFO: MockWebServer[58977] done accepting connections: Socket closed
Mar 06, 2022 10:05:52 PM com.squareup.okhttp.mockwebserver.MockWebServer$3 acceptConnections
INFO: MockWebServer[59329] done accepting connections: Socket closed
Mar 06, 2022 10:05:52 PM com.squareup.okhttp.mockwebserver.MockWebServer$3 execute
INFO: MockWebServer[45619] starting to accept connections
Mar 06, 2022 10:05:52 PM com.squareup.okhttp.mockwebserver.MockWebServer$3 execute
INFO: MockWebServer[32943] starting to accept connections
Mar 06, 2022 10:05:52 PM com.squareup.okhttp.mockwebserver.MockWebServer$4 processOneRequest
INFO: MockWebServer[32943] received request: GET / HTTP/1.1 and responded: HTTP/1.1 200 OK
Mar 06, 2022 10:05:52 PM com.squareup.okhttp.mockwebserver.MockWebServer$3 acceptConnections
INFO: MockWebServer[32943] done accepting connections: Socket closed
Mar 06, 2022 10:05:52 PM com.squareup.okhttp.mockwebserver.MockWebServer$3 acceptConnections
INFO: MockWebServer[45619] done accepting connections: Socket closed
Mar 06, 2022 10:05:52 PM com.squareup.okhttp.mockwebserver.MockWebServer$3 execute
INFO: MockWebServer[50043] starting to accept connections
Mar 06, 2022 10:05:52 PM com.squareup.okhttp.mockwebserver.MockWebServer$3 execute
INFO: MockWebServer[44183] starting to accept connections
Mar 06, 2022 10:05:52 PM com.squareup.okhttp.mockwebserver.MockWebServer$4 processOneRequest
INFO: MockWebServer[44183] received request: GET / HTTP/1.1 and responded: HTTP/1.1 200 OK
Mar 06, 2022 10:05:52 PM com.squareup.okhttp.mockwebserver.MockWebServer$3 acceptConnections
INFO: MockWebServer[44183] done accepting connections: Socket closed
Mar 06, 2022 10:05:52 PM com.squareup.okhttp.mockwebserver.MockWebServer$3 acceptConnections
INFO: MockWebServer[50043] done accepting connections: Socket closed
Mar 06, 2022 10:05:52 PM com.squareup.okhttp.mockwebserver.MockWebServer$3 execute
INFO: MockWebServer[35465] starting to accept connections
Mar 06, 2022 10:05:52 PM com.squareup.okhttp.mockwebserver.MockWebServer$3 execute
INFO: MockWebServer[35165] starting to accept connections
Mar 06, 2022 10:05:52 PM com.squareup.okhttp.mockwebserver.MockWebServer$4 processOneRequest
INFO: MockWebServer[35165] received request: GET / HTTP/1.1 and responded: HTTP/1.1 200 OK
Mar 06, 2022 10:05:52 PM com.squareup.okhttp.mockwebserver.MockWebServer$4 processOneRequest
INFO: MockWebServer[35165] received request: POST / HTTP/1.1 and responded: HTTP/1.1 500 OK
Mar 06, 2022 10:05:52 PM com.squareup.okhttp.mockwebserver.MockWebServer$4 processOneRequest
INFO: MockWebServer[35165] received request: GET / HTTP/1.1 and responded: HTTP/1.1 200 OK
Mar 06, 2022 10:05:52 PM com.squareup.okhttp.mockwebserver.MockWebServer$3 acceptConnections
INFO: MockWebServer[35165] done accepting connections: Socket closed
Mar 06, 2022 10:05:52 PM com.squareup.okhttp.mockwebserver.MockWebServer$3 acceptConnections
INFO: MockWebServer[35465] done accepting connections: Socket closed
Mar 06, 2022 10:05:52 PM com.squareup.okhttp.mockwebserver.MockWebServer$3 execute
INFO: MockWebServer[45889] starting to accept connections
Mar 06, 2022 10:05:52 PM com.squareup.okhttp.mockwebserver.MockWebServer$3 execute
INFO: MockWebServer[36147] starting to accept connections
Mar 06, 2022 10:05:52 PM com.squareup.okhttp.mockwebserver.MockWebServer$4 processOneRequest
INFO: MockWebServer[36147] received request: GET / HTTP/1.1 and responded: HTTP/1.1 200 OK
Mar 06, 2022 10:05:52 PM com.squareup.okhttp.mockwebserver.MockWebServer$3 acceptConnections
INFO: MockWebServer[36147] done accepting connections: Socket closed
Mar 06, 2022 10:05:52 PM com.squareup.okhttp.mockwebserver.MockWebServer$3 acceptConnections
INFO: MockWebServer[45889] done accepting connections: Socket closed
Mar 06, 2022 10:05:52 PM com.squareup.okhttp.mockwebserver.MockWebServer$3 execute
INFO: MockWebServer[39389] starting to accept connections
Mar 06, 2022 10:05:52 PM com.squareup.okhttp.mockwebserver.MockWebServer$3 execute
INFO: MockWebServer[34025] starting to accept connections
Mar 06, 2022 10:05:52 PM com.squareup.okhttp.mockwebserver.MockWebServer$4 processOneRequest
INFO: MockWebServer[34025] received request: GET / HTTP/1.1 and responded: HTTP/1.1 301 OK
Mar 06, 2022 10:05:52 PM com.squareup.okhttp.mockwebserver.MockWebServer$4 processOneRequest
INFO: MockWebServer[34025] received request: GET /foo HTTP/1.1 and responded: HTTP/1.1 200 OK
Mar 06, 2022 10:05:52 PM com.squareup.okhttp.mockwebserver.MockWebServer$3 acceptConnections
INFO: MockWebServer[34025] done accepting connections: Socket closed
Mar 06, 2022 10:05:52 PM com.squareup.okhttp.mockwebserver.MockWebServer$3 acceptConnections
INFO: MockWebServer[39389] done accepting connections: Socket closed
Mar 06, 2022 10:05:52 PM com.squareup.okhttp.mockwebserver.MockWebServer$3 execute
INFO: MockWebServer[38319] starting to accept connections
Mar 06, 2022 10:05:52 PM com.squareup.okhttp.mockwebserver.MockWebServer$3 execute
INFO: MockWebServer[50459] starting to accept connections
Mar 06, 2022 10:05:52 PM com.squareup.okhttp.mockwebserver.MockWebServer$4 processOneRequest
INFO: MockWebServer[50459] received request: GET /valid HTTP/1.1 and responded: HTTP/1.1 200 A-OK
Mar 06, 2022 10:05:52 PM com.squareup.okhttp.mockwebserver.MockWebServer$4 processOneRequest
INFO: MockWebServer[50459] received request: GET /valid HTTP/1.1 and responded: HTTP/1.1 304 OK
Mar 06, 2022 10:05:52 PM com.squareup.okhttp.mockwebserver.MockWebServer$4 processOneRequest
INFO: MockWebServer[50459] received request: GET /invalid HTTP/1.1 and responded: HTTP/1.1 200 B-OK
Mar 06, 2022 10:05:52 PM com.squareup.okhttp.mockwebserver.MockWebServer$4 processOneRequest
INFO: MockWebServer[50459] received request: GET /invalid HTTP/1.1 and responded: HTTP/1.1 200 C-OK
Mar 06, 2022 10:05:53 PM com.squareup.okhttp.mockwebserver.MockWebServer$3 acceptConnections
INFO: MockWebServer[50459] done accepting connections: Socket closed
Mar 06, 2022 10:05:53 PM com.squareup.okhttp.mockwebserver.MockWebServer$3 acceptConnections
INFO: MockWebServer[38319] done accepting connections: Socket closed
Mar 06, 2022 10:05:53 PM com.squareup.okhttp.mockwebserver.MockWebServer$3 execute
INFO: MockWebServer[41123] starting to accept connections
Mar 06, 2022 10:05:53 PM com.squareup.okhttp.mockwebserver.MockWebServer$3 execute
INFO: MockWebServer[46505] starting to accept connections
Mar 06, 2022 10:05:53 PM com.squareup.okhttp.mockwebserver.MockWebServer$4 processOneRequest
INFO: MockWebServer[46505] received request: GET / HTTP/1.1 and responded: HTTP/1.1 200 OK
Mar 06, 2022 10:05:53 PM com.squareup.okhttp.mockwebserver.MockWebServer$3 acceptConnections
INFO: MockWebServer[46505] done accepting connections: Socket closed
Mar 06, 2022 10:05:53 PM com.squareup.okhttp.mockwebserver.MockWebServer$3 acceptConnections
INFO: MockWebServer[41123] done accepting connections: Socket closed
Mar 06, 2022 10:05:53 PM com.squareup.okhttp.mockwebserver.MockWebServer$3 execute
INFO: MockWebServer[39257] starting to accept connections
Mar 06, 2022 10:05:53 PM com.squareup.okhttp.mockwebserver.MockWebServer$3 execute
INFO: MockWebServer[40261] starting to accept connections
Mar 06, 2022 10:05:53 PM com.squareup.okhttp.mockwebserver.MockWebServer$4 processOneRequest
INFO: MockWebServer[40261] received request: GET / HTTP/1.1 and responded: HTTP/1.1 200 OK
Mar 06, 2022 10:05:53 PM com.squareup.okhttp.mockwebserver.MockWebServer$4 processOneRequest
INFO: MockWebServer[40261] received request: GET / HTTP/1.1 and responded: HTTP/1.1 304 OK
Mar 06, 2022 10:05:53 PM com.squareup.okhttp.mockwebserver.MockWebServer$3 acceptConnections
INFO: MockWebServer[40261] done accepting connections: Socket closed
Mar 06, 2022 10:05:53 PM com.squareup.okhttp.mockwebserver.MockWebServer$3 acceptConnections
INFO: MockWebServer[39257] done accepting connections: Socket closed
Mar 06, 2022 10:05:53 PM com.squareup.okhttp.mockwebserver.MockWebServer$3 execute
INFO: MockWebServer[55113] starting to accept connections
Mar 06, 2022 10:05:53 PM com.squareup.okhttp.mockwebserver.MockWebServer$3 execute
INFO: MockWebServer[59343] starting to accept connections
Mar 06, 2022 10:05:53 PM com.squareup.okhttp.mockwebserver.MockWebServer$4 processOneRequest
INFO: MockWebServer[59343] received request: GET / HTTP/1.1 and responded: HTTP/1.1 200 OK
Mar 06, 2022 10:05:53 PM com.squareup.okhttp.mockwebserver.MockWebServer$3 acceptConnections
INFO: MockWebServer[59343] done accepting connections: Socket closed
Mar 06, 2022 10:05:53 PM com.squareup.okhttp.mockwebserver.MockWebServer$3 acceptConnections
INFO: MockWebServer[55113] done accepting connections: Socket closed
Mar 06, 2022 10:05:53 PM com.squareup.okhttp.mockwebserver.MockWebServer$3 execute
INFO: MockWebServer[47539] starting to accept connections
Mar 06, 2022 10:05:53 PM com.squareup.okhttp.mockwebserver.MockWebServer$3 execute
INFO: MockWebServer[52683] starting to accept connections
Mar 06, 2022 10:05:53 PM com.squareup.okhttp.mockwebserver.MockWebServer$4 processOneRequest
INFO: MockWebServer[52683] received request: GET / HTTP/1.1 and responded: HTTP/1.1 200 OK
Mar 06, 2022 10:05:53 PM com.squareup.okhttp.mockwebserver.MockWebServer$3 acceptConnections
INFO: MockWebServer[52683] done accepting connections: Socket closed
Mar 06, 2022 10:05:53 PM com.squareup.okhttp.mockwebserver.MockWebServer$3 acceptConnections
INFO: MockWebServer[47539] done accepting connections: Socket closed
Mar 06, 2022 10:05:53 PM com.squareup.okhttp.mockwebserver.MockWebServer$3 execute
INFO: MockWebServer[53043] starting to accept connections
Mar 06, 2022 10:05:53 PM com.squareup.okhttp.mockwebserver.MockWebServer$3 execute
INFO: MockWebServer[35129] starting to accept connections
Mar 06, 2022 10:05:53 PM com.squareup.okhttp.mockwebserver.MockWebServer$4 processOneRequest
INFO: MockWebServer[35129] received request: GET / HTTP/1.1 and responded: HTTP/1.1 200 OK
Mar 06, 2022 10:05:53 PM com.squareup.okhttp.mockwebserver.MockWebServer$4 processOneRequest
INFO: MockWebServer[35129] received request: GET / HTTP/1.1 and responded: HTTP/1.1 200 OK
Mar 06, 2022 10:05:53 PM com.squareup.okhttp.mockwebserver.MockWebServer$3 acceptConnections
INFO: MockWebServer[35129] done accepting connections: Socket closed
Mar 06, 2022 10:05:53 PM com.squareup.okhttp.mockwebserver.MockWebServer$3 acceptConnections
INFO: MockWebServer[53043] done accepting connections: Socket closed
Mar 06, 2022 10:05:53 PM com.squareup.okhttp.mockwebserver.MockWebServer$3 execute
INFO: MockWebServer[58355] starting to accept connections
Mar 06, 2022 10:05:53 PM com.squareup.okhttp.mockwebserver.MockWebServer$3 execute
INFO: MockWebServer[59915] starting to accept connections
Mar 06, 2022 10:05:53 PM com.squareup.okhttp.mockwebserver.MockWebServer$4 processOneRequest
INFO: MockWebServer[59915] received request: GET / HTTP/1.1 and responded: HTTP/1.1 200 OK
Mar 06, 2022 10:05:53 PM com.squareup.okhttp.mockwebserver.MockWebServer$3 acceptConnections
INFO: MockWebServer[59915] done accepting connections: Socket closed
Mar 06, 2022 10:05:53 PM com.squareup.okhttp.mockwebserver.MockWebServer$3 acceptConnections
INFO: MockWebServer[58355] done accepting connections: Socket closed
Mar 06, 2022 10:05:53 PM com.squareup.okhttp.mockwebserver.MockWebServer$3 execute
INFO: MockWebServer[53699] starting to accept connections
Mar 06, 2022 10:05:53 PM com.squareup.okhttp.mockwebserver.MockWebServer$3 execute
INFO: MockWebServer[49625] starting to accept connections
Mar 06, 2022 10:05:53 PM com.squareup.okhttp.mockwebserver.MockWebServer$4 processOneRequest
INFO: MockWebServer[49625] received request: GET / HTTP/1.1 and responded: HTTP/1.1 200 OK
Mar 06, 2022 10:05:53 PM com.squareup.okhttp.mockwebserver.MockWebServer$3 acceptConnections
INFO: MockWebServer[49625] done accepting connections: Socket closed
Mar 06, 2022 10:05:53 PM com.squareup.okhttp.mockwebserver.MockWebServer$3 acceptConnections
INFO: MockWebServer[53699] done accepting connections: Socket closed
Mar 06, 2022 10:05:53 PM com.squareup.okhttp.mockwebserver.MockWebServer$3 execute
INFO: MockWebServer[60415] starting to accept connections
Mar 06, 2022 10:05:53 PM com.squareup.okhttp.mockwebserver.MockWebServer$3 execute
INFO: MockWebServer[59425] starting to accept connections
Mar 06, 2022 10:05:53 PM com.squareup.okhttp.mockwebserver.MockWebServer$4 processOneRequest
INFO: MockWebServer[59425] received request: GET / HTTP/1.1 and responded: HTTP/1.1 200 OK
Mar 06, 2022 10:05:53 PM com.squareup.okhttp.mockwebserver.MockWebServer$3 acceptConnections
INFO: MockWebServer[59425] done accepting connections: Socket closed
Mar 06, 2022 10:05:53 PM com.squareup.okhttp.mockwebserver.MockWebServer$3 acceptConnections
INFO: MockWebServer[60415] done accepting connections: Socket closed
Mar 06, 2022 10:05:53 PM com.squareup.okhttp.mockwebserver.MockWebServer$3 execute
INFO: MockWebServer[34119] starting to accept connections
Mar 06, 2022 10:05:53 PM com.squareup.okhttp.mockwebserver.MockWebServer$3 execute
INFO: MockWebServer[34395] starting to accept connections
Mar 06, 2022 10:05:53 PM com.squareup.okhttp.mockwebserver.MockWebServer$4 processOneRequest
INFO: MockWebServer[34395] received request: GET / HTTP/1.1 and responded: HTTP/1.1 200 OK
Mar 06, 2022 10:05:53 PM com.squareup.okhttp.mockwebserver.MockWebServer$3 acceptConnections
INFO: MockWebServer[34395] done accepting connections: Socket closed
Mar 06, 2022 10:05:53 PM com.squareup.okhttp.mockwebserver.MockWebServer$3 acceptConnections
INFO: MockWebServer[34119] done accepting connections: Socket closed
Mar 06, 2022 10:05:53 PM com.squareup.okhttp.mockwebserver.MockWebServer$3 execute
INFO: MockWebServer[57983] starting to accept connections
Mar 06, 2022 10:05:53 PM com.squareup.okhttp.mockwebserver.MockWebServer$3 execute
INFO: MockWebServer[53615] starting to accept connections
Mar 06, 2022 10:05:53 PM com.squareup.okhttp.mockwebserver.MockWebServer$4 processOneRequest
INFO: MockWebServer[53615] received request: GET / HTTP/1.1 and responded: HTTP/1.1 200 OK
Mar 06, 2022 10:05:53 PM com.squareup.okhttp.mockwebserver.MockWebServer$3 acceptConnections
INFO: MockWebServer[53615] done accepting connections: Socket closed
Mar 06, 2022 10:05:53 PM com.squareup.okhttp.mockwebserver.MockWebServer$3 acceptConnections
INFO: MockWebServer[57983] done accepting connections: Socket closed
Mar 06, 2022 10:05:53 PM com.squareup.okhttp.mockwebserver.MockWebServer$3 execute
INFO: MockWebServer[57053] starting to accept connections
Mar 06, 2022 10:05:53 PM com.squareup.okhttp.mockwebserver.MockWebServer$3 execute
INFO: MockWebServer[54459] starting to accept connections
Mar 06, 2022 10:05:53 PM com.squareup.okhttp.mockwebserver.MockWebServer$4 processOneRequest
INFO: MockWebServer[54459] received request: GET / HTTP/1.1 and responded: HTTP/1.1 200 OK
Mar 06, 2022 10:05:53 PM com.squareup.okhttp.mockwebserver.MockWebServer$3 acceptConnections
INFO: MockWebServer[54459] done accepting connections: Socket closed
Mar 06, 2022 10:05:53 PM com.squareup.okhttp.mockwebserver.MockWebServer$3 acceptConnections
INFO: MockWebServer[57053] done accepting connections: Socket closed
Mar 06, 2022 10:05:53 PM com.squareup.okhttp.mockwebserver.MockWebServer$3 execute
INFO: MockWebServer[56173] starting to accept connections
Mar 06, 2022 10:05:53 PM com.squareup.okhttp.mockwebserver.MockWebServer$3 execute
INFO: MockWebServer[60975] starting to accept connections
Mar 06, 2022 10:05:53 PM com.squareup.okhttp.mockwebserver.MockWebServer$4 processOneRequest
INFO: MockWebServer[60975] received request: GET / HTTP/1.1 and responded: HTTP/1.1 200 OK
Mar 06, 2022 10:05:53 PM com.squareup.okhttp.mockwebserver.MockWebServer$3 acceptConnections
INFO: MockWebServer[60975] done accepting connections: Socket closed
Mar 06, 2022 10:05:53 PM com.squareup.okhttp.mockwebserver.MockWebServer$3 acceptConnections
INFO: MockWebServer[56173] done accepting connections: Socket closed
Mar 06, 2022 10:05:53 PM com.squareup.okhttp.mockwebserver.MockWebServer$3 execute
INFO: MockWebServer[41321] starting to accept connections
Mar 06, 2022 10:05:53 PM com.squareup.okhttp.mockwebserver.MockWebServer$3 execute
INFO: MockWebServer[60079] starting to accept connections
Mar 06, 2022 10:05:53 PM com.squareup.okhttp.mockwebserver.MockWebServer$4 processOneRequest
INFO: MockWebServer[60079] received request: GET /valid HTTP/1.1 and responded: HTTP/1.1 200 A-OK
Mar 06, 2022 10:05:53 PM com.squareup.okhttp.mockwebserver.MockWebServer$4 processOneRequest
INFO: MockWebServer[60079] received request: GET /valid HTTP/1.1 and responded: HTTP/1.1 304 OK
Mar 06, 2022 10:05:53 PM com.squareup.okhttp.mockwebserver.MockWebServer$4 processOneRequest
INFO: MockWebServer[60079] received request: GET /invalid HTTP/1.1 and responded: HTTP/1.1 200 B-OK
Mar 06, 2022 10:05:53 PM com.squareup.okhttp.mockwebserver.MockWebServer$4 processOneRequest
INFO: MockWebServer[60079] received request: GET /invalid HTTP/1.1 and responded: HTTP/1.1 200 C-OK
Mar 06, 2022 10:05:53 PM com.squareup.okhttp.mockwebserver.MockWebServer$3 acceptConnections
INFO: MockWebServer[60079] done accepting connections: Socket closed
Mar 06, 2022 10:05:53 PM com.squareup.okhttp.mockwebserver.MockWebServer$3 acceptConnections
INFO: MockWebServer[41321] done accepting connections: Socket closed
Mar 06, 2022 10:05:53 PM com.squareup.okhttp.mockwebserver.MockWebServer$3 execute
INFO: MockWebServer[41987] starting to accept connections
Mar 06, 2022 10:05:53 PM com.squareup.okhttp.mockwebserver.MockWebServer$3 execute
INFO: MockWebServer[33715] starting to accept connections
Mar 06, 2022 10:05:53 PM com.squareup.okhttp.mockwebserver.MockWebServer$4 processOneRequest
INFO: MockWebServer[33715] received request: GET / HTTP/1.1 and responded: HTTP/1.1 200 OK
Mar 06, 2022 10:05:53 PM com.squareup.okhttp.mockwebserver.MockWebServer$4 processOneRequest
INFO: MockWebServer[33715] received request: GET / HTTP/1.1 and responded: HTTP/1.1 200 OK
Mar 06, 2022 10:05:53 PM com.squareup.okhttp.mockwebserver.MockWebServer$3 acceptConnections
INFO: MockWebServer[33715] done accepting connections: Socket closed
Mar 06, 2022 10:05:53 PM com.squareup.okhttp.mockwebserver.MockWebServer$3 acceptConnections
INFO: MockWebServer[41987] done accepting connections: Socket closed
Mar 06, 2022 10:05:53 PM com.squareup.okhttp.mockwebserver.MockWebServer$3 execute
INFO: MockWebServer[48141] starting to accept connections
Mar 06, 2022 10:05:53 PM com.squareup.okhttp.mockwebserver.MockWebServer$3 execute
INFO: MockWebServer[59173] starting to accept connections
Mar 06, 2022 10:05:53 PM com.squareup.okhttp.mockwebserver.MockWebServer$4 processOneRequest
INFO: MockWebServer[59173] received request: GET /valid HTTP/1.1 and responded: HTTP/1.1 200 A-OK
Mar 06, 2022 10:05:53 PM com.squareup.okhttp.mockwebserver.MockWebServer$4 processOneRequest
INFO: MockWebServer[59173] received request: GET /valid HTTP/1.1 and responded: HTTP/1.1 304 OK
Mar 06, 2022 10:05:53 PM com.squareup.okhttp.mockwebserver.MockWebServer$4 processOneRequest
INFO: MockWebServer[59173] received request: GET /invalid HTTP/1.1 and responded: HTTP/1.1 200 B-OK
Mar 06, 2022 10:05:53 PM com.squareup.okhttp.mockwebserver.MockWebServer$4 processOneRequest
INFO: MockWebServer[59173] received request: GET /invalid HTTP/1.1 and responded: HTTP/1.1 200 C-OK
Mar 06, 2022 10:05:53 PM com.squareup.okhttp.mockwebserver.MockWebServer$3 acceptConnections
INFO: MockWebServer[59173] done accepting connections: Socket closed
Mar 06, 2022 10:05:53 PM com.squareup.okhttp.mockwebserver.MockWebServer$3 acceptConnections
INFO: MockWebServer[48141] done accepting connections: Socket closed
Mar 06, 2022 10:05:53 PM com.squareup.okhttp.mockwebserver.MockWebServer$3 execute
INFO: MockWebServer[50891] starting to accept connections
Mar 06, 2022 10:05:53 PM com.squareup.okhttp.mockwebserver.MockWebServer$3 execute
INFO: MockWebServer[53045] starting to accept connections
Mar 06, 2022 10:05:53 PM com.squareup.okhttp.mockwebserver.MockWebServer$4 processOneRequest
INFO: MockWebServer[53045] received request: GET / HTTP/1.1 and responded: HTTP/1.1 200 OK
Mar 06, 2022 10:05:53 PM com.squareup.okhttp.mockwebserver.MockWebServer$4 processOneRequest
INFO: MockWebServer[53045] received request: GET / HTTP/1.1 and responded: HTTP/1.1 200 OK
Mar 06, 2022 10:05:53 PM com.squareup.okhttp.mockwebserver.MockWebServer$3 acceptConnections
INFO: MockWebServer[53045] done accepting connections: Socket closed
Mar 06, 2022 10:05:53 PM com.squareup.okhttp.mockwebserver.MockWebServer$3 acceptConnections
INFO: MockWebServer[50891] done accepting connections: Socket closed
Mar 06, 2022 10:05:53 PM com.squareup.okhttp.mockwebserver.MockWebServer$3 execute
INFO: MockWebServer[50047] starting to accept connections
Mar 06, 2022 10:05:53 PM com.squareup.okhttp.mockwebserver.MockWebServer$3 execute
INFO: MockWebServer[32937] starting to accept connections
Mar 06, 2022 10:05:53 PM com.squareup.okhttp.mockwebserver.MockWebServer$4 processOneRequest
INFO: MockWebServer[32937] received request: GET / HTTP/1.1 and responded: HTTP/1.1 200 OK
Mar 06, 2022 10:05:53 PM com.squareup.okhttp.mockwebserver.MockWebServer$4 processOneRequest
INFO: MockWebServer[32937] received request: GET / HTTP/1.1 and responded: HTTP/1.1 304 OK
Mar 06, 2022 10:05:53 PM com.squareup.okhttp.mockwebserver.MockWebServer$4 processOneRequest
INFO: MockWebServer[32937] received request: GET / HTTP/1.1 and responded: HTTP/1.1 304 OK
Mar 06, 2022 10:05:53 PM com.squareup.okhttp.mockwebserver.MockWebServer$3 acceptConnections
INFO: MockWebServer[32937] done accepting connections: Socket closed
Mar 06, 2022 10:05:53 PM com.squareup.okhttp.mockwebserver.MockWebServer$3 acceptConnections
INFO: MockWebServer[50047] done accepting connections: Socket closed
Mar 06, 2022 10:05:53 PM com.squareup.okhttp.mockwebserver.MockWebServer$3 execute
INFO: MockWebServer[38931] starting to accept connections
Mar 06, 2022 10:05:53 PM com.squareup.okhttp.mockwebserver.MockWebServer$3 execute
INFO: MockWebServer[57353] starting to accept connections
Mar 06, 2022 10:05:53 PM com.squareup.okhttp.mockwebserver.MockWebServer$4 processOneRequest
INFO: MockWebServer[57353] received request: GET / HTTP/1.1 and responded: HTTP/1.1 200 OK
Mar 06, 2022 10:05:53 PM com.squareup.okhttp.mockwebserver.MockWebServer$4 processOneRequest
INFO: MockWebServer[57353] received request: GET / HTTP/1.1 and responded: HTTP/1.1 304 OK
Mar 06, 2022 10:05:53 PM com.squareup.okhttp.mockwebserver.MockWebServer$4 processOneRequest
INFO: MockWebServer[57353] received request: GET / HTTP/1.1 and responded: HTTP/1.1 200 OK
Mar 06, 2022 10:05:53 PM com.squareup.okhttp.mockwebserver.MockWebServer$3 acceptConnections
INFO: MockWebServer[57353] done accepting connections: Socket closed
Mar 06, 2022 10:05:53 PM com.squareup.okhttp.mockwebserver.MockWebServer$3 acceptConnections
INFO: MockWebServer[38931] done accepting connections: Socket closed
Mar 06, 2022 10:05:53 PM com.squareup.okhttp.mockwebserver.MockWebServer$3 execute
INFO: MockWebServer[33803] starting to accept connections
Mar 06, 2022 10:05:53 PM com.squareup.okhttp.mockwebserver.MockWebServer$3 execute
INFO: MockWebServer[40121] starting to accept connections
Mar 06, 2022 10:05:53 PM com.squareup.okhttp.mockwebserver.MockWebServer$4 processOneRequest
INFO: MockWebServer[40121] received request: GET / HTTP/1.1 and responded: HTTP/1.1 200 OK
Mar 06, 2022 10:05:53 PM com.squareup.okhttp.mockwebserver.MockWebServer$4 processOneRequest
INFO: MockWebServer[40121] received request: GET / HTTP/1.1 and responded: HTTP/1.1 200 OK
Mar 06, 2022 10:05:53 PM com.squareup.okhttp.mockwebserver.MockWebServer$3 acceptConnections
INFO: MockWebServer[40121] done accepting connections: Socket closed
Mar 06, 2022 10:05:53 PM com.squareup.okhttp.mockwebserver.MockWebServer$3 acceptConnections
INFO: MockWebServer[33803] done accepting connections: Socket closed
Mar 06, 2022 10:05:53 PM com.squareup.okhttp.mockwebserver.MockWebServer$3 execute
INFO: MockWebServer[49255] starting to accept connections
Mar 06, 2022 10:05:53 PM com.squareup.okhttp.mockwebserver.MockWebServer$3 execute
INFO: MockWebServer[39641] starting to accept connections
Mar 06, 2022 10:05:53 PM com.squareup.okhttp.mockwebserver.MockWebServer$4 processOneRequest
INFO: MockWebServer[39641] received request: GET / HTTP/1.1 and responded: HTTP/1.1 200 OK
Mar 06, 2022 10:05:53 PM com.squareup.okhttp.mockwebserver.MockWebServer$4 processOneRequest
INFO: MockWebServer[39641] received request: GET / HTTP/1.1 and responded: HTTP/1.1 200 OK
Mar 06, 2022 10:05:53 PM com.squareup.okhttp.mockwebserver.MockWebServer$3 acceptConnections
INFO: MockWebServer[39641] done accepting connections: Socket closed
Mar 06, 2022 10:05:53 PM com.squareup.okhttp.mockwebserver.MockWebServer$3 acceptConnections
INFO: MockWebServer[49255] done accepting connections: Socket closed
Mar 06, 2022 10:05:53 PM com.squareup.okhttp.mockwebserver.MockWebServer$3 execute
INFO: MockWebServer[49639] starting to accept connections
Mar 06, 2022 10:05:53 PM com.squareup.okhttp.mockwebserver.MockWebServer$3 execute
INFO: MockWebServer[44101] starting to accept connections
Mar 06, 2022 10:05:53 PM com.squareup.okhttp.mockwebserver.MockWebServer$4 processOneRequest
INFO: MockWebServer[44101] received request: GET / HTTP/1.1 and responded: HTTP/1.1 200 OK
Mar 06, 2022 10:05:53 PM com.squareup.okhttp.mockwebserver.MockWebServer$3 acceptConnections
INFO: MockWebServer[44101] done accepting connections: Socket closed
Mar 06, 2022 10:05:53 PM com.squareup.okhttp.mockwebserver.MockWebServer$3 acceptConnections
INFO: MockWebServer[49639] done accepting connections: Socket closed
Mar 06, 2022 10:05:53 PM com.squareup.okhttp.mockwebserver.MockWebServer$3 execute
INFO: MockWebServer[41291] starting to accept connections
Mar 06, 2022 10:05:53 PM com.squareup.okhttp.mockwebserver.MockWebServer$3 execute
INFO: MockWebServer[48441] starting to accept connections
Mar 06, 2022 10:05:53 PM com.squareup.okhttp.mockwebserver.MockWebServer$4 processOneRequest
INFO: MockWebServer[48441] received request: GET / HTTP/1.1 and responded: HTTP/1.1 200 OK
Mar 06, 2022 10:05:53 PM com.squareup.okhttp.mockwebserver.MockWebServer$3 acceptConnections
INFO: MockWebServer[48441] done accepting connections: Socket closed
Mar 06, 2022 10:05:53 PM com.squareup.okhttp.mockwebserver.MockWebServer$3 acceptConnections
INFO: MockWebServer[41291] done accepting connections: Socket closed
Mar 06, 2022 10:05:53 PM com.squareup.okhttp.mockwebserver.MockWebServer$3 execute
INFO: MockWebServer[45215] starting to accept connections
Mar 06, 2022 10:05:53 PM com.squareup.okhttp.mockwebserver.MockWebServer$3 execute
INFO: MockWebServer[40245] starting to accept connections
Mar 06, 2022 10:05:53 PM com.squareup.okhttp.mockwebserver.MockWebServer$4 processOneRequest
INFO: MockWebServer[40245] received request: GET / HTTP/1.1 and responded: HTTP/1.1 200 OK
Mar 06, 2022 10:05:53 PM com.squareup.okhttp.mockwebserver.MockWebServer$4 processOneRequest
INFO: MockWebServer[40245] received request: GET / HTTP/1.1 and responded: HTTP/1.1 200 OK
Mar 06, 2022 10:05:53 PM com.squareup.okhttp.mockwebserver.MockWebServer$3 acceptConnections
INFO: MockWebServer[40245] done accepting connections: Socket closed
Mar 06, 2022 10:05:53 PM com.squareup.okhttp.mockwebserver.MockWebServer$3 acceptConnections
INFO: MockWebServer[45215] done accepting connections: Socket closed
Mar 06, 2022 10:05:53 PM com.squareup.okhttp.mockwebserver.MockWebServer$3 execute
INFO: MockWebServer[52621] starting to accept connections
Mar 06, 2022 10:05:53 PM com.squareup.okhttp.mockwebserver.MockWebServer$3 execute
INFO: MockWebServer[39055] starting to accept connections
Mar 06, 2022 10:05:53 PM com.squareup.okhttp.mockwebserver.MockWebServer$4 processOneRequest
INFO: MockWebServer[39055] received request: GET / HTTP/1.1 and responded: HTTP/1.1 200 OK
Mar 06, 2022 10:05:53 PM com.squareup.okhttp.mockwebserver.MockWebServer$3 acceptConnections
INFO: MockWebServer[39055] done accepting connections: Socket closed
Mar 06, 2022 10:05:53 PM com.squareup.okhttp.mockwebserver.MockWebServer$3 acceptConnections
INFO: MockWebServer[52621] done accepting connections: Socket closed
Mar 06, 2022 10:05:53 PM com.squareup.okhttp.mockwebserver.MockWebServer$3 execute
INFO: MockWebServer[56527] starting to accept connections
Mar 06, 2022 10:05:53 PM com.squareup.okhttp.mockwebserver.MockWebServer$3 execute
INFO: MockWebServer[42153] starting to accept connections
Mar 06, 2022 10:05:53 PM com.squareup.okhttp.mockwebserver.MockWebServer$4 processOneRequest
INFO: MockWebServer[42153] received request: GET / HTTP/1.1 and responded: HTTP/1.1 200 OK
Mar 06, 2022 10:05:53 PM com.squareup.okhttp.mockwebserver.MockWebServer$4 processOneRequest
INFO: MockWebServer[42153] received request: GET / HTTP/1.1 and responded: HTTP/1.1 200 OK
Mar 06, 2022 10:05:53 PM com.squareup.okhttp.mockwebserver.MockWebServer$3 acceptConnections
INFO: MockWebServer[42153] done accepting connections: Socket closed
Mar 06, 2022 10:05:53 PM com.squareup.okhttp.mockwebserver.MockWebServer$3 acceptConnections
INFO: MockWebServer[56527] done accepting connections: Socket closed
Mar 06, 2022 10:05:53 PM com.squareup.okhttp.mockwebserver.MockWebServer$3 execute
INFO: MockWebServer[59619] starting to accept connections
Mar 06, 2022 10:05:53 PM com.squareup.okhttp.mockwebserver.MockWebServer$3 execute
INFO: MockWebServer[58485] starting to accept connections
Mar 06, 2022 10:05:53 PM com.squareup.okhttp.mockwebserver.MockWebServer$4 processOneRequest
INFO: MockWebServer[58485] received request: GET / HTTP/1.1 and responded: HTTP/1.1 200 OK
Mar 06, 2022 10:05:53 PM com.squareup.okhttp.mockwebserver.MockWebServer$3 acceptConnections
INFO: MockWebServer[58485] done accepting connections: Socket closed
Mar 06, 2022 10:05:53 PM com.squareup.okhttp.mockwebserver.MockWebServer$3 acceptConnections
INFO: MockWebServer[59619] done accepting connections: Socket closed
Mar 06, 2022 10:05:53 PM com.squareup.okhttp.mockwebserver.MockWebServer$3 execute
INFO: MockWebServer[60253] starting to accept connections
Mar 06, 2022 10:05:53 PM com.squareup.okhttp.mockwebserver.MockWebServer$3 execute
INFO: MockWebServer[54001] starting to accept connections
Mar 06, 2022 10:05:53 PM com.squareup.okhttp.mockwebserver.MockWebServer$4 processOneRequest
INFO: MockWebServer[54001] received request: GET / HTTP/1.1 and responded: HTTP/1.1 200 OK
Mar 06, 2022 10:05:53 PM com.squareup.okhttp.mockwebserver.MockWebServer$4 processOneRequest
INFO: MockWebServer[54001] received request: GET / HTTP/1.1 and responded: HTTP/1.1 200 OK
Mar 06, 2022 10:05:53 PM com.squareup.okhttp.mockwebserver.MockWebServer$3 acceptConnections
INFO: MockWebServer[54001] done accepting connections: Socket closed
Mar 06, 2022 10:05:53 PM com.squareup.okhttp.mockwebserver.MockWebServer$3 acceptConnections
INFO: MockWebServer[60253] done accepting connections: Socket closed
Mar 06, 2022 10:05:53 PM com.squareup.okhttp.mockwebserver.MockWebServer$3 execute
INFO: MockWebServer[53923] starting to accept connections
Mar 06, 2022 10:05:53 PM com.squareup.okhttp.mockwebserver.MockWebServer$3 execute
INFO: MockWebServer[49701] starting to accept connections
Mar 06, 2022 10:05:53 PM com.squareup.okhttp.mockwebserver.MockWebServer$4 processOneRequest
INFO: MockWebServer[49701] received request: GET / HTTP/1.1 and responded: HTTP/1.1 200 OK
Mar 06, 2022 10:05:53 PM com.squareup.okhttp.mockwebserver.MockWebServer$4 processOneRequest
INFO: MockWebServer[49701] received request: GET / HTTP/1.1 and responded: HTTP/1.1 304 OK
Mar 06, 2022 10:05:53 PM com.squareup.okhttp.mockwebserver.MockWebServer$3 acceptConnections
INFO: MockWebServer[49701] done accepting connections: Socket closed
Mar 06, 2022 10:05:53 PM com.squareup.okhttp.mockwebserver.MockWebServer$3 acceptConnections
INFO: MockWebServer[53923] done accepting connections: Socket closed
Mar 06, 2022 10:05:53 PM com.squareup.okhttp.mockwebserver.MockWebServer$3 execute
INFO: MockWebServer[42173] starting to accept connections
Mar 06, 2022 10:05:53 PM com.squareup.okhttp.mockwebserver.MockWebServer$3 execute
INFO: MockWebServer[43937] starting to accept connections
Mar 06, 2022 10:05:53 PM com.squareup.okhttp.mockwebserver.MockWebServer$4 processOneRequest
INFO: MockWebServer[43937] received request: GET / HTTP/1.1 and responded: HTTP/1.1 200 OK
Mar 06, 2022 10:05:53 PM com.squareup.okhttp.mockwebserver.MockWebServer$4 processOneRequest
INFO: MockWebServer[43937] received request: GET / HTTP/1.1 and responded: HTTP/1.1 200 OK
Mar 06, 2022 10:05:53 PM com.squareup.okhttp.mockwebserver.MockWebServer$3 acceptConnections
INFO: MockWebServer[43937] done accepting connections: Socket closed
Mar 06, 2022 10:05:53 PM com.squareup.okhttp.mockwebserver.MockWebServer$3 acceptConnections
INFO: MockWebServer[42173] done accepting connections: Socket closed
Mar 06, 2022 10:05:53 PM com.squareup.okhttp.mockwebserver.MockWebServer$3 execute
INFO: MockWebServer[57881] starting to accept connections
Mar 06, 2022 10:05:53 PM com.squareup.okhttp.mockwebserver.MockWebServer$3 execute
INFO: MockWebServer[40945] starting to accept connections
Mar 06, 2022 10:05:53 PM com.squareup.okhttp.mockwebserver.MockWebServer$4 processOneRequest
INFO: MockWebServer[40945] received request: GET / HTTP/1.1 and responded: HTTP/1.1 200 OK
Mar 06, 2022 10:05:53 PM com.squareup.okhttp.mockwebserver.MockWebServer$4 processOneRequest
INFO: MockWebServer[40945] received request: POST / HTTP/1.1 and responded: HTTP/1.1 200 OK
Mar 06, 2022 10:05:53 PM com.squareup.okhttp.mockwebserver.MockWebServer$4 processOneRequest
INFO: MockWebServer[40945] received request: GET / HTTP/1.1 and responded: HTTP/1.1 200 OK
Mar 06, 2022 10:05:54 PM com.squareup.okhttp.mockwebserver.MockWebServer$3 acceptConnections
INFO: MockWebServer[40945] done accepting connections: Socket closed
Mar 06, 2022 10:05:54 PM com.squareup.okhttp.mockwebserver.MockWebServer$3 acceptConnections
INFO: MockWebServer[57881] done accepting connections: Socket closed
Mar 06, 2022 10:05:54 PM com.squareup.okhttp.mockwebserver.MockWebServer$3 execute
INFO: MockWebServer[38327] starting to accept connections
Mar 06, 2022 10:05:54 PM com.squareup.okhttp.mockwebserver.MockWebServer$3 execute
INFO: MockWebServer[40903] starting to accept connections
Mar 06, 2022 10:05:54 PM com.squareup.okhttp.mockwebserver.MockWebServer$4 processOneRequest
INFO: MockWebServer[40903] received request: GET / HTTP/1.1 and responded: HTTP/1.1 200 OK
Mar 06, 2022 10:05:54 PM com.squareup.okhttp.mockwebserver.MockWebServer$4 processOneRequest
INFO: MockWebServer[40903] received request: PUT / HTTP/1.1 and responded: HTTP/1.1 200 OK
Mar 06, 2022 10:05:54 PM com.squareup.okhttp.mockwebserver.MockWebServer$4 processOneRequest
INFO: MockWebServer[40903] received request: GET / HTTP/1.1 and responded: HTTP/1.1 200 OK
Mar 06, 2022 10:05:54 PM com.squareup.okhttp.mockwebserver.MockWebServer$3 acceptConnections
INFO: MockWebServer[40903] done accepting connections: Socket closed
Mar 06, 2022 10:05:54 PM com.squareup.okhttp.mockwebserver.MockWebServer$3 acceptConnections
INFO: MockWebServer[38327] done accepting connections: Socket closed
Mar 06, 2022 10:05:54 PM com.squareup.okhttp.mockwebserver.MockWebServer$3 execute
INFO: MockWebServer[55887] starting to accept connections
Mar 06, 2022 10:05:54 PM com.squareup.okhttp.mockwebserver.MockWebServer$3 execute
INFO: MockWebServer[58223] starting to accept connections
Mar 06, 2022 10:05:54 PM com.squareup.okhttp.mockwebserver.MockWebServer$4 processOneRequest
INFO: MockWebServer[58223] received request: GET / HTTP/1.1 and responded: HTTP/1.1 200 OK
Mar 06, 2022 10:05:54 PM com.squareup.okhttp.mockwebserver.MockWebServer$4 processOneRequest
INFO: MockWebServer[58223] received request: GET / HTTP/1.1 and responded: HTTP/1.1 304 OK
Mar 06, 2022 10:05:54 PM com.squareup.okhttp.mockwebserver.MockWebServer$3 acceptConnections
INFO: MockWebServer[58223] done accepting connections: Socket closed
Mar 06, 2022 10:05:54 PM com.squareup.okhttp.mockwebserver.MockWebServer$3 acceptConnections
INFO: MockWebServer[55887] done accepting connections: Socket closed
Mar 06, 2022 10:05:54 PM com.squareup.okhttp.mockwebserver.MockWebServer$3 execute
INFO: MockWebServer[51517] starting to accept connections
Mar 06, 2022 10:05:54 PM com.squareup.okhttp.mockwebserver.MockWebServer$3 execute
INFO: MockWebServer[43055] starting to accept connections
Mar 06, 2022 10:05:54 PM com.squareup.okhttp.mockwebserver.MockWebServer$4 processOneRequest
INFO: MockWebServer[43055] received request: GET / HTTP/1.1 and responded: HTTP/1.1 200 OK
Mar 06, 2022 10:05:54 PM com.squareup.okhttp.mockwebserver.MockWebServer$4 processOneRequest
INFO: MockWebServer[43055] received request: GET / HTTP/1.1 and responded: HTTP/1.1 200 OK
Mar 06, 2022 10:05:54 PM com.squareup.okhttp.mockwebserver.MockWebServer$3 acceptConnections
INFO: MockWebServer[43055] done accepting connections: Socket closed
Mar 06, 2022 10:05:54 PM com.squareup.okhttp.mockwebserver.MockWebServer$3 acceptConnections
INFO: MockWebServer[51517] done accepting connections: Socket closed
Mar 06, 2022 10:05:54 PM com.squareup.okhttp.mockwebserver.MockWebServer$3 execute
INFO: MockWebServer[47179] starting to accept connections
Mar 06, 2022 10:05:54 PM com.squareup.okhttp.mockwebserver.MockWebServer$3 execute
INFO: MockWebServer[39171] starting to accept connections
Mar 06, 2022 10:05:54 PM com.squareup.okhttp.mockwebserver.MockWebServer$4 processOneRequest
INFO: MockWebServer[39171] received request: GET / HTTP/1.1 and responded: HTTP/1.1 200 OK
Mar 06, 2022 10:05:54 PM com.squareup.okhttp.mockwebserver.MockWebServer$4 processOneRequest
INFO: MockWebServer[39171] received request: GET / HTTP/1.1 and responded: HTTP/1.1 200 OK
Mar 06, 2022 10:05:54 PM com.squareup.okhttp.mockwebserver.MockWebServer$3 acceptConnections
INFO: MockWebServer[39171] done accepting connections: Socket closed
Mar 06, 2022 10:05:54 PM com.squareup.okhttp.mockwebserver.MockWebServer$3 acceptConnections
INFO: MockWebServer[47179] done accepting connections: Socket closed
Mar 06, 2022 10:05:54 PM com.squareup.okhttp.mockwebserver.MockWebServer$3 execute
INFO: MockWebServer[34829] starting to accept connections
Mar 06, 2022 10:05:54 PM com.squareup.okhttp.mockwebserver.MockWebServer$3 execute
INFO: MockWebServer[55713] starting to accept connections
Mar 06, 2022 10:05:54 PM com.squareup.okhttp.mockwebserver.MockWebServer$4 processOneRequest
INFO: MockWebServer[55713] received request: GET / HTTP/1.1 and responded: HTTP/1.1 200 Fantastic
Mar 06, 2022 10:05:54 PM com.squareup.okhttp.mockwebserver.MockWebServer$4 processConnection
WARNING: MockWebServer[55713] connection from /127.0.0.1 didn't make a request
Mar 06, 2022 10:05:54 PM com.squareup.okhttp.mockwebserver.MockWebServer$3 acceptConnections
INFO: MockWebServer[55713] done accepting connections: Socket closed
Mar 06, 2022 10:05:54 PM com.squareup.okhttp.mockwebserver.MockWebServer$3 acceptConnections
INFO: MockWebServer[34829] done accepting connections: Socket closed
Tests run: 109, Failures: 1, Errors: 0, Skipped: 0, Time elapsed: 8.121 sec <<< FAILURE! - in com.squareup.okhttp.UrlConnectionCacheTest
noDefaultExpirationForUrlsWithQueryString(com.squareup.okhttp.UrlConnectionCacheTest)  Time elapsed: 0.016 sec  <<< FAILURE!
org.junit.ComparisonFailure: expected:<[B]> but was:<[A]>
	at org.junit.Assert.assertEquals(Assert.java:115)
	at org.junit.Assert.assertEquals(Assert.java:144)
	at com.squareup.okhttp.UrlConnectionCacheTest.noDefaultExpirationForUrlsWithQueryString(UrlConnectionCacheTest.java:519)

Running com.squareup.okhttp.internal.huc.URLEncodingTest
Tests run: 2, Failures: 0, Errors: 0, Skipped: 2, Time elapsed: 0.001 sec - in com.squareup.okhttp.internal.huc.URLEncodingTest
Uninstalled aggressive uncaught exception handler

Results :

Failed tests: 
  UrlConnectionCacheTest.noDefaultExpirationForUrlsWithQueryString:519 expected:<[B]> but was:<[A]>

Tests run: 119, Failures: 1, Errors: 0, Skipped: 2

[INFO] ------------------------------------------------------------------------
[INFO] Reactor Summary:
[INFO] 
[INFO] OkHttp (Parent) .................................... SUCCESS [  0.902 s]
[INFO] OkHttp ............................................. SUCCESS [  2.995 s]
[INFO] OkHttp test support classes ........................ SUCCESS [  0.305 s]
[INFO] OkHttp Web Sockets ................................. SUCCESS [  0.410 s]
[INFO] MockWebServer ...................................... SUCCESS [  5.718 s]
[INFO] OkHttp URLConnection ............................... FAILURE [  9.455 s]
[INFO] OkHttp Tests ....................................... SKIPPED
[INFO] OkHttp Android Platform Support .................... SKIPPED
[INFO] OkHttp Apache HttpClient ........................... SKIPPED
[INFO] OkHttp Web Socket Tests ............................ SKIPPED
[INFO] OkCurl ............................................. SKIPPED
[INFO] Samples (Parent) ................................... SKIPPED
[INFO] Sample: Guide ...................................... SKIPPED
[INFO] Sample: Crawler .................................... SKIPPED
[INFO] Sample: Simple Client .............................. SKIPPED
[INFO] Sample: Static Server .............................. SKIPPED
[INFO] Benchmarks ......................................... SKIPPED
[INFO] ------------------------------------------------------------------------
[INFO] BUILD FAILURE
[INFO] ------------------------------------------------------------------------
[INFO] Total time: 20.070 s
[INFO] Finished at: 2022-03-06T22:05:54+00:00
[INFO] Final Memory: 28M/344M
[INFO] ------------------------------------------------------------------------
[ERROR] Failed to execute goal org.apache.maven.plugins:maven-surefire-plugin:2.17:test (default-test) on project okhttp-urlconnection: There are test failures.
[ERROR] 
[ERROR] Please refer to /home/travis/build/failed/square/okhttp/okhttp-urlconnection/target/surefire-reports for the individual test results.
[ERROR] -> [Help 1]
[ERROR] 
[ERROR] To see the full stack trace of the errors, re-run Maven with the -e switch.
[ERROR] Re-run Maven using the -X switch to enable full debug logging.
[ERROR] 
[ERROR] For more information about the errors and possible solutions, please read the following articles:
[ERROR] [Help 1] http://cwiki.apache.org/confluence/display/MAVEN/MojoFailureException
[ERROR] 
[ERROR] After correcting the problems, you can resume the build with the command
[ERROR]   mvn <goals> -rf :okhttp-urlconnection

travis_time:end:1034f610:start=1646604333016260881,finish=1646604354600962835,duration=21584701954[0K
[31;1mThe command "mvn test -Dhttps.protocols=TLSv1.2 -B" exited with 1.[0m
travis_fold:start:cache.2[0Kstore build cache
travis_time:start:08813717[0K
travis_time:end:08813717:start=1646604354612862363,finish=1646604354622316060,duration=9453697[0Ktravis_time:start:0c73dc5f[0K/home/travis/.casher/bin/casher:190: warning: Insecure world writable dir /home/travis/build/failed/square/okhttp/. in PATH, mode 040777
[32;1mchanges detected, packing new archive[0m
/home/travis/.casher/bin/casher:213:in `cache_archive_name': undefined method `[]' for nil:NilClass (NoMethodError)
	from /home/travis/.casher/bin/casher:143:in `push'
	from /home/travis/.casher/bin/casher:53:in `block in run'
	from /home/travis/.rvm/rubies/ruby-1.9.3-p551/lib/ruby/1.9.1/timeout.rb:69:in `timeout'
	from /home/travis/.casher/bin/casher:53:in `run'
	from /home/travis/.casher/bin/casher:263:in `<main>'
.
.

travis_time:end:0c73dc5f:start=1646604354632461794,finish=1646604368349172859,duration=13716711065[0Ktravis_fold:end:cache.2[0K
Done. Your build exited with 1.
