travis_fold:start:system_info[0K[33;1mBuild system information[0m
Build language: java
Build group: stable
Build dist: precise
Build id: ''
Job id: ''
[34m[1mBuild image provisioning date and time[0m
Thu Feb  5 15:09:33 UTC 2015
[34m[1mOperating System Details[0m
Distributor ID:	Ubuntu
Description:	Ubuntu 12.04.5 LTS
Release:	12.04
Codename:	precise
[34m[1mLinux Version[0m
3.13.0-29-generic
[34m[1mCookbooks Version[0m
a68419e https://github.com/travis-ci/travis-cookbooks/tree/a68419e
[34m[1mGCC version[0m
gcc (Ubuntu/Linaro 4.6.3-1ubuntu5) 4.6.3
Copyright (C) 2011 Free Software Foundation, Inc.
This is free software; see the source for copying conditions.  There is NO
warranty; not even for MERCHANTABILITY or FITNESS FOR A PARTICULAR PURPOSE.

[34m[1mLLVM version[0m
clang version 3.4 (tags/RELEASE_34/final)
Target: x86_64-unknown-linux-gnu
Thread model: posix
[34m[1mPre-installed Ruby versions[0m
ruby-1.9.3-p551
[34m[1mPre-installed Node.js versions[0m
v0.10.36
[34m[1mPre-installed Go versions[0m
1.4.1
[34m[1mRedis version[0m
redis-server 2.8.19
[34m[1mriak version[0m
2.0.2
[34m[1mMongoDB version[0m
MongoDB 2.4.12
[34m[1mCouchDB version[0m
couchdb 1.6.1
[34m[1mNeo4j version[0m
1.9.4
[34m[1mRabbitMQ Version[0m
3.4.3
[34m[1mElasticSearch version[0m
1.4.0
[34m[1mInstalled Sphinx versions[0m
2.0.10
2.1.9
2.2.6
[34m[1mDefault Sphinx version[0m
2.2.6
[34m[1mInstalled Firefox version[0m
firefox 31.0esr
[34m[1mPhantomJS version[0m
1.9.8
[34m[1mant -version[0m
Apache Ant(TM) version 1.8.2 compiled on December 3 2011
[34m[1mmvn -version[0m
Apache Maven 3.2.5 (12a6b3acb947671f09b81f49094c53f426d8cea1; 2014-12-14T17:29:23+00:00)
Maven home: /usr/local/maven
Java version: 1.7.0_76, vendor: Oracle Corporation
Java home: /usr/lib/jvm/java-7-oracle/jre
Default locale: en_US, platform encoding: ANSI_X3.4-1968
OS name: "linux", version: "3.13.0-29-generic", arch: "amd64", family: "unix"
travis_fold:end:system_info[0K
grep: /etc/apt/sources.list.d/*: No such file or directory
W: Failed to fetch http://security.ubuntu.com/ubuntu/dists/precise-security/main/source/Sources  404  Not Found [IP: 91.189.91.38 80]

W: Failed to fetch http://security.ubuntu.com/ubuntu/dists/precise-security/restricted/source/Sources  404  Not Found [IP: 91.189.91.38 80]

W: Failed to fetch http://security.ubuntu.com/ubuntu/dists/precise-security/universe/source/Sources  404  Not Found [IP: 91.189.91.38 80]

W: Failed to fetch http://security.ubuntu.com/ubuntu/dists/precise-security/multiverse/source/Sources  404  Not Found [IP: 91.189.91.38 80]

W: Failed to fetch http://security.ubuntu.com/ubuntu/dists/precise-security/main/binary-amd64/Packages  404  Not Found [IP: 91.189.91.38 80]

W: Failed to fetch http://security.ubuntu.com/ubuntu/dists/precise-security/restricted/binary-amd64/Packages  404  Not Found [IP: 91.189.91.38 80]

W: Failed to fetch http://security.ubuntu.com/ubuntu/dists/precise-security/universe/binary-amd64/Packages  404  Not Found [IP: 91.189.91.38 80]

W: Failed to fetch http://security.ubuntu.com/ubuntu/dists/precise-security/multiverse/binary-amd64/Packages  404  Not Found [IP: 91.189.91.38 80]

W: Failed to fetch http://security.ubuntu.com/ubuntu/dists/precise-security/main/binary-i386/Packages  404  Not Found [IP: 91.189.91.38 80]

W: Failed to fetch http://security.ubuntu.com/ubuntu/dists/precise-security/restricted/binary-i386/Packages  404  Not Found [IP: 91.189.91.38 80]

W: Failed to fetch http://security.ubuntu.com/ubuntu/dists/precise-security/universe/binary-i386/Packages  404  Not Found [IP: 91.189.91.38 80]

W: Failed to fetch http://security.ubuntu.com/ubuntu/dists/precise-security/multiverse/binary-i386/Packages  404  Not Found [IP: 91.189.91.38 80]

W: Failed to fetch http://us.archive.ubuntu.com/ubuntu/dists/precise/main/source/Sources  404  Not Found [IP: 91.189.91.38 80]

W: Failed to fetch http://us.archive.ubuntu.com/ubuntu/dists/precise/restricted/source/Sources  404  Not Found [IP: 91.189.91.38 80]

W: Failed to fetch http://us.archive.ubuntu.com/ubuntu/dists/precise/universe/source/Sources  404  Not Found [IP: 91.189.91.38 80]

W: Failed to fetch http://us.archive.ubuntu.com/ubuntu/dists/precise/multiverse/source/Sources  404  Not Found [IP: 91.189.91.38 80]

W: Failed to fetch http://us.archive.ubuntu.com/ubuntu/dists/precise/main/binary-amd64/Packages  404  Not Found [IP: 91.189.91.38 80]

W: Failed to fetch http://us.archive.ubuntu.com/ubuntu/dists/precise/restricted/binary-amd64/Packages  404  Not Found [IP: 91.189.91.38 80]

W: Failed to fetch http://us.archive.ubuntu.com/ubuntu/dists/precise/universe/binary-amd64/Packages  404  Not Found [IP: 91.189.91.38 80]

W: Failed to fetch http://us.archive.ubuntu.com/ubuntu/dists/precise/multiverse/binary-amd64/Packages  404  Not Found [IP: 91.189.91.38 80]

W: Failed to fetch http://us.archive.ubuntu.com/ubuntu/dists/precise/main/binary-i386/Packages  404  Not Found [IP: 91.189.91.38 80]

W: Failed to fetch http://us.archive.ubuntu.com/ubuntu/dists/precise/restricted/binary-i386/Packages  404  Not Found [IP: 91.189.91.38 80]

W: Failed to fetch http://us.archive.ubuntu.com/ubuntu/dists/precise/universe/binary-i386/Packages  404  Not Found [IP: 91.189.91.38 80]

W: Failed to fetch http://us.archive.ubuntu.com/ubuntu/dists/precise/multiverse/binary-i386/Packages  404  Not Found [IP: 91.189.91.38 80]

W: Failed to fetch http://us.archive.ubuntu.com/ubuntu/dists/precise-updates/main/source/Sources  404  Not Found [IP: 91.189.91.38 80]

W: Failed to fetch http://us.archive.ubuntu.com/ubuntu/dists/precise-updates/restricted/source/Sources  404  Not Found [IP: 91.189.91.38 80]

W: Failed to fetch http://us.archive.ubuntu.com/ubuntu/dists/precise-updates/universe/source/Sources  404  Not Found [IP: 91.189.91.38 80]

W: Failed to fetch http://us.archive.ubuntu.com/ubuntu/dists/precise-updates/multiverse/source/Sources  404  Not Found [IP: 91.189.91.38 80]

W: Failed to fetch http://us.archive.ubuntu.com/ubuntu/dists/precise-updates/main/binary-amd64/Packages  404  Not Found [IP: 91.189.91.38 80]

W: Failed to fetch http://us.archive.ubuntu.com/ubuntu/dists/precise-updates/restricted/binary-amd64/Packages  404  Not Found [IP: 91.189.91.38 80]

W: Failed to fetch http://us.archive.ubuntu.com/ubuntu/dists/precise-updates/universe/binary-amd64/Packages  404  Not Found [IP: 91.189.91.38 80]

W: Failed to fetch http://us.archive.ubuntu.com/ubuntu/dists/precise-updates/multiverse/binary-amd64/Packages  404  Not Found [IP: 91.189.91.38 80]

W: Failed to fetch http://us.archive.ubuntu.com/ubuntu/dists/precise-updates/main/binary-i386/Packages  404  Not Found [IP: 91.189.91.38 80]

W: Failed to fetch http://us.archive.ubuntu.com/ubuntu/dists/precise-updates/restricted/binary-i386/Packages  404  Not Found [IP: 91.189.91.38 80]

W: Failed to fetch http://us.archive.ubuntu.com/ubuntu/dists/precise-updates/universe/binary-i386/Packages  404  Not Found [IP: 91.189.91.38 80]

W: Failed to fetch http://us.archive.ubuntu.com/ubuntu/dists/precise-updates/multiverse/binary-i386/Packages  404  Not Found [IP: 91.189.91.38 80]

W: Failed to fetch http://us.archive.ubuntu.com/ubuntu/dists/precise-backports/main/source/Sources  404  Not Found [IP: 91.189.91.38 80]

W: Failed to fetch http://us.archive.ubuntu.com/ubuntu/dists/precise-backports/restricted/source/Sources  404  Not Found [IP: 91.189.91.38 80]

W: Failed to fetch http://us.archive.ubuntu.com/ubuntu/dists/precise-backports/universe/source/Sources  404  Not Found [IP: 91.189.91.38 80]

W: Failed to fetch http://us.archive.ubuntu.com/ubuntu/dists/precise-backports/multiverse/source/Sources  404  Not Found [IP: 91.189.91.38 80]

W: Failed to fetch http://us.archive.ubuntu.com/ubuntu/dists/precise-backports/main/binary-amd64/Packages  404  Not Found [IP: 91.189.91.38 80]

W: Failed to fetch http://us.archive.ubuntu.com/ubuntu/dists/precise-backports/restricted/binary-amd64/Packages  404  Not Found [IP: 91.189.91.38 80]

W: Failed to fetch http://us.archive.ubuntu.com/ubuntu/dists/precise-backports/universe/binary-amd64/Packages  404  Not Found [IP: 91.189.91.38 80]

W: Failed to fetch http://us.archive.ubuntu.com/ubuntu/dists/precise-backports/multiverse/binary-amd64/Packages  404  Not Found [IP: 91.189.91.38 80]

W: Failed to fetch http://us.archive.ubuntu.com/ubuntu/dists/precise-backports/main/binary-i386/Packages  404  Not Found [IP: 91.189.91.38 80]

W: Failed to fetch http://us.archive.ubuntu.com/ubuntu/dists/precise-backports/restricted/binary-i386/Packages  404  Not Found [IP: 91.189.91.38 80]

W: Failed to fetch http://us.archive.ubuntu.com/ubuntu/dists/precise-backports/universe/binary-i386/Packages  404  Not Found [IP: 91.189.91.38 80]

W: Failed to fetch http://us.archive.ubuntu.com/ubuntu/dists/precise-backports/multiverse/binary-i386/Packages  404  Not Found [IP: 91.189.91.38 80]

E: Some index files failed to download. They have been ignored, or old ones used instead.
sed: cannot rename /etc/hosts: Device or resource busy
sed: cannot rename /etc/hosts: Device or resource busy
$ jdk_switcher use oraclejdk8
Switching to Oracle JDK8 (java-8-oracle), JAVA_HOME will be set to /usr/lib/jvm/java-8-oracle
$ cd failed/square/retrofit

[33;1mSetting environment variables from .travis.yml[0m
$ export CI_DEPLOY_USERNAME=[secure]
$ export CI_DEPLOY_PASSWORD=[secure]

travis_fold:start:cache.1[0KSetting up build cache
$ export CASHER_DIR=$HOME/.casher
travis_time:start:25697fe1[0K
travis_time:end:25697fe1:start=1641653336006908214,finish=1641653336015020116,duration=8111902[0Ktravis_time:start:0119d6c0[0K/home/travis/.casher/bin/casher:213:in `cache_archive_name': undefined method `[]' for nil:NilClass (NoMethodError)
	from /home/travis/.casher/bin/casher:65:in `block in fetch'
	from /home/travis/.casher/bin/casher:64:in `each'
	from /home/travis/.casher/bin/casher:64:in `fetch'
	from /home/travis/.casher/bin/casher:53:in `block in run'
	from /home/travis/.rvm/rubies/ruby-1.9.3-p551/lib/ruby/1.9.1/timeout.rb:69:in `timeout'
	from /home/travis/.casher/bin/casher:53:in `run'
	from /home/travis/.casher/bin/casher:263:in `<main>'
[32;1mattempting to download cache archive[0m

travis_time:end:0119d6c0:start=1641653336025943252,finish=1641653336750140766,duration=724197514[0Ktravis_time:start:0519bf70[0K
travis_time:end:0519bf70:start=1641653336760440493,finish=1641653336769114814,duration=8674321[0Ktravis_time:start:17247660[0K[32;1madding /home/travis/.m2 to cache[0m

travis_time:end:17247660:start=1641653336778632888,finish=1641653337723383349,duration=944750461[0Ktravis_fold:end:cache.1[0K$ java -Xmx32m -version
java version "1.8.0_31"
Java(TM) SE Runtime Environment (build 1.8.0_31-b13)
Java HotSpot(TM) 64-Bit Server VM (build 25.31-b07, mixed mode)
$ javac -J-Xmx32m -version
javac 1.8.0_31
travis_fold:start:install[0Ktravis_time:start:20031770[0K$ mvn -o install -Dhttps.protocols=TLSv1.2 -DskipTests=true -Dmaven.javadoc.skip=true -B -V
Java HotSpot(TM) 64-Bit Server VM warning: ignoring option MaxPermSize=192m; support was removed in 8.0
Apache Maven 3.2.5 (12a6b3acb947671f09b81f49094c53f426d8cea1; 2014-12-14T17:29:23+00:00)
Maven home: /usr/local/maven
Java version: 1.8.0_31, vendor: Oracle Corporation
Java home: /usr/lib/jvm/java-8-oracle/jre
Default locale: en_US, platform encoding: UTF-8
OS name: "linux", version: "4.15.0-109-generic", arch: "amd64", family: "unix"
[INFO] Scanning for projects...
[WARNING] 
[WARNING] Some problems were encountered while building the effective model for com.squareup.retrofit2:samples:jar:2.0.0-SNAPSHOT
[WARNING] 'build.plugins.plugin.version' for org.apache.maven.plugins:maven-deploy-plugin is missing. @ com.squareup.retrofit2:samples:[unknown-version], /home/travis/build/failed/square/retrofit/samples/pom.xml, line 50, column 15
[WARNING] 
[WARNING] It is highly recommended to fix these problems because they threaten the stability of your build.
[WARNING] 
[WARNING] For this reason, future Maven versions might no longer support building such malformed projects.
[WARNING] 
[INFO] ------------------------------------------------------------------------
[INFO] Reactor Build Order:
[INFO] 
[INFO] Retrofit (Parent)
[INFO] Retrofit
[INFO] Adapters
[INFO] Adapter: Guava
[INFO] Adapter: Java 8
[INFO] Adapter: RxJava
[INFO] Converters
[INFO] Converter: Gson
[INFO] Converter: Protocol Buffers
[INFO] Converter: Jackson
[INFO] Converter: Wire Protocol Buffers
[INFO] Converter: SimpleXML
[INFO] Converter: Java Scalars
[INFO] Converter: Moshi
[INFO] Retrofit Mock Adapter
[INFO] Samples
[INFO]                                                                         
[INFO] ------------------------------------------------------------------------
[INFO] Building Retrofit (Parent) 2.0.0-SNAPSHOT
[INFO] ------------------------------------------------------------------------
[INFO] 
[INFO] --- maven-enforcer-plugin:1.0:enforce (enforce-maven) @ parent ---
[INFO] 
[INFO] --- animal-sniffer-maven-plugin:1.14:check (default) @ parent ---
[INFO] Checking unresolved references to org.codehaus.mojo.signature:java16:1.1
[INFO] 
[INFO] --- maven-javadoc-plugin:2.10.3:jar (attach-javadocs) @ parent ---
[INFO] Skipping javadoc generation
[INFO] 
[INFO] --- maven-checkstyle-plugin:2.15:checkstyle (default) @ parent ---
[INFO] 
[INFO] --- maven-install-plugin:2.4:install (default-install) @ parent ---
[INFO] Installing /home/travis/build/failed/square/retrofit/pom.xml to /home/travis/.m2/repository/com/squareup/retrofit2/parent/2.0.0-SNAPSHOT/parent-2.0.0-SNAPSHOT.pom
[INFO]                                                                         
[INFO] ------------------------------------------------------------------------
[INFO] Building Retrofit 2.0.0-SNAPSHOT
[INFO] ------------------------------------------------------------------------
[INFO] 
[INFO] --- maven-enforcer-plugin:1.0:enforce (enforce-maven) @ retrofit ---
[INFO] 
[INFO] --- maven-resources-plugin:2.6:resources (default-resources) @ retrofit ---
[INFO] Using 'UTF-8' encoding to copy filtered resources.
[INFO] skip non existing resourceDirectory /home/travis/build/failed/square/retrofit/retrofit/src/main/resources
[INFO] 
[INFO] --- maven-compiler-plugin:3.0:compile (default-compile) @ retrofit ---
[INFO] Changes detected - recompiling the module!
[INFO] Compiling 43 source files to /home/travis/build/failed/square/retrofit/retrofit/target/classes
[WARNING] /home/travis/build/failed/square/retrofit/retrofit/src/main/java/retrofit2/Retrofit.java: Some input files use unchecked or unsafe operations.
[WARNING] /home/travis/build/failed/square/retrofit/retrofit/src/main/java/retrofit2/Retrofit.java: Recompile with -Xlint:unchecked for details.
[INFO] 
[INFO] --- maven-resources-plugin:2.6:testResources (default-testResources) @ retrofit ---
[INFO] Using 'UTF-8' encoding to copy filtered resources.
[INFO] skip non existing resourceDirectory /home/travis/build/failed/square/retrofit/retrofit/src/test/resources
[INFO] 
[INFO] --- maven-compiler-plugin:3.0:testCompile (default-testCompile) @ retrofit ---
[INFO] Changes detected - recompiling the module!
[INFO] Compiling 13 source files to /home/travis/build/failed/square/retrofit/retrofit/target/test-classes
[WARNING] /home/travis/build/failed/square/retrofit/retrofit/src/test/java/retrofit2/RetrofitTest.java: /home/travis/build/failed/square/retrofit/retrofit/src/test/java/retrofit2/RetrofitTest.java uses unchecked or unsafe operations.
[WARNING] /home/travis/build/failed/square/retrofit/retrofit/src/test/java/retrofit2/RetrofitTest.java: Recompile with -Xlint:unchecked for details.
[INFO] 
[INFO] --- maven-surefire-plugin:2.12.4:test (default-test) @ retrofit ---
[INFO] Tests are skipped.
[INFO] 
[INFO] --- animal-sniffer-maven-plugin:1.14:check (default) @ retrofit ---
[INFO] Checking unresolved references to org.codehaus.mojo.signature:java16:1.1
[INFO] 
[INFO] --- maven-jar-plugin:2.4:jar (default-jar) @ retrofit ---
[INFO] Building jar: /home/travis/build/failed/square/retrofit/retrofit/target/retrofit-2.0.0-SNAPSHOT.jar
[INFO] 
[INFO] --- maven-javadoc-plugin:2.10.3:jar (attach-javadocs) @ retrofit ---
[INFO] Skipping javadoc generation
[INFO] 
[INFO] --- maven-checkstyle-plugin:2.15:checkstyle (default) @ retrofit ---
[INFO] Starting audit...
Audit done.
[WARNING] Unable to locate Source XRef to link to - DISABLED
[INFO] 
[INFO] --- maven-install-plugin:2.4:install (default-install) @ retrofit ---
[INFO] Installing /home/travis/build/failed/square/retrofit/retrofit/target/retrofit-2.0.0-SNAPSHOT.jar to /home/travis/.m2/repository/com/squareup/retrofit2/retrofit/2.0.0-SNAPSHOT/retrofit-2.0.0-SNAPSHOT.jar
[INFO] Installing /home/travis/build/failed/square/retrofit/retrofit/pom.xml to /home/travis/.m2/repository/com/squareup/retrofit2/retrofit/2.0.0-SNAPSHOT/retrofit-2.0.0-SNAPSHOT.pom
[INFO]                                                                         
[INFO] ------------------------------------------------------------------------
[INFO] Building Adapters 2.0.0-SNAPSHOT
[INFO] ------------------------------------------------------------------------
[INFO] 
[INFO] --- maven-enforcer-plugin:1.0:enforce (enforce-maven) @ retrofit-adapters ---
[INFO] 
[INFO] --- animal-sniffer-maven-plugin:1.14:check (default) @ retrofit-adapters ---
[INFO] Checking unresolved references to org.codehaus.mojo.signature:java16:1.1
[INFO] 
[INFO] --- maven-javadoc-plugin:2.10.3:jar (attach-javadocs) @ retrofit-adapters ---
[INFO] Skipping javadoc generation
[INFO] 
[INFO] --- maven-checkstyle-plugin:2.15:checkstyle (default) @ retrofit-adapters ---
[INFO] 
[INFO] --- maven-install-plugin:2.4:install (default-install) @ retrofit-adapters ---
[INFO] Installing /home/travis/build/failed/square/retrofit/retrofit-adapters/pom.xml to /home/travis/.m2/repository/com/squareup/retrofit2/retrofit-adapters/2.0.0-SNAPSHOT/retrofit-adapters-2.0.0-SNAPSHOT.pom
[INFO]                                                                         
[INFO] ------------------------------------------------------------------------
[INFO] Building Adapter: Guava 2.0.0-SNAPSHOT
[INFO] ------------------------------------------------------------------------
[INFO] 
[INFO] --- maven-enforcer-plugin:1.0:enforce (enforce-maven) @ adapter-guava ---
[INFO] 
[INFO] --- maven-resources-plugin:2.6:resources (default-resources) @ adapter-guava ---
[INFO] Using 'UTF-8' encoding to copy filtered resources.
[INFO] skip non existing resourceDirectory /home/travis/build/failed/square/retrofit/retrofit-adapters/guava/src/main/resources
[INFO] 
[INFO] --- maven-compiler-plugin:3.0:compile (default-compile) @ adapter-guava ---
[INFO] Changes detected - recompiling the module!
[INFO] Compiling 2 source files to /home/travis/build/failed/square/retrofit/retrofit-adapters/guava/target/classes
[INFO] 
[INFO] --- maven-resources-plugin:2.6:testResources (default-testResources) @ adapter-guava ---
[INFO] Using 'UTF-8' encoding to copy filtered resources.
[INFO] skip non existing resourceDirectory /home/travis/build/failed/square/retrofit/retrofit-adapters/guava/src/test/resources
[INFO] 
[INFO] --- maven-compiler-plugin:3.0:testCompile (default-testCompile) @ adapter-guava ---
[INFO] Changes detected - recompiling the module!
[INFO] Compiling 3 source files to /home/travis/build/failed/square/retrofit/retrofit-adapters/guava/target/test-classes
[INFO] 
[INFO] --- maven-surefire-plugin:2.12.4:test (default-test) @ adapter-guava ---
[INFO] Tests are skipped.
[INFO] 
[INFO] --- animal-sniffer-maven-plugin:1.14:check (default) @ adapter-guava ---
[INFO] Checking unresolved references to org.codehaus.mojo.signature:java16:1.1
[INFO] 
[INFO] --- maven-jar-plugin:2.4:jar (default-jar) @ adapter-guava ---
[INFO] Building jar: /home/travis/build/failed/square/retrofit/retrofit-adapters/guava/target/adapter-guava-2.0.0-SNAPSHOT.jar
[INFO] 
[INFO] --- maven-javadoc-plugin:2.10.3:jar (attach-javadocs) @ adapter-guava ---
[INFO] Skipping javadoc generation
[INFO] 
[INFO] --- maven-checkstyle-plugin:2.15:checkstyle (default) @ adapter-guava ---
[INFO] Starting audit...
Audit done.
[WARNING] Unable to locate Source XRef to link to - DISABLED
[INFO] 
[INFO] --- maven-install-plugin:2.4:install (default-install) @ adapter-guava ---
[INFO] Installing /home/travis/build/failed/square/retrofit/retrofit-adapters/guava/target/adapter-guava-2.0.0-SNAPSHOT.jar to /home/travis/.m2/repository/com/squareup/retrofit2/adapter-guava/2.0.0-SNAPSHOT/adapter-guava-2.0.0-SNAPSHOT.jar
[INFO] Installing /home/travis/build/failed/square/retrofit/retrofit-adapters/guava/pom.xml to /home/travis/.m2/repository/com/squareup/retrofit2/adapter-guava/2.0.0-SNAPSHOT/adapter-guava-2.0.0-SNAPSHOT.pom
[INFO]                                                                         
[INFO] ------------------------------------------------------------------------
[INFO] Building Adapter: Java 8 2.0.0-SNAPSHOT
[INFO] ------------------------------------------------------------------------
[INFO] 
[INFO] --- maven-enforcer-plugin:1.0:enforce (enforce-maven) @ adapter-java8 ---
[INFO] 
[INFO] --- maven-resources-plugin:2.6:resources (default-resources) @ adapter-java8 ---
[INFO] Using 'UTF-8' encoding to copy filtered resources.
[INFO] skip non existing resourceDirectory /home/travis/build/failed/square/retrofit/retrofit-adapters/java8/src/main/resources
[INFO] 
[INFO] --- maven-compiler-plugin:3.0:compile (default-compile) @ adapter-java8 ---
[INFO] Changes detected - recompiling the module!
[INFO] Compiling 2 source files to /home/travis/build/failed/square/retrofit/retrofit-adapters/java8/target/classes
[INFO] 
[INFO] --- maven-resources-plugin:2.6:testResources (default-testResources) @ adapter-java8 ---
[INFO] Using 'UTF-8' encoding to copy filtered resources.
[INFO] skip non existing resourceDirectory /home/travis/build/failed/square/retrofit/retrofit-adapters/java8/src/test/resources
[INFO] 
[INFO] --- maven-compiler-plugin:3.0:testCompile (default-testCompile) @ adapter-java8 ---
[INFO] Changes detected - recompiling the module!
[INFO] Compiling 3 source files to /home/travis/build/failed/square/retrofit/retrofit-adapters/java8/target/test-classes
[INFO] 
[INFO] --- maven-surefire-plugin:2.12.4:test (default-test) @ adapter-java8 ---
[INFO] Tests are skipped.
[INFO] 
[INFO] --- animal-sniffer-maven-plugin:1.14:check (default) @ adapter-java8 ---
[INFO] Checking unresolved references to org.kaazing.mojo.signature:java18:1.0
[INFO] 
[INFO] --- maven-jar-plugin:2.4:jar (default-jar) @ adapter-java8 ---
[INFO] Building jar: /home/travis/build/failed/square/retrofit/retrofit-adapters/java8/target/adapter-java8-2.0.0-SNAPSHOT.jar
[INFO] 
[INFO] --- maven-javadoc-plugin:2.10.3:jar (attach-javadocs) @ adapter-java8 ---
[INFO] Skipping javadoc generation
[INFO] 
[INFO] --- maven-checkstyle-plugin:2.15:checkstyle (default) @ adapter-java8 ---
[INFO] Starting audit...
Audit done.
[WARNING] Unable to locate Source XRef to link to - DISABLED
[INFO] 
[INFO] --- maven-install-plugin:2.4:install (default-install) @ adapter-java8 ---
[INFO] Installing /home/travis/build/failed/square/retrofit/retrofit-adapters/java8/target/adapter-java8-2.0.0-SNAPSHOT.jar to /home/travis/.m2/repository/com/squareup/retrofit2/adapter-java8/2.0.0-SNAPSHOT/adapter-java8-2.0.0-SNAPSHOT.jar
[INFO] Installing /home/travis/build/failed/square/retrofit/retrofit-adapters/java8/pom.xml to /home/travis/.m2/repository/com/squareup/retrofit2/adapter-java8/2.0.0-SNAPSHOT/adapter-java8-2.0.0-SNAPSHOT.pom
[INFO]                                                                         
[INFO] ------------------------------------------------------------------------
[INFO] Building Adapter: RxJava 2.0.0-SNAPSHOT
[INFO] ------------------------------------------------------------------------
[INFO] 
[INFO] --- maven-enforcer-plugin:1.0:enforce (enforce-maven) @ adapter-rxjava ---
[INFO] 
[INFO] --- maven-resources-plugin:2.6:resources (default-resources) @ adapter-rxjava ---
[INFO] Using 'UTF-8' encoding to copy filtered resources.
[INFO] skip non existing resourceDirectory /home/travis/build/failed/square/retrofit/retrofit-adapters/rxjava/src/main/resources
[INFO] 
[INFO] --- maven-compiler-plugin:3.0:compile (default-compile) @ adapter-rxjava ---
[INFO] Changes detected - recompiling the module!
[INFO] Compiling 5 source files to /home/travis/build/failed/square/retrofit/retrofit-adapters/rxjava/target/classes
[INFO] 
[INFO] --- maven-resources-plugin:2.6:testResources (default-testResources) @ adapter-rxjava ---
[INFO] Using 'UTF-8' encoding to copy filtered resources.
[INFO] skip non existing resourceDirectory /home/travis/build/failed/square/retrofit/retrofit-adapters/rxjava/src/test/resources
[INFO] 
[INFO] --- maven-compiler-plugin:3.0:testCompile (default-testCompile) @ adapter-rxjava ---
[INFO] Changes detected - recompiling the module!
[INFO] Compiling 9 source files to /home/travis/build/failed/square/retrofit/retrofit-adapters/rxjava/target/test-classes
[INFO] 
[INFO] --- maven-surefire-plugin:2.12.4:test (default-test) @ adapter-rxjava ---
[INFO] Tests are skipped.
[INFO] 
[INFO] --- animal-sniffer-maven-plugin:1.14:check (default) @ adapter-rxjava ---
[INFO] Checking unresolved references to org.codehaus.mojo.signature:java16:1.1
[INFO] 
[INFO] --- maven-jar-plugin:2.4:jar (default-jar) @ adapter-rxjava ---
[INFO] Building jar: /home/travis/build/failed/square/retrofit/retrofit-adapters/rxjava/target/adapter-rxjava-2.0.0-SNAPSHOT.jar
[INFO] 
[INFO] --- maven-javadoc-plugin:2.10.3:jar (attach-javadocs) @ adapter-rxjava ---
[INFO] Skipping javadoc generation
[INFO] 
[INFO] --- maven-checkstyle-plugin:2.15:checkstyle (default) @ adapter-rxjava ---
[INFO] Starting audit...
Audit done.
[WARNING] Unable to locate Source XRef to link to - DISABLED
[INFO] 
[INFO] --- maven-install-plugin:2.4:install (default-install) @ adapter-rxjava ---
[INFO] Installing /home/travis/build/failed/square/retrofit/retrofit-adapters/rxjava/target/adapter-rxjava-2.0.0-SNAPSHOT.jar to /home/travis/.m2/repository/com/squareup/retrofit2/adapter-rxjava/2.0.0-SNAPSHOT/adapter-rxjava-2.0.0-SNAPSHOT.jar
[INFO] Installing /home/travis/build/failed/square/retrofit/retrofit-adapters/rxjava/pom.xml to /home/travis/.m2/repository/com/squareup/retrofit2/adapter-rxjava/2.0.0-SNAPSHOT/adapter-rxjava-2.0.0-SNAPSHOT.pom
[INFO]                                                                         
[INFO] ------------------------------------------------------------------------
[INFO] Building Converters 2.0.0-SNAPSHOT
[INFO] ------------------------------------------------------------------------
[INFO] 
[INFO] --- maven-enforcer-plugin:1.0:enforce (enforce-maven) @ retrofit-converters ---
[INFO] 
[INFO] --- animal-sniffer-maven-plugin:1.14:check (default) @ retrofit-converters ---
[INFO] Checking unresolved references to org.codehaus.mojo.signature:java16:1.1
[INFO] 
[INFO] --- maven-javadoc-plugin:2.10.3:jar (attach-javadocs) @ retrofit-converters ---
[INFO] Skipping javadoc generation
[INFO] 
[INFO] --- maven-checkstyle-plugin:2.15:checkstyle (default) @ retrofit-converters ---
[INFO] 
[INFO] --- maven-install-plugin:2.4:install (default-install) @ retrofit-converters ---
[INFO] Installing /home/travis/build/failed/square/retrofit/retrofit-converters/pom.xml to /home/travis/.m2/repository/com/squareup/retrofit2/retrofit-converters/2.0.0-SNAPSHOT/retrofit-converters-2.0.0-SNAPSHOT.pom
[INFO]                                                                         
[INFO] ------------------------------------------------------------------------
[INFO] Building Converter: Gson 2.0.0-SNAPSHOT
[INFO] ------------------------------------------------------------------------
[INFO] 
[INFO] --- maven-enforcer-plugin:1.0:enforce (enforce-maven) @ converter-gson ---
[INFO] 
[INFO] --- maven-resources-plugin:2.6:resources (default-resources) @ converter-gson ---
[INFO] Using 'UTF-8' encoding to copy filtered resources.
[INFO] skip non existing resourceDirectory /home/travis/build/failed/square/retrofit/retrofit-converters/gson/src/main/resources
[INFO] 
[INFO] --- maven-compiler-plugin:3.0:compile (default-compile) @ converter-gson ---
[INFO] Changes detected - recompiling the module!
[INFO] Compiling 3 source files to /home/travis/build/failed/square/retrofit/retrofit-converters/gson/target/classes
[INFO] 
[INFO] --- maven-resources-plugin:2.6:testResources (default-testResources) @ converter-gson ---
[INFO] Using 'UTF-8' encoding to copy filtered resources.
[INFO] skip non existing resourceDirectory /home/travis/build/failed/square/retrofit/retrofit-converters/gson/src/test/resources
[INFO] 
[INFO] --- maven-compiler-plugin:3.0:testCompile (default-testCompile) @ converter-gson ---
[INFO] Changes detected - recompiling the module!
[INFO] Compiling 1 source file to /home/travis/build/failed/square/retrofit/retrofit-converters/gson/target/test-classes
[INFO] 
[INFO] --- maven-surefire-plugin:2.12.4:test (default-test) @ converter-gson ---
[INFO] Tests are skipped.
[INFO] 
[INFO] --- animal-sniffer-maven-plugin:1.14:check (default) @ converter-gson ---
[INFO] Checking unresolved references to org.codehaus.mojo.signature:java16:1.1
[INFO] 
[INFO] --- maven-jar-plugin:2.4:jar (default-jar) @ converter-gson ---
[INFO] Building jar: /home/travis/build/failed/square/retrofit/retrofit-converters/gson/target/converter-gson-2.0.0-SNAPSHOT.jar
[INFO] 
[INFO] --- maven-javadoc-plugin:2.10.3:jar (attach-javadocs) @ converter-gson ---
[INFO] Skipping javadoc generation
[INFO] 
[INFO] --- maven-checkstyle-plugin:2.15:checkstyle (default) @ converter-gson ---
[INFO] Starting audit...
Audit done.
[WARNING] Unable to locate Source XRef to link to - DISABLED
[INFO] 
[INFO] --- maven-install-plugin:2.4:install (default-install) @ converter-gson ---
[INFO] Installing /home/travis/build/failed/square/retrofit/retrofit-converters/gson/target/converter-gson-2.0.0-SNAPSHOT.jar to /home/travis/.m2/repository/com/squareup/retrofit2/converter-gson/2.0.0-SNAPSHOT/converter-gson-2.0.0-SNAPSHOT.jar
[INFO] Installing /home/travis/build/failed/square/retrofit/retrofit-converters/gson/pom.xml to /home/travis/.m2/repository/com/squareup/retrofit2/converter-gson/2.0.0-SNAPSHOT/converter-gson-2.0.0-SNAPSHOT.pom
[INFO]                                                                         
[INFO] ------------------------------------------------------------------------
[INFO] Building Converter: Protocol Buffers 2.0.0-SNAPSHOT
[INFO] ------------------------------------------------------------------------
[INFO] 
[INFO] --- maven-enforcer-plugin:1.0:enforce (enforce-maven) @ converter-protobuf ---
[INFO] 
[INFO] --- maven-resources-plugin:2.6:resources (default-resources) @ converter-protobuf ---
[INFO] Using 'UTF-8' encoding to copy filtered resources.
[INFO] skip non existing resourceDirectory /home/travis/build/failed/square/retrofit/retrofit-converters/protobuf/src/main/resources
[INFO] 
[INFO] --- maven-compiler-plugin:3.0:compile (default-compile) @ converter-protobuf ---
[INFO] Changes detected - recompiling the module!
[INFO] Compiling 3 source files to /home/travis/build/failed/square/retrofit/retrofit-converters/protobuf/target/classes
[WARNING] /home/travis/build/failed/square/retrofit/retrofit-converters/protobuf/src/main/java/retrofit2/converter/protobuf/ProtoConverterFactory.java: /home/travis/build/failed/square/retrofit/retrofit-converters/protobuf/src/main/java/retrofit2/converter/protobuf/ProtoConverterFactory.java uses unchecked or unsafe operations.
[WARNING] /home/travis/build/failed/square/retrofit/retrofit-converters/protobuf/src/main/java/retrofit2/converter/protobuf/ProtoConverterFactory.java: Recompile with -Xlint:unchecked for details.
[INFO] 
[INFO] --- maven-resources-plugin:2.6:testResources (default-testResources) @ converter-protobuf ---
[INFO] Using 'UTF-8' encoding to copy filtered resources.
[INFO] skip non existing resourceDirectory /home/travis/build/failed/square/retrofit/retrofit-converters/protobuf/src/test/resources
[INFO] 
[INFO] --- maven-compiler-plugin:3.0:testCompile (default-testCompile) @ converter-protobuf ---
[INFO] Changes detected - recompiling the module!
[INFO] Compiling 2 source files to /home/travis/build/failed/square/retrofit/retrofit-converters/protobuf/target/test-classes
[INFO] 
[INFO] --- maven-surefire-plugin:2.12.4:test (default-test) @ converter-protobuf ---
[INFO] Tests are skipped.
[INFO] 
[INFO] --- animal-sniffer-maven-plugin:1.14:check (default) @ converter-protobuf ---
[INFO] Checking unresolved references to org.codehaus.mojo.signature:java16:1.1
[INFO] 
[INFO] --- maven-jar-plugin:2.4:jar (default-jar) @ converter-protobuf ---
[INFO] Building jar: /home/travis/build/failed/square/retrofit/retrofit-converters/protobuf/target/converter-protobuf-2.0.0-SNAPSHOT.jar
[INFO] 
[INFO] --- maven-javadoc-plugin:2.10.3:jar (attach-javadocs) @ converter-protobuf ---
[INFO] Skipping javadoc generation
[INFO] 
[INFO] --- maven-checkstyle-plugin:2.15:checkstyle (default) @ converter-protobuf ---
[INFO] Starting audit...
Audit done.
[WARNING] Unable to locate Source XRef to link to - DISABLED
[INFO] 
[INFO] --- maven-install-plugin:2.4:install (default-install) @ converter-protobuf ---
[INFO] Installing /home/travis/build/failed/square/retrofit/retrofit-converters/protobuf/target/converter-protobuf-2.0.0-SNAPSHOT.jar to /home/travis/.m2/repository/com/squareup/retrofit2/converter-protobuf/2.0.0-SNAPSHOT/converter-protobuf-2.0.0-SNAPSHOT.jar
[INFO] Installing /home/travis/build/failed/square/retrofit/retrofit-converters/protobuf/pom.xml to /home/travis/.m2/repository/com/squareup/retrofit2/converter-protobuf/2.0.0-SNAPSHOT/converter-protobuf-2.0.0-SNAPSHOT.pom
[INFO]                                                                         
[INFO] ------------------------------------------------------------------------
[INFO] Building Converter: Jackson 2.0.0-SNAPSHOT
[INFO] ------------------------------------------------------------------------
[INFO] 
[INFO] --- maven-enforcer-plugin:1.0:enforce (enforce-maven) @ converter-jackson ---
[INFO] 
[INFO] --- maven-resources-plugin:2.6:resources (default-resources) @ converter-jackson ---
[INFO] Using 'UTF-8' encoding to copy filtered resources.
[INFO] skip non existing resourceDirectory /home/travis/build/failed/square/retrofit/retrofit-converters/jackson/src/main/resources
[INFO] 
[INFO] --- maven-compiler-plugin:3.0:compile (default-compile) @ converter-jackson ---
[INFO] Changes detected - recompiling the module!
[INFO] Compiling 3 source files to /home/travis/build/failed/square/retrofit/retrofit-converters/jackson/target/classes
[WARNING] /home/travis/build/failed/square/retrofit/retrofit-converters/jackson/src/main/java/retrofit2/converter/jackson/JacksonConverterFactory.java: /home/travis/build/failed/square/retrofit/retrofit-converters/jackson/src/main/java/retrofit2/converter/jackson/JacksonConverterFactory.java uses or overrides a deprecated API.
[WARNING] /home/travis/build/failed/square/retrofit/retrofit-converters/jackson/src/main/java/retrofit2/converter/jackson/JacksonConverterFactory.java: Recompile with -Xlint:deprecation for details.
[INFO] 
[INFO] --- maven-resources-plugin:2.6:testResources (default-testResources) @ converter-jackson ---
[INFO] Using 'UTF-8' encoding to copy filtered resources.
[INFO] skip non existing resourceDirectory /home/travis/build/failed/square/retrofit/retrofit-converters/jackson/src/test/resources
[INFO] 
[INFO] --- maven-compiler-plugin:3.0:testCompile (default-testCompile) @ converter-jackson ---
[INFO] Changes detected - recompiling the module!
[INFO] Compiling 1 source file to /home/travis/build/failed/square/retrofit/retrofit-converters/jackson/target/test-classes
[WARNING] /home/travis/build/failed/square/retrofit/retrofit-converters/jackson/src/test/java/retrofit2/converter/jackson/JacksonConverterFactoryTest.java: /home/travis/build/failed/square/retrofit/retrofit-converters/jackson/src/test/java/retrofit2/converter/jackson/JacksonConverterFactoryTest.java uses or overrides a deprecated API.
[WARNING] /home/travis/build/failed/square/retrofit/retrofit-converters/jackson/src/test/java/retrofit2/converter/jackson/JacksonConverterFactoryTest.java: Recompile with -Xlint:deprecation for details.
[INFO] 
[INFO] --- maven-surefire-plugin:2.12.4:test (default-test) @ converter-jackson ---
[INFO] Tests are skipped.
[INFO] 
[INFO] --- animal-sniffer-maven-plugin:1.14:check (default) @ converter-jackson ---
[INFO] Checking unresolved references to org.codehaus.mojo.signature:java16:1.1
[INFO] 
[INFO] --- maven-jar-plugin:2.4:jar (default-jar) @ converter-jackson ---
[INFO] Building jar: /home/travis/build/failed/square/retrofit/retrofit-converters/jackson/target/converter-jackson-2.0.0-SNAPSHOT.jar
[INFO] 
[INFO] --- maven-javadoc-plugin:2.10.3:jar (attach-javadocs) @ converter-jackson ---
[INFO] Skipping javadoc generation
[INFO] 
[INFO] --- maven-checkstyle-plugin:2.15:checkstyle (default) @ converter-jackson ---
[INFO] Starting audit...
Audit done.
[WARNING] Unable to locate Source XRef to link to - DISABLED
[INFO] 
[INFO] --- maven-install-plugin:2.4:install (default-install) @ converter-jackson ---
[INFO] Installing /home/travis/build/failed/square/retrofit/retrofit-converters/jackson/target/converter-jackson-2.0.0-SNAPSHOT.jar to /home/travis/.m2/repository/com/squareup/retrofit2/converter-jackson/2.0.0-SNAPSHOT/converter-jackson-2.0.0-SNAPSHOT.jar
[INFO] Installing /home/travis/build/failed/square/retrofit/retrofit-converters/jackson/pom.xml to /home/travis/.m2/repository/com/squareup/retrofit2/converter-jackson/2.0.0-SNAPSHOT/converter-jackson-2.0.0-SNAPSHOT.pom
[INFO]                                                                         
[INFO] ------------------------------------------------------------------------
[INFO] Building Converter: Wire Protocol Buffers 2.0.0-SNAPSHOT
[INFO] ------------------------------------------------------------------------
[INFO] 
[INFO] --- maven-enforcer-plugin:1.0:enforce (enforce-maven) @ converter-wire ---
[INFO] 
[INFO] --- maven-resources-plugin:2.6:resources (default-resources) @ converter-wire ---
[INFO] Using 'UTF-8' encoding to copy filtered resources.
[INFO] skip non existing resourceDirectory /home/travis/build/failed/square/retrofit/retrofit-converters/wire/src/main/resources
[INFO] 
[INFO] --- maven-compiler-plugin:3.0:compile (default-compile) @ converter-wire ---
[INFO] Changes detected - recompiling the module!
[INFO] Compiling 3 source files to /home/travis/build/failed/square/retrofit/retrofit-converters/wire/target/classes
[WARNING] /home/travis/build/failed/square/retrofit/retrofit-converters/wire/src/main/java/retrofit2/converter/wire/WireConverterFactory.java: /home/travis/build/failed/square/retrofit/retrofit-converters/wire/src/main/java/retrofit2/converter/wire/WireConverterFactory.java uses unchecked or unsafe operations.
[WARNING] /home/travis/build/failed/square/retrofit/retrofit-converters/wire/src/main/java/retrofit2/converter/wire/WireConverterFactory.java: Recompile with -Xlint:unchecked for details.
[INFO] 
[INFO] --- maven-resources-plugin:2.6:testResources (default-testResources) @ converter-wire ---
[INFO] Using 'UTF-8' encoding to copy filtered resources.
[INFO] skip non existing resourceDirectory /home/travis/build/failed/square/retrofit/retrofit-converters/wire/src/test/resources
[INFO] 
[INFO] --- maven-compiler-plugin:3.0:testCompile (default-testCompile) @ converter-wire ---
[INFO] Changes detected - recompiling the module!
[INFO] Compiling 2 source files to /home/travis/build/failed/square/retrofit/retrofit-converters/wire/target/test-classes
[INFO] 
[INFO] --- maven-surefire-plugin:2.12.4:test (default-test) @ converter-wire ---
[INFO] Tests are skipped.
[INFO] 
[INFO] --- animal-sniffer-maven-plugin:1.14:check (default) @ converter-wire ---
[INFO] Checking unresolved references to org.codehaus.mojo.signature:java16:1.1
[INFO] 
[INFO] --- maven-jar-plugin:2.4:jar (default-jar) @ converter-wire ---
[INFO] Building jar: /home/travis/build/failed/square/retrofit/retrofit-converters/wire/target/converter-wire-2.0.0-SNAPSHOT.jar
[INFO] 
[INFO] --- maven-javadoc-plugin:2.10.3:jar (attach-javadocs) @ converter-wire ---
[INFO] Skipping javadoc generation
[INFO] 
[INFO] --- maven-checkstyle-plugin:2.15:checkstyle (default) @ converter-wire ---
[INFO] Starting audit...
Audit done.
[WARNING] Unable to locate Source XRef to link to - DISABLED
[INFO] 
[INFO] --- maven-install-plugin:2.4:install (default-install) @ converter-wire ---
[INFO] Installing /home/travis/build/failed/square/retrofit/retrofit-converters/wire/target/converter-wire-2.0.0-SNAPSHOT.jar to /home/travis/.m2/repository/com/squareup/retrofit2/converter-wire/2.0.0-SNAPSHOT/converter-wire-2.0.0-SNAPSHOT.jar
[INFO] Installing /home/travis/build/failed/square/retrofit/retrofit-converters/wire/pom.xml to /home/travis/.m2/repository/com/squareup/retrofit2/converter-wire/2.0.0-SNAPSHOT/converter-wire-2.0.0-SNAPSHOT.pom
[INFO]                                                                         
[INFO] ------------------------------------------------------------------------
[INFO] Building Converter: SimpleXML 2.0.0-SNAPSHOT
[INFO] ------------------------------------------------------------------------
[INFO] 
[INFO] --- maven-enforcer-plugin:1.0:enforce (enforce-maven) @ converter-simplexml ---
[INFO] 
[INFO] --- maven-resources-plugin:2.6:resources (default-resources) @ converter-simplexml ---
[INFO] Using 'UTF-8' encoding to copy filtered resources.
[INFO] skip non existing resourceDirectory /home/travis/build/failed/square/retrofit/retrofit-converters/simplexml/src/main/resources
[INFO] 
[INFO] --- maven-compiler-plugin:3.0:compile (default-compile) @ converter-simplexml ---
[INFO] Changes detected - recompiling the module!
[INFO] Compiling 3 source files to /home/travis/build/failed/square/retrofit/retrofit-converters/simplexml/target/classes
[INFO] 
[INFO] --- maven-resources-plugin:2.6:testResources (default-testResources) @ converter-simplexml ---
[INFO] Using 'UTF-8' encoding to copy filtered resources.
[INFO] skip non existing resourceDirectory /home/travis/build/failed/square/retrofit/retrofit-converters/simplexml/src/test/resources
[INFO] 
[INFO] --- maven-compiler-plugin:3.0:testCompile (default-testCompile) @ converter-simplexml ---
[INFO] Changes detected - recompiling the module!
[INFO] Compiling 2 source files to /home/travis/build/failed/square/retrofit/retrofit-converters/simplexml/target/test-classes
[INFO] 
[INFO] --- maven-surefire-plugin:2.12.4:test (default-test) @ converter-simplexml ---
[INFO] Tests are skipped.
[INFO] 
[INFO] --- animal-sniffer-maven-plugin:1.14:check (default) @ converter-simplexml ---
[INFO] Checking unresolved references to org.codehaus.mojo.signature:java16:1.1
[INFO] 
[INFO] --- maven-jar-plugin:2.4:jar (default-jar) @ converter-simplexml ---
[INFO] Building jar: /home/travis/build/failed/square/retrofit/retrofit-converters/simplexml/target/converter-simplexml-2.0.0-SNAPSHOT.jar
[INFO] 
[INFO] --- maven-javadoc-plugin:2.10.3:jar (attach-javadocs) @ converter-simplexml ---
[INFO] Skipping javadoc generation
[INFO] 
[INFO] --- maven-checkstyle-plugin:2.15:checkstyle (default) @ converter-simplexml ---
[INFO] Starting audit...
Audit done.
[WARNING] Unable to locate Source XRef to link to - DISABLED
[INFO] 
[INFO] --- maven-install-plugin:2.4:install (default-install) @ converter-simplexml ---
[INFO] Installing /home/travis/build/failed/square/retrofit/retrofit-converters/simplexml/target/converter-simplexml-2.0.0-SNAPSHOT.jar to /home/travis/.m2/repository/com/squareup/retrofit2/converter-simplexml/2.0.0-SNAPSHOT/converter-simplexml-2.0.0-SNAPSHOT.jar
[INFO] Installing /home/travis/build/failed/square/retrofit/retrofit-converters/simplexml/pom.xml to /home/travis/.m2/repository/com/squareup/retrofit2/converter-simplexml/2.0.0-SNAPSHOT/converter-simplexml-2.0.0-SNAPSHOT.pom
[INFO]                                                                         
[INFO] ------------------------------------------------------------------------
[INFO] Building Converter: Java Scalars 2.0.0-SNAPSHOT
[INFO] ------------------------------------------------------------------------
[INFO] 
[INFO] --- maven-enforcer-plugin:1.0:enforce (enforce-maven) @ converter-scalars ---
[INFO] 
[INFO] --- maven-resources-plugin:2.6:resources (default-resources) @ converter-scalars ---
[INFO] Using 'UTF-8' encoding to copy filtered resources.
[INFO] skip non existing resourceDirectory /home/travis/build/failed/square/retrofit/retrofit-converters/scalars/src/main/resources
[INFO] 
[INFO] --- maven-compiler-plugin:3.0:compile (default-compile) @ converter-scalars ---
[INFO] Changes detected - recompiling the module!
[INFO] Compiling 3 source files to /home/travis/build/failed/square/retrofit/retrofit-converters/scalars/target/classes
[INFO] 
[INFO] --- maven-resources-plugin:2.6:testResources (default-testResources) @ converter-scalars ---
[INFO] Using 'UTF-8' encoding to copy filtered resources.
[INFO] skip non existing resourceDirectory /home/travis/build/failed/square/retrofit/retrofit-converters/scalars/src/test/resources
[INFO] 
[INFO] --- maven-compiler-plugin:3.0:testCompile (default-testCompile) @ converter-scalars ---
[INFO] Changes detected - recompiling the module!
[INFO] Compiling 2 source files to /home/travis/build/failed/square/retrofit/retrofit-converters/scalars/target/test-classes
[INFO] 
[INFO] --- maven-surefire-plugin:2.12.4:test (default-test) @ converter-scalars ---
[INFO] Tests are skipped.
[INFO] 
[INFO] --- animal-sniffer-maven-plugin:1.14:check (default) @ converter-scalars ---
[INFO] Checking unresolved references to org.codehaus.mojo.signature:java16:1.1
[INFO] 
[INFO] --- maven-jar-plugin:2.4:jar (default-jar) @ converter-scalars ---
[INFO] Building jar: /home/travis/build/failed/square/retrofit/retrofit-converters/scalars/target/converter-scalars-2.0.0-SNAPSHOT.jar
[INFO] 
[INFO] --- maven-javadoc-plugin:2.10.3:jar (attach-javadocs) @ converter-scalars ---
[INFO] Skipping javadoc generation
[INFO] 
[INFO] --- maven-checkstyle-plugin:2.15:checkstyle (default) @ converter-scalars ---
[INFO] Starting audit...
Audit done.
[WARNING] Unable to locate Source XRef to link to - DISABLED
[INFO] 
[INFO] --- maven-install-plugin:2.4:install (default-install) @ converter-scalars ---
[INFO] Installing /home/travis/build/failed/square/retrofit/retrofit-converters/scalars/target/converter-scalars-2.0.0-SNAPSHOT.jar to /home/travis/.m2/repository/com/squareup/retrofit2/converter-scalars/2.0.0-SNAPSHOT/converter-scalars-2.0.0-SNAPSHOT.jar
[INFO] Installing /home/travis/build/failed/square/retrofit/retrofit-converters/scalars/pom.xml to /home/travis/.m2/repository/com/squareup/retrofit2/converter-scalars/2.0.0-SNAPSHOT/converter-scalars-2.0.0-SNAPSHOT.pom
[INFO]                                                                         
[INFO] ------------------------------------------------------------------------
[INFO] Building Converter: Moshi 2.0.0-SNAPSHOT
[INFO] ------------------------------------------------------------------------
[INFO] 
[INFO] --- maven-enforcer-plugin:1.0:enforce (enforce-maven) @ converter-moshi ---
[INFO] 
[INFO] --- maven-resources-plugin:2.6:resources (default-resources) @ converter-moshi ---
[INFO] Using 'UTF-8' encoding to copy filtered resources.
[INFO] skip non existing resourceDirectory /home/travis/build/failed/square/retrofit/retrofit-converters/moshi/src/main/resources
[INFO] 
[INFO] --- maven-compiler-plugin:3.0:compile (default-compile) @ converter-moshi ---
[INFO] Changes detected - recompiling the module!
[INFO] Compiling 3 source files to /home/travis/build/failed/square/retrofit/retrofit-converters/moshi/target/classes
[INFO] 
[INFO] --- maven-resources-plugin:2.6:testResources (default-testResources) @ converter-moshi ---
[INFO] Using 'UTF-8' encoding to copy filtered resources.
[INFO] skip non existing resourceDirectory /home/travis/build/failed/square/retrofit/retrofit-converters/moshi/src/test/resources
[INFO] 
[INFO] --- maven-compiler-plugin:3.0:testCompile (default-testCompile) @ converter-moshi ---
[INFO] Changes detected - recompiling the module!
[INFO] Compiling 1 source file to /home/travis/build/failed/square/retrofit/retrofit-converters/moshi/target/test-classes
[INFO] 
[INFO] --- maven-surefire-plugin:2.12.4:test (default-test) @ converter-moshi ---
[INFO] Tests are skipped.
[INFO] 
[INFO] --- animal-sniffer-maven-plugin:1.14:check (default) @ converter-moshi ---
[INFO] Checking unresolved references to org.codehaus.mojo.signature:java16:1.1
[INFO] 
[INFO] --- maven-jar-plugin:2.4:jar (default-jar) @ converter-moshi ---
[INFO] Building jar: /home/travis/build/failed/square/retrofit/retrofit-converters/moshi/target/converter-moshi-2.0.0-SNAPSHOT.jar
[INFO] 
[INFO] --- maven-javadoc-plugin:2.10.3:jar (attach-javadocs) @ converter-moshi ---
[INFO] Skipping javadoc generation
[INFO] 
[INFO] --- maven-checkstyle-plugin:2.15:checkstyle (default) @ converter-moshi ---
[INFO] Starting audit...
Audit done.
[WARNING] Unable to locate Source XRef to link to - DISABLED
[INFO] 
[INFO] --- maven-install-plugin:2.4:install (default-install) @ converter-moshi ---
[INFO] Installing /home/travis/build/failed/square/retrofit/retrofit-converters/moshi/target/converter-moshi-2.0.0-SNAPSHOT.jar to /home/travis/.m2/repository/com/squareup/retrofit2/converter-moshi/2.0.0-SNAPSHOT/converter-moshi-2.0.0-SNAPSHOT.jar
[INFO] Installing /home/travis/build/failed/square/retrofit/retrofit-converters/moshi/pom.xml to /home/travis/.m2/repository/com/squareup/retrofit2/converter-moshi/2.0.0-SNAPSHOT/converter-moshi-2.0.0-SNAPSHOT.pom
[INFO]                                                                         
[INFO] ------------------------------------------------------------------------
[INFO] Building Retrofit Mock Adapter 2.0.0-SNAPSHOT
[INFO] ------------------------------------------------------------------------
[INFO] 
[INFO] --- maven-enforcer-plugin:1.0:enforce (enforce-maven) @ retrofit-mock ---
[INFO] 
[INFO] --- maven-resources-plugin:2.6:resources (default-resources) @ retrofit-mock ---
[INFO] Using 'UTF-8' encoding to copy filtered resources.
[INFO] skip non existing resourceDirectory /home/travis/build/failed/square/retrofit/retrofit-mock/src/main/resources
[INFO] 
[INFO] --- maven-compiler-plugin:3.0:compile (default-compile) @ retrofit-mock ---
[INFO] Changes detected - recompiling the module!
[INFO] Compiling 5 source files to /home/travis/build/failed/square/retrofit/retrofit-mock/target/classes
[INFO] 
[INFO] --- maven-resources-plugin:2.6:testResources (default-testResources) @ retrofit-mock ---
[INFO] Using 'UTF-8' encoding to copy filtered resources.
[INFO] skip non existing resourceDirectory /home/travis/build/failed/square/retrofit/retrofit-mock/src/test/resources
[INFO] 
[INFO] --- maven-compiler-plugin:3.0:testCompile (default-testCompile) @ retrofit-mock ---
[INFO] Changes detected - recompiling the module!
[INFO] Compiling 3 source files to /home/travis/build/failed/square/retrofit/retrofit-mock/target/test-classes
[INFO] 
[INFO] --- maven-surefire-plugin:2.12.4:test (default-test) @ retrofit-mock ---
[INFO] Tests are skipped.
[INFO] 
[INFO] --- animal-sniffer-maven-plugin:1.14:check (default) @ retrofit-mock ---
[INFO] Checking unresolved references to org.codehaus.mojo.signature:java16:1.1
[INFO] 
[INFO] --- maven-jar-plugin:2.4:jar (default-jar) @ retrofit-mock ---
[INFO] Building jar: /home/travis/build/failed/square/retrofit/retrofit-mock/target/retrofit-mock-2.0.0-SNAPSHOT.jar
[INFO] 
[INFO] --- maven-javadoc-plugin:2.10.3:jar (attach-javadocs) @ retrofit-mock ---
[INFO] Skipping javadoc generation
[INFO] 
[INFO] --- maven-checkstyle-plugin:2.15:checkstyle (default) @ retrofit-mock ---
[INFO] Starting audit...
Audit done.
[WARNING] Unable to locate Source XRef to link to - DISABLED
[INFO] 
[INFO] --- maven-install-plugin:2.4:install (default-install) @ retrofit-mock ---
[INFO] Installing /home/travis/build/failed/square/retrofit/retrofit-mock/target/retrofit-mock-2.0.0-SNAPSHOT.jar to /home/travis/.m2/repository/com/squareup/retrofit2/retrofit-mock/2.0.0-SNAPSHOT/retrofit-mock-2.0.0-SNAPSHOT.jar
[INFO] Installing /home/travis/build/failed/square/retrofit/retrofit-mock/pom.xml to /home/travis/.m2/repository/com/squareup/retrofit2/retrofit-mock/2.0.0-SNAPSHOT/retrofit-mock-2.0.0-SNAPSHOT.pom
[INFO]                                                                         
[INFO] ------------------------------------------------------------------------
[INFO] Building Samples 2.0.0-SNAPSHOT
[INFO] ------------------------------------------------------------------------
[INFO] 
[INFO] --- maven-enforcer-plugin:1.0:enforce (enforce-maven) @ samples ---
[INFO] 
[INFO] --- maven-resources-plugin:2.6:resources (default-resources) @ samples ---
[INFO] Using 'UTF-8' encoding to copy filtered resources.
[INFO] skip non existing resourceDirectory /home/travis/build/failed/square/retrofit/samples/src/main/resources
[INFO] 
[INFO] --- maven-compiler-plugin:3.0:compile (default-compile) @ samples ---
[INFO] Changes detected - recompiling the module!
[INFO] Compiling 7 source files to /home/travis/build/failed/square/retrofit/samples/target/classes
[INFO] 
[INFO] --- maven-resources-plugin:2.6:testResources (default-testResources) @ samples ---
[INFO] Using 'UTF-8' encoding to copy filtered resources.
[INFO] skip non existing resourceDirectory /home/travis/build/failed/square/retrofit/samples/src/test/resources
[INFO] 
[INFO] --- maven-compiler-plugin:3.0:testCompile (default-testCompile) @ samples ---
[INFO] No sources to compile
[INFO] 
[INFO] --- maven-surefire-plugin:2.12.4:test (default-test) @ samples ---
[INFO] Tests are skipped.
[INFO] 
[INFO] --- animal-sniffer-maven-plugin:1.14:check (default) @ samples ---
[INFO] Checking unresolved references to org.codehaus.mojo.signature:java16:1.1
[INFO] 
[INFO] --- maven-jar-plugin:2.4:jar (default-jar) @ samples ---
[INFO] Building jar: /home/travis/build/failed/square/retrofit/samples/target/samples-2.0.0-SNAPSHOT.jar
[INFO] 
[INFO] --- maven-javadoc-plugin:2.10.3:jar (attach-javadocs) @ samples ---
[INFO] Skipping javadoc generation
[INFO] 
[INFO] --- maven-checkstyle-plugin:2.15:checkstyle (default) @ samples ---
[INFO] Starting audit...
Audit done.
[WARNING] Unable to locate Source XRef to link to - DISABLED
[INFO] 
[INFO] --- maven-install-plugin:2.4:install (default-install) @ samples ---
[INFO] Installing /home/travis/build/failed/square/retrofit/samples/target/samples-2.0.0-SNAPSHOT.jar to /home/travis/.m2/repository/com/squareup/retrofit2/samples/2.0.0-SNAPSHOT/samples-2.0.0-SNAPSHOT.jar
[INFO] Installing /home/travis/build/failed/square/retrofit/samples/pom.xml to /home/travis/.m2/repository/com/squareup/retrofit2/samples/2.0.0-SNAPSHOT/samples-2.0.0-SNAPSHOT.pom
[INFO] ------------------------------------------------------------------------
[INFO] Reactor Summary:
[INFO] 
[INFO] Retrofit (Parent) .................................. SUCCESS [01:23 min]
[INFO] Retrofit ........................................... SUCCESS [ 30.617 s]
[INFO] Adapters ........................................... SUCCESS [  0.688 s]
[INFO] Adapter: Guava ..................................... SUCCESS [  3.993 s]
[INFO] Adapter: Java 8 .................................... SUCCESS [  4.874 s]
[INFO] Adapter: RxJava .................................... SUCCESS [  4.075 s]
[INFO] Converters ......................................... SUCCESS [  0.565 s]
[INFO] Converter: Gson .................................... SUCCESS [  2.789 s]
[INFO] Converter: Protocol Buffers ........................ SUCCESS [  2.805 s]
[INFO] Converter: Jackson ................................. SUCCESS [  4.313 s]
[INFO] Converter: Wire Protocol Buffers ................... SUCCESS [  2.538 s]
[INFO] Converter: SimpleXML ............................... SUCCESS [  3.205 s]
[INFO] Converter: Java Scalars ............................ SUCCESS [  2.044 s]
[INFO] Converter: Moshi ................................... SUCCESS [  2.182 s]
[INFO] Retrofit Mock Adapter .............................. SUCCESS [  2.458 s]
[INFO] Samples ............................................ SUCCESS [  5.299 s]
[INFO] ------------------------------------------------------------------------
[INFO] BUILD SUCCESS
[INFO] ------------------------------------------------------------------------
[INFO] Total time: 02:38 min
[INFO] Finished at: 2022-01-08T14:51:37+00:00
[INFO] Final Memory: 44M/308M
[INFO] ------------------------------------------------------------------------

travis_time:end:20031770:start=1641653338234135478,finish=1641653498230142076,duration=159996006598[0Ktravis_fold:end:install[0Ktravis_time:start:0164e6cc[0K$ mvn -o test -Dhttps.protocols=TLSv1.2 -B
Java HotSpot(TM) 64-Bit Server VM warning: ignoring option MaxPermSize=192m; support was removed in 8.0
[INFO] Scanning for projects...
[WARNING] 
[WARNING] Some problems were encountered while building the effective model for com.squareup.retrofit2:samples:jar:2.0.0-SNAPSHOT
[WARNING] 'build.plugins.plugin.version' for org.apache.maven.plugins:maven-deploy-plugin is missing. @ com.squareup.retrofit2:samples:[unknown-version], /home/travis/build/failed/square/retrofit/samples/pom.xml, line 50, column 15
[WARNING] 
[WARNING] It is highly recommended to fix these problems because they threaten the stability of your build.
[WARNING] 
[WARNING] For this reason, future Maven versions might no longer support building such malformed projects.
[WARNING] 
[INFO] ------------------------------------------------------------------------
[INFO] Reactor Build Order:
[INFO] 
[INFO] Retrofit (Parent)
[INFO] Retrofit
[INFO] Adapters
[INFO] Adapter: Guava
[INFO] Adapter: Java 8
[INFO] Adapter: RxJava
[INFO] Converters
[INFO] Converter: Gson
[INFO] Converter: Protocol Buffers
[INFO] Converter: Jackson
[INFO] Converter: Wire Protocol Buffers
[INFO] Converter: SimpleXML
[INFO] Converter: Java Scalars
[INFO] Converter: Moshi
[INFO] Retrofit Mock Adapter
[INFO] Samples
[INFO]                                                                         
[INFO] ------------------------------------------------------------------------
[INFO] Building Retrofit (Parent) 2.0.0-SNAPSHOT
[INFO] ------------------------------------------------------------------------
[INFO] 
[INFO] --- maven-enforcer-plugin:1.0:enforce (enforce-maven) @ parent ---
[INFO] 
[INFO] --- animal-sniffer-maven-plugin:1.14:check (default) @ parent ---
[INFO] Checking unresolved references to org.codehaus.mojo.signature:java16:1.1
[INFO]                                                                         
[INFO] ------------------------------------------------------------------------
[INFO] Building Retrofit 2.0.0-SNAPSHOT
[INFO] ------------------------------------------------------------------------
[INFO] 
[INFO] --- maven-enforcer-plugin:1.0:enforce (enforce-maven) @ retrofit ---
[INFO] 
[INFO] --- maven-resources-plugin:2.6:resources (default-resources) @ retrofit ---
[INFO] Using 'UTF-8' encoding to copy filtered resources.
[INFO] skip non existing resourceDirectory /home/travis/build/failed/square/retrofit/retrofit/src/main/resources
[INFO] 
[INFO] --- maven-compiler-plugin:3.0:compile (default-compile) @ retrofit ---
[INFO] Changes detected - recompiling the module!
[INFO] Compiling 43 source files to /home/travis/build/failed/square/retrofit/retrofit/target/classes
[WARNING] /home/travis/build/failed/square/retrofit/retrofit/src/main/java/retrofit2/Retrofit.java: Some input files use unchecked or unsafe operations.
[WARNING] /home/travis/build/failed/square/retrofit/retrofit/src/main/java/retrofit2/Retrofit.java: Recompile with -Xlint:unchecked for details.
[INFO] 
[INFO] --- maven-resources-plugin:2.6:testResources (default-testResources) @ retrofit ---
[INFO] Using 'UTF-8' encoding to copy filtered resources.
[INFO] skip non existing resourceDirectory /home/travis/build/failed/square/retrofit/retrofit/src/test/resources
[INFO] 
[INFO] --- maven-compiler-plugin:3.0:testCompile (default-testCompile) @ retrofit ---
[INFO] Changes detected - recompiling the module!
[INFO] Compiling 13 source files to /home/travis/build/failed/square/retrofit/retrofit/target/test-classes
[WARNING] /home/travis/build/failed/square/retrofit/retrofit/src/test/java/retrofit2/RetrofitTest.java: /home/travis/build/failed/square/retrofit/retrofit/src/test/java/retrofit2/RetrofitTest.java uses unchecked or unsafe operations.
[WARNING] /home/travis/build/failed/square/retrofit/retrofit/src/test/java/retrofit2/RetrofitTest.java: Recompile with -Xlint:unchecked for details.
[INFO] 
[INFO] --- maven-surefire-plugin:2.12.4:test (default-test) @ retrofit ---
[INFO] Surefire report directory: /home/travis/build/failed/square/retrofit/retrofit/target/surefire-reports

-------------------------------------------------------
 T E S T S
-------------------------------------------------------
Running retrofit2.CallTest
Jan 08, 2022 2:51:44 PM okhttp3.mockwebserver.MockWebServer$3 execute
INFO: MockWebServer[34585] starting to accept connections
Jan 08, 2022 2:51:44 PM okhttp3.mockwebserver.MockWebServer$3 acceptConnections
INFO: MockWebServer[34585] done accepting connections: Socket closed
Jan 08, 2022 2:51:44 PM okhttp3.mockwebserver.MockWebServer$3 execute
INFO: MockWebServer[35387] starting to accept connections
Jan 08, 2022 2:51:44 PM okhttp3.mockwebserver.MockWebServer$4 processOneRequest
INFO: MockWebServer[35387] received request: GET / HTTP/1.1 and responded: HTTP/1.1 200 OK
Jan 08, 2022 2:51:44 PM okhttp3.mockwebserver.MockWebServer$3 acceptConnections
INFO: MockWebServer[35387] done accepting connections: Socket closed
Jan 08, 2022 2:51:44 PM okhttp3.mockwebserver.MockWebServer$3 execute
INFO: MockWebServer[53137] starting to accept connections
Jan 08, 2022 2:51:44 PM okhttp3.mockwebserver.MockWebServer$4 processOneRequest
INFO: MockWebServer[53137] received request: GET / HTTP/1.1 and responded: HTTP/1.1 404 Client Error
Jan 08, 2022 2:51:44 PM okhttp3.mockwebserver.MockWebServer$3 acceptConnections
INFO: MockWebServer[53137] done accepting connections: Socket closed
Jan 08, 2022 2:51:44 PM okhttp3.mockwebserver.MockWebServer$3 execute
INFO: MockWebServer[40167] starting to accept connections
Jan 08, 2022 2:51:44 PM okhttp3.mockwebserver.MockWebServer$4 processOneRequest
INFO: MockWebServer[40167] received request: POST /Hello HTTP/1.1 and responded: HTTP/1.1 200 OK
Jan 08, 2022 2:51:44 PM okhttp3.mockwebserver.MockWebServer$3 acceptConnections
INFO: MockWebServer[40167] done accepting connections: Socket closed
Jan 08, 2022 2:51:44 PM okhttp3.mockwebserver.MockWebServer$3 execute
INFO: MockWebServer[49189] starting to accept connections
Jan 08, 2022 2:51:44 PM okhttp3.mockwebserver.MockWebServer$3 acceptConnections
INFO: MockWebServer[49189] done accepting connections: Socket closed
Jan 08, 2022 2:51:44 PM okhttp3.mockwebserver.MockWebServer$3 execute
INFO: MockWebServer[42431] starting to accept connections
Jan 08, 2022 2:51:44 PM okhttp3.mockwebserver.MockWebServer$3 acceptConnections
INFO: MockWebServer[42431] done accepting connections: Socket closed
Jan 08, 2022 2:51:44 PM okhttp3.mockwebserver.MockWebServer$3 execute
INFO: MockWebServer[34887] starting to accept connections
Jan 08, 2022 2:51:44 PM okhttp3.mockwebserver.MockWebServer$4 processOneRequest
INFO: MockWebServer[34887] received request: GET / HTTP/1.1 and responded: HTTP/1.1 200 OK
Jan 08, 2022 2:51:44 PM okhttp3.mockwebserver.MockWebServer$3 acceptConnections
INFO: MockWebServer[34887] done accepting connections: Socket closed
Jan 08, 2022 2:51:44 PM okhttp3.mockwebserver.MockWebServer$3 execute
INFO: MockWebServer[47621] starting to accept connections
Jan 08, 2022 2:51:44 PM okhttp3.mockwebserver.MockWebServer$4 processOneRequest
INFO: MockWebServer[47621] received request: GET / HTTP/1.1 and responded: HTTP/1.1 200 OK
Jan 08, 2022 2:51:44 PM okhttp3.mockwebserver.MockWebServer$3 acceptConnections
INFO: MockWebServer[47621] done accepting connections: Socket closed
Jan 08, 2022 2:51:44 PM okhttp3.mockwebserver.MockWebServer$3 execute
INFO: MockWebServer[35433] starting to accept connections
Jan 08, 2022 2:51:44 PM okhttp3.mockwebserver.MockWebServer$3 acceptConnections
INFO: MockWebServer[35433] done accepting connections: Socket closed
Jan 08, 2022 2:51:44 PM okhttp3.mockwebserver.MockWebServer$3 execute
INFO: MockWebServer[41941] starting to accept connections
Jan 08, 2022 2:51:44 PM okhttp3.mockwebserver.MockWebServer$4 processOneRequest
INFO: MockWebServer[41941] received request: POST /Hello HTTP/1.1 and responded: HTTP/1.1 200 OK
Jan 08, 2022 2:51:44 PM okhttp3.mockwebserver.MockWebServer$3 acceptConnections
INFO: MockWebServer[41941] done accepting connections: Socket closed
Jan 08, 2022 2:51:44 PM okhttp3.mockwebserver.MockWebServer$3 execute
INFO: MockWebServer[60817] starting to accept connections
Jan 08, 2022 2:51:44 PM okhttp3.mockwebserver.MockWebServer$4 processOneRequest
INFO: MockWebServer[60817] received request: POST /Hello HTTP/1.1 and responded: HTTP/1.1 200 OK
Jan 08, 2022 2:51:44 PM okhttp3.mockwebserver.MockWebServer$3 acceptConnections
INFO: MockWebServer[60817] done accepting connections: Socket closed
Jan 08, 2022 2:51:44 PM okhttp3.mockwebserver.MockWebServer$3 execute
INFO: MockWebServer[40373] starting to accept connections
Jan 08, 2022 2:51:44 PM okhttp3.mockwebserver.MockWebServer$3 acceptConnections
INFO: MockWebServer[40373] done accepting connections: Socket closed
Jan 08, 2022 2:51:44 PM okhttp3.mockwebserver.MockWebServer$3 execute
INFO: MockWebServer[40949] starting to accept connections
Jan 08, 2022 2:51:44 PM okhttp3.mockwebserver.MockWebServer$4 processOneRequest
INFO: MockWebServer[40949] received request: GET / HTTP/1.1 and responded: HTTP/1.1 404 Client Error
Jan 08, 2022 2:51:44 PM okhttp3.mockwebserver.MockWebServer$3 acceptConnections
INFO: MockWebServer[40949] done accepting connections: Socket closed
Jan 08, 2022 2:51:44 PM okhttp3.mockwebserver.MockWebServer$3 execute
INFO: MockWebServer[60545] starting to accept connections
Jan 08, 2022 2:51:44 PM okhttp3.mockwebserver.MockWebServer$4 processOneRequest
INFO: MockWebServer[60545] received request: POST / HTTP/1.1 and responded: HTTP/1.1 200 OK
Jan 08, 2022 2:51:44 PM okhttp3.mockwebserver.MockWebServer$3 acceptConnections
INFO: MockWebServer[60545] done accepting connections: Socket closed
Jan 08, 2022 2:51:44 PM okhttp3.mockwebserver.MockWebServer$3 execute
INFO: MockWebServer[40397] starting to accept connections
Jan 08, 2022 2:51:47 PM okhttp3.mockwebserver.MockWebServer$4 processOneRequest
INFO: MockWebServer[40397] received request: GET / HTTP/1.1 and responded: HTTP/1.1 204 Nothin
Jan 08, 2022 2:51:47 PM okhttp3.mockwebserver.MockWebServer$3 acceptConnections
INFO: MockWebServer[40397] done accepting connections: Socket closed
Jan 08, 2022 2:51:47 PM okhttp3.mockwebserver.MockWebServer$3 execute
INFO: MockWebServer[33559] starting to accept connections
Jan 08, 2022 2:51:47 PM okhttp3.mockwebserver.MockWebServer$3 acceptConnections
INFO: MockWebServer[33559] done accepting connections: Socket closed
Jan 08, 2022 2:51:47 PM okhttp3.mockwebserver.MockWebServer$3 execute
INFO: MockWebServer[53191] starting to accept connections
Jan 08, 2022 2:51:47 PM okhttp3.mockwebserver.MockWebServer$4 processOneRequest
INFO: MockWebServer[53191] received request: GET / HTTP/1.1 and responded: HTTP/1.1 200 OK
Jan 08, 2022 2:51:47 PM okhttp3.mockwebserver.MockWebServer$3 acceptConnections
INFO: MockWebServer[53191] done accepting connections: Socket closed
Jan 08, 2022 2:51:47 PM okhttp3.mockwebserver.MockWebServer$3 execute
INFO: MockWebServer[44039] starting to accept connections
Jan 08, 2022 2:51:47 PM okhttp3.mockwebserver.MockWebServer$4 processOneRequest
INFO: MockWebServer[44039] received request: POST /Hello HTTP/1.1 and responded: HTTP/1.1 200 OK
Jan 08, 2022 2:51:47 PM okhttp3.mockwebserver.MockWebServer$3 acceptConnections
INFO: MockWebServer[44039] done accepting connections: Socket closed
Jan 08, 2022 2:51:47 PM okhttp3.mockwebserver.MockWebServer$3 execute
INFO: MockWebServer[34501] starting to accept connections
Jan 08, 2022 2:51:47 PM okhttp3.mockwebserver.MockWebServer$4 processOneRequest
INFO: MockWebServer[34501] received request: GET / HTTP/1.1 and responded: HTTP/1.1 200 OK
Jan 08, 2022 2:51:47 PM okhttp3.mockwebserver.MockWebServer$3 acceptConnections
INFO: MockWebServer[34501] done accepting connections: Socket closed
Jan 08, 2022 2:51:47 PM okhttp3.mockwebserver.MockWebServer$3 execute
INFO: MockWebServer[37453] starting to accept connections
Jan 08, 2022 2:51:47 PM okhttp3.mockwebserver.MockWebServer$4 processOneRequest
INFO: MockWebServer[37453] received request: POST / HTTP/1.1 and responded: HTTP/1.1 200 OK
Jan 08, 2022 2:51:47 PM okhttp3.mockwebserver.MockWebServer$3 acceptConnections
INFO: MockWebServer[37453] done accepting connections: Socket closed
Jan 08, 2022 2:51:47 PM okhttp3.mockwebserver.MockWebServer$3 execute
INFO: MockWebServer[41075] starting to accept connections
Jan 08, 2022 2:51:47 PM okhttp3.mockwebserver.MockWebServer$3 acceptConnections
INFO: MockWebServer[41075] done accepting connections: Socket closed
Jan 08, 2022 2:51:47 PM okhttp3.mockwebserver.MockWebServer$3 execute
INFO: MockWebServer[59497] starting to accept connections
Jan 08, 2022 2:51:47 PM okhttp3.mockwebserver.MockWebServer$3 acceptConnections
INFO: MockWebServer[59497] done accepting connections: Socket closed
Jan 08, 2022 2:51:47 PM okhttp3.mockwebserver.MockWebServer$3 execute
INFO: MockWebServer[56745] starting to accept connections
Jan 08, 2022 2:51:47 PM okhttp3.mockwebserver.MockWebServer$3 acceptConnections
INFO: MockWebServer[56745] done accepting connections: Socket closed
Jan 08, 2022 2:51:47 PM okhttp3.mockwebserver.MockWebServer$3 execute
INFO: MockWebServer[50011] starting to accept connections
Jan 08, 2022 2:51:47 PM okhttp3.mockwebserver.MockWebServer$4 processOneRequest
INFO: MockWebServer[50011] received request: GET / HTTP/1.1 and responded: HTTP/1.1 200 OK
Jan 08, 2022 2:51:47 PM okhttp3.mockwebserver.MockWebServer$3 acceptConnections
INFO: MockWebServer[50011] done accepting connections: Socket closed
Jan 08, 2022 2:51:47 PM okhttp3.mockwebserver.MockWebServer$3 execute
INFO: MockWebServer[42915] starting to accept connections
Jan 08, 2022 2:51:47 PM okhttp3.mockwebserver.MockWebServer$4 processOneRequest
INFO: MockWebServer[42915] received request: GET / HTTP/1.1 and responded: HTTP/1.1 200 OK
Jan 08, 2022 2:51:47 PM okhttp3.mockwebserver.MockWebServer$3 acceptConnections
INFO: MockWebServer[42915] done accepting connections: Socket closed
Jan 08, 2022 2:51:47 PM okhttp3.mockwebserver.MockWebServer$3 execute
INFO: MockWebServer[49553] starting to accept connections
Jan 08, 2022 2:51:47 PM okhttp3.mockwebserver.MockWebServer$4 processOneRequest
INFO: MockWebServer[49553] received request: GET / HTTP/1.1 and responded: HTTP/1.1 205 Nothin
Jan 08, 2022 2:51:47 PM okhttp3.mockwebserver.MockWebServer$3 acceptConnections
INFO: MockWebServer[49553] done accepting connections: Socket closed
Jan 08, 2022 2:51:47 PM okhttp3.mockwebserver.MockWebServer$3 execute
INFO: MockWebServer[37325] starting to accept connections
Jan 08, 2022 2:51:47 PM okhttp3.mockwebserver.MockWebServer$4 processOneRequest
INFO: MockWebServer[37325] received request: GET / HTTP/1.1 and responded: HTTP/1.1 200 OK
Jan 08, 2022 2:51:47 PM okhttp3.mockwebserver.MockWebServer$4 processOneRequest
INFO: MockWebServer[37325] received request: GET / HTTP/1.1 and responded: HTTP/1.1 200 OK
Jan 08, 2022 2:51:47 PM okhttp3.mockwebserver.MockWebServer$3 acceptConnections
INFO: MockWebServer[37325] done accepting connections: Socket closed
Jan 08, 2022 2:51:47 PM okhttp3.mockwebserver.MockWebServer$3 execute
INFO: MockWebServer[33945] starting to accept connections
Jan 08, 2022 2:51:47 PM okhttp3.mockwebserver.MockWebServer$4 processOneRequest
INFO: MockWebServer[33945] received request: GET / HTTP/1.1 and responded: HTTP/1.1 200 OK
Jan 08, 2022 2:51:47 PM okhttp3.mockwebserver.MockWebServer$3 acceptConnections
INFO: MockWebServer[33945] done accepting connections: Socket closed
Jan 08, 2022 2:51:47 PM okhttp3.mockwebserver.MockWebServer$3 execute
INFO: MockWebServer[35915] starting to accept connections
Jan 08, 2022 2:51:47 PM okhttp3.mockwebserver.MockWebServer$3 acceptConnections
INFO: MockWebServer[35915] done accepting connections: Socket closed
Jan 08, 2022 2:51:47 PM okhttp3.mockwebserver.MockWebServer$3 execute
INFO: MockWebServer[39235] starting to accept connections
Jan 08, 2022 2:51:47 PM okhttp3.mockwebserver.MockWebServer$3 acceptConnections
INFO: MockWebServer[39235] done accepting connections: Socket closed
Jan 08, 2022 2:51:47 PM okhttp3.mockwebserver.MockWebServer$3 execute
INFO: MockWebServer[39501] starting to accept connections
Jan 08, 2022 2:51:47 PM okhttp3.mockwebserver.MockWebServer$3 acceptConnections
INFO: MockWebServer[39501] done accepting connections: Socket closed
Jan 08, 2022 2:51:47 PM okhttp3.mockwebserver.MockWebServer$3 execute
INFO: MockWebServer[40275] starting to accept connections
Jan 08, 2022 2:51:47 PM okhttp3.mockwebserver.MockWebServer$4 processOneRequest
INFO: MockWebServer[40275] received request: GET / HTTP/1.1 and responded: HTTP/1.1 200 OK
Jan 08, 2022 2:51:47 PM okhttp3.mockwebserver.MockWebServer$3 acceptConnections
INFO: MockWebServer[40275] done accepting connections: Socket closed
Jan 08, 2022 2:51:47 PM okhttp3.mockwebserver.MockWebServer$3 execute
INFO: MockWebServer[33619] starting to accept connections
Jan 08, 2022 2:51:47 PM okhttp3.mockwebserver.MockWebServer$4 processOneRequest
INFO: MockWebServer[33619] received request: GET / HTTP/1.1 and responded: HTTP/1.1 200 OK
Jan 08, 2022 2:51:47 PM okhttp3.mockwebserver.MockWebServer$3 acceptConnections
INFO: MockWebServer[33619] done accepting connections: Socket closed
Jan 08, 2022 2:51:47 PM okhttp3.mockwebserver.MockWebServer$3 execute
INFO: MockWebServer[58577] starting to accept connections
Jan 08, 2022 2:51:47 PM okhttp3.mockwebserver.MockWebServer$4 processOneRequest
INFO: MockWebServer[58577] received request: GET / HTTP/1.1 and responded: HTTP/1.1 200 OK
Jan 08, 2022 2:51:47 PM okhttp3.mockwebserver.MockWebServer$3 acceptConnections
INFO: MockWebServer[58577] done accepting connections: Socket closed
Tests run: 34, Failures: 0, Errors: 0, Skipped: 0, Time elapsed: 3.251 sec
Running retrofit2.ExecutorCallAdapterFactoryTest
Tests run: 7, Failures: 0, Errors: 0, Skipped: 0, Time elapsed: 0.001 sec
Running retrofit2.RequestBuilderAndroidTest
WARNING: No manifest file found at ./AndroidManifest.xml.Falling back to the Android OS resources only.
To remove this warning, annotate your test class with @Config(manifest=Config.NONE).
WARNING: No manifest file found at ./AndroidManifest.xml.Falling back to the Android OS resources only.
To remove this warning, annotate your test class with @Config(manifest=Config.NONE).
Tests run: 2, Failures: 0, Errors: 0, Skipped: 0, Time elapsed: 18.773 sec
Running retrofit2.RequestBuilderTest
Tests run: 117, Failures: 0, Errors: 0, Skipped: 2, Time elapsed: 0.115 sec
Running retrofit2.RequestFactoryParserTest
Tests run: 1, Failures: 0, Errors: 0, Skipped: 0, Time elapsed: 0 sec
Running retrofit2.ResponseTest
Tests run: 14, Failures: 0, Errors: 0, Skipped: 0, Time elapsed: 0.001 sec
Running retrofit2.RetrofitTest
Jan 08, 2022 2:52:06 PM okhttp3.mockwebserver.MockWebServer$3 execute
INFO: MockWebServer[40141] starting to accept connections
Jan 08, 2022 2:52:06 PM okhttp3.mockwebserver.MockWebServer$3 acceptConnections
INFO: MockWebServer[40141] done accepting connections: Socket closed
Jan 08, 2022 2:52:06 PM okhttp3.mockwebserver.MockWebServer$3 execute
INFO: MockWebServer[54561] starting to accept connections
Jan 08, 2022 2:52:06 PM okhttp3.mockwebserver.MockWebServer$3 acceptConnections
INFO: MockWebServer[54561] done accepting connections: Socket closed
Jan 08, 2022 2:52:06 PM okhttp3.mockwebserver.MockWebServer$3 execute
INFO: MockWebServer[60399] starting to accept connections
Jan 08, 2022 2:52:06 PM okhttp3.mockwebserver.MockWebServer$3 acceptConnections
INFO: MockWebServer[60399] done accepting connections: Socket closed
Jan 08, 2022 2:52:06 PM okhttp3.mockwebserver.MockWebServer$3 execute
INFO: MockWebServer[44669] starting to accept connections
Jan 08, 2022 2:52:06 PM okhttp3.mockwebserver.MockWebServer$3 acceptConnections
INFO: MockWebServer[44669] done accepting connections: Socket closed
Jan 08, 2022 2:52:06 PM okhttp3.mockwebserver.MockWebServer$3 execute
INFO: MockWebServer[58053] starting to accept connections
Jan 08, 2022 2:52:06 PM okhttp3.mockwebserver.MockWebServer$3 acceptConnections
INFO: MockWebServer[58053] done accepting connections: Socket is closed
Jan 08, 2022 2:52:06 PM okhttp3.mockwebserver.MockWebServer$3 execute
INFO: MockWebServer[55943] starting to accept connections
Jan 08, 2022 2:52:06 PM okhttp3.mockwebserver.MockWebServer$4 processOneRequest
INFO: MockWebServer[55943] received request: GET / HTTP/1.1 and responded: HTTP/1.1 200 OK
Jan 08, 2022 2:52:06 PM okhttp3.mockwebserver.MockWebServer$3 acceptConnections
INFO: MockWebServer[55943] done accepting connections: Socket closed
Jan 08, 2022 2:52:06 PM okhttp3.mockwebserver.MockWebServer$3 execute
INFO: MockWebServer[52459] starting to accept connections
Jan 08, 2022 2:52:06 PM okhttp3.mockwebserver.MockWebServer$3 acceptConnections
INFO: MockWebServer[52459] done accepting connections: Socket closed
Jan 08, 2022 2:52:06 PM okhttp3.mockwebserver.MockWebServer$3 execute
INFO: MockWebServer[45771] starting to accept connections
Jan 08, 2022 2:52:06 PM okhttp3.mockwebserver.MockWebServer$3 acceptConnections
INFO: MockWebServer[45771] done accepting connections: Socket is closed
Jan 08, 2022 2:52:06 PM okhttp3.mockwebserver.MockWebServer$3 execute
INFO: MockWebServer[49783] starting to accept connections
Jan 08, 2022 2:52:06 PM okhttp3.mockwebserver.MockWebServer$3 acceptConnections
INFO: MockWebServer[49783] done accepting connections: Socket closed
Jan 08, 2022 2:52:06 PM okhttp3.mockwebserver.MockWebServer$3 execute
INFO: MockWebServer[55159] starting to accept connections
Jan 08, 2022 2:52:06 PM okhttp3.mockwebserver.MockWebServer$3 acceptConnections
INFO: MockWebServer[55159] done accepting connections: Socket closed
Jan 08, 2022 2:52:06 PM okhttp3.mockwebserver.MockWebServer$3 execute
INFO: MockWebServer[40399] starting to accept connections
Jan 08, 2022 2:52:06 PM okhttp3.mockwebserver.MockWebServer$3 acceptConnections
INFO: MockWebServer[40399] done accepting connections: Socket closed
Jan 08, 2022 2:52:06 PM okhttp3.mockwebserver.MockWebServer$3 execute
INFO: MockWebServer[50091] starting to accept connections
Jan 08, 2022 2:52:06 PM okhttp3.mockwebserver.MockWebServer$3 acceptConnections
INFO: MockWebServer[50091] done accepting connections: Socket closed
Jan 08, 2022 2:52:06 PM okhttp3.mockwebserver.MockWebServer$3 execute
INFO: MockWebServer[36839] starting to accept connections
Jan 08, 2022 2:52:07 PM okhttp3.mockwebserver.MockWebServer$3 acceptConnections
INFO: MockWebServer[36839] done accepting connections: Socket closed
Jan 08, 2022 2:52:07 PM okhttp3.mockwebserver.MockWebServer$3 execute
INFO: MockWebServer[51859] starting to accept connections
Jan 08, 2022 2:52:07 PM okhttp3.mockwebserver.MockWebServer$3 acceptConnections
INFO: MockWebServer[51859] done accepting connections: Socket closed
Jan 08, 2022 2:52:07 PM okhttp3.mockwebserver.MockWebServer$3 execute
INFO: MockWebServer[51631] starting to accept connections
Jan 08, 2022 2:52:07 PM okhttp3.mockwebserver.MockWebServer$3 acceptConnections
INFO: MockWebServer[51631] done accepting connections: Socket closed
Jan 08, 2022 2:52:07 PM okhttp3.mockwebserver.MockWebServer$3 execute
INFO: MockWebServer[60963] starting to accept connections
Jan 08, 2022 2:52:07 PM okhttp3.mockwebserver.MockWebServer$4 processOneRequest
INFO: MockWebServer[60963] received request: GET / HTTP/1.1 and responded: HTTP/1.1 200 OK
Jan 08, 2022 2:52:07 PM okhttp3.mockwebserver.MockWebServer$3 acceptConnections
INFO: MockWebServer[60963] done accepting connections: Socket closed
Jan 08, 2022 2:52:07 PM okhttp3.mockwebserver.MockWebServer$3 execute
INFO: MockWebServer[57773] starting to accept connections
Jan 08, 2022 2:52:07 PM okhttp3.mockwebserver.MockWebServer$3 acceptConnections
INFO: MockWebServer[57773] done accepting connections: Socket is closed
Jan 08, 2022 2:52:07 PM okhttp3.mockwebserver.MockWebServer$3 execute
INFO: MockWebServer[50083] starting to accept connections
Jan 08, 2022 2:52:07 PM okhttp3.mockwebserver.MockWebServer$3 acceptConnections
INFO: MockWebServer[50083] done accepting connections: Socket closed
Jan 08, 2022 2:52:07 PM okhttp3.mockwebserver.MockWebServer$3 execute
INFO: MockWebServer[40249] starting to accept connections
Jan 08, 2022 2:52:07 PM okhttp3.mockwebserver.MockWebServer$4 processOneRequest
INFO: MockWebServer[40249] received request: GET / HTTP/1.1 and responded: HTTP/1.1 200 OK
Jan 08, 2022 2:52:07 PM okhttp3.mockwebserver.MockWebServer$3 acceptConnections
INFO: MockWebServer[40249] done accepting connections: Socket closed
Jan 08, 2022 2:52:07 PM okhttp3.mockwebserver.MockWebServer$3 execute
INFO: MockWebServer[43805] starting to accept connections
Jan 08, 2022 2:52:07 PM okhttp3.mockwebserver.MockWebServer$3 acceptConnections
INFO: MockWebServer[43805] done accepting connections: Socket closed
Jan 08, 2022 2:52:07 PM okhttp3.mockwebserver.MockWebServer$3 execute
INFO: MockWebServer[56171] starting to accept connections
Jan 08, 2022 2:52:07 PM okhttp3.mockwebserver.MockWebServer$4 processOneRequest
INFO: MockWebServer[56171] received request: POST / HTTP/1.1 and responded: HTTP/1.1 200 OK
Jan 08, 2022 2:52:07 PM okhttp3.mockwebserver.MockWebServer$3 acceptConnections
INFO: MockWebServer[56171] done accepting connections: Socket closed
Jan 08, 2022 2:52:07 PM okhttp3.mockwebserver.MockWebServer$3 execute
INFO: MockWebServer[51381] starting to accept connections
Jan 08, 2022 2:52:07 PM okhttp3.mockwebserver.MockWebServer$3 acceptConnections
INFO: MockWebServer[51381] done accepting connections: Socket closed
Jan 08, 2022 2:52:07 PM okhttp3.mockwebserver.MockWebServer$3 execute
INFO: MockWebServer[59113] starting to accept connections
Jan 08, 2022 2:52:07 PM okhttp3.mockwebserver.MockWebServer$3 acceptConnections
INFO: MockWebServer[59113] done accepting connections: Socket closed
Jan 08, 2022 2:52:07 PM okhttp3.mockwebserver.MockWebServer$3 execute
INFO: MockWebServer[36755] starting to accept connections
Jan 08, 2022 2:52:07 PM okhttp3.mockwebserver.MockWebServer$3 acceptConnections
INFO: MockWebServer[36755] done accepting connections: Socket closed
Jan 08, 2022 2:52:07 PM okhttp3.mockwebserver.MockWebServer$3 execute
INFO: MockWebServer[59431] starting to accept connections
Jan 08, 2022 2:52:07 PM okhttp3.mockwebserver.MockWebServer$3 acceptConnections
INFO: MockWebServer[59431] done accepting connections: Socket is closed
Jan 08, 2022 2:52:07 PM okhttp3.mockwebserver.MockWebServer$3 execute
INFO: MockWebServer[42029] starting to accept connections
Jan 08, 2022 2:52:07 PM okhttp3.mockwebserver.MockWebServer$3 acceptConnections
INFO: MockWebServer[42029] done accepting connections: Socket closed
Jan 08, 2022 2:52:07 PM okhttp3.mockwebserver.MockWebServer$3 execute
INFO: MockWebServer[55869] starting to accept connections
Jan 08, 2022 2:52:07 PM okhttp3.mockwebserver.MockWebServer$3 acceptConnections
INFO: MockWebServer[55869] done accepting connections: Socket is closed
Jan 08, 2022 2:52:07 PM okhttp3.mockwebserver.MockWebServer$3 execute
INFO: MockWebServer[48615] starting to accept connections
Jan 08, 2022 2:52:07 PM okhttp3.mockwebserver.MockWebServer$3 acceptConnections
INFO: MockWebServer[48615] done accepting connections: Socket closed
Jan 08, 2022 2:52:07 PM okhttp3.mockwebserver.MockWebServer$3 execute
INFO: MockWebServer[47215] starting to accept connections
Jan 08, 2022 2:52:07 PM okhttp3.mockwebserver.MockWebServer$4 processOneRequest
INFO: MockWebServer[47215] received request: GET / HTTP/1.1 and responded: HTTP/1.1 200 OK
Jan 08, 2022 2:52:07 PM okhttp3.mockwebserver.MockWebServer$3 acceptConnections
INFO: MockWebServer[47215] done accepting connections: Socket closed
Jan 08, 2022 2:52:07 PM okhttp3.mockwebserver.MockWebServer$3 execute
INFO: MockWebServer[55573] starting to accept connections
Jan 08, 2022 2:52:07 PM okhttp3.mockwebserver.MockWebServer$3 acceptConnections
INFO: MockWebServer[55573] done accepting connections: Socket closed
Jan 08, 2022 2:52:07 PM okhttp3.mockwebserver.MockWebServer$3 execute
INFO: MockWebServer[38707] starting to accept connections
Jan 08, 2022 2:52:07 PM okhttp3.mockwebserver.MockWebServer$3 acceptConnections
INFO: MockWebServer[38707] done accepting connections: Socket closed
Jan 08, 2022 2:52:07 PM okhttp3.mockwebserver.MockWebServer$3 execute
INFO: MockWebServer[58685] starting to accept connections
Jan 08, 2022 2:52:07 PM okhttp3.mockwebserver.MockWebServer$3 acceptConnections
INFO: MockWebServer[58685] done accepting connections: Socket closed
Jan 08, 2022 2:52:07 PM okhttp3.mockwebserver.MockWebServer$3 execute
INFO: MockWebServer[52593] starting to accept connections
Jan 08, 2022 2:52:07 PM okhttp3.mockwebserver.MockWebServer$3 acceptConnections
INFO: MockWebServer[52593] done accepting connections: Socket closed
Jan 08, 2022 2:52:07 PM okhttp3.mockwebserver.MockWebServer$3 execute
INFO: MockWebServer[46571] starting to accept connections
Jan 08, 2022 2:52:07 PM okhttp3.mockwebserver.MockWebServer$3 acceptConnections
INFO: MockWebServer[46571] done accepting connections: Socket closed
Jan 08, 2022 2:52:07 PM okhttp3.mockwebserver.MockWebServer$3 execute
INFO: MockWebServer[48651] starting to accept connections
Jan 08, 2022 2:52:07 PM okhttp3.mockwebserver.MockWebServer$3 acceptConnections
INFO: MockWebServer[48651] done accepting connections: Socket closed
Jan 08, 2022 2:52:07 PM okhttp3.mockwebserver.MockWebServer$3 execute
INFO: MockWebServer[50663] starting to accept connections
Jan 08, 2022 2:52:07 PM okhttp3.mockwebserver.MockWebServer$3 acceptConnections
INFO: MockWebServer[50663] done accepting connections: Socket closed
Jan 08, 2022 2:52:07 PM okhttp3.mockwebserver.MockWebServer$3 execute
INFO: MockWebServer[33265] starting to accept connections
Jan 08, 2022 2:52:07 PM okhttp3.mockwebserver.MockWebServer$3 acceptConnections
INFO: MockWebServer[33265] done accepting connections: Socket closed
Jan 08, 2022 2:52:07 PM okhttp3.mockwebserver.MockWebServer$3 execute
INFO: MockWebServer[47235] starting to accept connections
Jan 08, 2022 2:52:07 PM okhttp3.mockwebserver.MockWebServer$3 acceptConnections
INFO: MockWebServer[47235] done accepting connections: Socket closed
Jan 08, 2022 2:52:07 PM okhttp3.mockwebserver.MockWebServer$3 execute
INFO: MockWebServer[54883] starting to accept connections
Jan 08, 2022 2:52:07 PM okhttp3.mockwebserver.MockWebServer$3 acceptConnections
INFO: MockWebServer[54883] done accepting connections: Socket closed
Jan 08, 2022 2:52:07 PM okhttp3.mockwebserver.MockWebServer$3 execute
INFO: MockWebServer[35151] starting to accept connections
Jan 08, 2022 2:52:07 PM okhttp3.mockwebserver.MockWebServer$3 acceptConnections
INFO: MockWebServer[35151] done accepting connections: Socket closed
Jan 08, 2022 2:52:07 PM okhttp3.mockwebserver.MockWebServer$3 execute
INFO: MockWebServer[36297] starting to accept connections
Jan 08, 2022 2:52:07 PM okhttp3.mockwebserver.MockWebServer$3 acceptConnections
INFO: MockWebServer[36297] done accepting connections: Socket closed
Jan 08, 2022 2:52:07 PM okhttp3.mockwebserver.MockWebServer$3 execute
INFO: MockWebServer[38597] starting to accept connections
Jan 08, 2022 2:52:07 PM okhttp3.mockwebserver.MockWebServer$3 acceptConnections
INFO: MockWebServer[38597] done accepting connections: Socket closed
Jan 08, 2022 2:52:07 PM okhttp3.mockwebserver.MockWebServer$3 execute
INFO: MockWebServer[34057] starting to accept connections
Jan 08, 2022 2:52:07 PM okhttp3.mockwebserver.MockWebServer$3 acceptConnections
INFO: MockWebServer[34057] done accepting connections: Socket is closed
Jan 08, 2022 2:52:07 PM okhttp3.mockwebserver.MockWebServer$3 execute
INFO: MockWebServer[39045] starting to accept connections
Jan 08, 2022 2:52:07 PM okhttp3.mockwebserver.MockWebServer$3 acceptConnections
INFO: MockWebServer[39045] done accepting connections: Socket closed
Jan 08, 2022 2:52:07 PM okhttp3.mockwebserver.MockWebServer$3 execute
INFO: MockWebServer[56621] starting to accept connections
Jan 08, 2022 2:52:07 PM okhttp3.mockwebserver.MockWebServer$3 acceptConnections
INFO: MockWebServer[56621] done accepting connections: Socket is closed
Jan 08, 2022 2:52:07 PM okhttp3.mockwebserver.MockWebServer$3 execute
INFO: MockWebServer[42287] starting to accept connections
Jan 08, 2022 2:52:07 PM okhttp3.mockwebserver.MockWebServer$3 acceptConnections
INFO: MockWebServer[42287] done accepting connections: Socket closed
Jan 08, 2022 2:52:07 PM okhttp3.mockwebserver.MockWebServer$3 execute
INFO: MockWebServer[44397] starting to accept connections
Jan 08, 2022 2:52:07 PM okhttp3.mockwebserver.MockWebServer$3 acceptConnections
INFO: MockWebServer[44397] done accepting connections: Socket closed
Jan 08, 2022 2:52:07 PM okhttp3.mockwebserver.MockWebServer$3 execute
INFO: MockWebServer[38189] starting to accept connections
Jan 08, 2022 2:52:07 PM okhttp3.mockwebserver.MockWebServer$3 acceptConnections
INFO: MockWebServer[38189] done accepting connections: Socket closed
Jan 08, 2022 2:52:07 PM okhttp3.mockwebserver.MockWebServer$3 execute
INFO: MockWebServer[56379] starting to accept connections
Jan 08, 2022 2:52:07 PM okhttp3.mockwebserver.MockWebServer$3 acceptConnections
INFO: MockWebServer[56379] done accepting connections: Socket is closed
Jan 08, 2022 2:52:07 PM okhttp3.mockwebserver.MockWebServer$3 execute
INFO: MockWebServer[56993] starting to accept connections
Jan 08, 2022 2:52:07 PM okhttp3.mockwebserver.MockWebServer$3 acceptConnections
INFO: MockWebServer[56993] done accepting connections: Socket closed
Jan 08, 2022 2:52:07 PM okhttp3.mockwebserver.MockWebServer$3 execute
INFO: MockWebServer[58203] starting to accept connections
Jan 08, 2022 2:52:07 PM okhttp3.mockwebserver.MockWebServer$3 acceptConnections
INFO: MockWebServer[58203] done accepting connections: Socket closed
Jan 08, 2022 2:52:07 PM okhttp3.mockwebserver.MockWebServer$3 execute
INFO: MockWebServer[55837] starting to accept connections
Jan 08, 2022 2:52:07 PM okhttp3.mockwebserver.MockWebServer$3 acceptConnections
INFO: MockWebServer[55837] done accepting connections: Socket closed
Jan 08, 2022 2:52:07 PM okhttp3.mockwebserver.MockWebServer$3 execute
INFO: MockWebServer[38977] starting to accept connections
Jan 08, 2022 2:52:07 PM okhttp3.mockwebserver.MockWebServer$3 acceptConnections
INFO: MockWebServer[38977] done accepting connections: Socket closed
Jan 08, 2022 2:52:07 PM okhttp3.mockwebserver.MockWebServer$3 execute
INFO: MockWebServer[33721] starting to accept connections
Jan 08, 2022 2:52:07 PM okhttp3.mockwebserver.MockWebServer$3 acceptConnections
INFO: MockWebServer[33721] done accepting connections: Socket closed
Jan 08, 2022 2:52:07 PM okhttp3.mockwebserver.MockWebServer$3 execute
INFO: MockWebServer[54263] starting to accept connections
Jan 08, 2022 2:52:07 PM okhttp3.mockwebserver.MockWebServer$3 acceptConnections
INFO: MockWebServer[54263] done accepting connections: Socket closed
Jan 08, 2022 2:52:07 PM okhttp3.mockwebserver.MockWebServer$3 execute
INFO: MockWebServer[43047] starting to accept connections
Jan 08, 2022 2:52:07 PM okhttp3.mockwebserver.MockWebServer$3 acceptConnections
INFO: MockWebServer[43047] done accepting connections: Socket closed
Jan 08, 2022 2:52:07 PM okhttp3.mockwebserver.MockWebServer$3 execute
INFO: MockWebServer[36751] starting to accept connections
Jan 08, 2022 2:52:07 PM okhttp3.mockwebserver.MockWebServer$3 acceptConnections
INFO: MockWebServer[36751] done accepting connections: Socket closed
Jan 08, 2022 2:52:07 PM okhttp3.mockwebserver.MockWebServer$3 execute
INFO: MockWebServer[60727] starting to accept connections
Jan 08, 2022 2:52:07 PM okhttp3.mockwebserver.MockWebServer$3 acceptConnections
INFO: MockWebServer[60727] done accepting connections: Socket closed
Jan 08, 2022 2:52:07 PM okhttp3.mockwebserver.MockWebServer$3 execute
INFO: MockWebServer[57361] starting to accept connections
Jan 08, 2022 2:52:07 PM okhttp3.mockwebserver.MockWebServer$3 acceptConnections
INFO: MockWebServer[57361] done accepting connections: Socket closed
Jan 08, 2022 2:52:07 PM okhttp3.mockwebserver.MockWebServer$3 execute
INFO: MockWebServer[50601] starting to accept connections
Jan 08, 2022 2:52:07 PM okhttp3.mockwebserver.MockWebServer$3 acceptConnections
INFO: MockWebServer[50601] done accepting connections: Socket closed
Jan 08, 2022 2:52:07 PM okhttp3.mockwebserver.MockWebServer$3 execute
INFO: MockWebServer[54695] starting to accept connections
Jan 08, 2022 2:52:07 PM okhttp3.mockwebserver.MockWebServer$3 acceptConnections
INFO: MockWebServer[54695] done accepting connections: Socket closed
Jan 08, 2022 2:52:07 PM okhttp3.mockwebserver.MockWebServer$3 execute
INFO: MockWebServer[42699] starting to accept connections
Jan 08, 2022 2:52:07 PM okhttp3.mockwebserver.MockWebServer$3 acceptConnections
INFO: MockWebServer[42699] done accepting connections: Socket closed
Jan 08, 2022 2:52:07 PM okhttp3.mockwebserver.MockWebServer$3 execute
INFO: MockWebServer[51875] starting to accept connections
Jan 08, 2022 2:52:07 PM okhttp3.mockwebserver.MockWebServer$3 acceptConnections
INFO: MockWebServer[51875] done accepting connections: Socket closed
Tests run: 63, Failures: 0, Errors: 0, Skipped: 0, Time elapsed: 1.16 sec

Results :

Tests run: 238, Failures: 0, Errors: 0, Skipped: 2

[INFO] 
[INFO] --- animal-sniffer-maven-plugin:1.14:check (default) @ retrofit ---
[INFO] Checking unresolved references to org.codehaus.mojo.signature:java16:1.1
[INFO]                                                                         
[INFO] ------------------------------------------------------------------------
[INFO] Building Adapters 2.0.0-SNAPSHOT
[INFO] ------------------------------------------------------------------------
[INFO] 
[INFO] --- maven-enforcer-plugin:1.0:enforce (enforce-maven) @ retrofit-adapters ---
[INFO] 
[INFO] --- animal-sniffer-maven-plugin:1.14:check (default) @ retrofit-adapters ---
[INFO] Checking unresolved references to org.codehaus.mojo.signature:java16:1.1
[INFO]                                                                         
[INFO] ------------------------------------------------------------------------
[INFO] Building Adapter: Guava 2.0.0-SNAPSHOT
[INFO] ------------------------------------------------------------------------
[INFO] 
[INFO] --- maven-enforcer-plugin:1.0:enforce (enforce-maven) @ adapter-guava ---
[INFO] 
[INFO] --- maven-resources-plugin:2.6:resources (default-resources) @ adapter-guava ---
[INFO] Using 'UTF-8' encoding to copy filtered resources.
[INFO] skip non existing resourceDirectory /home/travis/build/failed/square/retrofit/retrofit-adapters/guava/src/main/resources
[INFO] 
[INFO] --- maven-compiler-plugin:3.0:compile (default-compile) @ adapter-guava ---
[INFO] Changes detected - recompiling the module!
[INFO] Compiling 2 source files to /home/travis/build/failed/square/retrofit/retrofit-adapters/guava/target/classes
[INFO] 
[INFO] --- maven-resources-plugin:2.6:testResources (default-testResources) @ adapter-guava ---
[INFO] Using 'UTF-8' encoding to copy filtered resources.
[INFO] skip non existing resourceDirectory /home/travis/build/failed/square/retrofit/retrofit-adapters/guava/src/test/resources
[INFO] 
[INFO] --- maven-compiler-plugin:3.0:testCompile (default-testCompile) @ adapter-guava ---
[INFO] Changes detected - recompiling the module!
[INFO] Compiling 3 source files to /home/travis/build/failed/square/retrofit/retrofit-adapters/guava/target/test-classes
[INFO] 
[INFO] --- maven-surefire-plugin:2.12.4:test (default-test) @ adapter-guava ---
[INFO] Surefire report directory: /home/travis/build/failed/square/retrofit/retrofit-adapters/guava/target/surefire-reports

-------------------------------------------------------
 T E S T S
-------------------------------------------------------
Running retrofit2.adapter.guava.GuavaCallAdapterFactoryTest
Jan 08, 2022 2:52:08 PM okhttp3.mockwebserver.MockWebServer$3 execute
INFO: MockWebServer[54149] starting to accept connections
Jan 08, 2022 2:52:09 PM okhttp3.mockwebserver.MockWebServer$3 acceptConnections
INFO: MockWebServer[54149] done accepting connections: Socket closed
Jan 08, 2022 2:52:09 PM okhttp3.mockwebserver.MockWebServer$3 execute
INFO: MockWebServer[48573] starting to accept connections
Jan 08, 2022 2:52:09 PM okhttp3.mockwebserver.MockWebServer$3 acceptConnections
INFO: MockWebServer[48573] done accepting connections: Socket closed
Jan 08, 2022 2:52:09 PM okhttp3.mockwebserver.MockWebServer$3 execute
INFO: MockWebServer[58711] starting to accept connections
Jan 08, 2022 2:52:09 PM okhttp3.mockwebserver.MockWebServer$3 acceptConnections
INFO: MockWebServer[58711] done accepting connections: Socket closed
Jan 08, 2022 2:52:09 PM okhttp3.mockwebserver.MockWebServer$3 execute
INFO: MockWebServer[51663] starting to accept connections
Jan 08, 2022 2:52:09 PM okhttp3.mockwebserver.MockWebServer$3 acceptConnections
INFO: MockWebServer[51663] done accepting connections: Socket closed
Tests run: 4, Failures: 0, Errors: 0, Skipped: 0, Time elapsed: 0.343 sec
Running retrofit2.adapter.guava.ListenableFutureTest
Jan 08, 2022 2:52:09 PM okhttp3.mockwebserver.MockWebServer$3 execute
INFO: MockWebServer[49475] starting to accept connections
Jan 08, 2022 2:52:09 PM okhttp3.mockwebserver.MockWebServer$4 processOneRequest
INFO: MockWebServer[49475] received request: GET / HTTP/1.1 and responded: HTTP/1.1 200 OK
Jan 08, 2022 2:52:09 PM okhttp3.mockwebserver.MockWebServer$3 acceptConnections
INFO: MockWebServer[49475] done accepting connections: Socket closed
Jan 08, 2022 2:52:09 PM okhttp3.mockwebserver.MockWebServer$3 execute
INFO: MockWebServer[50671] starting to accept connections
Jan 08, 2022 2:52:09 PM okhttp3.mockwebserver.MockWebServer$4 processOneRequest
INFO: MockWebServer[50671] received request: GET / HTTP/1.1 and responded: HTTP/1.1 404 Client Error
Jan 08, 2022 2:52:09 PM okhttp3.mockwebserver.MockWebServer$3 acceptConnections
INFO: MockWebServer[50671] done accepting connections: Socket closed
Jan 08, 2022 2:52:09 PM okhttp3.mockwebserver.MockWebServer$3 execute
INFO: MockWebServer[49731] starting to accept connections
Jan 08, 2022 2:52:09 PM okhttp3.mockwebserver.MockWebServer$4 processConnection
WARNING: MockWebServer[49731] connection from /127.0.0.1 didn't make a request
Jan 08, 2022 2:52:09 PM okhttp3.mockwebserver.MockWebServer$3 acceptConnections
INFO: MockWebServer[49731] done accepting connections: Socket closed
Jan 08, 2022 2:52:09 PM okhttp3.mockwebserver.MockWebServer$3 execute
INFO: MockWebServer[49823] starting to accept connections
Jan 08, 2022 2:52:09 PM okhttp3.mockwebserver.MockWebServer$4 processOneRequest
INFO: MockWebServer[49823] received request: GET / HTTP/1.1 and responded: HTTP/1.1 200 OK
Jan 08, 2022 2:52:09 PM okhttp3.mockwebserver.MockWebServer$3 acceptConnections
INFO: MockWebServer[49823] done accepting connections: Socket closed
Jan 08, 2022 2:52:09 PM okhttp3.mockwebserver.MockWebServer$3 execute
INFO: MockWebServer[49843] starting to accept connections
Jan 08, 2022 2:52:09 PM okhttp3.mockwebserver.MockWebServer$4 processOneRequest
INFO: MockWebServer[49843] received request: GET / HTTP/1.1 and responded: HTTP/1.1 404 Client Error
Jan 08, 2022 2:52:09 PM okhttp3.mockwebserver.MockWebServer$3 acceptConnections
INFO: MockWebServer[49843] done accepting connections: Socket closed
Jan 08, 2022 2:52:09 PM okhttp3.mockwebserver.MockWebServer$3 execute
INFO: MockWebServer[59477] starting to accept connections
Jan 08, 2022 2:52:09 PM okhttp3.mockwebserver.MockWebServer$4 processConnection
WARNING: MockWebServer[59477] connection from /127.0.0.1 didn't make a request
Jan 08, 2022 2:52:09 PM okhttp3.mockwebserver.MockWebServer$3 acceptConnections
INFO: MockWebServer[59477] done accepting connections: Socket closed
Tests run: 6, Failures: 0, Errors: 0, Skipped: 0, Time elapsed: 0.132 sec

Results :

Tests run: 10, Failures: 0, Errors: 0, Skipped: 0

[INFO] 
[INFO] --- animal-sniffer-maven-plugin:1.14:check (default) @ adapter-guava ---
[INFO] Checking unresolved references to org.codehaus.mojo.signature:java16:1.1
[INFO]                                                                         
[INFO] ------------------------------------------------------------------------
[INFO] Building Adapter: Java 8 2.0.0-SNAPSHOT
[INFO] ------------------------------------------------------------------------
[INFO] 
[INFO] --- maven-enforcer-plugin:1.0:enforce (enforce-maven) @ adapter-java8 ---
[INFO] 
[INFO] --- maven-resources-plugin:2.6:resources (default-resources) @ adapter-java8 ---
[INFO] Using 'UTF-8' encoding to copy filtered resources.
[INFO] skip non existing resourceDirectory /home/travis/build/failed/square/retrofit/retrofit-adapters/java8/src/main/resources
[INFO] 
[INFO] --- maven-compiler-plugin:3.0:compile (default-compile) @ adapter-java8 ---
[INFO] Changes detected - recompiling the module!
[INFO] Compiling 2 source files to /home/travis/build/failed/square/retrofit/retrofit-adapters/java8/target/classes
[INFO] 
[INFO] --- maven-resources-plugin:2.6:testResources (default-testResources) @ adapter-java8 ---
[INFO] Using 'UTF-8' encoding to copy filtered resources.
[INFO] skip non existing resourceDirectory /home/travis/build/failed/square/retrofit/retrofit-adapters/java8/src/test/resources
[INFO] 
[INFO] --- maven-compiler-plugin:3.0:testCompile (default-testCompile) @ adapter-java8 ---
[INFO] Changes detected - recompiling the module!
[INFO] Compiling 3 source files to /home/travis/build/failed/square/retrofit/retrofit-adapters/java8/target/test-classes
[INFO] 
[INFO] --- maven-surefire-plugin:2.12.4:test (default-test) @ adapter-java8 ---
[INFO] Surefire report directory: /home/travis/build/failed/square/retrofit/retrofit-adapters/java8/target/surefire-reports

-------------------------------------------------------
 T E S T S
-------------------------------------------------------
Running retrofit2.adapter.java8.CompletableFutureTest
Jan 08, 2022 2:52:10 PM okhttp3.mockwebserver.MockWebServer$3 execute
INFO: MockWebServer[55563] starting to accept connections
Jan 08, 2022 2:52:10 PM okhttp3.mockwebserver.MockWebServer$4 processOneRequest
INFO: MockWebServer[55563] received request: GET / HTTP/1.1 and responded: HTTP/1.1 200 OK
Jan 08, 2022 2:52:10 PM okhttp3.mockwebserver.MockWebServer$3 acceptConnections
INFO: MockWebServer[55563] done accepting connections: Socket closed
Jan 08, 2022 2:52:10 PM okhttp3.mockwebserver.MockWebServer$3 execute
INFO: MockWebServer[34283] starting to accept connections
Jan 08, 2022 2:52:10 PM okhttp3.mockwebserver.MockWebServer$4 processOneRequest
INFO: MockWebServer[34283] received request: GET / HTTP/1.1 and responded: HTTP/1.1 404 Client Error
Jan 08, 2022 2:52:10 PM okhttp3.mockwebserver.MockWebServer$3 acceptConnections
INFO: MockWebServer[34283] done accepting connections: Socket closed
Jan 08, 2022 2:52:10 PM okhttp3.mockwebserver.MockWebServer$3 execute
INFO: MockWebServer[52677] starting to accept connections
Jan 08, 2022 2:52:10 PM okhttp3.mockwebserver.MockWebServer$4 processConnection
WARNING: MockWebServer[52677] connection from /127.0.0.1 didn't make a request
Jan 08, 2022 2:52:10 PM okhttp3.mockwebserver.MockWebServer$3 acceptConnections
INFO: MockWebServer[52677] done accepting connections: Socket closed
Jan 08, 2022 2:52:10 PM okhttp3.mockwebserver.MockWebServer$3 execute
INFO: MockWebServer[56565] starting to accept connections
Jan 08, 2022 2:52:10 PM okhttp3.mockwebserver.MockWebServer$4 processOneRequest
INFO: MockWebServer[56565] received request: GET / HTTP/1.1 and responded: HTTP/1.1 200 OK
Jan 08, 2022 2:52:10 PM okhttp3.mockwebserver.MockWebServer$3 acceptConnections
INFO: MockWebServer[56565] done accepting connections: Socket closed
Jan 08, 2022 2:52:10 PM okhttp3.mockwebserver.MockWebServer$3 execute
INFO: MockWebServer[53341] starting to accept connections
Jan 08, 2022 2:52:10 PM okhttp3.mockwebserver.MockWebServer$4 processOneRequest
INFO: MockWebServer[53341] received request: GET / HTTP/1.1 and responded: HTTP/1.1 404 Client Error
Jan 08, 2022 2:52:10 PM okhttp3.mockwebserver.MockWebServer$3 acceptConnections
INFO: MockWebServer[53341] done accepting connections: Socket closed
Jan 08, 2022 2:52:10 PM okhttp3.mockwebserver.MockWebServer$3 execute
INFO: MockWebServer[50379] starting to accept connections
Jan 08, 2022 2:52:10 PM okhttp3.mockwebserver.MockWebServer$4 processConnection
WARNING: MockWebServer[50379] connection from /127.0.0.1 didn't make a request
Jan 08, 2022 2:52:10 PM okhttp3.mockwebserver.MockWebServer$3 acceptConnections
INFO: MockWebServer[50379] done accepting connections: Socket closed
Tests run: 6, Failures: 0, Errors: 0, Skipped: 0, Time elapsed: 0.411 sec
Running retrofit2.adapter.java8.Java8CallAdapterFactoryTest
Jan 08, 2022 2:52:10 PM okhttp3.mockwebserver.MockWebServer$3 execute
INFO: MockWebServer[54895] starting to accept connections
Jan 08, 2022 2:52:10 PM okhttp3.mockwebserver.MockWebServer$3 acceptConnections
INFO: MockWebServer[54895] done accepting connections: Socket closed
Jan 08, 2022 2:52:10 PM okhttp3.mockwebserver.MockWebServer$3 execute
INFO: MockWebServer[42353] starting to accept connections
Jan 08, 2022 2:52:10 PM okhttp3.mockwebserver.MockWebServer$3 acceptConnections
INFO: MockWebServer[42353] done accepting connections: Socket closed
Jan 08, 2022 2:52:10 PM okhttp3.mockwebserver.MockWebServer$3 execute
INFO: MockWebServer[47473] starting to accept connections
Jan 08, 2022 2:52:10 PM okhttp3.mockwebserver.MockWebServer$3 acceptConnections
INFO: MockWebServer[47473] done accepting connections: Socket closed
Jan 08, 2022 2:52:10 PM okhttp3.mockwebserver.MockWebServer$3 execute
INFO: MockWebServer[56611] starting to accept connections
Jan 08, 2022 2:52:10 PM okhttp3.mockwebserver.MockWebServer$3 acceptConnections
INFO: MockWebServer[56611] done accepting connections: Socket closed
Tests run: 4, Failures: 0, Errors: 0, Skipped: 0, Time elapsed: 0.044 sec

Results :

Tests run: 10, Failures: 0, Errors: 0, Skipped: 0

[INFO] 
[INFO] --- animal-sniffer-maven-plugin:1.14:check (default) @ adapter-java8 ---
[INFO] Checking unresolved references to org.kaazing.mojo.signature:java18:1.0
[INFO]                                                                         
[INFO] ------------------------------------------------------------------------
[INFO] Building Adapter: RxJava 2.0.0-SNAPSHOT
[INFO] ------------------------------------------------------------------------
[INFO] 
[INFO] --- maven-enforcer-plugin:1.0:enforce (enforce-maven) @ adapter-rxjava ---
[INFO] 
[INFO] --- maven-resources-plugin:2.6:resources (default-resources) @ adapter-rxjava ---
[INFO] Using 'UTF-8' encoding to copy filtered resources.
[INFO] skip non existing resourceDirectory /home/travis/build/failed/square/retrofit/retrofit-adapters/rxjava/src/main/resources
[INFO] 
[INFO] --- maven-compiler-plugin:3.0:compile (default-compile) @ adapter-rxjava ---
[INFO] Changes detected - recompiling the module!
[INFO] Compiling 5 source files to /home/travis/build/failed/square/retrofit/retrofit-adapters/rxjava/target/classes
[INFO] 
[INFO] --- maven-resources-plugin:2.6:testResources (default-testResources) @ adapter-rxjava ---
[INFO] Using 'UTF-8' encoding to copy filtered resources.
[INFO] skip non existing resourceDirectory /home/travis/build/failed/square/retrofit/retrofit-adapters/rxjava/src/test/resources
[INFO] 
[INFO] --- maven-compiler-plugin:3.0:testCompile (default-testCompile) @ adapter-rxjava ---
[INFO] Changes detected - recompiling the module!
[INFO] Compiling 9 source files to /home/travis/build/failed/square/retrofit/retrofit-adapters/rxjava/target/test-classes
[INFO] 
[INFO] --- maven-surefire-plugin:2.12.4:test (default-test) @ adapter-rxjava ---
[INFO] Surefire report directory: /home/travis/build/failed/square/retrofit/retrofit-adapters/rxjava/target/surefire-reports

-------------------------------------------------------
 T E S T S
-------------------------------------------------------
Running retrofit2.adapter.rxjava.CompletableSchedulerTest
Jan 08, 2022 2:52:11 PM okhttp3.mockwebserver.MockWebServer$3 execute
INFO: MockWebServer[52885] starting to accept connections
Jan 08, 2022 2:52:11 PM okhttp3.mockwebserver.MockWebServer$4 processOneRequest
INFO: MockWebServer[52885] received request: GET / HTTP/1.1 and responded: HTTP/1.1 200 OK
Jan 08, 2022 2:52:11 PM okhttp3.mockwebserver.MockWebServer$3 acceptConnections
INFO: MockWebServer[52885] done accepting connections: Socket closed
Tests run: 1, Failures: 0, Errors: 0, Skipped: 0, Time elapsed: 0.329 sec
Running retrofit2.adapter.rxjava.CompletableTest
Jan 08, 2022 2:52:11 PM okhttp3.mockwebserver.MockWebServer$3 execute
INFO: MockWebServer[36809] starting to accept connections
Jan 08, 2022 2:52:11 PM okhttp3.mockwebserver.MockWebServer$4 processOneRequest
INFO: MockWebServer[36809] received request: GET / HTTP/1.1 and responded: HTTP/1.1 200 OK
Jan 08, 2022 2:52:11 PM okhttp3.mockwebserver.MockWebServer$3 acceptConnections
INFO: MockWebServer[36809] done accepting connections: Socket closed
Jan 08, 2022 2:52:11 PM okhttp3.mockwebserver.MockWebServer$3 execute
INFO: MockWebServer[34807] starting to accept connections
Jan 08, 2022 2:52:11 PM okhttp3.mockwebserver.MockWebServer$4 processOneRequest
INFO: MockWebServer[34807] received request: GET / HTTP/1.1 and responded: HTTP/1.1 404 Client Error
Jan 08, 2022 2:52:11 PM okhttp3.mockwebserver.MockWebServer$3 acceptConnections
INFO: MockWebServer[34807] done accepting connections: Socket closed
Jan 08, 2022 2:52:11 PM okhttp3.mockwebserver.MockWebServer$3 execute
INFO: MockWebServer[35241] starting to accept connections
Jan 08, 2022 2:52:11 PM okhttp3.mockwebserver.MockWebServer$4 processConnection
WARNING: MockWebServer[35241] connection from /127.0.0.1 didn't make a request
Jan 08, 2022 2:52:11 PM okhttp3.mockwebserver.MockWebServer$3 acceptConnections
INFO: MockWebServer[35241] done accepting connections: Socket closed
Tests run: 3, Failures: 0, Errors: 0, Skipped: 0, Time elapsed: 0 sec
Running retrofit2.adapter.rxjava.ObservableSchedulerTest
Jan 08, 2022 2:52:11 PM okhttp3.mockwebserver.MockWebServer$3 execute
INFO: MockWebServer[55235] starting to accept connections
Jan 08, 2022 2:52:11 PM okhttp3.mockwebserver.MockWebServer$4 processOneRequest
INFO: MockWebServer[55235] received request: GET / HTTP/1.1 and responded: HTTP/1.1 200 OK
Jan 08, 2022 2:52:11 PM okhttp3.mockwebserver.MockWebServer$3 acceptConnections
INFO: MockWebServer[55235] done accepting connections: Socket closed
Jan 08, 2022 2:52:11 PM okhttp3.mockwebserver.MockWebServer$3 execute
INFO: MockWebServer[45423] starting to accept connections
Jan 08, 2022 2:52:11 PM okhttp3.mockwebserver.MockWebServer$4 processOneRequest
INFO: MockWebServer[45423] received request: GET / HTTP/1.1 and responded: HTTP/1.1 200 OK
Jan 08, 2022 2:52:11 PM okhttp3.mockwebserver.MockWebServer$3 acceptConnections
INFO: MockWebServer[45423] done accepting connections: Socket closed
Jan 08, 2022 2:52:11 PM okhttp3.mockwebserver.MockWebServer$3 execute
INFO: MockWebServer[33011] starting to accept connections
Jan 08, 2022 2:52:11 PM okhttp3.mockwebserver.MockWebServer$4 processOneRequest
INFO: MockWebServer[33011] received request: GET / HTTP/1.1 and responded: HTTP/1.1 200 OK
Jan 08, 2022 2:52:11 PM okhttp3.mockwebserver.MockWebServer$3 acceptConnections
INFO: MockWebServer[33011] done accepting connections: Socket closed
Tests run: 3, Failures: 0, Errors: 0, Skipped: 0, Time elapsed: 0 sec
Running retrofit2.adapter.rxjava.ObservableTest
Jan 08, 2022 2:52:11 PM okhttp3.mockwebserver.MockWebServer$3 execute
INFO: MockWebServer[42537] starting to accept connections
Jan 08, 2022 2:52:11 PM okhttp3.mockwebserver.MockWebServer$4 processConnection
WARNING: MockWebServer[42537] connection from /127.0.0.1 didn't make a request
Jan 08, 2022 2:52:11 PM okhttp3.mockwebserver.MockWebServer$3 acceptConnections
INFO: MockWebServer[42537] done accepting connections: Socket closed
Jan 08, 2022 2:52:11 PM okhttp3.mockwebserver.MockWebServer$3 execute
INFO: MockWebServer[58191] starting to accept connections
Jan 08, 2022 2:52:11 PM okhttp3.mockwebserver.MockWebServer$4 processOneRequest
INFO: MockWebServer[58191] received request: GET / HTTP/1.1 and responded: HTTP/1.1 200 OK
Jan 08, 2022 2:52:11 PM okhttp3.mockwebserver.MockWebServer$3 acceptConnections
INFO: MockWebServer[58191] done accepting connections: Socket closed
Jan 08, 2022 2:52:11 PM okhttp3.mockwebserver.MockWebServer$3 execute
INFO: MockWebServer[48341] starting to accept connections
Jan 08, 2022 2:52:11 PM okhttp3.mockwebserver.MockWebServer$4 processOneRequest
INFO: MockWebServer[48341] received request: GET / HTTP/1.1 and responded: HTTP/1.1 404 Client Error
Jan 08, 2022 2:52:11 PM okhttp3.mockwebserver.MockWebServer$3 acceptConnections
INFO: MockWebServer[48341] done accepting connections: Socket closed
Jan 08, 2022 2:52:11 PM okhttp3.mockwebserver.MockWebServer$3 execute
INFO: MockWebServer[55897] starting to accept connections
Jan 08, 2022 2:52:11 PM okhttp3.mockwebserver.MockWebServer$4 processConnection
WARNING: MockWebServer[55897] connection from /127.0.0.1 didn't make a request
Jan 08, 2022 2:52:11 PM okhttp3.mockwebserver.MockWebServer$3 acceptConnections
INFO: MockWebServer[55897] done accepting connections: Socket closed
Jan 08, 2022 2:52:11 PM okhttp3.mockwebserver.MockWebServer$3 execute
INFO: MockWebServer[44999] starting to accept connections
Jan 08, 2022 2:52:11 PM okhttp3.mockwebserver.MockWebServer$4 processOneRequest
INFO: MockWebServer[44999] received request: GET / HTTP/1.1 and responded: HTTP/1.1 200 OK
Jan 08, 2022 2:52:11 PM okhttp3.mockwebserver.MockWebServer$3 acceptConnections
INFO: MockWebServer[44999] done accepting connections: Socket closed
Jan 08, 2022 2:52:11 PM okhttp3.mockwebserver.MockWebServer$3 execute
INFO: MockWebServer[36243] starting to accept connections
Jan 08, 2022 2:52:11 PM okhttp3.mockwebserver.MockWebServer$4 processOneRequest
INFO: MockWebServer[36243] received request: GET / HTTP/1.1 and responded: HTTP/1.1 404 Client Error
Jan 08, 2022 2:52:11 PM okhttp3.mockwebserver.MockWebServer$3 acceptConnections
INFO: MockWebServer[36243] done accepting connections: Socket closed
Jan 08, 2022 2:52:11 PM okhttp3.mockwebserver.MockWebServer$3 execute
INFO: MockWebServer[44589] starting to accept connections
Jan 08, 2022 2:52:11 PM okhttp3.mockwebserver.MockWebServer$4 processConnection
WARNING: MockWebServer[44589] connection from /127.0.0.1 didn't make a request
Jan 08, 2022 2:52:11 PM okhttp3.mockwebserver.MockWebServer$3 acceptConnections
INFO: MockWebServer[44589] done accepting connections: Socket closed
Jan 08, 2022 2:52:11 PM okhttp3.mockwebserver.MockWebServer$3 execute
INFO: MockWebServer[54675] starting to accept connections
Jan 08, 2022 2:52:11 PM okhttp3.mockwebserver.MockWebServer$4 processOneRequest
INFO: MockWebServer[54675] received request: GET / HTTP/1.1 and responded: HTTP/1.1 200 OK
Jan 08, 2022 2:52:11 PM okhttp3.mockwebserver.MockWebServer$3 acceptConnections
INFO: MockWebServer[54675] done accepting connections: Socket closed
Jan 08, 2022 2:52:11 PM okhttp3.mockwebserver.MockWebServer$3 execute
INFO: MockWebServer[53615] starting to accept connections
Jan 08, 2022 2:52:11 PM okhttp3.mockwebserver.MockWebServer$4 processOneRequest
INFO: MockWebServer[53615] received request: GET / HTTP/1.1 and responded: HTTP/1.1 404 Client Error
Jan 08, 2022 2:52:11 PM okhttp3.mockwebserver.MockWebServer$3 acceptConnections
INFO: MockWebServer[53615] done accepting connections: Socket closed
Tests run: 9, Failures: 0, Errors: 0, Skipped: 0, Time elapsed: 0 sec
Running retrofit2.adapter.rxjava.ResultTest
Tests run: 4, Failures: 0, Errors: 0, Skipped: 0, Time elapsed: 0 sec
Running retrofit2.adapter.rxjava.RxJavaCallAdapterFactoryTest
Tests run: 6, Failures: 0, Errors: 0, Skipped: 0, Time elapsed: 0 sec
Running retrofit2.adapter.rxjava.SingleSchedulerTest
Jan 08, 2022 2:52:11 PM okhttp3.mockwebserver.MockWebServer$3 execute
INFO: MockWebServer[35013] starting to accept connections
Jan 08, 2022 2:52:11 PM okhttp3.mockwebserver.MockWebServer$4 processOneRequest
INFO: MockWebServer[35013] received request: GET / HTTP/1.1 and responded: HTTP/1.1 200 OK
Jan 08, 2022 2:52:11 PM okhttp3.mockwebserver.MockWebServer$3 acceptConnections
INFO: MockWebServer[35013] done accepting connections: Socket closed
Jan 08, 2022 2:52:11 PM okhttp3.mockwebserver.MockWebServer$3 execute
INFO: MockWebServer[49003] starting to accept connections
Jan 08, 2022 2:52:11 PM okhttp3.mockwebserver.MockWebServer$4 processOneRequest
INFO: MockWebServer[49003] received request: GET / HTTP/1.1 and responded: HTTP/1.1 200 OK
Jan 08, 2022 2:52:11 PM okhttp3.mockwebserver.MockWebServer$3 acceptConnections
INFO: MockWebServer[49003] done accepting connections: Socket closed
Jan 08, 2022 2:52:11 PM okhttp3.mockwebserver.MockWebServer$3 execute
INFO: MockWebServer[43265] starting to accept connections
Jan 08, 2022 2:52:11 PM okhttp3.mockwebserver.MockWebServer$4 processOneRequest
INFO: MockWebServer[43265] received request: GET / HTTP/1.1 and responded: HTTP/1.1 200 OK
Jan 08, 2022 2:52:11 PM okhttp3.mockwebserver.MockWebServer$3 acceptConnections
INFO: MockWebServer[43265] done accepting connections: Socket closed
Tests run: 3, Failures: 0, Errors: 0, Skipped: 0, Time elapsed: 0.013 sec
Running retrofit2.adapter.rxjava.SingleTest
Jan 08, 2022 2:52:11 PM okhttp3.mockwebserver.MockWebServer$3 execute
INFO: MockWebServer[45033] starting to accept connections
Jan 08, 2022 2:52:11 PM okhttp3.mockwebserver.MockWebServer$4 processConnection
WARNING: MockWebServer[45033] connection from /127.0.0.1 didn't make a request
Jan 08, 2022 2:52:11 PM okhttp3.mockwebserver.MockWebServer$3 acceptConnections
INFO: MockWebServer[45033] done accepting connections: Socket closed
Jan 08, 2022 2:52:11 PM okhttp3.mockwebserver.MockWebServer$3 execute
INFO: MockWebServer[43225] starting to accept connections
Jan 08, 2022 2:52:11 PM okhttp3.mockwebserver.MockWebServer$4 processOneRequest
INFO: MockWebServer[43225] received request: GET / HTTP/1.1 and responded: HTTP/1.1 200 OK
Jan 08, 2022 2:52:11 PM okhttp3.mockwebserver.MockWebServer$3 acceptConnections
INFO: MockWebServer[43225] done accepting connections: Socket closed
Jan 08, 2022 2:52:11 PM okhttp3.mockwebserver.MockWebServer$3 execute
INFO: MockWebServer[55065] starting to accept connections
Jan 08, 2022 2:52:11 PM okhttp3.mockwebserver.MockWebServer$4 processOneRequest
INFO: MockWebServer[55065] received request: GET / HTTP/1.1 and responded: HTTP/1.1 404 Client Error
Jan 08, 2022 2:52:11 PM okhttp3.mockwebserver.MockWebServer$3 acceptConnections
INFO: MockWebServer[55065] done accepting connections: Socket closed
Jan 08, 2022 2:52:11 PM okhttp3.mockwebserver.MockWebServer$3 execute
INFO: MockWebServer[43493] starting to accept connections
Jan 08, 2022 2:52:11 PM okhttp3.mockwebserver.MockWebServer$4 processConnection
WARNING: MockWebServer[43493] connection from /127.0.0.1 didn't make a request
Jan 08, 2022 2:52:11 PM okhttp3.mockwebserver.MockWebServer$3 acceptConnections
INFO: MockWebServer[43493] done accepting connections: Socket closed
Jan 08, 2022 2:52:11 PM okhttp3.mockwebserver.MockWebServer$3 execute
INFO: MockWebServer[44929] starting to accept connections
Jan 08, 2022 2:52:11 PM okhttp3.mockwebserver.MockWebServer$4 processOneRequest
INFO: MockWebServer[44929] received request: GET / HTTP/1.1 and responded: HTTP/1.1 200 OK
Jan 08, 2022 2:52:11 PM okhttp3.mockwebserver.MockWebServer$3 acceptConnections
INFO: MockWebServer[44929] done accepting connections: Socket closed
Jan 08, 2022 2:52:11 PM okhttp3.mockwebserver.MockWebServer$3 execute
INFO: MockWebServer[39921] starting to accept connections
Jan 08, 2022 2:52:11 PM okhttp3.mockwebserver.MockWebServer$4 processOneRequest
INFO: MockWebServer[39921] received request: GET / HTTP/1.1 and responded: HTTP/1.1 404 Client Error
Jan 08, 2022 2:52:11 PM okhttp3.mockwebserver.MockWebServer$3 acceptConnections
INFO: MockWebServer[39921] done accepting connections: Socket closed
Jan 08, 2022 2:52:11 PM okhttp3.mockwebserver.MockWebServer$3 execute
INFO: MockWebServer[49861] starting to accept connections
Jan 08, 2022 2:52:11 PM okhttp3.mockwebserver.MockWebServer$4 processConnection
WARNING: MockWebServer[49861] connection from /127.0.0.1 didn't make a request
Jan 08, 2022 2:52:11 PM okhttp3.mockwebserver.MockWebServer$3 acceptConnections
INFO: MockWebServer[49861] done accepting connections: Socket closed
Jan 08, 2022 2:52:11 PM okhttp3.mockwebserver.MockWebServer$3 execute
INFO: MockWebServer[54869] starting to accept connections
Jan 08, 2022 2:52:11 PM okhttp3.mockwebserver.MockWebServer$4 processOneRequest
INFO: MockWebServer[54869] received request: GET / HTTP/1.1 and responded: HTTP/1.1 200 OK
Jan 08, 2022 2:52:11 PM okhttp3.mockwebserver.MockWebServer$3 acceptConnections
INFO: MockWebServer[54869] done accepting connections: Socket closed
Jan 08, 2022 2:52:11 PM okhttp3.mockwebserver.MockWebServer$3 execute
INFO: MockWebServer[49551] starting to accept connections
Jan 08, 2022 2:52:12 PM okhttp3.mockwebserver.MockWebServer$4 processOneRequest
INFO: MockWebServer[49551] received request: GET / HTTP/1.1 and responded: HTTP/1.1 404 Client Error
Jan 08, 2022 2:52:12 PM okhttp3.mockwebserver.MockWebServer$3 acceptConnections
INFO: MockWebServer[49551] done accepting connections: Socket closed
Tests run: 9, Failures: 0, Errors: 0, Skipped: 0, Time elapsed: 0.1 sec

Results :

Tests run: 38, Failures: 0, Errors: 0, Skipped: 0

[INFO] 
[INFO] --- animal-sniffer-maven-plugin:1.14:check (default) @ adapter-rxjava ---
[INFO] Checking unresolved references to org.codehaus.mojo.signature:java16:1.1
[INFO]                                                                         
[INFO] ------------------------------------------------------------------------
[INFO] Building Converters 2.0.0-SNAPSHOT
[INFO] ------------------------------------------------------------------------
[INFO] 
[INFO] --- maven-enforcer-plugin:1.0:enforce (enforce-maven) @ retrofit-converters ---
[INFO] 
[INFO] --- animal-sniffer-maven-plugin:1.14:check (default) @ retrofit-converters ---
[INFO] Checking unresolved references to org.codehaus.mojo.signature:java16:1.1
[INFO]                                                                         
[INFO] ------------------------------------------------------------------------
[INFO] Building Converter: Gson 2.0.0-SNAPSHOT
[INFO] ------------------------------------------------------------------------
[INFO] 
[INFO] --- maven-enforcer-plugin:1.0:enforce (enforce-maven) @ converter-gson ---
[INFO] 
[INFO] --- maven-resources-plugin:2.6:resources (default-resources) @ converter-gson ---
[INFO] Using 'UTF-8' encoding to copy filtered resources.
[INFO] skip non existing resourceDirectory /home/travis/build/failed/square/retrofit/retrofit-converters/gson/src/main/resources
[INFO] 
[INFO] --- maven-compiler-plugin:3.0:compile (default-compile) @ converter-gson ---
[INFO] Changes detected - recompiling the module!
[INFO] Compiling 3 source files to /home/travis/build/failed/square/retrofit/retrofit-converters/gson/target/classes
[INFO] 
[INFO] --- maven-resources-plugin:2.6:testResources (default-testResources) @ converter-gson ---
[INFO] Using 'UTF-8' encoding to copy filtered resources.
[INFO] skip non existing resourceDirectory /home/travis/build/failed/square/retrofit/retrofit-converters/gson/src/test/resources
[INFO] 
[INFO] --- maven-compiler-plugin:3.0:testCompile (default-testCompile) @ converter-gson ---
[INFO] Changes detected - recompiling the module!
[INFO] Compiling 1 source file to /home/travis/build/failed/square/retrofit/retrofit-converters/gson/target/test-classes
[INFO] 
[INFO] --- maven-surefire-plugin:2.12.4:test (default-test) @ converter-gson ---
[INFO] Surefire report directory: /home/travis/build/failed/square/retrofit/retrofit-converters/gson/target/surefire-reports

-------------------------------------------------------
 T E S T S
-------------------------------------------------------
Running retrofit2.converter.gson.GsonConverterFactoryTest
Jan 08, 2022 2:52:13 PM okhttp3.mockwebserver.MockWebServer$3 execute
INFO: MockWebServer[33681] starting to accept connections
Jan 08, 2022 2:52:13 PM okhttp3.mockwebserver.MockWebServer$4 processOneRequest
INFO: MockWebServer[33681] received request: POST / HTTP/1.1 and responded: HTTP/1.1 200 OK
Jan 08, 2022 2:52:13 PM okhttp3.mockwebserver.MockWebServer$3 acceptConnections
INFO: MockWebServer[33681] done accepting connections: Socket closed
Jan 08, 2022 2:52:13 PM okhttp3.mockwebserver.MockWebServer$3 execute
INFO: MockWebServer[49195] starting to accept connections
Jan 08, 2022 2:52:13 PM okhttp3.mockwebserver.MockWebServer$4 processOneRequest
INFO: MockWebServer[49195] received request: POST / HTTP/1.1 and responded: HTTP/1.1 200 OK
Jan 08, 2022 2:52:13 PM okhttp3.mockwebserver.MockWebServer$3 acceptConnections
INFO: MockWebServer[49195] done accepting connections: Socket closed
Jan 08, 2022 2:52:13 PM okhttp3.mockwebserver.MockWebServer$3 execute
INFO: MockWebServer[60445] starting to accept connections
Jan 08, 2022 2:52:13 PM okhttp3.mockwebserver.MockWebServer$4 processOneRequest
INFO: MockWebServer[60445] received request: POST / HTTP/1.1 and responded: HTTP/1.1 200 OK
Jan 08, 2022 2:52:13 PM okhttp3.mockwebserver.MockWebServer$3 acceptConnections
INFO: MockWebServer[60445] done accepting connections: Socket closed
Jan 08, 2022 2:52:13 PM okhttp3.mockwebserver.MockWebServer$3 execute
INFO: MockWebServer[53957] starting to accept connections
Jan 08, 2022 2:52:13 PM okhttp3.mockwebserver.MockWebServer$4 processOneRequest
INFO: MockWebServer[53957] received request: POST / HTTP/1.1 and responded: HTTP/1.1 200 OK
Jan 08, 2022 2:52:13 PM okhttp3.mockwebserver.MockWebServer$3 acceptConnections
INFO: MockWebServer[53957] done accepting connections: Socket closed
Jan 08, 2022 2:52:13 PM okhttp3.mockwebserver.MockWebServer$3 execute
INFO: MockWebServer[48251] starting to accept connections
Jan 08, 2022 2:52:13 PM okhttp3.mockwebserver.MockWebServer$4 processOneRequest
INFO: MockWebServer[48251] received request: POST / HTTP/1.1 and responded: HTTP/1.1 200 OK
Jan 08, 2022 2:52:13 PM okhttp3.mockwebserver.MockWebServer$3 acceptConnections
INFO: MockWebServer[48251] done accepting connections: Socket closed
Tests run: 5, Failures: 0, Errors: 0, Skipped: 0, Time elapsed: 0.46 sec

Results :

Tests run: 5, Failures: 0, Errors: 0, Skipped: 0

[INFO] 
[INFO] --- animal-sniffer-maven-plugin:1.14:check (default) @ converter-gson ---
[INFO] Checking unresolved references to org.codehaus.mojo.signature:java16:1.1
[INFO]                                                                         
[INFO] ------------------------------------------------------------------------
[INFO] Building Converter: Protocol Buffers 2.0.0-SNAPSHOT
[INFO] ------------------------------------------------------------------------
[INFO] 
[INFO] --- maven-enforcer-plugin:1.0:enforce (enforce-maven) @ converter-protobuf ---
[INFO] 
[INFO] --- maven-resources-plugin:2.6:resources (default-resources) @ converter-protobuf ---
[INFO] Using 'UTF-8' encoding to copy filtered resources.
[INFO] skip non existing resourceDirectory /home/travis/build/failed/square/retrofit/retrofit-converters/protobuf/src/main/resources
[INFO] 
[INFO] --- maven-compiler-plugin:3.0:compile (default-compile) @ converter-protobuf ---
[INFO] Changes detected - recompiling the module!
[INFO] Compiling 3 source files to /home/travis/build/failed/square/retrofit/retrofit-converters/protobuf/target/classes
[WARNING] /home/travis/build/failed/square/retrofit/retrofit-converters/protobuf/src/main/java/retrofit2/converter/protobuf/ProtoConverterFactory.java: /home/travis/build/failed/square/retrofit/retrofit-converters/protobuf/src/main/java/retrofit2/converter/protobuf/ProtoConverterFactory.java uses unchecked or unsafe operations.
[WARNING] /home/travis/build/failed/square/retrofit/retrofit-converters/protobuf/src/main/java/retrofit2/converter/protobuf/ProtoConverterFactory.java: Recompile with -Xlint:unchecked for details.
[INFO] 
[INFO] --- maven-resources-plugin:2.6:testResources (default-testResources) @ converter-protobuf ---
[INFO] Using 'UTF-8' encoding to copy filtered resources.
[INFO] skip non existing resourceDirectory /home/travis/build/failed/square/retrofit/retrofit-converters/protobuf/src/test/resources
[INFO] 
[INFO] --- maven-compiler-plugin:3.0:testCompile (default-testCompile) @ converter-protobuf ---
[INFO] Changes detected - recompiling the module!
[INFO] Compiling 2 source files to /home/travis/build/failed/square/retrofit/retrofit-converters/protobuf/target/test-classes
[INFO] 
[INFO] --- maven-surefire-plugin:2.12.4:test (default-test) @ converter-protobuf ---
[INFO] Surefire report directory: /home/travis/build/failed/square/retrofit/retrofit-converters/protobuf/target/surefire-reports

-------------------------------------------------------
 T E S T S
-------------------------------------------------------
Running retrofit2.converter.protobuf.ProtoConverterFactoryTest
Jan 08, 2022 2:52:14 PM okhttp3.mockwebserver.MockWebServer$3 execute
INFO: MockWebServer[38511] starting to accept connections
Jan 08, 2022 2:52:14 PM okhttp3.mockwebserver.MockWebServer$4 processOneRequest
INFO: MockWebServer[38511] received request: POST / HTTP/1.1 and responded: HTTP/1.1 200 OK
Jan 08, 2022 2:52:14 PM okhttp3.mockwebserver.MockWebServer$3 acceptConnections
INFO: MockWebServer[38511] done accepting connections: Socket closed
Jan 08, 2022 2:52:14 PM okhttp3.mockwebserver.MockWebServer$3 execute
INFO: MockWebServer[59883] starting to accept connections
Jan 08, 2022 2:52:14 PM okhttp3.mockwebserver.MockWebServer$3 acceptConnections
INFO: MockWebServer[59883] done accepting connections: Socket closed
Jan 08, 2022 2:52:14 PM okhttp3.mockwebserver.MockWebServer$3 execute
INFO: MockWebServer[52609] starting to accept connections
Jan 08, 2022 2:52:14 PM okhttp3.mockwebserver.MockWebServer$4 processOneRequest
INFO: MockWebServer[52609] received request: GET / HTTP/1.1 and responded: HTTP/1.1 200 OK
Jan 08, 2022 2:52:14 PM okhttp3.mockwebserver.MockWebServer$3 acceptConnections
INFO: MockWebServer[52609] done accepting connections: Socket closed
Jan 08, 2022 2:52:14 PM okhttp3.mockwebserver.MockWebServer$3 execute
INFO: MockWebServer[52571] starting to accept connections
Jan 08, 2022 2:52:14 PM okhttp3.mockwebserver.MockWebServer$3 acceptConnections
INFO: MockWebServer[52571] done accepting connections: Socket closed
Jan 08, 2022 2:52:14 PM okhttp3.mockwebserver.MockWebServer$3 execute
INFO: MockWebServer[60807] starting to accept connections
Jan 08, 2022 2:52:14 PM okhttp3.mockwebserver.MockWebServer$3 acceptConnections
INFO: MockWebServer[60807] done accepting connections: Socket closed
Jan 08, 2022 2:52:14 PM okhttp3.mockwebserver.MockWebServer$3 execute
INFO: MockWebServer[49697] starting to accept connections
Jan 08, 2022 2:52:14 PM okhttp3.mockwebserver.MockWebServer$4 processOneRequest
INFO: MockWebServer[49697] received request: GET / HTTP/1.1 and responded: HTTP/1.1 200 OK
Jan 08, 2022 2:52:14 PM okhttp3.mockwebserver.MockWebServer$3 acceptConnections
INFO: MockWebServer[49697] done accepting connections: Socket closed
Tests run: 6, Failures: 1, Errors: 0, Skipped: 0, Time elapsed: 0.491 sec <<< FAILURE!
serializeNullThrows(retrofit2.converter.protobuf.ProtoConverterFactoryTest)  Time elapsed: 0.015 sec  <<< FAILURE!
java.lang.AssertionError
	at org.junit.Assert.fail(Assert.java:86)
	at org.junit.Assert.fail(Assert.java:95)
	at retrofit2.converter.protobuf.ProtoConverterFactoryTest.serializeNullThrows(ProtoConverterFactoryTest.java:138)
	at sun.reflect.NativeMethodAccessorImpl.invoke0(Native Method)
	at sun.reflect.NativeMethodAccessorImpl.invoke(NativeMethodAccessorImpl.java:62)
	at sun.reflect.DelegatingMethodAccessorImpl.invoke(DelegatingMethodAccessorImpl.java:43)
	at java.lang.reflect.Method.invoke(Method.java:483)
	at org.junit.runners.model.FrameworkMethod$1.runReflectiveCall(FrameworkMethod.java:50)
	at org.junit.internal.runners.model.ReflectiveCallable.run(ReflectiveCallable.java:12)
	at org.junit.runners.model.FrameworkMethod.invokeExplosively(FrameworkMethod.java:47)
	at org.junit.internal.runners.statements.InvokeMethod.evaluate(InvokeMethod.java:17)
	at org.junit.internal.runners.statements.RunBefores.evaluate(RunBefores.java:26)
	at okhttp3.mockwebserver.MockWebServer$2.evaluate(MockWebServer.java:154)
	at org.junit.rules.RunRules.evaluate(RunRules.java:20)
	at org.junit.runners.ParentRunner.runLeaf(ParentRunner.java:325)
	at org.junit.runners.BlockJUnit4ClassRunner.runChild(BlockJUnit4ClassRunner.java:78)
	at org.junit.runners.BlockJUnit4ClassRunner.runChild(BlockJUnit4ClassRunner.java:57)
	at org.junit.runners.ParentRunner$3.run(ParentRunner.java:290)
	at org.junit.runners.ParentRunner$1.schedule(ParentRunner.java:71)
	at org.junit.runners.ParentRunner.runChildren(ParentRunner.java:288)
	at org.junit.runners.ParentRunner.access$000(ParentRunner.java:58)
	at org.junit.runners.ParentRunner$2.evaluate(ParentRunner.java:268)
	at org.junit.runners.ParentRunner.run(ParentRunner.java:363)
	at org.apache.maven.surefire.junit4.JUnit4Provider.execute(JUnit4Provider.java:252)
	at org.apache.maven.surefire.junit4.JUnit4Provider.executeTestSet(JUnit4Provider.java:141)
	at org.apache.maven.surefire.junit4.JUnit4Provider.invoke(JUnit4Provider.java:112)
	at sun.reflect.NativeMethodAccessorImpl.invoke0(Native Method)
	at sun.reflect.NativeMethodAccessorImpl.invoke(NativeMethodAccessorImpl.java:62)
	at sun.reflect.DelegatingMethodAccessorImpl.invoke(DelegatingMethodAccessorImpl.java:43)
	at java.lang.reflect.Method.invoke(Method.java:483)
	at org.apache.maven.surefire.util.ReflectionUtils.invokeMethodWithArray(ReflectionUtils.java:189)
	at org.apache.maven.surefire.booter.ProviderFactory$ProviderProxy.invoke(ProviderFactory.java:165)
	at org.apache.maven.surefire.booter.ProviderFactory.invokeProvider(ProviderFactory.java:85)
	at org.apache.maven.surefire.booter.ForkedBooter.runSuitesInProcess(ForkedBooter.java:115)
	at org.apache.maven.surefire.booter.ForkedBooter.main(ForkedBooter.java:75)


Results :

Failed tests:   serializeNullThrows(retrofit2.converter.protobuf.ProtoConverterFactoryTest)

Tests run: 6, Failures: 1, Errors: 0, Skipped: 0

[INFO] ------------------------------------------------------------------------
[INFO] Reactor Summary:
[INFO] 
[INFO] Retrofit (Parent) .................................. SUCCESS [  0.829 s]
[INFO] Retrofit ........................................... SUCCESS [ 27.824 s]
[INFO] Adapters ........................................... SUCCESS [  0.204 s]
[INFO] Adapter: Guava ..................................... SUCCESS [  1.072 s]
[INFO] Adapter: Java 8 .................................... SUCCESS [  1.195 s]
[INFO] Adapter: RxJava .................................... SUCCESS [  1.581 s]
[INFO] Converters ......................................... SUCCESS [  0.252 s]
[INFO] Converter: Gson .................................... SUCCESS [  1.129 s]
[INFO] Converter: Protocol Buffers ........................ FAILURE [  0.861 s]
[INFO] Converter: Jackson ................................. SKIPPED
[INFO] Converter: Wire Protocol Buffers ................... SKIPPED
[INFO] Converter: SimpleXML ............................... SKIPPED
[INFO] Converter: Java Scalars ............................ SKIPPED
[INFO] Converter: Moshi ................................... SKIPPED
[INFO] Retrofit Mock Adapter .............................. SKIPPED
[INFO] Samples ............................................ SKIPPED
[INFO] ------------------------------------------------------------------------
[INFO] BUILD FAILURE
[INFO] ------------------------------------------------------------------------
[INFO] Total time: 35.202 s
[INFO] Finished at: 2022-01-08T14:52:14+00:00
[INFO] Final Memory: 27M/354M
[INFO] ------------------------------------------------------------------------
[ERROR] Failed to execute goal org.apache.maven.plugins:maven-surefire-plugin:2.12.4:test (default-test) on project converter-protobuf: There are test failures.
[ERROR] 
[ERROR] Please refer to /home/travis/build/failed/square/retrofit/retrofit-converters/protobuf/target/surefire-reports for the individual test results.
[ERROR] -> [Help 1]
[ERROR] 
[ERROR] To see the full stack trace of the errors, re-run Maven with the -e switch.
[ERROR] Re-run Maven using the -X switch to enable full debug logging.
[ERROR] 
[ERROR] For more information about the errors and possible solutions, please read the following articles:
[ERROR] [Help 1] http://cwiki.apache.org/confluence/display/MAVEN/MojoFailureException
[ERROR] 
[ERROR] After correcting the problems, you can resume the build with the command
[ERROR]   mvn <goals> -rf :converter-protobuf

travis_time:end:0164e6cc:start=1641653498242777764,finish=1641653535074628938,duration=36831851174[0K
[31;1mThe command "mvn -o test -Dhttps.protocols=TLSv1.2 -B" exited with 1.[0m
travis_fold:start:cache.2[0Kstore build cache
travis_time:start:00e6fc64[0K
travis_time:end:00e6fc64:start=1641653535084556747,finish=1641653535092726080,duration=8169333[0Ktravis_time:start:097dd74a[0K/home/travis/.casher/bin/casher:190: warning: Insecure world writable dir /home/travis/build/failed/square/retrofit/. in PATH, mode 040777
[32;1mchanges detected, packing new archive[0m
/home/travis/.casher/bin/casher:213:in `cache_archive_name': undefined method `[]' for nil:NilClass (NoMethodError)
	from /home/travis/.casher/bin/casher:143:in `push'
	from /home/travis/.casher/bin/casher:53:in `block in run'
	from /home/travis/.rvm/rubies/ruby-1.9.3-p551/lib/ruby/1.9.1/timeout.rb:69:in `timeout'
	from /home/travis/.casher/bin/casher:53:in `run'
	from /home/travis/.casher/bin/casher:263:in `<main>'
.
.
.
.
.
.
.
.
.
.
.
.
.
.
.
.
.

travis_time:end:097dd74a:start=1641653535102276520,finish=1641653621816254729,duration=86713978209[0Ktravis_fold:end:cache.2[0K
Done. Your build exited with 1.
