travis_fold:start:system_info[0K[33;1mBuild system information[0m
Build language: python
Build id: ''
Job id: ''
[34m[1mBuild image provisioning date and time[0m
Thu Feb  5 15:09:33 UTC 2015
[34m[1mOperating System Details[0m
Distributor ID:	Ubuntu
Description:	Ubuntu 12.04.5 LTS
Release:	12.04
Codename:	precise
[34m[1mLinux Version[0m
3.13.0-29-generic
[34m[1mCookbooks Version[0m
a68419e https://github.com/travis-ci/travis-cookbooks/tree/a68419e
[34m[1mGCC version[0m
gcc (Ubuntu/Linaro 4.6.3-1ubuntu5) 4.6.3
Copyright (C) 2011 Free Software Foundation, Inc.
This is free software; see the source for copying conditions.  There is NO
warranty; not even for MERCHANTABILITY or FITNESS FOR A PARTICULAR PURPOSE.

[34m[1mLLVM version[0m
clang version 3.4 (tags/RELEASE_34/final)
Target: x86_64-unknown-linux-gnu
Thread model: posix
[34m[1mPre-installed Ruby versions[0m
ruby-1.9.3-p551
[34m[1mPre-installed Node.js versions[0m
v0.10.36
[34m[1mPre-installed Go versions[0m
1.4.1
[34m[1mRedis version[0m
redis-server 2.8.19
[34m[1mriak version[0m
2.0.2
[34m[1mMongoDB version[0m
MongoDB 2.4.12
[34m[1mCouchDB version[0m
couchdb 1.6.1
[34m[1mNeo4j version[0m
1.9.4
[34m[1mRabbitMQ Version[0m
3.4.3
[34m[1mElasticSearch version[0m
1.4.0
[34m[1mInstalled Sphinx versions[0m
2.0.10
2.1.9
2.2.6
[34m[1mDefault Sphinx version[0m
2.2.6
[34m[1mInstalled Firefox version[0m
firefox 31.0esr
[34m[1mPhantomJS version[0m
1.9.8
[34m[1mant -version[0m
Apache Ant(TM) version 1.8.2 compiled on December 3 2011
[34m[1mmvn -version[0m
Apache Maven 3.2.5 (12a6b3acb947671f09b81f49094c53f426d8cea1; 2014-12-14T17:29:23+00:00)
Maven home: /usr/local/maven
Java version: 1.7.0_76, vendor: Oracle Corporation
Java home: /usr/lib/jvm/java-7-oracle/jre
Default locale: en_US, platform encoding: ANSI_X3.4-1968
OS name: "linux", version: "3.13.0-29-generic", arch: "amd64", family: "unix"
travis_fold:end:system_info[0K
W: GPG error: http://apt.postgresql.org precise-pgdg Release: The following signatures were invalid: KEYEXPIRED 1562078959
W: Failed to fetch http://ppa.launchpad.net/travis-ci/zero-mq/ubuntu/dists/precise/main/binary-amd64/Packages  403  Forbidden

W: Failed to fetch http://ppa.launchpad.net/travis-ci/zero-mq/ubuntu/dists/precise/main/binary-i386/Packages  403  Forbidden

W: Failed to fetch http://downloads-distro.mongodb.org/repo/debian-sysvinit/dists/dist/10gen/binary-amd64/Packages  Undetermined Error [IP: 54.175.147.155 80]

W: Failed to fetch http://downloads-distro.mongodb.org/repo/debian-sysvinit/dists/dist/10gen/binary-i386/Packages  Undetermined Error [IP: 54.175.147.155 80]

E: Some index files failed to download. They have been ignored, or old ones used instead.
sed: cannot rename /etc/hosts: Device or resource busy
sed: cannot rename /etc/hosts: Device or resource busy
$ cd failed/Cal-CS-61A-Staff/ok

[33;1mSetting environment variables from .travis.yml[0m
$ export CMD=server/apptest.py
$ export GAE_VERSION=1.9.23

travis_time:start:0d2bc8aa[0K$ source ~/virtualenv/python2.7/bin/activate

travis_time:end:0d2bc8aa:start=1609199460974386071,finish=1609199460984836694,duration=10450623[0Ktravis_fold:start:cache.1[0KSetting up build cache
$ export CASHER_DIR=$HOME/.casher
travis_time:start:2449e292[0K$ Installing caching utilities

travis_time:end:2449e292:start=1609199461398699225,finish=1609199461736497137,duration=337797912[0Ktravis_time:start:00bebd74[0K
travis_time:end:00bebd74:start=1609199461750423917,finish=1609199461760075170,duration=9651253[0Ktravis_time:start:1e725ed4[0K/home/travis/.casher/bin/casher:213:in `cache_archive_name': undefined method `[]' for nil:NilClass (NoMethodError)
	from /home/travis/.casher/bin/casher:65:in `block in fetch'
	from /home/travis/.casher/bin/casher:64:in `each'
	from /home/travis/.casher/bin/casher:64:in `fetch'
	from /home/travis/.casher/bin/casher:53:in `block in run'
	from /home/travis/.rvm/rubies/ruby-1.9.3-p551/lib/ruby/1.9.1/timeout.rb:69:in `timeout'
	from /home/travis/.casher/bin/casher:53:in `run'
	from /home/travis/.casher/bin/casher:263:in `<main>'
[32;1mattempting to download cache archive[0m

travis_time:end:1e725ed4:start=1609199461771886549,finish=1609199462625197067,duration=853310518[0Ktravis_time:start:0c6dd928[0K
travis_time:end:0c6dd928:start=1609199462637080433,finish=1609199462647426275,duration=10345842[0Ktravis_time:start:17ff5ff9[0K[32;1madding /home/travis/virtualenv/python2.7.9 to cache[0m

travis_time:end:17ff5ff9:start=1609199462657918402,finish=1609199463468588153,duration=810669751[0Ktravis_fold:end:cache.1[0K$ python --version
Python 2.7.9
$ pip --version
pip 6.0.7 from /home/travis/virtualenv/python2.7.9/lib/python2.7/site-packages (python 2.7)
travis_fold:start:install.1[0Ktravis_time:start:080ef88f[0K$ pip install pip --upgrade
Collecting pip from https://files.pythonhosted.org/packages/54/eb/4a3642e971f404d69d4f6fa3885559d67562801b99d7592487f1ecc4e017/pip-20.3.3-py2.py3-none-any.whl#sha256=fab098c8a1758295dd9f57413c199f23571e8fde6cc39c22c78c961b4ac6286d
  Downloading https://files.pythonhosted.org/packages/54/eb/4a3642e971f404d69d4f6fa3885559d67562801b99d7592487f1ecc4e017/pip-20.3.3-py2.py3-none-any.whl (1.5MB)
Installing collected packages: pip
  Found existing installation: pip 6.0.7
    Uninstalling pip-6.0.7:
      Successfully uninstalled pip-6.0.7

Successfully installed pip-20.3.3

travis_time:end:080ef88f:start=1609199463762973406,finish=1609199469207099356,duration=5444125950[0Ktravis_fold:end:install.1[0Ktravis_fold:start:install.2[0Ktravis_time:start:23a99000[0K$ pip install -r server_requirements.txt
DEPRECATION: Python 2.7 reached the end of its life on January 1st, 2020. Please upgrade your Python as Python 2.7 is no longer maintained. pip 21.0 will drop support for Python 2.7 in January 2021. More details about Python 2 support in pip can be found at https://pip.pypa.io/en/latest/development/release-process/#python-2-support pip 21.0 will remove support for this functionality.
Collecting Flask==0.10.1
  Downloading Flask-0.10.1.tar.gz (544 kB)
Collecting Flask-Cache==0.13.1
  Downloading Flask-Cache-0.13.1.tar.gz (45 kB)
Collecting Jinja2==2.7.3
  Downloading Jinja2-2.7.3.tar.gz (378 kB)
Collecting MarkupSafe==0.23
  Downloading MarkupSafe-0.23.tar.gz (13 kB)
Collecting PyYAML==3.11
  Downloading PyYAML-3.11.tar.gz (248 kB)
Collecting Pygments==1.6
  Downloading Pygments-1.6.tar.gz (1.4 MB)
Collecting Sphinx==1.2.2
  Downloading Sphinx-1.2.2-py27-none-any.whl (1.1 MB)
Collecting Werkzeug==0.9.6
  Downloading Werkzeug-0.9.6.tar.gz (1.1 MB)
Collecting argparse==1.2.1
  Downloading argparse-1.2.1.tar.gz (69 kB)
Collecting astroid==1.1.1
  Downloading astroid-1.1.1.tar.gz (119 kB)
Collecting docutils==0.11
  Downloading docutils-0.11.tar.gz (1.6 MB)
Collecting git-pylint-commit-hook==2.0.5
  Downloading git-pylint-commit-hook-2.0.5.tar.gz (10 kB)
Collecting itsdangerous==0.24
  Downloading itsdangerous-0.24.tar.gz (46 kB)
Obtaining linkenv-master from git+git://github.com/ze-phyr-us/linkenv.git@ae463b3211cb8dcc8868e88176a1101733c83b6d#egg=linkenv-master (from -r server_requirements.txt (line 14))
  Cloning git://github.com/ze-phyr-us/linkenv.git (to revision ae463b3211cb8dcc8868e88176a1101733c83b6d) to /home/travis/virtualenv/python2.7.9/src/linkenv-master
  WARNING: Generating metadata for package linkenv-master produced metadata for project name linkenv. Fix your #egg=linkenv-master fragments.
Collecting logilab-common==0.61.0
  Downloading logilab-common-0.61.0.tar.gz (199 kB)
Collecting mimerender==0.5.4
  Downloading mimerender-0.5.4.tar.gz (6.4 kB)
Requirement already satisfied: nose==1.3.4 in /home/travis/virtualenv/python2.7.9/lib/python2.7/site-packages (from -r server_requirements.txt (line 17)) (1.3.4)
Collecting pylint==1.2.1
  Downloading pylint-1.2.1.tar.gz (404 kB)
Collecting python-dateutil==2.2
  Downloading python-dateutil-2.2.tar.gz (259 kB)
Collecting python-mimeparse==0.1.4
  Downloading python-mimeparse-0.1.4.tar.gz (5.2 kB)
Collecting requests==2.3.0
  Downloading requests-2.3.0-py2.py3-none-any.whl (452 kB)
Collecting six==1.6.1
  Downloading six-1.6.1-py2.py3-none-any.whl (8.6 kB)
Collecting sphinxcontrib-httpdomain==1.2.1
  Downloading sphinxcontrib_httpdomain-1.2.1-py27-none-any.whl (13 kB)
Collecting unittest2==0.5.1
  Downloading unittest2-0.5.1.tar.gz (62 kB)
Requirement already satisfied: wsgiref==0.1.2 in /opt/python/2.7.9/lib/python2.7 (from -r server_requirements.txt (line 25)) (0.1.2)
Collecting ddt==0.8.0
  Downloading ddt-0.8.0-py2.py3-none-any.whl (4.0 kB)
Collecting webargs==0.5.0
  Downloading webargs-0.5.0-py2.py3-none-any.whl (14 kB)
Collecting webob==1.1.1
  Downloading WebOb-1.1.1.zip (196 kB)
Collecting pytz==2014.10
  Downloading pytz-2014.10-py2.py3-none-any.whl (477 kB)
Collecting coverage==3.7.1
  Downloading coverage-3.7.1.tar.gz (284 kB)
Collecting coveralls==0.5
  Downloading coveralls-0.5.zip (18 kB)
Collecting mock==1.3.0
  Downloading mock-1.3.0-py2.py3-none-any.whl (56 kB)
Collecting docopt>=0.6.1
  Downloading docopt-0.6.2.tar.gz (25 kB)
Collecting pbr>=0.11
  Downloading pbr-5.5.1-py2.py3-none-any.whl (106 kB)
Collecting funcsigs; python_version < "3.3"
  Downloading funcsigs-1.0.2-py2.py3-none-any.whl (17 kB)
Building wheels for collected packages: Flask, Flask-Cache, Jinja2, MarkupSafe, PyYAML, Pygments, Werkzeug, argparse, astroid, docutils, git-pylint-commit-hook, itsdangerous, logilab-common, mimerender, pylint, python-dateutil, python-mimeparse, unittest2, webob, coverage, coveralls, docopt
  Building wheel for Flask (setup.py): started
  Building wheel for Flask (setup.py): finished with status 'done'
  Created wheel for Flask: filename=Flask-0.10.1-py2-none-any.whl size=115939 sha256=b6d7ccffdd90c30e2c0142f328cd6f5780d9248d9048030a08b1e0053f3de7fc
  Stored in directory: /home/travis/.cache/pip/wheels/98/b7/10/b97738f2470417b8d1ec57df42803b55fda8e7ce67b9d0aa74
  Building wheel for Flask-Cache (setup.py): started
  Building wheel for Flask-Cache (setup.py): finished with status 'done'
  Created wheel for Flask-Cache: filename=Flask_Cache-0.13.1-py2-none-any.whl size=12298 sha256=2324c2c7a7dde0f219e84ffd2b46cee0173fa5507620bc3d8d53a1769567fa78
  Stored in directory: /home/travis/.cache/pip/wheels/15/5d/01/165876743de18c1d5e112cdef00e5a0882534fabf68ace460f
  Building wheel for Jinja2 (setup.py): started
  Building wheel for Jinja2 (setup.py): finished with status 'done'
  Created wheel for Jinja2: filename=Jinja2-2.7.3-py2-none-any.whl size=297108 sha256=b5cd46458930b4a2a4f3216d8b1dff095ca4b2a4c3d43b03e71131c00485f3e8
  Stored in directory: /home/travis/.cache/pip/wheels/6d/ae/90/d6afd0548c2d9267027e737a792e83dd8d20f20caeea694054
  Building wheel for MarkupSafe (setup.py): started
  Building wheel for MarkupSafe (setup.py): finished with status 'done'
  Created wheel for MarkupSafe: filename=MarkupSafe-0.23-cp27-none-linux_x86_64.whl size=25655 sha256=6b182797520005d1c0f956effe9125a3678f40759fdfd449f43b395d6647d1e2
  Stored in directory: /home/travis/.cache/pip/wheels/0a/6b/fe/365b176df07f4c62e6a240f9cbc896c7b36d9faa439393a65a
  Building wheel for PyYAML (setup.py): started
  Building wheel for PyYAML (setup.py): finished with status 'done'
  Created wheel for PyYAML: filename=PyYAML-3.11-cp27-none-linux_x86_64.whl size=276282 sha256=c33b28a85043c599422d7a0e7d62322c9be69fc63570502c4acbc9d1033fb5fa
  Stored in directory: /home/travis/.cache/pip/wheels/49/4a/a0/82418a772ad2d883345e7b8d84b41eef459defb9d7cb8cf87f
  Building wheel for Pygments (setup.py): started
  Building wheel for Pygments (setup.py): finished with status 'done'
  Created wheel for Pygments: filename=Pygments-1.6-py2-none-any.whl size=627143 sha256=e93127837af03b348ce5f64eb2885ae7c62cd2c4b8f679467f802e7e244b7084
  Stored in directory: /home/travis/.cache/pip/wheels/53/91/82/192c57c0d98b35ad60c7e9d5c55653a84d40010ade7014e378
  Building wheel for Werkzeug (setup.py): started
  Building wheel for Werkzeug (setup.py): finished with status 'done'
  Created wheel for Werkzeug: filename=Werkzeug-0.9.6-py2-none-any.whl size=374288 sha256=6e5f54746fc3962dad7a0a03ae93e0b9d4e708b5f3655d549310e4b271c774fd
  Stored in directory: /home/travis/.cache/pip/wheels/58/8b/a4/357605ee018811c09bf12e815ff841ccfe5b5269601c7f05f9
  Building wheel for argparse (setup.py): started
  Building wheel for argparse (setup.py): finished with status 'done'
  Created wheel for argparse: filename=argparse-1.2.1-py2-none-any.whl size=22382 sha256=55f11bfb8777a26cdf770cd670022d0ef0999cfcb3b5b67cbbe09da7756eef4f
  Stored in directory: /home/travis/.cache/pip/wheels/9f/79/7e/e3f33e05010185975b7ade632c68bad70fcf71d1ff1adc1a02
  Building wheel for astroid (setup.py): started
  Building wheel for astroid (setup.py): finished with status 'done'
  Created wheel for astroid: filename=astroid-1.1.1-py2-none-any.whl size=125586 sha256=131456a3e3492e3431619d063455cdded0a30588e42439de63cae4dc7b8418a8
  Stored in directory: /home/travis/.cache/pip/wheels/2d/a9/0e/2280dcbf870a7e3a79b58bf3201955dd9eac89572954b7fb24
  Building wheel for docutils (setup.py): started
  Building wheel for docutils (setup.py): finished with status 'done'
  Created wheel for docutils: filename=docutils-0.11-py2-none-any.whl size=509144 sha256=8078ed7d1e46ccab57bb254f1ee89d227bd3879a2c10fb12da5f65e593bfb0b9
  Stored in directory: /home/travis/.cache/pip/wheels/e9/15/18/e3f3728aa556c5313c446b1229431513274adc02726502f134
  Building wheel for git-pylint-commit-hook (setup.py): started
  Building wheel for git-pylint-commit-hook (setup.py): finished with status 'done'
  Created wheel for git-pylint-commit-hook: filename=git_pylint_commit_hook-2.0.5-py2-none-any.whl size=8064 sha256=ea2abf0284b06a6c3bd462c3008cbc7de7f832f78b46e789b7e7d899ed85a3ff
  Stored in directory: /home/travis/.cache/pip/wheels/03/ef/cc/682575809cea5a57528a93adc05c1b2a20345c1bd3ab366833
  Building wheel for itsdangerous (setup.py): started
  Building wheel for itsdangerous (setup.py): finished with status 'done'
  Created wheel for itsdangerous: filename=itsdangerous-0.24-py2-none-any.whl size=10432 sha256=4853f1754f8a28c7680a172e99d251de62599150e4cd96a4f02bbb94fd0885e1
  Stored in directory: /home/travis/.cache/pip/wheels/a1/51/f9/d3a5c89c941efb961e535b45c6d2cd2402c68972061f7d5847
  Building wheel for logilab-common (setup.py): started
  Building wheel for logilab-common (setup.py): finished with status 'done'
  Created wheel for logilab-common: filename=logilab_common-0.61.0-py2-none-any.whl size=239705 sha256=f3c6aef941a9fd7d4cc8e4d9c61ca854785483dc4afb95773a50949f4c17ffc1
  Stored in directory: /home/travis/.cache/pip/wheels/1f/d8/1d/a303d3f4b70205e39a086f0665cd3775ce3bdfb857d764ec3c
  Building wheel for mimerender (setup.py): started
  Building wheel for mimerender (setup.py): finished with status 'done'
  Created wheel for mimerender: filename=mimerender-0.5.4-py2-none-any.whl size=7994 sha256=99ed4559a6aa7ecbb8dfdcc14424d8a81b3741b3e66c159903dde0ab1f036a85
  Stored in directory: /home/travis/.cache/pip/wheels/7b/3b/d4/bc0712e00adc5111964dd33e9d0bfe67838d3393dfc10eb34b
  Building wheel for pylint (setup.py): started
  Building wheel for pylint (setup.py): finished with status 'done'
  Created wheel for pylint: filename=pylint-1.2.1-py2-none-any.whl size=353331 sha256=67b0e6afbefb5b1c99189fde07d3fabd2dfdb616f364bcb86fef8f17bd0b020f
  Stored in directory: /home/travis/.cache/pip/wheels/ae/fa/fc/112e0116a7c8bc9fbc0c63baf6bec91ad88c3a032cff1db940
  Building wheel for python-dateutil (setup.py): started
  Building wheel for python-dateutil (setup.py): finished with status 'done'
  Created wheel for python-dateutil: filename=python_dateutil-2.2-py2-none-any.whl size=226626 sha256=6fbf5fed2ae02703b18514077c4406deea2a4ff5893124ceb6cbade1bc7ea3b5
  Stored in directory: /home/travis/.cache/pip/wheels/37/b3/fb/975fea96327b4fc1110effeba16b5377816217170576398dea
  Building wheel for python-mimeparse (setup.py): started
  Building wheel for python-mimeparse (setup.py): finished with status 'done'
  Created wheel for python-mimeparse: filename=python_mimeparse-0.1.4-py2-none-any.whl size=5303 sha256=92280d82bfc6c9bb66a1150ddefc23966a0f9f5d4584d9b9947243d2df991694
  Stored in directory: /home/travis/.cache/pip/wheels/29/cb/26/3b2fc33e1150179dba003056b939dd75fdfdf2fcc5dae19db9
  Building wheel for unittest2 (setup.py): started
  Building wheel for unittest2 (setup.py): finished with status 'done'
  Created wheel for unittest2: filename=unittest2-0.5.1-py2-none-any.whl size=73111 sha256=9701847edeeaa7528e573c25f774ccf3b25e523fbc84d78c23145247eba611cf
  Stored in directory: /home/travis/.cache/pip/wheels/6c/b0/47/3587ffb15ba6b0a03e0a67bea79394cb74c7e56bcbee3ae68b
  Building wheel for webob (setup.py): started
  Building wheel for webob (setup.py): finished with status 'done'
  Created wheel for webob: filename=WebOb-1.1.1-py2-none-any.whl size=60839 sha256=96ed3057cea38974b244f8b4a1a8431a14aba759e9071c848be54fd602c6a7a6
  Stored in directory: /home/travis/.cache/pip/wheels/45/30/ac/5aa05ddce3079ad9b023d32d310f9fc0ca246a36c66656d782
  Building wheel for coverage (setup.py): started
  Building wheel for coverage (setup.py): finished with status 'done'
  Created wheel for coverage: filename=coverage-3.7.1-cp27-none-linux_x86_64.whl size=124053 sha256=a8d8615ad7b39a97b79e0d7cdfb6e95148d9000318a128e032d131ec52602b16
  Stored in directory: /home/travis/.cache/pip/wheels/a0/7c/11/ea29ce2c4f2d0c8e4d0f5f09ca6a333da532ae1e4641f29d04
  Building wheel for coveralls (setup.py): started
  Building wheel for coveralls (setup.py): finished with status 'done'
  Created wheel for coveralls: filename=coveralls-0.5-py2.py3-none-any.whl size=14230 sha256=4a1d3d28a2b87c59debdf1f66c4faf97b4f1365a41254093da27174f748c8f52
  Stored in directory: /home/travis/.cache/pip/wheels/f4/0d/ec/4ac45bf6e3b08c3ffca35b114c23424fe95bb78334c216c190
  Building wheel for docopt (setup.py): started
  Building wheel for docopt (setup.py): finished with status 'done'
  Created wheel for docopt: filename=docopt-0.6.2-py2.py3-none-any.whl size=19851 sha256=6bacd0112196e9287d4e4c92fc7dda9e072760b0ec65e2030f2da054c40a02c8
  Stored in directory: /home/travis/.cache/pip/wheels/1c/d7/2d/aefbee2bf20e0ed968d4ab943e03451db0f14c52b5f624fc7e
Successfully built Flask Flask-Cache Jinja2 MarkupSafe PyYAML Pygments Werkzeug argparse astroid docutils git-pylint-commit-hook itsdangerous logilab-common mimerender pylint python-dateutil python-mimeparse unittest2 webob coverage coveralls docopt
Installing collected packages: Werkzeug, MarkupSafe, Jinja2, itsdangerous, Flask, Flask-Cache, PyYAML, Pygments, docutils, Sphinx, argparse, logilab-common, astroid, pylint, git-pylint-commit-hook, linkenv, python-mimeparse, mimerender, six, python-dateutil, requests, sphinxcontrib-httpdomain, unittest2, ddt, webargs, webob, pytz, coverage, docopt, coveralls, pbr, funcsigs, mock
  Running setup.py develop for linkenv
  Attempting uninstall: mock
    Found existing installation: mock 1.0.1
    Uninstalling mock-1.0.1:
      Successfully uninstalled mock-1.0.1
ERROR: pip's legacy dependency resolver does not consider dependency conflicts when selecting packages. This behaviour is the source of the following dependency conflicts.
mock 1.3.0 requires six>=1.7, but you'll have six 1.6.1 which is incompatible.
Successfully installed Flask-0.10.1 Flask-Cache-0.13.1 Jinja2-2.7.3 MarkupSafe-0.23 PyYAML-3.11 Pygments-1.6 Sphinx-1.2.2 Werkzeug-0.9.6 argparse-1.2.1 astroid-1.1.1 coverage-3.7.1 coveralls-0.5 ddt-0.8.0 docopt-0.6.2 docutils-0.11 funcsigs-1.0.2 git-pylint-commit-hook-2.0.5 itsdangerous-0.24 linkenv logilab-common-0.61.0 mimerender-0.5.4 mock-1.3.0 pbr-5.5.1 pylint-1.2.1 python-dateutil-2.2 python-mimeparse-0.1.4 pytz-2014.10 requests-2.3.0 six-1.6.1 sphinxcontrib-httpdomain-1.2.1 unittest2-0.5.1 webargs-0.5.0 webob-1.1.1

travis_time:end:23a99000:start=1609199469219388542,finish=1609199495051822342,duration=25832433800[0Ktravis_fold:end:install.2[0Ktravis_fold:start:before_script.1[0Ktravis_time:start:01db6d88[0K$ wget https://storage.googleapis.com/appengine-sdks/featured/google_appengine_$GAE_VERSION.zip -o gae_sdk.zip

travis_time:end:01db6d88:start=1609199495064090017,finish=1609199495966391423,duration=902301406[0Ktravis_fold:end:before_script.1[0Ktravis_fold:start:before_script.2[0Ktravis_time:start:047ef088[0K$ unzip -q google_appengine_$GAE_VERSION.zip

travis_time:end:047ef088:start=1609199495979077992,finish=1609199498339982137,duration=2360904145[0Ktravis_fold:end:before_script.2[0Ktravis_fold:start:before_script.3[0Ktravis_time:start:1779aca0[0K$ mv google_appengine gae_sdk

travis_time:end:1779aca0:start=1609199498352000711,finish=1609199498364269531,duration=12268820[0Ktravis_fold:end:before_script.3[0Ktravis_fold:start:before_script.4[0Ktravis_time:start:192648a5[0K$ export GAE_SDK=$PWD/gae_sdk

travis_time:end:192648a5:start=1609199498376137527,finish=1609199498385719807,duration=9582280[0Ktravis_fold:end:before_script.4[0Ktravis_fold:start:before_script.5[0Ktravis_time:start:271b5e0a[0K$ export PATH=$PATH:$GAE_SDK

travis_time:end:271b5e0a:start=1609199498397501886,finish=1609199498406311400,duration=8809514[0Ktravis_fold:end:before_script.5[0Ktravis_fold:start:before_script.6[0Ktravis_time:start:39fd2007[0K$ export PYTHONPATH=$PYTHONPATH:$GAE_SDK

travis_time:end:39fd2007:start=1609199498417061845,finish=1609199498424941493,duration=7879648[0Ktravis_fold:end:before_script.6[0Ktravis_fold:start:before_script.7[0Ktravis_time:start:01731040[0K$ python server/app/generate_keys.py

travis_time:end:01731040:start=1609199498435818460,finish=1609199498522246350,duration=86427890[0Ktravis_fold:end:before_script.7[0Ktravis_time:start:07d9e9aa[0K$ FLASK_CONF=TEST coverage run $CMD --sdk_location $GAE_SDK --quiet
..........................................................................................
----------------------------------------------------------------------
Ran 90 tests in 0.560s

OK
...............................................................................................................................................................
----------------------------------------------------------------------
Ran 159 tests in 20.217s

OK
.....EE.....................................................................................................................................................................................................................................................................................
======================================================================
ERROR: test_assign (test_api_assignment.AssignmentAPITest)
Tests that assign functions without dying
----------------------------------------------------------------------
Traceback (most recent call last):
  File "/home/travis/build/failed/Cal-CS-61A-Staff/ok/server/tests/integration/test_api_assignment.py", line 116, in test_assign
    self.API().assign(self.accounts['dummy_admin'], self.accounts['dummy_admin'], {})
AttributeError: 'AssignmentAPI' object has no attribute 'assign'

======================================================================
ERROR: test_assign_check (test_api_assignment.AssignmentAPITest)
Tests that assign checks for permissions
----------------------------------------------------------------------
Traceback (most recent call last):
  File "/home/travis/build/failed/Cal-CS-61A-Staff/ok/server/tests/integration/test_api_assignment.py", line 121, in test_assign_check
    self.API().assign(self.accounts['dummy_student3'], self.accounts['dummy_student2'], {})
AttributeError: 'AssignmentAPI' object has no attribute 'assign'

----------------------------------------------------------------------
Ran 284 tests in 15.669s

FAILED (errors=2)
============================================================
Doing regression testing
============================================================
============================================================
Doing permissions testing
============================================================
============================================================
Doing integration testing
============================================================
SOME TESTS FAILED

travis_time:end:07d9e9aa:start=1609199498533010194,finish=1609199540197912161,duration=41664901967[0K
[31;1mThe command "FLASK_CONF=TEST coverage run $CMD --sdk_location $GAE_SDK --quiet" exited with 1.[0m
travis_fold:start:cache.2[0Kstore build cache
travis_time:start:31932288[0K
travis_time:end:31932288:start=1609199540209745985,finish=1609199540219566624,duration=9820639[0Ktravis_time:start:0555cff3[0K/home/travis/.casher/bin/casher:190: warning: Insecure world writable dir /home/travis/build/failed/Cal-CS-61A-Staff/ok/. in PATH, mode 040777
[32;1mchanges detected, packing new archive[0m
/home/travis/.casher/bin/casher:213:in `cache_archive_name': undefined method `[]' for nil:NilClass (NoMethodError)
	from /home/travis/.casher/bin/casher:143:in `push'
	from /home/travis/.casher/bin/casher:53:in `block in run'
	from /home/travis/.rvm/rubies/ruby-1.9.3-p551/lib/ruby/1.9.1/timeout.rb:69:in `timeout'
	from /home/travis/.casher/bin/casher:53:in `run'
	from /home/travis/.casher/bin/casher:263:in `<main>'

travis_time:end:0555cff3:start=1609199540231284645,finish=1609199545055079432,duration=4823794787[0Ktravis_fold:end:cache.2[0K
Done. Your build exited with 1.
