travis_fold:start:system_info[0K[33;1mBuild system information[0m
Build language: java
Build id: ''
Job id: ''
[34m[1mBuild image provisioning date and time[0m
Thu Feb  5 15:09:33 UTC 2015
[34m[1mOperating System Details[0m
Distributor ID:	Ubuntu
Description:	Ubuntu 12.04.5 LTS
Release:	12.04
Codename:	precise
[34m[1mLinux Version[0m
3.13.0-29-generic
[34m[1mCookbooks Version[0m
a68419e https://github.com/travis-ci/travis-cookbooks/tree/a68419e
[34m[1mGCC version[0m
gcc (Ubuntu/Linaro 4.6.3-1ubuntu5) 4.6.3
Copyright (C) 2011 Free Software Foundation, Inc.
This is free software; see the source for copying conditions.  There is NO
warranty; not even for MERCHANTABILITY or FITNESS FOR A PARTICULAR PURPOSE.

[34m[1mLLVM version[0m
clang version 3.4 (tags/RELEASE_34/final)
Target: x86_64-unknown-linux-gnu
Thread model: posix
[34m[1mPre-installed Ruby versions[0m
ruby-1.9.3-p551
[34m[1mPre-installed Node.js versions[0m
v0.10.36
[34m[1mPre-installed Go versions[0m
1.4.1
[34m[1mRedis version[0m
redis-server 2.8.19
[34m[1mriak version[0m
2.0.2
[34m[1mMongoDB version[0m
MongoDB 2.4.12
[34m[1mCouchDB version[0m
couchdb 1.6.1
[34m[1mNeo4j version[0m
1.9.4
[34m[1mRabbitMQ Version[0m
3.4.3
[34m[1mElasticSearch version[0m
1.4.0
[34m[1mInstalled Sphinx versions[0m
2.0.10
2.1.9
2.2.6
[34m[1mDefault Sphinx version[0m
2.2.6
[34m[1mInstalled Firefox version[0m
firefox 31.0esr
[34m[1mPhantomJS version[0m
1.9.8
[34m[1mant -version[0m
Apache Ant(TM) version 1.8.2 compiled on December 3 2011
[34m[1mmvn -version[0m
Apache Maven 3.2.5 (12a6b3acb947671f09b81f49094c53f426d8cea1; 2014-12-14T17:29:23+00:00)
Maven home: /usr/local/maven
Java version: 1.7.0_76, vendor: Oracle Corporation
Java home: /usr/lib/jvm/java-7-oracle/jre
Default locale: en_US, platform encoding: ANSI_X3.4-1968
OS name: "linux", version: "3.13.0-29-generic", arch: "amd64", family: "unix"
travis_fold:end:system_info[0K
W: GPG error: http://apt.postgresql.org precise-pgdg Release: The following signatures were invalid: KEYEXPIRED 1562078959
W: Failed to fetch http://ppa.launchpad.net/travis-ci/zero-mq/ubuntu/dists/precise/main/binary-amd64/Packages  403  Forbidden

W: Failed to fetch http://ppa.launchpad.net/travis-ci/zero-mq/ubuntu/dists/precise/main/binary-i386/Packages  403  Forbidden

W: Failed to fetch http://downloads-distro.mongodb.org/repo/debian-sysvinit/dists/dist/10gen/binary-amd64/Packages  Undetermined Error [IP: 52.21.89.200 80]

W: Failed to fetch http://downloads-distro.mongodb.org/repo/debian-sysvinit/dists/dist/10gen/binary-i386/Packages  Undetermined Error [IP: 52.21.89.200 80]

E: Some index files failed to download. They have been ignored, or old ones used instead.
sed: cannot rename /etc/hosts: Device or resource busy
sed: cannot rename /etc/hosts: Device or resource busy
$ jdk_switcher use oraclejdk8
Switching to Oracle JDK8 (java-8-oracle), JAVA_HOME will be set to /usr/lib/jvm/java-8-oracle
$ cd failed/crate/crate-jdbc

[33;1mSetting environment variables from .travis.yml[0m
$ export _JAVA_OPTIONS="-Xmx1g -XX:MaxPermSize=256m"

$ export TERM=dumb
travis_fold:start:cache.1[0KSetting up build cache
$ export CASHER_DIR=$HOME/.casher
travis_time:start:0616d502[0K$ Installing caching utilities

travis_time:end:0616d502:start=1609302968130505009,finish=1609302968337923696,duration=207418687[0Ktravis_time:start:140d7f02[0K
travis_time:end:140d7f02:start=1609302968351481352,finish=1609302968361823303,duration=10341951[0Ktravis_time:start:06f69f84[0K/home/travis/.casher/bin/casher:213:in `cache_archive_name': undefined method `[]' for nil:NilClass (NoMethodError)
	from /home/travis/.casher/bin/casher:65:in `block in fetch'
	from /home/travis/.casher/bin/casher:64:in `each'
	from /home/travis/.casher/bin/casher:64:in `fetch'
	from /home/travis/.casher/bin/casher:53:in `block in run'
	from /home/travis/.rvm/rubies/ruby-1.9.3-p551/lib/ruby/1.9.1/timeout.rb:69:in `timeout'
	from /home/travis/.casher/bin/casher:53:in `run'
	from /home/travis/.casher/bin/casher:263:in `<main>'
[32;1mattempting to download cache archive[0m

travis_time:end:06f69f84:start=1609302968373030655,finish=1609302969184368873,duration=811338218[0Ktravis_time:start:11a8fab4[0K
travis_time:end:11a8fab4:start=1609302969194954781,finish=1609302969203144646,duration=8189865[0Ktravis_time:start:04934711[0K[32;1madding /home/travis/.m2 to cache[0m

travis_time:end:04934711:start=1609302969212193643,finish=1609302969994598452,duration=782404809[0Ktravis_fold:end:cache.1[0K$ java -Xmx32m -version
Picked up _JAVA_OPTIONS: -Xmx1g -XX:MaxPermSize=256m
Java HotSpot(TM) 64-Bit Server VM warning: ignoring option MaxPermSize=256m; support was removed in 8.0
java version "1.8.0_31"
Java(TM) SE Runtime Environment (build 1.8.0_31-b13)
Java HotSpot(TM) 64-Bit Server VM (build 25.31-b07, mixed mode)
$ javac -J-Xmx32m -version
Picked up _JAVA_OPTIONS: -Xmx1g -XX:MaxPermSize=256m
Java HotSpot(TM) 64-Bit Server VM warning: ignoring option MaxPermSize=256m; support was removed in 8.0
javac 1.8.0_31
travis_fold:start:install[0Ktravis_time:start:0ead6359[0K$ ./gradlew assemble
Picked up _JAVA_OPTIONS: -Xmx1g -XX:MaxPermSize=256m
Java HotSpot(TM) 64-Bit Server VM warning: ignoring option MaxPermSize=256m; support was removed in 8.0
Downloading https://services.gradle.org/distributions/gradle-2.2.1-bin.zip
..................................................................................................................................................................................................................................................................................................................................................................................................................................................................................................................................................................................................................................................................................................................................................................................................................................................................................................................................................................................................................................................................................................................................................................................................................................................................................................................................................................................................................................................................................................................................................................................................................................................................................................................................................................................................................................................................................................................................................................................................................................................................................................................................................................
Unzipping /home/travis/.gradle/wrapper/dists/gradle-2.2.1-bin/3rn023ng4778ktj66tonmgpbv/gradle-2.2.1-bin.zip to /home/travis/.gradle/wrapper/dists/gradle-2.2.1-bin/3rn023ng4778ktj66tonmgpbv
Set executable permissions for: /home/travis/.gradle/wrapper/dists/gradle-2.2.1-bin/3rn023ng4778ktj66tonmgpbv/gradle-2.2.1/bin/gradle
Download https://jcenter.bintray.com/io/crate/crate-client/0.49.2/crate-client-0.49.2.pom
Download https://jcenter.bintray.com/io/crate/crate-client/0.49.2/crate-client-0.49.2.jar
:compileJavaNote: Some input files use or override a deprecated API.
Note: Recompile with -Xlint:deprecation for details.
Note: Some input files use unchecked or unsafe operations.
Note: Recompile with -Xlint:unchecked for details.

:processResources UP-TO-DATE
:classes
:getVersionPicked up _JAVA_OPTIONS: -Xmx1g -XX:MaxPermSize=256m
Java HotSpot(TM) 64-Bit Server VM warning: ignoring option MaxPermSize=256m; support was removed in 8.0

gitTag: 2.4.0-2-g479af42
version: 1.6.0-479af42
:jar
:jarStandalone
:myJavadocsPicked up _JAVA_OPTIONS: -Xmx1g -XX:MaxPermSize=256m
Java HotSpot(TM) 64-Bit Server VM warning: ignoring option MaxPermSize=256m; support was removed in 8.0
/home/travis/build/failed/crate/crate-jdbc/src/main/java/io/crate/client/jdbc/CrateConnection.java:137: warning: no description for @throws
     * @throws SQLException
       ^
/home/travis/build/failed/crate/crate-jdbc/src/main/java/io/crate/client/jdbc/CrateDriverVersion.java:61: warning: no @return
    public String number() {
                  ^

2 warnings
:javadocJar
:javadocJarStandalone
:sourceJar
:sourceJarStandalone
:assemble

BUILD SUCCESSFUL

Total time: 40.622 secs

travis_time:end:0ead6359:start=1609302970275088627,finish=1609303011390581054,duration=41115492427[0Ktravis_fold:end:install[0Ktravis_time:start:0dee4456[0K$ ./gradlew test -s
Picked up _JAVA_OPTIONS: -Xmx1g -XX:MaxPermSize=256m
Java HotSpot(TM) 64-Bit Server VM warning: ignoring option MaxPermSize=256m; support was removed in 8.0
:compileJava UP-TO-DATE
:processResources UP-TO-DATE
:classes UP-TO-DATE
:downloadCrateRelease
:compileTestJava
Download https://repo1.maven.org/maven2/org/hamcrest/hamcrest-all/1.3/hamcrest-all-1.3.pom
Download https://repo1.maven.org/maven2/org/hamcrest/hamcrest-parent/1.3/hamcrest-parent-1.3.pom
Download https://repo1.maven.org/maven2/junit/junit/4.11/junit-4.11.pom
Download https://repo1.maven.org/maven2/com/carrotsearch/randomizedtesting/randomizedtesting-runner/2.1.11/randomizedtesting-runner-2.1.11.pom
Download https://repo1.maven.org/maven2/com/carrotsearch/randomizedtesting/randomizedtesting-parent/2.1.11/randomizedtesting-parent-2.1.11.pom
Download https://repo1.maven.org/maven2/org/sonatype/oss/oss-parent/9/oss-parent-9.pom
Download https://repo1.maven.org/maven2/org/mockito/mockito-core/1.10.8/mockito-core-1.10.8.pom
Download https://repo1.maven.org/maven2/org/hamcrest/hamcrest-core/1.3/hamcrest-core-1.3.pom
Download https://repo1.maven.org/maven2/org/objenesis/objenesis/2.1/objenesis-2.1.pom
Download https://repo1.maven.org/maven2/org/objenesis/objenesis-parent/2.1/objenesis-parent-2.1.pom
Download https://repo1.maven.org/maven2/org/hamcrest/hamcrest-all/1.3/hamcrest-all-1.3.jar
Download https://repo1.maven.org/maven2/junit/junit/4.11/junit-4.11.jar
Download https://repo1.maven.org/maven2/com/carrotsearch/randomizedtesting/randomizedtesting-runner/2.1.11/randomizedtesting-runner-2.1.11.jar
Download https://repo1.maven.org/maven2/org/mockito/mockito-core/1.10.8/mockito-core-1.10.8.jar
Download https://repo1.maven.org/maven2/org/hamcrest/hamcrest-core/1.3/hamcrest-core-1.3.jar
Download https://repo1.maven.org/maven2/org/objenesis/objenesis/2.1/objenesis-2.1.jar
:processTestResources UP-TO-DATE
:testClasses
:testPicked up _JAVA_OPTIONS: -Xmx1g -XX:MaxPermSize=256m
Java HotSpot(TM) 64-Bit Server VM warning: ignoring option MaxPermSize=256m; support was removed in 8.0


io.crate.client.jdbc.integrationtests.CrateDriverTest STANDARD_OUT
    Starting crate server process...

io.crate.client.jdbc.integrationtests.CrateDriverTest STANDARD_ERROR
    log4j:WARN No appenders could be found for logger (io.crate.shade.org.elasticsearch.common.compress.lzf).
    log4j:WARN Please initialize the log4j system properly.
    log4j:WARN See http://logging.apache.org/log4j/1.2/faq.html#noconfig for more info.

io.crate.client.jdbc.integrationtests.CrateDriverTest STANDARD_OUT
    Picked up _JAVA_OPTIONS: -Xmx1g -XX:MaxPermSize=256m
    Java HotSpot(TM) 64-Bit Server VM warning: ignoring option MaxPermSize=256m; support was removed in 8.0
    [2020-12-30 04:37:23,787][INFO ][node                     ] [Feron] version[1.4.4], pid[1536], build[${build/NA]
    [2020-12-30 04:37:23,787][INFO ][node                     ] [Feron] initializing ...
    [2020-12-30 04:37:23,884][INFO ][io.crate.plugin          ] [Feron] plugins loaded: [] 
    [2020-12-30 04:37:23,885][INFO ][plugins                  ] [Feron] loaded [crate-core], sites [crate-admin]
    [2020-12-30 04:37:23,909][INFO ][io.crate.plugin          ] [Feron] plugins loaded: [] 
    [2020-12-30 04:37:24,180][INFO ][io.crate.module          ] [Feron] configuring crate. version: 0.49.2
    [2020-12-30 04:37:27,194][INFO ][io.crate.rest            ] [Feron] Elasticsearch HTTP REST API not enabled
    [2020-12-30 04:37:27,266][INFO ][node                     ] [Feron] initialized
    [2020-12-30 04:37:27,267][INFO ][node                     ] [Feron] starting ...
    [2020-12-30 04:37:27,268][INFO ][io.crate.blob.BlobService] [Feron] BlobService.doStart() io.crate.blob.BlobService@74a820bf
    [2020-12-30 04:37:27,381][INFO ][http                     ] [Feron] bound_address {inet[/127.0.0.1:45605]}, publish_address {inet[/127.0.0.1:45605]}
    [2020-12-30 04:37:27,490][INFO ][transport                ] [Feron] bound_address {inet[/127.0.0.1:38985]}, publish_address {inet[/127.0.0.1:38985]}
    [2020-12-30 04:37:27,504][INFO ][discovery                ] [Feron] driver/cBSJL_blSSeXde2OVHcBzg
    [2020-12-30 04:37:30,553][INFO ][cluster.service          ] [Feron] new_master [Feron][cBSJL_blSSeXde2OVHcBzg][527afdb981b7][inet[/127.0.0.1:38985]]{http_address=http://127.0.0.1:45605}, reason: zen-disco-join (elected_as_master)

io.crate.client.jdbc.integrationtests.CrateDriverTest > testDriverRegistration STANDARD_OUT
    [2020-12-30 04:37:30,566][INFO ][node                     ] [Feron] started
    [2020-12-30 04:37:30,614][INFO ][gateway                  ] [Feron] recovered [0] indices into cluster_state

io.crate.client.jdbc.integrationtests.CrateDriverTest STANDARD_OUT
    Stopping crate server process...

io.crate.client.jdbc.integrationtests.CrateJDBCIntegrationTest STANDARD_OUT
    Starting crate server process...
    Picked up _JAVA_OPTIONS: -Xmx1g -XX:MaxPermSize=256m
    Java HotSpot(TM) 64-Bit Server VM warning: ignoring option MaxPermSize=256m; support was removed in 8.0
    [2020-12-30 04:37:31,545][INFO ][node                     ] [Astron] version[1.4.4], pid[2217], build[${build/NA]
    [2020-12-30 04:37:31,545][INFO ][node                     ] [Astron] initializing ...
    [2020-12-30 04:37:31,643][INFO ][io.crate.plugin          ] [Astron] plugins loaded: [] 
    [2020-12-30 04:37:31,645][INFO ][plugins                  ] [Astron] loaded [crate-core], sites [crate-admin]
    [2020-12-30 04:37:31,667][INFO ][io.crate.plugin          ] [Astron] plugins loaded: [] 
    [2020-12-30 04:37:31,931][INFO ][io.crate.module          ] [Astron] configuring crate. version: 0.49.2
    [2020-12-30 04:37:34,767][INFO ][io.crate.rest            ] [Astron] Elasticsearch HTTP REST API not enabled
    [2020-12-30 04:37:34,846][INFO ][node                     ] [Astron] initialized
    [2020-12-30 04:37:34,846][INFO ][node                     ] [Astron] starting ...
    [2020-12-30 04:37:34,848][INFO ][io.crate.blob.BlobService] [Astron] BlobService.doStart() io.crate.blob.BlobService@74a820bf
    [2020-12-30 04:37:34,935][INFO ][http                     ] [Astron] bound_address {inet[/127.0.0.1:40697]}, publish_address {inet[/127.0.0.1:40697]}
    [2020-12-30 04:37:35,025][INFO ][transport                ] [Astron] bound_address {inet[/127.0.0.1:35809]}, publish_address {inet[/127.0.0.1:35809]}
    [2020-12-30 04:37:35,041][INFO ][discovery                ] [Astron] jdbc/t4iPg1bbTaqFPHsUyrQbUg
    [2020-12-30 04:37:38,088][INFO ][cluster.service          ] [Astron] new_master [Astron][t4iPg1bbTaqFPHsUyrQbUg][527afdb981b7][inet[/127.0.0.1:35809]]{http_address=http://127.0.0.1:40697}, reason: zen-disco-join (elected_as_master)
    [2020-12-30 04:37:38,101][INFO ][node                     ] [Astron] started
    [2020-12-30 04:37:38,146][INFO ][gateway                  ] [Astron] recovered [0] indices into cluster_state

io.crate.client.jdbc.integrationtests.CrateJDBCIntegrationTest > testException STANDARD_OUT
    [2020-12-30 04:37:38,797][INFO ][cluster.metadata         ] [Astron] [test] creating index, cause [api], shards [1]/[0], mappings [default]
    [2020-12-30 04:37:39,116][INFO ][cluster.metadata         ] [Astron] [test] update_mapping [default] (dynamic)

io.crate.client.jdbc.integrationtests.CrateJDBCIntegrationTest > testGetSchemas STANDARD_OUT
    [2020-12-30 04:37:39,326][INFO ][cluster.metadata         ] [Astron] [test] deleting index
    [2020-12-30 04:37:39,404][INFO ][cluster.metadata         ] [Astron] [test] creating index, cause [api], shards [1]/[0], mappings [default]
    [2020-12-30 04:37:39,467][INFO ][cluster.metadata         ] [Astron] [test] update_mapping [default] (dynamic)

io.crate.client.jdbc.integrationtests.CrateJDBCIntegrationTest > testExecuteBatchPreparedStatementFailSyntax STANDARD_OUT
    [2020-12-30 04:37:39,616][INFO ][cluster.metadata         ] [Astron] [test] deleting index
    [2020-12-30 04:37:39,669][INFO ][cluster.metadata         ] [Astron] [test] creating index, cause [api], shards [1]/[0], mappings [default]
    [2020-12-30 04:37:39,718][INFO ][cluster.metadata         ] [Astron] [test] update_mapping [default] (dynamic)

io.crate.client.jdbc.integrationtests.CrateJDBCIntegrationTest > testSelectWhenNothingMatches STANDARD_OUT
    [2020-12-30 04:37:39,868][INFO ][cluster.metadata         ] [Astron] [test] deleting index
    [2020-12-30 04:37:39,918][INFO ][cluster.metadata         ] [Astron] [test] creating index, cause [api], shards [1]/[0], mappings [default]
    [2020-12-30 04:37:39,973][INFO ][cluster.metadata         ] [Astron] [test] update_mapping [default] (dynamic)

io.crate.client.jdbc.integrationtests.CrateJDBCIntegrationTest > testExecuteUpdateWhenNothingMatches STANDARD_OUT
    [2020-12-30 04:37:40,205][INFO ][cluster.metadata         ] [Astron] [test] deleting index
    [2020-12-30 04:37:40,260][INFO ][cluster.metadata         ] [Astron] [test] creating index, cause [api], shards [1]/[0], mappings [default]
    [2020-12-30 04:37:40,303][INFO ][cluster.metadata         ] [Astron] [test] update_mapping [default] (dynamic)

io.crate.client.jdbc.integrationtests.CrateJDBCIntegrationTest > testConnectionWithCustomSchema STANDARD_OUT
    [2020-12-30 04:37:40,423][INFO ][cluster.metadata         ] [Astron] [test] deleting index
    [2020-12-30 04:37:40,473][INFO ][cluster.metadata         ] [Astron] [test] creating index, cause [api], shards [1]/[0], mappings [default]
    [2020-12-30 04:37:40,518][INFO ][cluster.metadata         ] [Astron] [test] update_mapping [default] (dynamic)
    [2020-12-30 04:37:40,612][INFO ][cluster.metadata         ] [Astron] [foo.t] creating index, cause [api], shards [5]/[0], mappings [default]
    [2020-12-30 04:37:40,819][INFO ][cluster.metadata         ] [Astron] [bar.t] creating index, cause [api], shards [5]/[0], mappings [default]
    [2020-12-30 04:37:40,995][INFO ][cluster.metadata         ] [Astron] [test] deleting index
    [2020-12-30 04:37:41,014][INFO ][cluster.metadata         ] [Astron] [foo.t] deleting index
    [2020-12-30 04:37:41,060][INFO ][cluster.metadata         ] [Astron] [bar.t] deleting index

io.crate.client.jdbc.integrationtests.CrateJDBCIntegrationTest > testExcludeNestedColumns STANDARD_OUT
    [2020-12-30 04:37:41,144][INFO ][cluster.metadata         ] [Astron] [test] creating index, cause [api], shards [1]/[0], mappings [default]
    [2020-12-30 04:37:41,185][INFO ][cluster.metadata         ] [Astron] [test] update_mapping [default] (dynamic)
    [2020-12-30 04:37:41,277][INFO ][cluster.metadata         ] [Astron] [test] deleting index

io.crate.client.jdbc.integrationtests.CrateJDBCIntegrationTest > testExcludeNestedColumns FAILED
    java.lang.AssertionError at CrateJDBCIntegrationTest.java:224

io.crate.client.jdbc.integrationtests.CrateJDBCIntegrationTest > testExecuteBatchPreparedStatementFailOne STANDARD_OUT
    [2020-12-30 04:37:41,339][INFO ][cluster.metadata         ] [Astron] [test] creating index, cause [api], shards [1]/[0], mappings [default]
    [2020-12-30 04:37:41,371][INFO ][cluster.metadata         ] [Astron] [test] update_mapping [default] (dynamic)

io.crate.client.jdbc.integrationtests.CrateJDBCIntegrationTest > testExecuteBatchStatement STANDARD_OUT
    [2020-12-30 04:37:41,487][INFO ][cluster.metadata         ] [Astron] [test] deleting index
    [2020-12-30 04:37:41,533][INFO ][cluster.metadata         ] [Astron] [test] creating index, cause [api], shards [1]/[0], mappings [default]
    [2020-12-30 04:37:41,591][INFO ][cluster.metadata         ] [Astron] [test] update_mapping [default] (dynamic)
    [2020-12-30 04:37:41,706][INFO ][cluster.metadata         ] [Astron] [test] deleting index

io.crate.client.jdbc.integrationtests.CrateJDBCIntegrationTest > testTypesResponseNoResult STANDARD_OUT
    [2020-12-30 04:37:41,752][INFO ][cluster.metadata         ] [Astron] [test] creating index, cause [api], shards [1]/[0], mappings [default]
    [2020-12-30 04:37:41,807][INFO ][cluster.metadata         ] [Astron] [test] update_mapping [default] (dynamic)

io.crate.client.jdbc.integrationtests.CrateJDBCIntegrationTest > testSelectUsingPreparedStatement STANDARD_OUT
    [2020-12-30 04:37:41,881][INFO ][cluster.metadata         ] [Astron] [test] deleting index
    [2020-12-30 04:37:41,933][INFO ][cluster.metadata         ] [Astron] [test] creating index, cause [api], shards [1]/[0], mappings [default]
    [2020-12-30 04:37:41,971][INFO ][cluster.metadata         ] [Astron] [test] update_mapping [default] (dynamic)

io.crate.client.jdbc.integrationtests.CrateJDBCIntegrationTest > testSelectAllTypes STANDARD_OUT
    [2020-12-30 04:37:42,066][INFO ][cluster.metadata         ] [Astron] [test] deleting index
    [2020-12-30 04:37:42,116][INFO ][cluster.metadata         ] [Astron] [test] creating index, cause [api], shards [1]/[0], mappings [default]
    [2020-12-30 04:37:42,164][INFO ][cluster.metadata         ] [Astron] [test] update_mapping [default] (dynamic)
    [2020-12-30 04:37:42,301][INFO ][cluster.metadata         ] [Astron] [test] deleting index

io.crate.client.jdbc.integrationtests.CrateJDBCIntegrationTest > testExecuteBatchPreparedStatement STANDARD_OUT
    [2020-12-30 04:37:42,371][INFO ][cluster.metadata         ] [Astron] [test] creating index, cause [api], shards [1]/[0], mappings [default]
    [2020-12-30 04:37:42,416][INFO ][cluster.metadata         ] [Astron] [test] update_mapping [default] (dynamic)

io.crate.client.jdbc.integrationtests.CrateJDBCIntegrationTest > testExecuteBatchPreparedStatementFailBulkTypes STANDARD_OUT
    [2020-12-30 04:37:42,555][INFO ][cluster.metadata         ] [Astron] [test] deleting index
    [2020-12-30 04:37:42,605][INFO ][cluster.metadata         ] [Astron] [test] creating index, cause [api], shards [1]/[0], mappings [default]
    [2020-12-30 04:37:42,644][INFO ][cluster.metadata         ] [Astron] [test] update_mapping [default] (dynamic)

io.crate.client.jdbc.integrationtests.CrateJDBCIntegrationTest > testExecuteBatchStatementFail STANDARD_OUT
    [2020-12-30 04:37:42,741][INFO ][cluster.metadata         ] [Astron] [test] deleting index
    [2020-12-30 04:37:42,789][INFO ][cluster.metadata         ] [Astron] [test] creating index, cause [api], shards [1]/[0], mappings [default]
    [2020-12-30 04:37:42,821][INFO ][cluster.metadata         ] [Astron] [test] update_mapping [default] (dynamic)

io.crate.client.jdbc.integrationtests.CrateJDBCIntegrationTest STANDARD_OUT
    Stopping crate server process...

io.crate.client.jdbc.integrationtests.CrateJDBCMultiServerIntegrationTest STANDARD_OUT
    Starting crate server process...
    Picked up _JAVA_OPTIONS: -Xmx1g -XX:MaxPermSize=256m
    Java HotSpot(TM) 64-Bit Server VM warning: ignoring option MaxPermSize=256m; support was removed in 8.0
    [2020-12-30 04:37:43,809][INFO ][node                     ] [Doppleganger] version[1.4.4], pid[4012], build[${build/NA]
    [2020-12-30 04:37:43,810][INFO ][node                     ] [Doppleganger] initializing ...
    [2020-12-30 04:37:43,916][INFO ][io.crate.plugin          ] [Doppleganger] plugins loaded: [] 
    [2020-12-30 04:37:43,918][INFO ][plugins                  ] [Doppleganger] loaded [crate-core], sites [crate-admin]
    [2020-12-30 04:37:43,940][INFO ][io.crate.plugin          ] [Doppleganger] plugins loaded: [] 
    [2020-12-30 04:37:44,171][INFO ][io.crate.module          ] [Doppleganger] configuring crate. version: 0.49.2
    [2020-12-30 04:37:46,938][INFO ][io.crate.rest            ] [Doppleganger] Elasticsearch HTTP REST API not enabled
    [2020-12-30 04:37:47,011][INFO ][node                     ] [Doppleganger] initialized
    [2020-12-30 04:37:47,012][INFO ][node                     ] [Doppleganger] starting ...
    [2020-12-30 04:37:47,013][INFO ][io.crate.blob.BlobService] [Doppleganger] BlobService.doStart() io.crate.blob.BlobService@5a30722c
    [2020-12-30 04:37:47,101][INFO ][http                     ] [Doppleganger] bound_address {inet[/127.0.0.1:43847]}, publish_address {inet[/127.0.0.1:43847]}
    [2020-12-30 04:37:47,165][INFO ][transport                ] [Doppleganger] bound_address {inet[/127.0.0.1:43297]}, publish_address {inet[/127.0.0.1:43297]}
    [2020-12-30 04:37:47,178][INFO ][discovery                ] [Doppleganger] MultiServerJDBCTest/VPz2XZmZRgq3G_Akdfp6IQ
    [2020-12-30 04:37:50,244][INFO ][cluster.service          ] [Doppleganger] new_master [Doppleganger][VPz2XZmZRgq3G_Akdfp6IQ][527afdb981b7][inet[/127.0.0.1:43297]]{http_address=http://127.0.0.1:43847}, reason: zen-disco-join (elected_as_master)
    [2020-12-30 04:37:50,257][INFO ][node                     ] [Doppleganger] started
    [2020-12-30 04:37:50,300][INFO ][gateway                  ] [Doppleganger] recovered [0] indices into cluster_state
    Starting crate server process...
    Picked up _JAVA_OPTIONS: -Xmx1g -XX:MaxPermSize=256m
    Java HotSpot(TM) 64-Bit Server VM warning: ignoring option MaxPermSize=256m; support was removed in 8.0
    [2020-12-30 04:37:50,864][INFO ][node                     ] [Elaine Grey] version[1.4.4], pid[4359], build[${build/NA]
    [2020-12-30 04:37:50,864][INFO ][node                     ] [Elaine Grey] initializing ...
    [2020-12-30 04:37:50,973][INFO ][io.crate.plugin          ] [Elaine Grey] plugins loaded: [] 
    [2020-12-30 04:37:50,974][INFO ][plugins                  ] [Elaine Grey] loaded [crate-core], sites [crate-admin]
    [2020-12-30 04:37:50,998][INFO ][io.crate.plugin          ] [Elaine Grey] plugins loaded: [] 
    [2020-12-30 04:37:51,260][INFO ][io.crate.module          ] [Elaine Grey] configuring crate. version: 0.49.2
    [2020-12-30 04:37:53,835][INFO ][io.crate.rest            ] [Elaine Grey] Elasticsearch HTTP REST API not enabled
    [2020-12-30 04:37:53,907][INFO ][node                     ] [Elaine Grey] initialized
    [2020-12-30 04:37:53,908][INFO ][node                     ] [Elaine Grey] starting ...
    [2020-12-30 04:37:53,909][INFO ][io.crate.blob.BlobService] [Elaine Grey] BlobService.doStart() io.crate.blob.BlobService@5a30722c
    [2020-12-30 04:37:53,988][INFO ][http                     ] [Elaine Grey] bound_address {inet[/127.0.0.1:43045]}, publish_address {inet[/127.0.0.1:43045]}
    [2020-12-30 04:37:54,071][INFO ][transport                ] [Elaine Grey] bound_address {inet[/127.0.0.1:39645]}, publish_address {inet[/127.0.0.1:39645]}
    [2020-12-30 04:37:54,087][INFO ][discovery                ] [Elaine Grey] MultiServerJDBCTest/dqH0PRuGT8uYjLUcXJ2nBw
    [2020-12-30 04:37:57,189][INFO ][cluster.service          ] [Doppleganger] added {[Elaine Grey][dqH0PRuGT8uYjLUcXJ2nBw][527afdb981b7][inet[/127.0.0.1:39645]]{http_address=http://127.0.0.1:43045},}, reason: zen-disco-receive(join from node[[Elaine Grey][dqH0PRuGT8uYjLUcXJ2nBw][527afdb981b7][inet[/127.0.0.1:39645]]{http_address=http://127.0.0.1:43045}])

io.crate.client.jdbc.integrationtests.CrateJDBCMultiServerIntegrationTest > testConnectToMultipleNodes STANDARD_OUT
    [2020-12-30 04:37:57,212][INFO ][cluster.service          ] [Elaine Grey] detected_master [Doppleganger][VPz2XZmZRgq3G_Akdfp6IQ][527afdb981b7][inet[/127.0.0.1:43297]]{http_address=http://127.0.0.1:43847}, added {[Doppleganger][VPz2XZmZRgq3G_Akdfp6IQ][527afdb981b7][inet[/127.0.0.1:43297]]{http_address=http://127.0.0.1:43847},}, reason: zen-disco-receive(from master [[Doppleganger][VPz2XZmZRgq3G_Akdfp6IQ][527afdb981b7][inet[/127.0.0.1:43297]]{http_address=http://127.0.0.1:43847}])

io.crate.client.jdbc.integrationtests.CrateJDBCMultiServerIntegrationTest STANDARD_OUT
    Stopping crate server process...
    [2020-12-30 04:37:57,519][INFO ][cluster.service          ] [Doppleganger] removed {[Elaine Grey][dqH0PRuGT8uYjLUcXJ2nBw][527afdb981b7][inet[/127.0.0.1:39645]]{http_address=http://127.0.0.1:43045},}, reason: zen-disco-node_left([Elaine Grey][dqH0PRuGT8uYjLUcXJ2nBw][527afdb981b7][inet[/127.0.0.1:39645]]{http_address=http://127.0.0.1:43045})
    Stopping crate server process...

67 tests completed, 1 failed
:test FAILED

FAILURE: Build failed with an exception.

* What went wrong:
Execution failed for task ':test'.
> There were failing tests. See the report at: file:///home/travis/build/failed/crate/crate-jdbc/build/reports/tests/index.html

* Try:
Run with --info or --debug option to get more log output.

* Exception is:
org.gradle.api.tasks.TaskExecutionException: Execution failed for task ':test'.
	at org.gradle.api.internal.tasks.execution.ExecuteActionsTaskExecuter.executeActions(ExecuteActionsTaskExecuter.java:69)
	at org.gradle.api.internal.tasks.execution.ExecuteActionsTaskExecuter.execute(ExecuteActionsTaskExecuter.java:46)
	at org.gradle.api.internal.tasks.execution.PostExecutionAnalysisTaskExecuter.execute(PostExecutionAnalysisTaskExecuter.java:35)
	at org.gradle.api.internal.tasks.execution.SkipUpToDateTaskExecuter.execute(SkipUpToDateTaskExecuter.java:64)
	at org.gradle.api.internal.tasks.execution.ValidatingTaskExecuter.execute(ValidatingTaskExecuter.java:58)
	at org.gradle.api.internal.tasks.execution.SkipEmptySourceFilesTaskExecuter.execute(SkipEmptySourceFilesTaskExecuter.java:42)
	at org.gradle.api.internal.tasks.execution.SkipTaskWithNoActionsExecuter.execute(SkipTaskWithNoActionsExecuter.java:52)
	at org.gradle.api.internal.tasks.execution.SkipOnlyIfTaskExecuter.execute(SkipOnlyIfTaskExecuter.java:53)
	at org.gradle.api.internal.tasks.execution.ExecuteAtMostOnceTaskExecuter.execute(ExecuteAtMostOnceTaskExecuter.java:43)
	at org.gradle.api.internal.AbstractTask.executeWithoutThrowingTaskFailure(AbstractTask.java:305)
	at org.gradle.execution.taskgraph.AbstractTaskPlanExecutor$TaskExecutorWorker.executeTask(AbstractTaskPlanExecutor.java:79)
	at org.gradle.execution.taskgraph.AbstractTaskPlanExecutor$TaskExecutorWorker.processTask(AbstractTaskPlanExecutor.java:63)
	at org.gradle.execution.taskgraph.AbstractTaskPlanExecutor$TaskExecutorWorker.run(AbstractTaskPlanExecutor.java:51)
	at org.gradle.execution.taskgraph.DefaultTaskPlanExecutor.process(DefaultTaskPlanExecutor.java:23)
	at org.gradle.execution.taskgraph.DefaultTaskGraphExecuter.execute(DefaultTaskGraphExecuter.java:88)
	at org.gradle.execution.SelectedTaskExecutionAction.execute(SelectedTaskExecutionAction.java:29)
	at org.gradle.execution.DefaultBuildExecuter.execute(DefaultBuildExecuter.java:62)
	at org.gradle.execution.DefaultBuildExecuter.access$200(DefaultBuildExecuter.java:23)
	at org.gradle.execution.DefaultBuildExecuter$2.proceed(DefaultBuildExecuter.java:68)
	at org.gradle.execution.DryRunBuildExecutionAction.execute(DryRunBuildExecutionAction.java:32)
	at org.gradle.execution.DefaultBuildExecuter.execute(DefaultBuildExecuter.java:62)
	at org.gradle.execution.DefaultBuildExecuter.execute(DefaultBuildExecuter.java:55)
	at org.gradle.initialization.DefaultGradleLauncher.doBuildStages(DefaultGradleLauncher.java:149)
	at org.gradle.initialization.DefaultGradleLauncher.doBuild(DefaultGradleLauncher.java:106)
	at org.gradle.initialization.DefaultGradleLauncher.run(DefaultGradleLauncher.java:86)
	at org.gradle.launcher.exec.InProcessBuildActionExecuter$DefaultBuildController.run(InProcessBuildActionExecuter.java:80)
	at org.gradle.launcher.cli.ExecuteBuildAction.run(ExecuteBuildAction.java:33)
	at org.gradle.launcher.cli.ExecuteBuildAction.run(ExecuteBuildAction.java:24)
	at org.gradle.launcher.exec.InProcessBuildActionExecuter.execute(InProcessBuildActionExecuter.java:36)
	at org.gradle.launcher.exec.InProcessBuildActionExecuter.execute(InProcessBuildActionExecuter.java:26)
	at org.gradle.launcher.cli.RunBuildAction.run(RunBuildAction.java:51)
	at org.gradle.internal.Actions$RunnableActionAdapter.execute(Actions.java:171)
	at org.gradle.launcher.cli.CommandLineActionFactory$ParseAndBuildAction.execute(CommandLineActionFactory.java:237)
	at org.gradle.launcher.cli.CommandLineActionFactory$ParseAndBuildAction.execute(CommandLineActionFactory.java:210)
	at org.gradle.launcher.cli.JavaRuntimeValidationAction.execute(JavaRuntimeValidationAction.java:35)
	at org.gradle.launcher.cli.JavaRuntimeValidationAction.execute(JavaRuntimeValidationAction.java:24)
	at org.gradle.launcher.cli.CommandLineActionFactory$WithLogging.execute(CommandLineActionFactory.java:206)
	at org.gradle.launcher.cli.CommandLineActionFactory$WithLogging.execute(CommandLineActionFactory.java:169)
	at org.gradle.launcher.cli.ExceptionReportingAction.execute(ExceptionReportingAction.java:33)
	at org.gradle.launcher.cli.ExceptionReportingAction.execute(ExceptionReportingAction.java:22)
	at org.gradle.launcher.Main.doAction(Main.java:33)
	at org.gradle.launcher.bootstrap.EntryPoint.run(EntryPoint.java:45)
	at org.gradle.launcher.bootstrap.ProcessBootstrap.runNoExit(ProcessBootstrap.java:54)
	at org.gradle.launcher.bootstrap.ProcessBootstrap.run(ProcessBootstrap.java:35)
	at org.gradle.launcher.GradleMain.main(GradleMain.java:23)
	at org.gradle.wrapper.BootstrapMainStarter.start(BootstrapMainStarter.java:30)
	at org.gradle.wrapper.WrapperExecutor.execute(WrapperExecutor.java:127)
	at org.gradle.wrapper.GradleWrapperMain.main(GradleWrapperMain.java:55)
Caused by: org.gradle.api.GradleException: There were failing tests. See the report at: file:///home/travis/build/failed/crate/crate-jdbc/build/reports/tests/index.html
	at org.gradle.api.tasks.testing.Test.handleTestFailures(Test.java:1111)
	at org.gradle.api.tasks.testing.Test.executeTests(Test.java:542)
	at org.gradle.internal.reflect.JavaMethod.invoke(JavaMethod.java:63)
	at org.gradle.api.internal.project.taskfactory.AnnotationProcessingTaskFactory$StandardTaskAction.doExecute(AnnotationProcessingTaskFactory.java:218)
	at org.gradle.api.internal.project.taskfactory.AnnotationProcessingTaskFactory$StandardTaskAction.execute(AnnotationProcessingTaskFactory.java:211)
	at org.gradle.api.internal.project.taskfactory.AnnotationProcessingTaskFactory$StandardTaskAction.execute(AnnotationProcessingTaskFactory.java:200)
	at org.gradle.api.internal.AbstractTask$TaskActionWrapper.execute(AbstractTask.java:579)
	at org.gradle.api.internal.AbstractTask$TaskActionWrapper.execute(AbstractTask.java:562)
	at org.gradle.api.internal.tasks.execution.ExecuteActionsTaskExecuter.executeAction(ExecuteActionsTaskExecuter.java:80)
	at org.gradle.api.internal.tasks.execution.ExecuteActionsTaskExecuter.executeActions(ExecuteActionsTaskExecuter.java:61)
	... 47 more


BUILD FAILED

Total time: 1 mins 6.885 secs

travis_time:end:0dee4456:start=1609303011403043496,finish=1609303078746142620,duration=67343099124[0K
[31;1mThe command "./gradlew test -s" exited with 1.[0m
travis_fold:start:cache.2[0Kstore build cache
travis_time:start:192c4d3a[0K
travis_time:end:192c4d3a:start=1609303078758306437,finish=1609303078768669397,duration=10362960[0Ktravis_time:start:1d3724c8[0K/home/travis/.casher/bin/casher:190: warning: Insecure world writable dir /home/travis/build/failed/crate/crate-jdbc/. in PATH, mode 040777
[32;1mchanges detected, packing new archive[0m
/home/travis/.casher/bin/casher:213:in `cache_archive_name': undefined method `[]' for nil:NilClass (NoMethodError)
	from /home/travis/.casher/bin/casher:143:in `push'
	from /home/travis/.casher/bin/casher:53:in `block in run'
	from /home/travis/.rvm/rubies/ruby-1.9.3-p551/lib/ruby/1.9.1/timeout.rb:69:in `timeout'
	from /home/travis/.casher/bin/casher:53:in `run'
	from /home/travis/.casher/bin/casher:263:in `<main>'

travis_time:end:1d3724c8:start=1609303078780404426,finish=1609303080628003992,duration=1847599566[0Ktravis_fold:end:cache.2[0K
Done. Your build exited with 1.
