travis_time:start:05e8f21f[0Ktravis_time:end:05e8f21f:start=1609334763070397560,finish=1609334763494401117,duration=424003557,event=no_world_writable_dirs[0Ktravis_time:start:165cddc0[0Ktravis_time:end:165cddc0:start=1609334763503024475,finish=1609334763509004480,duration=5980005,event=check_unsupported[0Ktravis_time:start:01710720[0Ktravis_fold:start:system_info[0K[33;1mBuild system information[0m
Build language: node_js
Build group: stable
Build dist: trusty
Build id: ''
Job id: ''
Runtime kernel version: 4.15.0-109-generic
[34m[1mBuild image provisioning date and time[0m
Tue Dec  5 20:11:19 UTC 2017
[34m[1mOperating System Details[0m
Distributor ID:	Ubuntu
Description:	Ubuntu 14.04.5 LTS
Release:	14.04
Codename:	trusty
[34m[1mCookbooks Version[0m
7c2c6a6 https://github.com/travis-ci/travis-cookbooks/tree/7c2c6a6
[34m[1mgit version[0m
git version 2.15.1
[34m[1mbash version[0m
GNU bash, version 4.3.11(1)-release (x86_64-pc-linux-gnu)
[34m[1mgcc version[0m
gcc (Ubuntu 4.8.4-2ubuntu1~14.04.3) 4.8.4
Copyright (C) 2013 Free Software Foundation, Inc.
This is free software; see the source for copying conditions.  There is NO
warranty; not even for MERCHANTABILITY or FITNESS FOR A PARTICULAR PURPOSE.

[34m[1mdocker version[0m
Client:
 Version:      17.09.0-ce
 API version:  1.32
 Go version:   go1.8.3
 Git commit:   afdb6d4
 Built:        Tue Sep 26 22:39:28 2017
 OS/Arch:      linux/amd64
[34m[1mclang version[0m
clang version 5.0.0 (tags/RELEASE_500/final)
Target: x86_64-unknown-linux-gnu
Thread model: posix
InstalledDir: /usr/local/clang-5.0.0/bin
[34m[1mjq version[0m
jq-1.5
[34m[1mbats version[0m
Bats 0.4.0
[34m[1mshellcheck version[0m
0.4.6
[34m[1mshfmt version[0m
v2.0.0
[34m[1mccache version[0m
ccache version 3.1.9

Copyright (C) 2002-2007 Andrew Tridgell
Copyright (C) 2009-2011 Joel Rosdahl

This program is free software; you can redistribute it and/or modify it under
the terms of the GNU General Public License as published by the Free Software
Foundation; either version 3 of the License, or (at your option) any later
version.
[34m[1mcmake version[0m
cmake version 3.9.2

CMake suite maintained and supported by Kitware (kitware.com/cmake).
[34m[1mheroku version[0m
heroku-cli/6.14.39-addc925 (linux-x64) node-v9.2.0
[34m[1mimagemagick version[0m
Version: ImageMagick 6.7.7-10 2017-07-31 Q16 http://www.imagemagick.org
[34m[1mmd5deep version[0m
4.2
[34m[1mmercurial version[0m
Mercurial Distributed SCM (version 4.2.2)
(see https://mercurial-scm.org for more information)

Copyright (C) 2005-2017 Matt Mackall and others
This is free software; see the source for copying conditions. There is NO
warranty; not even for MERCHANTABILITY or FITNESS FOR A PARTICULAR PURPOSE.
[34m[1mmysql version[0m
mysql  Ver 14.14 Distrib 5.6.33, for debian-linux-gnu (x86_64) using  EditLine wrapper
[34m[1mopenssl version[0m
OpenSSL 1.0.1f 6 Jan 2014
[34m[1mpacker version[0m
Packer v1.0.2

Your version of Packer is out of date! The latest version
is 1.1.2. You can update by downloading from www.packer.io
[34m[1mpostgresql client version[0m
psql (PostgreSQL) 9.6.6
[34m[1mragel version[0m
Ragel State Machine Compiler version 6.8 Feb 2013
Copyright (c) 2001-2009 by Adrian Thurston
[34m[1msubversion version[0m
svn, version 1.8.8 (r1568071)
   compiled Aug 10 2017, 17:20:39 on x86_64-pc-linux-gnu

Copyright (C) 2013 The Apache Software Foundation.
This software consists of contributions made by many people;
see the NOTICE file for more information.
Subversion is open source software, see http://subversion.apache.org/

The following repository access (RA) modules are available:

* ra_svn : Module for accessing a repository using the svn network protocol.
  - with Cyrus SASL authentication
  - handles 'svn' scheme
* ra_local : Module for accessing a repository on local disk.
  - handles 'file' scheme
* ra_serf : Module for accessing a repository via WebDAV protocol using serf.
  - using serf 1.3.3
  - handles 'http' scheme
  - handles 'https' scheme

[34m[1msudo version[0m
Sudo version 1.8.9p5
Configure options: --prefix=/usr -v --with-all-insults --with-pam --with-fqdn --with-logging=syslog --with-logfac=authpriv --with-env-editor --with-editor=/usr/bin/editor --with-timeout=15 --with-password-timeout=0 --with-passprompt=[sudo] password for %p:  --without-lecture --with-tty-tickets --disable-root-mailer --enable-admin-flag --with-sendmail=/usr/sbin/sendmail --with-timedir=/var/lib/sudo --mandir=/usr/share/man --libexecdir=/usr/lib/sudo --with-sssd --with-sssd-lib=/usr/lib/x86_64-linux-gnu --with-selinux
Sudoers policy plugin version 1.8.9p5
Sudoers file grammar version 43

Sudoers path: /etc/sudoers
Authentication methods: 'pam'
Syslog facility if syslog is being used for logging: authpriv
Syslog priority to use when user authenticates successfully: notice
Syslog priority to use when user authenticates unsuccessfully: alert
Send mail if the user is not in sudoers
Use a separate timestamp for each user/tty combo
Lecture user the first time they run sudo
Root may run sudo
Allow some information gathering to give useful error messages
Require fully-qualified hostnames in the sudoers file
Visudo will honor the EDITOR environment variable
Set the LOGNAME and USER environment variables
Length at which to wrap log file lines (0 for no wrap): 80
Authentication timestamp timeout: 15.0 minutes
Password prompt timeout: 0.0 minutes
Number of tries to enter a password: 3
Umask to use or 0777 to use user's: 022
Path to mail program: /usr/sbin/sendmail
Flags for mail program: -t
Address to send mail to: root
Subject line for mail messages: *** SECURITY information for %h ***
Incorrect password message: Sorry, try again.
Path to authentication timestamp dir: /var/lib/sudo
Default password prompt: [sudo] password for %p: 
Default user to run commands as: root
Value to override user's $PATH with: /usr/local/sbin:/usr/local/bin:/usr/sbin:/usr/bin:/sbin:/bin:/snap/bin
Path to the editor for use by visudo: /usr/bin/editor
When to require a password for 'list' pseudocommand: any
When to require a password for 'verify' pseudocommand: all
File descriptors >= 3 will be closed before executing a command
Environment variables to check for sanity:
	TZ
	TERM
	LINGUAS
	LC_*
	LANGUAGE
	LANG
	COLORTERM
Environment variables to remove:
	RUBYOPT
	RUBYLIB
	PYTHONUSERBASE
	PYTHONINSPECT
	PYTHONPATH
	PYTHONHOME
	TMPPREFIX
	ZDOTDIR
	READNULLCMD
	NULLCMD
	FPATH
	PERL5DB
	PERL5OPT
	PERL5LIB
	PERLLIB
	PERLIO_DEBUG 
	JAVA_TOOL_OPTIONS
	SHELLOPTS
	GLOBIGNORE
	PS4
	BASH_ENV
	ENV
	TERMCAP
	TERMPATH
	TERMINFO_DIRS
	TERMINFO
	_RLD*
	LD_*
	PATH_LOCALE
	NLSPATH
	HOSTALIASES
	RES_OPTIONS
	LOCALDOMAIN
	CDPATH
	IFS
Environment variables to preserve:
	JAVA_HOME
	TRAVIS
	CI
	DEBIAN_FRONTEND
	XAUTHORIZATION
	XAUTHORITY
	PS2
	PS1
	PATH
	LS_COLORS
	KRB5CCNAME
	HOSTNAME
	HOME
	DISPLAY
	COLORS
Locale to use while parsing sudoers: C
Directory in which to store input/output logs: /var/log/sudo-io
File in which to store the input/output log: %{seq}
Add an entry to the utmp/utmpx file when allocating a pty
PAM service name to use
PAM service name to use for login shells
Create a new PAM session for the command to run in
Maximum I/O log sequence number: 0

Local IP address and netmask pairs:
	172.17.0.2/255.255.0.0

Sudoers I/O plugin version 1.8.9p5
[34m[1mgzip version[0m
gzip 1.6
Copyright (C) 2007, 2010, 2011 Free Software Foundation, Inc.
Copyright (C) 1993 Jean-loup Gailly.
This is free software.  You may redistribute copies of it under the terms of
the GNU General Public License <http://www.gnu.org/licenses/gpl.html>.
There is NO WARRANTY, to the extent permitted by law.

Written by Jean-loup Gailly.
[34m[1mzip version[0m
Copyright (c) 1990-2008 Info-ZIP - Type 'zip "-L"' for software license.
This is Zip 3.0 (July 5th 2008), by Info-ZIP.
Currently maintained by E. Gordon.  Please send bug reports to
the authors using the web page at www.info-zip.org; see README for details.

Latest sources and executables are at ftp://ftp.info-zip.org/pub/infozip,
as of above date; see http://www.info-zip.org/ for other sites.

Compiled with gcc 4.8.2 for Unix (Linux ELF) on Oct 21 2013.

Zip special compilation options:
	USE_EF_UT_TIME       (store Universal Time)
	BZIP2_SUPPORT        (bzip2 library version 1.0.6, 6-Sept-2010)
	    bzip2 code and library copyright (c) Julian R Seward
	    (See the bzip2 license for terms of use)
	SYMLINK_SUPPORT      (symbolic links supported)
	LARGE_FILE_SUPPORT   (can read and write large files on file system)
	ZIP64_SUPPORT        (use Zip64 to store large files in archives)
	UNICODE_SUPPORT      (store and read UTF-8 Unicode paths)
	STORE_UNIX_UIDs_GIDs (store UID/GID sizes/values using new extra field)
	UIDGID_NOT_16BIT     (old Unix 16-bit UID/GID extra field not used)
	[encryption, version 2.91 of 05 Jan 2007] (modified for Zip 3)

Encryption notice:
	The encryption code of this program is not copyrighted and is
	put in the public domain.  It was originally written in Europe
	and, to the best of our knowledge, can be freely distributed
	in both source and object forms from any country, including
	the USA under License Exception TSU of the U.S. Export
	Administration Regulations (section 740.13(e)) of 6 June 2002.

Zip environment options:
             ZIP:  [none]
          ZIPOPT:  [none]
[34m[1mvim version[0m
VIM - Vi IMproved 7.4 (2013 Aug 10, compiled Nov 24 2016 16:43:18)
Included patches: 1-52
Extra patches: 8.0.0056
Modified by pkg-vim-maintainers@lists.alioth.debian.org
Compiled by buildd@
Huge version without GUI.  Features included (+) or not (-):
+acl             +farsi           +mouse_netterm   +syntax
+arabic          +file_in_path    +mouse_sgr       +tag_binary
+autocmd         +find_in_path    -mouse_sysmouse  +tag_old_static
-balloon_eval    +float           +mouse_urxvt     -tag_any_white
-browse          +folding         +mouse_xterm     -tcl
++builtin_terms  -footer          +multi_byte      +terminfo
+byte_offset     +fork()          +multi_lang      +termresponse
+cindent         +gettext         -mzscheme        +textobjects
-clientserver    -hangul_input    +netbeans_intg   +title
-clipboard       +iconv           +path_extra      -toolbar
+cmdline_compl   +insert_expand   -perl            +user_commands
+cmdline_hist    +jumplist        +persistent_undo +vertsplit
+cmdline_info    +keymap          +postscript      +virtualedit
+comments        +langmap         +printer         +visual
+conceal         +libcall         +profile         +visualextra
+cryptv          +linebreak       +python          +viminfo
+cscope          +lispindent      -python3         +vreplace
+cursorbind      +listcmds        +quickfix        +wildignore
+cursorshape     +localmap        +reltime         +wildmenu
+dialog_con      -lua             +rightleft       +windows
+diff            +menu            -ruby            +writebackup
+digraphs        +mksession       +scrollbind      -X11
-dnd             +modify_fname    +signs           -xfontset
-ebcdic          +mouse           +smartindent     -xim
+emacs_tags      -mouseshape      -sniff           -xsmp
+eval            +mouse_dec       +startuptime     -xterm_clipboard
+ex_extra        +mouse_gpm       +statusline      -xterm_save
+extra_search    -mouse_jsbterm   -sun_workshop    -xpm
   system vimrc file: "$VIM/vimrc"
     user vimrc file: "$HOME/.vimrc"
 2nd user vimrc file: "~/.vim/vimrc"
      user exrc file: "$HOME/.exrc"
  fall-back for $VIM: "/usr/share/vim"
Compilation: gcc -c -I. -Iproto -DHAVE_CONFIG_H     -g -O2 -fstack-protector --param=ssp-buffer-size=4 -Wformat -Werror=format-security -U_FORTIFY_SOURCE -D_FORTIFY_SOURCE=1      
Linking: gcc   -Wl,-Bsymbolic-functions -Wl,-z,relro -Wl,--as-needed -o vim        -lm -ltinfo -lnsl  -lselinux  -lacl -lattr -lgpm -ldl    -L/usr/lib/python2.7/config-x86_64-linux-gnu -lpython2.7 -lpthread -ldl -lutil -lm -Xlinker -export-dynamic -Wl,-O1 -Wl,-Bsymbolic-functions      
[34m[1miptables version[0m
iptables v1.4.21
[34m[1mcurl version[0m
curl 7.35.0 (x86_64-pc-linux-gnu) libcurl/7.35.0 OpenSSL/1.0.1f zlib/1.2.8 libidn/1.28 librtmp/2.3
[34m[1mwget version[0m
GNU Wget 1.15 built on linux-gnu.
[34m[1mrsync version[0m
rsync  version 3.1.0  protocol version 31
[34m[1mgimme version[0m
v1.2.0
[34m[1mnvm version[0m
0.33.6
[34m[1mperlbrew version[0m
/home/travis/perl5/perlbrew/bin/perlbrew  - App::perlbrew/0.80
[34m[1mphpenv version[0m
rbenv 1.1.1-25-g6aa70b6
[34m[1mrvm version[0m
rvm 1.29.3 (latest) by Michal Papis, Piotr Kuczynski, Wayne E. Seguin [https://rvm.io]
[34m[1mdefault ruby version[0m
ruby 2.4.1p111 (2017-03-22 revision 58053) [x86_64-linux]
[34m[1mCouchDB version[0m
couchdb 1.6.1
[34m[1mElasticSearch version[0m
5.5.0
[34m[1mInstalled Firefox version[0m
firefox 56.0.2
[34m[1mMongoDB version[0m
MongoDB 3.4.10
[34m[1mPhantomJS version[0m
2.1.1
[34m[1mPre-installed PostgreSQL versions[0m
9.2.24
9.3.20
9.4.15
9.5.10
9.6.6
[34m[1mRabbitMQ Version[0m
3.6.14
[34m[1mRedis version[0m
redis-server 4.0.6
[34m[1mriak version[0m
2.2.3
[34m[1mPre-installed Go versions[0m
1.7.4
[34m[1mant version[0m
Apache Ant(TM) version 1.9.3 compiled on April 8 2014
[34m[1mmvn version[0m
Apache Maven 3.5.2 (138edd61fd100ec658bfa2d307c43b76940a5d7d; 2017-10-18T07:58:13Z)
Maven home: /usr/local/maven-3.5.2
Java version: 1.8.0_151, vendor: Oracle Corporation
Java home: /usr/lib/jvm/java-8-oracle/jre
Default locale: en_US, platform encoding: UTF-8
OS name: "linux", version: "4.4.0-101-generic", arch: "amd64", family: "unix"
[34m[1mgradle version[0m

------------------------------------------------------------
Gradle 4.0.1
------------------------------------------------------------

Build time:   2017-07-07 14:02:41 UTC
Revision:     38e5dc0f772daecca1d2681885d3d85414eb6826

Groovy:       2.4.11
Ant:          Apache Ant(TM) version 1.9.6 compiled on June 29 2015
JVM:          1.8.0_151 (Oracle Corporation 25.151-b12)
OS:           Linux 4.4.0-101-generic amd64

[34m[1mlein version[0m
Leiningen 2.8.1 on Java 1.8.0_151 Java HotSpot(TM) 64-Bit Server VM
[34m[1mPre-installed Node.js versions[0m
v4.8.6
v6.12.0
v6.12.1
v8.9
v8.9.1
[34m[1mphpenv versions[0m
  system
  5.6
* 5.6.32 (set by /home/travis/.phpenv/version)
  7.0
  7.0.25
  7.1
  7.1.11
  hhvm
  hhvm-stable
[34m[1mcomposer --version[0m
Composer version 1.5.2 2017-09-11 16:59:25
[34m[1mPre-installed Ruby versions[0m
ruby-2.2.7
ruby-2.3.4
ruby-2.4.1
travis_fold:end:system_info[0K
travis_time:end:01710720:start=1609334763516600632,finish=1609334763528814486,duration=12213854,event=show_system_info[0Ktravis_time:start:093b8c68[0Ktravis_time:end:093b8c68:start=1609334763537012171,finish=1609334763558412332,duration=21400161,event=rm_riak_source[0Ktravis_time:start:002f28ec[0Ktravis_time:end:002f28ec:start=1609334763565700528,finish=1609334763577993006,duration=12292478,event=fix_rwky_redis[0Ktravis_time:start:243df1c2[0K[31;1mTimeout waiting for network availability.[0m
travis_time:end:243df1c2:start=1609334763585246259,finish=1609334784378263502,duration=20793017243,event=wait_for_network[0Ktravis_time:start:0a49de7a[0Ktravis_time:end:0a49de7a:start=1609334784386891915,finish=1609334790667175920,duration=6280284005,event=update_apt_keys[0Ktravis_time:start:002d3494[0Ktravis_time:end:002d3494:start=1609334790676392287,finish=1609334792287548402,duration=1611156115,event=fix_hhvm_source[0Ktravis_time:start:163c6dea[0Ktravis_time:end:163c6dea:start=1609334792295227640,finish=1609334792301254031,duration=6026391,event=update_mongo_arch[0Ktravis_time:start:0fee34e8[0Ktravis_time:end:0fee34e8:start=1609334792308233051,finish=1609334792372685779,duration=64452728,event=fix_sudo_enabled_trusty[0Ktravis_time:start:00380524[0Ktravis_time:end:00380524:start=1609334792379948148,finish=1609334792398544599,duration=18596451,event=clean_up_path[0Ktravis_time:start:1ac11ef8[0Ktravis_time:end:1ac11ef8:start=1609334792406019870,finish=1609334792424792987,duration=18773117,event=fix_resolv_conf[0Ktravis_time:start:024748f2[0Ktravis_time:end:024748f2:start=1609334792432520239,finish=1609334792452964033,duration=20443794,event=fix_etc_hosts[0Ktravis_time:start:039c1d98[0Ktravis_time:end:039c1d98:start=1609334792461104341,finish=1609334792513620019,duration=52515678,event=fix_mvn_settings_xml[0Ktravis_time:start:0ec1c49e[0Ktravis_time:end:0ec1c49e:start=1609334792521208852,finish=1609334792540972721,duration=19763869,event=no_ipv6_localhost[0Ktravis_time:start:1c932de8[0Ktravis_time:end:1c932de8:start=1609334792548902909,finish=1609334792554662426,duration=5759517,event=fix_etc_mavenrc[0Ktravis_time:start:04b9bbec[0Ktravis_time:end:04b9bbec:start=1609334792561829477,finish=1609334792569194078,duration=7364601,event=fix_wwdr_certificate[0Ktravis_time:start:10f362a7[0Ktravis_time:end:10f362a7:start=1609334792576232611,finish=1609334792620730115,duration=44497504,event=put_localhost_first[0Ktravis_time:start:10e1b4ce[0Ktravis_time:end:10e1b4ce:start=1609334792628178372,finish=1609334792633946356,duration=5767984,event=home_paths[0Ktravis_time:start:234c60b8[0Ktravis_time:end:234c60b8:start=1609334792641848083,finish=1609334792670302021,duration=28453938,event=disable_initramfs[0Ktravis_time:start:168438e1[0Ktravis_time:end:168438e1:start=1609334792679530206,finish=1609334792830513865,duration=150983659,event=disable_ssh_roaming[0Ktravis_time:start:3bc28b67[0Ktravis_time:end:3bc28b67:start=1609334792838890829,finish=1609334792845132182,duration=6241353,event=debug_tools[0Ktravis_time:start:061ac2ea[0Ktravis_time:end:061ac2ea:start=1609334792853652793,finish=1609334792861222958,duration=7570165,event=uninstall_oclint[0Ktravis_time:start:0717573a[0Ktravis_time:end:0717573a:start=1609334792868832012,finish=1609334792877177195,duration=8345183,event=rvm_use[0Ktravis_time:start:1f443c46[0Ktravis_time:end:1f443c46:start=1609334792885773605,finish=1609334792904934868,duration=19161263,event=rm_etc_boto_cfg[0Ktravis_time:start:16378eb0[0Ktravis_time:end:16378eb0:start=1609334792913564233,finish=1609334792919925528,duration=6361295,event=rm_oraclejdk8_symlink[0Ktravis_time:start:0028cd76[0Ktravis_time:end:0028cd76:start=1609334792928389314,finish=1609334793011955908,duration=83566594,event=enable_i386[0Ktravis_time:start:0003d8c0[0Ktravis_time:end:0003d8c0:start=1609334793020523256,finish=1609334793029534507,duration=9011251,event=update_rubygems[0Ktravis_time:start:31d18313[0Ktravis_time:end:31d18313:start=1609334793038034144,finish=1609334794147048581,duration=1109014437,event=ensure_path_components[0Ktravis_time:start:002755a1[0Ktravis_time:end:002755a1:start=1609334794155556425,finish=1609334794162044328,duration=6487903,event=redefine_curl[0Ktravis_time:start:01e0a463[0Ktravis_time:end:01e0a463:start=1609334794170703304,finish=1609334794176547442,duration=5844138,event=nonblock_pipe[0Ktravis_time:start:0a439a9c[0Ktravis_time:end:0a439a9c:start=1609334794184622495,finish=1609334802454439120,duration=8269816625,event=apt_get_update[0Ktravis_time:start:0d7b8a4e[0Ktravis_time:end:0d7b8a4e:start=1609334802463097695,finish=1609334802469654527,duration=6556832,event=deprecate_xcode_64[0Ktravis_time:start:0e0ec434[0Ktravis_time:end:0e0ec434:start=1609334802476933416,finish=1609334810288955637,duration=7812022221,event=update_heroku[0Ktravis_time:start:17ee7e9c[0Ktravis_time:end:17ee7e9c:start=1609334810297615905,finish=1609334810303869980,duration=6254075,event=shell_session_update[0Ktravis_time:start:0093653a[0Ktravis_fold:start:docker_mtu[0Ktee: /etc/docker/daemon.json: No such file or directory
docker: unrecognized service
travis_fold:end:docker_mtu[0Ktravis_time:end:0093653a:start=1609334810312037577,finish=1609334810357201430,duration=45163853,event=set_docker_mtu[0Ktravis_time:start:127999ae[0Ktravis_fold:start:resolvconf[0Kinitctl: Unable to connect to Upstart: Failed to connect to socket /com/ubuntu/upstart: Connection refused
 * Restarting resolvconf...
   ...done.
travis_fold:end:resolvconf[0Ktravis_time:end:127999ae:start=1609334810365838910,finish=1609334810462746644,duration=96907734,event=resolvconf[0Ktravis_time:start:088c734d[0Ktravis_time:end:088c734d:start=1609334810472420906,finish=1609334810478571411,duration=6150505,event=fix_ps4[0Ktravis_time:start:0f5cf310[0K
$ cd failed/mholt/PapaParse

travis_time:end:0f5cf310:start=1609334810487647241,finish=1609334810494715814,duration=7068573,event=checkout[0Ktravis_time:start:0204a690[0Ktravis_time:end:0204a690:start=1609334810503415038,finish=1609334810729772145,duration=226357107,event=env[0Ktravis_fold:start:nvm.install[0Ktravis_time:start:0ba61b0f[0K$ nvm install 11
Downloading and installing node v11.15.0...
Downloading https://nodejs.org/dist/v11.15.0/node-v11.15.0-linux-x64.tar.xz...
Computing checksum with sha256sum
Checksums matched!
Now using node v11.15.0 (npm v6.7.0)
travis_time:end:0ba61b0f:start=1609334810748575168,finish=1609334814618855107,duration=3870279939,event=setup[0Ktravis_fold:end:nvm.install[0K
travis_fold:start:cache.1[0KSetting up build cache
$ export CASHER_DIR=${TRAVIS_HOME}/.casher
travis_time:start:3868fe00[0K$ Installing caching utilities
curl: (6) Could not resolve host: https

[31;1mThe command "eval curl -sf  -o $CASHER_DIR/bin/casher https:///files/casher " failed. Retrying, 2 of 3.[0m

curl: (6) Could not resolve host: https

[31;1mThe command "eval curl -sf  -o $CASHER_DIR/bin/casher https:///files/casher " failed. Retrying, 3 of 3.[0m

curl: (6) Could not resolve host: https

[31;1mThe command "eval curl -sf  -o $CASHER_DIR/bin/casher https:///files/casher " failed 3 times.[0m

travis_time:end:3868fe00:start=1609334820334810487,finish=1609334832509874867,duration=12175064380,event=setup_casher[0Ktravis_time:start:01410918[0K$ Installing caching utilities from the Travis CI server (https:///files/casher) failed, failing over to using GitHub (https://raw.githubusercontent.com/travis-ci/casher/bash/bin/casher)
travis_time:end:01410918:start=1609334832518990468,finish=1609334832586588822,duration=67598354,event=setup_casher[0Ktravis_time:start:15c330d2[0Ktravis_time:end:15c330d2:start=1609334832599802271,finish=1609334832607341251,duration=7538980,event=setup_casher[0Ktravis_time:start:0a97ca48[0Kattempting to download cache archive[0m
[31;1mcould not download cache[0m
travis_time:end:0a97ca48:start=1609334832617173174,finish=1609334834183461891,duration=1566288717,event=setup_casher[0Ktravis_fold:end:cache.1[0K
travis_fold:start:cache.npm[0K
travis_time:start:1876d493[0Ktravis_time:end:1876d493:start=1609334834498227128,finish=1609334834506234493,duration=8007365,event=setup_cache[0Ktravis_time:start:0173d74c[0Kadding /home/travis/build/failed/mholt/PapaParse/node_modules to cache[0m
creating directory /home/travis/build/failed/mholt/PapaParse/node_modules[0m
travis_time:end:0173d74c:start=1609334834517249645,finish=1609334836211997807,duration=1694748162,event=setup_cache[0Ktravis_fold:end:cache.npm[0K$ node --version
v11.15.0
$ npm --version
6.7.0
$ nvm --version
0.33.6

travis_fold:start:install.npm[0Ktravis_time:start:00de584a[0K$ npm install 
npm WARN deprecated phantomjs-prebuilt@2.1.16: this package is now deprecated
npm WARN deprecated mkdirp@0.5.1: Legacy versions of mkdirp are no longer supported. Please update to mkdirp 1.x. (Note that the API surface has changed to use Promises in 1.x.)
npm WARN deprecated json3@3.3.2: Please use the native JSON object instead of JSON 3
npm WARN deprecated request@2.88.2: request has been deprecated, see https://github.com/request/request/issues/3142
npm WARN deprecated har-validator@5.1.5: this library is no longer supported
npm WARN deprecated mkdirp@0.3.5: Legacy versions of mkdirp are no longer supported. Please update to mkdirp 1.x. (Note that the API surface has changed to use Promises in 1.x.)
npm WARN deprecated request@2.36.0: request has been deprecated, see https://github.com/request/request/issues/3142
npm WARN deprecated npmconf@0.0.24: this package has been reintegrated into npm and is now out of date with respect to npm
npm WARN deprecated hawk@1.0.0: This module moved to @hapi/hawk. Please make sure to switch over as this distribution is no longer supported and may contain bugs and critical security issues.
npm WARN deprecated node-uuid@1.4.8: Use uuid module instead
npm WARN deprecated ini@1.1.0: Please update to ini >=1.3.6 to avoid a prototype pollution issue
npm WARN deprecated circular-json@0.3.3: CircularJSON is in maintenance only, flatted is its successor.
npm WARN deprecated hoek@0.9.1: This version has been deprecated in accordance with the hapi support policy (hapi.im/support). Please upgrade to the latest version to get the best features, bug fixes, and security patches. If you are unable to upgrade at this time, paid support is available for older versions (hapi.im/commercial).
npm WARN deprecated sntp@0.2.4: This module moved to @hapi/sntp. Please make sure to switch over as this distribution is no longer supported and may contain bugs and critical security issues.
npm WARN deprecated boom@0.4.2: This version has been deprecated in accordance with the hapi support policy (hapi.im/support). Please upgrade to the latest version to get the best features, bug fixes, and security patches. If you are unable to upgrade at this time, paid support is available for older versions (hapi.im/commercial).
npm WARN deprecated cryptiles@0.2.2: This version has been deprecated in accordance with the hapi support policy (hapi.im/support). Please upgrade to the latest version to get the best features, bug fixes, and security patches. If you are unable to upgrade at this time, paid support is available for older versions (hapi.im/commercial).
npm WARN deprecated resolve-url@0.2.1: https://github.com/lydell/resolve-url#deprecated
npm WARN deprecated urix@0.1.0: Please see https://github.com/lydell/urix#deprecated

> phantomjs@1.9.7-15 install /home/travis/build/failed/mholt/PapaParse/node_modules/mocha-phantomjs/node_modules/phantomjs
> node install.js

PhantomJS detected, but wrong version 2.1.1 @ /usr/local/phantomjs/bin/phantomjs.
invalid configloglevel="notice"
Downloading https://bitbucket.org/ariya/phantomjs/downloads/phantomjs-1.9.7-linux-x86_64.tar.bz2
Saving to /tmp/phantomjs/phantomjs-1.9.7-linux-x86_64.tar.bz2
Receiving...

Received 12852K total.
Extracting tar contents (via spawned process)
Copying extracted folder /tmp/phantomjs/phantomjs-1.9.7-linux-x86_64.tar.bz2-extract-1609334859724/phantomjs-1.9.7-linux-x86_64 -> /home/travis/build/failed/mholt/PapaParse/node_modules/mocha-phantomjs/node_modules/phantomjs/lib/phantom
Writing location.js file
Done. Phantomjs binary available at /home/travis/build/failed/mholt/PapaParse/node_modules/mocha-phantomjs/node_modules/phantomjs/lib/phantom/bin/phantomjs

> phantomjs-prebuilt@2.1.16 install /home/travis/build/failed/mholt/PapaParse/node_modules/phantomjs-prebuilt
> node install.js

Considering PhantomJS found at /usr/local/phantomjs/bin/phantomjs
Found PhantomJS at /usr/local/phantomjs/bin/phantomjs ...verifying
Writing location.js file
PhantomJS is already installed on PATH at /usr/local/phantomjs/bin/phantomjs
npm notice created a lockfile as package-lock.json. You should commit this file.
added 481 packages from 667 contributors and audited 481 packages in 26.275s
found 22 vulnerabilities (3 low, 11 moderate, 6 high, 2 critical)
  run `npm audit fix` to fix them, or `npm audit` for details
travis_time:end:00de584a:start=1609334837077153434,finish=1609334863899812105,duration=26822658671,event=install[0Ktravis_fold:end:install.npm[0K
travis_time:start:055f9cb0[0K$ npm test

> papaparse@5.0.0-alpha test /home/travis/build/failed/mholt/PapaParse
> npm run lint && npm run test-node && npm run test-phantomjs


> papaparse@5.0.0-alpha lint /home/travis/build/failed/mholt/PapaParse
> eslint --no-ignore papaparse.js Gruntfile.js .eslintrc.js 'tests/**/*.js'


> papaparse@5.0.0-alpha test-node /home/travis/build/failed/mholt/PapaParse
> mocha tests/node-tests.js tests/test-cases.js



  PapaParse
    âœ“ synchronously parsed CSV should be correctly parsed
    âœ“ asynchronously parsed CSV should be correctly parsed
    âœ“ asynchronously parsed streaming CSV should be correctly parsed
    âœ“ reports the correct row number on FieldMismatch errors
    1) piped streaming CSV should be correctly parsed
    âœ“ should support pausing and resuming on same tick when streaming
    âœ“ should support pausing and resuming asynchronously when streaming (403ms)
    âœ“ handles errors in beforeFirstChunk
    âœ“ handles errors in chunk
    âœ“ handles errors in step

  Core Parser Tests
    âœ“ One row
    âœ“ Two rows
    âœ“ Three rows
    âœ“ Whitespace at edges of unquoted field
    âœ“ Quoted field
    âœ“ Quoted field with extra whitespace on edges
    âœ“ Quoted field with delimiter
    âœ“ Quoted field with line break
    âœ“ Quoted fields with line breaks
    âœ“ Quoted fields at end of row with delimiter and line break
    âœ“ Quoted field with escaped quotes
    âœ“ Quoted field with escaped quotes at boundaries
    âœ“ Unquoted field with quotes at end of field
    âœ“ Quoted field with quotes around delimiter
    âœ“ Quoted field with quotes on right side of delimiter
    âœ“ Quoted field with quotes on left side of delimiter
    âœ“ Quoted field with 5 quotes in a row and a delimiter in there, too
    âœ“ Quoted field with whitespace around quotes
    âœ“ Misplaced quotes in data, not as opening quotes
    âœ“ Quoted field has no closing quote
    âœ“ Quoted field has invalid trailing quote after delimiter with a valid closer
    âœ“ Quoted field has invalid trailing quote after delimiter
    âœ“ Quoted field has invalid trailing quote before delimiter
    âœ“ Quoted field has invalid trailing quote after new line
    âœ“ Quoted field has valid trailing quote via delimiter
    âœ“ Quoted field has valid trailing quote via \n
    âœ“ Quoted field has valid trailing quote via EOF
    âœ“ Quoted field contains delimiters and \n with valid trailing quote
    âœ“ Line starts with quoted field
    âœ“ Line ends with quoted field
    âœ“ Line ends with quoted field, first field of next line is empty, \n
    âœ“ Quoted field at end of row (but not at EOF) has quotes
    âœ“ Empty quoted field at EOF is empty
    âœ“ Multiple consecutive empty fields
    âœ“ Empty input string
    âœ“ Input is just the delimiter (2 empty fields)
    âœ“ Input is just empty fields
    âœ“ Input is just a string (a single field)
    âœ“ Commented line at beginning
    âœ“ Commented line in middle
    âœ“ Commented line at end
    âœ“ Two comment lines consecutively
    âœ“ Two comment lines consecutively at end of file
    âœ“ Three comment lines consecutively at beginning of file
    âœ“ Entire file is comment lines
    âœ“ Comment with non-default character
    âœ“ Bad comments value specified
    âœ“ Multi-character comment string
    âœ“ Input with only a commented line
    âœ“ Input with only a commented line and blank line after
    âœ“ Input with only a commented line, without comments enabled
    âœ“ Input without comments with line starting with whitespace
    âœ“ Multiple rows, one column (no delimiter found)
    âœ“ One column input with empty fields
    âœ“ Fast mode, basic
    âœ“ Fast mode with comments
    âœ“ Fast mode with preview
    âœ“ Fast mode with blank line at end

  Parse Tests
    âœ“ Two rows, just \r
    âœ“ Two rows, \r\n
    âœ“ Quoted field with \r\n
    âœ“ Quoted field with \r
    âœ“ Quoted field with \n
    âœ“ Quoted fields with spaces between closing quote and next delimiter
    âœ“ Quoted fields with spaces between closing quote and next new line
    âœ“ Quoted fields with spaces after closing quote
    âœ“ Mixed slash n and slash r should choose first as precident
    âœ“ Header row with one row of data
    âœ“ Header row only
    âœ“ Row with too few fields
    âœ“ Row with too many fields
    âœ“ Row with enough fields but blank field at end
    âœ“ Header rows are transformed when transformHeader function is provided
    âœ“ Line ends with quoted field, first field of next line is empty using headers
    âœ“ Tab delimiter
    âœ“ Pipe delimiter
    âœ“ ASCII 30 delimiter
    âœ“ ASCII 31 delimiter
    âœ“ Bad delimiter (\n)
    âœ“ Multi-character delimiter
    âœ“ Callback delimiter
    âœ“ Dynamic typing converts numeric literals
    âœ“ Dynamic typing converts boolean literals
    âœ“ Dynamic typing doesn't convert other types
    âœ“ Dynamic typing applies to specific columns
    âœ“ Dynamic typing applies to specific columns by index
    âœ“ Dynamic typing can be applied to `__parsed_extra`
    âœ“ Dynamic typing by indices can be determined by function
    âœ“ Dynamic typing by headers can be determined by function
    âœ“ Dynamic typing converts empty values into NULL
    âœ“ Custom transform function is applied to values
    âœ“ Dynamic typing converts ISO date strings to Dates
    âœ“ Blank line at beginning
    âœ“ Blank line in middle
    âœ“ Blank lines at end
    âœ“ Blank line in middle with whitespace
    âœ“ First field of a line is empty
    âœ“ Last field of a line is empty
    âœ“ Other fields are empty
    âœ“ Empty input string
    âœ“ Input is just the delimiter (2 empty fields)
    âœ“ Input is just a string (a single field)
    âœ“ Preview 0 rows should default to parsing all
    âœ“ Preview 1 row
    âœ“ Preview 2 rows
    âœ“ Preview all (3) rows
    âœ“ Preview more rows than input has
    âœ“ Preview should count rows, not lines
    âœ“ Preview with header row
    âœ“ Empty lines
    âœ“ Skip empty lines
    âœ“ Skip empty lines, with newline at end of input
    âœ“ Skip empty lines, with empty input
    âœ“ Skip empty lines, with first line only whitespace
    âœ“ Skip empty lines while detecting delimiter
    âœ“ Lines with comments are not used when guessing the delimiter in an escaped file
    âœ“ Lines with comments are not used when guessing the delimiter in a non-escaped file
    âœ“ Single quote as quote character
    âœ“ Custom escape character in the middle
    âœ“ Custom escape character at the end
    âœ“ Custom escape character not used for escaping
    âœ“ Header row with preceding comment
    âœ“ Carriage return in header inside quotes, with line feed endings
    âœ“ Line feed in header inside quotes, with carriage return + line feed endings
    âœ“ Using \r\n endings uses \r\n linebreak
    âœ“ Using \n endings uses \n linebreak
    âœ“ Using \r\n endings with \r\n in header field uses \r\n linebreak
    âœ“ Using \r\n endings with \n in header field uses \r\n linebreak
    âœ“ Using \r\n endings with \n in header field with skip empty lines uses \r\n linebreak
    âœ“ Using \n endings with \r\n in header field uses \n linebreak
    âœ“ Using reserved regex characters as quote characters
    âœ“ Parsing with skipEmptyLines set to 'greedy'
    âœ“ Parsing with skipEmptyLines set to 'greedy' with quotes and delimiters as content

  Parse Async Tests
    âœ“ Simple worker
    - Simple download
    - Simple download + worker
    - Simple file
    - Simple file + worker

  Unparse Tests
    âœ“ A simple row
    âœ“ Two rows
    âœ“ Data with quotes
    âœ“ Data with newlines
    âœ“ Array of objects (header row)
    âœ“ With header row, missing a field in a row
    âœ“ With header row, with extra field in a row
    âœ“ Specifying column names and data separately
    âœ“ Specifying column names only (no data)
    âœ“ Specifying data only (no field names), improperly
    âœ“ Specifying data only (no field names), properly
    âœ“ Custom delimiter (semicolon)
    âœ“ Custom delimiter (tab)
    âœ“ Custom delimiter (ASCII 30)
    âœ“ Custom delimiter (Multi-character)
    âœ“ Bad delimiter (\n)
    âœ“ Custom line ending (\r)
    âœ“ Custom line ending (\n)
    âœ“ Custom, but strange, line ending ($)
    âœ“ Force quotes around all fields
    âœ“ Force quotes around all fields (with header row)
    âœ“ Force quotes around certain fields only
    âœ“ Force quotes around certain fields only (with header row)
    âœ“ Empty input
    âœ“ Mismatched field counts in rows
    âœ“ JSON null is treated as empty value
    âœ“ Custom quote character (single quote)
    âœ“ Don't print header if header:false option specified
    âœ“ Date objects are exported in its ISO representation
    âœ“ Returns empty rows when empty rows are passed and skipEmptyLines is false
    âœ“ Returns without empty rows when skipEmptyLines is true
    âœ“ Returns without rows with no content when skipEmptyLines is 'greedy'
    âœ“ Returns empty rows when empty rows are passed and skipEmptyLines is false with headers
    âœ“ Returns without empty rows when skipEmptyLines is true with headers
    âœ“ Returns without rows with no content when skipEmptyLines is 'greedy' with headers

  Custom Tests
    - Complete is called with all results if neither step nor chunk is defined
    âœ“ Step is called for each row
    âœ“ Step is called with the contents of the row
    âœ“ Step is called with the last cursor position
    - Step exposes cursor for downloads
    - Step exposes cursor for chunked downloads
    - Step exposes cursor for workers
    - Chunk is called for each chunk
    - Chunk is called with cursor position
    âœ“ Chunk functions can pause parsing
    âœ“ Chunk functions can resume parsing (501ms)
    âœ“ Chunk functions can abort parsing
    - Step exposes indexes for files
    - Step exposes indexes for chunked files
    - Quoted line breaks near chunk boundaries are handled
    âœ“ Step functions can abort parsing
    âœ“ Complete is called after aborting
    âœ“ Step functions can pause parsing
    âœ“ Step functions can resume parsing (501ms)
    - Step functions can abort workers
    - beforeFirstChunk manipulates only first chunk
    - First chunk not modified if beforeFirstChunk returns nothing
    - Should not assume we own the worker unless papaworker is in the search string


  188 passing (2s)
  17 pending
  1 failing

  1) PapaParse piped streaming CSV should be correctly parsed:
     Uncaught AssertionError [ERR_ASSERTION]: Expected values to be loosely deep-equal:

'Grant'

should equal

[
  'Grant',
  'Dyer',
  'Donec.elementum@orciluctuset.example',
  '2013-11-23T02:30:31-08:00',
  '2014-05-31T01:06:56-07:00',
  'Magna Ut Associates',
  'ljenkins'
]
      at Duplex.<anonymous> (tests/node-tests.js:107:11)
      at endReadableNT (_stream_readable.js:1139:12)
      at processTicksAndRejections (internal/process/task_queues.js:81:17)



npm ERR! code ELIFECYCLE
npm ERR! errno 1
npm ERR! papaparse@5.0.0-alpha test-node: `mocha tests/node-tests.js tests/test-cases.js`
npm ERR! Exit status 1
npm ERR! 
npm ERR! Failed at the papaparse@5.0.0-alpha test-node script.
npm ERR! This is probably not a problem with npm. There is likely additional logging output above.

npm ERR! A complete log of this run can be found in:
npm ERR!     /home/travis/.npm/_logs/2020-12-30T13_27_48_553Z-debug.log
npm ERR! Test failed.  See above for more details.
travis_time:end:055f9cb0:start=1609334863909886069,finish=1609334868587385229,duration=4677499160,event=[0K[31;1mThe command "npm test" exited with 1.[0m
travis_fold:start:cache.2[0Kstore build cache
travis_time:start:01fd6c76[0Ktravis_time:end:01fd6c76:start=1609334868598741925,finish=1609334868605843969,duration=7102044,event=cache[0Ktravis_time:start:281cc62a[0K[32;1mchanges detected, packing new archive[0m
[32;1muploading /[0m
[31;1mfailed to upload cache[0m
travis_time:end:281cc62a:start=1609334868614957332,finish=1609334873013274422,duration=4398317090,event=cache[0Ktravis_fold:end:cache.2[0K

Done. Your build exited with 1.
