travis_fold:start:system_info[0K[33;1mBuild system information[0m
Build language: python
Build group: stable
Build dist: precise
Build id: ''
Job id: ''
[34m[1mBuild image provisioning date and time[0m
Thu Feb  5 15:09:33 UTC 2015
[34m[1mOperating System Details[0m
Distributor ID:	Ubuntu
Description:	Ubuntu 12.04.5 LTS
Release:	12.04
Codename:	precise
[34m[1mLinux Version[0m
3.13.0-29-generic
[34m[1mCookbooks Version[0m
a68419e https://github.com/travis-ci/travis-cookbooks/tree/a68419e
[34m[1mGCC version[0m
gcc (Ubuntu/Linaro 4.6.3-1ubuntu5) 4.6.3
Copyright (C) 2011 Free Software Foundation, Inc.
This is free software; see the source for copying conditions.  There is NO
warranty; not even for MERCHANTABILITY or FITNESS FOR A PARTICULAR PURPOSE.

[34m[1mLLVM version[0m
clang version 3.4 (tags/RELEASE_34/final)
Target: x86_64-unknown-linux-gnu
Thread model: posix
[34m[1mPre-installed Ruby versions[0m
ruby-1.9.3-p551
[34m[1mPre-installed Node.js versions[0m
v0.10.36
[34m[1mPre-installed Go versions[0m
1.4.1
[34m[1mRedis version[0m
redis-server 2.8.19
[34m[1mriak version[0m
2.0.2
[34m[1mMongoDB version[0m
MongoDB 2.4.12
[34m[1mCouchDB version[0m
couchdb 1.6.1
[34m[1mNeo4j version[0m
1.9.4
[34m[1mRabbitMQ Version[0m
3.4.3
[34m[1mElasticSearch version[0m
1.4.0
[34m[1mInstalled Sphinx versions[0m
2.0.10
2.1.9
2.2.6
[34m[1mDefault Sphinx version[0m
2.2.6
[34m[1mInstalled Firefox version[0m
firefox 31.0esr
[34m[1mPhantomJS version[0m
1.9.8
[34m[1mant -version[0m
Apache Ant(TM) version 1.8.2 compiled on December 3 2011
[34m[1mmvn -version[0m
Apache Maven 3.2.5 (12a6b3acb947671f09b81f49094c53f426d8cea1; 2014-12-14T17:29:23+00:00)
Maven home: /usr/local/maven
Java version: 1.7.0_76, vendor: Oracle Corporation
Java home: /usr/lib/jvm/java-7-oracle/jre
Default locale: en_US, platform encoding: ANSI_X3.4-1968
OS name: "linux", version: "3.13.0-29-generic", arch: "amd64", family: "unix"
travis_fold:end:system_info[0K
W: GPG error: http://apt.postgresql.org precise-pgdg Release: The following signatures were invalid: KEYEXPIRED 1562078959
W: Failed to fetch http://ppa.launchpad.net/travis-ci/zero-mq/ubuntu/dists/precise/main/binary-amd64/Packages  403  Forbidden

W: Failed to fetch http://ppa.launchpad.net/travis-ci/zero-mq/ubuntu/dists/precise/main/binary-i386/Packages  403  Forbidden

W: Failed to fetch http://downloads-distro.mongodb.org/repo/debian-sysvinit/dists/dist/10gen/binary-amd64/Packages  Undetermined Error [IP: 52.21.89.200 80]

W: Failed to fetch http://downloads-distro.mongodb.org/repo/debian-sysvinit/dists/dist/10gen/binary-i386/Packages  Undetermined Error [IP: 52.21.89.200 80]

E: Some index files failed to download. They have been ignored, or old ones used instead.
sed: cannot rename /etc/hosts: Device or resource busy
sed: cannot rename /etc/hosts: Device or resource busy
[33;1m3.6 is not installed; attempting download[0m
[33;1mDownloading archive: https://s3.amazonaws.com/travis-python-archives/binaries/ubuntu/12.04/x86_64/python-3.6.tar.bz2[0m
$ sudo tar xjf python-3.6.tar.bz2 --directory /
$ cd failed/tornadoweb/tornado
travis_time:start:0401eca4[0K$ source ~/virtualenv/python3.6/bin/activate

travis_time:end:0401eca4:start=1609512952289030306,finish=1609512952299615140,duration=10584834[0K$ python --version
Python 3.6.7
$ pip --version
pip 18.1 from /home/travis/virtualenv/python3.6.7/lib/python3.6/site-packages/pip (python 3.6)
travis_fold:start:install.1[0Ktravis_time:start:0f828a2d[0K$ if [[ $TRAVIS_PYTHON_VERSION == 2* ]]; then travis_retry pip install futures mock monotonic trollius; fi

travis_time:end:0f828a2d:start=1609512952856635233,finish=1609512952864969055,duration=8333822[0Ktravis_fold:end:install.1[0Ktravis_fold:start:install.2[0Ktravis_time:start:153a9b1e[0K$ if [[ $TRAVIS_PYTHON_VERSION == 'pypy' ]]; then travis_retry pip install futures mock; fi

travis_time:end:153a9b1e:start=1609512952873835434,finish=1609512952881370394,duration=7534960[0Ktravis_fold:end:install.2[0Ktravis_fold:start:install.3[0Ktravis_time:start:06534c00[0K$ if [[ $TRAVIS_PYTHON_VERSION != 'pypy'* ]]; then travis_retry pip install pycurl; fi
Collecting pycurl
  Downloading https://files.pythonhosted.org/packages/50/1a/35b1d8b8e4e23a234f1b17a8a40299fd550940b16866c9a1f2d47a04b969/pycurl-7.43.0.6.tar.gz (222kB)
Building wheels for collected packages: pycurl
  Running setup.py bdist_wheel for pycurl: started
  Running setup.py bdist_wheel for pycurl: finished with status 'done'
  Stored in directory: /home/travis/.cache/pip/wheels/d9/a1/7b/2894883fd5c69a3ba684a49d255466d1e924b3cf58cedc1ade
Successfully built pycurl
Installing collected packages: pycurl
Successfully installed pycurl-7.43.0.6

travis_time:end:06534c00:start=1609512952892121068,finish=1609512962516027586,duration=9623906518[0Ktravis_fold:end:install.3[0Ktravis_fold:start:install.4[0Ktravis_time:start:1e11eb90[0K$ if [[ $TRAVIS_PYTHON_VERSION != 'pypy'* ]]; then travis_retry pip install Twisted; fi
Collecting Twisted
  Downloading https://files.pythonhosted.org/packages/b7/04/1a664c9e5ec0224a1c1a154ddecaa4dc7b8967521bba225efcc41a03d5f3/Twisted-20.3.0-cp36-cp36m-manylinux1_x86_64.whl (3.1MB)
Collecting Automat>=0.3.0 (from Twisted)
  Downloading https://files.pythonhosted.org/packages/dd/83/5f6f3c1a562674d65efc320257bdc0873ec53147835aeef7762fe7585273/Automat-20.2.0-py2.py3-none-any.whl
Collecting hyperlink>=17.1.1 (from Twisted)
  Downloading https://files.pythonhosted.org/packages/88/a5/74f77547e9b175eb894d4fec5c76b0c8176c045e5bf3ac6a4d4d3feab4bb/hyperlink-20.0.1-py2.py3-none-any.whl (48kB)
Collecting PyHamcrest!=1.10.0,>=1.9.0 (from Twisted)
  Downloading https://files.pythonhosted.org/packages/40/16/e54cc65891f01cb62893540f44ffd3e8dab0a22443e1b438f1a9f5574bee/PyHamcrest-2.0.2-py3-none-any.whl (52kB)
Collecting attrs>=19.2.0 (from Twisted)
  Downloading https://files.pythonhosted.org/packages/c3/aa/cb45262569fcc047bf070b5de61813724d6726db83259222cd7b4c79821a/attrs-20.3.0-py2.py3-none-any.whl (49kB)
Collecting incremental>=16.10.1 (from Twisted)
  Downloading https://files.pythonhosted.org/packages/f5/1d/c98a587dc06e107115cf4a58b49de20b19222c83d75335a192052af4c4b7/incremental-17.5.0-py2.py3-none-any.whl
Collecting constantly>=15.1 (from Twisted)
  Downloading https://files.pythonhosted.org/packages/b9/65/48c1909d0c0aeae6c10213340ce682db01b48ea900a7d9fce7a7910ff318/constantly-15.1.0-py2.py3-none-any.whl
Collecting zope.interface>=4.4.2 (from Twisted)
  Downloading https://files.pythonhosted.org/packages/b8/7f/68077712fe83112d25b1ccf2e34f59e23a3cd7a54ea631090a6df77862de/zope.interface-5.2.0-cp36-cp36m-manylinux1_x86_64.whl (236kB)
Requirement already satisfied: six in /home/travis/virtualenv/python3.6.7/lib/python3.6/site-packages (from Automat>=0.3.0->Twisted) (1.11.0)
Collecting idna>=2.5 (from hyperlink>=17.1.1->Twisted)
  Downloading https://files.pythonhosted.org/packages/0f/6b/3a878f15ef3324754bf4780f8f047d692d9860be894ff8fb3135cef8bed8/idna-3.0-py2.py3-none-any.whl (58kB)
Requirement already satisfied: setuptools in /home/travis/virtualenv/python3.6.7/lib/python3.6/site-packages (from zope.interface>=4.4.2->Twisted) (40.4.3)
Installing collected packages: attrs, Automat, idna, hyperlink, PyHamcrest, incremental, constantly, zope.interface, Twisted
  Found existing installation: attrs 18.2.0
    Uninstalling attrs-18.2.0:
      Successfully uninstalled attrs-18.2.0
Successfully installed Automat-20.2.0 PyHamcrest-2.0.2 Twisted-20.3.0 attrs-20.3.0 constantly-15.1.0 hyperlink-20.0.1 idna-3.0 incremental-17.5.0 zope.interface-5.2.0

travis_time:end:1e11eb90:start=1609512962527730073,finish=1609512969047729360,duration=6519999287[0Ktravis_fold:end:install.4[0Ktravis_fold:start:install.5[0Ktravis_time:start:09853c65[0K$ if [[ $TRAVIS_PYTHON_VERSION == '2.7' || $TRAVIS_PYTHON_VERSION == '3.5' || $TRAVIS_PYTHON_VERSION == '3.6' ]]; then travis_retry pip install sphinx sphinx_rtd_theme; fi
Collecting sphinx
  Downloading https://files.pythonhosted.org/packages/6d/b6/020cd8e0706bed5fce458017b002099ba4a3564e5a35788bc2607842435a/Sphinx-3.4.1-py3-none-any.whl (2.9MB)
Collecting sphinx_rtd_theme
  Downloading https://files.pythonhosted.org/packages/c3/86/1addf25a238bbd8466bb099f23d9a9f13494b22b37b44f6c41a778b8730f/sphinx_rtd_theme-0.5.0-py2.py3-none-any.whl (10.8MB)
Collecting babel>=1.3 (from sphinx)
  Downloading https://files.pythonhosted.org/packages/dd/a5/81076e10b5ef74493cf08a8e419e61b64324c9c55db4aa7f89c0240c4873/Babel-2.9.0-py2.py3-none-any.whl (8.8MB)
Collecting sphinxcontrib-devhelp (from sphinx)
  Downloading https://files.pythonhosted.org/packages/c5/09/5de5ed43a521387f18bdf5f5af31d099605c992fd25372b2b9b825ce48ee/sphinxcontrib_devhelp-1.0.2-py2.py3-none-any.whl (84kB)
Collecting sphinxcontrib-qthelp (from sphinx)
  Downloading https://files.pythonhosted.org/packages/2b/14/05f9206cf4e9cfca1afb5fd224c7cd434dcc3a433d6d9e4e0264d29c6cdb/sphinxcontrib_qthelp-1.0.3-py2.py3-none-any.whl (90kB)
Collecting sphinxcontrib-applehelp (from sphinx)
  Downloading https://files.pythonhosted.org/packages/dc/47/86022665a9433d89a66f5911b558ddff69861766807ba685de2e324bd6ed/sphinxcontrib_applehelp-1.0.2-py2.py3-none-any.whl (121kB)
Collecting docutils>=0.12 (from sphinx)
  Downloading https://files.pythonhosted.org/packages/81/44/8a15e45ffa96e6cf82956dd8d7af9e666357e16b0d93b253903475ee947f/docutils-0.16-py2.py3-none-any.whl (548kB)
Collecting alabaster<0.8,>=0.7 (from sphinx)
  Downloading https://files.pythonhosted.org/packages/10/ad/00b090d23a222943eb0eda509720a404f531a439e803f6538f35136cae9e/alabaster-0.7.12-py2.py3-none-any.whl
Collecting packaging (from sphinx)
  Downloading https://files.pythonhosted.org/packages/b1/a7/588bfa063e7763247ab6f7e1d994e331b85e0e7d09f853c59a6eb9696974/packaging-20.8-py2.py3-none-any.whl
Collecting requests>=2.5.0 (from sphinx)
  Downloading https://files.pythonhosted.org/packages/29/c1/24814557f1d22c56d50280771a17307e6bf87b70727d975fd6b2ce6b014a/requests-2.25.1-py2.py3-none-any.whl (61kB)
Collecting Jinja2>=2.3 (from sphinx)
  Downloading https://files.pythonhosted.org/packages/30/9e/f663a2aa66a09d838042ae1a2c5659828bb9b41ea3a6efa20a20fd92b121/Jinja2-2.11.2-py2.py3-none-any.whl (125kB)
Collecting Pygments>=2.0 (from sphinx)
  Downloading https://files.pythonhosted.org/packages/85/c5/c437c383d5917fae9782eb6588bec8aff931afe13c76b9e8c03dacee9beb/Pygments-2.7.3-py3-none-any.whl (950kB)
Collecting sphinxcontrib-serializinghtml (from sphinx)
  Downloading https://files.pythonhosted.org/packages/9a/ca/bfad79b79b3821d0c6361c431f0ef4aec16ee248338b2c2013008b34d345/sphinxcontrib_serializinghtml-1.1.4-py2.py3-none-any.whl (89kB)
Collecting snowballstemmer>=1.1 (from sphinx)
  Downloading https://files.pythonhosted.org/packages/7d/4b/cdf1113a0e88b641893b814e9c36f69a6fda28cd88b62c7f0d858cde3166/snowballstemmer-2.0.0-py2.py3-none-any.whl (97kB)
Collecting sphinxcontrib-htmlhelp (from sphinx)
  Downloading https://files.pythonhosted.org/packages/36/62/8222554b29b3acde8420128d6d3999c5904d40922ef4b6ccb370e2be7421/sphinxcontrib_htmlhelp-1.0.3-py2.py3-none-any.whl (96kB)
Collecting imagesize (from sphinx)
  Downloading https://files.pythonhosted.org/packages/31/b2/b5522a0c8d11e4aff83f8342f3f0dea68c2fb25aa44403e420587f0ce204/imagesize-1.2.0-py2.py3-none-any.whl
Requirement already satisfied: setuptools in /home/travis/virtualenv/python3.6.7/lib/python3.6/site-packages (from sphinx) (40.4.3)
Collecting sphinxcontrib-jsmath (from sphinx)
  Downloading https://files.pythonhosted.org/packages/c2/42/4c8646762ee83602e3fb3fbe774c2fac12f317deb0b5dbeeedd2d3ba4b77/sphinxcontrib_jsmath-1.0.1-py2.py3-none-any.whl
Collecting pytz>=2015.7 (from babel>=1.3->sphinx)
  Downloading https://files.pythonhosted.org/packages/89/06/2c2d3034b4d6bf22f2a4ae546d16925898658a33b4400cfb7e2c1e2871a3/pytz-2020.5-py2.py3-none-any.whl (510kB)
Collecting pyparsing>=2.0.2 (from packaging->sphinx)
  Downloading https://files.pythonhosted.org/packages/8a/bb/488841f56197b13700afd5658fc279a2025a39e22449b7cf29864669b15d/pyparsing-2.4.7-py2.py3-none-any.whl (67kB)
Collecting chardet<5,>=3.0.2 (from requests>=2.5.0->sphinx)
  Downloading https://files.pythonhosted.org/packages/19/c7/fa589626997dd07bd87d9269342ccb74b1720384a4d739a1872bd84fbe68/chardet-4.0.0-py2.py3-none-any.whl (178kB)
Collecting idna<3,>=2.5 (from requests>=2.5.0->sphinx)
  Downloading https://files.pythonhosted.org/packages/a2/38/928ddce2273eaa564f6f50de919327bf3a00f091b5baba8dfa9460f3a8a8/idna-2.10-py2.py3-none-any.whl (58kB)
Requirement already satisfied: certifi>=2017.4.17 in /home/travis/virtualenv/python3.6.7/lib/python3.6/site-packages (from requests>=2.5.0->sphinx) (2018.10.15)
Collecting urllib3<1.27,>=1.21.1 (from requests>=2.5.0->sphinx)
  Downloading https://files.pythonhosted.org/packages/f5/71/45d36a8df68f3ebb098d6861b2c017f3d094538c0fb98fa61d4dc43e69b9/urllib3-1.26.2-py2.py3-none-any.whl (136kB)
Collecting MarkupSafe>=0.23 (from Jinja2>=2.3->sphinx)
  Downloading https://files.pythonhosted.org/packages/b2/5f/23e0023be6bb885d00ffbefad2942bc51a620328ee910f64abe5a8d18dd1/MarkupSafe-1.1.1-cp36-cp36m-manylinux1_x86_64.whl
Installing collected packages: pytz, babel, sphinxcontrib-devhelp, sphinxcontrib-qthelp, sphinxcontrib-applehelp, docutils, alabaster, pyparsing, packaging, chardet, idna, urllib3, requests, MarkupSafe, Jinja2, Pygments, sphinxcontrib-serializinghtml, snowballstemmer, sphinxcontrib-htmlhelp, imagesize, sphinxcontrib-jsmath, sphinx, sphinx-rtd-theme
  Found existing installation: idna 3.0
    Uninstalling idna-3.0:
      Successfully uninstalled idna-3.0
Successfully installed Jinja2-2.11.2 MarkupSafe-1.1.1 Pygments-2.7.3 alabaster-0.7.12 babel-2.9.0 chardet-4.0.0 docutils-0.16 idna-2.10 imagesize-1.2.0 packaging-20.8 pyparsing-2.4.7 pytz-2020.5 requests-2.25.1 snowballstemmer-2.0.0 sphinx-3.4.1 sphinx-rtd-theme-0.5.0 sphinxcontrib-applehelp-1.0.2 sphinxcontrib-devhelp-1.0.2 sphinxcontrib-htmlhelp-1.0.3 sphinxcontrib-jsmath-1.0.1 sphinxcontrib-qthelp-1.0.3 sphinxcontrib-serializinghtml-1.1.4 urllib3-1.26.2

travis_time:end:09853c65:start=1609512969058133982,finish=1609512978738691663,duration=9680557681[0Ktravis_fold:end:install.5[0Ktravis_fold:start:install.6[0Ktravis_time:start:13aced76[0K$ if [[ $TRAVIS_PYTHON_VERSION != 'pypy'* ]]; then export TORNADO_EXTENSION=1; fi

travis_time:end:13aced76:start=1609512978749849863,finish=1609512978757722125,duration=7872262[0Ktravis_fold:end:install.6[0Ktravis_fold:start:install.7[0Ktravis_time:start:03ffd275[0K$ travis_retry python setup.py install
running install
running bdist_egg
running egg_info
creating tornado.egg-info
writing tornado.egg-info/PKG-INFO
writing dependency_links to tornado.egg-info/dependency_links.txt
writing top-level names to tornado.egg-info/top_level.txt
writing manifest file 'tornado.egg-info/SOURCES.txt'
reading manifest file 'tornado.egg-info/SOURCES.txt'
reading manifest template 'MANIFEST.in'
no previously-included directories found matching 'docs/build'
warning: no files found matching 'tornado/test/README'
writing manifest file 'tornado.egg-info/SOURCES.txt'
installing library code to build/bdist.linux-x86_64/egg
running install_lib
running build_py
creating build
creating build/lib.linux-x86_64-3.6
creating build/lib.linux-x86_64-3.6/tornado
copying tornado/__init__.py -> build/lib.linux-x86_64-3.6/tornado
copying tornado/_locale_data.py -> build/lib.linux-x86_64-3.6/tornado
copying tornado/auth.py -> build/lib.linux-x86_64-3.6/tornado
copying tornado/autoreload.py -> build/lib.linux-x86_64-3.6/tornado
copying tornado/concurrent.py -> build/lib.linux-x86_64-3.6/tornado
copying tornado/curl_httpclient.py -> build/lib.linux-x86_64-3.6/tornado
copying tornado/escape.py -> build/lib.linux-x86_64-3.6/tornado
copying tornado/gen.py -> build/lib.linux-x86_64-3.6/tornado
copying tornado/http1connection.py -> build/lib.linux-x86_64-3.6/tornado
copying tornado/httpclient.py -> build/lib.linux-x86_64-3.6/tornado
copying tornado/httpserver.py -> build/lib.linux-x86_64-3.6/tornado
copying tornado/httputil.py -> build/lib.linux-x86_64-3.6/tornado
copying tornado/ioloop.py -> build/lib.linux-x86_64-3.6/tornado
copying tornado/iostream.py -> build/lib.linux-x86_64-3.6/tornado
copying tornado/locale.py -> build/lib.linux-x86_64-3.6/tornado
copying tornado/locks.py -> build/lib.linux-x86_64-3.6/tornado
copying tornado/log.py -> build/lib.linux-x86_64-3.6/tornado
copying tornado/netutil.py -> build/lib.linux-x86_64-3.6/tornado
copying tornado/options.py -> build/lib.linux-x86_64-3.6/tornado
copying tornado/process.py -> build/lib.linux-x86_64-3.6/tornado
copying tornado/queues.py -> build/lib.linux-x86_64-3.6/tornado
copying tornado/routing.py -> build/lib.linux-x86_64-3.6/tornado
copying tornado/simple_httpclient.py -> build/lib.linux-x86_64-3.6/tornado
copying tornado/stack_context.py -> build/lib.linux-x86_64-3.6/tornado
copying tornado/tcpclient.py -> build/lib.linux-x86_64-3.6/tornado
copying tornado/tcpserver.py -> build/lib.linux-x86_64-3.6/tornado
copying tornado/template.py -> build/lib.linux-x86_64-3.6/tornado
copying tornado/testing.py -> build/lib.linux-x86_64-3.6/tornado
copying tornado/util.py -> build/lib.linux-x86_64-3.6/tornado
copying tornado/web.py -> build/lib.linux-x86_64-3.6/tornado
copying tornado/websocket.py -> build/lib.linux-x86_64-3.6/tornado
copying tornado/wsgi.py -> build/lib.linux-x86_64-3.6/tornado
creating build/lib.linux-x86_64-3.6/tornado/test
copying tornado/test/__init__.py -> build/lib.linux-x86_64-3.6/tornado/test
copying tornado/test/__main__.py -> build/lib.linux-x86_64-3.6/tornado/test
copying tornado/test/asyncio_test.py -> build/lib.linux-x86_64-3.6/tornado/test
copying tornado/test/auth_test.py -> build/lib.linux-x86_64-3.6/tornado/test
copying tornado/test/concurrent_test.py -> build/lib.linux-x86_64-3.6/tornado/test
copying tornado/test/curl_httpclient_test.py -> build/lib.linux-x86_64-3.6/tornado/test
copying tornado/test/escape_test.py -> build/lib.linux-x86_64-3.6/tornado/test
copying tornado/test/gen_test.py -> build/lib.linux-x86_64-3.6/tornado/test
copying tornado/test/http1connection_test.py -> build/lib.linux-x86_64-3.6/tornado/test
copying tornado/test/httpclient_test.py -> build/lib.linux-x86_64-3.6/tornado/test
copying tornado/test/httpserver_test.py -> build/lib.linux-x86_64-3.6/tornado/test
copying tornado/test/httputil_test.py -> build/lib.linux-x86_64-3.6/tornado/test
copying tornado/test/import_test.py -> build/lib.linux-x86_64-3.6/tornado/test
copying tornado/test/ioloop_test.py -> build/lib.linux-x86_64-3.6/tornado/test
copying tornado/test/iostream_test.py -> build/lib.linux-x86_64-3.6/tornado/test
copying tornado/test/locale_test.py -> build/lib.linux-x86_64-3.6/tornado/test
copying tornado/test/locks_test.py -> build/lib.linux-x86_64-3.6/tornado/test
copying tornado/test/log_test.py -> build/lib.linux-x86_64-3.6/tornado/test
copying tornado/test/netutil_test.py -> build/lib.linux-x86_64-3.6/tornado/test
copying tornado/test/options_test.py -> build/lib.linux-x86_64-3.6/tornado/test
copying tornado/test/process_test.py -> build/lib.linux-x86_64-3.6/tornado/test
copying tornado/test/queues_test.py -> build/lib.linux-x86_64-3.6/tornado/test
copying tornado/test/resolve_test_helper.py -> build/lib.linux-x86_64-3.6/tornado/test
copying tornado/test/routing_test.py -> build/lib.linux-x86_64-3.6/tornado/test
copying tornado/test/runtests.py -> build/lib.linux-x86_64-3.6/tornado/test
copying tornado/test/simple_httpclient_test.py -> build/lib.linux-x86_64-3.6/tornado/test
copying tornado/test/stack_context_test.py -> build/lib.linux-x86_64-3.6/tornado/test
copying tornado/test/tcpclient_test.py -> build/lib.linux-x86_64-3.6/tornado/test
copying tornado/test/tcpserver_test.py -> build/lib.linux-x86_64-3.6/tornado/test
copying tornado/test/template_test.py -> build/lib.linux-x86_64-3.6/tornado/test
copying tornado/test/testing_test.py -> build/lib.linux-x86_64-3.6/tornado/test
copying tornado/test/twisted_test.py -> build/lib.linux-x86_64-3.6/tornado/test
copying tornado/test/util.py -> build/lib.linux-x86_64-3.6/tornado/test
copying tornado/test/util_test.py -> build/lib.linux-x86_64-3.6/tornado/test
copying tornado/test/web_test.py -> build/lib.linux-x86_64-3.6/tornado/test
copying tornado/test/websocket_test.py -> build/lib.linux-x86_64-3.6/tornado/test
copying tornado/test/windows_test.py -> build/lib.linux-x86_64-3.6/tornado/test
copying tornado/test/wsgi_test.py -> build/lib.linux-x86_64-3.6/tornado/test
creating build/lib.linux-x86_64-3.6/tornado/platform
copying tornado/platform/__init__.py -> build/lib.linux-x86_64-3.6/tornado/platform
copying tornado/platform/asyncio.py -> build/lib.linux-x86_64-3.6/tornado/platform
copying tornado/platform/auto.py -> build/lib.linux-x86_64-3.6/tornado/platform
copying tornado/platform/caresresolver.py -> build/lib.linux-x86_64-3.6/tornado/platform
copying tornado/platform/common.py -> build/lib.linux-x86_64-3.6/tornado/platform
copying tornado/platform/epoll.py -> build/lib.linux-x86_64-3.6/tornado/platform
copying tornado/platform/interface.py -> build/lib.linux-x86_64-3.6/tornado/platform
copying tornado/platform/kqueue.py -> build/lib.linux-x86_64-3.6/tornado/platform
copying tornado/platform/posix.py -> build/lib.linux-x86_64-3.6/tornado/platform
copying tornado/platform/select.py -> build/lib.linux-x86_64-3.6/tornado/platform
copying tornado/platform/twisted.py -> build/lib.linux-x86_64-3.6/tornado/platform
copying tornado/platform/windows.py -> build/lib.linux-x86_64-3.6/tornado/platform
creating build/lib.linux-x86_64-3.6/tornado/test/csv_translations
copying tornado/test/csv_translations/fr_FR.csv -> build/lib.linux-x86_64-3.6/tornado/test/csv_translations
creating build/lib.linux-x86_64-3.6/tornado/test/gettext_translations
creating build/lib.linux-x86_64-3.6/tornado/test/gettext_translations/fr_FR
creating build/lib.linux-x86_64-3.6/tornado/test/gettext_translations/fr_FR/LC_MESSAGES
copying tornado/test/gettext_translations/fr_FR/LC_MESSAGES/tornado_test.mo -> build/lib.linux-x86_64-3.6/tornado/test/gettext_translations/fr_FR/LC_MESSAGES
copying tornado/test/gettext_translations/fr_FR/LC_MESSAGES/tornado_test.po -> build/lib.linux-x86_64-3.6/tornado/test/gettext_translations/fr_FR/LC_MESSAGES
copying tornado/test/options_test.cfg -> build/lib.linux-x86_64-3.6/tornado/test
creating build/lib.linux-x86_64-3.6/tornado/test/static
copying tornado/test/static/robots.txt -> build/lib.linux-x86_64-3.6/tornado/test/static
copying tornado/test/static/sample.xml -> build/lib.linux-x86_64-3.6/tornado/test/static
copying tornado/test/static/sample.xml.gz -> build/lib.linux-x86_64-3.6/tornado/test/static
copying tornado/test/static/sample.xml.bz2 -> build/lib.linux-x86_64-3.6/tornado/test/static
creating build/lib.linux-x86_64-3.6/tornado/test/static/dir
copying tornado/test/static/dir/index.html -> build/lib.linux-x86_64-3.6/tornado/test/static/dir
copying tornado/test/static_foo.txt -> build/lib.linux-x86_64-3.6/tornado/test
creating build/lib.linux-x86_64-3.6/tornado/test/templates
copying tornado/test/templates/utf8.html -> build/lib.linux-x86_64-3.6/tornado/test/templates
copying tornado/test/test.crt -> build/lib.linux-x86_64-3.6/tornado/test
copying tornado/test/test.key -> build/lib.linux-x86_64-3.6/tornado/test
running build_ext
building 'tornado.speedups' extension
creating build/temp.linux-x86_64-3.6
creating build/temp.linux-x86_64-3.6/tornado
gcc -pthread -Wno-unused-result -Wsign-compare -DNDEBUG -g -fwrapv -O3 -Wall -g -fstack-protector --param=ssp-buffer-size=4 -Wformat -Werror=format-security -fPIC -I/opt/python/3.6.7/include/python3.6m -c tornado/speedups.c -o build/temp.linux-x86_64-3.6/tornado/speedups.o
gcc -pthread -shared -L/opt/python/3.6.7/lib -Wl,-rpath=/opt/python/3.6.7/lib -L/opt/python/3.6.7/lib -Wl,-rpath=/opt/python/3.6.7/lib build/temp.linux-x86_64-3.6/tornado/speedups.o -L/opt/python/3.6.7/lib -lpython3.6m -o build/lib.linux-x86_64-3.6/tornado/speedups.cpython-36m-x86_64-linux-gnu.so
creating build/bdist.linux-x86_64
creating build/bdist.linux-x86_64/egg
creating build/bdist.linux-x86_64/egg/tornado
copying build/lib.linux-x86_64-3.6/tornado/__init__.py -> build/bdist.linux-x86_64/egg/tornado
copying build/lib.linux-x86_64-3.6/tornado/_locale_data.py -> build/bdist.linux-x86_64/egg/tornado
copying build/lib.linux-x86_64-3.6/tornado/auth.py -> build/bdist.linux-x86_64/egg/tornado
copying build/lib.linux-x86_64-3.6/tornado/autoreload.py -> build/bdist.linux-x86_64/egg/tornado
copying build/lib.linux-x86_64-3.6/tornado/concurrent.py -> build/bdist.linux-x86_64/egg/tornado
copying build/lib.linux-x86_64-3.6/tornado/curl_httpclient.py -> build/bdist.linux-x86_64/egg/tornado
copying build/lib.linux-x86_64-3.6/tornado/escape.py -> build/bdist.linux-x86_64/egg/tornado
copying build/lib.linux-x86_64-3.6/tornado/gen.py -> build/bdist.linux-x86_64/egg/tornado
copying build/lib.linux-x86_64-3.6/tornado/http1connection.py -> build/bdist.linux-x86_64/egg/tornado
copying build/lib.linux-x86_64-3.6/tornado/httpclient.py -> build/bdist.linux-x86_64/egg/tornado
copying build/lib.linux-x86_64-3.6/tornado/httpserver.py -> build/bdist.linux-x86_64/egg/tornado
copying build/lib.linux-x86_64-3.6/tornado/httputil.py -> build/bdist.linux-x86_64/egg/tornado
copying build/lib.linux-x86_64-3.6/tornado/ioloop.py -> build/bdist.linux-x86_64/egg/tornado
copying build/lib.linux-x86_64-3.6/tornado/iostream.py -> build/bdist.linux-x86_64/egg/tornado
copying build/lib.linux-x86_64-3.6/tornado/locale.py -> build/bdist.linux-x86_64/egg/tornado
copying build/lib.linux-x86_64-3.6/tornado/locks.py -> build/bdist.linux-x86_64/egg/tornado
copying build/lib.linux-x86_64-3.6/tornado/log.py -> build/bdist.linux-x86_64/egg/tornado
copying build/lib.linux-x86_64-3.6/tornado/netutil.py -> build/bdist.linux-x86_64/egg/tornado
copying build/lib.linux-x86_64-3.6/tornado/options.py -> build/bdist.linux-x86_64/egg/tornado
copying build/lib.linux-x86_64-3.6/tornado/process.py -> build/bdist.linux-x86_64/egg/tornado
copying build/lib.linux-x86_64-3.6/tornado/queues.py -> build/bdist.linux-x86_64/egg/tornado
copying build/lib.linux-x86_64-3.6/tornado/routing.py -> build/bdist.linux-x86_64/egg/tornado
copying build/lib.linux-x86_64-3.6/tornado/simple_httpclient.py -> build/bdist.linux-x86_64/egg/tornado
copying build/lib.linux-x86_64-3.6/tornado/stack_context.py -> build/bdist.linux-x86_64/egg/tornado
copying build/lib.linux-x86_64-3.6/tornado/tcpclient.py -> build/bdist.linux-x86_64/egg/tornado
copying build/lib.linux-x86_64-3.6/tornado/tcpserver.py -> build/bdist.linux-x86_64/egg/tornado
copying build/lib.linux-x86_64-3.6/tornado/template.py -> build/bdist.linux-x86_64/egg/tornado
copying build/lib.linux-x86_64-3.6/tornado/testing.py -> build/bdist.linux-x86_64/egg/tornado
copying build/lib.linux-x86_64-3.6/tornado/util.py -> build/bdist.linux-x86_64/egg/tornado
copying build/lib.linux-x86_64-3.6/tornado/web.py -> build/bdist.linux-x86_64/egg/tornado
copying build/lib.linux-x86_64-3.6/tornado/websocket.py -> build/bdist.linux-x86_64/egg/tornado
copying build/lib.linux-x86_64-3.6/tornado/wsgi.py -> build/bdist.linux-x86_64/egg/tornado
creating build/bdist.linux-x86_64/egg/tornado/test
copying build/lib.linux-x86_64-3.6/tornado/test/__init__.py -> build/bdist.linux-x86_64/egg/tornado/test
copying build/lib.linux-x86_64-3.6/tornado/test/__main__.py -> build/bdist.linux-x86_64/egg/tornado/test
copying build/lib.linux-x86_64-3.6/tornado/test/asyncio_test.py -> build/bdist.linux-x86_64/egg/tornado/test
copying build/lib.linux-x86_64-3.6/tornado/test/auth_test.py -> build/bdist.linux-x86_64/egg/tornado/test
copying build/lib.linux-x86_64-3.6/tornado/test/concurrent_test.py -> build/bdist.linux-x86_64/egg/tornado/test
copying build/lib.linux-x86_64-3.6/tornado/test/curl_httpclient_test.py -> build/bdist.linux-x86_64/egg/tornado/test
copying build/lib.linux-x86_64-3.6/tornado/test/escape_test.py -> build/bdist.linux-x86_64/egg/tornado/test
copying build/lib.linux-x86_64-3.6/tornado/test/gen_test.py -> build/bdist.linux-x86_64/egg/tornado/test
copying build/lib.linux-x86_64-3.6/tornado/test/http1connection_test.py -> build/bdist.linux-x86_64/egg/tornado/test
copying build/lib.linux-x86_64-3.6/tornado/test/httpclient_test.py -> build/bdist.linux-x86_64/egg/tornado/test
copying build/lib.linux-x86_64-3.6/tornado/test/httpserver_test.py -> build/bdist.linux-x86_64/egg/tornado/test
copying build/lib.linux-x86_64-3.6/tornado/test/httputil_test.py -> build/bdist.linux-x86_64/egg/tornado/test
copying build/lib.linux-x86_64-3.6/tornado/test/import_test.py -> build/bdist.linux-x86_64/egg/tornado/test
copying build/lib.linux-x86_64-3.6/tornado/test/ioloop_test.py -> build/bdist.linux-x86_64/egg/tornado/test
copying build/lib.linux-x86_64-3.6/tornado/test/iostream_test.py -> build/bdist.linux-x86_64/egg/tornado/test
copying build/lib.linux-x86_64-3.6/tornado/test/locale_test.py -> build/bdist.linux-x86_64/egg/tornado/test
copying build/lib.linux-x86_64-3.6/tornado/test/locks_test.py -> build/bdist.linux-x86_64/egg/tornado/test
copying build/lib.linux-x86_64-3.6/tornado/test/log_test.py -> build/bdist.linux-x86_64/egg/tornado/test
copying build/lib.linux-x86_64-3.6/tornado/test/netutil_test.py -> build/bdist.linux-x86_64/egg/tornado/test
copying build/lib.linux-x86_64-3.6/tornado/test/options_test.py -> build/bdist.linux-x86_64/egg/tornado/test
copying build/lib.linux-x86_64-3.6/tornado/test/process_test.py -> build/bdist.linux-x86_64/egg/tornado/test
copying build/lib.linux-x86_64-3.6/tornado/test/queues_test.py -> build/bdist.linux-x86_64/egg/tornado/test
copying build/lib.linux-x86_64-3.6/tornado/test/resolve_test_helper.py -> build/bdist.linux-x86_64/egg/tornado/test
copying build/lib.linux-x86_64-3.6/tornado/test/routing_test.py -> build/bdist.linux-x86_64/egg/tornado/test
copying build/lib.linux-x86_64-3.6/tornado/test/runtests.py -> build/bdist.linux-x86_64/egg/tornado/test
copying build/lib.linux-x86_64-3.6/tornado/test/simple_httpclient_test.py -> build/bdist.linux-x86_64/egg/tornado/test
copying build/lib.linux-x86_64-3.6/tornado/test/stack_context_test.py -> build/bdist.linux-x86_64/egg/tornado/test
copying build/lib.linux-x86_64-3.6/tornado/test/tcpclient_test.py -> build/bdist.linux-x86_64/egg/tornado/test
copying build/lib.linux-x86_64-3.6/tornado/test/tcpserver_test.py -> build/bdist.linux-x86_64/egg/tornado/test
copying build/lib.linux-x86_64-3.6/tornado/test/template_test.py -> build/bdist.linux-x86_64/egg/tornado/test
copying build/lib.linux-x86_64-3.6/tornado/test/testing_test.py -> build/bdist.linux-x86_64/egg/tornado/test
copying build/lib.linux-x86_64-3.6/tornado/test/twisted_test.py -> build/bdist.linux-x86_64/egg/tornado/test
copying build/lib.linux-x86_64-3.6/tornado/test/util.py -> build/bdist.linux-x86_64/egg/tornado/test
copying build/lib.linux-x86_64-3.6/tornado/test/util_test.py -> build/bdist.linux-x86_64/egg/tornado/test
copying build/lib.linux-x86_64-3.6/tornado/test/web_test.py -> build/bdist.linux-x86_64/egg/tornado/test
copying build/lib.linux-x86_64-3.6/tornado/test/websocket_test.py -> build/bdist.linux-x86_64/egg/tornado/test
copying build/lib.linux-x86_64-3.6/tornado/test/windows_test.py -> build/bdist.linux-x86_64/egg/tornado/test
copying build/lib.linux-x86_64-3.6/tornado/test/wsgi_test.py -> build/bdist.linux-x86_64/egg/tornado/test
creating build/bdist.linux-x86_64/egg/tornado/test/csv_translations
copying build/lib.linux-x86_64-3.6/tornado/test/csv_translations/fr_FR.csv -> build/bdist.linux-x86_64/egg/tornado/test/csv_translations
creating build/bdist.linux-x86_64/egg/tornado/test/gettext_translations
creating build/bdist.linux-x86_64/egg/tornado/test/gettext_translations/fr_FR
creating build/bdist.linux-x86_64/egg/tornado/test/gettext_translations/fr_FR/LC_MESSAGES
copying build/lib.linux-x86_64-3.6/tornado/test/gettext_translations/fr_FR/LC_MESSAGES/tornado_test.mo -> build/bdist.linux-x86_64/egg/tornado/test/gettext_translations/fr_FR/LC_MESSAGES
copying build/lib.linux-x86_64-3.6/tornado/test/gettext_translations/fr_FR/LC_MESSAGES/tornado_test.po -> build/bdist.linux-x86_64/egg/tornado/test/gettext_translations/fr_FR/LC_MESSAGES
copying build/lib.linux-x86_64-3.6/tornado/test/options_test.cfg -> build/bdist.linux-x86_64/egg/tornado/test
creating build/bdist.linux-x86_64/egg/tornado/test/static
copying build/lib.linux-x86_64-3.6/tornado/test/static/robots.txt -> build/bdist.linux-x86_64/egg/tornado/test/static
copying build/lib.linux-x86_64-3.6/tornado/test/static/sample.xml -> build/bdist.linux-x86_64/egg/tornado/test/static
copying build/lib.linux-x86_64-3.6/tornado/test/static/sample.xml.gz -> build/bdist.linux-x86_64/egg/tornado/test/static
copying build/lib.linux-x86_64-3.6/tornado/test/static/sample.xml.bz2 -> build/bdist.linux-x86_64/egg/tornado/test/static
creating build/bdist.linux-x86_64/egg/tornado/test/static/dir
copying build/lib.linux-x86_64-3.6/tornado/test/static/dir/index.html -> build/bdist.linux-x86_64/egg/tornado/test/static/dir
copying build/lib.linux-x86_64-3.6/tornado/test/static_foo.txt -> build/bdist.linux-x86_64/egg/tornado/test
creating build/bdist.linux-x86_64/egg/tornado/test/templates
copying build/lib.linux-x86_64-3.6/tornado/test/templates/utf8.html -> build/bdist.linux-x86_64/egg/tornado/test/templates
copying build/lib.linux-x86_64-3.6/tornado/test/test.crt -> build/bdist.linux-x86_64/egg/tornado/test
copying build/lib.linux-x86_64-3.6/tornado/test/test.key -> build/bdist.linux-x86_64/egg/tornado/test
creating build/bdist.linux-x86_64/egg/tornado/platform
copying build/lib.linux-x86_64-3.6/tornado/platform/__init__.py -> build/bdist.linux-x86_64/egg/tornado/platform
copying build/lib.linux-x86_64-3.6/tornado/platform/asyncio.py -> build/bdist.linux-x86_64/egg/tornado/platform
copying build/lib.linux-x86_64-3.6/tornado/platform/auto.py -> build/bdist.linux-x86_64/egg/tornado/platform
copying build/lib.linux-x86_64-3.6/tornado/platform/caresresolver.py -> build/bdist.linux-x86_64/egg/tornado/platform
copying build/lib.linux-x86_64-3.6/tornado/platform/common.py -> build/bdist.linux-x86_64/egg/tornado/platform
copying build/lib.linux-x86_64-3.6/tornado/platform/epoll.py -> build/bdist.linux-x86_64/egg/tornado/platform
copying build/lib.linux-x86_64-3.6/tornado/platform/interface.py -> build/bdist.linux-x86_64/egg/tornado/platform
copying build/lib.linux-x86_64-3.6/tornado/platform/kqueue.py -> build/bdist.linux-x86_64/egg/tornado/platform
copying build/lib.linux-x86_64-3.6/tornado/platform/posix.py -> build/bdist.linux-x86_64/egg/tornado/platform
copying build/lib.linux-x86_64-3.6/tornado/platform/select.py -> build/bdist.linux-x86_64/egg/tornado/platform
copying build/lib.linux-x86_64-3.6/tornado/platform/twisted.py -> build/bdist.linux-x86_64/egg/tornado/platform
copying build/lib.linux-x86_64-3.6/tornado/platform/windows.py -> build/bdist.linux-x86_64/egg/tornado/platform
copying build/lib.linux-x86_64-3.6/tornado/speedups.cpython-36m-x86_64-linux-gnu.so -> build/bdist.linux-x86_64/egg/tornado
byte-compiling build/bdist.linux-x86_64/egg/tornado/__init__.py to __init__.cpython-36.pyc
byte-compiling build/bdist.linux-x86_64/egg/tornado/_locale_data.py to _locale_data.cpython-36.pyc
byte-compiling build/bdist.linux-x86_64/egg/tornado/auth.py to auth.cpython-36.pyc
byte-compiling build/bdist.linux-x86_64/egg/tornado/autoreload.py to autoreload.cpython-36.pyc
byte-compiling build/bdist.linux-x86_64/egg/tornado/concurrent.py to concurrent.cpython-36.pyc
byte-compiling build/bdist.linux-x86_64/egg/tornado/curl_httpclient.py to curl_httpclient.cpython-36.pyc
byte-compiling build/bdist.linux-x86_64/egg/tornado/escape.py to escape.cpython-36.pyc
byte-compiling build/bdist.linux-x86_64/egg/tornado/gen.py to gen.cpython-36.pyc
byte-compiling build/bdist.linux-x86_64/egg/tornado/http1connection.py to http1connection.cpython-36.pyc
byte-compiling build/bdist.linux-x86_64/egg/tornado/httpclient.py to httpclient.cpython-36.pyc
byte-compiling build/bdist.linux-x86_64/egg/tornado/httpserver.py to httpserver.cpython-36.pyc
byte-compiling build/bdist.linux-x86_64/egg/tornado/httputil.py to httputil.cpython-36.pyc
byte-compiling build/bdist.linux-x86_64/egg/tornado/ioloop.py to ioloop.cpython-36.pyc
byte-compiling build/bdist.linux-x86_64/egg/tornado/iostream.py to iostream.cpython-36.pyc
byte-compiling build/bdist.linux-x86_64/egg/tornado/locale.py to locale.cpython-36.pyc
byte-compiling build/bdist.linux-x86_64/egg/tornado/locks.py to locks.cpython-36.pyc
byte-compiling build/bdist.linux-x86_64/egg/tornado/log.py to log.cpython-36.pyc
byte-compiling build/bdist.linux-x86_64/egg/tornado/netutil.py to netutil.cpython-36.pyc
byte-compiling build/bdist.linux-x86_64/egg/tornado/options.py to options.cpython-36.pyc
byte-compiling build/bdist.linux-x86_64/egg/tornado/process.py to process.cpython-36.pyc
byte-compiling build/bdist.linux-x86_64/egg/tornado/queues.py to queues.cpython-36.pyc
byte-compiling build/bdist.linux-x86_64/egg/tornado/routing.py to routing.cpython-36.pyc
byte-compiling build/bdist.linux-x86_64/egg/tornado/simple_httpclient.py to simple_httpclient.cpython-36.pyc
byte-compiling build/bdist.linux-x86_64/egg/tornado/stack_context.py to stack_context.cpython-36.pyc
byte-compiling build/bdist.linux-x86_64/egg/tornado/tcpclient.py to tcpclient.cpython-36.pyc
byte-compiling build/bdist.linux-x86_64/egg/tornado/tcpserver.py to tcpserver.cpython-36.pyc
byte-compiling build/bdist.linux-x86_64/egg/tornado/template.py to template.cpython-36.pyc
byte-compiling build/bdist.linux-x86_64/egg/tornado/testing.py to testing.cpython-36.pyc
byte-compiling build/bdist.linux-x86_64/egg/tornado/util.py to util.cpython-36.pyc
byte-compiling build/bdist.linux-x86_64/egg/tornado/web.py to web.cpython-36.pyc
byte-compiling build/bdist.linux-x86_64/egg/tornado/websocket.py to websocket.cpython-36.pyc
byte-compiling build/bdist.linux-x86_64/egg/tornado/wsgi.py to wsgi.cpython-36.pyc
byte-compiling build/bdist.linux-x86_64/egg/tornado/test/__init__.py to __init__.cpython-36.pyc
byte-compiling build/bdist.linux-x86_64/egg/tornado/test/__main__.py to __main__.cpython-36.pyc
byte-compiling build/bdist.linux-x86_64/egg/tornado/test/asyncio_test.py to asyncio_test.cpython-36.pyc
byte-compiling build/bdist.linux-x86_64/egg/tornado/test/auth_test.py to auth_test.cpython-36.pyc
byte-compiling build/bdist.linux-x86_64/egg/tornado/test/concurrent_test.py to concurrent_test.cpython-36.pyc
byte-compiling build/bdist.linux-x86_64/egg/tornado/test/curl_httpclient_test.py to curl_httpclient_test.cpython-36.pyc
byte-compiling build/bdist.linux-x86_64/egg/tornado/test/escape_test.py to escape_test.cpython-36.pyc
byte-compiling build/bdist.linux-x86_64/egg/tornado/test/gen_test.py to gen_test.cpython-36.pyc
byte-compiling build/bdist.linux-x86_64/egg/tornado/test/http1connection_test.py to http1connection_test.cpython-36.pyc
byte-compiling build/bdist.linux-x86_64/egg/tornado/test/httpclient_test.py to httpclient_test.cpython-36.pyc
byte-compiling build/bdist.linux-x86_64/egg/tornado/test/httpserver_test.py to httpserver_test.cpython-36.pyc
byte-compiling build/bdist.linux-x86_64/egg/tornado/test/httputil_test.py to httputil_test.cpython-36.pyc
byte-compiling build/bdist.linux-x86_64/egg/tornado/test/import_test.py to import_test.cpython-36.pyc
byte-compiling build/bdist.linux-x86_64/egg/tornado/test/ioloop_test.py to ioloop_test.cpython-36.pyc
byte-compiling build/bdist.linux-x86_64/egg/tornado/test/iostream_test.py to iostream_test.cpython-36.pyc
byte-compiling build/bdist.linux-x86_64/egg/tornado/test/locale_test.py to locale_test.cpython-36.pyc
byte-compiling build/bdist.linux-x86_64/egg/tornado/test/locks_test.py to locks_test.cpython-36.pyc
byte-compiling build/bdist.linux-x86_64/egg/tornado/test/log_test.py to log_test.cpython-36.pyc
byte-compiling build/bdist.linux-x86_64/egg/tornado/test/netutil_test.py to netutil_test.cpython-36.pyc
byte-compiling build/bdist.linux-x86_64/egg/tornado/test/options_test.py to options_test.cpython-36.pyc
byte-compiling build/bdist.linux-x86_64/egg/tornado/test/process_test.py to process_test.cpython-36.pyc
byte-compiling build/bdist.linux-x86_64/egg/tornado/test/queues_test.py to queues_test.cpython-36.pyc
byte-compiling build/bdist.linux-x86_64/egg/tornado/test/resolve_test_helper.py to resolve_test_helper.cpython-36.pyc
byte-compiling build/bdist.linux-x86_64/egg/tornado/test/routing_test.py to routing_test.cpython-36.pyc
byte-compiling build/bdist.linux-x86_64/egg/tornado/test/runtests.py to runtests.cpython-36.pyc
byte-compiling build/bdist.linux-x86_64/egg/tornado/test/simple_httpclient_test.py to simple_httpclient_test.cpython-36.pyc
byte-compiling build/bdist.linux-x86_64/egg/tornado/test/stack_context_test.py to stack_context_test.cpython-36.pyc
byte-compiling build/bdist.linux-x86_64/egg/tornado/test/tcpclient_test.py to tcpclient_test.cpython-36.pyc
byte-compiling build/bdist.linux-x86_64/egg/tornado/test/tcpserver_test.py to tcpserver_test.cpython-36.pyc
byte-compiling build/bdist.linux-x86_64/egg/tornado/test/template_test.py to template_test.cpython-36.pyc
byte-compiling build/bdist.linux-x86_64/egg/tornado/test/testing_test.py to testing_test.cpython-36.pyc
byte-compiling build/bdist.linux-x86_64/egg/tornado/test/twisted_test.py to twisted_test.cpython-36.pyc
byte-compiling build/bdist.linux-x86_64/egg/tornado/test/util.py to util.cpython-36.pyc
byte-compiling build/bdist.linux-x86_64/egg/tornado/test/util_test.py to util_test.cpython-36.pyc
byte-compiling build/bdist.linux-x86_64/egg/tornado/test/web_test.py to web_test.cpython-36.pyc
byte-compiling build/bdist.linux-x86_64/egg/tornado/test/websocket_test.py to websocket_test.cpython-36.pyc
byte-compiling build/bdist.linux-x86_64/egg/tornado/test/windows_test.py to windows_test.cpython-36.pyc
byte-compiling build/bdist.linux-x86_64/egg/tornado/test/wsgi_test.py to wsgi_test.cpython-36.pyc
byte-compiling build/bdist.linux-x86_64/egg/tornado/platform/__init__.py to __init__.cpython-36.pyc
byte-compiling build/bdist.linux-x86_64/egg/tornado/platform/asyncio.py to asyncio.cpython-36.pyc
byte-compiling build/bdist.linux-x86_64/egg/tornado/platform/auto.py to auto.cpython-36.pyc
byte-compiling build/bdist.linux-x86_64/egg/tornado/platform/caresresolver.py to caresresolver.cpython-36.pyc
byte-compiling build/bdist.linux-x86_64/egg/tornado/platform/common.py to common.cpython-36.pyc
byte-compiling build/bdist.linux-x86_64/egg/tornado/platform/epoll.py to epoll.cpython-36.pyc
byte-compiling build/bdist.linux-x86_64/egg/tornado/platform/interface.py to interface.cpython-36.pyc
byte-compiling build/bdist.linux-x86_64/egg/tornado/platform/kqueue.py to kqueue.cpython-36.pyc
byte-compiling build/bdist.linux-x86_64/egg/tornado/platform/posix.py to posix.cpython-36.pyc
byte-compiling build/bdist.linux-x86_64/egg/tornado/platform/select.py to select.cpython-36.pyc
byte-compiling build/bdist.linux-x86_64/egg/tornado/platform/twisted.py to twisted.cpython-36.pyc
byte-compiling build/bdist.linux-x86_64/egg/tornado/platform/windows.py to windows.cpython-36.pyc
creating stub loader for tornado/speedups.cpython-36m-x86_64-linux-gnu.so
byte-compiling build/bdist.linux-x86_64/egg/tornado/speedups.py to speedups.cpython-36.pyc
creating build/bdist.linux-x86_64/egg/EGG-INFO
copying tornado.egg-info/PKG-INFO -> build/bdist.linux-x86_64/egg/EGG-INFO
copying tornado.egg-info/SOURCES.txt -> build/bdist.linux-x86_64/egg/EGG-INFO
copying tornado.egg-info/dependency_links.txt -> build/bdist.linux-x86_64/egg/EGG-INFO
copying tornado.egg-info/top_level.txt -> build/bdist.linux-x86_64/egg/EGG-INFO
writing build/bdist.linux-x86_64/egg/EGG-INFO/native_libs.txt
zip_safe flag not set; analyzing archive contents...
tornado.__pycache__.autoreload.cpython-36: module references __file__
tornado.__pycache__.options.cpython-36: module references __file__
tornado.__pycache__.speedups.cpython-36: module references __file__
tornado.__pycache__.testing.cpython-36: module references __file__
tornado.test.__pycache__.httpserver_test.cpython-36: module references __file__
tornado.test.__pycache__.iostream_test.cpython-36: module references __file__
tornado.test.__pycache__.locale_test.cpython-36: module references __file__
tornado.test.__pycache__.options_test.cpython-36: module references __file__
tornado.test.__pycache__.template_test.cpython-36: module references __file__
tornado.test.__pycache__.web_test.cpython-36: module references __file__
creating dist
creating 'dist/tornado-4.5.dev1-py3.6-linux-x86_64.egg' and adding 'build/bdist.linux-x86_64/egg' to it
removing 'build/bdist.linux-x86_64/egg' (and everything under it)
Processing tornado-4.5.dev1-py3.6-linux-x86_64.egg
creating /home/travis/virtualenv/python3.6.7/lib/python3.6/site-packages/tornado-4.5.dev1-py3.6-linux-x86_64.egg
Extracting tornado-4.5.dev1-py3.6-linux-x86_64.egg to /home/travis/virtualenv/python3.6.7/lib/python3.6/site-packages
Adding tornado 4.5.dev1 to easy-install.pth file

Installed /home/travis/virtualenv/python3.6.7/lib/python3.6/site-packages/tornado-4.5.dev1-py3.6-linux-x86_64.egg
Processing dependencies for tornado==4.5.dev1
Finished processing dependencies for tornado==4.5.dev1

travis_time:end:03ffd275:start=1609512978766424747,finish=1609512980930629038,duration=2164204291[0Ktravis_fold:end:install.7[0Ktravis_fold:start:install.8[0Ktravis_time:start:067c8bc2[0K$ travis_retry pip install codecov
Collecting codecov
  Downloading https://files.pythonhosted.org/packages/93/9f/bbea5b6231308458963cb5c067bc5643da9949689702fa5a382714b59699/codecov-2.1.11-py2.py3-none-any.whl
Collecting coverage (from codecov)
  Downloading https://files.pythonhosted.org/packages/57/1e/e0565ed26ec1a657786ec9a04f06363853c888c98016f87ee7072d5c99b6/coverage-5.3.1-cp36-cp36m-manylinux1_x86_64.whl (241kB)
Requirement already satisfied: requests>=2.7.9 in /home/travis/virtualenv/python3.6.7/lib/python3.6/site-packages (from codecov) (2.25.1)
Requirement already satisfied: idna<3,>=2.5 in /home/travis/virtualenv/python3.6.7/lib/python3.6/site-packages (from requests>=2.7.9->codecov) (2.10)
Requirement already satisfied: chardet<5,>=3.0.2 in /home/travis/virtualenv/python3.6.7/lib/python3.6/site-packages (from requests>=2.7.9->codecov) (4.0.0)
Requirement already satisfied: certifi>=2017.4.17 in /home/travis/virtualenv/python3.6.7/lib/python3.6/site-packages (from requests>=2.7.9->codecov) (2018.10.15)
Requirement already satisfied: urllib3<1.27,>=1.21.1 in /home/travis/virtualenv/python3.6.7/lib/python3.6/site-packages (from requests>=2.7.9->codecov) (1.26.2)
Installing collected packages: coverage, codecov
Successfully installed codecov-2.1.11 coverage-5.3.1

travis_time:end:067c8bc2:start=1609512980941690996,finish=1609512983055365858,duration=2113674862[0Ktravis_fold:end:install.8[0Ktravis_fold:start:install.9[0Ktravis_time:start:01b8e763[0K$ virtualenv ./nodeps
Using real prefix '/opt/python/3.6.7'
New python executable in /home/travis/build/failed/tornadoweb/tornado/nodeps/bin/python
Installing setuptools, pip, wheel...done.

travis_time:end:01b8e763:start=1609512983067196056,finish=1609512988769013204,duration=5701817148[0Ktravis_fold:end:install.9[0Ktravis_fold:start:install.10[0Ktravis_time:start:001268b2[0K$ ./nodeps/bin/python setup.py install
running install
running bdist_egg
running egg_info
writing tornado.egg-info/PKG-INFO
writing dependency_links to tornado.egg-info/dependency_links.txt
writing top-level names to tornado.egg-info/top_level.txt
reading manifest file 'tornado.egg-info/SOURCES.txt'
reading manifest template 'MANIFEST.in'
no previously-included directories found matching 'docs/build'
warning: no files found matching 'tornado/test/README'
writing manifest file 'tornado.egg-info/SOURCES.txt'
installing library code to build/bdist.linux-x86_64/egg
running install_lib
running build_py
running build_ext
creating build/bdist.linux-x86_64/egg
creating build/bdist.linux-x86_64/egg/tornado
copying build/lib.linux-x86_64-3.6/tornado/__init__.py -> build/bdist.linux-x86_64/egg/tornado
copying build/lib.linux-x86_64-3.6/tornado/_locale_data.py -> build/bdist.linux-x86_64/egg/tornado
copying build/lib.linux-x86_64-3.6/tornado/auth.py -> build/bdist.linux-x86_64/egg/tornado
copying build/lib.linux-x86_64-3.6/tornado/autoreload.py -> build/bdist.linux-x86_64/egg/tornado
copying build/lib.linux-x86_64-3.6/tornado/concurrent.py -> build/bdist.linux-x86_64/egg/tornado
copying build/lib.linux-x86_64-3.6/tornado/curl_httpclient.py -> build/bdist.linux-x86_64/egg/tornado
copying build/lib.linux-x86_64-3.6/tornado/escape.py -> build/bdist.linux-x86_64/egg/tornado
copying build/lib.linux-x86_64-3.6/tornado/gen.py -> build/bdist.linux-x86_64/egg/tornado
copying build/lib.linux-x86_64-3.6/tornado/http1connection.py -> build/bdist.linux-x86_64/egg/tornado
copying build/lib.linux-x86_64-3.6/tornado/httpclient.py -> build/bdist.linux-x86_64/egg/tornado
copying build/lib.linux-x86_64-3.6/tornado/httpserver.py -> build/bdist.linux-x86_64/egg/tornado
copying build/lib.linux-x86_64-3.6/tornado/httputil.py -> build/bdist.linux-x86_64/egg/tornado
copying build/lib.linux-x86_64-3.6/tornado/ioloop.py -> build/bdist.linux-x86_64/egg/tornado
copying build/lib.linux-x86_64-3.6/tornado/iostream.py -> build/bdist.linux-x86_64/egg/tornado
copying build/lib.linux-x86_64-3.6/tornado/locale.py -> build/bdist.linux-x86_64/egg/tornado
copying build/lib.linux-x86_64-3.6/tornado/locks.py -> build/bdist.linux-x86_64/egg/tornado
copying build/lib.linux-x86_64-3.6/tornado/log.py -> build/bdist.linux-x86_64/egg/tornado
copying build/lib.linux-x86_64-3.6/tornado/netutil.py -> build/bdist.linux-x86_64/egg/tornado
copying build/lib.linux-x86_64-3.6/tornado/options.py -> build/bdist.linux-x86_64/egg/tornado
copying build/lib.linux-x86_64-3.6/tornado/process.py -> build/bdist.linux-x86_64/egg/tornado
copying build/lib.linux-x86_64-3.6/tornado/queues.py -> build/bdist.linux-x86_64/egg/tornado
copying build/lib.linux-x86_64-3.6/tornado/routing.py -> build/bdist.linux-x86_64/egg/tornado
copying build/lib.linux-x86_64-3.6/tornado/simple_httpclient.py -> build/bdist.linux-x86_64/egg/tornado
copying build/lib.linux-x86_64-3.6/tornado/stack_context.py -> build/bdist.linux-x86_64/egg/tornado
copying build/lib.linux-x86_64-3.6/tornado/tcpclient.py -> build/bdist.linux-x86_64/egg/tornado
copying build/lib.linux-x86_64-3.6/tornado/tcpserver.py -> build/bdist.linux-x86_64/egg/tornado
copying build/lib.linux-x86_64-3.6/tornado/template.py -> build/bdist.linux-x86_64/egg/tornado
copying build/lib.linux-x86_64-3.6/tornado/testing.py -> build/bdist.linux-x86_64/egg/tornado
copying build/lib.linux-x86_64-3.6/tornado/util.py -> build/bdist.linux-x86_64/egg/tornado
copying build/lib.linux-x86_64-3.6/tornado/web.py -> build/bdist.linux-x86_64/egg/tornado
copying build/lib.linux-x86_64-3.6/tornado/websocket.py -> build/bdist.linux-x86_64/egg/tornado
copying build/lib.linux-x86_64-3.6/tornado/wsgi.py -> build/bdist.linux-x86_64/egg/tornado
creating build/bdist.linux-x86_64/egg/tornado/test
copying build/lib.linux-x86_64-3.6/tornado/test/__init__.py -> build/bdist.linux-x86_64/egg/tornado/test
copying build/lib.linux-x86_64-3.6/tornado/test/__main__.py -> build/bdist.linux-x86_64/egg/tornado/test
copying build/lib.linux-x86_64-3.6/tornado/test/asyncio_test.py -> build/bdist.linux-x86_64/egg/tornado/test
copying build/lib.linux-x86_64-3.6/tornado/test/auth_test.py -> build/bdist.linux-x86_64/egg/tornado/test
copying build/lib.linux-x86_64-3.6/tornado/test/concurrent_test.py -> build/bdist.linux-x86_64/egg/tornado/test
copying build/lib.linux-x86_64-3.6/tornado/test/curl_httpclient_test.py -> build/bdist.linux-x86_64/egg/tornado/test
copying build/lib.linux-x86_64-3.6/tornado/test/escape_test.py -> build/bdist.linux-x86_64/egg/tornado/test
copying build/lib.linux-x86_64-3.6/tornado/test/gen_test.py -> build/bdist.linux-x86_64/egg/tornado/test
copying build/lib.linux-x86_64-3.6/tornado/test/http1connection_test.py -> build/bdist.linux-x86_64/egg/tornado/test
copying build/lib.linux-x86_64-3.6/tornado/test/httpclient_test.py -> build/bdist.linux-x86_64/egg/tornado/test
copying build/lib.linux-x86_64-3.6/tornado/test/httpserver_test.py -> build/bdist.linux-x86_64/egg/tornado/test
copying build/lib.linux-x86_64-3.6/tornado/test/httputil_test.py -> build/bdist.linux-x86_64/egg/tornado/test
copying build/lib.linux-x86_64-3.6/tornado/test/import_test.py -> build/bdist.linux-x86_64/egg/tornado/test
copying build/lib.linux-x86_64-3.6/tornado/test/ioloop_test.py -> build/bdist.linux-x86_64/egg/tornado/test
copying build/lib.linux-x86_64-3.6/tornado/test/iostream_test.py -> build/bdist.linux-x86_64/egg/tornado/test
copying build/lib.linux-x86_64-3.6/tornado/test/locale_test.py -> build/bdist.linux-x86_64/egg/tornado/test
copying build/lib.linux-x86_64-3.6/tornado/test/locks_test.py -> build/bdist.linux-x86_64/egg/tornado/test
copying build/lib.linux-x86_64-3.6/tornado/test/log_test.py -> build/bdist.linux-x86_64/egg/tornado/test
copying build/lib.linux-x86_64-3.6/tornado/test/netutil_test.py -> build/bdist.linux-x86_64/egg/tornado/test
copying build/lib.linux-x86_64-3.6/tornado/test/options_test.py -> build/bdist.linux-x86_64/egg/tornado/test
copying build/lib.linux-x86_64-3.6/tornado/test/process_test.py -> build/bdist.linux-x86_64/egg/tornado/test
copying build/lib.linux-x86_64-3.6/tornado/test/queues_test.py -> build/bdist.linux-x86_64/egg/tornado/test
copying build/lib.linux-x86_64-3.6/tornado/test/resolve_test_helper.py -> build/bdist.linux-x86_64/egg/tornado/test
copying build/lib.linux-x86_64-3.6/tornado/test/routing_test.py -> build/bdist.linux-x86_64/egg/tornado/test
copying build/lib.linux-x86_64-3.6/tornado/test/runtests.py -> build/bdist.linux-x86_64/egg/tornado/test
copying build/lib.linux-x86_64-3.6/tornado/test/simple_httpclient_test.py -> build/bdist.linux-x86_64/egg/tornado/test
copying build/lib.linux-x86_64-3.6/tornado/test/stack_context_test.py -> build/bdist.linux-x86_64/egg/tornado/test
copying build/lib.linux-x86_64-3.6/tornado/test/tcpclient_test.py -> build/bdist.linux-x86_64/egg/tornado/test
copying build/lib.linux-x86_64-3.6/tornado/test/tcpserver_test.py -> build/bdist.linux-x86_64/egg/tornado/test
copying build/lib.linux-x86_64-3.6/tornado/test/template_test.py -> build/bdist.linux-x86_64/egg/tornado/test
copying build/lib.linux-x86_64-3.6/tornado/test/testing_test.py -> build/bdist.linux-x86_64/egg/tornado/test
copying build/lib.linux-x86_64-3.6/tornado/test/twisted_test.py -> build/bdist.linux-x86_64/egg/tornado/test
copying build/lib.linux-x86_64-3.6/tornado/test/util.py -> build/bdist.linux-x86_64/egg/tornado/test
copying build/lib.linux-x86_64-3.6/tornado/test/util_test.py -> build/bdist.linux-x86_64/egg/tornado/test
copying build/lib.linux-x86_64-3.6/tornado/test/web_test.py -> build/bdist.linux-x86_64/egg/tornado/test
copying build/lib.linux-x86_64-3.6/tornado/test/websocket_test.py -> build/bdist.linux-x86_64/egg/tornado/test
copying build/lib.linux-x86_64-3.6/tornado/test/windows_test.py -> build/bdist.linux-x86_64/egg/tornado/test
copying build/lib.linux-x86_64-3.6/tornado/test/wsgi_test.py -> build/bdist.linux-x86_64/egg/tornado/test
creating build/bdist.linux-x86_64/egg/tornado/test/csv_translations
copying build/lib.linux-x86_64-3.6/tornado/test/csv_translations/fr_FR.csv -> build/bdist.linux-x86_64/egg/tornado/test/csv_translations
creating build/bdist.linux-x86_64/egg/tornado/test/gettext_translations
creating build/bdist.linux-x86_64/egg/tornado/test/gettext_translations/fr_FR
creating build/bdist.linux-x86_64/egg/tornado/test/gettext_translations/fr_FR/LC_MESSAGES
copying build/lib.linux-x86_64-3.6/tornado/test/gettext_translations/fr_FR/LC_MESSAGES/tornado_test.mo -> build/bdist.linux-x86_64/egg/tornado/test/gettext_translations/fr_FR/LC_MESSAGES
copying build/lib.linux-x86_64-3.6/tornado/test/gettext_translations/fr_FR/LC_MESSAGES/tornado_test.po -> build/bdist.linux-x86_64/egg/tornado/test/gettext_translations/fr_FR/LC_MESSAGES
copying build/lib.linux-x86_64-3.6/tornado/test/options_test.cfg -> build/bdist.linux-x86_64/egg/tornado/test
creating build/bdist.linux-x86_64/egg/tornado/test/static
copying build/lib.linux-x86_64-3.6/tornado/test/static/robots.txt -> build/bdist.linux-x86_64/egg/tornado/test/static
copying build/lib.linux-x86_64-3.6/tornado/test/static/sample.xml -> build/bdist.linux-x86_64/egg/tornado/test/static
copying build/lib.linux-x86_64-3.6/tornado/test/static/sample.xml.gz -> build/bdist.linux-x86_64/egg/tornado/test/static
copying build/lib.linux-x86_64-3.6/tornado/test/static/sample.xml.bz2 -> build/bdist.linux-x86_64/egg/tornado/test/static
creating build/bdist.linux-x86_64/egg/tornado/test/static/dir
copying build/lib.linux-x86_64-3.6/tornado/test/static/dir/index.html -> build/bdist.linux-x86_64/egg/tornado/test/static/dir
copying build/lib.linux-x86_64-3.6/tornado/test/static_foo.txt -> build/bdist.linux-x86_64/egg/tornado/test
creating build/bdist.linux-x86_64/egg/tornado/test/templates
copying build/lib.linux-x86_64-3.6/tornado/test/templates/utf8.html -> build/bdist.linux-x86_64/egg/tornado/test/templates
copying build/lib.linux-x86_64-3.6/tornado/test/test.crt -> build/bdist.linux-x86_64/egg/tornado/test
copying build/lib.linux-x86_64-3.6/tornado/test/test.key -> build/bdist.linux-x86_64/egg/tornado/test
creating build/bdist.linux-x86_64/egg/tornado/platform
copying build/lib.linux-x86_64-3.6/tornado/platform/__init__.py -> build/bdist.linux-x86_64/egg/tornado/platform
copying build/lib.linux-x86_64-3.6/tornado/platform/asyncio.py -> build/bdist.linux-x86_64/egg/tornado/platform
copying build/lib.linux-x86_64-3.6/tornado/platform/auto.py -> build/bdist.linux-x86_64/egg/tornado/platform
copying build/lib.linux-x86_64-3.6/tornado/platform/caresresolver.py -> build/bdist.linux-x86_64/egg/tornado/platform
copying build/lib.linux-x86_64-3.6/tornado/platform/common.py -> build/bdist.linux-x86_64/egg/tornado/platform
copying build/lib.linux-x86_64-3.6/tornado/platform/epoll.py -> build/bdist.linux-x86_64/egg/tornado/platform
copying build/lib.linux-x86_64-3.6/tornado/platform/interface.py -> build/bdist.linux-x86_64/egg/tornado/platform
copying build/lib.linux-x86_64-3.6/tornado/platform/kqueue.py -> build/bdist.linux-x86_64/egg/tornado/platform
copying build/lib.linux-x86_64-3.6/tornado/platform/posix.py -> build/bdist.linux-x86_64/egg/tornado/platform
copying build/lib.linux-x86_64-3.6/tornado/platform/select.py -> build/bdist.linux-x86_64/egg/tornado/platform
copying build/lib.linux-x86_64-3.6/tornado/platform/twisted.py -> build/bdist.linux-x86_64/egg/tornado/platform
copying build/lib.linux-x86_64-3.6/tornado/platform/windows.py -> build/bdist.linux-x86_64/egg/tornado/platform
copying build/lib.linux-x86_64-3.6/tornado/speedups.cpython-36m-x86_64-linux-gnu.so -> build/bdist.linux-x86_64/egg/tornado
byte-compiling build/bdist.linux-x86_64/egg/tornado/__init__.py to __init__.cpython-36.pyc
byte-compiling build/bdist.linux-x86_64/egg/tornado/_locale_data.py to _locale_data.cpython-36.pyc
byte-compiling build/bdist.linux-x86_64/egg/tornado/auth.py to auth.cpython-36.pyc
byte-compiling build/bdist.linux-x86_64/egg/tornado/autoreload.py to autoreload.cpython-36.pyc
byte-compiling build/bdist.linux-x86_64/egg/tornado/concurrent.py to concurrent.cpython-36.pyc
byte-compiling build/bdist.linux-x86_64/egg/tornado/curl_httpclient.py to curl_httpclient.cpython-36.pyc
byte-compiling build/bdist.linux-x86_64/egg/tornado/escape.py to escape.cpython-36.pyc
byte-compiling build/bdist.linux-x86_64/egg/tornado/gen.py to gen.cpython-36.pyc
byte-compiling build/bdist.linux-x86_64/egg/tornado/http1connection.py to http1connection.cpython-36.pyc
byte-compiling build/bdist.linux-x86_64/egg/tornado/httpclient.py to httpclient.cpython-36.pyc
byte-compiling build/bdist.linux-x86_64/egg/tornado/httpserver.py to httpserver.cpython-36.pyc
byte-compiling build/bdist.linux-x86_64/egg/tornado/httputil.py to httputil.cpython-36.pyc
byte-compiling build/bdist.linux-x86_64/egg/tornado/ioloop.py to ioloop.cpython-36.pyc
byte-compiling build/bdist.linux-x86_64/egg/tornado/iostream.py to iostream.cpython-36.pyc
byte-compiling build/bdist.linux-x86_64/egg/tornado/locale.py to locale.cpython-36.pyc
byte-compiling build/bdist.linux-x86_64/egg/tornado/locks.py to locks.cpython-36.pyc
byte-compiling build/bdist.linux-x86_64/egg/tornado/log.py to log.cpython-36.pyc
byte-compiling build/bdist.linux-x86_64/egg/tornado/netutil.py to netutil.cpython-36.pyc
byte-compiling build/bdist.linux-x86_64/egg/tornado/options.py to options.cpython-36.pyc
byte-compiling build/bdist.linux-x86_64/egg/tornado/process.py to process.cpython-36.pyc
byte-compiling build/bdist.linux-x86_64/egg/tornado/queues.py to queues.cpython-36.pyc
byte-compiling build/bdist.linux-x86_64/egg/tornado/routing.py to routing.cpython-36.pyc
byte-compiling build/bdist.linux-x86_64/egg/tornado/simple_httpclient.py to simple_httpclient.cpython-36.pyc
byte-compiling build/bdist.linux-x86_64/egg/tornado/stack_context.py to stack_context.cpython-36.pyc
byte-compiling build/bdist.linux-x86_64/egg/tornado/tcpclient.py to tcpclient.cpython-36.pyc
byte-compiling build/bdist.linux-x86_64/egg/tornado/tcpserver.py to tcpserver.cpython-36.pyc
byte-compiling build/bdist.linux-x86_64/egg/tornado/template.py to template.cpython-36.pyc
byte-compiling build/bdist.linux-x86_64/egg/tornado/testing.py to testing.cpython-36.pyc
byte-compiling build/bdist.linux-x86_64/egg/tornado/util.py to util.cpython-36.pyc
byte-compiling build/bdist.linux-x86_64/egg/tornado/web.py to web.cpython-36.pyc
byte-compiling build/bdist.linux-x86_64/egg/tornado/websocket.py to websocket.cpython-36.pyc
byte-compiling build/bdist.linux-x86_64/egg/tornado/wsgi.py to wsgi.cpython-36.pyc
byte-compiling build/bdist.linux-x86_64/egg/tornado/test/__init__.py to __init__.cpython-36.pyc
byte-compiling build/bdist.linux-x86_64/egg/tornado/test/__main__.py to __main__.cpython-36.pyc
byte-compiling build/bdist.linux-x86_64/egg/tornado/test/asyncio_test.py to asyncio_test.cpython-36.pyc
byte-compiling build/bdist.linux-x86_64/egg/tornado/test/auth_test.py to auth_test.cpython-36.pyc
byte-compiling build/bdist.linux-x86_64/egg/tornado/test/concurrent_test.py to concurrent_test.cpython-36.pyc
byte-compiling build/bdist.linux-x86_64/egg/tornado/test/curl_httpclient_test.py to curl_httpclient_test.cpython-36.pyc
byte-compiling build/bdist.linux-x86_64/egg/tornado/test/escape_test.py to escape_test.cpython-36.pyc
byte-compiling build/bdist.linux-x86_64/egg/tornado/test/gen_test.py to gen_test.cpython-36.pyc
byte-compiling build/bdist.linux-x86_64/egg/tornado/test/http1connection_test.py to http1connection_test.cpython-36.pyc
byte-compiling build/bdist.linux-x86_64/egg/tornado/test/httpclient_test.py to httpclient_test.cpython-36.pyc
byte-compiling build/bdist.linux-x86_64/egg/tornado/test/httpserver_test.py to httpserver_test.cpython-36.pyc
byte-compiling build/bdist.linux-x86_64/egg/tornado/test/httputil_test.py to httputil_test.cpython-36.pyc
byte-compiling build/bdist.linux-x86_64/egg/tornado/test/import_test.py to import_test.cpython-36.pyc
byte-compiling build/bdist.linux-x86_64/egg/tornado/test/ioloop_test.py to ioloop_test.cpython-36.pyc
byte-compiling build/bdist.linux-x86_64/egg/tornado/test/iostream_test.py to iostream_test.cpython-36.pyc
byte-compiling build/bdist.linux-x86_64/egg/tornado/test/locale_test.py to locale_test.cpython-36.pyc
byte-compiling build/bdist.linux-x86_64/egg/tornado/test/locks_test.py to locks_test.cpython-36.pyc
byte-compiling build/bdist.linux-x86_64/egg/tornado/test/log_test.py to log_test.cpython-36.pyc
byte-compiling build/bdist.linux-x86_64/egg/tornado/test/netutil_test.py to netutil_test.cpython-36.pyc
byte-compiling build/bdist.linux-x86_64/egg/tornado/test/options_test.py to options_test.cpython-36.pyc
byte-compiling build/bdist.linux-x86_64/egg/tornado/test/process_test.py to process_test.cpython-36.pyc
byte-compiling build/bdist.linux-x86_64/egg/tornado/test/queues_test.py to queues_test.cpython-36.pyc
byte-compiling build/bdist.linux-x86_64/egg/tornado/test/resolve_test_helper.py to resolve_test_helper.cpython-36.pyc
byte-compiling build/bdist.linux-x86_64/egg/tornado/test/routing_test.py to routing_test.cpython-36.pyc
byte-compiling build/bdist.linux-x86_64/egg/tornado/test/runtests.py to runtests.cpython-36.pyc
byte-compiling build/bdist.linux-x86_64/egg/tornado/test/simple_httpclient_test.py to simple_httpclient_test.cpython-36.pyc
byte-compiling build/bdist.linux-x86_64/egg/tornado/test/stack_context_test.py to stack_context_test.cpython-36.pyc
byte-compiling build/bdist.linux-x86_64/egg/tornado/test/tcpclient_test.py to tcpclient_test.cpython-36.pyc
byte-compiling build/bdist.linux-x86_64/egg/tornado/test/tcpserver_test.py to tcpserver_test.cpython-36.pyc
byte-compiling build/bdist.linux-x86_64/egg/tornado/test/template_test.py to template_test.cpython-36.pyc
byte-compiling build/bdist.linux-x86_64/egg/tornado/test/testing_test.py to testing_test.cpython-36.pyc
byte-compiling build/bdist.linux-x86_64/egg/tornado/test/twisted_test.py to twisted_test.cpython-36.pyc
byte-compiling build/bdist.linux-x86_64/egg/tornado/test/util.py to util.cpython-36.pyc
byte-compiling build/bdist.linux-x86_64/egg/tornado/test/util_test.py to util_test.cpython-36.pyc
byte-compiling build/bdist.linux-x86_64/egg/tornado/test/web_test.py to web_test.cpython-36.pyc
byte-compiling build/bdist.linux-x86_64/egg/tornado/test/websocket_test.py to websocket_test.cpython-36.pyc
byte-compiling build/bdist.linux-x86_64/egg/tornado/test/windows_test.py to windows_test.cpython-36.pyc
byte-compiling build/bdist.linux-x86_64/egg/tornado/test/wsgi_test.py to wsgi_test.cpython-36.pyc
byte-compiling build/bdist.linux-x86_64/egg/tornado/platform/__init__.py to __init__.cpython-36.pyc
byte-compiling build/bdist.linux-x86_64/egg/tornado/platform/asyncio.py to asyncio.cpython-36.pyc
byte-compiling build/bdist.linux-x86_64/egg/tornado/platform/auto.py to auto.cpython-36.pyc
byte-compiling build/bdist.linux-x86_64/egg/tornado/platform/caresresolver.py to caresresolver.cpython-36.pyc
byte-compiling build/bdist.linux-x86_64/egg/tornado/platform/common.py to common.cpython-36.pyc
byte-compiling build/bdist.linux-x86_64/egg/tornado/platform/epoll.py to epoll.cpython-36.pyc
byte-compiling build/bdist.linux-x86_64/egg/tornado/platform/interface.py to interface.cpython-36.pyc
byte-compiling build/bdist.linux-x86_64/egg/tornado/platform/kqueue.py to kqueue.cpython-36.pyc
byte-compiling build/bdist.linux-x86_64/egg/tornado/platform/posix.py to posix.cpython-36.pyc
byte-compiling build/bdist.linux-x86_64/egg/tornado/platform/select.py to select.cpython-36.pyc
byte-compiling build/bdist.linux-x86_64/egg/tornado/platform/twisted.py to twisted.cpython-36.pyc
byte-compiling build/bdist.linux-x86_64/egg/tornado/platform/windows.py to windows.cpython-36.pyc
creating stub loader for tornado/speedups.cpython-36m-x86_64-linux-gnu.so
byte-compiling build/bdist.linux-x86_64/egg/tornado/speedups.py to speedups.cpython-36.pyc
creating build/bdist.linux-x86_64/egg/EGG-INFO
copying tornado.egg-info/PKG-INFO -> build/bdist.linux-x86_64/egg/EGG-INFO
copying tornado.egg-info/SOURCES.txt -> build/bdist.linux-x86_64/egg/EGG-INFO
copying tornado.egg-info/dependency_links.txt -> build/bdist.linux-x86_64/egg/EGG-INFO
copying tornado.egg-info/top_level.txt -> build/bdist.linux-x86_64/egg/EGG-INFO
writing build/bdist.linux-x86_64/egg/EGG-INFO/native_libs.txt
zip_safe flag not set; analyzing archive contents...
tornado.__pycache__.autoreload.cpython-36: module references __file__
tornado.__pycache__.options.cpython-36: module references __file__
tornado.__pycache__.speedups.cpython-36: module references __file__
tornado.__pycache__.testing.cpython-36: module references __file__
tornado.test.__pycache__.httpserver_test.cpython-36: module references __file__
tornado.test.__pycache__.iostream_test.cpython-36: module references __file__
tornado.test.__pycache__.locale_test.cpython-36: module references __file__
tornado.test.__pycache__.options_test.cpython-36: module references __file__
tornado.test.__pycache__.template_test.cpython-36: module references __file__
tornado.test.__pycache__.web_test.cpython-36: module references __file__
creating 'dist/tornado-4.5.dev1-py3.6-linux-x86_64.egg' and adding 'build/bdist.linux-x86_64/egg' to it
removing 'build/bdist.linux-x86_64/egg' (and everything under it)
Processing tornado-4.5.dev1-py3.6-linux-x86_64.egg
creating /home/travis/build/failed/tornadoweb/tornado/nodeps/lib/python3.6/site-packages/tornado-4.5.dev1-py3.6-linux-x86_64.egg
Extracting tornado-4.5.dev1-py3.6-linux-x86_64.egg to /home/travis/build/failed/tornadoweb/tornado/nodeps/lib/python3.6/site-packages
Adding tornado 4.5.dev1 to easy-install.pth file

Installed /home/travis/build/failed/tornadoweb/tornado/nodeps/lib/python3.6/site-packages/tornado-4.5.dev1-py3.6-linux-x86_64.egg
Processing dependencies for tornado==4.5.dev1
Finished processing dependencies for tornado==4.5.dev1

travis_time:end:001268b2:start=1609512988780480853,finish=1609512990155250463,duration=1374769610[0Ktravis_fold:end:install.10[0Ktravis_fold:start:install.11[0Ktravis_time:start:0a4da4b7[0K$ curl-config --version; pip freeze
libcurl 7.22.0
alabaster==0.7.12
atomicwrites==1.2.1
attrs==20.3.0
Automat==20.2.0
Babel==2.9.0
certifi==2018.10.15
chardet==4.0.0
codecov==2.1.11
constantly==15.1.0
coverage==5.3.1
docutils==0.16
hyperlink==20.0.1
idna==2.10
imagesize==1.2.0
incremental==17.5.0
Jinja2==2.11.2
MarkupSafe==1.1.1
mock==2.0.0
more-itertools==4.3.0
nose==1.3.7
numpy==1.15.2
packaging==20.8
pbr==5.0.0
pipenv==2018.10.13
pluggy==0.8.0
py==1.7.0
pycurl==7.43.0.6
Pygments==2.7.3
PyHamcrest==2.0.2
pyparsing==2.4.7
pytest==3.9.1
pytz==2020.5
requests==2.25.1
six==1.11.0
snowballstemmer==2.0.0
Sphinx==3.4.1
sphinx-rtd-theme==0.5.0
sphinxcontrib-applehelp==1.0.2
sphinxcontrib-devhelp==1.0.2
sphinxcontrib-htmlhelp==1.0.3
sphinxcontrib-jsmath==1.0.1
sphinxcontrib-qthelp==1.0.3
sphinxcontrib-serializinghtml==1.1.4
tornado==4.5.dev1
Twisted==20.3.0
urllib3==1.26.2
virtualenv==16.0.0
virtualenv-clone==0.4.0
zope.interface==5.2.0

travis_time:end:0a4da4b7:start=1609512990167207537,finish=1609512990637553430,duration=470345893[0Ktravis_fold:end:install.11[0Ktravis_time:start:02782620[0K$ unset TORNADO_EXTENSION && python -m tornado.test
.............................................................................................s................................................................................s...............................................................s..........................................................ss..................................................................................ss.............................................................................................................................................................................................................ss.ss............................................................................................................s...........................s..............s......EException ignored in: <socket.socket fd=12, family=AddressFamily.AF_INET6, type=2049, proto=6, laddr=('::', 0, 0, 0)>
ResourceWarning: unclosed <socket.socket fd=12, family=AddressFamily.AF_INET6, type=2049, proto=6, laddr=('::', 0, 0, 0)>
........s.........s.......EException ignored in: <socket.socket fd=12, family=AddressFamily.AF_INET6, type=2049, proto=6, laddr=('::', 0, 0, 0)>
ResourceWarning: unclosed <socket.socket fd=12, family=AddressFamily.AF_INET6, type=2049, proto=6, laddr=('::', 0, 0, 0)>
........s...............................EEsss...F......Exception ignored in: <socket.socket fd=10, family=AddressFamily.AF_INET6, type=2049, proto=6, laddr=('::', 0, 0, 0)>
ResourceWarning: unclosed <socket.socket fd=10, family=AddressFamily.AF_INET6, type=2049, proto=6, laddr=('::', 0, 0, 0)>
Exception ignored in: <socket.socket fd=12, family=AddressFamily.AF_INET6, type=2049, proto=6, laddr=('::', 0, 0, 0)>
ResourceWarning: unclosed <socket.socket fd=12, family=AddressFamily.AF_INET6, type=2049, proto=6, laddr=('::', 0, 0, 0)>
..................................s..........................sssss..........................................s....s..s..s..............s...s........s.ss.............................s.............................................................s.................................................................................................................................s...........................s...................................s..........................................................................................................................s........................................................................................
======================================================================
ERROR: test_ipv6 (tornado.test.simple_httpclient_test.SimpleHTTPClientTestCase)
----------------------------------------------------------------------
Traceback (most recent call last):
  File "/home/travis/build/failed/tornadoweb/tornado/tornado/testing.py", line 136, in __call__
    result = self.orig_method(*args, **kwargs)
  File "/home/travis/build/failed/tornadoweb/tornado/tornado/test/simple_httpclient_test.py", line 276, in test_ipv6
    [sock] = bind_sockets(None, '::1', family=socket.AF_INET6)
  File "/home/travis/build/failed/tornadoweb/tornado/tornado/netutil.py", line 197, in bind_sockets
    sock.bind(sockaddr)
OSError: [Errno 99] Cannot assign requested address

======================================================================
ERROR: test_ipv6 (tornado.test.simple_httpclient_test.SimpleHTTPSClientTestCase)
----------------------------------------------------------------------
Traceback (most recent call last):
  File "/home/travis/build/failed/tornadoweb/tornado/tornado/testing.py", line 136, in __call__
    result = self.orig_method(*args, **kwargs)
  File "/home/travis/build/failed/tornadoweb/tornado/tornado/test/simple_httpclient_test.py", line 276, in test_ipv6
    [sock] = bind_sockets(None, '::1', family=socket.AF_INET6)
  File "/home/travis/build/failed/tornadoweb/tornado/tornado/netutil.py", line 197, in bind_sockets
    sock.bind(sockaddr)
OSError: [Errno 99] Cannot assign requested address

======================================================================
ERROR: test_connect_ipv6_dual (tornado.test.tcpclient_test.TCPClientTest)
----------------------------------------------------------------------
Traceback (most recent call last):
  File "/home/travis/build/failed/tornadoweb/tornado/tornado/testing.py", line 136, in __call__
    result = self.orig_method(*args, **kwargs)
  File "/home/travis/build/failed/tornadoweb/tornado/tornado/test/tcpclient_test.py", line 110, in test_connect_ipv6_dual
    self.do_test_connect(socket.AF_INET6, 'localhost')
  File "/home/travis/build/failed/tornadoweb/tornado/tornado/testing.py", line 529, in post_coroutine
    timeout=timeout)
  File "/home/travis/build/failed/tornadoweb/tornado/tornado/ioloop.py", line 458, in run_sync
    return future_cell[0].result()
  File "/home/travis/build/failed/tornadoweb/tornado/tornado/concurrent.py", line 237, in result
    raise_exc_info(self._exc_info)
  File "<string>", line 3, in raise_exc_info
  File "/home/travis/build/failed/tornadoweb/tornado/tornado/gen.py", line 305, in wrapper
    yielded = next(result)
  File "/home/travis/virtualenv/python3.6.7/lib/python3.6/types.py", line 204, in __next__
    return next(self.__wrapped)
  File "/home/travis/build/failed/tornadoweb/tornado/tornado/test/tcpclient_test.py", line 85, in do_test_connect
    port = self.start_server(family)
  File "/home/travis/build/failed/tornadoweb/tornado/tornado/test/tcpclient_test.py", line 61, in start_server
    self.server = TestTCPServer(family)
  File "/home/travis/build/failed/tornadoweb/tornado/tornado/test/tcpclient_test.py", line 39, in __init__
    sockets = bind_sockets(None, 'localhost', family)
  File "/home/travis/build/failed/tornadoweb/tornado/tornado/netutil.py", line 197, in bind_sockets
    sock.bind(sockaddr)
OSError: [Errno 99] Cannot assign requested address

======================================================================
ERROR: test_connect_ipv6_ipv6 (tornado.test.tcpclient_test.TCPClientTest)
----------------------------------------------------------------------
Traceback (most recent call last):
  File "/home/travis/build/failed/tornadoweb/tornado/tornado/testing.py", line 136, in __call__
    result = self.orig_method(*args, **kwargs)
  File "/home/travis/build/failed/tornadoweb/tornado/tornado/test/tcpclient_test.py", line 103, in test_connect_ipv6_ipv6
    self.do_test_connect(socket.AF_INET6, '::1')
  File "/home/travis/build/failed/tornadoweb/tornado/tornado/testing.py", line 529, in post_coroutine
    timeout=timeout)
  File "/home/travis/build/failed/tornadoweb/tornado/tornado/ioloop.py", line 458, in run_sync
    return future_cell[0].result()
  File "/home/travis/build/failed/tornadoweb/tornado/tornado/concurrent.py", line 237, in result
    raise_exc_info(self._exc_info)
  File "<string>", line 3, in raise_exc_info
  File "/home/travis/build/failed/tornadoweb/tornado/tornado/gen.py", line 305, in wrapper
    yielded = next(result)
  File "/home/travis/virtualenv/python3.6.7/lib/python3.6/types.py", line 204, in __next__
    return next(self.__wrapped)
  File "/home/travis/build/failed/tornadoweb/tornado/tornado/test/tcpclient_test.py", line 85, in do_test_connect
    port = self.start_server(family)
  File "/home/travis/build/failed/tornadoweb/tornado/tornado/test/tcpclient_test.py", line 61, in start_server
    self.server = TestTCPServer(family)
  File "/home/travis/build/failed/tornadoweb/tornado/tornado/test/tcpclient_test.py", line 39, in __init__
    sockets = bind_sockets(None, 'localhost', family)
  File "/home/travis/build/failed/tornadoweb/tornado/tornado/netutil.py", line 197, in bind_sockets
    sock.bind(sockaddr)
OSError: [Errno 99] Cannot assign requested address

======================================================================
FAIL: test_source_port_fail (tornado.test.tcpclient_test.TCPClientTest)
----------------------------------------------------------------------
Traceback (most recent call last):
  File "/home/travis/build/failed/tornadoweb/tornado/tornado/testing.py", line 136, in __call__
    result = self.orig_method(*args, **kwargs)
  File "/home/travis/build/failed/tornadoweb/tornado/tornado/test/tcpclient_test.py", line 155, in test_source_port_fail
    source_port=1)
AssertionError: OSError not raised by do_test_connect

----------------------------------------------------------------------
Ran 1482 tests in 16.086s

FAILED (failures=1, errors=4, skipped=41)
Some tests were skipped because: Does not work on systems without IPv6
support., SO_REUSEPORT is not supported, [Errno 99] Cannot assign
requested address, curl client accepts invalid headers, dual-stack
servers often have port conflicts on travis, needs fix, no testable
future imports, non-windows platform, pycares module not present,
timing tests unreliable on travis, tornado.speedups module not
present, twisted web not present
[E 210101 14:56:47 testing:737] FAIL
[E 210101 14:56:47 runtests:185] logged 0 warnings and 1 errors

travis_time:end:02782620:start=1609512990649159525,finish=1609513008055087699,duration=17405928174[0K
[31;1mThe command "unset TORNADO_EXTENSION && python -m tornado.test" exited with 1.[0m
travis_time:start:0e35bf60[0K$ cd maint

travis_time:end:0e35bf60:start=1609513008066645595,finish=1609513008075154004,duration=8508409[0K
[32;1mThe command "cd maint" exited with 0.[0m
travis_time:start:04668556[0K$ cp ../.coveragerc .

travis_time:end:04668556:start=1609513008086515078,finish=1609513008112705405,duration=26190327[0K
[32;1mThe command "cp ../.coveragerc ." exited with 0.[0m
travis_time:start:0746777a[0K$ if [[ $TRAVIS_PYTHON_VERSION != 'pypy'* ]]; then export TORNADO_EXTENSION=1; fi

travis_time:end:0746777a:start=1609513008123814015,finish=1609513008132417313,duration=8603298[0K
[32;1mThe command "if [[ $TRAVIS_PYTHON_VERSION != 'pypy'* ]]; then export TORNADO_EXTENSION=1; fi" exited with 0.[0m
travis_time:start:11d46e60[0K$ export TARGET="-m tornado.test.runtests"

travis_time:end:11d46e60:start=1609513008142453529,finish=1609513008150983707,duration=8530178[0K
[32;1mThe command "export TARGET="-m tornado.test.runtests"" exited with 0.[0m
travis_time:start:000f0d95[0K$ export ASYNC_TEST_TIMEOUT=15

travis_time:end:000f0d95:start=1609513008161083999,finish=1609513008169170973,duration=8086974[0K
[32;1mThe command "export ASYNC_TEST_TIMEOUT=15" exited with 0.[0m
travis_time:start:084e9e22[0K$ if [[ $TRAVIS_PYTHON_VERSION != nightly ]]; then export TARGET="-m coverage run $TARGET"; fi

travis_time:end:084e9e22:start=1609513008180508150,finish=1609513008188680607,duration=8172457[0K
[32;1mThe command "if [[ $TRAVIS_PYTHON_VERSION != nightly ]]; then export TARGET="-m coverage run $TARGET"; fi" exited with 0.[0m
travis_time:start:065b457c[0K$ python $TARGET
.............................................................................................s................................................................................s...............................................................s..........................................................ss..................................................................................ss.............................................................................................................................................................................................................ss.ss............................................................................................................s...........................s..............s......EException ignored in: <socket.socket fd=12, family=AddressFamily.AF_INET6, type=2049, proto=6, laddr=('::', 0, 0, 0)>
ResourceWarning: unclosed <socket.socket fd=12, family=AddressFamily.AF_INET6, type=2049, proto=6, laddr=('::', 0, 0, 0)>
........s.........s.......EException ignored in: <socket.socket fd=12, family=AddressFamily.AF_INET6, type=2049, proto=6, laddr=('::', 0, 0, 0)>
ResourceWarning: unclosed <socket.socket fd=12, family=AddressFamily.AF_INET6, type=2049, proto=6, laddr=('::', 0, 0, 0)>
........s...............................EEsssException ignored in: <socket.socket fd=10, family=AddressFamily.AF_INET6, type=2049, proto=6, laddr=('::', 0, 0, 0)>
ResourceWarning: unclosed <socket.socket fd=10, family=AddressFamily.AF_INET6, type=2049, proto=6, laddr=('::', 0, 0, 0)>
Exception ignored in: <socket.socket fd=12, family=AddressFamily.AF_INET6, type=2049, proto=6, laddr=('::', 0, 0, 0)>
ResourceWarning: unclosed <socket.socket fd=12, family=AddressFamily.AF_INET6, type=2049, proto=6, laddr=('::', 0, 0, 0)>
............................................s..........................sssss..........................................s....s..s..s..............s...s........s.ss.............................s.............................................................s.............................................................................................................................................................s...................................s..........................................................................................................................s........................................................................................
======================================================================
ERROR: test_ipv6 (tornado.test.simple_httpclient_test.SimpleHTTPClientTestCase)
----------------------------------------------------------------------
Traceback (most recent call last):
  File "/home/travis/virtualenv/python3.6.7/lib/python3.6/site-packages/tornado-4.5.dev1-py3.6-linux-x86_64.egg/tornado/testing.py", line 136, in __call__
    result = self.orig_method(*args, **kwargs)
  File "/home/travis/virtualenv/python3.6.7/lib/python3.6/site-packages/tornado-4.5.dev1-py3.6-linux-x86_64.egg/tornado/test/simple_httpclient_test.py", line 276, in test_ipv6
    [sock] = bind_sockets(None, '::1', family=socket.AF_INET6)
  File "/home/travis/virtualenv/python3.6.7/lib/python3.6/site-packages/tornado-4.5.dev1-py3.6-linux-x86_64.egg/tornado/netutil.py", line 197, in bind_sockets
    sock.bind(sockaddr)
OSError: [Errno 99] Cannot assign requested address

======================================================================
ERROR: test_ipv6 (tornado.test.simple_httpclient_test.SimpleHTTPSClientTestCase)
----------------------------------------------------------------------
Traceback (most recent call last):
  File "/home/travis/virtualenv/python3.6.7/lib/python3.6/site-packages/tornado-4.5.dev1-py3.6-linux-x86_64.egg/tornado/testing.py", line 136, in __call__
    result = self.orig_method(*args, **kwargs)
  File "/home/travis/virtualenv/python3.6.7/lib/python3.6/site-packages/tornado-4.5.dev1-py3.6-linux-x86_64.egg/tornado/test/simple_httpclient_test.py", line 276, in test_ipv6
    [sock] = bind_sockets(None, '::1', family=socket.AF_INET6)
  File "/home/travis/virtualenv/python3.6.7/lib/python3.6/site-packages/tornado-4.5.dev1-py3.6-linux-x86_64.egg/tornado/netutil.py", line 197, in bind_sockets
    sock.bind(sockaddr)
OSError: [Errno 99] Cannot assign requested address

======================================================================
ERROR: test_connect_ipv6_dual (tornado.test.tcpclient_test.TCPClientTest)
----------------------------------------------------------------------
Traceback (most recent call last):
  File "/home/travis/virtualenv/python3.6.7/lib/python3.6/site-packages/tornado-4.5.dev1-py3.6-linux-x86_64.egg/tornado/testing.py", line 136, in __call__
    result = self.orig_method(*args, **kwargs)
  File "/home/travis/virtualenv/python3.6.7/lib/python3.6/site-packages/tornado-4.5.dev1-py3.6-linux-x86_64.egg/tornado/test/tcpclient_test.py", line 110, in test_connect_ipv6_dual
    self.do_test_connect(socket.AF_INET6, 'localhost')
  File "/home/travis/virtualenv/python3.6.7/lib/python3.6/site-packages/tornado-4.5.dev1-py3.6-linux-x86_64.egg/tornado/testing.py", line 529, in post_coroutine
    timeout=timeout)
  File "/home/travis/virtualenv/python3.6.7/lib/python3.6/site-packages/tornado-4.5.dev1-py3.6-linux-x86_64.egg/tornado/ioloop.py", line 458, in run_sync
    return future_cell[0].result()
  File "/home/travis/virtualenv/python3.6.7/lib/python3.6/site-packages/tornado-4.5.dev1-py3.6-linux-x86_64.egg/tornado/concurrent.py", line 237, in result
    raise_exc_info(self._exc_info)
  File "<string>", line 3, in raise_exc_info
  File "/home/travis/virtualenv/python3.6.7/lib/python3.6/site-packages/tornado-4.5.dev1-py3.6-linux-x86_64.egg/tornado/gen.py", line 305, in wrapper
    yielded = next(result)
  File "/home/travis/virtualenv/python3.6.7/lib/python3.6/types.py", line 204, in __next__
    return next(self.__wrapped)
  File "/home/travis/virtualenv/python3.6.7/lib/python3.6/site-packages/tornado-4.5.dev1-py3.6-linux-x86_64.egg/tornado/test/tcpclient_test.py", line 85, in do_test_connect
    port = self.start_server(family)
  File "/home/travis/virtualenv/python3.6.7/lib/python3.6/site-packages/tornado-4.5.dev1-py3.6-linux-x86_64.egg/tornado/test/tcpclient_test.py", line 61, in start_server
    self.server = TestTCPServer(family)
  File "/home/travis/virtualenv/python3.6.7/lib/python3.6/site-packages/tornado-4.5.dev1-py3.6-linux-x86_64.egg/tornado/test/tcpclient_test.py", line 39, in __init__
    sockets = bind_sockets(None, 'localhost', family)
  File "/home/travis/virtualenv/python3.6.7/lib/python3.6/site-packages/tornado-4.5.dev1-py3.6-linux-x86_64.egg/tornado/netutil.py", line 197, in bind_sockets
    sock.bind(sockaddr)
OSError: [Errno 99] Cannot assign requested address

======================================================================
ERROR: test_connect_ipv6_ipv6 (tornado.test.tcpclient_test.TCPClientTest)
----------------------------------------------------------------------
Traceback (most recent call last):
  File "/home/travis/virtualenv/python3.6.7/lib/python3.6/site-packages/tornado-4.5.dev1-py3.6-linux-x86_64.egg/tornado/testing.py", line 136, in __call__
    result = self.orig_method(*args, **kwargs)
  File "/home/travis/virtualenv/python3.6.7/lib/python3.6/site-packages/tornado-4.5.dev1-py3.6-linux-x86_64.egg/tornado/test/tcpclient_test.py", line 103, in test_connect_ipv6_ipv6
    self.do_test_connect(socket.AF_INET6, '::1')
  File "/home/travis/virtualenv/python3.6.7/lib/python3.6/site-packages/tornado-4.5.dev1-py3.6-linux-x86_64.egg/tornado/testing.py", line 529, in post_coroutine
    timeout=timeout)
  File "/home/travis/virtualenv/python3.6.7/lib/python3.6/site-packages/tornado-4.5.dev1-py3.6-linux-x86_64.egg/tornado/ioloop.py", line 458, in run_sync
    return future_cell[0].result()
  File "/home/travis/virtualenv/python3.6.7/lib/python3.6/site-packages/tornado-4.5.dev1-py3.6-linux-x86_64.egg/tornado/concurrent.py", line 237, in result
    raise_exc_info(self._exc_info)
  File "<string>", line 3, in raise_exc_info
  File "/home/travis/virtualenv/python3.6.7/lib/python3.6/site-packages/tornado-4.5.dev1-py3.6-linux-x86_64.egg/tornado/gen.py", line 305, in wrapper
    yielded = next(result)
  File "/home/travis/virtualenv/python3.6.7/lib/python3.6/types.py", line 204, in __next__
    return next(self.__wrapped)
  File "/home/travis/virtualenv/python3.6.7/lib/python3.6/site-packages/tornado-4.5.dev1-py3.6-linux-x86_64.egg/tornado/test/tcpclient_test.py", line 85, in do_test_connect
    port = self.start_server(family)
  File "/home/travis/virtualenv/python3.6.7/lib/python3.6/site-packages/tornado-4.5.dev1-py3.6-linux-x86_64.egg/tornado/test/tcpclient_test.py", line 61, in start_server
    self.server = TestTCPServer(family)
  File "/home/travis/virtualenv/python3.6.7/lib/python3.6/site-packages/tornado-4.5.dev1-py3.6-linux-x86_64.egg/tornado/test/tcpclient_test.py", line 39, in __init__
    sockets = bind_sockets(None, 'localhost', family)
  File "/home/travis/virtualenv/python3.6.7/lib/python3.6/site-packages/tornado-4.5.dev1-py3.6-linux-x86_64.egg/tornado/netutil.py", line 197, in bind_sockets
    sock.bind(sockaddr)
OSError: [Errno 99] Cannot assign requested address

----------------------------------------------------------------------
Ran 1482 tests in 20.529s

FAILED (errors=4, skipped=40)
Some tests were skipped because: Does not work on systems without IPv6
support., SO_REUSEPORT is not supported, [Errno 99] Cannot assign
requested address, curl client accepts invalid headers, dual-stack
servers often have port conflicts on travis, needs fix, no testable
future imports, non-windows platform, pycares module not present,
timing tests unreliable on travis, twisted web not present
[E 210101 14:57:09 testing:737] FAIL
[E 210101 14:57:09 runtests:185] logged 0 warnings and 1 errors

travis_time:end:065b457c:start=1609513008199382592,finish=1609513030047714529,duration=21848331937[0K
[31;1mThe command "python $TARGET" exited with 1.[0m
travis_time:start:0a85f372[0K$ python $TARGET --ioloop=tornado.platform.select.SelectIOLoop
.............................................................................................s................................................................................s...............................................................s..........................................................ss..................................................................................ss.............................................................................................................................................................................................................ss.ss............................................................................................................s...........................s..............s......EException ignored in: <socket.socket fd=11, family=AddressFamily.AF_INET6, type=2049, proto=6, laddr=('::', 0, 0, 0)>
ResourceWarning: unclosed <socket.socket fd=11, family=AddressFamily.AF_INET6, type=2049, proto=6, laddr=('::', 0, 0, 0)>
........s.........s.......EException ignored in: <socket.socket fd=11, family=AddressFamily.AF_INET6, type=2049, proto=6, laddr=('::', 0, 0, 0)>
ResourceWarning: unclosed <socket.socket fd=11, family=AddressFamily.AF_INET6, type=2049, proto=6, laddr=('::', 0, 0, 0)>
........s...............................EEsssException ignored in: <socket.socket fd=9, family=AddressFamily.AF_INET6, type=2049, proto=6, laddr=('::', 0, 0, 0)>
ResourceWarning: unclosed <socket.socket fd=9, family=AddressFamily.AF_INET6, type=2049, proto=6, laddr=('::', 0, 0, 0)>
Exception ignored in: <socket.socket fd=11, family=AddressFamily.AF_INET6, type=2049, proto=6, laddr=('::', 0, 0, 0)>
ResourceWarning: unclosed <socket.socket fd=11, family=AddressFamily.AF_INET6, type=2049, proto=6, laddr=('::', 0, 0, 0)>
............................................s..........................sssss..........................................s....s..s..s..............s...s........s.ss.............................s.............................................................s.............................................................................................................................................................s...................................s..........................................................................................................................s........................................................................................
======================================================================
ERROR: test_ipv6 (tornado.test.simple_httpclient_test.SimpleHTTPClientTestCase)
----------------------------------------------------------------------
Traceback (most recent call last):
  File "/home/travis/virtualenv/python3.6.7/lib/python3.6/site-packages/tornado-4.5.dev1-py3.6-linux-x86_64.egg/tornado/testing.py", line 136, in __call__
    result = self.orig_method(*args, **kwargs)
  File "/home/travis/virtualenv/python3.6.7/lib/python3.6/site-packages/tornado-4.5.dev1-py3.6-linux-x86_64.egg/tornado/test/simple_httpclient_test.py", line 276, in test_ipv6
    [sock] = bind_sockets(None, '::1', family=socket.AF_INET6)
  File "/home/travis/virtualenv/python3.6.7/lib/python3.6/site-packages/tornado-4.5.dev1-py3.6-linux-x86_64.egg/tornado/netutil.py", line 197, in bind_sockets
    sock.bind(sockaddr)
OSError: [Errno 99] Cannot assign requested address

======================================================================
ERROR: test_ipv6 (tornado.test.simple_httpclient_test.SimpleHTTPSClientTestCase)
----------------------------------------------------------------------
Traceback (most recent call last):
  File "/home/travis/virtualenv/python3.6.7/lib/python3.6/site-packages/tornado-4.5.dev1-py3.6-linux-x86_64.egg/tornado/testing.py", line 136, in __call__
    result = self.orig_method(*args, **kwargs)
  File "/home/travis/virtualenv/python3.6.7/lib/python3.6/site-packages/tornado-4.5.dev1-py3.6-linux-x86_64.egg/tornado/test/simple_httpclient_test.py", line 276, in test_ipv6
    [sock] = bind_sockets(None, '::1', family=socket.AF_INET6)
  File "/home/travis/virtualenv/python3.6.7/lib/python3.6/site-packages/tornado-4.5.dev1-py3.6-linux-x86_64.egg/tornado/netutil.py", line 197, in bind_sockets
    sock.bind(sockaddr)
OSError: [Errno 99] Cannot assign requested address

======================================================================
ERROR: test_connect_ipv6_dual (tornado.test.tcpclient_test.TCPClientTest)
----------------------------------------------------------------------
Traceback (most recent call last):
  File "/home/travis/virtualenv/python3.6.7/lib/python3.6/site-packages/tornado-4.5.dev1-py3.6-linux-x86_64.egg/tornado/testing.py", line 136, in __call__
    result = self.orig_method(*args, **kwargs)
  File "/home/travis/virtualenv/python3.6.7/lib/python3.6/site-packages/tornado-4.5.dev1-py3.6-linux-x86_64.egg/tornado/test/tcpclient_test.py", line 110, in test_connect_ipv6_dual
    self.do_test_connect(socket.AF_INET6, 'localhost')
  File "/home/travis/virtualenv/python3.6.7/lib/python3.6/site-packages/tornado-4.5.dev1-py3.6-linux-x86_64.egg/tornado/testing.py", line 529, in post_coroutine
    timeout=timeout)
  File "/home/travis/virtualenv/python3.6.7/lib/python3.6/site-packages/tornado-4.5.dev1-py3.6-linux-x86_64.egg/tornado/ioloop.py", line 458, in run_sync
    return future_cell[0].result()
  File "/home/travis/virtualenv/python3.6.7/lib/python3.6/site-packages/tornado-4.5.dev1-py3.6-linux-x86_64.egg/tornado/concurrent.py", line 237, in result
    raise_exc_info(self._exc_info)
  File "<string>", line 3, in raise_exc_info
  File "/home/travis/virtualenv/python3.6.7/lib/python3.6/site-packages/tornado-4.5.dev1-py3.6-linux-x86_64.egg/tornado/gen.py", line 305, in wrapper
    yielded = next(result)
  File "/home/travis/virtualenv/python3.6.7/lib/python3.6/types.py", line 204, in __next__
    return next(self.__wrapped)
  File "/home/travis/virtualenv/python3.6.7/lib/python3.6/site-packages/tornado-4.5.dev1-py3.6-linux-x86_64.egg/tornado/test/tcpclient_test.py", line 85, in do_test_connect
    port = self.start_server(family)
  File "/home/travis/virtualenv/python3.6.7/lib/python3.6/site-packages/tornado-4.5.dev1-py3.6-linux-x86_64.egg/tornado/test/tcpclient_test.py", line 61, in start_server
    self.server = TestTCPServer(family)
  File "/home/travis/virtualenv/python3.6.7/lib/python3.6/site-packages/tornado-4.5.dev1-py3.6-linux-x86_64.egg/tornado/test/tcpclient_test.py", line 39, in __init__
    sockets = bind_sockets(None, 'localhost', family)
  File "/home/travis/virtualenv/python3.6.7/lib/python3.6/site-packages/tornado-4.5.dev1-py3.6-linux-x86_64.egg/tornado/netutil.py", line 197, in bind_sockets
    sock.bind(sockaddr)
OSError: [Errno 99] Cannot assign requested address

======================================================================
ERROR: test_connect_ipv6_ipv6 (tornado.test.tcpclient_test.TCPClientTest)
----------------------------------------------------------------------
Traceback (most recent call last):
  File "/home/travis/virtualenv/python3.6.7/lib/python3.6/site-packages/tornado-4.5.dev1-py3.6-linux-x86_64.egg/tornado/testing.py", line 136, in __call__
    result = self.orig_method(*args, **kwargs)
  File "/home/travis/virtualenv/python3.6.7/lib/python3.6/site-packages/tornado-4.5.dev1-py3.6-linux-x86_64.egg/tornado/test/tcpclient_test.py", line 103, in test_connect_ipv6_ipv6
    self.do_test_connect(socket.AF_INET6, '::1')
  File "/home/travis/virtualenv/python3.6.7/lib/python3.6/site-packages/tornado-4.5.dev1-py3.6-linux-x86_64.egg/tornado/testing.py", line 529, in post_coroutine
    timeout=timeout)
  File "/home/travis/virtualenv/python3.6.7/lib/python3.6/site-packages/tornado-4.5.dev1-py3.6-linux-x86_64.egg/tornado/ioloop.py", line 458, in run_sync
    return future_cell[0].result()
  File "/home/travis/virtualenv/python3.6.7/lib/python3.6/site-packages/tornado-4.5.dev1-py3.6-linux-x86_64.egg/tornado/concurrent.py", line 237, in result
    raise_exc_info(self._exc_info)
  File "<string>", line 3, in raise_exc_info
  File "/home/travis/virtualenv/python3.6.7/lib/python3.6/site-packages/tornado-4.5.dev1-py3.6-linux-x86_64.egg/tornado/gen.py", line 305, in wrapper
    yielded = next(result)
  File "/home/travis/virtualenv/python3.6.7/lib/python3.6/types.py", line 204, in __next__
    return next(self.__wrapped)
  File "/home/travis/virtualenv/python3.6.7/lib/python3.6/site-packages/tornado-4.5.dev1-py3.6-linux-x86_64.egg/tornado/test/tcpclient_test.py", line 85, in do_test_connect
    port = self.start_server(family)
  File "/home/travis/virtualenv/python3.6.7/lib/python3.6/site-packages/tornado-4.5.dev1-py3.6-linux-x86_64.egg/tornado/test/tcpclient_test.py", line 61, in start_server
    self.server = TestTCPServer(family)
  File "/home/travis/virtualenv/python3.6.7/lib/python3.6/site-packages/tornado-4.5.dev1-py3.6-linux-x86_64.egg/tornado/test/tcpclient_test.py", line 39, in __init__
    sockets = bind_sockets(None, 'localhost', family)
  File "/home/travis/virtualenv/python3.6.7/lib/python3.6/site-packages/tornado-4.5.dev1-py3.6-linux-x86_64.egg/tornado/netutil.py", line 197, in bind_sockets
    sock.bind(sockaddr)
OSError: [Errno 99] Cannot assign requested address

----------------------------------------------------------------------
Ran 1482 tests in 20.914s

FAILED (errors=4, skipped=40)
Some tests were skipped because: Does not work on systems without IPv6
support., SO_REUSEPORT is not supported, [Errno 99] Cannot assign
requested address, curl client accepts invalid headers, dual-stack
servers often have port conflicts on travis, needs fix, no testable
future imports, non-windows platform, pycares module not present,
timing tests unreliable on travis, twisted web not present
[E 210101 14:57:32 testing:737] FAIL
[E 210101 14:57:32 runtests:185] logged 0 warnings and 1 errors

travis_time:end:0a85f372:start=1609513030058790854,finish=1609513052367393508,duration=22308602654[0K
[31;1mThe command "python $TARGET --ioloop=tornado.platform.select.SelectIOLoop" exited with 1.[0m
travis_time:start:002b0224[0K$ python -O $TARGET
.............................................................................................s................................................................................s...............................................................s..........................................................ss..................................................................................ss.............................................................................................................................................................................................................ss.ss............................................................................................................s...........................s..............s......EException ignored in: <socket.socket fd=12, family=AddressFamily.AF_INET6, type=2049, proto=6, laddr=('::', 0, 0, 0)>
ResourceWarning: unclosed <socket.socket fd=12, family=AddressFamily.AF_INET6, type=2049, proto=6, laddr=('::', 0, 0, 0)>
........s.........s.......EException ignored in: <socket.socket fd=12, family=AddressFamily.AF_INET6, type=2049, proto=6, laddr=('::', 0, 0, 0)>
ResourceWarning: unclosed <socket.socket fd=12, family=AddressFamily.AF_INET6, type=2049, proto=6, laddr=('::', 0, 0, 0)>
........s...............................EEsssException ignored in: <socket.socket fd=10, family=AddressFamily.AF_INET6, type=2049, proto=6, laddr=('::', 0, 0, 0)>
ResourceWarning: unclosed <socket.socket fd=10, family=AddressFamily.AF_INET6, type=2049, proto=6, laddr=('::', 0, 0, 0)>
Exception ignored in: <socket.socket fd=12, family=AddressFamily.AF_INET6, type=2049, proto=6, laddr=('::', 0, 0, 0)>
ResourceWarning: unclosed <socket.socket fd=12, family=AddressFamily.AF_INET6, type=2049, proto=6, laddr=('::', 0, 0, 0)>
...F........................................s..........................sssss..........................................s....s..s..s..............s...s........s.ss.............................s.............................................................s.............................................................................................................................................................s...................................s..........................................................................................................................s........................................................................................
======================================================================
ERROR: test_ipv6 (tornado.test.simple_httpclient_test.SimpleHTTPClientTestCase)
----------------------------------------------------------------------
Traceback (most recent call last):
  File "/home/travis/virtualenv/python3.6.7/lib/python3.6/site-packages/tornado-4.5.dev1-py3.6-linux-x86_64.egg/tornado/testing.py", line 136, in __call__
    result = self.orig_method(*args, **kwargs)
  File "/home/travis/virtualenv/python3.6.7/lib/python3.6/site-packages/tornado-4.5.dev1-py3.6-linux-x86_64.egg/tornado/test/simple_httpclient_test.py", line 276, in test_ipv6
    [sock] = bind_sockets(None, '::1', family=socket.AF_INET6)
  File "/home/travis/virtualenv/python3.6.7/lib/python3.6/site-packages/tornado-4.5.dev1-py3.6-linux-x86_64.egg/tornado/netutil.py", line 197, in bind_sockets
    sock.bind(sockaddr)
OSError: [Errno 99] Cannot assign requested address

======================================================================
ERROR: test_ipv6 (tornado.test.simple_httpclient_test.SimpleHTTPSClientTestCase)
----------------------------------------------------------------------
Traceback (most recent call last):
  File "/home/travis/virtualenv/python3.6.7/lib/python3.6/site-packages/tornado-4.5.dev1-py3.6-linux-x86_64.egg/tornado/testing.py", line 136, in __call__
    result = self.orig_method(*args, **kwargs)
  File "/home/travis/virtualenv/python3.6.7/lib/python3.6/site-packages/tornado-4.5.dev1-py3.6-linux-x86_64.egg/tornado/test/simple_httpclient_test.py", line 276, in test_ipv6
    [sock] = bind_sockets(None, '::1', family=socket.AF_INET6)
  File "/home/travis/virtualenv/python3.6.7/lib/python3.6/site-packages/tornado-4.5.dev1-py3.6-linux-x86_64.egg/tornado/netutil.py", line 197, in bind_sockets
    sock.bind(sockaddr)
OSError: [Errno 99] Cannot assign requested address

======================================================================
ERROR: test_connect_ipv6_dual (tornado.test.tcpclient_test.TCPClientTest)
----------------------------------------------------------------------
Traceback (most recent call last):
  File "/home/travis/virtualenv/python3.6.7/lib/python3.6/site-packages/tornado-4.5.dev1-py3.6-linux-x86_64.egg/tornado/testing.py", line 136, in __call__
    result = self.orig_method(*args, **kwargs)
  File "/home/travis/virtualenv/python3.6.7/lib/python3.6/site-packages/tornado-4.5.dev1-py3.6-linux-x86_64.egg/tornado/test/tcpclient_test.py", line 110, in test_connect_ipv6_dual
    self.do_test_connect(socket.AF_INET6, 'localhost')
  File "/home/travis/virtualenv/python3.6.7/lib/python3.6/site-packages/tornado-4.5.dev1-py3.6-linux-x86_64.egg/tornado/testing.py", line 529, in post_coroutine
    timeout=timeout)
  File "/home/travis/virtualenv/python3.6.7/lib/python3.6/site-packages/tornado-4.5.dev1-py3.6-linux-x86_64.egg/tornado/ioloop.py", line 458, in run_sync
    return future_cell[0].result()
  File "/home/travis/virtualenv/python3.6.7/lib/python3.6/site-packages/tornado-4.5.dev1-py3.6-linux-x86_64.egg/tornado/concurrent.py", line 237, in result
    raise_exc_info(self._exc_info)
  File "<string>", line 3, in raise_exc_info
  File "/home/travis/virtualenv/python3.6.7/lib/python3.6/site-packages/tornado-4.5.dev1-py3.6-linux-x86_64.egg/tornado/gen.py", line 305, in wrapper
    yielded = next(result)
  File "/home/travis/virtualenv/python3.6.7/lib/python3.6/types.py", line 204, in __next__
    return next(self.__wrapped)
  File "/home/travis/virtualenv/python3.6.7/lib/python3.6/site-packages/tornado-4.5.dev1-py3.6-linux-x86_64.egg/tornado/test/tcpclient_test.py", line 85, in do_test_connect
    port = self.start_server(family)
  File "/home/travis/virtualenv/python3.6.7/lib/python3.6/site-packages/tornado-4.5.dev1-py3.6-linux-x86_64.egg/tornado/test/tcpclient_test.py", line 61, in start_server
    self.server = TestTCPServer(family)
  File "/home/travis/virtualenv/python3.6.7/lib/python3.6/site-packages/tornado-4.5.dev1-py3.6-linux-x86_64.egg/tornado/test/tcpclient_test.py", line 39, in __init__
    sockets = bind_sockets(None, 'localhost', family)
  File "/home/travis/virtualenv/python3.6.7/lib/python3.6/site-packages/tornado-4.5.dev1-py3.6-linux-x86_64.egg/tornado/netutil.py", line 197, in bind_sockets
    sock.bind(sockaddr)
OSError: [Errno 99] Cannot assign requested address

======================================================================
ERROR: test_connect_ipv6_ipv6 (tornado.test.tcpclient_test.TCPClientTest)
----------------------------------------------------------------------
Traceback (most recent call last):
  File "/home/travis/virtualenv/python3.6.7/lib/python3.6/site-packages/tornado-4.5.dev1-py3.6-linux-x86_64.egg/tornado/testing.py", line 136, in __call__
    result = self.orig_method(*args, **kwargs)
  File "/home/travis/virtualenv/python3.6.7/lib/python3.6/site-packages/tornado-4.5.dev1-py3.6-linux-x86_64.egg/tornado/test/tcpclient_test.py", line 103, in test_connect_ipv6_ipv6
    self.do_test_connect(socket.AF_INET6, '::1')
  File "/home/travis/virtualenv/python3.6.7/lib/python3.6/site-packages/tornado-4.5.dev1-py3.6-linux-x86_64.egg/tornado/testing.py", line 529, in post_coroutine
    timeout=timeout)
  File "/home/travis/virtualenv/python3.6.7/lib/python3.6/site-packages/tornado-4.5.dev1-py3.6-linux-x86_64.egg/tornado/ioloop.py", line 458, in run_sync
    return future_cell[0].result()
  File "/home/travis/virtualenv/python3.6.7/lib/python3.6/site-packages/tornado-4.5.dev1-py3.6-linux-x86_64.egg/tornado/concurrent.py", line 237, in result
    raise_exc_info(self._exc_info)
  File "<string>", line 3, in raise_exc_info
  File "/home/travis/virtualenv/python3.6.7/lib/python3.6/site-packages/tornado-4.5.dev1-py3.6-linux-x86_64.egg/tornado/gen.py", line 305, in wrapper
    yielded = next(result)
  File "/home/travis/virtualenv/python3.6.7/lib/python3.6/types.py", line 204, in __next__
    return next(self.__wrapped)
  File "/home/travis/virtualenv/python3.6.7/lib/python3.6/site-packages/tornado-4.5.dev1-py3.6-linux-x86_64.egg/tornado/test/tcpclient_test.py", line 85, in do_test_connect
    port = self.start_server(family)
  File "/home/travis/virtualenv/python3.6.7/lib/python3.6/site-packages/tornado-4.5.dev1-py3.6-linux-x86_64.egg/tornado/test/tcpclient_test.py", line 61, in start_server
    self.server = TestTCPServer(family)
  File "/home/travis/virtualenv/python3.6.7/lib/python3.6/site-packages/tornado-4.5.dev1-py3.6-linux-x86_64.egg/tornado/test/tcpclient_test.py", line 39, in __init__
    sockets = bind_sockets(None, 'localhost', family)
  File "/home/travis/virtualenv/python3.6.7/lib/python3.6/site-packages/tornado-4.5.dev1-py3.6-linux-x86_64.egg/tornado/netutil.py", line 197, in bind_sockets
    sock.bind(sockaddr)
OSError: [Errno 99] Cannot assign requested address

======================================================================
FAIL: test_source_port_fail (tornado.test.tcpclient_test.TCPClientTest)
----------------------------------------------------------------------
Traceback (most recent call last):
  File "/home/travis/virtualenv/python3.6.7/lib/python3.6/site-packages/tornado-4.5.dev1-py3.6-linux-x86_64.egg/tornado/testing.py", line 136, in __call__
    result = self.orig_method(*args, **kwargs)
  File "/home/travis/virtualenv/python3.6.7/lib/python3.6/site-packages/tornado-4.5.dev1-py3.6-linux-x86_64.egg/tornado/test/tcpclient_test.py", line 155, in test_source_port_fail
    source_port=1)
AssertionError: OSError not raised by do_test_connect

----------------------------------------------------------------------
Ran 1482 tests in 20.792s

FAILED (failures=1, errors=4, skipped=40)
Some tests were skipped because: Does not work on systems without IPv6
support., SO_REUSEPORT is not supported, [Errno 99] Cannot assign
requested address, curl client accepts invalid headers, dual-stack
servers often have port conflicts on travis, needs fix, no testable
future imports, non-windows platform, pycares module not present,
timing tests unreliable on travis, twisted web not present
[E 210101 14:57:55 testing:737] FAIL
[E 210101 14:57:55 runtests:185] logged 0 warnings and 1 errors

travis_time:end:002b0224:start=1609513052379650161,finish=1609513075605168336,duration=23225518175[0K
[31;1mThe command "python -O $TARGET" exited with 1.[0m
travis_time:start:01d50f9e[0K$ LANG=C python $TARGET
.............................................................................................s................................................................................s...............................................................s..........................................................ss..................................................................................ss.............................................................................................................................................................................................................ss.ss............................................................................................................s...........................s..............s......EException ignored in: <socket.socket fd=12, family=AddressFamily.AF_INET6, type=2049, proto=6, laddr=('::', 0, 0, 0)>
ResourceWarning: unclosed <socket.socket fd=12, family=AddressFamily.AF_INET6, type=2049, proto=6, laddr=('::', 0, 0, 0)>
........s.........s.......EException ignored in: <socket.socket fd=12, family=AddressFamily.AF_INET6, type=2049, proto=6, laddr=('::', 0, 0, 0)>
ResourceWarning: unclosed <socket.socket fd=12, family=AddressFamily.AF_INET6, type=2049, proto=6, laddr=('::', 0, 0, 0)>
........s...............................EEsssException ignored in: <socket.socket fd=10, family=AddressFamily.AF_INET6, type=2049, proto=6, laddr=('::', 0, 0, 0)>
ResourceWarning: unclosed <socket.socket fd=10, family=AddressFamily.AF_INET6, type=2049, proto=6, laddr=('::', 0, 0, 0)>
Exception ignored in: <socket.socket fd=12, family=AddressFamily.AF_INET6, type=2049, proto=6, laddr=('::', 0, 0, 0)>
ResourceWarning: unclosed <socket.socket fd=12, family=AddressFamily.AF_INET6, type=2049, proto=6, laddr=('::', 0, 0, 0)>
............................................ss.........................sssss..........................................s....s..s..s..............s...s........s.ss.............................s.............................................................s.............................................................................................................................................................s...................................s..........................................................................................................................s........................................................................................
======================================================================
ERROR: test_ipv6 (tornado.test.simple_httpclient_test.SimpleHTTPClientTestCase)
----------------------------------------------------------------------
Traceback (most recent call last):
  File "/home/travis/virtualenv/python3.6.7/lib/python3.6/site-packages/tornado-4.5.dev1-py3.6-linux-x86_64.egg/tornado/testing.py", line 136, in __call__
    result = self.orig_method(*args, **kwargs)
  File "/home/travis/virtualenv/python3.6.7/lib/python3.6/site-packages/tornado-4.5.dev1-py3.6-linux-x86_64.egg/tornado/test/simple_httpclient_test.py", line 276, in test_ipv6
    [sock] = bind_sockets(None, '::1', family=socket.AF_INET6)
  File "/home/travis/virtualenv/python3.6.7/lib/python3.6/site-packages/tornado-4.5.dev1-py3.6-linux-x86_64.egg/tornado/netutil.py", line 197, in bind_sockets
    sock.bind(sockaddr)
OSError: [Errno 99] Cannot assign requested address

======================================================================
ERROR: test_ipv6 (tornado.test.simple_httpclient_test.SimpleHTTPSClientTestCase)
----------------------------------------------------------------------
Traceback (most recent call last):
  File "/home/travis/virtualenv/python3.6.7/lib/python3.6/site-packages/tornado-4.5.dev1-py3.6-linux-x86_64.egg/tornado/testing.py", line 136, in __call__
    result = self.orig_method(*args, **kwargs)
  File "/home/travis/virtualenv/python3.6.7/lib/python3.6/site-packages/tornado-4.5.dev1-py3.6-linux-x86_64.egg/tornado/test/simple_httpclient_test.py", line 276, in test_ipv6
    [sock] = bind_sockets(None, '::1', family=socket.AF_INET6)
  File "/home/travis/virtualenv/python3.6.7/lib/python3.6/site-packages/tornado-4.5.dev1-py3.6-linux-x86_64.egg/tornado/netutil.py", line 197, in bind_sockets
    sock.bind(sockaddr)
OSError: [Errno 99] Cannot assign requested address

======================================================================
ERROR: test_connect_ipv6_dual (tornado.test.tcpclient_test.TCPClientTest)
----------------------------------------------------------------------
Traceback (most recent call last):
  File "/home/travis/virtualenv/python3.6.7/lib/python3.6/site-packages/tornado-4.5.dev1-py3.6-linux-x86_64.egg/tornado/testing.py", line 136, in __call__
    result = self.orig_method(*args, **kwargs)
  File "/home/travis/virtualenv/python3.6.7/lib/python3.6/site-packages/tornado-4.5.dev1-py3.6-linux-x86_64.egg/tornado/test/tcpclient_test.py", line 110, in test_connect_ipv6_dual
    self.do_test_connect(socket.AF_INET6, 'localhost')
  File "/home/travis/virtualenv/python3.6.7/lib/python3.6/site-packages/tornado-4.5.dev1-py3.6-linux-x86_64.egg/tornado/testing.py", line 529, in post_coroutine
    timeout=timeout)
  File "/home/travis/virtualenv/python3.6.7/lib/python3.6/site-packages/tornado-4.5.dev1-py3.6-linux-x86_64.egg/tornado/ioloop.py", line 458, in run_sync
    return future_cell[0].result()
  File "/home/travis/virtualenv/python3.6.7/lib/python3.6/site-packages/tornado-4.5.dev1-py3.6-linux-x86_64.egg/tornado/concurrent.py", line 237, in result
    raise_exc_info(self._exc_info)
  File "<string>", line 3, in raise_exc_info
  File "/home/travis/virtualenv/python3.6.7/lib/python3.6/site-packages/tornado-4.5.dev1-py3.6-linux-x86_64.egg/tornado/gen.py", line 305, in wrapper
    yielded = next(result)
  File "/home/travis/virtualenv/python3.6.7/lib/python3.6/types.py", line 204, in __next__
    return next(self.__wrapped)
  File "/home/travis/virtualenv/python3.6.7/lib/python3.6/site-packages/tornado-4.5.dev1-py3.6-linux-x86_64.egg/tornado/test/tcpclient_test.py", line 85, in do_test_connect
    port = self.start_server(family)
  File "/home/travis/virtualenv/python3.6.7/lib/python3.6/site-packages/tornado-4.5.dev1-py3.6-linux-x86_64.egg/tornado/test/tcpclient_test.py", line 61, in start_server
    self.server = TestTCPServer(family)
  File "/home/travis/virtualenv/python3.6.7/lib/python3.6/site-packages/tornado-4.5.dev1-py3.6-linux-x86_64.egg/tornado/test/tcpclient_test.py", line 39, in __init__
    sockets = bind_sockets(None, 'localhost', family)
  File "/home/travis/virtualenv/python3.6.7/lib/python3.6/site-packages/tornado-4.5.dev1-py3.6-linux-x86_64.egg/tornado/netutil.py", line 197, in bind_sockets
    sock.bind(sockaddr)
OSError: [Errno 99] Cannot assign requested address

======================================================================
ERROR: test_connect_ipv6_ipv6 (tornado.test.tcpclient_test.TCPClientTest)
----------------------------------------------------------------------
Traceback (most recent call last):
  File "/home/travis/virtualenv/python3.6.7/lib/python3.6/site-packages/tornado-4.5.dev1-py3.6-linux-x86_64.egg/tornado/testing.py", line 136, in __call__
    result = self.orig_method(*args, **kwargs)
  File "/home/travis/virtualenv/python3.6.7/lib/python3.6/site-packages/tornado-4.5.dev1-py3.6-linux-x86_64.egg/tornado/test/tcpclient_test.py", line 103, in test_connect_ipv6_ipv6
    self.do_test_connect(socket.AF_INET6, '::1')
  File "/home/travis/virtualenv/python3.6.7/lib/python3.6/site-packages/tornado-4.5.dev1-py3.6-linux-x86_64.egg/tornado/testing.py", line 529, in post_coroutine
    timeout=timeout)
  File "/home/travis/virtualenv/python3.6.7/lib/python3.6/site-packages/tornado-4.5.dev1-py3.6-linux-x86_64.egg/tornado/ioloop.py", line 458, in run_sync
    return future_cell[0].result()
  File "/home/travis/virtualenv/python3.6.7/lib/python3.6/site-packages/tornado-4.5.dev1-py3.6-linux-x86_64.egg/tornado/concurrent.py", line 237, in result
    raise_exc_info(self._exc_info)
  File "<string>", line 3, in raise_exc_info
  File "/home/travis/virtualenv/python3.6.7/lib/python3.6/site-packages/tornado-4.5.dev1-py3.6-linux-x86_64.egg/tornado/gen.py", line 305, in wrapper
    yielded = next(result)
  File "/home/travis/virtualenv/python3.6.7/lib/python3.6/types.py", line 204, in __next__
    return next(self.__wrapped)
  File "/home/travis/virtualenv/python3.6.7/lib/python3.6/site-packages/tornado-4.5.dev1-py3.6-linux-x86_64.egg/tornado/test/tcpclient_test.py", line 85, in do_test_connect
    port = self.start_server(family)
  File "/home/travis/virtualenv/python3.6.7/lib/python3.6/site-packages/tornado-4.5.dev1-py3.6-linux-x86_64.egg/tornado/test/tcpclient_test.py", line 61, in start_server
    self.server = TestTCPServer(family)
  File "/home/travis/virtualenv/python3.6.7/lib/python3.6/site-packages/tornado-4.5.dev1-py3.6-linux-x86_64.egg/tornado/test/tcpclient_test.py", line 39, in __init__
    sockets = bind_sockets(None, 'localhost', family)
  File "/home/travis/virtualenv/python3.6.7/lib/python3.6/site-packages/tornado-4.5.dev1-py3.6-linux-x86_64.egg/tornado/netutil.py", line 197, in bind_sockets
    sock.bind(sockaddr)
OSError: [Errno 99] Cannot assign requested address

----------------------------------------------------------------------
Ran 1482 tests in 20.793s

FAILED (errors=4, skipped=41)
Some tests were skipped because: Does not work on systems without IPv6
support., SO_REUSEPORT is not supported, [Errno 99] Cannot assign
requested address, coverage tries to access unencodable filename, curl
client accepts invalid headers, dual-stack servers often have port
conflicts on travis, needs fix, no testable future imports, non-
windows platform, pycares module not present, timing tests unreliable
on travis, twisted web not present
[E 210101 14:58:17 testing:737] FAIL
[E 210101 14:58:17 runtests:185] logged 0 warnings and 1 errors

travis_time:end:01d50f9e:start=1609513075615890741,finish=1609513097788710874,duration=22172820133[0K
[31;1mThe command "LANG=C python $TARGET" exited with 1.[0m
travis_time:start:2ff4f6db[0K$ LANG=en_US.utf-8 python $TARGET
.............................................................................................s................................................................................s...............................................................s..........................................................ss..................................................................................ss.............................................................................................................................................................................................................ss.ss............................................................................................................s...........................s..............s......EException ignored in: <socket.socket fd=12, family=AddressFamily.AF_INET6, type=2049, proto=6, laddr=('::', 0, 0, 0)>
ResourceWarning: unclosed <socket.socket fd=12, family=AddressFamily.AF_INET6, type=2049, proto=6, laddr=('::', 0, 0, 0)>
........s.........s.......EException ignored in: <socket.socket fd=12, family=AddressFamily.AF_INET6, type=2049, proto=6, laddr=('::', 0, 0, 0)>
ResourceWarning: unclosed <socket.socket fd=12, family=AddressFamily.AF_INET6, type=2049, proto=6, laddr=('::', 0, 0, 0)>
........s...............................EEsssException ignored in: <socket.socket fd=10, family=AddressFamily.AF_INET6, type=2049, proto=6, laddr=('::', 0, 0, 0)>
ResourceWarning: unclosed <socket.socket fd=10, family=AddressFamily.AF_INET6, type=2049, proto=6, laddr=('::', 0, 0, 0)>
Exception ignored in: <socket.socket fd=12, family=AddressFamily.AF_INET6, type=2049, proto=6, laddr=('::', 0, 0, 0)>
ResourceWarning: unclosed <socket.socket fd=12, family=AddressFamily.AF_INET6, type=2049, proto=6, laddr=('::', 0, 0, 0)>
............................................s..........................sssss..........................................s....s..s..s..............s...s........s.ss.............................s.............................................................s.............................................................................................................................................................s...................................s..........................................................................................................................s........................................................................................
======================================================================
ERROR: test_ipv6 (tornado.test.simple_httpclient_test.SimpleHTTPClientTestCase)
----------------------------------------------------------------------
Traceback (most recent call last):
  File "/home/travis/virtualenv/python3.6.7/lib/python3.6/site-packages/tornado-4.5.dev1-py3.6-linux-x86_64.egg/tornado/testing.py", line 136, in __call__
    result = self.orig_method(*args, **kwargs)
  File "/home/travis/virtualenv/python3.6.7/lib/python3.6/site-packages/tornado-4.5.dev1-py3.6-linux-x86_64.egg/tornado/test/simple_httpclient_test.py", line 276, in test_ipv6
    [sock] = bind_sockets(None, '::1', family=socket.AF_INET6)
  File "/home/travis/virtualenv/python3.6.7/lib/python3.6/site-packages/tornado-4.5.dev1-py3.6-linux-x86_64.egg/tornado/netutil.py", line 197, in bind_sockets
    sock.bind(sockaddr)
OSError: [Errno 99] Cannot assign requested address

======================================================================
ERROR: test_ipv6 (tornado.test.simple_httpclient_test.SimpleHTTPSClientTestCase)
----------------------------------------------------------------------
Traceback (most recent call last):
  File "/home/travis/virtualenv/python3.6.7/lib/python3.6/site-packages/tornado-4.5.dev1-py3.6-linux-x86_64.egg/tornado/testing.py", line 136, in __call__
    result = self.orig_method(*args, **kwargs)
  File "/home/travis/virtualenv/python3.6.7/lib/python3.6/site-packages/tornado-4.5.dev1-py3.6-linux-x86_64.egg/tornado/test/simple_httpclient_test.py", line 276, in test_ipv6
    [sock] = bind_sockets(None, '::1', family=socket.AF_INET6)
  File "/home/travis/virtualenv/python3.6.7/lib/python3.6/site-packages/tornado-4.5.dev1-py3.6-linux-x86_64.egg/tornado/netutil.py", line 197, in bind_sockets
    sock.bind(sockaddr)
OSError: [Errno 99] Cannot assign requested address

======================================================================
ERROR: test_connect_ipv6_dual (tornado.test.tcpclient_test.TCPClientTest)
----------------------------------------------------------------------
Traceback (most recent call last):
  File "/home/travis/virtualenv/python3.6.7/lib/python3.6/site-packages/tornado-4.5.dev1-py3.6-linux-x86_64.egg/tornado/testing.py", line 136, in __call__
    result = self.orig_method(*args, **kwargs)
  File "/home/travis/virtualenv/python3.6.7/lib/python3.6/site-packages/tornado-4.5.dev1-py3.6-linux-x86_64.egg/tornado/test/tcpclient_test.py", line 110, in test_connect_ipv6_dual
    self.do_test_connect(socket.AF_INET6, 'localhost')
  File "/home/travis/virtualenv/python3.6.7/lib/python3.6/site-packages/tornado-4.5.dev1-py3.6-linux-x86_64.egg/tornado/testing.py", line 529, in post_coroutine
    timeout=timeout)
  File "/home/travis/virtualenv/python3.6.7/lib/python3.6/site-packages/tornado-4.5.dev1-py3.6-linux-x86_64.egg/tornado/ioloop.py", line 458, in run_sync
    return future_cell[0].result()
  File "/home/travis/virtualenv/python3.6.7/lib/python3.6/site-packages/tornado-4.5.dev1-py3.6-linux-x86_64.egg/tornado/concurrent.py", line 237, in result
    raise_exc_info(self._exc_info)
  File "<string>", line 3, in raise_exc_info
  File "/home/travis/virtualenv/python3.6.7/lib/python3.6/site-packages/tornado-4.5.dev1-py3.6-linux-x86_64.egg/tornado/gen.py", line 305, in wrapper
    yielded = next(result)
  File "/home/travis/virtualenv/python3.6.7/lib/python3.6/types.py", line 204, in __next__
    return next(self.__wrapped)
  File "/home/travis/virtualenv/python3.6.7/lib/python3.6/site-packages/tornado-4.5.dev1-py3.6-linux-x86_64.egg/tornado/test/tcpclient_test.py", line 85, in do_test_connect
    port = self.start_server(family)
  File "/home/travis/virtualenv/python3.6.7/lib/python3.6/site-packages/tornado-4.5.dev1-py3.6-linux-x86_64.egg/tornado/test/tcpclient_test.py", line 61, in start_server
    self.server = TestTCPServer(family)
  File "/home/travis/virtualenv/python3.6.7/lib/python3.6/site-packages/tornado-4.5.dev1-py3.6-linux-x86_64.egg/tornado/test/tcpclient_test.py", line 39, in __init__
    sockets = bind_sockets(None, 'localhost', family)
  File "/home/travis/virtualenv/python3.6.7/lib/python3.6/site-packages/tornado-4.5.dev1-py3.6-linux-x86_64.egg/tornado/netutil.py", line 197, in bind_sockets
    sock.bind(sockaddr)
OSError: [Errno 99] Cannot assign requested address

======================================================================
ERROR: test_connect_ipv6_ipv6 (tornado.test.tcpclient_test.TCPClientTest)
----------------------------------------------------------------------
Traceback (most recent call last):
  File "/home/travis/virtualenv/python3.6.7/lib/python3.6/site-packages/tornado-4.5.dev1-py3.6-linux-x86_64.egg/tornado/testing.py", line 136, in __call__
    result = self.orig_method(*args, **kwargs)
  File "/home/travis/virtualenv/python3.6.7/lib/python3.6/site-packages/tornado-4.5.dev1-py3.6-linux-x86_64.egg/tornado/test/tcpclient_test.py", line 103, in test_connect_ipv6_ipv6
    self.do_test_connect(socket.AF_INET6, '::1')
  File "/home/travis/virtualenv/python3.6.7/lib/python3.6/site-packages/tornado-4.5.dev1-py3.6-linux-x86_64.egg/tornado/testing.py", line 529, in post_coroutine
    timeout=timeout)
  File "/home/travis/virtualenv/python3.6.7/lib/python3.6/site-packages/tornado-4.5.dev1-py3.6-linux-x86_64.egg/tornado/ioloop.py", line 458, in run_sync
    return future_cell[0].result()
  File "/home/travis/virtualenv/python3.6.7/lib/python3.6/site-packages/tornado-4.5.dev1-py3.6-linux-x86_64.egg/tornado/concurrent.py", line 237, in result
    raise_exc_info(self._exc_info)
  File "<string>", line 3, in raise_exc_info
  File "/home/travis/virtualenv/python3.6.7/lib/python3.6/site-packages/tornado-4.5.dev1-py3.6-linux-x86_64.egg/tornado/gen.py", line 305, in wrapper
    yielded = next(result)
  File "/home/travis/virtualenv/python3.6.7/lib/python3.6/types.py", line 204, in __next__
    return next(self.__wrapped)
  File "/home/travis/virtualenv/python3.6.7/lib/python3.6/site-packages/tornado-4.5.dev1-py3.6-linux-x86_64.egg/tornado/test/tcpclient_test.py", line 85, in do_test_connect
    port = self.start_server(family)
  File "/home/travis/virtualenv/python3.6.7/lib/python3.6/site-packages/tornado-4.5.dev1-py3.6-linux-x86_64.egg/tornado/test/tcpclient_test.py", line 61, in start_server
    self.server = TestTCPServer(family)
  File "/home/travis/virtualenv/python3.6.7/lib/python3.6/site-packages/tornado-4.5.dev1-py3.6-linux-x86_64.egg/tornado/test/tcpclient_test.py", line 39, in __init__
    sockets = bind_sockets(None, 'localhost', family)
  File "/home/travis/virtualenv/python3.6.7/lib/python3.6/site-packages/tornado-4.5.dev1-py3.6-linux-x86_64.egg/tornado/netutil.py", line 197, in bind_sockets
    sock.bind(sockaddr)
OSError: [Errno 99] Cannot assign requested address

----------------------------------------------------------------------
Ran 1482 tests in 20.817s

FAILED (errors=4, skipped=40)
Some tests were skipped because: Does not work on systems without IPv6
support., SO_REUSEPORT is not supported, [Errno 99] Cannot assign
requested address, curl client accepts invalid headers, dual-stack
servers often have port conflicts on travis, needs fix, no testable
future imports, non-windows platform, pycares module not present,
timing tests unreliable on travis, twisted web not present
[E 210101 14:58:39 testing:737] FAIL
[E 210101 14:58:39 runtests:185] logged 0 warnings and 1 errors

travis_time:end:2ff4f6db:start=1609513097800841518,finish=1609513119894882059,duration=22094040541[0K
[31;1mThe command "LANG=en_US.utf-8 python $TARGET" exited with 1.[0m
travis_time:start:15559d85[0K$ if [[ $TRAVIS_PYTHON_VERSION == 3* ]]; then python -bb $TARGET; fi
.............................................................................................s................................................................................s...............................................................s..........................................................ss..................................................................................ss.............................................................................................................................................................................................................ss.ss............................................................................................................s...........................s..............s......EException ignored in: <socket.socket fd=12, family=AddressFamily.AF_INET6, type=2049, proto=6, laddr=('::', 0, 0, 0)>
ResourceWarning: unclosed <socket.socket fd=12, family=AddressFamily.AF_INET6, type=2049, proto=6, laddr=('::', 0, 0, 0)>
........s.........s.......EException ignored in: <socket.socket fd=12, family=AddressFamily.AF_INET6, type=2049, proto=6, laddr=('::', 0, 0, 0)>
ResourceWarning: unclosed <socket.socket fd=12, family=AddressFamily.AF_INET6, type=2049, proto=6, laddr=('::', 0, 0, 0)>
........s...............................EEsssException ignored in: <socket.socket fd=10, family=AddressFamily.AF_INET6, type=2049, proto=6, laddr=('::', 0, 0, 0)>
ResourceWarning: unclosed <socket.socket fd=10, family=AddressFamily.AF_INET6, type=2049, proto=6, laddr=('::', 0, 0, 0)>
Exception ignored in: <socket.socket fd=12, family=AddressFamily.AF_INET6, type=2049, proto=6, laddr=('::', 0, 0, 0)>
ResourceWarning: unclosed <socket.socket fd=12, family=AddressFamily.AF_INET6, type=2049, proto=6, laddr=('::', 0, 0, 0)>
...F........................................s..........................sssss..........................................s....s..s..s..............s...s........s.ss.............................s.............................................................s.............................................................................................................................................................s...................................s..........................................................................................................................s........................................................................................
======================================================================
ERROR: test_ipv6 (tornado.test.simple_httpclient_test.SimpleHTTPClientTestCase)
----------------------------------------------------------------------
Traceback (most recent call last):
  File "/home/travis/virtualenv/python3.6.7/lib/python3.6/site-packages/tornado-4.5.dev1-py3.6-linux-x86_64.egg/tornado/testing.py", line 136, in __call__
    result = self.orig_method(*args, **kwargs)
  File "/home/travis/virtualenv/python3.6.7/lib/python3.6/site-packages/tornado-4.5.dev1-py3.6-linux-x86_64.egg/tornado/test/simple_httpclient_test.py", line 276, in test_ipv6
    [sock] = bind_sockets(None, '::1', family=socket.AF_INET6)
  File "/home/travis/virtualenv/python3.6.7/lib/python3.6/site-packages/tornado-4.5.dev1-py3.6-linux-x86_64.egg/tornado/netutil.py", line 197, in bind_sockets
    sock.bind(sockaddr)
OSError: [Errno 99] Cannot assign requested address

======================================================================
ERROR: test_ipv6 (tornado.test.simple_httpclient_test.SimpleHTTPSClientTestCase)
----------------------------------------------------------------------
Traceback (most recent call last):
  File "/home/travis/virtualenv/python3.6.7/lib/python3.6/site-packages/tornado-4.5.dev1-py3.6-linux-x86_64.egg/tornado/testing.py", line 136, in __call__
    result = self.orig_method(*args, **kwargs)
  File "/home/travis/virtualenv/python3.6.7/lib/python3.6/site-packages/tornado-4.5.dev1-py3.6-linux-x86_64.egg/tornado/test/simple_httpclient_test.py", line 276, in test_ipv6
    [sock] = bind_sockets(None, '::1', family=socket.AF_INET6)
  File "/home/travis/virtualenv/python3.6.7/lib/python3.6/site-packages/tornado-4.5.dev1-py3.6-linux-x86_64.egg/tornado/netutil.py", line 197, in bind_sockets
    sock.bind(sockaddr)
OSError: [Errno 99] Cannot assign requested address

======================================================================
ERROR: test_connect_ipv6_dual (tornado.test.tcpclient_test.TCPClientTest)
----------------------------------------------------------------------
Traceback (most recent call last):
  File "/home/travis/virtualenv/python3.6.7/lib/python3.6/site-packages/tornado-4.5.dev1-py3.6-linux-x86_64.egg/tornado/testing.py", line 136, in __call__
    result = self.orig_method(*args, **kwargs)
  File "/home/travis/virtualenv/python3.6.7/lib/python3.6/site-packages/tornado-4.5.dev1-py3.6-linux-x86_64.egg/tornado/test/tcpclient_test.py", line 110, in test_connect_ipv6_dual
    self.do_test_connect(socket.AF_INET6, 'localhost')
  File "/home/travis/virtualenv/python3.6.7/lib/python3.6/site-packages/tornado-4.5.dev1-py3.6-linux-x86_64.egg/tornado/testing.py", line 529, in post_coroutine
    timeout=timeout)
  File "/home/travis/virtualenv/python3.6.7/lib/python3.6/site-packages/tornado-4.5.dev1-py3.6-linux-x86_64.egg/tornado/ioloop.py", line 458, in run_sync
    return future_cell[0].result()
  File "/home/travis/virtualenv/python3.6.7/lib/python3.6/site-packages/tornado-4.5.dev1-py3.6-linux-x86_64.egg/tornado/concurrent.py", line 237, in result
    raise_exc_info(self._exc_info)
  File "<string>", line 3, in raise_exc_info
  File "/home/travis/virtualenv/python3.6.7/lib/python3.6/site-packages/tornado-4.5.dev1-py3.6-linux-x86_64.egg/tornado/gen.py", line 305, in wrapper
    yielded = next(result)
  File "/home/travis/virtualenv/python3.6.7/lib/python3.6/types.py", line 204, in __next__
    return next(self.__wrapped)
  File "/home/travis/virtualenv/python3.6.7/lib/python3.6/site-packages/tornado-4.5.dev1-py3.6-linux-x86_64.egg/tornado/test/tcpclient_test.py", line 85, in do_test_connect
    port = self.start_server(family)
  File "/home/travis/virtualenv/python3.6.7/lib/python3.6/site-packages/tornado-4.5.dev1-py3.6-linux-x86_64.egg/tornado/test/tcpclient_test.py", line 61, in start_server
    self.server = TestTCPServer(family)
  File "/home/travis/virtualenv/python3.6.7/lib/python3.6/site-packages/tornado-4.5.dev1-py3.6-linux-x86_64.egg/tornado/test/tcpclient_test.py", line 39, in __init__
    sockets = bind_sockets(None, 'localhost', family)
  File "/home/travis/virtualenv/python3.6.7/lib/python3.6/site-packages/tornado-4.5.dev1-py3.6-linux-x86_64.egg/tornado/netutil.py", line 197, in bind_sockets
    sock.bind(sockaddr)
OSError: [Errno 99] Cannot assign requested address

======================================================================
ERROR: test_connect_ipv6_ipv6 (tornado.test.tcpclient_test.TCPClientTest)
----------------------------------------------------------------------
Traceback (most recent call last):
  File "/home/travis/virtualenv/python3.6.7/lib/python3.6/site-packages/tornado-4.5.dev1-py3.6-linux-x86_64.egg/tornado/testing.py", line 136, in __call__
    result = self.orig_method(*args, **kwargs)
  File "/home/travis/virtualenv/python3.6.7/lib/python3.6/site-packages/tornado-4.5.dev1-py3.6-linux-x86_64.egg/tornado/test/tcpclient_test.py", line 103, in test_connect_ipv6_ipv6
    self.do_test_connect(socket.AF_INET6, '::1')
  File "/home/travis/virtualenv/python3.6.7/lib/python3.6/site-packages/tornado-4.5.dev1-py3.6-linux-x86_64.egg/tornado/testing.py", line 529, in post_coroutine
    timeout=timeout)
  File "/home/travis/virtualenv/python3.6.7/lib/python3.6/site-packages/tornado-4.5.dev1-py3.6-linux-x86_64.egg/tornado/ioloop.py", line 458, in run_sync
    return future_cell[0].result()
  File "/home/travis/virtualenv/python3.6.7/lib/python3.6/site-packages/tornado-4.5.dev1-py3.6-linux-x86_64.egg/tornado/concurrent.py", line 237, in result
    raise_exc_info(self._exc_info)
  File "<string>", line 3, in raise_exc_info
  File "/home/travis/virtualenv/python3.6.7/lib/python3.6/site-packages/tornado-4.5.dev1-py3.6-linux-x86_64.egg/tornado/gen.py", line 305, in wrapper
    yielded = next(result)
  File "/home/travis/virtualenv/python3.6.7/lib/python3.6/types.py", line 204, in __next__
    return next(self.__wrapped)
  File "/home/travis/virtualenv/python3.6.7/lib/python3.6/site-packages/tornado-4.5.dev1-py3.6-linux-x86_64.egg/tornado/test/tcpclient_test.py", line 85, in do_test_connect
    port = self.start_server(family)
  File "/home/travis/virtualenv/python3.6.7/lib/python3.6/site-packages/tornado-4.5.dev1-py3.6-linux-x86_64.egg/tornado/test/tcpclient_test.py", line 61, in start_server
    self.server = TestTCPServer(family)
  File "/home/travis/virtualenv/python3.6.7/lib/python3.6/site-packages/tornado-4.5.dev1-py3.6-linux-x86_64.egg/tornado/test/tcpclient_test.py", line 39, in __init__
    sockets = bind_sockets(None, 'localhost', family)
  File "/home/travis/virtualenv/python3.6.7/lib/python3.6/site-packages/tornado-4.5.dev1-py3.6-linux-x86_64.egg/tornado/netutil.py", line 197, in bind_sockets
    sock.bind(sockaddr)
OSError: [Errno 99] Cannot assign requested address

======================================================================
FAIL: test_source_port_fail (tornado.test.tcpclient_test.TCPClientTest)
----------------------------------------------------------------------
Traceback (most recent call last):
  File "/home/travis/virtualenv/python3.6.7/lib/python3.6/site-packages/tornado-4.5.dev1-py3.6-linux-x86_64.egg/tornado/testing.py", line 136, in __call__
    result = self.orig_method(*args, **kwargs)
  File "/home/travis/virtualenv/python3.6.7/lib/python3.6/site-packages/tornado-4.5.dev1-py3.6-linux-x86_64.egg/tornado/test/tcpclient_test.py", line 155, in test_source_port_fail
    source_port=1)
AssertionError: OSError not raised by do_test_connect

----------------------------------------------------------------------
Ran 1482 tests in 20.973s

FAILED (failures=1, errors=4, skipped=40)
Some tests were skipped because: Does not work on systems without IPv6
support., SO_REUSEPORT is not supported, [Errno 99] Cannot assign
requested address, curl client accepts invalid headers, dual-stack
servers often have port conflicts on travis, needs fix, no testable
future imports, non-windows platform, pycares module not present,
timing tests unreliable on travis, twisted web not present
[E 210101 14:59:01 testing:737] FAIL
[E 210101 14:59:01 runtests:185] logged 0 warnings and 1 errors

travis_time:end:15559d85:start=1609513119906806579,finish=1609513142201910182,duration=22295103603[0K
[31;1mThe command "if [[ $TRAVIS_PYTHON_VERSION == 3* ]]; then python -bb $TARGET; fi" exited with 1.[0m
travis_time:start:0b14de20[0K$ if [[ $TRAVIS_PYTHON_VERSION != pypy* ]]; then python $TARGET --resolver=tornado.netutil.ThreadedResolver; fi
.............................................................................................s................................................................................s...............................................................s..........................................................ss..................................................................................ss.............................................................................................................................................................................................................ss.ss............................................................................................................s...........................s..............s......EException ignored in: <socket.socket fd=12, family=AddressFamily.AF_INET6, type=2049, proto=6, laddr=('::', 0, 0, 0)>
ResourceWarning: unclosed <socket.socket fd=12, family=AddressFamily.AF_INET6, type=2049, proto=6, laddr=('::', 0, 0, 0)>
........s.........s.......EException ignored in: <socket.socket fd=12, family=AddressFamily.AF_INET6, type=2049, proto=6, laddr=('::', 0, 0, 0)>
ResourceWarning: unclosed <socket.socket fd=12, family=AddressFamily.AF_INET6, type=2049, proto=6, laddr=('::', 0, 0, 0)>
........s...............................EEsssException ignored in: <socket.socket fd=10, family=AddressFamily.AF_INET6, type=2049, proto=6, laddr=('::', 0, 0, 0)>
ResourceWarning: unclosed <socket.socket fd=10, family=AddressFamily.AF_INET6, type=2049, proto=6, laddr=('::', 0, 0, 0)>
Exception ignored in: <socket.socket fd=12, family=AddressFamily.AF_INET6, type=2049, proto=6, laddr=('::', 0, 0, 0)>
ResourceWarning: unclosed <socket.socket fd=12, family=AddressFamily.AF_INET6, type=2049, proto=6, laddr=('::', 0, 0, 0)>
............................................s..........................sssss..........................................s....s..s..s..............s...s........s.ss.............................s.............................................................s.............................................................................................................................................................s...................................s..........................................................................................................................s........................................................................................
======================================================================
ERROR: test_ipv6 (tornado.test.simple_httpclient_test.SimpleHTTPClientTestCase)
----------------------------------------------------------------------
Traceback (most recent call last):
  File "/home/travis/virtualenv/python3.6.7/lib/python3.6/site-packages/tornado-4.5.dev1-py3.6-linux-x86_64.egg/tornado/testing.py", line 136, in __call__
    result = self.orig_method(*args, **kwargs)
  File "/home/travis/virtualenv/python3.6.7/lib/python3.6/site-packages/tornado-4.5.dev1-py3.6-linux-x86_64.egg/tornado/test/simple_httpclient_test.py", line 276, in test_ipv6
    [sock] = bind_sockets(None, '::1', family=socket.AF_INET6)
  File "/home/travis/virtualenv/python3.6.7/lib/python3.6/site-packages/tornado-4.5.dev1-py3.6-linux-x86_64.egg/tornado/netutil.py", line 197, in bind_sockets
    sock.bind(sockaddr)
OSError: [Errno 99] Cannot assign requested address

======================================================================
ERROR: test_ipv6 (tornado.test.simple_httpclient_test.SimpleHTTPSClientTestCase)
----------------------------------------------------------------------
Traceback (most recent call last):
  File "/home/travis/virtualenv/python3.6.7/lib/python3.6/site-packages/tornado-4.5.dev1-py3.6-linux-x86_64.egg/tornado/testing.py", line 136, in __call__
    result = self.orig_method(*args, **kwargs)
  File "/home/travis/virtualenv/python3.6.7/lib/python3.6/site-packages/tornado-4.5.dev1-py3.6-linux-x86_64.egg/tornado/test/simple_httpclient_test.py", line 276, in test_ipv6
    [sock] = bind_sockets(None, '::1', family=socket.AF_INET6)
  File "/home/travis/virtualenv/python3.6.7/lib/python3.6/site-packages/tornado-4.5.dev1-py3.6-linux-x86_64.egg/tornado/netutil.py", line 197, in bind_sockets
    sock.bind(sockaddr)
OSError: [Errno 99] Cannot assign requested address

======================================================================
ERROR: test_connect_ipv6_dual (tornado.test.tcpclient_test.TCPClientTest)
----------------------------------------------------------------------
Traceback (most recent call last):
  File "/home/travis/virtualenv/python3.6.7/lib/python3.6/site-packages/tornado-4.5.dev1-py3.6-linux-x86_64.egg/tornado/testing.py", line 136, in __call__
    result = self.orig_method(*args, **kwargs)
  File "/home/travis/virtualenv/python3.6.7/lib/python3.6/site-packages/tornado-4.5.dev1-py3.6-linux-x86_64.egg/tornado/test/tcpclient_test.py", line 110, in test_connect_ipv6_dual
    self.do_test_connect(socket.AF_INET6, 'localhost')
  File "/home/travis/virtualenv/python3.6.7/lib/python3.6/site-packages/tornado-4.5.dev1-py3.6-linux-x86_64.egg/tornado/testing.py", line 529, in post_coroutine
    timeout=timeout)
  File "/home/travis/virtualenv/python3.6.7/lib/python3.6/site-packages/tornado-4.5.dev1-py3.6-linux-x86_64.egg/tornado/ioloop.py", line 458, in run_sync
    return future_cell[0].result()
  File "/home/travis/virtualenv/python3.6.7/lib/python3.6/site-packages/tornado-4.5.dev1-py3.6-linux-x86_64.egg/tornado/concurrent.py", line 237, in result
    raise_exc_info(self._exc_info)
  File "<string>", line 3, in raise_exc_info
  File "/home/travis/virtualenv/python3.6.7/lib/python3.6/site-packages/tornado-4.5.dev1-py3.6-linux-x86_64.egg/tornado/gen.py", line 305, in wrapper
    yielded = next(result)
  File "/home/travis/virtualenv/python3.6.7/lib/python3.6/types.py", line 204, in __next__
    return next(self.__wrapped)
  File "/home/travis/virtualenv/python3.6.7/lib/python3.6/site-packages/tornado-4.5.dev1-py3.6-linux-x86_64.egg/tornado/test/tcpclient_test.py", line 85, in do_test_connect
    port = self.start_server(family)
  File "/home/travis/virtualenv/python3.6.7/lib/python3.6/site-packages/tornado-4.5.dev1-py3.6-linux-x86_64.egg/tornado/test/tcpclient_test.py", line 61, in start_server
    self.server = TestTCPServer(family)
  File "/home/travis/virtualenv/python3.6.7/lib/python3.6/site-packages/tornado-4.5.dev1-py3.6-linux-x86_64.egg/tornado/test/tcpclient_test.py", line 39, in __init__
    sockets = bind_sockets(None, 'localhost', family)
  File "/home/travis/virtualenv/python3.6.7/lib/python3.6/site-packages/tornado-4.5.dev1-py3.6-linux-x86_64.egg/tornado/netutil.py", line 197, in bind_sockets
    sock.bind(sockaddr)
OSError: [Errno 99] Cannot assign requested address

======================================================================
ERROR: test_connect_ipv6_ipv6 (tornado.test.tcpclient_test.TCPClientTest)
----------------------------------------------------------------------
Traceback (most recent call last):
  File "/home/travis/virtualenv/python3.6.7/lib/python3.6/site-packages/tornado-4.5.dev1-py3.6-linux-x86_64.egg/tornado/testing.py", line 136, in __call__
    result = self.orig_method(*args, **kwargs)
  File "/home/travis/virtualenv/python3.6.7/lib/python3.6/site-packages/tornado-4.5.dev1-py3.6-linux-x86_64.egg/tornado/test/tcpclient_test.py", line 103, in test_connect_ipv6_ipv6
    self.do_test_connect(socket.AF_INET6, '::1')
  File "/home/travis/virtualenv/python3.6.7/lib/python3.6/site-packages/tornado-4.5.dev1-py3.6-linux-x86_64.egg/tornado/testing.py", line 529, in post_coroutine
    timeout=timeout)
  File "/home/travis/virtualenv/python3.6.7/lib/python3.6/site-packages/tornado-4.5.dev1-py3.6-linux-x86_64.egg/tornado/ioloop.py", line 458, in run_sync
    return future_cell[0].result()
  File "/home/travis/virtualenv/python3.6.7/lib/python3.6/site-packages/tornado-4.5.dev1-py3.6-linux-x86_64.egg/tornado/concurrent.py", line 237, in result
    raise_exc_info(self._exc_info)
  File "<string>", line 3, in raise_exc_info
  File "/home/travis/virtualenv/python3.6.7/lib/python3.6/site-packages/tornado-4.5.dev1-py3.6-linux-x86_64.egg/tornado/gen.py", line 305, in wrapper
    yielded = next(result)
  File "/home/travis/virtualenv/python3.6.7/lib/python3.6/types.py", line 204, in __next__
    return next(self.__wrapped)
  File "/home/travis/virtualenv/python3.6.7/lib/python3.6/site-packages/tornado-4.5.dev1-py3.6-linux-x86_64.egg/tornado/test/tcpclient_test.py", line 85, in do_test_connect
    port = self.start_server(family)
  File "/home/travis/virtualenv/python3.6.7/lib/python3.6/site-packages/tornado-4.5.dev1-py3.6-linux-x86_64.egg/tornado/test/tcpclient_test.py", line 61, in start_server
    self.server = TestTCPServer(family)
  File "/home/travis/virtualenv/python3.6.7/lib/python3.6/site-packages/tornado-4.5.dev1-py3.6-linux-x86_64.egg/tornado/test/tcpclient_test.py", line 39, in __init__
    sockets = bind_sockets(None, 'localhost', family)
  File "/home/travis/virtualenv/python3.6.7/lib/python3.6/site-packages/tornado-4.5.dev1-py3.6-linux-x86_64.egg/tornado/netutil.py", line 197, in bind_sockets
    sock.bind(sockaddr)
OSError: [Errno 99] Cannot assign requested address

----------------------------------------------------------------------
Ran 1482 tests in 23.492s

FAILED (errors=4, skipped=40)
Some tests were skipped because: Does not work on systems without IPv6
support., SO_REUSEPORT is not supported, [Errno 99] Cannot assign
requested address, curl client accepts invalid headers, dual-stack
servers often have port conflicts on travis, needs fix, no testable
future imports, non-windows platform, pycares module not present,
timing tests unreliable on travis, twisted web not present
[E 210101 14:59:26 testing:737] FAIL
[E 210101 14:59:26 runtests:185] logged 0 warnings and 1 errors

travis_time:end:0b14de20:start=1609513142213214563,finish=1609513167187853822,duration=24974639259[0K
[31;1mThe command "if [[ $TRAVIS_PYTHON_VERSION != pypy* ]]; then python $TARGET --resolver=tornado.netutil.ThreadedResolver; fi" exited with 1.[0m
travis_time:start:21ca43f8[0K$ if [[ $TRAVIS_PYTHON_VERSION == 2* ]]; then python $TARGET --httpclient=tornado.curl_httpclient.CurlAsyncHTTPClient; fi

travis_time:end:21ca43f8:start=1609513167199771739,finish=1609513167208419532,duration=8647793[0K
[32;1mThe command "if [[ $TRAVIS_PYTHON_VERSION == 2* ]]; then python $TARGET --httpclient=tornado.curl_httpclient.CurlAsyncHTTPClient; fi" exited with 0.[0m
travis_time:start:1dd192de[0K$ if [[ $TRAVIS_PYTHON_VERSION == 2* ]]; then python $TARGET --ioloop_time_monotonic; fi

travis_time:end:1dd192de:start=1609513167219194434,finish=1609513167228347917,duration=9153483[0K
[32;1mThe command "if [[ $TRAVIS_PYTHON_VERSION == 2* ]]; then python $TARGET --ioloop_time_monotonic; fi" exited with 0.[0m
travis_time:start:18a0c5f6[0K$ if [[ $TRAVIS_PYTHON_VERSION != 'pypy'* ]]; then python $TARGET --ioloop=tornado.platform.twisted.TwistedIOLoop; fi
.............................................................................................s................................................................................s...............................................................s..........................ss..............................ss..................................................................................ss.............................................................................................................................................................................................................ss.ss..................................................s.ssss.ss.................................................s...........................s..............s......EException ignored in: <socket.socket fd=11, family=AddressFamily.AF_INET6, type=2049, proto=6, laddr=('::', 0, 0, 0)>
ResourceWarning: unclosed <socket.socket fd=11, family=AddressFamily.AF_INET6, type=2049, proto=6, laddr=('::', 0, 0, 0)>
........s.........s.......EException ignored in: <socket.socket fd=11, family=AddressFamily.AF_INET6, type=2049, proto=6, laddr=('::', 0, 0, 0)>
ResourceWarning: unclosed <socket.socket fd=11, family=AddressFamily.AF_INET6, type=2049, proto=6, laddr=('::', 0, 0, 0)>
........s...............................EEsss.Exception ignored in: <socket.socket fd=7, family=AddressFamily.AF_INET6, type=2049, proto=6, laddr=('::', 0, 0, 0)>
ResourceWarning: unclosed <socket.socket fd=7, family=AddressFamily.AF_INET6, type=2049, proto=6, laddr=('::', 0, 0, 0)>
Exception ignored in: <socket.socket fd=11, family=AddressFamily.AF_INET6, type=2049, proto=6, laddr=('::', 0, 0, 0)>
ResourceWarning: unclosed <socket.socket fd=11, family=AddressFamily.AF_INET6, type=2049, proto=6, laddr=('::', 0, 0, 0)>
...........................................s..........................sssss..........................................s....s..s..s..............s...s........s.ss.............................s.............................................................s.............................................................................................................................................................s...................................s..........................................................................................................................s........................................................................................
======================================================================
ERROR: test_ipv6 (tornado.test.simple_httpclient_test.SimpleHTTPClientTestCase)
----------------------------------------------------------------------
Traceback (most recent call last):
  File "/home/travis/virtualenv/python3.6.7/lib/python3.6/site-packages/tornado-4.5.dev1-py3.6-linux-x86_64.egg/tornado/testing.py", line 136, in __call__
    result = self.orig_method(*args, **kwargs)
  File "/home/travis/virtualenv/python3.6.7/lib/python3.6/site-packages/tornado-4.5.dev1-py3.6-linux-x86_64.egg/tornado/test/simple_httpclient_test.py", line 276, in test_ipv6
    [sock] = bind_sockets(None, '::1', family=socket.AF_INET6)
  File "/home/travis/virtualenv/python3.6.7/lib/python3.6/site-packages/tornado-4.5.dev1-py3.6-linux-x86_64.egg/tornado/netutil.py", line 197, in bind_sockets
    sock.bind(sockaddr)
OSError: [Errno 99] Cannot assign requested address

======================================================================
ERROR: test_ipv6 (tornado.test.simple_httpclient_test.SimpleHTTPSClientTestCase)
----------------------------------------------------------------------
Traceback (most recent call last):
  File "/home/travis/virtualenv/python3.6.7/lib/python3.6/site-packages/tornado-4.5.dev1-py3.6-linux-x86_64.egg/tornado/testing.py", line 136, in __call__
    result = self.orig_method(*args, **kwargs)
  File "/home/travis/virtualenv/python3.6.7/lib/python3.6/site-packages/tornado-4.5.dev1-py3.6-linux-x86_64.egg/tornado/test/simple_httpclient_test.py", line 276, in test_ipv6
    [sock] = bind_sockets(None, '::1', family=socket.AF_INET6)
  File "/home/travis/virtualenv/python3.6.7/lib/python3.6/site-packages/tornado-4.5.dev1-py3.6-linux-x86_64.egg/tornado/netutil.py", line 197, in bind_sockets
    sock.bind(sockaddr)
OSError: [Errno 99] Cannot assign requested address

======================================================================
ERROR: test_connect_ipv6_dual (tornado.test.tcpclient_test.TCPClientTest)
----------------------------------------------------------------------
Traceback (most recent call last):
  File "/home/travis/virtualenv/python3.6.7/lib/python3.6/site-packages/tornado-4.5.dev1-py3.6-linux-x86_64.egg/tornado/testing.py", line 136, in __call__
    result = self.orig_method(*args, **kwargs)
  File "/home/travis/virtualenv/python3.6.7/lib/python3.6/site-packages/tornado-4.5.dev1-py3.6-linux-x86_64.egg/tornado/test/tcpclient_test.py", line 110, in test_connect_ipv6_dual
    self.do_test_connect(socket.AF_INET6, 'localhost')
  File "/home/travis/virtualenv/python3.6.7/lib/python3.6/site-packages/tornado-4.5.dev1-py3.6-linux-x86_64.egg/tornado/testing.py", line 529, in post_coroutine
    timeout=timeout)
  File "/home/travis/virtualenv/python3.6.7/lib/python3.6/site-packages/tornado-4.5.dev1-py3.6-linux-x86_64.egg/tornado/ioloop.py", line 458, in run_sync
    return future_cell[0].result()
  File "/home/travis/virtualenv/python3.6.7/lib/python3.6/site-packages/tornado-4.5.dev1-py3.6-linux-x86_64.egg/tornado/concurrent.py", line 237, in result
    raise_exc_info(self._exc_info)
  File "<string>", line 3, in raise_exc_info
  File "/home/travis/virtualenv/python3.6.7/lib/python3.6/site-packages/tornado-4.5.dev1-py3.6-linux-x86_64.egg/tornado/gen.py", line 305, in wrapper
    yielded = next(result)
  File "/home/travis/virtualenv/python3.6.7/lib/python3.6/types.py", line 204, in __next__
    return next(self.__wrapped)
  File "/home/travis/virtualenv/python3.6.7/lib/python3.6/site-packages/tornado-4.5.dev1-py3.6-linux-x86_64.egg/tornado/test/tcpclient_test.py", line 85, in do_test_connect
    port = self.start_server(family)
  File "/home/travis/virtualenv/python3.6.7/lib/python3.6/site-packages/tornado-4.5.dev1-py3.6-linux-x86_64.egg/tornado/test/tcpclient_test.py", line 61, in start_server
    self.server = TestTCPServer(family)
  File "/home/travis/virtualenv/python3.6.7/lib/python3.6/site-packages/tornado-4.5.dev1-py3.6-linux-x86_64.egg/tornado/test/tcpclient_test.py", line 39, in __init__
    sockets = bind_sockets(None, 'localhost', family)
  File "/home/travis/virtualenv/python3.6.7/lib/python3.6/site-packages/tornado-4.5.dev1-py3.6-linux-x86_64.egg/tornado/netutil.py", line 197, in bind_sockets
    sock.bind(sockaddr)
OSError: [Errno 99] Cannot assign requested address

======================================================================
ERROR: test_connect_ipv6_ipv6 (tornado.test.tcpclient_test.TCPClientTest)
----------------------------------------------------------------------
Traceback (most recent call last):
  File "/home/travis/virtualenv/python3.6.7/lib/python3.6/site-packages/tornado-4.5.dev1-py3.6-linux-x86_64.egg/tornado/testing.py", line 136, in __call__
    result = self.orig_method(*args, **kwargs)
  File "/home/travis/virtualenv/python3.6.7/lib/python3.6/site-packages/tornado-4.5.dev1-py3.6-linux-x86_64.egg/tornado/test/tcpclient_test.py", line 103, in test_connect_ipv6_ipv6
    self.do_test_connect(socket.AF_INET6, '::1')
  File "/home/travis/virtualenv/python3.6.7/lib/python3.6/site-packages/tornado-4.5.dev1-py3.6-linux-x86_64.egg/tornado/testing.py", line 529, in post_coroutine
    timeout=timeout)
  File "/home/travis/virtualenv/python3.6.7/lib/python3.6/site-packages/tornado-4.5.dev1-py3.6-linux-x86_64.egg/tornado/ioloop.py", line 458, in run_sync
    return future_cell[0].result()
  File "/home/travis/virtualenv/python3.6.7/lib/python3.6/site-packages/tornado-4.5.dev1-py3.6-linux-x86_64.egg/tornado/concurrent.py", line 237, in result
    raise_exc_info(self._exc_info)
  File "<string>", line 3, in raise_exc_info
  File "/home/travis/virtualenv/python3.6.7/lib/python3.6/site-packages/tornado-4.5.dev1-py3.6-linux-x86_64.egg/tornado/gen.py", line 305, in wrapper
    yielded = next(result)
  File "/home/travis/virtualenv/python3.6.7/lib/python3.6/types.py", line 204, in __next__
    return next(self.__wrapped)
  File "/home/travis/virtualenv/python3.6.7/lib/python3.6/site-packages/tornado-4.5.dev1-py3.6-linux-x86_64.egg/tornado/test/tcpclient_test.py", line 85, in do_test_connect
    port = self.start_server(family)
  File "/home/travis/virtualenv/python3.6.7/lib/python3.6/site-packages/tornado-4.5.dev1-py3.6-linux-x86_64.egg/tornado/test/tcpclient_test.py", line 61, in start_server
    self.server = TestTCPServer(family)
  File "/home/travis/virtualenv/python3.6.7/lib/python3.6/site-packages/tornado-4.5.dev1-py3.6-linux-x86_64.egg/tornado/test/tcpclient_test.py", line 39, in __init__
    sockets = bind_sockets(None, 'localhost', family)
  File "/home/travis/virtualenv/python3.6.7/lib/python3.6/site-packages/tornado-4.5.dev1-py3.6-linux-x86_64.egg/tornado/netutil.py", line 197, in bind_sockets
    sock.bind(sockaddr)
OSError: [Errno 99] Cannot assign requested address

----------------------------------------------------------------------
Ran 1482 tests in 21.209s

FAILED (errors=4, skipped=49)
Some tests were skipped because: Does not work on systems without IPv6
support., Process tests not compatible with TwistedIOLoop or
AsyncIOMainLoop, SO_REUSEPORT is not supported, Sync HTTPClient not
compatible with TwistedIOLoop or AsyncIOMainLoop, [Errno 99] Cannot
assign requested address, curl client accepts invalid headers, dual-
stack servers often have port conflicts on travis, needs fix, no
testable future imports, non-windows platform, pycares module not
present, timing tests unreliable on travis, twisted web not present
[E 210101 14:59:49 testing:737] FAIL
[E 210101 14:59:49 runtests:185] logged 0 warnings and 1 errors

travis_time:end:18a0c5f6:start=1609513167239327169,finish=1609513189850403068,duration=22611075899[0K
[31;1mThe command "if [[ $TRAVIS_PYTHON_VERSION != 'pypy'* ]]; then python $TARGET --ioloop=tornado.platform.twisted.TwistedIOLoop; fi" exited with 1.[0m
travis_time:start:0f8ea7f0[0K$ if [[ $TRAVIS_PYTHON_VERSION == 3.4 || $TRAVIS_PYTHON_VERSION == 3.5 || $TRAVIS_PYTHON_VERSION == 3.6 ]]; then python $TARGET --ioloop=tornado.platform.asyncio.AsyncIOLoop; fi
.............................................................................................s................................................................................s...............................................................s..........................................................ss..................................................................................sss............................................................................................................................................................................................................ss.ss............................................................................................................s...........................s..............s......EException ignored in: <socket.socket fd=12, family=AddressFamily.AF_INET6, type=2049, proto=6, laddr=('::', 0, 0, 0)>
ResourceWarning: unclosed <socket.socket fd=12, family=AddressFamily.AF_INET6, type=2049, proto=6, laddr=('::', 0, 0, 0)>
........s.........s.......EException ignored in: <socket.socket fd=12, family=AddressFamily.AF_INET6, type=2049, proto=6, laddr=('::', 0, 0, 0)>
ResourceWarning: unclosed <socket.socket fd=12, family=AddressFamily.AF_INET6, type=2049, proto=6, laddr=('::', 0, 0, 0)>
........s...............................EEsException ignored in: <socket.socket fd=10, family=AddressFamily.AF_INET6, type=2049, proto=6, laddr=('::', 0, 0, 0)>
ResourceWarning: unclosed <socket.socket fd=10, family=AddressFamily.AF_INET6, type=2049, proto=6, laddr=('::', 0, 0, 0)>
Exception ignored in: <socket.socket fd=12, family=AddressFamily.AF_INET6, type=2049, proto=6, laddr=('::', 0, 0, 0)>
ResourceWarning: unclosed <socket.socket fd=12, family=AddressFamily.AF_INET6, type=2049, proto=6, laddr=('::', 0, 0, 0)>
ss...F........................................s..........................sssss..........................................s....s..s..s..............s...s........s.ss.............................s.............................................................s.............................................................................................................................................................s...................................s..........................................................................................................................s........................................................................................
======================================================================
ERROR: test_ipv6 (tornado.test.simple_httpclient_test.SimpleHTTPClientTestCase)
----------------------------------------------------------------------
Traceback (most recent call last):
  File "/home/travis/virtualenv/python3.6.7/lib/python3.6/site-packages/tornado-4.5.dev1-py3.6-linux-x86_64.egg/tornado/testing.py", line 136, in __call__
    result = self.orig_method(*args, **kwargs)
  File "/home/travis/virtualenv/python3.6.7/lib/python3.6/site-packages/tornado-4.5.dev1-py3.6-linux-x86_64.egg/tornado/test/simple_httpclient_test.py", line 276, in test_ipv6
    [sock] = bind_sockets(None, '::1', family=socket.AF_INET6)
  File "/home/travis/virtualenv/python3.6.7/lib/python3.6/site-packages/tornado-4.5.dev1-py3.6-linux-x86_64.egg/tornado/netutil.py", line 197, in bind_sockets
    sock.bind(sockaddr)
OSError: [Errno 99] Cannot assign requested address

======================================================================
ERROR: test_ipv6 (tornado.test.simple_httpclient_test.SimpleHTTPSClientTestCase)
----------------------------------------------------------------------
Traceback (most recent call last):
  File "/home/travis/virtualenv/python3.6.7/lib/python3.6/site-packages/tornado-4.5.dev1-py3.6-linux-x86_64.egg/tornado/testing.py", line 136, in __call__
    result = self.orig_method(*args, **kwargs)
  File "/home/travis/virtualenv/python3.6.7/lib/python3.6/site-packages/tornado-4.5.dev1-py3.6-linux-x86_64.egg/tornado/test/simple_httpclient_test.py", line 276, in test_ipv6
    [sock] = bind_sockets(None, '::1', family=socket.AF_INET6)
  File "/home/travis/virtualenv/python3.6.7/lib/python3.6/site-packages/tornado-4.5.dev1-py3.6-linux-x86_64.egg/tornado/netutil.py", line 197, in bind_sockets
    sock.bind(sockaddr)
OSError: [Errno 99] Cannot assign requested address

======================================================================
ERROR: test_connect_ipv6_dual (tornado.test.tcpclient_test.TCPClientTest)
----------------------------------------------------------------------
Traceback (most recent call last):
  File "/home/travis/virtualenv/python3.6.7/lib/python3.6/site-packages/tornado-4.5.dev1-py3.6-linux-x86_64.egg/tornado/testing.py", line 136, in __call__
    result = self.orig_method(*args, **kwargs)
  File "/home/travis/virtualenv/python3.6.7/lib/python3.6/site-packages/tornado-4.5.dev1-py3.6-linux-x86_64.egg/tornado/test/tcpclient_test.py", line 110, in test_connect_ipv6_dual
    self.do_test_connect(socket.AF_INET6, 'localhost')
  File "/home/travis/virtualenv/python3.6.7/lib/python3.6/site-packages/tornado-4.5.dev1-py3.6-linux-x86_64.egg/tornado/testing.py", line 529, in post_coroutine
    timeout=timeout)
  File "/home/travis/virtualenv/python3.6.7/lib/python3.6/site-packages/tornado-4.5.dev1-py3.6-linux-x86_64.egg/tornado/ioloop.py", line 458, in run_sync
    return future_cell[0].result()
  File "/home/travis/virtualenv/python3.6.7/lib/python3.6/site-packages/tornado-4.5.dev1-py3.6-linux-x86_64.egg/tornado/concurrent.py", line 237, in result
    raise_exc_info(self._exc_info)
  File "<string>", line 3, in raise_exc_info
  File "/home/travis/virtualenv/python3.6.7/lib/python3.6/site-packages/tornado-4.5.dev1-py3.6-linux-x86_64.egg/tornado/gen.py", line 305, in wrapper
    yielded = next(result)
  File "/home/travis/virtualenv/python3.6.7/lib/python3.6/types.py", line 204, in __next__
    return next(self.__wrapped)
  File "/home/travis/virtualenv/python3.6.7/lib/python3.6/site-packages/tornado-4.5.dev1-py3.6-linux-x86_64.egg/tornado/test/tcpclient_test.py", line 85, in do_test_connect
    port = self.start_server(family)
  File "/home/travis/virtualenv/python3.6.7/lib/python3.6/site-packages/tornado-4.5.dev1-py3.6-linux-x86_64.egg/tornado/test/tcpclient_test.py", line 61, in start_server
    self.server = TestTCPServer(family)
  File "/home/travis/virtualenv/python3.6.7/lib/python3.6/site-packages/tornado-4.5.dev1-py3.6-linux-x86_64.egg/tornado/test/tcpclient_test.py", line 39, in __init__
    sockets = bind_sockets(None, 'localhost', family)
  File "/home/travis/virtualenv/python3.6.7/lib/python3.6/site-packages/tornado-4.5.dev1-py3.6-linux-x86_64.egg/tornado/netutil.py", line 197, in bind_sockets
    sock.bind(sockaddr)
OSError: [Errno 99] Cannot assign requested address

======================================================================
ERROR: test_connect_ipv6_ipv6 (tornado.test.tcpclient_test.TCPClientTest)
----------------------------------------------------------------------
Traceback (most recent call last):
  File "/home/travis/virtualenv/python3.6.7/lib/python3.6/site-packages/tornado-4.5.dev1-py3.6-linux-x86_64.egg/tornado/testing.py", line 136, in __call__
    result = self.orig_method(*args, **kwargs)
  File "/home/travis/virtualenv/python3.6.7/lib/python3.6/site-packages/tornado-4.5.dev1-py3.6-linux-x86_64.egg/tornado/test/tcpclient_test.py", line 103, in test_connect_ipv6_ipv6
    self.do_test_connect(socket.AF_INET6, '::1')
  File "/home/travis/virtualenv/python3.6.7/lib/python3.6/site-packages/tornado-4.5.dev1-py3.6-linux-x86_64.egg/tornado/testing.py", line 529, in post_coroutine
    timeout=timeout)
  File "/home/travis/virtualenv/python3.6.7/lib/python3.6/site-packages/tornado-4.5.dev1-py3.6-linux-x86_64.egg/tornado/ioloop.py", line 458, in run_sync
    return future_cell[0].result()
  File "/home/travis/virtualenv/python3.6.7/lib/python3.6/site-packages/tornado-4.5.dev1-py3.6-linux-x86_64.egg/tornado/concurrent.py", line 237, in result
    raise_exc_info(self._exc_info)
  File "<string>", line 3, in raise_exc_info
  File "/home/travis/virtualenv/python3.6.7/lib/python3.6/site-packages/tornado-4.5.dev1-py3.6-linux-x86_64.egg/tornado/gen.py", line 305, in wrapper
    yielded = next(result)
  File "/home/travis/virtualenv/python3.6.7/lib/python3.6/types.py", line 204, in __next__
    return next(self.__wrapped)
  File "/home/travis/virtualenv/python3.6.7/lib/python3.6/site-packages/tornado-4.5.dev1-py3.6-linux-x86_64.egg/tornado/test/tcpclient_test.py", line 85, in do_test_connect
    port = self.start_server(family)
  File "/home/travis/virtualenv/python3.6.7/lib/python3.6/site-packages/tornado-4.5.dev1-py3.6-linux-x86_64.egg/tornado/test/tcpclient_test.py", line 61, in start_server
    self.server = TestTCPServer(family)
  File "/home/travis/virtualenv/python3.6.7/lib/python3.6/site-packages/tornado-4.5.dev1-py3.6-linux-x86_64.egg/tornado/test/tcpclient_test.py", line 39, in __init__
    sockets = bind_sockets(None, 'localhost', family)
  File "/home/travis/virtualenv/python3.6.7/lib/python3.6/site-packages/tornado-4.5.dev1-py3.6-linux-x86_64.egg/tornado/netutil.py", line 197, in bind_sockets
    sock.bind(sockaddr)
OSError: [Errno 99] Cannot assign requested address

======================================================================
FAIL: test_source_port_fail (tornado.test.tcpclient_test.TCPClientTest)
----------------------------------------------------------------------
Traceback (most recent call last):
  File "/home/travis/virtualenv/python3.6.7/lib/python3.6/site-packages/tornado-4.5.dev1-py3.6-linux-x86_64.egg/tornado/testing.py", line 136, in __call__
    result = self.orig_method(*args, **kwargs)
  File "/home/travis/virtualenv/python3.6.7/lib/python3.6/site-packages/tornado-4.5.dev1-py3.6-linux-x86_64.egg/tornado/test/tcpclient_test.py", line 155, in test_source_port_fail
    source_port=1)
AssertionError: OSError not raised by do_test_connect

----------------------------------------------------------------------
Ran 1482 tests in 21.850s

FAILED (failures=1, errors=4, skipped=41)
Some tests were skipped because: AsyncIOMainLoop shutdown not thread
safe, Does not work on systems without IPv6 support., SO_REUSEPORT is
not supported, [Errno 99] Cannot assign requested address, curl client
accepts invalid headers, dual-stack servers often have port conflicts
on travis, needs fix, no testable future imports, non-windows
platform, pycares module not present, timing tests unreliable on
travis, twisted web not present
[E 210101 15:00:12 testing:737] FAIL
[E 210101 15:00:12 runtests:185] logged 0 warnings and 1 errors

travis_time:end:0f8ea7f0:start=1609513189861224869,finish=1609513212994264315,duration=23133039446[0K
[31;1mThe command "if [[ $TRAVIS_PYTHON_VERSION == 3.4 || $TRAVIS_PYTHON_VERSION == 3.5 || $TRAVIS_PYTHON_VERSION == 3.6 ]]; then python $TARGET --ioloop=tornado.platform.asyncio.AsyncIOLoop; fi" exited with 1.[0m
travis_time:start:00510d08[0K$ if [[ $TRAVIS_PYTHON_VERSION == 2* ]]; then python $TARGET --ioloop=tornado.platform.asyncio.AsyncIOLoop; fi

travis_time:end:00510d08:start=1609513213005957961,finish=1609513213015043538,duration=9085577[0K
[32;1mThe command "if [[ $TRAVIS_PYTHON_VERSION == 2* ]]; then python $TARGET --ioloop=tornado.platform.asyncio.AsyncIOLoop; fi" exited with 0.[0m
travis_time:start:0d843836[0K$ if [[ $TRAVIS_PYTHON_VERSION == 2* ]]; then python $TARGET --resolver=tornado.platform.twisted.TwistedResolver; fi

travis_time:end:0d843836:start=1609513213025778928,finish=1609513213033418467,duration=7639539[0K
[32;1mThe command "if [[ $TRAVIS_PYTHON_VERSION == 2* ]]; then python $TARGET --resolver=tornado.platform.twisted.TwistedResolver; fi" exited with 0.[0m
travis_time:start:0b27b0f8[0K$ if [[ $TRAVIS_PYTHON_VERSION == 3* ]]; then python $TARGET --ioloop_time_monotonic; fi
.............................................................................................s................................................................................s...............................................................s..........................................................ss..................................................................................ss.............................................................................................................................................................................................................ss.ss............................................................................................................s...........................s..............s......EException ignored in: <socket.socket fd=12, family=AddressFamily.AF_INET6, type=2049, proto=6, laddr=('::', 0, 0, 0)>
ResourceWarning: unclosed <socket.socket fd=12, family=AddressFamily.AF_INET6, type=2049, proto=6, laddr=('::', 0, 0, 0)>
........s.........s.......EException ignored in: <socket.socket fd=12, family=AddressFamily.AF_INET6, type=2049, proto=6, laddr=('::', 0, 0, 0)>
ResourceWarning: unclosed <socket.socket fd=12, family=AddressFamily.AF_INET6, type=2049, proto=6, laddr=('::', 0, 0, 0)>
........s...............................EEsssException ignored in: <socket.socket fd=10, family=AddressFamily.AF_INET6, type=2049, proto=6, laddr=('::', 0, 0, 0)>
ResourceWarning: unclosed <socket.socket fd=10, family=AddressFamily.AF_INET6, type=2049, proto=6, laddr=('::', 0, 0, 0)>
Exception ignored in: <socket.socket fd=12, family=AddressFamily.AF_INET6, type=2049, proto=6, laddr=('::', 0, 0, 0)>
ResourceWarning: unclosed <socket.socket fd=12, family=AddressFamily.AF_INET6, type=2049, proto=6, laddr=('::', 0, 0, 0)>
............................................s..........................sssss..........................................s....s..s..s..............s...s........s.ss.............................s.............................................................s.............................................................................................................................................................s...................................s..........................................................................................................................s........................................................................................
======================================================================
ERROR: test_ipv6 (tornado.test.simple_httpclient_test.SimpleHTTPClientTestCase)
----------------------------------------------------------------------
Traceback (most recent call last):
  File "/home/travis/virtualenv/python3.6.7/lib/python3.6/site-packages/tornado-4.5.dev1-py3.6-linux-x86_64.egg/tornado/testing.py", line 136, in __call__
    result = self.orig_method(*args, **kwargs)
  File "/home/travis/virtualenv/python3.6.7/lib/python3.6/site-packages/tornado-4.5.dev1-py3.6-linux-x86_64.egg/tornado/test/simple_httpclient_test.py", line 276, in test_ipv6
    [sock] = bind_sockets(None, '::1', family=socket.AF_INET6)
  File "/home/travis/virtualenv/python3.6.7/lib/python3.6/site-packages/tornado-4.5.dev1-py3.6-linux-x86_64.egg/tornado/netutil.py", line 197, in bind_sockets
    sock.bind(sockaddr)
OSError: [Errno 99] Cannot assign requested address

======================================================================
ERROR: test_ipv6 (tornado.test.simple_httpclient_test.SimpleHTTPSClientTestCase)
----------------------------------------------------------------------
Traceback (most recent call last):
  File "/home/travis/virtualenv/python3.6.7/lib/python3.6/site-packages/tornado-4.5.dev1-py3.6-linux-x86_64.egg/tornado/testing.py", line 136, in __call__
    result = self.orig_method(*args, **kwargs)
  File "/home/travis/virtualenv/python3.6.7/lib/python3.6/site-packages/tornado-4.5.dev1-py3.6-linux-x86_64.egg/tornado/test/simple_httpclient_test.py", line 276, in test_ipv6
    [sock] = bind_sockets(None, '::1', family=socket.AF_INET6)
  File "/home/travis/virtualenv/python3.6.7/lib/python3.6/site-packages/tornado-4.5.dev1-py3.6-linux-x86_64.egg/tornado/netutil.py", line 197, in bind_sockets
    sock.bind(sockaddr)
OSError: [Errno 99] Cannot assign requested address

======================================================================
ERROR: test_connect_ipv6_dual (tornado.test.tcpclient_test.TCPClientTest)
----------------------------------------------------------------------
Traceback (most recent call last):
  File "/home/travis/virtualenv/python3.6.7/lib/python3.6/site-packages/tornado-4.5.dev1-py3.6-linux-x86_64.egg/tornado/testing.py", line 136, in __call__
    result = self.orig_method(*args, **kwargs)
  File "/home/travis/virtualenv/python3.6.7/lib/python3.6/site-packages/tornado-4.5.dev1-py3.6-linux-x86_64.egg/tornado/test/tcpclient_test.py", line 110, in test_connect_ipv6_dual
    self.do_test_connect(socket.AF_INET6, 'localhost')
  File "/home/travis/virtualenv/python3.6.7/lib/python3.6/site-packages/tornado-4.5.dev1-py3.6-linux-x86_64.egg/tornado/testing.py", line 529, in post_coroutine
    timeout=timeout)
  File "/home/travis/virtualenv/python3.6.7/lib/python3.6/site-packages/tornado-4.5.dev1-py3.6-linux-x86_64.egg/tornado/ioloop.py", line 458, in run_sync
    return future_cell[0].result()
  File "/home/travis/virtualenv/python3.6.7/lib/python3.6/site-packages/tornado-4.5.dev1-py3.6-linux-x86_64.egg/tornado/concurrent.py", line 237, in result
    raise_exc_info(self._exc_info)
  File "<string>", line 3, in raise_exc_info
  File "/home/travis/virtualenv/python3.6.7/lib/python3.6/site-packages/tornado-4.5.dev1-py3.6-linux-x86_64.egg/tornado/gen.py", line 305, in wrapper
    yielded = next(result)
  File "/home/travis/virtualenv/python3.6.7/lib/python3.6/types.py", line 204, in __next__
    return next(self.__wrapped)
  File "/home/travis/virtualenv/python3.6.7/lib/python3.6/site-packages/tornado-4.5.dev1-py3.6-linux-x86_64.egg/tornado/test/tcpclient_test.py", line 85, in do_test_connect
    port = self.start_server(family)
  File "/home/travis/virtualenv/python3.6.7/lib/python3.6/site-packages/tornado-4.5.dev1-py3.6-linux-x86_64.egg/tornado/test/tcpclient_test.py", line 61, in start_server
    self.server = TestTCPServer(family)
  File "/home/travis/virtualenv/python3.6.7/lib/python3.6/site-packages/tornado-4.5.dev1-py3.6-linux-x86_64.egg/tornado/test/tcpclient_test.py", line 39, in __init__
    sockets = bind_sockets(None, 'localhost', family)
  File "/home/travis/virtualenv/python3.6.7/lib/python3.6/site-packages/tornado-4.5.dev1-py3.6-linux-x86_64.egg/tornado/netutil.py", line 197, in bind_sockets
    sock.bind(sockaddr)
OSError: [Errno 99] Cannot assign requested address

======================================================================
ERROR: test_connect_ipv6_ipv6 (tornado.test.tcpclient_test.TCPClientTest)
----------------------------------------------------------------------
Traceback (most recent call last):
  File "/home/travis/virtualenv/python3.6.7/lib/python3.6/site-packages/tornado-4.5.dev1-py3.6-linux-x86_64.egg/tornado/testing.py", line 136, in __call__
    result = self.orig_method(*args, **kwargs)
  File "/home/travis/virtualenv/python3.6.7/lib/python3.6/site-packages/tornado-4.5.dev1-py3.6-linux-x86_64.egg/tornado/test/tcpclient_test.py", line 103, in test_connect_ipv6_ipv6
    self.do_test_connect(socket.AF_INET6, '::1')
  File "/home/travis/virtualenv/python3.6.7/lib/python3.6/site-packages/tornado-4.5.dev1-py3.6-linux-x86_64.egg/tornado/testing.py", line 529, in post_coroutine
    timeout=timeout)
  File "/home/travis/virtualenv/python3.6.7/lib/python3.6/site-packages/tornado-4.5.dev1-py3.6-linux-x86_64.egg/tornado/ioloop.py", line 458, in run_sync
    return future_cell[0].result()
  File "/home/travis/virtualenv/python3.6.7/lib/python3.6/site-packages/tornado-4.5.dev1-py3.6-linux-x86_64.egg/tornado/concurrent.py", line 237, in result
    raise_exc_info(self._exc_info)
  File "<string>", line 3, in raise_exc_info
  File "/home/travis/virtualenv/python3.6.7/lib/python3.6/site-packages/tornado-4.5.dev1-py3.6-linux-x86_64.egg/tornado/gen.py", line 305, in wrapper
    yielded = next(result)
  File "/home/travis/virtualenv/python3.6.7/lib/python3.6/types.py", line 204, in __next__
    return next(self.__wrapped)
  File "/home/travis/virtualenv/python3.6.7/lib/python3.6/site-packages/tornado-4.5.dev1-py3.6-linux-x86_64.egg/tornado/test/tcpclient_test.py", line 85, in do_test_connect
    port = self.start_server(family)
  File "/home/travis/virtualenv/python3.6.7/lib/python3.6/site-packages/tornado-4.5.dev1-py3.6-linux-x86_64.egg/tornado/test/tcpclient_test.py", line 61, in start_server
    self.server = TestTCPServer(family)
  File "/home/travis/virtualenv/python3.6.7/lib/python3.6/site-packages/tornado-4.5.dev1-py3.6-linux-x86_64.egg/tornado/test/tcpclient_test.py", line 39, in __init__
    sockets = bind_sockets(None, 'localhost', family)
  File "/home/travis/virtualenv/python3.6.7/lib/python3.6/site-packages/tornado-4.5.dev1-py3.6-linux-x86_64.egg/tornado/netutil.py", line 197, in bind_sockets
    sock.bind(sockaddr)
OSError: [Errno 99] Cannot assign requested address

----------------------------------------------------------------------
Ran 1482 tests in 20.908s

FAILED (errors=4, skipped=40)
Some tests were skipped because: Does not work on systems without IPv6
support., SO_REUSEPORT is not supported, [Errno 99] Cannot assign
requested address, curl client accepts invalid headers, dual-stack
servers often have port conflicts on travis, needs fix, no testable
future imports, non-windows platform, pycares module not present,
timing tests unreliable on travis, twisted web not present
[E 210101 15:00:35 testing:737] FAIL
[E 210101 15:00:35 runtests:185] logged 0 warnings and 1 errors

travis_time:end:0b27b0f8:start=1609513213042962167,finish=1609513235359746576,duration=22316784409[0K
[31;1mThe command "if [[ $TRAVIS_PYTHON_VERSION == 3* ]]; then python $TARGET --ioloop_time_monotonic; fi" exited with 1.[0m
travis_time:start:000a5f0e[0K$ ../nodeps/bin/python -m tornado.test.runtests
...........................................................................ssssssssssssssssssssssssssssssssss.................................................................s...............................................................s..........................................................ss..................................................................................ss.............................................................................................................................................................................................................ss.ss.....ssss...................................................................................................s...........................s..............s......EException ignored in: <socket.socket fd=9, family=AddressFamily.AF_INET6, type=2049, proto=6, laddr=('::', 0, 0, 0)>
ResourceWarning: unclosed <socket.socket fd=9, family=AddressFamily.AF_INET6, type=2049, proto=6, laddr=('::', 0, 0, 0)>
........s.........s.......EException ignored in: <socket.socket fd=9, family=AddressFamily.AF_INET6, type=2049, proto=6, laddr=('::', 0, 0, 0)>
ResourceWarning: unclosed <socket.socket fd=9, family=AddressFamily.AF_INET6, type=2049, proto=6, laddr=('::', 0, 0, 0)>
........s...............................EEsss......Exception ignored in: <socket.socket fd=7, family=AddressFamily.AF_INET6, type=2049, proto=6, laddr=('::', 0, 0, 0)>
ResourceWarning: unclosed <socket.socket fd=7, family=AddressFamily.AF_INET6, type=2049, proto=6, laddr=('::', 0, 0, 0)>
Exception ignored in: <socket.socket fd=9, family=AddressFamily.AF_INET6, type=2049, proto=6, laddr=('::', 0, 0, 0)>
ResourceWarning: unclosed <socket.socket fd=9, family=AddressFamily.AF_INET6, type=2049, proto=6, laddr=('::', 0, 0, 0)>
......................................s..........................ssssssssssssss.......s.............................................................s.............................................................................................................................................................s...................................s..........................................................................................................................s........................................................................................
======================================================================
ERROR: test_ipv6 (tornado.test.simple_httpclient_test.SimpleHTTPClientTestCase)
----------------------------------------------------------------------
Traceback (most recent call last):
  File "/home/travis/build/failed/tornadoweb/tornado/nodeps/lib/python3.6/site-packages/tornado-4.5.dev1-py3.6-linux-x86_64.egg/tornado/testing.py", line 136, in __call__
    result = self.orig_method(*args, **kwargs)
  File "/home/travis/build/failed/tornadoweb/tornado/nodeps/lib/python3.6/site-packages/tornado-4.5.dev1-py3.6-linux-x86_64.egg/tornado/test/simple_httpclient_test.py", line 276, in test_ipv6
    [sock] = bind_sockets(None, '::1', family=socket.AF_INET6)
  File "/home/travis/build/failed/tornadoweb/tornado/nodeps/lib/python3.6/site-packages/tornado-4.5.dev1-py3.6-linux-x86_64.egg/tornado/netutil.py", line 197, in bind_sockets
    sock.bind(sockaddr)
OSError: [Errno 99] Cannot assign requested address

======================================================================
ERROR: test_ipv6 (tornado.test.simple_httpclient_test.SimpleHTTPSClientTestCase)
----------------------------------------------------------------------
Traceback (most recent call last):
  File "/home/travis/build/failed/tornadoweb/tornado/nodeps/lib/python3.6/site-packages/tornado-4.5.dev1-py3.6-linux-x86_64.egg/tornado/testing.py", line 136, in __call__
    result = self.orig_method(*args, **kwargs)
  File "/home/travis/build/failed/tornadoweb/tornado/nodeps/lib/python3.6/site-packages/tornado-4.5.dev1-py3.6-linux-x86_64.egg/tornado/test/simple_httpclient_test.py", line 276, in test_ipv6
    [sock] = bind_sockets(None, '::1', family=socket.AF_INET6)
  File "/home/travis/build/failed/tornadoweb/tornado/nodeps/lib/python3.6/site-packages/tornado-4.5.dev1-py3.6-linux-x86_64.egg/tornado/netutil.py", line 197, in bind_sockets
    sock.bind(sockaddr)
OSError: [Errno 99] Cannot assign requested address

======================================================================
ERROR: test_connect_ipv6_dual (tornado.test.tcpclient_test.TCPClientTest)
----------------------------------------------------------------------
Traceback (most recent call last):
  File "/home/travis/build/failed/tornadoweb/tornado/nodeps/lib/python3.6/site-packages/tornado-4.5.dev1-py3.6-linux-x86_64.egg/tornado/testing.py", line 136, in __call__
    result = self.orig_method(*args, **kwargs)
  File "/home/travis/build/failed/tornadoweb/tornado/nodeps/lib/python3.6/site-packages/tornado-4.5.dev1-py3.6-linux-x86_64.egg/tornado/test/tcpclient_test.py", line 110, in test_connect_ipv6_dual
    self.do_test_connect(socket.AF_INET6, 'localhost')
  File "/home/travis/build/failed/tornadoweb/tornado/nodeps/lib/python3.6/site-packages/tornado-4.5.dev1-py3.6-linux-x86_64.egg/tornado/testing.py", line 529, in post_coroutine
    timeout=timeout)
  File "/home/travis/build/failed/tornadoweb/tornado/nodeps/lib/python3.6/site-packages/tornado-4.5.dev1-py3.6-linux-x86_64.egg/tornado/ioloop.py", line 458, in run_sync
    return future_cell[0].result()
  File "/home/travis/build/failed/tornadoweb/tornado/nodeps/lib/python3.6/site-packages/tornado-4.5.dev1-py3.6-linux-x86_64.egg/tornado/concurrent.py", line 237, in result
    raise_exc_info(self._exc_info)
  File "<string>", line 3, in raise_exc_info
  File "/home/travis/build/failed/tornadoweb/tornado/nodeps/lib/python3.6/site-packages/tornado-4.5.dev1-py3.6-linux-x86_64.egg/tornado/gen.py", line 305, in wrapper
    yielded = next(result)
  File "/home/travis/build/failed/tornadoweb/tornado/nodeps/lib/python3.6/types.py", line 204, in __next__
    return next(self.__wrapped)
  File "/home/travis/build/failed/tornadoweb/tornado/nodeps/lib/python3.6/site-packages/tornado-4.5.dev1-py3.6-linux-x86_64.egg/tornado/test/tcpclient_test.py", line 85, in do_test_connect
    port = self.start_server(family)
  File "/home/travis/build/failed/tornadoweb/tornado/nodeps/lib/python3.6/site-packages/tornado-4.5.dev1-py3.6-linux-x86_64.egg/tornado/test/tcpclient_test.py", line 61, in start_server
    self.server = TestTCPServer(family)
  File "/home/travis/build/failed/tornadoweb/tornado/nodeps/lib/python3.6/site-packages/tornado-4.5.dev1-py3.6-linux-x86_64.egg/tornado/test/tcpclient_test.py", line 39, in __init__
    sockets = bind_sockets(None, 'localhost', family)
  File "/home/travis/build/failed/tornadoweb/tornado/nodeps/lib/python3.6/site-packages/tornado-4.5.dev1-py3.6-linux-x86_64.egg/tornado/netutil.py", line 197, in bind_sockets
    sock.bind(sockaddr)
OSError: [Errno 99] Cannot assign requested address

======================================================================
ERROR: test_connect_ipv6_ipv6 (tornado.test.tcpclient_test.TCPClientTest)
----------------------------------------------------------------------
Traceback (most recent call last):
  File "/home/travis/build/failed/tornadoweb/tornado/nodeps/lib/python3.6/site-packages/tornado-4.5.dev1-py3.6-linux-x86_64.egg/tornado/testing.py", line 136, in __call__
    result = self.orig_method(*args, **kwargs)
  File "/home/travis/build/failed/tornadoweb/tornado/nodeps/lib/python3.6/site-packages/tornado-4.5.dev1-py3.6-linux-x86_64.egg/tornado/test/tcpclient_test.py", line 103, in test_connect_ipv6_ipv6
    self.do_test_connect(socket.AF_INET6, '::1')
  File "/home/travis/build/failed/tornadoweb/tornado/nodeps/lib/python3.6/site-packages/tornado-4.5.dev1-py3.6-linux-x86_64.egg/tornado/testing.py", line 529, in post_coroutine
    timeout=timeout)
  File "/home/travis/build/failed/tornadoweb/tornado/nodeps/lib/python3.6/site-packages/tornado-4.5.dev1-py3.6-linux-x86_64.egg/tornado/ioloop.py", line 458, in run_sync
    return future_cell[0].result()
  File "/home/travis/build/failed/tornadoweb/tornado/nodeps/lib/python3.6/site-packages/tornado-4.5.dev1-py3.6-linux-x86_64.egg/tornado/concurrent.py", line 237, in result
    raise_exc_info(self._exc_info)
  File "<string>", line 3, in raise_exc_info
  File "/home/travis/build/failed/tornadoweb/tornado/nodeps/lib/python3.6/site-packages/tornado-4.5.dev1-py3.6-linux-x86_64.egg/tornado/gen.py", line 305, in wrapper
    yielded = next(result)
  File "/home/travis/build/failed/tornadoweb/tornado/nodeps/lib/python3.6/types.py", line 204, in __next__
    return next(self.__wrapped)
  File "/home/travis/build/failed/tornadoweb/tornado/nodeps/lib/python3.6/site-packages/tornado-4.5.dev1-py3.6-linux-x86_64.egg/tornado/test/tcpclient_test.py", line 85, in do_test_connect
    port = self.start_server(family)
  File "/home/travis/build/failed/tornadoweb/tornado/nodeps/lib/python3.6/site-packages/tornado-4.5.dev1-py3.6-linux-x86_64.egg/tornado/test/tcpclient_test.py", line 61, in start_server
    self.server = TestTCPServer(family)
  File "/home/travis/build/failed/tornadoweb/tornado/nodeps/lib/python3.6/site-packages/tornado-4.5.dev1-py3.6-linux-x86_64.egg/tornado/test/tcpclient_test.py", line 39, in __init__
    sockets = bind_sockets(None, 'localhost', family)
  File "/home/travis/build/failed/tornadoweb/tornado/nodeps/lib/python3.6/site-packages/tornado-4.5.dev1-py3.6-linux-x86_64.egg/tornado/netutil.py", line 197, in bind_sockets
    sock.bind(sockaddr)
OSError: [Errno 99] Cannot assign requested address

----------------------------------------------------------------------
Ran 1384 tests in 11.544s

FAILED (errors=4, skipped=77)
Some tests were skipped because: SO_REUSEPORT is not supported, curl
client accepts invalid headers, dual-stack servers often have port
conflicts on travis, needs fix, no testable future imports, non-
windows platform, pycares module not present, pycurl module not
present, timing tests unreliable on travis, twisted module not present
[E 210101 15:00:47 testing:737] FAIL
[E 210101 15:00:47 runtests:185] logged 0 warnings and 1 errors

travis_time:end:000a5f0e:start=1609513235372286211,finish=1609513247323634330,duration=11951348119[0K
[31;1mThe command "../nodeps/bin/python -m tornado.test.runtests" exited with 1.[0m
travis_time:start:04ba5bf4[0K$ if [[ $TRAVIS_PYTHON_VERSION != nightly ]]; then coverage xml; fi

travis_time:end:04ba5bf4:start=1609513247335288222,finish=1609513253196077470,duration=5860789248[0K
[32;1mThe command "if [[ $TRAVIS_PYTHON_VERSION != nightly ]]; then coverage xml; fi" exited with 0.[0m
travis_time:start:0aa1fa9c[0K$ export TORNADO_EXTENSION=0

travis_time:end:0aa1fa9c:start=1609513253208239241,finish=1609513253217184314,duration=8945073[0K
[32;1mThe command "export TORNADO_EXTENSION=0" exited with 0.[0m
travis_time:start:221cd402[0K$ if [[ $TRAVIS_PYTHON_VERSION == '3.5' || $TRAVIS_PYTHON_VERSION == 3.6 ]]; then cd ../docs && mkdir sphinx-out && sphinx-build -E -n -W -b html . sphinx-out; fi
Running Sphinx v3.4.1
loading intersphinx inventory from https://docs.python.org/3.5/objects.inv...
building [mo]: targets for 0 po files that are out of date
building [html]: targets for 81 source files that are out of date
updating environment: [new config] 81 added, 0 changed, 0 removed
reading sources... [  1%] asyncio
reading sources... [  2%] auth
reading sources... [  3%] autoreload
reading sources... [  4%] caresresolver
reading sources... [  6%] concurrent
reading sources... [  7%] coroutine
reading sources... [  8%] escape
reading sources... [  9%] faq
reading sources... [ 11%] gen
reading sources... [ 12%] guide
reading sources... [ 13%] guide/async
reading sources... [ 14%] guide/coroutines
reading sources... [ 16%] guide/intro
reading sources... [ 17%] guide/queues
reading sources... [ 18%] guide/running
reading sources... [ 19%] guide/security
reading sources... [ 20%] guide/structure
reading sources... [ 22%] guide/templates
reading sources... [ 23%] http
reading sources... [ 24%] http1connection
reading sources... [ 25%] httpclient
reading sources... [ 27%] httpserver
reading sources... [ 28%] httputil
reading sources... [ 29%] index
reading sources... [ 30%] integration
reading sources... [ 32%] ioloop
reading sources... [ 33%] iostream
reading sources... [ 34%] locale
reading sources... [ 35%] locks
reading sources... [ 37%] log
reading sources... [ 38%] netutil
reading sources... [ 39%] networking
reading sources... [ 40%] options
reading sources... [ 41%] process
reading sources... [ 43%] queues
reading sources... [ 44%] releases
reading sources... [ 45%] releases/v1.0.0
reading sources... [ 46%] releases/v1.0.1
reading sources... [ 48%] releases/v1.1.0
reading sources... [ 49%] releases/v1.1.1
reading sources... [ 50%] releases/v1.2.0
reading sources... [ 51%] releases/v1.2.1
reading sources... [ 53%] releases/v2.0.0
reading sources... [ 54%] releases/v2.1.0
reading sources... [ 55%] releases/v2.1.1
reading sources... [ 56%] releases/v2.2.0
reading sources... [ 58%] releases/v2.2.1
reading sources... [ 59%] releases/v2.3.0
reading sources... [ 60%] releases/v2.4.0
reading sources... [ 61%] releases/v2.4.1
reading sources... [ 62%] releases/v3.0.0
reading sources... [ 64%] releases/v3.0.1
reading sources... [ 65%] releases/v3.0.2
reading sources... [ 66%] releases/v3.1.0
reading sources... [ 67%] releases/v3.1.1
reading sources... [ 69%] releases/v3.2.0
reading sources... [ 70%] releases/v3.2.1
reading sources... [ 71%] releases/v3.2.2
reading sources... [ 72%] releases/v4.0.0
reading sources... [ 74%] releases/v4.0.1
reading sources... [ 75%] releases/v4.0.2
reading sources... [ 76%] releases/v4.1.0
reading sources... [ 77%] releases/v4.2.0
reading sources... [ 79%] releases/v4.2.1
reading sources... [ 80%] releases/v4.3.0
reading sources... [ 81%] releases/v4.4.0
reading sources... [ 82%] releases/v4.4.1
reading sources... [ 83%] releases/v4.4.2
reading sources... [ 85%] routing
reading sources... [ 86%] stack_context
reading sources... [ 87%] tcpclient
reading sources... [ 88%] tcpserver
reading sources... [ 90%] template
reading sources... [ 91%] testing
reading sources... [ 92%] twisted
reading sources... [ 93%] util
reading sources... [ 95%] utilities
reading sources... [ 96%] web
reading sources... [ 97%] webframework
reading sources... [ 98%] websocket
reading sources... [100%] wsgi


Warning, treated as error:
/home/travis/build/failed/tornadoweb/tornado/tornado/platform/twisted.py:docstring of tornado.platform.twisted.TornadoReactor.installWaker:1:Inline interpreted text or phrase reference start-string without end-string.

travis_time:end:221cd402:start=1609513253228113868,finish=1609513266376514091,duration=13148400223[0K
[31;1mThe command "if [[ $TRAVIS_PYTHON_VERSION == '3.5' || $TRAVIS_PYTHON_VERSION == 3.6 ]]; then cd ../docs && mkdir sphinx-out && sphinx-build -E -n -W -b html . sphinx-out; fi" exited with 2.[0m
travis_time:start:2aedfd82[0K$ if [[ $TRAVIS_PYTHON_VERSION == '2.7' || $TRAVIS_PYTHON_VERSION == '3.5' || $TRAVIS_PYTHON_VERSION == 3.6 ]]; then cd ../docs && mkdir sphinx-doctest-out && sphinx-build -E -n -b doctest . sphinx-out; fi
Running Sphinx v3.4.1
loading intersphinx inventory from https://docs.python.org/3.5/objects.inv...
building [mo]: targets for 0 po files that are out of date
building [doctest]: targets for 81 source files that are out of date
updating environment: [new config] 81 added, 0 changed, 0 removed
reading sources... [  1%] asyncio
reading sources... [  2%] auth
reading sources... [  3%] autoreload
reading sources... [  4%] caresresolver
reading sources... [  6%] concurrent
reading sources... [  7%] coroutine
reading sources... [  8%] escape
reading sources... [  9%] faq
reading sources... [ 11%] gen
reading sources... [ 12%] guide
reading sources... [ 13%] guide/async
reading sources... [ 14%] guide/coroutines
reading sources... [ 16%] guide/intro
reading sources... [ 17%] guide/queues
reading sources... [ 18%] guide/running
reading sources... [ 19%] guide/security
reading sources... [ 20%] guide/structure
reading sources... [ 22%] guide/templates
reading sources... [ 23%] http
reading sources... [ 24%] http1connection
reading sources... [ 25%] httpclient
reading sources... [ 27%] httpserver
reading sources... [ 28%] httputil
reading sources... [ 29%] index
reading sources... [ 30%] integration
reading sources... [ 32%] ioloop
reading sources... [ 33%] iostream
reading sources... [ 34%] locale
reading sources... [ 35%] locks
reading sources... [ 37%] log
reading sources... [ 38%] netutil
reading sources... [ 39%] networking
reading sources... [ 40%] options
reading sources... [ 41%] process
reading sources... [ 43%] queues
reading sources... [ 44%] releases
reading sources... [ 45%] releases/v1.0.0
reading sources... [ 46%] releases/v1.0.1
reading sources... [ 48%] releases/v1.1.0
reading sources... [ 49%] releases/v1.1.1
reading sources... [ 50%] releases/v1.2.0
reading sources... [ 51%] releases/v1.2.1
reading sources... [ 53%] releases/v2.0.0
reading sources... [ 54%] releases/v2.1.0
reading sources... [ 55%] releases/v2.1.1
reading sources... [ 56%] releases/v2.2.0
reading sources... [ 58%] releases/v2.2.1
reading sources... [ 59%] releases/v2.3.0
reading sources... [ 60%] releases/v2.4.0
reading sources... [ 61%] releases/v2.4.1
reading sources... [ 62%] releases/v3.0.0
reading sources... [ 64%] releases/v3.0.1
reading sources... [ 65%] releases/v3.0.2
reading sources... [ 66%] releases/v3.1.0
reading sources... [ 67%] releases/v3.1.1
reading sources... [ 69%] releases/v3.2.0
reading sources... [ 70%] releases/v3.2.1
reading sources... [ 71%] releases/v3.2.2
reading sources... [ 72%] releases/v4.0.0
reading sources... [ 74%] releases/v4.0.1
reading sources... [ 75%] releases/v4.0.2
reading sources... [ 76%] releases/v4.1.0
reading sources... [ 77%] releases/v4.2.0
reading sources... [ 79%] releases/v4.2.1
reading sources... [ 80%] releases/v4.3.0
reading sources... [ 81%] releases/v4.4.0
reading sources... [ 82%] releases/v4.4.1
reading sources... [ 83%] releases/v4.4.2
reading sources... [ 85%] routing
reading sources... [ 86%] stack_context
reading sources... [ 87%] tcpclient
reading sources... [ 88%] tcpserver
reading sources... [ 90%] template
reading sources... [ 91%] testing
reading sources... [ 92%] twisted
reading sources... [ 93%] util
reading sources... [ 95%] utilities
reading sources... [ 96%] web
reading sources... [ 97%] webframework
reading sources... [ 98%] websocket
reading sources... [100%] wsgi

/home/travis/build/failed/tornadoweb/tornado/tornado/platform/twisted.py:docstring of tornado.platform.twisted.TornadoReactor.installWaker:1: WARNING: Inline interpreted text or phrase reference start-string without end-string.
looking for now-outdated files... none found
pickling environment... done
checking consistency... done
running tests...

Document: locks
---------------
2 items passed all tests:
   5 tests in default
   1 tests in semaphore
6 tests in 2 items.
6 passed and 0 failed.
Test passed.
WARNING: no code/output in testoutput block at guide/running.rst:18
WARNING: no code/output in testoutput block at guide/running.rst:47
WARNING: no code/output in testoutput block at guide/running.rst:307

Document: guide/running
-----------------------
1 items passed all tests:
   3 tests in default
3 tests in 1 items.
3 passed and 0 failed.
Test passed.
WARNING: no code/output in testoutput block at ../tornado/auth.py:None
WARNING: no code/output in testoutput block at ../tornado/auth.py:None
WARNING: no code/output in testoutput block at ../tornado/auth.py:None
WARNING: no code/output in testoutput block at ../tornado/auth.py:None
WARNING: no code/output in testoutput block at ../tornado/auth.py:None
WARNING: no code/output in testoutput block at ../tornado/auth.py:None
WARNING: no code/output in testoutput block at ../tornado/auth.py:None

Document: auth
--------------
1 items passed all tests:
   5 tests in default
5 tests in 1 items.
5 passed and 0 failed.
Test passed.
WARNING: no code/output in testoutput block at ../tornado/gen.py:None
WARNING: no code/output in testoutput block at ../tornado/gen.py:None
WARNING: no code/output in testoutput block at ../tornado/gen.py:None

Document: gen
-------------
1 items passed all tests:
   3 tests in default
3 tests in 1 items.
3 passed and 0 failed.
Test passed.
WARNING: no code/output in testoutput block at ../tornado/websocket.py:None

Document: websocket
-------------------
1 items passed all tests:
   1 tests in default
1 tests in 1 items.
1 passed and 0 failed.
Test passed.
WARNING: no code/output in testoutput block at guide/structure.rst:35
WARNING: no code/output in testoutput block at guide/structure.rst:133
WARNING: no code/output in testoutput block at guide/structure.rst:338
WARNING: no code/output in testoutput block at guide/structure.rst:359

Document: guide/structure
-------------------------
1 items passed all tests:
   4 tests in default
4 tests in 1 items.
4 passed and 0 failed.
Test passed.
WARNING: no code/output in testoutput block at guide/async.rst:73
WARNING: no code/output in testoutput block at guide/async.rst:89
WARNING: no code/output in testoutput block at guide/async.rst:106
WARNING: no code/output in testoutput block at guide/async.rst:129

Document: guide/async
---------------------
1 items passed all tests:
   4 tests in default
4 tests in 1 items.
4 passed and 0 failed.
Test passed.
WARNING: no code/output in testoutput block at ../tornado/ioloop.py:None

Document: ioloop
----------------
1 items passed all tests:
   1 tests in default
1 tests in 1 items.
1 passed and 0 failed.
Test passed.
WARNING: no code/output in testoutput block at guide/coroutines.rst:183
WARNING: no code/output in testoutput block at guide/coroutines.rst:223
WARNING: no code/output in testoutput block at guide/coroutines.rst:244

Document: guide/coroutines
--------------------------
1 items passed all tests:
   3 tests in default
3 tests in 1 items.
3 passed and 0 failed.
Test passed.
WARNING: no code/output in testoutput block at ../tornado/iostream.py:None

Document: iostream
------------------
1 items passed all tests:
   1 tests in default
1 tests in 1 items.
1 passed and 0 failed.
Test passed.

Document: util
--------------
1 items passed all tests:
   5 tests in default
5 tests in 1 items.
5 passed and 0 failed.
Test passed.
WARNING: no code/output in testoutput block at ../tornado/web.py:None
WARNING: no code/output in testoutput block at ../tornado/web.py:None

Document: web
-------------
1 items passed all tests:
   2 tests in default
2 tests in 1 items.
2 passed and 0 failed.
Test passed.
WARNING: no code/output in testoutput block at guide/templates.rst:64
WARNING: no code/output in testoutput block at guide/templates.rst:203

Document: guide/templates
-------------------------
1 items passed all tests:
   2 tests in default
2 tests in 1 items.
2 passed and 0 failed.
Test passed.
WARNING: no code/output in testoutput block at guide/security.rst:23
WARNING: no code/output in testoutput block at guide/security.rst:41
WARNING: no code/output in testoutput block at guide/security.rst:60
WARNING: no code/output in testoutput block at guide/security.rst:131
WARNING: no code/output in testoutput block at guide/security.rst:158
WARNING: no code/output in testoutput block at guide/security.rst:205
WARNING: no code/output in testoutput block at guide/security.rst:243

Document: guide/security
------------------------
1 items passed all tests:
   7 tests in default
7 tests in 1 items.
7 passed and 0 failed.
Test passed.

Document: queues
----------------
1 items passed all tests:
   3 tests in default
3 tests in 1 items.
3 passed and 0 failed.
Test passed.

Document: httputil
------------------
1 items passed all tests:
  19 tests in default
19 tests in 1 items.
19 passed and 0 failed.
Test passed.

Document: concurrent
--------------------
1 items passed all tests:
   1 tests in default
1 tests in 1 items.
1 passed and 0 failed.
Test passed.

Doctest summary
===============
   70 tests
    0 failures in tests
    0 failures in setup code
    0 failures in cleanup code
build succeeded, 39 warnings.

Testing of doctests in the sources finished, look at the results in sphinx-out/output.txt.

travis_time:end:2aedfd82:start=1609513266388184891,finish=1609513279358611238,duration=12970426347[0K
[32;1mThe command "if [[ $TRAVIS_PYTHON_VERSION == '2.7' || $TRAVIS_PYTHON_VERSION == '3.5' || $TRAVIS_PYTHON_VERSION == 3.6 ]]; then cd ../docs && mkdir sphinx-doctest-out && sphinx-build -E -n -b doctest . sphinx-out; fi" exited with 0.[0m

Done. Your build exited with 1.
