travis_fold:start:system_info[0K[33;1mBuild system information[0m
Build language: java
Build id: ''
Job id: ''
[34m[1mBuild image provisioning date and time[0m
Thu Feb  5 15:09:33 UTC 2015
[34m[1mOperating System Details[0m
Distributor ID:	Ubuntu
Description:	Ubuntu 12.04.5 LTS
Release:	12.04
Codename:	precise
[34m[1mLinux Version[0m
3.13.0-29-generic
[34m[1mCookbooks Version[0m
a68419e https://github.com/travis-ci/travis-cookbooks/tree/a68419e
[34m[1mGCC version[0m
gcc (Ubuntu/Linaro 4.6.3-1ubuntu5) 4.6.3
Copyright (C) 2011 Free Software Foundation, Inc.
This is free software; see the source for copying conditions.  There is NO
warranty; not even for MERCHANTABILITY or FITNESS FOR A PARTICULAR PURPOSE.

[34m[1mLLVM version[0m
clang version 3.4 (tags/RELEASE_34/final)
Target: x86_64-unknown-linux-gnu
Thread model: posix
[34m[1mPre-installed Ruby versions[0m
ruby-1.9.3-p551
[34m[1mPre-installed Node.js versions[0m
v0.10.36
[34m[1mPre-installed Go versions[0m
1.4.1
[34m[1mRedis version[0m
redis-server 2.8.19
[34m[1mriak version[0m
2.0.2
[34m[1mMongoDB version[0m
MongoDB 2.4.12
[34m[1mCouchDB version[0m
couchdb 1.6.1
[34m[1mNeo4j version[0m
1.9.4
[34m[1mRabbitMQ Version[0m
3.4.3
[34m[1mElasticSearch version[0m
1.4.0
[34m[1mInstalled Sphinx versions[0m
2.0.10
2.1.9
2.2.6
[34m[1mDefault Sphinx version[0m
2.2.6
[34m[1mInstalled Firefox version[0m
firefox 31.0esr
[34m[1mPhantomJS version[0m
1.9.8
[34m[1mant -version[0m
Apache Ant(TM) version 1.8.2 compiled on December 3 2011
[34m[1mmvn -version[0m
Apache Maven 3.2.5 (12a6b3acb947671f09b81f49094c53f426d8cea1; 2014-12-14T17:29:23+00:00)
Maven home: /usr/local/maven
Java version: 1.7.0_76, vendor: Oracle Corporation
Java home: /usr/lib/jvm/java-7-oracle/jre
Default locale: en_US, platform encoding: ANSI_X3.4-1968
OS name: "linux", version: "3.13.0-29-generic", arch: "amd64", family: "unix"
travis_fold:end:system_info[0K
W: GPG error: http://apt.postgresql.org precise-pgdg Release: The following signatures were invalid: KEYEXPIRED 1562078959
W: Failed to fetch http://ppa.launchpad.net/travis-ci/zero-mq/ubuntu/dists/precise/main/binary-amd64/Packages  403  Forbidden

W: Failed to fetch http://ppa.launchpad.net/travis-ci/zero-mq/ubuntu/dists/precise/main/binary-i386/Packages  403  Forbidden

W: Failed to fetch http://downloads-distro.mongodb.org/repo/debian-sysvinit/dists/dist/10gen/binary-amd64/Packages  Undetermined Error [IP: 54.175.147.155 80]

W: Failed to fetch http://downloads-distro.mongodb.org/repo/debian-sysvinit/dists/dist/10gen/binary-i386/Packages  Undetermined Error [IP: 54.175.147.155 80]

E: Some index files failed to download. They have been ignored, or old ones used instead.
$ jdk_switcher use oraclejdk8
Switching to Oracle JDK8 (java-8-oracle), JAVA_HOME will be set to /usr/lib/jvm/java-8-oracle
$ cd failed/crate/crate-jdbc

[33;1mSetting environment variables from .travis.yml[0m
$ export _JAVA_OPTIONS="-Xmx1g -XX:MaxPermSize=256m"

$ export TERM=dumb
travis_fold:start:cache.1[0KSetting up build cache
$ export CASHER_DIR=$HOME/.casher
travis_time:start:2bd90994[0K$ Installing caching utilities

travis_time:end:2bd90994:start=1590321427221044986,finish=1590321428378317033,duration=1157272047[0Ktravis_time:start:13753b72[0K
travis_time:end:13753b72:start=1590321428392205328,finish=1590321428401456330,duration=9251002[0Ktravis_time:start:328db968[0K[32;1mattempting to download cache archive[0m

travis_time:end:328db968:start=1590321428411146937,finish=1590321429149525645,duration=738378708[0Ktravis_time:start:04b40da0[0K
travis_time:end:04b40da0:start=1590321429159318808,finish=1590321429166707474,duration=7388666[0Ktravis_time:start:0cd5f9f6[0K[32;1madding /home/travis/.m2 to cache[0m

travis_time:end:0cd5f9f6:start=1590321429177534695,finish=1590321429955921143,duration=778386448[0Ktravis_fold:end:cache.1[0K$ java -Xmx32m -version
$ javac -J-Xmx32m -version
travis_fold:start:install[0Ktravis_time:start:2753b269[0K$ ./gradlew assemble
Downloading https://services.gradle.org/distributions/gradle-2.2.1-bin.zip
..................................................................................................................................................................................................................................................................................................................................................................................................................................................................................................................................................................................................................................................................................................................................................................................................................................................................................................................................................................................................................................................................................................................................................................................................................................................................................................................................................................................................................................................................................................................................................................................................................................................................................................................................................................................................................................................................................................................................................................................................................................................................................................................................................................
Unzipping /home/travis/.gradle/wrapper/dists/gradle-2.2.1-bin/3rn023ng4778ktj66tonmgpbv/gradle-2.2.1-bin.zip to /home/travis/.gradle/wrapper/dists/gradle-2.2.1-bin/3rn023ng4778ktj66tonmgpbv
Set executable permissions for: /home/travis/.gradle/wrapper/dists/gradle-2.2.1-bin/3rn023ng4778ktj66tonmgpbv/gradle-2.2.1/bin/gradle
Download https://jcenter.bintray.com/io/crate/crate-client/0.49.2/crate-client-0.49.2.pom
Download https://jcenter.bintray.com/io/crate/crate-client/0.49.2/crate-client-0.49.2.jar
:compileJava
:processResources UP-TO-DATE
:classes
:getVersion
gitTag: 2.4.0-2-g479af42
version: 1.6.0-479af42
:jar
:jarStandalone
:myJavadocs
2 warnings
:javadocJar
:javadocJarStandalone
:sourceJar
:sourceJarStandalone
:assemble

BUILD SUCCESSFUL

Total time: 42.33 secs

travis_time:end:2753b269:start=1590321430241558716,finish=1590321473061445206,duration=42819886490[0Ktravis_fold:end:install[0Ktravis_time:start:26ecf2fc[0K$ ./gradlew test -s
:compileJava UP-TO-DATE
:processResources UP-TO-DATE
:classes UP-TO-DATE
:downloadCrateRelease
:compileTestJava
Download https://repo1.maven.org/maven2/org/hamcrest/hamcrest-all/1.3/hamcrest-all-1.3.pom
Download https://repo1.maven.org/maven2/org/hamcrest/hamcrest-parent/1.3/hamcrest-parent-1.3.pom
Download https://repo1.maven.org/maven2/junit/junit/4.11/junit-4.11.pom
Download https://repo1.maven.org/maven2/com/carrotsearch/randomizedtesting/randomizedtesting-runner/2.1.11/randomizedtesting-runner-2.1.11.pom
Download https://repo1.maven.org/maven2/com/carrotsearch/randomizedtesting/randomizedtesting-parent/2.1.11/randomizedtesting-parent-2.1.11.pom
Download https://repo1.maven.org/maven2/org/sonatype/oss/oss-parent/9/oss-parent-9.pom
Download https://repo1.maven.org/maven2/org/mockito/mockito-core/1.10.8/mockito-core-1.10.8.pom
Download https://repo1.maven.org/maven2/org/hamcrest/hamcrest-core/1.3/hamcrest-core-1.3.pom
Download https://repo1.maven.org/maven2/org/objenesis/objenesis/2.1/objenesis-2.1.pom
Download https://repo1.maven.org/maven2/org/objenesis/objenesis-parent/2.1/objenesis-parent-2.1.pom
Download https://repo1.maven.org/maven2/org/hamcrest/hamcrest-all/1.3/hamcrest-all-1.3.jar
Download https://repo1.maven.org/maven2/junit/junit/4.11/junit-4.11.jar
Download https://repo1.maven.org/maven2/com/carrotsearch/randomizedtesting/randomizedtesting-runner/2.1.11/randomizedtesting-runner-2.1.11.jar
Download https://repo1.maven.org/maven2/org/mockito/mockito-core/1.10.8/mockito-core-1.10.8.jar
Download https://repo1.maven.org/maven2/org/hamcrest/hamcrest-core/1.3/hamcrest-core-1.3.jar
Download https://repo1.maven.org/maven2/org/objenesis/objenesis/2.1/objenesis-2.1.jar
:processTestResources UP-TO-DATE
:testClasses
:test

io.crate.client.jdbc.integrationtests.CrateDriverTest STANDARD_OUT
    Starting crate server process...

io.crate.client.jdbc.integrationtests.CrateDriverTest STANDARD_ERROR
    log4j:WARN No appenders could be found for logger (io.crate.shade.org.elasticsearch.common.compress.lzf).
    log4j:WARN Please initialize the log4j system properly.
    log4j:WARN See http://logging.apache.org/log4j/1.2/faq.html#noconfig for more info.

io.crate.client.jdbc.integrationtests.CrateDriverTest STANDARD_OUT
    Picked up _JAVA_OPTIONS: -Xmx1g -XX:MaxPermSize=256m
    Java HotSpot(TM) 64-Bit Server VM warning: ignoring option MaxPermSize=256m; support was removed in 8.0
    [2020-05-24 11:58:26,765][INFO ][node                     ] [Manslaughter] version[1.4.4], pid[1534], build[${build/NA]
    [2020-05-24 11:58:26,766][INFO ][node                     ] [Manslaughter] initializing ...
    [2020-05-24 11:58:26,874][INFO ][io.crate.plugin          ] [Manslaughter] plugins loaded: [] 
    [2020-05-24 11:58:26,875][INFO ][plugins                  ] [Manslaughter] loaded [crate-core], sites [crate-admin]
    [2020-05-24 11:58:26,901][INFO ][io.crate.plugin          ] [Manslaughter] plugins loaded: [] 
    [2020-05-24 11:58:27,187][INFO ][io.crate.module          ] [Manslaughter] configuring crate. version: 0.49.2
    [2020-05-24 11:58:29,862][INFO ][io.crate.rest            ] [Manslaughter] Elasticsearch HTTP REST API not enabled
    [2020-05-24 11:58:29,943][INFO ][node                     ] [Manslaughter] initialized
    [2020-05-24 11:58:29,943][INFO ][node                     ] [Manslaughter] starting ...
    [2020-05-24 11:58:29,944][INFO ][io.crate.blob.BlobService] [Manslaughter] BlobService.doStart() io.crate.blob.BlobService@74a820bf
    [2020-05-24 11:58:30,044][INFO ][http                     ] [Manslaughter] bound_address {inet[/127.0.0.1:46377]}, publish_address {inet[/127.0.0.1:46377]}
    [2020-05-24 11:58:30,173][INFO ][transport                ] [Manslaughter] bound_address {inet[/127.0.0.1:43089]}, publish_address {inet[/127.0.0.1:43089]}
    [2020-05-24 11:58:30,188][INFO ][discovery                ] [Manslaughter] driver/cEH1o6zWQNWd0H8jHs3b-g
    [2020-05-24 11:58:33,215][INFO ][cluster.service          ] [Manslaughter] new_master [Manslaughter][cEH1o6zWQNWd0H8jHs3b-g][6c4e1444190f][inet[/127.0.0.1:43089]]{http_address=http://127.0.0.1:46377}, reason: zen-disco-join (elected_as_master)
    [2020-05-24 11:58:33,234][INFO ][node                     ] [Manslaughter] started
    [2020-05-24 11:58:33,276][INFO ][gateway                  ] [Manslaughter] recovered [0] indices into cluster_state
    Stopping crate server process...

io.crate.client.jdbc.integrationtests.CrateJDBCIntegrationTest STANDARD_OUT
    Starting crate server process...
    Picked up _JAVA_OPTIONS: -Xmx1g -XX:MaxPermSize=256m
    Java HotSpot(TM) 64-Bit Server VM warning: ignoring option MaxPermSize=256m; support was removed in 8.0
    [2020-05-24 11:58:36,442][INFO ][node                     ] [Bantam] version[1.4.4], pid[2180], build[${build/NA]
    [2020-05-24 11:58:36,443][INFO ][node                     ] [Bantam] initializing ...
    [2020-05-24 11:58:36,548][INFO ][io.crate.plugin          ] [Bantam] plugins loaded: [] 
    [2020-05-24 11:58:36,550][INFO ][plugins                  ] [Bantam] loaded [crate-core], sites [crate-admin]
    [2020-05-24 11:58:36,572][INFO ][io.crate.plugin          ] [Bantam] plugins loaded: [] 
    [2020-05-24 11:58:36,834][INFO ][io.crate.module          ] [Bantam] configuring crate. version: 0.49.2
    [2020-05-24 11:58:39,305][INFO ][io.crate.rest            ] [Bantam] Elasticsearch HTTP REST API not enabled
    [2020-05-24 11:58:39,380][INFO ][node                     ] [Bantam] initialized
    [2020-05-24 11:58:39,381][INFO ][node                     ] [Bantam] starting ...
    [2020-05-24 11:58:39,381][INFO ][io.crate.blob.BlobService] [Bantam] BlobService.doStart() io.crate.blob.BlobService@74a820bf
    [2020-05-24 11:58:39,450][INFO ][http                     ] [Bantam] bound_address {inet[/127.0.0.1:42739]}, publish_address {inet[/127.0.0.1:42739]}
    [2020-05-24 11:58:39,520][INFO ][transport                ] [Bantam] bound_address {inet[/127.0.0.1:35647]}, publish_address {inet[/127.0.0.1:35647]}
    [2020-05-24 11:58:39,533][INFO ][discovery                ] [Bantam] jdbc/dWzdmPAiRfugGG-A58dyYg
    [2020-05-24 11:58:42,568][INFO ][cluster.service          ] [Bantam] new_master [Bantam][dWzdmPAiRfugGG-A58dyYg][6c4e1444190f][inet[/127.0.0.1:35647]]{http_address=http://127.0.0.1:42739}, reason: zen-disco-join (elected_as_master)
    [2020-05-24 11:58:42,581][INFO ][node                     ] [Bantam] started
    [2020-05-24 11:58:42,623][INFO ][gateway                  ] [Bantam] recovered [0] indices into cluster_state

io.crate.client.jdbc.integrationtests.CrateJDBCIntegrationTest > testException STANDARD_OUT
    [2020-05-24 11:58:43,315][INFO ][cluster.metadata         ] [Bantam] [test] creating index, cause [api], shards [1]/[0], mappings [default]
    [2020-05-24 11:58:43,620][INFO ][cluster.metadata         ] [Bantam] [test] update_mapping [default] (dynamic)

io.crate.client.jdbc.integrationtests.CrateJDBCIntegrationTest > testGetSchemas STANDARD_OUT
    [2020-05-24 11:58:43,840][INFO ][cluster.metadata         ] [Bantam] [test] deleting index
    [2020-05-24 11:58:43,928][INFO ][cluster.metadata         ] [Bantam] [test] creating index, cause [api], shards [1]/[0], mappings [default]
    [2020-05-24 11:58:44,010][INFO ][cluster.metadata         ] [Bantam] [test] update_mapping [default] (dynamic)

io.crate.client.jdbc.integrationtests.CrateJDBCIntegrationTest > testExecuteBatchPreparedStatementFailSyntax STANDARD_OUT
    [2020-05-24 11:58:44,142][INFO ][cluster.metadata         ] [Bantam] [test] deleting index
    [2020-05-24 11:58:44,196][INFO ][cluster.metadata         ] [Bantam] [test] creating index, cause [api], shards [1]/[0], mappings [default]
    [2020-05-24 11:58:44,292][INFO ][cluster.metadata         ] [Bantam] [test] update_mapping [default] (dynamic)
    [2020-05-24 11:58:44,445][INFO ][cluster.metadata         ] [Bantam] [test] deleting index

io.crate.client.jdbc.integrationtests.CrateJDBCIntegrationTest > testSelectWhenNothingMatches STANDARD_OUT
    [2020-05-24 11:58:44,558][INFO ][cluster.metadata         ] [Bantam] [test] creating index, cause [api], shards [1]/[0], mappings [default]
    [2020-05-24 11:58:44,647][INFO ][cluster.metadata         ] [Bantam] [test] update_mapping [default] (dynamic)

io.crate.client.jdbc.integrationtests.CrateJDBCIntegrationTest > testExecuteUpdateWhenNothingMatches STANDARD_OUT
    [2020-05-24 11:58:44,816][INFO ][cluster.metadata         ] [Bantam] [test] deleting index
    [2020-05-24 11:58:44,859][INFO ][cluster.metadata         ] [Bantam] [test] creating index, cause [api], shards [1]/[0], mappings [default]
    [2020-05-24 11:58:44,893][INFO ][cluster.metadata         ] [Bantam] [test] update_mapping [default] (dynamic)

io.crate.client.jdbc.integrationtests.CrateJDBCIntegrationTest > testConnectionWithCustomSchema STANDARD_OUT
    [2020-05-24 11:58:45,019][INFO ][cluster.metadata         ] [Bantam] [test] deleting index
    [2020-05-24 11:58:45,071][INFO ][cluster.metadata         ] [Bantam] [test] creating index, cause [api], shards [1]/[0], mappings [default]
    [2020-05-24 11:58:45,111][INFO ][cluster.metadata         ] [Bantam] [test] update_mapping [default] (dynamic)
    [2020-05-24 11:58:45,204][INFO ][cluster.metadata         ] [Bantam] [foo.t] creating index, cause [api], shards [5]/[0], mappings [default]
    [2020-05-24 11:58:45,365][INFO ][cluster.metadata         ] [Bantam] [bar.t] creating index, cause [api], shards [5]/[0], mappings [default]
    [2020-05-24 11:58:45,566][INFO ][cluster.metadata         ] [Bantam] [test] deleting index
    [2020-05-24 11:58:45,580][INFO ][cluster.metadata         ] [Bantam] [foo.t] deleting index

io.crate.client.jdbc.integrationtests.CrateJDBCIntegrationTest > testExcludeNestedColumns STANDARD_OUT
    [2020-05-24 11:58:45,623][INFO ][cluster.metadata         ] [Bantam] [bar.t] deleting index
    [2020-05-24 11:58:45,705][INFO ][cluster.metadata         ] [Bantam] [test] creating index, cause [api], shards [1]/[0], mappings [default]
    [2020-05-24 11:58:45,744][INFO ][cluster.metadata         ] [Bantam] [test] update_mapping [default] (dynamic)

io.crate.client.jdbc.integrationtests.CrateJDBCIntegrationTest > testExcludeNestedColumns FAILED
    java.lang.AssertionError at CrateJDBCIntegrationTest.java:224

io.crate.client.jdbc.integrationtests.CrateJDBCIntegrationTest > testExecuteBatchPreparedStatementFailOne STANDARD_OUT
    [2020-05-24 11:58:45,829][INFO ][cluster.metadata         ] [Bantam] [test] deleting index
    [2020-05-24 11:58:45,881][INFO ][cluster.metadata         ] [Bantam] [test] creating index, cause [api], shards [1]/[0], mappings [default]
    [2020-05-24 11:58:45,920][INFO ][cluster.metadata         ] [Bantam] [test] update_mapping [default] (dynamic)

io.crate.client.jdbc.integrationtests.CrateJDBCIntegrationTest > testExecuteBatchStatement STANDARD_OUT
    [2020-05-24 11:58:46,022][INFO ][cluster.metadata         ] [Bantam] [test] deleting index
    [2020-05-24 11:58:46,062][INFO ][cluster.metadata         ] [Bantam] [test] creating index, cause [api], shards [1]/[0], mappings [default]
    [2020-05-24 11:58:46,091][INFO ][cluster.metadata         ] [Bantam] [test] update_mapping [default] (dynamic)

io.crate.client.jdbc.integrationtests.CrateJDBCIntegrationTest > testTypesResponseNoResult STANDARD_OUT
    [2020-05-24 11:58:46,185][INFO ][cluster.metadata         ] [Bantam] [test] deleting index
    [2020-05-24 11:58:46,224][INFO ][cluster.metadata         ] [Bantam] [test] creating index, cause [api], shards [1]/[0], mappings [default]
    [2020-05-24 11:58:46,269][INFO ][cluster.metadata         ] [Bantam] [test] update_mapping [default] (dynamic)

io.crate.client.jdbc.integrationtests.CrateJDBCIntegrationTest > testSelectUsingPreparedStatement STANDARD_OUT
    [2020-05-24 11:58:46,329][INFO ][cluster.metadata         ] [Bantam] [test] deleting index
    [2020-05-24 11:58:46,375][INFO ][cluster.metadata         ] [Bantam] [test] creating index, cause [api], shards [1]/[0], mappings [default]
    [2020-05-24 11:58:46,403][INFO ][cluster.metadata         ] [Bantam] [test] update_mapping [default] (dynamic)

io.crate.client.jdbc.integrationtests.CrateJDBCIntegrationTest > testSelectAllTypes STANDARD_OUT
    [2020-05-24 11:58:46,484][INFO ][cluster.metadata         ] [Bantam] [test] deleting index
    [2020-05-24 11:58:46,531][INFO ][cluster.metadata         ] [Bantam] [test] creating index, cause [api], shards [1]/[0], mappings [default]
    [2020-05-24 11:58:46,564][INFO ][cluster.metadata         ] [Bantam] [test] update_mapping [default] (dynamic)
    [2020-05-24 11:58:46,703][INFO ][cluster.metadata         ] [Bantam] [test] deleting index

io.crate.client.jdbc.integrationtests.CrateJDBCIntegrationTest > testExecuteBatchPreparedStatement STANDARD_OUT
    [2020-05-24 11:58:47,453][INFO ][cluster.metadata         ] [Bantam] [test] creating index, cause [api], shards [1]/[0], mappings [default]
    [2020-05-24 11:58:47,806][INFO ][cluster.metadata         ] [Bantam] [test] update_mapping [default] (dynamic)

io.crate.client.jdbc.integrationtests.CrateJDBCIntegrationTest > testExecuteBatchPreparedStatementFailBulkTypes STANDARD_OUT
    [2020-05-24 11:58:47,974][INFO ][cluster.metadata         ] [Bantam] [test] deleting index
    [2020-05-24 11:58:48,029][INFO ][cluster.metadata         ] [Bantam] [test] creating index, cause [api], shards [1]/[0], mappings [default]
    [2020-05-24 11:58:48,129][INFO ][cluster.metadata         ] [Bantam] [test] update_mapping [default] (dynamic)

io.crate.client.jdbc.integrationtests.CrateJDBCIntegrationTest > testExecuteBatchStatementFail STANDARD_OUT
    [2020-05-24 11:58:48,255][INFO ][cluster.metadata         ] [Bantam] [test] deleting index
    [2020-05-24 11:58:48,306][INFO ][cluster.metadata         ] [Bantam] [test] creating index, cause [api], shards [1]/[0], mappings [default]
    [2020-05-24 11:58:48,542][INFO ][cluster.metadata         ] [Bantam] [test] update_mapping [default] (dynamic)

io.crate.client.jdbc.integrationtests.CrateJDBCIntegrationTest STANDARD_OUT
    Stopping crate server process...

io.crate.client.jdbc.integrationtests.CrateJDBCMultiServerIntegrationTest STANDARD_OUT
    Starting crate server process...
    Picked up _JAVA_OPTIONS: -Xmx1g -XX:MaxPermSize=256m
    Java HotSpot(TM) 64-Bit Server VM warning: ignoring option MaxPermSize=256m; support was removed in 8.0
    [2020-05-24 11:58:49,438][INFO ][node                     ] [Rachel Summers] version[1.4.4], pid[3968], build[${build/NA]
    [2020-05-24 11:58:49,439][INFO ][node                     ] [Rachel Summers] initializing ...
    [2020-05-24 11:58:49,545][INFO ][io.crate.plugin          ] [Rachel Summers] plugins loaded: [] 
    [2020-05-24 11:58:49,546][INFO ][plugins                  ] [Rachel Summers] loaded [crate-core], sites [crate-admin]
    [2020-05-24 11:58:49,568][INFO ][io.crate.plugin          ] [Rachel Summers] plugins loaded: [] 
    [2020-05-24 11:58:49,820][INFO ][io.crate.module          ] [Rachel Summers] configuring crate. version: 0.49.2
    [2020-05-24 11:58:52,459][INFO ][io.crate.rest            ] [Rachel Summers] Elasticsearch HTTP REST API not enabled
    [2020-05-24 11:58:52,533][INFO ][node                     ] [Rachel Summers] initialized
    [2020-05-24 11:58:52,534][INFO ][node                     ] [Rachel Summers] starting ...
    [2020-05-24 11:58:52,535][INFO ][io.crate.blob.BlobService] [Rachel Summers] BlobService.doStart() io.crate.blob.BlobService@5a30722c
    [2020-05-24 11:58:52,604][INFO ][http                     ] [Rachel Summers] bound_address {inet[/127.0.0.1:45849]}, publish_address {inet[/127.0.0.1:45849]}
    [2020-05-24 11:58:52,682][INFO ][transport                ] [Rachel Summers] bound_address {inet[/127.0.0.1:34871]}, publish_address {inet[/127.0.0.1:34871]}
    [2020-05-24 11:58:52,693][INFO ][discovery                ] [Rachel Summers] MultiServerJDBCTest/6bwEiDA4RbKs7D2Ik3isaw
    [2020-05-24 11:58:55,752][INFO ][cluster.service          ] [Rachel Summers] new_master [Rachel Summers][6bwEiDA4RbKs7D2Ik3isaw][6c4e1444190f][inet[/127.0.0.1:34871]]{http_address=http://127.0.0.1:45849}, reason: zen-disco-join (elected_as_master)
    [2020-05-24 11:58:55,765][INFO ][node                     ] [Rachel Summers] started
    Starting crate server process...
    [2020-05-24 11:58:55,792][INFO ][gateway                  ] [Rachel Summers] recovered [0] indices into cluster_state
    Picked up _JAVA_OPTIONS: -Xmx1g -XX:MaxPermSize=256m
    Java HotSpot(TM) 64-Bit Server VM warning: ignoring option MaxPermSize=256m; support was removed in 8.0
    [2020-05-24 11:58:56,301][INFO ][node                     ] [Man-Ape] version[1.4.4], pid[4325], build[${build/NA]
    [2020-05-24 11:58:56,302][INFO ][node                     ] [Man-Ape] initializing ...
    [2020-05-24 11:58:56,398][INFO ][io.crate.plugin          ] [Man-Ape] plugins loaded: [] 
    [2020-05-24 11:58:56,399][INFO ][plugins                  ] [Man-Ape] loaded [crate-core], sites [crate-admin]
    [2020-05-24 11:58:56,421][INFO ][io.crate.plugin          ] [Man-Ape] plugins loaded: [] 
    [2020-05-24 11:58:56,706][INFO ][io.crate.module          ] [Man-Ape] configuring crate. version: 0.49.2
    [2020-05-24 11:58:59,299][INFO ][io.crate.rest            ] [Man-Ape] Elasticsearch HTTP REST API not enabled
    [2020-05-24 11:58:59,382][INFO ][node                     ] [Man-Ape] initialized
    [2020-05-24 11:58:59,383][INFO ][node                     ] [Man-Ape] starting ...
    [2020-05-24 11:58:59,384][INFO ][io.crate.blob.BlobService] [Man-Ape] BlobService.doStart() io.crate.blob.BlobService@5a30722c
    [2020-05-24 11:58:59,487][INFO ][http                     ] [Man-Ape] bound_address {inet[/127.0.0.1:38415]}, publish_address {inet[/127.0.0.1:38415]}
    [2020-05-24 11:58:59,570][INFO ][transport                ] [Man-Ape] bound_address {inet[/127.0.0.1:44951]}, publish_address {inet[/127.0.0.1:44951]}
    [2020-05-24 11:58:59,583][INFO ][discovery                ] [Man-Ape] MultiServerJDBCTest/NwVdIuewRNWTA0ykZ01XSw
    [2020-05-24 11:59:02,733][INFO ][cluster.service          ] [Rachel Summers] added {[Man-Ape][NwVdIuewRNWTA0ykZ01XSw][6c4e1444190f][inet[/127.0.0.1:44951]]{http_address=http://127.0.0.1:38415},}, reason: zen-disco-receive(join from node[[Man-Ape][NwVdIuewRNWTA0ykZ01XSw][6c4e1444190f][inet[/127.0.0.1:44951]]{http_address=http://127.0.0.1:38415}])

io.crate.client.jdbc.integrationtests.CrateJDBCMultiServerIntegrationTest > testConnectToMultipleNodes STANDARD_OUT
    [2020-05-24 11:59:02,757][INFO ][cluster.service          ] [Man-Ape] detected_master [Rachel Summers][6bwEiDA4RbKs7D2Ik3isaw][6c4e1444190f][inet[/127.0.0.1:34871]]{http_address=http://127.0.0.1:45849}, added {[Rachel Summers][6bwEiDA4RbKs7D2Ik3isaw][6c4e1444190f][inet[/127.0.0.1:34871]]{http_address=http://127.0.0.1:45849},}, reason: zen-disco-receive(from master [[Rachel Summers][6bwEiDA4RbKs7D2Ik3isaw][6c4e1444190f][inet[/127.0.0.1:34871]]{http_address=http://127.0.0.1:45849}])
    [2020-05-24 11:59:02,786][INFO ][node                     ] [Man-Ape] started

io.crate.client.jdbc.integrationtests.CrateJDBCMultiServerIntegrationTest STANDARD_OUT
    Stopping crate server process...
    [2020-05-24 11:59:03,012][INFO ][cluster.service          ] [Rachel Summers] removed {[Man-Ape][NwVdIuewRNWTA0ykZ01XSw][6c4e1444190f][inet[/127.0.0.1:44951]]{http_address=http://127.0.0.1:38415},}, reason: zen-disco-node_left([Man-Ape][NwVdIuewRNWTA0ykZ01XSw][6c4e1444190f][inet[/127.0.0.1:44951]]{http_address=http://127.0.0.1:38415})
    Stopping crate server process...
:test FAILED

BUILD FAILED

Total time: 1 mins 10.676 secs

travis_time:end:26ecf2fc:start=1590321473071510608,finish=1590321544193859126,duration=71122348518[0K
[31;1mThe command "./gradlew test -s" exited with 1.[0m
travis_fold:start:cache.2[0Kstore build cache
travis_time:start:2decfc7f[0K
travis_time:end:2decfc7f:start=1590321544205483898,finish=1590321544214493116,duration=9009218[0Ktravis_time:start:0a4693b8[0K[32;1mchanges detected, packing new archive[0m

travis_time:end:0a4693b8:start=1590321544224189892,finish=1590321546022020556,duration=1797830664[0Ktravis_fold:end:cache.2[0K
Done. Your build exited with 1.
