travis_fold:start:system_info[0K[33;1mBuild system information[0m
Build language: java
Build group: stable
Build dist: precise
Build id: ''
Job id: ''
[34m[1mBuild image provisioning date and time[0m
Thu Feb  5 15:09:33 UTC 2015
[34m[1mOperating System Details[0m
Distributor ID:	Ubuntu
Description:	Ubuntu 12.04.5 LTS
Release:	12.04
Codename:	precise
[34m[1mLinux Version[0m
3.13.0-29-generic
[34m[1mCookbooks Version[0m
a68419e https://github.com/travis-ci/travis-cookbooks/tree/a68419e
[34m[1mGCC version[0m
gcc (Ubuntu/Linaro 4.6.3-1ubuntu5) 4.6.3
Copyright (C) 2011 Free Software Foundation, Inc.
This is free software; see the source for copying conditions.  There is NO
warranty; not even for MERCHANTABILITY or FITNESS FOR A PARTICULAR PURPOSE.

[34m[1mLLVM version[0m
clang version 3.4 (tags/RELEASE_34/final)
Target: x86_64-unknown-linux-gnu
Thread model: posix
[34m[1mPre-installed Ruby versions[0m
ruby-1.9.3-p551
[34m[1mPre-installed Node.js versions[0m
v0.10.36
[34m[1mPre-installed Go versions[0m
1.4.1
[34m[1mRedis version[0m
redis-server 2.8.19
[34m[1mriak version[0m
2.0.2
[34m[1mMongoDB version[0m
MongoDB 2.4.12
[34m[1mCouchDB version[0m
couchdb 1.6.1
[34m[1mNeo4j version[0m
1.9.4
[34m[1mRabbitMQ Version[0m
3.4.3
[34m[1mElasticSearch version[0m
1.4.0
[34m[1mInstalled Sphinx versions[0m
2.0.10
2.1.9
2.2.6
[34m[1mDefault Sphinx version[0m
2.2.6
[34m[1mInstalled Firefox version[0m
firefox 31.0esr
[34m[1mPhantomJS version[0m
1.9.8
[34m[1mant -version[0m
Apache Ant(TM) version 1.8.2 compiled on December 3 2011
[34m[1mmvn -version[0m
Apache Maven 3.2.5 (12a6b3acb947671f09b81f49094c53f426d8cea1; 2014-12-14T17:29:23+00:00)
Maven home: /usr/local/maven
Java version: 1.7.0_76, vendor: Oracle Corporation
Java home: /usr/lib/jvm/java-7-oracle/jre
Default locale: en_US, platform encoding: ANSI_X3.4-1968
OS name: "linux", version: "3.13.0-29-generic", arch: "amd64", family: "unix"
travis_fold:end:system_info[0K
W: GPG error: http://apt.postgresql.org precise-pgdg Release: The following signatures were invalid: KEYEXPIRED 1562078959
W: Failed to fetch http://ppa.launchpad.net/travis-ci/zero-mq/ubuntu/dists/precise/main/binary-amd64/Packages  403  Forbidden

W: Failed to fetch http://ppa.launchpad.net/travis-ci/zero-mq/ubuntu/dists/precise/main/binary-i386/Packages  403  Forbidden

W: Failed to fetch http://downloads-distro.mongodb.org/repo/debian-sysvinit/dists/dist/10gen/binary-amd64/Packages  Undetermined Error [IP: 54.175.147.155 80]

W: Failed to fetch http://downloads-distro.mongodb.org/repo/debian-sysvinit/dists/dist/10gen/binary-i386/Packages  Undetermined Error [IP: 54.175.147.155 80]

E: Some index files failed to download. They have been ignored, or old ones used instead.
$ jdk_switcher use oraclejdk8
Switching to Oracle JDK8 (java-8-oracle), JAVA_HOME will be set to /usr/lib/jvm/java-8-oracle
$ cd passed/pgjdbc/pgjdbc
travis_fold:start:postgresql[0K[33;1mStarting PostgreSQL v9.4[0m
travis_time:start:2179e5ee[0K$ sudo service postgresql stop
 * Stopping PostgreSQL 9.1 database server
   ...done.
 * Stopping PostgreSQL 9.2 database server
   ...done.
 * Stopping PostgreSQL 9.3 database server
   ...done.
 * Stopping PostgreSQL 9.4 database server
   ...done.

travis_time:end:2179e5ee:start=1590205434719901054,finish=1590205435390942085,duration=671041031[0Ktravis_time:start:0969fecf[0K$ sudo service postgresql start 9.4
 * Starting PostgreSQL 9.4 database server
   ...done.

travis_time:end:0969fecf:start=1590205435399410580,finish=1590205437659724610,duration=2260314030[0Ktravis_time:start:09cb3ba0[0K$ sudo -u postgres createuser -s -p 5432 travis &>/dev/null

travis_time:end:09cb3ba0:start=1590205437670805287,finish=1590205437734510216,duration=63704929[0Ktravis_time:start:0f6f1dc0[0K$ sudo -u postgres createdb -O travis -p 5432 travis &>/dev/null

travis_time:end:0f6f1dc0:start=1590205437745432690,finish=1590205438027637572,duration=282204882[0Ktravis_time:start:04ab6f6c[0K$ sudo -u postgres createuser -s -p 5433 travis &>/dev/null

travis_time:end:04ab6f6c:start=1590205438038253864,finish=1590205438095992901,duration=57739037[0Ktravis_time:start:0e90029a[0K$ sudo -u postgres createdb -O travis -p 5433 travis &>/dev/null

travis_time:end:0e90029a:start=1590205438106885107,finish=1590205438163373801,duration=56488694[0Ktravis_fold:end:postgresql[0K
[33;1mSetting environment variables from .travis.yml[0m
$ export SONATYPE_USERNAME=[secure]
$ export SONATYPE_PASSWORD=[secure]
$ export copr_token_password=[secure]
$ export PG_VERSION=9.4
$ export TEST_CLIENTS=Y

travis_fold:start:cache.1[0KSetting up build cache
$ export CASHER_DIR=$HOME/.casher
travis_time:start:15e1c306[0K$ Installing caching utilities

travis_time:end:15e1c306:start=1590205438838620425,finish=1590205439065398596,duration=226778171[0Ktravis_time:start:11b3ad97[0K
travis_time:end:11b3ad97:start=1590205439080640527,finish=1590205439091443880,duration=10803353[0Ktravis_time:start:027a781d[0K[32;1mattempting to download cache archive[0m

travis_time:end:027a781d:start=1590205439102890388,finish=1590205439930541778,duration=827651390[0Ktravis_time:start:057fbb0b[0K
travis_time:end:057fbb0b:start=1590205439942619317,finish=1590205439953630015,duration=11010698[0Ktravis_time:start:211bed5c[0K[32;1madding /home/travis/.m2/repository to cache[0m
[32;1madding /home/travis/.ivy2/cache to cache[0m
[32;1madding /home/travis/.sbt/boot to cache[0m

travis_time:end:211bed5c:start=1590205439964378613,finish=1590205440790144467,duration=825765854[0Ktravis_fold:end:cache.1[0K$ java -Xmx32m -version
$ javac -J-Xmx32m -version
travis_fold:start:install[0Ktravis_time:start:09d16928[0K$ true

travis_time:end:09d16928:start=1590205441067612766,finish=1590205441076509591,duration=8896825[0Ktravis_fold:end:install[0Ktravis_fold:start:before_script.1[0Ktravis_time:start:12d1194b[0K$ export PG_DATADIR="/etc/postgresql/${PG_VERSION}/main"

travis_time:end:12d1194b:start=1590205441088390080,finish=1590205441097993725,duration=9603645[0Ktravis_fold:end:before_script.1[0Ktravis_fold:start:before_script.2[0Ktravis_time:start:093f520c[0K$ ./.travis/travis_install_postgres.sh

travis_time:end:093f520c:start=1590205441109785561,finish=1590205441212011532,duration=102225971[0Ktravis_fold:end:before_script.2[0Ktravis_fold:start:before_script.3[0Ktravis_time:start:00004bab[0K$ test "x$XA" == 'x' || ./.travis/travis_configure_xa.sh

travis_time:end:00004bab:start=1590205441223710231,finish=1590205441231933661,duration=8223430[0Ktravis_fold:end:before_script.3[0Ktravis_fold:start:before_script.4[0Ktravis_time:start:09433546[0K$ ./.travis/travis_start_postgres.sh

travis_time:end:09433546:start=1590205441242456368,finish=1590205441255215198,duration=12758830[0Ktravis_fold:end:before_script.4[0Ktravis_fold:start:before_script.5[0Ktravis_time:start:08ddb293[0K$ psql -U postgres -c "create user test with password 'test';"
CREATE ROLE

travis_time:end:08ddb293:start=1590205441265661141,finish=1590205441286596544,duration=20935403[0Ktravis_fold:end:before_script.5[0Ktravis_fold:start:before_script.6[0Ktravis_time:start:1d3276e4[0K$ psql -c 'create database test owner test;' -U postgres
CREATE DATABASE

travis_time:end:1d3276e4:start=1590205441297411744,finish=1590205441538694471,duration=241282727[0Ktravis_fold:end:before_script.6[0Ktravis_fold:start:before_script.7[0Ktravis_time:start:0212f10e[0K$ echo "MAVEN_OPTS='-Xmx1g -Dgpg.skip=true'" > ~/.mavenrc

travis_time:end:0212f10e:start=1590205441548859459,finish=1590205441556738442,duration=7878983[0Ktravis_fold:end:before_script.7[0Ktravis_fold:start:before_script.8[0Ktravis_time:start:1172bb20[0K$ test "x$PG_VERSION" == 'x' || test $PG_VERSION == '8.4' || test $PG_VERSION == '9.0' || psql test -c 'CREATE EXTENSION hstore;' -U postgres
CREATE EXTENSION

travis_time:end:1172bb20:start=1590205441565975469,finish=1590205441605334176,duration=39358707[0Ktravis_fold:end:before_script.8[0Ktravis_fold:start:before_script.9[0Ktravis_time:start:00754530[0K$ test "x$PG_VERSION" == 'x' || test $PG_VERSION != '8.4' || createlang -U postgres plpgsql test

travis_time:end:00754530:start=1590205441615192995,finish=1590205441623483792,duration=8290797[0Ktravis_fold:end:before_script.9[0Ktravis_fold:start:before_script.10[0Ktravis_time:start:0101e31a[0K$ if [[ "x$JDK" == *'x9'* ]]; then remove_dir_from_path $JAVA_HOME/bin; export JAVA_HOME=/usr/lib/jvm/java-9-oracle; export PATH=$JAVA_HOME/bin:$PATH; java -Xmx32m -version; fi

travis_time:end:0101e31a:start=1590205441633618964,finish=1590205441641824886,duration=8205922[0Ktravis_fold:end:before_script.10[0Ktravis_time:start:1a800c6a[0K$ rm -rf $HOME/.m2/repository/org/postgresql || true

travis_time:end:1a800c6a:start=1590205441651871276,finish=1590205441660483739,duration=8612463[0K
[32;1mThe command "rm -rf $HOME/.m2/repository/org/postgresql || true" exited with 0.[0m
travis_time:start:0c74605f[0K$ export JDK6_HOME=$(jdk_switcher home openjdk6)

travis_time:end:0c74605f:start=1590205441670086503,finish=1590205441680784440,duration=10697937[0K
[32;1mThe command "export JDK6_HOME=$(jdk_switcher home openjdk6)" exited with 0.[0m
travis_time:start:09b47a04[0K$ export JDK7_HOME=$(jdk_switcher home openjdk7)

travis_time:end:09b47a04:start=1590205441691143229,finish=1590205441702059871,duration=10916642[0K
[32;1mThe command "export JDK7_HOME=$(jdk_switcher home openjdk7)" exited with 0.[0m
travis_time:start:04320e7f[0K$ export JDK8_HOME=$(jdk_switcher home oraclejdk8)

travis_time:end:04320e7f:start=1590205441711900342,finish=1590205441721846249,duration=9945907[0K
[32;1mThe command "export JDK8_HOME=$(jdk_switcher home oraclejdk8)" exited with 0.[0m
travis_time:start:01a1e8a6[0K$ export JDK9_HOME=/usr/lib/jvm/java-9-oracle

travis_time:end:01a1e8a6:start=1590205441732420569,finish=1590205441740982278,duration=8561709[0K
[32;1mThe command "export JDK9_HOME=/usr/lib/jvm/java-9-oracle" exited with 0.[0m
travis_time:start:025388b8[0K$ test -d "${JDK9_HOME}" || export JDK9_HOME=$(jdk_switcher home oraclejdk8)

travis_time:end:025388b8:start=1590205441751873745,finish=1590205441764019458,duration=12145713[0K
[32;1mThe command "test -d "${JDK9_HOME}" || export JDK9_HOME=$(jdk_switcher home oraclejdk8)" exited with 0.[0m
travis_time:start:0b645ea4[0K$ envsubst < toolchains.xml > ~/.m2/toolchains.xml

travis_time:end:0b645ea4:start=1590205441775432734,finish=1590205443678929040,duration=1903496306[0K
[32;1mThe command "envsubst < toolchains.xml > ~/.m2/toolchains.xml" exited with 0.[0m
travis_time:start:1d26b680[0K$ ./.travis/travis_build.sh
Apache Maven 3.2.5 (12a6b3acb947671f09b81f49094c53f426d8cea1; 2014-12-14T17:29:23+00:00)
Maven home: /usr/local/maven
Java version: 1.8.0_31, vendor: Oracle Corporation
Java home: /usr/lib/jvm/java-8-oracle/jre
Default locale: en_US, platform encoding: UTF-8
OS name: "linux", version: "4.15.0-91-generic", arch: "amd64", family: "unix"
[INFO] Scanning for projects...
[INFO] Downloading: http://repo.maven.apache.org/maven2/org/postgresql/pgjdbc-versions/1.1.1/pgjdbc-versions-1.1.1.pom
[INFO] Downloading: https://oss.sonatype.org/content/repositories/releases/org/postgresql/pgjdbc-versions/1.1.1/pgjdbc-versions-1.1.1.pom
[INFO] Downloading: https://repository.apache.org/releases/org/postgresql/pgjdbc-versions/1.1.1/pgjdbc-versions-1.1.1.pom
[ERROR] The build could not read 1 project -> [Help 1]
[ERROR]   
[ERROR]   The project org.postgresql:pgjdbc-aggregate:9.4.1212-SNAPSHOT (/home/travis/build/passed/pgjdbc/pgjdbc/pom.xml) has 1 error
[ERROR]     Non-resolvable parent POM: Could not transfer artifact org.postgresql:pgjdbc-versions:pom:1.1.1 from/to central (http://repo.maven.apache.org/maven2): Failed to transfer file: http://repo.maven.apache.org/maven2/org/postgresql/pgjdbc-versions/1.1.1/pgjdbc-versions-1.1.1.pom. Return code is: 501 , ReasonPhrase:HTTPS Required. and 'parent.relativePath' points at wrong local POM @ line 3, column 11 -> [Help 2]
[ERROR] 
[ERROR] To see the full stack trace of the errors, re-run Maven with the -e switch.
[ERROR] Re-run Maven using the -X switch to enable full debug logging.
[ERROR] 
[ERROR] For more information about the errors and possible solutions, please read the following articles:
[ERROR] [Help 1] http://cwiki.apache.org/confluence/display/MAVEN/ProjectBuildingException
[ERROR] [Help 2] http://cwiki.apache.org/confluence/display/MAVEN/UnresolvableModelException

travis_time:end:1d26b680:start=1590205443689280026,finish=1590205446807048561,duration=3117768535[0K
[31;1mThe command "./.travis/travis_build.sh" exited with 1.[0m
travis_fold:start:before_cache.1[0Ktravis_time:start:09061b5e[0K$ rm -rf $HOME/.m2/repository/org/postgresql

travis_time:end:09061b5e:start=1590205446820024043,finish=1590205446832682143,duration=12658100[0Ktravis_fold:end:before_cache.1[0Ktravis_fold:start:before_cache.2[0Ktravis_time:start:08767554[0K$ find $HOME/.ivy2 -name "ivydata-*.properties" -delete

travis_time:end:08767554:start=1590205446845254697,finish=1590205446867013937,duration=21759240[0Ktravis_fold:end:before_cache.2[0Ktravis_fold:start:before_cache.3[0Ktravis_time:start:06773d50[0K$ find $HOME/.sbt -name "*.lock" -delete

travis_time:end:06773d50:start=1590205446879004011,finish=1590205446899597322,duration=20593311[0Ktravis_fold:end:before_cache.3[0Ktravis_fold:start:cache.2[0Kstore build cache
travis_time:start:01b530b4[0K
travis_time:end:01b530b4:start=1590205446911606083,finish=1590205446922472782,duration=10866699[0Ktravis_time:start:0143b358[0K[32;1mchanges detected, packing new archive[0m
.
.

travis_time:end:0143b358:start=1590205446934437123,finish=1590205457799500790,duration=10865063667[0Ktravis_fold:end:cache.2[0K
Done. Your build exited with 1.
