travis_time:start:10ee3867[0Ktravis_time:end:10ee3867:start=1590371599672696823,finish=1590371599829323718,duration=156626895,event=no_world_writable_dirs[0Ktravis_time:start:01217ca0[0Ktravis_time:end:01217ca0:start=1590371599836083662,finish=1590371599840067663,duration=3984001,event=check_unsupported[0Ktravis_time:start:055a9c5e[0Ktravis_fold:start:system_info[0K[33;1mBuild system information[0m
Build language: java
Build group: stable
Build dist: precise
Build id: ''
Job id: ''
Runtime kernel version: 4.15.0-91-generic
[34m[1mBuild image provisioning date and time[0m
Thu Feb  5 15:09:33 UTC 2015
[34m[1mOperating System Details[0m
Distributor ID:	Ubuntu
Description:	Ubuntu 12.04.5 LTS
Release:	12.04
Codename:	precise
[34m[1mLinux Version[0m
3.13.0-29-generic
[34m[1mCookbooks Version[0m
a68419e https://github.com/travis-ci/travis-cookbooks/tree/a68419e
[34m[1mGCC version[0m
gcc (Ubuntu/Linaro 4.6.3-1ubuntu5) 4.6.3
Copyright (C) 2011 Free Software Foundation, Inc.
This is free software; see the source for copying conditions.  There is NO
warranty; not even for MERCHANTABILITY or FITNESS FOR A PARTICULAR PURPOSE.

[34m[1mLLVM version[0m
clang version 3.4 (tags/RELEASE_34/final)
Target: x86_64-unknown-linux-gnu
Thread model: posix
[34m[1mPre-installed Ruby versions[0m
ruby-1.9.3-p551
[34m[1mPre-installed Node.js versions[0m
v0.10.36
[34m[1mPre-installed Go versions[0m
1.4.1
[34m[1mRedis version[0m
redis-server 2.8.19
[34m[1mriak version[0m
2.0.2
[34m[1mMongoDB version[0m
MongoDB 2.4.12
[34m[1mCouchDB version[0m
couchdb 1.6.1
[34m[1mNeo4j version[0m
1.9.4
[34m[1mRabbitMQ Version[0m
3.4.3
[34m[1mElasticSearch version[0m
1.4.0
[34m[1mInstalled Sphinx versions[0m
2.0.10
2.1.9
2.2.6
[34m[1mDefault Sphinx version[0m
2.2.6
[34m[1mInstalled Firefox version[0m
firefox 31.0esr
[34m[1mPhantomJS version[0m
1.9.8
[34m[1mant -version[0m
Apache Ant(TM) version 1.8.2 compiled on December 3 2011
[34m[1mmvn -version[0m
Apache Maven 3.2.5 (12a6b3acb947671f09b81f49094c53f426d8cea1; 2014-12-14T17:29:23+00:00)
Maven home: /usr/local/maven
Java version: 1.7.0_76, vendor: Oracle Corporation
Java home: /usr/lib/jvm/java-7-oracle/jre
Default locale: en_US, platform encoding: ANSI_X3.4-1968
OS name: "linux", version: "3.13.0-29-generic", arch: "amd64", family: "unix"
travis_fold:end:system_info[0K
travis_time:end:055a9c5e:start=1590371599845660309,finish=1590371599854543953,duration=8883644,event=show_system_info[0Ktravis_time:start:0eec13bb[0Ktravis_time:end:0eec13bb:start=1590371599859889004,finish=1590371599876496614,duration=16607610,event=rm_riak_source[0Ktravis_time:start:18c376f6[0Ktravis_time:end:18c376f6:start=1590371599881892771,finish=1590371599892078165,duration=10185394,event=fix_rwky_redis[0Ktravis_time:start:2070667a[0K[31;1mTimeout waiting for network availability.[0m
travis_time:end:2070667a:start=1590371599899147593,finish=1590371620575218096,duration=20676070503,event=wait_for_network[0Ktravis_time:start:17dc4620[0Ktravis_time:end:17dc4620:start=1590371620580791563,finish=1590371621528069688,duration=947278125,event=update_apt_keys[0Ktravis_time:start:01e90885[0Ktravis_time:end:01e90885:start=1590371621533702125,finish=1590371621600508300,duration=66806175,event=fix_hhvm_source[0Ktravis_time:start:1b86a46e[0Ktravis_time:end:1b86a46e:start=1590371621606651961,finish=1590371621611562069,duration=4910108,event=update_mongo_arch[0Ktravis_time:start:15f68226[0Ktravis_time:end:15f68226:start=1590371621616859119,finish=1590371621662701418,duration=45842299,event=fix_sudo_enabled_trusty[0Ktravis_time:start:10371108[0Ktravis_time:end:10371108:start=1590371621668226489,finish=1590371621682178035,duration=13951546,event=clean_up_path[0Ktravis_time:start:0607a5f0[0Ktravis_time:end:0607a5f0:start=1590371621687689701,finish=1590371621699697436,duration=12007735,event=fix_resolv_conf[0Ktravis_time:start:0dd7c800[0Ktravis_time:end:0dd7c800:start=1590371621705830362,finish=1590371621722765346,duration=16934984,event=fix_etc_hosts[0Ktravis_time:start:227b27a8[0Ktravis_time:start:0dd005ac[0Ktravis_time:end:0dd005ac:start=1590371621764087174,finish=1590371621782446062,duration=18358888,event=no_ipv6_localhost[0Ktravis_time:start:075d9edc[0Ktravis_time:end:075d9edc:start=1590371621788412501,finish=1590371622054024968,duration=265612467,event=fix_etc_mavenrc[0Ktravis_time:start:2aaec16e[0Ktravis_time:end:2aaec16e:start=1590371622060110908,finish=1590371622065862223,duration=5751315,event=fix_wwdr_certificate[0Ktravis_time:start:22bdcdd9[0Ktravis_time:end:22bdcdd9:start=1590371622071035613,finish=1590371622104125796,duration=33090183,event=put_localhost_first[0Ktravis_time:start:075f1990[0Ktravis_time:end:075f1990:start=1590371622109237523,finish=1590371622113937216,duration=4699693,event=home_paths[0Ktravis_time:start:152fe9bc[0Ktravis_time:end:152fe9bc:start=1590371622119323516,finish=1590371622179507214,duration=60183698,event=disable_initramfs[0Ktravis_time:start:1fb908da[0Ktravis_time:end:1fb908da:start=1590371622184338324,finish=1590371622202094960,duration=17756636,event=disable_ssh_roaming[0Ktravis_time:start:2f6f39b0[0Ktravis_time:end:2f6f39b0:start=1590371622207530636,finish=1590371622211513204,duration=3982568,event=debug_tools[0Ktravis_time:start:09451108[0Ktravis_time:end:09451108:start=1590371622217051928,finish=1590371622222476839,duration=5424911,event=uninstall_oclint[0Ktravis_time:start:1635ba81[0Ktravis_time:end:1635ba81:start=1590371622227921713,finish=1590371622234033294,duration=6111581,event=rvm_use[0Ktravis_time:start:16d22718[0Ktravis_time:end:16d22718:start=1590371622239892007,finish=1590371622255399551,duration=15507544,event=rm_etc_boto_cfg[0Ktravis_time:start:0f1748ae[0Ktravis_time:end:0f1748ae:start=1590371622261630888,finish=1590371622266629697,duration=4998809,event=rm_oraclejdk8_symlink[0Ktravis_time:start:04f4d4ac[0Ktravis_time:end:04f4d4ac:start=1590371622272811479,finish=1590371622324843188,duration=52031709,event=enable_i386[0Ktravis_time:start:043e7220[0Ktravis_time:end:043e7220:start=1590371622330918421,finish=1590371622339531395,duration=8612974,event=update_rubygems[0Ktravis_time:start:0a4d9be5[0Ktravis_time:end:0a4d9be5:start=1590371622344857777,finish=1590371622351033949,duration=6176172,event=ensure_path_components[0Ktravis_time:start:2e6f5888[0Ktravis_time:end:2e6f5888:start=1590371622356194587,finish=1590371622360186981,duration=3992394,event=redefine_curl[0Ktravis_time:start:05f95248[0Ktravis_time:end:05f95248:start=1590371622365901111,finish=1590371622369927312,duration=4026201,event=nonblock_pipe[0Ktravis_time:start:1e17b58e[0Ktravis_time:end:1e17b58e:start=1590371622374903669,finish=1590371628088429504,duration=5713525835,event=apt_get_update[0Ktravis_time:start:18c88618[0Ktravis_time:end:18c88618:start=1590371628094788519,finish=1590371628099292383,duration=4503864,event=deprecate_xcode_64[0Ktravis_time:start:1aa754a0[0Ktravis_time:end:1aa754a0:start=1590371628105435322,finish=1590371628112091614,duration=6656292,event=update_heroku[0Ktravis_time:start:312e9ca0[0Ktravis_time:end:312e9ca0:start=1590371628117258245,finish=1590371628121243039,duration=3984794,event=shell_session_update[0Ktravis_time:start:02be0874[0Ktravis_fold:start:docker_mtu[0Ktravis_fold:end:docker_mtu[0Ktravis_time:end:02be0874:start=1590371628126657407,finish=1590371628158647231,duration=31989824,event=set_docker_mtu[0Ktravis_time:start:1546d47a[0Ktravis_time:end:1546d47a:start=1590371628163376695,finish=1590371628176731276,duration=13354581,event=resolvconf[0K
travis_fold:start:install_jdk[0K[33;1mInstalling oraclejdk7[0m
$ jdk_switcher use "oraclejdk7"
Switching to Oracle JDK7 (java-7-oracle), JAVA_HOME will be set to /usr/lib/jvm/java-7-oracle
travis_fold:end:install_jdk[0Ktravis_time:start:3de981c0[0Ktravis_time:end:3de981c0:start=1590371628194338601,finish=1590371628198942901,duration=4604300,event=fix_ps4[0Ktravis_time:start:085f8ae0[0K
$ cd failed/Scout24/deadcode4j

travis_time:end:085f8ae0:start=1590371628204313117,finish=1590371628208931857,duration=4618740,event=checkout[0Ktravis_time:start:2aac7634[0K
[33;1mSetting environment variables from .travis.yml[0m
$ export MVN_VERSION=3.0.5

travis_time:end:2aac7634:start=1590371628214303495,finish=1590371628478794108,duration=264490613,event=env[0Ktravis_fold:start:cache.1[0KSetting up build cache
$ export CASHER_DIR=${TRAVIS_HOME}/.casher
travis_time:start:0eaf2b08[0K$ Installing caching utilities
travis_time:end:0eaf2b08:start=1590371636634456099,finish=1590371639717425031,duration=3082968932,event=setup_casher[0Ktravis_time:start:0a955ee0[0K$ Installing caching utilities from the Travis CI server (https:///files/casher) failed, failing over to using GitHub (https://raw.githubusercontent.com/travis-ci/casher/bash/bin/casher)
travis_time:end:0a955ee0:start=1590371639725926925,finish=1590371639782993325,duration=57066400,event=setup_casher[0Ktravis_time:start:28d544c0[0Ktravis_time:end:28d544c0:start=1590371639792035230,finish=1590371639797788746,duration=5753516,event=setup_casher[0Ktravis_time:start:17eac1ff[0Kattempting to download cache archive[0m
[31;1mcould not download cache[0m
travis_time:end:17eac1ff:start=1590371639805217484,finish=1590371641176662290,duration=1371444806,event=setup_casher[0Ktravis_time:start:0f63df84[0Ktravis_time:end:0f63df84:start=1590371641182846357,finish=1590371641186833197,duration=3986840,event=setup_casher[0Ktravis_time:start:0b264751[0Kadding /home/travis/.m2/repository to cache[0m
travis_time:end:0b264751:start=1590371641192790597,finish=1590371642691134526,duration=1498343929,event=setup_casher[0Ktravis_fold:end:cache.1[0K
$ java -Xmx32m -version
$ javac -J-Xmx32m -version
travis_fold:start:before_install.1[0Ktravis_time:start:08014e7b[0K$ MVN_URL=https://archive.apache.org/dist/maven/maven-3/$MVN_VERSION/binaries/apache-maven-$MVN_VERSION-bin.tar.gz
travis_time:end:08014e7b:start=1590371642952043378,finish=1590371642956479359,duration=4435981,event=before_install[0Ktravis_fold:end:before_install.1[0Ktravis_fold:start:before_install.2[0Ktravis_time:start:0120985f[0K$ wget -q -O /tmp/maven.tar.gz $MVN_URL
travis_time:end:0120985f:start=1590371642962967334,finish=1590371645274656389,duration=2311689055,event=before_install[0Ktravis_fold:end:before_install.2[0Ktravis_fold:start:before_install.3[0Ktravis_time:start:2ed7ca14[0K$ tar xzf /tmp/maven.tar.gz
travis_time:end:2ed7ca14:start=1590371645283249206,finish=1590371645374066865,duration=90817659,event=before_install[0Ktravis_fold:end:before_install.3[0Ktravis_fold:start:before_install.4[0Ktravis_time:start:12a0c1a3[0K$ export M2_HOME=`pwd`/apache-maven-$MVN_VERSION
travis_time:end:12a0c1a3:start=1590371645381314018,finish=1590371645387613365,duration=6299347,event=before_install[0Ktravis_fold:end:before_install.4[0Ktravis_fold:start:before_install.5[0Ktravis_time:start:00b75f13[0K$ export PATH=$M2_HOME/bin:$PATH
travis_time:end:00b75f13:start=1590371645394698913,finish=1590371645398839719,duration=4140806,event=before_install[0Ktravis_fold:end:before_install.5[0Ktravis_fold:start:before_install.6[0Ktravis_time:start:1410a7ac[0K$ export MAVEN_SKIP_RC=true
travis_time:end:1410a7ac:start=1590371645405778944,finish=1590371645411216848,duration=5437904,event=before_install[0Ktravis_fold:end:before_install.6[0Ktravis_fold:start:install.1[0Ktravis_time:start:1a534ccd[0K$ mvn -Dhttps.protocols=TLSv1.2 -Dhttps.protocols=TLSv1.2 -Dhttps.protocols=TLSv1.2 -B -U clean verify org.apache.maven.plugins:maven-war-plugin:2.4:help -Dinvoker.skip=true -Dmaven.main.skip=true -Dmaven.plugin.skip=true -Dmaven.test.skip=true -PenableCoverage,travis
[INFO] Scanning for projects...
[WARNING] 
[WARNING] Some problems were encountered while building the effective model for de.is24.mavenplugins:deadcode4j-maven-plugin:maven-plugin:2.2.0-SNAPSHOT
[WARNING] 'dependencies.dependency.exclusions.exclusion.groupId' for org.hibernate:hibernate-annotations:jar with value '*' does not match a valid id pattern. @ line 1070, column 15
[WARNING] 'dependencies.dependency.exclusions.exclusion.artifactId' for org.hibernate:hibernate-annotations:jar with value '*' does not match a valid id pattern. @ line 1073, column 18
[WARNING] 'dependencies.dependency.exclusions.exclusion.groupId' for org.springframework.data:spring-data-commons:jar with value '*' does not match a valid id pattern. @ line 1094, column 15
[WARNING] 'dependencies.dependency.exclusions.exclusion.artifactId' for org.springframework.data:spring-data-commons:jar with value '*' does not match a valid id pattern. @ line 1097, column 18
[WARNING] 
[WARNING] It is highly recommended to fix these problems because they threaten the stability of your build.
[WARNING] 
[WARNING] For this reason, future Maven versions might no longer support building such malformed projects.
[WARNING] 
Downloading: http://repo.maven.apache.org/maven2/org/apache/maven/plugins/maven-war-plugin/2.4/maven-war-plugin-2.4.pom
[INFO] ------------------------------------------------------------------------
[INFO] BUILD FAILURE
[INFO] ------------------------------------------------------------------------
[INFO] Total time: 0.630s
[INFO] Finished at: Mon May 25 01:54:07 UTC 2020
[INFO] Final Memory: 22M/1963M
[INFO] ------------------------------------------------------------------------
[ERROR] Plugin org.apache.maven.plugins:maven-war-plugin:2.4 or one of its dependencies could not be resolved: Failed to read artifact descriptor for org.apache.maven.plugins:maven-war-plugin:jar:2.4: Could not transfer artifact org.apache.maven.plugins:maven-war-plugin:pom:2.4 from/to central (http://repo.maven.apache.org/maven2): Failed to transfer file: http://repo.maven.apache.org/maven2/org/apache/maven/plugins/maven-war-plugin/2.4/maven-war-plugin-2.4.pom. Return code is: 501 , ReasonPhrase:HTTPS Required. -> [Help 1]
[ERROR] 
[ERROR] To see the full stack trace of the errors, re-run Maven with the -e switch.
[ERROR] Re-run Maven using the -X switch to enable full debug logging.
[ERROR] 
[ERROR] For more information about the errors and possible solutions, please read the following articles:
[ERROR] [Help 1] http://cwiki.apache.org/confluence/display/MAVEN/PluginResolutionException
travis_time:end:1a534ccd:start=1590371645419452969,finish=1590371647345297512,duration=1925844543,event=install[0K[31;1mThe command "mvn -Dhttps.protocols=TLSv1.2 -Dhttps.protocols=TLSv1.2 -Dhttps.protocols=TLSv1.2 -B -U clean verify org.apache.maven.plugins:maven-war-plugin:2.4:help -Dinvoker.skip=true -Dmaven.main.skip=true -Dmaven.plugin.skip=true -Dmaven.test.skip=true -PenableCoverage,travis" failed and exited with 1 during .[0m

Your build has been stopped.
