travis_time:start:13ef1de8[0Ktravis_time:end:13ef1de8:start=1590371800271206314,finish=1590371800418438725,duration=147232411,event=no_world_writable_dirs[0Ktravis_time:start:070d9501[0Ktravis_time:end:070d9501:start=1590371800423733956,finish=1590371800426586570,duration=2852614,event=check_unsupported[0Ktravis_time:start:0a0fec74[0Ktravis_fold:start:system_info[0K[33;1mBuild system information[0m
Build language: java
Build group: stable
Build dist: precise
Build id: ''
Job id: ''
Runtime kernel version: 4.15.0-91-generic
[34m[1mBuild image provisioning date and time[0m
Thu Feb  5 15:09:33 UTC 2015
[34m[1mOperating System Details[0m
Distributor ID:	Ubuntu
Description:	Ubuntu 12.04.5 LTS
Release:	12.04
Codename:	precise
[34m[1mLinux Version[0m
3.13.0-29-generic
[34m[1mCookbooks Version[0m
a68419e https://github.com/travis-ci/travis-cookbooks/tree/a68419e
[34m[1mGCC version[0m
gcc (Ubuntu/Linaro 4.6.3-1ubuntu5) 4.6.3
Copyright (C) 2011 Free Software Foundation, Inc.
This is free software; see the source for copying conditions.  There is NO
warranty; not even for MERCHANTABILITY or FITNESS FOR A PARTICULAR PURPOSE.

[34m[1mLLVM version[0m
clang version 3.4 (tags/RELEASE_34/final)
Target: x86_64-unknown-linux-gnu
Thread model: posix
[34m[1mPre-installed Ruby versions[0m
ruby-1.9.3-p551
[34m[1mPre-installed Node.js versions[0m
v0.10.36
[34m[1mPre-installed Go versions[0m
1.4.1
[34m[1mRedis version[0m
redis-server 2.8.19
[34m[1mriak version[0m
2.0.2
[34m[1mMongoDB version[0m
MongoDB 2.4.12
[34m[1mCouchDB version[0m
couchdb 1.6.1
[34m[1mNeo4j version[0m
1.9.4
[34m[1mRabbitMQ Version[0m
3.4.3
[34m[1mElasticSearch version[0m
1.4.0
[34m[1mInstalled Sphinx versions[0m
2.0.10
2.1.9
2.2.6
[34m[1mDefault Sphinx version[0m
2.2.6
[34m[1mInstalled Firefox version[0m
firefox 31.0esr
[34m[1mPhantomJS version[0m
1.9.8
[34m[1mant -version[0m
Apache Ant(TM) version 1.8.2 compiled on December 3 2011
[34m[1mmvn -version[0m
Apache Maven 3.2.5 (12a6b3acb947671f09b81f49094c53f426d8cea1; 2014-12-14T17:29:23+00:00)
Maven home: /usr/local/maven
Java version: 1.7.0_76, vendor: Oracle Corporation
Java home: /usr/lib/jvm/java-7-oracle/jre
Default locale: en_US, platform encoding: ANSI_X3.4-1968
OS name: "linux", version: "3.13.0-29-generic", arch: "amd64", family: "unix"
travis_fold:end:system_info[0K
travis_time:end:0a0fec74:start=1590371800431283554,finish=1590371800439158859,duration=7875305,event=show_system_info[0Ktravis_time:start:181d3c0c[0Ktravis_time:end:181d3c0c:start=1590371800444515469,finish=1590371800460970617,duration=16455148,event=rm_riak_source[0Ktravis_time:start:27d37520[0Ktravis_time:end:27d37520:start=1590371800466426865,finish=1590371800475065019,duration=8638154,event=fix_rwky_redis[0Ktravis_time:start:22ac4cf0[0K[31;1mTimeout waiting for network availability.[0m
travis_time:end:22ac4cf0:start=1590371800479660986,finish=1590371821174811447,duration=20695150461,event=wait_for_network[0Ktravis_time:start:06a56cf4[0Ktravis_time:end:06a56cf4:start=1590371821181176932,finish=1590371822518524041,duration=1337347109,event=update_apt_keys[0Ktravis_time:start:1070017e[0Ktravis_time:end:1070017e:start=1590371822525096218,finish=1590371822590050370,duration=64954152,event=fix_hhvm_source[0Ktravis_time:start:075201b4[0Ktravis_time:end:075201b4:start=1590371822594529897,finish=1590371822599281920,duration=4752023,event=update_mongo_arch[0Ktravis_time:start:050d08b6[0Ktravis_time:end:050d08b6:start=1590371822604283726,finish=1590371822647045335,duration=42761609,event=fix_sudo_enabled_trusty[0Ktravis_time:start:0ee66ff0[0Ktravis_time:end:0ee66ff0:start=1590371822653545153,finish=1590371822668463980,duration=14918827,event=clean_up_path[0Ktravis_time:start:1dab632e[0Ktravis_time:end:1dab632e:start=1590371822674015465,finish=1590371822686995769,duration=12980304,event=fix_resolv_conf[0Ktravis_time:start:00cc3d92[0Ktravis_time:end:00cc3d92:start=1590371822693010346,finish=1590371822708554773,duration=15544427,event=fix_etc_hosts[0Ktravis_time:start:02a7b280[0Ktravis_time:start:17bc0022[0Ktravis_time:end:17bc0022:start=1590371822931969792,finish=1590371822950210833,duration=18241041,event=no_ipv6_localhost[0Ktravis_time:start:078a5c54[0Ktravis_time:end:078a5c54:start=1590371822956134787,finish=1590371823076311626,duration=120176839,event=fix_etc_mavenrc[0Ktravis_time:start:01f12332[0Ktravis_time:end:01f12332:start=1590371823083464146,finish=1590371823090641678,duration=7177532,event=fix_wwdr_certificate[0Ktravis_time:start:005cda72[0Ktravis_time:end:005cda72:start=1590371823097210204,finish=1590371823135867208,duration=38657004,event=put_localhost_first[0Ktravis_time:start:28b2d0cc[0Ktravis_time:end:28b2d0cc:start=1590371823141924739,finish=1590371823147265333,duration=5340594,event=home_paths[0Ktravis_time:start:15028063[0Ktravis_time:end:15028063:start=1590371823152998414,finish=1590371823220130260,duration=67131846,event=disable_initramfs[0Ktravis_time:start:17047621[0Ktravis_time:end:17047621:start=1590371823224647655,finish=1590371823241598740,duration=16951085,event=disable_ssh_roaming[0Ktravis_time:start:1768bb20[0Ktravis_time:end:1768bb20:start=1590371823246281288,finish=1590371823249609891,duration=3328603,event=debug_tools[0Ktravis_time:start:1860a8d9[0Ktravis_time:end:1860a8d9:start=1590371823254223090,finish=1590371823260495188,duration=6272098,event=uninstall_oclint[0Ktravis_time:start:00ad27da[0Ktravis_time:end:00ad27da:start=1590371823265798303,finish=1590371823271595966,duration=5797663,event=rvm_use[0Ktravis_time:start:1021653c[0Ktravis_time:end:1021653c:start=1590371823277290332,finish=1590371823291775581,duration=14485249,event=rm_etc_boto_cfg[0Ktravis_time:start:13738696[0Ktravis_time:end:13738696:start=1590371823296959485,finish=1590371823301603296,duration=4643811,event=rm_oraclejdk8_symlink[0Ktravis_time:start:044fd08a[0Ktravis_time:end:044fd08a:start=1590371823307965778,finish=1590371823354095150,duration=46129372,event=enable_i386[0Ktravis_time:start:08fc0014[0Ktravis_time:end:08fc0014:start=1590371823361305078,finish=1590371823368688235,duration=7383157,event=update_rubygems[0Ktravis_time:start:23db6efe[0Ktravis_time:end:23db6efe:start=1590371823375538093,finish=1590371823385094570,duration=9556477,event=ensure_path_components[0Ktravis_time:start:02ae5128[0Ktravis_time:end:02ae5128:start=1590371823391791667,finish=1590371823397136117,duration=5344450,event=redefine_curl[0Ktravis_time:start:1cd9ec08[0Ktravis_time:end:1cd9ec08:start=1590371823403520384,finish=1590371823407931426,duration=4411042,event=nonblock_pipe[0Ktravis_time:start:094ea657[0Ktravis_time:end:094ea657:start=1590371823412978420,finish=1590371828877792660,duration=5464814240,event=apt_get_update[0Ktravis_time:start:0106bf39[0Ktravis_time:end:0106bf39:start=1590371828884869677,finish=1590371828890461261,duration=5591584,event=deprecate_xcode_64[0Ktravis_time:start:01442418[0Ktravis_time:end:01442418:start=1590371828896844034,finish=1590371828905074638,duration=8230604,event=update_heroku[0Ktravis_time:start:007fefa2[0Ktravis_time:end:007fefa2:start=1590371828911472327,finish=1590371828915567311,duration=4094984,event=shell_session_update[0Ktravis_time:start:03647ae4[0Ktravis_fold:start:docker_mtu[0Ktravis_fold:end:docker_mtu[0Ktravis_time:end:03647ae4:start=1590371828921931930,finish=1590371828953696761,duration=31764831,event=set_docker_mtu[0Ktravis_time:start:0134c8ca[0Ktravis_time:end:0134c8ca:start=1590371828958861691,finish=1590371828973764609,duration=14902918,event=resolvconf[0K
travis_fold:start:install_jdk[0K[33;1mInstalling oraclejdk8[0m
$ jdk_switcher use "oraclejdk8"
Switching to Oracle JDK8 (java-8-oracle), JAVA_HOME will be set to /usr/lib/jvm/java-8-oracle
travis_fold:end:install_jdk[0Ktravis_time:start:03a05f75[0Ktravis_time:end:03a05f75:start=1590371828995358710,finish=1590371828999862221,duration=4503511,event=fix_ps4[0Ktravis_time:start:1f465ce8[0K
$ cd passed/Scout24/deadcode4j

travis_time:end:1f465ce8:start=1590371829006943949,finish=1590371829011678453,duration=4734504,event=checkout[0Ktravis_time:start:2d73f9f8[0K
[33;1mSetting environment variables from .travis.yml[0m
$ export MVN_VERSION=3.1.1

travis_time:end:2d73f9f8:start=1590371829017412800,finish=1590371829460753109,duration=443340309,event=env[0Ktravis_fold:start:cache.1[0KSetting up build cache
$ export CASHER_DIR=${TRAVIS_HOME}/.casher
travis_time:start:3034f8ec[0K$ Installing caching utilities
travis_time:end:3034f8ec:start=1590371836730218866,finish=1590371839811544233,duration=3081325367,event=setup_casher[0Ktravis_time:start:294b2eb8[0K$ Installing caching utilities from the Travis CI server (https:///files/casher) failed, failing over to using GitHub (https://raw.githubusercontent.com/travis-ci/casher/bash/bin/casher)
travis_time:end:294b2eb8:start=1590371839819549063,finish=1590371839893065263,duration=73516200,event=setup_casher[0Ktravis_time:start:0b4543d2[0Ktravis_time:end:0b4543d2:start=1590371839903825354,finish=1590371839910460842,duration=6635488,event=setup_casher[0Ktravis_time:start:0bedc04b[0Kattempting to download cache archive[0m
[31;1mcould not download cache[0m
travis_time:end:0bedc04b:start=1590371839918285116,finish=1590371841316370628,duration=1398085512,event=setup_casher[0Ktravis_time:start:14947690[0Ktravis_time:end:14947690:start=1590371841322993467,finish=1590371841327957931,duration=4964464,event=setup_casher[0Ktravis_time:start:0149a3ea[0Kadding /home/travis/.m2/repository to cache[0m
travis_time:end:0149a3ea:start=1590371841334044171,finish=1590371842870746816,duration=1536702645,event=setup_casher[0Ktravis_fold:end:cache.1[0K
$ java -Xmx32m -version
$ javac -J-Xmx32m -version
travis_fold:start:before_install.1[0Ktravis_time:start:31e21840[0K$ MVN_URL=https://archive.apache.org/dist/maven/maven-3/$MVN_VERSION/binaries/apache-maven-$MVN_VERSION-bin.tar.gz
travis_time:end:31e21840:start=1590371843183415109,finish=1590371843187630521,duration=4215412,event=before_install[0Ktravis_fold:end:before_install.1[0Ktravis_fold:start:before_install.2[0Ktravis_time:start:063ef622[0K$ wget -q -O /tmp/maven.tar.gz $MVN_URL
travis_time:end:063ef622:start=1590371843194108973,finish=1590371845257247081,duration=2063138108,event=before_install[0Ktravis_fold:end:before_install.2[0Ktravis_fold:start:before_install.3[0Ktravis_time:start:1a3c035e[0K$ tar xzf /tmp/maven.tar.gz
travis_time:end:1a3c035e:start=1590371845264051694,finish=1590371845351406739,duration=87355045,event=before_install[0Ktravis_fold:end:before_install.3[0Ktravis_fold:start:before_install.4[0Ktravis_time:start:00058168[0K$ export M2_HOME=`pwd`/apache-maven-$MVN_VERSION
travis_time:end:00058168:start=1590371845359354035,finish=1590371845366720233,duration=7366198,event=before_install[0Ktravis_fold:end:before_install.4[0Ktravis_fold:start:before_install.5[0Ktravis_time:start:116bb81b[0K$ export PATH=$M2_HOME/bin:$PATH
travis_time:end:116bb81b:start=1590371845374309355,finish=1590371845380000826,duration=5691471,event=before_install[0Ktravis_fold:end:before_install.5[0Ktravis_fold:start:before_install.6[0Ktravis_time:start:13971c57[0K$ export MAVEN_SKIP_RC=true
travis_time:end:13971c57:start=1590371845387726408,finish=1590371845393892513,duration=6166105,event=before_install[0Ktravis_fold:end:before_install.6[0Ktravis_fold:start:install.1[0Ktravis_time:start:20041d14[0K$ mvn -Dhttps.protocols=TLSv1.2 -Dhttps.protocols=TLSv1.2 -B -U clean verify org.apache.maven.plugins:maven-war-plugin:2.4:help -Dinvoker.skip=true -Dmaven.main.skip=true -Dmaven.plugin.skip=true -Dmaven.test.skip=true -PenableCoverage,travis
[INFO] Scanning for projects...
[WARNING] 
[WARNING] Some problems were encountered while building the effective model for de.is24.mavenplugins:deadcode4j-maven-plugin:maven-plugin:2.2.0-SNAPSHOT
[WARNING] 'dependencies.dependency.exclusions.exclusion.groupId' for org.hibernate:hibernate-annotations:jar with value '*' does not match a valid id pattern. @ line 1070, column 15
[WARNING] 'dependencies.dependency.exclusions.exclusion.artifactId' for org.hibernate:hibernate-annotations:jar with value '*' does not match a valid id pattern. @ line 1073, column 18
[WARNING] 'dependencies.dependency.exclusions.exclusion.groupId' for org.springframework.data:spring-data-commons:jar with value '*' does not match a valid id pattern. @ line 1094, column 15
[WARNING] 'dependencies.dependency.exclusions.exclusion.artifactId' for org.springframework.data:spring-data-commons:jar with value '*' does not match a valid id pattern. @ line 1097, column 18
[WARNING] 
[WARNING] It is highly recommended to fix these problems because they threaten the stability of your build.
[WARNING] 
[WARNING] For this reason, future Maven versions might no longer support building such malformed projects.
[WARNING] 
[INFO] Downloading: http://repo.maven.apache.org/maven2/org/apache/maven/plugins/maven-war-plugin/2.4/maven-war-plugin-2.4.pom
[INFO] ------------------------------------------------------------------------
[INFO] BUILD FAILURE
[INFO] ------------------------------------------------------------------------
[INFO] Total time: 0.485s
[INFO] Finished at: Mon May 25 01:57:26 UTC 2020
[INFO] Final Memory: 23M/1963M
[INFO] ------------------------------------------------------------------------
[ERROR] Plugin org.apache.maven.plugins:maven-war-plugin:2.4 or one of its dependencies could not be resolved: Failed to read artifact descriptor for org.apache.maven.plugins:maven-war-plugin:jar:2.4: Could not transfer artifact org.apache.maven.plugins:maven-war-plugin:pom:2.4 from/to central (http://repo.maven.apache.org/maven2): Failed to transfer file: http://repo.maven.apache.org/maven2/org/apache/maven/plugins/maven-war-plugin/2.4/maven-war-plugin-2.4.pom. Return code is: 501 , ReasonPhrase:HTTPS Required. -> [Help 1]
[ERROR] 
[ERROR] To see the full stack trace of the errors, re-run Maven with the -e switch.
[ERROR] Re-run Maven using the -X switch to enable full debug logging.
[ERROR] 
[ERROR] For more information about the errors and possible solutions, please read the following articles:
[ERROR] [Help 1] http://cwiki.apache.org/confluence/display/MAVEN/PluginResolutionException
travis_time:end:20041d14:start=1590371845403222878,finish=1590371847071109056,duration=1667886178,event=install[0K[31;1mThe command "mvn -Dhttps.protocols=TLSv1.2 -Dhttps.protocols=TLSv1.2 -B -U clean verify org.apache.maven.plugins:maven-war-plugin:2.4:help -Dinvoker.skip=true -Dmaven.main.skip=true -Dmaven.plugin.skip=true -Dmaven.test.skip=true -PenableCoverage,travis" failed and exited with 1 during .[0m

Your build has been stopped.
