travis_time:start:033ad740[0Ktravis_time:end:033ad740:start=1598084855244038840,finish=1598084855387844954,duration=143806114,event=no_world_writable_dirs[0Ktravis_time:start:31275350[0Ktravis_time:end:31275350:start=1598084855394032961,finish=1598084855398358502,duration=4325541,event=check_unsupported[0Ktravis_time:start:009d3344[0Ktravis_fold:start:system_info[0K[33;1mBuild system information[0m
Build language: java
Build group: stable
Build dist: precise
Build id: ''
Job id: ''
Runtime kernel version: 4.15.0-109-generic
[34m[1mBuild image provisioning date and time[0m
Thu Feb  5 15:09:33 UTC 2015
[34m[1mOperating System Details[0m
Distributor ID:	Ubuntu
Description:	Ubuntu 12.04.5 LTS
Release:	12.04
Codename:	precise
[34m[1mLinux Version[0m
3.13.0-29-generic
[34m[1mCookbooks Version[0m
a68419e https://github.com/travis-ci/travis-cookbooks/tree/a68419e
[34m[1mGCC version[0m
gcc (Ubuntu/Linaro 4.6.3-1ubuntu5) 4.6.3
Copyright (C) 2011 Free Software Foundation, Inc.
This is free software; see the source for copying conditions.  There is NO
warranty; not even for MERCHANTABILITY or FITNESS FOR A PARTICULAR PURPOSE.

[34m[1mLLVM version[0m
clang version 3.4 (tags/RELEASE_34/final)
Target: x86_64-unknown-linux-gnu
Thread model: posix
[34m[1mPre-installed Ruby versions[0m
ruby-1.9.3-p551
[34m[1mPre-installed Node.js versions[0m
v0.10.36
[34m[1mPre-installed Go versions[0m
1.4.1
[34m[1mRedis version[0m
redis-server 2.8.19
[34m[1mriak version[0m
2.0.2
[34m[1mMongoDB version[0m
MongoDB 2.4.12
[34m[1mCouchDB version[0m
couchdb 1.6.1
[34m[1mNeo4j version[0m
1.9.4
[34m[1mRabbitMQ Version[0m
3.4.3
[34m[1mElasticSearch version[0m
1.4.0
[34m[1mInstalled Sphinx versions[0m
2.0.10
2.1.9
2.2.6
[34m[1mDefault Sphinx version[0m
2.2.6
[34m[1mInstalled Firefox version[0m
firefox 31.0esr
[34m[1mPhantomJS version[0m
1.9.8
[34m[1mant -version[0m
Apache Ant(TM) version 1.8.2 compiled on December 3 2011
[34m[1mmvn -version[0m
Apache Maven 3.2.5 (12a6b3acb947671f09b81f49094c53f426d8cea1; 2014-12-14T17:29:23+00:00)
Maven home: /usr/local/maven
Java version: 1.7.0_76, vendor: Oracle Corporation
Java home: /usr/lib/jvm/java-7-oracle/jre
Default locale: en_US, platform encoding: ANSI_X3.4-1968
OS name: "linux", version: "3.13.0-29-generic", arch: "amd64", family: "unix"
travis_fold:end:system_info[0K
travis_time:end:009d3344:start=1598084855404478974,finish=1598084855412873970,duration=8394996,event=show_system_info[0Ktravis_time:start:1aafd2c6[0Ktravis_time:end:1aafd2c6:start=1598084855419499138,finish=1598084855436789423,duration=17290285,event=rm_riak_source[0Ktravis_time:start:01388990[0Ktravis_time:end:01388990:start=1598084855443117613,finish=1598084855454381638,duration=11264025,event=fix_rwky_redis[0Ktravis_time:start:02689ac7[0K[31;1mTimeout waiting for network availability.[0m
travis_time:end:02689ac7:start=1598084855461048659,finish=1598084876160129372,duration=20699080713,event=wait_for_network[0Ktravis_time:start:06e3f724[0Ktravis_time:end:06e3f724:start=1598084876166915806,finish=1598084877044856365,duration=877940559,event=update_apt_keys[0Ktravis_time:start:040bbf88[0Ktravis_time:end:040bbf88:start=1598084877050146592,finish=1598084877104703656,duration=54557064,event=fix_hhvm_source[0Ktravis_time:start:1abf3b40[0Ktravis_time:end:1abf3b40:start=1598084877110182617,finish=1598084877115193725,duration=5011108,event=update_mongo_arch[0Ktravis_time:start:32968fc8[0Ktravis_time:end:32968fc8:start=1598084877120671379,finish=1598084877166299603,duration=45628224,event=fix_sudo_enabled_trusty[0Ktravis_time:start:198a2210[0Ktravis_time:end:198a2210:start=1598084877171376274,finish=1598084877185349156,duration=13972882,event=clean_up_path[0Ktravis_time:start:0db98162[0Ktravis_time:end:0db98162:start=1598084877191116974,finish=1598084877204739383,duration=13622409,event=fix_resolv_conf[0Ktravis_time:start:11a90d3e[0Ktravis_time:end:11a90d3e:start=1598084877210799660,finish=1598084877226885726,duration=16086066,event=fix_etc_hosts[0Ktravis_time:start:07903225[0Ktravis_time:end:07903225:start=1598084877232349584,finish=1598084877330962484,duration=98612900,event=fix_mvn_settings_xml[0Ktravis_time:start:0b68c83b[0Ktravis_time:end:0b68c83b:start=1598084877337267830,finish=1598084877353777012,duration=16509182,event=no_ipv6_localhost[0Ktravis_time:start:06a6a190[0Ktravis_time:end:06a6a190:start=1598084877359232468,finish=1598084877407735792,duration=48503324,event=fix_etc_mavenrc[0Ktravis_time:start:0438613f[0Ktravis_time:end:0438613f:start=1598084877414188654,finish=1598084877420021065,duration=5832411,event=fix_wwdr_certificate[0Ktravis_time:start:212b9ed7[0Ktravis_time:end:212b9ed7:start=1598084877425465532,finish=1598084877466188984,duration=40723452,event=put_localhost_first[0Ktravis_time:start:0717a311[0Ktravis_time:end:0717a311:start=1598084877471934977,finish=1598084877476610703,duration=4675726,event=home_paths[0Ktravis_time:start:046b5dc9[0Ktravis_time:end:046b5dc9:start=1598084877482223965,finish=1598084877509950956,duration=27726991,event=disable_initramfs[0Ktravis_time:start:06d895b8[0Ktravis_time:end:06d895b8:start=1598084877516310753,finish=1598084877535936351,duration=19625598,event=disable_ssh_roaming[0Ktravis_time:start:0b008aac[0Ktravis_time:end:0b008aac:start=1598084877541274615,finish=1598084877545289484,duration=4014869,event=debug_tools[0Ktravis_time:start:0108b508[0Ktravis_time:end:0108b508:start=1598084877550800648,finish=1598084877556401153,duration=5600505,event=uninstall_oclint[0Ktravis_time:start:2b76ba5f[0Ktravis_time:end:2b76ba5f:start=1598084877561577886,finish=1598084877567100669,duration=5522783,event=rvm_use[0Ktravis_time:start:0f33ffc1[0Ktravis_time:end:0f33ffc1:start=1598084877572529290,finish=1598084877585579063,duration=13049773,event=rm_etc_boto_cfg[0Ktravis_time:start:08a394e1[0Ktravis_time:end:08a394e1:start=1598084877591289518,finish=1598084877595543385,duration=4253867,event=rm_oraclejdk8_symlink[0Ktravis_time:start:081857e7[0Ktravis_time:end:081857e7:start=1598084877601435339,finish=1598084877646009214,duration=44573875,event=enable_i386[0Ktravis_time:start:21a024b8[0Ktravis_time:end:21a024b8:start=1598084877652001850,finish=1598084877658954076,duration=6952226,event=update_rubygems[0Ktravis_time:start:034cf124[0Ktravis_time:end:034cf124:start=1598084877664746624,finish=1598084877672569851,duration=7823227,event=ensure_path_components[0Ktravis_time:start:05bd3780[0Ktravis_time:end:05bd3780:start=1598084877678228741,finish=1598084877682398796,duration=4170055,event=redefine_curl[0Ktravis_time:start:0e1384fc[0Ktravis_time:end:0e1384fc:start=1598084877687572951,finish=1598084877691640545,duration=4067594,event=nonblock_pipe[0Ktravis_time:start:15446dc0[0Ktravis_time:end:15446dc0:start=1598084877697376997,finish=1598084882895919580,duration=5198542583,event=apt_get_update[0Ktravis_time:start:004c4c1d[0Ktravis_time:end:004c4c1d:start=1598084882902954711,finish=1598084882907850317,duration=4895606,event=deprecate_xcode_64[0Ktravis_time:start:0953a802[0Ktravis_time:end:0953a802:start=1598084882914584715,finish=1598084882922795263,duration=8210548,event=update_heroku[0Ktravis_time:start:032fb4a6[0Ktravis_time:end:032fb4a6:start=1598084882929745099,finish=1598084882934292429,duration=4547330,event=shell_session_update[0Ktravis_time:start:03256490[0Ktravis_fold:start:docker_mtu[0Ktravis_fold:end:docker_mtu[0Ktravis_time:end:03256490:start=1598084882940510939,finish=1598084882976870977,duration=36360038,event=set_docker_mtu[0Ktravis_time:start:1db43e54[0Ktravis_time:end:1db43e54:start=1598084882983112314,finish=1598084882999741129,duration=16628815,event=resolvconf[0K
travis_fold:start:install_jdk[0K[33;1mInstalling openjdk6[0m
$ jdk_switcher use "openjdk6"
Switching to OpenJDK6 (java-1.6.0-openjdk-amd64), JAVA_HOME will be set to /usr/lib/jvm/java-6-openjdk-amd64
travis_fold:end:install_jdk[0Ktravis_time:start:185552c1[0Ktravis_time:end:185552c1:start=1598084883021949693,finish=1598084883026525741,duration=4576048,event=fix_ps4[0Ktravis_time:start:030fbc20[0K
$ cd passed/Scout24/deadcode4j

travis_time:end:030fbc20:start=1598084883033050880,finish=1598084883038859604,duration=5808724,event=checkout[0Ktravis_time:start:07c45d94[0K
[33;1mSetting environment variables from .travis.yml[0m
$ export MVN_VERSION=3.2.5

travis_time:end:07c45d94:start=1598084883045709496,finish=1598084883199914640,duration=154205144,event=env[0Ktravis_fold:start:cache.1[0KSetting up build cache
$ export CASHER_DIR=${TRAVIS_HOME}/.casher
travis_time:start:1297d994[0K$ Installing caching utilities
travis_time:end:1297d994:start=1598084890230793619,finish=1598084893313892969,duration=3083099350,event=setup_casher[0Ktravis_time:start:04b9b7f2[0K$ Installing caching utilities from the Travis CI server (https:///files/casher) failed, failing over to using GitHub (https://raw.githubusercontent.com/travis-ci/casher/bash/bin/casher)
travis_time:end:04b9b7f2:start=1598084893322017186,finish=1598084893380550581,duration=58533395,event=setup_casher[0Ktravis_time:start:02979f4e[0Ktravis_time:end:02979f4e:start=1598084893390490647,finish=1598084893395697420,duration=5206773,event=setup_casher[0Ktravis_time:start:2348edfc[0Kattempting to download cache archive[0m
[31;1mcould not download cache[0m
travis_time:end:2348edfc:start=1598084893403408933,finish=1598084894775186224,duration=1371777291,event=setup_casher[0Ktravis_time:start:00d8238b[0Ktravis_time:end:00d8238b:start=1598084894782629489,finish=1598084894787835557,duration=5206068,event=setup_casher[0Ktravis_time:start:1bf41f8e[0Kadding /home/travis/.m2/repository to cache[0m
travis_time:end:1bf41f8e:start=1598084894794282095,finish=1598084896277002200,duration=1482720105,event=setup_casher[0Ktravis_fold:end:cache.1[0K
$ java -Xmx32m -version
$ javac -J-Xmx32m -version
travis_fold:start:before_install.1[0Ktravis_time:start:13648abc[0K$ MVN_URL=https://archive.apache.org/dist/maven/maven-3/$MVN_VERSION/binaries/apache-maven-$MVN_VERSION-bin.tar.gz
travis_time:end:13648abc:start=1598084896553746923,finish=1598084896559738864,duration=5991941,event=before_install[0Ktravis_fold:end:before_install.1[0Ktravis_fold:start:before_install.2[0Ktravis_time:start:127afc70[0K$ wget -q -O /tmp/maven.tar.gz $MVN_URL
travis_time:end:127afc70:start=1598084896568447667,finish=1598084898763817135,duration=2195369468,event=before_install[0Ktravis_fold:end:before_install.2[0Ktravis_fold:start:before_install.3[0Ktravis_time:start:16b1d94f[0K$ tar xzf /tmp/maven.tar.gz
travis_time:end:16b1d94f:start=1598084898772238977,finish=1598084898883845063,duration=111606086,event=before_install[0Ktravis_fold:end:before_install.3[0Ktravis_fold:start:before_install.4[0Ktravis_time:start:091eb780[0K$ export M2_HOME=`pwd`/apache-maven-$MVN_VERSION
travis_time:end:091eb780:start=1598084898890629956,finish=1598084898897818961,duration=7189005,event=before_install[0Ktravis_fold:end:before_install.4[0Ktravis_fold:start:before_install.5[0Ktravis_time:start:03ae6307[0K$ export PATH=$M2_HOME/bin:$PATH
travis_time:end:03ae6307:start=1598084898905549860,finish=1598084898911227504,duration=5677644,event=before_install[0Ktravis_fold:end:before_install.5[0Ktravis_fold:start:before_install.6[0Ktravis_time:start:02a83f9a[0K$ export MAVEN_SKIP_RC=true
travis_time:end:02a83f9a:start=1598084898918817562,finish=1598084898924000943,duration=5183381,event=before_install[0Ktravis_fold:end:before_install.6[0Ktravis_fold:start:install.1[0Ktravis_time:start:0469f254[0K$ mvn -B -U clean verify org.apache.maven.plugins:maven-war-plugin:2.4:help -Dinvoker.skip=true -Dmaven.main.skip=true -Dmaven.plugin.skip=true -Dmaven.test.skip=true -PenableCoverage,travis
[INFO] Scanning for projects...
[INFO] Downloading: https://repo.maven.apache.org/maven2/org/apache/maven/plugins/maven-war-plugin/2.4/maven-war-plugin-2.4.pom
[INFO] ------------------------------------------------------------------------
[INFO] BUILD FAILURE
[INFO] ------------------------------------------------------------------------
[INFO] Total time: 0.638 s
[INFO] Finished at: 2020-08-22T08:28:20+00:00
[INFO] Final Memory: 15M/1962M
[INFO] ------------------------------------------------------------------------
[ERROR] Plugin org.apache.maven.plugins:maven-war-plugin:2.4 or one of its dependencies could not be resolved: Failed to read artifact descriptor for org.apache.maven.plugins:maven-war-plugin:jar:2.4: Could not transfer artifact org.apache.maven.plugins:maven-war-plugin:pom:2.4 from/to central (https://repo.maven.apache.org/maven2): Received fatal alert: protocol_version -> [Help 1]
[ERROR] 
[ERROR] To see the full stack trace of the errors, re-run Maven with the -e switch.
[ERROR] Re-run Maven using the -X switch to enable full debug logging.
[ERROR] 
[ERROR] For more information about the errors and possible solutions, please read the following articles:
[ERROR] [Help 1] http://cwiki.apache.org/confluence/display/MAVEN/PluginResolutionException
travis_time:end:0469f254:start=1598084898931323205,finish=1598084900847379506,duration=1916056301,event=install[0K[31;1mThe command "mvn -B -U clean verify org.apache.maven.plugins:maven-war-plugin:2.4:help -Dinvoker.skip=true -Dmaven.main.skip=true -Dmaven.plugin.skip=true -Dmaven.test.skip=true -PenableCoverage,travis" failed and exited with 1 during .[0m

Your build has been stopped.
