travis_time:start:019f44c8[0Ktravis_time:end:019f44c8:start=1639260583030079195,finish=1639260583193857470,duration=163778275,event=no_world_writable_dirs[0Ktravis_time:start:0c78aa22[0Ktravis_time:end:0c78aa22:start=1639260583200354664,finish=1639260583204698285,duration=4343621,event=check_unsupported[0Ktravis_time:start:11cd4617[0Ktravis_fold:start:system_info[0K[33;1mBuild system information[0m
Build language: java
Build group: stable
Build dist: precise
Build id: ''
Job id: ''
Runtime kernel version: 4.15.0-109-generic
[34m[1mBuild image provisioning date and time[0m
Thu Feb  5 15:09:33 UTC 2015
[34m[1mOperating System Details[0m
Distributor ID:	Ubuntu
Description:	Ubuntu 12.04.5 LTS
Release:	12.04
Codename:	precise
[34m[1mLinux Version[0m
3.13.0-29-generic
[34m[1mCookbooks Version[0m
a68419e https://github.com/travis-ci/travis-cookbooks/tree/a68419e
[34m[1mGCC version[0m
gcc (Ubuntu/Linaro 4.6.3-1ubuntu5) 4.6.3
Copyright (C) 2011 Free Software Foundation, Inc.
This is free software; see the source for copying conditions.  There is NO
warranty; not even for MERCHANTABILITY or FITNESS FOR A PARTICULAR PURPOSE.

[34m[1mLLVM version[0m
clang version 3.4 (tags/RELEASE_34/final)
Target: x86_64-unknown-linux-gnu
Thread model: posix
[34m[1mPre-installed Ruby versions[0m
ruby-1.9.3-p551
[34m[1mPre-installed Node.js versions[0m
v0.10.36
[34m[1mPre-installed Go versions[0m
1.4.1
[34m[1mRedis version[0m
redis-server 2.8.19
[34m[1mriak version[0m
2.0.2
[34m[1mMongoDB version[0m
MongoDB 2.4.12
[34m[1mCouchDB version[0m
couchdb 1.6.1
[34m[1mNeo4j version[0m
1.9.4
[34m[1mRabbitMQ Version[0m
3.4.3
[34m[1mElasticSearch version[0m
1.4.0
[34m[1mInstalled Sphinx versions[0m
2.0.10
2.1.9
2.2.6
[34m[1mDefault Sphinx version[0m
2.2.6
[34m[1mInstalled Firefox version[0m
firefox 31.0esr
[34m[1mPhantomJS version[0m
1.9.8
[34m[1mant -version[0m
Apache Ant(TM) version 1.8.2 compiled on December 3 2011
[34m[1mmvn -version[0m
Apache Maven 3.2.5 (12a6b3acb947671f09b81f49094c53f426d8cea1; 2014-12-14T17:29:23+00:00)
Maven home: /usr/local/maven
Java version: 1.7.0_76, vendor: Oracle Corporation
Java home: /usr/lib/jvm/java-7-oracle/jre
Default locale: en_US, platform encoding: ANSI_X3.4-1968
OS name: "linux", version: "3.13.0-29-generic", arch: "amd64", family: "unix"
travis_fold:end:system_info[0K
travis_time:end:11cd4617:start=1639260583211088528,finish=1639260583219984459,duration=8895931,event=show_system_info[0Ktravis_time:start:15d911a8[0Ktravis_time:end:15d911a8:start=1639260583226868548,finish=1639260583244788468,duration=17919920,event=rm_riak_source[0Ktravis_time:start:0f777ee2[0Ktravis_time:end:0f777ee2:start=1639260583250548963,finish=1639260583260543489,duration=9994526,event=fix_rwky_redis[0Ktravis_time:start:01362504[0K[31;1mTimeout waiting for network availability.[0m
travis_time:end:01362504:start=1639260583265941635,finish=1639260603979134729,duration=20713193094,event=wait_for_network[0Ktravis_time:start:039ac35e[0Ktravis_time:end:039ac35e:start=1639260603985136159,finish=1639260607157478389,duration=3172342230,event=update_apt_keys[0Ktravis_time:start:008590d0[0Ktravis_time:end:008590d0:start=1639260607163222051,finish=1639260607421977852,duration=258755801,event=fix_hhvm_source[0Ktravis_time:start:012b8c5a[0Ktravis_time:end:012b8c5a:start=1639260607429166477,finish=1639260607435910810,duration=6744333,event=update_mongo_arch[0Ktravis_time:start:3345a828[0Ktravis_time:end:3345a828:start=1639260607442711310,finish=1639260607487452533,duration=44741223,event=fix_sudo_enabled_trusty[0Ktravis_time:start:01268a04[0Ktravis_time:end:01268a04:start=1639260607494339043,finish=1639260607508910319,duration=14571276,event=clean_up_path[0Ktravis_time:start:013d179e[0Ktravis_time:end:013d179e:start=1639260607514558380,finish=1639260607528309646,duration=13751266,event=fix_resolv_conf[0Ktravis_time:start:040360ed[0Ktravis_time:end:040360ed:start=1639260607533483224,finish=1639260607548955573,duration=15472349,event=fix_etc_hosts[0Ktravis_time:start:02eec08c[0Ktravis_time:end:02eec08c:start=1639260607554730868,finish=1639260607569723545,duration=14992677,event=fix_mvn_settings_xml[0Ktravis_time:start:04ead3f4[0Ktravis_time:end:04ead3f4:start=1639260607576378932,finish=1639260607750308825,duration=173929893,event=no_ipv6_localhost[0Ktravis_time:start:367b6996[0Ktravis_time:end:367b6996:start=1639260607757877213,finish=1639260608421487513,duration=663610300,event=fix_etc_mavenrc[0Ktravis_time:start:02f9001c[0Ktravis_time:end:02f9001c:start=1639260608428369270,finish=1639260608434887134,duration=6517864,event=fix_wwdr_certificate[0Ktravis_time:start:04385a60[0Ktravis_time:end:04385a60:start=1639260608441441197,finish=1639260608481153623,duration=39712426,event=put_localhost_first[0Ktravis_time:start:016d6f38[0Ktravis_time:end:016d6f38:start=1639260608487224420,finish=1639260608492300893,duration=5076473,event=home_paths[0Ktravis_time:start:05fd7620[0Ktravis_time:end:05fd7620:start=1639260608499036246,finish=1639260609279083207,duration=780046961,event=disable_initramfs[0Ktravis_time:start:0b8d7468[0Ktravis_time:end:0b8d7468:start=1639260609286489442,finish=1639260609888720363,duration=602230921,event=disable_ssh_roaming[0Ktravis_time:start:0b76359d[0Ktravis_time:end:0b76359d:start=1639260609894635465,finish=1639260609898844425,duration=4208960,event=debug_tools[0Ktravis_time:start:0d23368c[0Ktravis_time:end:0d23368c:start=1639260609905488712,finish=1639260609911578962,duration=6090250,event=uninstall_oclint[0Ktravis_time:start:1dc0ab95[0Ktravis_time:end:1dc0ab95:start=1639260609917098407,finish=1639260609922610737,duration=5512330,event=rvm_use[0Ktravis_time:start:0114c798[0Ktravis_time:end:0114c798:start=1639260609928103047,finish=1639260609941869795,duration=13766748,event=rm_etc_boto_cfg[0Ktravis_time:start:0c28892a[0Ktravis_time:end:0c28892a:start=1639260609947967930,finish=1639260609952669164,duration=4701234,event=rm_oraclejdk8_symlink[0Ktravis_time:start:1666cc62[0Ktravis_time:end:1666cc62:start=1639260609959225852,finish=1639260610006735261,duration=47509409,event=enable_i386[0Ktravis_time:start:28e517b0[0Ktravis_time:end:28e517b0:start=1639260610013541375,finish=1639260610291534284,duration=277992909,event=update_rubygems[0Ktravis_time:start:0af20d02[0Ktravis_time:end:0af20d02:start=1639260610297864871,finish=1639260610308893255,duration=11028384,event=ensure_path_components[0Ktravis_time:start:04d7d710[0Ktravis_time:end:04d7d710:start=1639260610316424317,finish=1639260610321957529,duration=5533212,event=redefine_curl[0Ktravis_time:start:1bac7d80[0Ktravis_time:end:1bac7d80:start=1639260610329151801,finish=1639260610334635835,duration=5484034,event=nonblock_pipe[0Ktravis_time:start:13faf92e[0Ktravis_time:end:13faf92e:start=1639260610342078501,finish=1639260613521228314,duration=3179149813,event=apt_get_update[0Ktravis_time:start:043539b4[0Ktravis_time:end:043539b4:start=1639260613528601386,finish=1639260613533541016,duration=4939630,event=deprecate_xcode_64[0Ktravis_time:start:1009cb1e[0Ktravis_time:end:1009cb1e:start=1639260613540180806,finish=1639260613549173099,duration=8992293,event=update_heroku[0Ktravis_time:start:24cff930[0Ktravis_time:end:24cff930:start=1639260613555350433,finish=1639260613560187289,duration=4836856,event=shell_session_update[0Ktravis_time:start:1034543a[0Ktravis_fold:start:docker_mtu[0Ktee: /etc/docker/daemon.json: No such file or directory
docker: unrecognized service
travis_fold:end:docker_mtu[0Ktravis_time:end:1034543a:start=1639260613566073306,finish=1639260613598382711,duration=32309405,event=set_docker_mtu[0Ktravis_time:start:121d580d[0Ktravis_time:end:121d580d:start=1639260613604620731,finish=1639260613622564739,duration=17944008,event=resolvconf[0K
travis_fold:start:install_jdk[0K[33;1mInstalling oraclejdk8[0m
$ jdk_switcher use "oraclejdk8"
Switching to Oracle JDK8 (java-8-oracle), JAVA_HOME will be set to /usr/lib/jvm/java-8-oracle
travis_fold:end:install_jdk[0Ktravis_time:start:1a29820a[0Ktravis_time:end:1a29820a:start=1639260613643906269,finish=1639260613648642108,duration=4735839,event=fix_ps4[0Ktravis_time:start:00b7c0ce[0K
$ cd failed/eclipse/golo-lang

travis_time:end:00b7c0ce:start=1639260613654804312,finish=1639260613660549818,duration=5745506,event=checkout[0Ktravis_time:start:05f9fe4d[0Ktravis_time:end:05f9fe4d:start=1639260613667008586,finish=1639260614046996616,duration=379988030,event=env[0K$ export TERM=dumb
$ java -Xmx32m -version
java version "1.8.0_31"
Java(TM) SE Runtime Environment (build 1.8.0_31-b13)
Java HotSpot(TM) 64-Bit Server VM (build 25.31-b07, mixed mode)
$ javac -J-Xmx32m -version
javac 1.8.0_31
travis_fold:start:install[0Ktravis_time:start:11f88d40[0K$ ./gradlew assemble
[versioning] WARNING - the working copy has unstaged or uncommitted changes.
:asciidoctor UP-TO-DATE
:compileJjtree UP-TO-DATE
:compileJavacc UP-TO-DATE
:compileJava UP-TO-DATE
:processResources UP-TO-DATE
:goloc UP-TO-DATE
:classes UP-TO-DATE
:golodoc UP-TO-DATE
:jar UP-TO-DATE
:vanillaScripts UP-TO-DATE
:startScripts UP-TO-DATE
:distTar UP-TO-DATE
:distZip UP-TO-DATE
:assemble UP-TO-DATE

BUILD SUCCESSFUL

Total time: 1 mins 1.739 secs
travis_time:end:11f88d40:start=1639260617568661312,finish=1639260680081848311,duration=62513186999,event=install[0Ktravis_fold:end:install[0Ktravis_time:start:01d45dc6[0K$ ./gradlew check
[versioning] WARNING - the working copy has unstaged or uncommitted changes.
:compileJjtree UP-TO-DATE
:compileJavacc UP-TO-DATE
:compileJava UP-TO-DATE
:processResources UP-TO-DATE
:goloc UP-TO-DATE
:classes UP-TO-DATE
:findbugsMain UP-TO-DATE
:compileTestJava UP-TO-DATE
:processTestResources UP-TO-DATE
:testClasses UP-TO-DATE
:test

Gradle suite > Gradle test > gololang.StandardAugmentationsTest.number_repeaters FAILED
    java.lang.reflect.InvocationTargetException at StandardAugmentationsTest.java:495
        Caused by: java.lang.NullPointerException at StandardAugmentationsTest.java:495

628 tests completed, 1 failed
:test FAILED

FAILURE: Build failed with an exception.

* What went wrong:
Execution failed for task ':test'.
> There were failing tests. See the report at: file:///home/travis/build/failed/eclipse/golo-lang/build/reports/tests/index.html

* Try:
Run with --stacktrace option to get the stack trace. Run with --info or --debug option to get more log output.

BUILD FAILED

Total time: 46.531 secs
travis_time:end:01d45dc6:start=1639260680088608756,finish=1639260727093845069,duration=47005236313,event=[0K[31;1mThe command "./gradlew check" exited with 1.[0m


Done. Your build exited with 1.
