travis_fold:start:system_info[0K[33;1mBuild system information[0m
Build language: java
Build group: stable
Build dist: precise
Build id: ''
Job id: ''
[34m[1mBuild image provisioning date and time[0m
Thu Feb  5 15:09:33 UTC 2015
[34m[1mOperating System Details[0m
Distributor ID:	Ubuntu
Description:	Ubuntu 12.04.5 LTS
Release:	12.04
Codename:	precise
[34m[1mLinux Version[0m
3.13.0-29-generic
[34m[1mCookbooks Version[0m
a68419e https://github.com/travis-ci/travis-cookbooks/tree/a68419e
[34m[1mGCC version[0m
gcc (Ubuntu/Linaro 4.6.3-1ubuntu5) 4.6.3
Copyright (C) 2011 Free Software Foundation, Inc.
This is free software; see the source for copying conditions.  There is NO
warranty; not even for MERCHANTABILITY or FITNESS FOR A PARTICULAR PURPOSE.

[34m[1mLLVM version[0m
clang version 3.4 (tags/RELEASE_34/final)
Target: x86_64-unknown-linux-gnu
Thread model: posix
[34m[1mPre-installed Ruby versions[0m
ruby-1.9.3-p551
[34m[1mPre-installed Node.js versions[0m
v0.10.36
[34m[1mPre-installed Go versions[0m
1.4.1
[34m[1mRedis version[0m
redis-server 2.8.19
[34m[1mriak version[0m
2.0.2
[34m[1mMongoDB version[0m
MongoDB 2.4.12
[34m[1mCouchDB version[0m
couchdb 1.6.1
[34m[1mNeo4j version[0m
1.9.4
[34m[1mRabbitMQ Version[0m
3.4.3
[34m[1mElasticSearch version[0m
1.4.0
[34m[1mInstalled Sphinx versions[0m
2.0.10
2.1.9
2.2.6
[34m[1mDefault Sphinx version[0m
2.2.6
[34m[1mInstalled Firefox version[0m
firefox 31.0esr
[34m[1mPhantomJS version[0m
1.9.8
[34m[1mant -version[0m
Apache Ant(TM) version 1.8.2 compiled on December 3 2011
[34m[1mmvn -version[0m
Apache Maven 3.2.5 (12a6b3acb947671f09b81f49094c53f426d8cea1; 2014-12-14T17:29:23+00:00)
Maven home: /usr/local/maven
Java version: 1.7.0_76, vendor: Oracle Corporation
Java home: /usr/lib/jvm/java-7-oracle/jre
Default locale: en_US, platform encoding: ANSI_X3.4-1968
OS name: "linux", version: "3.13.0-29-generic", arch: "amd64", family: "unix"
travis_fold:end:system_info[0K
W: GPG error: http://apt.postgresql.org precise-pgdg Release: The following signatures were invalid: KEYEXPIRED 1562078959
W: Failed to fetch http://ppa.launchpad.net/travis-ci/zero-mq/ubuntu/dists/precise/main/binary-amd64/Packages  403  Forbidden

W: Failed to fetch http://ppa.launchpad.net/travis-ci/zero-mq/ubuntu/dists/precise/main/binary-i386/Packages  403  Forbidden

W: Failed to fetch http://downloads-distro.mongodb.org/repo/debian-sysvinit/dists/dist/10gen/binary-amd64/Packages  Undetermined Error [IP: 54.175.147.155 80]

W: Failed to fetch http://downloads-distro.mongodb.org/repo/debian-sysvinit/dists/dist/10gen/binary-i386/Packages  Undetermined Error [IP: 54.175.147.155 80]

E: Some index files failed to download. They have been ignored, or old ones used instead.
$ jdk_switcher use oraclejdk8
Switching to Oracle JDK8 (java-8-oracle), JAVA_HOME will be set to /usr/lib/jvm/java-8-oracle
$ cd passed/pgjdbc/pgjdbc
travis_fold:start:postgresql[0K[33;1mStarting PostgreSQL v9.4[0m
travis_time:start:0b48fa78[0K$ sudo service postgresql stop
 * Stopping PostgreSQL 9.1 database server
   ...done.
 * Stopping PostgreSQL 9.2 database server
   ...done.
 * Stopping PostgreSQL 9.3 database server
   ...done.
 * Stopping PostgreSQL 9.4 database server
   ...done.

travis_time:end:0b48fa78:start=1590879221376053217,finish=1590879222029857828,duration=653804611[0Ktravis_time:start:02b21860[0K$ sudo service postgresql start 9.4
 * Starting PostgreSQL 9.4 database server
   ...done.

travis_time:end:02b21860:start=1590879222040527035,finish=1590879224306073682,duration=2265546647[0Ktravis_time:start:038c6abd[0K$ sudo -u postgres createuser -s -p 5432 travis &>/dev/null

travis_time:end:038c6abd:start=1590879224315768843,finish=1590879224375598088,duration=59829245[0Ktravis_time:start:1353a792[0K$ sudo -u postgres createdb -O travis -p 5432 travis &>/dev/null

travis_time:end:1353a792:start=1590879224386255514,finish=1590879224670513472,duration=284257958[0Ktravis_time:start:1957b588[0K$ sudo -u postgres createuser -s -p 5433 travis &>/dev/null

travis_time:end:1957b588:start=1590879224681461514,finish=1590879224737352163,duration=55890649[0Ktravis_time:start:00bc32cd[0K$ sudo -u postgres createdb -O travis -p 5433 travis &>/dev/null

travis_time:end:00bc32cd:start=1590879224747229371,finish=1590879224806033087,duration=58803716[0Ktravis_fold:end:postgresql[0K
[33;1mSetting environment variables from .travis.yml[0m
$ export SONATYPE_USERNAME=[secure]
$ export SONATYPE_PASSWORD=[secure]
$ export copr_token_password=[secure]
$ export PG_VERSION=9.4
$ export TEST_CLIENTS=Y

travis_fold:start:cache.1[0KSetting up build cache
$ export CASHER_DIR=$HOME/.casher
travis_time:start:12ea2cd6[0K$ Installing caching utilities

travis_time:end:12ea2cd6:start=1590879225584542666,finish=1590879225645729009,duration=61186343[0Ktravis_time:start:0b355a68[0K
travis_time:end:0b355a68:start=1590879225659785034,finish=1590879225669510416,duration=9725382[0Ktravis_time:start:030db8b4[0K[32;1mattempting to download cache archive[0m

travis_time:end:030db8b4:start=1590879225681115831,finish=1590879226462672929,duration=781557098[0Ktravis_time:start:01b42670[0K
travis_time:end:01b42670:start=1590879226472282523,finish=1590879226480464909,duration=8182386[0Ktravis_time:start:03c14622[0K[32;1madding /home/travis/.m2/repository to cache[0m
[32;1madding /home/travis/.ivy2/cache to cache[0m
[32;1madding /home/travis/.sbt/boot to cache[0m

travis_time:end:03c14622:start=1590879226490614372,finish=1590879227318276792,duration=827662420[0Ktravis_fold:end:cache.1[0K$ java -Xmx32m -version
$ javac -J-Xmx32m -version
travis_fold:start:install[0Ktravis_time:start:0bc2ed2c[0K$ true

travis_time:end:0bc2ed2c:start=1590879227608248280,finish=1590879227616407898,duration=8159618[0Ktravis_fold:end:install[0Ktravis_fold:start:before_script.1[0Ktravis_time:start:0aecb517[0K$ export PG_DATADIR="/etc/postgresql/${PG_VERSION}/main"

travis_time:end:0aecb517:start=1590879227627313370,finish=1590879227636796741,duration=9483371[0Ktravis_fold:end:before_script.1[0Ktravis_fold:start:before_script.2[0Ktravis_time:start:093c4050[0K$ ./.travis/travis_install_postgres.sh

travis_time:end:093c4050:start=1590879227648511830,finish=1590879227709590242,duration=61078412[0Ktravis_fold:end:before_script.2[0Ktravis_fold:start:before_script.3[0Ktravis_time:start:04bdecb5[0K$ test "x$XA" == 'x' || ./.travis/travis_configure_xa.sh

travis_time:end:04bdecb5:start=1590879227721307861,finish=1590879227730645542,duration=9337681[0Ktravis_fold:end:before_script.3[0Ktravis_fold:start:before_script.4[0Ktravis_time:start:24ced14d[0K$ ./.travis/travis_start_postgres.sh

travis_time:end:24ced14d:start=1590879227741855140,finish=1590879227756258001,duration=14402861[0Ktravis_fold:end:before_script.4[0Ktravis_fold:start:before_script.5[0Ktravis_time:start:073f4b74[0K$ psql -U postgres -c "create user test with password 'test';"
CREATE ROLE

travis_time:end:073f4b74:start=1590879227768548751,finish=1590879227790471364,duration=21922613[0Ktravis_fold:end:before_script.5[0Ktravis_fold:start:before_script.6[0Ktravis_time:start:179a866d[0K$ psql -c 'create database test owner test;' -U postgres
CREATE DATABASE

travis_time:end:179a866d:start=1590879227802533248,finish=1590879228047633202,duration=245099954[0Ktravis_fold:end:before_script.6[0Ktravis_fold:start:before_script.7[0Ktravis_time:start:00c31f50[0K$ echo "MAVEN_OPTS='-Xmx1g -Dgpg.skip=true'" > ~/.mavenrc

travis_time:end:00c31f50:start=1590879228060158629,finish=1590879228069031915,duration=8873286[0Ktravis_fold:end:before_script.7[0Ktravis_fold:start:before_script.8[0Ktravis_time:start:01470019[0K$ test "x$PG_VERSION" == 'x' || test $PG_VERSION == '8.4' || test $PG_VERSION == '9.0' || psql test -c 'CREATE EXTENSION hstore;' -U postgres
CREATE EXTENSION

travis_time:end:01470019:start=1590879228080661332,finish=1590879228124047020,duration=43385688[0Ktravis_fold:end:before_script.8[0Ktravis_fold:start:before_script.9[0Ktravis_time:start:2074aee6[0K$ test "x$PG_VERSION" == 'x' || test $PG_VERSION != '8.4' || createlang -U postgres plpgsql test

travis_time:end:2074aee6:start=1590879228136523200,finish=1590879228146199633,duration=9676433[0Ktravis_fold:end:before_script.9[0Ktravis_fold:start:before_script.10[0Ktravis_time:start:04615f48[0K$ if [[ "x$JDK" == *'x9'* ]]; then remove_dir_from_path $JAVA_HOME/bin; export JAVA_HOME=/usr/lib/jvm/java-9-oracle; export PATH=$JAVA_HOME/bin:$PATH; java -Xmx32m -version; fi

travis_time:end:04615f48:start=1590879228158449986,finish=1590879228167751036,duration=9301050[0Ktravis_fold:end:before_script.10[0Ktravis_time:start:038d31fb[0K$ rm -rf $HOME/.m2/repository/org/postgresql || true

travis_time:end:038d31fb:start=1590879228179731484,finish=1590879228191086715,duration=11355231[0K
[32;1mThe command "rm -rf $HOME/.m2/repository/org/postgresql || true" exited with 0.[0m
travis_time:start:02254f98[0K$ export JDK6_HOME=$(jdk_switcher home openjdk6)

travis_time:end:02254f98:start=1590879228203472397,finish=1590879228216037436,duration=12565039[0K
[32;1mThe command "export JDK6_HOME=$(jdk_switcher home openjdk6)" exited with 0.[0m
travis_time:start:2d0a5a6e[0K$ export JDK7_HOME=$(jdk_switcher home openjdk7)

travis_time:end:2d0a5a6e:start=1590879228227812372,finish=1590879228240299618,duration=12487246[0K
[32;1mThe command "export JDK7_HOME=$(jdk_switcher home openjdk7)" exited with 0.[0m
travis_time:start:02745f13[0K$ export JDK8_HOME=$(jdk_switcher home oraclejdk8)

travis_time:end:02745f13:start=1590879228252369688,finish=1590879228264472722,duration=12103034[0K
[32;1mThe command "export JDK8_HOME=$(jdk_switcher home oraclejdk8)" exited with 0.[0m
travis_time:start:2688ab77[0K$ export JDK9_HOME=/usr/lib/jvm/java-9-oracle

travis_time:end:2688ab77:start=1590879228277263557,finish=1590879228286913082,duration=9649525[0K
[32;1mThe command "export JDK9_HOME=/usr/lib/jvm/java-9-oracle" exited with 0.[0m
travis_time:start:030b4b09[0K$ test -d "${JDK9_HOME}" || export JDK9_HOME=$(jdk_switcher home oraclejdk8)

travis_time:end:030b4b09:start=1590879228298725473,finish=1590879228311350162,duration=12624689[0K
[32;1mThe command "test -d "${JDK9_HOME}" || export JDK9_HOME=$(jdk_switcher home oraclejdk8)" exited with 0.[0m
travis_time:start:0812f172[0K$ envsubst < toolchains.xml > ~/.m2/toolchains.xml

travis_time:end:0812f172:start=1590879228323861999,finish=1590879228379898866,duration=56036867[0K
[32;1mThe command "envsubst < toolchains.xml > ~/.m2/toolchains.xml" exited with 0.[0m
travis_time:start:154a7bd2[0K$ ./.travis/travis_build.sh
Apache Maven 3.2.5 (12a6b3acb947671f09b81f49094c53f426d8cea1; 2014-12-14T17:29:23+00:00)
Maven home: /usr/local/maven
Java version: 1.8.0_31, vendor: Oracle Corporation
Java home: /usr/lib/jvm/java-8-oracle/jre
Default locale: en_US, platform encoding: UTF-8
OS name: "linux", version: "4.15.0-91-generic", arch: "amd64", family: "unix"
[INFO] Scanning for projects...
[INFO] Downloading: http://repo.maven.apache.org/maven2/org/postgresql/pgjdbc-versions/1.1.1/pgjdbc-versions-1.1.1.pom
[INFO] Downloading: https://oss.sonatype.org/content/repositories/releases/org/postgresql/pgjdbc-versions/1.1.1/pgjdbc-versions-1.1.1.pom
[INFO] Downloading: https://repository.apache.org/releases/org/postgresql/pgjdbc-versions/1.1.1/pgjdbc-versions-1.1.1.pom
[ERROR] The build could not read 1 project -> [Help 1]
[ERROR]   
[ERROR]   The project org.postgresql:pgjdbc-aggregate:9.4.1212-SNAPSHOT (/home/travis/build/passed/pgjdbc/pgjdbc/pom.xml) has 1 error
[ERROR]     Non-resolvable parent POM: Could not transfer artifact org.postgresql:pgjdbc-versions:pom:1.1.1 from/to central (http://repo.maven.apache.org/maven2): Failed to transfer file: http://repo.maven.apache.org/maven2/org/postgresql/pgjdbc-versions/1.1.1/pgjdbc-versions-1.1.1.pom. Return code is: 501 , ReasonPhrase:HTTPS Required. and 'parent.relativePath' points at wrong local POM @ line 3, column 11 -> [Help 2]
[ERROR] 
[ERROR] To see the full stack trace of the errors, re-run Maven with the -e switch.
[ERROR] Re-run Maven using the -X switch to enable full debug logging.
[ERROR] 
[ERROR] For more information about the errors and possible solutions, please read the following articles:
[ERROR] [Help 1] http://cwiki.apache.org/confluence/display/MAVEN/ProjectBuildingException
[ERROR] [Help 2] http://cwiki.apache.org/confluence/display/MAVEN/UnresolvableModelException

travis_time:end:154a7bd2:start=1590879228391807142,finish=1590879231060927886,duration=2669120744[0K
[31;1mThe command "./.travis/travis_build.sh" exited with 1.[0m
travis_fold:start:before_cache.1[0Ktravis_time:start:00a9b712[0K$ rm -rf $HOME/.m2/repository/org/postgresql

travis_time:end:00a9b712:start=1590879231072104999,finish=1590879231082678431,duration=10573432[0Ktravis_fold:end:before_cache.1[0Ktravis_fold:start:before_cache.2[0Ktravis_time:start:0475b6cf[0K$ find $HOME/.ivy2 -name "ivydata-*.properties" -delete

travis_time:end:0475b6cf:start=1590879231092862447,finish=1590879231113733994,duration=20871547[0Ktravis_fold:end:before_cache.2[0Ktravis_fold:start:before_cache.3[0Ktravis_time:start:1f188aee[0K$ find $HOME/.sbt -name "*.lock" -delete

travis_time:end:1f188aee:start=1590879231124453528,finish=1590879231143353450,duration=18899922[0Ktravis_fold:end:before_cache.3[0Ktravis_fold:start:cache.2[0Kstore build cache
travis_time:start:02aa6b73[0K
travis_time:end:02aa6b73:start=1590879231154114597,finish=1590879231163563439,duration=9448842[0Ktravis_time:start:0e1c9c54[0K[32;1mchanges detected, packing new archive[0m
.
.

travis_time:end:0e1c9c54:start=1590879231174527538,finish=1590879242000906052,duration=10826378514[0Ktravis_fold:end:cache.2[0K
Done. Your build exited with 1.
