travis_time:start:063e6b95[0Ktravis_time:end:063e6b95:start=1591042427217786911,finish=1591042427353012518,duration=135225607,event=no_world_writable_dirs[0Ktravis_time:start:04aff4ac[0Ktravis_time:end:04aff4ac:start=1591042427358986128,finish=1591042427362909991,duration=3923863,event=check_unsupported[0Ktravis_time:start:044ef5b7[0Ktravis_fold:start:system_info[0K[33;1mBuild system information[0m
Build language: java
Build group: stable
Build dist: precise
Build id: ''
Job id: ''
Runtime kernel version: 4.15.0-91-generic
[34m[1mBuild image provisioning date and time[0m
Thu Feb  5 15:09:33 UTC 2015
[34m[1mOperating System Details[0m
Distributor ID:	Ubuntu
Description:	Ubuntu 12.04.5 LTS
Release:	12.04
Codename:	precise
[34m[1mLinux Version[0m
3.13.0-29-generic
[34m[1mCookbooks Version[0m
a68419e https://github.com/travis-ci/travis-cookbooks/tree/a68419e
[34m[1mGCC version[0m
gcc (Ubuntu/Linaro 4.6.3-1ubuntu5) 4.6.3
Copyright (C) 2011 Free Software Foundation, Inc.
This is free software; see the source for copying conditions.  There is NO
warranty; not even for MERCHANTABILITY or FITNESS FOR A PARTICULAR PURPOSE.

[34m[1mLLVM version[0m
clang version 3.4 (tags/RELEASE_34/final)
Target: x86_64-unknown-linux-gnu
Thread model: posix
[34m[1mPre-installed Ruby versions[0m
ruby-1.9.3-p551
[34m[1mPre-installed Node.js versions[0m
v0.10.36
[34m[1mPre-installed Go versions[0m
1.4.1
[34m[1mRedis version[0m
redis-server 2.8.19
[34m[1mriak version[0m
2.0.2
[34m[1mMongoDB version[0m
MongoDB 2.4.12
[34m[1mCouchDB version[0m
couchdb 1.6.1
[34m[1mNeo4j version[0m
1.9.4
[34m[1mRabbitMQ Version[0m
3.4.3
[34m[1mElasticSearch version[0m
1.4.0
[34m[1mInstalled Sphinx versions[0m
2.0.10
2.1.9
2.2.6
[34m[1mDefault Sphinx version[0m
2.2.6
[34m[1mInstalled Firefox version[0m
firefox 31.0esr
[34m[1mPhantomJS version[0m
1.9.8
[34m[1mant -version[0m
Apache Ant(TM) version 1.8.2 compiled on December 3 2011
[34m[1mmvn -version[0m
Apache Maven 3.2.5 (12a6b3acb947671f09b81f49094c53f426d8cea1; 2014-12-14T17:29:23+00:00)
Maven home: /usr/local/maven
Java version: 1.7.0_76, vendor: Oracle Corporation
Java home: /usr/lib/jvm/java-7-oracle/jre
Default locale: en_US, platform encoding: ANSI_X3.4-1968
OS name: "linux", version: "3.13.0-29-generic", arch: "amd64", family: "unix"
travis_fold:end:system_info[0K
travis_time:end:044ef5b7:start=1591042427368817505,finish=1591042427376483591,duration=7666086,event=show_system_info[0Ktravis_time:start:1f95fe56[0Ktravis_time:end:1f95fe56:start=1591042427382854247,finish=1591042427400484055,duration=17629808,event=rm_riak_source[0Ktravis_time:start:3332ccab[0Ktravis_time:end:3332ccab:start=1591042427405949455,finish=1591042427414647451,duration=8697996,event=fix_rwky_redis[0Ktravis_time:start:01a4c73e[0K[31;1mTimeout waiting for network availability.[0m
travis_time:end:01a4c73e:start=1591042427419819186,finish=1591042448066003088,duration=20646183902,event=wait_for_network[0Ktravis_time:start:2d2d1b00[0Ktravis_time:end:2d2d1b00:start=1591042448072029268,finish=1591042448777877223,duration=705847955,event=update_apt_keys[0Ktravis_time:start:060b1114[0Ktravis_time:end:060b1114:start=1591042448783009024,finish=1591042448845037822,duration=62028798,event=fix_hhvm_source[0Ktravis_time:start:0bbfa2cc[0Ktravis_time:end:0bbfa2cc:start=1591042448850772938,finish=1591042448856198377,duration=5425439,event=update_mongo_arch[0Ktravis_time:start:00fb14e6[0Ktravis_time:end:00fb14e6:start=1591042448861382462,finish=1591042448914489605,duration=53107143,event=fix_sudo_enabled_trusty[0Ktravis_time:start:046ce4aa[0Ktravis_time:end:046ce4aa:start=1591042448919507222,finish=1591042448933225719,duration=13718497,event=clean_up_path[0Ktravis_time:start:07185c60[0Ktravis_time:end:07185c60:start=1591042448938676060,finish=1591042448951503831,duration=12827771,event=fix_resolv_conf[0Ktravis_time:start:06f0ed78[0Ktravis_time:end:06f0ed78:start=1591042448957064432,finish=1591042448972572286,duration=15507854,event=fix_etc_hosts[0Ktravis_time:start:08fcb167[0Ktravis_time:start:2da06761[0Ktravis_time:end:2da06761:start=1591042449139854342,finish=1591042449159213513,duration=19359171,event=no_ipv6_localhost[0Ktravis_time:start:0fa5aaa0[0Ktravis_time:end:0fa5aaa0:start=1591042449165208985,finish=1591042449220773730,duration=55564745,event=fix_etc_mavenrc[0Ktravis_time:start:03a91688[0Ktravis_time:end:03a91688:start=1591042449226118688,finish=1591042449231523649,duration=5404961,event=fix_wwdr_certificate[0Ktravis_time:start:04c337f9[0Ktravis_time:end:04c337f9:start=1591042449235924436,finish=1591042449271527409,duration=35602973,event=put_localhost_first[0Ktravis_time:start:06eef051[0Ktravis_time:end:06eef051:start=1591042449277935578,finish=1591042449282987727,duration=5052149,event=home_paths[0Ktravis_time:start:1cf94a20[0Ktravis_time:end:1cf94a20:start=1591042449289374563,finish=1591042449347785183,duration=58410620,event=disable_initramfs[0Ktravis_time:start:26783296[0Ktravis_time:end:26783296:start=1591042449353589854,finish=1591042449371579442,duration=17989588,event=disable_ssh_roaming[0Ktravis_time:start:018dc58a[0Ktravis_time:end:018dc58a:start=1591042449376374151,finish=1591042449379700163,duration=3326012,event=debug_tools[0Ktravis_time:start:312f15ff[0Ktravis_time:end:312f15ff:start=1591042449383981340,finish=1591042449388718575,duration=4737235,event=uninstall_oclint[0Ktravis_time:start:2d405ec4[0Ktravis_time:end:2d405ec4:start=1591042449393741219,finish=1591042449398690332,duration=4949113,event=rvm_use[0Ktravis_time:start:22d4e396[0Ktravis_time:end:22d4e396:start=1591042449403510381,finish=1591042449417481399,duration=13971018,event=rm_etc_boto_cfg[0Ktravis_time:start:19d47e78[0Ktravis_time:end:19d47e78:start=1591042449422674957,finish=1591042449426759495,duration=4084538,event=rm_oraclejdk8_symlink[0Ktravis_time:start:04da8990[0Ktravis_time:end:04da8990:start=1591042449431037882,finish=1591042449475627646,duration=44589764,event=enable_i386[0Ktravis_time:start:089fc3e0[0Ktravis_time:end:089fc3e0:start=1591042449481425415,finish=1591042449487372464,duration=5947049,event=update_rubygems[0Ktravis_time:start:0cc4b576[0Ktravis_time:end:0cc4b576:start=1591042449492767820,finish=1591042449500241862,duration=7474042,event=ensure_path_components[0Ktravis_time:start:10b03a44[0Ktravis_time:end:10b03a44:start=1591042449506121335,finish=1591042449510292978,duration=4171643,event=redefine_curl[0Ktravis_time:start:0383d3b4[0Ktravis_time:end:0383d3b4:start=1591042449516225904,finish=1591042449520486349,duration=4260445,event=nonblock_pipe[0Ktravis_time:start:1792acfa[0Ktravis_time:end:1792acfa:start=1591042449525819116,finish=1591042455559333965,duration=6033514849,event=apt_get_update[0Ktravis_time:start:1cb2e6c0[0Ktravis_time:end:1cb2e6c0:start=1591042455564992481,finish=1591042455568781890,duration=3789409,event=deprecate_xcode_64[0Ktravis_time:start:31720448[0Ktravis_time:end:31720448:start=1591042455575102890,finish=1591042455582730152,duration=7627262,event=update_heroku[0Ktravis_time:start:0937ef72[0Ktravis_time:end:0937ef72:start=1591042455589209480,finish=1591042455593515915,duration=4306435,event=shell_session_update[0Ktravis_time:start:30929962[0Ktravis_fold:start:docker_mtu[0Ktravis_fold:end:docker_mtu[0Ktravis_time:end:30929962:start=1591042455599852539,finish=1591042455631998151,duration=32145612,event=set_docker_mtu[0Ktravis_time:start:0fbf7cf1[0Ktravis_time:end:0fbf7cf1:start=1591042455637647059,finish=1591042455652565577,duration=14918518,event=resolvconf[0K
travis_fold:start:install_jdk[0K[33;1mInstalling oraclejdk7[0m
$ jdk_switcher use "oraclejdk7"
Switching to Oracle JDK7 (java-7-oracle), JAVA_HOME will be set to /usr/lib/jvm/java-7-oracle
travis_fold:end:install_jdk[0Ktravis_time:start:08192c94[0Ktravis_time:end:08192c94:start=1591042455674330291,finish=1591042455679230487,duration=4900196,event=fix_ps4[0Ktravis_time:start:0f226307[0K
$ cd passed/Scout24/deadcode4j

travis_time:end:0f226307:start=1591042455684419890,finish=1591042455730927795,duration=46507905,event=checkout[0Ktravis_time:start:0a7fb53c[0K
[33;1mSetting environment variables from .travis.yml[0m
$ export MVN_VERSION=3.0.5

travis_time:end:0a7fb53c:start=1591042455736908966,finish=1591042455928609822,duration=191700856,event=env[0Ktravis_fold:start:cache.1[0KSetting up build cache
$ export CASHER_DIR=${TRAVIS_HOME}/.casher
travis_time:start:107fba37[0K$ Installing caching utilities
travis_time:end:107fba37:start=1591042464880998296,finish=1591042467964415914,duration=3083417618,event=setup_casher[0Ktravis_time:start:0b8c97f4[0K$ Installing caching utilities from the Travis CI server (https:///files/casher) failed, failing over to using GitHub (https://raw.githubusercontent.com/travis-ci/casher/bash/bin/casher)
travis_time:end:0b8c97f4:start=1591042467972320589,finish=1591042468037990743,duration=65670154,event=setup_casher[0Ktravis_time:start:22a1ccc0[0Ktravis_time:end:22a1ccc0:start=1591042468047856370,finish=1591042468053597890,duration=5741520,event=setup_casher[0Ktravis_time:start:031a5710[0Kattempting to download cache archive[0m
[31;1mcould not download cache[0m
travis_time:end:031a5710:start=1591042468060157005,finish=1591042469435945515,duration=1375788510,event=setup_casher[0Ktravis_time:start:1001c760[0Ktravis_time:end:1001c760:start=1591042469443574381,finish=1591042469449440443,duration=5866062,event=setup_casher[0Ktravis_time:start:0fcf5f40[0Kadding /home/travis/.m2/repository to cache[0m
travis_time:end:0fcf5f40:start=1591042469456264518,finish=1591042470985083102,duration=1528818584,event=setup_casher[0Ktravis_fold:end:cache.1[0K
$ java -Xmx32m -version
$ javac -J-Xmx32m -version
travis_fold:start:before_install.1[0Ktravis_time:start:0bfa10d1[0K$ MVN_URL=https://archive.apache.org/dist/maven/maven-3/$MVN_VERSION/binaries/apache-maven-$MVN_VERSION-bin.tar.gz
travis_time:end:0bfa10d1:start=1591042471232665003,finish=1591042471237482587,duration=4817584,event=before_install[0Ktravis_fold:end:before_install.1[0Ktravis_fold:start:before_install.2[0Ktravis_time:start:11ca214d[0K$ wget -q -O /tmp/maven.tar.gz $MVN_URL
travis_time:end:11ca214d:start=1591042471245440229,finish=1591042474568302801,duration=3322862572,event=before_install[0Ktravis_fold:end:before_install.2[0Ktravis_fold:start:before_install.3[0Ktravis_time:start:1abd247e[0K$ tar xzf /tmp/maven.tar.gz
travis_time:end:1abd247e:start=1591042474575809846,finish=1591042474652262467,duration=76452621,event=before_install[0Ktravis_fold:end:before_install.3[0Ktravis_fold:start:before_install.4[0Ktravis_time:start:03482e1d[0K$ export M2_HOME=`pwd`/apache-maven-$MVN_VERSION
travis_time:end:03482e1d:start=1591042474658926756,finish=1591042474665090830,duration=6164074,event=before_install[0Ktravis_fold:end:before_install.4[0Ktravis_fold:start:before_install.5[0Ktravis_time:start:066ac0aa[0K$ export PATH=$M2_HOME/bin:$PATH
travis_time:end:066ac0aa:start=1591042474672154313,finish=1591042474676203912,duration=4049599,event=before_install[0Ktravis_fold:end:before_install.5[0Ktravis_fold:start:before_install.6[0Ktravis_time:start:3689353e[0K$ export MAVEN_SKIP_RC=true
travis_time:end:3689353e:start=1591042474683619874,finish=1591042474688797996,duration=5178122,event=before_install[0Ktravis_fold:end:before_install.6[0Ktravis_fold:start:install.1[0Ktravis_time:start:0875549c[0K$ mvn -Dhttps.protocols=TLSv1.2 -Dhttps.protocols=TLSv1.2 -Dhttps.protocols=TLSv1.2 -B -U clean verify org.apache.maven.plugins:maven-war-plugin:2.4:help -Dinvoker.skip=true -Dmaven.main.skip=true -Dmaven.plugin.skip=true -Dmaven.test.skip=true -PenableCoverage,travis
[INFO] Scanning for projects...
[WARNING] 
[WARNING] Some problems were encountered while building the effective model for de.is24.mavenplugins:deadcode4j-maven-plugin:maven-plugin:2.2.0-SNAPSHOT
[WARNING] 'dependencies.dependency.exclusions.exclusion.groupId' for org.hibernate:hibernate-annotations:jar with value '*' does not match a valid id pattern. @ line 1070, column 15
[WARNING] 'dependencies.dependency.exclusions.exclusion.artifactId' for org.hibernate:hibernate-annotations:jar with value '*' does not match a valid id pattern. @ line 1073, column 18
[WARNING] 'dependencies.dependency.exclusions.exclusion.groupId' for org.springframework.data:spring-data-commons:jar with value '*' does not match a valid id pattern. @ line 1094, column 15
[WARNING] 'dependencies.dependency.exclusions.exclusion.artifactId' for org.springframework.data:spring-data-commons:jar with value '*' does not match a valid id pattern. @ line 1097, column 18
[WARNING] 
[WARNING] It is highly recommended to fix these problems because they threaten the stability of your build.
[WARNING] 
[WARNING] For this reason, future Maven versions might no longer support building such malformed projects.
[WARNING] 
Downloading: http://repo.maven.apache.org/maven2/org/apache/maven/plugins/maven-war-plugin/2.4/maven-war-plugin-2.4.pom
[INFO] ------------------------------------------------------------------------
[INFO] BUILD FAILURE
[INFO] ------------------------------------------------------------------------
[INFO] Total time: 0.885s
[INFO] Finished at: Mon Jun 01 20:14:37 UTC 2020
[INFO] Final Memory: 22M/1963M
[INFO] ------------------------------------------------------------------------
[ERROR] Plugin org.apache.maven.plugins:maven-war-plugin:2.4 or one of its dependencies could not be resolved: Failed to read artifact descriptor for org.apache.maven.plugins:maven-war-plugin:jar:2.4: Could not transfer artifact org.apache.maven.plugins:maven-war-plugin:pom:2.4 from/to central (http://repo.maven.apache.org/maven2): Failed to transfer file: http://repo.maven.apache.org/maven2/org/apache/maven/plugins/maven-war-plugin/2.4/maven-war-plugin-2.4.pom. Return code is: 501 , ReasonPhrase:HTTPS Required. -> [Help 1]
[ERROR] 
[ERROR] To see the full stack trace of the errors, re-run Maven with the -e switch.
[ERROR] Re-run Maven using the -X switch to enable full debug logging.
[ERROR] 
[ERROR] For more information about the errors and possible solutions, please read the following articles:
[ERROR] [Help 1] http://cwiki.apache.org/confluence/display/MAVEN/PluginResolutionException
travis_time:end:0875549c:start=1591042474700020417,finish=1591042477211420465,duration=2511400048,event=install[0K[31;1mThe command "mvn -Dhttps.protocols=TLSv1.2 -Dhttps.protocols=TLSv1.2 -Dhttps.protocols=TLSv1.2 -B -U clean verify org.apache.maven.plugins:maven-war-plugin:2.4:help -Dinvoker.skip=true -Dmaven.main.skip=true -Dmaven.plugin.skip=true -Dmaven.test.skip=true -PenableCoverage,travis" failed and exited with 1 during .[0m

Your build has been stopped.
