travis_time:start:1e2192ed[0Ktravis_time:end:1e2192ed:start=1591049547624536081,finish=1591049547771384173,duration=146848092,event=no_world_writable_dirs[0Ktravis_time:start:13d1a4ca[0Ktravis_time:end:13d1a4ca:start=1591049547777717673,finish=1591049547781541615,duration=3823942,event=check_unsupported[0Ktravis_time:start:17d3b998[0Ktravis_fold:start:system_info[0K[33;1mBuild system information[0m
Build language: java
Build group: stable
Build dist: precise
Build id: ''
Job id: ''
Runtime kernel version: 4.15.0-91-generic
[34m[1mBuild image provisioning date and time[0m
Thu Feb  5 15:09:33 UTC 2015
[34m[1mOperating System Details[0m
Distributor ID:	Ubuntu
Description:	Ubuntu 12.04.5 LTS
Release:	12.04
Codename:	precise
[34m[1mLinux Version[0m
3.13.0-29-generic
[34m[1mCookbooks Version[0m
a68419e https://github.com/travis-ci/travis-cookbooks/tree/a68419e
[34m[1mGCC version[0m
gcc (Ubuntu/Linaro 4.6.3-1ubuntu5) 4.6.3
Copyright (C) 2011 Free Software Foundation, Inc.
This is free software; see the source for copying conditions.  There is NO
warranty; not even for MERCHANTABILITY or FITNESS FOR A PARTICULAR PURPOSE.

[34m[1mLLVM version[0m
clang version 3.4 (tags/RELEASE_34/final)
Target: x86_64-unknown-linux-gnu
Thread model: posix
[34m[1mPre-installed Ruby versions[0m
ruby-1.9.3-p551
[34m[1mPre-installed Node.js versions[0m
v0.10.36
[34m[1mPre-installed Go versions[0m
1.4.1
[34m[1mRedis version[0m
redis-server 2.8.19
[34m[1mriak version[0m
2.0.2
[34m[1mMongoDB version[0m
MongoDB 2.4.12
[34m[1mCouchDB version[0m
couchdb 1.6.1
[34m[1mNeo4j version[0m
1.9.4
[34m[1mRabbitMQ Version[0m
3.4.3
[34m[1mElasticSearch version[0m
1.4.0
[34m[1mInstalled Sphinx versions[0m
2.0.10
2.1.9
2.2.6
[34m[1mDefault Sphinx version[0m
2.2.6
[34m[1mInstalled Firefox version[0m
firefox 31.0esr
[34m[1mPhantomJS version[0m
1.9.8
[34m[1mant -version[0m
Apache Ant(TM) version 1.8.2 compiled on December 3 2011
[34m[1mmvn -version[0m
Apache Maven 3.2.5 (12a6b3acb947671f09b81f49094c53f426d8cea1; 2014-12-14T17:29:23+00:00)
Maven home: /usr/local/maven
Java version: 1.7.0_76, vendor: Oracle Corporation
Java home: /usr/lib/jvm/java-7-oracle/jre
Default locale: en_US, platform encoding: ANSI_X3.4-1968
OS name: "linux", version: "3.13.0-29-generic", arch: "amd64", family: "unix"
travis_fold:end:system_info[0K
travis_time:end:17d3b998:start=1591049547786987087,finish=1591049547795382603,duration=8395516,event=show_system_info[0Ktravis_time:start:1cee5ff8[0Ktravis_time:end:1cee5ff8:start=1591049547801736441,finish=1591049547819752353,duration=18015912,event=rm_riak_source[0Ktravis_time:start:006add44[0Ktravis_time:end:006add44:start=1591049547825423700,finish=1591049547836190865,duration=10767165,event=fix_rwky_redis[0Ktravis_time:start:186a4a7b[0K[31;1mTimeout waiting for network availability.[0m
travis_time:end:186a4a7b:start=1591049547841948937,finish=1591049568541303773,duration=20699354836,event=wait_for_network[0Ktravis_time:start:07282677[0Ktravis_time:end:07282677:start=1591049568548080253,finish=1591049570010977451,duration=1462897198,event=update_apt_keys[0Ktravis_time:start:00e01f3c[0Ktravis_time:end:00e01f3c:start=1591049570016661502,finish=1591049570076386086,duration=59724584,event=fix_hhvm_source[0Ktravis_time:start:222ff90e[0Ktravis_time:end:222ff90e:start=1591049570082220122,finish=1591049570087662428,duration=5442306,event=update_mongo_arch[0Ktravis_time:start:12ac14b7[0Ktravis_time:end:12ac14b7:start=1591049570093334171,finish=1591049570137182539,duration=43848368,event=fix_sudo_enabled_trusty[0Ktravis_time:start:048cfbe0[0Ktravis_time:end:048cfbe0:start=1591049570143369236,finish=1591049570156812636,duration=13443400,event=clean_up_path[0Ktravis_time:start:123b2fda[0Ktravis_time:end:123b2fda:start=1591049570162458423,finish=1591049570175588300,duration=13129877,event=fix_resolv_conf[0Ktravis_time:start:0c1bcb29[0Ktravis_time:end:0c1bcb29:start=1591049570181592197,finish=1591049570198125146,duration=16532949,event=fix_etc_hosts[0Ktravis_time:start:3a96f3fe[0Ktravis_time:end:3a96f3fe:start=1591049570204456206,finish=1591049570229034970,duration=24578764,event=fix_mvn_settings_xml[0Ktravis_time:start:12ba7b60[0Ktravis_time:end:12ba7b60:start=1591049570235008199,finish=1591049570248714084,duration=13705885,event=no_ipv6_localhost[0Ktravis_time:start:16081940[0Ktravis_time:end:16081940:start=1591049570254101362,finish=1591049570275226857,duration=21125495,event=fix_etc_mavenrc[0Ktravis_time:start:007e4925[0Ktravis_time:end:007e4925:start=1591049570281378935,finish=1591049570287220358,duration=5841423,event=fix_wwdr_certificate[0Ktravis_time:start:2e47847e[0Ktravis_time:end:2e47847e:start=1591049570292333086,finish=1591049570325402642,duration=33069556,event=put_localhost_first[0Ktravis_time:start:03ab3fd2[0Ktravis_time:end:03ab3fd2:start=1591049570330930059,finish=1591049570335530517,duration=4600458,event=home_paths[0Ktravis_time:start:00418a28[0Ktravis_time:end:00418a28:start=1591049570340904130,finish=1591049570365259629,duration=24355499,event=disable_initramfs[0Ktravis_time:start:06b29f52[0Ktravis_time:end:06b29f52:start=1591049570370698146,finish=1591049570388440648,duration=17742502,event=disable_ssh_roaming[0Ktravis_time:start:2bfd1c10[0Ktravis_time:end:2bfd1c10:start=1591049570393390348,finish=1591049570397124259,duration=3733911,event=debug_tools[0Ktravis_time:start:0b37fb94[0Ktravis_time:end:0b37fb94:start=1591049570402315908,finish=1591049570407569083,duration=5253175,event=uninstall_oclint[0Ktravis_time:start:07edccbb[0Ktravis_time:end:07edccbb:start=1591049570412755608,finish=1591049570418011336,duration=5255728,event=rvm_use[0Ktravis_time:start:08ed2998[0Ktravis_time:end:08ed2998:start=1591049570423473660,finish=1591049570436028381,duration=12554721,event=rm_etc_boto_cfg[0Ktravis_time:start:27fac060[0Ktravis_time:end:27fac060:start=1591049570441462923,finish=1591049570445029447,duration=3566524,event=rm_oraclejdk8_symlink[0Ktravis_time:start:0afc0ffe[0Ktravis_time:end:0afc0ffe:start=1591049570450836724,finish=1591049570497769434,duration=46932710,event=enable_i386[0Ktravis_time:start:0bbdaebc[0Ktravis_time:end:0bbdaebc:start=1591049570502008578,finish=1591049570507298381,duration=5289803,event=update_rubygems[0Ktravis_time:start:03b5dea0[0Ktravis_time:end:03b5dea0:start=1591049570511954589,finish=1591049570519983402,duration=8028813,event=ensure_path_components[0Ktravis_time:start:0c86c6ec[0Ktravis_time:end:0c86c6ec:start=1591049570525338694,finish=1591049570528753474,duration=3414780,event=redefine_curl[0Ktravis_time:start:117bfb50[0Ktravis_time:end:117bfb50:start=1591049570534821464,finish=1591049570539284782,duration=4463318,event=nonblock_pipe[0Ktravis_time:start:236af135[0Ktravis_time:end:236af135:start=1591049570545479996,finish=1591049576001633360,duration=5456153364,event=apt_get_update[0Ktravis_time:start:0482dfc0[0Ktravis_time:end:0482dfc0:start=1591049576007936911,finish=1591049576012614584,duration=4677673,event=deprecate_xcode_64[0Ktravis_time:start:190b711c[0Ktravis_time:end:190b711c:start=1591049576018480772,finish=1591049576024617373,duration=6136601,event=update_heroku[0Ktravis_time:start:113ad47c[0Ktravis_time:end:113ad47c:start=1591049576029992999,finish=1591049576034580265,duration=4587266,event=shell_session_update[0Ktravis_time:start:0835ecc5[0Ktravis_fold:start:docker_mtu[0Ktravis_fold:end:docker_mtu[0Ktravis_time:end:0835ecc5:start=1591049576039946108,finish=1591049576073822447,duration=33876339,event=set_docker_mtu[0Ktravis_time:start:2291d3bd[0Ktravis_time:end:2291d3bd:start=1591049576080111975,finish=1591049576097578278,duration=17466303,event=resolvconf[0K
travis_fold:start:install_jdk[0K[33;1mInstalling openjdk6[0m
$ jdk_switcher use "openjdk6"
Switching to OpenJDK6 (java-1.6.0-openjdk-amd64), JAVA_HOME will be set to /usr/lib/jvm/java-6-openjdk-amd64
travis_fold:end:install_jdk[0Ktravis_time:start:0576f390[0Ktravis_time:end:0576f390:start=1591049576120390108,finish=1591049576125391135,duration=5001027,event=fix_ps4[0Ktravis_time:start:0209cc82[0K
$ cd failed/Scout24/deadcode4j

travis_time:end:0209cc82:start=1591049576132997387,finish=1591049576138329937,duration=5332550,event=checkout[0Ktravis_time:start:01ff5220[0K
[33;1mSetting environment variables from .travis.yml[0m
$ export MVN_VERSION=3.0.5

travis_time:end:01ff5220:start=1591049576144456298,finish=1591049576154821817,duration=10365519,event=env[0Ktravis_fold:start:cache.1[0KSetting up build cache
$ export CASHER_DIR=${TRAVIS_HOME}/.casher
travis_time:start:069a67c9[0K$ Installing caching utilities
travis_time:end:069a67c9:start=1591049583750833514,finish=1591049586837478712,duration=3086645198,event=setup_casher[0Ktravis_time:start:012ea940[0K$ Installing caching utilities from the Travis CI server (https:///files/casher) failed, failing over to using GitHub (https://raw.githubusercontent.com/travis-ci/casher/bash/bin/casher)
travis_time:end:012ea940:start=1591049586844405159,finish=1591049586899776627,duration=55371468,event=setup_casher[0Ktravis_time:start:0799a2ff[0Ktravis_time:end:0799a2ff:start=1591049586911578070,finish=1591049586918144964,duration=6566894,event=setup_casher[0Ktravis_time:start:10b1fa6b[0Kattempting to download cache archive[0m
[31;1mcould not download cache[0m
travis_time:end:10b1fa6b:start=1591049586925813174,finish=1591049588264912796,duration=1339099622,event=setup_casher[0Ktravis_time:start:1bd23f3c[0Ktravis_time:end:1bd23f3c:start=1591049588272980365,finish=1591049588278956009,duration=5975644,event=setup_casher[0Ktravis_time:start:0a3aaf06[0Kadding /home/travis/.m2/repository to cache[0m
travis_time:end:0a3aaf06:start=1591049588287407933,finish=1591049589718845586,duration=1431437653,event=setup_casher[0Ktravis_fold:end:cache.1[0K
$ java -Xmx32m -version
$ javac -J-Xmx32m -version
travis_fold:start:before_install.1[0Ktravis_time:start:029d60b4[0K$ MVN_URL=https://archive.apache.org/dist/maven/maven-3/$MVN_VERSION/binaries/apache-maven-$MVN_VERSION-bin.tar.gz
travis_time:end:029d60b4:start=1591049589968480511,finish=1591049589973681100,duration=5200589,event=before_install[0Ktravis_fold:end:before_install.1[0Ktravis_fold:start:before_install.2[0Ktravis_time:start:18ab8bc4[0K$ wget -q -O /tmp/maven.tar.gz $MVN_URL
travis_time:end:18ab8bc4:start=1591049589981095818,finish=1591049592105206493,duration=2124110675,event=before_install[0Ktravis_fold:end:before_install.2[0Ktravis_fold:start:before_install.3[0Ktravis_time:start:005dfb74[0K$ tar xzf /tmp/maven.tar.gz
travis_time:end:005dfb74:start=1591049592112071838,finish=1591049592181045469,duration=68973631,event=before_install[0Ktravis_fold:end:before_install.3[0Ktravis_fold:start:before_install.4[0Ktravis_time:start:2d7ed7fa[0K$ export M2_HOME=`pwd`/apache-maven-$MVN_VERSION
travis_time:end:2d7ed7fa:start=1591049592187942169,finish=1591049592195455742,duration=7513573,event=before_install[0Ktravis_fold:end:before_install.4[0Ktravis_fold:start:before_install.5[0Ktravis_time:start:01a9f8bc[0K$ export PATH=$M2_HOME/bin:$PATH
travis_time:end:01a9f8bc:start=1591049592202140107,finish=1591049592206861479,duration=4721372,event=before_install[0Ktravis_fold:end:before_install.5[0Ktravis_fold:start:before_install.6[0Ktravis_time:start:004fd382[0K$ export MAVEN_SKIP_RC=true
travis_time:end:004fd382:start=1591049592213293431,finish=1591049592217988497,duration=4695066,event=before_install[0Ktravis_fold:end:before_install.6[0Ktravis_fold:start:install.1[0Ktravis_time:start:35b203f2[0K$ mvn -B -U clean verify org.apache.maven.plugins:maven-war-plugin:2.4:help -Dinvoker.skip=true -Dmaven.main.skip=true -Dmaven.plugin.skip=true -Dmaven.test.skip=true -PenableCoverage,travis
[INFO] Scanning for projects...
[WARNING] 
[WARNING] Some problems were encountered while building the effective model for de.is24.mavenplugins:deadcode4j-maven-plugin:maven-plugin:2.2.0-SNAPSHOT
[WARNING] 'dependencies.dependency.exclusions.exclusion.groupId' for org.hibernate:hibernate-annotations:jar with value '*' does not match a valid id pattern. @ line 574, column 30
[WARNING] 'dependencies.dependency.exclusions.exclusion.artifactId' for org.hibernate:hibernate-annotations:jar with value '*' does not match a valid id pattern. @ line 575, column 33
[WARNING] 'dependencies.dependency.exclusions.exclusion.groupId' for org.springframework.data:spring-data-commons:jar with value '*' does not match a valid id pattern. @ line 586, column 30
[WARNING] 'dependencies.dependency.exclusions.exclusion.artifactId' for org.springframework.data:spring-data-commons:jar with value '*' does not match a valid id pattern. @ line 587, column 33
[WARNING] 
[WARNING] It is highly recommended to fix these problems because they threaten the stability of your build.
[WARNING] 
[WARNING] For this reason, future Maven versions might no longer support building such malformed projects.
[WARNING] 
Downloading: http://repo.maven.apache.org/maven2/org/apache/maven/plugins/maven-war-plugin/2.4/maven-war-plugin-2.4.pom
[INFO] ------------------------------------------------------------------------
[INFO] BUILD FAILURE
[INFO] ------------------------------------------------------------------------
[INFO] Total time: 0.524s
[INFO] Finished at: Mon Jun 01 22:13:13 UTC 2020
[INFO] Final Memory: 14M/1962M
[INFO] ------------------------------------------------------------------------
[ERROR] Plugin org.apache.maven.plugins:maven-war-plugin:2.4 or one of its dependencies could not be resolved: Failed to read artifact descriptor for org.apache.maven.plugins:maven-war-plugin:jar:2.4: Could not transfer artifact org.apache.maven.plugins:maven-war-plugin:pom:2.4 from/to central (http://repo.maven.apache.org/maven2): Failed to transfer file: http://repo.maven.apache.org/maven2/org/apache/maven/plugins/maven-war-plugin/2.4/maven-war-plugin-2.4.pom. Return code is: 501 , ReasonPhrase:HTTPS Required. -> [Help 1]
[ERROR] 
[ERROR] To see the full stack trace of the errors, re-run Maven with the -e switch.
[ERROR] Re-run Maven using the -X switch to enable full debug logging.
[ERROR] 
[ERROR] For more information about the errors and possible solutions, please read the following articles:
[ERROR] [Help 1] http://cwiki.apache.org/confluence/display/MAVEN/PluginResolutionException
travis_time:end:35b203f2:start=1591049592224591512,finish=1591049593928071275,duration=1703479763,event=install[0K[31;1mThe command "mvn -B -U clean verify org.apache.maven.plugins:maven-war-plugin:2.4:help -Dinvoker.skip=true -Dmaven.main.skip=true -Dmaven.plugin.skip=true -Dmaven.test.skip=true -PenableCoverage,travis" failed and exited with 1 during .[0m

Your build has been stopped.
