travis_time:start:06d2d662[0Ktravis_time:end:06d2d662:start=1610131571048056181,finish=1610131571432574412,duration=384518231,event=no_world_writable_dirs[0Ktravis_time:start:0c32f378[0Ktravis_time:end:0c32f378:start=1610131571440057771,finish=1610131571445548936,duration=5491165,event=check_unsupported[0Ktravis_time:start:027689fd[0Ktravis_fold:start:system_info[0K[33;1mBuild system information[0m
Build language: node_js
Build group: stable
Build dist: trusty
Build id: ''
Job id: ''
Runtime kernel version: 4.15.0-109-generic
[34m[1mBuild image provisioning date and time[0m
Tue Dec  5 20:11:19 UTC 2017
[34m[1mOperating System Details[0m
Distributor ID:	Ubuntu
Description:	Ubuntu 14.04.5 LTS
Release:	14.04
Codename:	trusty
[34m[1mCookbooks Version[0m
7c2c6a6 https://github.com/travis-ci/travis-cookbooks/tree/7c2c6a6
[34m[1mgit version[0m
git version 2.15.1
[34m[1mbash version[0m
GNU bash, version 4.3.11(1)-release (x86_64-pc-linux-gnu)
[34m[1mgcc version[0m
gcc (Ubuntu 4.8.4-2ubuntu1~14.04.3) 4.8.4
Copyright (C) 2013 Free Software Foundation, Inc.
This is free software; see the source for copying conditions.  There is NO
warranty; not even for MERCHANTABILITY or FITNESS FOR A PARTICULAR PURPOSE.

[34m[1mdocker version[0m
Client:
 Version:      17.09.0-ce
 API version:  1.32
 Go version:   go1.8.3
 Git commit:   afdb6d4
 Built:        Tue Sep 26 22:39:28 2017
 OS/Arch:      linux/amd64
[34m[1mclang version[0m
clang version 5.0.0 (tags/RELEASE_500/final)
Target: x86_64-unknown-linux-gnu
Thread model: posix
InstalledDir: /usr/local/clang-5.0.0/bin
[34m[1mjq version[0m
jq-1.5
[34m[1mbats version[0m
Bats 0.4.0
[34m[1mshellcheck version[0m
0.4.6
[34m[1mshfmt version[0m
v2.0.0
[34m[1mccache version[0m
ccache version 3.1.9

Copyright (C) 2002-2007 Andrew Tridgell
Copyright (C) 2009-2011 Joel Rosdahl

This program is free software; you can redistribute it and/or modify it under
the terms of the GNU General Public License as published by the Free Software
Foundation; either version 3 of the License, or (at your option) any later
version.
[34m[1mcmake version[0m
cmake version 3.9.2

CMake suite maintained and supported by Kitware (kitware.com/cmake).
[34m[1mheroku version[0m
heroku-cli/6.14.39-addc925 (linux-x64) node-v9.2.0
[34m[1mimagemagick version[0m
Version: ImageMagick 6.7.7-10 2017-07-31 Q16 http://www.imagemagick.org
[34m[1mmd5deep version[0m
4.2
[34m[1mmercurial version[0m
Mercurial Distributed SCM (version 4.2.2)
(see https://mercurial-scm.org for more information)

Copyright (C) 2005-2017 Matt Mackall and others
This is free software; see the source for copying conditions. There is NO
warranty; not even for MERCHANTABILITY or FITNESS FOR A PARTICULAR PURPOSE.
[34m[1mmysql version[0m
mysql  Ver 14.14 Distrib 5.6.33, for debian-linux-gnu (x86_64) using  EditLine wrapper
[34m[1mopenssl version[0m
OpenSSL 1.0.1f 6 Jan 2014
[34m[1mpacker version[0m
Packer v1.0.2

Your version of Packer is out of date! The latest version
is 1.1.2. You can update by downloading from www.packer.io
[34m[1mpostgresql client version[0m
psql (PostgreSQL) 9.6.6
[34m[1mragel version[0m
Ragel State Machine Compiler version 6.8 Feb 2013
Copyright (c) 2001-2009 by Adrian Thurston
[34m[1msubversion version[0m
svn, version 1.8.8 (r1568071)
   compiled Aug 10 2017, 17:20:39 on x86_64-pc-linux-gnu

Copyright (C) 2013 The Apache Software Foundation.
This software consists of contributions made by many people;
see the NOTICE file for more information.
Subversion is open source software, see http://subversion.apache.org/

The following repository access (RA) modules are available:

* ra_svn : Module for accessing a repository using the svn network protocol.
  - with Cyrus SASL authentication
  - handles 'svn' scheme
* ra_local : Module for accessing a repository on local disk.
  - handles 'file' scheme
* ra_serf : Module for accessing a repository via WebDAV protocol using serf.
  - using serf 1.3.3
  - handles 'http' scheme
  - handles 'https' scheme

[34m[1msudo version[0m
Sudo version 1.8.9p5
Configure options: --prefix=/usr -v --with-all-insults --with-pam --with-fqdn --with-logging=syslog --with-logfac=authpriv --with-env-editor --with-editor=/usr/bin/editor --with-timeout=15 --with-password-timeout=0 --with-passprompt=[sudo] password for %p:  --without-lecture --with-tty-tickets --disable-root-mailer --enable-admin-flag --with-sendmail=/usr/sbin/sendmail --with-timedir=/var/lib/sudo --mandir=/usr/share/man --libexecdir=/usr/lib/sudo --with-sssd --with-sssd-lib=/usr/lib/x86_64-linux-gnu --with-selinux
Sudoers policy plugin version 1.8.9p5
Sudoers file grammar version 43

Sudoers path: /etc/sudoers
Authentication methods: 'pam'
Syslog facility if syslog is being used for logging: authpriv
Syslog priority to use when user authenticates successfully: notice
Syslog priority to use when user authenticates unsuccessfully: alert
Send mail if the user is not in sudoers
Use a separate timestamp for each user/tty combo
Lecture user the first time they run sudo
Root may run sudo
Allow some information gathering to give useful error messages
Require fully-qualified hostnames in the sudoers file
Visudo will honor the EDITOR environment variable
Set the LOGNAME and USER environment variables
Length at which to wrap log file lines (0 for no wrap): 80
Authentication timestamp timeout: 15.0 minutes
Password prompt timeout: 0.0 minutes
Number of tries to enter a password: 3
Umask to use or 0777 to use user's: 022
Path to mail program: /usr/sbin/sendmail
Flags for mail program: -t
Address to send mail to: root
Subject line for mail messages: *** SECURITY information for %h ***
Incorrect password message: Sorry, try again.
Path to authentication timestamp dir: /var/lib/sudo
Default password prompt: [sudo] password for %p: 
Default user to run commands as: root
Value to override user's $PATH with: /usr/local/sbin:/usr/local/bin:/usr/sbin:/usr/bin:/sbin:/bin:/snap/bin
Path to the editor for use by visudo: /usr/bin/editor
When to require a password for 'list' pseudocommand: any
When to require a password for 'verify' pseudocommand: all
File descriptors >= 3 will be closed before executing a command
Environment variables to check for sanity:
	TZ
	TERM
	LINGUAS
	LC_*
	LANGUAGE
	LANG
	COLORTERM
Environment variables to remove:
	RUBYOPT
	RUBYLIB
	PYTHONUSERBASE
	PYTHONINSPECT
	PYTHONPATH
	PYTHONHOME
	TMPPREFIX
	ZDOTDIR
	READNULLCMD
	NULLCMD
	FPATH
	PERL5DB
	PERL5OPT
	PERL5LIB
	PERLLIB
	PERLIO_DEBUG 
	JAVA_TOOL_OPTIONS
	SHELLOPTS
	GLOBIGNORE
	PS4
	BASH_ENV
	ENV
	TERMCAP
	TERMPATH
	TERMINFO_DIRS
	TERMINFO
	_RLD*
	LD_*
	PATH_LOCALE
	NLSPATH
	HOSTALIASES
	RES_OPTIONS
	LOCALDOMAIN
	CDPATH
	IFS
Environment variables to preserve:
	JAVA_HOME
	TRAVIS
	CI
	DEBIAN_FRONTEND
	XAUTHORIZATION
	XAUTHORITY
	PS2
	PS1
	PATH
	LS_COLORS
	KRB5CCNAME
	HOSTNAME
	HOME
	DISPLAY
	COLORS
Locale to use while parsing sudoers: C
Directory in which to store input/output logs: /var/log/sudo-io
File in which to store the input/output log: %{seq}
Add an entry to the utmp/utmpx file when allocating a pty
PAM service name to use
PAM service name to use for login shells
Create a new PAM session for the command to run in
Maximum I/O log sequence number: 0

Local IP address and netmask pairs:
	172.17.0.2/255.255.0.0

Sudoers I/O plugin version 1.8.9p5
[34m[1mgzip version[0m
gzip 1.6
Copyright (C) 2007, 2010, 2011 Free Software Foundation, Inc.
Copyright (C) 1993 Jean-loup Gailly.
This is free software.  You may redistribute copies of it under the terms of
the GNU General Public License <http://www.gnu.org/licenses/gpl.html>.
There is NO WARRANTY, to the extent permitted by law.

Written by Jean-loup Gailly.
[34m[1mzip version[0m
Copyright (c) 1990-2008 Info-ZIP - Type 'zip "-L"' for software license.
This is Zip 3.0 (July 5th 2008), by Info-ZIP.
Currently maintained by E. Gordon.  Please send bug reports to
the authors using the web page at www.info-zip.org; see README for details.

Latest sources and executables are at ftp://ftp.info-zip.org/pub/infozip,
as of above date; see http://www.info-zip.org/ for other sites.

Compiled with gcc 4.8.2 for Unix (Linux ELF) on Oct 21 2013.

Zip special compilation options:
	USE_EF_UT_TIME       (store Universal Time)
	BZIP2_SUPPORT        (bzip2 library version 1.0.6, 6-Sept-2010)
	    bzip2 code and library copyright (c) Julian R Seward
	    (See the bzip2 license for terms of use)
	SYMLINK_SUPPORT      (symbolic links supported)
	LARGE_FILE_SUPPORT   (can read and write large files on file system)
	ZIP64_SUPPORT        (use Zip64 to store large files in archives)
	UNICODE_SUPPORT      (store and read UTF-8 Unicode paths)
	STORE_UNIX_UIDs_GIDs (store UID/GID sizes/values using new extra field)
	UIDGID_NOT_16BIT     (old Unix 16-bit UID/GID extra field not used)
	[encryption, version 2.91 of 05 Jan 2007] (modified for Zip 3)

Encryption notice:
	The encryption code of this program is not copyrighted and is
	put in the public domain.  It was originally written in Europe
	and, to the best of our knowledge, can be freely distributed
	in both source and object forms from any country, including
	the USA under License Exception TSU of the U.S. Export
	Administration Regulations (section 740.13(e)) of 6 June 2002.

Zip environment options:
             ZIP:  [none]
          ZIPOPT:  [none]
[34m[1mvim version[0m
VIM - Vi IMproved 7.4 (2013 Aug 10, compiled Nov 24 2016 16:43:18)
Included patches: 1-52
Extra patches: 8.0.0056
Modified by pkg-vim-maintainers@lists.alioth.debian.org
Compiled by buildd@
Huge version without GUI.  Features included (+) or not (-):
+acl             +farsi           +mouse_netterm   +syntax
+arabic          +file_in_path    +mouse_sgr       +tag_binary
+autocmd         +find_in_path    -mouse_sysmouse  +tag_old_static
-balloon_eval    +float           +mouse_urxvt     -tag_any_white
-browse          +folding         +mouse_xterm     -tcl
++builtin_terms  -footer          +multi_byte      +terminfo
+byte_offset     +fork()          +multi_lang      +termresponse
+cindent         +gettext         -mzscheme        +textobjects
-clientserver    -hangul_input    +netbeans_intg   +title
-clipboard       +iconv           +path_extra      -toolbar
+cmdline_compl   +insert_expand   -perl            +user_commands
+cmdline_hist    +jumplist        +persistent_undo +vertsplit
+cmdline_info    +keymap          +postscript      +virtualedit
+comments        +langmap         +printer         +visual
+conceal         +libcall         +profile         +visualextra
+cryptv          +linebreak       +python          +viminfo
+cscope          +lispindent      -python3         +vreplace
+cursorbind      +listcmds        +quickfix        +wildignore
+cursorshape     +localmap        +reltime         +wildmenu
+dialog_con      -lua             +rightleft       +windows
+diff            +menu            -ruby            +writebackup
+digraphs        +mksession       +scrollbind      -X11
-dnd             +modify_fname    +signs           -xfontset
-ebcdic          +mouse           +smartindent     -xim
+emacs_tags      -mouseshape      -sniff           -xsmp
+eval            +mouse_dec       +startuptime     -xterm_clipboard
+ex_extra        +mouse_gpm       +statusline      -xterm_save
+extra_search    -mouse_jsbterm   -sun_workshop    -xpm
   system vimrc file: "$VIM/vimrc"
     user vimrc file: "$HOME/.vimrc"
 2nd user vimrc file: "~/.vim/vimrc"
      user exrc file: "$HOME/.exrc"
  fall-back for $VIM: "/usr/share/vim"
Compilation: gcc -c -I. -Iproto -DHAVE_CONFIG_H     -g -O2 -fstack-protector --param=ssp-buffer-size=4 -Wformat -Werror=format-security -U_FORTIFY_SOURCE -D_FORTIFY_SOURCE=1      
Linking: gcc   -Wl,-Bsymbolic-functions -Wl,-z,relro -Wl,--as-needed -o vim        -lm -ltinfo -lnsl  -lselinux  -lacl -lattr -lgpm -ldl    -L/usr/lib/python2.7/config-x86_64-linux-gnu -lpython2.7 -lpthread -ldl -lutil -lm -Xlinker -export-dynamic -Wl,-O1 -Wl,-Bsymbolic-functions      
[34m[1miptables version[0m
iptables v1.4.21
[34m[1mcurl version[0m
curl 7.35.0 (x86_64-pc-linux-gnu) libcurl/7.35.0 OpenSSL/1.0.1f zlib/1.2.8 libidn/1.28 librtmp/2.3
[34m[1mwget version[0m
GNU Wget 1.15 built on linux-gnu.
[34m[1mrsync version[0m
rsync  version 3.1.0  protocol version 31
[34m[1mgimme version[0m
v1.2.0
[34m[1mnvm version[0m
0.33.6
[34m[1mperlbrew version[0m
/home/travis/perl5/perlbrew/bin/perlbrew  - App::perlbrew/0.80
[34m[1mphpenv version[0m
rbenv 1.1.1-25-g6aa70b6
[34m[1mrvm version[0m
rvm 1.29.3 (latest) by Michal Papis, Piotr Kuczynski, Wayne E. Seguin [https://rvm.io]
[34m[1mdefault ruby version[0m
ruby 2.4.1p111 (2017-03-22 revision 58053) [x86_64-linux]
[34m[1mCouchDB version[0m
couchdb 1.6.1
[34m[1mElasticSearch version[0m
5.5.0
[34m[1mInstalled Firefox version[0m
firefox 56.0.2
[34m[1mMongoDB version[0m
MongoDB 3.4.10
[34m[1mPhantomJS version[0m
2.1.1
[34m[1mPre-installed PostgreSQL versions[0m
9.2.24
9.3.20
9.4.15
9.5.10
9.6.6
[34m[1mRabbitMQ Version[0m
3.6.14
[34m[1mRedis version[0m
redis-server 4.0.6
[34m[1mriak version[0m
2.2.3
[34m[1mPre-installed Go versions[0m
1.7.4
[34m[1mant version[0m
Apache Ant(TM) version 1.9.3 compiled on April 8 2014
[34m[1mmvn version[0m
Apache Maven 3.5.2 (138edd61fd100ec658bfa2d307c43b76940a5d7d; 2017-10-18T07:58:13Z)
Maven home: /usr/local/maven-3.5.2
Java version: 1.8.0_151, vendor: Oracle Corporation
Java home: /usr/lib/jvm/java-8-oracle/jre
Default locale: en_US, platform encoding: UTF-8
OS name: "linux", version: "4.4.0-101-generic", arch: "amd64", family: "unix"
[34m[1mgradle version[0m

------------------------------------------------------------
Gradle 4.0.1
------------------------------------------------------------

Build time:   2017-07-07 14:02:41 UTC
Revision:     38e5dc0f772daecca1d2681885d3d85414eb6826

Groovy:       2.4.11
Ant:          Apache Ant(TM) version 1.9.6 compiled on June 29 2015
JVM:          1.8.0_151 (Oracle Corporation 25.151-b12)
OS:           Linux 4.4.0-101-generic amd64

[34m[1mlein version[0m
Leiningen 2.8.1 on Java 1.8.0_151 Java HotSpot(TM) 64-Bit Server VM
[34m[1mPre-installed Node.js versions[0m
v4.8.6
v6.12.0
v6.12.1
v8.9
v8.9.1
[34m[1mphpenv versions[0m
  system
  5.6
* 5.6.32 (set by /home/travis/.phpenv/version)
  7.0
  7.0.25
  7.1
  7.1.11
  hhvm
  hhvm-stable
[34m[1mcomposer --version[0m
Composer version 1.5.2 2017-09-11 16:59:25
[34m[1mPre-installed Ruby versions[0m
ruby-2.2.7
ruby-2.3.4
ruby-2.4.1
travis_fold:end:system_info[0K
travis_time:end:027689fd:start=1610131571453243504,finish=1610131571463766867,duration=10523363,event=show_system_info[0Ktravis_time:start:02b4d9e4[0Ktravis_time:end:02b4d9e4:start=1610131571470583121,finish=1610131571490865437,duration=20282316,event=rm_riak_source[0Ktravis_time:start:1b3e0c3f[0Ktravis_time:end:1b3e0c3f:start=1610131571497717684,finish=1610131571509747335,duration=12029651,event=fix_rwky_redis[0Ktravis_time:start:1402f57a[0K[31;1mTimeout waiting for network availability.[0m
travis_time:end:1402f57a:start=1610131571516847506,finish=1610131592315180694,duration=20798333188,event=wait_for_network[0Ktravis_time:start:01bc8491[0Ktravis_time:end:01bc8491:start=1610131592323895009,finish=1610131594118201337,duration=1794306328,event=update_apt_keys[0Ktravis_time:start:1e0429cc[0Ktravis_time:end:1e0429cc:start=1610131594125999688,finish=1610131595643957277,duration=1517957589,event=fix_hhvm_source[0Ktravis_time:start:00bea604[0Ktravis_time:end:00bea604:start=1610131595653295478,finish=1610131595661401980,duration=8106502,event=update_mongo_arch[0Ktravis_time:start:00047930[0Ktravis_time:end:00047930:start=1610131595670682608,finish=1610131595739023214,duration=68340606,event=fix_sudo_enabled_trusty[0Ktravis_time:start:028b337e[0Ktravis_time:end:028b337e:start=1610131595747931025,finish=1610131595769292811,duration=21361786,event=clean_up_path[0Ktravis_time:start:015df113[0Ktravis_time:end:015df113:start=1610131595777976507,finish=1610131595798272044,duration=20295537,event=fix_resolv_conf[0Ktravis_time:start:08f0e3f3[0Ktravis_time:end:08f0e3f3:start=1610131595806911572,finish=1610131595829576000,duration=22664428,event=fix_etc_hosts[0Ktravis_time:start:05633e64[0Ktravis_time:end:05633e64:start=1610131595838324796,finish=1610131595879053819,duration=40729023,event=fix_mvn_settings_xml[0Ktravis_time:start:0b1b4a74[0Ktravis_time:end:0b1b4a74:start=1610131595886719751,finish=1610131595908596215,duration=21876464,event=no_ipv6_localhost[0Ktravis_time:start:0188bec0[0Ktravis_time:end:0188bec0:start=1610131595916098863,finish=1610131595921511309,duration=5412446,event=fix_etc_mavenrc[0Ktravis_time:start:03963180[0Ktravis_time:end:03963180:start=1610131595928869188,finish=1610131595936976302,duration=8107114,event=fix_wwdr_certificate[0Ktravis_time:start:1ae0d490[0Ktravis_time:end:1ae0d490:start=1610131595944970188,finish=1610131595994173711,duration=49203523,event=put_localhost_first[0Ktravis_time:start:112a2fa9[0Ktravis_time:end:112a2fa9:start=1610131596002474155,finish=1610131596009338086,duration=6863931,event=home_paths[0Ktravis_time:start:0412b4dc[0Ktravis_time:end:0412b4dc:start=1610131596018102033,finish=1610131596052679868,duration=34577835,event=disable_initramfs[0Ktravis_time:start:0e7a319e[0Ktravis_time:end:0e7a319e:start=1610131596060769736,finish=1610131596212670157,duration=151900421,event=disable_ssh_roaming[0Ktravis_time:start:13768610[0Ktravis_time:end:13768610:start=1610131596221349240,finish=1610131596227729474,duration=6380234,event=debug_tools[0Ktravis_time:start:029aaefa[0Ktravis_time:end:029aaefa:start=1610131596235877455,finish=1610131596244433612,duration=8556157,event=uninstall_oclint[0Ktravis_time:start:239b4cfc[0Ktravis_time:end:239b4cfc:start=1610131596253001447,finish=1610131596261327671,duration=8326224,event=rvm_use[0Ktravis_time:start:2627b926[0Ktravis_time:end:2627b926:start=1610131596269662092,finish=1610131596286499048,duration=16836956,event=rm_etc_boto_cfg[0Ktravis_time:start:106df0cf[0Ktravis_time:end:106df0cf:start=1610131596294953597,finish=1610131596301366817,duration=6413220,event=rm_oraclejdk8_symlink[0Ktravis_time:start:0a375d79[0Ktravis_time:end:0a375d79:start=1610131596309272181,finish=1610131596397633751,duration=88361570,event=enable_i386[0Ktravis_time:start:077ad6f0[0Ktravis_time:end:077ad6f0:start=1610131596406219262,finish=1610131596415645540,duration=9426278,event=update_rubygems[0Ktravis_time:start:2f22e74b[0Ktravis_time:end:2f22e74b:start=1610131596424269848,finish=1610131597645363926,duration=1221094078,event=ensure_path_components[0Ktravis_time:start:007c25f4[0Ktravis_time:end:007c25f4:start=1610131597654560977,finish=1610131597660460798,duration=5899821,event=redefine_curl[0Ktravis_time:start:02f93b32[0Ktravis_time:end:02f93b32:start=1610131597669854039,finish=1610131597676468282,duration=6614243,event=nonblock_pipe[0Ktravis_time:start:0166ba92[0Ktravis_time:end:0166ba92:start=1610131597685050277,finish=1610131606041074330,duration=8356024053,event=apt_get_update[0Ktravis_time:start:0bc609e0[0Ktravis_time:end:0bc609e0:start=1610131606049646261,finish=1610131606056173987,duration=6527726,event=deprecate_xcode_64[0Ktravis_time:start:2d4a9310[0Ktravis_time:end:2d4a9310:start=1610131606064858310,finish=1610131613884579362,duration=7819721052,event=update_heroku[0Ktravis_time:start:0849a434[0Ktravis_time:end:0849a434:start=1610131613894107911,finish=1610131613900947186,duration=6839275,event=shell_session_update[0Ktravis_time:start:044268ea[0Ktravis_fold:start:docker_mtu[0Ktee: /etc/docker/daemon.json: No such file or directory
docker: unrecognized service
travis_fold:end:docker_mtu[0Ktravis_time:end:044268ea:start=1610131613909490088,finish=1610131613955803400,duration=46313312,event=set_docker_mtu[0Ktravis_time:start:09105915[0Ktravis_fold:start:resolvconf[0Kinitctl: Unable to connect to Upstart: Failed to connect to socket /com/ubuntu/upstart: Connection refused
 * Restarting resolvconf...
   ...done.
travis_fold:end:resolvconf[0Ktravis_time:end:09105915:start=1610131613965476083,finish=1610131614061682740,duration=96206657,event=resolvconf[0Ktravis_time:start:070ea242[0Ktravis_time:end:070ea242:start=1610131614071482204,finish=1610131614078129667,duration=6647463,event=fix_ps4[0Ktravis_time:start:00afdc2a[0K
$ cd failed/nextapps-de/flexsearch

travis_time:end:00afdc2a:start=1610131614086604374,finish=1610131614411464513,duration=324860139,event=checkout[0Ktravis_time:start:0115e4c9[0Ktravis_time:end:0115e4c9:start=1610131614420221733,finish=1610131617522721128,duration=3102499395,event=env[0Ktravis_fold:start:nvm.install[0Ktravis_time:start:033d0326[0K$ nvm install stable
Downloading and installing node v15.5.1...
Downloading https://nodejs.org/dist/v15.5.1/node-v15.5.1-linux-x64.tar.xz...
Computing checksum with sha256sum
Checksums matched!
Now using node v15.5.1 (npm v7.3.0)
travis_time:end:033d0326:start=1610131617538544261,finish=1610131623709340806,duration=6170796545,event=setup[0Ktravis_fold:end:nvm.install[0K
travis_fold:start:cache.1[0KSetting up build cache
$ export CASHER_DIR=${TRAVIS_HOME}/.casher
travis_time:start:07249c14[0K$ Installing caching utilities
curl: (6) Could not resolve host: https

[31;1mThe command "eval curl -sf  -o $CASHER_DIR/bin/casher https:///files/casher " failed. Retrying, 2 of 3.[0m

curl: (6) Could not resolve host: https

[31;1mThe command "eval curl -sf  -o $CASHER_DIR/bin/casher https:///files/casher " failed. Retrying, 3 of 3.[0m

curl: (6) Could not resolve host: https

[31;1mThe command "eval curl -sf  -o $CASHER_DIR/bin/casher https:///files/casher " failed 3 times.[0m

travis_time:end:07249c14:start=1610131629594274281,finish=1610131641804856183,duration=12210581902,event=setup_casher[0Ktravis_time:start:2c61c8a6[0K$ Installing caching utilities from the Travis CI server (https:///files/casher) failed, failing over to using GitHub (https://raw.githubusercontent.com/travis-ci/casher/bash/bin/casher)
travis_time:end:2c61c8a6:start=1610131641814891346,finish=1610131641887211178,duration=72319832,event=setup_casher[0Ktravis_time:start:003ba588[0Ktravis_time:end:003ba588:start=1610131641901192018,finish=1610131641909017769,duration=7825751,event=setup_casher[0Ktravis_time:start:0a05d230[0Kattempting to download cache archive[0m
[31;1mcould not download cache[0m
travis_time:end:0a05d230:start=1610131641919109821,finish=1610131643416387384,duration=1497277563,event=setup_casher[0Ktravis_fold:end:cache.1[0K
travis_fold:start:cache.npm[0K
travis_time:start:31c83e74[0Ktravis_time:end:31c83e74:start=1610131643754726931,finish=1610131643761415958,duration=6689027,event=setup_cache[0Ktravis_time:start:1423ccbf[0Kadding /home/travis/build/failed/nextapps-de/flexsearch/node_modules to cache[0m
creating directory /home/travis/build/failed/nextapps-de/flexsearch/node_modules[0m
travis_time:end:1423ccbf:start=1610131643769989938,finish=1610131645411077475,duration=1641087537,event=setup_cache[0Ktravis_fold:end:cache.npm[0K$ node --version
v15.5.1
$ npm --version
7.3.0
$ nvm --version
0.33.6

travis_fold:start:install.npm[0Ktravis_time:start:00885fe0[0K$ npm install 
npm WARN deprecated sntp@0.2.4: This module moved to @hapi/sntp. Please make sure to switch over as this distribution is no longer supported and may contain bugs and critical security issues.
npm WARN deprecated cryptiles@0.2.2: This version has been deprecated in accordance with the hapi support policy (hapi.im/support). Please upgrade to the latest version to get the best features, bug fixes, and security patches. If you are unable to upgrade at this time, paid support is available for older versions (hapi.im/commercial).
npm WARN deprecated node-uuid@1.4.8: Use uuid module instead
npm WARN deprecated boom@0.4.2: This version has been deprecated in accordance with the hapi support policy (hapi.im/support). Please upgrade to the latest version to get the best features, bug fixes, and security patches. If you are unable to upgrade at this time, paid support is available for older versions (hapi.im/commercial).
npm WARN deprecated hoek@0.9.1: This version has been deprecated in accordance with the hapi support policy (hapi.im/support). Please upgrade to the latest version to get the best features, bug fixes, and security patches. If you are unable to upgrade at this time, paid support is available for older versions (hapi.im/commercial).
npm WARN deprecated hoek@0.9.1: This version has been deprecated in accordance with the hapi support policy (hapi.im/support). Please upgrade to the latest version to get the best features, bug fixes, and security patches. If you are unable to upgrade at this time, paid support is available for older versions (hapi.im/commercial).
npm WARN deprecated hoek@0.9.1: This version has been deprecated in accordance with the hapi support policy (hapi.im/support). Please upgrade to the latest version to get the best features, bug fixes, and security patches. If you are unable to upgrade at this time, paid support is available for older versions (hapi.im/commercial).
npm WARN deprecated har-validator@5.1.5: this library is no longer supported
npm WARN deprecated ini@1.1.0: Please update to ini >=1.3.6 to avoid a prototype pollution issue
npm WARN deprecated npmconf@0.0.24: this package has been reintegrated into npm and is now out of date with respect to npm
npm WARN deprecated topo@3.0.3: This module has moved and is now available at @hapi/topo. Please update your dependencies as this version is no longer maintained an may contain bugs and security issues.
npm WARN deprecated hoek@6.1.3: This module has moved and is now available at @hapi/hoek. Please update your dependencies as this version is no longer maintained an may contain bugs and security issues.
npm WARN deprecated mkdirp@0.3.5: Legacy versions of mkdirp are no longer supported. Please update to mkdirp 1.x. (Note that the API surface has changed to use Promises in 1.x.)
npm WARN deprecated hoek@5.0.4: This version has been deprecated in accordance with the hapi support policy (hapi.im/support). Please upgrade to the latest version to get the best features, bug fixes, and security patches. If you are unable to upgrade at this time, paid support is available for older versions (hapi.im/commercial).
npm WARN deprecated request-promise@4.2.6: request-promise has been deprecated because it extends the now deprecated request package, see https://github.com/request/request/issues/3142
npm WARN deprecated hawk@1.0.0: This module moved to @hapi/hawk. Please make sure to switch over as this distribution is no longer supported and may contain bugs and critical security issues.
npm WARN deprecated mkdirp@0.3.5: Legacy versions of mkdirp are no longer supported. Please update to mkdirp 1.x. (Note that the API surface has changed to use Promises in 1.x.)
npm WARN deprecated request@2.36.0: request has been deprecated, see https://github.com/request/request/issues/3142
npm WARN deprecated mkdirp@0.5.1: Legacy versions of mkdirp are no longer supported. Please update to mkdirp 1.x. (Note that the API surface has changed to use Promises in 1.x.)
npm WARN deprecated phantomjs-prebuilt@2.1.16: this package is now deprecated
npm WARN deprecated request@2.88.2: request has been deprecated, see https://github.com/request/request/issues/3142
npm WARN deprecated codacy-coverage@3.4.0: Package being deprecated in favor of https://github.com/codacy/codacy-coverage-reporter
npm WARN deprecated joi@13.7.0: This version has been deprecated in accordance with the hapi support policy (hapi.im/support). Please upgrade to the latest version to get the best features, bug fixes, and security patches. If you are unable to upgrade at this time, paid support is available for older versions (hapi.im/commercial).

added 294 packages, and audited 432 packages in 27s

1 package is looking for funding
  run `npm fund` for details

28 vulnerabilities (11 low, 8 moderate, 8 high, 1 critical)

To address issues that do not require attention, run:
  npm audit fix

To address all issues (including breaking changes), run:
  npm audit fix --force

Run `npm audit` for details.
travis_time:end:00885fe0:start=1610131646077152763,finish=1610131673701163133,duration=27624010370,event=install[0Ktravis_fold:end:install.npm[0K
travis_time:start:0234fbcd[0K$ npm test

> flexsearch@0.5.2 test
> npm run test-develop && npm run test-production && npm run test-light && npm run test-browser


> flexsearch@0.5.2 test-develop
> nyc --reporter=html --reporter=text mocha --timeout=3000 --exit



  Index Multi-Field Documents (ES6)
    âœ“ Should have been indexed properly (Async)
    âœ“ Should have been indexed properly (Worker)

  Initialize
    âœ“ Should have been initialized successfully
    âœ“ Should have all provided methods
    âœ“ Should have the correct options

  Add (Sync)
    âœ“ Should have been added to the index
    âœ“ Should not have been added to the index

  Search (Sync)
    âœ“ Should have been matched from index
    âœ“ Should have been limited
    âœ“ Should not have been matched from index

  Update (Sync)
    âœ“ Should have been updated to the index
    âœ“ Should not have been updated to the index

  Remove (Sync)
    âœ“ Should have been removed from the index

  Apply Sort by Scoring
    âœ“ Should have been sorted properly by scoring
    âœ“ Should have been sorted properly by threshold

  Add (Async)
    âœ“ Should have been added to the index
    âœ“ Should not have been added to the index

  Search (Async)
    âœ“ Should have been matched from index
    âœ“ Should have been limited
    âœ“ Should not have been matched from index

  Update (Async)
    âœ“ Should have been updated to the index
    âœ“ Should not have been updated to the index

  Remove (Async)
    âœ“ Should have been removed from the index

  Worker Not Supported
    âœ“ Should not support worker

  Encoding
    âœ“ Should have been encoded properly: iCase
    âœ“ Should have been encoded properly: Simple
    âœ“ Should have been encoded properly: Advanced
    âœ“ Should have been encoded properly: Extra
    âœ“ Should have been encoded properly: Custom Encoder
    âœ“ Should have been encoded properly: Custom Encoder

  CJK Word Break
    âœ“ Should have been tokenized properly

  RTL Support
    âœ“ Should have been scored properly

  Context
    âœ“ Should have been added properly to the context

  Options
    âœ“ Should have been added properly to the index: Strict
    âœ“ Should have been added properly to the index: Forward
    âœ“ Should have been added properly to the index: Inverse
    âœ“ Should have been added properly to the index: Full
    âœ“ Should have been added properly to the index: Full

  Filter
    âœ“ Should have been filtered properly
    âœ“ Should have been filtered properly (custom function)

  Stemmer
    âœ“ Should have been stemmed properly
    âœ“ Should have been stemmed properly (custom function)

  Relevance
    âœ“ Should have been sorted by relevance properly

  Suggestions
    âœ“ Should have been suggested properly by relevance

  Where/Find
    âœ“ Should have been found properly

  Index Multi-Field Documents
    âœ“ Should have been indexed properly
    âœ“ Should have been indexed properly (custom fields)
    âœ“ Should have been unique results
    âœ“ Should have been sorted properly

  Export / Import
    âœ“ Should have been exported properly
    âœ“ Should have been imported properly

  Add Matchers
    âœ“ Should have been added properly

  Caching
    âœ“ Should have been cached properly

  Debug
    âœ“ Should have been debug mode activated

  Chaining
    âœ“ Should have been chained properly


  55 passing (276ms)

---------------|----------|----------|----------|----------|-------------------|
File           |  % Stmts | % Branch |  % Funcs |  % Lines | Uncovered Line #s |
---------------|----------|----------|----------|----------|-------------------|
All files      |    73.36 |    66.51 |    84.15 |    73.29 |                   |
 flexsearch.js |    73.36 |    66.51 |    84.15 |    73.29 |... 3672,3674,3677 |
---------------|----------|----------|----------|----------|-------------------|

> flexsearch@0.5.2 test-production
> nyc --reporter=html --reporter=text mocha --timeout=3000 test --exit



  Index Multi-Field Documents (ES6)
    âœ“ Should have been indexed properly (Async)
    âœ“ Should have been indexed properly (Worker)

  Initialize
    âœ“ Should have been initialized successfully
    âœ“ Should have all provided methods
    âœ“ Should have the correct options

  Add (Sync)
    âœ“ Should have been added to the index
    âœ“ Should not have been added to the index

  Search (Sync)
    âœ“ Should have been matched from index
    âœ“ Should have been limited
    âœ“ Should not have been matched from index

  Update (Sync)
    âœ“ Should have been updated to the index
    âœ“ Should not have been updated to the index

  Remove (Sync)
    âœ“ Should have been removed from the index

  Apply Sort by Scoring
    âœ“ Should have been sorted properly by scoring
    âœ“ Should have been sorted properly by threshold

  Add (Async)
    âœ“ Should have been added to the index
    âœ“ Should not have been added to the index

  Search (Async)
    âœ“ Should have been matched from index
    âœ“ Should have been limited
    âœ“ Should not have been matched from index

  Update (Async)
    âœ“ Should have been updated to the index
    âœ“ Should not have been updated to the index

  Remove (Async)
    âœ“ Should have been removed from the index

  Worker Not Supported
    âœ“ Should not support worker

  Encoding
    âœ“ Should have been encoded properly: iCase
    âœ“ Should have been encoded properly: Simple
    âœ“ Should have been encoded properly: Advanced
    âœ“ Should have been encoded properly: Extra
    âœ“ Should have been encoded properly: Custom Encoder
    âœ“ Should have been encoded properly: Custom Encoder

  CJK Word Break
    âœ“ Should have been tokenized properly

  RTL Support
    âœ“ Should have been scored properly

  Context
    âœ“ Should have been added properly to the context

  Options
    âœ“ Should have been added properly to the index: Strict
    âœ“ Should have been added properly to the index: Forward
    âœ“ Should have been added properly to the index: Inverse
    âœ“ Should have been added properly to the index: Full
    âœ“ Should have been added properly to the index: Full

  Filter
    âœ“ Should have been filtered properly
    âœ“ Should have been filtered properly (custom function)

  Stemmer
    âœ“ Should have been stemmed properly
    âœ“ Should have been stemmed properly (custom function)

  Relevance
    âœ“ Should have been sorted by relevance properly

  Suggestions
    âœ“ Should have been suggested properly by relevance

  Where/Find
    âœ“ Should have been found properly

  Index Multi-Field Documents
    âœ“ Should have been indexed properly
    âœ“ Should have been indexed properly (custom fields)
    âœ“ Should have been unique results
    âœ“ Should have been sorted properly

  Export / Import
    âœ“ Should have been exported properly
    âœ“ Should have been imported properly

  Add Matchers
    âœ“ Should have been added properly

  Caching
    âœ“ Should have been cached properly

  Chaining
    âœ“ Should have been chained properly


  54 passing (256ms)

--------------------|----------|----------|----------|----------|-------------------|
File                |  % Stmts | % Branch |  % Funcs |  % Lines | Uncovered Line #s |
--------------------|----------|----------|----------|----------|-------------------|
All files           |    57.25 |    52.44 |    66.03 |    45.67 |                   |
 flexsearch         |    43.89 |    36.47 |       50 |    44.18 |                   |
  flexsearch.js     |    43.89 |    36.47 |       50 |    44.18 |... 3672,3674,3677 |
 flexsearch/dist    |    76.88 |    73.54 |    83.78 |    93.55 |                   |
  flexsearch.min.js |    76.88 |    73.54 |    83.78 |    93.55 |             14,32 |
--------------------|----------|----------|----------|----------|-------------------|

> flexsearch@0.5.2 test-light
> nyc --reporter=html --reporter=text mocha --timeout=3000 test/ --exit



  Index Multi-Field Documents (ES6)
    âœ“ Should have been indexed properly (Async)
    âœ“ Should have been indexed properly (Worker)

  Initialize
    âœ“ Should have been initialized successfully
    âœ“ Should have all provided methods
    âœ“ Should have the correct options

  Add (Sync)
    âœ“ Should have been added to the index
    âœ“ Should not have been added to the index

  Search (Sync)
    âœ“ Should have been matched from index
    âœ“ Should have been limited
    âœ“ Should not have been matched from index

  Update (Sync)
    âœ“ Should have been updated to the index
    âœ“ Should not have been updated to the index

  Remove (Sync)
    âœ“ Should have been removed from the index

  Apply Sort by Scoring
    âœ“ Should have been sorted properly by scoring
    âœ“ Should have been sorted properly by threshold

  Encoding
    âœ“ Should have been encoded properly: iCase
    âœ“ Should have been encoded properly: Custom Encoder
    âœ“ Should have been encoded properly: Custom Encoder

  CJK Word Break
    âœ“ Should have been tokenized properly

  RTL Support
    âœ“ Should have been scored properly

  Context
    âœ“ Should have been added properly to the context

  Options
    âœ“ Should have been added properly to the index: Strict
    âœ“ Should have been added properly to the index: Forward
    âœ“ Should have been added properly to the index: Inverse
    âœ“ Should have been added properly to the index: Full

  Filter
    1) Should have been filtered properly
    âœ“ Should have been filtered properly (custom function)

  Stemmer
    âœ“ Should have been stemmed properly
    âœ“ Should have been stemmed properly (custom function)

  Relevance
    âœ“ Should have been sorted by relevance properly

  Add Matchers
    âœ“ Should have been added properly

  Chaining
    âœ“ Should have been chained properly


  31 passing (106ms)
  1 failing

  1) Filter
       Should have been filtered properly:
     AssertionError: expected [] to include 0
      at Context.<anonymous> (test/test.js:1029:58)
      at processImmediate (node:internal/timers:463:21)



----------------------|----------|----------|----------|----------|-------------------|
File                  |  % Stmts | % Branch |  % Funcs |  % Lines | Uncovered Line #s |
----------------------|----------|----------|----------|----------|-------------------|
All files             |    54.33 |    48.73 |    62.28 |    44.79 |                   |
 flexsearch           |    43.89 |    36.47 |       50 |    44.18 |                   |
  flexsearch.js       |    43.89 |    36.47 |       50 |    44.18 |... 3672,3674,3677 |
 flexsearch/dist      |    94.53 |    87.27 |    93.75 |      100 |                   |
  flexsearch.light.js |    94.53 |    87.27 |    93.75 |      100 |... 14,15,16,17,18 |
----------------------|----------|----------|----------|----------|-------------------|
npm ERR! code 1
npm ERR! path /home/travis/build/failed/nextapps-de/flexsearch
npm ERR! command failed
npm ERR! command sh -c nyc --reporter=html --reporter=text mocha --timeout=3000 test/ --exit

npm ERR! A complete log of this run can be found in:
npm ERR!     /home/travis/.npm/_logs/2021-01-08T18_48_04_682Z-debug.log
npm ERR! code 1
npm ERR! path /home/travis/build/failed/nextapps-de/flexsearch
npm ERR! command failed
npm ERR! command sh -c npm run test-develop && npm run test-production && npm run test-light && npm run test-browser

npm ERR! A complete log of this run can be found in:
npm ERR!     /home/travis/.npm/_logs/2021-01-08T18_48_04_718Z-debug.log
travis_time:end:0234fbcd:start=1610131673710941718,finish=1610131684743622582,duration=11032680864,event=[0K[31;1mThe command "npm test" exited with 1.[0m
travis_fold:start:cache.2[0Kstore build cache
travis_time:start:2138f7ae[0Ktravis_time:end:2138f7ae:start=1610131684754022124,finish=1610131684761047612,duration=7025488,event=cache[0Ktravis_time:start:08692131[0K[32;1mchanges detected, packing new archive[0m
[32;1muploading /[0m
[31;1mfailed to upload cache[0m
travis_time:end:08692131:start=1610131684769485536,finish=1610131690955525817,duration=6186040281,event=cache[0Ktravis_fold:end:cache.2[0K

Done. Your build exited with 1.
