travis_fold:start:system_info[0K[33;1mBuild system information[0m
Build language: java
Build group: stable
Build dist: precise
Build id: ''
Job id: ''
[34m[1mBuild image provisioning date and time[0m
Thu Feb  5 15:09:33 UTC 2015
[34m[1mOperating System Details[0m
Distributor ID:	Ubuntu
Description:	Ubuntu 12.04.5 LTS
Release:	12.04
Codename:	precise
[34m[1mLinux Version[0m
3.13.0-29-generic
[34m[1mCookbooks Version[0m
a68419e https://github.com/travis-ci/travis-cookbooks/tree/a68419e
[34m[1mGCC version[0m
gcc (Ubuntu/Linaro 4.6.3-1ubuntu5) 4.6.3
Copyright (C) 2011 Free Software Foundation, Inc.
This is free software; see the source for copying conditions.  There is NO
warranty; not even for MERCHANTABILITY or FITNESS FOR A PARTICULAR PURPOSE.

[34m[1mLLVM version[0m
clang version 3.4 (tags/RELEASE_34/final)
Target: x86_64-unknown-linux-gnu
Thread model: posix
[34m[1mPre-installed Ruby versions[0m
ruby-1.9.3-p551
[34m[1mPre-installed Node.js versions[0m
v0.10.36
[34m[1mPre-installed Go versions[0m
1.4.1
[34m[1mRedis version[0m
redis-server 2.8.19
[34m[1mriak version[0m
2.0.2
[34m[1mMongoDB version[0m
MongoDB 2.4.12
[34m[1mCouchDB version[0m
couchdb 1.6.1
[34m[1mNeo4j version[0m
1.9.4
[34m[1mRabbitMQ Version[0m
3.4.3
[34m[1mElasticSearch version[0m
1.4.0
[34m[1mInstalled Sphinx versions[0m
2.0.10
2.1.9
2.2.6
[34m[1mDefault Sphinx version[0m
2.2.6
[34m[1mInstalled Firefox version[0m
firefox 31.0esr
[34m[1mPhantomJS version[0m
1.9.8
[34m[1mant -version[0m
Apache Ant(TM) version 1.8.2 compiled on December 3 2011
[34m[1mmvn -version[0m
Apache Maven 3.2.5 (12a6b3acb947671f09b81f49094c53f426d8cea1; 2014-12-14T17:29:23+00:00)
Maven home: /usr/local/maven
Java version: 1.7.0_76, vendor: Oracle Corporation
Java home: /usr/lib/jvm/java-7-oracle/jre
Default locale: en_US, platform encoding: ANSI_X3.4-1968
OS name: "linux", version: "3.13.0-29-generic", arch: "amd64", family: "unix"
travis_fold:end:system_info[0K
grep: /etc/apt/sources.list.d/*: No such file or directory
W: Failed to fetch http://us.archive.ubuntu.com/ubuntu/dists/precise/main/source/Sources  404  Not Found [IP: 91.189.91.38 80]

W: Failed to fetch http://us.archive.ubuntu.com/ubuntu/dists/precise/restricted/source/Sources  404  Not Found [IP: 91.189.91.38 80]

W: Failed to fetch http://us.archive.ubuntu.com/ubuntu/dists/precise/universe/source/Sources  404  Not Found [IP: 91.189.91.38 80]

W: Failed to fetch http://us.archive.ubuntu.com/ubuntu/dists/precise/multiverse/source/Sources  404  Not Found [IP: 91.189.91.38 80]

W: Failed to fetch http://us.archive.ubuntu.com/ubuntu/dists/precise/main/binary-amd64/Packages  404  Not Found [IP: 91.189.91.38 80]

W: Failed to fetch http://us.archive.ubuntu.com/ubuntu/dists/precise/restricted/binary-amd64/Packages  404  Not Found [IP: 91.189.91.38 80]

W: Failed to fetch http://us.archive.ubuntu.com/ubuntu/dists/precise/universe/binary-amd64/Packages  404  Not Found [IP: 91.189.91.38 80]

W: Failed to fetch http://us.archive.ubuntu.com/ubuntu/dists/precise/multiverse/binary-amd64/Packages  404  Not Found [IP: 91.189.91.38 80]

W: Failed to fetch http://us.archive.ubuntu.com/ubuntu/dists/precise/main/binary-i386/Packages  404  Not Found [IP: 91.189.91.38 80]

W: Failed to fetch http://us.archive.ubuntu.com/ubuntu/dists/precise/restricted/binary-i386/Packages  404  Not Found [IP: 91.189.91.38 80]

W: Failed to fetch http://us.archive.ubuntu.com/ubuntu/dists/precise/universe/binary-i386/Packages  404  Not Found [IP: 91.189.91.38 80]

W: Failed to fetch http://us.archive.ubuntu.com/ubuntu/dists/precise/multiverse/binary-i386/Packages  404  Not Found [IP: 91.189.91.38 80]

W: Failed to fetch http://us.archive.ubuntu.com/ubuntu/dists/precise-updates/main/source/Sources  404  Not Found [IP: 91.189.91.38 80]

W: Failed to fetch http://us.archive.ubuntu.com/ubuntu/dists/precise-updates/restricted/source/Sources  404  Not Found [IP: 91.189.91.38 80]

W: Failed to fetch http://us.archive.ubuntu.com/ubuntu/dists/precise-updates/universe/source/Sources  404  Not Found [IP: 91.189.91.38 80]

W: Failed to fetch http://us.archive.ubuntu.com/ubuntu/dists/precise-updates/multiverse/source/Sources  404  Not Found [IP: 91.189.91.38 80]

W: Failed to fetch http://us.archive.ubuntu.com/ubuntu/dists/precise-updates/main/binary-amd64/Packages  404  Not Found [IP: 91.189.91.38 80]

W: Failed to fetch http://us.archive.ubuntu.com/ubuntu/dists/precise-updates/restricted/binary-amd64/Packages  404  Not Found [IP: 91.189.91.38 80]

W: Failed to fetch http://us.archive.ubuntu.com/ubuntu/dists/precise-updates/universe/binary-amd64/Packages  404  Not Found [IP: 91.189.91.38 80]

W: Failed to fetch http://us.archive.ubuntu.com/ubuntu/dists/precise-updates/multiverse/binary-amd64/Packages  404  Not Found [IP: 91.189.91.38 80]

W: Failed to fetch http://us.archive.ubuntu.com/ubuntu/dists/precise-updates/main/binary-i386/Packages  404  Not Found [IP: 91.189.91.38 80]

W: Failed to fetch http://us.archive.ubuntu.com/ubuntu/dists/precise-updates/restricted/binary-i386/Packages  404  Not Found [IP: 91.189.91.38 80]

W: Failed to fetch http://us.archive.ubuntu.com/ubuntu/dists/precise-updates/universe/binary-i386/Packages  404  Not Found [IP: 91.189.91.38 80]

W: Failed to fetch http://us.archive.ubuntu.com/ubuntu/dists/precise-updates/multiverse/binary-i386/Packages  404  Not Found [IP: 91.189.91.38 80]

W: Failed to fetch http://us.archive.ubuntu.com/ubuntu/dists/precise-backports/main/source/Sources  404  Not Found [IP: 91.189.91.38 80]

W: Failed to fetch http://us.archive.ubuntu.com/ubuntu/dists/precise-backports/restricted/source/Sources  404  Not Found [IP: 91.189.91.38 80]

W: Failed to fetch http://us.archive.ubuntu.com/ubuntu/dists/precise-backports/universe/source/Sources  404  Not Found [IP: 91.189.91.38 80]

W: Failed to fetch http://us.archive.ubuntu.com/ubuntu/dists/precise-backports/multiverse/source/Sources  404  Not Found [IP: 91.189.91.38 80]

W: Failed to fetch http://us.archive.ubuntu.com/ubuntu/dists/precise-backports/main/binary-amd64/Packages  404  Not Found [IP: 91.189.91.38 80]

W: Failed to fetch http://us.archive.ubuntu.com/ubuntu/dists/precise-backports/restricted/binary-amd64/Packages  404  Not Found [IP: 91.189.91.38 80]

W: Failed to fetch http://us.archive.ubuntu.com/ubuntu/dists/precise-backports/universe/binary-amd64/Packages  404  Not Found [IP: 91.189.91.38 80]

W: Failed to fetch http://us.archive.ubuntu.com/ubuntu/dists/precise-backports/multiverse/binary-amd64/Packages  404  Not Found [IP: 91.189.91.38 80]

W: Failed to fetch http://us.archive.ubuntu.com/ubuntu/dists/precise-backports/main/binary-i386/Packages  404  Not Found [IP: 91.189.91.38 80]

W: Failed to fetch http://us.archive.ubuntu.com/ubuntu/dists/precise-backports/restricted/binary-i386/Packages  404  Not Found [IP: 91.189.91.38 80]

W: Failed to fetch http://us.archive.ubuntu.com/ubuntu/dists/precise-backports/universe/binary-i386/Packages  404  Not Found [IP: 91.189.91.38 80]

W: Failed to fetch http://us.archive.ubuntu.com/ubuntu/dists/precise-backports/multiverse/binary-i386/Packages  404  Not Found [IP: 91.189.91.38 80]

W: Failed to fetch http://security.ubuntu.com/ubuntu/dists/precise-security/main/source/Sources  404  Not Found [IP: 185.125.190.36 80]

W: Failed to fetch http://security.ubuntu.com/ubuntu/dists/precise-security/restricted/source/Sources  404  Not Found [IP: 185.125.190.36 80]

W: Failed to fetch http://security.ubuntu.com/ubuntu/dists/precise-security/universe/source/Sources  404  Not Found [IP: 185.125.190.36 80]

W: Failed to fetch http://security.ubuntu.com/ubuntu/dists/precise-security/multiverse/source/Sources  404  Not Found [IP: 185.125.190.36 80]

W: Failed to fetch http://security.ubuntu.com/ubuntu/dists/precise-security/main/binary-amd64/Packages  404  Not Found [IP: 185.125.190.36 80]

W: Failed to fetch http://security.ubuntu.com/ubuntu/dists/precise-security/restricted/binary-amd64/Packages  404  Not Found [IP: 185.125.190.36 80]

W: Failed to fetch http://security.ubuntu.com/ubuntu/dists/precise-security/universe/binary-amd64/Packages  404  Not Found [IP: 185.125.190.36 80]

W: Failed to fetch http://security.ubuntu.com/ubuntu/dists/precise-security/multiverse/binary-amd64/Packages  404  Not Found [IP: 185.125.190.36 80]

W: Failed to fetch http://security.ubuntu.com/ubuntu/dists/precise-security/main/binary-i386/Packages  404  Not Found [IP: 185.125.190.36 80]

W: Failed to fetch http://security.ubuntu.com/ubuntu/dists/precise-security/restricted/binary-i386/Packages  404  Not Found [IP: 185.125.190.36 80]

W: Failed to fetch http://security.ubuntu.com/ubuntu/dists/precise-security/universe/binary-i386/Packages  404  Not Found [IP: 185.125.190.36 80]

W: Failed to fetch http://security.ubuntu.com/ubuntu/dists/precise-security/multiverse/binary-i386/Packages  404  Not Found [IP: 185.125.190.36 80]

E: Some index files failed to download. They have been ignored, or old ones used instead.
sed: cannot rename /etc/hosts: Device or resource busy
sed: cannot rename /etc/hosts: Device or resource busy
$ jdk_switcher use oraclejdk7
Switching to Oracle JDK7 (java-7-oracle), JAVA_HOME will be set to /usr/lib/jvm/java-7-oracle
$ cd failed/square/okhttp
travis_fold:start:git.submodule[0Ktravis_time:start:08afea84[0K$ git submodule update --init --recursive

travis_time:end:08afea84:start=1654791984235967807,finish=1654791984861552828,duration=625585021[0Ktravis_fold:end:git.submodule[0Ktravis_fold:start:apt[0K[33;1mInstalling APT Packages (BETA)[0m
$ export DEBIAN_FRONTEND=noninteractive
travis_time:start:3c92cea6[0K$ sudo -E apt-get -yq update &>> ~/apt-get-update.log

travis_time:end:3c92cea6:start=1654791984872554369,finish=1654791987856248663,duration=2983694294[0Ktravis_time:start:000fdbec[0K$ sudo -E apt-get -yq --no-install-suggests --no-install-recommends --force-yes install oracle-java8-installer
Reading package lists...
Building dependency tree...
Reading state information...
oracle-java8-installer is already the newest version.
0 upgraded, 0 newly installed, 0 to remove and 0 not upgraded.

travis_time:end:000fdbec:start=1654791987866503711,finish=1654791988056177380,duration=189673669[0Ktravis_fold:end:apt[0K
[33;1mSetting environment variables from .travis.yml[0m
$ export CI_DEPLOY_USERNAME=[secure]
$ export CI_DEPLOY_PASSWORD=[secure]

travis_fold:start:cache.1[0KSetting up build cache
$ export CASHER_DIR=$HOME/.casher
travis_time:start:18bcf86b[0K
travis_time:end:18bcf86b:start=1654791989401766947,finish=1654791989411877502,duration=10110555[0Ktravis_time:start:1bc56310[0K/home/travis/.casher/bin/casher:213:in `cache_archive_name': undefined method `[]' for nil:NilClass (NoMethodError)
	from /home/travis/.casher/bin/casher:65:in `block in fetch'
	from /home/travis/.casher/bin/casher:64:in `each'
	from /home/travis/.casher/bin/casher:64:in `fetch'
	from /home/travis/.casher/bin/casher:53:in `block in run'
	from /home/travis/.rvm/rubies/ruby-1.9.3-p551/lib/ruby/1.9.1/timeout.rb:69:in `timeout'
	from /home/travis/.casher/bin/casher:53:in `run'
	from /home/travis/.casher/bin/casher:263:in `<main>'
[32;1mattempting to download cache archive[0m

travis_time:end:1bc56310:start=1654791989422562507,finish=1654791990200307686,duration=777745179[0Ktravis_time:start:06de6565[0K
travis_time:end:06de6565:start=1654791990210299589,finish=1654791990219923563,duration=9623974[0Ktravis_time:start:0222783f[0K[32;1madding /home/travis/.m2 to cache[0m

travis_time:end:0222783f:start=1654791990229937905,finish=1654791991040898797,duration=810960892[0Ktravis_fold:end:cache.1[0K$ java -Xmx32m -version
java version "1.7.0_76"
Java(TM) SE Runtime Environment (build 1.7.0_76-b13)
Java HotSpot(TM) 64-Bit Server VM (build 24.76-b04, mixed mode)
$ javac -J-Xmx32m -version
javac 1.7.0_76
travis_fold:start:install[0Ktravis_time:start:03347a15[0K$ mvn -o install -Dhttps.protocols=TLSv1.2 -Dhttps.protocols=TLSv1.2 -DskipTests=true -Dmaven.javadoc.skip=true -B -V
Apache Maven 3.2.5 (12a6b3acb947671f09b81f49094c53f426d8cea1; 2014-12-14T17:29:23+00:00)
Maven home: /usr/local/maven
Java version: 1.7.0_76, vendor: Oracle Corporation
Java home: /usr/lib/jvm/java-7-oracle/jre
Default locale: en_US, platform encoding: UTF-8
OS name: "linux", version: "4.15.0-109-generic", arch: "amd64", family: "unix"
[INFO] Scanning for projects...
[WARNING] 
[WARNING] Some problems were encountered while building the effective model for com.squareup.okhttp3:okhttp-tests:jar:3.4.0-SNAPSHOT
[WARNING] 'build.plugins.plugin.version' for org.apache.maven.plugins:maven-deploy-plugin is missing. @ com.squareup.okhttp3:okhttp-tests:[unknown-version], /home/travis/build/failed/square/okhttp/okhttp-tests/pom.xml, line 53, column 15
[WARNING] 
[WARNING] Some problems were encountered while building the effective model for com.squareup.okhttp3:okhttp-ws-tests:jar:3.4.0-SNAPSHOT
[WARNING] 'build.plugins.plugin.version' for org.apache.maven.plugins:maven-deploy-plugin is missing. @ com.squareup.okhttp3:okhttp-ws-tests:[unknown-version], /home/travis/build/failed/square/okhttp/okhttp-ws-tests/pom.xml, line 67, column 15
[WARNING] 
[WARNING] Some problems were encountered while building the effective model for com.squareup.okhttp3:benchmarks:jar:3.4.0-SNAPSHOT
[WARNING] 'build.plugins.plugin.version' for org.codehaus.mojo:exec-maven-plugin is missing. @ com.squareup.okhttp3:benchmarks:[unknown-version], /home/travis/build/failed/square/okhttp/benchmarks/pom.xml, line 74, column 15
[WARNING] 
[WARNING] It is highly recommended to fix these problems because they threaten the stability of your build.
[WARNING] 
[WARNING] For this reason, future Maven versions might no longer support building such malformed projects.
[WARNING] 
[INFO] ------------------------------------------------------------------------
[INFO] Reactor Build Order:
[INFO] 
[INFO] OkHttp (Parent)
[INFO] OkHttp
[INFO] OkHttp test support classes
[INFO] OkHttp Web Sockets
[INFO] MockWebServer
[INFO] OkHttp URLConnection
[INFO] OkHttp Tests
[INFO] OkHttp Android Platform Support
[INFO] OkHttp Apache HttpClient
[INFO] OkHttp Web Socket Tests
[INFO] OkHttp Logging Interceptor
[INFO] OkCurl
[INFO] Samples (Parent)
[INFO] Sample: Guide
[INFO] Sample: Crawler
[INFO] Sample: Simple Client
[INFO] Sample: Static Server
[INFO] Benchmarks
[INFO]                                                                         
[INFO] ------------------------------------------------------------------------
[INFO] Building OkHttp (Parent) 3.4.0-SNAPSHOT
[INFO] ------------------------------------------------------------------------
[INFO] 
[INFO] --- maven-enforcer-plugin:1.0:enforce (enforce-maven) @ parent ---
[INFO] 
[INFO] --- animal-sniffer-maven-plugin:1.11:check (default) @ parent ---
[INFO] Checking unresolved references to org.codehaus.mojo.signature:java16:1.1
[INFO] 
[INFO] --- maven-checkstyle-plugin:2.10:checkstyle (default) @ parent ---
[INFO] 
[INFO] --- maven-install-plugin:2.4:install (default-install) @ parent ---
[INFO] Installing /home/travis/build/failed/square/okhttp/pom.xml to /home/travis/.m2/repository/com/squareup/okhttp3/parent/3.4.0-SNAPSHOT/parent-3.4.0-SNAPSHOT.pom
[INFO]                                                                         
[INFO] ------------------------------------------------------------------------
[INFO] Building OkHttp 3.4.0-SNAPSHOT
[INFO] ------------------------------------------------------------------------
[INFO] 
[INFO] --- maven-enforcer-plugin:1.0:enforce (enforce-maven) @ okhttp ---
[INFO] 
[INFO] --- templating-maven-plugin:1.0-alpha-3:filter-sources (default) @ okhttp ---
[INFO] Using 'UTF-8' encoding to copy filtered resources.
[INFO] Copying 1 resource
[INFO] Source directory: /home/travis/build/failed/square/okhttp/okhttp/target/generated-sources/java-templates added.
[INFO] 
[INFO] --- maven-resources-plugin:2.6:resources (default-resources) @ okhttp ---
[INFO] Using 'UTF-8' encoding to copy filtered resources.
[INFO] skip non existing resourceDirectory /home/travis/build/failed/square/okhttp/okhttp/src/main/resources
[INFO] 
[INFO] --- maven-compiler-plugin:3.0:compile (default-compile) @ okhttp ---
[INFO] Changes detected - recompiling the module!
[INFO] Compiling 91 source files to /home/travis/build/failed/square/okhttp/okhttp/target/classes
[WARNING] /home/travis/build/failed/square/okhttp/okhttp/src/main/java/okhttp3/internal/Util.java: Some input files use unchecked or unsafe operations.
[WARNING] /home/travis/build/failed/square/okhttp/okhttp/src/main/java/okhttp3/internal/Util.java: Recompile with -Xlint:unchecked for details.
[INFO] 
[INFO] --- maven-resources-plugin:2.6:testResources (default-testResources) @ okhttp ---
[INFO] Using 'UTF-8' encoding to copy filtered resources.
[INFO] skip non existing resourceDirectory /home/travis/build/failed/square/okhttp/okhttp/src/test/resources
[INFO] 
[INFO] --- maven-compiler-plugin:3.0:testCompile (default-testCompile) @ okhttp ---
[INFO] No sources to compile
[INFO] 
[INFO] --- maven-surefire-plugin:2.17:test (default-test) @ okhttp ---
[INFO] Tests are skipped.
[INFO] 
[INFO] --- animal-sniffer-maven-plugin:1.11:check (default) @ okhttp ---
[INFO] Checking unresolved references to org.codehaus.mojo.signature:java16:1.1
[INFO] 
[INFO] --- maven-jar-plugin:2.4:jar (default-jar) @ okhttp ---
[INFO] Building jar: /home/travis/build/failed/square/okhttp/okhttp/target/okhttp-3.4.0-SNAPSHOT.jar
[INFO] 
[INFO] --- maven-checkstyle-plugin:2.10:checkstyle (default) @ okhttp ---
[INFO] Starting audit...
Audit done.

[WARNING] Unable to locate Source XRef to link to - DISABLED
[INFO] 
[INFO] --- maven-install-plugin:2.4:install (default-install) @ okhttp ---
[INFO] Installing /home/travis/build/failed/square/okhttp/okhttp/target/okhttp-3.4.0-SNAPSHOT.jar to /home/travis/.m2/repository/com/squareup/okhttp3/okhttp/3.4.0-SNAPSHOT/okhttp-3.4.0-SNAPSHOT.jar
[INFO] Installing /home/travis/build/failed/square/okhttp/okhttp/pom.xml to /home/travis/.m2/repository/com/squareup/okhttp3/okhttp/3.4.0-SNAPSHOT/okhttp-3.4.0-SNAPSHOT.pom
[INFO]                                                                         
[INFO] ------------------------------------------------------------------------
[INFO] Building OkHttp test support classes 3.4.0-SNAPSHOT
[INFO] ------------------------------------------------------------------------
[INFO] 
[INFO] --- maven-enforcer-plugin:1.0:enforce (enforce-maven) @ okhttp-testing-support ---
[INFO] 
[INFO] --- maven-resources-plugin:2.6:resources (default-resources) @ okhttp-testing-support ---
[INFO] Using 'UTF-8' encoding to copy filtered resources.
[INFO] skip non existing resourceDirectory /home/travis/build/failed/square/okhttp/okhttp-testing-support/src/main/resources
[INFO] 
[INFO] --- maven-compiler-plugin:3.0:compile (default-compile) @ okhttp-testing-support ---
[INFO] Changes detected - recompiling the module!
[INFO] Compiling 7 source files to /home/travis/build/failed/square/okhttp/okhttp-testing-support/target/classes
[INFO] 
[INFO] --- maven-resources-plugin:2.6:testResources (default-testResources) @ okhttp-testing-support ---
[INFO] Using 'UTF-8' encoding to copy filtered resources.
[INFO] skip non existing resourceDirectory /home/travis/build/failed/square/okhttp/okhttp-testing-support/src/test/resources
[INFO] 
[INFO] --- maven-compiler-plugin:3.0:testCompile (default-testCompile) @ okhttp-testing-support ---
[INFO] No sources to compile
[INFO] 
[INFO] --- maven-surefire-plugin:2.17:test (default-test) @ okhttp-testing-support ---
[INFO] Tests are skipped.
[INFO] 
[INFO] --- animal-sniffer-maven-plugin:1.11:check (default) @ okhttp-testing-support ---
[INFO] Checking unresolved references to org.codehaus.mojo.signature:java16:1.1
[INFO] 
[INFO] --- maven-jar-plugin:2.4:jar (default-jar) @ okhttp-testing-support ---
[INFO] Building jar: /home/travis/build/failed/square/okhttp/okhttp-testing-support/target/okhttp-testing-support-3.4.0-SNAPSHOT.jar
[INFO] 
[INFO] --- maven-checkstyle-plugin:2.10:checkstyle (default) @ okhttp-testing-support ---
[INFO] Starting audit...
Audit done.

[WARNING] Unable to locate Source XRef to link to - DISABLED
[INFO] 
[INFO] --- maven-install-plugin:2.4:install (default-install) @ okhttp-testing-support ---
[INFO] Installing /home/travis/build/failed/square/okhttp/okhttp-testing-support/target/okhttp-testing-support-3.4.0-SNAPSHOT.jar to /home/travis/.m2/repository/com/squareup/okhttp3/okhttp-testing-support/3.4.0-SNAPSHOT/okhttp-testing-support-3.4.0-SNAPSHOT.jar
[INFO] Installing /home/travis/build/failed/square/okhttp/okhttp-testing-support/pom.xml to /home/travis/.m2/repository/com/squareup/okhttp3/okhttp-testing-support/3.4.0-SNAPSHOT/okhttp-testing-support-3.4.0-SNAPSHOT.pom
[INFO]                                                                         
[INFO] ------------------------------------------------------------------------
[INFO] Building OkHttp Web Sockets 3.4.0-SNAPSHOT
[INFO] ------------------------------------------------------------------------
[INFO] 
[INFO] --- maven-enforcer-plugin:1.0:enforce (enforce-maven) @ okhttp-ws ---
[INFO] 
[INFO] --- maven-resources-plugin:2.6:resources (default-resources) @ okhttp-ws ---
[INFO] Using 'UTF-8' encoding to copy filtered resources.
[INFO] skip non existing resourceDirectory /home/travis/build/failed/square/okhttp/okhttp-ws/src/main/resources
[INFO] 
[INFO] --- maven-compiler-plugin:3.0:compile (default-compile) @ okhttp-ws ---
[INFO] Changes detected - recompiling the module!
[INFO] Compiling 7 source files to /home/travis/build/failed/square/okhttp/okhttp-ws/target/classes
[INFO] 
[INFO] --- maven-resources-plugin:2.6:testResources (default-testResources) @ okhttp-ws ---
[INFO] Using 'UTF-8' encoding to copy filtered resources.
[INFO] skip non existing resourceDirectory /home/travis/build/failed/square/okhttp/okhttp-ws/src/test/resources
[INFO] 
[INFO] --- maven-compiler-plugin:3.0:testCompile (default-testCompile) @ okhttp-ws ---
[INFO] No sources to compile
[INFO] 
[INFO] --- maven-surefire-plugin:2.17:test (default-test) @ okhttp-ws ---
[INFO] Tests are skipped.
[INFO] 
[INFO] --- animal-sniffer-maven-plugin:1.11:check (default) @ okhttp-ws ---
[INFO] Checking unresolved references to org.codehaus.mojo.signature:java16:1.1
[INFO] 
[INFO] --- maven-jar-plugin:2.4:jar (default-jar) @ okhttp-ws ---
[INFO] Building jar: /home/travis/build/failed/square/okhttp/okhttp-ws/target/okhttp-ws-3.4.0-SNAPSHOT.jar
[INFO] 
[INFO] --- maven-checkstyle-plugin:2.10:checkstyle (default) @ okhttp-ws ---
[INFO] Starting audit...
Audit done.

[WARNING] Unable to locate Source XRef to link to - DISABLED
[INFO] 
[INFO] --- maven-install-plugin:2.4:install (default-install) @ okhttp-ws ---
[INFO] Installing /home/travis/build/failed/square/okhttp/okhttp-ws/target/okhttp-ws-3.4.0-SNAPSHOT.jar to /home/travis/.m2/repository/com/squareup/okhttp3/okhttp-ws/3.4.0-SNAPSHOT/okhttp-ws-3.4.0-SNAPSHOT.jar
[INFO] Installing /home/travis/build/failed/square/okhttp/okhttp-ws/pom.xml to /home/travis/.m2/repository/com/squareup/okhttp3/okhttp-ws/3.4.0-SNAPSHOT/okhttp-ws-3.4.0-SNAPSHOT.pom
[INFO]                                                                         
[INFO] ------------------------------------------------------------------------
[INFO] Building MockWebServer 3.4.0-SNAPSHOT
[INFO] ------------------------------------------------------------------------
[INFO] 
[INFO] --- maven-enforcer-plugin:1.0:enforce (enforce-maven) @ mockwebserver ---
[INFO] 
[INFO] --- maven-resources-plugin:2.6:resources (default-resources) @ mockwebserver ---
[INFO] Using 'UTF-8' encoding to copy filtered resources.
[INFO] skip non existing resourceDirectory /home/travis/build/failed/square/okhttp/mockwebserver/src/main/resources
[INFO] 
[INFO] --- maven-compiler-plugin:3.0:compile (default-compile) @ mockwebserver ---
[INFO] Changes detected - recompiling the module!
[INFO] Compiling 10 source files to /home/travis/build/failed/square/okhttp/mockwebserver/target/classes
[WARNING] /home/travis/build/failed/square/okhttp/mockwebserver/src/main/java/okhttp3/internal/tls/HeldCertificate.java: /home/travis/build/failed/square/okhttp/mockwebserver/src/main/java/okhttp3/internal/tls/HeldCertificate.java uses or overrides a deprecated API.
[WARNING] /home/travis/build/failed/square/okhttp/mockwebserver/src/main/java/okhttp3/internal/tls/HeldCertificate.java: Recompile with -Xlint:deprecation for details.
[INFO] 
[INFO] --- maven-resources-plugin:2.6:testResources (default-testResources) @ mockwebserver ---
[INFO] Using 'UTF-8' encoding to copy filtered resources.
[INFO] skip non existing resourceDirectory /home/travis/build/failed/square/okhttp/mockwebserver/src/test/resources
[INFO] 
[INFO] --- maven-compiler-plugin:3.0:testCompile (default-testCompile) @ mockwebserver ---
[INFO] Changes detected - recompiling the module!
[INFO] Compiling 2 source files to /home/travis/build/failed/square/okhttp/mockwebserver/target/test-classes
[INFO] 
[INFO] --- maven-surefire-plugin:2.17:test (default-test) @ mockwebserver ---
[INFO] Tests are skipped.
[INFO] 
[INFO] --- animal-sniffer-maven-plugin:1.11:check (default) @ mockwebserver ---
[INFO] Checking unresolved references to org.codehaus.mojo.signature:java16:1.1
[INFO] 
[INFO] --- maven-jar-plugin:2.4:jar (default-jar) @ mockwebserver ---
[INFO] Building jar: /home/travis/build/failed/square/okhttp/mockwebserver/target/mockwebserver-3.4.0-SNAPSHOT.jar
[INFO] 
[INFO] --- maven-assembly-plugin:2.2-beta-5:single (default) @ mockwebserver ---
[INFO] META-INF/ already added, skipping
[INFO] META-INF/MANIFEST.MF already added, skipping
[INFO] META-INF/maven/ already added, skipping
[INFO] META-INF/ already added, skipping
[INFO] META-INF/MANIFEST.MF already added, skipping
[INFO] okhttp3/ already added, skipping
[INFO] okhttp3/internal/ already added, skipping
[INFO] META-INF/maven/ already added, skipping
[INFO] META-INF/maven/com.squareup.okhttp3/ already added, skipping
[INFO] META-INF/MANIFEST.MF already added, skipping
[INFO] META-INF/ already added, skipping
[INFO] META-INF/MANIFEST.MF already added, skipping
[INFO] org/ already added, skipping
[INFO] META-INF/ already added, skipping
[INFO] META-INF/MANIFEST.MF already added, skipping
[INFO] org/ already added, skipping
[INFO] Building jar: /home/travis/build/failed/square/okhttp/mockwebserver/target/mockwebserver-3.4.0-SNAPSHOT-jar-with-dependencies.jar
[INFO] META-INF/ already added, skipping
[INFO] META-INF/MANIFEST.MF already added, skipping
[INFO] META-INF/maven/ already added, skipping
[INFO] META-INF/ already added, skipping
[INFO] META-INF/MANIFEST.MF already added, skipping
[INFO] okhttp3/ already added, skipping
[INFO] okhttp3/internal/ already added, skipping
[INFO] META-INF/maven/ already added, skipping
[INFO] META-INF/maven/com.squareup.okhttp3/ already added, skipping
[INFO] META-INF/MANIFEST.MF already added, skipping
[INFO] META-INF/ already added, skipping
[INFO] META-INF/MANIFEST.MF already added, skipping
[INFO] org/ already added, skipping
[INFO] META-INF/ already added, skipping
[INFO] META-INF/MANIFEST.MF already added, skipping
[INFO] org/ already added, skipping
[INFO] 
[INFO] --- maven-checkstyle-plugin:2.10:checkstyle (default) @ mockwebserver ---
[INFO] Starting audit...
Audit done.

[WARNING] Unable to locate Source XRef to link to - DISABLED
[INFO] 
[INFO] --- maven-install-plugin:2.4:install (default-install) @ mockwebserver ---
[INFO] Installing /home/travis/build/failed/square/okhttp/mockwebserver/target/mockwebserver-3.4.0-SNAPSHOT.jar to /home/travis/.m2/repository/com/squareup/okhttp3/mockwebserver/3.4.0-SNAPSHOT/mockwebserver-3.4.0-SNAPSHOT.jar
[INFO] Installing /home/travis/build/failed/square/okhttp/mockwebserver/pom.xml to /home/travis/.m2/repository/com/squareup/okhttp3/mockwebserver/3.4.0-SNAPSHOT/mockwebserver-3.4.0-SNAPSHOT.pom
[INFO] Installing /home/travis/build/failed/square/okhttp/mockwebserver/target/mockwebserver-3.4.0-SNAPSHOT-jar-with-dependencies.jar to /home/travis/.m2/repository/com/squareup/okhttp3/mockwebserver/3.4.0-SNAPSHOT/mockwebserver-3.4.0-SNAPSHOT-jar-with-dependencies.jar
[INFO]                                                                         
[INFO] ------------------------------------------------------------------------
[INFO] Building OkHttp URLConnection 3.4.0-SNAPSHOT
[INFO] ------------------------------------------------------------------------
[INFO] 
[INFO] --- maven-enforcer-plugin:1.0:enforce (enforce-maven) @ okhttp-urlconnection ---
[INFO] 
[INFO] --- maven-resources-plugin:2.6:resources (default-resources) @ okhttp-urlconnection ---
[INFO] Using 'UTF-8' encoding to copy filtered resources.
[INFO] skip non existing resourceDirectory /home/travis/build/failed/square/okhttp/okhttp-urlconnection/src/main/resources
[INFO] 
[INFO] --- maven-compiler-plugin:3.0:compile (default-compile) @ okhttp-urlconnection ---
[INFO] Changes detected - recompiling the module!
[INFO] Compiling 12 source files to /home/travis/build/failed/square/okhttp/okhttp-urlconnection/target/classes
[WARNING] /home/travis/build/failed/square/okhttp/okhttp-urlconnection/src/main/java/okhttp3/internal/huc/HttpURLConnectionImpl.java: Some input files use or override a deprecated API.
[WARNING] /home/travis/build/failed/square/okhttp/okhttp-urlconnection/src/main/java/okhttp3/internal/huc/HttpURLConnectionImpl.java: Recompile with -Xlint:deprecation for details.
[INFO] 
[INFO] --- maven-resources-plugin:2.6:testResources (default-testResources) @ okhttp-urlconnection ---
[INFO] Using 'UTF-8' encoding to copy filtered resources.
[INFO] skip non existing resourceDirectory /home/travis/build/failed/square/okhttp/okhttp-urlconnection/src/test/resources
[INFO] 
[INFO] --- maven-compiler-plugin:3.0:testCompile (default-testCompile) @ okhttp-urlconnection ---
[INFO] Changes detected - recompiling the module!
[INFO] Compiling 3 source files to /home/travis/build/failed/square/okhttp/okhttp-urlconnection/target/test-classes
[WARNING] /home/travis/build/failed/square/okhttp/okhttp-urlconnection/src/test/java/okhttp3/internal/huc/URLEncodingTest.java: Some input files use or override a deprecated API.
[WARNING] /home/travis/build/failed/square/okhttp/okhttp-urlconnection/src/test/java/okhttp3/internal/huc/URLEncodingTest.java: Recompile with -Xlint:deprecation for details.
[INFO] 
[INFO] --- maven-surefire-plugin:2.17:test (default-test) @ okhttp-urlconnection ---
[INFO] Tests are skipped.
[INFO] 
[INFO] --- animal-sniffer-maven-plugin:1.11:check (default) @ okhttp-urlconnection ---
[INFO] Checking unresolved references to org.codehaus.mojo.signature:java16:1.1
[INFO] 
[INFO] --- maven-jar-plugin:2.4:jar (default-jar) @ okhttp-urlconnection ---
[INFO] Building jar: /home/travis/build/failed/square/okhttp/okhttp-urlconnection/target/okhttp-urlconnection-3.4.0-SNAPSHOT.jar
[INFO] 
[INFO] --- maven-checkstyle-plugin:2.10:checkstyle (default) @ okhttp-urlconnection ---
[INFO] Starting audit...
Audit done.

[WARNING] Unable to locate Source XRef to link to - DISABLED
[INFO] 
[INFO] --- maven-install-plugin:2.4:install (default-install) @ okhttp-urlconnection ---
[INFO] Installing /home/travis/build/failed/square/okhttp/okhttp-urlconnection/target/okhttp-urlconnection-3.4.0-SNAPSHOT.jar to /home/travis/.m2/repository/com/squareup/okhttp3/okhttp-urlconnection/3.4.0-SNAPSHOT/okhttp-urlconnection-3.4.0-SNAPSHOT.jar
[INFO] Installing /home/travis/build/failed/square/okhttp/okhttp-urlconnection/pom.xml to /home/travis/.m2/repository/com/squareup/okhttp3/okhttp-urlconnection/3.4.0-SNAPSHOT/okhttp-urlconnection-3.4.0-SNAPSHOT.pom
[INFO]                                                                         
[INFO] ------------------------------------------------------------------------
[INFO] Building OkHttp Tests 3.4.0-SNAPSHOT
[INFO] ------------------------------------------------------------------------
[INFO] 
[INFO] --- maven-enforcer-plugin:1.0:enforce (enforce-maven) @ okhttp-tests ---
[INFO] 
[INFO] --- maven-resources-plugin:2.6:resources (default-resources) @ okhttp-tests ---
[INFO] Using 'UTF-8' encoding to copy filtered resources.
[INFO] skip non existing resourceDirectory /home/travis/build/failed/square/okhttp/okhttp-tests/src/main/resources
[INFO] 
[INFO] --- maven-compiler-plugin:3.0:compile (default-compile) @ okhttp-tests ---
[INFO] No sources to compile
[INFO] 
[INFO] --- maven-resources-plugin:2.6:testResources (default-testResources) @ okhttp-tests ---
[INFO] Using 'UTF-8' encoding to copy filtered resources.
[INFO] Copying 1 resource
[INFO] 
[INFO] --- maven-compiler-plugin:3.0:testCompile (default-testCompile) @ okhttp-tests ---
[INFO] Changes detected - recompiling the module!
[INFO] Compiling 73 source files to /home/travis/build/failed/square/okhttp/okhttp-tests/target/test-classes
[WARNING] /home/travis/build/failed/square/okhttp/okhttp-tests/src/test/java/okhttp3/internal/http/DisconnectTest.java: Some input files use or override a deprecated API.
[WARNING] /home/travis/build/failed/square/okhttp/okhttp-tests/src/test/java/okhttp3/internal/http/DisconnectTest.java: Recompile with -Xlint:deprecation for details.
[WARNING] /home/travis/build/failed/square/okhttp/okhttp-tests/src/test/java/okhttp3/TestUtil.java: Some input files use unchecked or unsafe operations.
[WARNING] /home/travis/build/failed/square/okhttp/okhttp-tests/src/test/java/okhttp3/TestUtil.java: Recompile with -Xlint:unchecked for details.
[INFO] 
[INFO] --- maven-surefire-plugin:2.17:test (default-test) @ okhttp-tests ---
[INFO] Tests are skipped.
[INFO] 
[INFO] --- animal-sniffer-maven-plugin:1.11:check (default) @ okhttp-tests ---
[INFO] Checking unresolved references to org.codehaus.mojo.signature:java16:1.1
[INFO] 
[INFO] --- maven-jar-plugin:2.4:jar (default-jar) @ okhttp-tests ---
[WARNING] JAR will be empty - no content was marked for inclusion!
[INFO] 
[INFO] --- maven-checkstyle-plugin:2.10:checkstyle (default) @ okhttp-tests ---
[INFO] 
[INFO] --- maven-install-plugin:2.4:install (default-install) @ okhttp-tests ---
[INFO] Installing /home/travis/build/failed/square/okhttp/okhttp-tests/target/okhttp-tests-3.4.0-SNAPSHOT.jar to /home/travis/.m2/repository/com/squareup/okhttp3/okhttp-tests/3.4.0-SNAPSHOT/okhttp-tests-3.4.0-SNAPSHOT.jar
[INFO] Installing /home/travis/build/failed/square/okhttp/okhttp-tests/pom.xml to /home/travis/.m2/repository/com/squareup/okhttp3/okhttp-tests/3.4.0-SNAPSHOT/okhttp-tests-3.4.0-SNAPSHOT.pom
[INFO]                                                                         
[INFO] ------------------------------------------------------------------------
[INFO] Building OkHttp Android Platform Support 3.4.0-SNAPSHOT
[INFO] ------------------------------------------------------------------------
[INFO] 
[INFO] --- maven-enforcer-plugin:1.0:enforce (enforce-maven) @ okhttp-android-support ---
[INFO] 
[INFO] --- maven-resources-plugin:2.6:resources (default-resources) @ okhttp-android-support ---
[INFO] Using 'UTF-8' encoding to copy filtered resources.
[INFO] skip non existing resourceDirectory /home/travis/build/failed/square/okhttp/okhttp-android-support/src/main/resources
[INFO] 
[INFO] --- maven-compiler-plugin:3.0:compile (default-compile) @ okhttp-android-support ---
[INFO] Changes detected - recompiling the module!
[INFO] Compiling 5 source files to /home/travis/build/failed/square/okhttp/okhttp-android-support/target/classes
[WARNING] /home/travis/build/failed/square/okhttp/okhttp-android-support/src/main/java/okhttp3/AndroidInternal.java: /home/travis/build/failed/square/okhttp/okhttp-android-support/src/main/java/okhttp3/AndroidInternal.java uses or overrides a deprecated API.
[WARNING] /home/travis/build/failed/square/okhttp/okhttp-android-support/src/main/java/okhttp3/AndroidInternal.java: Recompile with -Xlint:deprecation for details.
[INFO] 
[INFO] --- maven-resources-plugin:2.6:testResources (default-testResources) @ okhttp-android-support ---
[INFO] Using 'UTF-8' encoding to copy filtered resources.
[INFO] skip non existing resourceDirectory /home/travis/build/failed/square/okhttp/okhttp-android-support/src/test/resources
[INFO] 
[INFO] --- maven-compiler-plugin:3.0:testCompile (default-testCompile) @ okhttp-android-support ---
[INFO] Changes detected - recompiling the module!
[INFO] Compiling 6 source files to /home/travis/build/failed/square/okhttp/okhttp-android-support/target/test-classes
[WARNING] /home/travis/build/failed/square/okhttp/okhttp-android-support/src/test/java/okhttp3/android/HttpResponseCacheTest.java: Some input files use or override a deprecated API.
[WARNING] /home/travis/build/failed/square/okhttp/okhttp-android-support/src/test/java/okhttp3/android/HttpResponseCacheTest.java: Recompile with -Xlint:deprecation for details.
[INFO] 
[INFO] --- maven-surefire-plugin:2.17:test (default-test) @ okhttp-android-support ---
[INFO] Tests are skipped.
[INFO] 
[INFO] --- animal-sniffer-maven-plugin:1.11:check (default) @ okhttp-android-support ---
[INFO] Checking unresolved references to org.codehaus.mojo.signature:java16:1.1
[INFO] 
[INFO] --- maven-jar-plugin:2.4:jar (default-jar) @ okhttp-android-support ---
[INFO] Building jar: /home/travis/build/failed/square/okhttp/okhttp-android-support/target/okhttp-android-support-3.4.0-SNAPSHOT.jar
[INFO] 
[INFO] --- maven-checkstyle-plugin:2.10:checkstyle (default) @ okhttp-android-support ---
[INFO] Starting audit...
Audit done.

[WARNING] Unable to locate Source XRef to link to - DISABLED
[INFO] 
[INFO] --- maven-install-plugin:2.4:install (default-install) @ okhttp-android-support ---
[INFO] Installing /home/travis/build/failed/square/okhttp/okhttp-android-support/target/okhttp-android-support-3.4.0-SNAPSHOT.jar to /home/travis/.m2/repository/com/squareup/okhttp3/okhttp-android-support/3.4.0-SNAPSHOT/okhttp-android-support-3.4.0-SNAPSHOT.jar
[INFO] Installing /home/travis/build/failed/square/okhttp/okhttp-android-support/pom.xml to /home/travis/.m2/repository/com/squareup/okhttp3/okhttp-android-support/3.4.0-SNAPSHOT/okhttp-android-support-3.4.0-SNAPSHOT.pom
[INFO]                                                                         
[INFO] ------------------------------------------------------------------------
[INFO] Building OkHttp Apache HttpClient 3.4.0-SNAPSHOT
[INFO] ------------------------------------------------------------------------
[INFO] 
[INFO] --- maven-enforcer-plugin:1.0:enforce (enforce-maven) @ okhttp-apache ---
[INFO] 
[INFO] --- maven-resources-plugin:2.6:resources (default-resources) @ okhttp-apache ---
[INFO] Using 'UTF-8' encoding to copy filtered resources.
[INFO] skip non existing resourceDirectory /home/travis/build/failed/square/okhttp/okhttp-apache/src/main/resources
[INFO] 
[INFO] --- maven-compiler-plugin:3.0:compile (default-compile) @ okhttp-apache ---
[INFO] Changes detected - recompiling the module!
[INFO] Compiling 2 source files to /home/travis/build/failed/square/okhttp/okhttp-apache/target/classes
[INFO] 
[INFO] --- maven-resources-plugin:2.6:testResources (default-testResources) @ okhttp-apache ---
[INFO] Using 'UTF-8' encoding to copy filtered resources.
[INFO] skip non existing resourceDirectory /home/travis/build/failed/square/okhttp/okhttp-apache/src/test/resources
[INFO] 
[INFO] --- maven-compiler-plugin:3.0:testCompile (default-testCompile) @ okhttp-apache ---
[INFO] Changes detected - recompiling the module!
[INFO] Compiling 1 source file to /home/travis/build/failed/square/okhttp/okhttp-apache/target/test-classes
[WARNING] /home/travis/build/failed/square/okhttp/okhttp-apache/src/test/java/okhttp3/apache/OkApacheClientTest.java: /home/travis/build/failed/square/okhttp/okhttp-apache/src/test/java/okhttp3/apache/OkApacheClientTest.java uses or overrides a deprecated API.
[WARNING] /home/travis/build/failed/square/okhttp/okhttp-apache/src/test/java/okhttp3/apache/OkApacheClientTest.java: Recompile with -Xlint:deprecation for details.
[INFO] 
[INFO] --- maven-surefire-plugin:2.17:test (default-test) @ okhttp-apache ---
[INFO] Tests are skipped.
[INFO] 
[INFO] --- animal-sniffer-maven-plugin:1.11:check (default) @ okhttp-apache ---
[INFO] Checking unresolved references to org.codehaus.mojo.signature:java16:1.1
[INFO] 
[INFO] --- maven-jar-plugin:2.4:jar (default-jar) @ okhttp-apache ---
[INFO] Building jar: /home/travis/build/failed/square/okhttp/okhttp-apache/target/okhttp-apache-3.4.0-SNAPSHOT.jar
[INFO] 
[INFO] --- maven-checkstyle-plugin:2.10:checkstyle (default) @ okhttp-apache ---
[INFO] Starting audit...
Audit done.

[WARNING] Unable to locate Source XRef to link to - DISABLED
[INFO] 
[INFO] --- maven-install-plugin:2.4:install (default-install) @ okhttp-apache ---
[INFO] Installing /home/travis/build/failed/square/okhttp/okhttp-apache/target/okhttp-apache-3.4.0-SNAPSHOT.jar to /home/travis/.m2/repository/com/squareup/okhttp3/okhttp-apache/3.4.0-SNAPSHOT/okhttp-apache-3.4.0-SNAPSHOT.jar
[INFO] Installing /home/travis/build/failed/square/okhttp/okhttp-apache/pom.xml to /home/travis/.m2/repository/com/squareup/okhttp3/okhttp-apache/3.4.0-SNAPSHOT/okhttp-apache-3.4.0-SNAPSHOT.pom
[INFO]                                                                         
[INFO] ------------------------------------------------------------------------
[INFO] Building OkHttp Web Socket Tests 3.4.0-SNAPSHOT
[INFO] ------------------------------------------------------------------------
[INFO] 
[INFO] --- maven-enforcer-plugin:1.0:enforce (enforce-maven) @ okhttp-ws-tests ---
[INFO] 
[INFO] --- maven-resources-plugin:2.6:resources (default-resources) @ okhttp-ws-tests ---
[INFO] Using 'UTF-8' encoding to copy filtered resources.
[INFO] skip non existing resourceDirectory /home/travis/build/failed/square/okhttp/okhttp-ws-tests/src/main/resources
[INFO] 
[INFO] --- maven-compiler-plugin:3.0:compile (default-compile) @ okhttp-ws-tests ---
[INFO] Changes detected - recompiling the module!
[INFO] Compiling 1 source file to /home/travis/build/failed/square/okhttp/okhttp-ws-tests/target/classes
[INFO] 
[INFO] --- maven-resources-plugin:2.6:testResources (default-testResources) @ okhttp-ws-tests ---
[INFO] Using 'UTF-8' encoding to copy filtered resources.
[INFO] skip non existing resourceDirectory /home/travis/build/failed/square/okhttp/okhttp-ws-tests/src/test/resources
[INFO] 
[INFO] --- maven-compiler-plugin:3.0:testCompile (default-testCompile) @ okhttp-ws-tests ---
[INFO] Changes detected - recompiling the module!
[INFO] Compiling 5 source files to /home/travis/build/failed/square/okhttp/okhttp-ws-tests/target/test-classes
[INFO] 
[INFO] --- maven-surefire-plugin:2.17:test (default-test) @ okhttp-ws-tests ---
[INFO] Tests are skipped.
[INFO] 
[INFO] --- animal-sniffer-maven-plugin:1.11:check (default) @ okhttp-ws-tests ---
[INFO] Checking unresolved references to org.codehaus.mojo.signature:java16:1.1
[INFO] 
[INFO] --- maven-jar-plugin:2.4:jar (default-jar) @ okhttp-ws-tests ---
[INFO] Building jar: /home/travis/build/failed/square/okhttp/okhttp-ws-tests/target/okhttp-ws-tests-3.4.0-SNAPSHOT.jar
[INFO] 
[INFO] --- maven-assembly-plugin:2.2-beta-5:single (default) @ okhttp-ws-tests ---
[INFO] META-INF/ already added, skipping
[INFO] META-INF/MANIFEST.MF already added, skipping
[INFO] okhttp3/ already added, skipping
[INFO] okhttp3/internal/ already added, skipping
[INFO] META-INF/maven/ already added, skipping
[INFO] META-INF/maven/com.squareup.okhttp3/ already added, skipping
[INFO] META-INF/ already added, skipping
[INFO] META-INF/MANIFEST.MF already added, skipping
[INFO] META-INF/maven/ already added, skipping
[INFO] Building jar: /home/travis/build/failed/square/okhttp/okhttp-ws-tests/target/okhttp-ws-tests-3.4.0-SNAPSHOT-jar-with-dependencies.jar
[INFO] META-INF/ already added, skipping
[INFO] META-INF/MANIFEST.MF already added, skipping
[INFO] okhttp3/ already added, skipping
[INFO] okhttp3/internal/ already added, skipping
[INFO] META-INF/maven/ already added, skipping
[INFO] META-INF/maven/com.squareup.okhttp3/ already added, skipping
[INFO] META-INF/ already added, skipping
[INFO] META-INF/MANIFEST.MF already added, skipping
[INFO] META-INF/maven/ already added, skipping
[INFO] 
[INFO] --- maven-checkstyle-plugin:2.10:checkstyle (default) @ okhttp-ws-tests ---
[INFO] Starting audit...
Audit done.

[WARNING] Unable to locate Source XRef to link to - DISABLED
[INFO] 
[INFO] --- maven-install-plugin:2.4:install (default-install) @ okhttp-ws-tests ---
[INFO] Installing /home/travis/build/failed/square/okhttp/okhttp-ws-tests/target/okhttp-ws-tests-3.4.0-SNAPSHOT.jar to /home/travis/.m2/repository/com/squareup/okhttp3/okhttp-ws-tests/3.4.0-SNAPSHOT/okhttp-ws-tests-3.4.0-SNAPSHOT.jar
[INFO] Installing /home/travis/build/failed/square/okhttp/okhttp-ws-tests/pom.xml to /home/travis/.m2/repository/com/squareup/okhttp3/okhttp-ws-tests/3.4.0-SNAPSHOT/okhttp-ws-tests-3.4.0-SNAPSHOT.pom
[INFO] Installing /home/travis/build/failed/square/okhttp/okhttp-ws-tests/target/okhttp-ws-tests-3.4.0-SNAPSHOT-jar-with-dependencies.jar to /home/travis/.m2/repository/com/squareup/okhttp3/okhttp-ws-tests/3.4.0-SNAPSHOT/okhttp-ws-tests-3.4.0-SNAPSHOT-jar-with-dependencies.jar
[INFO]                                                                         
[INFO] ------------------------------------------------------------------------
[INFO] Building OkHttp Logging Interceptor 3.4.0-SNAPSHOT
[INFO] ------------------------------------------------------------------------
[INFO] 
[INFO] --- maven-enforcer-plugin:1.0:enforce (enforce-maven) @ logging-interceptor ---
[INFO] 
[INFO] --- maven-resources-plugin:2.6:resources (default-resources) @ logging-interceptor ---
[INFO] Using 'UTF-8' encoding to copy filtered resources.
[INFO] skip non existing resourceDirectory /home/travis/build/failed/square/okhttp/okhttp-logging-interceptor/src/main/resources
[INFO] 
[INFO] --- maven-compiler-plugin:3.0:compile (default-compile) @ logging-interceptor ---
[INFO] Changes detected - recompiling the module!
[INFO] Compiling 1 source file to /home/travis/build/failed/square/okhttp/okhttp-logging-interceptor/target/classes
[INFO] 
[INFO] --- maven-resources-plugin:2.6:testResources (default-testResources) @ logging-interceptor ---
[INFO] Using 'UTF-8' encoding to copy filtered resources.
[INFO] skip non existing resourceDirectory /home/travis/build/failed/square/okhttp/okhttp-logging-interceptor/src/test/resources
[INFO] 
[INFO] --- maven-compiler-plugin:3.0:testCompile (default-testCompile) @ logging-interceptor ---
[INFO] Changes detected - recompiling the module!
[INFO] Compiling 1 source file to /home/travis/build/failed/square/okhttp/okhttp-logging-interceptor/target/test-classes
[INFO] 
[INFO] --- maven-surefire-plugin:2.17:test (default-test) @ logging-interceptor ---
[INFO] Tests are skipped.
[INFO] 
[INFO] --- animal-sniffer-maven-plugin:1.11:check (default) @ logging-interceptor ---
[INFO] Checking unresolved references to org.codehaus.mojo.signature:java16:1.1
[INFO] 
[INFO] --- maven-jar-plugin:2.4:jar (default-jar) @ logging-interceptor ---
[INFO] Building jar: /home/travis/build/failed/square/okhttp/okhttp-logging-interceptor/target/logging-interceptor-3.4.0-SNAPSHOT.jar
[INFO] 
[INFO] --- maven-checkstyle-plugin:2.10:checkstyle (default) @ logging-interceptor ---
[INFO] Starting audit...
Audit done.

[WARNING] Unable to locate Source XRef to link to - DISABLED
[INFO] 
[INFO] --- maven-install-plugin:2.4:install (default-install) @ logging-interceptor ---
[INFO] Installing /home/travis/build/failed/square/okhttp/okhttp-logging-interceptor/target/logging-interceptor-3.4.0-SNAPSHOT.jar to /home/travis/.m2/repository/com/squareup/okhttp3/logging-interceptor/3.4.0-SNAPSHOT/logging-interceptor-3.4.0-SNAPSHOT.jar
[INFO] Installing /home/travis/build/failed/square/okhttp/okhttp-logging-interceptor/pom.xml to /home/travis/.m2/repository/com/squareup/okhttp3/logging-interceptor/3.4.0-SNAPSHOT/logging-interceptor-3.4.0-SNAPSHOT.pom
[INFO]                                                                         
[INFO] ------------------------------------------------------------------------
[INFO] Building OkCurl 3.4.0-SNAPSHOT
[INFO] ------------------------------------------------------------------------
[INFO] 
[INFO] --- maven-enforcer-plugin:1.0:enforce (enforce-maven) @ okcurl ---
[INFO] 
[INFO] --- maven-resources-plugin:2.6:resources (default-resources) @ okcurl ---
[INFO] Using 'UTF-8' encoding to copy filtered resources.
[INFO] Copying 1 resource
[INFO] 
[INFO] --- maven-compiler-plugin:3.0:compile (default-compile) @ okcurl ---
[INFO] Changes detected - recompiling the module!
[INFO] Compiling 1 source file to /home/travis/build/failed/square/okhttp/okcurl/target/classes
[INFO] 
[INFO] --- maven-resources-plugin:2.6:testResources (default-testResources) @ okcurl ---
[INFO] Using 'UTF-8' encoding to copy filtered resources.
[INFO] skip non existing resourceDirectory /home/travis/build/failed/square/okhttp/okcurl/src/test/resources
[INFO] 
[INFO] --- maven-compiler-plugin:3.0:testCompile (default-testCompile) @ okcurl ---
[INFO] Changes detected - recompiling the module!
[INFO] Compiling 1 source file to /home/travis/build/failed/square/okhttp/okcurl/target/test-classes
[INFO] 
[INFO] --- maven-surefire-plugin:2.17:test (default-test) @ okcurl ---
[INFO] Tests are skipped.
[INFO] 
[INFO] --- animal-sniffer-maven-plugin:1.11:check (default) @ okcurl ---
[INFO] Checking unresolved references to org.codehaus.mojo.signature:java16:1.1
[INFO] 
[INFO] --- maven-jar-plugin:2.4:jar (default-jar) @ okcurl ---
[INFO] Building jar: /home/travis/build/failed/square/okhttp/okcurl/target/okcurl-3.4.0-SNAPSHOT.jar
[INFO] 
[INFO] --- maven-assembly-plugin:2.2-beta-5:single (default) @ okcurl ---
[INFO] META-INF/ already added, skipping
[INFO] META-INF/MANIFEST.MF already added, skipping
[INFO] META-INF/maven/ already added, skipping
[INFO] META-INF/MANIFEST.MF already added, skipping
[INFO] META-INF/ already added, skipping
[INFO] META-INF/MANIFEST.MF already added, skipping
[INFO] META-INF/maven/ already added, skipping
[INFO] META-INF/ already added, skipping
[INFO] META-INF/MANIFEST.MF already added, skipping
[INFO] javax/ already added, skipping
[INFO] META-INF/MANIFEST.MF already added, skipping
[INFO] META-INF/ already added, skipping
[INFO] META-INF/maven/ already added, skipping
[INFO] Building jar: /home/travis/build/failed/square/okhttp/okcurl/target/okcurl-3.4.0-SNAPSHOT-jar-with-dependencies.jar
[INFO] META-INF/ already added, skipping
[INFO] META-INF/MANIFEST.MF already added, skipping
[INFO] META-INF/maven/ already added, skipping
[INFO] META-INF/MANIFEST.MF already added, skipping
[INFO] META-INF/ already added, skipping
[INFO] META-INF/MANIFEST.MF already added, skipping
[INFO] META-INF/maven/ already added, skipping
[INFO] META-INF/ already added, skipping
[INFO] META-INF/MANIFEST.MF already added, skipping
[INFO] javax/ already added, skipping
[INFO] META-INF/MANIFEST.MF already added, skipping
[INFO] META-INF/ already added, skipping
[INFO] META-INF/maven/ already added, skipping
[INFO] 
[INFO] --- really-executable-jar-maven-plugin:1.1.0:really-executable-jar (default) @ okcurl ---
[INFO] 
[INFO] --- maven-checkstyle-plugin:2.10:checkstyle (default) @ okcurl ---
[INFO] Starting audit...
Audit done.

[WARNING] Unable to locate Source XRef to link to - DISABLED
[INFO] 
[INFO] --- maven-install-plugin:2.4:install (default-install) @ okcurl ---
[INFO] Installing /home/travis/build/failed/square/okhttp/okcurl/target/okcurl-3.4.0-SNAPSHOT.jar to /home/travis/.m2/repository/com/squareup/okhttp3/okcurl/3.4.0-SNAPSHOT/okcurl-3.4.0-SNAPSHOT.jar
[INFO] Installing /home/travis/build/failed/square/okhttp/okcurl/pom.xml to /home/travis/.m2/repository/com/squareup/okhttp3/okcurl/3.4.0-SNAPSHOT/okcurl-3.4.0-SNAPSHOT.pom
[INFO] Installing /home/travis/build/failed/square/okhttp/okcurl/target/okcurl-3.4.0-SNAPSHOT-jar-with-dependencies.jar to /home/travis/.m2/repository/com/squareup/okhttp3/okcurl/3.4.0-SNAPSHOT/okcurl-3.4.0-SNAPSHOT-jar-with-dependencies.jar
[INFO]                                                                         
[INFO] ------------------------------------------------------------------------
[INFO] Building Samples (Parent) 3.4.0-SNAPSHOT
[INFO] ------------------------------------------------------------------------
[INFO] 
[INFO] --- maven-enforcer-plugin:1.0:enforce (enforce-maven) @ sample-parent ---
[INFO] 
[INFO] --- maven-checkstyle-plugin:2.10:checkstyle (default) @ sample-parent ---
[INFO] 
[INFO] --- maven-install-plugin:2.4:install (default-install) @ sample-parent ---
[INFO] Installing /home/travis/build/failed/square/okhttp/samples/pom.xml to /home/travis/.m2/repository/com/squareup/okhttp3/sample/sample-parent/3.4.0-SNAPSHOT/sample-parent-3.4.0-SNAPSHOT.pom
[INFO]                                                                         
[INFO] ------------------------------------------------------------------------
[INFO] Building Sample: Guide 3.4.0-SNAPSHOT
[INFO] ------------------------------------------------------------------------
[INFO] 
[INFO] --- maven-enforcer-plugin:1.0:enforce (enforce-maven) @ guide ---
[INFO] 
[INFO] --- maven-resources-plugin:2.6:resources (default-resources) @ guide ---
[INFO] Using 'UTF-8' encoding to copy filtered resources.
[INFO] skip non existing resourceDirectory /home/travis/build/failed/square/okhttp/samples/guide/src/main/resources
[INFO] 
[INFO] --- maven-compiler-plugin:3.0:compile (default-compile) @ guide ---
[INFO] Changes detected - recompiling the module!
[INFO] Compiling 24 source files to /home/travis/build/failed/square/okhttp/samples/guide/target/classes
[INFO] 
[INFO] --- maven-resources-plugin:2.6:testResources (default-testResources) @ guide ---
[INFO] Using 'UTF-8' encoding to copy filtered resources.
[INFO] skip non existing resourceDirectory /home/travis/build/failed/square/okhttp/samples/guide/src/test/resources
[INFO] 
[INFO] --- maven-compiler-plugin:3.0:testCompile (default-testCompile) @ guide ---
[INFO] No sources to compile
[INFO] 
[INFO] --- maven-surefire-plugin:2.17:test (default-test) @ guide ---
[INFO] Tests are skipped.
[INFO] 
[INFO] --- maven-jar-plugin:2.4:jar (default-jar) @ guide ---
[INFO] Building jar: /home/travis/build/failed/square/okhttp/samples/guide/target/guide-3.4.0-SNAPSHOT.jar
[INFO] 
[INFO] --- maven-checkstyle-plugin:2.10:checkstyle (default) @ guide ---
[INFO] Starting audit...
Audit done.

[WARNING] Unable to locate Source XRef to link to - DISABLED
[INFO] 
[INFO] --- maven-install-plugin:2.4:install (default-install) @ guide ---
[INFO] Installing /home/travis/build/failed/square/okhttp/samples/guide/target/guide-3.4.0-SNAPSHOT.jar to /home/travis/.m2/repository/com/squareup/okhttp3/sample/guide/3.4.0-SNAPSHOT/guide-3.4.0-SNAPSHOT.jar
[INFO] Installing /home/travis/build/failed/square/okhttp/samples/guide/pom.xml to /home/travis/.m2/repository/com/squareup/okhttp3/sample/guide/3.4.0-SNAPSHOT/guide-3.4.0-SNAPSHOT.pom
[INFO]                                                                         
[INFO] ------------------------------------------------------------------------
[INFO] Building Sample: Crawler 3.4.0-SNAPSHOT
[INFO] ------------------------------------------------------------------------
[INFO] 
[INFO] --- maven-enforcer-plugin:1.0:enforce (enforce-maven) @ crawler ---
[INFO] 
[INFO] --- maven-resources-plugin:2.6:resources (default-resources) @ crawler ---
[INFO] Using 'UTF-8' encoding to copy filtered resources.
[INFO] skip non existing resourceDirectory /home/travis/build/failed/square/okhttp/samples/crawler/src/main/resources
[INFO] 
[INFO] --- maven-compiler-plugin:3.0:compile (default-compile) @ crawler ---
[INFO] Changes detected - recompiling the module!
[INFO] Compiling 1 source file to /home/travis/build/failed/square/okhttp/samples/crawler/target/classes
[INFO] 
[INFO] --- maven-resources-plugin:2.6:testResources (default-testResources) @ crawler ---
[INFO] Using 'UTF-8' encoding to copy filtered resources.
[INFO] skip non existing resourceDirectory /home/travis/build/failed/square/okhttp/samples/crawler/src/test/resources
[INFO] 
[INFO] --- maven-compiler-plugin:3.0:testCompile (default-testCompile) @ crawler ---
[INFO] No sources to compile
[INFO] 
[INFO] --- maven-surefire-plugin:2.17:test (default-test) @ crawler ---
[INFO] Tests are skipped.
[INFO] 
[INFO] --- maven-jar-plugin:2.4:jar (default-jar) @ crawler ---
[INFO] Building jar: /home/travis/build/failed/square/okhttp/samples/crawler/target/crawler-3.4.0-SNAPSHOT.jar
[INFO] 
[INFO] --- maven-checkstyle-plugin:2.10:checkstyle (default) @ crawler ---
[INFO] Starting audit...
Audit done.

[WARNING] Unable to locate Source XRef to link to - DISABLED
[INFO] 
[INFO] --- maven-install-plugin:2.4:install (default-install) @ crawler ---
[INFO] Installing /home/travis/build/failed/square/okhttp/samples/crawler/target/crawler-3.4.0-SNAPSHOT.jar to /home/travis/.m2/repository/com/squareup/okhttp3/sample/crawler/3.4.0-SNAPSHOT/crawler-3.4.0-SNAPSHOT.jar
[INFO] Installing /home/travis/build/failed/square/okhttp/samples/crawler/pom.xml to /home/travis/.m2/repository/com/squareup/okhttp3/sample/crawler/3.4.0-SNAPSHOT/crawler-3.4.0-SNAPSHOT.pom
[INFO]                                                                         
[INFO] ------------------------------------------------------------------------
[INFO] Building Sample: Simple Client 3.4.0-SNAPSHOT
[INFO] ------------------------------------------------------------------------
[INFO] 
[INFO] --- maven-enforcer-plugin:1.0:enforce (enforce-maven) @ simple-client ---
[INFO] 
[INFO] --- maven-resources-plugin:2.6:resources (default-resources) @ simple-client ---
[INFO] Using 'UTF-8' encoding to copy filtered resources.
[INFO] skip non existing resourceDirectory /home/travis/build/failed/square/okhttp/samples/simple-client/src/main/resources
[INFO] 
[INFO] --- maven-compiler-plugin:3.0:compile (default-compile) @ simple-client ---
[INFO] Changes detected - recompiling the module!
[INFO] Compiling 1 source file to /home/travis/build/failed/square/okhttp/samples/simple-client/target/classes
[INFO] 
[INFO] --- maven-resources-plugin:2.6:testResources (default-testResources) @ simple-client ---
[INFO] Using 'UTF-8' encoding to copy filtered resources.
[INFO] skip non existing resourceDirectory /home/travis/build/failed/square/okhttp/samples/simple-client/src/test/resources
[INFO] 
[INFO] --- maven-compiler-plugin:3.0:testCompile (default-testCompile) @ simple-client ---
[INFO] No sources to compile
[INFO] 
[INFO] --- maven-surefire-plugin:2.17:test (default-test) @ simple-client ---
[INFO] Tests are skipped.
[INFO] 
[INFO] --- maven-jar-plugin:2.4:jar (default-jar) @ simple-client ---
[INFO] Building jar: /home/travis/build/failed/square/okhttp/samples/simple-client/target/simple-client-3.4.0-SNAPSHOT.jar
[INFO] 
[INFO] --- maven-checkstyle-plugin:2.10:checkstyle (default) @ simple-client ---
[INFO] Starting audit...
Audit done.

[WARNING] Unable to locate Source XRef to link to - DISABLED
[INFO] 
[INFO] --- maven-install-plugin:2.4:install (default-install) @ simple-client ---
[INFO] Installing /home/travis/build/failed/square/okhttp/samples/simple-client/target/simple-client-3.4.0-SNAPSHOT.jar to /home/travis/.m2/repository/com/squareup/okhttp3/sample/simple-client/3.4.0-SNAPSHOT/simple-client-3.4.0-SNAPSHOT.jar
[INFO] Installing /home/travis/build/failed/square/okhttp/samples/simple-client/pom.xml to /home/travis/.m2/repository/com/squareup/okhttp3/sample/simple-client/3.4.0-SNAPSHOT/simple-client-3.4.0-SNAPSHOT.pom
[INFO]                                                                         
[INFO] ------------------------------------------------------------------------
[INFO] Building Sample: Static Server 3.4.0-SNAPSHOT
[INFO] ------------------------------------------------------------------------
[INFO] 
[INFO] --- maven-enforcer-plugin:1.0:enforce (enforce-maven) @ static-server ---
[INFO] 
[INFO] --- maven-resources-plugin:2.6:resources (default-resources) @ static-server ---
[INFO] Using 'UTF-8' encoding to copy filtered resources.
[INFO] skip non existing resourceDirectory /home/travis/build/failed/square/okhttp/samples/static-server/src/main/resources
[INFO] 
[INFO] --- maven-compiler-plugin:3.0:compile (default-compile) @ static-server ---
[INFO] Changes detected - recompiling the module!
[INFO] Compiling 1 source file to /home/travis/build/failed/square/okhttp/samples/static-server/target/classes
[INFO] 
[INFO] --- maven-resources-plugin:2.6:testResources (default-testResources) @ static-server ---
[INFO] Using 'UTF-8' encoding to copy filtered resources.
[INFO] skip non existing resourceDirectory /home/travis/build/failed/square/okhttp/samples/static-server/src/test/resources
[INFO] 
[INFO] --- maven-compiler-plugin:3.0:testCompile (default-testCompile) @ static-server ---
[INFO] No sources to compile
[INFO] 
[INFO] --- maven-surefire-plugin:2.17:test (default-test) @ static-server ---
[INFO] Tests are skipped.
[INFO] 
[INFO] --- maven-jar-plugin:2.4:jar (default-jar) @ static-server ---
[INFO] Building jar: /home/travis/build/failed/square/okhttp/samples/static-server/target/static-server-3.4.0-SNAPSHOT.jar
[INFO] 
[INFO] --- maven-shade-plugin:2.1:shade (default) @ static-server ---
[WARNING] Map in class org.apache.maven.plugins.shade.resource.ManifestResourceTransformer declares value type as: class java.util.jar.Attributes but saw: class java.lang.String at runtime
[INFO] Including com.squareup.okhttp3:mockwebserver:jar:3.4.0-SNAPSHOT in the shaded jar.
[INFO] Including com.squareup.okhttp3:okhttp:jar:3.4.0-SNAPSHOT in the shaded jar.
[INFO] Including com.squareup.okio:okio:jar:1.8.0 in the shaded jar.
[INFO] Including com.squareup.okhttp3:okhttp-ws:jar:3.4.0-SNAPSHOT in the shaded jar.
[INFO] Including org.bouncycastle:bcprov-jdk15on:jar:1.50 in the shaded jar.
[INFO] Including junit:junit:jar:4.12 in the shaded jar.
[INFO] Including org.hamcrest:hamcrest-core:jar:1.3 in the shaded jar.
[INFO] Attaching shaded artifact.
[INFO] 
[INFO] --- maven-checkstyle-plugin:2.10:checkstyle (default) @ static-server ---
[INFO] Starting audit...
Audit done.

[WARNING] Unable to locate Source XRef to link to - DISABLED
[INFO] 
[INFO] --- maven-install-plugin:2.4:install (default-install) @ static-server ---
[INFO] Installing /home/travis/build/failed/square/okhttp/samples/static-server/target/static-server-3.4.0-SNAPSHOT.jar to /home/travis/.m2/repository/com/squareup/okhttp3/sample/static-server/3.4.0-SNAPSHOT/static-server-3.4.0-SNAPSHOT.jar
[INFO] Installing /home/travis/build/failed/square/okhttp/samples/static-server/pom.xml to /home/travis/.m2/repository/com/squareup/okhttp3/sample/static-server/3.4.0-SNAPSHOT/static-server-3.4.0-SNAPSHOT.pom
[INFO] Installing /home/travis/build/failed/square/okhttp/samples/static-server/target/static-server-3.4.0-SNAPSHOT-shaded.jar to /home/travis/.m2/repository/com/squareup/okhttp3/sample/static-server/3.4.0-SNAPSHOT/static-server-3.4.0-SNAPSHOT-shaded.jar
[INFO]                                                                         
[INFO] ------------------------------------------------------------------------
[INFO] Building Benchmarks 3.4.0-SNAPSHOT
[INFO] ------------------------------------------------------------------------
[INFO] 
[INFO] --- maven-enforcer-plugin:1.0:enforce (enforce-maven) @ benchmarks ---
[INFO] 
[INFO] --- maven-resources-plugin:2.6:resources (default-resources) @ benchmarks ---
[INFO] Using 'UTF-8' encoding to copy filtered resources.
[INFO] skip non existing resourceDirectory /home/travis/build/failed/square/okhttp/benchmarks/src/main/resources
[INFO] 
[INFO] --- maven-compiler-plugin:3.0:compile (default-compile) @ benchmarks ---
[INFO] Changes detected - recompiling the module!
[INFO] Compiling 9 source files to /home/travis/build/failed/square/okhttp/benchmarks/target/classes
[INFO] 
[INFO] --- maven-resources-plugin:2.6:testResources (default-testResources) @ benchmarks ---
[INFO] Using 'UTF-8' encoding to copy filtered resources.
[INFO] skip non existing resourceDirectory /home/travis/build/failed/square/okhttp/benchmarks/src/test/resources
[INFO] 
[INFO] --- maven-compiler-plugin:3.0:testCompile (default-testCompile) @ benchmarks ---
[INFO] No sources to compile
[INFO] 
[INFO] --- maven-surefire-plugin:2.17:test (default-test) @ benchmarks ---
[INFO] Tests are skipped.
[INFO] 
[INFO] --- animal-sniffer-maven-plugin:1.11:check (default) @ benchmarks ---
[INFO] Checking unresolved references to org.codehaus.mojo.signature:java16:1.1
[INFO] 
[INFO] --- maven-jar-plugin:2.4:jar (default-jar) @ benchmarks ---
[INFO] Building jar: /home/travis/build/failed/square/okhttp/benchmarks/target/benchmarks-3.4.0-SNAPSHOT.jar
[INFO] 
[INFO] --- maven-checkstyle-plugin:2.10:checkstyle (default) @ benchmarks ---
[INFO] Starting audit...
Audit done.

[WARNING] Unable to locate Source XRef to link to - DISABLED
[INFO] 
[INFO] --- maven-install-plugin:2.4:install (default-install) @ benchmarks ---
[INFO] Installing /home/travis/build/failed/square/okhttp/benchmarks/target/benchmarks-3.4.0-SNAPSHOT.jar to /home/travis/.m2/repository/com/squareup/okhttp3/benchmarks/3.4.0-SNAPSHOT/benchmarks-3.4.0-SNAPSHOT.jar
[INFO] Installing /home/travis/build/failed/square/okhttp/benchmarks/pom.xml to /home/travis/.m2/repository/com/squareup/okhttp3/benchmarks/3.4.0-SNAPSHOT/benchmarks-3.4.0-SNAPSHOT.pom
[INFO] ------------------------------------------------------------------------
[INFO] Reactor Summary:
[INFO] 
[INFO] OkHttp (Parent) .................................... SUCCESS [ 11.857 s]
[INFO] OkHttp ............................................. SUCCESS [  7.088 s]
[INFO] OkHttp test support classes ........................ SUCCESS [  1.196 s]
[INFO] OkHttp Web Sockets ................................. SUCCESS [  0.916 s]
[INFO] MockWebServer ...................................... SUCCESS [  4.730 s]
[INFO] OkHttp URLConnection ............................... SUCCESS [  1.061 s]
[INFO] OkHttp Tests ....................................... SUCCESS [  1.576 s]
[INFO] OkHttp Android Platform Support .................... SUCCESS [  0.879 s]
[INFO] OkHttp Apache HttpClient ........................... SUCCESS [  0.709 s]
[INFO] OkHttp Web Socket Tests ............................ SUCCESS [  1.108 s]
[INFO] OkHttp Logging Interceptor ......................... SUCCESS [  0.634 s]
[INFO] OkCurl ............................................. SUCCESS [  3.739 s]
[INFO] Samples (Parent) ................................... SUCCESS [  0.038 s]
[INFO] Sample: Guide ...................................... SUCCESS [  0.701 s]
[INFO] Sample: Crawler .................................... SUCCESS [  0.338 s]
[INFO] Sample: Simple Client .............................. SUCCESS [  0.287 s]
[INFO] Sample: Static Server .............................. SUCCESS [  1.783 s]
[INFO] Benchmarks ......................................... SUCCESS [  2.417 s]
[INFO] ------------------------------------------------------------------------
[INFO] BUILD SUCCESS
[INFO] ------------------------------------------------------------------------
[INFO] Total time: 42.062 s
[INFO] Finished at: 2022-06-09T16:27:14+00:00
[INFO] Final Memory: 45M/472M
[INFO] ------------------------------------------------------------------------

travis_time:end:03347a15:start=1654791991260606201,finish=1654792034787319792,duration=43526713591[0Ktravis_fold:end:install[0Ktravis_time:start:08b332ce[0K$ mvn test -Dhttps.protocols=TLSv1.2 -Dhttps.protocols=TLSv1.2 -B
[INFO] Scanning for projects...
[WARNING] 
[WARNING] Some problems were encountered while building the effective model for com.squareup.okhttp3:okhttp-tests:jar:3.4.0-SNAPSHOT
[WARNING] 'build.plugins.plugin.version' for org.apache.maven.plugins:maven-deploy-plugin is missing. @ com.squareup.okhttp3:okhttp-tests:[unknown-version], /home/travis/build/failed/square/okhttp/okhttp-tests/pom.xml, line 53, column 15
[WARNING] 
[WARNING] Some problems were encountered while building the effective model for com.squareup.okhttp3:okhttp-ws-tests:jar:3.4.0-SNAPSHOT
[WARNING] 'build.plugins.plugin.version' for org.apache.maven.plugins:maven-deploy-plugin is missing. @ com.squareup.okhttp3:okhttp-ws-tests:[unknown-version], /home/travis/build/failed/square/okhttp/okhttp-ws-tests/pom.xml, line 67, column 15
[WARNING] 
[WARNING] Some problems were encountered while building the effective model for com.squareup.okhttp3:benchmarks:jar:3.4.0-SNAPSHOT
[WARNING] 'build.plugins.plugin.version' for org.codehaus.mojo:exec-maven-plugin is missing. @ com.squareup.okhttp3:benchmarks:[unknown-version], /home/travis/build/failed/square/okhttp/benchmarks/pom.xml, line 74, column 15
[WARNING] 
[WARNING] It is highly recommended to fix these problems because they threaten the stability of your build.
[WARNING] 
[WARNING] For this reason, future Maven versions might no longer support building such malformed projects.
[WARNING] 
[INFO] ------------------------------------------------------------------------
[INFO] Reactor Build Order:
[INFO] 
[INFO] OkHttp (Parent)
[INFO] OkHttp
[INFO] OkHttp test support classes
[INFO] OkHttp Web Sockets
[INFO] MockWebServer
[INFO] OkHttp URLConnection
[INFO] OkHttp Tests
[INFO] OkHttp Android Platform Support
[INFO] OkHttp Apache HttpClient
[INFO] OkHttp Web Socket Tests
[INFO] OkHttp Logging Interceptor
[INFO] OkCurl
[INFO] Samples (Parent)
[INFO] Sample: Guide
[INFO] Sample: Crawler
[INFO] Sample: Simple Client
[INFO] Sample: Static Server
[INFO] Benchmarks
[INFO]                                                                         
[INFO] ------------------------------------------------------------------------
[INFO] Building OkHttp (Parent) 3.4.0-SNAPSHOT
[INFO] ------------------------------------------------------------------------
[INFO] 
[INFO] --- maven-enforcer-plugin:1.0:enforce (enforce-maven) @ parent ---
[INFO] 
[INFO] --- animal-sniffer-maven-plugin:1.11:check (default) @ parent ---
[INFO] Checking unresolved references to org.codehaus.mojo.signature:java16:1.1
[INFO]                                                                         
[INFO] ------------------------------------------------------------------------
[INFO] Building OkHttp 3.4.0-SNAPSHOT
[INFO] ------------------------------------------------------------------------
[INFO] 
[INFO] --- maven-enforcer-plugin:1.0:enforce (enforce-maven) @ okhttp ---
[INFO] 
[INFO] --- templating-maven-plugin:1.0-alpha-3:filter-sources (default) @ okhttp ---
[INFO] Using 'UTF-8' encoding to copy filtered resources.
[INFO] Copying 1 resource
[INFO] Source directory: /home/travis/build/failed/square/okhttp/okhttp/target/generated-sources/java-templates added.
[INFO] 
[INFO] --- maven-resources-plugin:2.6:resources (default-resources) @ okhttp ---
[INFO] Using 'UTF-8' encoding to copy filtered resources.
[INFO] skip non existing resourceDirectory /home/travis/build/failed/square/okhttp/okhttp/src/main/resources
[INFO] 
[INFO] --- maven-compiler-plugin:3.0:compile (default-compile) @ okhttp ---
[INFO] Changes detected - recompiling the module!
[INFO] Compiling 91 source files to /home/travis/build/failed/square/okhttp/okhttp/target/classes
[WARNING] /home/travis/build/failed/square/okhttp/okhttp/src/main/java/okhttp3/internal/Util.java: Some input files use unchecked or unsafe operations.
[WARNING] /home/travis/build/failed/square/okhttp/okhttp/src/main/java/okhttp3/internal/Util.java: Recompile with -Xlint:unchecked for details.
[INFO] 
[INFO] --- maven-resources-plugin:2.6:testResources (default-testResources) @ okhttp ---
[INFO] Using 'UTF-8' encoding to copy filtered resources.
[INFO] skip non existing resourceDirectory /home/travis/build/failed/square/okhttp/okhttp/src/test/resources
[INFO] 
[INFO] --- maven-compiler-plugin:3.0:testCompile (default-testCompile) @ okhttp ---
[INFO] No sources to compile
[INFO] 
[INFO] --- maven-surefire-plugin:2.17:test (default-test) @ okhttp ---
[INFO] No tests to run.
[INFO] 
[INFO] --- animal-sniffer-maven-plugin:1.11:check (default) @ okhttp ---
[INFO] Checking unresolved references to org.codehaus.mojo.signature:java16:1.1
[INFO]                                                                         
[INFO] ------------------------------------------------------------------------
[INFO] Building OkHttp test support classes 3.4.0-SNAPSHOT
[INFO] ------------------------------------------------------------------------
[INFO] 
[INFO] --- maven-enforcer-plugin:1.0:enforce (enforce-maven) @ okhttp-testing-support ---
[INFO] 
[INFO] --- maven-resources-plugin:2.6:resources (default-resources) @ okhttp-testing-support ---
[INFO] Using 'UTF-8' encoding to copy filtered resources.
[INFO] skip non existing resourceDirectory /home/travis/build/failed/square/okhttp/okhttp-testing-support/src/main/resources
[INFO] 
[INFO] --- maven-compiler-plugin:3.0:compile (default-compile) @ okhttp-testing-support ---
[INFO] Changes detected - recompiling the module!
[INFO] Compiling 7 source files to /home/travis/build/failed/square/okhttp/okhttp-testing-support/target/classes
[INFO] 
[INFO] --- maven-resources-plugin:2.6:testResources (default-testResources) @ okhttp-testing-support ---
[INFO] Using 'UTF-8' encoding to copy filtered resources.
[INFO] skip non existing resourceDirectory /home/travis/build/failed/square/okhttp/okhttp-testing-support/src/test/resources
[INFO] 
[INFO] --- maven-compiler-plugin:3.0:testCompile (default-testCompile) @ okhttp-testing-support ---
[INFO] No sources to compile
[INFO] 
[INFO] --- maven-surefire-plugin:2.17:test (default-test) @ okhttp-testing-support ---
[INFO] No tests to run.
[INFO] 
[INFO] --- animal-sniffer-maven-plugin:1.11:check (default) @ okhttp-testing-support ---
[INFO] Checking unresolved references to org.codehaus.mojo.signature:java16:1.1
[INFO]                                                                         
[INFO] ------------------------------------------------------------------------
[INFO] Building OkHttp Web Sockets 3.4.0-SNAPSHOT
[INFO] ------------------------------------------------------------------------
[INFO] 
[INFO] --- maven-enforcer-plugin:1.0:enforce (enforce-maven) @ okhttp-ws ---
[INFO] 
[INFO] --- maven-resources-plugin:2.6:resources (default-resources) @ okhttp-ws ---
[INFO] Using 'UTF-8' encoding to copy filtered resources.
[INFO] skip non existing resourceDirectory /home/travis/build/failed/square/okhttp/okhttp-ws/src/main/resources
[INFO] 
[INFO] --- maven-compiler-plugin:3.0:compile (default-compile) @ okhttp-ws ---
[INFO] Changes detected - recompiling the module!
[INFO] Compiling 7 source files to /home/travis/build/failed/square/okhttp/okhttp-ws/target/classes
[INFO] 
[INFO] --- maven-resources-plugin:2.6:testResources (default-testResources) @ okhttp-ws ---
[INFO] Using 'UTF-8' encoding to copy filtered resources.
[INFO] skip non existing resourceDirectory /home/travis/build/failed/square/okhttp/okhttp-ws/src/test/resources
[INFO] 
[INFO] --- maven-compiler-plugin:3.0:testCompile (default-testCompile) @ okhttp-ws ---
[INFO] No sources to compile
[INFO] 
[INFO] --- maven-surefire-plugin:2.17:test (default-test) @ okhttp-ws ---
[INFO] No tests to run.
[INFO] 
[INFO] --- animal-sniffer-maven-plugin:1.11:check (default) @ okhttp-ws ---
[INFO] Checking unresolved references to org.codehaus.mojo.signature:java16:1.1
[INFO]                                                                         
[INFO] ------------------------------------------------------------------------
[INFO] Building MockWebServer 3.4.0-SNAPSHOT
[INFO] ------------------------------------------------------------------------
[INFO] 
[INFO] --- maven-enforcer-plugin:1.0:enforce (enforce-maven) @ mockwebserver ---
[INFO] 
[INFO] --- maven-resources-plugin:2.6:resources (default-resources) @ mockwebserver ---
[INFO] Using 'UTF-8' encoding to copy filtered resources.
[INFO] skip non existing resourceDirectory /home/travis/build/failed/square/okhttp/mockwebserver/src/main/resources
[INFO] 
[INFO] --- maven-compiler-plugin:3.0:compile (default-compile) @ mockwebserver ---
[INFO] Changes detected - recompiling the module!
[INFO] Compiling 10 source files to /home/travis/build/failed/square/okhttp/mockwebserver/target/classes
[WARNING] /home/travis/build/failed/square/okhttp/mockwebserver/src/main/java/okhttp3/internal/tls/HeldCertificate.java: /home/travis/build/failed/square/okhttp/mockwebserver/src/main/java/okhttp3/internal/tls/HeldCertificate.java uses or overrides a deprecated API.
[WARNING] /home/travis/build/failed/square/okhttp/mockwebserver/src/main/java/okhttp3/internal/tls/HeldCertificate.java: Recompile with -Xlint:deprecation for details.
[INFO] 
[INFO] --- maven-resources-plugin:2.6:testResources (default-testResources) @ mockwebserver ---
[INFO] Using 'UTF-8' encoding to copy filtered resources.
[INFO] skip non existing resourceDirectory /home/travis/build/failed/square/okhttp/mockwebserver/src/test/resources
[INFO] 
[INFO] --- maven-compiler-plugin:3.0:testCompile (default-testCompile) @ mockwebserver ---
[INFO] Changes detected - recompiling the module!
[INFO] Compiling 2 source files to /home/travis/build/failed/square/okhttp/mockwebserver/target/test-classes
[INFO] 
[INFO] --- maven-surefire-plugin:2.17:test (default-test) @ mockwebserver ---
[INFO] Surefire report directory: /home/travis/build/failed/square/okhttp/mockwebserver/target/surefire-reports
[INFO] Using configured provider org.apache.maven.surefire.junitcore.JUnitCoreProvider
[INFO] parallel='none', perCoreThreadCount=true, threadCount=0, useUnlimitedThreads=false, threadCountSuites=0, threadCountClasses=0, threadCountMethods=0, parallelOptimized=true

-------------------------------------------------------
 T E S T S
-------------------------------------------------------
Installing aggressive uncaught exception handler
Running okhttp3.mockwebserver.CustomDispatcherTest
Jun 09, 2022 4:27:22 PM okhttp3.mockwebserver.MockWebServer$3 execute
INFO: MockWebServer[34539] starting to accept connections
Jun 09, 2022 4:27:22 PM okhttp3.mockwebserver.MockWebServer$4 processOneRequest
INFO: MockWebServer[34539] received request: GET / HTTP/1.1 and responded: HTTP/1.1 200 OK
Jun 09, 2022 4:27:22 PM okhttp3.mockwebserver.MockWebServer$3 acceptConnections
INFO: MockWebServer[34539] done accepting connections: Socket closed
Jun 09, 2022 4:27:22 PM okhttp3.mockwebserver.MockWebServer$3 execute
INFO: MockWebServer[37391] starting to accept connections
Jun 09, 2022 4:27:22 PM okhttp3.mockwebserver.MockWebServer$4 processOneRequest
INFO: MockWebServer[37391] received request: GET /bar HTTP/1.1 and responded: HTTP/1.1 200 OK
Jun 09, 2022 4:27:22 PM okhttp3.mockwebserver.MockWebServer$4 processOneRequest
INFO: MockWebServer[37391] received request: GET /foo HTTP/1.1 and responded: HTTP/1.1 200 OK
Jun 09, 2022 4:27:22 PM okhttp3.mockwebserver.MockWebServer$3 acceptConnections
INFO: MockWebServer[37391] done accepting connections: Socket closed
Tests run: 2, Failures: 0, Errors: 0, Skipped: 0, Time elapsed: 0.088 sec - in okhttp3.mockwebserver.CustomDispatcherTest
Running okhttp3.mockwebserver.MockWebServerTest
Jun 09, 2022 4:27:22 PM okhttp3.mockwebserver.MockWebServer$3 execute
INFO: MockWebServer[47577] starting to accept connections
Jun 09, 2022 4:27:22 PM okhttp3.mockwebserver.MockWebServer$3 acceptConnections
INFO: MockWebServer[47577] done accepting connections: Socket is closed
Jun 09, 2022 4:27:22 PM okhttp3.mockwebserver.MockWebServer$3 execute
INFO: MockWebServer[48773] starting to accept connections
Jun 09, 2022 4:27:23 PM okhttp3.mockwebserver.MockWebServer$4 processOneRequest
INFO: MockWebServer[48773] received request: GET / HTTP/1.1 and responded: HTTP/1.1 200 OK
Jun 09, 2022 4:27:23 PM okhttp3.mockwebserver.MockWebServer$3 acceptConnections
INFO: MockWebServer[48773] done accepting connections: Socket closed
Jun 09, 2022 4:27:23 PM okhttp3.mockwebserver.MockWebServer$3 execute
INFO: MockWebServer[45005] starting to accept connections
Jun 09, 2022 4:27:23 PM okhttp3.mockwebserver.MockWebServer$3 execute
INFO: MockWebServer[58197] starting to accept connections
Jun 09, 2022 4:27:23 PM okhttp3.mockwebserver.MockWebServer$3 acceptConnections
INFO: MockWebServer[58197] done accepting connections: Socket is closed
Jun 09, 2022 4:27:23 PM okhttp3.mockwebserver.MockWebServer$3 acceptConnections
INFO: MockWebServer[45005] done accepting connections: Socket closed
Jun 09, 2022 4:27:23 PM okhttp3.mockwebserver.MockWebServer$3 execute
INFO: MockWebServer[57005] starting to accept connections
Jun 09, 2022 4:27:24 PM okhttp3.mockwebserver.MockWebServer$3 acceptConnections
INFO: MockWebServer[57005] done accepting connections: Socket closed
Jun 09, 2022 4:27:24 PM okhttp3.mockwebserver.MockWebServer$4 execute
INFO: MockWebServer[57005] connection from /127.0.0.1 failed: java.net.SocketException: Socket closed
Jun 09, 2022 4:27:24 PM okhttp3.mockwebserver.MockWebServer$3 execute
INFO: MockWebServer[35285] starting to accept connections
Jun 09, 2022 4:27:24 PM okhttp3.mockwebserver.MockWebServer$4 processOneRequest
INFO: MockWebServer[35285] received request: GET / HTTP/1.1 and responded: HTTP/1.1 200 OK
Jun 09, 2022 4:27:24 PM okhttp3.mockwebserver.MockWebServer$3 acceptConnections
INFO: MockWebServer[35285] done accepting connections: Socket closed
Jun 09, 2022 4:27:24 PM okhttp3.mockwebserver.MockWebServer$3 execute
INFO: MockWebServer[38363] starting to accept connections
Jun 09, 2022 4:27:24 PM okhttp3.mockwebserver.MockWebServer$4 processOneRequest
INFO: MockWebServer[38363] received request: GET / HTTP/1.1 and responded: HTTP/1.1 302 Redirection
Jun 09, 2022 4:27:24 PM okhttp3.mockwebserver.MockWebServer$4 processOneRequest
INFO: MockWebServer[38363] received request: GET /new-path HTTP/1.1 and responded: HTTP/1.1 200 OK
Jun 09, 2022 4:27:24 PM okhttp3.mockwebserver.MockWebServer$3 acceptConnections
INFO: MockWebServer[38363] done accepting connections: Socket closed
Jun 09, 2022 4:27:24 PM okhttp3.mockwebserver.MockWebServer$3 execute
INFO: MockWebServer[55469] starting to accept connections
Jun 09, 2022 4:27:24 PM okhttp3.mockwebserver.MockWebServer$4 processOneRequest
INFO: MockWebServer[55469] received request: GET / HTTP/1.1 and responded: HTTP/1.1 200 OK
Jun 09, 2022 4:27:25 PM okhttp3.mockwebserver.MockWebServer$4 processOneRequest
INFO: MockWebServer[55469] received request: GET / HTTP/1.1 and responded: HTTP/1.1 200 OK
Jun 09, 2022 4:27:25 PM okhttp3.mockwebserver.MockWebServer$3 acceptConnections
INFO: MockWebServer[55469] done accepting connections: Socket closed
Jun 09, 2022 4:27:25 PM okhttp3.mockwebserver.MockWebServer$3 execute
INFO: MockWebServer[50075] starting to accept connections
Jun 09, 2022 4:27:25 PM okhttp3.mockwebserver.MockWebServer$3 acceptConnections
INFO: MockWebServer[50075] done accepting connections: Socket is closed
Jun 09, 2022 4:27:25 PM okhttp3.mockwebserver.MockWebServer$3 execute
INFO: MockWebServer[33091] starting to accept connections
Jun 09, 2022 4:27:25 PM okhttp3.mockwebserver.MockWebServer$3 acceptConnections
INFO: MockWebServer[33091] done accepting connections: Socket closed
Jun 09, 2022 4:27:25 PM okhttp3.mockwebserver.MockWebServer$4 execute
INFO: MockWebServer[33091] connection from /127.0.0.1 failed: java.net.SocketException: Socket closed
Jun 09, 2022 4:27:25 PM okhttp3.mockwebserver.MockWebServer$3 execute
INFO: MockWebServer[36303] starting to accept connections
Jun 09, 2022 4:27:25 PM okhttp3.mockwebserver.MockWebServer$3 acceptConnections
INFO: MockWebServer[36303] done accepting connections: Socket closed
Jun 09, 2022 4:27:25 PM okhttp3.mockwebserver.MockWebServer$3 execute
INFO: MockWebServer[53857] starting to accept connections
Jun 09, 2022 4:27:25 PM okhttp3.mockwebserver.MockWebServer$3 acceptConnections
INFO: MockWebServer[53857] done accepting connections: Socket is closed
Jun 09, 2022 4:27:25 PM okhttp3.mockwebserver.MockWebServer$3 execute
INFO: MockWebServer[60637] starting to accept connections
Jun 09, 2022 4:27:25 PM okhttp3.mockwebserver.MockWebServer$3 acceptConnections
INFO: MockWebServer[60637] done accepting connections: Socket is closed
Jun 09, 2022 4:27:25 PM okhttp3.mockwebserver.MockWebServer$3 execute
INFO: MockWebServer[54455] starting to accept connections
Jun 09, 2022 4:27:25 PM okhttp3.mockwebserver.MockWebServer$4 processOneRequest
INFO: MockWebServer[54455] received request: GET / HTTP/1.1 and responded: HTTP/1.1 200 OK
Jun 09, 2022 4:27:25 PM okhttp3.mockwebserver.MockWebServer$3 acceptConnections
INFO: MockWebServer[54455] done accepting connections: Socket closed
Jun 09, 2022 4:27:25 PM okhttp3.mockwebserver.MockWebServer$3 execute
INFO: MockWebServer[41817] starting to accept connections
Jun 09, 2022 4:27:25 PM okhttp3.mockwebserver.MockWebServer$3 acceptConnections
INFO: MockWebServer[41817] done accepting connections: Socket is closed
Jun 09, 2022 4:27:25 PM okhttp3.mockwebserver.MockWebServer$3 execute
INFO: MockWebServer[59673] starting to accept connections
Jun 09, 2022 4:27:25 PM okhttp3.mockwebserver.MockWebServer$4 processOneRequest
INFO: MockWebServer[59673] received request: GET / HTTP/1.1 and responded: HTTP/1.1 200 OK
Jun 09, 2022 4:27:25 PM okhttp3.mockwebserver.MockWebServer$3 acceptConnections
INFO: MockWebServer[59673] done accepting connections: Socket closed
Jun 09, 2022 4:27:25 PM okhttp3.mockwebserver.MockWebServer$3 execute
INFO: MockWebServer[56121] starting to accept connections
Jun 09, 2022 4:27:26 PM okhttp3.mockwebserver.MockWebServer$4 processOneRequest
INFO: MockWebServer[56121] received request: GET / HTTP/1.1 and responded: HTTP/1.1 200 OK
Jun 09, 2022 4:27:26 PM okhttp3.mockwebserver.MockWebServer$3 acceptConnections
INFO: MockWebServer[56121] done accepting connections: Socket closed
Jun 09, 2022 4:27:26 PM okhttp3.mockwebserver.MockWebServer$3 execute
INFO: MockWebServer[49345] starting to accept connections
Jun 09, 2022 4:27:26 PM okhttp3.mockwebserver.MockWebServer$3 acceptConnections
INFO: MockWebServer[49345] done accepting connections: Socket is closed
Jun 09, 2022 4:27:26 PM okhttp3.mockwebserver.MockWebServer$3 execute
INFO: MockWebServer[55203] starting to accept connections
Jun 09, 2022 4:27:27 PM okhttp3.mockwebserver.MockWebServer$4 processOneRequest
INFO: MockWebServer[55203] received request: GET / HTTP/1.1 and responded: HTTP/1.1 200 OK
Jun 09, 2022 4:27:27 PM okhttp3.mockwebserver.MockWebServer$3 acceptConnections
INFO: MockWebServer[55203] done accepting connections: Socket closed
Jun 09, 2022 4:27:27 PM okhttp3.mockwebserver.MockWebServer$3 execute
INFO: MockWebServer[54983] starting to accept connections
Jun 09, 2022 4:27:27 PM okhttp3.mockwebserver.MockWebServer$3 execute
INFO: MockWebServer[54879] starting to accept connections
Jun 09, 2022 4:27:27 PM okhttp3.mockwebserver.MockWebServer$3 acceptConnections
INFO: MockWebServer[54879] done accepting connections: Socket is closed
Jun 09, 2022 4:27:27 PM okhttp3.mockwebserver.MockWebServer$3 acceptConnections
INFO: MockWebServer[54983] done accepting connections: Socket closed
Jun 09, 2022 4:27:27 PM okhttp3.mockwebserver.MockWebServer$3 execute
INFO: MockWebServer[43705] starting to accept connections
Jun 09, 2022 4:27:27 PM okhttp3.mockwebserver.MockWebServer$3 acceptConnections
INFO: MockWebServer[43705] done accepting connections: Socket is closed
Jun 09, 2022 4:27:27 PM okhttp3.mockwebserver.MockWebServer$3 execute
INFO: MockWebServer[49757] starting to accept connections
Jun 09, 2022 4:27:27 PM okhttp3.mockwebserver.MockWebServer$3 acceptConnections
INFO: MockWebServer[49757] done accepting connections: Socket is closed
Jun 09, 2022 4:27:27 PM okhttp3.mockwebserver.MockWebServer$3 execute
INFO: MockWebServer[41975] starting to accept connections
Jun 09, 2022 4:27:27 PM okhttp3.mockwebserver.MockWebServer$3 acceptConnections
INFO: MockWebServer[41975] done accepting connections: Socket is closed
Jun 09, 2022 4:27:27 PM okhttp3.mockwebserver.MockWebServer$3 execute
INFO: MockWebServer[60153] starting to accept connections
Jun 09, 2022 4:27:27 PM okhttp3.mockwebserver.MockWebServer$4 processOneRequest
INFO: MockWebServer[60153] received request: POST / HTTP/1.1 and responded: HTTP/1.1 200 OK
Jun 09, 2022 4:27:27 PM okhttp3.mockwebserver.MockWebServer$3 acceptConnections
INFO: MockWebServer[60153] done accepting connections: Socket closed
Jun 09, 2022 4:27:27 PM okhttp3.mockwebserver.MockWebServer$3 execute
INFO: MockWebServer[54343] starting to accept connections
Jun 09, 2022 4:27:27 PM okhttp3.mockwebserver.MockWebServer$3 acceptConnections
INFO: MockWebServer[54343] done accepting connections: Socket is closed
Jun 09, 2022 4:27:27 PM okhttp3.mockwebserver.MockWebServer$3 execute
INFO: MockWebServer[36743] starting to accept connections
Jun 09, 2022 4:27:27 PM okhttp3.mockwebserver.MockWebServer$4 processOneRequest
INFO: MockWebServer[36743] received request: GET /a HTTP/1.1 and responded: HTTP/1.1 200 OK
Jun 09, 2022 4:27:27 PM okhttp3.mockwebserver.MockWebServer$4 processOneRequest
INFO: MockWebServer[36743] received request: GET /b HTTP/1.1 and responded: HTTP/1.1 200 OK
Jun 09, 2022 4:27:27 PM okhttp3.mockwebserver.MockWebServer$3 acceptConnections
INFO: MockWebServer[36743] done accepting connections: Socket closed
Tests run: 25, Failures: 0, Errors: 0, Skipped: 0, Time elapsed: 5.248 sec - in okhttp3.mockwebserver.MockWebServerTest
Uninstalled aggressive uncaught exception handler

Results :

Tests run: 27, Failures: 0, Errors: 0, Skipped: 0

[INFO] 
[INFO] --- animal-sniffer-maven-plugin:1.11:check (default) @ mockwebserver ---
[INFO] Checking unresolved references to org.codehaus.mojo.signature:java16:1.1
[INFO]                                                                         
[INFO] ------------------------------------------------------------------------
[INFO] Building OkHttp URLConnection 3.4.0-SNAPSHOT
[INFO] ------------------------------------------------------------------------
[INFO] 
[INFO] --- maven-enforcer-plugin:1.0:enforce (enforce-maven) @ okhttp-urlconnection ---
[INFO] 
[INFO] --- maven-resources-plugin:2.6:resources (default-resources) @ okhttp-urlconnection ---
[INFO] Using 'UTF-8' encoding to copy filtered resources.
[INFO] skip non existing resourceDirectory /home/travis/build/failed/square/okhttp/okhttp-urlconnection/src/main/resources
[INFO] 
[INFO] --- maven-compiler-plugin:3.0:compile (default-compile) @ okhttp-urlconnection ---
[INFO] Changes detected - recompiling the module!
[INFO] Compiling 12 source files to /home/travis/build/failed/square/okhttp/okhttp-urlconnection/target/classes
[WARNING] /home/travis/build/failed/square/okhttp/okhttp-urlconnection/src/main/java/okhttp3/internal/huc/HttpURLConnectionImpl.java: Some input files use or override a deprecated API.
[WARNING] /home/travis/build/failed/square/okhttp/okhttp-urlconnection/src/main/java/okhttp3/internal/huc/HttpURLConnectionImpl.java: Recompile with -Xlint:deprecation for details.
[INFO] 
[INFO] --- maven-resources-plugin:2.6:testResources (default-testResources) @ okhttp-urlconnection ---
[INFO] Using 'UTF-8' encoding to copy filtered resources.
[INFO] skip non existing resourceDirectory /home/travis/build/failed/square/okhttp/okhttp-urlconnection/src/test/resources
[INFO] 
[INFO] --- maven-compiler-plugin:3.0:testCompile (default-testCompile) @ okhttp-urlconnection ---
[INFO] Changes detected - recompiling the module!
[INFO] Compiling 3 source files to /home/travis/build/failed/square/okhttp/okhttp-urlconnection/target/test-classes
[WARNING] /home/travis/build/failed/square/okhttp/okhttp-urlconnection/src/test/java/okhttp3/internal/huc/URLEncodingTest.java: Some input files use or override a deprecated API.
[WARNING] /home/travis/build/failed/square/okhttp/okhttp-urlconnection/src/test/java/okhttp3/internal/huc/URLEncodingTest.java: Recompile with -Xlint:deprecation for details.
[INFO] 
[INFO] --- maven-surefire-plugin:2.17:test (default-test) @ okhttp-urlconnection ---
[INFO] Surefire report directory: /home/travis/build/failed/square/okhttp/okhttp-urlconnection/target/surefire-reports
[INFO] Using configured provider org.apache.maven.surefire.junitcore.JUnitCoreProvider
[INFO] parallel='none', perCoreThreadCount=true, threadCount=0, useUnlimitedThreads=false, threadCountSuites=0, threadCountClasses=0, threadCountMethods=0, parallelOptimized=true

-------------------------------------------------------
 T E S T S
-------------------------------------------------------
Installing aggressive uncaught exception handler
Running okhttp3.OkUrlFactoryTest
Jun 09, 2022 4:27:29 PM okhttp3.mockwebserver.MockWebServer$3 execute
INFO: MockWebServer[55973] starting to accept connections
Jun 09, 2022 4:27:29 PM okhttp3.mockwebserver.MockWebServer$4 processOneRequest
INFO: MockWebServer[55973] received request: GET /a HTTP/1.1 and responded: HTTP/1.1 302 Redirection
Jun 09, 2022 4:27:29 PM okhttp3.mockwebserver.MockWebServer$3 acceptConnections
INFO: MockWebServer[55973] done accepting connections: Socket closed
Jun 09, 2022 4:27:29 PM okhttp3.mockwebserver.MockWebServer$3 execute
INFO: MockWebServer[44595] starting to accept connections
Jun 09, 2022 4:27:29 PM okhttp3.mockwebserver.MockWebServer$4 processOneRequest
INFO: MockWebServer[44595] received request: GET / HTTP/1.1 and responded: HTTP/1.1 404 Client Error
Jun 09, 2022 4:27:29 PM okhttp3.mockwebserver.MockWebServer$3 acceptConnections
INFO: MockWebServer[44595] done accepting connections: Socket closed
Jun 09, 2022 4:27:29 PM okhttp3.mockwebserver.MockWebServer$3 execute
INFO: MockWebServer[39971] starting to accept connections
Jun 09, 2022 4:27:29 PM okhttp3.mockwebserver.MockWebServer$4 processOneRequest
INFO: MockWebServer[39971] received request: GET / HTTP/1.1 and responded: HTTP/1.1 200 OK
Jun 09, 2022 4:27:29 PM okhttp3.mockwebserver.MockWebServer$3 acceptConnections
INFO: MockWebServer[39971] done accepting connections: Socket closed
Jun 09, 2022 4:27:29 PM okhttp3.mockwebserver.MockWebServer$3 execute
INFO: MockWebServer[56035] starting to accept connections
Jun 09, 2022 4:27:29 PM okhttp3.mockwebserver.MockWebServer$3 execute
INFO: MockWebServer[60641] starting to accept connections
Jun 09, 2022 4:27:30 PM okhttp3.mockwebserver.MockWebServer$FramedSocketHandler onStream
INFO: MockWebServer[56035] received request: GET / HTTP/1.1 and responded: HTTP/1.1 302 Redirection protocol is h2
Jun 09, 2022 4:27:30 PM okhttp3.mockwebserver.MockWebServer$4 processOneRequest
INFO: MockWebServer[60641] received request: GET / HTTP/1.1 and responded: HTTP/1.1 200 OK
Jun 09, 2022 4:27:30 PM okhttp3.mockwebserver.MockWebServer$3 acceptConnections
INFO: MockWebServer[56035] done accepting connections: Socket closed
Jun 09, 2022 4:27:30 PM okhttp3.mockwebserver.MockWebServer$3 execute
INFO: MockWebServer[54417] starting to accept connections
Jun 09, 2022 4:27:30 PM okhttp3.mockwebserver.MockWebServer$4 processOneRequest
INFO: MockWebServer[54417] received request: GET / HTTP/1.1 and responded: HTTP/1.1 200 OK
Jun 09, 2022 4:27:30 PM okhttp3.mockwebserver.MockWebServer$4 processOneRequest
INFO: MockWebServer[54417] received request: GET / HTTP/1.1 and responded: HTTP/1.1 200 OK
Jun 09, 2022 4:27:30 PM okhttp3.mockwebserver.MockWebServer$3 acceptConnections
INFO: MockWebServer[54417] done accepting connections: Socket closed
Jun 09, 2022 4:27:30 PM okhttp3.mockwebserver.MockWebServer$3 execute
INFO: MockWebServer[37105] starting to accept connections
Jun 09, 2022 4:27:30 PM okhttp3.mockwebserver.MockWebServer$4 processOneRequest
INFO: MockWebServer[37105] received request: GET / HTTP/1.1 and responded: HTTP/1.1 200 OK
Jun 09, 2022 4:27:30 PM okhttp3.mockwebserver.MockWebServer$3 acceptConnections
INFO: MockWebServer[37105] done accepting connections: Socket closed
Jun 09, 2022 4:27:30 PM okhttp3.mockwebserver.MockWebServer$3 execute
INFO: MockWebServer[39015] starting to accept connections
Jun 09, 2022 4:27:30 PM okhttp3.mockwebserver.MockWebServer$4 processOneRequest
INFO: MockWebServer[39015] received request: GET / HTTP/1.1 and responded: HTTP/1.1 200 OK
Jun 09, 2022 4:27:30 PM okhttp3.mockwebserver.MockWebServer$4 processOneRequest
INFO: MockWebServer[39015] received request: GET / HTTP/1.1 and responded: HTTP/1.1 304 Redirection
Jun 09, 2022 4:27:30 PM okhttp3.mockwebserver.MockWebServer$3 acceptConnections
INFO: MockWebServer[39015] done accepting connections: Socket closed
Jun 09, 2022 4:27:30 PM okhttp3.mockwebserver.MockWebServer$3 execute
INFO: MockWebServer[60665] starting to accept connections
Jun 09, 2022 4:27:30 PM okhttp3.mockwebserver.MockWebServer$4 processOneRequest
INFO: MockWebServer[60665] received request: GET / HTTP/1.1 and responded: HTTP/1.1 200 OK
Jun 09, 2022 4:27:30 PM okhttp3.mockwebserver.MockWebServer$3 acceptConnections
INFO: MockWebServer[60665] done accepting connections: Socket closed
Jun 09, 2022 4:27:30 PM okhttp3.mockwebserver.MockWebServer$3 execute
INFO: MockWebServer[48667] starting to accept connections
Jun 09, 2022 4:27:30 PM okhttp3.mockwebserver.MockWebServer$4 processOneRequest
INFO: MockWebServer[48667] received request: GET / HTTP/1.1 and responded: HTTP/1.1 407 Client Error
Jun 09, 2022 4:27:30 PM okhttp3.mockwebserver.MockWebServer$3 acceptConnections
INFO: MockWebServer[48667] done accepting connections: Socket closed
Jun 09, 2022 4:27:30 PM okhttp3.mockwebserver.MockWebServer$3 execute
INFO: MockWebServer[43367] starting to accept connections
Jun 09, 2022 4:27:30 PM okhttp3.mockwebserver.MockWebServer$4 processOneRequest
INFO: MockWebServer[43367] received request: GET /b HTTP/1.1 and responded: HTTP/1.1 200 OK
Jun 09, 2022 4:27:30 PM okhttp3.mockwebserver.MockWebServer$3 acceptConnections
INFO: MockWebServer[43367] done accepting connections: Socket closed
Tests run: 10, Failures: 1, Errors: 0, Skipped: 0, Time elapsed: 1.423 sec <<< FAILURE! - in okhttp3.OkUrlFactoryTest
testURLFilterRedirect(okhttp3.OkUrlFactoryTest)  Time elapsed: 0.893 sec  <<< FAILURE!
java.lang.AssertionError: Connection was successful
	at org.junit.Assert.fail(Assert.java:88)
	at okhttp3.OkUrlFactoryTest.testURLFilterRedirect(OkUrlFactoryTest.java:209)

Running okhttp3.UrlConnectionCacheTest
Jun 09, 2022 4:27:30 PM okhttp3.mockwebserver.MockWebServer$3 execute
INFO: MockWebServer[50827] starting to accept connections
Jun 09, 2022 4:27:30 PM okhttp3.mockwebserver.MockWebServer$3 execute
INFO: MockWebServer[43675] starting to accept connections
Jun 09, 2022 4:27:30 PM okhttp3.mockwebserver.MockWebServer$3 acceptConnections
INFO: MockWebServer[43675] done accepting connections: Socket closed
Jun 09, 2022 4:27:30 PM okhttp3.mockwebserver.MockWebServer$3 acceptConnections
INFO: MockWebServer[50827] done accepting connections: Socket closed
Jun 09, 2022 4:27:30 PM okhttp3.mockwebserver.MockWebServer$3 execute
INFO: MockWebServer[44437] starting to accept connections
Jun 09, 2022 4:27:30 PM okhttp3.mockwebserver.MockWebServer$3 execute
INFO: MockWebServer[47213] starting to accept connections
Jun 09, 2022 4:27:30 PM okhttp3.mockwebserver.MockWebServer$4 processOneRequest
INFO: MockWebServer[47213] received request: GET /a HTTP/1.1 and responded: HTTP/1.1 200 OK
Jun 09, 2022 4:27:30 PM okhttp3.mockwebserver.MockWebServer$4 processOneRequest
INFO: MockWebServer[47213] received request: GET /a HTTP/1.1 and responded: HTTP/1.1 304 Redirection
Jun 09, 2022 4:27:30 PM okhttp3.mockwebserver.MockWebServer$3 acceptConnections
INFO: MockWebServer[47213] done accepting connections: Socket closed
Jun 09, 2022 4:27:30 PM okhttp3.mockwebserver.MockWebServer$3 acceptConnections
INFO: MockWebServer[44437] done accepting connections: Socket closed
Jun 09, 2022 4:27:30 PM okhttp3.mockwebserver.MockWebServer$3 execute
INFO: MockWebServer[46221] starting to accept connections
Jun 09, 2022 4:27:30 PM okhttp3.mockwebserver.MockWebServer$3 execute
INFO: MockWebServer[46311] starting to accept connections
Jun 09, 2022 4:27:30 PM okhttp3.mockwebserver.MockWebServer$4 processOneRequest
INFO: MockWebServer[46311] received request: GET / HTTP/1.1 and responded: HTTP/1.1 200 OK
Jun 09, 2022 4:27:30 PM okhttp3.mockwebserver.MockWebServer$4 processOneRequest
INFO: MockWebServer[46311] received request: GET / HTTP/1.1 and responded: HTTP/1.1 304 Redirection
Jun 09, 2022 4:27:30 PM okhttp3.mockwebserver.MockWebServer$4 processOneRequest
INFO: MockWebServer[46311] received request: GET / HTTP/1.1 and responded: HTTP/1.1 304 Redirection
Jun 09, 2022 4:27:30 PM okhttp3.mockwebserver.MockWebServer$3 acceptConnections
INFO: MockWebServer[46311] done accepting connections: Socket closed
Jun 09, 2022 4:27:30 PM okhttp3.mockwebserver.MockWebServer$3 acceptConnections
INFO: MockWebServer[46221] done accepting connections: Socket closed
Jun 09, 2022 4:27:30 PM okhttp3.mockwebserver.MockWebServer$3 execute
INFO: MockWebServer[41339] starting to accept connections
Jun 09, 2022 4:27:30 PM okhttp3.mockwebserver.MockWebServer$3 execute
INFO: MockWebServer[52059] starting to accept connections
Jun 09, 2022 4:27:30 PM okhttp3.mockwebserver.MockWebServer$4 processOneRequest
INFO: MockWebServer[52059] received request: GET / HTTP/1.1 and responded: HTTP/1.1 200 OK
Jun 09, 2022 4:27:30 PM okhttp3.mockwebserver.MockWebServer$3 acceptConnections
INFO: MockWebServer[52059] done accepting connections: Socket closed
Jun 09, 2022 4:27:30 PM okhttp3.mockwebserver.MockWebServer$3 acceptConnections
INFO: MockWebServer[41339] done accepting connections: Socket closed
Jun 09, 2022 4:27:30 PM okhttp3.mockwebserver.MockWebServer$3 execute
INFO: MockWebServer[45081] starting to accept connections
Jun 09, 2022 4:27:30 PM okhttp3.mockwebserver.MockWebServer$3 execute
INFO: MockWebServer[37687] starting to accept connections
Jun 09, 2022 4:27:30 PM okhttp3.mockwebserver.MockWebServer$4 processOneRequest
INFO: MockWebServer[37687] received request: GET /foo HTTP/1.1 and responded: HTTP/1.1 200 OK
Jun 09, 2022 4:27:30 PM okhttp3.mockwebserver.MockWebServer$4 processOneRequest
INFO: MockWebServer[37687] received request: GET /bar HTTP/1.1 and responded: HTTP/1.1 200 OK
Jun 09, 2022 4:27:30 PM okhttp3.mockwebserver.MockWebServer$3 acceptConnections
INFO: MockWebServer[37687] done accepting connections: Socket closed
Jun 09, 2022 4:27:30 PM okhttp3.mockwebserver.MockWebServer$3 acceptConnections
INFO: MockWebServer[45081] done accepting connections: Socket closed
Jun 09, 2022 4:27:30 PM okhttp3.mockwebserver.MockWebServer$3 execute
INFO: MockWebServer[35637] starting to accept connections
Jun 09, 2022 4:27:30 PM okhttp3.mockwebserver.MockWebServer$3 execute
INFO: MockWebServer[49221] starting to accept connections
Jun 09, 2022 4:27:30 PM okhttp3.mockwebserver.MockWebServer$4 processOneRequest
INFO: MockWebServer[49221] received request: POST / HTTP/1.1 and responded: HTTP/1.1 200 OK
Jun 09, 2022 4:27:30 PM okhttp3.mockwebserver.MockWebServer$4 processOneRequest
INFO: MockWebServer[49221] received request: GET / HTTP/1.1 and responded: HTTP/1.1 200 OK
Jun 09, 2022 4:27:30 PM okhttp3.mockwebserver.MockWebServer$3 acceptConnections
INFO: MockWebServer[49221] done accepting connections: Socket closed
Jun 09, 2022 4:27:30 PM okhttp3.mockwebserver.MockWebServer$3 acceptConnections
INFO: MockWebServer[35637] done accepting connections: Socket closed
Jun 09, 2022 4:27:30 PM okhttp3.mockwebserver.MockWebServer$3 execute
INFO: MockWebServer[37627] starting to accept connections
Jun 09, 2022 4:27:30 PM okhttp3.mockwebserver.MockWebServer$3 execute
INFO: MockWebServer[38073] starting to accept connections
Jun 09, 2022 4:27:30 PM okhttp3.mockwebserver.MockWebServer$4 processOneRequest
INFO: MockWebServer[38073] received request: GET / HTTP/1.1 and responded: HTTP/1.1 200 OK
Jun 09, 2022 4:27:30 PM okhttp3.mockwebserver.MockWebServer$3 acceptConnections
INFO: MockWebServer[38073] done accepting connections: Socket closed
Jun 09, 2022 4:27:30 PM okhttp3.mockwebserver.MockWebServer$3 acceptConnections
INFO: MockWebServer[37627] done accepting connections: Socket closed
Jun 09, 2022 4:27:30 PM okhttp3.mockwebserver.MockWebServer$3 execute
INFO: MockWebServer[34057] starting to accept connections
Jun 09, 2022 4:27:30 PM okhttp3.mockwebserver.MockWebServer$3 execute
INFO: MockWebServer[42727] starting to accept connections
Jun 09, 2022 4:27:31 PM okhttp3.mockwebserver.MockWebServer$4 processOneRequest
INFO: MockWebServer[42727] received request: GET / HTTP/1.1 and responded: HTTP/1.1 200 OK
Jun 09, 2022 4:27:31 PM okhttp3.mockwebserver.MockWebServer$3 acceptConnections
INFO: MockWebServer[42727] done accepting connections: Socket closed
Jun 09, 2022 4:27:31 PM okhttp3.mockwebserver.MockWebServer$4 processOneRequest
INFO: MockWebServer[42727] received request: GET / HTTP/1.1 and responded: HTTP/1.1 200 OK
Jun 09, 2022 4:27:31 PM okhttp3.mockwebserver.MockWebServer$4 processConnection
WARNING: MockWebServer[42727] connection from /127.0.0.1 didn't make a request
Jun 09, 2022 4:27:31 PM okhttp3.mockwebserver.MockWebServer$3 acceptConnections
INFO: MockWebServer[34057] done accepting connections: Socket closed
Jun 09, 2022 4:27:31 PM okhttp3.mockwebserver.MockWebServer$3 execute
INFO: MockWebServer[45061] starting to accept connections
Jun 09, 2022 4:27:31 PM okhttp3.mockwebserver.MockWebServer$3 execute
INFO: MockWebServer[47713] starting to accept connections
Jun 09, 2022 4:27:31 PM okhttp3.mockwebserver.MockWebServer$4 processOneRequest
INFO: MockWebServer[47713] received request: GET / HTTP/1.1 and responded: HTTP/1.1 200 OK
Jun 09, 2022 4:27:31 PM okhttp3.mockwebserver.MockWebServer$3 acceptConnections
INFO: MockWebServer[47713] done accepting connections: Socket closed
Jun 09, 2022 4:27:31 PM okhttp3.mockwebserver.MockWebServer$3 acceptConnections
INFO: MockWebServer[45061] done accepting connections: Socket closed
Jun 09, 2022 4:27:31 PM okhttp3.mockwebserver.MockWebServer$3 execute
INFO: MockWebServer[52145] starting to accept connections
Jun 09, 2022 4:27:31 PM okhttp3.mockwebserver.MockWebServer$3 execute
INFO: MockWebServer[44195] starting to accept connections
Jun 09, 2022 4:27:31 PM okhttp3.mockwebserver.MockWebServer$4 processOneRequest
INFO: MockWebServer[44195] received request: GET /?foo=bar HTTP/1.1 and responded: HTTP/1.1 200 OK
Jun 09, 2022 4:27:31 PM okhttp3.mockwebserver.MockWebServer$4 processOneRequest
INFO: MockWebServer[44195] received request: GET /?foo=bar HTTP/1.1 and responded: HTTP/1.1 200 OK
Jun 09, 2022 4:27:31 PM okhttp3.mockwebserver.MockWebServer$3 acceptConnections
INFO: MockWebServer[44195] done accepting connections: Socket closed
Jun 09, 2022 4:27:32 PM okhttp3.mockwebserver.MockWebServer$3 acceptConnections
INFO: MockWebServer[52145] done accepting connections: Socket closed
Jun 09, 2022 4:27:32 PM okhttp3.mockwebserver.MockWebServer$3 execute
INFO: MockWebServer[42615] starting to accept connections
Jun 09, 2022 4:27:32 PM okhttp3.mockwebserver.MockWebServer$3 execute
INFO: MockWebServer[46523] starting to accept connections
Jun 09, 2022 4:27:32 PM okhttp3.mockwebserver.MockWebServer$4 processOneRequest
INFO: MockWebServer[46523] received request: GET / HTTP/1.1 and responded: HTTP/1.1 200 OK
Jun 09, 2022 4:27:32 PM okhttp3.mockwebserver.MockWebServer$3 acceptConnections
INFO: MockWebServer[46523] done accepting connections: Socket closed
Jun 09, 2022 4:27:32 PM okhttp3.mockwebserver.MockWebServer$3 acceptConnections
INFO: MockWebServer[42615] done accepting connections: Socket closed
Jun 09, 2022 4:27:32 PM okhttp3.mockwebserver.MockWebServer$3 execute
INFO: MockWebServer[58823] starting to accept connections
Jun 09, 2022 4:27:32 PM okhttp3.mockwebserver.MockWebServer$3 execute
INFO: MockWebServer[44089] starting to accept connections
Jun 09, 2022 4:27:32 PM okhttp3.mockwebserver.MockWebServer$4 processOneRequest
INFO: MockWebServer[44089] received request: GET / HTTP/1.1 and responded: HTTP/1.1 200 OK
Jun 09, 2022 4:27:32 PM okhttp3.mockwebserver.MockWebServer$4 processOneRequest
INFO: MockWebServer[44089] received request: GET / HTTP/1.1 and responded: HTTP/1.1 200 OK
Jun 09, 2022 4:27:32 PM okhttp3.mockwebserver.MockWebServer$3 acceptConnections
INFO: MockWebServer[44089] done accepting connections: Socket closed
Jun 09, 2022 4:27:32 PM okhttp3.mockwebserver.MockWebServer$3 acceptConnections
INFO: MockWebServer[58823] done accepting connections: Socket closed
Jun 09, 2022 4:27:32 PM okhttp3.mockwebserver.MockWebServer$3 execute
INFO: MockWebServer[35399] starting to accept connections
Jun 09, 2022 4:27:32 PM okhttp3.mockwebserver.MockWebServer$3 execute
INFO: MockWebServer[50845] starting to accept connections
Jun 09, 2022 4:27:32 PM okhttp3.mockwebserver.MockWebServer$4 processOneRequest
INFO: MockWebServer[50845] received request: GET / HTTP/1.1 and responded: HTTP/1.1 200 Fantastic
Jun 09, 2022 4:27:32 PM okhttp3.mockwebserver.MockWebServer$3 acceptConnections
INFO: MockWebServer[50845] done accepting connections: Socket closed
Jun 09, 2022 4:27:32 PM okhttp3.mockwebserver.MockWebServer$3 acceptConnections
INFO: MockWebServer[35399] done accepting connections: Socket closed
Jun 09, 2022 4:27:32 PM okhttp3.mockwebserver.MockWebServer$3 execute
INFO: MockWebServer[54133] starting to accept connections
Jun 09, 2022 4:27:32 PM okhttp3.mockwebserver.MockWebServer$3 execute
INFO: MockWebServer[56901] starting to accept connections
Jun 09, 2022 4:27:32 PM okhttp3.mockwebserver.MockWebServer$4 processOneRequest
INFO: MockWebServer[56901] received request: GET / HTTP/1.1 and responded: HTTP/1.1 304 Redirection
Jun 09, 2022 4:27:32 PM okhttp3.mockwebserver.MockWebServer$3 acceptConnections
INFO: MockWebServer[56901] done accepting connections: Socket closed
Jun 09, 2022 4:27:32 PM okhttp3.mockwebserver.MockWebServer$3 acceptConnections
INFO: MockWebServer[54133] done accepting connections: Socket closed
Jun 09, 2022 4:27:32 PM okhttp3.mockwebserver.MockWebServer$3 execute
INFO: MockWebServer[37581] starting to accept connections
Jun 09, 2022 4:27:32 PM okhttp3.mockwebserver.MockWebServer$3 execute
INFO: MockWebServer[33965] starting to accept connections
Jun 09, 2022 4:27:32 PM okhttp3.mockwebserver.MockWebServer$4 processOneRequest
INFO: MockWebServer[33965] received request: GET / HTTP/1.1 and responded: HTTP/1.1 200 OK
Jun 09, 2022 4:27:32 PM okhttp3.mockwebserver.MockWebServer$4 processOneRequest
INFO: MockWebServer[33965] received request: GET / HTTP/1.1 and responded: HTTP/1.1 200 OK
Jun 09, 2022 4:27:32 PM okhttp3.mockwebserver.MockWebServer$3 acceptConnections
INFO: MockWebServer[33965] done accepting connections: Socket closed
Jun 09, 2022 4:27:32 PM okhttp3.mockwebserver.MockWebServer$3 acceptConnections
INFO: MockWebServer[37581] done accepting connections: Socket closed
Jun 09, 2022 4:27:32 PM okhttp3.mockwebserver.MockWebServer$3 execute
INFO: MockWebServer[49069] starting to accept connections
Jun 09, 2022 4:27:32 PM okhttp3.mockwebserver.MockWebServer$3 execute
INFO: MockWebServer[55191] starting to accept connections
Jun 09, 2022 4:27:32 PM okhttp3.mockwebserver.MockWebServer$4 processOneRequest
INFO: MockWebServer[55191] received request: GET / HTTP/1.1 and responded: HTTP/1.1 200 OK
Jun 09, 2022 4:27:32 PM okhttp3.mockwebserver.MockWebServer$4 processOneRequest
INFO: MockWebServer[55191] received request: GET / HTTP/1.1 and responded: HTTP/1.1 200 OK
Jun 09, 2022 4:27:32 PM okhttp3.mockwebserver.MockWebServer$3 acceptConnections
INFO: MockWebServer[55191] done accepting connections: Socket closed
Jun 09, 2022 4:27:32 PM okhttp3.mockwebserver.MockWebServer$3 acceptConnections
INFO: MockWebServer[49069] done accepting connections: Socket closed
Jun 09, 2022 4:27:32 PM okhttp3.mockwebserver.MockWebServer$3 execute
INFO: MockWebServer[56511] starting to accept connections
Jun 09, 2022 4:27:32 PM okhttp3.mockwebserver.MockWebServer$3 execute
INFO: MockWebServer[44639] starting to accept connections
Jun 09, 2022 4:27:32 PM okhttp3.mockwebserver.MockWebServer$4 processOneRequest
INFO: MockWebServer[44639] received request: PUT / HTTP/1.1 and responded: HTTP/1.1 200 OK
Jun 09, 2022 4:27:32 PM okhttp3.mockwebserver.MockWebServer$4 processOneRequest
INFO: MockWebServer[44639] received request: GET / HTTP/1.1 and responded: HTTP/1.1 200 OK
Jun 09, 2022 4:27:32 PM okhttp3.mockwebserver.MockWebServer$3 acceptConnections
INFO: MockWebServer[44639] done accepting connections: Socket closed
Jun 09, 2022 4:27:32 PM okhttp3.mockwebserver.MockWebServer$3 acceptConnections
INFO: MockWebServer[56511] done accepting connections: Socket closed
Jun 09, 2022 4:27:32 PM okhttp3.mockwebserver.MockWebServer$3 execute
INFO: MockWebServer[46513] starting to accept connections
Jun 09, 2022 4:27:32 PM okhttp3.mockwebserver.MockWebServer$3 execute
INFO: MockWebServer[41651] starting to accept connections
Jun 09, 2022 4:27:32 PM okhttp3.mockwebserver.MockWebServer$4 processOneRequest
INFO: MockWebServer[41651] received request: GET / HTTP/1.1 and responded: HTTP/1.1 200 OK
Jun 09, 2022 4:27:32 PM okhttp3.mockwebserver.MockWebServer$3 acceptConnections
INFO: MockWebServer[41651] done accepting connections: Socket closed
Jun 09, 2022 4:27:32 PM okhttp3.mockwebserver.MockWebServer$3 acceptConnections
INFO: MockWebServer[46513] done accepting connections: Socket closed
Jun 09, 2022 4:27:32 PM okhttp3.mockwebserver.MockWebServer$3 execute
INFO: MockWebServer[49111] starting to accept connections
Jun 09, 2022 4:27:32 PM okhttp3.mockwebserver.MockWebServer$3 execute
INFO: MockWebServer[40081] starting to accept connections
Jun 09, 2022 4:27:32 PM okhttp3.mockwebserver.MockWebServer$4 processOneRequest
INFO: MockWebServer[40081] received request: GET / HTTP/1.1 and responded: HTTP/1.1 206 OK
Jun 09, 2022 4:27:32 PM okhttp3.mockwebserver.MockWebServer$4 processOneRequest
INFO: MockWebServer[40081] received request: GET / HTTP/1.1 and responded: HTTP/1.1 200 OK
Jun 09, 2022 4:27:32 PM okhttp3.mockwebserver.MockWebServer$3 acceptConnections
INFO: MockWebServer[40081] done accepting connections: Socket closed
Jun 09, 2022 4:27:32 PM okhttp3.mockwebserver.MockWebServer$3 acceptConnections
INFO: MockWebServer[49111] done accepting connections: Socket closed
Jun 09, 2022 4:27:32 PM okhttp3.mockwebserver.MockWebServer$3 execute
INFO: MockWebServer[43047] starting to accept connections
Jun 09, 2022 4:27:32 PM okhttp3.mockwebserver.MockWebServer$3 execute
INFO: MockWebServer[36001] starting to accept connections
Jun 09, 2022 4:27:32 PM okhttp3.mockwebserver.MockWebServer$4 processOneRequest
INFO: MockWebServer[36001] received request: GET /valid HTTP/1.1 and responded: HTTP/1.1 200 A-OK
Jun 09, 2022 4:27:32 PM okhttp3.mockwebserver.MockWebServer$4 processOneRequest
INFO: MockWebServer[36001] received request: GET /valid HTTP/1.1 and responded: HTTP/1.1 304 Redirection
Jun 09, 2022 4:27:32 PM okhttp3.mockwebserver.MockWebServer$4 processOneRequest
INFO: MockWebServer[36001] received request: GET /invalid HTTP/1.1 and responded: HTTP/1.1 200 B-OK
Jun 09, 2022 4:27:32 PM okhttp3.mockwebserver.MockWebServer$4 processOneRequest
INFO: MockWebServer[36001] received request: GET /invalid HTTP/1.1 and responded: HTTP/1.1 200 C-OK
Jun 09, 2022 4:27:32 PM okhttp3.mockwebserver.MockWebServer$3 acceptConnections
INFO: MockWebServer[36001] done accepting connections: Socket closed
Jun 09, 2022 4:27:32 PM okhttp3.mockwebserver.MockWebServer$3 acceptConnections
INFO: MockWebServer[43047] done accepting connections: Socket closed
Jun 09, 2022 4:27:32 PM okhttp3.mockwebserver.MockWebServer$3 execute
INFO: MockWebServer[48985] starting to accept connections
Jun 09, 2022 4:27:32 PM okhttp3.mockwebserver.MockWebServer$3 execute
INFO: MockWebServer[45419] starting to accept connections
Jun 09, 2022 4:27:32 PM okhttp3.mockwebserver.MockWebServer$4 processOneRequest
INFO: MockWebServer[45419] received request: GET / HTTP/1.1 and responded: HTTP/1.1 200 OK
Jun 09, 2022 4:27:32 PM okhttp3.mockwebserver.MockWebServer$3 acceptConnections
INFO: MockWebServer[45419] done accepting connections: Socket closed
Jun 09, 2022 4:27:32 PM okhttp3.mockwebserver.MockWebServer$3 acceptConnections
INFO: MockWebServer[48985] done accepting connections: Socket closed
Jun 09, 2022 4:27:32 PM okhttp3.mockwebserver.MockWebServer$3 execute
INFO: MockWebServer[33689] starting to accept connections
Jun 09, 2022 4:27:32 PM okhttp3.mockwebserver.MockWebServer$3 execute
INFO: MockWebServer[45965] starting to accept connections
Jun 09, 2022 4:27:32 PM okhttp3.mockwebserver.MockWebServer$4 processOneRequest
INFO: MockWebServer[45965] received request: GET / HTTP/1.1 and responded: HTTP/1.1 200 OK
Jun 09, 2022 4:27:32 PM okhttp3.mockwebserver.MockWebServer$4 processOneRequest
INFO: MockWebServer[45965] received request: GET / HTTP/1.1 and responded: HTTP/1.1 200 OK
Jun 09, 2022 4:27:32 PM okhttp3.mockwebserver.MockWebServer$3 acceptConnections
INFO: MockWebServer[45965] done accepting connections: Socket closed
Jun 09, 2022 4:27:32 PM okhttp3.mockwebserver.MockWebServer$3 acceptConnections
INFO: MockWebServer[33689] done accepting connections: Socket closed
Jun 09, 2022 4:27:32 PM okhttp3.mockwebserver.MockWebServer$3 execute
INFO: MockWebServer[38571] starting to accept connections
Jun 09, 2022 4:27:32 PM okhttp3.mockwebserver.MockWebServer$3 execute
INFO: MockWebServer[47743] starting to accept connections
Jun 09, 2022 4:27:32 PM okhttp3.mockwebserver.MockWebServer$3 acceptConnections
INFO: MockWebServer[47743] done accepting connections: Socket closed
Jun 09, 2022 4:27:32 PM okhttp3.mockwebserver.MockWebServer$3 acceptConnections
INFO: MockWebServer[38571] done accepting connections: Socket closed
Jun 09, 2022 4:27:32 PM okhttp3.mockwebserver.MockWebServer$3 execute
INFO: MockWebServer[50915] starting to accept connections
Jun 09, 2022 4:27:32 PM okhttp3.mockwebserver.MockWebServer$3 execute
INFO: MockWebServer[40351] starting to accept connections
Jun 09, 2022 4:27:32 PM okhttp3.mockwebserver.MockWebServer$4 processOneRequest
INFO: MockWebServer[40351] received request: HEAD / HTTP/1.1 and responded: HTTP/1.1 200 OK
Jun 09, 2022 4:27:32 PM okhttp3.mockwebserver.MockWebServer$4 processOneRequest
INFO: MockWebServer[40351] received request: GET / HTTP/1.1 and responded: HTTP/1.1 200 OK
Jun 09, 2022 4:27:32 PM okhttp3.mockwebserver.MockWebServer$3 acceptConnections
INFO: MockWebServer[40351] done accepting connections: Socket closed
Jun 09, 2022 4:27:32 PM okhttp3.mockwebserver.MockWebServer$3 acceptConnections
INFO: MockWebServer[50915] done accepting connections: Socket closed
Jun 09, 2022 4:27:32 PM okhttp3.mockwebserver.MockWebServer$3 execute
INFO: MockWebServer[54385] starting to accept connections
Jun 09, 2022 4:27:32 PM okhttp3.mockwebserver.MockWebServer$3 execute
INFO: MockWebServer[42221] starting to accept connections
Jun 09, 2022 4:27:32 PM okhttp3.mockwebserver.MockWebServer$4 processOneRequest
INFO: MockWebServer[42221] received request: GET / HTTP/1.1 and responded: HTTP/1.1 200 OK
Jun 09, 2022 4:27:32 PM okhttp3.mockwebserver.MockWebServer$4 processOneRequest
INFO: MockWebServer[42221] received request: GET / HTTP/1.1 and responded: HTTP/1.1 304 Redirection
Jun 09, 2022 4:27:32 PM okhttp3.mockwebserver.MockWebServer$3 acceptConnections
INFO: MockWebServer[42221] done accepting connections: Socket closed
Jun 09, 2022 4:27:32 PM okhttp3.mockwebserver.MockWebServer$3 acceptConnections
INFO: MockWebServer[54385] done accepting connections: Socket closed
Jun 09, 2022 4:27:32 PM okhttp3.mockwebserver.MockWebServer$3 execute
INFO: MockWebServer[33637] starting to accept connections
Jun 09, 2022 4:27:32 PM okhttp3.mockwebserver.MockWebServer$3 execute
INFO: MockWebServer[57023] starting to accept connections
Jun 09, 2022 4:27:32 PM okhttp3.mockwebserver.MockWebServer$4 processOneRequest
INFO: MockWebServer[57023] received request: GET / HTTP/1.1 and responded: HTTP/1.1 200 OK
Jun 09, 2022 4:27:32 PM okhttp3.mockwebserver.MockWebServer$4 processOneRequest
INFO: MockWebServer[57023] received request: GET / HTTP/1.1 and responded: HTTP/1.1 200 OK
Jun 09, 2022 4:27:32 PM okhttp3.mockwebserver.MockWebServer$3 acceptConnections
INFO: MockWebServer[57023] done accepting connections: Socket closed
Jun 09, 2022 4:27:32 PM okhttp3.mockwebserver.MockWebServer$3 acceptConnections
INFO: MockWebServer[33637] done accepting connections: Socket closed
Jun 09, 2022 4:27:32 PM okhttp3.mockwebserver.MockWebServer$3 execute
INFO: MockWebServer[33485] starting to accept connections
Jun 09, 2022 4:27:32 PM okhttp3.mockwebserver.MockWebServer$3 execute
INFO: MockWebServer[59135] starting to accept connections
Jun 09, 2022 4:27:32 PM okhttp3.mockwebserver.MockWebServer$3 acceptConnections
INFO: MockWebServer[59135] done accepting connections: Socket closed
Jun 09, 2022 4:27:32 PM okhttp3.mockwebserver.MockWebServer$3 acceptConnections
INFO: MockWebServer[33485] done accepting connections: Socket closed
Jun 09, 2022 4:27:32 PM okhttp3.mockwebserver.MockWebServer$3 execute
INFO: MockWebServer[38839] starting to accept connections
Jun 09, 2022 4:27:32 PM okhttp3.mockwebserver.MockWebServer$3 execute
INFO: MockWebServer[51105] starting to accept connections
Jun 09, 2022 4:27:32 PM okhttp3.mockwebserver.MockWebServer$4 processOneRequest
INFO: MockWebServer[51105] received request: GET / HTTP/1.1 and responded: HTTP/1.1 200 OK
Jun 09, 2022 4:27:32 PM okhttp3.mockwebserver.MockWebServer$3 acceptConnections
INFO: MockWebServer[51105] done accepting connections: Socket closed
Jun 09, 2022 4:27:33 PM okhttp3.mockwebserver.MockWebServer$4 processOneRequest
INFO: MockWebServer[51105] received request: GET / HTTP/1.1 and responded: HTTP/1.1 200 OK
Jun 09, 2022 4:27:33 PM okhttp3.mockwebserver.MockWebServer$3 acceptConnections
INFO: MockWebServer[38839] done accepting connections: Socket closed
Jun 09, 2022 4:27:33 PM okhttp3.mockwebserver.MockWebServer$3 execute
INFO: MockWebServer[47641] starting to accept connections
Jun 09, 2022 4:27:33 PM okhttp3.mockwebserver.MockWebServer$3 execute
INFO: MockWebServer[39285] starting to accept connections
Jun 09, 2022 4:27:33 PM okhttp3.mockwebserver.MockWebServer$4 processOneRequest
INFO: MockWebServer[39285] received request: GET / HTTP/1.1 and responded: HTTP/1.1 200 OK
Jun 09, 2022 4:27:33 PM okhttp3.mockwebserver.MockWebServer$4 processOneRequest
INFO: MockWebServer[39285] received request: GET / HTTP/1.1 and responded: HTTP/1.1 200 OK
Jun 09, 2022 4:27:33 PM okhttp3.mockwebserver.MockWebServer$3 acceptConnections
INFO: MockWebServer[39285] done accepting connections: Socket closed
Jun 09, 2022 4:27:33 PM okhttp3.mockwebserver.MockWebServer$3 acceptConnections
INFO: MockWebServer[47641] done accepting connections: Socket closed
Jun 09, 2022 4:27:33 PM okhttp3.mockwebserver.MockWebServer$3 execute
INFO: MockWebServer[60837] starting to accept connections
Jun 09, 2022 4:27:33 PM okhttp3.mockwebserver.MockWebServer$3 execute
INFO: MockWebServer[35717] starting to accept connections
Jun 09, 2022 4:27:33 PM okhttp3.mockwebserver.MockWebServer$4 processOneRequest
INFO: MockWebServer[35717] received request: GET / HTTP/1.1 and responded: HTTP/1.1 200 OK
Jun 09, 2022 4:27:33 PM okhttp3.mockwebserver.MockWebServer$4 processOneRequest
INFO: MockWebServer[35717] received request: GET / HTTP/1.1 and responded: HTTP/1.1 304 Redirection
Jun 09, 2022 4:27:33 PM okhttp3.mockwebserver.MockWebServer$3 acceptConnections
INFO: MockWebServer[35717] done accepting connections: Socket closed
Jun 09, 2022 4:27:33 PM okhttp3.mockwebserver.MockWebServer$3 acceptConnections
INFO: MockWebServer[60837] done accepting connections: Socket closed
Jun 09, 2022 4:27:33 PM okhttp3.mockwebserver.MockWebServer$3 execute
INFO: MockWebServer[51297] starting to accept connections
Jun 09, 2022 4:27:33 PM okhttp3.mockwebserver.MockWebServer$3 execute
INFO: MockWebServer[41179] starting to accept connections
Jun 09, 2022 4:27:33 PM okhttp3.mockwebserver.MockWebServer$4 processOneRequest
INFO: MockWebServer[41179] received request: GET / HTTP/1.1 and responded: HTTP/1.1 301 Redirection
Jun 09, 2022 4:27:34 PM okhttp3.mockwebserver.MockWebServer$FramedSocketHandler onStream
INFO: MockWebServer[51297] received request: GET / HTTP/1.1 and responded: HTTP/1.1 200 OK protocol is h2
Jun 09, 2022 4:27:34 PM okhttp3.mockwebserver.MockWebServer$3 acceptConnections
INFO: MockWebServer[41179] done accepting connections: Socket closed
Jun 09, 2022 4:27:34 PM okhttp3.mockwebserver.MockWebServer$3 acceptConnections
INFO: MockWebServer[51297] done accepting connections: Socket closed
Jun 09, 2022 4:27:34 PM okhttp3.mockwebserver.MockWebServer$3 execute
INFO: MockWebServer[45229] starting to accept connections
Jun 09, 2022 4:27:34 PM okhttp3.mockwebserver.MockWebServer$3 execute
INFO: MockWebServer[54801] starting to accept connections
Jun 09, 2022 4:27:34 PM okhttp3.mockwebserver.MockWebServer$4 processOneRequest
INFO: MockWebServer[54801] received request: GET / HTTP/1.1 and responded: HTTP/1.1 200 OK
Jun 09, 2022 4:27:34 PM okhttp3.mockwebserver.MockWebServer$4 processOneRequest
INFO: MockWebServer[54801] received request: GET / HTTP/1.1 and responded: HTTP/1.1 304 Redirection
Jun 09, 2022 4:27:34 PM okhttp3.mockwebserver.MockWebServer$3 acceptConnections
INFO: MockWebServer[54801] done accepting connections: Socket closed
Jun 09, 2022 4:27:34 PM okhttp3.mockwebserver.MockWebServer$3 acceptConnections
INFO: MockWebServer[45229] done accepting connections: Socket closed
Jun 09, 2022 4:27:34 PM okhttp3.mockwebserver.MockWebServer$3 execute
INFO: MockWebServer[34801] starting to accept connections
Jun 09, 2022 4:27:34 PM okhttp3.mockwebserver.MockWebServer$3 execute
INFO: MockWebServer[39353] starting to accept connections
Jun 09, 2022 4:27:35 PM okhttp3.mockwebserver.MockWebServer$4 processOneRequest
INFO: MockWebServer[39353] received request: GET / HTTP/1.1 and responded: HTTP/1.1 200 OK
Jun 09, 2022 4:27:35 PM okhttp3.mockwebserver.MockWebServer$3 acceptConnections
INFO: MockWebServer[39353] done accepting connections: Socket closed
Jun 09, 2022 4:27:36 PM okhttp3.mockwebserver.MockWebServer$4 processOneRequest
INFO: MockWebServer[39353] received request: GET / HTTP/1.1 and responded: HTTP/1.1 200 OK
Jun 09, 2022 4:27:36 PM okhttp3.mockwebserver.MockWebServer$3 acceptConnections
INFO: MockWebServer[34801] done accepting connections: Socket closed
Jun 09, 2022 4:27:36 PM okhttp3.mockwebserver.MockWebServer$3 execute
INFO: MockWebServer[34903] starting to accept connections
Jun 09, 2022 4:27:36 PM okhttp3.mockwebserver.MockWebServer$3 execute
INFO: MockWebServer[47821] starting to accept connections
Jun 09, 2022 4:27:36 PM okhttp3.mockwebserver.MockWebServer$4 processOneRequest
INFO: MockWebServer[47821] received request: GET / HTTP/1.1 and responded: HTTP/1.1 200 OK
Jun 09, 2022 4:27:36 PM okhttp3.mockwebserver.MockWebServer$4 processOneRequest
INFO: MockWebServer[47821] received request: GET / HTTP/1.1 and responded: HTTP/1.1 200 OK
Jun 09, 2022 4:27:36 PM okhttp3.mockwebserver.MockWebServer$3 acceptConnections
INFO: MockWebServer[47821] done accepting connections: Socket closed
Jun 09, 2022 4:27:36 PM okhttp3.mockwebserver.MockWebServer$3 acceptConnections
INFO: MockWebServer[34903] done accepting connections: Socket closed
Jun 09, 2022 4:27:36 PM okhttp3.mockwebserver.MockWebServer$3 execute
INFO: MockWebServer[60207] starting to accept connections
Jun 09, 2022 4:27:36 PM okhttp3.mockwebserver.MockWebServer$3 execute
INFO: MockWebServer[42935] starting to accept connections
Jun 09, 2022 4:27:36 PM okhttp3.mockwebserver.MockWebServer$4 processOneRequest
INFO: MockWebServer[42935] received request: GET /a HTTP/1.1 and responded: HTTP/1.1 200 OK
Jun 09, 2022 4:27:36 PM okhttp3.mockwebserver.MockWebServer$4 processOneRequest
INFO: MockWebServer[42935] received request: GET /a HTTP/1.1 and responded: HTTP/1.1 304 Redirection
Jun 09, 2022 4:27:36 PM okhttp3.mockwebserver.MockWebServer$4 processOneRequest
INFO: MockWebServer[42935] received request: GET /b HTTP/1.1 and responded: HTTP/1.1 200 OK
Jun 09, 2022 4:27:36 PM okhttp3.mockwebserver.MockWebServer$3 acceptConnections
INFO: MockWebServer[42935] done accepting connections: Socket closed
Jun 09, 2022 4:27:36 PM okhttp3.mockwebserver.MockWebServer$3 acceptConnections
INFO: MockWebServer[60207] done accepting connections: Socket closed
Jun 09, 2022 4:27:36 PM okhttp3.mockwebserver.MockWebServer$3 execute
INFO: MockWebServer[59755] starting to accept connections
Jun 09, 2022 4:27:36 PM okhttp3.mockwebserver.MockWebServer$3 execute
INFO: MockWebServer[33793] starting to accept connections
Jun 09, 2022 4:27:36 PM okhttp3.mockwebserver.MockWebServer$4 processOneRequest
INFO: MockWebServer[33793] received request: GET / HTTP/1.1 and responded: HTTP/1.1 200 OK
Jun 09, 2022 4:27:36 PM okhttp3.mockwebserver.MockWebServer$4 processOneRequest
INFO: MockWebServer[33793] received request: GET / HTTP/1.1 and responded: HTTP/1.1 200 OK
Jun 09, 2022 4:27:36 PM okhttp3.mockwebserver.MockWebServer$3 acceptConnections
INFO: MockWebServer[33793] done accepting connections: Socket closed
Jun 09, 2022 4:27:36 PM okhttp3.mockwebserver.MockWebServer$3 acceptConnections
INFO: MockWebServer[59755] done accepting connections: Socket closed
Jun 09, 2022 4:27:36 PM okhttp3.mockwebserver.MockWebServer$3 execute
INFO: MockWebServer[35697] starting to accept connections
Jun 09, 2022 4:27:36 PM okhttp3.mockwebserver.MockWebServer$3 execute
INFO: MockWebServer[57189] starting to accept connections
Jun 09, 2022 4:27:36 PM okhttp3.mockwebserver.MockWebServer$4 processOneRequest
INFO: MockWebServer[57189] received request: GET / HTTP/1.1 and responded: HTTP/1.1 200 OK
Jun 09, 2022 4:27:36 PM okhttp3.mockwebserver.MockWebServer$4 processOneRequest
INFO: MockWebServer[57189] received request: GET / HTTP/1.1 and responded: HTTP/1.1 200 OK
Jun 09, 2022 4:27:36 PM okhttp3.mockwebserver.MockWebServer$3 acceptConnections
INFO: MockWebServer[57189] done accepting connections: Socket closed
Jun 09, 2022 4:27:36 PM okhttp3.mockwebserver.MockWebServer$3 acceptConnections
INFO: MockWebServer[35697] done accepting connections: Socket closed
Jun 09, 2022 4:27:36 PM okhttp3.mockwebserver.MockWebServer$3 execute
INFO: MockWebServer[38123] starting to accept connections
Jun 09, 2022 4:27:36 PM okhttp3.mockwebserver.MockWebServer$3 execute
INFO: MockWebServer[49365] starting to accept connections
Jun 09, 2022 4:27:36 PM okhttp3.mockwebserver.MockWebServer$4 processOneRequest
INFO: MockWebServer[49365] received request: GET / HTTP/1.1 and responded: HTTP/1.1 200 OK
Jun 09, 2022 4:27:36 PM okhttp3.mockwebserver.MockWebServer$4 processOneRequest
INFO: MockWebServer[49365] received request: GET / HTTP/1.1 and responded: HTTP/1.1 304 Redirection
Jun 09, 2022 4:27:36 PM okhttp3.mockwebserver.MockWebServer$3 acceptConnections
INFO: MockWebServer[49365] done accepting connections: Socket closed
Jun 09, 2022 4:27:36 PM okhttp3.mockwebserver.MockWebServer$3 acceptConnections
INFO: MockWebServer[38123] done accepting connections: Socket closed
Jun 09, 2022 4:27:36 PM okhttp3.mockwebserver.MockWebServer$3 execute
INFO: MockWebServer[58573] starting to accept connections
Jun 09, 2022 4:27:36 PM okhttp3.mockwebserver.MockWebServer$3 execute
INFO: MockWebServer[39667] starting to accept connections
Jun 09, 2022 4:27:36 PM okhttp3.mockwebserver.MockWebServer$4 processOneRequest
INFO: MockWebServer[39667] received request: GET / HTTP/1.1 and responded: HTTP/1.1 200 OK
Jun 09, 2022 4:27:36 PM okhttp3.mockwebserver.MockWebServer$4 processOneRequest
INFO: MockWebServer[39667] received request: DELETE / HTTP/1.1 and responded: HTTP/1.1 200 OK
Jun 09, 2022 4:27:36 PM okhttp3.mockwebserver.MockWebServer$4 processOneRequest
INFO: MockWebServer[39667] received request: GET / HTTP/1.1 and responded: HTTP/1.1 200 OK
Jun 09, 2022 4:27:36 PM okhttp3.mockwebserver.MockWebServer$3 acceptConnections
INFO: MockWebServer[39667] done accepting connections: Socket closed
Jun 09, 2022 4:27:36 PM okhttp3.mockwebserver.MockWebServer$3 acceptConnections
INFO: MockWebServer[58573] done accepting connections: Socket closed
Jun 09, 2022 4:27:36 PM okhttp3.mockwebserver.MockWebServer$3 execute
INFO: MockWebServer[60663] starting to accept connections
Jun 09, 2022 4:27:36 PM okhttp3.mockwebserver.MockWebServer$3 execute
INFO: MockWebServer[44721] starting to accept connections
Jun 09, 2022 4:27:36 PM okhttp3.mockwebserver.MockWebServer$4 processOneRequest
INFO: MockWebServer[44721] received request: GET / HTTP/1.1 and responded: HTTP/1.1 304 Redirection
Jun 09, 2022 4:27:36 PM okhttp3.mockwebserver.MockWebServer$3 acceptConnections
INFO: MockWebServer[44721] done accepting connections: Socket closed
Jun 09, 2022 4:27:36 PM okhttp3.mockwebserver.MockWebServer$3 acceptConnections
INFO: MockWebServer[60663] done accepting connections: Socket closed
Jun 09, 2022 4:27:36 PM okhttp3.mockwebserver.MockWebServer$3 execute
INFO: MockWebServer[40875] starting to accept connections
Jun 09, 2022 4:27:36 PM okhttp3.mockwebserver.MockWebServer$3 execute
INFO: MockWebServer[49873] starting to accept connections
Jun 09, 2022 4:27:36 PM okhttp3.mockwebserver.MockWebServer$4 processOneRequest
INFO: MockWebServer[49873] received request: GET / HTTP/1.1 and responded: HTTP/1.1 200 OK
Jun 09, 2022 4:27:36 PM okhttp3.mockwebserver.MockWebServer$4 processOneRequest
INFO: MockWebServer[49873] received request: GET / HTTP/1.1 and responded: HTTP/1.1 304 Redirection
Jun 09, 2022 4:27:36 PM okhttp3.mockwebserver.MockWebServer$3 acceptConnections
INFO: MockWebServer[49873] done accepting connections: Socket closed
Jun 09, 2022 4:27:36 PM okhttp3.mockwebserver.MockWebServer$3 acceptConnections
INFO: MockWebServer[40875] done accepting connections: Socket closed
Jun 09, 2022 4:27:36 PM okhttp3.mockwebserver.MockWebServer$3 execute
INFO: MockWebServer[60515] starting to accept connections
Jun 09, 2022 4:27:36 PM okhttp3.mockwebserver.MockWebServer$3 execute
INFO: MockWebServer[34753] starting to accept connections
Jun 09, 2022 4:27:36 PM okhttp3.mockwebserver.MockWebServer$4 processOneRequest
INFO: MockWebServer[34753] received request: GET / HTTP/1.1 and responded: HTTP/1.1 200 OK
Jun 09, 2022 4:27:36 PM okhttp3.mockwebserver.MockWebServer$3 acceptConnections
INFO: MockWebServer[34753] done accepting connections: Socket closed
Jun 09, 2022 4:27:36 PM okhttp3.mockwebserver.MockWebServer$3 acceptConnections
INFO: MockWebServer[60515] done accepting connections: Socket closed
Jun 09, 2022 4:27:36 PM okhttp3.mockwebserver.MockWebServer$3 execute
INFO: MockWebServer[56655] starting to accept connections
Jun 09, 2022 4:27:36 PM okhttp3.mockwebserver.MockWebServer$3 execute
INFO: MockWebServer[50943] starting to accept connections
Jun 09, 2022 4:27:36 PM okhttp3.mockwebserver.MockWebServer$4 processOneRequest
INFO: MockWebServer[50943] received request: GET /valid HTTP/1.1 and responded: HTTP/1.1 200 A-OK
Jun 09, 2022 4:27:36 PM okhttp3.mockwebserver.MockWebServer$4 processOneRequest
INFO: MockWebServer[50943] received request: GET /valid HTTP/1.1 and responded: HTTP/1.1 304 Redirection
Jun 09, 2022 4:27:36 PM okhttp3.mockwebserver.MockWebServer$4 processOneRequest
INFO: MockWebServer[50943] received request: GET /invalid HTTP/1.1 and responded: HTTP/1.1 200 B-OK
Jun 09, 2022 4:27:36 PM okhttp3.mockwebserver.MockWebServer$4 processOneRequest
INFO: MockWebServer[50943] received request: GET /invalid HTTP/1.1 and responded: HTTP/1.1 200 C-OK
Jun 09, 2022 4:27:36 PM okhttp3.mockwebserver.MockWebServer$3 acceptConnections
INFO: MockWebServer[50943] done accepting connections: Socket closed
Jun 09, 2022 4:27:36 PM okhttp3.mockwebserver.MockWebServer$3 acceptConnections
INFO: MockWebServer[56655] done accepting connections: Socket closed
Jun 09, 2022 4:27:36 PM okhttp3.mockwebserver.MockWebServer$3 execute
INFO: MockWebServer[50643] starting to accept connections
Jun 09, 2022 4:27:36 PM okhttp3.mockwebserver.MockWebServer$3 execute
INFO: MockWebServer[59541] starting to accept connections
Jun 09, 2022 4:27:36 PM okhttp3.mockwebserver.MockWebServer$4 processOneRequest
INFO: MockWebServer[59541] received request: GET / HTTP/1.1 and responded: HTTP/1.1 200 OK
Jun 09, 2022 4:27:36 PM okhttp3.mockwebserver.MockWebServer$4 processOneRequest
INFO: MockWebServer[59541] received request: GET / HTTP/1.1 and responded: HTTP/1.1 200 OK
Jun 09, 2022 4:27:36 PM okhttp3.mockwebserver.MockWebServer$3 acceptConnections
INFO: MockWebServer[59541] done accepting connections: Socket closed
Jun 09, 2022 4:27:36 PM okhttp3.mockwebserver.MockWebServer$3 acceptConnections
INFO: MockWebServer[50643] done accepting connections: Socket closed
Jun 09, 2022 4:27:36 PM okhttp3.mockwebserver.MockWebServer$3 execute
INFO: MockWebServer[40109] starting to accept connections
Jun 09, 2022 4:27:36 PM okhttp3.mockwebserver.MockWebServer$3 execute
INFO: MockWebServer[52187] starting to accept connections
Jun 09, 2022 4:27:36 PM okhttp3.mockwebserver.MockWebServer$4 processOneRequest
INFO: MockWebServer[52187] received request: GET / HTTP/1.1 and responded: HTTP/1.1 200 OK
Jun 09, 2022 4:27:36 PM okhttp3.mockwebserver.MockWebServer$4 processOneRequest
INFO: MockWebServer[52187] received request: GET / HTTP/1.1 and responded: HTTP/1.1 304 Redirection
Jun 09, 2022 4:27:36 PM okhttp3.mockwebserver.MockWebServer$3 acceptConnections
INFO: MockWebServer[52187] done accepting connections: Socket closed
Jun 09, 2022 4:27:36 PM okhttp3.mockwebserver.MockWebServer$3 acceptConnections
INFO: MockWebServer[40109] done accepting connections: Socket closed
Jun 09, 2022 4:27:36 PM okhttp3.mockwebserver.MockWebServer$3 execute
INFO: MockWebServer[56877] starting to accept connections
Jun 09, 2022 4:27:36 PM okhttp3.mockwebserver.MockWebServer$3 execute
INFO: MockWebServer[54443] starting to accept connections
Jun 09, 2022 4:27:36 PM okhttp3.mockwebserver.MockWebServer$4 processOneRequest
INFO: MockWebServer[54443] received request: GET / HTTP/1.1 and responded: HTTP/1.1 200 OK
Jun 09, 2022 4:27:36 PM okhttp3.mockwebserver.MockWebServer$4 processOneRequest
INFO: MockWebServer[54443] received request: GET / HTTP/1.1 and responded: HTTP/1.1 200 OK
Jun 09, 2022 4:27:36 PM okhttp3.mockwebserver.MockWebServer$4 processOneRequest
INFO: MockWebServer[54443] received request: GET / HTTP/1.1 and responded: HTTP/1.1 200 OK
Jun 09, 2022 4:27:36 PM okhttp3.mockwebserver.MockWebServer$3 acceptConnections
INFO: MockWebServer[54443] done accepting connections: Socket closed
Jun 09, 2022 4:27:36 PM okhttp3.mockwebserver.MockWebServer$3 acceptConnections
INFO: MockWebServer[56877] done accepting connections: Socket closed
Jun 09, 2022 4:27:36 PM okhttp3.mockwebserver.MockWebServer$3 execute
INFO: MockWebServer[53911] starting to accept connections
Jun 09, 2022 4:27:36 PM okhttp3.mockwebserver.MockWebServer$3 execute
INFO: MockWebServer[57163] starting to accept connections
Jun 09, 2022 4:27:36 PM okhttp3.mockwebserver.MockWebServer$4 processOneRequest
INFO: MockWebServer[57163] received request: GET /valid HTTP/1.1 and responded: HTTP/1.1 200 A-OK
Jun 09, 2022 4:27:36 PM okhttp3.mockwebserver.MockWebServer$4 processOneRequest
INFO: MockWebServer[57163] received request: GET /valid HTTP/1.1 and responded: HTTP/1.1 304 Redirection
Jun 09, 2022 4:27:36 PM okhttp3.mockwebserver.MockWebServer$4 processOneRequest
INFO: MockWebServer[57163] received request: GET /invalid HTTP/1.1 and responded: HTTP/1.1 200 B-OK
Jun 09, 2022 4:27:36 PM okhttp3.mockwebserver.MockWebServer$4 processOneRequest
INFO: MockWebServer[57163] received request: GET /invalid HTTP/1.1 and responded: HTTP/1.1 200 C-OK
Jun 09, 2022 4:27:37 PM okhttp3.mockwebserver.MockWebServer$3 acceptConnections
INFO: MockWebServer[57163] done accepting connections: Socket closed
Jun 09, 2022 4:27:37 PM okhttp3.mockwebserver.MockWebServer$3 acceptConnections
INFO: MockWebServer[53911] done accepting connections: Socket closed
Jun 09, 2022 4:27:37 PM okhttp3.mockwebserver.MockWebServer$3 execute
INFO: MockWebServer[48775] starting to accept connections
Jun 09, 2022 4:27:37 PM okhttp3.mockwebserver.MockWebServer$3 execute
INFO: MockWebServer[56009] starting to accept connections
Jun 09, 2022 4:27:37 PM okhttp3.mockwebserver.MockWebServer$4 processOneRequest
INFO: MockWebServer[56009] received request: GET / HTTP/1.1 and responded: HTTP/1.1 200 OK
Jun 09, 2022 4:27:37 PM okhttp3.mockwebserver.MockWebServer$3 acceptConnections
INFO: MockWebServer[56009] done accepting connections: Socket closed
Jun 09, 2022 4:27:37 PM okhttp3.mockwebserver.MockWebServer$3 acceptConnections
INFO: MockWebServer[48775] done accepting connections: Socket closed
Jun 09, 2022 4:27:37 PM okhttp3.mockwebserver.MockWebServer$3 execute
INFO: MockWebServer[59175] starting to accept connections
Jun 09, 2022 4:27:37 PM okhttp3.mockwebserver.MockWebServer$3 execute
INFO: MockWebServer[52433] starting to accept connections
Jun 09, 2022 4:27:37 PM okhttp3.mockwebserver.MockWebServer$4 processOneRequest
INFO: MockWebServer[52433] received request: GET / HTTP/1.1 and responded: HTTP/1.1 206 OK
Jun 09, 2022 4:27:37 PM okhttp3.mockwebserver.MockWebServer$4 processOneRequest
INFO: MockWebServer[52433] received request: GET / HTTP/1.1 and responded: HTTP/1.1 200 OK
Jun 09, 2022 4:27:37 PM okhttp3.mockwebserver.MockWebServer$3 acceptConnections
INFO: MockWebServer[52433] done accepting connections: Socket closed
Jun 09, 2022 4:27:37 PM okhttp3.mockwebserver.MockWebServer$3 acceptConnections
INFO: MockWebServer[59175] done accepting connections: Socket closed
Jun 09, 2022 4:27:37 PM okhttp3.mockwebserver.MockWebServer$3 execute
INFO: MockWebServer[53847] starting to accept connections
Jun 09, 2022 4:27:37 PM okhttp3.mockwebserver.MockWebServer$3 execute
INFO: MockWebServer[53351] starting to accept connections
Jun 09, 2022 4:27:37 PM okhttp3.mockwebserver.MockWebServer$4 processOneRequest
INFO: MockWebServer[53351] received request: OPTIONS / HTTP/1.1 and responded: HTTP/1.1 200 OK
Jun 09, 2022 4:27:37 PM okhttp3.mockwebserver.MockWebServer$4 processOneRequest
INFO: MockWebServer[53351] received request: GET / HTTP/1.1 and responded: HTTP/1.1 200 OK
Jun 09, 2022 4:27:37 PM okhttp3.mockwebserver.MockWebServer$3 acceptConnections
INFO: MockWebServer[53351] done accepting connections: Socket closed
Jun 09, 2022 4:27:37 PM okhttp3.mockwebserver.MockWebServer$3 acceptConnections
INFO: MockWebServer[53847] done accepting connections: Socket closed
Jun 09, 2022 4:27:37 PM okhttp3.mockwebserver.MockWebServer$3 execute
INFO: MockWebServer[54587] starting to accept connections
Jun 09, 2022 4:27:37 PM okhttp3.mockwebserver.MockWebServer$3 execute
INFO: MockWebServer[42387] starting to accept connections
Jun 09, 2022 4:27:37 PM okhttp3.mockwebserver.MockWebServer$4 processOneRequest
INFO: MockWebServer[42387] received request: GET /foo HTTP/1.1 and responded: HTTP/1.1 200 OK
Jun 09, 2022 4:27:37 PM okhttp3.mockwebserver.MockWebServer$4 processOneRequest
INFO: MockWebServer[42387] received request: GET /bar HTTP/1.1 and responded: HTTP/1.1 301 Redirection
Jun 09, 2022 4:27:37 PM okhttp3.mockwebserver.MockWebServer$4 processOneRequest
INFO: MockWebServer[42387] received request: GET /baz HTTP/1.1 and responded: HTTP/1.1 200 OK
Jun 09, 2022 4:27:37 PM okhttp3.mockwebserver.MockWebServer$3 acceptConnections
INFO: MockWebServer[42387] done accepting connections: Socket closed
Jun 09, 2022 4:27:37 PM okhttp3.mockwebserver.MockWebServer$3 acceptConnections
INFO: MockWebServer[54587] done accepting connections: Socket closed
Jun 09, 2022 4:27:37 PM okhttp3.mockwebserver.MockWebServer$3 execute
INFO: MockWebServer[34169] starting to accept connections
Jun 09, 2022 4:27:37 PM okhttp3.mockwebserver.MockWebServer$3 execute
INFO: MockWebServer[45523] starting to accept connections
Jun 09, 2022 4:27:37 PM okhttp3.mockwebserver.MockWebServer$4 processOneRequest
INFO: MockWebServer[45523] received request: GET / HTTP/1.1 and responded: HTTP/1.1 200 OK
Jun 09, 2022 4:27:37 PM okhttp3.mockwebserver.MockWebServer$4 processConnection
WARNING: MockWebServer[45523] connection from /127.0.0.1 didn't make a request
Jun 09, 2022 4:27:37 PM okhttp3.mockwebserver.MockWebServer$4 processOneRequest
INFO: MockWebServer[45523] received request: GET / HTTP/1.1 and responded: HTTP/1.1 200 OK
Jun 09, 2022 4:27:37 PM okhttp3.mockwebserver.MockWebServer$3 acceptConnections
INFO: MockWebServer[45523] done accepting connections: Socket closed
Jun 09, 2022 4:27:37 PM okhttp3.mockwebserver.MockWebServer$3 acceptConnections
INFO: MockWebServer[34169] done accepting connections: Socket closed
Jun 09, 2022 4:27:37 PM okhttp3.mockwebserver.MockWebServer$3 execute
INFO: MockWebServer[54967] starting to accept connections
Jun 09, 2022 4:27:37 PM okhttp3.mockwebserver.MockWebServer$3 execute
INFO: MockWebServer[52357] starting to accept connections
Jun 09, 2022 4:27:37 PM okhttp3.mockwebserver.MockWebServer$4 processOneRequest
INFO: MockWebServer[52357] received request: GET / HTTP/1.1 and responded: HTTP/1.1 200 OK
Jun 09, 2022 4:27:37 PM okhttp3.mockwebserver.MockWebServer$3 acceptConnections
INFO: MockWebServer[52357] done accepting connections: Socket closed
Jun 09, 2022 4:27:37 PM okhttp3.mockwebserver.MockWebServer$3 acceptConnections
INFO: MockWebServer[54967] done accepting connections: Socket closed
Jun 09, 2022 4:27:37 PM okhttp3.mockwebserver.MockWebServer$3 execute
INFO: MockWebServer[48937] starting to accept connections
Jun 09, 2022 4:27:37 PM okhttp3.mockwebserver.MockWebServer$3 execute
INFO: MockWebServer[35287] starting to accept connections
Jun 09, 2022 4:27:37 PM okhttp3.mockwebserver.MockWebServer$4 processOneRequest
INFO: MockWebServer[35287] received request: GET / HTTP/1.1 and responded: HTTP/1.1 200 OK
Jun 09, 2022 4:27:37 PM okhttp3.mockwebserver.MockWebServer$4 processOneRequest
INFO: MockWebServer[35287] received request: GET / HTTP/1.1 and responded: HTTP/1.1 200 OK
Jun 09, 2022 4:27:37 PM okhttp3.mockwebserver.MockWebServer$3 acceptConnections
INFO: MockWebServer[35287] done accepting connections: Socket closed
Jun 09, 2022 4:27:37 PM okhttp3.mockwebserver.MockWebServer$3 acceptConnections
INFO: MockWebServer[48937] done accepting connections: Socket closed
Jun 09, 2022 4:27:37 PM okhttp3.mockwebserver.MockWebServer$3 execute
INFO: MockWebServer[54067] starting to accept connections
Jun 09, 2022 4:27:37 PM okhttp3.mockwebserver.MockWebServer$3 execute
INFO: MockWebServer[57725] starting to accept connections
Jun 09, 2022 4:27:37 PM okhttp3.mockwebserver.MockWebServer$3 acceptConnections
INFO: MockWebServer[57725] done accepting connections: Socket closed
Jun 09, 2022 4:27:37 PM okhttp3.mockwebserver.MockWebServer$3 acceptConnections
INFO: MockWebServer[54067] done accepting connections: Socket closed
Jun 09, 2022 4:27:37 PM okhttp3.mockwebserver.MockWebServer$3 execute
INFO: MockWebServer[45215] starting to accept connections
Jun 09, 2022 4:27:37 PM okhttp3.mockwebserver.MockWebServer$3 execute
INFO: MockWebServer[40521] starting to accept connections
Jun 09, 2022 4:27:37 PM okhttp3.mockwebserver.MockWebServer$4 processOneRequest
INFO: MockWebServer[40521] received request: GET /valid HTTP/1.1 and responded: HTTP/1.1 200 A-OK
Jun 09, 2022 4:27:37 PM okhttp3.mockwebserver.MockWebServer$4 processOneRequest
INFO: MockWebServer[40521] received request: GET /valid HTTP/1.1 and responded: HTTP/1.1 304 Redirection
Jun 09, 2022 4:27:37 PM okhttp3.mockwebserver.MockWebServer$4 processOneRequest
INFO: MockWebServer[40521] received request: GET /invalid HTTP/1.1 and responded: HTTP/1.1 200 B-OK
Jun 09, 2022 4:27:37 PM okhttp3.mockwebserver.MockWebServer$4 processOneRequest
INFO: MockWebServer[40521] received request: GET /invalid HTTP/1.1 and responded: HTTP/1.1 200 C-OK
Jun 09, 2022 4:27:37 PM okhttp3.mockwebserver.MockWebServer$3 acceptConnections
INFO: MockWebServer[40521] done accepting connections: Socket closed
Jun 09, 2022 4:27:37 PM okhttp3.mockwebserver.MockWebServer$3 acceptConnections
INFO: MockWebServer[45215] done accepting connections: Socket closed
Jun 09, 2022 4:27:37 PM okhttp3.mockwebserver.MockWebServer$3 execute
INFO: MockWebServer[50353] starting to accept connections
Jun 09, 2022 4:27:37 PM okhttp3.mockwebserver.MockWebServer$3 execute
INFO: MockWebServer[50711] starting to accept connections
Jun 09, 2022 4:27:37 PM okhttp3.mockwebserver.MockWebServer$3 execute
INFO: MockWebServer[42211] starting to accept connections
Jun 09, 2022 4:27:37 PM okhttp3.mockwebserver.MockWebServer$4 processOneRequest
INFO: MockWebServer[42211] received request: GET / HTTP/1.1 and responded: HTTP/1.1 101 Informational
Jun 09, 2022 4:27:37 PM okhttp3.mockwebserver.MockWebServer$3 acceptConnections
INFO: MockWebServer[42211] done accepting connections: Socket closed
Jun 09, 2022 4:27:37 PM okhttp3.mockwebserver.MockWebServer$3 execute
INFO: MockWebServer[50451] starting to accept connections
Jun 09, 2022 4:27:37 PM okhttp3.mockwebserver.MockWebServer$4 processOneRequest
INFO: MockWebServer[50451] received request: GET / HTTP/1.1 and responded: HTTP/1.1 102 Informational
Jun 09, 2022 4:27:37 PM okhttp3.mockwebserver.MockWebServer$3 acceptConnections
INFO: MockWebServer[50451] done accepting connections: Socket closed
Jun 09, 2022 4:27:37 PM okhttp3.mockwebserver.MockWebServer$3 execute
INFO: MockWebServer[60863] starting to accept connections
Jun 09, 2022 4:27:37 PM okhttp3.mockwebserver.MockWebServer$4 processOneRequest
INFO: MockWebServer[60863] received request: GET / HTTP/1.1 and responded: HTTP/1.1 200 OK
Jun 09, 2022 4:27:37 PM okhttp3.mockwebserver.MockWebServer$3 acceptConnections
INFO: MockWebServer[60863] done accepting connections: Socket closed
Jun 09, 2022 4:27:37 PM okhttp3.mockwebserver.MockWebServer$3 execute
INFO: MockWebServer[37765] starting to accept connections
Jun 09, 2022 4:27:37 PM okhttp3.mockwebserver.MockWebServer$4 processOneRequest
INFO: MockWebServer[37765] received request: GET / HTTP/1.1 and responded: HTTP/1.1 201 OK
Jun 09, 2022 4:27:37 PM okhttp3.mockwebserver.MockWebServer$3 acceptConnections
INFO: MockWebServer[37765] done accepting connections: Socket closed
Jun 09, 2022 4:27:37 PM okhttp3.mockwebserver.MockWebServer$3 execute
INFO: MockWebServer[37077] starting to accept connections
Jun 09, 2022 4:27:37 PM okhttp3.mockwebserver.MockWebServer$4 processOneRequest
INFO: MockWebServer[37077] received request: GET / HTTP/1.1 and responded: HTTP/1.1 202 OK
Jun 09, 2022 4:27:37 PM okhttp3.mockwebserver.MockWebServer$3 acceptConnections
INFO: MockWebServer[37077] done accepting connections: Socket closed
Jun 09, 2022 4:27:37 PM okhttp3.mockwebserver.MockWebServer$3 execute
INFO: MockWebServer[59065] starting to accept connections
Jun 09, 2022 4:27:37 PM okhttp3.mockwebserver.MockWebServer$4 processOneRequest
INFO: MockWebServer[59065] received request: GET / HTTP/1.1 and responded: HTTP/1.1 203 OK
Jun 09, 2022 4:27:37 PM okhttp3.mockwebserver.MockWebServer$3 acceptConnections
INFO: MockWebServer[59065] done accepting connections: Socket closed
Jun 09, 2022 4:27:37 PM okhttp3.mockwebserver.MockWebServer$3 execute
INFO: MockWebServer[58527] starting to accept connections
Jun 09, 2022 4:27:37 PM okhttp3.mockwebserver.MockWebServer$4 processOneRequest
INFO: MockWebServer[58527] received request: GET / HTTP/1.1 and responded: HTTP/1.1 204 OK
Jun 09, 2022 4:27:37 PM okhttp3.mockwebserver.MockWebServer$3 acceptConnections
INFO: MockWebServer[50711] done accepting connections: Socket closed
Jun 09, 2022 4:27:37 PM okhttp3.mockwebserver.MockWebServer$3 acceptConnections
INFO: MockWebServer[50353] done accepting connections: Socket closed
Jun 09, 2022 4:27:37 PM okhttp3.mockwebserver.MockWebServer$3 execute
INFO: MockWebServer[59675] starting to accept connections
Jun 09, 2022 4:27:37 PM okhttp3.mockwebserver.MockWebServer$3 execute
INFO: MockWebServer[55161] starting to accept connections
Jun 09, 2022 4:27:37 PM okhttp3.mockwebserver.MockWebServer$4 processOneRequest
INFO: MockWebServer[55161] received request: GET / HTTP/1.1 and responded: HTTP/1.1 200 OK
Jun 09, 2022 4:27:37 PM okhttp3.mockwebserver.MockWebServer$4 processConnection
WARNING: MockWebServer[55161] connection from /127.0.0.1 didn't make a request
Jun 09, 2022 4:27:37 PM okhttp3.mockwebserver.MockWebServer$4 processOneRequest
INFO: MockWebServer[55161] received request: GET / HTTP/1.1 and responded: HTTP/1.1 200 OK
Jun 09, 2022 4:27:37 PM okhttp3.mockwebserver.MockWebServer$3 acceptConnections
INFO: MockWebServer[55161] done accepting connections: Socket closed
Jun 09, 2022 4:27:37 PM okhttp3.mockwebserver.MockWebServer$3 acceptConnections
INFO: MockWebServer[59675] done accepting connections: Socket closed
Jun 09, 2022 4:27:37 PM okhttp3.mockwebserver.MockWebServer$3 execute
INFO: MockWebServer[33109] starting to accept connections
Jun 09, 2022 4:27:37 PM okhttp3.mockwebserver.MockWebServer$3 execute
INFO: MockWebServer[35421] starting to accept connections
Jun 09, 2022 4:27:37 PM okhttp3.mockwebserver.MockWebServer$4 processOneRequest
INFO: MockWebServer[35421] received request: GET / HTTP/1.1 and responded: HTTP/1.1 200 OK
Jun 09, 2022 4:27:37 PM okhttp3.mockwebserver.MockWebServer$3 acceptConnections
INFO: MockWebServer[35421] done accepting connections: Socket closed
Jun 09, 2022 4:27:37 PM okhttp3.mockwebserver.MockWebServer$3 acceptConnections
INFO: MockWebServer[33109] done accepting connections: Socket closed
Jun 09, 2022 4:27:37 PM okhttp3.mockwebserver.MockWebServer$3 execute
INFO: MockWebServer[57999] starting to accept connections
Jun 09, 2022 4:27:37 PM okhttp3.mockwebserver.MockWebServer$3 execute
INFO: MockWebServer[35281] starting to accept connections
Jun 09, 2022 4:27:37 PM okhttp3.mockwebserver.MockWebServer$4 processOneRequest
INFO: MockWebServer[35281] received request: TRACE / HTTP/1.1 and responded: HTTP/1.1 200 OK
Jun 09, 2022 4:27:37 PM okhttp3.mockwebserver.MockWebServer$4 processOneRequest
INFO: MockWebServer[35281] received request: GET / HTTP/1.1 and responded: HTTP/1.1 200 OK
Jun 09, 2022 4:27:37 PM okhttp3.mockwebserver.MockWebServer$3 acceptConnections
INFO: MockWebServer[35281] done accepting connections: Socket closed
Jun 09, 2022 4:27:37 PM okhttp3.mockwebserver.MockWebServer$3 acceptConnections
INFO: MockWebServer[57999] done accepting connections: Socket closed
Jun 09, 2022 4:27:37 PM okhttp3.mockwebserver.MockWebServer$3 execute
INFO: MockWebServer[33215] starting to accept connections
Jun 09, 2022 4:27:37 PM okhttp3.mockwebserver.MockWebServer$3 execute
INFO: MockWebServer[57901] starting to accept connections
Jun 09, 2022 4:27:37 PM okhttp3.mockwebserver.MockWebServer$4 processOneRequest
INFO: MockWebServer[57901] received request: DELETE / HTTP/1.1 and responded: HTTP/1.1 200 OK
Jun 09, 2022 4:27:37 PM okhttp3.mockwebserver.MockWebServer$4 processOneRequest
INFO: MockWebServer[57901] received request: GET / HTTP/1.1 and responded: HTTP/1.1 200 OK
Jun 09, 2022 4:27:37 PM okhttp3.mockwebserver.MockWebServer$3 acceptConnections
INFO: MockWebServer[57901] done accepting connections: Socket closed
Jun 09, 2022 4:27:37 PM okhttp3.mockwebserver.MockWebServer$3 acceptConnections
INFO: MockWebServer[33215] done accepting connections: Socket closed
Jun 09, 2022 4:27:37 PM okhttp3.mockwebserver.MockWebServer$3 execute
INFO: MockWebServer[35989] starting to accept connections
Jun 09, 2022 4:27:37 PM okhttp3.mockwebserver.MockWebServer$3 execute
INFO: MockWebServer[45791] starting to accept connections
Jun 09, 2022 4:27:37 PM okhttp3.mockwebserver.MockWebServer$4 processOneRequest
INFO: MockWebServer[45791] received request: GET / HTTP/1.1 and responded: HTTP/1.1 200 OK
Jun 09, 2022 4:27:37 PM okhttp3.mockwebserver.MockWebServer$3 acceptConnections
INFO: MockWebServer[45791] done accepting connections: Socket closed
Jun 09, 2022 4:27:37 PM okhttp3.mockwebserver.MockWebServer$3 acceptConnections
INFO: MockWebServer[35989] done accepting connections: Socket closed
Jun 09, 2022 4:27:37 PM okhttp3.mockwebserver.MockWebServer$3 execute
INFO: MockWebServer[52647] starting to accept connections
Jun 09, 2022 4:27:37 PM okhttp3.mockwebserver.MockWebServer$3 execute
INFO: MockWebServer[43719] starting to accept connections
Jun 09, 2022 4:27:37 PM okhttp3.mockwebserver.MockWebServer$4 processOneRequest
INFO: MockWebServer[43719] received request: GET / HTTP/1.1 and responded: HTTP/1.1 200 OK
Jun 09, 2022 4:27:37 PM okhttp3.mockwebserver.MockWebServer$4 processOneRequest
INFO: MockWebServer[43719] received request: GET / HTTP/1.1 and responded: HTTP/1.1 304 Redirection
Jun 09, 2022 4:27:37 PM okhttp3.mockwebserver.MockWebServer$3 acceptConnections
INFO: MockWebServer[43719] done accepting connections: Socket closed
Jun 09, 2022 4:27:37 PM okhttp3.mockwebserver.MockWebServer$3 acceptConnections
INFO: MockWebServer[52647] done accepting connections: Socket closed
Jun 09, 2022 4:27:37 PM okhttp3.mockwebserver.MockWebServer$3 execute
INFO: MockWebServer[51033] starting to accept connections
Jun 09, 2022 4:27:37 PM okhttp3.mockwebserver.MockWebServer$3 execute
INFO: MockWebServer[55835] starting to accept connections
Jun 09, 2022 4:27:37 PM okhttp3.mockwebserver.MockWebServer$4 processOneRequest
INFO: MockWebServer[55835] received request: GET /valid HTTP/1.1 and responded: HTTP/1.1 200 A-OK
Jun 09, 2022 4:27:37 PM okhttp3.mockwebserver.MockWebServer$4 processOneRequest
INFO: MockWebServer[55835] received request: GET /valid HTTP/1.1 and responded: HTTP/1.1 304 Redirection
Jun 09, 2022 4:27:37 PM okhttp3.mockwebserver.MockWebServer$4 processOneRequest
INFO: MockWebServer[55835] received request: GET /invalid HTTP/1.1 and responded: HTTP/1.1 200 B-OK
Jun 09, 2022 4:27:37 PM okhttp3.mockwebserver.MockWebServer$4 processOneRequest
INFO: MockWebServer[55835] received request: GET /invalid HTTP/1.1 and responded: HTTP/1.1 200 C-OK
Jun 09, 2022 4:27:37 PM okhttp3.mockwebserver.MockWebServer$3 acceptConnections
INFO: MockWebServer[55835] done accepting connections: Socket closed
Jun 09, 2022 4:27:37 PM okhttp3.mockwebserver.MockWebServer$3 acceptConnections
INFO: MockWebServer[51033] done accepting connections: Socket closed
Jun 09, 2022 4:27:37 PM okhttp3.mockwebserver.MockWebServer$3 execute
INFO: MockWebServer[60241] starting to accept connections
Jun 09, 2022 4:27:37 PM okhttp3.mockwebserver.MockWebServer$3 execute
INFO: MockWebServer[39801] starting to accept connections
Jun 09, 2022 4:27:37 PM okhttp3.mockwebserver.MockWebServer$4 processOneRequest
INFO: MockWebServer[39801] received request: GET / HTTP/1.1 and responded: HTTP/1.1 200 OK
Jun 09, 2022 4:27:37 PM okhttp3.mockwebserver.MockWebServer$3 acceptConnections
INFO: MockWebServer[39801] done accepting connections: Socket closed
Jun 09, 2022 4:27:37 PM okhttp3.mockwebserver.MockWebServer$3 acceptConnections
INFO: MockWebServer[60241] done accepting connections: Socket closed
Jun 09, 2022 4:27:37 PM okhttp3.mockwebserver.MockWebServer$3 execute
INFO: MockWebServer[46869] starting to accept connections
Jun 09, 2022 4:27:37 PM okhttp3.mockwebserver.MockWebServer$3 execute
INFO: MockWebServer[36191] starting to accept connections
Jun 09, 2022 4:27:37 PM okhttp3.mockwebserver.MockWebServer$4 processOneRequest
INFO: MockWebServer[36191] received request: GET / HTTP/1.1 and responded: HTTP/1.1 200 Fantastic
Jun 09, 2022 4:27:37 PM okhttp3.mockwebserver.MockWebServer$3 acceptConnections
INFO: MockWebServer[36191] done accepting connections: Socket closed
Jun 09, 2022 4:27:37 PM okhttp3.mockwebserver.MockWebServer$3 acceptConnections
INFO: MockWebServer[46869] done accepting connections: Socket closed
Jun 09, 2022 4:27:37 PM okhttp3.mockwebserver.MockWebServer$3 execute
INFO: MockWebServer[44615] starting to accept connections
Jun 09, 2022 4:27:37 PM okhttp3.mockwebserver.MockWebServer$3 execute
INFO: MockWebServer[33513] starting to accept connections
Jun 09, 2022 4:27:37 PM okhttp3.mockwebserver.MockWebServer$4 processOneRequest
INFO: MockWebServer[33513] received request: GET / HTTP/1.1 and responded: HTTP/1.1 301 Redirection
Jun 09, 2022 4:27:37 PM okhttp3.mockwebserver.MockWebServer$4 processOneRequest
INFO: MockWebServer[33513] received request: GET /foo HTTP/1.1 and responded: HTTP/1.1 200 OK
Jun 09, 2022 4:27:37 PM okhttp3.mockwebserver.MockWebServer$3 acceptConnections
INFO: MockWebServer[33513] done accepting connections: Socket closed
Jun 09, 2022 4:27:37 PM okhttp3.mockwebserver.MockWebServer$3 acceptConnections
INFO: MockWebServer[44615] done accepting connections: Socket closed
Jun 09, 2022 4:27:37 PM okhttp3.mockwebserver.MockWebServer$3 execute
INFO: MockWebServer[58903] starting to accept connections
Jun 09, 2022 4:27:37 PM okhttp3.mockwebserver.MockWebServer$3 execute
INFO: MockWebServer[42967] starting to accept connections
Jun 09, 2022 4:27:37 PM okhttp3.mockwebserver.MockWebServer$4 processOneRequest
INFO: MockWebServer[42967] received request: GET / HTTP/1.1 and responded: HTTP/1.1 200 OK
Jun 09, 2022 4:27:37 PM okhttp3.mockwebserver.MockWebServer$3 acceptConnections
INFO: MockWebServer[42967] done accepting connections: Socket closed
Jun 09, 2022 4:27:37 PM okhttp3.mockwebserver.MockWebServer$3 acceptConnections
INFO: MockWebServer[58903] done accepting connections: Socket closed
Jun 09, 2022 4:27:37 PM okhttp3.mockwebserver.MockWebServer$3 execute
INFO: MockWebServer[44661] starting to accept connections
Jun 09, 2022 4:27:37 PM okhttp3.mockwebserver.MockWebServer$3 execute
INFO: MockWebServer[37709] starting to accept connections
Jun 09, 2022 4:27:37 PM okhttp3.mockwebserver.MockWebServer$4 processOneRequest
INFO: MockWebServer[37709] received request: GET / HTTP/1.1 and responded: HTTP/1.1 200 OK
Jun 09, 2022 4:27:37 PM okhttp3.mockwebserver.MockWebServer$3 acceptConnections
INFO: MockWebServer[37709] done accepting connections: Socket closed
Jun 09, 2022 4:27:37 PM okhttp3.mockwebserver.MockWebServer$3 acceptConnections
INFO: MockWebServer[44661] done accepting connections: Socket closed
Jun 09, 2022 4:27:37 PM okhttp3.mockwebserver.MockWebServer$3 execute
INFO: MockWebServer[35137] starting to accept connections
Jun 09, 2022 4:27:37 PM okhttp3.mockwebserver.MockWebServer$3 execute
INFO: MockWebServer[50073] starting to accept connections
Jun 09, 2022 4:27:37 PM okhttp3.mockwebserver.MockWebServer$4 processOneRequest
INFO: MockWebServer[50073] received request: GET / HTTP/1.1 and responded: HTTP/1.1 200 OK
Jun 09, 2022 4:27:37 PM okhttp3.mockwebserver.MockWebServer$3 acceptConnections
INFO: MockWebServer[50073] done accepting connections: Socket closed
Jun 09, 2022 4:27:37 PM okhttp3.mockwebserver.MockWebServer$3 acceptConnections
INFO: MockWebServer[35137] done accepting connections: Socket closed
Jun 09, 2022 4:27:37 PM okhttp3.mockwebserver.MockWebServer$3 execute
INFO: MockWebServer[42413] starting to accept connections
Jun 09, 2022 4:27:37 PM okhttp3.mockwebserver.MockWebServer$3 execute
INFO: MockWebServer[56913] starting to accept connections
Jun 09, 2022 4:27:37 PM okhttp3.mockwebserver.MockWebServer$4 processOneRequest
INFO: MockWebServer[56913] received request: GET / HTTP/1.1 and responded: HTTP/1.1 200 OK
Jun 09, 2022 4:27:37 PM okhttp3.mockwebserver.MockWebServer$4 processOneRequest
INFO: MockWebServer[56913] received request: POST / HTTP/1.1 and responded: HTTP/1.1 500 Server Error
Jun 09, 2022 4:27:37 PM okhttp3.mockwebserver.MockWebServer$4 processOneRequest
INFO: MockWebServer[56913] received request: GET / HTTP/1.1 and responded: HTTP/1.1 200 OK
Jun 09, 2022 4:27:38 PM okhttp3.mockwebserver.MockWebServer$3 acceptConnections
INFO: MockWebServer[56913] done accepting connections: Socket closed
Jun 09, 2022 4:27:38 PM okhttp3.mockwebserver.MockWebServer$3 acceptConnections
INFO: MockWebServer[42413] done accepting connections: Socket closed
Jun 09, 2022 4:27:38 PM okhttp3.mockwebserver.MockWebServer$3 execute
INFO: MockWebServer[45379] starting to accept connections
Jun 09, 2022 4:27:38 PM okhttp3.mockwebserver.MockWebServer$3 execute
INFO: MockWebServer[60785] starting to accept connections
Jun 09, 2022 4:27:38 PM okhttp3.mockwebserver.MockWebServer$4 processOneRequest
INFO: MockWebServer[60785] received request: GET / HTTP/1.1 and responded: HTTP/1.1 200 OK
Jun 09, 2022 4:27:38 PM okhttp3.mockwebserver.MockWebServer$3 acceptConnections
INFO: MockWebServer[60785] done accepting connections: Socket closed
Jun 09, 2022 4:27:38 PM okhttp3.mockwebserver.MockWebServer$3 acceptConnections
INFO: MockWebServer[45379] done accepting connections: Socket closed
Jun 09, 2022 4:27:38 PM okhttp3.mockwebserver.MockWebServer$3 execute
INFO: MockWebServer[33783] starting to accept connections
Jun 09, 2022 4:27:38 PM okhttp3.mockwebserver.MockWebServer$3 execute
INFO: MockWebServer[36791] starting to accept connections
Jun 09, 2022 4:27:38 PM okhttp3.mockwebserver.MockWebServer$4 processOneRequest
INFO: MockWebServer[36791] received request: GET / HTTP/1.1 and responded: HTTP/1.1 301 Redirection
Jun 09, 2022 4:27:38 PM okhttp3.mockwebserver.MockWebServer$4 processOneRequest
INFO: MockWebServer[36791] received request: GET /foo HTTP/1.1 and responded: HTTP/1.1 200 OK
Jun 09, 2022 4:27:38 PM okhttp3.mockwebserver.MockWebServer$3 acceptConnections
INFO: MockWebServer[36791] done accepting connections: Socket closed
Jun 09, 2022 4:27:38 PM okhttp3.mockwebserver.MockWebServer$3 acceptConnections
INFO: MockWebServer[33783] done accepting connections: Socket closed
Jun 09, 2022 4:27:38 PM okhttp3.mockwebserver.MockWebServer$3 execute
INFO: MockWebServer[40277] starting to accept connections
Jun 09, 2022 4:27:38 PM okhttp3.mockwebserver.MockWebServer$3 execute
INFO: MockWebServer[54671] starting to accept connections
Jun 09, 2022 4:27:38 PM okhttp3.mockwebserver.MockWebServer$4 processOneRequest
INFO: MockWebServer[54671] received request: GET /valid HTTP/1.1 and responded: HTTP/1.1 200 A-OK
Jun 09, 2022 4:27:38 PM okhttp3.mockwebserver.MockWebServer$4 processOneRequest
INFO: MockWebServer[54671] received request: GET /valid HTTP/1.1 and responded: HTTP/1.1 304 Redirection
Jun 09, 2022 4:27:38 PM okhttp3.mockwebserver.MockWebServer$4 processOneRequest
INFO: MockWebServer[54671] received request: GET /invalid HTTP/1.1 and responded: HTTP/1.1 200 B-OK
Jun 09, 2022 4:27:38 PM okhttp3.mockwebserver.MockWebServer$4 processOneRequest
INFO: MockWebServer[54671] received request: GET /invalid HTTP/1.1 and responded: HTTP/1.1 200 C-OK
Jun 09, 2022 4:27:38 PM okhttp3.mockwebserver.MockWebServer$3 acceptConnections
INFO: MockWebServer[54671] done accepting connections: Socket closed
Jun 09, 2022 4:27:38 PM okhttp3.mockwebserver.MockWebServer$3 acceptConnections
INFO: MockWebServer[40277] done accepting connections: Socket closed
Jun 09, 2022 4:27:38 PM okhttp3.mockwebserver.MockWebServer$3 execute
INFO: MockWebServer[43593] starting to accept connections
Jun 09, 2022 4:27:38 PM okhttp3.mockwebserver.MockWebServer$3 execute
INFO: MockWebServer[57779] starting to accept connections
Jun 09, 2022 4:27:38 PM okhttp3.mockwebserver.MockWebServer$4 processOneRequest
INFO: MockWebServer[57779] received request: GET / HTTP/1.1 and responded: HTTP/1.1 200 OK
Jun 09, 2022 4:27:38 PM okhttp3.mockwebserver.MockWebServer$3 acceptConnections
INFO: MockWebServer[57779] done accepting connections: Socket closed
Jun 09, 2022 4:27:38 PM okhttp3.mockwebserver.MockWebServer$3 acceptConnections
INFO: MockWebServer[43593] done accepting connections: Socket closed
Jun 09, 2022 4:27:38 PM okhttp3.mockwebserver.MockWebServer$3 execute
INFO: MockWebServer[53993] starting to accept connections
Jun 09, 2022 4:27:38 PM okhttp3.mockwebserver.MockWebServer$3 execute
INFO: MockWebServer[34375] starting to accept connections
Jun 09, 2022 4:27:38 PM okhttp3.mockwebserver.MockWebServer$4 processOneRequest
INFO: MockWebServer[34375] received request: GET / HTTP/1.1 and responded: HTTP/1.1 200 OK
Jun 09, 2022 4:27:38 PM okhttp3.mockwebserver.MockWebServer$4 processOneRequest
INFO: MockWebServer[34375] received request: GET / HTTP/1.1 and responded: HTTP/1.1 304 Redirection
Jun 09, 2022 4:27:38 PM okhttp3.mockwebserver.MockWebServer$3 acceptConnections
INFO: MockWebServer[34375] done accepting connections: Socket closed
Jun 09, 2022 4:27:38 PM okhttp3.mockwebserver.MockWebServer$3 acceptConnections
INFO: MockWebServer[53993] done accepting connections: Socket closed
Jun 09, 2022 4:27:38 PM okhttp3.mockwebserver.MockWebServer$3 execute
INFO: MockWebServer[45323] starting to accept connections
Jun 09, 2022 4:27:38 PM okhttp3.mockwebserver.MockWebServer$3 execute
INFO: MockWebServer[36381] starting to accept connections
Jun 09, 2022 4:27:38 PM okhttp3.mockwebserver.MockWebServer$4 processOneRequest
INFO: MockWebServer[36381] received request: GET / HTTP/1.1 and responded: HTTP/1.1 200 OK
Jun 09, 2022 4:27:38 PM okhttp3.mockwebserver.MockWebServer$3 acceptConnections
INFO: MockWebServer[36381] done accepting connections: Socket closed
Jun 09, 2022 4:27:38 PM okhttp3.mockwebserver.MockWebServer$3 acceptConnections
INFO: MockWebServer[45323] done accepting connections: Socket closed
Jun 09, 2022 4:27:38 PM okhttp3.mockwebserver.MockWebServer$3 execute
INFO: MockWebServer[51163] starting to accept connections
Jun 09, 2022 4:27:38 PM okhttp3.mockwebserver.MockWebServer$3 execute
INFO: MockWebServer[56495] starting to accept connections
Jun 09, 2022 4:27:38 PM okhttp3.mockwebserver.MockWebServer$4 processOneRequest
INFO: MockWebServer[56495] received request: GET / HTTP/1.1 and responded: HTTP/1.1 200 OK
Jun 09, 2022 4:27:38 PM okhttp3.mockwebserver.MockWebServer$3 acceptConnections
INFO: MockWebServer[56495] done accepting connections: Socket closed
Jun 09, 2022 4:27:38 PM okhttp3.mockwebserver.MockWebServer$3 acceptConnections
INFO: MockWebServer[51163] done accepting connections: Socket closed
Jun 09, 2022 4:27:38 PM okhttp3.mockwebserver.MockWebServer$3 execute
INFO: MockWebServer[57035] starting to accept connections
Jun 09, 2022 4:27:38 PM okhttp3.mockwebserver.MockWebServer$3 execute
INFO: MockWebServer[54929] starting to accept connections
Jun 09, 2022 4:27:38 PM okhttp3.mockwebserver.MockWebServer$4 processOneRequest
INFO: MockWebServer[54929] received request: GET / HTTP/1.1 and responded: HTTP/1.1 200 OK
Jun 09, 2022 4:27:38 PM okhttp3.mockwebserver.MockWebServer$4 processOneRequest
INFO: MockWebServer[54929] received request: GET / HTTP/1.1 and responded: HTTP/1.1 200 OK
Jun 09, 2022 4:27:38 PM okhttp3.mockwebserver.MockWebServer$3 acceptConnections
INFO: MockWebServer[54929] done accepting connections: Socket closed
Jun 09, 2022 4:27:38 PM okhttp3.mockwebserver.MockWebServer$3 acceptConnections
INFO: MockWebServer[57035] done accepting connections: Socket closed
Jun 09, 2022 4:27:38 PM okhttp3.mockwebserver.MockWebServer$3 execute
INFO: MockWebServer[49683] starting to accept connections
Jun 09, 2022 4:27:38 PM okhttp3.mockwebserver.MockWebServer$3 execute
INFO: MockWebServer[42017] starting to accept connections
Jun 09, 2022 4:27:38 PM okhttp3.mockwebserver.MockWebServer$4 processOneRequest
INFO: MockWebServer[42017] received request: GET / HTTP/1.1 and responded: HTTP/1.1 200 OK
Jun 09, 2022 4:27:38 PM okhttp3.mockwebserver.MockWebServer$3 acceptConnections
INFO: MockWebServer[42017] done accepting connections: Socket closed
Jun 09, 2022 4:27:38 PM okhttp3.mockwebserver.MockWebServer$3 acceptConnections
INFO: MockWebServer[49683] done accepting connections: Socket closed
Jun 09, 2022 4:27:38 PM okhttp3.mockwebserver.MockWebServer$3 execute
INFO: MockWebServer[60685] starting to accept connections
Jun 09, 2022 4:27:38 PM okhttp3.mockwebserver.MockWebServer$3 execute
INFO: MockWebServer[57733] starting to accept connections
Jun 09, 2022 4:27:38 PM okhttp3.mockwebserver.MockWebServer$4 processOneRequest
INFO: MockWebServer[57733] received request: GET / HTTP/1.1 and responded: HTTP/1.1 200 OK
Jun 09, 2022 4:27:38 PM okhttp3.mockwebserver.MockWebServer$3 acceptConnections
INFO: MockWebServer[57733] done accepting connections: Socket closed
Jun 09, 2022 4:27:38 PM okhttp3.mockwebserver.MockWebServer$3 acceptConnections
INFO: MockWebServer[60685] done accepting connections: Socket closed
Jun 09, 2022 4:27:38 PM okhttp3.mockwebserver.MockWebServer$3 execute
INFO: MockWebServer[55135] starting to accept connections
Jun 09, 2022 4:27:38 PM okhttp3.mockwebserver.MockWebServer$3 execute
INFO: MockWebServer[41667] starting to accept connections
Jun 09, 2022 4:27:38 PM okhttp3.mockwebserver.MockWebServer$4 processOneRequest
INFO: MockWebServer[41667] received request: GET / HTTP/1.1 and responded: HTTP/1.1 200 OK
Jun 09, 2022 4:27:38 PM okhttp3.mockwebserver.MockWebServer$3 acceptConnections
INFO: MockWebServer[41667] done accepting connections: Socket closed
Jun 09, 2022 4:27:38 PM okhttp3.mockwebserver.MockWebServer$3 acceptConnections
INFO: MockWebServer[55135] done accepting connections: Socket closed
Jun 09, 2022 4:27:38 PM okhttp3.mockwebserver.MockWebServer$3 execute
INFO: MockWebServer[56437] starting to accept connections
Jun 09, 2022 4:27:38 PM okhttp3.mockwebserver.MockWebServer$3 execute
INFO: MockWebServer[54955] starting to accept connections
Jun 09, 2022 4:27:38 PM okhttp3.mockwebserver.MockWebServer$4 processOneRequest
INFO: MockWebServer[54955] received request: GET / HTTP/1.1 and responded: HTTP/1.1 200 OK
Jun 09, 2022 4:27:38 PM okhttp3.mockwebserver.MockWebServer$3 acceptConnections
INFO: MockWebServer[54955] done accepting connections: Socket closed
Jun 09, 2022 4:27:38 PM okhttp3.mockwebserver.MockWebServer$3 acceptConnections
INFO: MockWebServer[56437] done accepting connections: Socket closed
Jun 09, 2022 4:27:38 PM okhttp3.mockwebserver.MockWebServer$3 execute
INFO: MockWebServer[34577] starting to accept connections
Jun 09, 2022 4:27:38 PM okhttp3.mockwebserver.MockWebServer$3 execute
INFO: MockWebServer[60545] starting to accept connections
Jun 09, 2022 4:27:38 PM okhttp3.mockwebserver.MockWebServer$4 processOneRequest
INFO: MockWebServer[60545] received request: GET / HTTP/1.1 and responded: HTTP/1.1 200 OK
Jun 09, 2022 4:27:38 PM okhttp3.mockwebserver.MockWebServer$3 acceptConnections
INFO: MockWebServer[60545] done accepting connections: Socket closed
Jun 09, 2022 4:27:38 PM okhttp3.mockwebserver.MockWebServer$3 acceptConnections
INFO: MockWebServer[34577] done accepting connections: Socket closed
Jun 09, 2022 4:27:38 PM okhttp3.mockwebserver.MockWebServer$3 execute
INFO: MockWebServer[55813] starting to accept connections
Jun 09, 2022 4:27:38 PM okhttp3.mockwebserver.MockWebServer$3 execute
INFO: MockWebServer[41929] starting to accept connections
Jun 09, 2022 4:27:38 PM okhttp3.mockwebserver.MockWebServer$4 processOneRequest
INFO: MockWebServer[41929] received request: GET / HTTP/1.1 and responded: HTTP/1.1 200 OK
Jun 09, 2022 4:27:38 PM okhttp3.mockwebserver.MockWebServer$3 acceptConnections
INFO: MockWebServer[41929] done accepting connections: Socket closed
Jun 09, 2022 4:27:38 PM okhttp3.mockwebserver.MockWebServer$3 acceptConnections
INFO: MockWebServer[55813] done accepting connections: Socket closed
Jun 09, 2022 4:27:38 PM okhttp3.mockwebserver.MockWebServer$3 execute
INFO: MockWebServer[52079] starting to accept connections
Jun 09, 2022 4:27:38 PM okhttp3.mockwebserver.MockWebServer$3 execute
INFO: MockWebServer[53905] starting to accept connections
Jun 09, 2022 4:27:38 PM okhttp3.mockwebserver.MockWebServer$4 processOneRequest
INFO: MockWebServer[53905] received request: GET / HTTP/1.1 and responded: HTTP/1.1 200 OK
Jun 09, 2022 4:27:38 PM okhttp3.mockwebserver.MockWebServer$3 acceptConnections
INFO: MockWebServer[53905] done accepting connections: Socket closed
Jun 09, 2022 4:27:38 PM okhttp3.mockwebserver.MockWebServer$3 acceptConnections
INFO: MockWebServer[52079] done accepting connections: Socket closed
Jun 09, 2022 4:27:38 PM okhttp3.mockwebserver.MockWebServer$3 execute
INFO: MockWebServer[60965] starting to accept connections
Jun 09, 2022 4:27:38 PM okhttp3.mockwebserver.MockWebServer$3 execute
INFO: MockWebServer[53415] starting to accept connections
Jun 09, 2022 4:27:38 PM okhttp3.mockwebserver.MockWebServer$4 processOneRequest
INFO: MockWebServer[53415] received request: GET /valid HTTP/1.1 and responded: HTTP/1.1 200 A-OK
Jun 09, 2022 4:27:38 PM okhttp3.mockwebserver.MockWebServer$4 processOneRequest
INFO: MockWebServer[53415] received request: GET /valid HTTP/1.1 and responded: HTTP/1.1 304 Redirection
Jun 09, 2022 4:27:38 PM okhttp3.mockwebserver.MockWebServer$4 processOneRequest
INFO: MockWebServer[53415] received request: GET /invalid HTTP/1.1 and responded: HTTP/1.1 200 B-OK
Jun 09, 2022 4:27:38 PM okhttp3.mockwebserver.MockWebServer$4 processOneRequest
INFO: MockWebServer[53415] received request: GET /invalid HTTP/1.1 and responded: HTTP/1.1 200 C-OK
Jun 09, 2022 4:27:38 PM okhttp3.mockwebserver.MockWebServer$3 acceptConnections
INFO: MockWebServer[53415] done accepting connections: Socket closed
Jun 09, 2022 4:27:38 PM okhttp3.mockwebserver.MockWebServer$3 acceptConnections
INFO: MockWebServer[60965] done accepting connections: Socket closed
Jun 09, 2022 4:27:38 PM okhttp3.mockwebserver.MockWebServer$3 execute
INFO: MockWebServer[51479] starting to accept connections
Jun 09, 2022 4:27:38 PM okhttp3.mockwebserver.MockWebServer$3 execute
INFO: MockWebServer[59619] starting to accept connections
Jun 09, 2022 4:27:38 PM okhttp3.mockwebserver.MockWebServer$4 processOneRequest
INFO: MockWebServer[59619] received request: GET / HTTP/1.1 and responded: HTTP/1.1 200 OK
Jun 09, 2022 4:27:38 PM okhttp3.mockwebserver.MockWebServer$4 processOneRequest
INFO: MockWebServer[59619] received request: GET / HTTP/1.1 and responded: HTTP/1.1 200 OK
Jun 09, 2022 4:27:38 PM okhttp3.mockwebserver.MockWebServer$3 acceptConnections
INFO: MockWebServer[59619] done accepting connections: Socket closed
Jun 09, 2022 4:27:38 PM okhttp3.mockwebserver.MockWebServer$3 acceptConnections
INFO: MockWebServer[51479] done accepting connections: Socket closed
Jun 09, 2022 4:27:38 PM okhttp3.mockwebserver.MockWebServer$3 execute
INFO: MockWebServer[49259] starting to accept connections
Jun 09, 2022 4:27:38 PM okhttp3.mockwebserver.MockWebServer$3 execute
INFO: MockWebServer[35347] starting to accept connections
Jun 09, 2022 4:27:38 PM okhttp3.mockwebserver.MockWebServer$4 processOneRequest
INFO: MockWebServer[35347] received request: GET /valid HTTP/1.1 and responded: HTTP/1.1 200 A-OK
Jun 09, 2022 4:27:38 PM okhttp3.mockwebserver.MockWebServer$4 processOneRequest
INFO: MockWebServer[35347] received request: GET /valid HTTP/1.1 and responded: HTTP/1.1 304 Redirection
Jun 09, 2022 4:27:38 PM okhttp3.mockwebserver.MockWebServer$4 processOneRequest
INFO: MockWebServer[35347] received request: GET /invalid HTTP/1.1 and responded: HTTP/1.1 200 B-OK
Jun 09, 2022 4:27:38 PM okhttp3.mockwebserver.MockWebServer$4 processOneRequest
INFO: MockWebServer[35347] received request: GET /invalid HTTP/1.1 and responded: HTTP/1.1 200 C-OK
Jun 09, 2022 4:27:38 PM okhttp3.mockwebserver.MockWebServer$3 acceptConnections
INFO: MockWebServer[35347] done accepting connections: Socket closed
Jun 09, 2022 4:27:38 PM okhttp3.mockwebserver.MockWebServer$3 acceptConnections
INFO: MockWebServer[49259] done accepting connections: Socket closed
Jun 09, 2022 4:27:38 PM okhttp3.mockwebserver.MockWebServer$3 execute
INFO: MockWebServer[41975] starting to accept connections
Jun 09, 2022 4:27:38 PM okhttp3.mockwebserver.MockWebServer$3 execute
INFO: MockWebServer[39703] starting to accept connections
Jun 09, 2022 4:27:38 PM okhttp3.mockwebserver.MockWebServer$4 processOneRequest
INFO: MockWebServer[39703] received request: GET / HTTP/1.1 and responded: HTTP/1.1 200 OK
Jun 09, 2022 4:27:38 PM okhttp3.mockwebserver.MockWebServer$4 processOneRequest
INFO: MockWebServer[39703] received request: GET / HTTP/1.1 and responded: HTTP/1.1 200 OK
Jun 09, 2022 4:27:38 PM okhttp3.mockwebserver.MockWebServer$3 acceptConnections
INFO: MockWebServer[39703] done accepting connections: Socket closed
Jun 09, 2022 4:27:38 PM okhttp3.mockwebserver.MockWebServer$3 acceptConnections
INFO: MockWebServer[41975] done accepting connections: Socket closed
Jun 09, 2022 4:27:38 PM okhttp3.mockwebserver.MockWebServer$3 execute
INFO: MockWebServer[35107] starting to accept connections
Jun 09, 2022 4:27:38 PM okhttp3.mockwebserver.MockWebServer$3 execute
INFO: MockWebServer[39681] starting to accept connections
Jun 09, 2022 4:27:38 PM okhttp3.mockwebserver.MockWebServer$4 processOneRequest
INFO: MockWebServer[39681] received request: GET / HTTP/1.1 and responded: HTTP/1.1 200 OK
Jun 09, 2022 4:27:38 PM okhttp3.mockwebserver.MockWebServer$4 processOneRequest
INFO: MockWebServer[39681] received request: GET / HTTP/1.1 and responded: HTTP/1.1 304 Redirection
Jun 09, 2022 4:27:38 PM okhttp3.mockwebserver.MockWebServer$4 processOneRequest
INFO: MockWebServer[39681] received request: GET / HTTP/1.1 and responded: HTTP/1.1 304 Redirection
Jun 09, 2022 4:27:38 PM okhttp3.mockwebserver.MockWebServer$3 acceptConnections
INFO: MockWebServer[39681] done accepting connections: Socket closed
Jun 09, 2022 4:27:38 PM okhttp3.mockwebserver.MockWebServer$3 acceptConnections
INFO: MockWebServer[35107] done accepting connections: Socket closed
Jun 09, 2022 4:27:38 PM okhttp3.mockwebserver.MockWebServer$3 execute
INFO: MockWebServer[54549] starting to accept connections
Jun 09, 2022 4:27:38 PM okhttp3.mockwebserver.MockWebServer$3 execute
INFO: MockWebServer[50457] starting to accept connections
Jun 09, 2022 4:27:38 PM okhttp3.mockwebserver.MockWebServer$4 processOneRequest
INFO: MockWebServer[50457] received request: GET / HTTP/1.1 and responded: HTTP/1.1 200 OK
Jun 09, 2022 4:27:38 PM okhttp3.mockwebserver.MockWebServer$4 processOneRequest
INFO: MockWebServer[50457] received request: GET / HTTP/1.1 and responded: HTTP/1.1 304 Redirection
Jun 09, 2022 4:27:38 PM okhttp3.mockwebserver.MockWebServer$4 processOneRequest
INFO: MockWebServer[50457] received request: GET / HTTP/1.1 and responded: HTTP/1.1 200 OK
Jun 09, 2022 4:27:38 PM okhttp3.mockwebserver.MockWebServer$3 acceptConnections
INFO: MockWebServer[50457] done accepting connections: Socket closed
Jun 09, 2022 4:27:38 PM okhttp3.mockwebserver.MockWebServer$3 acceptConnections
INFO: MockWebServer[54549] done accepting connections: Socket closed
Jun 09, 2022 4:27:38 PM okhttp3.mockwebserver.MockWebServer$3 execute
INFO: MockWebServer[33973] starting to accept connections
Jun 09, 2022 4:27:38 PM okhttp3.mockwebserver.MockWebServer$3 execute
INFO: MockWebServer[41835] starting to accept connections
Jun 09, 2022 4:27:38 PM okhttp3.mockwebserver.MockWebServer$4 processOneRequest
INFO: MockWebServer[41835] received request: GET / HTTP/1.1 and responded: HTTP/1.1 200 OK
Jun 09, 2022 4:27:38 PM okhttp3.mockwebserver.MockWebServer$4 processOneRequest
INFO: MockWebServer[41835] received request: GET / HTTP/1.1 and responded: HTTP/1.1 200 OK
Jun 09, 2022 4:27:39 PM okhttp3.mockwebserver.MockWebServer$3 acceptConnections
INFO: MockWebServer[41835] done accepting connections: Socket closed
Jun 09, 2022 4:27:39 PM okhttp3.mockwebserver.MockWebServer$3 acceptConnections
INFO: MockWebServer[33973] done accepting connections: Socket closed
Jun 09, 2022 4:27:39 PM okhttp3.mockwebserver.MockWebServer$3 execute
INFO: MockWebServer[39593] starting to accept connections
Jun 09, 2022 4:27:39 PM okhttp3.mockwebserver.MockWebServer$3 execute
INFO: MockWebServer[56707] starting to accept connections
Jun 09, 2022 4:27:39 PM okhttp3.mockwebserver.MockWebServer$4 processOneRequest
INFO: MockWebServer[56707] received request: GET / HTTP/1.1 and responded: HTTP/1.1 200 OK
Jun 09, 2022 4:27:39 PM okhttp3.mockwebserver.MockWebServer$4 processOneRequest
INFO: MockWebServer[56707] received request: GET / HTTP/1.1 and responded: HTTP/1.1 200 OK
Jun 09, 2022 4:27:39 PM okhttp3.mockwebserver.MockWebServer$3 acceptConnections
INFO: MockWebServer[56707] done accepting connections: Socket closed
Jun 09, 2022 4:27:39 PM okhttp3.mockwebserver.MockWebServer$3 acceptConnections
INFO: MockWebServer[39593] done accepting connections: Socket closed
Jun 09, 2022 4:27:39 PM okhttp3.mockwebserver.MockWebServer$3 execute
INFO: MockWebServer[40137] starting to accept connections
Jun 09, 2022 4:27:39 PM okhttp3.mockwebserver.MockWebServer$3 execute
INFO: MockWebServer[58027] starting to accept connections
Jun 09, 2022 4:27:39 PM okhttp3.mockwebserver.MockWebServer$4 processOneRequest
INFO: MockWebServer[58027] received request: GET / HTTP/1.1 and responded: HTTP/1.1 200 OK
Jun 09, 2022 4:27:39 PM okhttp3.mockwebserver.MockWebServer$3 acceptConnections
INFO: MockWebServer[58027] done accepting connections: Socket closed
Jun 09, 2022 4:27:39 PM okhttp3.mockwebserver.MockWebServer$3 acceptConnections
INFO: MockWebServer[40137] done accepting connections: Socket closed
Jun 09, 2022 4:27:39 PM okhttp3.mockwebserver.MockWebServer$3 execute
INFO: MockWebServer[46939] starting to accept connections
Jun 09, 2022 4:27:39 PM okhttp3.mockwebserver.MockWebServer$3 execute
INFO: MockWebServer[43697] starting to accept connections
Jun 09, 2022 4:27:39 PM okhttp3.mockwebserver.MockWebServer$4 processOneRequest
INFO: MockWebServer[43697] received request: GET / HTTP/1.1 and responded: HTTP/1.1 200 OK
Jun 09, 2022 4:27:39 PM okhttp3.mockwebserver.MockWebServer$3 acceptConnections
INFO: MockWebServer[43697] done accepting connections: Socket closed
Jun 09, 2022 4:27:39 PM okhttp3.mockwebserver.MockWebServer$3 acceptConnections
INFO: MockWebServer[46939] done accepting connections: Socket closed
Jun 09, 2022 4:27:39 PM okhttp3.mockwebserver.MockWebServer$3 execute
INFO: MockWebServer[53363] starting to accept connections
Jun 09, 2022 4:27:39 PM okhttp3.mockwebserver.MockWebServer$3 execute
INFO: MockWebServer[44759] starting to accept connections
Jun 09, 2022 4:27:39 PM okhttp3.mockwebserver.MockWebServer$4 processOneRequest
INFO: MockWebServer[44759] received request: GET / HTTP/1.1 and responded: HTTP/1.1 200 OK
Jun 09, 2022 4:27:39 PM okhttp3.mockwebserver.MockWebServer$4 processOneRequest
INFO: MockWebServer[44759] received request: GET / HTTP/1.1 and responded: HTTP/1.1 200 OK
Jun 09, 2022 4:27:39 PM okhttp3.mockwebserver.MockWebServer$3 acceptConnections
INFO: MockWebServer[44759] done accepting connections: Socket closed
Jun 09, 2022 4:27:39 PM okhttp3.mockwebserver.MockWebServer$3 acceptConnections
INFO: MockWebServer[53363] done accepting connections: Socket closed
Jun 09, 2022 4:27:39 PM okhttp3.mockwebserver.MockWebServer$3 execute
INFO: MockWebServer[59383] starting to accept connections
Jun 09, 2022 4:27:39 PM okhttp3.mockwebserver.MockWebServer$3 execute
INFO: MockWebServer[45185] starting to accept connections
Jun 09, 2022 4:27:39 PM okhttp3.mockwebserver.MockWebServer$4 processOneRequest
INFO: MockWebServer[45185] received request: GET / HTTP/1.1 and responded: HTTP/1.1 200 OK
Jun 09, 2022 4:27:39 PM okhttp3.mockwebserver.MockWebServer$3 acceptConnections
INFO: MockWebServer[45185] done accepting connections: Socket closed
Jun 09, 2022 4:27:39 PM okhttp3.mockwebserver.MockWebServer$3 acceptConnections
INFO: MockWebServer[59383] done accepting connections: Socket closed
Jun 09, 2022 4:27:39 PM okhttp3.mockwebserver.MockWebServer$3 execute
INFO: MockWebServer[49627] starting to accept connections
Jun 09, 2022 4:27:39 PM okhttp3.mockwebserver.MockWebServer$3 execute
INFO: MockWebServer[50727] starting to accept connections
Jun 09, 2022 4:27:39 PM okhttp3.mockwebserver.MockWebServer$4 processOneRequest
INFO: MockWebServer[50727] received request: GET / HTTP/1.1 and responded: HTTP/1.1 200 OK
Jun 09, 2022 4:27:39 PM okhttp3.mockwebserver.MockWebServer$4 processOneRequest
INFO: MockWebServer[50727] received request: GET / HTTP/1.1 and responded: HTTP/1.1 200 OK
Jun 09, 2022 4:27:39 PM okhttp3.mockwebserver.MockWebServer$3 acceptConnections
INFO: MockWebServer[50727] done accepting connections: Socket closed
Jun 09, 2022 4:27:39 PM okhttp3.mockwebserver.MockWebServer$3 acceptConnections
INFO: MockWebServer[49627] done accepting connections: Socket closed
Jun 09, 2022 4:27:39 PM okhttp3.mockwebserver.MockWebServer$3 execute
INFO: MockWebServer[41261] starting to accept connections
Jun 09, 2022 4:27:39 PM okhttp3.mockwebserver.MockWebServer$3 execute
INFO: MockWebServer[47573] starting to accept connections
Jun 09, 2022 4:27:39 PM okhttp3.mockwebserver.MockWebServer$4 processOneRequest
INFO: MockWebServer[47573] received request: GET / HTTP/1.1 and responded: HTTP/1.1 200 OK
Jun 09, 2022 4:27:39 PM okhttp3.mockwebserver.MockWebServer$3 acceptConnections
INFO: MockWebServer[47573] done accepting connections: Socket closed
Jun 09, 2022 4:27:39 PM okhttp3.mockwebserver.MockWebServer$3 acceptConnections
INFO: MockWebServer[41261] done accepting connections: Socket closed
Jun 09, 2022 4:27:39 PM okhttp3.mockwebserver.MockWebServer$3 execute
INFO: MockWebServer[44799] starting to accept connections
Jun 09, 2022 4:27:39 PM okhttp3.mockwebserver.MockWebServer$3 execute
INFO: MockWebServer[35161] starting to accept connections
Jun 09, 2022 4:27:39 PM okhttp3.mockwebserver.MockWebServer$4 processOneRequest
INFO: MockWebServer[35161] received request: GET / HTTP/1.1 and responded: HTTP/1.1 200 OK
Jun 09, 2022 4:27:39 PM okhttp3.mockwebserver.MockWebServer$4 processOneRequest
INFO: MockWebServer[35161] received request: GET / HTTP/1.1 and responded: HTTP/1.1 200 OK
Jun 09, 2022 4:27:39 PM okhttp3.mockwebserver.MockWebServer$3 acceptConnections
INFO: MockWebServer[35161] done accepting connections: Socket closed
Jun 09, 2022 4:27:39 PM okhttp3.mockwebserver.MockWebServer$3 acceptConnections
INFO: MockWebServer[44799] done accepting connections: Socket closed
Jun 09, 2022 4:27:39 PM okhttp3.mockwebserver.MockWebServer$3 execute
INFO: MockWebServer[42843] starting to accept connections
Jun 09, 2022 4:27:39 PM okhttp3.mockwebserver.MockWebServer$3 execute
INFO: MockWebServer[54807] starting to accept connections
Jun 09, 2022 4:27:39 PM okhttp3.mockwebserver.MockWebServer$4 processOneRequest
INFO: MockWebServer[54807] received request: GET / HTTP/1.1 and responded: HTTP/1.1 200 OK
Jun 09, 2022 4:27:39 PM okhttp3.mockwebserver.MockWebServer$4 processOneRequest
INFO: MockWebServer[54807] received request: GET / HTTP/1.1 and responded: HTTP/1.1 304 Redirection
Jun 09, 2022 4:27:39 PM okhttp3.mockwebserver.MockWebServer$3 acceptConnections
INFO: MockWebServer[54807] done accepting connections: Socket closed
Jun 09, 2022 4:27:39 PM okhttp3.mockwebserver.MockWebServer$3 acceptConnections
INFO: MockWebServer[42843] done accepting connections: Socket closed
Jun 09, 2022 4:27:39 PM okhttp3.mockwebserver.MockWebServer$3 execute
INFO: MockWebServer[53691] starting to accept connections
Jun 09, 2022 4:27:39 PM okhttp3.mockwebserver.MockWebServer$3 execute
INFO: MockWebServer[38653] starting to accept connections
Jun 09, 2022 4:27:39 PM okhttp3.mockwebserver.MockWebServer$4 processOneRequest
INFO: MockWebServer[38653] received request: GET / HTTP/1.1 and responded: HTTP/1.1 200 OK
Jun 09, 2022 4:27:39 PM okhttp3.mockwebserver.MockWebServer$4 processOneRequest
INFO: MockWebServer[38653] received request: GET / HTTP/1.1 and responded: HTTP/1.1 200 OK
Jun 09, 2022 4:27:39 PM okhttp3.mockwebserver.MockWebServer$3 acceptConnections
INFO: MockWebServer[38653] done accepting connections: Socket closed
Jun 09, 2022 4:27:39 PM okhttp3.mockwebserver.MockWebServer$3 acceptConnections
INFO: MockWebServer[53691] done accepting connections: Socket closed
Jun 09, 2022 4:27:39 PM okhttp3.mockwebserver.MockWebServer$3 execute
INFO: MockWebServer[45929] starting to accept connections
Jun 09, 2022 4:27:39 PM okhttp3.mockwebserver.MockWebServer$3 execute
INFO: MockWebServer[49943] starting to accept connections
Jun 09, 2022 4:27:39 PM okhttp3.mockwebserver.MockWebServer$4 processOneRequest
INFO: MockWebServer[49943] received request: GET / HTTP/1.1 and responded: HTTP/1.1 200 OK
Jun 09, 2022 4:27:39 PM okhttp3.mockwebserver.MockWebServer$4 processOneRequest
INFO: MockWebServer[49943] received request: POST / HTTP/1.1 and responded: HTTP/1.1 200 OK
Jun 09, 2022 4:27:39 PM okhttp3.mockwebserver.MockWebServer$4 processOneRequest
INFO: MockWebServer[49943] received request: GET / HTTP/1.1 and responded: HTTP/1.1 200 OK
Jun 09, 2022 4:27:39 PM okhttp3.mockwebserver.MockWebServer$3 acceptConnections
INFO: MockWebServer[49943] done accepting connections: Socket closed
Jun 09, 2022 4:27:39 PM okhttp3.mockwebserver.MockWebServer$3 acceptConnections
INFO: MockWebServer[45929] done accepting connections: Socket closed
Jun 09, 2022 4:27:39 PM okhttp3.mockwebserver.MockWebServer$3 execute
INFO: MockWebServer[33147] starting to accept connections
Jun 09, 2022 4:27:39 PM okhttp3.mockwebserver.MockWebServer$3 execute
INFO: MockWebServer[58851] starting to accept connections
Jun 09, 2022 4:27:39 PM okhttp3.mockwebserver.MockWebServer$4 processOneRequest
INFO: MockWebServer[58851] received request: GET / HTTP/1.1 and responded: HTTP/1.1 200 OK
Jun 09, 2022 4:27:39 PM okhttp3.mockwebserver.MockWebServer$4 processOneRequest
INFO: MockWebServer[58851] received request: PUT / HTTP/1.1 and responded: HTTP/1.1 200 OK
Jun 09, 2022 4:27:39 PM okhttp3.mockwebserver.MockWebServer$4 processOneRequest
INFO: MockWebServer[58851] received request: GET / HTTP/1.1 and responded: HTTP/1.1 200 OK
Jun 09, 2022 4:27:39 PM okhttp3.mockwebserver.MockWebServer$3 acceptConnections
INFO: MockWebServer[58851] done accepting connections: Socket closed
Jun 09, 2022 4:27:39 PM okhttp3.mockwebserver.MockWebServer$3 acceptConnections
INFO: MockWebServer[33147] done accepting connections: Socket closed
Jun 09, 2022 4:27:39 PM okhttp3.mockwebserver.MockWebServer$3 execute
INFO: MockWebServer[42539] starting to accept connections
Jun 09, 2022 4:27:39 PM okhttp3.mockwebserver.MockWebServer$3 execute
INFO: MockWebServer[33113] starting to accept connections
Jun 09, 2022 4:27:39 PM okhttp3.mockwebserver.MockWebServer$4 processOneRequest
INFO: MockWebServer[33113] received request: GET / HTTP/1.1 and responded: HTTP/1.1 200 OK
Jun 09, 2022 4:27:39 PM okhttp3.mockwebserver.MockWebServer$4 processOneRequest
INFO: MockWebServer[33113] received request: GET / HTTP/1.1 and responded: HTTP/1.1 304 Redirection
Jun 09, 2022 4:27:39 PM okhttp3.mockwebserver.MockWebServer$3 acceptConnections
INFO: MockWebServer[33113] done accepting connections: Socket closed
Jun 09, 2022 4:27:39 PM okhttp3.mockwebserver.MockWebServer$3 acceptConnections
INFO: MockWebServer[42539] done accepting connections: Socket closed
Jun 09, 2022 4:27:39 PM okhttp3.mockwebserver.MockWebServer$3 execute
INFO: MockWebServer[45819] starting to accept connections
Jun 09, 2022 4:27:39 PM okhttp3.mockwebserver.MockWebServer$3 execute
INFO: MockWebServer[58827] starting to accept connections
Jun 09, 2022 4:27:39 PM okhttp3.mockwebserver.MockWebServer$4 processOneRequest
INFO: MockWebServer[58827] received request: GET / HTTP/1.1 and responded: HTTP/1.1 200 OK
Jun 09, 2022 4:27:39 PM okhttp3.mockwebserver.MockWebServer$4 processOneRequest
INFO: MockWebServer[58827] received request: GET / HTTP/1.1 and responded: HTTP/1.1 200 OK
Jun 09, 2022 4:27:39 PM okhttp3.mockwebserver.MockWebServer$3 acceptConnections
INFO: MockWebServer[58827] done accepting connections: Socket closed
Jun 09, 2022 4:27:39 PM okhttp3.mockwebserver.MockWebServer$3 acceptConnections
INFO: MockWebServer[45819] done accepting connections: Socket closed
Jun 09, 2022 4:27:39 PM okhttp3.mockwebserver.MockWebServer$3 execute
INFO: MockWebServer[39361] starting to accept connections
Jun 09, 2022 4:27:39 PM okhttp3.mockwebserver.MockWebServer$3 execute
INFO: MockWebServer[45235] starting to accept connections
Jun 09, 2022 4:27:39 PM okhttp3.mockwebserver.MockWebServer$4 processOneRequest
INFO: MockWebServer[45235] received request: GET / HTTP/1.1 and responded: HTTP/1.1 200 OK
Jun 09, 2022 4:27:39 PM okhttp3.mockwebserver.MockWebServer$4 processOneRequest
INFO: MockWebServer[45235] received request: GET / HTTP/1.1 and responded: HTTP/1.1 200 OK
Jun 09, 2022 4:27:39 PM okhttp3.mockwebserver.MockWebServer$3 acceptConnections
INFO: MockWebServer[45235] done accepting connections: Socket closed
Jun 09, 2022 4:27:39 PM okhttp3.mockwebserver.MockWebServer$3 acceptConnections
INFO: MockWebServer[39361] done accepting connections: Socket closed
Jun 09, 2022 4:27:39 PM okhttp3.mockwebserver.MockWebServer$3 execute
INFO: MockWebServer[43005] starting to accept connections
Jun 09, 2022 4:27:39 PM okhttp3.mockwebserver.MockWebServer$3 execute
INFO: MockWebServer[60203] starting to accept connections
Jun 09, 2022 4:27:39 PM okhttp3.mockwebserver.MockWebServer$4 processOneRequest
INFO: MockWebServer[60203] received request: GET / HTTP/1.1 and responded: HTTP/1.1 200 Fantastic
Jun 09, 2022 4:27:39 PM okhttp3.mockwebserver.MockWebServer$4 processConnection
WARNING: MockWebServer[60203] connection from /127.0.0.1 didn't make a request
Jun 09, 2022 4:27:39 PM okhttp3.mockwebserver.MockWebServer$3 acceptConnections
INFO: MockWebServer[60203] done accepting connections: Socket closed
Jun 09, 2022 4:27:39 PM okhttp3.mockwebserver.MockWebServer$3 acceptConnections
INFO: MockWebServer[43005] done accepting connections: Socket closed
Tests run: 109, Failures: 0, Errors: 1, Skipped: 0, Time elapsed: 9.451 sec <<< FAILURE! - in okhttp3.UrlConnectionCacheTest
responseCachingByResponseCode(okhttp3.UrlConnectionCacheTest)  Time elapsed: 0.048 sec  <<< ERROR!
java.net.ProtocolException: HTTP 204 had non-zero Content-Length: 5
	at okhttp3.internal.http.HttpEngine$NetworkInterceptorChain.proceed(HttpEngine.java:764)
	at okhttp3.internal.huc.HttpURLConnectionImpl$NetworkInterceptor.intercept(HttpURLConnectionImpl.java:597)
	at okhttp3.internal.http.HttpEngine$NetworkInterceptorChain.proceed(HttpEngine.java:733)
	at okhttp3.internal.http.HttpEngine.readResponse(HttpEngine.java:612)
	at okhttp3.RealCall.getResponse(RealCall.java:238)
	at okhttp3.RealCall$ApplicationInterceptorChain.proceed(RealCall.java:195)
	at okhttp3.RealCall.getResponseWithInterceptorChain(RealCall.java:157)
	at okhttp3.RealCall.execute(RealCall.java:59)
	at okhttp3.internal.huc.HttpURLConnectionImpl.getResponse(HttpURLConnectionImpl.java:421)
	at okhttp3.internal.huc.HttpURLConnectionImpl.getResponseCode(HttpURLConnectionImpl.java:455)
	at okhttp3.UrlConnectionCacheTest.assertCached(UrlConnectionCacheTest.java:194)
	at okhttp3.UrlConnectionCacheTest.responseCachingByResponseCode(UrlConnectionCacheTest.java:121)

Running okhttp3.internal.huc.URLEncodingTest
Tests run: 2, Failures: 0, Errors: 0, Skipped: 2, Time elapsed: 0 sec - in okhttp3.internal.huc.URLEncodingTest
Uninstalled aggressive uncaught exception handler

Results :

Failed tests: 
  OkUrlFactoryTest.testURLFilterRedirect:209 Connection was successful

Tests in error: 
  UrlConnectionCacheTest.responseCachingByResponseCode:121->assertCached:194 » Protocol

Tests run: 121, Failures: 1, Errors: 1, Skipped: 2

[INFO] ------------------------------------------------------------------------
[INFO] Reactor Summary:
[INFO] 
[INFO] OkHttp (Parent) .................................... SUCCESS [  0.935 s]
[INFO] OkHttp ............................................. SUCCESS [  3.514 s]
[INFO] OkHttp test support classes ........................ SUCCESS [  0.324 s]
[INFO] OkHttp Web Sockets ................................. SUCCESS [  0.304 s]
[INFO] MockWebServer ...................................... SUCCESS [  6.902 s]
[INFO] OkHttp URLConnection ............................... FAILURE [ 11.865 s]
[INFO] OkHttp Tests ....................................... SKIPPED
[INFO] OkHttp Android Platform Support .................... SKIPPED
[INFO] OkHttp Apache HttpClient ........................... SKIPPED
[INFO] OkHttp Web Socket Tests ............................ SKIPPED
[INFO] OkHttp Logging Interceptor ......................... SKIPPED
[INFO] OkCurl ............................................. SKIPPED
[INFO] Samples (Parent) ................................... SKIPPED
[INFO] Sample: Guide ...................................... SKIPPED
[INFO] Sample: Crawler .................................... SKIPPED
[INFO] Sample: Simple Client .............................. SKIPPED
[INFO] Sample: Static Server .............................. SKIPPED
[INFO] Benchmarks ......................................... SKIPPED
[INFO] ------------------------------------------------------------------------
[INFO] BUILD FAILURE
[INFO] ------------------------------------------------------------------------
[INFO] Total time: 24.209 s
[INFO] Finished at: 2022-06-09T16:27:40+00:00
[INFO] Final Memory: 22M/459M
[INFO] ------------------------------------------------------------------------
[ERROR] Failed to execute goal org.apache.maven.plugins:maven-surefire-plugin:2.17:test (default-test) on project okhttp-urlconnection: There are test failures.
[ERROR] 
[ERROR] Please refer to /home/travis/build/failed/square/okhttp/okhttp-urlconnection/target/surefire-reports for the individual test results.
[ERROR] -> [Help 1]
[ERROR] 
[ERROR] To see the full stack trace of the errors, re-run Maven with the -e switch.
[ERROR] Re-run Maven using the -X switch to enable full debug logging.
[ERROR] 
[ERROR] For more information about the errors and possible solutions, please read the following articles:
[ERROR] [Help 1] http://cwiki.apache.org/confluence/display/MAVEN/MojoFailureException
[ERROR] 
[ERROR] After correcting the problems, you can resume the build with the command
[ERROR]   mvn <goals> -rf :okhttp-urlconnection

travis_time:end:08b332ce:start=1654792034799594314,finish=1654792060508625524,duration=25709031210[0K
[31;1mThe command "mvn test -Dhttps.protocols=TLSv1.2 -Dhttps.protocols=TLSv1.2 -B" exited with 1.[0m
travis_fold:start:cache.2[0Kstore build cache
travis_time:start:0f69a710[0K
travis_time:end:0f69a710:start=1654792060520655115,finish=1654792060529618722,duration=8963607[0Ktravis_time:start:0e67bbf8[0K/home/travis/.casher/bin/casher:190: warning: Insecure world writable dir /home/travis/build/failed/square/okhttp/. in PATH, mode 040777
[32;1mchanges detected, packing new archive[0m
/home/travis/.casher/bin/casher:213:in `cache_archive_name': undefined method `[]' for nil:NilClass (NoMethodError)
	from /home/travis/.casher/bin/casher:143:in `push'
	from /home/travis/.casher/bin/casher:53:in `block in run'
	from /home/travis/.rvm/rubies/ruby-1.9.3-p551/lib/ruby/1.9.1/timeout.rb:69:in `timeout'
	from /home/travis/.casher/bin/casher:53:in `run'
	from /home/travis/.casher/bin/casher:263:in `<main>'
.

travis_time:end:0e67bbf8:start=1654792060540638767,finish=1654792069361351895,duration=8820713128[0Ktravis_fold:end:cache.2[0K
Done. Your build exited with 1.
