travis_fold:start:system_info[0K[33;1mBuild system information[0m
Build language: java
Build id: ''
Job id: ''
[34m[1mBuild image provisioning date and time[0m
Fri Dec 12 23:29:11 UTC 2014
[34m[1mlsb_release -a[0m
Distributor ID:	Ubuntu
Description:	Ubuntu 12.04.5 LTS
Release:	12.04
Codename:	precise
[34m[1mCookbooks Version[0m
540230e https://github.com/travis-ci/travis-cookbooks/tree/540230e
[34m[1mGCC version[0m
gcc (Ubuntu/Linaro 4.6.3-1ubuntu5) 4.6.3
Copyright (C) 2011 Free Software Foundation, Inc.
This is free software; see the source for copying conditions.  There is NO
warranty; not even for MERCHANTABILITY or FITNESS FOR A PARTICULAR PURPOSE.

[34m[1mLLVM version[0m
clang version 3.4 (tags/RELEASE_34/final)
Target: x86_64-unknown-linux-gnu
Thread model: posix
[34m[1mPre-installed Ruby versions[0m
ruby-1.9.3-p551
[34m[1mPre-installed Node.js versions[0m
v0.10.33
[34m[1mPre-installed Go versions[0m
go1.4
[34m[1mRedis version[0m
redis-server 2.8.18
[34m[1mriak version[0m
1.4.12
[34m[1mMongoDB version[0m
MongoDB 2.4.12
[34m[1mCouchDB version[0m
couchdb 1.6.1
[34m[1mNeo4j version[0m
1.9.4
[34m[1mCassandra version[0m
2.0.9
[34m[1mRabbitMQ Version[0m
3.4.2
[34m[1mElasticSearch version[0m
1.4.0
[34m[1mInstalled Sphinx versions[0m
2.0.10
2.1.9
2.2.4
[34m[1mDefault Sphinx version[0m
2.1.9
[34m[1mInstalled Firefox version[0m
firefox 31.0esr
[34m[1mPhantomJS version[0m
1.9.8
[34m[1mant -version[0m
Apache Ant(TM) version 1.8.2 compiled on December 3 2011
[34m[1mmvn -version[0m
Apache Maven 3.2.3 (33f8c3e1027c3ddde99d3cdebad2656a31e8fdf4; 2014-08-11T20:58:10+00:00)
Maven home: /usr/local/maven
Java version: 1.7.0_72, vendor: Oracle Corporation
Java home: /usr/lib/jvm/java-7-oracle/jre
Default locale: en_US, platform encoding: ANSI_X3.4-1968
OS name: "linux", version: "3.13.0-29-generic", arch: "amd64", family: "unix"
[34m[1mgradle -version[0m

------------------------------------------------------------
Gradle 2.2.1
------------------------------------------------------------

Build time:   2014-11-24 09:45:35 UTC
Build number: none
Revision:     6fcb59c06f43a4e6b1bcb401f7686a8601a1fb4a

Groovy:       2.3.6
Ant:          Apache Ant(TM) version 1.9.3 compiled on December 23 2013
JVM:          1.7.0_72 (Oracle Corporation 24.72-b04)
OS:           Linux 3.13.0-29-generic amd64

[34m[1mlein1 version[0m
Using JLine for console I/O; install rlwrap for optimum experience.
Leiningen 1.7.1 on Java 1.7.0_72 Java HotSpot(TM) 64-Bit Server VM
[34m[1mlein2 version[0m
Leiningen 2.5.0 on Java 1.7.0_72 Java HotSpot(TM) 64-Bit Server VM
[34m[1mlein version[0m
Leiningen 2.5.0 on Java 1.7.0_72 Java HotSpot(TM) 64-Bit Server VM
travis_fold:end:system_info[0K
W: Failed to fetch http://apt.basho.com/dists/precise/Release.gpg  Could not resolve 'apt.basho.com'

W: Failed to fetch http://us.archive.ubuntu.com/ubuntu/dists/precise/main/source/Sources  404  Not Found [IP: 91.189.91.39 80]

W: Failed to fetch http://us.archive.ubuntu.com/ubuntu/dists/precise/restricted/source/Sources  404  Not Found [IP: 91.189.91.39 80]

W: Failed to fetch http://us.archive.ubuntu.com/ubuntu/dists/precise/universe/source/Sources  404  Not Found [IP: 91.189.91.39 80]

W: Failed to fetch http://us.archive.ubuntu.com/ubuntu/dists/precise/multiverse/source/Sources  404  Not Found [IP: 91.189.91.39 80]

W: Failed to fetch http://us.archive.ubuntu.com/ubuntu/dists/precise/main/binary-amd64/Packages  404  Not Found [IP: 91.189.91.39 80]

W: Failed to fetch http://us.archive.ubuntu.com/ubuntu/dists/precise/restricted/binary-amd64/Packages  404  Not Found [IP: 91.189.91.39 80]

W: Failed to fetch http://us.archive.ubuntu.com/ubuntu/dists/precise/universe/binary-amd64/Packages  404  Not Found [IP: 91.189.91.39 80]

W: Failed to fetch http://us.archive.ubuntu.com/ubuntu/dists/precise/multiverse/binary-amd64/Packages  404  Not Found [IP: 91.189.91.39 80]

W: Failed to fetch http://us.archive.ubuntu.com/ubuntu/dists/precise/main/binary-i386/Packages  404  Not Found [IP: 91.189.91.39 80]

W: Failed to fetch http://us.archive.ubuntu.com/ubuntu/dists/precise/restricted/binary-i386/Packages  404  Not Found [IP: 91.189.91.39 80]

W: Failed to fetch http://us.archive.ubuntu.com/ubuntu/dists/precise/universe/binary-i386/Packages  404  Not Found [IP: 91.189.91.39 80]

W: Failed to fetch http://us.archive.ubuntu.com/ubuntu/dists/precise/multiverse/binary-i386/Packages  404  Not Found [IP: 91.189.91.39 80]

W: Failed to fetch http://us.archive.ubuntu.com/ubuntu/dists/precise-updates/main/source/Sources  404  Not Found [IP: 91.189.91.39 80]

W: Failed to fetch http://us.archive.ubuntu.com/ubuntu/dists/precise-updates/restricted/source/Sources  404  Not Found [IP: 91.189.91.39 80]

W: Failed to fetch http://us.archive.ubuntu.com/ubuntu/dists/precise-updates/universe/source/Sources  404  Not Found [IP: 91.189.91.39 80]

W: Failed to fetch http://us.archive.ubuntu.com/ubuntu/dists/precise-updates/multiverse/source/Sources  404  Not Found [IP: 91.189.91.39 80]

W: Failed to fetch http://us.archive.ubuntu.com/ubuntu/dists/precise-updates/main/binary-amd64/Packages  404  Not Found [IP: 91.189.91.39 80]

W: Failed to fetch http://us.archive.ubuntu.com/ubuntu/dists/precise-updates/restricted/binary-amd64/Packages  404  Not Found [IP: 91.189.91.39 80]

W: Failed to fetch http://us.archive.ubuntu.com/ubuntu/dists/precise-updates/universe/binary-amd64/Packages  404  Not Found [IP: 91.189.91.39 80]

W: Failed to fetch http://us.archive.ubuntu.com/ubuntu/dists/precise-updates/multiverse/binary-amd64/Packages  404  Not Found [IP: 91.189.91.39 80]

W: Failed to fetch http://us.archive.ubuntu.com/ubuntu/dists/precise-updates/main/binary-i386/Packages  404  Not Found [IP: 91.189.91.39 80]

W: Failed to fetch http://us.archive.ubuntu.com/ubuntu/dists/precise-updates/restricted/binary-i386/Packages  404  Not Found [IP: 91.189.91.39 80]

W: Failed to fetch http://us.archive.ubuntu.com/ubuntu/dists/precise-updates/universe/binary-i386/Packages  404  Not Found [IP: 91.189.91.39 80]

W: Failed to fetch http://us.archive.ubuntu.com/ubuntu/dists/precise-updates/multiverse/binary-i386/Packages  404  Not Found [IP: 91.189.91.39 80]

W: Failed to fetch http://apt.postgresql.org/pub/repos/apt/dists/precise-pgdg/main/binary-amd64/Packages  404  Not Found [IP: 72.32.157.246 80]

W: Failed to fetch http://apt.postgresql.org/pub/repos/apt/dists/precise-pgdg/main/binary-i386/Packages  404  Not Found [IP: 72.32.157.246 80]

W: Failed to fetch http://us.archive.ubuntu.com/ubuntu/dists/precise-backports/main/source/Sources  404  Not Found [IP: 91.189.91.39 80]

W: Failed to fetch http://us.archive.ubuntu.com/ubuntu/dists/precise-backports/restricted/source/Sources  404  Not Found [IP: 91.189.91.39 80]

W: Failed to fetch http://us.archive.ubuntu.com/ubuntu/dists/precise-backports/universe/source/Sources  404  Not Found [IP: 91.189.91.39 80]

W: Failed to fetch http://us.archive.ubuntu.com/ubuntu/dists/precise-backports/multiverse/source/Sources  404  Not Found [IP: 91.189.91.39 80]

W: Failed to fetch http://us.archive.ubuntu.com/ubuntu/dists/precise-backports/main/binary-amd64/Packages  404  Not Found [IP: 91.189.91.39 80]

W: Failed to fetch http://us.archive.ubuntu.com/ubuntu/dists/precise-backports/restricted/binary-amd64/Packages  404  Not Found [IP: 91.189.91.39 80]

W: Failed to fetch http://us.archive.ubuntu.com/ubuntu/dists/precise-backports/universe/binary-amd64/Packages  404  Not Found [IP: 91.189.91.39 80]

W: Failed to fetch http://us.archive.ubuntu.com/ubuntu/dists/precise-backports/multiverse/binary-amd64/Packages  404  Not Found [IP: 91.189.91.39 80]

W: Failed to fetch http://us.archive.ubuntu.com/ubuntu/dists/precise-backports/main/binary-i386/Packages  404  Not Found [IP: 91.189.91.39 80]

W: Failed to fetch http://us.archive.ubuntu.com/ubuntu/dists/precise-backports/restricted/binary-i386/Packages  404  Not Found [IP: 91.189.91.39 80]

W: Failed to fetch http://us.archive.ubuntu.com/ubuntu/dists/precise-backports/universe/binary-i386/Packages  404  Not Found [IP: 91.189.91.39 80]

W: Failed to fetch http://us.archive.ubuntu.com/ubuntu/dists/precise-backports/multiverse/binary-i386/Packages  404  Not Found [IP: 91.189.91.39 80]

W: Failed to fetch http://security.ubuntu.com/ubuntu/dists/precise-security/main/source/Sources  404  Not Found [IP: 91.189.88.142 80]

W: Failed to fetch http://security.ubuntu.com/ubuntu/dists/precise-security/restricted/source/Sources  404  Not Found [IP: 91.189.88.142 80]

W: Failed to fetch http://security.ubuntu.com/ubuntu/dists/precise-security/universe/source/Sources  404  Not Found [IP: 91.189.88.142 80]

W: Failed to fetch http://security.ubuntu.com/ubuntu/dists/precise-security/multiverse/source/Sources  404  Not Found [IP: 91.189.88.142 80]

W: Failed to fetch http://security.ubuntu.com/ubuntu/dists/precise-security/main/binary-amd64/Packages  404  Not Found [IP: 91.189.88.142 80]

W: Failed to fetch http://security.ubuntu.com/ubuntu/dists/precise-security/restricted/binary-amd64/Packages  404  Not Found [IP: 91.189.88.142 80]

W: Failed to fetch http://security.ubuntu.com/ubuntu/dists/precise-security/universe/binary-amd64/Packages  404  Not Found [IP: 91.189.88.142 80]

W: Failed to fetch http://security.ubuntu.com/ubuntu/dists/precise-security/multiverse/binary-amd64/Packages  404  Not Found [IP: 91.189.88.142 80]

W: Failed to fetch http://security.ubuntu.com/ubuntu/dists/precise-security/main/binary-i386/Packages  404  Not Found [IP: 91.189.88.142 80]

W: Failed to fetch http://security.ubuntu.com/ubuntu/dists/precise-security/restricted/binary-i386/Packages  404  Not Found [IP: 91.189.88.142 80]

W: Failed to fetch http://security.ubuntu.com/ubuntu/dists/precise-security/universe/binary-i386/Packages  404  Not Found [IP: 91.189.88.142 80]

W: Failed to fetch http://security.ubuntu.com/ubuntu/dists/precise-security/multiverse/binary-i386/Packages  404  Not Found [IP: 91.189.88.142 80]

W: Failed to fetch http://ppa.launchpad.net/travis-ci/zero-mq/ubuntu/dists/precise/main/binary-amd64/Packages  403  Forbidden

W: Failed to fetch http://ppa.launchpad.net/travis-ci/zero-mq/ubuntu/dists/precise/main/binary-i386/Packages  403  Forbidden

W: Failed to fetch http://downloads-distro.mongodb.org/repo/debian-sysvinit/dists/dist/10gen/binary-amd64/Packages  Undetermined Error [IP: 52.206.222.245 80]

W: Failed to fetch http://downloads-distro.mongodb.org/repo/debian-sysvinit/dists/dist/10gen/binary-i386/Packages  Undetermined Error [IP: 52.206.222.245 80]

W: Some index files failed to download. They have been ignored, or old ones used instead.
sed: cannot rename /etc/hosts: Device or resource busy
sed: cannot rename /etc/hosts: Device or resource busy
$ jdk_switcher use oraclejdk8
Switching to Oracle JDK8 (java-8-oracle), JAVA_HOME will be set to /usr/lib/jvm/java-8-oracle
$ cd failed/square/okhttp
travis_fold:start:git.submodule[0Ktravis_time:start:0a302276[0K$ git submodule update --init --recursive

travis_time:end:0a302276:start=1641104962962871359,finish=1641104963509902980,duration=547031621[0Ktravis_fold:end:git.submodule[0K
[33;1mSetting environment variables from .travis.yml[0m
$ export CI_DEPLOY_USERNAME=[secure]
$ export CI_DEPLOY_PASSWORD=[secure]

travis_fold:start:cache.1[0KSetting up build cache
$ export CASHER_DIR=$HOME/.casher
travis_time:start:042d7bd4[0K
travis_time:end:042d7bd4:start=1641104964274713742,finish=1641104964282892666,duration=8178924[0Ktravis_time:start:00f2bd30[0K/home/travis/.casher/bin/casher:213:in `cache_archive_name': undefined method `[]' for nil:NilClass (NoMethodError)
	from /home/travis/.casher/bin/casher:65:in `block in fetch'
	from /home/travis/.casher/bin/casher:64:in `each'
	from /home/travis/.casher/bin/casher:64:in `fetch'
	from /home/travis/.casher/bin/casher:53:in `block in run'
	from /home/travis/.rvm/rubies/ruby-1.9.3-p551/lib/ruby/1.9.1/timeout.rb:69:in `timeout'
	from /home/travis/.casher/bin/casher:53:in `run'
	from /home/travis/.casher/bin/casher:263:in `<main>'
[32;1mattempting to download cache archive[0m

travis_time:end:00f2bd30:start=1641104964292207928,finish=1641104965100974933,duration=808767005[0Ktravis_time:start:06ba04d1[0K
travis_time:end:06ba04d1:start=1641104965111086017,finish=1641104965120684183,duration=9598166[0Ktravis_time:start:0f0c059d[0K[32;1madding /home/travis/.m2 to cache[0m

travis_time:end:0f0c059d:start=1641104965132322805,finish=1641104965992289374,duration=859966569[0Ktravis_fold:end:cache.1[0K$ java -Xmx32m -version
java version "1.8.0_25"
Java(TM) SE Runtime Environment (build 1.8.0_25-b17)
Java HotSpot(TM) 64-Bit Server VM (build 25.25-b02, mixed mode)
$ javac -J-Xmx32m -version
javac 1.8.0_25
travis_fold:start:install[0Ktravis_time:start:03b29dc1[0K$ mvn -o install -Dhttps.protocols=TLSv1.2 -DskipTests=true -Dmaven.javadoc.skip=true -B -V
Java HotSpot(TM) 64-Bit Server VM warning: ignoring option MaxPermSize=192m; support was removed in 8.0
Apache Maven 3.2.3 (33f8c3e1027c3ddde99d3cdebad2656a31e8fdf4; 2014-08-11T20:58:10+00:00)
Maven home: /usr/local/maven
Java version: 1.8.0_25, vendor: Oracle Corporation
Java home: /usr/lib/jvm/java-8-oracle/jre
Default locale: en_US, platform encoding: UTF-8
OS name: "linux", version: "4.15.0-109-generic", arch: "amd64", family: "unix"
[INFO] Scanning for projects...
[WARNING] 
[WARNING] Some problems were encountered while building the effective model for com.squareup.okhttp:okhttp-tests:jar:2.3.0-SNAPSHOT
[WARNING] 'build.plugins.plugin.version' for org.apache.maven.plugins:maven-deploy-plugin is missing. @ com.squareup.okhttp:okhttp-tests:[unknown-version], /home/travis/build/failed/square/okhttp/okhttp-tests/pom.xml, line 47, column 15
[WARNING] 
[WARNING] Some problems were encountered while building the effective model for com.squareup.okhttp:benchmarks:jar:2.3.0-SNAPSHOT
[WARNING] 'build.plugins.plugin.version' for org.codehaus.mojo:exec-maven-plugin is missing. @ com.squareup.okhttp:benchmarks:[unknown-version], /home/travis/build/failed/square/okhttp/benchmarks/pom.xml, line 74, column 15
[WARNING] 
[WARNING] It is highly recommended to fix these problems because they threaten the stability of your build.
[WARNING] 
[WARNING] For this reason, future Maven versions might no longer support building such malformed projects.
[WARNING] 
[INFO] ------------------------------------------------------------------------
[INFO] Reactor Build Order:
[INFO] 
[INFO] OkHttp (Parent)
[INFO] OkHttp
[INFO] MockWebServer
[INFO] OkHttp Apache HttpClient
[INFO] OkHttp URLConnection
[INFO] OkHttp Tests
[INFO] OkHttp Android Platform Support
[INFO] OkCurl
[INFO] Samples (Parent)
[INFO] Sample: Guide
[INFO] Sample: Crawler
[INFO] Sample: Simple Client
[INFO] Sample: Static Server
[INFO] Benchmarks
[INFO]                                                                         
[INFO] ------------------------------------------------------------------------
[INFO] Building OkHttp (Parent) 2.3.0-SNAPSHOT
[INFO] ------------------------------------------------------------------------
[INFO] 
[INFO] --- maven-enforcer-plugin:1.0:enforce (enforce-maven) @ parent ---
[INFO] 
[INFO] --- animal-sniffer-maven-plugin:1.11:check (default) @ parent ---
[INFO] Checking unresolved references to org.codehaus.mojo.signature:java16:1.1
[INFO] 
[INFO] --- maven-checkstyle-plugin:2.10:checkstyle (default) @ parent ---
[INFO] 
[INFO] --- maven-install-plugin:2.4:install (default-install) @ parent ---
[INFO] Installing /home/travis/build/failed/square/okhttp/pom.xml to /home/travis/.m2/repository/com/squareup/okhttp/parent/2.3.0-SNAPSHOT/parent-2.3.0-SNAPSHOT.pom
[INFO]                                                                         
[INFO] ------------------------------------------------------------------------
[INFO] Building OkHttp 2.3.0-SNAPSHOT
[INFO] ------------------------------------------------------------------------
[INFO] 
[INFO] --- maven-enforcer-plugin:1.0:enforce (enforce-maven) @ okhttp ---
[INFO] 
[INFO] --- templating-maven-plugin:1.0-alpha-3:filter-sources (default) @ okhttp ---
[INFO] Using 'UTF-8' encoding to copy filtered resources.
[INFO] Copying 1 resource
[INFO] Source directory: /home/travis/build/failed/square/okhttp/okhttp/target/generated-sources/java-templates added.
[INFO] 
[INFO] --- maven-resources-plugin:2.6:resources (default-resources) @ okhttp ---
[INFO] Using 'UTF-8' encoding to copy filtered resources.
[INFO] skip non existing resourceDirectory /home/travis/build/failed/square/okhttp/okhttp/src/main/resources
[INFO] 
[INFO] --- maven-compiler-plugin:3.0:compile (default-compile) @ okhttp ---
[INFO] Changes detected - recompiling the module!
[INFO] Compiling 81 source files to /home/travis/build/failed/square/okhttp/okhttp/target/classes
[WARNING] /home/travis/build/failed/square/okhttp/okhttp/src/main/java/com/squareup/okhttp/internal/Util.java: Some input files use unchecked or unsafe operations.
[WARNING] /home/travis/build/failed/square/okhttp/okhttp/src/main/java/com/squareup/okhttp/internal/Util.java: Recompile with -Xlint:unchecked for details.
[INFO] 
[INFO] --- maven-resources-plugin:2.6:testResources (default-testResources) @ okhttp ---
[INFO] Using 'UTF-8' encoding to copy filtered resources.
[INFO] skip non existing resourceDirectory /home/travis/build/failed/square/okhttp/okhttp/src/test/resources
[INFO] 
[INFO] --- maven-compiler-plugin:3.0:testCompile (default-testCompile) @ okhttp ---
[INFO] No sources to compile
[INFO] 
[INFO] --- maven-surefire-plugin:2.17:test (default-test) @ okhttp ---
[INFO] Tests are skipped.
[INFO] 
[INFO] --- animal-sniffer-maven-plugin:1.11:check (default) @ okhttp ---
[INFO] Checking unresolved references to org.codehaus.mojo.signature:java16:1.1
[INFO] 
[INFO] --- maven-jar-plugin:2.4:jar (default-jar) @ okhttp ---
[INFO] Building jar: /home/travis/build/failed/square/okhttp/okhttp/target/okhttp-2.3.0-SNAPSHOT.jar
[INFO] 
[INFO] --- maven-checkstyle-plugin:2.10:checkstyle (default) @ okhttp ---
[INFO] Starting audit...
Audit done.

[WARNING] Unable to locate Source XRef to link to - DISABLED
[INFO] 
[INFO] --- maven-install-plugin:2.4:install (default-install) @ okhttp ---
[INFO] Installing /home/travis/build/failed/square/okhttp/okhttp/target/okhttp-2.3.0-SNAPSHOT.jar to /home/travis/.m2/repository/com/squareup/okhttp/okhttp/2.3.0-SNAPSHOT/okhttp-2.3.0-SNAPSHOT.jar
[INFO] Installing /home/travis/build/failed/square/okhttp/okhttp/pom.xml to /home/travis/.m2/repository/com/squareup/okhttp/okhttp/2.3.0-SNAPSHOT/okhttp-2.3.0-SNAPSHOT.pom
[INFO]                                                                         
[INFO] ------------------------------------------------------------------------
[INFO] Building MockWebServer 2.3.0-SNAPSHOT
[INFO] ------------------------------------------------------------------------
[INFO] 
[INFO] --- maven-enforcer-plugin:1.0:enforce (enforce-maven) @ mockwebserver ---
[INFO] 
[INFO] --- maven-resources-plugin:2.6:resources (default-resources) @ mockwebserver ---
[INFO] Using 'UTF-8' encoding to copy filtered resources.
[INFO] skip non existing resourceDirectory /home/travis/build/failed/square/okhttp/mockwebserver/src/main/resources
[INFO] 
[INFO] --- maven-compiler-plugin:3.0:compile (default-compile) @ mockwebserver ---
[INFO] Changes detected - recompiling the module!
[INFO] Compiling 10 source files to /home/travis/build/failed/square/okhttp/mockwebserver/target/classes
[WARNING] /home/travis/build/failed/square/okhttp/mockwebserver/src/main/java/com/squareup/okhttp/internal/SslContextBuilder.java: /home/travis/build/failed/square/okhttp/mockwebserver/src/main/java/com/squareup/okhttp/internal/SslContextBuilder.java uses or overrides a deprecated API.
[WARNING] /home/travis/build/failed/square/okhttp/mockwebserver/src/main/java/com/squareup/okhttp/internal/SslContextBuilder.java: Recompile with -Xlint:deprecation for details.
[INFO] 
[INFO] --- maven-resources-plugin:2.6:testResources (default-testResources) @ mockwebserver ---
[INFO] Using 'UTF-8' encoding to copy filtered resources.
[INFO] skip non existing resourceDirectory /home/travis/build/failed/square/okhttp/mockwebserver/src/test/resources
[INFO] 
[INFO] --- maven-compiler-plugin:3.0:testCompile (default-testCompile) @ mockwebserver ---
[INFO] Changes detected - recompiling the module!
[INFO] Compiling 3 source files to /home/travis/build/failed/square/okhttp/mockwebserver/target/test-classes
[INFO] 
[INFO] --- maven-surefire-plugin:2.17:test (default-test) @ mockwebserver ---
[INFO] Tests are skipped.
[INFO] 
[INFO] --- animal-sniffer-maven-plugin:1.11:check (default) @ mockwebserver ---
[INFO] Checking unresolved references to org.codehaus.mojo.signature:java16:1.1
[INFO] 
[INFO] --- maven-jar-plugin:2.4:jar (default-jar) @ mockwebserver ---
[INFO] Building jar: /home/travis/build/failed/square/okhttp/mockwebserver/target/mockwebserver-2.3.0-SNAPSHOT.jar
[INFO] 
[INFO] --- maven-assembly-plugin:2.2-beta-5:single (default) @ mockwebserver ---
[INFO] META-INF/ already added, skipping
[INFO] META-INF/MANIFEST.MF already added, skipping
[INFO] META-INF/maven/ already added, skipping
[INFO] META-INF/MANIFEST.MF already added, skipping
[INFO] META-INF/ already added, skipping
[INFO] META-INF/MANIFEST.MF already added, skipping
[INFO] org/ already added, skipping
[INFO] META-INF/ already added, skipping
[INFO] META-INF/MANIFEST.MF already added, skipping
[INFO] org/ already added, skipping
[INFO] LICENSE.txt already added, skipping
[INFO] Building jar: /home/travis/build/failed/square/okhttp/mockwebserver/target/mockwebserver-2.3.0-SNAPSHOT-jar-with-dependencies.jar
[INFO] META-INF/ already added, skipping
[INFO] META-INF/MANIFEST.MF already added, skipping
[INFO] META-INF/maven/ already added, skipping
[INFO] META-INF/MANIFEST.MF already added, skipping
[INFO] META-INF/ already added, skipping
[INFO] META-INF/MANIFEST.MF already added, skipping
[INFO] org/ already added, skipping
[INFO] META-INF/ already added, skipping
[INFO] META-INF/MANIFEST.MF already added, skipping
[INFO] org/ already added, skipping
[INFO] LICENSE.txt already added, skipping
[INFO] 
[INFO] --- maven-checkstyle-plugin:2.10:checkstyle (default) @ mockwebserver ---
[INFO] Starting audit...
Audit done.

[WARNING] Unable to locate Source XRef to link to - DISABLED
[INFO] 
[INFO] --- maven-install-plugin:2.4:install (default-install) @ mockwebserver ---
[INFO] Installing /home/travis/build/failed/square/okhttp/mockwebserver/target/mockwebserver-2.3.0-SNAPSHOT.jar to /home/travis/.m2/repository/com/squareup/okhttp/mockwebserver/2.3.0-SNAPSHOT/mockwebserver-2.3.0-SNAPSHOT.jar
[INFO] Installing /home/travis/build/failed/square/okhttp/mockwebserver/pom.xml to /home/travis/.m2/repository/com/squareup/okhttp/mockwebserver/2.3.0-SNAPSHOT/mockwebserver-2.3.0-SNAPSHOT.pom
[INFO] Installing /home/travis/build/failed/square/okhttp/mockwebserver/target/mockwebserver-2.3.0-SNAPSHOT-jar-with-dependencies.jar to /home/travis/.m2/repository/com/squareup/okhttp/mockwebserver/2.3.0-SNAPSHOT/mockwebserver-2.3.0-SNAPSHOT-jar-with-dependencies.jar
[INFO]                                                                         
[INFO] ------------------------------------------------------------------------
[INFO] Building OkHttp Apache HttpClient 2.3.0-SNAPSHOT
[INFO] ------------------------------------------------------------------------
[INFO] 
[INFO] --- maven-enforcer-plugin:1.0:enforce (enforce-maven) @ okhttp-apache ---
[INFO] 
[INFO] --- maven-resources-plugin:2.6:resources (default-resources) @ okhttp-apache ---
[INFO] Using 'UTF-8' encoding to copy filtered resources.
[INFO] skip non existing resourceDirectory /home/travis/build/failed/square/okhttp/okhttp-apache/src/main/resources
[INFO] 
[INFO] --- maven-compiler-plugin:3.0:compile (default-compile) @ okhttp-apache ---
[INFO] Changes detected - recompiling the module!
[INFO] Compiling 2 source files to /home/travis/build/failed/square/okhttp/okhttp-apache/target/classes
[WARNING] /home/travis/build/failed/square/okhttp/okhttp-apache/src/main/java/com/squareup/okhttp/apache/OkApacheClient.java: /home/travis/build/failed/square/okhttp/okhttp-apache/src/main/java/com/squareup/okhttp/apache/OkApacheClient.java uses or overrides a deprecated API.
[WARNING] /home/travis/build/failed/square/okhttp/okhttp-apache/src/main/java/com/squareup/okhttp/apache/OkApacheClient.java: Recompile with -Xlint:deprecation for details.
[INFO] 
[INFO] --- maven-resources-plugin:2.6:testResources (default-testResources) @ okhttp-apache ---
[INFO] Using 'UTF-8' encoding to copy filtered resources.
[INFO] skip non existing resourceDirectory /home/travis/build/failed/square/okhttp/okhttp-apache/src/test/resources
[INFO] 
[INFO] --- maven-compiler-plugin:3.0:testCompile (default-testCompile) @ okhttp-apache ---
[INFO] Changes detected - recompiling the module!
[INFO] Compiling 1 source file to /home/travis/build/failed/square/okhttp/okhttp-apache/target/test-classes
[INFO] 
[INFO] --- maven-surefire-plugin:2.17:test (default-test) @ okhttp-apache ---
[INFO] Tests are skipped.
[INFO] 
[INFO] --- animal-sniffer-maven-plugin:1.11:check (default) @ okhttp-apache ---
[INFO] Checking unresolved references to org.codehaus.mojo.signature:java16:1.1
[INFO] 
[INFO] --- maven-jar-plugin:2.4:jar (default-jar) @ okhttp-apache ---
[INFO] Building jar: /home/travis/build/failed/square/okhttp/okhttp-apache/target/okhttp-apache-2.3.0-SNAPSHOT.jar
[INFO] 
[INFO] --- maven-checkstyle-plugin:2.10:checkstyle (default) @ okhttp-apache ---
[INFO] Starting audit...
Audit done.

[WARNING] Unable to locate Source XRef to link to - DISABLED
[INFO] 
[INFO] --- maven-install-plugin:2.4:install (default-install) @ okhttp-apache ---
[INFO] Installing /home/travis/build/failed/square/okhttp/okhttp-apache/target/okhttp-apache-2.3.0-SNAPSHOT.jar to /home/travis/.m2/repository/com/squareup/okhttp/okhttp-apache/2.3.0-SNAPSHOT/okhttp-apache-2.3.0-SNAPSHOT.jar
[INFO] Installing /home/travis/build/failed/square/okhttp/okhttp-apache/pom.xml to /home/travis/.m2/repository/com/squareup/okhttp/okhttp-apache/2.3.0-SNAPSHOT/okhttp-apache-2.3.0-SNAPSHOT.pom
[INFO]                                                                         
[INFO] ------------------------------------------------------------------------
[INFO] Building OkHttp URLConnection 2.3.0-SNAPSHOT
[INFO] ------------------------------------------------------------------------
[INFO] 
[INFO] --- maven-enforcer-plugin:1.0:enforce (enforce-maven) @ okhttp-urlconnection ---
[INFO] 
[INFO] --- maven-resources-plugin:2.6:resources (default-resources) @ okhttp-urlconnection ---
[INFO] Using 'UTF-8' encoding to copy filtered resources.
[INFO] skip non existing resourceDirectory /home/travis/build/failed/square/okhttp/okhttp-urlconnection/src/main/resources
[INFO] 
[INFO] --- maven-compiler-plugin:3.0:compile (default-compile) @ okhttp-urlconnection ---
[INFO] Changes detected - recompiling the module!
[INFO] Compiling 4 source files to /home/travis/build/failed/square/okhttp/okhttp-urlconnection/target/classes
[INFO] 
[INFO] --- maven-resources-plugin:2.6:testResources (default-testResources) @ okhttp-urlconnection ---
[INFO] Using 'UTF-8' encoding to copy filtered resources.
[INFO] skip non existing resourceDirectory /home/travis/build/failed/square/okhttp/okhttp-urlconnection/src/test/resources
[INFO] 
[INFO] --- maven-compiler-plugin:3.0:testCompile (default-testCompile) @ okhttp-urlconnection ---
[INFO] Changes detected - recompiling the module!
[INFO] Compiling 3 source files to /home/travis/build/failed/square/okhttp/okhttp-urlconnection/target/test-classes
[INFO] 
[INFO] --- maven-surefire-plugin:2.17:test (default-test) @ okhttp-urlconnection ---
[INFO] Tests are skipped.
[INFO] 
[INFO] --- animal-sniffer-maven-plugin:1.11:check (default) @ okhttp-urlconnection ---
[INFO] Checking unresolved references to org.codehaus.mojo.signature:java16:1.1
[INFO] 
[INFO] --- maven-jar-plugin:2.4:jar (default-jar) @ okhttp-urlconnection ---
[INFO] Building jar: /home/travis/build/failed/square/okhttp/okhttp-urlconnection/target/okhttp-urlconnection-2.3.0-SNAPSHOT.jar
[INFO] 
[INFO] --- maven-checkstyle-plugin:2.10:checkstyle (default) @ okhttp-urlconnection ---
[INFO] Starting audit...
Audit done.

[WARNING] Unable to locate Source XRef to link to - DISABLED
[INFO] 
[INFO] --- maven-install-plugin:2.4:install (default-install) @ okhttp-urlconnection ---
[INFO] Installing /home/travis/build/failed/square/okhttp/okhttp-urlconnection/target/okhttp-urlconnection-2.3.0-SNAPSHOT.jar to /home/travis/.m2/repository/com/squareup/okhttp/okhttp-urlconnection/2.3.0-SNAPSHOT/okhttp-urlconnection-2.3.0-SNAPSHOT.jar
[INFO] Installing /home/travis/build/failed/square/okhttp/okhttp-urlconnection/pom.xml to /home/travis/.m2/repository/com/squareup/okhttp/okhttp-urlconnection/2.3.0-SNAPSHOT/okhttp-urlconnection-2.3.0-SNAPSHOT.pom
[INFO]                                                                         
[INFO] ------------------------------------------------------------------------
[INFO] Building OkHttp Tests 2.3.0-SNAPSHOT
[INFO] ------------------------------------------------------------------------
[INFO] 
[INFO] --- maven-enforcer-plugin:1.0:enforce (enforce-maven) @ okhttp-tests ---
[INFO] 
[INFO] --- maven-resources-plugin:2.6:resources (default-resources) @ okhttp-tests ---
[INFO] Using 'UTF-8' encoding to copy filtered resources.
[INFO] skip non existing resourceDirectory /home/travis/build/failed/square/okhttp/okhttp-tests/src/main/resources
[INFO] 
[INFO] --- maven-compiler-plugin:3.0:compile (default-compile) @ okhttp-tests ---
[INFO] No sources to compile
[INFO] 
[INFO] --- maven-resources-plugin:2.6:testResources (default-testResources) @ okhttp-tests ---
[INFO] Using 'UTF-8' encoding to copy filtered resources.
[INFO] skip non existing resourceDirectory /home/travis/build/failed/square/okhttp/okhttp-tests/src/test/resources
[INFO] 
[INFO] --- maven-compiler-plugin:3.0:testCompile (default-testCompile) @ okhttp-tests ---
[INFO] Changes detected - recompiling the module!
[INFO] Compiling 63 source files to /home/travis/build/failed/square/okhttp/okhttp-tests/target/test-classes
[WARNING] /home/travis/build/failed/square/okhttp/okhttp-tests/src/test/java/com/squareup/okhttp/CallTest.java: Some input files use or override a deprecated API.
[WARNING] /home/travis/build/failed/square/okhttp/okhttp-tests/src/test/java/com/squareup/okhttp/CallTest.java: Recompile with -Xlint:deprecation for details.
[INFO] 
[INFO] --- maven-surefire-plugin:2.17:test (default-test) @ okhttp-tests ---
[INFO] Tests are skipped.
[INFO] 
[INFO] --- animal-sniffer-maven-plugin:1.11:check (default) @ okhttp-tests ---
[INFO] Checking unresolved references to org.codehaus.mojo.signature:java16:1.1
[INFO] 
[INFO] --- maven-jar-plugin:2.4:jar (default-jar) @ okhttp-tests ---
[WARNING] JAR will be empty - no content was marked for inclusion!
[INFO] 
[INFO] --- maven-checkstyle-plugin:2.10:checkstyle (default) @ okhttp-tests ---
[INFO] 
[INFO] --- maven-install-plugin:2.4:install (default-install) @ okhttp-tests ---
[INFO] Installing /home/travis/build/failed/square/okhttp/okhttp-tests/target/okhttp-tests-2.3.0-SNAPSHOT.jar to /home/travis/.m2/repository/com/squareup/okhttp/okhttp-tests/2.3.0-SNAPSHOT/okhttp-tests-2.3.0-SNAPSHOT.jar
[INFO] Installing /home/travis/build/failed/square/okhttp/okhttp-tests/pom.xml to /home/travis/.m2/repository/com/squareup/okhttp/okhttp-tests/2.3.0-SNAPSHOT/okhttp-tests-2.3.0-SNAPSHOT.pom
[INFO]                                                                         
[INFO] ------------------------------------------------------------------------
[INFO] Building OkHttp Android Platform Support 2.3.0-SNAPSHOT
[INFO] ------------------------------------------------------------------------
[INFO] 
[INFO] --- maven-enforcer-plugin:1.0:enforce (enforce-maven) @ okhttp-android-support ---
[INFO] 
[INFO] --- maven-resources-plugin:2.6:resources (default-resources) @ okhttp-android-support ---
[INFO] Using 'UTF-8' encoding to copy filtered resources.
[INFO] skip non existing resourceDirectory /home/travis/build/failed/square/okhttp/okhttp-android-support/src/main/resources
[INFO] 
[INFO] --- maven-compiler-plugin:3.0:compile (default-compile) @ okhttp-android-support ---
[INFO] Changes detected - recompiling the module!
[INFO] Compiling 5 source files to /home/travis/build/failed/square/okhttp/okhttp-android-support/target/classes
[INFO] 
[INFO] --- maven-resources-plugin:2.6:testResources (default-testResources) @ okhttp-android-support ---
[INFO] Using 'UTF-8' encoding to copy filtered resources.
[INFO] skip non existing resourceDirectory /home/travis/build/failed/square/okhttp/okhttp-android-support/src/test/resources
[INFO] 
[INFO] --- maven-compiler-plugin:3.0:testCompile (default-testCompile) @ okhttp-android-support ---
[INFO] Changes detected - recompiling the module!
[INFO] Compiling 6 source files to /home/travis/build/failed/square/okhttp/okhttp-android-support/target/test-classes
[WARNING] /home/travis/build/failed/square/okhttp/okhttp-android-support/src/test/java/com/squareup/okhttp/internal/huc/JavaApiConverterTest.java: /home/travis/build/failed/square/okhttp/okhttp-android-support/src/test/java/com/squareup/okhttp/internal/huc/JavaApiConverterTest.java uses unchecked or unsafe operations.
[WARNING] /home/travis/build/failed/square/okhttp/okhttp-android-support/src/test/java/com/squareup/okhttp/internal/huc/JavaApiConverterTest.java: Recompile with -Xlint:unchecked for details.
[INFO] 
[INFO] --- maven-surefire-plugin:2.17:test (default-test) @ okhttp-android-support ---
[INFO] Tests are skipped.
[INFO] 
[INFO] --- animal-sniffer-maven-plugin:1.11:check (default) @ okhttp-android-support ---
[INFO] Checking unresolved references to org.codehaus.mojo.signature:java16:1.1
[INFO] 
[INFO] --- maven-jar-plugin:2.4:jar (default-jar) @ okhttp-android-support ---
[INFO] Building jar: /home/travis/build/failed/square/okhttp/okhttp-android-support/target/okhttp-android-support-2.3.0-SNAPSHOT.jar
[INFO] 
[INFO] --- maven-checkstyle-plugin:2.10:checkstyle (default) @ okhttp-android-support ---
[INFO] Starting audit...
Audit done.

[WARNING] Unable to locate Source XRef to link to - DISABLED
[INFO] 
[INFO] --- maven-install-plugin:2.4:install (default-install) @ okhttp-android-support ---
[INFO] Installing /home/travis/build/failed/square/okhttp/okhttp-android-support/target/okhttp-android-support-2.3.0-SNAPSHOT.jar to /home/travis/.m2/repository/com/squareup/okhttp/okhttp-android-support/2.3.0-SNAPSHOT/okhttp-android-support-2.3.0-SNAPSHOT.jar
[INFO] Installing /home/travis/build/failed/square/okhttp/okhttp-android-support/pom.xml to /home/travis/.m2/repository/com/squareup/okhttp/okhttp-android-support/2.3.0-SNAPSHOT/okhttp-android-support-2.3.0-SNAPSHOT.pom
[INFO]                                                                         
[INFO] ------------------------------------------------------------------------
[INFO] Building OkCurl 2.3.0-SNAPSHOT
[INFO] ------------------------------------------------------------------------
[INFO] 
[INFO] --- maven-enforcer-plugin:1.0:enforce (enforce-maven) @ okcurl ---
[INFO] 
[INFO] --- maven-resources-plugin:2.6:resources (default-resources) @ okcurl ---
[INFO] Using 'UTF-8' encoding to copy filtered resources.
[INFO] Copying 1 resource
[INFO] 
[INFO] --- maven-compiler-plugin:3.0:compile (default-compile) @ okcurl ---
[INFO] Changes detected - recompiling the module!
[INFO] Compiling 1 source file to /home/travis/build/failed/square/okhttp/okcurl/target/classes
[INFO] 
[INFO] --- maven-resources-plugin:2.6:testResources (default-testResources) @ okcurl ---
[INFO] Using 'UTF-8' encoding to copy filtered resources.
[INFO] skip non existing resourceDirectory /home/travis/build/failed/square/okhttp/okcurl/src/test/resources
[INFO] 
[INFO] --- maven-compiler-plugin:3.0:testCompile (default-testCompile) @ okcurl ---
[INFO] Changes detected - recompiling the module!
[INFO] Compiling 1 source file to /home/travis/build/failed/square/okhttp/okcurl/target/test-classes
[INFO] 
[INFO] --- maven-surefire-plugin:2.17:test (default-test) @ okcurl ---
[INFO] Tests are skipped.
[INFO] 
[INFO] --- animal-sniffer-maven-plugin:1.11:check (default) @ okcurl ---
[INFO] Checking unresolved references to org.codehaus.mojo.signature:java16:1.1
[INFO] 
[INFO] --- maven-jar-plugin:2.4:jar (default-jar) @ okcurl ---
[INFO] Building jar: /home/travis/build/failed/square/okhttp/okcurl/target/okcurl-2.3.0-SNAPSHOT.jar
[INFO] 
[INFO] --- maven-assembly-plugin:2.2-beta-5:single (default) @ okcurl ---
[INFO] META-INF/ already added, skipping
[INFO] META-INF/MANIFEST.MF already added, skipping
[INFO] META-INF/maven/ already added, skipping
[INFO] META-INF/MANIFEST.MF already added, skipping
[INFO] META-INF/ already added, skipping
[INFO] META-INF/MANIFEST.MF already added, skipping
[INFO] META-INF/maven/ already added, skipping
[INFO] META-INF/MANIFEST.MF already added, skipping
[INFO] META-INF/ already added, skipping
[INFO] META-INF/maven/ already added, skipping
[INFO] com/ already added, skipping
[INFO] Building jar: /home/travis/build/failed/square/okhttp/okcurl/target/okcurl-2.3.0-SNAPSHOT-jar-with-dependencies.jar
[INFO] META-INF/ already added, skipping
[INFO] META-INF/MANIFEST.MF already added, skipping
[INFO] META-INF/maven/ already added, skipping
[INFO] META-INF/MANIFEST.MF already added, skipping
[INFO] META-INF/ already added, skipping
[INFO] META-INF/MANIFEST.MF already added, skipping
[INFO] META-INF/maven/ already added, skipping
[INFO] META-INF/MANIFEST.MF already added, skipping
[INFO] META-INF/ already added, skipping
[INFO] META-INF/maven/ already added, skipping
[INFO] com/ already added, skipping
[INFO] 
[INFO] --- really-executable-jar-maven-plugin:1.1.0:really-executable-jar (default) @ okcurl ---
[INFO] 
[INFO] --- maven-checkstyle-plugin:2.10:checkstyle (default) @ okcurl ---
[INFO] Starting audit...
Audit done.

[WARNING] Unable to locate Source XRef to link to - DISABLED
[INFO] 
[INFO] --- maven-install-plugin:2.4:install (default-install) @ okcurl ---
[INFO] Installing /home/travis/build/failed/square/okhttp/okcurl/target/okcurl-2.3.0-SNAPSHOT.jar to /home/travis/.m2/repository/com/squareup/okhttp/okcurl/2.3.0-SNAPSHOT/okcurl-2.3.0-SNAPSHOT.jar
[INFO] Installing /home/travis/build/failed/square/okhttp/okcurl/pom.xml to /home/travis/.m2/repository/com/squareup/okhttp/okcurl/2.3.0-SNAPSHOT/okcurl-2.3.0-SNAPSHOT.pom
[INFO] Installing /home/travis/build/failed/square/okhttp/okcurl/target/okcurl-2.3.0-SNAPSHOT-jar-with-dependencies.jar to /home/travis/.m2/repository/com/squareup/okhttp/okcurl/2.3.0-SNAPSHOT/okcurl-2.3.0-SNAPSHOT-jar-with-dependencies.jar
[INFO]                                                                         
[INFO] ------------------------------------------------------------------------
[INFO] Building Samples (Parent) 2.3.0-SNAPSHOT
[INFO] ------------------------------------------------------------------------
[INFO] 
[INFO] --- maven-enforcer-plugin:1.0:enforce (enforce-maven) @ sample-parent ---
[INFO] 
[INFO] --- animal-sniffer-maven-plugin:1.11:check (default) @ sample-parent ---
[INFO] Checking unresolved references to org.codehaus.mojo.signature:java16:1.1
[INFO] 
[INFO] --- maven-checkstyle-plugin:2.10:checkstyle (default) @ sample-parent ---
[INFO] 
[INFO] --- maven-install-plugin:2.4:install (default-install) @ sample-parent ---
[INFO] Installing /home/travis/build/failed/square/okhttp/samples/pom.xml to /home/travis/.m2/repository/com/squareup/okhttp/sample/sample-parent/2.3.0-SNAPSHOT/sample-parent-2.3.0-SNAPSHOT.pom
[INFO]                                                                         
[INFO] ------------------------------------------------------------------------
[INFO] Building Sample: Guide 2.3.0-SNAPSHOT
[INFO] ------------------------------------------------------------------------
[INFO] 
[INFO] --- maven-enforcer-plugin:1.0:enforce (enforce-maven) @ guide ---
[INFO] 
[INFO] --- maven-resources-plugin:2.6:resources (default-resources) @ guide ---
[INFO] Using 'UTF-8' encoding to copy filtered resources.
[INFO] skip non existing resourceDirectory /home/travis/build/failed/square/okhttp/samples/guide/src/main/resources
[INFO] 
[INFO] --- maven-compiler-plugin:3.0:compile (default-compile) @ guide ---
[INFO] Changes detected - recompiling the module!
[INFO] Compiling 22 source files to /home/travis/build/failed/square/okhttp/samples/guide/target/classes
[INFO] 
[INFO] --- maven-resources-plugin:2.6:testResources (default-testResources) @ guide ---
[INFO] Using 'UTF-8' encoding to copy filtered resources.
[INFO] skip non existing resourceDirectory /home/travis/build/failed/square/okhttp/samples/guide/src/test/resources
[INFO] 
[INFO] --- maven-compiler-plugin:3.0:testCompile (default-testCompile) @ guide ---
[INFO] No sources to compile
[INFO] 
[INFO] --- maven-surefire-plugin:2.17:test (default-test) @ guide ---
[INFO] Tests are skipped.
[INFO] 
[INFO] --- animal-sniffer-maven-plugin:1.11:check (default) @ guide ---
[INFO] Checking unresolved references to org.codehaus.mojo.signature:java16:1.1
[INFO] 
[INFO] --- maven-jar-plugin:2.4:jar (default-jar) @ guide ---
[INFO] Building jar: /home/travis/build/failed/square/okhttp/samples/guide/target/guide-2.3.0-SNAPSHOT.jar
[INFO] 
[INFO] --- maven-checkstyle-plugin:2.10:checkstyle (default) @ guide ---
[INFO] Starting audit...
Audit done.

[WARNING] Unable to locate Source XRef to link to - DISABLED
[INFO] 
[INFO] --- maven-install-plugin:2.4:install (default-install) @ guide ---
[INFO] Installing /home/travis/build/failed/square/okhttp/samples/guide/target/guide-2.3.0-SNAPSHOT.jar to /home/travis/.m2/repository/com/squareup/okhttp/sample/guide/2.3.0-SNAPSHOT/guide-2.3.0-SNAPSHOT.jar
[INFO] Installing /home/travis/build/failed/square/okhttp/samples/guide/pom.xml to /home/travis/.m2/repository/com/squareup/okhttp/sample/guide/2.3.0-SNAPSHOT/guide-2.3.0-SNAPSHOT.pom
[INFO]                                                                         
[INFO] ------------------------------------------------------------------------
[INFO] Building Sample: Crawler 2.3.0-SNAPSHOT
[INFO] ------------------------------------------------------------------------
[INFO] 
[INFO] --- maven-enforcer-plugin:1.0:enforce (enforce-maven) @ crawler ---
[INFO] 
[INFO] --- maven-resources-plugin:2.6:resources (default-resources) @ crawler ---
[INFO] Using 'UTF-8' encoding to copy filtered resources.
[INFO] skip non existing resourceDirectory /home/travis/build/failed/square/okhttp/samples/crawler/src/main/resources
[INFO] 
[INFO] --- maven-compiler-plugin:3.0:compile (default-compile) @ crawler ---
[INFO] Changes detected - recompiling the module!
[INFO] Compiling 1 source file to /home/travis/build/failed/square/okhttp/samples/crawler/target/classes
[INFO] 
[INFO] --- maven-resources-plugin:2.6:testResources (default-testResources) @ crawler ---
[INFO] Using 'UTF-8' encoding to copy filtered resources.
[INFO] skip non existing resourceDirectory /home/travis/build/failed/square/okhttp/samples/crawler/src/test/resources
[INFO] 
[INFO] --- maven-compiler-plugin:3.0:testCompile (default-testCompile) @ crawler ---
[INFO] No sources to compile
[INFO] 
[INFO] --- maven-surefire-plugin:2.17:test (default-test) @ crawler ---
[INFO] Tests are skipped.
[INFO] 
[INFO] --- animal-sniffer-maven-plugin:1.11:check (default) @ crawler ---
[INFO] Checking unresolved references to org.codehaus.mojo.signature:java16:1.1
[INFO] 
[INFO] --- maven-jar-plugin:2.4:jar (default-jar) @ crawler ---
[INFO] Building jar: /home/travis/build/failed/square/okhttp/samples/crawler/target/crawler-2.3.0-SNAPSHOT.jar
[INFO] 
[INFO] --- maven-checkstyle-plugin:2.10:checkstyle (default) @ crawler ---
[INFO] Starting audit...
Audit done.

[WARNING] Unable to locate Source XRef to link to - DISABLED
[INFO] 
[INFO] --- maven-install-plugin:2.4:install (default-install) @ crawler ---
[INFO] Installing /home/travis/build/failed/square/okhttp/samples/crawler/target/crawler-2.3.0-SNAPSHOT.jar to /home/travis/.m2/repository/com/squareup/okhttp/sample/crawler/2.3.0-SNAPSHOT/crawler-2.3.0-SNAPSHOT.jar
[INFO] Installing /home/travis/build/failed/square/okhttp/samples/crawler/pom.xml to /home/travis/.m2/repository/com/squareup/okhttp/sample/crawler/2.3.0-SNAPSHOT/crawler-2.3.0-SNAPSHOT.pom
[INFO]                                                                         
[INFO] ------------------------------------------------------------------------
[INFO] Building Sample: Simple Client 2.3.0-SNAPSHOT
[INFO] ------------------------------------------------------------------------
[INFO] 
[INFO] --- maven-enforcer-plugin:1.0:enforce (enforce-maven) @ simple-client ---
[INFO] 
[INFO] --- maven-resources-plugin:2.6:resources (default-resources) @ simple-client ---
[INFO] Using 'UTF-8' encoding to copy filtered resources.
[INFO] skip non existing resourceDirectory /home/travis/build/failed/square/okhttp/samples/simple-client/src/main/resources
[INFO] 
[INFO] --- maven-compiler-plugin:3.0:compile (default-compile) @ simple-client ---
[INFO] Changes detected - recompiling the module!
[INFO] Compiling 1 source file to /home/travis/build/failed/square/okhttp/samples/simple-client/target/classes
[INFO] 
[INFO] --- maven-resources-plugin:2.6:testResources (default-testResources) @ simple-client ---
[INFO] Using 'UTF-8' encoding to copy filtered resources.
[INFO] skip non existing resourceDirectory /home/travis/build/failed/square/okhttp/samples/simple-client/src/test/resources
[INFO] 
[INFO] --- maven-compiler-plugin:3.0:testCompile (default-testCompile) @ simple-client ---
[INFO] No sources to compile
[INFO] 
[INFO] --- maven-surefire-plugin:2.17:test (default-test) @ simple-client ---
[INFO] Tests are skipped.
[INFO] 
[INFO] --- animal-sniffer-maven-plugin:1.11:check (default) @ simple-client ---
[INFO] Checking unresolved references to org.codehaus.mojo.signature:java16:1.1
[INFO] 
[INFO] --- maven-jar-plugin:2.4:jar (default-jar) @ simple-client ---
[INFO] Building jar: /home/travis/build/failed/square/okhttp/samples/simple-client/target/simple-client-2.3.0-SNAPSHOT.jar
[INFO] 
[INFO] --- maven-checkstyle-plugin:2.10:checkstyle (default) @ simple-client ---
[INFO] Starting audit...
Audit done.

[WARNING] Unable to locate Source XRef to link to - DISABLED
[INFO] 
[INFO] --- maven-install-plugin:2.4:install (default-install) @ simple-client ---
[INFO] Installing /home/travis/build/failed/square/okhttp/samples/simple-client/target/simple-client-2.3.0-SNAPSHOT.jar to /home/travis/.m2/repository/com/squareup/okhttp/sample/simple-client/2.3.0-SNAPSHOT/simple-client-2.3.0-SNAPSHOT.jar
[INFO] Installing /home/travis/build/failed/square/okhttp/samples/simple-client/pom.xml to /home/travis/.m2/repository/com/squareup/okhttp/sample/simple-client/2.3.0-SNAPSHOT/simple-client-2.3.0-SNAPSHOT.pom
[INFO]                                                                         
[INFO] ------------------------------------------------------------------------
[INFO] Building Sample: Static Server 2.3.0-SNAPSHOT
[INFO] ------------------------------------------------------------------------
[INFO] 
[INFO] --- maven-enforcer-plugin:1.0:enforce (enforce-maven) @ static-server ---
[INFO] 
[INFO] --- maven-resources-plugin:2.6:resources (default-resources) @ static-server ---
[INFO] Using 'UTF-8' encoding to copy filtered resources.
[INFO] skip non existing resourceDirectory /home/travis/build/failed/square/okhttp/samples/static-server/src/main/resources
[INFO] 
[INFO] --- maven-compiler-plugin:3.0:compile (default-compile) @ static-server ---
[INFO] Changes detected - recompiling the module!
[INFO] Compiling 1 source file to /home/travis/build/failed/square/okhttp/samples/static-server/target/classes
[INFO] 
[INFO] --- maven-resources-plugin:2.6:testResources (default-testResources) @ static-server ---
[INFO] Using 'UTF-8' encoding to copy filtered resources.
[INFO] skip non existing resourceDirectory /home/travis/build/failed/square/okhttp/samples/static-server/src/test/resources
[INFO] 
[INFO] --- maven-compiler-plugin:3.0:testCompile (default-testCompile) @ static-server ---
[INFO] No sources to compile
[INFO] 
[INFO] --- maven-surefire-plugin:2.17:test (default-test) @ static-server ---
[INFO] Tests are skipped.
[INFO] 
[INFO] --- animal-sniffer-maven-plugin:1.11:check (default) @ static-server ---
[INFO] Checking unresolved references to org.codehaus.mojo.signature:java16:1.1
[INFO] 
[INFO] --- maven-jar-plugin:2.4:jar (default-jar) @ static-server ---
[INFO] Building jar: /home/travis/build/failed/square/okhttp/samples/static-server/target/static-server-2.3.0-SNAPSHOT.jar
[INFO] 
[INFO] --- maven-shade-plugin:2.1:shade (default) @ static-server ---
[INFO] Including com.squareup.okhttp:mockwebserver:jar:2.3.0-SNAPSHOT in the shaded jar.
[INFO] Including com.squareup.okhttp:okhttp:jar:2.3.0-SNAPSHOT in the shaded jar.
[INFO] Including com.squareup.okio:okio:jar:1.2.0 in the shaded jar.
[INFO] Including org.bouncycastle:bcprov-jdk15on:jar:1.50 in the shaded jar.
[INFO] Attaching shaded artifact.
[INFO] 
[INFO] --- maven-checkstyle-plugin:2.10:checkstyle (default) @ static-server ---
[INFO] Starting audit...
Audit done.

[WARNING] Unable to locate Source XRef to link to - DISABLED
[INFO] 
[INFO] --- maven-install-plugin:2.4:install (default-install) @ static-server ---
[INFO] Installing /home/travis/build/failed/square/okhttp/samples/static-server/target/static-server-2.3.0-SNAPSHOT.jar to /home/travis/.m2/repository/com/squareup/okhttp/sample/static-server/2.3.0-SNAPSHOT/static-server-2.3.0-SNAPSHOT.jar
[INFO] Installing /home/travis/build/failed/square/okhttp/samples/static-server/pom.xml to /home/travis/.m2/repository/com/squareup/okhttp/sample/static-server/2.3.0-SNAPSHOT/static-server-2.3.0-SNAPSHOT.pom
[INFO] Installing /home/travis/build/failed/square/okhttp/samples/static-server/target/static-server-2.3.0-SNAPSHOT-shaded.jar to /home/travis/.m2/repository/com/squareup/okhttp/sample/static-server/2.3.0-SNAPSHOT/static-server-2.3.0-SNAPSHOT-shaded.jar
[INFO]                                                                         
[INFO] ------------------------------------------------------------------------
[INFO] Building Benchmarks 2.3.0-SNAPSHOT
[INFO] ------------------------------------------------------------------------
[INFO] 
[INFO] --- maven-enforcer-plugin:1.0:enforce (enforce-maven) @ benchmarks ---
[INFO] 
[INFO] --- maven-resources-plugin:2.6:resources (default-resources) @ benchmarks ---
[INFO] Using 'UTF-8' encoding to copy filtered resources.
[INFO] skip non existing resourceDirectory /home/travis/build/failed/square/okhttp/benchmarks/src/main/resources
[INFO] 
[INFO] --- maven-compiler-plugin:3.0:compile (default-compile) @ benchmarks ---
[INFO] Changes detected - recompiling the module!
[INFO] Compiling 9 source files to /home/travis/build/failed/square/okhttp/benchmarks/target/classes
[INFO] 
[INFO] --- maven-resources-plugin:2.6:testResources (default-testResources) @ benchmarks ---
[INFO] Using 'UTF-8' encoding to copy filtered resources.
[INFO] skip non existing resourceDirectory /home/travis/build/failed/square/okhttp/benchmarks/src/test/resources
[INFO] 
[INFO] --- maven-compiler-plugin:3.0:testCompile (default-testCompile) @ benchmarks ---
[INFO] No sources to compile
[INFO] 
[INFO] --- maven-surefire-plugin:2.17:test (default-test) @ benchmarks ---
[INFO] Tests are skipped.
[INFO] 
[INFO] --- maven-jar-plugin:2.4:jar (default-jar) @ benchmarks ---
[INFO] Building jar: /home/travis/build/failed/square/okhttp/benchmarks/target/benchmarks-2.3.0-SNAPSHOT.jar
[INFO] 
[INFO] --- maven-checkstyle-plugin:2.10:checkstyle (default) @ benchmarks ---
[INFO] Starting audit...
Audit done.

[WARNING] Unable to locate Source XRef to link to - DISABLED
[INFO] 
[INFO] --- maven-install-plugin:2.4:install (default-install) @ benchmarks ---
[INFO] Installing /home/travis/build/failed/square/okhttp/benchmarks/target/benchmarks-2.3.0-SNAPSHOT.jar to /home/travis/.m2/repository/com/squareup/okhttp/benchmarks/2.3.0-SNAPSHOT/benchmarks-2.3.0-SNAPSHOT.jar
[INFO] Installing /home/travis/build/failed/square/okhttp/benchmarks/pom.xml to /home/travis/.m2/repository/com/squareup/okhttp/benchmarks/2.3.0-SNAPSHOT/benchmarks-2.3.0-SNAPSHOT.pom
[INFO] ------------------------------------------------------------------------
[INFO] Reactor Summary:
[INFO] 
[INFO] OkHttp (Parent) .................................... SUCCESS [  7.160 s]
[INFO] OkHttp ............................................. SUCCESS [  6.403 s]
[INFO] MockWebServer ...................................... SUCCESS [  6.731 s]
[INFO] OkHttp Apache HttpClient ........................... SUCCESS [  1.620 s]
[INFO] OkHttp URLConnection ............................... SUCCESS [  0.952 s]
[INFO] OkHttp Tests ....................................... SUCCESS [  1.477 s]
[INFO] OkHttp Android Platform Support .................... SUCCESS [  1.201 s]
[INFO] OkCurl ............................................. SUCCESS [  4.041 s]
[INFO] Samples (Parent) ................................... SUCCESS [  0.402 s]
[INFO] Sample: Guide ...................................... SUCCESS [  1.254 s]
[INFO] Sample: Crawler .................................... SUCCESS [  1.353 s]
[INFO] Sample: Simple Client .............................. SUCCESS [  1.237 s]
[INFO] Sample: Static Server .............................. SUCCESS [  6.024 s]
[INFO] Benchmarks ......................................... SUCCESS [  2.758 s]
[INFO] ------------------------------------------------------------------------
[INFO] BUILD SUCCESS
[INFO] ------------------------------------------------------------------------
[INFO] Total time: 43.085 s
[INFO] Finished at: 2022-01-02T06:30:10+00:00
[INFO] Final Memory: 44M/404M
[INFO] ------------------------------------------------------------------------

travis_time:end:03b29dc1:start=1641104966278683913,finish=1641105010897516015,duration=44618832102[0Ktravis_fold:end:install[0Ktravis_time:start:0159dbc2[0K$ mvn test -Dhttps.protocols=TLSv1.2 -B
Java HotSpot(TM) 64-Bit Server VM warning: ignoring option MaxPermSize=192m; support was removed in 8.0
[INFO] Scanning for projects...
[WARNING] 
[WARNING] Some problems were encountered while building the effective model for com.squareup.okhttp:okhttp-tests:jar:2.3.0-SNAPSHOT
[WARNING] 'build.plugins.plugin.version' for org.apache.maven.plugins:maven-deploy-plugin is missing. @ com.squareup.okhttp:okhttp-tests:[unknown-version], /home/travis/build/failed/square/okhttp/okhttp-tests/pom.xml, line 47, column 15
[WARNING] 
[WARNING] Some problems were encountered while building the effective model for com.squareup.okhttp:benchmarks:jar:2.3.0-SNAPSHOT
[WARNING] 'build.plugins.plugin.version' for org.codehaus.mojo:exec-maven-plugin is missing. @ com.squareup.okhttp:benchmarks:[unknown-version], /home/travis/build/failed/square/okhttp/benchmarks/pom.xml, line 74, column 15
[WARNING] 
[WARNING] It is highly recommended to fix these problems because they threaten the stability of your build.
[WARNING] 
[WARNING] For this reason, future Maven versions might no longer support building such malformed projects.
[WARNING] 
[INFO] ------------------------------------------------------------------------
[INFO] Reactor Build Order:
[INFO] 
[INFO] OkHttp (Parent)
[INFO] OkHttp
[INFO] MockWebServer
[INFO] OkHttp Apache HttpClient
[INFO] OkHttp URLConnection
[INFO] OkHttp Tests
[INFO] OkHttp Android Platform Support
[INFO] OkCurl
[INFO] Samples (Parent)
[INFO] Sample: Guide
[INFO] Sample: Crawler
[INFO] Sample: Simple Client
[INFO] Sample: Static Server
[INFO] Benchmarks
[INFO]                                                                         
[INFO] ------------------------------------------------------------------------
[INFO] Building OkHttp (Parent) 2.3.0-SNAPSHOT
[INFO] ------------------------------------------------------------------------
[INFO] 
[INFO] --- maven-enforcer-plugin:1.0:enforce (enforce-maven) @ parent ---
[INFO] 
[INFO] --- animal-sniffer-maven-plugin:1.11:check (default) @ parent ---
[INFO] Checking unresolved references to org.codehaus.mojo.signature:java16:1.1
[INFO]                                                                         
[INFO] ------------------------------------------------------------------------
[INFO] Building OkHttp 2.3.0-SNAPSHOT
[INFO] ------------------------------------------------------------------------
[INFO] 
[INFO] --- maven-enforcer-plugin:1.0:enforce (enforce-maven) @ okhttp ---
[INFO] 
[INFO] --- templating-maven-plugin:1.0-alpha-3:filter-sources (default) @ okhttp ---
[INFO] Using 'UTF-8' encoding to copy filtered resources.
[INFO] Copying 1 resource
[INFO] Source directory: /home/travis/build/failed/square/okhttp/okhttp/target/generated-sources/java-templates added.
[INFO] 
[INFO] --- maven-resources-plugin:2.6:resources (default-resources) @ okhttp ---
[INFO] Using 'UTF-8' encoding to copy filtered resources.
[INFO] skip non existing resourceDirectory /home/travis/build/failed/square/okhttp/okhttp/src/main/resources
[INFO] 
[INFO] --- maven-compiler-plugin:3.0:compile (default-compile) @ okhttp ---
[INFO] Changes detected - recompiling the module!
[INFO] Compiling 81 source files to /home/travis/build/failed/square/okhttp/okhttp/target/classes
[WARNING] /home/travis/build/failed/square/okhttp/okhttp/src/main/java/com/squareup/okhttp/internal/Util.java: Some input files use unchecked or unsafe operations.
[WARNING] /home/travis/build/failed/square/okhttp/okhttp/src/main/java/com/squareup/okhttp/internal/Util.java: Recompile with -Xlint:unchecked for details.
[INFO] 
[INFO] --- maven-resources-plugin:2.6:testResources (default-testResources) @ okhttp ---
[INFO] Using 'UTF-8' encoding to copy filtered resources.
[INFO] skip non existing resourceDirectory /home/travis/build/failed/square/okhttp/okhttp/src/test/resources
[INFO] 
[INFO] --- maven-compiler-plugin:3.0:testCompile (default-testCompile) @ okhttp ---
[INFO] No sources to compile
[INFO] 
[INFO] --- maven-surefire-plugin:2.17:test (default-test) @ okhttp ---
[INFO] No tests to run.
[INFO] 
[INFO] --- animal-sniffer-maven-plugin:1.11:check (default) @ okhttp ---
[INFO] Checking unresolved references to org.codehaus.mojo.signature:java16:1.1
[INFO]                                                                         
[INFO] ------------------------------------------------------------------------
[INFO] Building MockWebServer 2.3.0-SNAPSHOT
[INFO] ------------------------------------------------------------------------
[INFO] 
[INFO] --- maven-enforcer-plugin:1.0:enforce (enforce-maven) @ mockwebserver ---
[INFO] 
[INFO] --- maven-resources-plugin:2.6:resources (default-resources) @ mockwebserver ---
[INFO] Using 'UTF-8' encoding to copy filtered resources.
[INFO] skip non existing resourceDirectory /home/travis/build/failed/square/okhttp/mockwebserver/src/main/resources
[INFO] 
[INFO] --- maven-compiler-plugin:3.0:compile (default-compile) @ mockwebserver ---
[INFO] Changes detected - recompiling the module!
[INFO] Compiling 10 source files to /home/travis/build/failed/square/okhttp/mockwebserver/target/classes
[WARNING] /home/travis/build/failed/square/okhttp/mockwebserver/src/main/java/com/squareup/okhttp/internal/SslContextBuilder.java: /home/travis/build/failed/square/okhttp/mockwebserver/src/main/java/com/squareup/okhttp/internal/SslContextBuilder.java uses or overrides a deprecated API.
[WARNING] /home/travis/build/failed/square/okhttp/mockwebserver/src/main/java/com/squareup/okhttp/internal/SslContextBuilder.java: Recompile with -Xlint:deprecation for details.
[INFO] 
[INFO] --- maven-resources-plugin:2.6:testResources (default-testResources) @ mockwebserver ---
[INFO] Using 'UTF-8' encoding to copy filtered resources.
[INFO] skip non existing resourceDirectory /home/travis/build/failed/square/okhttp/mockwebserver/src/test/resources
[INFO] 
[INFO] --- maven-compiler-plugin:3.0:testCompile (default-testCompile) @ mockwebserver ---
[INFO] Changes detected - recompiling the module!
[INFO] Compiling 3 source files to /home/travis/build/failed/square/okhttp/mockwebserver/target/test-classes
[INFO] 
[INFO] --- maven-surefire-plugin:2.17:test (default-test) @ mockwebserver ---
[INFO] Surefire report directory: /home/travis/build/failed/square/okhttp/mockwebserver/target/surefire-reports
[INFO] Using configured provider org.apache.maven.surefire.junitcore.JUnitCoreProvider
[INFO] parallel='none', perCoreThreadCount=true, threadCount=0, useUnlimitedThreads=false, threadCountSuites=0, threadCountClasses=0, threadCountMethods=0, parallelOptimized=true

-------------------------------------------------------
 T E S T S
-------------------------------------------------------
Running com.squareup.okhttp.mockwebserver.CustomDispatcherTest
Jan 02, 2022 6:30:17 AM com.squareup.okhttp.mockwebserver.MockWebServer$2 execute
INFO: MockWebServer[60541] starting to accept connections
Jan 02, 2022 6:30:17 AM com.squareup.okhttp.mockwebserver.MockWebServer$3 processOneRequest
INFO: MockWebServer[60541] received request: GET / HTTP/1.1 and responded: HTTP/1.1 200 OK
Jan 02, 2022 6:30:17 AM com.squareup.okhttp.mockwebserver.MockWebServer$2 acceptConnections
INFO: MockWebServer[60541] done accepting connections: Socket closed
Jan 02, 2022 6:30:17 AM com.squareup.okhttp.mockwebserver.MockWebServer$2 execute
INFO: MockWebServer[55273] starting to accept connections
Jan 02, 2022 6:30:17 AM com.squareup.okhttp.mockwebserver.MockWebServer$3 processOneRequest
INFO: MockWebServer[55273] received request: GET /bar HTTP/1.1 and responded: HTTP/1.1 200 OK
Jan 02, 2022 6:30:17 AM com.squareup.okhttp.mockwebserver.MockWebServer$2 acceptConnections
INFO: MockWebServer[55273] done accepting connections: Socket closed
Jan 02, 2022 6:30:17 AM com.squareup.okhttp.mockwebserver.MockWebServer$3 processOneRequest
INFO: MockWebServer[55273] received request: GET /foo HTTP/1.1 and responded: HTTP/1.1 200 OK
Tests run: 2, Failures: 0, Errors: 0, Skipped: 0, Time elapsed: 0.046 sec - in com.squareup.okhttp.mockwebserver.CustomDispatcherTest
Running com.squareup.okhttp.mockwebserver.MockWebServerTest
Jan 02, 2022 6:30:17 AM com.squareup.okhttp.mockwebserver.MockWebServer$2 execute
INFO: MockWebServer[41173] starting to accept connections
Jan 02, 2022 6:30:18 AM com.squareup.okhttp.mockwebserver.MockWebServer$3 processOneRequest
INFO: MockWebServer[41173] received request: GET / HTTP/1.1 and responded: HTTP/1.1 200 OK
Jan 02, 2022 6:30:18 AM com.squareup.okhttp.mockwebserver.MockWebServer$2 acceptConnections
INFO: MockWebServer[41173] done accepting connections: Socket closed
Jan 02, 2022 6:30:18 AM com.squareup.okhttp.mockwebserver.MockWebServer$2 execute
INFO: MockWebServer[52365] starting to accept connections
Jan 02, 2022 6:30:18 AM com.squareup.okhttp.mockwebserver.MockWebServer$3 processOneRequest
INFO: MockWebServer[52365] received request: GET / HTTP/1.1 and responded: HTTP/1.1 302 OK
Jan 02, 2022 6:30:18 AM com.squareup.okhttp.mockwebserver.MockWebServer$3 processOneRequest
INFO: MockWebServer[52365] received request: GET /new-path HTTP/1.1 and responded: HTTP/1.1 200 OK
Jan 02, 2022 6:30:18 AM com.squareup.okhttp.mockwebserver.MockWebServer$2 acceptConnections
INFO: MockWebServer[52365] done accepting connections: Socket closed
Jan 02, 2022 6:30:18 AM com.squareup.okhttp.mockwebserver.MockWebServer$2 execute
INFO: MockWebServer[44683] starting to accept connections
Jan 02, 2022 6:30:18 AM com.squareup.okhttp.mockwebserver.MockWebServer$3 processOneRequest
INFO: MockWebServer[44683] received request: GET / HTTP/1.1 and responded: HTTP/1.1 200 OK
Jan 02, 2022 6:30:19 AM com.squareup.okhttp.mockwebserver.MockWebServer$3 processOneRequest
INFO: MockWebServer[44683] received request: GET / HTTP/1.1 and responded: HTTP/1.1 200 OK
Jan 02, 2022 6:30:19 AM com.squareup.okhttp.mockwebserver.MockWebServer$2 acceptConnections
INFO: MockWebServer[44683] done accepting connections: Socket closed
Jan 02, 2022 6:30:19 AM com.squareup.okhttp.mockwebserver.MockWebServer$2 execute
INFO: MockWebServer[60697] starting to accept connections
Jan 02, 2022 6:30:19 AM com.squareup.okhttp.mockwebserver.MockWebServer$2 acceptConnections
INFO: MockWebServer[60697] done accepting connections: Socket is closed
Jan 02, 2022 6:30:19 AM com.squareup.okhttp.mockwebserver.MockWebServer$2 execute
INFO: MockWebServer[52475] starting to accept connections
Jan 02, 2022 6:30:19 AM com.squareup.okhttp.mockwebserver.MockWebServer$3 processOneRequest
INFO: MockWebServer[52475] received request: GET / HTTP/1.1 and responded: HTTP/1.1 200 OK
Jan 02, 2022 6:30:19 AM com.squareup.okhttp.mockwebserver.MockWebServer$2 acceptConnections
INFO: MockWebServer[52475] done accepting connections: Socket closed
Jan 02, 2022 6:30:19 AM com.squareup.okhttp.mockwebserver.MockWebServer$2 execute
INFO: MockWebServer[51753] starting to accept connections
Jan 02, 2022 6:30:19 AM com.squareup.okhttp.mockwebserver.MockWebServer$2 acceptConnections
INFO: MockWebServer[51753] done accepting connections: Socket is closed
Jan 02, 2022 6:30:19 AM com.squareup.okhttp.mockwebserver.MockWebServer$2 execute
INFO: MockWebServer[34977] starting to accept connections
Jan 02, 2022 6:30:19 AM com.squareup.okhttp.mockwebserver.MockWebServer$3 processOneRequest
INFO: MockWebServer[34977] received request: GET / HTTP/1.1 and responded: HTTP/1.1 200 OK
Jan 02, 2022 6:30:19 AM com.squareup.okhttp.mockwebserver.MockWebServer$2 acceptConnections
INFO: MockWebServer[34977] done accepting connections: Socket closed
Jan 02, 2022 6:30:19 AM com.squareup.okhttp.mockwebserver.MockWebServer$2 execute
INFO: MockWebServer[34283] starting to accept connections
Jan 02, 2022 6:30:20 AM com.squareup.okhttp.mockwebserver.MockWebServer$3 processOneRequest
INFO: MockWebServer[34283] received request: GET / HTTP/1.1 and responded: HTTP/1.1 200 OK
Jan 02, 2022 6:30:20 AM com.squareup.okhttp.mockwebserver.MockWebServer$2 acceptConnections
INFO: MockWebServer[34283] done accepting connections: Socket closed
Jan 02, 2022 6:30:20 AM com.squareup.okhttp.mockwebserver.MockWebServer$2 execute
INFO: MockWebServer[37241] starting to accept connections
Jan 02, 2022 6:30:20 AM com.squareup.okhttp.mockwebserver.MockWebServer$2 acceptConnections
INFO: MockWebServer[37241] done accepting connections: Socket closed
Jan 02, 2022 6:30:21 AM com.squareup.okhttp.mockwebserver.MockWebServer$3 processOneRequest
INFO: MockWebServer[37241] received request: GET / HTTP/1.1 and responded: HTTP/1.1 200 OK
Jan 02, 2022 6:30:21 AM com.squareup.okhttp.mockwebserver.MockWebServer$2 execute
INFO: MockWebServer[40331] starting to accept connections
Jan 02, 2022 6:30:21 AM com.squareup.okhttp.mockwebserver.MockWebServer$2 acceptConnections
INFO: MockWebServer[40331] done accepting connections: Socket is closed
Jan 02, 2022 6:30:21 AM com.squareup.okhttp.mockwebserver.MockWebServer$2 execute
INFO: MockWebServer[33611] starting to accept connections
Jan 02, 2022 6:30:21 AM com.squareup.okhttp.mockwebserver.MockWebServer$3 processOneRequest
INFO: MockWebServer[33611] received request: POST / HTTP/1.1 and responded: HTTP/1.1 200 OK
Jan 02, 2022 6:30:21 AM com.squareup.okhttp.mockwebserver.MockWebServer$2 acceptConnections
INFO: MockWebServer[33611] done accepting connections: Socket closed
Jan 02, 2022 6:30:21 AM com.squareup.okhttp.mockwebserver.MockWebServer$2 execute
INFO: MockWebServer[47641] starting to accept connections
Jan 02, 2022 6:30:21 AM com.squareup.okhttp.mockwebserver.MockWebServer$2 acceptConnections
INFO: MockWebServer[47641] done accepting connections: Socket is closed
Jan 02, 2022 6:30:21 AM com.squareup.okhttp.mockwebserver.MockWebServer$2 execute
INFO: MockWebServer[55643] starting to accept connections
Jan 02, 2022 6:30:21 AM com.squareup.okhttp.mockwebserver.MockWebServer$3 processOneRequest
INFO: MockWebServer[55643] received request: GET /a HTTP/1.1 and responded: HTTP/1.1 200 OK
Jan 02, 2022 6:30:21 AM com.squareup.okhttp.mockwebserver.MockWebServer$3 processOneRequest
INFO: MockWebServer[55643] received request: GET /b HTTP/1.1 and responded: HTTP/1.1 200 OK
Jan 02, 2022 6:30:21 AM com.squareup.okhttp.mockwebserver.MockWebServer$2 acceptConnections
INFO: MockWebServer[55643] done accepting connections: Socket closed
Tests run: 13, Failures: 0, Errors: 0, Skipped: 0, Time elapsed: 4.556 sec - in com.squareup.okhttp.mockwebserver.MockWebServerTest
Running com.squareup.okhttp.mockwebserver.rule.MockWebServerRuleTest
Jan 02, 2022 6:30:21 AM com.squareup.okhttp.mockwebserver.MockWebServer$2 execute
INFO: MockWebServer[41221] starting to accept connections
Jan 02, 2022 6:30:21 AM com.squareup.okhttp.mockwebserver.MockWebServer$3 processOneRequest
INFO: MockWebServer[41221] received request: GET /aaa HTTP/1.1 and responded: HTTP/1.1 200 OK
Jan 02, 2022 6:30:21 AM com.squareup.okhttp.mockwebserver.MockWebServer$2 acceptConnections
INFO: MockWebServer[41221] done accepting connections: Socket closed
Jan 02, 2022 6:30:21 AM com.squareup.okhttp.mockwebserver.MockWebServer$2 execute
INFO: MockWebServer[58995] starting to accept connections
Jan 02, 2022 6:30:21 AM com.squareup.okhttp.mockwebserver.MockWebServer$2 execute
INFO: MockWebServer[37817] starting to accept connections
Jan 02, 2022 6:30:21 AM com.squareup.okhttp.mockwebserver.MockWebServer$2 acceptConnections
INFO: MockWebServer[58995] done accepting connections: Socket is closed
Jan 02, 2022 6:30:21 AM com.squareup.okhttp.mockwebserver.MockWebServer$2 execute
INFO: MockWebServer[48761] starting to accept connections
Jan 02, 2022 6:30:21 AM com.squareup.okhttp.mockwebserver.MockWebServer$2 acceptConnections
INFO: MockWebServer[48761] done accepting connections: Socket is closed
Jan 02, 2022 6:30:21 AM com.squareup.okhttp.mockwebserver.MockWebServer$2 execute
INFO: MockWebServer[41075] starting to accept connections
Jan 02, 2022 6:30:21 AM com.squareup.okhttp.mockwebserver.MockWebServer$2 acceptConnections
INFO: MockWebServer[41075] done accepting connections: Socket is closed
Jan 02, 2022 6:30:21 AM com.squareup.okhttp.mockwebserver.MockWebServer$2 execute
INFO: MockWebServer[45157] starting to accept connections
Jan 02, 2022 6:30:21 AM com.squareup.okhttp.mockwebserver.MockWebServer$2 acceptConnections
INFO: MockWebServer[45157] done accepting connections: Socket is closed
Tests run: 5, Failures: 0, Errors: 0, Skipped: 0, Time elapsed: 0.011 sec - in com.squareup.okhttp.mockwebserver.rule.MockWebServerRuleTest

Results :

Tests run: 20, Failures: 0, Errors: 0, Skipped: 0

[INFO] 
[INFO] --- animal-sniffer-maven-plugin:1.11:check (default) @ mockwebserver ---
[INFO] Checking unresolved references to org.codehaus.mojo.signature:java16:1.1
[INFO]                                                                         
[INFO] ------------------------------------------------------------------------
[INFO] Building OkHttp Apache HttpClient 2.3.0-SNAPSHOT
[INFO] ------------------------------------------------------------------------
[INFO] 
[INFO] --- maven-enforcer-plugin:1.0:enforce (enforce-maven) @ okhttp-apache ---
[INFO] 
[INFO] --- maven-resources-plugin:2.6:resources (default-resources) @ okhttp-apache ---
[INFO] Using 'UTF-8' encoding to copy filtered resources.
[INFO] skip non existing resourceDirectory /home/travis/build/failed/square/okhttp/okhttp-apache/src/main/resources
[INFO] 
[INFO] --- maven-compiler-plugin:3.0:compile (default-compile) @ okhttp-apache ---
[INFO] Changes detected - recompiling the module!
[INFO] Compiling 2 source files to /home/travis/build/failed/square/okhttp/okhttp-apache/target/classes
[WARNING] /home/travis/build/failed/square/okhttp/okhttp-apache/src/main/java/com/squareup/okhttp/apache/OkApacheClient.java: /home/travis/build/failed/square/okhttp/okhttp-apache/src/main/java/com/squareup/okhttp/apache/OkApacheClient.java uses or overrides a deprecated API.
[WARNING] /home/travis/build/failed/square/okhttp/okhttp-apache/src/main/java/com/squareup/okhttp/apache/OkApacheClient.java: Recompile with -Xlint:deprecation for details.
[INFO] 
[INFO] --- maven-resources-plugin:2.6:testResources (default-testResources) @ okhttp-apache ---
[INFO] Using 'UTF-8' encoding to copy filtered resources.
[INFO] skip non existing resourceDirectory /home/travis/build/failed/square/okhttp/okhttp-apache/src/test/resources
[INFO] 
[INFO] --- maven-compiler-plugin:3.0:testCompile (default-testCompile) @ okhttp-apache ---
[INFO] Changes detected - recompiling the module!
[INFO] Compiling 1 source file to /home/travis/build/failed/square/okhttp/okhttp-apache/target/test-classes
[INFO] 
[INFO] --- maven-surefire-plugin:2.17:test (default-test) @ okhttp-apache ---
[INFO] Surefire report directory: /home/travis/build/failed/square/okhttp/okhttp-apache/target/surefire-reports
[INFO] Using configured provider org.apache.maven.surefire.junitcore.JUnitCoreProvider
[INFO] parallel='none', perCoreThreadCount=true, threadCount=0, useUnlimitedThreads=false, threadCountSuites=0, threadCountClasses=0, threadCountMethods=0, parallelOptimized=true

-------------------------------------------------------
 T E S T S
-------------------------------------------------------
Running com.squareup.okhttp.apache.OkApacheClientTest
Jan 02, 2022 6:30:23 AM com.squareup.okhttp.mockwebserver.MockWebServer$2 execute
INFO: MockWebServer[46607] starting to accept connections
Jan 02, 2022 6:30:23 AM com.squareup.okhttp.mockwebserver.MockWebServer$3 processOneRequest
INFO: MockWebServer[46607] received request: POST / HTTP/1.1 and responded: HTTP/1.1 200 OK
Jan 02, 2022 6:30:23 AM com.squareup.okhttp.mockwebserver.MockWebServer$2 acceptConnections
INFO: MockWebServer[46607] done accepting connections: Socket closed
Jan 02, 2022 6:30:23 AM com.squareup.okhttp.mockwebserver.MockWebServer$2 execute
INFO: MockWebServer[38955] starting to accept connections
Jan 02, 2022 6:30:23 AM com.squareup.okhttp.mockwebserver.MockWebServer$3 processOneRequest
INFO: MockWebServer[38955] received request: GET / HTTP/1.1 and responded: HTTP/1.1 200 OK
Jan 02, 2022 6:30:23 AM com.squareup.okhttp.mockwebserver.MockWebServer$2 acceptConnections
INFO: MockWebServer[38955] done accepting connections: Socket closed
Jan 02, 2022 6:30:23 AM com.squareup.okhttp.mockwebserver.MockWebServer$2 execute
INFO: MockWebServer[40145] starting to accept connections
Jan 02, 2022 6:30:23 AM com.squareup.okhttp.mockwebserver.MockWebServer$3 processOneRequest
INFO: MockWebServer[40145] received request: POST / HTTP/1.1 and responded: HTTP/1.1 200 OK
Jan 02, 2022 6:30:23 AM com.squareup.okhttp.mockwebserver.MockWebServer$2 acceptConnections
INFO: MockWebServer[40145] done accepting connections: Socket closed
Jan 02, 2022 6:30:23 AM com.squareup.okhttp.mockwebserver.MockWebServer$2 execute
INFO: MockWebServer[39381] starting to accept connections
Jan 02, 2022 6:30:23 AM com.squareup.okhttp.mockwebserver.MockWebServer$3 processOneRequest
INFO: MockWebServer[39381] received request: GET / HTTP/1.1 and responded: HTTP/1.1 200 OK
Jan 02, 2022 6:30:23 AM com.squareup.okhttp.mockwebserver.MockWebServer$2 acceptConnections
INFO: MockWebServer[39381] done accepting connections: Socket closed
Jan 02, 2022 6:30:23 AM com.squareup.okhttp.mockwebserver.MockWebServer$2 execute
INFO: MockWebServer[44911] starting to accept connections
Jan 02, 2022 6:30:23 AM com.squareup.okhttp.mockwebserver.MockWebServer$3 processOneRequest
INFO: MockWebServer[44911] received request: GET / HTTP/1.1 and responded: HTTP/1.1 302 OK
Jan 02, 2022 6:30:23 AM com.squareup.okhttp.mockwebserver.MockWebServer$3 processOneRequest
INFO: MockWebServer[44911] received request: GET /foo HTTP/1.1 and responded: HTTP/1.1 200 OK
Jan 02, 2022 6:30:23 AM com.squareup.okhttp.mockwebserver.MockWebServer$2 acceptConnections
INFO: MockWebServer[44911] done accepting connections: Socket closed
Jan 02, 2022 6:30:23 AM com.squareup.okhttp.mockwebserver.MockWebServer$2 execute
INFO: MockWebServer[36003] starting to accept connections
Jan 02, 2022 6:30:23 AM com.squareup.okhttp.mockwebserver.MockWebServer$3 processOneRequest
INFO: MockWebServer[36003] received request: POST / HTTP/1.1 and responded: HTTP/1.1 200 OK
Jan 02, 2022 6:30:23 AM com.squareup.okhttp.mockwebserver.MockWebServer$2 acceptConnections
INFO: MockWebServer[36003] done accepting connections: Socket closed
Jan 02, 2022 6:30:23 AM com.squareup.okhttp.mockwebserver.MockWebServer$2 execute
INFO: MockWebServer[33697] starting to accept connections
Jan 02, 2022 6:30:23 AM com.squareup.okhttp.mockwebserver.MockWebServer$3 processOneRequest
INFO: MockWebServer[33697] received request: GET / HTTP/1.1 and responded: HTTP/1.1 200 OK
Jan 02, 2022 6:30:23 AM com.squareup.okhttp.mockwebserver.MockWebServer$3 processOneRequest
INFO: MockWebServer[33697] received request: GET / HTTP/1.1 and responded: HTTP/1.1 200 OK
Jan 02, 2022 6:30:23 AM com.squareup.okhttp.mockwebserver.MockWebServer$3 processOneRequest
INFO: MockWebServer[33697] received request: GET / HTTP/1.1 and responded: HTTP/1.1 200 OK
Jan 02, 2022 6:30:23 AM com.squareup.okhttp.mockwebserver.MockWebServer$2 acceptConnections
INFO: MockWebServer[33697] done accepting connections: Socket closed
Jan 02, 2022 6:30:23 AM com.squareup.okhttp.mockwebserver.MockWebServer$2 execute
INFO: MockWebServer[60101] starting to accept connections
Jan 02, 2022 6:30:23 AM com.squareup.okhttp.mockwebserver.MockWebServer$3 processOneRequest
INFO: MockWebServer[60101] received request: GET / HTTP/1.1 and responded: HTTP/1.1 200 OK
Jan 02, 2022 6:30:23 AM com.squareup.okhttp.mockwebserver.MockWebServer$2 acceptConnections
INFO: MockWebServer[60101] done accepting connections: Socket closed
Jan 02, 2022 6:30:23 AM com.squareup.okhttp.mockwebserver.MockWebServer$2 execute
INFO: MockWebServer[54463] starting to accept connections
Jan 02, 2022 6:30:23 AM com.squareup.okhttp.mockwebserver.MockWebServer$3 processOneRequest
INFO: MockWebServer[54463] received request: GET / HTTP/1.1 and responded: HTTP/1.1 422 OK
Jan 02, 2022 6:30:23 AM com.squareup.okhttp.mockwebserver.MockWebServer$2 acceptConnections
INFO: MockWebServer[54463] done accepting connections: Socket closed
Jan 02, 2022 6:30:23 AM com.squareup.okhttp.mockwebserver.MockWebServer$2 execute
INFO: MockWebServer[54259] starting to accept connections
Jan 02, 2022 6:30:23 AM com.squareup.okhttp.mockwebserver.MockWebServer$3 processOneRequest
INFO: MockWebServer[54259] received request: GET / HTTP/1.1 and responded: HTTP/1.1 200 OK
Jan 02, 2022 6:30:23 AM com.squareup.okhttp.mockwebserver.MockWebServer$3 processOneRequest
INFO: MockWebServer[54259] received request: GET / HTTP/1.1 and responded: HTTP/1.1 200 OK
Jan 02, 2022 6:30:23 AM com.squareup.okhttp.mockwebserver.MockWebServer$2 acceptConnections
INFO: MockWebServer[54259] done accepting connections: Socket closed
Jan 02, 2022 6:30:23 AM com.squareup.okhttp.mockwebserver.MockWebServer$2 execute
INFO: MockWebServer[40039] starting to accept connections
Jan 02, 2022 6:30:23 AM com.squareup.okhttp.mockwebserver.MockWebServer$3 processOneRequest
INFO: MockWebServer[40039] received request: GET / HTTP/1.1 and responded: HTTP/1.1 200 OK
Jan 02, 2022 6:30:23 AM com.squareup.okhttp.mockwebserver.MockWebServer$2 acceptConnections
INFO: MockWebServer[40039] done accepting connections: Socket closed
Tests run: 11, Failures: 0, Errors: 0, Skipped: 0, Time elapsed: 0.362 sec - in com.squareup.okhttp.apache.OkApacheClientTest

Results :

Tests run: 11, Failures: 0, Errors: 0, Skipped: 0

[INFO] 
[INFO] --- animal-sniffer-maven-plugin:1.11:check (default) @ okhttp-apache ---
[INFO] Checking unresolved references to org.codehaus.mojo.signature:java16:1.1
[INFO]                                                                         
[INFO] ------------------------------------------------------------------------
[INFO] Building OkHttp URLConnection 2.3.0-SNAPSHOT
[INFO] ------------------------------------------------------------------------
[INFO] 
[INFO] --- maven-enforcer-plugin:1.0:enforce (enforce-maven) @ okhttp-urlconnection ---
[INFO] 
[INFO] --- maven-resources-plugin:2.6:resources (default-resources) @ okhttp-urlconnection ---
[INFO] Using 'UTF-8' encoding to copy filtered resources.
[INFO] skip non existing resourceDirectory /home/travis/build/failed/square/okhttp/okhttp-urlconnection/src/main/resources
[INFO] 
[INFO] --- maven-compiler-plugin:3.0:compile (default-compile) @ okhttp-urlconnection ---
[INFO] Changes detected - recompiling the module!
[INFO] Compiling 4 source files to /home/travis/build/failed/square/okhttp/okhttp-urlconnection/target/classes
[INFO] 
[INFO] --- maven-resources-plugin:2.6:testResources (default-testResources) @ okhttp-urlconnection ---
[INFO] Using 'UTF-8' encoding to copy filtered resources.
[INFO] skip non existing resourceDirectory /home/travis/build/failed/square/okhttp/okhttp-urlconnection/src/test/resources
[INFO] 
[INFO] --- maven-compiler-plugin:3.0:testCompile (default-testCompile) @ okhttp-urlconnection ---
[INFO] Changes detected - recompiling the module!
[INFO] Compiling 3 source files to /home/travis/build/failed/square/okhttp/okhttp-urlconnection/target/test-classes
[INFO] 
[INFO] --- maven-surefire-plugin:2.17:test (default-test) @ okhttp-urlconnection ---
[INFO] Surefire report directory: /home/travis/build/failed/square/okhttp/okhttp-urlconnection/target/surefire-reports
[INFO] Using configured provider org.apache.maven.surefire.junitcore.JUnitCoreProvider
[INFO] parallel='none', perCoreThreadCount=true, threadCount=0, useUnlimitedThreads=false, threadCountSuites=0, threadCountClasses=0, threadCountMethods=0, parallelOptimized=true

-------------------------------------------------------
 T E S T S
-------------------------------------------------------
Running com.squareup.okhttp.OkUrlFactoryTest
Jan 02, 2022 6:30:24 AM com.squareup.okhttp.mockwebserver.MockWebServer$2 execute
INFO: MockWebServer[38759] starting to accept connections
Jan 02, 2022 6:30:24 AM com.squareup.okhttp.mockwebserver.MockWebServer$3 processOneRequest
INFO: MockWebServer[38759] received request: GET /a HTTP/1.1 and responded: HTTP/1.1 302 OK
Jan 02, 2022 6:30:24 AM com.squareup.okhttp.mockwebserver.MockWebServer$2 acceptConnections
INFO: MockWebServer[38759] done accepting connections: Socket closed
Jan 02, 2022 6:30:24 AM com.squareup.okhttp.mockwebserver.MockWebServer$2 execute
INFO: MockWebServer[42873] starting to accept connections
Jan 02, 2022 6:30:24 AM com.squareup.okhttp.mockwebserver.MockWebServer$3 processOneRequest
INFO: MockWebServer[42873] received request: GET / HTTP/1.1 and responded: HTTP/1.1 404 OK
Jan 02, 2022 6:30:24 AM com.squareup.okhttp.mockwebserver.MockWebServer$2 acceptConnections
INFO: MockWebServer[42873] done accepting connections: Socket closed
Jan 02, 2022 6:30:24 AM com.squareup.okhttp.mockwebserver.MockWebServer$2 execute
INFO: MockWebServer[57149] starting to accept connections
Jan 02, 2022 6:30:24 AM com.squareup.okhttp.mockwebserver.MockWebServer$3 processOneRequest
INFO: MockWebServer[57149] received request: GET / HTTP/1.1 and responded: HTTP/1.1 200 OK
Jan 02, 2022 6:30:24 AM com.squareup.okhttp.mockwebserver.MockWebServer$2 acceptConnections
INFO: MockWebServer[57149] done accepting connections: Socket closed
Jan 02, 2022 6:30:24 AM com.squareup.okhttp.mockwebserver.MockWebServer$2 execute
INFO: MockWebServer[41669] starting to accept connections
Jan 02, 2022 6:30:24 AM com.squareup.okhttp.mockwebserver.MockWebServer$3 processOneRequest
INFO: MockWebServer[41669] received request: GET / HTTP/1.1 and responded: HTTP/1.1 200 OK
Jan 02, 2022 6:30:24 AM com.squareup.okhttp.mockwebserver.MockWebServer$3 processOneRequest
INFO: MockWebServer[41669] received request: GET / HTTP/1.1 and responded: HTTP/1.1 200 OK
Jan 02, 2022 6:30:24 AM com.squareup.okhttp.mockwebserver.MockWebServer$2 acceptConnections
INFO: MockWebServer[41669] done accepting connections: Socket closed
Jan 02, 2022 6:30:24 AM com.squareup.okhttp.mockwebserver.MockWebServer$2 execute
INFO: MockWebServer[59859] starting to accept connections
Jan 02, 2022 6:30:24 AM com.squareup.okhttp.mockwebserver.MockWebServer$3 processOneRequest
INFO: MockWebServer[59859] received request: GET / HTTP/1.1 and responded: HTTP/1.1 200 OK
Jan 02, 2022 6:30:24 AM com.squareup.okhttp.mockwebserver.MockWebServer$2 acceptConnections
INFO: MockWebServer[59859] done accepting connections: Socket closed
Jan 02, 2022 6:30:24 AM com.squareup.okhttp.mockwebserver.MockWebServer$2 execute
INFO: MockWebServer[52555] starting to accept connections
Jan 02, 2022 6:30:24 AM com.squareup.okhttp.mockwebserver.MockWebServer$3 processOneRequest
INFO: MockWebServer[52555] received request: GET / HTTP/1.1 and responded: HTTP/1.1 200 OK
Jan 02, 2022 6:30:24 AM com.squareup.okhttp.mockwebserver.MockWebServer$3 processOneRequest
INFO: MockWebServer[52555] received request: GET / HTTP/1.1 and responded: HTTP/1.1 304 OK
Jan 02, 2022 6:30:24 AM com.squareup.okhttp.mockwebserver.MockWebServer$2 acceptConnections
INFO: MockWebServer[52555] done accepting connections: Socket closed
Jan 02, 2022 6:30:24 AM com.squareup.okhttp.mockwebserver.MockWebServer$2 execute
INFO: MockWebServer[34625] starting to accept connections
Jan 02, 2022 6:30:24 AM com.squareup.okhttp.mockwebserver.MockWebServer$3 processOneRequest
INFO: MockWebServer[34625] received request: GET / HTTP/1.1 and responded: HTTP/1.1 200 OK
Jan 02, 2022 6:30:24 AM com.squareup.okhttp.mockwebserver.MockWebServer$2 acceptConnections
INFO: MockWebServer[34625] done accepting connections: Socket closed
Jan 02, 2022 6:30:24 AM com.squareup.okhttp.mockwebserver.MockWebServer$2 execute
INFO: MockWebServer[45901] starting to accept connections
Jan 02, 2022 6:30:24 AM com.squareup.okhttp.mockwebserver.MockWebServer$3 processOneRequest
INFO: MockWebServer[45901] received request: GET / HTTP/1.1 and responded: HTTP/1.1 407 OK
Jan 02, 2022 6:30:24 AM com.squareup.okhttp.mockwebserver.MockWebServer$2 acceptConnections
INFO: MockWebServer[45901] done accepting connections: Socket closed
Tests run: 8, Failures: 0, Errors: 0, Skipped: 0, Time elapsed: 0.634 sec - in com.squareup.okhttp.OkUrlFactoryTest
Running com.squareup.okhttp.UrlConnectionCacheTest
Jan 02, 2022 6:30:25 AM com.squareup.okhttp.mockwebserver.MockWebServer$2 execute
INFO: MockWebServer[53603] starting to accept connections
Jan 02, 2022 6:30:25 AM com.squareup.okhttp.mockwebserver.MockWebServer$2 execute
INFO: MockWebServer[53423] starting to accept connections
Jan 02, 2022 6:30:25 AM com.squareup.okhttp.mockwebserver.MockWebServer$2 acceptConnections
INFO: MockWebServer[53423] done accepting connections: Socket closed
Jan 02, 2022 6:30:25 AM com.squareup.okhttp.mockwebserver.MockWebServer$2 acceptConnections
INFO: MockWebServer[53603] done accepting connections: Socket closed
Jan 02, 2022 6:30:25 AM com.squareup.okhttp.mockwebserver.MockWebServer$2 execute
INFO: MockWebServer[48147] starting to accept connections
Jan 02, 2022 6:30:25 AM com.squareup.okhttp.mockwebserver.MockWebServer$2 execute
INFO: MockWebServer[48785] starting to accept connections
Jan 02, 2022 6:30:25 AM com.squareup.okhttp.mockwebserver.MockWebServer$3 processOneRequest
INFO: MockWebServer[48785] received request: GET /a HTTP/1.1 and responded: HTTP/1.1 200 OK
Jan 02, 2022 6:30:25 AM com.squareup.okhttp.mockwebserver.MockWebServer$3 processOneRequest
INFO: MockWebServer[48785] received request: GET /a HTTP/1.1 and responded: HTTP/1.1 304 OK
Jan 02, 2022 6:30:25 AM com.squareup.okhttp.mockwebserver.MockWebServer$2 acceptConnections
INFO: MockWebServer[48785] done accepting connections: Socket closed
Jan 02, 2022 6:30:25 AM com.squareup.okhttp.mockwebserver.MockWebServer$2 acceptConnections
INFO: MockWebServer[48147] done accepting connections: Socket closed
Jan 02, 2022 6:30:25 AM com.squareup.okhttp.mockwebserver.MockWebServer$2 execute
INFO: MockWebServer[44655] starting to accept connections
Jan 02, 2022 6:30:25 AM com.squareup.okhttp.mockwebserver.MockWebServer$2 execute
INFO: MockWebServer[57015] starting to accept connections
Jan 02, 2022 6:30:25 AM com.squareup.okhttp.mockwebserver.MockWebServer$3 processOneRequest
INFO: MockWebServer[57015] received request: GET / HTTP/1.1 and responded: HTTP/1.1 200 OK
Jan 02, 2022 6:30:25 AM com.squareup.okhttp.mockwebserver.MockWebServer$3 processOneRequest
INFO: MockWebServer[57015] received request: GET / HTTP/1.1 and responded: HTTP/1.1 304 OK
Jan 02, 2022 6:30:25 AM com.squareup.okhttp.mockwebserver.MockWebServer$3 processOneRequest
INFO: MockWebServer[57015] received request: GET / HTTP/1.1 and responded: HTTP/1.1 304 OK
Jan 02, 2022 6:30:25 AM com.squareup.okhttp.mockwebserver.MockWebServer$2 acceptConnections
INFO: MockWebServer[57015] done accepting connections: Socket closed
Jan 02, 2022 6:30:25 AM com.squareup.okhttp.mockwebserver.MockWebServer$2 acceptConnections
INFO: MockWebServer[44655] done accepting connections: Socket closed
Jan 02, 2022 6:30:25 AM com.squareup.okhttp.mockwebserver.MockWebServer$2 execute
INFO: MockWebServer[53939] starting to accept connections
Jan 02, 2022 6:30:25 AM com.squareup.okhttp.mockwebserver.MockWebServer$2 execute
INFO: MockWebServer[51557] starting to accept connections
Jan 02, 2022 6:30:25 AM com.squareup.okhttp.mockwebserver.MockWebServer$3 processOneRequest
INFO: MockWebServer[51557] received request: GET / HTTP/1.1 and responded: HTTP/1.1 200 OK
Jan 02, 2022 6:30:25 AM com.squareup.okhttp.mockwebserver.MockWebServer$2 acceptConnections
INFO: MockWebServer[51557] done accepting connections: Socket closed
Jan 02, 2022 6:30:25 AM com.squareup.okhttp.mockwebserver.MockWebServer$2 acceptConnections
INFO: MockWebServer[53939] done accepting connections: Socket closed
Jan 02, 2022 6:30:25 AM com.squareup.okhttp.mockwebserver.MockWebServer$2 execute
INFO: MockWebServer[34239] starting to accept connections
Jan 02, 2022 6:30:25 AM com.squareup.okhttp.mockwebserver.MockWebServer$2 execute
INFO: MockWebServer[49385] starting to accept connections
Jan 02, 2022 6:30:25 AM com.squareup.okhttp.mockwebserver.MockWebServer$3 processOneRequest
INFO: MockWebServer[49385] received request: GET /foo HTTP/1.1 and responded: HTTP/1.1 200 OK
Jan 02, 2022 6:30:25 AM com.squareup.okhttp.mockwebserver.MockWebServer$3 processOneRequest
INFO: MockWebServer[49385] received request: GET /bar HTTP/1.1 and responded: HTTP/1.1 200 OK
Jan 02, 2022 6:30:25 AM com.squareup.okhttp.mockwebserver.MockWebServer$2 acceptConnections
INFO: MockWebServer[49385] done accepting connections: Socket closed
Jan 02, 2022 6:30:25 AM com.squareup.okhttp.mockwebserver.MockWebServer$2 acceptConnections
INFO: MockWebServer[34239] done accepting connections: Socket closed
Jan 02, 2022 6:30:25 AM com.squareup.okhttp.mockwebserver.MockWebServer$2 execute
INFO: MockWebServer[34533] starting to accept connections
Jan 02, 2022 6:30:25 AM com.squareup.okhttp.mockwebserver.MockWebServer$2 execute
INFO: MockWebServer[43983] starting to accept connections
Jan 02, 2022 6:30:25 AM com.squareup.okhttp.mockwebserver.MockWebServer$3 processOneRequest
INFO: MockWebServer[43983] received request: POST / HTTP/1.1 and responded: HTTP/1.1 200 OK
Jan 02, 2022 6:30:25 AM com.squareup.okhttp.mockwebserver.MockWebServer$3 processOneRequest
INFO: MockWebServer[43983] received request: GET / HTTP/1.1 and responded: HTTP/1.1 200 OK
Jan 02, 2022 6:30:25 AM com.squareup.okhttp.mockwebserver.MockWebServer$2 acceptConnections
INFO: MockWebServer[43983] done accepting connections: Socket closed
Jan 02, 2022 6:30:25 AM com.squareup.okhttp.mockwebserver.MockWebServer$2 acceptConnections
INFO: MockWebServer[34533] done accepting connections: Socket closed
Jan 02, 2022 6:30:25 AM com.squareup.okhttp.mockwebserver.MockWebServer$2 execute
INFO: MockWebServer[60197] starting to accept connections
Jan 02, 2022 6:30:25 AM com.squareup.okhttp.mockwebserver.MockWebServer$2 execute
INFO: MockWebServer[49589] starting to accept connections
Jan 02, 2022 6:30:25 AM com.squareup.okhttp.mockwebserver.MockWebServer$3 processOneRequest
INFO: MockWebServer[49589] received request: GET / HTTP/1.1 and responded: HTTP/1.1 200 OK
Jan 02, 2022 6:30:25 AM com.squareup.okhttp.mockwebserver.MockWebServer$2 acceptConnections
INFO: MockWebServer[49589] done accepting connections: Socket closed
Jan 02, 2022 6:30:25 AM com.squareup.okhttp.mockwebserver.MockWebServer$2 acceptConnections
INFO: MockWebServer[60197] done accepting connections: Socket closed
Jan 02, 2022 6:30:25 AM com.squareup.okhttp.mockwebserver.MockWebServer$2 execute
INFO: MockWebServer[44793] starting to accept connections
Jan 02, 2022 6:30:25 AM com.squareup.okhttp.mockwebserver.MockWebServer$2 execute
INFO: MockWebServer[56335] starting to accept connections
Jan 02, 2022 6:30:25 AM com.squareup.okhttp.mockwebserver.MockWebServer$3 processOneRequest
INFO: MockWebServer[56335] received request: GET / HTTP/1.1 and responded: HTTP/1.1 200 OK
Jan 02, 2022 6:30:25 AM com.squareup.okhttp.mockwebserver.MockWebServer$2 acceptConnections
INFO: MockWebServer[56335] done accepting connections: Socket closed
Jan 02, 2022 6:30:26 AM com.squareup.okhttp.mockwebserver.MockWebServer$3 processOneRequest
INFO: MockWebServer[56335] received request: GET / HTTP/1.1 and responded: HTTP/1.1 200 OK
Jan 02, 2022 6:30:26 AM com.squareup.okhttp.mockwebserver.MockWebServer$3 execute
SEVERE: MockWebServer[56335] connection from /127.0.0.1 crashed
java.lang.IllegalStateException: closed
	at okio.RealBufferedSource.indexOf(RealBufferedSource.java:253)
	at okio.RealBufferedSource.indexOf(RealBufferedSource.java:249)
	at okio.RealBufferedSource.readUtf8LineStrict(RealBufferedSource.java:196)
	at com.squareup.okhttp.mockwebserver.MockWebServer.readRequest(MockWebServer.java:527)
	at com.squareup.okhttp.mockwebserver.MockWebServer.access$1400(MockWebServer.java:85)
	at com.squareup.okhttp.mockwebserver.MockWebServer$3.processOneRequest(MockWebServer.java:454)
	at com.squareup.okhttp.mockwebserver.MockWebServer$3.processConnection(MockWebServer.java:416)
	at com.squareup.okhttp.mockwebserver.MockWebServer$3.execute(MockWebServer.java:358)
	at com.squareup.okhttp.internal.NamedRunnable.run(NamedRunnable.java:33)
	at java.util.concurrent.ThreadPoolExecutor.runWorker(ThreadPoolExecutor.java:1142)
	at java.util.concurrent.ThreadPoolExecutor$Worker.run(ThreadPoolExecutor.java:617)
	at java.lang.Thread.run(Thread.java:745)

Jan 02, 2022 6:30:26 AM com.squareup.okhttp.mockwebserver.MockWebServer$2 acceptConnections
INFO: MockWebServer[44793] done accepting connections: Socket closed
Jan 02, 2022 6:30:26 AM com.squareup.okhttp.mockwebserver.MockWebServer$2 execute
INFO: MockWebServer[54649] starting to accept connections
Jan 02, 2022 6:30:26 AM com.squareup.okhttp.mockwebserver.MockWebServer$2 execute
INFO: MockWebServer[60315] starting to accept connections
Jan 02, 2022 6:30:26 AM com.squareup.okhttp.mockwebserver.MockWebServer$3 processOneRequest
INFO: MockWebServer[60315] received request: GET / HTTP/1.1 and responded: HTTP/1.1 200 OK
Jan 02, 2022 6:30:26 AM com.squareup.okhttp.mockwebserver.MockWebServer$2 acceptConnections
INFO: MockWebServer[60315] done accepting connections: Socket closed
Jan 02, 2022 6:30:26 AM com.squareup.okhttp.mockwebserver.MockWebServer$2 acceptConnections
INFO: MockWebServer[54649] done accepting connections: Socket closed
Jan 02, 2022 6:30:26 AM com.squareup.okhttp.mockwebserver.MockWebServer$2 execute
INFO: MockWebServer[36627] starting to accept connections
Jan 02, 2022 6:30:26 AM com.squareup.okhttp.mockwebserver.MockWebServer$2 execute
INFO: MockWebServer[36037] starting to accept connections
Jan 02, 2022 6:30:26 AM com.squareup.okhttp.mockwebserver.MockWebServer$3 processOneRequest
INFO: MockWebServer[36037] received request: GET /?foo=bar HTTP/1.1 and responded: HTTP/1.1 200 OK
Jan 02, 2022 6:30:26 AM com.squareup.okhttp.mockwebserver.MockWebServer$3 processOneRequest
INFO: MockWebServer[36037] received request: GET /?foo=bar HTTP/1.1 and responded: HTTP/1.1 200 OK
Jan 02, 2022 6:30:26 AM com.squareup.okhttp.mockwebserver.MockWebServer$2 acceptConnections
INFO: MockWebServer[36037] done accepting connections: Socket closed
Jan 02, 2022 6:30:26 AM com.squareup.okhttp.mockwebserver.MockWebServer$2 acceptConnections
INFO: MockWebServer[36627] done accepting connections: Socket closed
Jan 02, 2022 6:30:26 AM com.squareup.okhttp.mockwebserver.MockWebServer$2 execute
INFO: MockWebServer[38825] starting to accept connections
Jan 02, 2022 6:30:26 AM com.squareup.okhttp.mockwebserver.MockWebServer$2 execute
INFO: MockWebServer[48333] starting to accept connections
Jan 02, 2022 6:30:26 AM com.squareup.okhttp.mockwebserver.MockWebServer$3 processOneRequest
INFO: MockWebServer[48333] received request: GET / HTTP/1.1 and responded: HTTP/1.1 200 OK
Jan 02, 2022 6:30:26 AM com.squareup.okhttp.mockwebserver.MockWebServer$2 acceptConnections
INFO: MockWebServer[48333] done accepting connections: Socket closed
Jan 02, 2022 6:30:26 AM com.squareup.okhttp.mockwebserver.MockWebServer$2 acceptConnections
INFO: MockWebServer[38825] done accepting connections: Socket closed
Jan 02, 2022 6:30:26 AM com.squareup.okhttp.mockwebserver.MockWebServer$2 execute
INFO: MockWebServer[45859] starting to accept connections
Jan 02, 2022 6:30:26 AM com.squareup.okhttp.mockwebserver.MockWebServer$2 execute
INFO: MockWebServer[42503] starting to accept connections
Jan 02, 2022 6:30:26 AM com.squareup.okhttp.mockwebserver.MockWebServer$3 processOneRequest
INFO: MockWebServer[42503] received request: GET / HTTP/1.1 and responded: HTTP/1.1 200 OK
Jan 02, 2022 6:30:26 AM com.squareup.okhttp.mockwebserver.MockWebServer$3 processOneRequest
INFO: MockWebServer[42503] received request: GET / HTTP/1.1 and responded: HTTP/1.1 200 OK
Jan 02, 2022 6:30:26 AM com.squareup.okhttp.mockwebserver.MockWebServer$2 acceptConnections
INFO: MockWebServer[42503] done accepting connections: Socket closed
Jan 02, 2022 6:30:26 AM com.squareup.okhttp.mockwebserver.MockWebServer$2 acceptConnections
INFO: MockWebServer[45859] done accepting connections: Socket closed
Jan 02, 2022 6:30:26 AM com.squareup.okhttp.mockwebserver.MockWebServer$2 execute
INFO: MockWebServer[53743] starting to accept connections
Jan 02, 2022 6:30:26 AM com.squareup.okhttp.mockwebserver.MockWebServer$2 execute
INFO: MockWebServer[45383] starting to accept connections
Jan 02, 2022 6:30:26 AM com.squareup.okhttp.mockwebserver.MockWebServer$3 processOneRequest
INFO: MockWebServer[45383] received request: GET / HTTP/1.1 and responded: HTTP/1.1 200 Fantastic
Jan 02, 2022 6:30:26 AM com.squareup.okhttp.mockwebserver.MockWebServer$2 acceptConnections
INFO: MockWebServer[45383] done accepting connections: Socket closed
Jan 02, 2022 6:30:26 AM com.squareup.okhttp.mockwebserver.MockWebServer$2 acceptConnections
INFO: MockWebServer[53743] done accepting connections: Socket closed
Jan 02, 2022 6:30:26 AM com.squareup.okhttp.mockwebserver.MockWebServer$2 execute
INFO: MockWebServer[36557] starting to accept connections
Jan 02, 2022 6:30:26 AM com.squareup.okhttp.mockwebserver.MockWebServer$2 execute
INFO: MockWebServer[41189] starting to accept connections
Jan 02, 2022 6:30:26 AM com.squareup.okhttp.mockwebserver.MockWebServer$3 processOneRequest
INFO: MockWebServer[41189] received request: GET / HTTP/1.1 and responded: HTTP/1.1 304 OK
Jan 02, 2022 6:30:26 AM com.squareup.okhttp.mockwebserver.MockWebServer$2 acceptConnections
INFO: MockWebServer[41189] done accepting connections: Socket closed
Jan 02, 2022 6:30:26 AM com.squareup.okhttp.mockwebserver.MockWebServer$2 acceptConnections
INFO: MockWebServer[36557] done accepting connections: Socket closed
Jan 02, 2022 6:30:26 AM com.squareup.okhttp.mockwebserver.MockWebServer$2 execute
INFO: MockWebServer[40213] starting to accept connections
Jan 02, 2022 6:30:26 AM com.squareup.okhttp.mockwebserver.MockWebServer$2 execute
INFO: MockWebServer[51161] starting to accept connections
Jan 02, 2022 6:30:26 AM com.squareup.okhttp.mockwebserver.MockWebServer$3 processOneRequest
INFO: MockWebServer[51161] received request: GET / HTTP/1.1 and responded: HTTP/1.1 200 OK
Jan 02, 2022 6:30:26 AM com.squareup.okhttp.mockwebserver.MockWebServer$3 processOneRequest
INFO: MockWebServer[51161] received request: GET / HTTP/1.1 and responded: HTTP/1.1 200 OK
Jan 02, 2022 6:30:26 AM com.squareup.okhttp.mockwebserver.MockWebServer$2 acceptConnections
INFO: MockWebServer[51161] done accepting connections: Socket closed
Jan 02, 2022 6:30:26 AM com.squareup.okhttp.mockwebserver.MockWebServer$2 acceptConnections
INFO: MockWebServer[40213] done accepting connections: Socket closed
Jan 02, 2022 6:30:26 AM com.squareup.okhttp.mockwebserver.MockWebServer$2 execute
INFO: MockWebServer[48513] starting to accept connections
Jan 02, 2022 6:30:26 AM com.squareup.okhttp.mockwebserver.MockWebServer$2 execute
INFO: MockWebServer[42369] starting to accept connections
Jan 02, 2022 6:30:26 AM com.squareup.okhttp.mockwebserver.MockWebServer$3 processOneRequest
INFO: MockWebServer[42369] received request: GET / HTTP/1.1 and responded: HTTP/1.1 200 OK
Jan 02, 2022 6:30:26 AM com.squareup.okhttp.mockwebserver.MockWebServer$3 processOneRequest
INFO: MockWebServer[42369] received request: GET / HTTP/1.1 and responded: HTTP/1.1 200 OK
Jan 02, 2022 6:30:26 AM com.squareup.okhttp.mockwebserver.MockWebServer$2 acceptConnections
INFO: MockWebServer[42369] done accepting connections: Socket closed
Jan 02, 2022 6:30:26 AM com.squareup.okhttp.mockwebserver.MockWebServer$2 acceptConnections
INFO: MockWebServer[48513] done accepting connections: Socket closed
Jan 02, 2022 6:30:26 AM com.squareup.okhttp.mockwebserver.MockWebServer$2 execute
INFO: MockWebServer[40251] starting to accept connections
Jan 02, 2022 6:30:26 AM com.squareup.okhttp.mockwebserver.MockWebServer$2 execute
INFO: MockWebServer[49337] starting to accept connections
Jan 02, 2022 6:30:26 AM com.squareup.okhttp.mockwebserver.MockWebServer$3 processOneRequest
INFO: MockWebServer[49337] received request: PUT / HTTP/1.1 and responded: HTTP/1.1 200 OK
Jan 02, 2022 6:30:26 AM com.squareup.okhttp.mockwebserver.MockWebServer$3 processOneRequest
INFO: MockWebServer[49337] received request: GET / HTTP/1.1 and responded: HTTP/1.1 200 OK
Jan 02, 2022 6:30:26 AM com.squareup.okhttp.mockwebserver.MockWebServer$2 acceptConnections
INFO: MockWebServer[49337] done accepting connections: Socket closed
Jan 02, 2022 6:30:26 AM com.squareup.okhttp.mockwebserver.MockWebServer$2 acceptConnections
INFO: MockWebServer[40251] done accepting connections: Socket closed
Jan 02, 2022 6:30:26 AM com.squareup.okhttp.mockwebserver.MockWebServer$2 execute
INFO: MockWebServer[49025] starting to accept connections
Jan 02, 2022 6:30:26 AM com.squareup.okhttp.mockwebserver.MockWebServer$2 execute
INFO: MockWebServer[48355] starting to accept connections
Jan 02, 2022 6:30:26 AM com.squareup.okhttp.mockwebserver.MockWebServer$3 processOneRequest
INFO: MockWebServer[48355] received request: GET / HTTP/1.1 and responded: HTTP/1.1 200 OK
Jan 02, 2022 6:30:26 AM com.squareup.okhttp.mockwebserver.MockWebServer$2 acceptConnections
INFO: MockWebServer[48355] done accepting connections: Socket closed
Jan 02, 2022 6:30:26 AM com.squareup.okhttp.mockwebserver.MockWebServer$2 acceptConnections
INFO: MockWebServer[49025] done accepting connections: Socket closed
Jan 02, 2022 6:30:26 AM com.squareup.okhttp.mockwebserver.MockWebServer$2 execute
INFO: MockWebServer[54041] starting to accept connections
Jan 02, 2022 6:30:26 AM com.squareup.okhttp.mockwebserver.MockWebServer$2 execute
INFO: MockWebServer[34023] starting to accept connections
Jan 02, 2022 6:30:26 AM com.squareup.okhttp.mockwebserver.MockWebServer$3 processOneRequest
INFO: MockWebServer[34023] received request: GET / HTTP/1.1 and responded: HTTP/1.1 206 OK
Jan 02, 2022 6:30:26 AM com.squareup.okhttp.mockwebserver.MockWebServer$3 processOneRequest
INFO: MockWebServer[34023] received request: GET / HTTP/1.1 and responded: HTTP/1.1 200 OK
Jan 02, 2022 6:30:26 AM com.squareup.okhttp.mockwebserver.MockWebServer$2 acceptConnections
INFO: MockWebServer[34023] done accepting connections: Socket closed
Jan 02, 2022 6:30:26 AM com.squareup.okhttp.mockwebserver.MockWebServer$2 acceptConnections
INFO: MockWebServer[54041] done accepting connections: Socket closed
Jan 02, 2022 6:30:26 AM com.squareup.okhttp.mockwebserver.MockWebServer$2 execute
INFO: MockWebServer[56027] starting to accept connections
Jan 02, 2022 6:30:26 AM com.squareup.okhttp.mockwebserver.MockWebServer$2 execute
INFO: MockWebServer[37385] starting to accept connections
Jan 02, 2022 6:30:26 AM com.squareup.okhttp.mockwebserver.MockWebServer$3 processOneRequest
INFO: MockWebServer[37385] received request: GET /valid HTTP/1.1 and responded: HTTP/1.1 200 A-OK
Jan 02, 2022 6:30:26 AM com.squareup.okhttp.mockwebserver.MockWebServer$3 processOneRequest
INFO: MockWebServer[37385] received request: GET /valid HTTP/1.1 and responded: HTTP/1.1 304 OK
Jan 02, 2022 6:30:26 AM com.squareup.okhttp.mockwebserver.MockWebServer$3 processOneRequest
INFO: MockWebServer[37385] received request: GET /invalid HTTP/1.1 and responded: HTTP/1.1 200 B-OK
Jan 02, 2022 6:30:26 AM com.squareup.okhttp.mockwebserver.MockWebServer$3 processOneRequest
INFO: MockWebServer[37385] received request: GET /invalid HTTP/1.1 and responded: HTTP/1.1 200 C-OK
Jan 02, 2022 6:30:26 AM com.squareup.okhttp.mockwebserver.MockWebServer$2 acceptConnections
INFO: MockWebServer[37385] done accepting connections: Socket closed
Jan 02, 2022 6:30:26 AM com.squareup.okhttp.mockwebserver.MockWebServer$2 acceptConnections
INFO: MockWebServer[56027] done accepting connections: Socket closed
Jan 02, 2022 6:30:26 AM com.squareup.okhttp.mockwebserver.MockWebServer$2 execute
INFO: MockWebServer[37341] starting to accept connections
Jan 02, 2022 6:30:26 AM com.squareup.okhttp.mockwebserver.MockWebServer$2 execute
INFO: MockWebServer[50859] starting to accept connections
Jan 02, 2022 6:30:26 AM com.squareup.okhttp.mockwebserver.MockWebServer$3 processOneRequest
INFO: MockWebServer[50859] received request: GET / HTTP/1.1 and responded: HTTP/1.1 200 OK
Jan 02, 2022 6:30:26 AM com.squareup.okhttp.mockwebserver.MockWebServer$2 acceptConnections
INFO: MockWebServer[50859] done accepting connections: Socket closed
Jan 02, 2022 6:30:26 AM com.squareup.okhttp.mockwebserver.MockWebServer$2 acceptConnections
INFO: MockWebServer[37341] done accepting connections: Socket closed
Jan 02, 2022 6:30:26 AM com.squareup.okhttp.mockwebserver.MockWebServer$2 execute
INFO: MockWebServer[33281] starting to accept connections
Jan 02, 2022 6:30:26 AM com.squareup.okhttp.mockwebserver.MockWebServer$2 execute
INFO: MockWebServer[44205] starting to accept connections
Jan 02, 2022 6:30:26 AM com.squareup.okhttp.mockwebserver.MockWebServer$3 processOneRequest
INFO: MockWebServer[44205] received request: GET / HTTP/1.1 and responded: HTTP/1.1 200 OK
Jan 02, 2022 6:30:26 AM com.squareup.okhttp.mockwebserver.MockWebServer$3 processOneRequest
INFO: MockWebServer[44205] received request: GET / HTTP/1.1 and responded: HTTP/1.1 200 OK
Jan 02, 2022 6:30:26 AM com.squareup.okhttp.mockwebserver.MockWebServer$2 acceptConnections
INFO: MockWebServer[44205] done accepting connections: Socket closed
Jan 02, 2022 6:30:26 AM com.squareup.okhttp.mockwebserver.MockWebServer$2 acceptConnections
INFO: MockWebServer[33281] done accepting connections: Socket closed
Jan 02, 2022 6:30:26 AM com.squareup.okhttp.mockwebserver.MockWebServer$2 execute
INFO: MockWebServer[40851] starting to accept connections
Jan 02, 2022 6:30:26 AM com.squareup.okhttp.mockwebserver.MockWebServer$2 execute
INFO: MockWebServer[41595] starting to accept connections
Jan 02, 2022 6:30:26 AM com.squareup.okhttp.mockwebserver.MockWebServer$2 acceptConnections
INFO: MockWebServer[41595] done accepting connections: Socket is closed
Jan 02, 2022 6:30:26 AM com.squareup.okhttp.mockwebserver.MockWebServer$2 acceptConnections
INFO: MockWebServer[40851] done accepting connections: Socket closed
Jan 02, 2022 6:30:26 AM com.squareup.okhttp.mockwebserver.MockWebServer$2 execute
INFO: MockWebServer[60831] starting to accept connections
Jan 02, 2022 6:30:26 AM com.squareup.okhttp.mockwebserver.MockWebServer$2 execute
INFO: MockWebServer[52765] starting to accept connections
Jan 02, 2022 6:30:26 AM com.squareup.okhttp.mockwebserver.MockWebServer$3 processOneRequest
INFO: MockWebServer[52765] received request: HEAD / HTTP/1.1 and responded: HTTP/1.1 200 OK
Jan 02, 2022 6:30:26 AM com.squareup.okhttp.mockwebserver.MockWebServer$3 processOneRequest
INFO: MockWebServer[52765] received request: GET / HTTP/1.1 and responded: HTTP/1.1 200 OK
Jan 02, 2022 6:30:26 AM com.squareup.okhttp.mockwebserver.MockWebServer$2 acceptConnections
INFO: MockWebServer[52765] done accepting connections: Socket closed
Jan 02, 2022 6:30:26 AM com.squareup.okhttp.mockwebserver.MockWebServer$2 acceptConnections
INFO: MockWebServer[60831] done accepting connections: Socket closed
Jan 02, 2022 6:30:26 AM com.squareup.okhttp.mockwebserver.MockWebServer$2 execute
INFO: MockWebServer[58905] starting to accept connections
Jan 02, 2022 6:30:26 AM com.squareup.okhttp.mockwebserver.MockWebServer$2 execute
INFO: MockWebServer[34947] starting to accept connections
Jan 02, 2022 6:30:26 AM com.squareup.okhttp.mockwebserver.MockWebServer$3 processOneRequest
INFO: MockWebServer[34947] received request: GET / HTTP/1.1 and responded: HTTP/1.1 200 OK
Jan 02, 2022 6:30:26 AM com.squareup.okhttp.mockwebserver.MockWebServer$3 processOneRequest
INFO: MockWebServer[34947] received request: GET / HTTP/1.1 and responded: HTTP/1.1 304 OK
Jan 02, 2022 6:30:26 AM com.squareup.okhttp.mockwebserver.MockWebServer$2 acceptConnections
INFO: MockWebServer[34947] done accepting connections: Socket closed
Jan 02, 2022 6:30:26 AM com.squareup.okhttp.mockwebserver.MockWebServer$2 acceptConnections
INFO: MockWebServer[58905] done accepting connections: Socket closed
Jan 02, 2022 6:30:26 AM com.squareup.okhttp.mockwebserver.MockWebServer$2 execute
INFO: MockWebServer[47049] starting to accept connections
Jan 02, 2022 6:30:26 AM com.squareup.okhttp.mockwebserver.MockWebServer$2 execute
INFO: MockWebServer[49273] starting to accept connections
Jan 02, 2022 6:30:26 AM com.squareup.okhttp.mockwebserver.MockWebServer$3 processOneRequest
INFO: MockWebServer[49273] received request: GET / HTTP/1.1 and responded: HTTP/1.1 200 OK
Jan 02, 2022 6:30:26 AM com.squareup.okhttp.mockwebserver.MockWebServer$3 processOneRequest
INFO: MockWebServer[49273] received request: GET / HTTP/1.1 and responded: HTTP/1.1 200 OK
Jan 02, 2022 6:30:27 AM com.squareup.okhttp.mockwebserver.MockWebServer$2 acceptConnections
INFO: MockWebServer[49273] done accepting connections: Socket closed
Jan 02, 2022 6:30:27 AM com.squareup.okhttp.mockwebserver.MockWebServer$2 acceptConnections
INFO: MockWebServer[47049] done accepting connections: Socket closed
Jan 02, 2022 6:30:27 AM com.squareup.okhttp.mockwebserver.MockWebServer$2 execute
INFO: MockWebServer[58283] starting to accept connections
Jan 02, 2022 6:30:27 AM com.squareup.okhttp.mockwebserver.MockWebServer$2 execute
INFO: MockWebServer[56279] starting to accept connections
Jan 02, 2022 6:30:27 AM com.squareup.okhttp.mockwebserver.MockWebServer$2 acceptConnections
INFO: MockWebServer[56279] done accepting connections: Socket is closed
Jan 02, 2022 6:30:27 AM com.squareup.okhttp.mockwebserver.MockWebServer$2 acceptConnections
INFO: MockWebServer[58283] done accepting connections: Socket closed
Jan 02, 2022 6:30:27 AM com.squareup.okhttp.mockwebserver.MockWebServer$2 execute
INFO: MockWebServer[36317] starting to accept connections
Jan 02, 2022 6:30:27 AM com.squareup.okhttp.mockwebserver.MockWebServer$2 execute
INFO: MockWebServer[42945] starting to accept connections
Jan 02, 2022 6:30:27 AM com.squareup.okhttp.mockwebserver.MockWebServer$3 processOneRequest
INFO: MockWebServer[42945] received request: GET / HTTP/1.1 and responded: HTTP/1.1 200 OK
Jan 02, 2022 6:30:27 AM com.squareup.okhttp.mockwebserver.MockWebServer$2 acceptConnections
INFO: MockWebServer[42945] done accepting connections: Socket closed
Jan 02, 2022 6:30:28 AM com.squareup.okhttp.mockwebserver.MockWebServer$3 processOneRequest
INFO: MockWebServer[42945] received request: GET / HTTP/1.1 and responded: HTTP/1.1 200 OK
Jan 02, 2022 6:30:28 AM com.squareup.okhttp.mockwebserver.MockWebServer$2 acceptConnections
INFO: MockWebServer[36317] done accepting connections: Socket closed
Jan 02, 2022 6:30:28 AM com.squareup.okhttp.mockwebserver.MockWebServer$2 execute
INFO: MockWebServer[48835] starting to accept connections
Jan 02, 2022 6:30:28 AM com.squareup.okhttp.mockwebserver.MockWebServer$2 execute
INFO: MockWebServer[40943] starting to accept connections
Jan 02, 2022 6:30:28 AM com.squareup.okhttp.mockwebserver.MockWebServer$3 processOneRequest
INFO: MockWebServer[40943] received request: GET / HTTP/1.1 and responded: HTTP/1.1 200 OK
Jan 02, 2022 6:30:28 AM com.squareup.okhttp.mockwebserver.MockWebServer$3 processOneRequest
INFO: MockWebServer[40943] received request: GET / HTTP/1.1 and responded: HTTP/1.1 200 OK
Jan 02, 2022 6:30:28 AM com.squareup.okhttp.mockwebserver.MockWebServer$2 acceptConnections
INFO: MockWebServer[40943] done accepting connections: Socket closed
Jan 02, 2022 6:30:28 AM com.squareup.okhttp.mockwebserver.MockWebServer$2 acceptConnections
INFO: MockWebServer[48835] done accepting connections: Socket closed
Jan 02, 2022 6:30:28 AM com.squareup.okhttp.mockwebserver.MockWebServer$2 execute
INFO: MockWebServer[33563] starting to accept connections
Jan 02, 2022 6:30:28 AM com.squareup.okhttp.mockwebserver.MockWebServer$2 execute
INFO: MockWebServer[44841] starting to accept connections
Jan 02, 2022 6:30:28 AM com.squareup.okhttp.mockwebserver.MockWebServer$3 processOneRequest
INFO: MockWebServer[44841] received request: GET / HTTP/1.1 and responded: HTTP/1.1 200 OK
Jan 02, 2022 6:30:28 AM com.squareup.okhttp.mockwebserver.MockWebServer$3 processOneRequest
INFO: MockWebServer[44841] received request: GET / HTTP/1.1 and responded: HTTP/1.1 304 OK
Jan 02, 2022 6:30:28 AM com.squareup.okhttp.mockwebserver.MockWebServer$2 acceptConnections
INFO: MockWebServer[44841] done accepting connections: Socket closed
Jan 02, 2022 6:30:28 AM com.squareup.okhttp.mockwebserver.MockWebServer$2 acceptConnections
INFO: MockWebServer[33563] done accepting connections: Socket closed
Jan 02, 2022 6:30:28 AM com.squareup.okhttp.mockwebserver.MockWebServer$2 execute
INFO: MockWebServer[50091] starting to accept connections
Jan 02, 2022 6:30:28 AM com.squareup.okhttp.mockwebserver.MockWebServer$2 execute
INFO: MockWebServer[49479] starting to accept connections
Jan 02, 2022 6:30:28 AM com.squareup.okhttp.mockwebserver.MockWebServer$3 processOneRequest
INFO: MockWebServer[49479] received request: GET / HTTP/1.1 and responded: HTTP/1.1 301 OK
Jan 02, 2022 6:30:28 AM com.squareup.okhttp.mockwebserver.MockWebServer$SpdySocketHandler receive
INFO: MockWebServer[50091] received request: GET / HTTP/1.1 and responded: HTTP/1.1 200 OK protocol is h2-16
Jan 02, 2022 6:30:28 AM com.squareup.okhttp.mockwebserver.MockWebServer$2 acceptConnections
INFO: MockWebServer[49479] done accepting connections: Socket closed
Jan 02, 2022 6:30:28 AM com.squareup.okhttp.mockwebserver.MockWebServer$2 acceptConnections
INFO: MockWebServer[50091] done accepting connections: Socket closed
Jan 02, 2022 6:30:28 AM com.squareup.okhttp.mockwebserver.MockWebServer$2 execute
INFO: MockWebServer[41453] starting to accept connections
Jan 02, 2022 6:30:28 AM com.squareup.okhttp.mockwebserver.MockWebServer$2 execute
INFO: MockWebServer[51373] starting to accept connections
Jan 02, 2022 6:30:28 AM com.squareup.okhttp.mockwebserver.MockWebServer$3 processOneRequest
INFO: MockWebServer[51373] received request: GET / HTTP/1.1 and responded: HTTP/1.1 200 OK
Jan 02, 2022 6:30:28 AM com.squareup.okhttp.mockwebserver.MockWebServer$3 processOneRequest
INFO: MockWebServer[51373] received request: GET / HTTP/1.1 and responded: HTTP/1.1 304 OK
Jan 02, 2022 6:30:28 AM com.squareup.okhttp.mockwebserver.MockWebServer$2 acceptConnections
INFO: MockWebServer[51373] done accepting connections: Socket closed
Jan 02, 2022 6:30:28 AM com.squareup.okhttp.mockwebserver.MockWebServer$2 acceptConnections
INFO: MockWebServer[41453] done accepting connections: Socket closed
Jan 02, 2022 6:30:28 AM com.squareup.okhttp.mockwebserver.MockWebServer$2 execute
INFO: MockWebServer[55185] starting to accept connections
Jan 02, 2022 6:30:28 AM com.squareup.okhttp.mockwebserver.MockWebServer$2 execute
INFO: MockWebServer[56693] starting to accept connections
Jan 02, 2022 6:30:29 AM com.squareup.okhttp.mockwebserver.MockWebServer$3 processOneRequest
INFO: MockWebServer[56693] received request: GET / HTTP/1.1 and responded: HTTP/1.1 200 OK
Jan 02, 2022 6:30:29 AM com.squareup.okhttp.mockwebserver.MockWebServer$2 acceptConnections
INFO: MockWebServer[56693] done accepting connections: Socket closed
Jan 02, 2022 6:30:30 AM com.squareup.okhttp.mockwebserver.MockWebServer$3 processOneRequest
INFO: MockWebServer[56693] received request: GET / HTTP/1.1 and responded: HTTP/1.1 200 OK
Jan 02, 2022 6:30:30 AM com.squareup.okhttp.mockwebserver.MockWebServer$2 acceptConnections
INFO: MockWebServer[55185] done accepting connections: Socket closed
Jan 02, 2022 6:30:30 AM com.squareup.okhttp.mockwebserver.MockWebServer$2 execute
INFO: MockWebServer[45955] starting to accept connections
Jan 02, 2022 6:30:30 AM com.squareup.okhttp.mockwebserver.MockWebServer$2 execute
INFO: MockWebServer[44093] starting to accept connections
Jan 02, 2022 6:30:30 AM com.squareup.okhttp.mockwebserver.MockWebServer$3 processOneRequest
INFO: MockWebServer[44093] received request: GET / HTTP/1.1 and responded: HTTP/1.1 200 OK
Jan 02, 2022 6:30:30 AM com.squareup.okhttp.mockwebserver.MockWebServer$3 processOneRequest
INFO: MockWebServer[44093] received request: GET / HTTP/1.1 and responded: HTTP/1.1 200 OK
Jan 02, 2022 6:30:30 AM com.squareup.okhttp.mockwebserver.MockWebServer$2 acceptConnections
INFO: MockWebServer[44093] done accepting connections: Socket closed
Jan 02, 2022 6:30:30 AM com.squareup.okhttp.mockwebserver.MockWebServer$2 acceptConnections
INFO: MockWebServer[45955] done accepting connections: Socket closed
Jan 02, 2022 6:30:30 AM com.squareup.okhttp.mockwebserver.MockWebServer$2 execute
INFO: MockWebServer[53647] starting to accept connections
Jan 02, 2022 6:30:30 AM com.squareup.okhttp.mockwebserver.MockWebServer$2 execute
INFO: MockWebServer[56261] starting to accept connections
Jan 02, 2022 6:30:30 AM com.squareup.okhttp.mockwebserver.MockWebServer$3 processOneRequest
INFO: MockWebServer[56261] received request: GET /a HTTP/1.1 and responded: HTTP/1.1 200 OK
Jan 02, 2022 6:30:30 AM com.squareup.okhttp.mockwebserver.MockWebServer$3 processOneRequest
INFO: MockWebServer[56261] received request: GET /a HTTP/1.1 and responded: HTTP/1.1 304 OK
Jan 02, 2022 6:30:30 AM com.squareup.okhttp.mockwebserver.MockWebServer$3 processOneRequest
INFO: MockWebServer[56261] received request: GET /b HTTP/1.1 and responded: HTTP/1.1 200 OK
Jan 02, 2022 6:30:30 AM com.squareup.okhttp.mockwebserver.MockWebServer$2 acceptConnections
INFO: MockWebServer[56261] done accepting connections: Socket closed
Jan 02, 2022 6:30:30 AM com.squareup.okhttp.mockwebserver.MockWebServer$2 acceptConnections
INFO: MockWebServer[53647] done accepting connections: Socket closed
Jan 02, 2022 6:30:30 AM com.squareup.okhttp.mockwebserver.MockWebServer$2 execute
INFO: MockWebServer[51405] starting to accept connections
Jan 02, 2022 6:30:30 AM com.squareup.okhttp.mockwebserver.MockWebServer$2 execute
INFO: MockWebServer[38009] starting to accept connections
Jan 02, 2022 6:30:30 AM com.squareup.okhttp.mockwebserver.MockWebServer$3 processOneRequest
INFO: MockWebServer[38009] received request: GET / HTTP/1.1 and responded: HTTP/1.1 200 OK
Jan 02, 2022 6:30:30 AM com.squareup.okhttp.mockwebserver.MockWebServer$3 processOneRequest
INFO: MockWebServer[38009] received request: GET / HTTP/1.1 and responded: HTTP/1.1 200 OK
Jan 02, 2022 6:30:30 AM com.squareup.okhttp.mockwebserver.MockWebServer$2 acceptConnections
INFO: MockWebServer[38009] done accepting connections: Socket closed
Jan 02, 2022 6:30:30 AM com.squareup.okhttp.mockwebserver.MockWebServer$2 acceptConnections
INFO: MockWebServer[51405] done accepting connections: Socket closed
Jan 02, 2022 6:30:30 AM com.squareup.okhttp.mockwebserver.MockWebServer$2 execute
INFO: MockWebServer[36157] starting to accept connections
Jan 02, 2022 6:30:30 AM com.squareup.okhttp.mockwebserver.MockWebServer$2 execute
INFO: MockWebServer[51019] starting to accept connections
Jan 02, 2022 6:30:30 AM com.squareup.okhttp.mockwebserver.MockWebServer$3 processOneRequest
INFO: MockWebServer[51019] received request: GET / HTTP/1.1 and responded: HTTP/1.1 200 OK
Jan 02, 2022 6:30:30 AM com.squareup.okhttp.mockwebserver.MockWebServer$3 processOneRequest
INFO: MockWebServer[51019] received request: GET / HTTP/1.1 and responded: HTTP/1.1 200 OK
Jan 02, 2022 6:30:30 AM com.squareup.okhttp.mockwebserver.MockWebServer$2 acceptConnections
INFO: MockWebServer[51019] done accepting connections: Socket closed
Jan 02, 2022 6:30:30 AM com.squareup.okhttp.mockwebserver.MockWebServer$2 acceptConnections
INFO: MockWebServer[36157] done accepting connections: Socket closed
Jan 02, 2022 6:30:30 AM com.squareup.okhttp.mockwebserver.MockWebServer$2 execute
INFO: MockWebServer[35661] starting to accept connections
Jan 02, 2022 6:30:30 AM com.squareup.okhttp.mockwebserver.MockWebServer$2 execute
INFO: MockWebServer[41113] starting to accept connections
Jan 02, 2022 6:30:30 AM com.squareup.okhttp.mockwebserver.MockWebServer$3 processOneRequest
INFO: MockWebServer[41113] received request: GET / HTTP/1.1 and responded: HTTP/1.1 200 OK
Jan 02, 2022 6:30:30 AM com.squareup.okhttp.mockwebserver.MockWebServer$3 processOneRequest
INFO: MockWebServer[41113] received request: GET / HTTP/1.1 and responded: HTTP/1.1 304 OK
Jan 02, 2022 6:30:30 AM com.squareup.okhttp.mockwebserver.MockWebServer$2 acceptConnections
INFO: MockWebServer[41113] done accepting connections: Socket closed
Jan 02, 2022 6:30:30 AM com.squareup.okhttp.mockwebserver.MockWebServer$2 acceptConnections
INFO: MockWebServer[35661] done accepting connections: Socket closed
Jan 02, 2022 6:30:30 AM com.squareup.okhttp.mockwebserver.MockWebServer$2 execute
INFO: MockWebServer[46885] starting to accept connections
Jan 02, 2022 6:30:30 AM com.squareup.okhttp.mockwebserver.MockWebServer$2 execute
INFO: MockWebServer[44977] starting to accept connections
Jan 02, 2022 6:30:30 AM com.squareup.okhttp.mockwebserver.MockWebServer$3 processOneRequest
INFO: MockWebServer[44977] received request: GET / HTTP/1.1 and responded: HTTP/1.1 200 OK
Jan 02, 2022 6:30:30 AM com.squareup.okhttp.mockwebserver.MockWebServer$3 processOneRequest
INFO: MockWebServer[44977] received request: DELETE / HTTP/1.1 and responded: HTTP/1.1 200 OK
Jan 02, 2022 6:30:30 AM com.squareup.okhttp.mockwebserver.MockWebServer$3 processOneRequest
INFO: MockWebServer[44977] received request: GET / HTTP/1.1 and responded: HTTP/1.1 200 OK
Jan 02, 2022 6:30:30 AM com.squareup.okhttp.mockwebserver.MockWebServer$2 acceptConnections
INFO: MockWebServer[44977] done accepting connections: Socket closed
Jan 02, 2022 6:30:30 AM com.squareup.okhttp.mockwebserver.MockWebServer$2 acceptConnections
INFO: MockWebServer[46885] done accepting connections: Socket closed
Jan 02, 2022 6:30:30 AM com.squareup.okhttp.mockwebserver.MockWebServer$2 execute
INFO: MockWebServer[38287] starting to accept connections
Jan 02, 2022 6:30:30 AM com.squareup.okhttp.mockwebserver.MockWebServer$2 execute
INFO: MockWebServer[56755] starting to accept connections
Jan 02, 2022 6:30:30 AM com.squareup.okhttp.mockwebserver.MockWebServer$3 processOneRequest
INFO: MockWebServer[56755] received request: GET / HTTP/1.1 and responded: HTTP/1.1 304 OK
Jan 02, 2022 6:30:30 AM com.squareup.okhttp.mockwebserver.MockWebServer$2 acceptConnections
INFO: MockWebServer[56755] done accepting connections: Socket closed
Jan 02, 2022 6:30:30 AM com.squareup.okhttp.mockwebserver.MockWebServer$2 acceptConnections
INFO: MockWebServer[38287] done accepting connections: Socket closed
Jan 02, 2022 6:30:30 AM com.squareup.okhttp.mockwebserver.MockWebServer$2 execute
INFO: MockWebServer[54329] starting to accept connections
Jan 02, 2022 6:30:30 AM com.squareup.okhttp.mockwebserver.MockWebServer$2 execute
INFO: MockWebServer[34159] starting to accept connections
Jan 02, 2022 6:30:30 AM com.squareup.okhttp.mockwebserver.MockWebServer$3 processOneRequest
INFO: MockWebServer[34159] received request: GET / HTTP/1.1 and responded: HTTP/1.1 200 OK
Jan 02, 2022 6:30:30 AM com.squareup.okhttp.mockwebserver.MockWebServer$3 processOneRequest
INFO: MockWebServer[34159] received request: GET / HTTP/1.1 and responded: HTTP/1.1 304 OK
Jan 02, 2022 6:30:30 AM com.squareup.okhttp.mockwebserver.MockWebServer$2 acceptConnections
INFO: MockWebServer[34159] done accepting connections: Socket closed
Jan 02, 2022 6:30:30 AM com.squareup.okhttp.mockwebserver.MockWebServer$2 acceptConnections
INFO: MockWebServer[54329] done accepting connections: Socket closed
Jan 02, 2022 6:30:30 AM com.squareup.okhttp.mockwebserver.MockWebServer$2 execute
INFO: MockWebServer[33231] starting to accept connections
Jan 02, 2022 6:30:30 AM com.squareup.okhttp.mockwebserver.MockWebServer$2 execute
INFO: MockWebServer[35373] starting to accept connections
Jan 02, 2022 6:30:30 AM com.squareup.okhttp.mockwebserver.MockWebServer$3 processOneRequest
INFO: MockWebServer[35373] received request: GET / HTTP/1.1 and responded: HTTP/1.1 200 OK
Jan 02, 2022 6:30:30 AM com.squareup.okhttp.mockwebserver.MockWebServer$2 acceptConnections
INFO: MockWebServer[35373] done accepting connections: Socket closed
Jan 02, 2022 6:30:30 AM com.squareup.okhttp.mockwebserver.MockWebServer$2 acceptConnections
INFO: MockWebServer[33231] done accepting connections: Socket closed
Jan 02, 2022 6:30:30 AM com.squareup.okhttp.mockwebserver.MockWebServer$2 execute
INFO: MockWebServer[60431] starting to accept connections
Jan 02, 2022 6:30:30 AM com.squareup.okhttp.mockwebserver.MockWebServer$2 execute
INFO: MockWebServer[41851] starting to accept connections
Jan 02, 2022 6:30:30 AM com.squareup.okhttp.mockwebserver.MockWebServer$3 processOneRequest
INFO: MockWebServer[41851] received request: GET /valid HTTP/1.1 and responded: HTTP/1.1 200 A-OK
Jan 02, 2022 6:30:30 AM com.squareup.okhttp.mockwebserver.MockWebServer$3 processOneRequest
INFO: MockWebServer[41851] received request: GET /valid HTTP/1.1 and responded: HTTP/1.1 304 OK
Jan 02, 2022 6:30:30 AM com.squareup.okhttp.mockwebserver.MockWebServer$3 processOneRequest
INFO: MockWebServer[41851] received request: GET /invalid HTTP/1.1 and responded: HTTP/1.1 200 B-OK
Jan 02, 2022 6:30:30 AM com.squareup.okhttp.mockwebserver.MockWebServer$3 processOneRequest
INFO: MockWebServer[41851] received request: GET /invalid HTTP/1.1 and responded: HTTP/1.1 200 C-OK
Jan 02, 2022 6:30:30 AM com.squareup.okhttp.mockwebserver.MockWebServer$2 acceptConnections
INFO: MockWebServer[41851] done accepting connections: Socket closed
Jan 02, 2022 6:30:30 AM com.squareup.okhttp.mockwebserver.MockWebServer$2 acceptConnections
INFO: MockWebServer[60431] done accepting connections: Socket closed
Jan 02, 2022 6:30:30 AM com.squareup.okhttp.mockwebserver.MockWebServer$2 execute
INFO: MockWebServer[48687] starting to accept connections
Jan 02, 2022 6:30:30 AM com.squareup.okhttp.mockwebserver.MockWebServer$2 execute
INFO: MockWebServer[42963] starting to accept connections
Jan 02, 2022 6:30:30 AM com.squareup.okhttp.mockwebserver.MockWebServer$3 processOneRequest
INFO: MockWebServer[42963] received request: GET / HTTP/1.1 and responded: HTTP/1.1 200 OK
Jan 02, 2022 6:30:30 AM com.squareup.okhttp.mockwebserver.MockWebServer$3 processOneRequest
INFO: MockWebServer[42963] received request: GET / HTTP/1.1 and responded: HTTP/1.1 200 OK
Jan 02, 2022 6:30:30 AM com.squareup.okhttp.mockwebserver.MockWebServer$2 acceptConnections
INFO: MockWebServer[42963] done accepting connections: Socket closed
Jan 02, 2022 6:30:30 AM com.squareup.okhttp.mockwebserver.MockWebServer$2 acceptConnections
INFO: MockWebServer[48687] done accepting connections: Socket closed
Jan 02, 2022 6:30:30 AM com.squareup.okhttp.mockwebserver.MockWebServer$2 execute
INFO: MockWebServer[33539] starting to accept connections
Jan 02, 2022 6:30:30 AM com.squareup.okhttp.mockwebserver.MockWebServer$2 execute
INFO: MockWebServer[33125] starting to accept connections
Jan 02, 2022 6:30:30 AM com.squareup.okhttp.mockwebserver.MockWebServer$3 processOneRequest
INFO: MockWebServer[33125] received request: GET / HTTP/1.1 and responded: HTTP/1.1 200 OK
Jan 02, 2022 6:30:30 AM com.squareup.okhttp.mockwebserver.MockWebServer$3 processOneRequest
INFO: MockWebServer[33125] received request: GET / HTTP/1.1 and responded: HTTP/1.1 304 OK
Jan 02, 2022 6:30:30 AM com.squareup.okhttp.mockwebserver.MockWebServer$2 acceptConnections
INFO: MockWebServer[33125] done accepting connections: Socket closed
Jan 02, 2022 6:30:30 AM com.squareup.okhttp.mockwebserver.MockWebServer$2 acceptConnections
INFO: MockWebServer[33539] done accepting connections: Socket closed
Jan 02, 2022 6:30:30 AM com.squareup.okhttp.mockwebserver.MockWebServer$2 execute
INFO: MockWebServer[53609] starting to accept connections
Jan 02, 2022 6:30:30 AM com.squareup.okhttp.mockwebserver.MockWebServer$2 execute
INFO: MockWebServer[33469] starting to accept connections
Jan 02, 2022 6:30:30 AM com.squareup.okhttp.mockwebserver.MockWebServer$3 processOneRequest
INFO: MockWebServer[33469] received request: GET / HTTP/1.1 and responded: HTTP/1.1 200 OK
Jan 02, 2022 6:30:30 AM com.squareup.okhttp.mockwebserver.MockWebServer$3 processOneRequest
INFO: MockWebServer[33469] received request: GET / HTTP/1.1 and responded: HTTP/1.1 200 OK
Jan 02, 2022 6:30:30 AM com.squareup.okhttp.mockwebserver.MockWebServer$3 processOneRequest
INFO: MockWebServer[33469] received request: GET / HTTP/1.1 and responded: HTTP/1.1 200 OK
Jan 02, 2022 6:30:30 AM com.squareup.okhttp.mockwebserver.MockWebServer$2 acceptConnections
INFO: MockWebServer[33469] done accepting connections: Socket closed
Jan 02, 2022 6:30:30 AM com.squareup.okhttp.mockwebserver.MockWebServer$2 acceptConnections
INFO: MockWebServer[53609] done accepting connections: Socket closed
Jan 02, 2022 6:30:30 AM com.squareup.okhttp.mockwebserver.MockWebServer$2 execute
INFO: MockWebServer[55907] starting to accept connections
Jan 02, 2022 6:30:30 AM com.squareup.okhttp.mockwebserver.MockWebServer$2 execute
INFO: MockWebServer[42533] starting to accept connections
Jan 02, 2022 6:30:30 AM com.squareup.okhttp.mockwebserver.MockWebServer$3 processOneRequest
INFO: MockWebServer[42533] received request: GET /valid HTTP/1.1 and responded: HTTP/1.1 200 A-OK
Jan 02, 2022 6:30:30 AM com.squareup.okhttp.mockwebserver.MockWebServer$3 processOneRequest
INFO: MockWebServer[42533] received request: GET /valid HTTP/1.1 and responded: HTTP/1.1 304 OK
Jan 02, 2022 6:30:30 AM com.squareup.okhttp.mockwebserver.MockWebServer$3 processOneRequest
INFO: MockWebServer[42533] received request: GET /invalid HTTP/1.1 and responded: HTTP/1.1 200 B-OK
Jan 02, 2022 6:30:30 AM com.squareup.okhttp.mockwebserver.MockWebServer$3 processOneRequest
INFO: MockWebServer[42533] received request: GET /invalid HTTP/1.1 and responded: HTTP/1.1 200 C-OK
Jan 02, 2022 6:30:31 AM com.squareup.okhttp.mockwebserver.MockWebServer$2 acceptConnections
INFO: MockWebServer[42533] done accepting connections: Socket closed
Jan 02, 2022 6:30:31 AM com.squareup.okhttp.mockwebserver.MockWebServer$2 acceptConnections
INFO: MockWebServer[55907] done accepting connections: Socket closed
Jan 02, 2022 6:30:31 AM com.squareup.okhttp.mockwebserver.MockWebServer$2 execute
INFO: MockWebServer[57621] starting to accept connections
Jan 02, 2022 6:30:31 AM com.squareup.okhttp.mockwebserver.MockWebServer$2 execute
INFO: MockWebServer[56007] starting to accept connections
Jan 02, 2022 6:30:31 AM com.squareup.okhttp.mockwebserver.MockWebServer$3 processOneRequest
INFO: MockWebServer[56007] received request: GET / HTTP/1.1 and responded: HTTP/1.1 200 OK
Jan 02, 2022 6:30:31 AM com.squareup.okhttp.mockwebserver.MockWebServer$2 acceptConnections
INFO: MockWebServer[56007] done accepting connections: Socket closed
Jan 02, 2022 6:30:31 AM com.squareup.okhttp.mockwebserver.MockWebServer$2 acceptConnections
INFO: MockWebServer[57621] done accepting connections: Socket closed
Jan 02, 2022 6:30:31 AM com.squareup.okhttp.mockwebserver.MockWebServer$2 execute
INFO: MockWebServer[59899] starting to accept connections
Jan 02, 2022 6:30:31 AM com.squareup.okhttp.mockwebserver.MockWebServer$2 execute
INFO: MockWebServer[59757] starting to accept connections
Jan 02, 2022 6:30:31 AM com.squareup.okhttp.mockwebserver.MockWebServer$3 processOneRequest
INFO: MockWebServer[59757] received request: GET / HTTP/1.1 and responded: HTTP/1.1 206 OK
Jan 02, 2022 6:30:31 AM com.squareup.okhttp.mockwebserver.MockWebServer$3 processOneRequest
INFO: MockWebServer[59757] received request: GET / HTTP/1.1 and responded: HTTP/1.1 200 OK
Jan 02, 2022 6:30:31 AM com.squareup.okhttp.mockwebserver.MockWebServer$2 acceptConnections
INFO: MockWebServer[59757] done accepting connections: Socket closed
Jan 02, 2022 6:30:31 AM com.squareup.okhttp.mockwebserver.MockWebServer$2 acceptConnections
INFO: MockWebServer[59899] done accepting connections: Socket closed
Jan 02, 2022 6:30:31 AM com.squareup.okhttp.mockwebserver.MockWebServer$2 execute
INFO: MockWebServer[39473] starting to accept connections
Jan 02, 2022 6:30:31 AM com.squareup.okhttp.mockwebserver.MockWebServer$2 execute
INFO: MockWebServer[39685] starting to accept connections
Jan 02, 2022 6:30:31 AM com.squareup.okhttp.mockwebserver.MockWebServer$3 processOneRequest
INFO: MockWebServer[39685] received request: OPTIONS / HTTP/1.1 and responded: HTTP/1.1 200 OK
Jan 02, 2022 6:30:31 AM com.squareup.okhttp.mockwebserver.MockWebServer$3 processOneRequest
INFO: MockWebServer[39685] received request: GET / HTTP/1.1 and responded: HTTP/1.1 200 OK
Jan 02, 2022 6:30:31 AM com.squareup.okhttp.mockwebserver.MockWebServer$2 acceptConnections
INFO: MockWebServer[39685] done accepting connections: Socket closed
Jan 02, 2022 6:30:31 AM com.squareup.okhttp.mockwebserver.MockWebServer$2 acceptConnections
INFO: MockWebServer[39473] done accepting connections: Socket closed
Jan 02, 2022 6:30:31 AM com.squareup.okhttp.mockwebserver.MockWebServer$2 execute
INFO: MockWebServer[40299] starting to accept connections
Jan 02, 2022 6:30:31 AM com.squareup.okhttp.mockwebserver.MockWebServer$2 execute
INFO: MockWebServer[34007] starting to accept connections
Jan 02, 2022 6:30:31 AM com.squareup.okhttp.mockwebserver.MockWebServer$3 processOneRequest
INFO: MockWebServer[34007] received request: GET /foo HTTP/1.1 and responded: HTTP/1.1 200 OK
Jan 02, 2022 6:30:31 AM com.squareup.okhttp.mockwebserver.MockWebServer$3 processOneRequest
INFO: MockWebServer[34007] received request: GET /bar HTTP/1.1 and responded: HTTP/1.1 301 OK
Jan 02, 2022 6:30:31 AM com.squareup.okhttp.mockwebserver.MockWebServer$3 processOneRequest
INFO: MockWebServer[34007] received request: GET /baz HTTP/1.1 and responded: HTTP/1.1 200 OK
Jan 02, 2022 6:30:31 AM com.squareup.okhttp.mockwebserver.MockWebServer$2 acceptConnections
INFO: MockWebServer[34007] done accepting connections: Socket closed
Jan 02, 2022 6:30:31 AM com.squareup.okhttp.mockwebserver.MockWebServer$2 acceptConnections
INFO: MockWebServer[40299] done accepting connections: Socket closed
Jan 02, 2022 6:30:31 AM com.squareup.okhttp.mockwebserver.MockWebServer$2 execute
INFO: MockWebServer[48459] starting to accept connections
Jan 02, 2022 6:30:31 AM com.squareup.okhttp.mockwebserver.MockWebServer$2 execute
INFO: MockWebServer[56065] starting to accept connections
Jan 02, 2022 6:30:31 AM com.squareup.okhttp.mockwebserver.MockWebServer$3 processOneRequest
INFO: MockWebServer[56065] received request: GET / HTTP/1.1 and responded: HTTP/1.1 200 OK
Jan 02, 2022 6:30:31 AM com.squareup.okhttp.mockwebserver.MockWebServer$3 execute
SEVERE: MockWebServer[56065] connection from /127.0.0.1 crashed
java.lang.IllegalStateException: closed
	at okio.RealBufferedSource.indexOf(RealBufferedSource.java:253)
	at okio.RealBufferedSource.indexOf(RealBufferedSource.java:249)
	at okio.RealBufferedSource.readUtf8LineStrict(RealBufferedSource.java:196)
	at com.squareup.okhttp.mockwebserver.MockWebServer.readRequest(MockWebServer.java:527)
	at com.squareup.okhttp.mockwebserver.MockWebServer.access$1400(MockWebServer.java:85)
	at com.squareup.okhttp.mockwebserver.MockWebServer$3.processOneRequest(MockWebServer.java:454)
	at com.squareup.okhttp.mockwebserver.MockWebServer$3.processConnection(MockWebServer.java:416)
	at com.squareup.okhttp.mockwebserver.MockWebServer$3.execute(MockWebServer.java:358)
	at com.squareup.okhttp.internal.NamedRunnable.run(NamedRunnable.java:33)
	at java.util.concurrent.ThreadPoolExecutor.runWorker(ThreadPoolExecutor.java:1142)
	at java.util.concurrent.ThreadPoolExecutor$Worker.run(ThreadPoolExecutor.java:617)
	at java.lang.Thread.run(Thread.java:745)

Jan 02, 2022 6:30:31 AM com.squareup.okhttp.mockwebserver.MockWebServer$3 processOneRequest
INFO: MockWebServer[56065] received request: GET / HTTP/1.1 and responded: HTTP/1.1 200 OK
Jan 02, 2022 6:30:31 AM com.squareup.okhttp.mockwebserver.MockWebServer$2 acceptConnections
INFO: MockWebServer[56065] done accepting connections: Socket closed
Jan 02, 2022 6:30:31 AM com.squareup.okhttp.mockwebserver.MockWebServer$2 acceptConnections
INFO: MockWebServer[48459] done accepting connections: Socket closed
Jan 02, 2022 6:30:31 AM com.squareup.okhttp.mockwebserver.MockWebServer$2 execute
INFO: MockWebServer[57623] starting to accept connections
Jan 02, 2022 6:30:31 AM com.squareup.okhttp.mockwebserver.MockWebServer$2 execute
INFO: MockWebServer[37905] starting to accept connections
Jan 02, 2022 6:30:31 AM com.squareup.okhttp.mockwebserver.MockWebServer$3 processOneRequest
INFO: MockWebServer[37905] received request: GET / HTTP/1.1 and responded: HTTP/1.1 200 OK
Jan 02, 2022 6:30:31 AM com.squareup.okhttp.mockwebserver.MockWebServer$2 acceptConnections
INFO: MockWebServer[37905] done accepting connections: Socket closed
Jan 02, 2022 6:30:31 AM com.squareup.okhttp.mockwebserver.MockWebServer$2 acceptConnections
INFO: MockWebServer[57623] done accepting connections: Socket closed
Jan 02, 2022 6:30:31 AM com.squareup.okhttp.mockwebserver.MockWebServer$2 execute
INFO: MockWebServer[38053] starting to accept connections
Jan 02, 2022 6:30:31 AM com.squareup.okhttp.mockwebserver.MockWebServer$2 execute
INFO: MockWebServer[60947] starting to accept connections
Jan 02, 2022 6:30:31 AM com.squareup.okhttp.mockwebserver.MockWebServer$3 processOneRequest
INFO: MockWebServer[60947] received request: GET / HTTP/1.1 and responded: HTTP/1.1 200 OK
Jan 02, 2022 6:30:31 AM com.squareup.okhttp.mockwebserver.MockWebServer$3 processOneRequest
INFO: MockWebServer[60947] received request: GET / HTTP/1.1 and responded: HTTP/1.1 200 OK
Jan 02, 2022 6:30:31 AM com.squareup.okhttp.mockwebserver.MockWebServer$2 acceptConnections
INFO: MockWebServer[60947] done accepting connections: Socket closed
Jan 02, 2022 6:30:31 AM com.squareup.okhttp.mockwebserver.MockWebServer$2 acceptConnections
INFO: MockWebServer[38053] done accepting connections: Socket closed
Jan 02, 2022 6:30:31 AM com.squareup.okhttp.mockwebserver.MockWebServer$2 execute
INFO: MockWebServer[33119] starting to accept connections
Jan 02, 2022 6:30:31 AM com.squareup.okhttp.mockwebserver.MockWebServer$2 execute
INFO: MockWebServer[44135] starting to accept connections
Jan 02, 2022 6:30:31 AM com.squareup.okhttp.mockwebserver.MockWebServer$2 acceptConnections
INFO: MockWebServer[44135] done accepting connections: Socket closed
Jan 02, 2022 6:30:31 AM com.squareup.okhttp.mockwebserver.MockWebServer$2 acceptConnections
INFO: MockWebServer[33119] done accepting connections: Socket closed
Jan 02, 2022 6:30:31 AM com.squareup.okhttp.mockwebserver.MockWebServer$2 execute
INFO: MockWebServer[42481] starting to accept connections
Jan 02, 2022 6:30:31 AM com.squareup.okhttp.mockwebserver.MockWebServer$2 execute
INFO: MockWebServer[47535] starting to accept connections
Jan 02, 2022 6:30:31 AM com.squareup.okhttp.mockwebserver.MockWebServer$3 processOneRequest
INFO: MockWebServer[47535] received request: GET /valid HTTP/1.1 and responded: HTTP/1.1 200 A-OK
Jan 02, 2022 6:30:31 AM com.squareup.okhttp.mockwebserver.MockWebServer$3 processOneRequest
INFO: MockWebServer[47535] received request: GET /valid HTTP/1.1 and responded: HTTP/1.1 304 OK
Jan 02, 2022 6:30:31 AM com.squareup.okhttp.mockwebserver.MockWebServer$3 processOneRequest
INFO: MockWebServer[47535] received request: GET /invalid HTTP/1.1 and responded: HTTP/1.1 200 B-OK
Jan 02, 2022 6:30:31 AM com.squareup.okhttp.mockwebserver.MockWebServer$3 processOneRequest
INFO: MockWebServer[47535] received request: GET /invalid HTTP/1.1 and responded: HTTP/1.1 200 C-OK
Jan 02, 2022 6:30:31 AM com.squareup.okhttp.mockwebserver.MockWebServer$2 acceptConnections
INFO: MockWebServer[47535] done accepting connections: Socket closed
Jan 02, 2022 6:30:31 AM com.squareup.okhttp.mockwebserver.MockWebServer$2 acceptConnections
INFO: MockWebServer[42481] done accepting connections: Socket closed
Jan 02, 2022 6:30:31 AM com.squareup.okhttp.mockwebserver.MockWebServer$2 execute
INFO: MockWebServer[60705] starting to accept connections
Jan 02, 2022 6:30:31 AM com.squareup.okhttp.mockwebserver.MockWebServer$2 execute
INFO: MockWebServer[48215] starting to accept connections
Jan 02, 2022 6:30:31 AM com.squareup.okhttp.mockwebserver.MockWebServer$2 execute
INFO: MockWebServer[41441] starting to accept connections
Jan 02, 2022 6:30:31 AM com.squareup.okhttp.mockwebserver.MockWebServer$3 processOneRequest
INFO: MockWebServer[41441] received request: GET / HTTP/1.1 and responded: HTTP/1.1 101 OK
Jan 02, 2022 6:30:31 AM com.squareup.okhttp.mockwebserver.MockWebServer$2 acceptConnections
INFO: MockWebServer[41441] done accepting connections: Socket closed
Jan 02, 2022 6:30:31 AM com.squareup.okhttp.mockwebserver.MockWebServer$2 execute
INFO: MockWebServer[51065] starting to accept connections
Jan 02, 2022 6:30:31 AM com.squareup.okhttp.mockwebserver.MockWebServer$3 processOneRequest
INFO: MockWebServer[51065] received request: GET / HTTP/1.1 and responded: HTTP/1.1 102 OK
Jan 02, 2022 6:30:31 AM com.squareup.okhttp.mockwebserver.MockWebServer$2 acceptConnections
INFO: MockWebServer[51065] done accepting connections: Socket closed
Jan 02, 2022 6:30:31 AM com.squareup.okhttp.mockwebserver.MockWebServer$2 execute
INFO: MockWebServer[58219] starting to accept connections
Jan 02, 2022 6:30:31 AM com.squareup.okhttp.mockwebserver.MockWebServer$3 processOneRequest
INFO: MockWebServer[58219] received request: GET / HTTP/1.1 and responded: HTTP/1.1 200 OK
Jan 02, 2022 6:30:31 AM com.squareup.okhttp.mockwebserver.MockWebServer$2 acceptConnections
INFO: MockWebServer[58219] done accepting connections: Socket closed
Jan 02, 2022 6:30:31 AM com.squareup.okhttp.mockwebserver.MockWebServer$2 execute
INFO: MockWebServer[55453] starting to accept connections
Jan 02, 2022 6:30:31 AM com.squareup.okhttp.mockwebserver.MockWebServer$3 processOneRequest
INFO: MockWebServer[55453] received request: GET / HTTP/1.1 and responded: HTTP/1.1 201 OK
Jan 02, 2022 6:30:31 AM com.squareup.okhttp.mockwebserver.MockWebServer$2 acceptConnections
INFO: MockWebServer[55453] done accepting connections: Socket closed
Jan 02, 2022 6:30:31 AM com.squareup.okhttp.mockwebserver.MockWebServer$2 execute
INFO: MockWebServer[58153] starting to accept connections
Jan 02, 2022 6:30:31 AM com.squareup.okhttp.mockwebserver.MockWebServer$3 processOneRequest
INFO: MockWebServer[58153] received request: GET / HTTP/1.1 and responded: HTTP/1.1 202 OK
Jan 02, 2022 6:30:31 AM com.squareup.okhttp.mockwebserver.MockWebServer$2 acceptConnections
INFO: MockWebServer[58153] done accepting connections: Socket closed
Jan 02, 2022 6:30:31 AM com.squareup.okhttp.mockwebserver.MockWebServer$2 execute
INFO: MockWebServer[38405] starting to accept connections
Jan 02, 2022 6:30:31 AM com.squareup.okhttp.mockwebserver.MockWebServer$3 processOneRequest
INFO: MockWebServer[38405] received request: GET / HTTP/1.1 and responded: HTTP/1.1 203 OK
Jan 02, 2022 6:30:31 AM com.squareup.okhttp.mockwebserver.MockWebServer$2 acceptConnections
INFO: MockWebServer[38405] done accepting connections: Socket closed
Jan 02, 2022 6:30:31 AM com.squareup.okhttp.mockwebserver.MockWebServer$2 execute
INFO: MockWebServer[44639] starting to accept connections
Jan 02, 2022 6:30:31 AM com.squareup.okhttp.mockwebserver.MockWebServer$3 processOneRequest
INFO: MockWebServer[44639] received request: GET / HTTP/1.1 and responded: HTTP/1.1 204 OK
Jan 02, 2022 6:30:31 AM com.squareup.okhttp.mockwebserver.MockWebServer$2 acceptConnections
INFO: MockWebServer[44639] done accepting connections: Socket closed
Jan 02, 2022 6:30:31 AM com.squareup.okhttp.mockwebserver.MockWebServer$2 execute
INFO: MockWebServer[59197] starting to accept connections
Jan 02, 2022 6:30:31 AM com.squareup.okhttp.mockwebserver.MockWebServer$3 processOneRequest
INFO: MockWebServer[59197] received request: GET / HTTP/1.1 and responded: HTTP/1.1 205 OK
Jan 02, 2022 6:30:31 AM com.squareup.okhttp.mockwebserver.MockWebServer$2 acceptConnections
INFO: MockWebServer[59197] done accepting connections: Socket closed
Jan 02, 2022 6:30:31 AM com.squareup.okhttp.mockwebserver.MockWebServer$2 execute
INFO: MockWebServer[54977] starting to accept connections
Jan 02, 2022 6:30:31 AM com.squareup.okhttp.mockwebserver.MockWebServer$3 processOneRequest
INFO: MockWebServer[54977] received request: GET / HTTP/1.1 and responded: HTTP/1.1 206 OK
Jan 02, 2022 6:30:31 AM com.squareup.okhttp.mockwebserver.MockWebServer$2 acceptConnections
INFO: MockWebServer[54977] done accepting connections: Socket closed
Jan 02, 2022 6:30:31 AM com.squareup.okhttp.mockwebserver.MockWebServer$2 execute
INFO: MockWebServer[35311] starting to accept connections
Jan 02, 2022 6:30:31 AM com.squareup.okhttp.mockwebserver.MockWebServer$3 processOneRequest
INFO: MockWebServer[35311] received request: GET / HTTP/1.1 and responded: HTTP/1.1 207 OK
Jan 02, 2022 6:30:31 AM com.squareup.okhttp.mockwebserver.MockWebServer$2 acceptConnections
INFO: MockWebServer[35311] done accepting connections: Socket closed
Jan 02, 2022 6:30:31 AM com.squareup.okhttp.mockwebserver.MockWebServer$2 execute
INFO: MockWebServer[50937] starting to accept connections
Jan 02, 2022 6:30:31 AM com.squareup.okhttp.mockwebserver.MockWebServer$3 processOneRequest
INFO: MockWebServer[50937] received request: GET / HTTP/1.1 and responded: HTTP/1.1 300 OK
Jan 02, 2022 6:30:31 AM com.squareup.okhttp.mockwebserver.MockWebServer$2 acceptConnections
INFO: MockWebServer[50937] done accepting connections: Socket closed
Jan 02, 2022 6:30:31 AM com.squareup.okhttp.mockwebserver.MockWebServer$2 execute
INFO: MockWebServer[50505] starting to accept connections
Jan 02, 2022 6:30:31 AM com.squareup.okhttp.mockwebserver.MockWebServer$3 processOneRequest
INFO: MockWebServer[50505] received request: GET / HTTP/1.1 and responded: HTTP/1.1 301 OK
Jan 02, 2022 6:30:31 AM com.squareup.okhttp.mockwebserver.MockWebServer$2 acceptConnections
INFO: MockWebServer[50505] done accepting connections: Socket closed
Jan 02, 2022 6:30:31 AM com.squareup.okhttp.mockwebserver.MockWebServer$2 execute
INFO: MockWebServer[38769] starting to accept connections
Jan 02, 2022 6:30:31 AM com.squareup.okhttp.mockwebserver.MockWebServer$3 processOneRequest
INFO: MockWebServer[38769] received request: GET / HTTP/1.1 and responded: HTTP/1.1 302 OK
Jan 02, 2022 6:30:31 AM com.squareup.okhttp.mockwebserver.MockWebServer$2 acceptConnections
INFO: MockWebServer[38769] done accepting connections: Socket closed
Jan 02, 2022 6:30:31 AM com.squareup.okhttp.mockwebserver.MockWebServer$2 execute
INFO: MockWebServer[46955] starting to accept connections
Jan 02, 2022 6:30:31 AM com.squareup.okhttp.mockwebserver.MockWebServer$3 processOneRequest
INFO: MockWebServer[46955] received request: GET / HTTP/1.1 and responded: HTTP/1.1 303 OK
Jan 02, 2022 6:30:31 AM com.squareup.okhttp.mockwebserver.MockWebServer$2 acceptConnections
INFO: MockWebServer[46955] done accepting connections: Socket closed
Jan 02, 2022 6:30:31 AM com.squareup.okhttp.mockwebserver.MockWebServer$2 execute
INFO: MockWebServer[44903] starting to accept connections
Jan 02, 2022 6:30:31 AM com.squareup.okhttp.mockwebserver.MockWebServer$3 processOneRequest
INFO: MockWebServer[44903] received request: GET / HTTP/1.1 and responded: HTTP/1.1 304 OK
Jan 02, 2022 6:30:31 AM com.squareup.okhttp.mockwebserver.MockWebServer$2 acceptConnections
INFO: MockWebServer[44903] done accepting connections: Socket closed
Jan 02, 2022 6:30:31 AM com.squareup.okhttp.mockwebserver.MockWebServer$2 execute
INFO: MockWebServer[39225] starting to accept connections
Jan 02, 2022 6:30:31 AM com.squareup.okhttp.mockwebserver.MockWebServer$3 processOneRequest
INFO: MockWebServer[39225] received request: GET / HTTP/1.1 and responded: HTTP/1.1 305 OK
Jan 02, 2022 6:30:31 AM com.squareup.okhttp.mockwebserver.MockWebServer$2 acceptConnections
INFO: MockWebServer[39225] done accepting connections: Socket closed
Jan 02, 2022 6:30:31 AM com.squareup.okhttp.mockwebserver.MockWebServer$2 execute
INFO: MockWebServer[53695] starting to accept connections
Jan 02, 2022 6:30:31 AM com.squareup.okhttp.mockwebserver.MockWebServer$3 processOneRequest
INFO: MockWebServer[53695] received request: GET / HTTP/1.1 and responded: HTTP/1.1 306 OK
Jan 02, 2022 6:30:31 AM com.squareup.okhttp.mockwebserver.MockWebServer$2 acceptConnections
INFO: MockWebServer[53695] done accepting connections: Socket closed
Jan 02, 2022 6:30:31 AM com.squareup.okhttp.mockwebserver.MockWebServer$2 execute
INFO: MockWebServer[43781] starting to accept connections
Jan 02, 2022 6:30:31 AM com.squareup.okhttp.mockwebserver.MockWebServer$3 processOneRequest
INFO: MockWebServer[43781] received request: GET / HTTP/1.1 and responded: HTTP/1.1 307 OK
Jan 02, 2022 6:30:31 AM com.squareup.okhttp.mockwebserver.MockWebServer$2 acceptConnections
INFO: MockWebServer[43781] done accepting connections: Socket closed
Jan 02, 2022 6:30:31 AM com.squareup.okhttp.mockwebserver.MockWebServer$2 execute
INFO: MockWebServer[53077] starting to accept connections
Jan 02, 2022 6:30:31 AM com.squareup.okhttp.mockwebserver.MockWebServer$3 processOneRequest
INFO: MockWebServer[53077] received request: GET / HTTP/1.1 and responded: HTTP/1.1 308 OK
Jan 02, 2022 6:30:31 AM com.squareup.okhttp.mockwebserver.MockWebServer$2 acceptConnections
INFO: MockWebServer[53077] done accepting connections: Socket closed
Jan 02, 2022 6:30:31 AM com.squareup.okhttp.mockwebserver.MockWebServer$2 execute
INFO: MockWebServer[44139] starting to accept connections
Jan 02, 2022 6:30:31 AM com.squareup.okhttp.mockwebserver.MockWebServer$3 processOneRequest
INFO: MockWebServer[44139] received request: GET / HTTP/1.1 and responded: HTTP/1.1 400 OK
Jan 02, 2022 6:30:31 AM com.squareup.okhttp.mockwebserver.MockWebServer$2 acceptConnections
INFO: MockWebServer[44139] done accepting connections: Socket closed
Jan 02, 2022 6:30:31 AM com.squareup.okhttp.mockwebserver.MockWebServer$2 execute
INFO: MockWebServer[39117] starting to accept connections
Jan 02, 2022 6:30:31 AM com.squareup.okhttp.mockwebserver.MockWebServer$3 processOneRequest
INFO: MockWebServer[39117] received request: GET / HTTP/1.1 and responded: HTTP/1.1 401 OK
Jan 02, 2022 6:30:31 AM com.squareup.okhttp.mockwebserver.MockWebServer$2 acceptConnections
INFO: MockWebServer[39117] done accepting connections: Socket closed
Jan 02, 2022 6:30:31 AM com.squareup.okhttp.mockwebserver.MockWebServer$2 execute
INFO: MockWebServer[36763] starting to accept connections
Jan 02, 2022 6:30:31 AM com.squareup.okhttp.mockwebserver.MockWebServer$3 processOneRequest
INFO: MockWebServer[36763] received request: GET / HTTP/1.1 and responded: HTTP/1.1 402 OK
Jan 02, 2022 6:30:31 AM com.squareup.okhttp.mockwebserver.MockWebServer$2 acceptConnections
INFO: MockWebServer[36763] done accepting connections: Socket closed
Jan 02, 2022 6:30:31 AM com.squareup.okhttp.mockwebserver.MockWebServer$2 execute
INFO: MockWebServer[52033] starting to accept connections
Jan 02, 2022 6:30:31 AM com.squareup.okhttp.mockwebserver.MockWebServer$3 processOneRequest
INFO: MockWebServer[52033] received request: GET / HTTP/1.1 and responded: HTTP/1.1 403 OK
Jan 02, 2022 6:30:31 AM com.squareup.okhttp.mockwebserver.MockWebServer$2 acceptConnections
INFO: MockWebServer[52033] done accepting connections: Socket closed
Jan 02, 2022 6:30:31 AM com.squareup.okhttp.mockwebserver.MockWebServer$2 execute
INFO: MockWebServer[43831] starting to accept connections
Jan 02, 2022 6:30:31 AM com.squareup.okhttp.mockwebserver.MockWebServer$3 processOneRequest
INFO: MockWebServer[43831] received request: GET / HTTP/1.1 and responded: HTTP/1.1 404 OK
Jan 02, 2022 6:30:31 AM com.squareup.okhttp.mockwebserver.MockWebServer$2 acceptConnections
INFO: MockWebServer[43831] done accepting connections: Socket closed
Jan 02, 2022 6:30:31 AM com.squareup.okhttp.mockwebserver.MockWebServer$2 execute
INFO: MockWebServer[56327] starting to accept connections
Jan 02, 2022 6:30:31 AM com.squareup.okhttp.mockwebserver.MockWebServer$3 processOneRequest
INFO: MockWebServer[56327] received request: GET / HTTP/1.1 and responded: HTTP/1.1 405 OK
Jan 02, 2022 6:30:31 AM com.squareup.okhttp.mockwebserver.MockWebServer$2 acceptConnections
INFO: MockWebServer[56327] done accepting connections: Socket closed
Jan 02, 2022 6:30:31 AM com.squareup.okhttp.mockwebserver.MockWebServer$2 execute
INFO: MockWebServer[44673] starting to accept connections
Jan 02, 2022 6:30:31 AM com.squareup.okhttp.mockwebserver.MockWebServer$3 processOneRequest
INFO: MockWebServer[44673] received request: GET / HTTP/1.1 and responded: HTTP/1.1 406 OK
Jan 02, 2022 6:30:31 AM com.squareup.okhttp.mockwebserver.MockWebServer$2 acceptConnections
INFO: MockWebServer[44673] done accepting connections: Socket closed
Jan 02, 2022 6:30:31 AM com.squareup.okhttp.mockwebserver.MockWebServer$2 execute
INFO: MockWebServer[43649] starting to accept connections
Jan 02, 2022 6:30:31 AM com.squareup.okhttp.mockwebserver.MockWebServer$3 processOneRequest
INFO: MockWebServer[43649] received request: GET / HTTP/1.1 and responded: HTTP/1.1 408 OK
Jan 02, 2022 6:30:31 AM com.squareup.okhttp.mockwebserver.MockWebServer$2 acceptConnections
INFO: MockWebServer[43649] done accepting connections: Socket closed
Jan 02, 2022 6:30:31 AM com.squareup.okhttp.mockwebserver.MockWebServer$2 execute
INFO: MockWebServer[57353] starting to accept connections
Jan 02, 2022 6:30:31 AM com.squareup.okhttp.mockwebserver.MockWebServer$3 processOneRequest
INFO: MockWebServer[57353] received request: GET / HTTP/1.1 and responded: HTTP/1.1 409 OK
Jan 02, 2022 6:30:31 AM com.squareup.okhttp.mockwebserver.MockWebServer$2 acceptConnections
INFO: MockWebServer[57353] done accepting connections: Socket closed
Jan 02, 2022 6:30:31 AM com.squareup.okhttp.mockwebserver.MockWebServer$2 execute
INFO: MockWebServer[57099] starting to accept connections
Jan 02, 2022 6:30:31 AM com.squareup.okhttp.mockwebserver.MockWebServer$3 processOneRequest
INFO: MockWebServer[57099] received request: GET / HTTP/1.1 and responded: HTTP/1.1 410 OK
Jan 02, 2022 6:30:31 AM com.squareup.okhttp.mockwebserver.MockWebServer$2 acceptConnections
INFO: MockWebServer[57099] done accepting connections: Socket closed
Jan 02, 2022 6:30:31 AM com.squareup.okhttp.mockwebserver.MockWebServer$2 execute
INFO: MockWebServer[36649] starting to accept connections
Jan 02, 2022 6:30:31 AM com.squareup.okhttp.mockwebserver.MockWebServer$3 processOneRequest
INFO: MockWebServer[36649] received request: GET / HTTP/1.1 and responded: HTTP/1.1 411 OK
Jan 02, 2022 6:30:31 AM com.squareup.okhttp.mockwebserver.MockWebServer$2 acceptConnections
INFO: MockWebServer[36649] done accepting connections: Socket closed
Jan 02, 2022 6:30:31 AM com.squareup.okhttp.mockwebserver.MockWebServer$2 execute
INFO: MockWebServer[33829] starting to accept connections
Jan 02, 2022 6:30:31 AM com.squareup.okhttp.mockwebserver.MockWebServer$3 processOneRequest
INFO: MockWebServer[33829] received request: GET / HTTP/1.1 and responded: HTTP/1.1 412 OK
Jan 02, 2022 6:30:31 AM com.squareup.okhttp.mockwebserver.MockWebServer$2 acceptConnections
INFO: MockWebServer[33829] done accepting connections: Socket closed
Jan 02, 2022 6:30:31 AM com.squareup.okhttp.mockwebserver.MockWebServer$2 execute
INFO: MockWebServer[54141] starting to accept connections
Jan 02, 2022 6:30:31 AM com.squareup.okhttp.mockwebserver.MockWebServer$3 processOneRequest
INFO: MockWebServer[54141] received request: GET / HTTP/1.1 and responded: HTTP/1.1 413 OK
Jan 02, 2022 6:30:31 AM com.squareup.okhttp.mockwebserver.MockWebServer$2 acceptConnections
INFO: MockWebServer[54141] done accepting connections: Socket closed
Jan 02, 2022 6:30:31 AM com.squareup.okhttp.mockwebserver.MockWebServer$2 execute
INFO: MockWebServer[47221] starting to accept connections
Jan 02, 2022 6:30:31 AM com.squareup.okhttp.mockwebserver.MockWebServer$3 processOneRequest
INFO: MockWebServer[47221] received request: GET / HTTP/1.1 and responded: HTTP/1.1 414 OK
Jan 02, 2022 6:30:31 AM com.squareup.okhttp.mockwebserver.MockWebServer$2 acceptConnections
INFO: MockWebServer[47221] done accepting connections: Socket closed
Jan 02, 2022 6:30:31 AM com.squareup.okhttp.mockwebserver.MockWebServer$2 execute
INFO: MockWebServer[46861] starting to accept connections
Jan 02, 2022 6:30:31 AM com.squareup.okhttp.mockwebserver.MockWebServer$3 processOneRequest
INFO: MockWebServer[46861] received request: GET / HTTP/1.1 and responded: HTTP/1.1 415 OK
Jan 02, 2022 6:30:31 AM com.squareup.okhttp.mockwebserver.MockWebServer$2 acceptConnections
INFO: MockWebServer[46861] done accepting connections: Socket closed
Jan 02, 2022 6:30:31 AM com.squareup.okhttp.mockwebserver.MockWebServer$2 execute
INFO: MockWebServer[47951] starting to accept connections
Jan 02, 2022 6:30:31 AM com.squareup.okhttp.mockwebserver.MockWebServer$3 processOneRequest
INFO: MockWebServer[47951] received request: GET / HTTP/1.1 and responded: HTTP/1.1 416 OK
Jan 02, 2022 6:30:31 AM com.squareup.okhttp.mockwebserver.MockWebServer$2 acceptConnections
INFO: MockWebServer[47951] done accepting connections: Socket closed
Jan 02, 2022 6:30:31 AM com.squareup.okhttp.mockwebserver.MockWebServer$2 execute
INFO: MockWebServer[39385] starting to accept connections
Jan 02, 2022 6:30:31 AM com.squareup.okhttp.mockwebserver.MockWebServer$3 processOneRequest
INFO: MockWebServer[39385] received request: GET / HTTP/1.1 and responded: HTTP/1.1 417 OK
Jan 02, 2022 6:30:31 AM com.squareup.okhttp.mockwebserver.MockWebServer$2 acceptConnections
INFO: MockWebServer[39385] done accepting connections: Socket closed
Jan 02, 2022 6:30:31 AM com.squareup.okhttp.mockwebserver.MockWebServer$2 execute
INFO: MockWebServer[44473] starting to accept connections
Jan 02, 2022 6:30:31 AM com.squareup.okhttp.mockwebserver.MockWebServer$3 processOneRequest
INFO: MockWebServer[44473] received request: GET / HTTP/1.1 and responded: HTTP/1.1 418 OK
Jan 02, 2022 6:30:31 AM com.squareup.okhttp.mockwebserver.MockWebServer$2 acceptConnections
INFO: MockWebServer[44473] done accepting connections: Socket closed
Jan 02, 2022 6:30:31 AM com.squareup.okhttp.mockwebserver.MockWebServer$2 execute
INFO: MockWebServer[59321] starting to accept connections
Jan 02, 2022 6:30:31 AM com.squareup.okhttp.mockwebserver.MockWebServer$3 processOneRequest
INFO: MockWebServer[59321] received request: GET / HTTP/1.1 and responded: HTTP/1.1 500 OK
Jan 02, 2022 6:30:31 AM com.squareup.okhttp.mockwebserver.MockWebServer$2 acceptConnections
INFO: MockWebServer[59321] done accepting connections: Socket closed
Jan 02, 2022 6:30:31 AM com.squareup.okhttp.mockwebserver.MockWebServer$2 execute
INFO: MockWebServer[33719] starting to accept connections
Jan 02, 2022 6:30:31 AM com.squareup.okhttp.mockwebserver.MockWebServer$3 processOneRequest
INFO: MockWebServer[33719] received request: GET / HTTP/1.1 and responded: HTTP/1.1 501 OK
Jan 02, 2022 6:30:31 AM com.squareup.okhttp.mockwebserver.MockWebServer$2 acceptConnections
INFO: MockWebServer[33719] done accepting connections: Socket closed
Jan 02, 2022 6:30:31 AM com.squareup.okhttp.mockwebserver.MockWebServer$2 execute
INFO: MockWebServer[48207] starting to accept connections
Jan 02, 2022 6:30:31 AM com.squareup.okhttp.mockwebserver.MockWebServer$3 processOneRequest
INFO: MockWebServer[48207] received request: GET / HTTP/1.1 and responded: HTTP/1.1 502 OK
Jan 02, 2022 6:30:31 AM com.squareup.okhttp.mockwebserver.MockWebServer$2 acceptConnections
INFO: MockWebServer[48207] done accepting connections: Socket closed
Jan 02, 2022 6:30:31 AM com.squareup.okhttp.mockwebserver.MockWebServer$2 execute
INFO: MockWebServer[48289] starting to accept connections
Jan 02, 2022 6:30:31 AM com.squareup.okhttp.mockwebserver.MockWebServer$3 processOneRequest
INFO: MockWebServer[48289] received request: GET / HTTP/1.1 and responded: HTTP/1.1 503 OK
Jan 02, 2022 6:30:31 AM com.squareup.okhttp.mockwebserver.MockWebServer$2 acceptConnections
INFO: MockWebServer[48289] done accepting connections: Socket closed
Jan 02, 2022 6:30:31 AM com.squareup.okhttp.mockwebserver.MockWebServer$2 execute
INFO: MockWebServer[48641] starting to accept connections
Jan 02, 2022 6:30:31 AM com.squareup.okhttp.mockwebserver.MockWebServer$3 processOneRequest
INFO: MockWebServer[48641] received request: GET / HTTP/1.1 and responded: HTTP/1.1 504 OK
Jan 02, 2022 6:30:31 AM com.squareup.okhttp.mockwebserver.MockWebServer$2 acceptConnections
INFO: MockWebServer[48641] done accepting connections: Socket closed
Jan 02, 2022 6:30:31 AM com.squareup.okhttp.mockwebserver.MockWebServer$2 execute
INFO: MockWebServer[58781] starting to accept connections
Jan 02, 2022 6:30:31 AM com.squareup.okhttp.mockwebserver.MockWebServer$3 processOneRequest
INFO: MockWebServer[58781] received request: GET / HTTP/1.1 and responded: HTTP/1.1 505 OK
Jan 02, 2022 6:30:31 AM com.squareup.okhttp.mockwebserver.MockWebServer$2 acceptConnections
INFO: MockWebServer[58781] done accepting connections: Socket closed
Jan 02, 2022 6:30:31 AM com.squareup.okhttp.mockwebserver.MockWebServer$2 execute
INFO: MockWebServer[41363] starting to accept connections
Jan 02, 2022 6:30:31 AM com.squareup.okhttp.mockwebserver.MockWebServer$3 processOneRequest
INFO: MockWebServer[41363] received request: GET / HTTP/1.1 and responded: HTTP/1.1 506 OK
Jan 02, 2022 6:30:31 AM com.squareup.okhttp.mockwebserver.MockWebServer$2 acceptConnections
INFO: MockWebServer[41363] done accepting connections: Socket closed
Jan 02, 2022 6:30:31 AM com.squareup.okhttp.mockwebserver.MockWebServer$2 acceptConnections
INFO: MockWebServer[48215] done accepting connections: Socket closed
Jan 02, 2022 6:30:31 AM com.squareup.okhttp.mockwebserver.MockWebServer$2 acceptConnections
INFO: MockWebServer[60705] done accepting connections: Socket closed
Jan 02, 2022 6:30:31 AM com.squareup.okhttp.mockwebserver.MockWebServer$2 execute
INFO: MockWebServer[44347] starting to accept connections
Jan 02, 2022 6:30:31 AM com.squareup.okhttp.mockwebserver.MockWebServer$2 execute
INFO: MockWebServer[50075] starting to accept connections
Jan 02, 2022 6:30:31 AM com.squareup.okhttp.mockwebserver.MockWebServer$3 processOneRequest
INFO: MockWebServer[50075] received request: GET / HTTP/1.1 and responded: HTTP/1.1 200 OK
Jan 02, 2022 6:30:31 AM com.squareup.okhttp.mockwebserver.MockWebServer$3 execute
SEVERE: MockWebServer[50075] connection from /127.0.0.1 crashed
java.lang.IllegalStateException: closed
	at okio.RealBufferedSource.indexOf(RealBufferedSource.java:253)
	at okio.RealBufferedSource.indexOf(RealBufferedSource.java:249)
	at okio.RealBufferedSource.readUtf8LineStrict(RealBufferedSource.java:196)
	at com.squareup.okhttp.mockwebserver.MockWebServer.readRequest(MockWebServer.java:527)
	at com.squareup.okhttp.mockwebserver.MockWebServer.access$1400(MockWebServer.java:85)
	at com.squareup.okhttp.mockwebserver.MockWebServer$3.processOneRequest(MockWebServer.java:454)
	at com.squareup.okhttp.mockwebserver.MockWebServer$3.processConnection(MockWebServer.java:416)
	at com.squareup.okhttp.mockwebserver.MockWebServer$3.execute(MockWebServer.java:358)
	at com.squareup.okhttp.internal.NamedRunnable.run(NamedRunnable.java:33)
	at java.util.concurrent.ThreadPoolExecutor.runWorker(ThreadPoolExecutor.java:1142)
	at java.util.concurrent.ThreadPoolExecutor$Worker.run(ThreadPoolExecutor.java:617)
	at java.lang.Thread.run(Thread.java:745)

Jan 02, 2022 6:30:31 AM com.squareup.okhttp.mockwebserver.MockWebServer$3 processOneRequest
INFO: MockWebServer[50075] received request: GET / HTTP/1.1 and responded: HTTP/1.1 200 OK
Jan 02, 2022 6:30:31 AM com.squareup.okhttp.mockwebserver.MockWebServer$2 acceptConnections
INFO: MockWebServer[50075] done accepting connections: Socket closed
Jan 02, 2022 6:30:31 AM com.squareup.okhttp.mockwebserver.MockWebServer$2 acceptConnections
INFO: MockWebServer[44347] done accepting connections: Socket closed
Jan 02, 2022 6:30:31 AM com.squareup.okhttp.mockwebserver.MockWebServer$2 execute
INFO: MockWebServer[60969] starting to accept connections
Jan 02, 2022 6:30:31 AM com.squareup.okhttp.mockwebserver.MockWebServer$2 execute
INFO: MockWebServer[45841] starting to accept connections
Jan 02, 2022 6:30:31 AM com.squareup.okhttp.mockwebserver.MockWebServer$3 processOneRequest
INFO: MockWebServer[45841] received request: GET / HTTP/1.1 and responded: HTTP/1.1 200 OK
Jan 02, 2022 6:30:31 AM com.squareup.okhttp.mockwebserver.MockWebServer$2 acceptConnections
INFO: MockWebServer[45841] done accepting connections: Socket closed
Jan 02, 2022 6:30:31 AM com.squareup.okhttp.mockwebserver.MockWebServer$2 acceptConnections
INFO: MockWebServer[60969] done accepting connections: Socket closed
Jan 02, 2022 6:30:31 AM com.squareup.okhttp.mockwebserver.MockWebServer$2 execute
INFO: MockWebServer[33881] starting to accept connections
Jan 02, 2022 6:30:31 AM com.squareup.okhttp.mockwebserver.MockWebServer$2 execute
INFO: MockWebServer[54735] starting to accept connections
Jan 02, 2022 6:30:31 AM com.squareup.okhttp.mockwebserver.MockWebServer$3 processOneRequest
INFO: MockWebServer[54735] received request: TRACE / HTTP/1.1 and responded: HTTP/1.1 200 OK
Jan 02, 2022 6:30:31 AM com.squareup.okhttp.mockwebserver.MockWebServer$3 processOneRequest
INFO: MockWebServer[54735] received request: GET / HTTP/1.1 and responded: HTTP/1.1 200 OK
Jan 02, 2022 6:30:31 AM com.squareup.okhttp.mockwebserver.MockWebServer$2 acceptConnections
INFO: MockWebServer[54735] done accepting connections: Socket closed
Jan 02, 2022 6:30:31 AM com.squareup.okhttp.mockwebserver.MockWebServer$2 acceptConnections
INFO: MockWebServer[33881] done accepting connections: Socket closed
Jan 02, 2022 6:30:31 AM com.squareup.okhttp.mockwebserver.MockWebServer$2 execute
INFO: MockWebServer[52493] starting to accept connections
Jan 02, 2022 6:30:31 AM com.squareup.okhttp.mockwebserver.MockWebServer$2 execute
INFO: MockWebServer[47191] starting to accept connections
Jan 02, 2022 6:30:31 AM com.squareup.okhttp.mockwebserver.MockWebServer$3 processOneRequest
INFO: MockWebServer[47191] received request: DELETE / HTTP/1.1 and responded: HTTP/1.1 200 OK
Jan 02, 2022 6:30:31 AM com.squareup.okhttp.mockwebserver.MockWebServer$3 processOneRequest
INFO: MockWebServer[47191] received request: GET / HTTP/1.1 and responded: HTTP/1.1 200 OK
Jan 02, 2022 6:30:31 AM com.squareup.okhttp.mockwebserver.MockWebServer$2 acceptConnections
INFO: MockWebServer[47191] done accepting connections: Socket closed
Jan 02, 2022 6:30:31 AM com.squareup.okhttp.mockwebserver.MockWebServer$2 acceptConnections
INFO: MockWebServer[52493] done accepting connections: Socket closed
Jan 02, 2022 6:30:31 AM com.squareup.okhttp.mockwebserver.MockWebServer$2 execute
INFO: MockWebServer[49049] starting to accept connections
Jan 02, 2022 6:30:31 AM com.squareup.okhttp.mockwebserver.MockWebServer$2 execute
INFO: MockWebServer[50777] starting to accept connections
Jan 02, 2022 6:30:31 AM com.squareup.okhttp.mockwebserver.MockWebServer$3 processOneRequest
INFO: MockWebServer[50777] received request: GET / HTTP/1.1 and responded: HTTP/1.1 200 OK
Jan 02, 2022 6:30:31 AM com.squareup.okhttp.mockwebserver.MockWebServer$2 acceptConnections
INFO: MockWebServer[50777] done accepting connections: Socket closed
Jan 02, 2022 6:30:31 AM com.squareup.okhttp.mockwebserver.MockWebServer$2 acceptConnections
INFO: MockWebServer[49049] done accepting connections: Socket closed
Jan 02, 2022 6:30:31 AM com.squareup.okhttp.mockwebserver.MockWebServer$2 execute
INFO: MockWebServer[49997] starting to accept connections
Jan 02, 2022 6:30:31 AM com.squareup.okhttp.mockwebserver.MockWebServer$2 execute
INFO: MockWebServer[46429] starting to accept connections
Jan 02, 2022 6:30:31 AM com.squareup.okhttp.mockwebserver.MockWebServer$3 processOneRequest
INFO: MockWebServer[46429] received request: GET / HTTP/1.1 and responded: HTTP/1.1 200 OK
Jan 02, 2022 6:30:31 AM com.squareup.okhttp.mockwebserver.MockWebServer$3 processOneRequest
INFO: MockWebServer[46429] received request: GET / HTTP/1.1 and responded: HTTP/1.1 304 OK
Jan 02, 2022 6:30:31 AM com.squareup.okhttp.mockwebserver.MockWebServer$2 acceptConnections
INFO: MockWebServer[46429] done accepting connections: Socket closed
Jan 02, 2022 6:30:31 AM com.squareup.okhttp.mockwebserver.MockWebServer$2 acceptConnections
INFO: MockWebServer[49997] done accepting connections: Socket closed
Jan 02, 2022 6:30:31 AM com.squareup.okhttp.mockwebserver.MockWebServer$2 execute
INFO: MockWebServer[57355] starting to accept connections
Jan 02, 2022 6:30:31 AM com.squareup.okhttp.mockwebserver.MockWebServer$2 execute
INFO: MockWebServer[36973] starting to accept connections
Jan 02, 2022 6:30:31 AM com.squareup.okhttp.mockwebserver.MockWebServer$3 processOneRequest
INFO: MockWebServer[36973] received request: GET /valid HTTP/1.1 and responded: HTTP/1.1 200 A-OK
Jan 02, 2022 6:30:31 AM com.squareup.okhttp.mockwebserver.MockWebServer$3 processOneRequest
INFO: MockWebServer[36973] received request: GET /valid HTTP/1.1 and responded: HTTP/1.1 304 OK
Jan 02, 2022 6:30:31 AM com.squareup.okhttp.mockwebserver.MockWebServer$3 processOneRequest
INFO: MockWebServer[36973] received request: GET /invalid HTTP/1.1 and responded: HTTP/1.1 200 B-OK
Jan 02, 2022 6:30:31 AM com.squareup.okhttp.mockwebserver.MockWebServer$3 processOneRequest
INFO: MockWebServer[36973] received request: GET /invalid HTTP/1.1 and responded: HTTP/1.1 200 C-OK
Jan 02, 2022 6:30:31 AM com.squareup.okhttp.mockwebserver.MockWebServer$2 acceptConnections
INFO: MockWebServer[36973] done accepting connections: Socket closed
Jan 02, 2022 6:30:31 AM com.squareup.okhttp.mockwebserver.MockWebServer$2 acceptConnections
INFO: MockWebServer[57355] done accepting connections: Socket closed
Jan 02, 2022 6:30:31 AM com.squareup.okhttp.mockwebserver.MockWebServer$2 execute
INFO: MockWebServer[39607] starting to accept connections
Jan 02, 2022 6:30:31 AM com.squareup.okhttp.mockwebserver.MockWebServer$2 execute
INFO: MockWebServer[43559] starting to accept connections
Jan 02, 2022 6:30:31 AM com.squareup.okhttp.mockwebserver.MockWebServer$3 processOneRequest
INFO: MockWebServer[43559] received request: GET / HTTP/1.1 and responded: HTTP/1.1 200 OK
Jan 02, 2022 6:30:31 AM com.squareup.okhttp.mockwebserver.MockWebServer$2 acceptConnections
INFO: MockWebServer[43559] done accepting connections: Socket closed
Jan 02, 2022 6:30:31 AM com.squareup.okhttp.mockwebserver.MockWebServer$2 acceptConnections
INFO: MockWebServer[39607] done accepting connections: Socket closed
Jan 02, 2022 6:30:31 AM com.squareup.okhttp.mockwebserver.MockWebServer$2 execute
INFO: MockWebServer[42817] starting to accept connections
Jan 02, 2022 6:30:31 AM com.squareup.okhttp.mockwebserver.MockWebServer$2 execute
INFO: MockWebServer[47803] starting to accept connections
Jan 02, 2022 6:30:31 AM com.squareup.okhttp.mockwebserver.MockWebServer$3 processOneRequest
INFO: MockWebServer[47803] received request: GET / HTTP/1.1 and responded: HTTP/1.1 200 Fantastic
Jan 02, 2022 6:30:31 AM com.squareup.okhttp.mockwebserver.MockWebServer$2 acceptConnections
INFO: MockWebServer[47803] done accepting connections: Socket closed
Jan 02, 2022 6:30:31 AM com.squareup.okhttp.mockwebserver.MockWebServer$2 acceptConnections
INFO: MockWebServer[42817] done accepting connections: Socket closed
Jan 02, 2022 6:30:31 AM com.squareup.okhttp.mockwebserver.MockWebServer$2 execute
INFO: MockWebServer[48167] starting to accept connections
Jan 02, 2022 6:30:31 AM com.squareup.okhttp.mockwebserver.MockWebServer$2 execute
INFO: MockWebServer[60969] starting to accept connections
Jan 02, 2022 6:30:31 AM com.squareup.okhttp.mockwebserver.MockWebServer$3 processOneRequest
INFO: MockWebServer[60969] received request: GET / HTTP/1.1 and responded: HTTP/1.1 301 OK
Jan 02, 2022 6:30:31 AM com.squareup.okhttp.mockwebserver.MockWebServer$3 processOneRequest
INFO: MockWebServer[60969] received request: GET /foo HTTP/1.1 and responded: HTTP/1.1 200 OK
Jan 02, 2022 6:30:31 AM com.squareup.okhttp.mockwebserver.MockWebServer$2 acceptConnections
INFO: MockWebServer[60969] done accepting connections: Socket closed
Jan 02, 2022 6:30:31 AM com.squareup.okhttp.mockwebserver.MockWebServer$2 acceptConnections
INFO: MockWebServer[48167] done accepting connections: Socket closed
Jan 02, 2022 6:30:31 AM com.squareup.okhttp.mockwebserver.MockWebServer$2 execute
INFO: MockWebServer[37375] starting to accept connections
Jan 02, 2022 6:30:31 AM com.squareup.okhttp.mockwebserver.MockWebServer$2 execute
INFO: MockWebServer[33529] starting to accept connections
Jan 02, 2022 6:30:31 AM com.squareup.okhttp.mockwebserver.MockWebServer$3 processOneRequest
INFO: MockWebServer[33529] received request: GET / HTTP/1.1 and responded: HTTP/1.1 200 OK
Jan 02, 2022 6:30:31 AM com.squareup.okhttp.mockwebserver.MockWebServer$2 acceptConnections
INFO: MockWebServer[33529] done accepting connections: Socket closed
Jan 02, 2022 6:30:31 AM com.squareup.okhttp.mockwebserver.MockWebServer$2 acceptConnections
INFO: MockWebServer[37375] done accepting connections: Socket closed
Jan 02, 2022 6:30:31 AM com.squareup.okhttp.mockwebserver.MockWebServer$2 execute
INFO: MockWebServer[60755] starting to accept connections
Jan 02, 2022 6:30:31 AM com.squareup.okhttp.mockwebserver.MockWebServer$2 execute
INFO: MockWebServer[51299] starting to accept connections
Jan 02, 2022 6:30:31 AM com.squareup.okhttp.mockwebserver.MockWebServer$3 processOneRequest
INFO: MockWebServer[51299] received request: GET / HTTP/1.1 and responded: HTTP/1.1 200 OK
Jan 02, 2022 6:30:31 AM com.squareup.okhttp.mockwebserver.MockWebServer$2 acceptConnections
INFO: MockWebServer[51299] done accepting connections: Socket closed
Jan 02, 2022 6:30:31 AM com.squareup.okhttp.mockwebserver.MockWebServer$2 acceptConnections
INFO: MockWebServer[60755] done accepting connections: Socket closed
Jan 02, 2022 6:30:31 AM com.squareup.okhttp.mockwebserver.MockWebServer$2 execute
INFO: MockWebServer[41843] starting to accept connections
Jan 02, 2022 6:30:31 AM com.squareup.okhttp.mockwebserver.MockWebServer$2 execute
INFO: MockWebServer[48609] starting to accept connections
Jan 02, 2022 6:30:31 AM com.squareup.okhttp.mockwebserver.MockWebServer$3 processOneRequest
INFO: MockWebServer[48609] received request: GET / HTTP/1.1 and responded: HTTP/1.1 200 OK
Jan 02, 2022 6:30:31 AM com.squareup.okhttp.mockwebserver.MockWebServer$2 acceptConnections
INFO: MockWebServer[48609] done accepting connections: Socket closed
Jan 02, 2022 6:30:31 AM com.squareup.okhttp.mockwebserver.MockWebServer$2 acceptConnections
INFO: MockWebServer[41843] done accepting connections: Socket closed
Jan 02, 2022 6:30:31 AM com.squareup.okhttp.mockwebserver.MockWebServer$2 execute
INFO: MockWebServer[50141] starting to accept connections
Jan 02, 2022 6:30:31 AM com.squareup.okhttp.mockwebserver.MockWebServer$2 execute
INFO: MockWebServer[36577] starting to accept connections
Jan 02, 2022 6:30:31 AM com.squareup.okhttp.mockwebserver.MockWebServer$3 processOneRequest
INFO: MockWebServer[36577] received request: GET / HTTP/1.1 and responded: HTTP/1.1 200 OK
Jan 02, 2022 6:30:31 AM com.squareup.okhttp.mockwebserver.MockWebServer$3 processOneRequest
INFO: MockWebServer[36577] received request: POST / HTTP/1.1 and responded: HTTP/1.1 500 OK
Jan 02, 2022 6:30:31 AM com.squareup.okhttp.mockwebserver.MockWebServer$3 processOneRequest
INFO: MockWebServer[36577] received request: GET / HTTP/1.1 and responded: HTTP/1.1 200 OK
Jan 02, 2022 6:30:31 AM com.squareup.okhttp.mockwebserver.MockWebServer$2 acceptConnections
INFO: MockWebServer[36577] done accepting connections: Socket closed
Jan 02, 2022 6:30:31 AM com.squareup.okhttp.mockwebserver.MockWebServer$2 acceptConnections
INFO: MockWebServer[50141] done accepting connections: Socket closed
Jan 02, 2022 6:30:31 AM com.squareup.okhttp.mockwebserver.MockWebServer$2 execute
INFO: MockWebServer[60421] starting to accept connections
Jan 02, 2022 6:30:31 AM com.squareup.okhttp.mockwebserver.MockWebServer$2 execute
INFO: MockWebServer[58141] starting to accept connections
Jan 02, 2022 6:30:31 AM com.squareup.okhttp.mockwebserver.MockWebServer$3 processOneRequest
INFO: MockWebServer[58141] received request: GET / HTTP/1.1 and responded: HTTP/1.1 200 OK
Jan 02, 2022 6:30:31 AM com.squareup.okhttp.mockwebserver.MockWebServer$2 acceptConnections
INFO: MockWebServer[58141] done accepting connections: Socket closed
Jan 02, 2022 6:30:31 AM com.squareup.okhttp.mockwebserver.MockWebServer$2 acceptConnections
INFO: MockWebServer[60421] done accepting connections: Socket closed
Jan 02, 2022 6:30:31 AM com.squareup.okhttp.mockwebserver.MockWebServer$2 execute
INFO: MockWebServer[44279] starting to accept connections
Jan 02, 2022 6:30:31 AM com.squareup.okhttp.mockwebserver.MockWebServer$2 execute
INFO: MockWebServer[37909] starting to accept connections
Jan 02, 2022 6:30:31 AM com.squareup.okhttp.mockwebserver.MockWebServer$3 processOneRequest
INFO: MockWebServer[37909] received request: GET / HTTP/1.1 and responded: HTTP/1.1 301 OK
Jan 02, 2022 6:30:31 AM com.squareup.okhttp.mockwebserver.MockWebServer$3 processOneRequest
INFO: MockWebServer[37909] received request: GET /foo HTTP/1.1 and responded: HTTP/1.1 200 OK
Jan 02, 2022 6:30:31 AM com.squareup.okhttp.mockwebserver.MockWebServer$2 acceptConnections
INFO: MockWebServer[37909] done accepting connections: Socket closed
Jan 02, 2022 6:30:31 AM com.squareup.okhttp.mockwebserver.MockWebServer$2 acceptConnections
INFO: MockWebServer[44279] done accepting connections: Socket closed
Jan 02, 2022 6:30:31 AM com.squareup.okhttp.mockwebserver.MockWebServer$2 execute
INFO: MockWebServer[49563] starting to accept connections
Jan 02, 2022 6:30:31 AM com.squareup.okhttp.mockwebserver.MockWebServer$2 execute
INFO: MockWebServer[57759] starting to accept connections
Jan 02, 2022 6:30:31 AM com.squareup.okhttp.mockwebserver.MockWebServer$3 processOneRequest
INFO: MockWebServer[57759] received request: GET /valid HTTP/1.1 and responded: HTTP/1.1 200 A-OK
Jan 02, 2022 6:30:31 AM com.squareup.okhttp.mockwebserver.MockWebServer$3 processOneRequest
INFO: MockWebServer[57759] received request: GET /valid HTTP/1.1 and responded: HTTP/1.1 304 OK
Jan 02, 2022 6:30:31 AM com.squareup.okhttp.mockwebserver.MockWebServer$3 processOneRequest
INFO: MockWebServer[57759] received request: GET /invalid HTTP/1.1 and responded: HTTP/1.1 200 B-OK
Jan 02, 2022 6:30:31 AM com.squareup.okhttp.mockwebserver.MockWebServer$3 processOneRequest
INFO: MockWebServer[57759] received request: GET /invalid HTTP/1.1 and responded: HTTP/1.1 200 C-OK
Jan 02, 2022 6:30:31 AM com.squareup.okhttp.mockwebserver.MockWebServer$2 acceptConnections
INFO: MockWebServer[57759] done accepting connections: Socket closed
Jan 02, 2022 6:30:31 AM com.squareup.okhttp.mockwebserver.MockWebServer$2 acceptConnections
INFO: MockWebServer[49563] done accepting connections: Socket closed
Jan 02, 2022 6:30:31 AM com.squareup.okhttp.mockwebserver.MockWebServer$2 execute
INFO: MockWebServer[44417] starting to accept connections
Jan 02, 2022 6:30:31 AM com.squareup.okhttp.mockwebserver.MockWebServer$2 execute
INFO: MockWebServer[55943] starting to accept connections
Jan 02, 2022 6:30:31 AM com.squareup.okhttp.mockwebserver.MockWebServer$3 processOneRequest
INFO: MockWebServer[55943] received request: GET / HTTP/1.1 and responded: HTTP/1.1 200 OK
Jan 02, 2022 6:30:31 AM com.squareup.okhttp.mockwebserver.MockWebServer$2 acceptConnections
INFO: MockWebServer[55943] done accepting connections: Socket closed
Jan 02, 2022 6:30:31 AM com.squareup.okhttp.mockwebserver.MockWebServer$2 acceptConnections
INFO: MockWebServer[44417] done accepting connections: Socket closed
Jan 02, 2022 6:30:31 AM com.squareup.okhttp.mockwebserver.MockWebServer$2 execute
INFO: MockWebServer[53291] starting to accept connections
Jan 02, 2022 6:30:31 AM com.squareup.okhttp.mockwebserver.MockWebServer$2 execute
INFO: MockWebServer[40875] starting to accept connections
Jan 02, 2022 6:30:31 AM com.squareup.okhttp.mockwebserver.MockWebServer$3 processOneRequest
INFO: MockWebServer[40875] received request: GET / HTTP/1.1 and responded: HTTP/1.1 200 OK
Jan 02, 2022 6:30:31 AM com.squareup.okhttp.mockwebserver.MockWebServer$3 processOneRequest
INFO: MockWebServer[40875] received request: GET / HTTP/1.1 and responded: HTTP/1.1 304 OK
Jan 02, 2022 6:30:31 AM com.squareup.okhttp.mockwebserver.MockWebServer$2 acceptConnections
INFO: MockWebServer[40875] done accepting connections: Socket closed
Jan 02, 2022 6:30:31 AM com.squareup.okhttp.mockwebserver.MockWebServer$2 acceptConnections
INFO: MockWebServer[53291] done accepting connections: Socket closed
Jan 02, 2022 6:30:31 AM com.squareup.okhttp.mockwebserver.MockWebServer$2 execute
INFO: MockWebServer[51833] starting to accept connections
Jan 02, 2022 6:30:31 AM com.squareup.okhttp.mockwebserver.MockWebServer$2 execute
INFO: MockWebServer[45927] starting to accept connections
Jan 02, 2022 6:30:31 AM com.squareup.okhttp.mockwebserver.MockWebServer$3 processOneRequest
INFO: MockWebServer[45927] received request: GET / HTTP/1.1 and responded: HTTP/1.1 200 OK
Jan 02, 2022 6:30:31 AM com.squareup.okhttp.mockwebserver.MockWebServer$2 acceptConnections
INFO: MockWebServer[45927] done accepting connections: Socket closed
Jan 02, 2022 6:30:31 AM com.squareup.okhttp.mockwebserver.MockWebServer$2 acceptConnections
INFO: MockWebServer[51833] done accepting connections: Socket closed
Jan 02, 2022 6:30:31 AM com.squareup.okhttp.mockwebserver.MockWebServer$2 execute
INFO: MockWebServer[58947] starting to accept connections
Jan 02, 2022 6:30:31 AM com.squareup.okhttp.mockwebserver.MockWebServer$2 execute
INFO: MockWebServer[55853] starting to accept connections
Jan 02, 2022 6:30:31 AM com.squareup.okhttp.mockwebserver.MockWebServer$3 processOneRequest
INFO: MockWebServer[55853] received request: GET / HTTP/1.1 and responded: HTTP/1.1 200 OK
Jan 02, 2022 6:30:31 AM com.squareup.okhttp.mockwebserver.MockWebServer$2 acceptConnections
INFO: MockWebServer[55853] done accepting connections: Socket closed
Jan 02, 2022 6:30:31 AM com.squareup.okhttp.mockwebserver.MockWebServer$2 acceptConnections
INFO: MockWebServer[58947] done accepting connections: Socket closed
Jan 02, 2022 6:30:31 AM com.squareup.okhttp.mockwebserver.MockWebServer$2 execute
INFO: MockWebServer[53619] starting to accept connections
Jan 02, 2022 6:30:31 AM com.squareup.okhttp.mockwebserver.MockWebServer$2 execute
INFO: MockWebServer[54865] starting to accept connections
Jan 02, 2022 6:30:31 AM com.squareup.okhttp.mockwebserver.MockWebServer$3 processOneRequest
INFO: MockWebServer[54865] received request: GET / HTTP/1.1 and responded: HTTP/1.1 200 OK
Jan 02, 2022 6:30:31 AM com.squareup.okhttp.mockwebserver.MockWebServer$3 processOneRequest
INFO: MockWebServer[54865] received request: GET / HTTP/1.1 and responded: HTTP/1.1 200 OK
Jan 02, 2022 6:30:31 AM com.squareup.okhttp.mockwebserver.MockWebServer$2 acceptConnections
INFO: MockWebServer[54865] done accepting connections: Socket closed
Jan 02, 2022 6:30:31 AM com.squareup.okhttp.mockwebserver.MockWebServer$2 acceptConnections
INFO: MockWebServer[53619] done accepting connections: Socket closed
Jan 02, 2022 6:30:31 AM com.squareup.okhttp.mockwebserver.MockWebServer$2 execute
INFO: MockWebServer[46495] starting to accept connections
Jan 02, 2022 6:30:31 AM com.squareup.okhttp.mockwebserver.MockWebServer$2 execute
INFO: MockWebServer[37317] starting to accept connections
Jan 02, 2022 6:30:31 AM com.squareup.okhttp.mockwebserver.MockWebServer$3 processOneRequest
INFO: MockWebServer[37317] received request: GET / HTTP/1.1 and responded: HTTP/1.1 200 OK
Jan 02, 2022 6:30:31 AM com.squareup.okhttp.mockwebserver.MockWebServer$2 acceptConnections
INFO: MockWebServer[37317] done accepting connections: Socket closed
Jan 02, 2022 6:30:31 AM com.squareup.okhttp.mockwebserver.MockWebServer$2 acceptConnections
INFO: MockWebServer[46495] done accepting connections: Socket closed
Jan 02, 2022 6:30:31 AM com.squareup.okhttp.mockwebserver.MockWebServer$2 execute
INFO: MockWebServer[54265] starting to accept connections
Jan 02, 2022 6:30:31 AM com.squareup.okhttp.mockwebserver.MockWebServer$2 execute
INFO: MockWebServer[45787] starting to accept connections
Jan 02, 2022 6:30:31 AM com.squareup.okhttp.mockwebserver.MockWebServer$3 processOneRequest
INFO: MockWebServer[45787] received request: GET / HTTP/1.1 and responded: HTTP/1.1 200 OK
Jan 02, 2022 6:30:32 AM com.squareup.okhttp.mockwebserver.MockWebServer$2 acceptConnections
INFO: MockWebServer[45787] done accepting connections: Socket closed
Jan 02, 2022 6:30:32 AM com.squareup.okhttp.mockwebserver.MockWebServer$2 acceptConnections
INFO: MockWebServer[54265] done accepting connections: Socket closed
Jan 02, 2022 6:30:32 AM com.squareup.okhttp.mockwebserver.MockWebServer$2 execute
INFO: MockWebServer[49639] starting to accept connections
Jan 02, 2022 6:30:32 AM com.squareup.okhttp.mockwebserver.MockWebServer$2 execute
INFO: MockWebServer[40463] starting to accept connections
Jan 02, 2022 6:30:32 AM com.squareup.okhttp.mockwebserver.MockWebServer$3 processOneRequest
INFO: MockWebServer[40463] received request: GET / HTTP/1.1 and responded: HTTP/1.1 200 OK
Jan 02, 2022 6:30:32 AM com.squareup.okhttp.mockwebserver.MockWebServer$2 acceptConnections
INFO: MockWebServer[40463] done accepting connections: Socket closed
Jan 02, 2022 6:30:32 AM com.squareup.okhttp.mockwebserver.MockWebServer$2 acceptConnections
INFO: MockWebServer[49639] done accepting connections: Socket closed
Jan 02, 2022 6:30:32 AM com.squareup.okhttp.mockwebserver.MockWebServer$2 execute
INFO: MockWebServer[50709] starting to accept connections
Jan 02, 2022 6:30:32 AM com.squareup.okhttp.mockwebserver.MockWebServer$2 execute
INFO: MockWebServer[49443] starting to accept connections
Jan 02, 2022 6:30:32 AM com.squareup.okhttp.mockwebserver.MockWebServer$3 processOneRequest
INFO: MockWebServer[49443] received request: GET / HTTP/1.1 and responded: HTTP/1.1 200 OK
Jan 02, 2022 6:30:32 AM com.squareup.okhttp.mockwebserver.MockWebServer$2 acceptConnections
INFO: MockWebServer[49443] done accepting connections: Socket closed
Jan 02, 2022 6:30:32 AM com.squareup.okhttp.mockwebserver.MockWebServer$2 acceptConnections
INFO: MockWebServer[50709] done accepting connections: Socket closed
Jan 02, 2022 6:30:32 AM com.squareup.okhttp.mockwebserver.MockWebServer$2 execute
INFO: MockWebServer[50341] starting to accept connections
Jan 02, 2022 6:30:32 AM com.squareup.okhttp.mockwebserver.MockWebServer$2 execute
INFO: MockWebServer[57069] starting to accept connections
Jan 02, 2022 6:30:32 AM com.squareup.okhttp.mockwebserver.MockWebServer$3 processOneRequest
INFO: MockWebServer[57069] received request: GET / HTTP/1.1 and responded: HTTP/1.1 200 OK
Jan 02, 2022 6:30:32 AM com.squareup.okhttp.mockwebserver.MockWebServer$2 acceptConnections
INFO: MockWebServer[57069] done accepting connections: Socket closed
Jan 02, 2022 6:30:32 AM com.squareup.okhttp.mockwebserver.MockWebServer$2 acceptConnections
INFO: MockWebServer[50341] done accepting connections: Socket closed
Jan 02, 2022 6:30:32 AM com.squareup.okhttp.mockwebserver.MockWebServer$2 execute
INFO: MockWebServer[45353] starting to accept connections
Jan 02, 2022 6:30:32 AM com.squareup.okhttp.mockwebserver.MockWebServer$2 execute
INFO: MockWebServer[34445] starting to accept connections
Jan 02, 2022 6:30:32 AM com.squareup.okhttp.mockwebserver.MockWebServer$3 processOneRequest
INFO: MockWebServer[34445] received request: GET / HTTP/1.1 and responded: HTTP/1.1 200 OK
Jan 02, 2022 6:30:32 AM com.squareup.okhttp.mockwebserver.MockWebServer$2 acceptConnections
INFO: MockWebServer[34445] done accepting connections: Socket closed
Jan 02, 2022 6:30:32 AM com.squareup.okhttp.mockwebserver.MockWebServer$2 acceptConnections
INFO: MockWebServer[45353] done accepting connections: Socket closed
Jan 02, 2022 6:30:32 AM com.squareup.okhttp.mockwebserver.MockWebServer$2 execute
INFO: MockWebServer[35723] starting to accept connections
Jan 02, 2022 6:30:32 AM com.squareup.okhttp.mockwebserver.MockWebServer$2 execute
INFO: MockWebServer[51071] starting to accept connections
Jan 02, 2022 6:30:32 AM com.squareup.okhttp.mockwebserver.MockWebServer$3 processOneRequest
INFO: MockWebServer[51071] received request: GET / HTTP/1.1 and responded: HTTP/1.1 200 OK
Jan 02, 2022 6:30:32 AM com.squareup.okhttp.mockwebserver.MockWebServer$2 acceptConnections
INFO: MockWebServer[51071] done accepting connections: Socket closed
Jan 02, 2022 6:30:32 AM com.squareup.okhttp.mockwebserver.MockWebServer$2 acceptConnections
INFO: MockWebServer[35723] done accepting connections: Socket closed
Jan 02, 2022 6:30:32 AM com.squareup.okhttp.mockwebserver.MockWebServer$2 execute
INFO: MockWebServer[60917] starting to accept connections
Jan 02, 2022 6:30:32 AM com.squareup.okhttp.mockwebserver.MockWebServer$2 execute
INFO: MockWebServer[34067] starting to accept connections
Jan 02, 2022 6:30:32 AM com.squareup.okhttp.mockwebserver.MockWebServer$3 processOneRequest
INFO: MockWebServer[34067] received request: GET /valid HTTP/1.1 and responded: HTTP/1.1 200 A-OK
Jan 02, 2022 6:30:32 AM com.squareup.okhttp.mockwebserver.MockWebServer$3 processOneRequest
INFO: MockWebServer[34067] received request: GET /valid HTTP/1.1 and responded: HTTP/1.1 304 OK
Jan 02, 2022 6:30:32 AM com.squareup.okhttp.mockwebserver.MockWebServer$3 processOneRequest
INFO: MockWebServer[34067] received request: GET /invalid HTTP/1.1 and responded: HTTP/1.1 200 B-OK
Jan 02, 2022 6:30:32 AM com.squareup.okhttp.mockwebserver.MockWebServer$3 processOneRequest
INFO: MockWebServer[34067] received request: GET /invalid HTTP/1.1 and responded: HTTP/1.1 200 C-OK
Jan 02, 2022 6:30:32 AM com.squareup.okhttp.mockwebserver.MockWebServer$2 acceptConnections
INFO: MockWebServer[34067] done accepting connections: Socket closed
Jan 02, 2022 6:30:32 AM com.squareup.okhttp.mockwebserver.MockWebServer$2 acceptConnections
INFO: MockWebServer[60917] done accepting connections: Socket closed
Jan 02, 2022 6:30:32 AM com.squareup.okhttp.mockwebserver.MockWebServer$2 execute
INFO: MockWebServer[57795] starting to accept connections
Jan 02, 2022 6:30:32 AM com.squareup.okhttp.mockwebserver.MockWebServer$2 execute
INFO: MockWebServer[36871] starting to accept connections
Jan 02, 2022 6:30:32 AM com.squareup.okhttp.mockwebserver.MockWebServer$3 processOneRequest
INFO: MockWebServer[36871] received request: GET / HTTP/1.1 and responded: HTTP/1.1 200 OK
Jan 02, 2022 6:30:32 AM com.squareup.okhttp.mockwebserver.MockWebServer$3 processOneRequest
INFO: MockWebServer[36871] received request: GET / HTTP/1.1 and responded: HTTP/1.1 200 OK
Jan 02, 2022 6:30:32 AM com.squareup.okhttp.mockwebserver.MockWebServer$2 acceptConnections
INFO: MockWebServer[36871] done accepting connections: Socket closed
Jan 02, 2022 6:30:32 AM com.squareup.okhttp.mockwebserver.MockWebServer$2 acceptConnections
INFO: MockWebServer[57795] done accepting connections: Socket closed
Jan 02, 2022 6:30:32 AM com.squareup.okhttp.mockwebserver.MockWebServer$2 execute
INFO: MockWebServer[51559] starting to accept connections
Jan 02, 2022 6:30:32 AM com.squareup.okhttp.mockwebserver.MockWebServer$2 execute
INFO: MockWebServer[45535] starting to accept connections
Jan 02, 2022 6:30:32 AM com.squareup.okhttp.mockwebserver.MockWebServer$3 processOneRequest
INFO: MockWebServer[45535] received request: GET /valid HTTP/1.1 and responded: HTTP/1.1 200 A-OK
Jan 02, 2022 6:30:32 AM com.squareup.okhttp.mockwebserver.MockWebServer$3 processOneRequest
INFO: MockWebServer[45535] received request: GET /valid HTTP/1.1 and responded: HTTP/1.1 304 OK
Jan 02, 2022 6:30:32 AM com.squareup.okhttp.mockwebserver.MockWebServer$3 processOneRequest
INFO: MockWebServer[45535] received request: GET /invalid HTTP/1.1 and responded: HTTP/1.1 200 B-OK
Jan 02, 2022 6:30:32 AM com.squareup.okhttp.mockwebserver.MockWebServer$3 processOneRequest
INFO: MockWebServer[45535] received request: GET /invalid HTTP/1.1 and responded: HTTP/1.1 200 C-OK
Jan 02, 2022 6:30:32 AM com.squareup.okhttp.mockwebserver.MockWebServer$2 acceptConnections
INFO: MockWebServer[45535] done accepting connections: Socket closed
Jan 02, 2022 6:30:32 AM com.squareup.okhttp.mockwebserver.MockWebServer$2 acceptConnections
INFO: MockWebServer[51559] done accepting connections: Socket closed
Jan 02, 2022 6:30:32 AM com.squareup.okhttp.mockwebserver.MockWebServer$2 execute
INFO: MockWebServer[38353] starting to accept connections
Jan 02, 2022 6:30:32 AM com.squareup.okhttp.mockwebserver.MockWebServer$2 execute
INFO: MockWebServer[56403] starting to accept connections
Jan 02, 2022 6:30:32 AM com.squareup.okhttp.mockwebserver.MockWebServer$3 processOneRequest
INFO: MockWebServer[56403] received request: GET / HTTP/1.1 and responded: HTTP/1.1 200 OK
Jan 02, 2022 6:30:32 AM com.squareup.okhttp.mockwebserver.MockWebServer$3 processOneRequest
INFO: MockWebServer[56403] received request: GET / HTTP/1.1 and responded: HTTP/1.1 200 OK
Jan 02, 2022 6:30:32 AM com.squareup.okhttp.mockwebserver.MockWebServer$2 acceptConnections
INFO: MockWebServer[56403] done accepting connections: Socket closed
Jan 02, 2022 6:30:32 AM com.squareup.okhttp.mockwebserver.MockWebServer$2 acceptConnections
INFO: MockWebServer[38353] done accepting connections: Socket closed
Jan 02, 2022 6:30:32 AM com.squareup.okhttp.mockwebserver.MockWebServer$2 execute
INFO: MockWebServer[55209] starting to accept connections
Jan 02, 2022 6:30:32 AM com.squareup.okhttp.mockwebserver.MockWebServer$2 execute
INFO: MockWebServer[55297] starting to accept connections
Jan 02, 2022 6:30:32 AM com.squareup.okhttp.mockwebserver.MockWebServer$3 processOneRequest
INFO: MockWebServer[55297] received request: GET / HTTP/1.1 and responded: HTTP/1.1 200 OK
Jan 02, 2022 6:30:32 AM com.squareup.okhttp.mockwebserver.MockWebServer$3 processOneRequest
INFO: MockWebServer[55297] received request: GET / HTTP/1.1 and responded: HTTP/1.1 304 OK
Jan 02, 2022 6:30:32 AM com.squareup.okhttp.mockwebserver.MockWebServer$3 processOneRequest
INFO: MockWebServer[55297] received request: GET / HTTP/1.1 and responded: HTTP/1.1 304 OK
Jan 02, 2022 6:30:32 AM com.squareup.okhttp.mockwebserver.MockWebServer$2 acceptConnections
INFO: MockWebServer[55297] done accepting connections: Socket closed
Jan 02, 2022 6:30:32 AM com.squareup.okhttp.mockwebserver.MockWebServer$2 acceptConnections
INFO: MockWebServer[55209] done accepting connections: Socket closed
Jan 02, 2022 6:30:32 AM com.squareup.okhttp.mockwebserver.MockWebServer$2 execute
INFO: MockWebServer[56393] starting to accept connections
Jan 02, 2022 6:30:32 AM com.squareup.okhttp.mockwebserver.MockWebServer$2 execute
INFO: MockWebServer[58811] starting to accept connections
Jan 02, 2022 6:30:32 AM com.squareup.okhttp.mockwebserver.MockWebServer$3 processOneRequest
INFO: MockWebServer[58811] received request: GET / HTTP/1.1 and responded: HTTP/1.1 200 OK
Jan 02, 2022 6:30:32 AM com.squareup.okhttp.mockwebserver.MockWebServer$3 processOneRequest
INFO: MockWebServer[58811] received request: GET / HTTP/1.1 and responded: HTTP/1.1 304 OK
Jan 02, 2022 6:30:32 AM com.squareup.okhttp.mockwebserver.MockWebServer$3 processOneRequest
INFO: MockWebServer[58811] received request: GET / HTTP/1.1 and responded: HTTP/1.1 200 OK
Jan 02, 2022 6:30:32 AM com.squareup.okhttp.mockwebserver.MockWebServer$2 acceptConnections
INFO: MockWebServer[58811] done accepting connections: Socket closed
Jan 02, 2022 6:30:32 AM com.squareup.okhttp.mockwebserver.MockWebServer$2 acceptConnections
INFO: MockWebServer[56393] done accepting connections: Socket closed
Jan 02, 2022 6:30:32 AM com.squareup.okhttp.mockwebserver.MockWebServer$2 execute
INFO: MockWebServer[35389] starting to accept connections
Jan 02, 2022 6:30:32 AM com.squareup.okhttp.mockwebserver.MockWebServer$2 execute
INFO: MockWebServer[33833] starting to accept connections
Jan 02, 2022 6:30:32 AM com.squareup.okhttp.mockwebserver.MockWebServer$3 processOneRequest
INFO: MockWebServer[33833] received request: GET / HTTP/1.1 and responded: HTTP/1.1 200 OK
Jan 02, 2022 6:30:32 AM com.squareup.okhttp.mockwebserver.MockWebServer$3 processOneRequest
INFO: MockWebServer[33833] received request: GET / HTTP/1.1 and responded: HTTP/1.1 200 OK
Jan 02, 2022 6:30:32 AM com.squareup.okhttp.mockwebserver.MockWebServer$2 acceptConnections
INFO: MockWebServer[33833] done accepting connections: Socket closed
Jan 02, 2022 6:30:32 AM com.squareup.okhttp.mockwebserver.MockWebServer$2 acceptConnections
INFO: MockWebServer[35389] done accepting connections: Socket closed
Jan 02, 2022 6:30:32 AM com.squareup.okhttp.mockwebserver.MockWebServer$2 execute
INFO: MockWebServer[47649] starting to accept connections
Jan 02, 2022 6:30:32 AM com.squareup.okhttp.mockwebserver.MockWebServer$2 execute
INFO: MockWebServer[37301] starting to accept connections
Jan 02, 2022 6:30:32 AM com.squareup.okhttp.mockwebserver.MockWebServer$3 processOneRequest
INFO: MockWebServer[37301] received request: GET / HTTP/1.1 and responded: HTTP/1.1 200 OK
Jan 02, 2022 6:30:32 AM com.squareup.okhttp.mockwebserver.MockWebServer$3 processOneRequest
INFO: MockWebServer[37301] received request: GET / HTTP/1.1 and responded: HTTP/1.1 200 OK
Jan 02, 2022 6:30:32 AM com.squareup.okhttp.mockwebserver.MockWebServer$2 acceptConnections
INFO: MockWebServer[37301] done accepting connections: Socket closed
Jan 02, 2022 6:30:32 AM com.squareup.okhttp.mockwebserver.MockWebServer$2 acceptConnections
INFO: MockWebServer[47649] done accepting connections: Socket closed
Jan 02, 2022 6:30:32 AM com.squareup.okhttp.mockwebserver.MockWebServer$2 execute
INFO: MockWebServer[58191] starting to accept connections
Jan 02, 2022 6:30:32 AM com.squareup.okhttp.mockwebserver.MockWebServer$2 execute
INFO: MockWebServer[51173] starting to accept connections
Jan 02, 2022 6:30:32 AM com.squareup.okhttp.mockwebserver.MockWebServer$3 processOneRequest
INFO: MockWebServer[51173] received request: GET / HTTP/1.1 and responded: HTTP/1.1 200 OK
Jan 02, 2022 6:30:32 AM com.squareup.okhttp.mockwebserver.MockWebServer$2 acceptConnections
INFO: MockWebServer[51173] done accepting connections: Socket closed
Jan 02, 2022 6:30:32 AM com.squareup.okhttp.mockwebserver.MockWebServer$2 acceptConnections
INFO: MockWebServer[58191] done accepting connections: Socket closed
Jan 02, 2022 6:30:32 AM com.squareup.okhttp.mockwebserver.MockWebServer$2 execute
INFO: MockWebServer[58165] starting to accept connections
Jan 02, 2022 6:30:32 AM com.squareup.okhttp.mockwebserver.MockWebServer$2 execute
INFO: MockWebServer[40897] starting to accept connections
Jan 02, 2022 6:30:32 AM com.squareup.okhttp.mockwebserver.MockWebServer$3 processOneRequest
INFO: MockWebServer[40897] received request: GET / HTTP/1.1 and responded: HTTP/1.1 200 OK
Jan 02, 2022 6:30:32 AM com.squareup.okhttp.mockwebserver.MockWebServer$2 acceptConnections
INFO: MockWebServer[40897] done accepting connections: Socket closed
Jan 02, 2022 6:30:32 AM com.squareup.okhttp.mockwebserver.MockWebServer$2 acceptConnections
INFO: MockWebServer[58165] done accepting connections: Socket closed
Jan 02, 2022 6:30:32 AM com.squareup.okhttp.mockwebserver.MockWebServer$2 execute
INFO: MockWebServer[57407] starting to accept connections
Jan 02, 2022 6:30:32 AM com.squareup.okhttp.mockwebserver.MockWebServer$2 execute
INFO: MockWebServer[43549] starting to accept connections
Jan 02, 2022 6:30:32 AM com.squareup.okhttp.mockwebserver.MockWebServer$3 processOneRequest
INFO: MockWebServer[43549] received request: GET / HTTP/1.1 and responded: HTTP/1.1 200 OK
Jan 02, 2022 6:30:32 AM com.squareup.okhttp.mockwebserver.MockWebServer$3 processOneRequest
INFO: MockWebServer[43549] received request: GET / HTTP/1.1 and responded: HTTP/1.1 200 OK
Jan 02, 2022 6:30:32 AM com.squareup.okhttp.mockwebserver.MockWebServer$2 acceptConnections
INFO: MockWebServer[43549] done accepting connections: Socket closed
Jan 02, 2022 6:30:32 AM com.squareup.okhttp.mockwebserver.MockWebServer$2 acceptConnections
INFO: MockWebServer[57407] done accepting connections: Socket closed
Jan 02, 2022 6:30:32 AM com.squareup.okhttp.mockwebserver.MockWebServer$2 execute
INFO: MockWebServer[42273] starting to accept connections
Jan 02, 2022 6:30:32 AM com.squareup.okhttp.mockwebserver.MockWebServer$2 execute
INFO: MockWebServer[54347] starting to accept connections
Jan 02, 2022 6:30:32 AM com.squareup.okhttp.mockwebserver.MockWebServer$3 processOneRequest
INFO: MockWebServer[54347] received request: GET / HTTP/1.1 and responded: HTTP/1.1 200 OK
Jan 02, 2022 6:30:32 AM com.squareup.okhttp.mockwebserver.MockWebServer$2 acceptConnections
INFO: MockWebServer[54347] done accepting connections: Socket closed
Jan 02, 2022 6:30:32 AM com.squareup.okhttp.mockwebserver.MockWebServer$2 acceptConnections
INFO: MockWebServer[42273] done accepting connections: Socket closed
Jan 02, 2022 6:30:32 AM com.squareup.okhttp.mockwebserver.MockWebServer$2 execute
INFO: MockWebServer[55791] starting to accept connections
Jan 02, 2022 6:30:32 AM com.squareup.okhttp.mockwebserver.MockWebServer$2 execute
INFO: MockWebServer[40977] starting to accept connections
Jan 02, 2022 6:30:32 AM com.squareup.okhttp.mockwebserver.MockWebServer$3 processOneRequest
INFO: MockWebServer[40977] received request: GET / HTTP/1.1 and responded: HTTP/1.1 200 OK
Jan 02, 2022 6:30:32 AM com.squareup.okhttp.mockwebserver.MockWebServer$3 processOneRequest
INFO: MockWebServer[40977] received request: GET / HTTP/1.1 and responded: HTTP/1.1 200 OK
Jan 02, 2022 6:30:33 AM com.squareup.okhttp.mockwebserver.MockWebServer$2 acceptConnections
INFO: MockWebServer[40977] done accepting connections: Socket closed
Jan 02, 2022 6:30:33 AM com.squareup.okhttp.mockwebserver.MockWebServer$2 acceptConnections
INFO: MockWebServer[55791] done accepting connections: Socket closed
Jan 02, 2022 6:30:33 AM com.squareup.okhttp.mockwebserver.MockWebServer$2 execute
INFO: MockWebServer[42163] starting to accept connections
Jan 02, 2022 6:30:33 AM com.squareup.okhttp.mockwebserver.MockWebServer$2 execute
INFO: MockWebServer[47893] starting to accept connections
Jan 02, 2022 6:30:33 AM com.squareup.okhttp.mockwebserver.MockWebServer$3 processOneRequest
INFO: MockWebServer[47893] received request: GET / HTTP/1.1 and responded: HTTP/1.1 200 OK
Jan 02, 2022 6:30:33 AM com.squareup.okhttp.mockwebserver.MockWebServer$2 acceptConnections
INFO: MockWebServer[47893] done accepting connections: Socket closed
Jan 02, 2022 6:30:33 AM com.squareup.okhttp.mockwebserver.MockWebServer$2 acceptConnections
INFO: MockWebServer[42163] done accepting connections: Socket closed
Jan 02, 2022 6:30:33 AM com.squareup.okhttp.mockwebserver.MockWebServer$2 execute
INFO: MockWebServer[44731] starting to accept connections
Jan 02, 2022 6:30:33 AM com.squareup.okhttp.mockwebserver.MockWebServer$2 execute
INFO: MockWebServer[43901] starting to accept connections
Jan 02, 2022 6:30:33 AM com.squareup.okhttp.mockwebserver.MockWebServer$3 processOneRequest
INFO: MockWebServer[43901] received request: GET / HTTP/1.1 and responded: HTTP/1.1 200 OK
Jan 02, 2022 6:30:33 AM com.squareup.okhttp.mockwebserver.MockWebServer$3 processOneRequest
INFO: MockWebServer[43901] received request: GET / HTTP/1.1 and responded: HTTP/1.1 200 OK
Jan 02, 2022 6:30:33 AM com.squareup.okhttp.mockwebserver.MockWebServer$2 acceptConnections
INFO: MockWebServer[43901] done accepting connections: Socket closed
Jan 02, 2022 6:30:33 AM com.squareup.okhttp.mockwebserver.MockWebServer$2 acceptConnections
INFO: MockWebServer[44731] done accepting connections: Socket closed
Jan 02, 2022 6:30:33 AM com.squareup.okhttp.mockwebserver.MockWebServer$2 execute
INFO: MockWebServer[53813] starting to accept connections
Jan 02, 2022 6:30:33 AM com.squareup.okhttp.mockwebserver.MockWebServer$2 execute
INFO: MockWebServer[43163] starting to accept connections
Jan 02, 2022 6:30:33 AM com.squareup.okhttp.mockwebserver.MockWebServer$3 processOneRequest
INFO: MockWebServer[43163] received request: GET / HTTP/1.1 and responded: HTTP/1.1 200 OK
Jan 02, 2022 6:30:33 AM com.squareup.okhttp.mockwebserver.MockWebServer$3 processOneRequest
INFO: MockWebServer[43163] received request: GET / HTTP/1.1 and responded: HTTP/1.1 304 OK
Jan 02, 2022 6:30:33 AM com.squareup.okhttp.mockwebserver.MockWebServer$2 acceptConnections
INFO: MockWebServer[43163] done accepting connections: Socket closed
Jan 02, 2022 6:30:33 AM com.squareup.okhttp.mockwebserver.MockWebServer$2 acceptConnections
INFO: MockWebServer[53813] done accepting connections: Socket closed
Jan 02, 2022 6:30:33 AM com.squareup.okhttp.mockwebserver.MockWebServer$2 execute
INFO: MockWebServer[59809] starting to accept connections
Jan 02, 2022 6:30:33 AM com.squareup.okhttp.mockwebserver.MockWebServer$2 execute
INFO: MockWebServer[56025] starting to accept connections
Jan 02, 2022 6:30:33 AM com.squareup.okhttp.mockwebserver.MockWebServer$3 processOneRequest
INFO: MockWebServer[56025] received request: GET / HTTP/1.1 and responded: HTTP/1.1 200 OK
Jan 02, 2022 6:30:33 AM com.squareup.okhttp.mockwebserver.MockWebServer$3 processOneRequest
INFO: MockWebServer[56025] received request: GET / HTTP/1.1 and responded: HTTP/1.1 200 OK
Jan 02, 2022 6:30:33 AM com.squareup.okhttp.mockwebserver.MockWebServer$2 acceptConnections
INFO: MockWebServer[56025] done accepting connections: Socket closed
Jan 02, 2022 6:30:33 AM com.squareup.okhttp.mockwebserver.MockWebServer$2 acceptConnections
INFO: MockWebServer[59809] done accepting connections: Socket closed
Jan 02, 2022 6:30:33 AM com.squareup.okhttp.mockwebserver.MockWebServer$2 execute
INFO: MockWebServer[44621] starting to accept connections
Jan 02, 2022 6:30:33 AM com.squareup.okhttp.mockwebserver.MockWebServer$2 execute
INFO: MockWebServer[44459] starting to accept connections
Jan 02, 2022 6:30:33 AM com.squareup.okhttp.mockwebserver.MockWebServer$3 processOneRequest
INFO: MockWebServer[44459] received request: GET / HTTP/1.1 and responded: HTTP/1.1 200 OK
Jan 02, 2022 6:30:33 AM com.squareup.okhttp.mockwebserver.MockWebServer$3 processOneRequest
INFO: MockWebServer[44459] received request: POST / HTTP/1.1 and responded: HTTP/1.1 200 OK
Jan 02, 2022 6:30:33 AM com.squareup.okhttp.mockwebserver.MockWebServer$3 processOneRequest
INFO: MockWebServer[44459] received request: GET / HTTP/1.1 and responded: HTTP/1.1 200 OK
Jan 02, 2022 6:30:33 AM com.squareup.okhttp.mockwebserver.MockWebServer$2 acceptConnections
INFO: MockWebServer[44459] done accepting connections: Socket closed
Jan 02, 2022 6:30:33 AM com.squareup.okhttp.mockwebserver.MockWebServer$2 acceptConnections
INFO: MockWebServer[44621] done accepting connections: Socket closed
Jan 02, 2022 6:30:33 AM com.squareup.okhttp.mockwebserver.MockWebServer$2 execute
INFO: MockWebServer[36851] starting to accept connections
Jan 02, 2022 6:30:33 AM com.squareup.okhttp.mockwebserver.MockWebServer$2 execute
INFO: MockWebServer[59425] starting to accept connections
Jan 02, 2022 6:30:33 AM com.squareup.okhttp.mockwebserver.MockWebServer$3 processOneRequest
INFO: MockWebServer[59425] received request: GET / HTTP/1.1 and responded: HTTP/1.1 200 OK
Jan 02, 2022 6:30:33 AM com.squareup.okhttp.mockwebserver.MockWebServer$3 processOneRequest
INFO: MockWebServer[59425] received request: PUT / HTTP/1.1 and responded: HTTP/1.1 200 OK
Jan 02, 2022 6:30:33 AM com.squareup.okhttp.mockwebserver.MockWebServer$3 processOneRequest
INFO: MockWebServer[59425] received request: GET / HTTP/1.1 and responded: HTTP/1.1 200 OK
Jan 02, 2022 6:30:33 AM com.squareup.okhttp.mockwebserver.MockWebServer$2 acceptConnections
INFO: MockWebServer[59425] done accepting connections: Socket closed
Jan 02, 2022 6:30:33 AM com.squareup.okhttp.mockwebserver.MockWebServer$2 acceptConnections
INFO: MockWebServer[36851] done accepting connections: Socket closed
Jan 02, 2022 6:30:33 AM com.squareup.okhttp.mockwebserver.MockWebServer$2 execute
INFO: MockWebServer[45467] starting to accept connections
Jan 02, 2022 6:30:33 AM com.squareup.okhttp.mockwebserver.MockWebServer$2 execute
INFO: MockWebServer[36473] starting to accept connections
Jan 02, 2022 6:30:33 AM com.squareup.okhttp.mockwebserver.MockWebServer$3 processOneRequest
INFO: MockWebServer[36473] received request: GET / HTTP/1.1 and responded: HTTP/1.1 200 OK
Jan 02, 2022 6:30:33 AM com.squareup.okhttp.mockwebserver.MockWebServer$3 processOneRequest
INFO: MockWebServer[36473] received request: GET / HTTP/1.1 and responded: HTTP/1.1 304 OK
Jan 02, 2022 6:30:33 AM com.squareup.okhttp.mockwebserver.MockWebServer$2 acceptConnections
INFO: MockWebServer[36473] done accepting connections: Socket closed
Jan 02, 2022 6:30:33 AM com.squareup.okhttp.mockwebserver.MockWebServer$2 acceptConnections
INFO: MockWebServer[45467] done accepting connections: Socket closed
Jan 02, 2022 6:30:33 AM com.squareup.okhttp.mockwebserver.MockWebServer$2 execute
INFO: MockWebServer[41419] starting to accept connections
Jan 02, 2022 6:30:33 AM com.squareup.okhttp.mockwebserver.MockWebServer$2 execute
INFO: MockWebServer[51789] starting to accept connections
Jan 02, 2022 6:30:33 AM com.squareup.okhttp.mockwebserver.MockWebServer$3 processOneRequest
INFO: MockWebServer[51789] received request: GET / HTTP/1.1 and responded: HTTP/1.1 200 OK
Jan 02, 2022 6:30:33 AM com.squareup.okhttp.mockwebserver.MockWebServer$3 processOneRequest
INFO: MockWebServer[51789] received request: GET / HTTP/1.1 and responded: HTTP/1.1 200 OK
Jan 02, 2022 6:30:33 AM com.squareup.okhttp.mockwebserver.MockWebServer$2 acceptConnections
INFO: MockWebServer[51789] done accepting connections: Socket closed
Jan 02, 2022 6:30:33 AM com.squareup.okhttp.mockwebserver.MockWebServer$2 acceptConnections
INFO: MockWebServer[41419] done accepting connections: Socket closed
Jan 02, 2022 6:30:33 AM com.squareup.okhttp.mockwebserver.MockWebServer$2 execute
INFO: MockWebServer[52463] starting to accept connections
Jan 02, 2022 6:30:33 AM com.squareup.okhttp.mockwebserver.MockWebServer$2 execute
INFO: MockWebServer[49107] starting to accept connections
Jan 02, 2022 6:30:33 AM com.squareup.okhttp.mockwebserver.MockWebServer$3 processOneRequest
INFO: MockWebServer[49107] received request: GET / HTTP/1.1 and responded: HTTP/1.1 200 OK
Jan 02, 2022 6:30:33 AM com.squareup.okhttp.mockwebserver.MockWebServer$3 processOneRequest
INFO: MockWebServer[49107] received request: GET / HTTP/1.1 and responded: HTTP/1.1 200 OK
Jan 02, 2022 6:30:33 AM com.squareup.okhttp.mockwebserver.MockWebServer$2 acceptConnections
INFO: MockWebServer[49107] done accepting connections: Socket closed
Jan 02, 2022 6:30:33 AM com.squareup.okhttp.mockwebserver.MockWebServer$2 acceptConnections
INFO: MockWebServer[52463] done accepting connections: Socket closed
Jan 02, 2022 6:30:33 AM com.squareup.okhttp.mockwebserver.MockWebServer$2 execute
INFO: MockWebServer[52917] starting to accept connections
Jan 02, 2022 6:30:33 AM com.squareup.okhttp.mockwebserver.MockWebServer$2 execute
INFO: MockWebServer[59907] starting to accept connections
Jan 02, 2022 6:30:33 AM com.squareup.okhttp.mockwebserver.MockWebServer$3 processOneRequest
INFO: MockWebServer[59907] received request: GET / HTTP/1.1 and responded: HTTP/1.1 200 Fantastic
Jan 02, 2022 6:30:33 AM com.squareup.okhttp.mockwebserver.MockWebServer$3 execute
SEVERE: MockWebServer[59907] connection from /127.0.0.1 crashed
java.lang.IllegalStateException: closed
	at okio.RealBufferedSource.indexOf(RealBufferedSource.java:253)
	at okio.RealBufferedSource.indexOf(RealBufferedSource.java:249)
	at okio.RealBufferedSource.readUtf8LineStrict(RealBufferedSource.java:196)
	at com.squareup.okhttp.mockwebserver.MockWebServer.readRequest(MockWebServer.java:527)
	at com.squareup.okhttp.mockwebserver.MockWebServer.access$1400(MockWebServer.java:85)
	at com.squareup.okhttp.mockwebserver.MockWebServer$3.processOneRequest(MockWebServer.java:454)
	at com.squareup.okhttp.mockwebserver.MockWebServer$3.processConnection(MockWebServer.java:416)
	at com.squareup.okhttp.mockwebserver.MockWebServer$3.execute(MockWebServer.java:358)
	at com.squareup.okhttp.internal.NamedRunnable.run(NamedRunnable.java:33)
	at java.util.concurrent.ThreadPoolExecutor.runWorker(ThreadPoolExecutor.java:1142)
	at java.util.concurrent.ThreadPoolExecutor$Worker.run(ThreadPoolExecutor.java:617)
	at java.lang.Thread.run(Thread.java:745)

Jan 02, 2022 6:30:33 AM com.squareup.okhttp.mockwebserver.MockWebServer$2 acceptConnections
INFO: MockWebServer[59907] done accepting connections: Socket closed
Jan 02, 2022 6:30:33 AM com.squareup.okhttp.mockwebserver.MockWebServer$2 acceptConnections
INFO: MockWebServer[52917] done accepting connections: Socket closed
Tests run: 109, Failures: 1, Errors: 0, Skipped: 0, Time elapsed: 8.316 sec <<< FAILURE! - in com.squareup.okhttp.UrlConnectionCacheTest
etagAndExpirationDateInThePast(com.squareup.okhttp.UrlConnectionCacheTest)  Time elapsed: 0.103 sec  <<< FAILURE!
java.lang.AssertionError: expected:<Sun, 02 Jan 2022 04:30:30 GMT> but was:<null>
	at org.junit.Assert.fail(Assert.java:88)
	at org.junit.Assert.failNotEquals(Assert.java:743)
	at org.junit.Assert.assertEquals(Assert.java:118)
	at org.junit.Assert.assertEquals(Assert.java:144)
	at com.squareup.okhttp.UrlConnectionCacheTest.etagAndExpirationDateInThePast(UrlConnectionCacheTest.java:720)

Running com.squareup.okhttp.internal.huc.URLEncodingTest
Tests run: 2, Failures: 0, Errors: 0, Skipped: 2, Time elapsed: 0.001 sec - in com.squareup.okhttp.internal.huc.URLEncodingTest

Results :

Failed tests: 
  UrlConnectionCacheTest.etagAndExpirationDateInThePast:720 expected:<Sun, 02 Jan 2022 04:30:30 GMT> but was:<null>

Tests run: 119, Failures: 1, Errors: 0, Skipped: 2

[INFO] ------------------------------------------------------------------------
[INFO] Reactor Summary:
[INFO] 
[INFO] OkHttp (Parent) .................................... SUCCESS [  0.904 s]
[INFO] OkHttp ............................................. SUCCESS [  2.813 s]
[INFO] MockWebServer ...................................... SUCCESS [  6.658 s]
[INFO] OkHttp Apache HttpClient ........................... SUCCESS [  1.210 s]
[INFO] OkHttp URLConnection ............................... FAILURE [  9.579 s]
[INFO] OkHttp Tests ....................................... SKIPPED
[INFO] OkHttp Android Platform Support .................... SKIPPED
[INFO] OkCurl ............................................. SKIPPED
[INFO] Samples (Parent) ................................... SKIPPED
[INFO] Sample: Guide ...................................... SKIPPED
[INFO] Sample: Crawler .................................... SKIPPED
[INFO] Sample: Simple Client .............................. SKIPPED
[INFO] Sample: Static Server .............................. SKIPPED
[INFO] Benchmarks ......................................... SKIPPED
[INFO] ------------------------------------------------------------------------
[INFO] BUILD FAILURE
[INFO] ------------------------------------------------------------------------
[INFO] Total time: 21.421 s
[INFO] Finished at: 2022-01-02T06:30:33+00:00
[INFO] Final Memory: 22M/339M
[INFO] ------------------------------------------------------------------------
[ERROR] Failed to execute goal org.apache.maven.plugins:maven-surefire-plugin:2.17:test (default-test) on project okhttp-urlconnection: There are test failures.
[ERROR] 
[ERROR] Please refer to /home/travis/build/failed/square/okhttp/okhttp-urlconnection/target/surefire-reports for the individual test results.
[ERROR] -> [Help 1]
[ERROR] 
[ERROR] To see the full stack trace of the errors, re-run Maven with the -e switch.
[ERROR] Re-run Maven using the -X switch to enable full debug logging.
[ERROR] 
[ERROR] For more information about the errors and possible solutions, please read the following articles:
[ERROR] [Help 1] http://cwiki.apache.org/confluence/display/MAVEN/MojoFailureException
[ERROR] 
[ERROR] After correcting the problems, you can resume the build with the command
[ERROR]   mvn <goals> -rf :okhttp-urlconnection

travis_time:end:0159dbc2:start=1641105010908559713,finish=1641105033741900727,duration=22833341014[0K
[31;1mThe command "mvn test -Dhttps.protocols=TLSv1.2 -B" exited with 1.[0m
travis_fold:start:cache.2[0Kstore build cache
travis_time:start:12277a65[0K
travis_time:end:12277a65:start=1641105033752942967,finish=1641105033762289933,duration=9346966[0Ktravis_time:start:12a34e39[0K/home/travis/.casher/bin/casher:190: warning: Insecure world writable dir /home/travis/build/failed/square/okhttp/. in PATH, mode 040777
[32;1mchanges detected, packing new archive[0m
/home/travis/.casher/bin/casher:213:in `cache_archive_name': undefined method `[]' for nil:NilClass (NoMethodError)
	from /home/travis/.casher/bin/casher:143:in `push'
	from /home/travis/.casher/bin/casher:53:in `block in run'
	from /home/travis/.rvm/rubies/ruby-1.9.3-p551/lib/ruby/1.9.1/timeout.rb:69:in `timeout'
	from /home/travis/.casher/bin/casher:53:in `run'
	from /home/travis/.casher/bin/casher:263:in `<main>'
.
.

travis_time:end:12a34e39:start=1641105033773989230,finish=1641105047627837138,duration=13853847908[0Ktravis_fold:end:cache.2[0K
Done. Your build exited with 1.
