travis_fold:start:system_info[0K[33;1mBuild system information[0m
Build language: java
Build id: ''
Job id: ''
[34m[1mBuild image provisioning date and time[0m
Thu Feb  5 15:09:33 UTC 2015
[34m[1mOperating System Details[0m
Distributor ID:	Ubuntu
Description:	Ubuntu 12.04.5 LTS
Release:	12.04
Codename:	precise
[34m[1mLinux Version[0m
3.13.0-29-generic
[34m[1mCookbooks Version[0m
a68419e https://github.com/travis-ci/travis-cookbooks/tree/a68419e
[34m[1mGCC version[0m
gcc (Ubuntu/Linaro 4.6.3-1ubuntu5) 4.6.3
Copyright (C) 2011 Free Software Foundation, Inc.
This is free software; see the source for copying conditions.  There is NO
warranty; not even for MERCHANTABILITY or FITNESS FOR A PARTICULAR PURPOSE.

[34m[1mLLVM version[0m
clang version 3.4 (tags/RELEASE_34/final)
Target: x86_64-unknown-linux-gnu
Thread model: posix
[34m[1mPre-installed Ruby versions[0m
ruby-1.9.3-p551
[34m[1mPre-installed Node.js versions[0m
v0.10.36
[34m[1mPre-installed Go versions[0m
1.4.1
[34m[1mRedis version[0m
redis-server 2.8.19
[34m[1mriak version[0m
2.0.2
[34m[1mMongoDB version[0m
MongoDB 2.4.12
[34m[1mCouchDB version[0m
couchdb 1.6.1
[34m[1mNeo4j version[0m
1.9.4
[34m[1mRabbitMQ Version[0m
3.4.3
[34m[1mElasticSearch version[0m
1.4.0
[34m[1mInstalled Sphinx versions[0m
2.0.10
2.1.9
2.2.6
[34m[1mDefault Sphinx version[0m
2.2.6
[34m[1mInstalled Firefox version[0m
firefox 31.0esr
[34m[1mPhantomJS version[0m
1.9.8
[34m[1mant -version[0m
Apache Ant(TM) version 1.8.2 compiled on December 3 2011
[34m[1mmvn -version[0m
Apache Maven 3.2.5 (12a6b3acb947671f09b81f49094c53f426d8cea1; 2014-12-14T17:29:23+00:00)
Maven home: /usr/local/maven
Java version: 1.7.0_76, vendor: Oracle Corporation
Java home: /usr/lib/jvm/java-7-oracle/jre
Default locale: en_US, platform encoding: ANSI_X3.4-1968
OS name: "linux", version: "3.13.0-29-generic", arch: "amd64", family: "unix"
travis_fold:end:system_info[0K
W: Failed to fetch http://apt.postgresql.org/pub/repos/apt/dists/precise-pgdg/main/binary-amd64/Packages  404  Not Found [IP: 72.32.157.246 80]

W: Failed to fetch http://apt.postgresql.org/pub/repos/apt/dists/precise-pgdg/main/binary-i386/Packages  404  Not Found [IP: 72.32.157.246 80]

W: Failed to fetch http://us.archive.ubuntu.com/ubuntu/dists/precise/main/source/Sources  404  Not Found [IP: 91.189.91.38 80]

W: Failed to fetch http://us.archive.ubuntu.com/ubuntu/dists/precise/restricted/source/Sources  404  Not Found [IP: 91.189.91.38 80]

W: Failed to fetch http://us.archive.ubuntu.com/ubuntu/dists/precise/universe/source/Sources  404  Not Found [IP: 91.189.91.38 80]

W: Failed to fetch http://us.archive.ubuntu.com/ubuntu/dists/precise/multiverse/source/Sources  404  Not Found [IP: 91.189.91.38 80]

W: Failed to fetch http://us.archive.ubuntu.com/ubuntu/dists/precise/main/binary-amd64/Packages  404  Not Found [IP: 91.189.91.38 80]

W: Failed to fetch http://us.archive.ubuntu.com/ubuntu/dists/precise/restricted/binary-amd64/Packages  404  Not Found [IP: 91.189.91.38 80]

W: Failed to fetch http://us.archive.ubuntu.com/ubuntu/dists/precise/universe/binary-amd64/Packages  404  Not Found [IP: 91.189.91.38 80]

W: Failed to fetch http://us.archive.ubuntu.com/ubuntu/dists/precise/multiverse/binary-amd64/Packages  404  Not Found [IP: 91.189.91.38 80]

W: Failed to fetch http://us.archive.ubuntu.com/ubuntu/dists/precise/main/binary-i386/Packages  404  Not Found [IP: 91.189.91.38 80]

W: Failed to fetch http://us.archive.ubuntu.com/ubuntu/dists/precise/restricted/binary-i386/Packages  404  Not Found [IP: 91.189.91.38 80]

W: Failed to fetch http://us.archive.ubuntu.com/ubuntu/dists/precise/universe/binary-i386/Packages  404  Not Found [IP: 91.189.91.38 80]

W: Failed to fetch http://us.archive.ubuntu.com/ubuntu/dists/precise/multiverse/binary-i386/Packages  404  Not Found [IP: 91.189.91.38 80]

W: Failed to fetch http://us.archive.ubuntu.com/ubuntu/dists/precise-updates/main/source/Sources  404  Not Found [IP: 91.189.91.38 80]

W: Failed to fetch http://us.archive.ubuntu.com/ubuntu/dists/precise-updates/restricted/source/Sources  404  Not Found [IP: 91.189.91.38 80]

W: Failed to fetch http://us.archive.ubuntu.com/ubuntu/dists/precise-updates/universe/source/Sources  404  Not Found [IP: 91.189.91.38 80]

W: Failed to fetch http://us.archive.ubuntu.com/ubuntu/dists/precise-updates/multiverse/source/Sources  404  Not Found [IP: 91.189.91.38 80]

W: Failed to fetch http://us.archive.ubuntu.com/ubuntu/dists/precise-updates/main/binary-amd64/Packages  404  Not Found [IP: 91.189.91.38 80]

W: Failed to fetch http://us.archive.ubuntu.com/ubuntu/dists/precise-updates/restricted/binary-amd64/Packages  404  Not Found [IP: 91.189.91.38 80]

W: Failed to fetch http://us.archive.ubuntu.com/ubuntu/dists/precise-updates/universe/binary-amd64/Packages  404  Not Found [IP: 91.189.91.38 80]

W: Failed to fetch http://us.archive.ubuntu.com/ubuntu/dists/precise-updates/multiverse/binary-amd64/Packages  404  Not Found [IP: 91.189.91.38 80]

W: Failed to fetch http://us.archive.ubuntu.com/ubuntu/dists/precise-updates/main/binary-i386/Packages  404  Not Found [IP: 91.189.91.38 80]

W: Failed to fetch http://us.archive.ubuntu.com/ubuntu/dists/precise-updates/restricted/binary-i386/Packages  404  Not Found [IP: 91.189.91.38 80]

W: Failed to fetch http://us.archive.ubuntu.com/ubuntu/dists/precise-updates/universe/binary-i386/Packages  404  Not Found [IP: 91.189.91.38 80]

W: Failed to fetch http://us.archive.ubuntu.com/ubuntu/dists/precise-updates/multiverse/binary-i386/Packages  404  Not Found [IP: 91.189.91.38 80]

W: Failed to fetch http://us.archive.ubuntu.com/ubuntu/dists/precise-backports/main/source/Sources  404  Not Found [IP: 91.189.91.38 80]

W: Failed to fetch http://us.archive.ubuntu.com/ubuntu/dists/precise-backports/restricted/source/Sources  404  Not Found [IP: 91.189.91.38 80]

W: Failed to fetch http://us.archive.ubuntu.com/ubuntu/dists/precise-backports/universe/source/Sources  404  Not Found [IP: 91.189.91.38 80]

W: Failed to fetch http://us.archive.ubuntu.com/ubuntu/dists/precise-backports/multiverse/source/Sources  404  Not Found [IP: 91.189.91.38 80]

W: Failed to fetch http://us.archive.ubuntu.com/ubuntu/dists/precise-backports/main/binary-amd64/Packages  404  Not Found [IP: 91.189.91.38 80]

W: Failed to fetch http://us.archive.ubuntu.com/ubuntu/dists/precise-backports/restricted/binary-amd64/Packages  404  Not Found [IP: 91.189.91.38 80]

W: Failed to fetch http://us.archive.ubuntu.com/ubuntu/dists/precise-backports/universe/binary-amd64/Packages  404  Not Found [IP: 91.189.91.38 80]

W: Failed to fetch http://us.archive.ubuntu.com/ubuntu/dists/precise-backports/multiverse/binary-amd64/Packages  404  Not Found [IP: 91.189.91.38 80]

W: Failed to fetch http://us.archive.ubuntu.com/ubuntu/dists/precise-backports/main/binary-i386/Packages  404  Not Found [IP: 91.189.91.38 80]

W: Failed to fetch http://us.archive.ubuntu.com/ubuntu/dists/precise-backports/restricted/binary-i386/Packages  404  Not Found [IP: 91.189.91.38 80]

W: Failed to fetch http://us.archive.ubuntu.com/ubuntu/dists/precise-backports/universe/binary-i386/Packages  404  Not Found [IP: 91.189.91.38 80]

W: Failed to fetch http://us.archive.ubuntu.com/ubuntu/dists/precise-backports/multiverse/binary-i386/Packages  404  Not Found [IP: 91.189.91.38 80]

W: Failed to fetch http://security.ubuntu.com/ubuntu/dists/precise-security/main/source/Sources  404  Not Found [IP: 91.189.91.38 80]

W: Failed to fetch http://security.ubuntu.com/ubuntu/dists/precise-security/restricted/source/Sources  404  Not Found [IP: 91.189.91.38 80]

W: Failed to fetch http://security.ubuntu.com/ubuntu/dists/precise-security/universe/source/Sources  404  Not Found [IP: 91.189.91.38 80]

W: Failed to fetch http://security.ubuntu.com/ubuntu/dists/precise-security/multiverse/source/Sources  404  Not Found [IP: 91.189.91.38 80]

W: Failed to fetch http://security.ubuntu.com/ubuntu/dists/precise-security/main/binary-amd64/Packages  404  Not Found [IP: 91.189.91.38 80]

W: Failed to fetch http://security.ubuntu.com/ubuntu/dists/precise-security/restricted/binary-amd64/Packages  404  Not Found [IP: 91.189.91.38 80]

W: Failed to fetch http://security.ubuntu.com/ubuntu/dists/precise-security/universe/binary-amd64/Packages  404  Not Found [IP: 91.189.91.38 80]

W: Failed to fetch http://security.ubuntu.com/ubuntu/dists/precise-security/multiverse/binary-amd64/Packages  404  Not Found [IP: 91.189.91.38 80]

W: Failed to fetch http://security.ubuntu.com/ubuntu/dists/precise-security/main/binary-i386/Packages  404  Not Found [IP: 91.189.91.38 80]

W: Failed to fetch http://security.ubuntu.com/ubuntu/dists/precise-security/restricted/binary-i386/Packages  404  Not Found [IP: 91.189.91.38 80]

W: Failed to fetch http://security.ubuntu.com/ubuntu/dists/precise-security/universe/binary-i386/Packages  404  Not Found [IP: 91.189.91.38 80]

W: Failed to fetch http://security.ubuntu.com/ubuntu/dists/precise-security/multiverse/binary-i386/Packages  404  Not Found [IP: 91.189.91.38 80]

W: Failed to fetch http://ppa.launchpad.net/travis-ci/zero-mq/ubuntu/dists/precise/main/binary-amd64/Packages  403  Forbidden

W: Failed to fetch http://ppa.launchpad.net/travis-ci/zero-mq/ubuntu/dists/precise/main/binary-i386/Packages  403  Forbidden

W: Failed to fetch http://downloads-distro.mongodb.org/repo/debian-sysvinit/dists/dist/10gen/binary-amd64/Packages  Undetermined Error [IP: 52.21.89.200 80]

W: Failed to fetch http://downloads-distro.mongodb.org/repo/debian-sysvinit/dists/dist/10gen/binary-i386/Packages  Undetermined Error [IP: 52.21.89.200 80]

E: Some index files failed to download. They have been ignored, or old ones used instead.
sed: cannot rename /etc/hosts: Device or resource busy
sed: cannot rename /etc/hosts: Device or resource busy
$ jdk_switcher use oraclejdk8
Switching to Oracle JDK8 (java-8-oracle), JAVA_HOME will be set to /usr/lib/jvm/java-8-oracle
$ cd failed/square/okhttp
travis_fold:start:git.submodule[0Ktravis_time:start:0d3d9a0c[0K$ git submodule update --init --recursive

travis_time:end:0d3d9a0c:start=1641104597127545067,finish=1641104599049850696,duration=1922305629[0Ktravis_fold:end:git.submodule[0K
[33;1mSetting environment variables from .travis.yml[0m
$ export CI_DEPLOY_USERNAME=[secure]
$ export CI_DEPLOY_PASSWORD=[secure]

travis_fold:start:cache.1[0KSetting up build cache
$ export CASHER_DIR=$HOME/.casher
travis_time:start:04c74134[0K
travis_time:end:04c74134:start=1641104600188889588,finish=1641104600200019128,duration=11129540[0Ktravis_time:start:0f722ac7[0K/home/travis/.casher/bin/casher:213:in `cache_archive_name': undefined method `[]' for nil:NilClass (NoMethodError)
	from /home/travis/.casher/bin/casher:65:in `block in fetch'
	from /home/travis/.casher/bin/casher:64:in `each'
	from /home/travis/.casher/bin/casher:64:in `fetch'
	from /home/travis/.casher/bin/casher:53:in `block in run'
	from /home/travis/.rvm/rubies/ruby-1.9.3-p551/lib/ruby/1.9.1/timeout.rb:69:in `timeout'
	from /home/travis/.casher/bin/casher:53:in `run'
	from /home/travis/.casher/bin/casher:263:in `<main>'
[32;1mattempting to download cache archive[0m

travis_time:end:0f722ac7:start=1641104600211581800,finish=1641104601030808706,duration=819226906[0Ktravis_time:start:1b779ab0[0K
travis_time:end:1b779ab0:start=1641104601042246390,finish=1641104601052009870,duration=9763480[0Ktravis_time:start:1b1fd697[0K[32;1madding /home/travis/.m2 to cache[0m

travis_time:end:1b1fd697:start=1641104601062774465,finish=1641104602294096698,duration=1231322233[0Ktravis_fold:end:cache.1[0K$ java -Xmx32m -version
java version "1.8.0_31"
Java(TM) SE Runtime Environment (build 1.8.0_31-b13)
Java HotSpot(TM) 64-Bit Server VM (build 25.31-b07, mixed mode)
$ javac -J-Xmx32m -version
javac 1.8.0_31
travis_fold:start:install[0Ktravis_time:start:2e86a140[0K$ mvn -o install -Dhttps.protocols=TLSv1.2 -DskipTests=true -Dmaven.javadoc.skip=true -B -V
Java HotSpot(TM) 64-Bit Server VM warning: ignoring option MaxPermSize=192m; support was removed in 8.0
Apache Maven 3.2.5 (12a6b3acb947671f09b81f49094c53f426d8cea1; 2014-12-14T17:29:23+00:00)
Maven home: /usr/local/maven
Java version: 1.8.0_31, vendor: Oracle Corporation
Java home: /usr/lib/jvm/java-8-oracle/jre
Default locale: en_US, platform encoding: UTF-8
OS name: "linux", version: "4.15.0-109-generic", arch: "amd64", family: "unix"
[INFO] Scanning for projects...
[WARNING] 
[WARNING] Some problems were encountered while building the effective model for com.squareup.okhttp:okhttp-tests:jar:2.5.0-SNAPSHOT
[WARNING] 'build.plugins.plugin.version' for org.apache.maven.plugins:maven-deploy-plugin is missing. @ com.squareup.okhttp:okhttp-tests:[unknown-version], /home/travis/build/failed/square/okhttp/okhttp-tests/pom.xml, line 58, column 15
[WARNING] 
[WARNING] Some problems were encountered while building the effective model for com.squareup.okhttp:okhttp-ws-tests:jar:2.5.0-SNAPSHOT
[WARNING] 'build.plugins.plugin.version' for org.apache.maven.plugins:maven-deploy-plugin is missing. @ com.squareup.okhttp:okhttp-ws-tests:[unknown-version], /home/travis/build/failed/square/okhttp/okhttp-ws-tests/pom.xml, line 44, column 15
[WARNING] 
[WARNING] Some problems were encountered while building the effective model for com.squareup.okhttp:benchmarks:jar:2.5.0-SNAPSHOT
[WARNING] 'build.plugins.plugin.version' for org.codehaus.mojo:exec-maven-plugin is missing. @ com.squareup.okhttp:benchmarks:[unknown-version], /home/travis/build/failed/square/okhttp/benchmarks/pom.xml, line 74, column 15
[WARNING] 
[WARNING] It is highly recommended to fix these problems because they threaten the stability of your build.
[WARNING] 
[WARNING] For this reason, future Maven versions might no longer support building such malformed projects.
[WARNING] 
[INFO] ------------------------------------------------------------------------
[INFO] Reactor Build Order:
[INFO] 
[INFO] OkHttp (Parent)
[INFO] OkHttp
[INFO] OkHttp test support classes
[INFO] OkHttp Web Sockets
[INFO] MockWebServer
[INFO] OkHttp URLConnection
[INFO] OkHttp Tests
[INFO] OkHttp Android Platform Support
[INFO] OkHttp Apache HttpClient
[INFO] OkHttp Web Socket Tests
[INFO] OkCurl
[INFO] Samples (Parent)
[INFO] Sample: Guide
[INFO] Sample: Crawler
[INFO] Sample: Simple Client
[INFO] Sample: Static Server
[INFO] Benchmarks
[INFO]                                                                         
[INFO] ------------------------------------------------------------------------
[INFO] Building OkHttp (Parent) 2.5.0-SNAPSHOT
[INFO] ------------------------------------------------------------------------
[INFO] 
[INFO] --- maven-enforcer-plugin:1.0:enforce (enforce-maven) @ parent ---
[INFO] 
[INFO] --- animal-sniffer-maven-plugin:1.11:check (default) @ parent ---
[INFO] Checking unresolved references to org.codehaus.mojo.signature:java16:1.1
[INFO] 
[INFO] --- maven-checkstyle-plugin:2.10:checkstyle (default) @ parent ---
[INFO] 
[INFO] --- maven-install-plugin:2.4:install (default-install) @ parent ---
[INFO] Installing /home/travis/build/failed/square/okhttp/pom.xml to /home/travis/.m2/repository/com/squareup/okhttp/parent/2.5.0-SNAPSHOT/parent-2.5.0-SNAPSHOT.pom
[INFO]                                                                         
[INFO] ------------------------------------------------------------------------
[INFO] Building OkHttp 2.5.0-SNAPSHOT
[INFO] ------------------------------------------------------------------------
[INFO] 
[INFO] --- maven-enforcer-plugin:1.0:enforce (enforce-maven) @ okhttp ---
[INFO] 
[INFO] --- templating-maven-plugin:1.0-alpha-3:filter-sources (default) @ okhttp ---
[INFO] Using 'UTF-8' encoding to copy filtered resources.
[INFO] Copying 1 resource
[INFO] Source directory: /home/travis/build/failed/square/okhttp/okhttp/target/generated-sources/java-templates added.
[INFO] 
[INFO] --- maven-resources-plugin:2.6:resources (default-resources) @ okhttp ---
[INFO] Using 'UTF-8' encoding to copy filtered resources.
[INFO] skip non existing resourceDirectory /home/travis/build/failed/square/okhttp/okhttp/src/main/resources
[INFO] 
[INFO] --- maven-compiler-plugin:3.0:compile (default-compile) @ okhttp ---
[INFO] Changes detected - recompiling the module!
[INFO] Compiling 81 source files to /home/travis/build/failed/square/okhttp/okhttp/target/classes
[WARNING] /home/travis/build/failed/square/okhttp/okhttp/src/main/java/com/squareup/okhttp/internal/Util.java: Some input files use unchecked or unsafe operations.
[WARNING] /home/travis/build/failed/square/okhttp/okhttp/src/main/java/com/squareup/okhttp/internal/Util.java: Recompile with -Xlint:unchecked for details.
[INFO] 
[INFO] --- maven-resources-plugin:2.6:testResources (default-testResources) @ okhttp ---
[INFO] Using 'UTF-8' encoding to copy filtered resources.
[INFO] skip non existing resourceDirectory /home/travis/build/failed/square/okhttp/okhttp/src/test/resources
[INFO] 
[INFO] --- maven-compiler-plugin:3.0:testCompile (default-testCompile) @ okhttp ---
[INFO] No sources to compile
[INFO] 
[INFO] --- maven-surefire-plugin:2.17:test (default-test) @ okhttp ---
[INFO] Tests are skipped.
[INFO] 
[INFO] --- animal-sniffer-maven-plugin:1.11:check (default) @ okhttp ---
[INFO] Checking unresolved references to org.codehaus.mojo.signature:java16:1.1
[INFO] 
[INFO] --- maven-jar-plugin:2.4:jar (default-jar) @ okhttp ---
[INFO] Building jar: /home/travis/build/failed/square/okhttp/okhttp/target/okhttp-2.5.0-SNAPSHOT.jar
[INFO] 
[INFO] --- maven-checkstyle-plugin:2.10:checkstyle (default) @ okhttp ---
[INFO] Starting audit...
Audit done.

[WARNING] Unable to locate Source XRef to link to - DISABLED
[INFO] 
[INFO] --- maven-install-plugin:2.4:install (default-install) @ okhttp ---
[INFO] Installing /home/travis/build/failed/square/okhttp/okhttp/target/okhttp-2.5.0-SNAPSHOT.jar to /home/travis/.m2/repository/com/squareup/okhttp/okhttp/2.5.0-SNAPSHOT/okhttp-2.5.0-SNAPSHOT.jar
[INFO] Installing /home/travis/build/failed/square/okhttp/okhttp/pom.xml to /home/travis/.m2/repository/com/squareup/okhttp/okhttp/2.5.0-SNAPSHOT/okhttp-2.5.0-SNAPSHOT.pom
[INFO]                                                                         
[INFO] ------------------------------------------------------------------------
[INFO] Building OkHttp test support classes 2.5.0-SNAPSHOT
[INFO] ------------------------------------------------------------------------
[INFO] 
[INFO] --- maven-enforcer-plugin:1.0:enforce (enforce-maven) @ okhttp-testing-support ---
[INFO] 
[INFO] --- maven-resources-plugin:2.6:resources (default-resources) @ okhttp-testing-support ---
[INFO] Using 'UTF-8' encoding to copy filtered resources.
[INFO] skip non existing resourceDirectory /home/travis/build/failed/square/okhttp/okhttp-testing-support/src/main/resources
[INFO] 
[INFO] --- maven-compiler-plugin:3.0:compile (default-compile) @ okhttp-testing-support ---
[INFO] Nothing to compile - all classes are up to date
[INFO] 
[INFO] --- maven-resources-plugin:2.6:testResources (default-testResources) @ okhttp-testing-support ---
[INFO] Using 'UTF-8' encoding to copy filtered resources.
[INFO] skip non existing resourceDirectory /home/travis/build/failed/square/okhttp/okhttp-testing-support/src/test/resources
[INFO] 
[INFO] --- maven-compiler-plugin:3.0:testCompile (default-testCompile) @ okhttp-testing-support ---
[INFO] No sources to compile
[INFO] 
[INFO] --- maven-surefire-plugin:2.17:test (default-test) @ okhttp-testing-support ---
[INFO] Tests are skipped.
[INFO] 
[INFO] --- animal-sniffer-maven-plugin:1.11:check (default) @ okhttp-testing-support ---
[INFO] Checking unresolved references to org.codehaus.mojo.signature:java16:1.1
[INFO] 
[INFO] --- maven-jar-plugin:2.4:jar (default-jar) @ okhttp-testing-support ---
[INFO] Building jar: /home/travis/build/failed/square/okhttp/okhttp-testing-support/target/okhttp-testing-support-2.5.0-SNAPSHOT.jar
[INFO] 
[INFO] --- maven-checkstyle-plugin:2.10:checkstyle (default) @ okhttp-testing-support ---
[INFO] Starting audit...
Audit done.

[WARNING] Unable to locate Source XRef to link to - DISABLED
[INFO] 
[INFO] --- maven-install-plugin:2.4:install (default-install) @ okhttp-testing-support ---
[INFO] Installing /home/travis/build/failed/square/okhttp/okhttp-testing-support/target/okhttp-testing-support-2.5.0-SNAPSHOT.jar to /home/travis/.m2/repository/com/squareup/okhttp/okhttp-testing-support/2.5.0-SNAPSHOT/okhttp-testing-support-2.5.0-SNAPSHOT.jar
[INFO] Installing /home/travis/build/failed/square/okhttp/okhttp-testing-support/pom.xml to /home/travis/.m2/repository/com/squareup/okhttp/okhttp-testing-support/2.5.0-SNAPSHOT/okhttp-testing-support-2.5.0-SNAPSHOT.pom
[INFO]                                                                         
[INFO] ------------------------------------------------------------------------
[INFO] Building OkHttp Web Sockets 2.5.0-SNAPSHOT
[INFO] ------------------------------------------------------------------------
[INFO] 
[INFO] --- maven-enforcer-plugin:1.0:enforce (enforce-maven) @ okhttp-ws ---
[INFO] 
[INFO] --- maven-resources-plugin:2.6:resources (default-resources) @ okhttp-ws ---
[INFO] Using 'UTF-8' encoding to copy filtered resources.
[INFO] skip non existing resourceDirectory /home/travis/build/failed/square/okhttp/okhttp-ws/src/main/resources
[INFO] 
[INFO] --- maven-compiler-plugin:3.0:compile (default-compile) @ okhttp-ws ---
[INFO] Changes detected - recompiling the module!
[INFO] Compiling 7 source files to /home/travis/build/failed/square/okhttp/okhttp-ws/target/classes
[INFO] 
[INFO] --- maven-resources-plugin:2.6:testResources (default-testResources) @ okhttp-ws ---
[INFO] Using 'UTF-8' encoding to copy filtered resources.
[INFO] skip non existing resourceDirectory /home/travis/build/failed/square/okhttp/okhttp-ws/src/test/resources
[INFO] 
[INFO] --- maven-compiler-plugin:3.0:testCompile (default-testCompile) @ okhttp-ws ---
[INFO] No sources to compile
[INFO] 
[INFO] --- maven-surefire-plugin:2.17:test (default-test) @ okhttp-ws ---
[INFO] Tests are skipped.
[INFO] 
[INFO] --- animal-sniffer-maven-plugin:1.11:check (default) @ okhttp-ws ---
[INFO] Checking unresolved references to org.codehaus.mojo.signature:java16:1.1
[INFO] 
[INFO] --- maven-jar-plugin:2.4:jar (default-jar) @ okhttp-ws ---
[INFO] Building jar: /home/travis/build/failed/square/okhttp/okhttp-ws/target/okhttp-ws-2.5.0-SNAPSHOT.jar
[INFO] 
[INFO] --- maven-checkstyle-plugin:2.10:checkstyle (default) @ okhttp-ws ---
[INFO] Starting audit...
Audit done.

[WARNING] Unable to locate Source XRef to link to - DISABLED
[INFO] 
[INFO] --- maven-install-plugin:2.4:install (default-install) @ okhttp-ws ---
[INFO] Installing /home/travis/build/failed/square/okhttp/okhttp-ws/target/okhttp-ws-2.5.0-SNAPSHOT.jar to /home/travis/.m2/repository/com/squareup/okhttp/okhttp-ws/2.5.0-SNAPSHOT/okhttp-ws-2.5.0-SNAPSHOT.jar
[INFO] Installing /home/travis/build/failed/square/okhttp/okhttp-ws/pom.xml to /home/travis/.m2/repository/com/squareup/okhttp/okhttp-ws/2.5.0-SNAPSHOT/okhttp-ws-2.5.0-SNAPSHOT.pom
[INFO]                                                                         
[INFO] ------------------------------------------------------------------------
[INFO] Building MockWebServer 2.5.0-SNAPSHOT
[INFO] ------------------------------------------------------------------------
[INFO] 
[INFO] --- maven-enforcer-plugin:1.0:enforce (enforce-maven) @ mockwebserver ---
[INFO] 
[INFO] --- maven-resources-plugin:2.6:resources (default-resources) @ mockwebserver ---
[INFO] Using 'UTF-8' encoding to copy filtered resources.
[INFO] skip non existing resourceDirectory /home/travis/build/failed/square/okhttp/mockwebserver/src/main/resources
[INFO] 
[INFO] --- maven-compiler-plugin:3.0:compile (default-compile) @ mockwebserver ---
[INFO] Changes detected - recompiling the module!
[INFO] Compiling 9 source files to /home/travis/build/failed/square/okhttp/mockwebserver/target/classes
[WARNING] /home/travis/build/failed/square/okhttp/mockwebserver/src/main/java/com/squareup/okhttp/internal/SslContextBuilder.java: /home/travis/build/failed/square/okhttp/mockwebserver/src/main/java/com/squareup/okhttp/internal/SslContextBuilder.java uses or overrides a deprecated API.
[WARNING] /home/travis/build/failed/square/okhttp/mockwebserver/src/main/java/com/squareup/okhttp/internal/SslContextBuilder.java: Recompile with -Xlint:deprecation for details.
[INFO] 
[INFO] --- maven-resources-plugin:2.6:testResources (default-testResources) @ mockwebserver ---
[INFO] Using 'UTF-8' encoding to copy filtered resources.
[INFO] skip non existing resourceDirectory /home/travis/build/failed/square/okhttp/mockwebserver/src/test/resources
[INFO] 
[INFO] --- maven-compiler-plugin:3.0:testCompile (default-testCompile) @ mockwebserver ---
[INFO] Changes detected - recompiling the module!
[INFO] Compiling 2 source files to /home/travis/build/failed/square/okhttp/mockwebserver/target/test-classes
[WARNING] /home/travis/build/failed/square/okhttp/mockwebserver/src/test/java/com/squareup/okhttp/mockwebserver/CustomDispatcherTest.java: Some input files use or override a deprecated API.
[WARNING] /home/travis/build/failed/square/okhttp/mockwebserver/src/test/java/com/squareup/okhttp/mockwebserver/CustomDispatcherTest.java: Recompile with -Xlint:deprecation for details.
[INFO] 
[INFO] --- maven-surefire-plugin:2.17:test (default-test) @ mockwebserver ---
[INFO] Tests are skipped.
[INFO] 
[INFO] --- animal-sniffer-maven-plugin:1.11:check (default) @ mockwebserver ---
[INFO] Checking unresolved references to org.codehaus.mojo.signature:java16:1.1
[INFO] 
[INFO] --- maven-jar-plugin:2.4:jar (default-jar) @ mockwebserver ---
[INFO] Building jar: /home/travis/build/failed/square/okhttp/mockwebserver/target/mockwebserver-2.5.0-SNAPSHOT.jar
[INFO] 
[INFO] --- maven-assembly-plugin:2.2-beta-5:single (default) @ mockwebserver ---
[INFO] META-INF/ already added, skipping
[INFO] META-INF/MANIFEST.MF already added, skipping
[INFO] META-INF/maven/ already added, skipping
[INFO] META-INF/ already added, skipping
[INFO] META-INF/MANIFEST.MF already added, skipping
[INFO] com/ already added, skipping
[INFO] com/squareup/ already added, skipping
[INFO] com/squareup/okhttp/ already added, skipping
[INFO] com/squareup/okhttp/internal/ already added, skipping
[INFO] META-INF/maven/ already added, skipping
[INFO] META-INF/maven/com.squareup.okhttp/ already added, skipping
[INFO] META-INF/MANIFEST.MF already added, skipping
[INFO] META-INF/ already added, skipping
[INFO] META-INF/MANIFEST.MF already added, skipping
[INFO] org/ already added, skipping
[INFO] META-INF/ already added, skipping
[INFO] META-INF/MANIFEST.MF already added, skipping
[INFO] org/ already added, skipping
[INFO] LICENSE.txt already added, skipping
[INFO] Building jar: /home/travis/build/failed/square/okhttp/mockwebserver/target/mockwebserver-2.5.0-SNAPSHOT-jar-with-dependencies.jar
[INFO] META-INF/ already added, skipping
[INFO] META-INF/MANIFEST.MF already added, skipping
[INFO] META-INF/maven/ already added, skipping
[INFO] META-INF/ already added, skipping
[INFO] META-INF/MANIFEST.MF already added, skipping
[INFO] com/ already added, skipping
[INFO] com/squareup/ already added, skipping
[INFO] com/squareup/okhttp/ already added, skipping
[INFO] com/squareup/okhttp/internal/ already added, skipping
[INFO] META-INF/maven/ already added, skipping
[INFO] META-INF/maven/com.squareup.okhttp/ already added, skipping
[INFO] META-INF/MANIFEST.MF already added, skipping
[INFO] META-INF/ already added, skipping
[INFO] META-INF/MANIFEST.MF already added, skipping
[INFO] org/ already added, skipping
[INFO] META-INF/ already added, skipping
[INFO] META-INF/MANIFEST.MF already added, skipping
[INFO] org/ already added, skipping
[INFO] LICENSE.txt already added, skipping
[INFO] 
[INFO] --- maven-checkstyle-plugin:2.10:checkstyle (default) @ mockwebserver ---
[INFO] Starting audit...
Audit done.

[WARNING] Unable to locate Source XRef to link to - DISABLED
[INFO] 
[INFO] --- maven-install-plugin:2.4:install (default-install) @ mockwebserver ---
[INFO] Installing /home/travis/build/failed/square/okhttp/mockwebserver/target/mockwebserver-2.5.0-SNAPSHOT.jar to /home/travis/.m2/repository/com/squareup/okhttp/mockwebserver/2.5.0-SNAPSHOT/mockwebserver-2.5.0-SNAPSHOT.jar
[INFO] Installing /home/travis/build/failed/square/okhttp/mockwebserver/pom.xml to /home/travis/.m2/repository/com/squareup/okhttp/mockwebserver/2.5.0-SNAPSHOT/mockwebserver-2.5.0-SNAPSHOT.pom
[INFO] Installing /home/travis/build/failed/square/okhttp/mockwebserver/target/mockwebserver-2.5.0-SNAPSHOT-jar-with-dependencies.jar to /home/travis/.m2/repository/com/squareup/okhttp/mockwebserver/2.5.0-SNAPSHOT/mockwebserver-2.5.0-SNAPSHOT-jar-with-dependencies.jar
[INFO]                                                                         
[INFO] ------------------------------------------------------------------------
[INFO] Building OkHttp URLConnection 2.5.0-SNAPSHOT
[INFO] ------------------------------------------------------------------------
[INFO] 
[INFO] --- maven-enforcer-plugin:1.0:enforce (enforce-maven) @ okhttp-urlconnection ---
[INFO] 
[INFO] --- maven-resources-plugin:2.6:resources (default-resources) @ okhttp-urlconnection ---
[INFO] Using 'UTF-8' encoding to copy filtered resources.
[INFO] skip non existing resourceDirectory /home/travis/build/failed/square/okhttp/okhttp-urlconnection/src/main/resources
[INFO] 
[INFO] --- maven-compiler-plugin:3.0:compile (default-compile) @ okhttp-urlconnection ---
[INFO] Changes detected - recompiling the module!
[INFO] Compiling 4 source files to /home/travis/build/failed/square/okhttp/okhttp-urlconnection/target/classes
[INFO] 
[INFO] --- maven-resources-plugin:2.6:testResources (default-testResources) @ okhttp-urlconnection ---
[INFO] Using 'UTF-8' encoding to copy filtered resources.
[INFO] skip non existing resourceDirectory /home/travis/build/failed/square/okhttp/okhttp-urlconnection/src/test/resources
[INFO] 
[INFO] --- maven-compiler-plugin:3.0:testCompile (default-testCompile) @ okhttp-urlconnection ---
[INFO] Changes detected - recompiling the module!
[INFO] Compiling 3 source files to /home/travis/build/failed/square/okhttp/okhttp-urlconnection/target/test-classes
[WARNING] /home/travis/build/failed/square/okhttp/okhttp-urlconnection/src/test/java/com/squareup/okhttp/OkUrlFactoryTest.java: Some input files use or override a deprecated API.
[WARNING] /home/travis/build/failed/square/okhttp/okhttp-urlconnection/src/test/java/com/squareup/okhttp/OkUrlFactoryTest.java: Recompile with -Xlint:deprecation for details.
[INFO] 
[INFO] --- maven-surefire-plugin:2.17:test (default-test) @ okhttp-urlconnection ---
[INFO] Tests are skipped.
[INFO] 
[INFO] --- animal-sniffer-maven-plugin:1.11:check (default) @ okhttp-urlconnection ---
[INFO] Checking unresolved references to org.codehaus.mojo.signature:java16:1.1
[INFO] 
[INFO] --- maven-jar-plugin:2.4:jar (default-jar) @ okhttp-urlconnection ---
[INFO] Building jar: /home/travis/build/failed/square/okhttp/okhttp-urlconnection/target/okhttp-urlconnection-2.5.0-SNAPSHOT.jar
[INFO] 
[INFO] --- maven-checkstyle-plugin:2.10:checkstyle (default) @ okhttp-urlconnection ---
[INFO] Starting audit...
Audit done.

[WARNING] Unable to locate Source XRef to link to - DISABLED
[INFO] 
[INFO] --- maven-install-plugin:2.4:install (default-install) @ okhttp-urlconnection ---
[INFO] Installing /home/travis/build/failed/square/okhttp/okhttp-urlconnection/target/okhttp-urlconnection-2.5.0-SNAPSHOT.jar to /home/travis/.m2/repository/com/squareup/okhttp/okhttp-urlconnection/2.5.0-SNAPSHOT/okhttp-urlconnection-2.5.0-SNAPSHOT.jar
[INFO] Installing /home/travis/build/failed/square/okhttp/okhttp-urlconnection/pom.xml to /home/travis/.m2/repository/com/squareup/okhttp/okhttp-urlconnection/2.5.0-SNAPSHOT/okhttp-urlconnection-2.5.0-SNAPSHOT.pom
[INFO]                                                                         
[INFO] ------------------------------------------------------------------------
[INFO] Building OkHttp Tests 2.5.0-SNAPSHOT
[INFO] ------------------------------------------------------------------------
[INFO] 
[INFO] --- maven-enforcer-plugin:1.0:enforce (enforce-maven) @ okhttp-tests ---
[INFO] 
[INFO] --- maven-resources-plugin:2.6:resources (default-resources) @ okhttp-tests ---
[INFO] Using 'UTF-8' encoding to copy filtered resources.
[INFO] skip non existing resourceDirectory /home/travis/build/failed/square/okhttp/okhttp-tests/src/main/resources
[INFO] 
[INFO] --- maven-compiler-plugin:3.0:compile (default-compile) @ okhttp-tests ---
[INFO] No sources to compile
[INFO] 
[INFO] --- maven-resources-plugin:2.6:testResources (default-testResources) @ okhttp-tests ---
[INFO] Using 'UTF-8' encoding to copy filtered resources.
[INFO] Copying 1 resource
[INFO] 
[INFO] --- maven-compiler-plugin:3.0:testCompile (default-testCompile) @ okhttp-tests ---
[INFO] Changes detected - recompiling the module!
[INFO] Compiling 65 source files to /home/travis/build/failed/square/okhttp/okhttp-tests/target/test-classes
[WARNING] /home/travis/build/failed/square/okhttp/okhttp-tests/src/test/java/com/squareup/okhttp/internal/http/CookiesTest.java: Some input files use or override a deprecated API.
[WARNING] /home/travis/build/failed/square/okhttp/okhttp-tests/src/test/java/com/squareup/okhttp/internal/http/CookiesTest.java: Recompile with -Xlint:deprecation for details.
[WARNING] /home/travis/build/failed/square/okhttp/okhttp-tests/src/test/java/com/squareup/okhttp/TestUtil.java: /home/travis/build/failed/square/okhttp/okhttp-tests/src/test/java/com/squareup/okhttp/TestUtil.java uses unchecked or unsafe operations.
[WARNING] /home/travis/build/failed/square/okhttp/okhttp-tests/src/test/java/com/squareup/okhttp/TestUtil.java: Recompile with -Xlint:unchecked for details.
[INFO] 
[INFO] --- maven-surefire-plugin:2.17:test (default-test) @ okhttp-tests ---
[INFO] Tests are skipped.
[INFO] 
[INFO] --- animal-sniffer-maven-plugin:1.11:check (default) @ okhttp-tests ---
[INFO] Checking unresolved references to org.codehaus.mojo.signature:java16:1.1
[INFO] 
[INFO] --- maven-jar-plugin:2.4:jar (default-jar) @ okhttp-tests ---
[WARNING] JAR will be empty - no content was marked for inclusion!
[INFO] 
[INFO] --- maven-checkstyle-plugin:2.10:checkstyle (default) @ okhttp-tests ---
[INFO] 
[INFO] --- maven-install-plugin:2.4:install (default-install) @ okhttp-tests ---
[INFO] Installing /home/travis/build/failed/square/okhttp/okhttp-tests/target/okhttp-tests-2.5.0-SNAPSHOT.jar to /home/travis/.m2/repository/com/squareup/okhttp/okhttp-tests/2.5.0-SNAPSHOT/okhttp-tests-2.5.0-SNAPSHOT.jar
[INFO] Installing /home/travis/build/failed/square/okhttp/okhttp-tests/pom.xml to /home/travis/.m2/repository/com/squareup/okhttp/okhttp-tests/2.5.0-SNAPSHOT/okhttp-tests-2.5.0-SNAPSHOT.pom
[INFO]                                                                         
[INFO] ------------------------------------------------------------------------
[INFO] Building OkHttp Android Platform Support 2.5.0-SNAPSHOT
[INFO] ------------------------------------------------------------------------
[INFO] 
[INFO] --- maven-enforcer-plugin:1.0:enforce (enforce-maven) @ okhttp-android-support ---
[INFO] 
[INFO] --- maven-resources-plugin:2.6:resources (default-resources) @ okhttp-android-support ---
[INFO] Using 'UTF-8' encoding to copy filtered resources.
[INFO] skip non existing resourceDirectory /home/travis/build/failed/square/okhttp/okhttp-android-support/src/main/resources
[INFO] 
[INFO] --- maven-compiler-plugin:3.0:compile (default-compile) @ okhttp-android-support ---
[INFO] Changes detected - recompiling the module!
[INFO] Compiling 5 source files to /home/travis/build/failed/square/okhttp/okhttp-android-support/target/classes
[INFO] 
[INFO] --- maven-resources-plugin:2.6:testResources (default-testResources) @ okhttp-android-support ---
[INFO] Using 'UTF-8' encoding to copy filtered resources.
[INFO] skip non existing resourceDirectory /home/travis/build/failed/square/okhttp/okhttp-android-support/src/test/resources
[INFO] 
[INFO] --- maven-compiler-plugin:3.0:testCompile (default-testCompile) @ okhttp-android-support ---
[INFO] Changes detected - recompiling the module!
[INFO] Compiling 6 source files to /home/travis/build/failed/square/okhttp/okhttp-android-support/target/test-classes
[WARNING] /home/travis/build/failed/square/okhttp/okhttp-android-support/src/test/java/com/squareup/okhttp/internal/huc/CacheAdapterTest.java: Some input files use or override a deprecated API.
[WARNING] /home/travis/build/failed/square/okhttp/okhttp-android-support/src/test/java/com/squareup/okhttp/internal/huc/CacheAdapterTest.java: Recompile with -Xlint:deprecation for details.
[INFO] 
[INFO] --- maven-surefire-plugin:2.17:test (default-test) @ okhttp-android-support ---
[INFO] Tests are skipped.
[INFO] 
[INFO] --- animal-sniffer-maven-plugin:1.11:check (default) @ okhttp-android-support ---
[INFO] Checking unresolved references to org.codehaus.mojo.signature:java16:1.1
[INFO] 
[INFO] --- maven-jar-plugin:2.4:jar (default-jar) @ okhttp-android-support ---
[INFO] Building jar: /home/travis/build/failed/square/okhttp/okhttp-android-support/target/okhttp-android-support-2.5.0-SNAPSHOT.jar
[INFO] 
[INFO] --- maven-checkstyle-plugin:2.10:checkstyle (default) @ okhttp-android-support ---
[INFO] Starting audit...
Audit done.

[WARNING] Unable to locate Source XRef to link to - DISABLED
[INFO] 
[INFO] --- maven-install-plugin:2.4:install (default-install) @ okhttp-android-support ---
[INFO] Installing /home/travis/build/failed/square/okhttp/okhttp-android-support/target/okhttp-android-support-2.5.0-SNAPSHOT.jar to /home/travis/.m2/repository/com/squareup/okhttp/okhttp-android-support/2.5.0-SNAPSHOT/okhttp-android-support-2.5.0-SNAPSHOT.jar
[INFO] Installing /home/travis/build/failed/square/okhttp/okhttp-android-support/pom.xml to /home/travis/.m2/repository/com/squareup/okhttp/okhttp-android-support/2.5.0-SNAPSHOT/okhttp-android-support-2.5.0-SNAPSHOT.pom
[INFO]                                                                         
[INFO] ------------------------------------------------------------------------
[INFO] Building OkHttp Apache HttpClient 2.5.0-SNAPSHOT
[INFO] ------------------------------------------------------------------------
[INFO] 
[INFO] --- maven-enforcer-plugin:1.0:enforce (enforce-maven) @ okhttp-apache ---
[INFO] 
[INFO] --- maven-resources-plugin:2.6:resources (default-resources) @ okhttp-apache ---
[INFO] Using 'UTF-8' encoding to copy filtered resources.
[INFO] skip non existing resourceDirectory /home/travis/build/failed/square/okhttp/okhttp-apache/src/main/resources
[INFO] 
[INFO] --- maven-compiler-plugin:3.0:compile (default-compile) @ okhttp-apache ---
[INFO] Changes detected - recompiling the module!
[INFO] Compiling 2 source files to /home/travis/build/failed/square/okhttp/okhttp-apache/target/classes
[WARNING] /home/travis/build/failed/square/okhttp/okhttp-apache/src/main/java/com/squareup/okhttp/apache/OkApacheClient.java: /home/travis/build/failed/square/okhttp/okhttp-apache/src/main/java/com/squareup/okhttp/apache/OkApacheClient.java uses or overrides a deprecated API.
[WARNING] /home/travis/build/failed/square/okhttp/okhttp-apache/src/main/java/com/squareup/okhttp/apache/OkApacheClient.java: Recompile with -Xlint:deprecation for details.
[INFO] 
[INFO] --- maven-resources-plugin:2.6:testResources (default-testResources) @ okhttp-apache ---
[INFO] Using 'UTF-8' encoding to copy filtered resources.
[INFO] skip non existing resourceDirectory /home/travis/build/failed/square/okhttp/okhttp-apache/src/test/resources
[INFO] 
[INFO] --- maven-compiler-plugin:3.0:testCompile (default-testCompile) @ okhttp-apache ---
[INFO] Changes detected - recompiling the module!
[INFO] Compiling 1 source file to /home/travis/build/failed/square/okhttp/okhttp-apache/target/test-classes
[WARNING] /home/travis/build/failed/square/okhttp/okhttp-apache/src/test/java/com/squareup/okhttp/apache/OkApacheClientTest.java: /home/travis/build/failed/square/okhttp/okhttp-apache/src/test/java/com/squareup/okhttp/apache/OkApacheClientTest.java uses or overrides a deprecated API.
[WARNING] /home/travis/build/failed/square/okhttp/okhttp-apache/src/test/java/com/squareup/okhttp/apache/OkApacheClientTest.java: Recompile with -Xlint:deprecation for details.
[INFO] 
[INFO] --- maven-surefire-plugin:2.17:test (default-test) @ okhttp-apache ---
[INFO] Tests are skipped.
[INFO] 
[INFO] --- animal-sniffer-maven-plugin:1.11:check (default) @ okhttp-apache ---
[INFO] Checking unresolved references to org.codehaus.mojo.signature:java16:1.1
[INFO] 
[INFO] --- maven-jar-plugin:2.4:jar (default-jar) @ okhttp-apache ---
[INFO] Building jar: /home/travis/build/failed/square/okhttp/okhttp-apache/target/okhttp-apache-2.5.0-SNAPSHOT.jar
[INFO] 
[INFO] --- maven-checkstyle-plugin:2.10:checkstyle (default) @ okhttp-apache ---
[INFO] Starting audit...
Audit done.

[WARNING] Unable to locate Source XRef to link to - DISABLED
[INFO] 
[INFO] --- maven-install-plugin:2.4:install (default-install) @ okhttp-apache ---
[INFO] Installing /home/travis/build/failed/square/okhttp/okhttp-apache/target/okhttp-apache-2.5.0-SNAPSHOT.jar to /home/travis/.m2/repository/com/squareup/okhttp/okhttp-apache/2.5.0-SNAPSHOT/okhttp-apache-2.5.0-SNAPSHOT.jar
[INFO] Installing /home/travis/build/failed/square/okhttp/okhttp-apache/pom.xml to /home/travis/.m2/repository/com/squareup/okhttp/okhttp-apache/2.5.0-SNAPSHOT/okhttp-apache-2.5.0-SNAPSHOT.pom
[INFO]                                                                         
[INFO] ------------------------------------------------------------------------
[INFO] Building OkHttp Web Socket Tests 2.5.0-SNAPSHOT
[INFO] ------------------------------------------------------------------------
[INFO] 
[INFO] --- maven-enforcer-plugin:1.0:enforce (enforce-maven) @ okhttp-ws-tests ---
[INFO] 
[INFO] --- maven-resources-plugin:2.6:resources (default-resources) @ okhttp-ws-tests ---
[INFO] Using 'UTF-8' encoding to copy filtered resources.
[INFO] skip non existing resourceDirectory /home/travis/build/failed/square/okhttp/okhttp-ws-tests/src/main/resources
[INFO] 
[INFO] --- maven-compiler-plugin:3.0:compile (default-compile) @ okhttp-ws-tests ---
[INFO] No sources to compile
[INFO] 
[INFO] --- maven-resources-plugin:2.6:testResources (default-testResources) @ okhttp-ws-tests ---
[INFO] Using 'UTF-8' encoding to copy filtered resources.
[INFO] skip non existing resourceDirectory /home/travis/build/failed/square/okhttp/okhttp-ws-tests/src/test/resources
[INFO] 
[INFO] --- maven-compiler-plugin:3.0:testCompile (default-testCompile) @ okhttp-ws-tests ---
[INFO] Changes detected - recompiling the module!
[INFO] Compiling 6 source files to /home/travis/build/failed/square/okhttp/okhttp-ws-tests/target/test-classes
[INFO] 
[INFO] --- maven-surefire-plugin:2.17:test (default-test) @ okhttp-ws-tests ---
[INFO] Tests are skipped.
[INFO] 
[INFO] --- animal-sniffer-maven-plugin:1.11:check (default) @ okhttp-ws-tests ---
[INFO] Checking unresolved references to org.codehaus.mojo.signature:java16:1.1
[INFO] 
[INFO] --- maven-jar-plugin:2.4:jar (default-jar) @ okhttp-ws-tests ---
[WARNING] JAR will be empty - no content was marked for inclusion!
[INFO] 
[INFO] --- maven-checkstyle-plugin:2.10:checkstyle (default) @ okhttp-ws-tests ---
[INFO] 
[INFO] --- maven-install-plugin:2.4:install (default-install) @ okhttp-ws-tests ---
[INFO] Installing /home/travis/build/failed/square/okhttp/okhttp-ws-tests/target/okhttp-ws-tests-2.5.0-SNAPSHOT.jar to /home/travis/.m2/repository/com/squareup/okhttp/okhttp-ws-tests/2.5.0-SNAPSHOT/okhttp-ws-tests-2.5.0-SNAPSHOT.jar
[INFO] Installing /home/travis/build/failed/square/okhttp/okhttp-ws-tests/pom.xml to /home/travis/.m2/repository/com/squareup/okhttp/okhttp-ws-tests/2.5.0-SNAPSHOT/okhttp-ws-tests-2.5.0-SNAPSHOT.pom
[INFO]                                                                         
[INFO] ------------------------------------------------------------------------
[INFO] Building OkCurl 2.5.0-SNAPSHOT
[INFO] ------------------------------------------------------------------------
[INFO] 
[INFO] --- maven-enforcer-plugin:1.0:enforce (enforce-maven) @ okcurl ---
[INFO] 
[INFO] --- maven-resources-plugin:2.6:resources (default-resources) @ okcurl ---
[INFO] Using 'UTF-8' encoding to copy filtered resources.
[INFO] Copying 1 resource
[INFO] 
[INFO] --- maven-compiler-plugin:3.0:compile (default-compile) @ okcurl ---
[INFO] Changes detected - recompiling the module!
[INFO] Compiling 1 source file to /home/travis/build/failed/square/okhttp/okcurl/target/classes
[INFO] 
[INFO] --- maven-resources-plugin:2.6:testResources (default-testResources) @ okcurl ---
[INFO] Using 'UTF-8' encoding to copy filtered resources.
[INFO] skip non existing resourceDirectory /home/travis/build/failed/square/okhttp/okcurl/src/test/resources
[INFO] 
[INFO] --- maven-compiler-plugin:3.0:testCompile (default-testCompile) @ okcurl ---
[INFO] Changes detected - recompiling the module!
[INFO] Compiling 1 source file to /home/travis/build/failed/square/okhttp/okcurl/target/test-classes
[INFO] 
[INFO] --- maven-surefire-plugin:2.17:test (default-test) @ okcurl ---
[INFO] Tests are skipped.
[INFO] 
[INFO] --- animal-sniffer-maven-plugin:1.11:check (default) @ okcurl ---
[INFO] Checking unresolved references to org.codehaus.mojo.signature:java16:1.1
[INFO] 
[INFO] --- maven-jar-plugin:2.4:jar (default-jar) @ okcurl ---
[INFO] Building jar: /home/travis/build/failed/square/okhttp/okcurl/target/okcurl-2.5.0-SNAPSHOT.jar
[INFO] 
[INFO] --- maven-assembly-plugin:2.2-beta-5:single (default) @ okcurl ---
[INFO] META-INF/ already added, skipping
[INFO] META-INF/MANIFEST.MF already added, skipping
[INFO] META-INF/maven/ already added, skipping
[INFO] META-INF/MANIFEST.MF already added, skipping
[INFO] META-INF/ already added, skipping
[INFO] META-INF/MANIFEST.MF already added, skipping
[INFO] META-INF/maven/ already added, skipping
[INFO] META-INF/MANIFEST.MF already added, skipping
[INFO] META-INF/ already added, skipping
[INFO] META-INF/maven/ already added, skipping
[INFO] com/ already added, skipping
[INFO] Building jar: /home/travis/build/failed/square/okhttp/okcurl/target/okcurl-2.5.0-SNAPSHOT-jar-with-dependencies.jar
[INFO] META-INF/ already added, skipping
[INFO] META-INF/MANIFEST.MF already added, skipping
[INFO] META-INF/maven/ already added, skipping
[INFO] META-INF/MANIFEST.MF already added, skipping
[INFO] META-INF/ already added, skipping
[INFO] META-INF/MANIFEST.MF already added, skipping
[INFO] META-INF/maven/ already added, skipping
[INFO] META-INF/MANIFEST.MF already added, skipping
[INFO] META-INF/ already added, skipping
[INFO] META-INF/maven/ already added, skipping
[INFO] com/ already added, skipping
[INFO] 
[INFO] --- really-executable-jar-maven-plugin:1.1.0:really-executable-jar (default) @ okcurl ---
[INFO] 
[INFO] --- maven-checkstyle-plugin:2.10:checkstyle (default) @ okcurl ---
[INFO] Starting audit...
Audit done.

[WARNING] Unable to locate Source XRef to link to - DISABLED
[INFO] 
[INFO] --- maven-install-plugin:2.4:install (default-install) @ okcurl ---
[INFO] Installing /home/travis/build/failed/square/okhttp/okcurl/target/okcurl-2.5.0-SNAPSHOT.jar to /home/travis/.m2/repository/com/squareup/okhttp/okcurl/2.5.0-SNAPSHOT/okcurl-2.5.0-SNAPSHOT.jar
[INFO] Installing /home/travis/build/failed/square/okhttp/okcurl/pom.xml to /home/travis/.m2/repository/com/squareup/okhttp/okcurl/2.5.0-SNAPSHOT/okcurl-2.5.0-SNAPSHOT.pom
[INFO] Installing /home/travis/build/failed/square/okhttp/okcurl/target/okcurl-2.5.0-SNAPSHOT-jar-with-dependencies.jar to /home/travis/.m2/repository/com/squareup/okhttp/okcurl/2.5.0-SNAPSHOT/okcurl-2.5.0-SNAPSHOT-jar-with-dependencies.jar
[INFO]                                                                         
[INFO] ------------------------------------------------------------------------
[INFO] Building Samples (Parent) 2.5.0-SNAPSHOT
[INFO] ------------------------------------------------------------------------
[INFO] 
[INFO] --- maven-enforcer-plugin:1.0:enforce (enforce-maven) @ sample-parent ---
[INFO] 
[INFO] --- animal-sniffer-maven-plugin:1.11:check (default) @ sample-parent ---
[INFO] Checking unresolved references to org.codehaus.mojo.signature:java16:1.1
[INFO] 
[INFO] --- maven-checkstyle-plugin:2.10:checkstyle (default) @ sample-parent ---
[INFO] 
[INFO] --- maven-install-plugin:2.4:install (default-install) @ sample-parent ---
[INFO] Installing /home/travis/build/failed/square/okhttp/samples/pom.xml to /home/travis/.m2/repository/com/squareup/okhttp/sample/sample-parent/2.5.0-SNAPSHOT/sample-parent-2.5.0-SNAPSHOT.pom
[INFO]                                                                         
[INFO] ------------------------------------------------------------------------
[INFO] Building Sample: Guide 2.5.0-SNAPSHOT
[INFO] ------------------------------------------------------------------------
[INFO] 
[INFO] --- maven-enforcer-plugin:1.0:enforce (enforce-maven) @ guide ---
[INFO] 
[INFO] --- maven-resources-plugin:2.6:resources (default-resources) @ guide ---
[INFO] Using 'UTF-8' encoding to copy filtered resources.
[INFO] skip non existing resourceDirectory /home/travis/build/failed/square/okhttp/samples/guide/src/main/resources
[INFO] 
[INFO] --- maven-compiler-plugin:3.0:compile (default-compile) @ guide ---
[INFO] Changes detected - recompiling the module!
[INFO] Compiling 24 source files to /home/travis/build/failed/square/okhttp/samples/guide/target/classes
[INFO] 
[INFO] --- maven-resources-plugin:2.6:testResources (default-testResources) @ guide ---
[INFO] Using 'UTF-8' encoding to copy filtered resources.
[INFO] skip non existing resourceDirectory /home/travis/build/failed/square/okhttp/samples/guide/src/test/resources
[INFO] 
[INFO] --- maven-compiler-plugin:3.0:testCompile (default-testCompile) @ guide ---
[INFO] No sources to compile
[INFO] 
[INFO] --- maven-surefire-plugin:2.17:test (default-test) @ guide ---
[INFO] Tests are skipped.
[INFO] 
[INFO] --- animal-sniffer-maven-plugin:1.11:check (default) @ guide ---
[INFO] Checking unresolved references to org.codehaus.mojo.signature:java16:1.1
[INFO] 
[INFO] --- maven-jar-plugin:2.4:jar (default-jar) @ guide ---
[INFO] Building jar: /home/travis/build/failed/square/okhttp/samples/guide/target/guide-2.5.0-SNAPSHOT.jar
[INFO] 
[INFO] --- maven-checkstyle-plugin:2.10:checkstyle (default) @ guide ---
[INFO] Starting audit...
Audit done.

[WARNING] Unable to locate Source XRef to link to - DISABLED
[INFO] 
[INFO] --- maven-install-plugin:2.4:install (default-install) @ guide ---
[INFO] Installing /home/travis/build/failed/square/okhttp/samples/guide/target/guide-2.5.0-SNAPSHOT.jar to /home/travis/.m2/repository/com/squareup/okhttp/sample/guide/2.5.0-SNAPSHOT/guide-2.5.0-SNAPSHOT.jar
[INFO] Installing /home/travis/build/failed/square/okhttp/samples/guide/pom.xml to /home/travis/.m2/repository/com/squareup/okhttp/sample/guide/2.5.0-SNAPSHOT/guide-2.5.0-SNAPSHOT.pom
[INFO]                                                                         
[INFO] ------------------------------------------------------------------------
[INFO] Building Sample: Crawler 2.5.0-SNAPSHOT
[INFO] ------------------------------------------------------------------------
[INFO] 
[INFO] --- maven-enforcer-plugin:1.0:enforce (enforce-maven) @ crawler ---
[INFO] 
[INFO] --- maven-resources-plugin:2.6:resources (default-resources) @ crawler ---
[INFO] Using 'UTF-8' encoding to copy filtered resources.
[INFO] skip non existing resourceDirectory /home/travis/build/failed/square/okhttp/samples/crawler/src/main/resources
[INFO] 
[INFO] --- maven-compiler-plugin:3.0:compile (default-compile) @ crawler ---
[INFO] Changes detected - recompiling the module!
[INFO] Compiling 1 source file to /home/travis/build/failed/square/okhttp/samples/crawler/target/classes
[INFO] 
[INFO] --- maven-resources-plugin:2.6:testResources (default-testResources) @ crawler ---
[INFO] Using 'UTF-8' encoding to copy filtered resources.
[INFO] skip non existing resourceDirectory /home/travis/build/failed/square/okhttp/samples/crawler/src/test/resources
[INFO] 
[INFO] --- maven-compiler-plugin:3.0:testCompile (default-testCompile) @ crawler ---
[INFO] No sources to compile
[INFO] 
[INFO] --- maven-surefire-plugin:2.17:test (default-test) @ crawler ---
[INFO] Tests are skipped.
[INFO] 
[INFO] --- animal-sniffer-maven-plugin:1.11:check (default) @ crawler ---
[INFO] Checking unresolved references to org.codehaus.mojo.signature:java16:1.1
[INFO] 
[INFO] --- maven-jar-plugin:2.4:jar (default-jar) @ crawler ---
[INFO] Building jar: /home/travis/build/failed/square/okhttp/samples/crawler/target/crawler-2.5.0-SNAPSHOT.jar
[INFO] 
[INFO] --- maven-checkstyle-plugin:2.10:checkstyle (default) @ crawler ---
[INFO] Starting audit...
Audit done.

[WARNING] Unable to locate Source XRef to link to - DISABLED
[INFO] 
[INFO] --- maven-install-plugin:2.4:install (default-install) @ crawler ---
[INFO] Installing /home/travis/build/failed/square/okhttp/samples/crawler/target/crawler-2.5.0-SNAPSHOT.jar to /home/travis/.m2/repository/com/squareup/okhttp/sample/crawler/2.5.0-SNAPSHOT/crawler-2.5.0-SNAPSHOT.jar
[INFO] Installing /home/travis/build/failed/square/okhttp/samples/crawler/pom.xml to /home/travis/.m2/repository/com/squareup/okhttp/sample/crawler/2.5.0-SNAPSHOT/crawler-2.5.0-SNAPSHOT.pom
[INFO]                                                                         
[INFO] ------------------------------------------------------------------------
[INFO] Building Sample: Simple Client 2.5.0-SNAPSHOT
[INFO] ------------------------------------------------------------------------
[INFO] 
[INFO] --- maven-enforcer-plugin:1.0:enforce (enforce-maven) @ simple-client ---
[INFO] 
[INFO] --- maven-resources-plugin:2.6:resources (default-resources) @ simple-client ---
[INFO] Using 'UTF-8' encoding to copy filtered resources.
[INFO] skip non existing resourceDirectory /home/travis/build/failed/square/okhttp/samples/simple-client/src/main/resources
[INFO] 
[INFO] --- maven-compiler-plugin:3.0:compile (default-compile) @ simple-client ---
[INFO] Changes detected - recompiling the module!
[INFO] Compiling 1 source file to /home/travis/build/failed/square/okhttp/samples/simple-client/target/classes
[INFO] 
[INFO] --- maven-resources-plugin:2.6:testResources (default-testResources) @ simple-client ---
[INFO] Using 'UTF-8' encoding to copy filtered resources.
[INFO] skip non existing resourceDirectory /home/travis/build/failed/square/okhttp/samples/simple-client/src/test/resources
[INFO] 
[INFO] --- maven-compiler-plugin:3.0:testCompile (default-testCompile) @ simple-client ---
[INFO] No sources to compile
[INFO] 
[INFO] --- maven-surefire-plugin:2.17:test (default-test) @ simple-client ---
[INFO] Tests are skipped.
[INFO] 
[INFO] --- animal-sniffer-maven-plugin:1.11:check (default) @ simple-client ---
[INFO] Checking unresolved references to org.codehaus.mojo.signature:java16:1.1
[INFO] 
[INFO] --- maven-jar-plugin:2.4:jar (default-jar) @ simple-client ---
[INFO] Building jar: /home/travis/build/failed/square/okhttp/samples/simple-client/target/simple-client-2.5.0-SNAPSHOT.jar
[INFO] 
[INFO] --- maven-checkstyle-plugin:2.10:checkstyle (default) @ simple-client ---
[INFO] Starting audit...
Audit done.

[WARNING] Unable to locate Source XRef to link to - DISABLED
[INFO] 
[INFO] --- maven-install-plugin:2.4:install (default-install) @ simple-client ---
[INFO] Installing /home/travis/build/failed/square/okhttp/samples/simple-client/target/simple-client-2.5.0-SNAPSHOT.jar to /home/travis/.m2/repository/com/squareup/okhttp/sample/simple-client/2.5.0-SNAPSHOT/simple-client-2.5.0-SNAPSHOT.jar
[INFO] Installing /home/travis/build/failed/square/okhttp/samples/simple-client/pom.xml to /home/travis/.m2/repository/com/squareup/okhttp/sample/simple-client/2.5.0-SNAPSHOT/simple-client-2.5.0-SNAPSHOT.pom
[INFO]                                                                         
[INFO] ------------------------------------------------------------------------
[INFO] Building Sample: Static Server 2.5.0-SNAPSHOT
[INFO] ------------------------------------------------------------------------
[INFO] 
[INFO] --- maven-enforcer-plugin:1.0:enforce (enforce-maven) @ static-server ---
[INFO] 
[INFO] --- maven-resources-plugin:2.6:resources (default-resources) @ static-server ---
[INFO] Using 'UTF-8' encoding to copy filtered resources.
[INFO] skip non existing resourceDirectory /home/travis/build/failed/square/okhttp/samples/static-server/src/main/resources
[INFO] 
[INFO] --- maven-compiler-plugin:3.0:compile (default-compile) @ static-server ---
[INFO] Changes detected - recompiling the module!
[INFO] Compiling 1 source file to /home/travis/build/failed/square/okhttp/samples/static-server/target/classes
[INFO] 
[INFO] --- maven-resources-plugin:2.6:testResources (default-testResources) @ static-server ---
[INFO] Using 'UTF-8' encoding to copy filtered resources.
[INFO] skip non existing resourceDirectory /home/travis/build/failed/square/okhttp/samples/static-server/src/test/resources
[INFO] 
[INFO] --- maven-compiler-plugin:3.0:testCompile (default-testCompile) @ static-server ---
[INFO] No sources to compile
[INFO] 
[INFO] --- maven-surefire-plugin:2.17:test (default-test) @ static-server ---
[INFO] Tests are skipped.
[INFO] 
[INFO] --- animal-sniffer-maven-plugin:1.11:check (default) @ static-server ---
[INFO] Checking unresolved references to org.codehaus.mojo.signature:java16:1.1
[INFO] 
[INFO] --- maven-jar-plugin:2.4:jar (default-jar) @ static-server ---
[INFO] Building jar: /home/travis/build/failed/square/okhttp/samples/static-server/target/static-server-2.5.0-SNAPSHOT.jar
[INFO] 
[INFO] --- maven-shade-plugin:2.1:shade (default) @ static-server ---
[WARNING] Map in class org.apache.maven.plugins.shade.resource.ManifestResourceTransformer declares value type as: class java.util.jar.Attributes but saw: class java.lang.String at runtime
[INFO] Including com.squareup.okhttp:mockwebserver:jar:2.5.0-SNAPSHOT in the shaded jar.
[INFO] Including com.squareup.okhttp:okhttp:jar:2.5.0-SNAPSHOT in the shaded jar.
[INFO] Including com.squareup.okio:okio:jar:1.5.0 in the shaded jar.
[INFO] Including com.squareup.okhttp:okhttp-ws:jar:2.5.0-SNAPSHOT in the shaded jar.
[INFO] Including org.bouncycastle:bcprov-jdk15on:jar:1.50 in the shaded jar.
[INFO] Including junit:junit:jar:4.11 in the shaded jar.
[INFO] Including org.hamcrest:hamcrest-core:jar:1.3 in the shaded jar.
[INFO] Attaching shaded artifact.
[INFO] 
[INFO] --- maven-checkstyle-plugin:2.10:checkstyle (default) @ static-server ---
[INFO] Starting audit...
Audit done.

[WARNING] Unable to locate Source XRef to link to - DISABLED
[INFO] 
[INFO] --- maven-install-plugin:2.4:install (default-install) @ static-server ---
[INFO] Installing /home/travis/build/failed/square/okhttp/samples/static-server/target/static-server-2.5.0-SNAPSHOT.jar to /home/travis/.m2/repository/com/squareup/okhttp/sample/static-server/2.5.0-SNAPSHOT/static-server-2.5.0-SNAPSHOT.jar
[INFO] Installing /home/travis/build/failed/square/okhttp/samples/static-server/pom.xml to /home/travis/.m2/repository/com/squareup/okhttp/sample/static-server/2.5.0-SNAPSHOT/static-server-2.5.0-SNAPSHOT.pom
[INFO] Installing /home/travis/build/failed/square/okhttp/samples/static-server/target/static-server-2.5.0-SNAPSHOT-shaded.jar to /home/travis/.m2/repository/com/squareup/okhttp/sample/static-server/2.5.0-SNAPSHOT/static-server-2.5.0-SNAPSHOT-shaded.jar
[INFO]                                                                         
[INFO] ------------------------------------------------------------------------
[INFO] Building Benchmarks 2.5.0-SNAPSHOT
[INFO] ------------------------------------------------------------------------
[INFO] 
[INFO] --- maven-enforcer-plugin:1.0:enforce (enforce-maven) @ benchmarks ---
[INFO] 
[INFO] --- maven-resources-plugin:2.6:resources (default-resources) @ benchmarks ---
[INFO] Using 'UTF-8' encoding to copy filtered resources.
[INFO] skip non existing resourceDirectory /home/travis/build/failed/square/okhttp/benchmarks/src/main/resources
[INFO] 
[INFO] --- maven-compiler-plugin:3.0:compile (default-compile) @ benchmarks ---
[INFO] Changes detected - recompiling the module!
[INFO] Compiling 9 source files to /home/travis/build/failed/square/okhttp/benchmarks/target/classes
[INFO] 
[INFO] --- maven-resources-plugin:2.6:testResources (default-testResources) @ benchmarks ---
[INFO] Using 'UTF-8' encoding to copy filtered resources.
[INFO] skip non existing resourceDirectory /home/travis/build/failed/square/okhttp/benchmarks/src/test/resources
[INFO] 
[INFO] --- maven-compiler-plugin:3.0:testCompile (default-testCompile) @ benchmarks ---
[INFO] No sources to compile
[INFO] 
[INFO] --- maven-surefire-plugin:2.17:test (default-test) @ benchmarks ---
[INFO] Tests are skipped.
[INFO] 
[INFO] --- maven-jar-plugin:2.4:jar (default-jar) @ benchmarks ---
[INFO] Building jar: /home/travis/build/failed/square/okhttp/benchmarks/target/benchmarks-2.5.0-SNAPSHOT.jar
[INFO] 
[INFO] --- maven-checkstyle-plugin:2.10:checkstyle (default) @ benchmarks ---
[INFO] Starting audit...
Audit done.

[WARNING] Unable to locate Source XRef to link to - DISABLED
[INFO] 
[INFO] --- maven-install-plugin:2.4:install (default-install) @ benchmarks ---
[INFO] Installing /home/travis/build/failed/square/okhttp/benchmarks/target/benchmarks-2.5.0-SNAPSHOT.jar to /home/travis/.m2/repository/com/squareup/okhttp/benchmarks/2.5.0-SNAPSHOT/benchmarks-2.5.0-SNAPSHOT.jar
[INFO] Installing /home/travis/build/failed/square/okhttp/benchmarks/pom.xml to /home/travis/.m2/repository/com/squareup/okhttp/benchmarks/2.5.0-SNAPSHOT/benchmarks-2.5.0-SNAPSHOT.pom
[INFO] ------------------------------------------------------------------------
[INFO] Reactor Summary:
[INFO] 
[INFO] OkHttp (Parent) .................................... SUCCESS [ 25.630 s]
[INFO] OkHttp ............................................. SUCCESS [ 13.538 s]
[INFO] OkHttp test support classes ........................ SUCCESS [  1.583 s]
[INFO] OkHttp Web Sockets ................................. SUCCESS [  1.093 s]
[INFO] MockWebServer ...................................... SUCCESS [  6.487 s]
[INFO] OkHttp URLConnection ............................... SUCCESS [  1.109 s]
[INFO] OkHttp Tests ....................................... SUCCESS [  1.982 s]
[INFO] OkHttp Android Platform Support .................... SUCCESS [  2.698 s]
[INFO] OkHttp Apache HttpClient ........................... SUCCESS [  1.661 s]
[INFO] OkHttp Web Socket Tests ............................ SUCCESS [  0.558 s]
[INFO] OkCurl ............................................. SUCCESS [  5.207 s]
[INFO] Samples (Parent) ................................... SUCCESS [  0.256 s]
[INFO] Sample: Guide ...................................... SUCCESS [  0.979 s]
[INFO] Sample: Crawler .................................... SUCCESS [  1.121 s]
[INFO] Sample: Simple Client .............................. SUCCESS [  1.143 s]
[INFO] Sample: Static Server .............................. SUCCESS [  5.889 s]
[INFO] Benchmarks ......................................... SUCCESS [  3.667 s]
[INFO] ------------------------------------------------------------------------
[INFO] BUILD SUCCESS
[INFO] ------------------------------------------------------------------------
[INFO] Total time: 01:16 min
[INFO] Finished at: 2022-01-02T06:24:40+00:00
[INFO] Final Memory: 47M/358M
[INFO] ------------------------------------------------------------------------

travis_time:end:2e86a140:start=1641104602560202731,finish=1641104680617880707,duration=78057677976[0Ktravis_fold:end:install[0Ktravis_time:start:23125548[0K$ mvn test -Dhttps.protocols=TLSv1.2 -B
Java HotSpot(TM) 64-Bit Server VM warning: ignoring option MaxPermSize=192m; support was removed in 8.0
[INFO] Scanning for projects...
[WARNING] 
[WARNING] Some problems were encountered while building the effective model for com.squareup.okhttp:okhttp-tests:jar:2.5.0-SNAPSHOT
[WARNING] 'build.plugins.plugin.version' for org.apache.maven.plugins:maven-deploy-plugin is missing. @ com.squareup.okhttp:okhttp-tests:[unknown-version], /home/travis/build/failed/square/okhttp/okhttp-tests/pom.xml, line 58, column 15
[WARNING] 
[WARNING] Some problems were encountered while building the effective model for com.squareup.okhttp:okhttp-ws-tests:jar:2.5.0-SNAPSHOT
[WARNING] 'build.plugins.plugin.version' for org.apache.maven.plugins:maven-deploy-plugin is missing. @ com.squareup.okhttp:okhttp-ws-tests:[unknown-version], /home/travis/build/failed/square/okhttp/okhttp-ws-tests/pom.xml, line 44, column 15
[WARNING] 
[WARNING] Some problems were encountered while building the effective model for com.squareup.okhttp:benchmarks:jar:2.5.0-SNAPSHOT
[WARNING] 'build.plugins.plugin.version' for org.codehaus.mojo:exec-maven-plugin is missing. @ com.squareup.okhttp:benchmarks:[unknown-version], /home/travis/build/failed/square/okhttp/benchmarks/pom.xml, line 74, column 15
[WARNING] 
[WARNING] It is highly recommended to fix these problems because they threaten the stability of your build.
[WARNING] 
[WARNING] For this reason, future Maven versions might no longer support building such malformed projects.
[WARNING] 
[INFO] ------------------------------------------------------------------------
[INFO] Reactor Build Order:
[INFO] 
[INFO] OkHttp (Parent)
[INFO] OkHttp
[INFO] OkHttp test support classes
[INFO] OkHttp Web Sockets
[INFO] MockWebServer
[INFO] OkHttp URLConnection
[INFO] OkHttp Tests
[INFO] OkHttp Android Platform Support
[INFO] OkHttp Apache HttpClient
[INFO] OkHttp Web Socket Tests
[INFO] OkCurl
[INFO] Samples (Parent)
[INFO] Sample: Guide
[INFO] Sample: Crawler
[INFO] Sample: Simple Client
[INFO] Sample: Static Server
[INFO] Benchmarks
[INFO]                                                                         
[INFO] ------------------------------------------------------------------------
[INFO] Building OkHttp (Parent) 2.5.0-SNAPSHOT
[INFO] ------------------------------------------------------------------------
[INFO] 
[INFO] --- maven-enforcer-plugin:1.0:enforce (enforce-maven) @ parent ---
[INFO] 
[INFO] --- animal-sniffer-maven-plugin:1.11:check (default) @ parent ---
[INFO] Checking unresolved references to org.codehaus.mojo.signature:java16:1.1
[INFO]                                                                         
[INFO] ------------------------------------------------------------------------
[INFO] Building OkHttp 2.5.0-SNAPSHOT
[INFO] ------------------------------------------------------------------------
[INFO] 
[INFO] --- maven-enforcer-plugin:1.0:enforce (enforce-maven) @ okhttp ---
[INFO] 
[INFO] --- templating-maven-plugin:1.0-alpha-3:filter-sources (default) @ okhttp ---
[INFO] Using 'UTF-8' encoding to copy filtered resources.
[INFO] Copying 1 resource
[INFO] Source directory: /home/travis/build/failed/square/okhttp/okhttp/target/generated-sources/java-templates added.
[INFO] 
[INFO] --- maven-resources-plugin:2.6:resources (default-resources) @ okhttp ---
[INFO] Using 'UTF-8' encoding to copy filtered resources.
[INFO] skip non existing resourceDirectory /home/travis/build/failed/square/okhttp/okhttp/src/main/resources
[INFO] 
[INFO] --- maven-compiler-plugin:3.0:compile (default-compile) @ okhttp ---
[INFO] Changes detected - recompiling the module!
[INFO] Compiling 81 source files to /home/travis/build/failed/square/okhttp/okhttp/target/classes
[WARNING] /home/travis/build/failed/square/okhttp/okhttp/src/main/java/com/squareup/okhttp/internal/Util.java: Some input files use unchecked or unsafe operations.
[WARNING] /home/travis/build/failed/square/okhttp/okhttp/src/main/java/com/squareup/okhttp/internal/Util.java: Recompile with -Xlint:unchecked for details.
[INFO] 
[INFO] --- maven-resources-plugin:2.6:testResources (default-testResources) @ okhttp ---
[INFO] Using 'UTF-8' encoding to copy filtered resources.
[INFO] skip non existing resourceDirectory /home/travis/build/failed/square/okhttp/okhttp/src/test/resources
[INFO] 
[INFO] --- maven-compiler-plugin:3.0:testCompile (default-testCompile) @ okhttp ---
[INFO] No sources to compile
[INFO] 
[INFO] --- maven-surefire-plugin:2.17:test (default-test) @ okhttp ---
[INFO] No tests to run.
[INFO] 
[INFO] --- animal-sniffer-maven-plugin:1.11:check (default) @ okhttp ---
[INFO] Checking unresolved references to org.codehaus.mojo.signature:java16:1.1
[INFO]                                                                         
[INFO] ------------------------------------------------------------------------
[INFO] Building OkHttp test support classes 2.5.0-SNAPSHOT
[INFO] ------------------------------------------------------------------------
[INFO] 
[INFO] --- maven-enforcer-plugin:1.0:enforce (enforce-maven) @ okhttp-testing-support ---
[INFO] 
[INFO] --- maven-resources-plugin:2.6:resources (default-resources) @ okhttp-testing-support ---
[INFO] Using 'UTF-8' encoding to copy filtered resources.
[INFO] skip non existing resourceDirectory /home/travis/build/failed/square/okhttp/okhttp-testing-support/src/main/resources
[INFO] 
[INFO] --- maven-compiler-plugin:3.0:compile (default-compile) @ okhttp-testing-support ---
[INFO] Nothing to compile - all classes are up to date
[INFO] 
[INFO] --- maven-resources-plugin:2.6:testResources (default-testResources) @ okhttp-testing-support ---
[INFO] Using 'UTF-8' encoding to copy filtered resources.
[INFO] skip non existing resourceDirectory /home/travis/build/failed/square/okhttp/okhttp-testing-support/src/test/resources
[INFO] 
[INFO] --- maven-compiler-plugin:3.0:testCompile (default-testCompile) @ okhttp-testing-support ---
[INFO] No sources to compile
[INFO] 
[INFO] --- maven-surefire-plugin:2.17:test (default-test) @ okhttp-testing-support ---
[INFO] No tests to run.
[INFO] 
[INFO] --- animal-sniffer-maven-plugin:1.11:check (default) @ okhttp-testing-support ---
[INFO] Checking unresolved references to org.codehaus.mojo.signature:java16:1.1
[INFO]                                                                         
[INFO] ------------------------------------------------------------------------
[INFO] Building OkHttp Web Sockets 2.5.0-SNAPSHOT
[INFO] ------------------------------------------------------------------------
[INFO] 
[INFO] --- maven-enforcer-plugin:1.0:enforce (enforce-maven) @ okhttp-ws ---
[INFO] 
[INFO] --- maven-resources-plugin:2.6:resources (default-resources) @ okhttp-ws ---
[INFO] Using 'UTF-8' encoding to copy filtered resources.
[INFO] skip non existing resourceDirectory /home/travis/build/failed/square/okhttp/okhttp-ws/src/main/resources
[INFO] 
[INFO] --- maven-compiler-plugin:3.0:compile (default-compile) @ okhttp-ws ---
[INFO] Changes detected - recompiling the module!
[INFO] Compiling 7 source files to /home/travis/build/failed/square/okhttp/okhttp-ws/target/classes
[INFO] 
[INFO] --- maven-resources-plugin:2.6:testResources (default-testResources) @ okhttp-ws ---
[INFO] Using 'UTF-8' encoding to copy filtered resources.
[INFO] skip non existing resourceDirectory /home/travis/build/failed/square/okhttp/okhttp-ws/src/test/resources
[INFO] 
[INFO] --- maven-compiler-plugin:3.0:testCompile (default-testCompile) @ okhttp-ws ---
[INFO] No sources to compile
[INFO] 
[INFO] --- maven-surefire-plugin:2.17:test (default-test) @ okhttp-ws ---
[INFO] No tests to run.
[INFO] 
[INFO] --- animal-sniffer-maven-plugin:1.11:check (default) @ okhttp-ws ---
[INFO] Checking unresolved references to org.codehaus.mojo.signature:java16:1.1
[INFO]                                                                         
[INFO] ------------------------------------------------------------------------
[INFO] Building MockWebServer 2.5.0-SNAPSHOT
[INFO] ------------------------------------------------------------------------
[INFO] 
[INFO] --- maven-enforcer-plugin:1.0:enforce (enforce-maven) @ mockwebserver ---
[INFO] 
[INFO] --- maven-resources-plugin:2.6:resources (default-resources) @ mockwebserver ---
[INFO] Using 'UTF-8' encoding to copy filtered resources.
[INFO] skip non existing resourceDirectory /home/travis/build/failed/square/okhttp/mockwebserver/src/main/resources
[INFO] 
[INFO] --- maven-compiler-plugin:3.0:compile (default-compile) @ mockwebserver ---
[INFO] Changes detected - recompiling the module!
[INFO] Compiling 9 source files to /home/travis/build/failed/square/okhttp/mockwebserver/target/classes
[WARNING] /home/travis/build/failed/square/okhttp/mockwebserver/src/main/java/com/squareup/okhttp/internal/SslContextBuilder.java: /home/travis/build/failed/square/okhttp/mockwebserver/src/main/java/com/squareup/okhttp/internal/SslContextBuilder.java uses or overrides a deprecated API.
[WARNING] /home/travis/build/failed/square/okhttp/mockwebserver/src/main/java/com/squareup/okhttp/internal/SslContextBuilder.java: Recompile with -Xlint:deprecation for details.
[INFO] 
[INFO] --- maven-resources-plugin:2.6:testResources (default-testResources) @ mockwebserver ---
[INFO] Using 'UTF-8' encoding to copy filtered resources.
[INFO] skip non existing resourceDirectory /home/travis/build/failed/square/okhttp/mockwebserver/src/test/resources
[INFO] 
[INFO] --- maven-compiler-plugin:3.0:testCompile (default-testCompile) @ mockwebserver ---
[INFO] Changes detected - recompiling the module!
[INFO] Compiling 2 source files to /home/travis/build/failed/square/okhttp/mockwebserver/target/test-classes
[WARNING] /home/travis/build/failed/square/okhttp/mockwebserver/src/test/java/com/squareup/okhttp/mockwebserver/CustomDispatcherTest.java: Some input files use or override a deprecated API.
[WARNING] /home/travis/build/failed/square/okhttp/mockwebserver/src/test/java/com/squareup/okhttp/mockwebserver/CustomDispatcherTest.java: Recompile with -Xlint:deprecation for details.
[INFO] 
[INFO] --- maven-surefire-plugin:2.17:test (default-test) @ mockwebserver ---
[INFO] Surefire report directory: /home/travis/build/failed/square/okhttp/mockwebserver/target/surefire-reports
[INFO] Using configured provider org.apache.maven.surefire.junitcore.JUnitCoreProvider
[INFO] parallel='none', perCoreThreadCount=true, threadCount=0, useUnlimitedThreads=false, threadCountSuites=0, threadCountClasses=0, threadCountMethods=0, parallelOptimized=true

-------------------------------------------------------
 T E S T S
-------------------------------------------------------
Installing aggressive uncaught exception handler
Running com.squareup.okhttp.mockwebserver.CustomDispatcherTest
Jan 02, 2022 6:24:47 AM com.squareup.okhttp.mockwebserver.MockWebServer$3 execute
INFO: MockWebServer[40283] starting to accept connections
Jan 02, 2022 6:24:47 AM com.squareup.okhttp.mockwebserver.MockWebServer$4 processOneRequest
INFO: MockWebServer[40283] received request: GET / HTTP/1.1 and responded: HTTP/1.1 200 OK
Jan 02, 2022 6:24:47 AM com.squareup.okhttp.mockwebserver.MockWebServer$3 acceptConnections
INFO: MockWebServer[40283] done accepting connections: Socket closed
Jan 02, 2022 6:24:47 AM com.squareup.okhttp.mockwebserver.MockWebServer$3 execute
INFO: MockWebServer[35259] starting to accept connections
Jan 02, 2022 6:24:47 AM com.squareup.okhttp.mockwebserver.MockWebServer$4 processOneRequest
INFO: MockWebServer[35259] received request: GET /bar HTTP/1.1 and responded: HTTP/1.1 200 OK
Jan 02, 2022 6:24:47 AM com.squareup.okhttp.mockwebserver.MockWebServer$3 acceptConnections
INFO: MockWebServer[35259] done accepting connections: Socket closed
Jan 02, 2022 6:24:47 AM com.squareup.okhttp.mockwebserver.MockWebServer$4 processOneRequest
INFO: MockWebServer[35259] received request: GET /foo HTTP/1.1 and responded: HTTP/1.1 200 OK
Tests run: 2, Failures: 0, Errors: 0, Skipped: 0, Time elapsed: 0.069 sec - in com.squareup.okhttp.mockwebserver.CustomDispatcherTest
Running com.squareup.okhttp.mockwebserver.MockWebServerTest
Jan 02, 2022 6:24:47 AM com.squareup.okhttp.mockwebserver.MockWebServer$3 execute
INFO: MockWebServer[53381] starting to accept connections
Jan 02, 2022 6:24:47 AM com.squareup.okhttp.mockwebserver.MockWebServer$3 acceptConnections
INFO: MockWebServer[53381] done accepting connections: Socket is closed
Jan 02, 2022 6:24:47 AM com.squareup.okhttp.mockwebserver.MockWebServer$3 execute
INFO: MockWebServer[38825] starting to accept connections
Jan 02, 2022 6:24:48 AM com.squareup.okhttp.mockwebserver.MockWebServer$4 processOneRequest
INFO: MockWebServer[38825] received request: GET / HTTP/1.1 and responded: HTTP/1.1 200 OK
Jan 02, 2022 6:24:48 AM com.squareup.okhttp.mockwebserver.MockWebServer$3 acceptConnections
INFO: MockWebServer[38825] done accepting connections: Socket closed
Jan 02, 2022 6:24:48 AM com.squareup.okhttp.mockwebserver.MockWebServer$3 execute
INFO: MockWebServer[57743] starting to accept connections
Jan 02, 2022 6:24:48 AM com.squareup.okhttp.mockwebserver.MockWebServer$3 execute
INFO: MockWebServer[51801] starting to accept connections
Jan 02, 2022 6:24:48 AM com.squareup.okhttp.mockwebserver.MockWebServer$3 acceptConnections
INFO: MockWebServer[51801] done accepting connections: Socket is closed
Jan 02, 2022 6:24:48 AM com.squareup.okhttp.mockwebserver.MockWebServer$3 acceptConnections
INFO: MockWebServer[57743] done accepting connections: Socket closed
Jan 02, 2022 6:24:48 AM com.squareup.okhttp.mockwebserver.MockWebServer$3 execute
INFO: MockWebServer[50359] starting to accept connections
Jan 02, 2022 6:24:48 AM com.squareup.okhttp.mockwebserver.MockWebServer$4 processOneRequest
INFO: MockWebServer[50359] received request: GET / HTTP/1.1 and responded: HTTP/1.1 200 OK
Jan 02, 2022 6:24:48 AM com.squareup.okhttp.mockwebserver.MockWebServer$3 acceptConnections
INFO: MockWebServer[50359] done accepting connections: Socket closed
Jan 02, 2022 6:24:48 AM com.squareup.okhttp.mockwebserver.MockWebServer$3 execute
INFO: MockWebServer[45575] starting to accept connections
Jan 02, 2022 6:24:48 AM com.squareup.okhttp.mockwebserver.MockWebServer$4 processOneRequest
INFO: MockWebServer[45575] received request: GET / HTTP/1.1 and responded: HTTP/1.1 302 OK
Jan 02, 2022 6:24:48 AM com.squareup.okhttp.mockwebserver.MockWebServer$4 processOneRequest
INFO: MockWebServer[45575] received request: GET /new-path HTTP/1.1 and responded: HTTP/1.1 200 OK
Jan 02, 2022 6:24:48 AM com.squareup.okhttp.mockwebserver.MockWebServer$3 acceptConnections
INFO: MockWebServer[45575] done accepting connections: Socket closed
Jan 02, 2022 6:24:48 AM com.squareup.okhttp.mockwebserver.MockWebServer$3 execute
INFO: MockWebServer[38681] starting to accept connections
Jan 02, 2022 6:24:48 AM com.squareup.okhttp.mockwebserver.MockWebServer$4 processOneRequest
INFO: MockWebServer[38681] received request: GET / HTTP/1.1 and responded: HTTP/1.1 200 OK
Jan 02, 2022 6:24:49 AM com.squareup.okhttp.mockwebserver.MockWebServer$4 processOneRequest
INFO: MockWebServer[38681] received request: GET / HTTP/1.1 and responded: HTTP/1.1 200 OK
Jan 02, 2022 6:24:49 AM com.squareup.okhttp.mockwebserver.MockWebServer$3 acceptConnections
INFO: MockWebServer[38681] done accepting connections: Socket closed
Jan 02, 2022 6:24:49 AM com.squareup.okhttp.mockwebserver.MockWebServer$3 execute
INFO: MockWebServer[60221] starting to accept connections
Jan 02, 2022 6:24:49 AM com.squareup.okhttp.mockwebserver.MockWebServer$3 acceptConnections
INFO: MockWebServer[60221] done accepting connections: Socket closed
Jan 02, 2022 6:24:49 AM com.squareup.okhttp.mockwebserver.MockWebServer$3 execute
INFO: MockWebServer[58611] starting to accept connections
Jan 02, 2022 6:24:49 AM com.squareup.okhttp.mockwebserver.MockWebServer$3 acceptConnections
INFO: MockWebServer[58611] done accepting connections: Socket is closed
Jan 02, 2022 6:24:49 AM com.squareup.okhttp.mockwebserver.MockWebServer$4 processConnection
WARNING: MockWebServer[58611] connection from /127.0.0.1 didn't make a request
Jan 02, 2022 6:24:49 AM com.squareup.okhttp.mockwebserver.MockWebServer$3 execute
INFO: MockWebServer[44009] starting to accept connections
Jan 02, 2022 6:24:49 AM com.squareup.okhttp.mockwebserver.MockWebServer$4 processOneRequest
INFO: MockWebServer[44009] received request: GET / HTTP/1.1 and responded: HTTP/1.1 200 OK
Jan 02, 2022 6:24:49 AM com.squareup.okhttp.mockwebserver.MockWebServer$3 acceptConnections
INFO: MockWebServer[44009] done accepting connections: Socket closed
Jan 02, 2022 6:24:49 AM com.squareup.okhttp.mockwebserver.MockWebServer$3 execute
INFO: MockWebServer[52751] starting to accept connections
Jan 02, 2022 6:24:49 AM com.squareup.okhttp.mockwebserver.MockWebServer$3 acceptConnections
INFO: MockWebServer[52751] done accepting connections: Socket is closed
Jan 02, 2022 6:24:49 AM com.squareup.okhttp.mockwebserver.MockWebServer$3 execute
INFO: MockWebServer[55341] starting to accept connections
Jan 02, 2022 6:24:49 AM com.squareup.okhttp.mockwebserver.MockWebServer$4 processOneRequest
INFO: MockWebServer[55341] received request: GET / HTTP/1.1 and responded: HTTP/1.1 200 OK
Jan 02, 2022 6:24:49 AM com.squareup.okhttp.mockwebserver.MockWebServer$3 acceptConnections
INFO: MockWebServer[55341] done accepting connections: Socket closed
Jan 02, 2022 6:24:49 AM com.squareup.okhttp.mockwebserver.MockWebServer$3 execute
INFO: MockWebServer[41683] starting to accept connections
Jan 02, 2022 6:24:50 AM com.squareup.okhttp.mockwebserver.MockWebServer$4 processOneRequest
INFO: MockWebServer[41683] received request: GET / HTTP/1.1 and responded: HTTP/1.1 200 OK
Jan 02, 2022 6:24:50 AM com.squareup.okhttp.mockwebserver.MockWebServer$3 acceptConnections
INFO: MockWebServer[41683] done accepting connections: Socket closed
Jan 02, 2022 6:24:50 AM com.squareup.okhttp.mockwebserver.MockWebServer$3 execute
INFO: MockWebServer[37209] starting to accept connections
Jan 02, 2022 6:24:50 AM com.squareup.okhttp.mockwebserver.MockWebServer$3 acceptConnections
INFO: MockWebServer[37209] done accepting connections: Socket is closed
Jan 02, 2022 6:24:50 AM com.squareup.okhttp.mockwebserver.MockWebServer$3 execute
INFO: MockWebServer[43529] starting to accept connections
Jan 02, 2022 6:24:51 AM com.squareup.okhttp.mockwebserver.MockWebServer$4 processOneRequest
INFO: MockWebServer[43529] received request: GET / HTTP/1.1 and responded: HTTP/1.1 200 OK
Jan 02, 2022 6:24:51 AM com.squareup.okhttp.mockwebserver.MockWebServer$3 acceptConnections
INFO: MockWebServer[43529] done accepting connections: Socket closed
Jan 02, 2022 6:24:51 AM com.squareup.okhttp.mockwebserver.MockWebServer$3 execute
INFO: MockWebServer[52139] starting to accept connections
Jan 02, 2022 6:24:51 AM com.squareup.okhttp.mockwebserver.MockWebServer$3 execute
INFO: MockWebServer[58921] starting to accept connections
Jan 02, 2022 6:24:51 AM com.squareup.okhttp.mockwebserver.MockWebServer$3 acceptConnections
INFO: MockWebServer[58921] done accepting connections: Socket is closed
Jan 02, 2022 6:24:51 AM com.squareup.okhttp.mockwebserver.MockWebServer$3 acceptConnections
INFO: MockWebServer[52139] done accepting connections: Socket closed
Jan 02, 2022 6:24:51 AM com.squareup.okhttp.mockwebserver.MockWebServer$3 execute
INFO: MockWebServer[44611] starting to accept connections
Jan 02, 2022 6:24:51 AM com.squareup.okhttp.mockwebserver.MockWebServer$3 acceptConnections
INFO: MockWebServer[44611] done accepting connections: Socket is closed
Jan 02, 2022 6:24:51 AM com.squareup.okhttp.mockwebserver.MockWebServer$3 execute
INFO: MockWebServer[47231] starting to accept connections
Jan 02, 2022 6:24:51 AM com.squareup.okhttp.mockwebserver.MockWebServer$3 acceptConnections
INFO: MockWebServer[47231] done accepting connections: Socket is closed
Jan 02, 2022 6:24:51 AM com.squareup.okhttp.mockwebserver.MockWebServer$3 execute
INFO: MockWebServer[35823] starting to accept connections
Jan 02, 2022 6:24:51 AM com.squareup.okhttp.mockwebserver.MockWebServer$3 acceptConnections
INFO: MockWebServer[35823] done accepting connections: Socket is closed
Jan 02, 2022 6:24:51 AM com.squareup.okhttp.mockwebserver.MockWebServer$3 execute
INFO: MockWebServer[52753] starting to accept connections
Jan 02, 2022 6:24:51 AM com.squareup.okhttp.mockwebserver.MockWebServer$4 processOneRequest
INFO: MockWebServer[52753] received request: POST / HTTP/1.1 and responded: HTTP/1.1 200 OK
Jan 02, 2022 6:24:51 AM com.squareup.okhttp.mockwebserver.MockWebServer$3 acceptConnections
INFO: MockWebServer[52753] done accepting connections: Socket closed
Jan 02, 2022 6:24:51 AM com.squareup.okhttp.mockwebserver.MockWebServer$3 execute
INFO: MockWebServer[40203] starting to accept connections
Jan 02, 2022 6:24:51 AM com.squareup.okhttp.mockwebserver.MockWebServer$3 acceptConnections
INFO: MockWebServer[40203] done accepting connections: Socket is closed
Jan 02, 2022 6:24:51 AM com.squareup.okhttp.mockwebserver.MockWebServer$3 execute
INFO: MockWebServer[55881] starting to accept connections
Jan 02, 2022 6:24:51 AM com.squareup.okhttp.mockwebserver.MockWebServer$4 processOneRequest
INFO: MockWebServer[55881] received request: GET /a HTTP/1.1 and responded: HTTP/1.1 200 OK
Jan 02, 2022 6:24:51 AM com.squareup.okhttp.mockwebserver.MockWebServer$4 processOneRequest
INFO: MockWebServer[55881] received request: GET /b HTTP/1.1 and responded: HTTP/1.1 200 OK
Jan 02, 2022 6:24:51 AM com.squareup.okhttp.mockwebserver.MockWebServer$3 acceptConnections
INFO: MockWebServer[55881] done accepting connections: Socket closed
Tests run: 21, Failures: 0, Errors: 0, Skipped: 0, Time elapsed: 4.094 sec - in com.squareup.okhttp.mockwebserver.MockWebServerTest
Uninstalled aggressive uncaught exception handler

Results :

Tests run: 23, Failures: 0, Errors: 0, Skipped: 0

[INFO] 
[INFO] --- animal-sniffer-maven-plugin:1.11:check (default) @ mockwebserver ---
[INFO] Checking unresolved references to org.codehaus.mojo.signature:java16:1.1
[INFO]                                                                         
[INFO] ------------------------------------------------------------------------
[INFO] Building OkHttp URLConnection 2.5.0-SNAPSHOT
[INFO] ------------------------------------------------------------------------
[INFO] 
[INFO] --- maven-enforcer-plugin:1.0:enforce (enforce-maven) @ okhttp-urlconnection ---
[INFO] 
[INFO] --- maven-resources-plugin:2.6:resources (default-resources) @ okhttp-urlconnection ---
[INFO] Using 'UTF-8' encoding to copy filtered resources.
[INFO] skip non existing resourceDirectory /home/travis/build/failed/square/okhttp/okhttp-urlconnection/src/main/resources
[INFO] 
[INFO] --- maven-compiler-plugin:3.0:compile (default-compile) @ okhttp-urlconnection ---
[INFO] Changes detected - recompiling the module!
[INFO] Compiling 4 source files to /home/travis/build/failed/square/okhttp/okhttp-urlconnection/target/classes
[INFO] 
[INFO] --- maven-resources-plugin:2.6:testResources (default-testResources) @ okhttp-urlconnection ---
[INFO] Using 'UTF-8' encoding to copy filtered resources.
[INFO] skip non existing resourceDirectory /home/travis/build/failed/square/okhttp/okhttp-urlconnection/src/test/resources
[INFO] 
[INFO] --- maven-compiler-plugin:3.0:testCompile (default-testCompile) @ okhttp-urlconnection ---
[INFO] Changes detected - recompiling the module!
[INFO] Compiling 3 source files to /home/travis/build/failed/square/okhttp/okhttp-urlconnection/target/test-classes
[WARNING] /home/travis/build/failed/square/okhttp/okhttp-urlconnection/src/test/java/com/squareup/okhttp/OkUrlFactoryTest.java: Some input files use or override a deprecated API.
[WARNING] /home/travis/build/failed/square/okhttp/okhttp-urlconnection/src/test/java/com/squareup/okhttp/OkUrlFactoryTest.java: Recompile with -Xlint:deprecation for details.
[INFO] 
[INFO] --- maven-surefire-plugin:2.17:test (default-test) @ okhttp-urlconnection ---
[INFO] Surefire report directory: /home/travis/build/failed/square/okhttp/okhttp-urlconnection/target/surefire-reports
[INFO] Using configured provider org.apache.maven.surefire.junitcore.JUnitCoreProvider
[INFO] parallel='none', perCoreThreadCount=true, threadCount=0, useUnlimitedThreads=false, threadCountSuites=0, threadCountClasses=0, threadCountMethods=0, parallelOptimized=true

-------------------------------------------------------
 T E S T S
-------------------------------------------------------
Installing aggressive uncaught exception handler
Running com.squareup.okhttp.OkUrlFactoryTest
Jan 02, 2022 6:24:53 AM com.squareup.okhttp.mockwebserver.MockWebServer$3 execute
INFO: MockWebServer[38129] starting to accept connections
Jan 02, 2022 6:24:53 AM com.squareup.okhttp.mockwebserver.MockWebServer$4 processOneRequest
INFO: MockWebServer[38129] received request: GET /a HTTP/1.1 and responded: HTTP/1.1 302 OK
Jan 02, 2022 6:24:53 AM com.squareup.okhttp.mockwebserver.MockWebServer$3 acceptConnections
INFO: MockWebServer[38129] done accepting connections: Socket closed
Jan 02, 2022 6:24:53 AM com.squareup.okhttp.mockwebserver.MockWebServer$3 execute
INFO: MockWebServer[38051] starting to accept connections
Jan 02, 2022 6:24:53 AM com.squareup.okhttp.mockwebserver.MockWebServer$4 processOneRequest
INFO: MockWebServer[38051] received request: GET / HTTP/1.1 and responded: HTTP/1.1 404 OK
Jan 02, 2022 6:24:53 AM com.squareup.okhttp.mockwebserver.MockWebServer$3 acceptConnections
INFO: MockWebServer[38051] done accepting connections: Socket closed
Jan 02, 2022 6:24:53 AM com.squareup.okhttp.mockwebserver.MockWebServer$3 execute
INFO: MockWebServer[58621] starting to accept connections
Jan 02, 2022 6:24:53 AM com.squareup.okhttp.mockwebserver.MockWebServer$4 processOneRequest
INFO: MockWebServer[58621] received request: GET / HTTP/1.1 and responded: HTTP/1.1 200 OK
Jan 02, 2022 6:24:53 AM com.squareup.okhttp.mockwebserver.MockWebServer$3 acceptConnections
INFO: MockWebServer[58621] done accepting connections: Socket closed
Jan 02, 2022 6:24:53 AM com.squareup.okhttp.mockwebserver.MockWebServer$3 execute
INFO: MockWebServer[34393] starting to accept connections
Jan 02, 2022 6:24:53 AM com.squareup.okhttp.mockwebserver.MockWebServer$4 processOneRequest
INFO: MockWebServer[34393] received request: GET / HTTP/1.1 and responded: HTTP/1.1 200 OK
Jan 02, 2022 6:24:53 AM com.squareup.okhttp.mockwebserver.MockWebServer$4 processOneRequest
INFO: MockWebServer[34393] received request: GET / HTTP/1.1 and responded: HTTP/1.1 200 OK
Jan 02, 2022 6:24:53 AM com.squareup.okhttp.mockwebserver.MockWebServer$3 acceptConnections
INFO: MockWebServer[34393] done accepting connections: Socket closed
Jan 02, 2022 6:24:53 AM com.squareup.okhttp.mockwebserver.MockWebServer$3 execute
INFO: MockWebServer[49609] starting to accept connections
Jan 02, 2022 6:24:53 AM com.squareup.okhttp.mockwebserver.MockWebServer$4 processOneRequest
INFO: MockWebServer[49609] received request: GET / HTTP/1.1 and responded: HTTP/1.1 200 OK
Jan 02, 2022 6:24:53 AM com.squareup.okhttp.mockwebserver.MockWebServer$3 acceptConnections
INFO: MockWebServer[49609] done accepting connections: Socket closed
Jan 02, 2022 6:24:53 AM com.squareup.okhttp.mockwebserver.MockWebServer$3 execute
INFO: MockWebServer[51137] starting to accept connections
Jan 02, 2022 6:24:53 AM com.squareup.okhttp.mockwebserver.MockWebServer$4 processOneRequest
INFO: MockWebServer[51137] received request: GET / HTTP/1.1 and responded: HTTP/1.1 200 OK
Jan 02, 2022 6:24:53 AM com.squareup.okhttp.mockwebserver.MockWebServer$4 processOneRequest
INFO: MockWebServer[51137] received request: GET / HTTP/1.1 and responded: HTTP/1.1 304 OK
Jan 02, 2022 6:24:53 AM com.squareup.okhttp.mockwebserver.MockWebServer$3 acceptConnections
INFO: MockWebServer[51137] done accepting connections: Socket closed
Jan 02, 2022 6:24:53 AM com.squareup.okhttp.mockwebserver.MockWebServer$3 execute
INFO: MockWebServer[46079] starting to accept connections
Jan 02, 2022 6:24:53 AM com.squareup.okhttp.mockwebserver.MockWebServer$4 processOneRequest
INFO: MockWebServer[46079] received request: GET / HTTP/1.1 and responded: HTTP/1.1 200 OK
Jan 02, 2022 6:24:53 AM com.squareup.okhttp.mockwebserver.MockWebServer$3 acceptConnections
INFO: MockWebServer[46079] done accepting connections: Socket closed
Jan 02, 2022 6:24:53 AM com.squareup.okhttp.mockwebserver.MockWebServer$3 execute
INFO: MockWebServer[38929] starting to accept connections
Jan 02, 2022 6:24:53 AM com.squareup.okhttp.mockwebserver.MockWebServer$4 processOneRequest
INFO: MockWebServer[38929] received request: GET / HTTP/1.1 and responded: HTTP/1.1 407 OK
Jan 02, 2022 6:24:53 AM com.squareup.okhttp.mockwebserver.MockWebServer$3 acceptConnections
INFO: MockWebServer[38929] done accepting connections: Socket closed
Tests run: 8, Failures: 0, Errors: 0, Skipped: 0, Time elapsed: 0.883 sec - in com.squareup.okhttp.OkUrlFactoryTest
Running com.squareup.okhttp.UrlConnectionCacheTest
Jan 02, 2022 6:24:54 AM com.squareup.okhttp.mockwebserver.MockWebServer$3 execute
INFO: MockWebServer[42417] starting to accept connections
Jan 02, 2022 6:24:54 AM com.squareup.okhttp.mockwebserver.MockWebServer$3 execute
INFO: MockWebServer[48531] starting to accept connections
Jan 02, 2022 6:24:54 AM com.squareup.okhttp.mockwebserver.MockWebServer$3 acceptConnections
INFO: MockWebServer[48531] done accepting connections: Socket closed
Jan 02, 2022 6:24:54 AM com.squareup.okhttp.mockwebserver.MockWebServer$3 acceptConnections
INFO: MockWebServer[42417] done accepting connections: Socket closed
Jan 02, 2022 6:24:54 AM com.squareup.okhttp.mockwebserver.MockWebServer$3 execute
INFO: MockWebServer[57267] starting to accept connections
Jan 02, 2022 6:24:54 AM com.squareup.okhttp.mockwebserver.MockWebServer$3 execute
INFO: MockWebServer[47771] starting to accept connections
Jan 02, 2022 6:24:54 AM com.squareup.okhttp.mockwebserver.MockWebServer$4 processOneRequest
INFO: MockWebServer[47771] received request: GET /a HTTP/1.1 and responded: HTTP/1.1 200 OK
Jan 02, 2022 6:24:54 AM com.squareup.okhttp.mockwebserver.MockWebServer$4 processOneRequest
INFO: MockWebServer[47771] received request: GET /a HTTP/1.1 and responded: HTTP/1.1 304 OK
Jan 02, 2022 6:24:54 AM com.squareup.okhttp.mockwebserver.MockWebServer$3 acceptConnections
INFO: MockWebServer[47771] done accepting connections: Socket closed
Jan 02, 2022 6:24:54 AM com.squareup.okhttp.mockwebserver.MockWebServer$3 acceptConnections
INFO: MockWebServer[57267] done accepting connections: Socket closed
Jan 02, 2022 6:24:54 AM com.squareup.okhttp.mockwebserver.MockWebServer$3 execute
INFO: MockWebServer[60077] starting to accept connections
Jan 02, 2022 6:24:54 AM com.squareup.okhttp.mockwebserver.MockWebServer$3 execute
INFO: MockWebServer[50741] starting to accept connections
Jan 02, 2022 6:24:54 AM com.squareup.okhttp.mockwebserver.MockWebServer$4 processOneRequest
INFO: MockWebServer[50741] received request: GET / HTTP/1.1 and responded: HTTP/1.1 200 OK
Jan 02, 2022 6:24:54 AM com.squareup.okhttp.mockwebserver.MockWebServer$4 processOneRequest
INFO: MockWebServer[50741] received request: GET / HTTP/1.1 and responded: HTTP/1.1 304 OK
Jan 02, 2022 6:24:54 AM com.squareup.okhttp.mockwebserver.MockWebServer$4 processOneRequest
INFO: MockWebServer[50741] received request: GET / HTTP/1.1 and responded: HTTP/1.1 304 OK
Jan 02, 2022 6:24:54 AM com.squareup.okhttp.mockwebserver.MockWebServer$3 acceptConnections
INFO: MockWebServer[50741] done accepting connections: Socket closed
Jan 02, 2022 6:24:54 AM com.squareup.okhttp.mockwebserver.MockWebServer$3 acceptConnections
INFO: MockWebServer[60077] done accepting connections: Socket closed
Jan 02, 2022 6:24:54 AM com.squareup.okhttp.mockwebserver.MockWebServer$3 execute
INFO: MockWebServer[41305] starting to accept connections
Jan 02, 2022 6:24:54 AM com.squareup.okhttp.mockwebserver.MockWebServer$3 execute
INFO: MockWebServer[52161] starting to accept connections
Jan 02, 2022 6:24:54 AM com.squareup.okhttp.mockwebserver.MockWebServer$4 processOneRequest
INFO: MockWebServer[52161] received request: GET / HTTP/1.1 and responded: HTTP/1.1 200 OK
Jan 02, 2022 6:24:54 AM com.squareup.okhttp.mockwebserver.MockWebServer$3 acceptConnections
INFO: MockWebServer[52161] done accepting connections: Socket closed
Jan 02, 2022 6:24:54 AM com.squareup.okhttp.mockwebserver.MockWebServer$3 acceptConnections
INFO: MockWebServer[41305] done accepting connections: Socket closed
Jan 02, 2022 6:24:54 AM com.squareup.okhttp.mockwebserver.MockWebServer$3 execute
INFO: MockWebServer[35711] starting to accept connections
Jan 02, 2022 6:24:54 AM com.squareup.okhttp.mockwebserver.MockWebServer$3 execute
INFO: MockWebServer[43441] starting to accept connections
Jan 02, 2022 6:24:54 AM com.squareup.okhttp.mockwebserver.MockWebServer$4 processOneRequest
INFO: MockWebServer[43441] received request: GET /foo HTTP/1.1 and responded: HTTP/1.1 200 OK
Jan 02, 2022 6:24:54 AM com.squareup.okhttp.mockwebserver.MockWebServer$4 processOneRequest
INFO: MockWebServer[43441] received request: GET /bar HTTP/1.1 and responded: HTTP/1.1 200 OK
Jan 02, 2022 6:24:54 AM com.squareup.okhttp.mockwebserver.MockWebServer$3 acceptConnections
INFO: MockWebServer[43441] done accepting connections: Socket closed
Jan 02, 2022 6:24:54 AM com.squareup.okhttp.mockwebserver.MockWebServer$3 acceptConnections
INFO: MockWebServer[35711] done accepting connections: Socket closed
Jan 02, 2022 6:24:54 AM com.squareup.okhttp.mockwebserver.MockWebServer$3 execute
INFO: MockWebServer[33867] starting to accept connections
Jan 02, 2022 6:24:54 AM com.squareup.okhttp.mockwebserver.MockWebServer$3 execute
INFO: MockWebServer[36567] starting to accept connections
Jan 02, 2022 6:24:54 AM com.squareup.okhttp.mockwebserver.MockWebServer$4 processOneRequest
INFO: MockWebServer[36567] received request: POST / HTTP/1.1 and responded: HTTP/1.1 200 OK
Jan 02, 2022 6:24:54 AM com.squareup.okhttp.mockwebserver.MockWebServer$4 processOneRequest
INFO: MockWebServer[36567] received request: GET / HTTP/1.1 and responded: HTTP/1.1 200 OK
Jan 02, 2022 6:24:54 AM com.squareup.okhttp.mockwebserver.MockWebServer$3 acceptConnections
INFO: MockWebServer[36567] done accepting connections: Socket closed
Jan 02, 2022 6:24:54 AM com.squareup.okhttp.mockwebserver.MockWebServer$3 acceptConnections
INFO: MockWebServer[33867] done accepting connections: Socket closed
Jan 02, 2022 6:24:54 AM com.squareup.okhttp.mockwebserver.MockWebServer$3 execute
INFO: MockWebServer[55145] starting to accept connections
Jan 02, 2022 6:24:54 AM com.squareup.okhttp.mockwebserver.MockWebServer$3 execute
INFO: MockWebServer[47423] starting to accept connections
Jan 02, 2022 6:24:54 AM com.squareup.okhttp.mockwebserver.MockWebServer$4 processOneRequest
INFO: MockWebServer[47423] received request: GET / HTTP/1.1 and responded: HTTP/1.1 200 OK
Jan 02, 2022 6:24:54 AM com.squareup.okhttp.mockwebserver.MockWebServer$3 acceptConnections
INFO: MockWebServer[47423] done accepting connections: Socket closed
Jan 02, 2022 6:24:54 AM com.squareup.okhttp.mockwebserver.MockWebServer$3 acceptConnections
INFO: MockWebServer[55145] done accepting connections: Socket closed
Jan 02, 2022 6:24:54 AM com.squareup.okhttp.mockwebserver.MockWebServer$3 execute
INFO: MockWebServer[43015] starting to accept connections
Jan 02, 2022 6:24:54 AM com.squareup.okhttp.mockwebserver.MockWebServer$3 execute
INFO: MockWebServer[51769] starting to accept connections
Jan 02, 2022 6:24:54 AM com.squareup.okhttp.mockwebserver.MockWebServer$4 processOneRequest
INFO: MockWebServer[51769] received request: GET / HTTP/1.1 and responded: HTTP/1.1 200 OK
Jan 02, 2022 6:24:54 AM com.squareup.okhttp.mockwebserver.MockWebServer$3 acceptConnections
INFO: MockWebServer[51769] done accepting connections: Socket closed
Jan 02, 2022 6:24:55 AM com.squareup.okhttp.mockwebserver.MockWebServer$4 processOneRequest
INFO: MockWebServer[51769] received request: GET / HTTP/1.1 and responded: HTTP/1.1 200 OK
Jan 02, 2022 6:24:55 AM com.squareup.okhttp.mockwebserver.MockWebServer$4 processConnection
WARNING: MockWebServer[51769] connection from /127.0.0.1 didn't make a request
Jan 02, 2022 6:24:55 AM com.squareup.okhttp.mockwebserver.MockWebServer$3 acceptConnections
INFO: MockWebServer[43015] done accepting connections: Socket closed
Jan 02, 2022 6:24:55 AM com.squareup.okhttp.mockwebserver.MockWebServer$3 execute
INFO: MockWebServer[53125] starting to accept connections
Jan 02, 2022 6:24:55 AM com.squareup.okhttp.mockwebserver.MockWebServer$3 execute
INFO: MockWebServer[52179] starting to accept connections
Jan 02, 2022 6:24:55 AM com.squareup.okhttp.mockwebserver.MockWebServer$4 processOneRequest
INFO: MockWebServer[52179] received request: GET / HTTP/1.1 and responded: HTTP/1.1 200 OK
Jan 02, 2022 6:24:55 AM com.squareup.okhttp.mockwebserver.MockWebServer$3 acceptConnections
INFO: MockWebServer[52179] done accepting connections: Socket closed
Jan 02, 2022 6:24:55 AM com.squareup.okhttp.mockwebserver.MockWebServer$3 acceptConnections
INFO: MockWebServer[53125] done accepting connections: Socket closed
Jan 02, 2022 6:24:55 AM com.squareup.okhttp.mockwebserver.MockWebServer$3 execute
INFO: MockWebServer[54169] starting to accept connections
Jan 02, 2022 6:24:55 AM com.squareup.okhttp.mockwebserver.MockWebServer$3 execute
INFO: MockWebServer[48459] starting to accept connections
Jan 02, 2022 6:24:55 AM com.squareup.okhttp.mockwebserver.MockWebServer$4 processOneRequest
INFO: MockWebServer[48459] received request: GET /%3Ffoo=bar HTTP/1.1 and responded: HTTP/1.1 200 OK
Jan 02, 2022 6:24:55 AM com.squareup.okhttp.mockwebserver.MockWebServer$3 acceptConnections
INFO: MockWebServer[48459] done accepting connections: Socket closed
Jan 02, 2022 6:24:55 AM com.squareup.okhttp.mockwebserver.MockWebServer$3 acceptConnections
INFO: MockWebServer[54169] done accepting connections: Socket closed
Jan 02, 2022 6:24:55 AM com.squareup.okhttp.mockwebserver.MockWebServer$3 execute
INFO: MockWebServer[51455] starting to accept connections
Jan 02, 2022 6:24:55 AM com.squareup.okhttp.mockwebserver.MockWebServer$3 execute
INFO: MockWebServer[55989] starting to accept connections
Jan 02, 2022 6:24:55 AM com.squareup.okhttp.mockwebserver.MockWebServer$4 processOneRequest
INFO: MockWebServer[55989] received request: GET / HTTP/1.1 and responded: HTTP/1.1 200 OK
Jan 02, 2022 6:24:55 AM com.squareup.okhttp.mockwebserver.MockWebServer$3 acceptConnections
INFO: MockWebServer[55989] done accepting connections: Socket closed
Jan 02, 2022 6:24:55 AM com.squareup.okhttp.mockwebserver.MockWebServer$3 acceptConnections
INFO: MockWebServer[51455] done accepting connections: Socket closed
Jan 02, 2022 6:24:55 AM com.squareup.okhttp.mockwebserver.MockWebServer$3 execute
INFO: MockWebServer[48037] starting to accept connections
Jan 02, 2022 6:24:55 AM com.squareup.okhttp.mockwebserver.MockWebServer$3 execute
INFO: MockWebServer[60107] starting to accept connections
Jan 02, 2022 6:24:55 AM com.squareup.okhttp.mockwebserver.MockWebServer$4 processOneRequest
INFO: MockWebServer[60107] received request: GET / HTTP/1.1 and responded: HTTP/1.1 200 OK
Jan 02, 2022 6:24:55 AM com.squareup.okhttp.mockwebserver.MockWebServer$4 processOneRequest
INFO: MockWebServer[60107] received request: GET / HTTP/1.1 and responded: HTTP/1.1 200 OK
Jan 02, 2022 6:24:55 AM com.squareup.okhttp.mockwebserver.MockWebServer$3 acceptConnections
INFO: MockWebServer[60107] done accepting connections: Socket closed
Jan 02, 2022 6:24:55 AM com.squareup.okhttp.mockwebserver.MockWebServer$3 acceptConnections
INFO: MockWebServer[48037] done accepting connections: Socket closed
Jan 02, 2022 6:24:55 AM com.squareup.okhttp.mockwebserver.MockWebServer$3 execute
INFO: MockWebServer[60849] starting to accept connections
Jan 02, 2022 6:24:55 AM com.squareup.okhttp.mockwebserver.MockWebServer$3 execute
INFO: MockWebServer[41097] starting to accept connections
Jan 02, 2022 6:24:55 AM com.squareup.okhttp.mockwebserver.MockWebServer$4 processOneRequest
INFO: MockWebServer[41097] received request: GET / HTTP/1.1 and responded: HTTP/1.1 200 Fantastic
Jan 02, 2022 6:24:55 AM com.squareup.okhttp.mockwebserver.MockWebServer$3 acceptConnections
INFO: MockWebServer[41097] done accepting connections: Socket closed
Jan 02, 2022 6:24:55 AM com.squareup.okhttp.mockwebserver.MockWebServer$3 acceptConnections
INFO: MockWebServer[60849] done accepting connections: Socket closed
Jan 02, 2022 6:24:55 AM com.squareup.okhttp.mockwebserver.MockWebServer$3 execute
INFO: MockWebServer[38939] starting to accept connections
Jan 02, 2022 6:24:55 AM com.squareup.okhttp.mockwebserver.MockWebServer$3 execute
INFO: MockWebServer[56379] starting to accept connections
Jan 02, 2022 6:24:55 AM com.squareup.okhttp.mockwebserver.MockWebServer$4 processOneRequest
INFO: MockWebServer[56379] received request: GET / HTTP/1.1 and responded: HTTP/1.1 304 OK
Jan 02, 2022 6:24:55 AM com.squareup.okhttp.mockwebserver.MockWebServer$3 acceptConnections
INFO: MockWebServer[56379] done accepting connections: Socket closed
Jan 02, 2022 6:24:55 AM com.squareup.okhttp.mockwebserver.MockWebServer$3 acceptConnections
INFO: MockWebServer[38939] done accepting connections: Socket closed
Jan 02, 2022 6:24:55 AM com.squareup.okhttp.mockwebserver.MockWebServer$3 execute
INFO: MockWebServer[60157] starting to accept connections
Jan 02, 2022 6:24:55 AM com.squareup.okhttp.mockwebserver.MockWebServer$3 execute
INFO: MockWebServer[48423] starting to accept connections
Jan 02, 2022 6:24:55 AM com.squareup.okhttp.mockwebserver.MockWebServer$4 processOneRequest
INFO: MockWebServer[48423] received request: GET / HTTP/1.1 and responded: HTTP/1.1 200 OK
Jan 02, 2022 6:24:55 AM com.squareup.okhttp.mockwebserver.MockWebServer$4 processOneRequest
INFO: MockWebServer[48423] received request: GET / HTTP/1.1 and responded: HTTP/1.1 200 OK
Jan 02, 2022 6:24:55 AM com.squareup.okhttp.mockwebserver.MockWebServer$3 acceptConnections
INFO: MockWebServer[48423] done accepting connections: Socket closed
Jan 02, 2022 6:24:55 AM com.squareup.okhttp.mockwebserver.MockWebServer$3 acceptConnections
INFO: MockWebServer[60157] done accepting connections: Socket closed
Jan 02, 2022 6:24:55 AM com.squareup.okhttp.mockwebserver.MockWebServer$3 execute
INFO: MockWebServer[38693] starting to accept connections
Jan 02, 2022 6:24:55 AM com.squareup.okhttp.mockwebserver.MockWebServer$3 execute
INFO: MockWebServer[56985] starting to accept connections
Jan 02, 2022 6:24:55 AM com.squareup.okhttp.mockwebserver.MockWebServer$4 processOneRequest
INFO: MockWebServer[56985] received request: GET / HTTP/1.1 and responded: HTTP/1.1 200 OK
Jan 02, 2022 6:24:55 AM com.squareup.okhttp.mockwebserver.MockWebServer$4 processOneRequest
INFO: MockWebServer[56985] received request: GET / HTTP/1.1 and responded: HTTP/1.1 200 OK
Jan 02, 2022 6:24:55 AM com.squareup.okhttp.mockwebserver.MockWebServer$3 acceptConnections
INFO: MockWebServer[56985] done accepting connections: Socket closed
Jan 02, 2022 6:24:55 AM com.squareup.okhttp.mockwebserver.MockWebServer$3 acceptConnections
INFO: MockWebServer[38693] done accepting connections: Socket closed
Jan 02, 2022 6:24:55 AM com.squareup.okhttp.mockwebserver.MockWebServer$3 execute
INFO: MockWebServer[55549] starting to accept connections
Jan 02, 2022 6:24:55 AM com.squareup.okhttp.mockwebserver.MockWebServer$3 execute
INFO: MockWebServer[42029] starting to accept connections
Jan 02, 2022 6:24:55 AM com.squareup.okhttp.mockwebserver.MockWebServer$4 processOneRequest
INFO: MockWebServer[42029] received request: PUT / HTTP/1.1 and responded: HTTP/1.1 200 OK
Jan 02, 2022 6:24:55 AM com.squareup.okhttp.mockwebserver.MockWebServer$4 processOneRequest
INFO: MockWebServer[42029] received request: GET / HTTP/1.1 and responded: HTTP/1.1 200 OK
Jan 02, 2022 6:24:55 AM com.squareup.okhttp.mockwebserver.MockWebServer$3 acceptConnections
INFO: MockWebServer[42029] done accepting connections: Socket closed
Jan 02, 2022 6:24:55 AM com.squareup.okhttp.mockwebserver.MockWebServer$3 acceptConnections
INFO: MockWebServer[55549] done accepting connections: Socket closed
Jan 02, 2022 6:24:55 AM com.squareup.okhttp.mockwebserver.MockWebServer$3 execute
INFO: MockWebServer[53499] starting to accept connections
Jan 02, 2022 6:24:55 AM com.squareup.okhttp.mockwebserver.MockWebServer$3 execute
INFO: MockWebServer[32843] starting to accept connections
Jan 02, 2022 6:24:55 AM com.squareup.okhttp.mockwebserver.MockWebServer$4 processOneRequest
INFO: MockWebServer[32843] received request: GET / HTTP/1.1 and responded: HTTP/1.1 200 OK
Jan 02, 2022 6:24:55 AM com.squareup.okhttp.mockwebserver.MockWebServer$3 acceptConnections
INFO: MockWebServer[32843] done accepting connections: Socket closed
Jan 02, 2022 6:24:55 AM com.squareup.okhttp.mockwebserver.MockWebServer$3 acceptConnections
INFO: MockWebServer[53499] done accepting connections: Socket closed
Jan 02, 2022 6:24:55 AM com.squareup.okhttp.mockwebserver.MockWebServer$3 execute
INFO: MockWebServer[47169] starting to accept connections
Jan 02, 2022 6:24:55 AM com.squareup.okhttp.mockwebserver.MockWebServer$3 execute
INFO: MockWebServer[34925] starting to accept connections
Jan 02, 2022 6:24:55 AM com.squareup.okhttp.mockwebserver.MockWebServer$4 processOneRequest
INFO: MockWebServer[34925] received request: GET / HTTP/1.1 and responded: HTTP/1.1 206 OK
Jan 02, 2022 6:24:55 AM com.squareup.okhttp.mockwebserver.MockWebServer$4 processOneRequest
INFO: MockWebServer[34925] received request: GET / HTTP/1.1 and responded: HTTP/1.1 200 OK
Jan 02, 2022 6:24:55 AM com.squareup.okhttp.mockwebserver.MockWebServer$3 acceptConnections
INFO: MockWebServer[34925] done accepting connections: Socket closed
Jan 02, 2022 6:24:55 AM com.squareup.okhttp.mockwebserver.MockWebServer$3 acceptConnections
INFO: MockWebServer[47169] done accepting connections: Socket closed
Jan 02, 2022 6:24:55 AM com.squareup.okhttp.mockwebserver.MockWebServer$3 execute
INFO: MockWebServer[56019] starting to accept connections
Jan 02, 2022 6:24:55 AM com.squareup.okhttp.mockwebserver.MockWebServer$3 execute
INFO: MockWebServer[54307] starting to accept connections
Jan 02, 2022 6:24:55 AM com.squareup.okhttp.mockwebserver.MockWebServer$4 processOneRequest
INFO: MockWebServer[54307] received request: GET /valid HTTP/1.1 and responded: HTTP/1.1 200 A-OK
Jan 02, 2022 6:24:55 AM com.squareup.okhttp.mockwebserver.MockWebServer$4 processOneRequest
INFO: MockWebServer[54307] received request: GET /valid HTTP/1.1 and responded: HTTP/1.1 304 OK
Jan 02, 2022 6:24:55 AM com.squareup.okhttp.mockwebserver.MockWebServer$4 processOneRequest
INFO: MockWebServer[54307] received request: GET /invalid HTTP/1.1 and responded: HTTP/1.1 200 B-OK
Jan 02, 2022 6:24:55 AM com.squareup.okhttp.mockwebserver.MockWebServer$4 processOneRequest
INFO: MockWebServer[54307] received request: GET /invalid HTTP/1.1 and responded: HTTP/1.1 200 C-OK
Jan 02, 2022 6:24:55 AM com.squareup.okhttp.mockwebserver.MockWebServer$3 acceptConnections
INFO: MockWebServer[54307] done accepting connections: Socket closed
Jan 02, 2022 6:24:55 AM com.squareup.okhttp.mockwebserver.MockWebServer$3 acceptConnections
INFO: MockWebServer[56019] done accepting connections: Socket closed
Jan 02, 2022 6:24:55 AM com.squareup.okhttp.mockwebserver.MockWebServer$3 execute
INFO: MockWebServer[59973] starting to accept connections
Jan 02, 2022 6:24:55 AM com.squareup.okhttp.mockwebserver.MockWebServer$3 execute
INFO: MockWebServer[40541] starting to accept connections
Jan 02, 2022 6:24:55 AM com.squareup.okhttp.mockwebserver.MockWebServer$4 processOneRequest
INFO: MockWebServer[40541] received request: GET / HTTP/1.1 and responded: HTTP/1.1 200 OK
Jan 02, 2022 6:24:55 AM com.squareup.okhttp.mockwebserver.MockWebServer$3 acceptConnections
INFO: MockWebServer[40541] done accepting connections: Socket closed
Jan 02, 2022 6:24:55 AM com.squareup.okhttp.mockwebserver.MockWebServer$3 acceptConnections
INFO: MockWebServer[59973] done accepting connections: Socket closed
Jan 02, 2022 6:24:55 AM com.squareup.okhttp.mockwebserver.MockWebServer$3 execute
INFO: MockWebServer[45425] starting to accept connections
Jan 02, 2022 6:24:55 AM com.squareup.okhttp.mockwebserver.MockWebServer$3 execute
INFO: MockWebServer[54205] starting to accept connections
Jan 02, 2022 6:24:55 AM com.squareup.okhttp.mockwebserver.MockWebServer$4 processOneRequest
INFO: MockWebServer[54205] received request: GET / HTTP/1.1 and responded: HTTP/1.1 200 OK
Jan 02, 2022 6:24:55 AM com.squareup.okhttp.mockwebserver.MockWebServer$4 processOneRequest
INFO: MockWebServer[54205] received request: GET / HTTP/1.1 and responded: HTTP/1.1 200 OK
Jan 02, 2022 6:24:55 AM com.squareup.okhttp.mockwebserver.MockWebServer$3 acceptConnections
INFO: MockWebServer[54205] done accepting connections: Socket closed
Jan 02, 2022 6:24:55 AM com.squareup.okhttp.mockwebserver.MockWebServer$3 acceptConnections
INFO: MockWebServer[45425] done accepting connections: Socket closed
Jan 02, 2022 6:24:55 AM com.squareup.okhttp.mockwebserver.MockWebServer$3 execute
INFO: MockWebServer[51167] starting to accept connections
Jan 02, 2022 6:24:55 AM com.squareup.okhttp.mockwebserver.MockWebServer$3 execute
INFO: MockWebServer[52695] starting to accept connections
Jan 02, 2022 6:24:55 AM com.squareup.okhttp.mockwebserver.MockWebServer$3 acceptConnections
INFO: MockWebServer[52695] done accepting connections: Socket closed
Jan 02, 2022 6:24:55 AM com.squareup.okhttp.mockwebserver.MockWebServer$3 acceptConnections
INFO: MockWebServer[51167] done accepting connections: Socket closed
Jan 02, 2022 6:24:55 AM com.squareup.okhttp.mockwebserver.MockWebServer$3 execute
INFO: MockWebServer[36451] starting to accept connections
Jan 02, 2022 6:24:55 AM com.squareup.okhttp.mockwebserver.MockWebServer$3 execute
INFO: MockWebServer[57593] starting to accept connections
Jan 02, 2022 6:24:55 AM com.squareup.okhttp.mockwebserver.MockWebServer$4 processOneRequest
INFO: MockWebServer[57593] received request: HEAD / HTTP/1.1 and responded: HTTP/1.1 200 OK
Jan 02, 2022 6:24:55 AM com.squareup.okhttp.mockwebserver.MockWebServer$4 processOneRequest
INFO: MockWebServer[57593] received request: GET / HTTP/1.1 and responded: HTTP/1.1 200 OK
Jan 02, 2022 6:24:55 AM com.squareup.okhttp.mockwebserver.MockWebServer$3 acceptConnections
INFO: MockWebServer[57593] done accepting connections: Socket closed
Jan 02, 2022 6:24:55 AM com.squareup.okhttp.mockwebserver.MockWebServer$3 acceptConnections
INFO: MockWebServer[36451] done accepting connections: Socket closed
Jan 02, 2022 6:24:55 AM com.squareup.okhttp.mockwebserver.MockWebServer$3 execute
INFO: MockWebServer[60155] starting to accept connections
Jan 02, 2022 6:24:55 AM com.squareup.okhttp.mockwebserver.MockWebServer$3 execute
INFO: MockWebServer[42231] starting to accept connections
Jan 02, 2022 6:24:55 AM com.squareup.okhttp.mockwebserver.MockWebServer$4 processOneRequest
INFO: MockWebServer[42231] received request: GET / HTTP/1.1 and responded: HTTP/1.1 200 OK
Jan 02, 2022 6:24:55 AM com.squareup.okhttp.mockwebserver.MockWebServer$4 processOneRequest
INFO: MockWebServer[42231] received request: GET / HTTP/1.1 and responded: HTTP/1.1 304 OK
Jan 02, 2022 6:24:55 AM com.squareup.okhttp.mockwebserver.MockWebServer$3 acceptConnections
INFO: MockWebServer[42231] done accepting connections: Socket closed
Jan 02, 2022 6:24:55 AM com.squareup.okhttp.mockwebserver.MockWebServer$3 acceptConnections
INFO: MockWebServer[60155] done accepting connections: Socket closed
Jan 02, 2022 6:24:55 AM com.squareup.okhttp.mockwebserver.MockWebServer$3 execute
INFO: MockWebServer[53419] starting to accept connections
Jan 02, 2022 6:24:55 AM com.squareup.okhttp.mockwebserver.MockWebServer$3 execute
INFO: MockWebServer[32977] starting to accept connections
Jan 02, 2022 6:24:55 AM com.squareup.okhttp.mockwebserver.MockWebServer$4 processOneRequest
INFO: MockWebServer[32977] received request: GET / HTTP/1.1 and responded: HTTP/1.1 200 OK
Jan 02, 2022 6:24:55 AM com.squareup.okhttp.mockwebserver.MockWebServer$4 processOneRequest
INFO: MockWebServer[32977] received request: GET / HTTP/1.1 and responded: HTTP/1.1 200 OK
Jan 02, 2022 6:24:56 AM com.squareup.okhttp.mockwebserver.MockWebServer$3 acceptConnections
INFO: MockWebServer[32977] done accepting connections: Socket closed
Jan 02, 2022 6:24:56 AM com.squareup.okhttp.mockwebserver.MockWebServer$3 acceptConnections
INFO: MockWebServer[53419] done accepting connections: Socket closed
Jan 02, 2022 6:24:56 AM com.squareup.okhttp.mockwebserver.MockWebServer$3 execute
INFO: MockWebServer[48797] starting to accept connections
Jan 02, 2022 6:24:56 AM com.squareup.okhttp.mockwebserver.MockWebServer$3 execute
INFO: MockWebServer[58785] starting to accept connections
Jan 02, 2022 6:24:56 AM com.squareup.okhttp.mockwebserver.MockWebServer$3 acceptConnections
INFO: MockWebServer[58785] done accepting connections: Socket is closed
Jan 02, 2022 6:24:56 AM com.squareup.okhttp.mockwebserver.MockWebServer$3 acceptConnections
INFO: MockWebServer[48797] done accepting connections: Socket closed
Jan 02, 2022 6:24:56 AM com.squareup.okhttp.mockwebserver.MockWebServer$3 execute
INFO: MockWebServer[56609] starting to accept connections
Jan 02, 2022 6:24:56 AM com.squareup.okhttp.mockwebserver.MockWebServer$3 execute
INFO: MockWebServer[57969] starting to accept connections
Jan 02, 2022 6:24:56 AM com.squareup.okhttp.mockwebserver.MockWebServer$4 processOneRequest
INFO: MockWebServer[57969] received request: GET / HTTP/1.1 and responded: HTTP/1.1 200 OK
Jan 02, 2022 6:24:56 AM com.squareup.okhttp.mockwebserver.MockWebServer$3 acceptConnections
INFO: MockWebServer[57969] done accepting connections: Socket closed
Jan 02, 2022 6:24:57 AM com.squareup.okhttp.mockwebserver.MockWebServer$4 processOneRequest
INFO: MockWebServer[57969] received request: GET / HTTP/1.1 and responded: HTTP/1.1 200 OK
Jan 02, 2022 6:24:57 AM com.squareup.okhttp.mockwebserver.MockWebServer$3 acceptConnections
INFO: MockWebServer[56609] done accepting connections: Socket closed
Jan 02, 2022 6:24:57 AM com.squareup.okhttp.mockwebserver.MockWebServer$3 execute
INFO: MockWebServer[43845] starting to accept connections
Jan 02, 2022 6:24:57 AM com.squareup.okhttp.mockwebserver.MockWebServer$3 execute
INFO: MockWebServer[38725] starting to accept connections
Jan 02, 2022 6:24:57 AM com.squareup.okhttp.mockwebserver.MockWebServer$4 processOneRequest
INFO: MockWebServer[38725] received request: GET / HTTP/1.1 and responded: HTTP/1.1 200 OK
Jan 02, 2022 6:24:57 AM com.squareup.okhttp.mockwebserver.MockWebServer$4 processOneRequest
INFO: MockWebServer[38725] received request: GET / HTTP/1.1 and responded: HTTP/1.1 200 OK
Jan 02, 2022 6:24:57 AM com.squareup.okhttp.mockwebserver.MockWebServer$3 acceptConnections
INFO: MockWebServer[38725] done accepting connections: Socket closed
Jan 02, 2022 6:24:57 AM com.squareup.okhttp.mockwebserver.MockWebServer$3 acceptConnections
INFO: MockWebServer[43845] done accepting connections: Socket closed
Jan 02, 2022 6:24:57 AM com.squareup.okhttp.mockwebserver.MockWebServer$3 execute
INFO: MockWebServer[59045] starting to accept connections
Jan 02, 2022 6:24:57 AM com.squareup.okhttp.mockwebserver.MockWebServer$3 execute
INFO: MockWebServer[36055] starting to accept connections
Jan 02, 2022 6:24:57 AM com.squareup.okhttp.mockwebserver.MockWebServer$4 processOneRequest
INFO: MockWebServer[36055] received request: GET / HTTP/1.1 and responded: HTTP/1.1 200 OK
Jan 02, 2022 6:24:57 AM com.squareup.okhttp.mockwebserver.MockWebServer$4 processOneRequest
INFO: MockWebServer[36055] received request: GET / HTTP/1.1 and responded: HTTP/1.1 304 OK
Jan 02, 2022 6:24:57 AM com.squareup.okhttp.mockwebserver.MockWebServer$3 acceptConnections
INFO: MockWebServer[36055] done accepting connections: Socket closed
Jan 02, 2022 6:24:57 AM com.squareup.okhttp.mockwebserver.MockWebServer$3 acceptConnections
INFO: MockWebServer[59045] done accepting connections: Socket closed
Jan 02, 2022 6:24:57 AM com.squareup.okhttp.mockwebserver.MockWebServer$3 execute
INFO: MockWebServer[39973] starting to accept connections
Jan 02, 2022 6:24:57 AM com.squareup.okhttp.mockwebserver.MockWebServer$3 execute
INFO: MockWebServer[39155] starting to accept connections
Jan 02, 2022 6:24:57 AM com.squareup.okhttp.mockwebserver.MockWebServer$4 processOneRequest
INFO: MockWebServer[39155] received request: GET / HTTP/1.1 and responded: HTTP/1.1 301 OK
Jan 02, 2022 6:24:57 AM com.squareup.okhttp.mockwebserver.MockWebServer$FramedSocketHandler receive
INFO: MockWebServer[39973] received request: GET / HTTP/1.1 and responded: HTTP/1.1 200 OK protocol is h2
Jan 02, 2022 6:24:57 AM com.squareup.okhttp.mockwebserver.MockWebServer$3 acceptConnections
INFO: MockWebServer[39155] done accepting connections: Socket closed
Jan 02, 2022 6:24:57 AM com.squareup.okhttp.mockwebserver.MockWebServer$3 acceptConnections
INFO: MockWebServer[39973] done accepting connections: Socket closed
Jan 02, 2022 6:24:57 AM com.squareup.okhttp.mockwebserver.MockWebServer$3 execute
INFO: MockWebServer[43095] starting to accept connections
Jan 02, 2022 6:24:57 AM com.squareup.okhttp.mockwebserver.MockWebServer$3 execute
INFO: MockWebServer[58699] starting to accept connections
Jan 02, 2022 6:24:57 AM com.squareup.okhttp.mockwebserver.MockWebServer$4 processOneRequest
INFO: MockWebServer[58699] received request: GET / HTTP/1.1 and responded: HTTP/1.1 200 OK
Jan 02, 2022 6:24:57 AM com.squareup.okhttp.mockwebserver.MockWebServer$4 processOneRequest
INFO: MockWebServer[58699] received request: GET / HTTP/1.1 and responded: HTTP/1.1 304 OK
Jan 02, 2022 6:24:57 AM com.squareup.okhttp.mockwebserver.MockWebServer$3 acceptConnections
INFO: MockWebServer[58699] done accepting connections: Socket closed
Jan 02, 2022 6:24:57 AM com.squareup.okhttp.mockwebserver.MockWebServer$3 acceptConnections
INFO: MockWebServer[43095] done accepting connections: Socket closed
Jan 02, 2022 6:24:57 AM com.squareup.okhttp.mockwebserver.MockWebServer$3 execute
INFO: MockWebServer[54647] starting to accept connections
Jan 02, 2022 6:24:57 AM com.squareup.okhttp.mockwebserver.MockWebServer$3 execute
INFO: MockWebServer[43805] starting to accept connections
Jan 02, 2022 6:24:58 AM com.squareup.okhttp.mockwebserver.MockWebServer$4 processOneRequest
INFO: MockWebServer[43805] received request: GET / HTTP/1.1 and responded: HTTP/1.1 200 OK
Jan 02, 2022 6:24:58 AM com.squareup.okhttp.mockwebserver.MockWebServer$3 acceptConnections
INFO: MockWebServer[43805] done accepting connections: Socket closed
Jan 02, 2022 6:24:59 AM com.squareup.okhttp.mockwebserver.MockWebServer$4 processOneRequest
INFO: MockWebServer[43805] received request: GET / HTTP/1.1 and responded: HTTP/1.1 200 OK
Jan 02, 2022 6:24:59 AM com.squareup.okhttp.mockwebserver.MockWebServer$3 acceptConnections
INFO: MockWebServer[54647] done accepting connections: Socket closed
Jan 02, 2022 6:24:59 AM com.squareup.okhttp.mockwebserver.MockWebServer$3 execute
INFO: MockWebServer[38771] starting to accept connections
Jan 02, 2022 6:24:59 AM com.squareup.okhttp.mockwebserver.MockWebServer$3 execute
INFO: MockWebServer[38641] starting to accept connections
Jan 02, 2022 6:24:59 AM com.squareup.okhttp.mockwebserver.MockWebServer$4 processOneRequest
INFO: MockWebServer[38641] received request: GET / HTTP/1.1 and responded: HTTP/1.1 200 OK
Jan 02, 2022 6:24:59 AM com.squareup.okhttp.mockwebserver.MockWebServer$4 processOneRequest
INFO: MockWebServer[38641] received request: GET / HTTP/1.1 and responded: HTTP/1.1 200 OK
Jan 02, 2022 6:24:59 AM com.squareup.okhttp.mockwebserver.MockWebServer$3 acceptConnections
INFO: MockWebServer[38641] done accepting connections: Socket closed
Jan 02, 2022 6:24:59 AM com.squareup.okhttp.mockwebserver.MockWebServer$3 acceptConnections
INFO: MockWebServer[38771] done accepting connections: Socket closed
Jan 02, 2022 6:24:59 AM com.squareup.okhttp.mockwebserver.MockWebServer$3 execute
INFO: MockWebServer[48761] starting to accept connections
Jan 02, 2022 6:24:59 AM com.squareup.okhttp.mockwebserver.MockWebServer$3 execute
INFO: MockWebServer[37563] starting to accept connections
Jan 02, 2022 6:24:59 AM com.squareup.okhttp.mockwebserver.MockWebServer$4 processOneRequest
INFO: MockWebServer[37563] received request: GET /a HTTP/1.1 and responded: HTTP/1.1 200 OK
Jan 02, 2022 6:24:59 AM com.squareup.okhttp.mockwebserver.MockWebServer$4 processOneRequest
INFO: MockWebServer[37563] received request: GET /a HTTP/1.1 and responded: HTTP/1.1 304 OK
Jan 02, 2022 6:24:59 AM com.squareup.okhttp.mockwebserver.MockWebServer$4 processOneRequest
INFO: MockWebServer[37563] received request: GET /b HTTP/1.1 and responded: HTTP/1.1 200 OK
Jan 02, 2022 6:24:59 AM com.squareup.okhttp.mockwebserver.MockWebServer$3 acceptConnections
INFO: MockWebServer[37563] done accepting connections: Socket closed
Jan 02, 2022 6:24:59 AM com.squareup.okhttp.mockwebserver.MockWebServer$3 acceptConnections
INFO: MockWebServer[48761] done accepting connections: Socket closed
Jan 02, 2022 6:24:59 AM com.squareup.okhttp.mockwebserver.MockWebServer$3 execute
INFO: MockWebServer[39095] starting to accept connections
Jan 02, 2022 6:24:59 AM com.squareup.okhttp.mockwebserver.MockWebServer$3 execute
INFO: MockWebServer[35553] starting to accept connections
Jan 02, 2022 6:24:59 AM com.squareup.okhttp.mockwebserver.MockWebServer$4 processOneRequest
INFO: MockWebServer[35553] received request: GET / HTTP/1.1 and responded: HTTP/1.1 200 OK
Jan 02, 2022 6:24:59 AM com.squareup.okhttp.mockwebserver.MockWebServer$4 processOneRequest
INFO: MockWebServer[35553] received request: GET / HTTP/1.1 and responded: HTTP/1.1 200 OK
Jan 02, 2022 6:24:59 AM com.squareup.okhttp.mockwebserver.MockWebServer$3 acceptConnections
INFO: MockWebServer[35553] done accepting connections: Socket closed
Jan 02, 2022 6:24:59 AM com.squareup.okhttp.mockwebserver.MockWebServer$3 acceptConnections
INFO: MockWebServer[39095] done accepting connections: Socket closed
Jan 02, 2022 6:24:59 AM com.squareup.okhttp.mockwebserver.MockWebServer$3 execute
INFO: MockWebServer[42405] starting to accept connections
Jan 02, 2022 6:24:59 AM com.squareup.okhttp.mockwebserver.MockWebServer$3 execute
INFO: MockWebServer[57737] starting to accept connections
Jan 02, 2022 6:24:59 AM com.squareup.okhttp.mockwebserver.MockWebServer$4 processOneRequest
INFO: MockWebServer[57737] received request: GET / HTTP/1.1 and responded: HTTP/1.1 200 OK
Jan 02, 2022 6:24:59 AM com.squareup.okhttp.mockwebserver.MockWebServer$4 processOneRequest
INFO: MockWebServer[57737] received request: GET / HTTP/1.1 and responded: HTTP/1.1 200 OK
Jan 02, 2022 6:24:59 AM com.squareup.okhttp.mockwebserver.MockWebServer$3 acceptConnections
INFO: MockWebServer[57737] done accepting connections: Socket closed
Jan 02, 2022 6:24:59 AM com.squareup.okhttp.mockwebserver.MockWebServer$3 acceptConnections
INFO: MockWebServer[42405] done accepting connections: Socket closed
Jan 02, 2022 6:24:59 AM com.squareup.okhttp.mockwebserver.MockWebServer$3 execute
INFO: MockWebServer[37187] starting to accept connections
Jan 02, 2022 6:24:59 AM com.squareup.okhttp.mockwebserver.MockWebServer$3 execute
INFO: MockWebServer[42143] starting to accept connections
Jan 02, 2022 6:24:59 AM com.squareup.okhttp.mockwebserver.MockWebServer$4 processOneRequest
INFO: MockWebServer[42143] received request: GET / HTTP/1.1 and responded: HTTP/1.1 200 OK
Jan 02, 2022 6:24:59 AM com.squareup.okhttp.mockwebserver.MockWebServer$4 processOneRequest
INFO: MockWebServer[42143] received request: GET / HTTP/1.1 and responded: HTTP/1.1 304 OK
Jan 02, 2022 6:24:59 AM com.squareup.okhttp.mockwebserver.MockWebServer$3 acceptConnections
INFO: MockWebServer[42143] done accepting connections: Socket closed
Jan 02, 2022 6:24:59 AM com.squareup.okhttp.mockwebserver.MockWebServer$3 acceptConnections
INFO: MockWebServer[37187] done accepting connections: Socket closed
Jan 02, 2022 6:24:59 AM com.squareup.okhttp.mockwebserver.MockWebServer$3 execute
INFO: MockWebServer[49963] starting to accept connections
Jan 02, 2022 6:24:59 AM com.squareup.okhttp.mockwebserver.MockWebServer$3 execute
INFO: MockWebServer[37923] starting to accept connections
Jan 02, 2022 6:24:59 AM com.squareup.okhttp.mockwebserver.MockWebServer$4 processOneRequest
INFO: MockWebServer[37923] received request: GET / HTTP/1.1 and responded: HTTP/1.1 200 OK
Jan 02, 2022 6:24:59 AM com.squareup.okhttp.mockwebserver.MockWebServer$4 processOneRequest
INFO: MockWebServer[37923] received request: DELETE / HTTP/1.1 and responded: HTTP/1.1 200 OK
Jan 02, 2022 6:24:59 AM com.squareup.okhttp.mockwebserver.MockWebServer$4 processOneRequest
INFO: MockWebServer[37923] received request: GET / HTTP/1.1 and responded: HTTP/1.1 200 OK
Jan 02, 2022 6:24:59 AM com.squareup.okhttp.mockwebserver.MockWebServer$3 acceptConnections
INFO: MockWebServer[37923] done accepting connections: Socket closed
Jan 02, 2022 6:24:59 AM com.squareup.okhttp.mockwebserver.MockWebServer$3 acceptConnections
INFO: MockWebServer[49963] done accepting connections: Socket closed
Jan 02, 2022 6:24:59 AM com.squareup.okhttp.mockwebserver.MockWebServer$3 execute
INFO: MockWebServer[36805] starting to accept connections
Jan 02, 2022 6:24:59 AM com.squareup.okhttp.mockwebserver.MockWebServer$3 execute
INFO: MockWebServer[47641] starting to accept connections
Jan 02, 2022 6:24:59 AM com.squareup.okhttp.mockwebserver.MockWebServer$4 processOneRequest
INFO: MockWebServer[47641] received request: GET / HTTP/1.1 and responded: HTTP/1.1 304 OK
Jan 02, 2022 6:24:59 AM com.squareup.okhttp.mockwebserver.MockWebServer$3 acceptConnections
INFO: MockWebServer[47641] done accepting connections: Socket closed
Jan 02, 2022 6:24:59 AM com.squareup.okhttp.mockwebserver.MockWebServer$3 acceptConnections
INFO: MockWebServer[36805] done accepting connections: Socket closed
Jan 02, 2022 6:24:59 AM com.squareup.okhttp.mockwebserver.MockWebServer$3 execute
INFO: MockWebServer[37733] starting to accept connections
Jan 02, 2022 6:24:59 AM com.squareup.okhttp.mockwebserver.MockWebServer$3 execute
INFO: MockWebServer[33691] starting to accept connections
Jan 02, 2022 6:24:59 AM com.squareup.okhttp.mockwebserver.MockWebServer$4 processOneRequest
INFO: MockWebServer[33691] received request: GET / HTTP/1.1 and responded: HTTP/1.1 200 OK
Jan 02, 2022 6:24:59 AM com.squareup.okhttp.mockwebserver.MockWebServer$4 processOneRequest
INFO: MockWebServer[33691] received request: GET / HTTP/1.1 and responded: HTTP/1.1 304 OK
Jan 02, 2022 6:24:59 AM com.squareup.okhttp.mockwebserver.MockWebServer$3 acceptConnections
INFO: MockWebServer[33691] done accepting connections: Socket closed
Jan 02, 2022 6:24:59 AM com.squareup.okhttp.mockwebserver.MockWebServer$3 acceptConnections
INFO: MockWebServer[37733] done accepting connections: Socket closed
Jan 02, 2022 6:24:59 AM com.squareup.okhttp.mockwebserver.MockWebServer$3 execute
INFO: MockWebServer[43665] starting to accept connections
Jan 02, 2022 6:24:59 AM com.squareup.okhttp.mockwebserver.MockWebServer$3 execute
INFO: MockWebServer[51935] starting to accept connections
Jan 02, 2022 6:24:59 AM com.squareup.okhttp.mockwebserver.MockWebServer$4 processOneRequest
INFO: MockWebServer[51935] received request: GET / HTTP/1.1 and responded: HTTP/1.1 200 OK
Jan 02, 2022 6:24:59 AM com.squareup.okhttp.mockwebserver.MockWebServer$3 acceptConnections
INFO: MockWebServer[51935] done accepting connections: Socket closed
Jan 02, 2022 6:24:59 AM com.squareup.okhttp.mockwebserver.MockWebServer$3 acceptConnections
INFO: MockWebServer[43665] done accepting connections: Socket closed
Jan 02, 2022 6:24:59 AM com.squareup.okhttp.mockwebserver.MockWebServer$3 execute
INFO: MockWebServer[44187] starting to accept connections
Jan 02, 2022 6:24:59 AM com.squareup.okhttp.mockwebserver.MockWebServer$3 execute
INFO: MockWebServer[40607] starting to accept connections
Jan 02, 2022 6:24:59 AM com.squareup.okhttp.mockwebserver.MockWebServer$4 processOneRequest
INFO: MockWebServer[40607] received request: GET /valid HTTP/1.1 and responded: HTTP/1.1 200 A-OK
Jan 02, 2022 6:24:59 AM com.squareup.okhttp.mockwebserver.MockWebServer$4 processOneRequest
INFO: MockWebServer[40607] received request: GET /valid HTTP/1.1 and responded: HTTP/1.1 304 OK
Jan 02, 2022 6:24:59 AM com.squareup.okhttp.mockwebserver.MockWebServer$4 processOneRequest
INFO: MockWebServer[40607] received request: GET /invalid HTTP/1.1 and responded: HTTP/1.1 200 B-OK
Jan 02, 2022 6:24:59 AM com.squareup.okhttp.mockwebserver.MockWebServer$4 processOneRequest
INFO: MockWebServer[40607] received request: GET /invalid HTTP/1.1 and responded: HTTP/1.1 200 C-OK
Jan 02, 2022 6:24:59 AM com.squareup.okhttp.mockwebserver.MockWebServer$3 acceptConnections
INFO: MockWebServer[40607] done accepting connections: Socket closed
Jan 02, 2022 6:24:59 AM com.squareup.okhttp.mockwebserver.MockWebServer$3 acceptConnections
INFO: MockWebServer[44187] done accepting connections: Socket closed
Jan 02, 2022 6:24:59 AM com.squareup.okhttp.mockwebserver.MockWebServer$3 execute
INFO: MockWebServer[57575] starting to accept connections
Jan 02, 2022 6:24:59 AM com.squareup.okhttp.mockwebserver.MockWebServer$3 execute
INFO: MockWebServer[59623] starting to accept connections
Jan 02, 2022 6:24:59 AM com.squareup.okhttp.mockwebserver.MockWebServer$4 processOneRequest
INFO: MockWebServer[59623] received request: GET / HTTP/1.1 and responded: HTTP/1.1 200 OK
Jan 02, 2022 6:24:59 AM com.squareup.okhttp.mockwebserver.MockWebServer$4 processOneRequest
INFO: MockWebServer[59623] received request: GET / HTTP/1.1 and responded: HTTP/1.1 200 OK
Jan 02, 2022 6:24:59 AM com.squareup.okhttp.mockwebserver.MockWebServer$3 acceptConnections
INFO: MockWebServer[59623] done accepting connections: Socket closed
Jan 02, 2022 6:24:59 AM com.squareup.okhttp.mockwebserver.MockWebServer$3 acceptConnections
INFO: MockWebServer[57575] done accepting connections: Socket closed
Jan 02, 2022 6:24:59 AM com.squareup.okhttp.mockwebserver.MockWebServer$3 execute
INFO: MockWebServer[55599] starting to accept connections
Jan 02, 2022 6:24:59 AM com.squareup.okhttp.mockwebserver.MockWebServer$3 execute
INFO: MockWebServer[35115] starting to accept connections
Jan 02, 2022 6:24:59 AM com.squareup.okhttp.mockwebserver.MockWebServer$4 processOneRequest
INFO: MockWebServer[35115] received request: GET / HTTP/1.1 and responded: HTTP/1.1 200 OK
Jan 02, 2022 6:24:59 AM com.squareup.okhttp.mockwebserver.MockWebServer$4 processOneRequest
INFO: MockWebServer[35115] received request: GET / HTTP/1.1 and responded: HTTP/1.1 304 OK
Jan 02, 2022 6:24:59 AM com.squareup.okhttp.mockwebserver.MockWebServer$3 acceptConnections
INFO: MockWebServer[35115] done accepting connections: Socket closed
Jan 02, 2022 6:24:59 AM com.squareup.okhttp.mockwebserver.MockWebServer$3 acceptConnections
INFO: MockWebServer[55599] done accepting connections: Socket closed
Jan 02, 2022 6:24:59 AM com.squareup.okhttp.mockwebserver.MockWebServer$3 execute
INFO: MockWebServer[56685] starting to accept connections
Jan 02, 2022 6:24:59 AM com.squareup.okhttp.mockwebserver.MockWebServer$3 execute
INFO: MockWebServer[60443] starting to accept connections
Jan 02, 2022 6:24:59 AM com.squareup.okhttp.mockwebserver.MockWebServer$4 processOneRequest
INFO: MockWebServer[60443] received request: GET / HTTP/1.1 and responded: HTTP/1.1 200 OK
Jan 02, 2022 6:24:59 AM com.squareup.okhttp.mockwebserver.MockWebServer$4 processOneRequest
INFO: MockWebServer[60443] received request: GET / HTTP/1.1 and responded: HTTP/1.1 200 OK
Jan 02, 2022 6:24:59 AM com.squareup.okhttp.mockwebserver.MockWebServer$4 processOneRequest
INFO: MockWebServer[60443] received request: GET / HTTP/1.1 and responded: HTTP/1.1 200 OK
Jan 02, 2022 6:24:59 AM com.squareup.okhttp.mockwebserver.MockWebServer$3 acceptConnections
INFO: MockWebServer[60443] done accepting connections: Socket closed
Jan 02, 2022 6:24:59 AM com.squareup.okhttp.mockwebserver.MockWebServer$3 acceptConnections
INFO: MockWebServer[56685] done accepting connections: Socket closed
Jan 02, 2022 6:24:59 AM com.squareup.okhttp.mockwebserver.MockWebServer$3 execute
INFO: MockWebServer[37551] starting to accept connections
Jan 02, 2022 6:24:59 AM com.squareup.okhttp.mockwebserver.MockWebServer$3 execute
INFO: MockWebServer[43191] starting to accept connections
Jan 02, 2022 6:24:59 AM com.squareup.okhttp.mockwebserver.MockWebServer$4 processOneRequest
INFO: MockWebServer[43191] received request: GET /valid HTTP/1.1 and responded: HTTP/1.1 200 A-OK
Jan 02, 2022 6:24:59 AM com.squareup.okhttp.mockwebserver.MockWebServer$4 processOneRequest
INFO: MockWebServer[43191] received request: GET /valid HTTP/1.1 and responded: HTTP/1.1 304 OK
Jan 02, 2022 6:24:59 AM com.squareup.okhttp.mockwebserver.MockWebServer$4 processOneRequest
INFO: MockWebServer[43191] received request: GET /invalid HTTP/1.1 and responded: HTTP/1.1 200 B-OK
Jan 02, 2022 6:25:00 AM com.squareup.okhttp.mockwebserver.MockWebServer$4 processOneRequest
INFO: MockWebServer[43191] received request: GET /invalid HTTP/1.1 and responded: HTTP/1.1 200 C-OK
Jan 02, 2022 6:25:00 AM com.squareup.okhttp.mockwebserver.MockWebServer$3 acceptConnections
INFO: MockWebServer[43191] done accepting connections: Socket closed
Jan 02, 2022 6:25:00 AM com.squareup.okhttp.mockwebserver.MockWebServer$3 acceptConnections
INFO: MockWebServer[37551] done accepting connections: Socket closed
Jan 02, 2022 6:25:00 AM com.squareup.okhttp.mockwebserver.MockWebServer$3 execute
INFO: MockWebServer[57985] starting to accept connections
Jan 02, 2022 6:25:00 AM com.squareup.okhttp.mockwebserver.MockWebServer$3 execute
INFO: MockWebServer[38407] starting to accept connections
Jan 02, 2022 6:25:00 AM com.squareup.okhttp.mockwebserver.MockWebServer$4 processOneRequest
INFO: MockWebServer[38407] received request: GET / HTTP/1.1 and responded: HTTP/1.1 200 OK
Jan 02, 2022 6:25:00 AM com.squareup.okhttp.mockwebserver.MockWebServer$3 acceptConnections
INFO: MockWebServer[38407] done accepting connections: Socket closed
Jan 02, 2022 6:25:00 AM com.squareup.okhttp.mockwebserver.MockWebServer$3 acceptConnections
INFO: MockWebServer[57985] done accepting connections: Socket closed
Jan 02, 2022 6:25:00 AM com.squareup.okhttp.mockwebserver.MockWebServer$3 execute
INFO: MockWebServer[35973] starting to accept connections
Jan 02, 2022 6:25:00 AM com.squareup.okhttp.mockwebserver.MockWebServer$3 execute
INFO: MockWebServer[58627] starting to accept connections
Jan 02, 2022 6:25:00 AM com.squareup.okhttp.mockwebserver.MockWebServer$4 processOneRequest
INFO: MockWebServer[58627] received request: GET / HTTP/1.1 and responded: HTTP/1.1 206 OK
Jan 02, 2022 6:25:00 AM com.squareup.okhttp.mockwebserver.MockWebServer$4 processOneRequest
INFO: MockWebServer[58627] received request: GET / HTTP/1.1 and responded: HTTP/1.1 200 OK
Jan 02, 2022 6:25:00 AM com.squareup.okhttp.mockwebserver.MockWebServer$3 acceptConnections
INFO: MockWebServer[58627] done accepting connections: Socket closed
Jan 02, 2022 6:25:00 AM com.squareup.okhttp.mockwebserver.MockWebServer$3 acceptConnections
INFO: MockWebServer[35973] done accepting connections: Socket closed
Jan 02, 2022 6:25:00 AM com.squareup.okhttp.mockwebserver.MockWebServer$3 execute
INFO: MockWebServer[56279] starting to accept connections
Jan 02, 2022 6:25:00 AM com.squareup.okhttp.mockwebserver.MockWebServer$3 execute
INFO: MockWebServer[34717] starting to accept connections
Jan 02, 2022 6:25:00 AM com.squareup.okhttp.mockwebserver.MockWebServer$4 processOneRequest
INFO: MockWebServer[34717] received request: OPTIONS / HTTP/1.1 and responded: HTTP/1.1 200 OK
Jan 02, 2022 6:25:00 AM com.squareup.okhttp.mockwebserver.MockWebServer$4 processOneRequest
INFO: MockWebServer[34717] received request: GET / HTTP/1.1 and responded: HTTP/1.1 200 OK
Jan 02, 2022 6:25:00 AM com.squareup.okhttp.mockwebserver.MockWebServer$3 acceptConnections
INFO: MockWebServer[34717] done accepting connections: Socket closed
Jan 02, 2022 6:25:00 AM com.squareup.okhttp.mockwebserver.MockWebServer$3 acceptConnections
INFO: MockWebServer[56279] done accepting connections: Socket closed
Jan 02, 2022 6:25:00 AM com.squareup.okhttp.mockwebserver.MockWebServer$3 execute
INFO: MockWebServer[47129] starting to accept connections
Jan 02, 2022 6:25:00 AM com.squareup.okhttp.mockwebserver.MockWebServer$3 execute
INFO: MockWebServer[53763] starting to accept connections
Jan 02, 2022 6:25:00 AM com.squareup.okhttp.mockwebserver.MockWebServer$4 processOneRequest
INFO: MockWebServer[53763] received request: GET /foo HTTP/1.1 and responded: HTTP/1.1 200 OK
Jan 02, 2022 6:25:00 AM com.squareup.okhttp.mockwebserver.MockWebServer$4 processOneRequest
INFO: MockWebServer[53763] received request: GET /bar HTTP/1.1 and responded: HTTP/1.1 301 OK
Jan 02, 2022 6:25:00 AM com.squareup.okhttp.mockwebserver.MockWebServer$4 processOneRequest
INFO: MockWebServer[53763] received request: GET /baz HTTP/1.1 and responded: HTTP/1.1 200 OK
Jan 02, 2022 6:25:00 AM com.squareup.okhttp.mockwebserver.MockWebServer$3 acceptConnections
INFO: MockWebServer[53763] done accepting connections: Socket closed
Jan 02, 2022 6:25:00 AM com.squareup.okhttp.mockwebserver.MockWebServer$3 acceptConnections
INFO: MockWebServer[47129] done accepting connections: Socket closed
Jan 02, 2022 6:25:00 AM com.squareup.okhttp.mockwebserver.MockWebServer$3 execute
INFO: MockWebServer[59923] starting to accept connections
Jan 02, 2022 6:25:00 AM com.squareup.okhttp.mockwebserver.MockWebServer$3 execute
INFO: MockWebServer[38445] starting to accept connections
Jan 02, 2022 6:25:00 AM com.squareup.okhttp.mockwebserver.MockWebServer$4 processOneRequest
INFO: MockWebServer[38445] received request: GET / HTTP/1.1 and responded: HTTP/1.1 200 OK
Jan 02, 2022 6:25:00 AM com.squareup.okhttp.mockwebserver.MockWebServer$4 processConnection
WARNING: MockWebServer[38445] connection from /127.0.0.1 didn't make a request
Jan 02, 2022 6:25:00 AM com.squareup.okhttp.mockwebserver.MockWebServer$4 processOneRequest
INFO: MockWebServer[38445] received request: GET / HTTP/1.1 and responded: HTTP/1.1 200 OK
Jan 02, 2022 6:25:00 AM com.squareup.okhttp.mockwebserver.MockWebServer$3 acceptConnections
INFO: MockWebServer[38445] done accepting connections: Socket closed
Jan 02, 2022 6:25:00 AM com.squareup.okhttp.mockwebserver.MockWebServer$3 acceptConnections
INFO: MockWebServer[59923] done accepting connections: Socket closed
Jan 02, 2022 6:25:00 AM com.squareup.okhttp.mockwebserver.MockWebServer$3 execute
INFO: MockWebServer[43481] starting to accept connections
Jan 02, 2022 6:25:00 AM com.squareup.okhttp.mockwebserver.MockWebServer$3 execute
INFO: MockWebServer[58095] starting to accept connections
Jan 02, 2022 6:25:00 AM com.squareup.okhttp.mockwebserver.MockWebServer$4 processOneRequest
INFO: MockWebServer[58095] received request: GET / HTTP/1.1 and responded: HTTP/1.1 200 OK
Jan 02, 2022 6:25:00 AM com.squareup.okhttp.mockwebserver.MockWebServer$3 acceptConnections
INFO: MockWebServer[58095] done accepting connections: Socket closed
Jan 02, 2022 6:25:00 AM com.squareup.okhttp.mockwebserver.MockWebServer$3 acceptConnections
INFO: MockWebServer[43481] done accepting connections: Socket closed
Jan 02, 2022 6:25:00 AM com.squareup.okhttp.mockwebserver.MockWebServer$3 execute
INFO: MockWebServer[46619] starting to accept connections
Jan 02, 2022 6:25:00 AM com.squareup.okhttp.mockwebserver.MockWebServer$3 execute
INFO: MockWebServer[43915] starting to accept connections
Jan 02, 2022 6:25:00 AM com.squareup.okhttp.mockwebserver.MockWebServer$4 processOneRequest
INFO: MockWebServer[43915] received request: GET / HTTP/1.1 and responded: HTTP/1.1 200 OK
Jan 02, 2022 6:25:00 AM com.squareup.okhttp.mockwebserver.MockWebServer$4 processOneRequest
INFO: MockWebServer[43915] received request: GET / HTTP/1.1 and responded: HTTP/1.1 200 OK
Jan 02, 2022 6:25:00 AM com.squareup.okhttp.mockwebserver.MockWebServer$3 acceptConnections
INFO: MockWebServer[43915] done accepting connections: Socket closed
Jan 02, 2022 6:25:00 AM com.squareup.okhttp.mockwebserver.MockWebServer$3 acceptConnections
INFO: MockWebServer[46619] done accepting connections: Socket closed
Jan 02, 2022 6:25:00 AM com.squareup.okhttp.mockwebserver.MockWebServer$3 execute
INFO: MockWebServer[48457] starting to accept connections
Jan 02, 2022 6:25:00 AM com.squareup.okhttp.mockwebserver.MockWebServer$3 execute
INFO: MockWebServer[49095] starting to accept connections
Jan 02, 2022 6:25:00 AM com.squareup.okhttp.mockwebserver.MockWebServer$3 acceptConnections
INFO: MockWebServer[49095] done accepting connections: Socket closed
Jan 02, 2022 6:25:00 AM com.squareup.okhttp.mockwebserver.MockWebServer$3 acceptConnections
INFO: MockWebServer[48457] done accepting connections: Socket closed
Jan 02, 2022 6:25:00 AM com.squareup.okhttp.mockwebserver.MockWebServer$3 execute
INFO: MockWebServer[59781] starting to accept connections
Jan 02, 2022 6:25:00 AM com.squareup.okhttp.mockwebserver.MockWebServer$3 execute
INFO: MockWebServer[36009] starting to accept connections
Jan 02, 2022 6:25:00 AM com.squareup.okhttp.mockwebserver.MockWebServer$4 processOneRequest
INFO: MockWebServer[36009] received request: GET /valid HTTP/1.1 and responded: HTTP/1.1 200 A-OK
Jan 02, 2022 6:25:00 AM com.squareup.okhttp.mockwebserver.MockWebServer$4 processOneRequest
INFO: MockWebServer[36009] received request: GET /valid HTTP/1.1 and responded: HTTP/1.1 304 OK
Jan 02, 2022 6:25:00 AM com.squareup.okhttp.mockwebserver.MockWebServer$4 processOneRequest
INFO: MockWebServer[36009] received request: GET /invalid HTTP/1.1 and responded: HTTP/1.1 200 B-OK
Jan 02, 2022 6:25:00 AM com.squareup.okhttp.mockwebserver.MockWebServer$4 processOneRequest
INFO: MockWebServer[36009] received request: GET /invalid HTTP/1.1 and responded: HTTP/1.1 200 C-OK
Jan 02, 2022 6:25:00 AM com.squareup.okhttp.mockwebserver.MockWebServer$3 acceptConnections
INFO: MockWebServer[36009] done accepting connections: Socket closed
Jan 02, 2022 6:25:00 AM com.squareup.okhttp.mockwebserver.MockWebServer$3 acceptConnections
INFO: MockWebServer[59781] done accepting connections: Socket closed
Jan 02, 2022 6:25:00 AM com.squareup.okhttp.mockwebserver.MockWebServer$3 execute
INFO: MockWebServer[32903] starting to accept connections
Jan 02, 2022 6:25:00 AM com.squareup.okhttp.mockwebserver.MockWebServer$3 execute
INFO: MockWebServer[50247] starting to accept connections
Jan 02, 2022 6:25:00 AM com.squareup.okhttp.mockwebserver.MockWebServer$3 execute
INFO: MockWebServer[48933] starting to accept connections
Jan 02, 2022 6:25:00 AM com.squareup.okhttp.mockwebserver.MockWebServer$4 processOneRequest
INFO: MockWebServer[48933] received request: GET / HTTP/1.1 and responded: HTTP/1.1 101 OK
Jan 02, 2022 6:25:00 AM com.squareup.okhttp.mockwebserver.MockWebServer$3 acceptConnections
INFO: MockWebServer[48933] done accepting connections: Socket closed
Jan 02, 2022 6:25:00 AM com.squareup.okhttp.mockwebserver.MockWebServer$3 execute
INFO: MockWebServer[33639] starting to accept connections
Jan 02, 2022 6:25:00 AM com.squareup.okhttp.mockwebserver.MockWebServer$4 processOneRequest
INFO: MockWebServer[33639] received request: GET / HTTP/1.1 and responded: HTTP/1.1 102 OK
Jan 02, 2022 6:25:00 AM com.squareup.okhttp.mockwebserver.MockWebServer$3 acceptConnections
INFO: MockWebServer[33639] done accepting connections: Socket closed
Jan 02, 2022 6:25:00 AM com.squareup.okhttp.mockwebserver.MockWebServer$3 execute
INFO: MockWebServer[48921] starting to accept connections
Jan 02, 2022 6:25:00 AM com.squareup.okhttp.mockwebserver.MockWebServer$4 processOneRequest
INFO: MockWebServer[48921] received request: GET / HTTP/1.1 and responded: HTTP/1.1 200 OK
Jan 02, 2022 6:25:00 AM com.squareup.okhttp.mockwebserver.MockWebServer$3 acceptConnections
INFO: MockWebServer[48921] done accepting connections: Socket closed
Jan 02, 2022 6:25:00 AM com.squareup.okhttp.mockwebserver.MockWebServer$3 execute
INFO: MockWebServer[41777] starting to accept connections
Jan 02, 2022 6:25:00 AM com.squareup.okhttp.mockwebserver.MockWebServer$4 processOneRequest
INFO: MockWebServer[41777] received request: GET / HTTP/1.1 and responded: HTTP/1.1 201 OK
Jan 02, 2022 6:25:00 AM com.squareup.okhttp.mockwebserver.MockWebServer$3 acceptConnections
INFO: MockWebServer[41777] done accepting connections: Socket closed
Jan 02, 2022 6:25:00 AM com.squareup.okhttp.mockwebserver.MockWebServer$3 execute
INFO: MockWebServer[52147] starting to accept connections
Jan 02, 2022 6:25:00 AM com.squareup.okhttp.mockwebserver.MockWebServer$4 processOneRequest
INFO: MockWebServer[52147] received request: GET / HTTP/1.1 and responded: HTTP/1.1 202 OK
Jan 02, 2022 6:25:00 AM com.squareup.okhttp.mockwebserver.MockWebServer$3 acceptConnections
INFO: MockWebServer[52147] done accepting connections: Socket closed
Jan 02, 2022 6:25:00 AM com.squareup.okhttp.mockwebserver.MockWebServer$3 execute
INFO: MockWebServer[42331] starting to accept connections
Jan 02, 2022 6:25:00 AM com.squareup.okhttp.mockwebserver.MockWebServer$4 processOneRequest
INFO: MockWebServer[42331] received request: GET / HTTP/1.1 and responded: HTTP/1.1 203 OK
Jan 02, 2022 6:25:00 AM com.squareup.okhttp.mockwebserver.MockWebServer$3 acceptConnections
INFO: MockWebServer[42331] done accepting connections: Socket closed
Jan 02, 2022 6:25:00 AM com.squareup.okhttp.mockwebserver.MockWebServer$3 execute
INFO: MockWebServer[42307] starting to accept connections
Jan 02, 2022 6:25:00 AM com.squareup.okhttp.mockwebserver.MockWebServer$4 processOneRequest
INFO: MockWebServer[42307] received request: GET / HTTP/1.1 and responded: HTTP/1.1 204 OK
Jan 02, 2022 6:25:00 AM com.squareup.okhttp.mockwebserver.MockWebServer$3 acceptConnections
INFO: MockWebServer[42307] done accepting connections: Socket closed
Jan 02, 2022 6:25:00 AM com.squareup.okhttp.mockwebserver.MockWebServer$3 execute
INFO: MockWebServer[58039] starting to accept connections
Jan 02, 2022 6:25:00 AM com.squareup.okhttp.mockwebserver.MockWebServer$4 processOneRequest
INFO: MockWebServer[58039] received request: GET / HTTP/1.1 and responded: HTTP/1.1 205 OK
Jan 02, 2022 6:25:00 AM com.squareup.okhttp.mockwebserver.MockWebServer$3 acceptConnections
INFO: MockWebServer[58039] done accepting connections: Socket closed
Jan 02, 2022 6:25:00 AM com.squareup.okhttp.mockwebserver.MockWebServer$3 execute
INFO: MockWebServer[36345] starting to accept connections
Jan 02, 2022 6:25:00 AM com.squareup.okhttp.mockwebserver.MockWebServer$4 processOneRequest
INFO: MockWebServer[36345] received request: GET / HTTP/1.1 and responded: HTTP/1.1 206 OK
Jan 02, 2022 6:25:00 AM com.squareup.okhttp.mockwebserver.MockWebServer$3 acceptConnections
INFO: MockWebServer[36345] done accepting connections: Socket closed
Jan 02, 2022 6:25:00 AM com.squareup.okhttp.mockwebserver.MockWebServer$3 execute
INFO: MockWebServer[51973] starting to accept connections
Jan 02, 2022 6:25:00 AM com.squareup.okhttp.mockwebserver.MockWebServer$4 processOneRequest
INFO: MockWebServer[51973] received request: GET / HTTP/1.1 and responded: HTTP/1.1 207 OK
Jan 02, 2022 6:25:00 AM com.squareup.okhttp.mockwebserver.MockWebServer$3 acceptConnections
INFO: MockWebServer[51973] done accepting connections: Socket closed
Jan 02, 2022 6:25:00 AM com.squareup.okhttp.mockwebserver.MockWebServer$3 execute
INFO: MockWebServer[34593] starting to accept connections
Jan 02, 2022 6:25:00 AM com.squareup.okhttp.mockwebserver.MockWebServer$4 processOneRequest
INFO: MockWebServer[34593] received request: GET / HTTP/1.1 and responded: HTTP/1.1 300 OK
Jan 02, 2022 6:25:00 AM com.squareup.okhttp.mockwebserver.MockWebServer$3 acceptConnections
INFO: MockWebServer[34593] done accepting connections: Socket closed
Jan 02, 2022 6:25:00 AM com.squareup.okhttp.mockwebserver.MockWebServer$3 execute
INFO: MockWebServer[35119] starting to accept connections
Jan 02, 2022 6:25:00 AM com.squareup.okhttp.mockwebserver.MockWebServer$4 processOneRequest
INFO: MockWebServer[35119] received request: GET / HTTP/1.1 and responded: HTTP/1.1 301 OK
Jan 02, 2022 6:25:00 AM com.squareup.okhttp.mockwebserver.MockWebServer$3 acceptConnections
INFO: MockWebServer[35119] done accepting connections: Socket closed
Jan 02, 2022 6:25:00 AM com.squareup.okhttp.mockwebserver.MockWebServer$3 execute
INFO: MockWebServer[46163] starting to accept connections
Jan 02, 2022 6:25:00 AM com.squareup.okhttp.mockwebserver.MockWebServer$4 processOneRequest
INFO: MockWebServer[46163] received request: GET / HTTP/1.1 and responded: HTTP/1.1 302 OK
Jan 02, 2022 6:25:00 AM com.squareup.okhttp.mockwebserver.MockWebServer$3 acceptConnections
INFO: MockWebServer[46163] done accepting connections: Socket closed
Jan 02, 2022 6:25:00 AM com.squareup.okhttp.mockwebserver.MockWebServer$3 execute
INFO: MockWebServer[34995] starting to accept connections
Jan 02, 2022 6:25:00 AM com.squareup.okhttp.mockwebserver.MockWebServer$4 processOneRequest
INFO: MockWebServer[34995] received request: GET / HTTP/1.1 and responded: HTTP/1.1 303 OK
Jan 02, 2022 6:25:00 AM com.squareup.okhttp.mockwebserver.MockWebServer$3 acceptConnections
INFO: MockWebServer[34995] done accepting connections: Socket closed
Jan 02, 2022 6:25:00 AM com.squareup.okhttp.mockwebserver.MockWebServer$3 execute
INFO: MockWebServer[38293] starting to accept connections
Jan 02, 2022 6:25:00 AM com.squareup.okhttp.mockwebserver.MockWebServer$4 processOneRequest
INFO: MockWebServer[38293] received request: GET / HTTP/1.1 and responded: HTTP/1.1 304 OK
Jan 02, 2022 6:25:00 AM com.squareup.okhttp.mockwebserver.MockWebServer$3 acceptConnections
INFO: MockWebServer[38293] done accepting connections: Socket closed
Jan 02, 2022 6:25:00 AM com.squareup.okhttp.mockwebserver.MockWebServer$3 execute
INFO: MockWebServer[58629] starting to accept connections
Jan 02, 2022 6:25:00 AM com.squareup.okhttp.mockwebserver.MockWebServer$4 processOneRequest
INFO: MockWebServer[58629] received request: GET / HTTP/1.1 and responded: HTTP/1.1 305 OK
Jan 02, 2022 6:25:00 AM com.squareup.okhttp.mockwebserver.MockWebServer$3 acceptConnections
INFO: MockWebServer[58629] done accepting connections: Socket closed
Jan 02, 2022 6:25:00 AM com.squareup.okhttp.mockwebserver.MockWebServer$3 execute
INFO: MockWebServer[34941] starting to accept connections
Jan 02, 2022 6:25:00 AM com.squareup.okhttp.mockwebserver.MockWebServer$4 processOneRequest
INFO: MockWebServer[34941] received request: GET / HTTP/1.1 and responded: HTTP/1.1 306 OK
Jan 02, 2022 6:25:00 AM com.squareup.okhttp.mockwebserver.MockWebServer$3 acceptConnections
INFO: MockWebServer[34941] done accepting connections: Socket closed
Jan 02, 2022 6:25:00 AM com.squareup.okhttp.mockwebserver.MockWebServer$3 execute
INFO: MockWebServer[54805] starting to accept connections
Jan 02, 2022 6:25:00 AM com.squareup.okhttp.mockwebserver.MockWebServer$4 processOneRequest
INFO: MockWebServer[54805] received request: GET / HTTP/1.1 and responded: HTTP/1.1 307 OK
Jan 02, 2022 6:25:00 AM com.squareup.okhttp.mockwebserver.MockWebServer$3 acceptConnections
INFO: MockWebServer[54805] done accepting connections: Socket closed
Jan 02, 2022 6:25:00 AM com.squareup.okhttp.mockwebserver.MockWebServer$3 execute
INFO: MockWebServer[48259] starting to accept connections
Jan 02, 2022 6:25:00 AM com.squareup.okhttp.mockwebserver.MockWebServer$4 processOneRequest
INFO: MockWebServer[48259] received request: GET / HTTP/1.1 and responded: HTTP/1.1 308 OK
Jan 02, 2022 6:25:00 AM com.squareup.okhttp.mockwebserver.MockWebServer$3 acceptConnections
INFO: MockWebServer[48259] done accepting connections: Socket closed
Jan 02, 2022 6:25:00 AM com.squareup.okhttp.mockwebserver.MockWebServer$3 execute
INFO: MockWebServer[57749] starting to accept connections
Jan 02, 2022 6:25:00 AM com.squareup.okhttp.mockwebserver.MockWebServer$4 processOneRequest
INFO: MockWebServer[57749] received request: GET / HTTP/1.1 and responded: HTTP/1.1 400 OK
Jan 02, 2022 6:25:00 AM com.squareup.okhttp.mockwebserver.MockWebServer$3 acceptConnections
INFO: MockWebServer[57749] done accepting connections: Socket closed
Jan 02, 2022 6:25:00 AM com.squareup.okhttp.mockwebserver.MockWebServer$3 execute
INFO: MockWebServer[38591] starting to accept connections
Jan 02, 2022 6:25:00 AM com.squareup.okhttp.mockwebserver.MockWebServer$4 processOneRequest
INFO: MockWebServer[38591] received request: GET / HTTP/1.1 and responded: HTTP/1.1 401 OK
Jan 02, 2022 6:25:00 AM com.squareup.okhttp.mockwebserver.MockWebServer$3 acceptConnections
INFO: MockWebServer[38591] done accepting connections: Socket closed
Jan 02, 2022 6:25:00 AM com.squareup.okhttp.mockwebserver.MockWebServer$3 execute
INFO: MockWebServer[40435] starting to accept connections
Jan 02, 2022 6:25:00 AM com.squareup.okhttp.mockwebserver.MockWebServer$4 processOneRequest
INFO: MockWebServer[40435] received request: GET / HTTP/1.1 and responded: HTTP/1.1 402 OK
Jan 02, 2022 6:25:00 AM com.squareup.okhttp.mockwebserver.MockWebServer$3 acceptConnections
INFO: MockWebServer[40435] done accepting connections: Socket closed
Jan 02, 2022 6:25:00 AM com.squareup.okhttp.mockwebserver.MockWebServer$3 execute
INFO: MockWebServer[56547] starting to accept connections
Jan 02, 2022 6:25:00 AM com.squareup.okhttp.mockwebserver.MockWebServer$4 processOneRequest
INFO: MockWebServer[56547] received request: GET / HTTP/1.1 and responded: HTTP/1.1 403 OK
Jan 02, 2022 6:25:00 AM com.squareup.okhttp.mockwebserver.MockWebServer$3 acceptConnections
INFO: MockWebServer[56547] done accepting connections: Socket closed
Jan 02, 2022 6:25:00 AM com.squareup.okhttp.mockwebserver.MockWebServer$3 execute
INFO: MockWebServer[54217] starting to accept connections
Jan 02, 2022 6:25:00 AM com.squareup.okhttp.mockwebserver.MockWebServer$4 processOneRequest
INFO: MockWebServer[54217] received request: GET / HTTP/1.1 and responded: HTTP/1.1 404 OK
Jan 02, 2022 6:25:00 AM com.squareup.okhttp.mockwebserver.MockWebServer$3 acceptConnections
INFO: MockWebServer[54217] done accepting connections: Socket closed
Jan 02, 2022 6:25:00 AM com.squareup.okhttp.mockwebserver.MockWebServer$3 execute
INFO: MockWebServer[41271] starting to accept connections
Jan 02, 2022 6:25:00 AM com.squareup.okhttp.mockwebserver.MockWebServer$4 processOneRequest
INFO: MockWebServer[41271] received request: GET / HTTP/1.1 and responded: HTTP/1.1 405 OK
Jan 02, 2022 6:25:00 AM com.squareup.okhttp.mockwebserver.MockWebServer$3 acceptConnections
INFO: MockWebServer[41271] done accepting connections: Socket closed
Jan 02, 2022 6:25:00 AM com.squareup.okhttp.mockwebserver.MockWebServer$3 execute
INFO: MockWebServer[37803] starting to accept connections
Jan 02, 2022 6:25:00 AM com.squareup.okhttp.mockwebserver.MockWebServer$4 processOneRequest
INFO: MockWebServer[37803] received request: GET / HTTP/1.1 and responded: HTTP/1.1 406 OK
Jan 02, 2022 6:25:00 AM com.squareup.okhttp.mockwebserver.MockWebServer$3 acceptConnections
INFO: MockWebServer[37803] done accepting connections: Socket closed
Jan 02, 2022 6:25:00 AM com.squareup.okhttp.mockwebserver.MockWebServer$3 execute
INFO: MockWebServer[35879] starting to accept connections
Jan 02, 2022 6:25:00 AM com.squareup.okhttp.mockwebserver.MockWebServer$4 processOneRequest
INFO: MockWebServer[35879] received request: GET / HTTP/1.1 and responded: HTTP/1.1 408 OK
Jan 02, 2022 6:25:00 AM com.squareup.okhttp.mockwebserver.MockWebServer$3 acceptConnections
INFO: MockWebServer[35879] done accepting connections: Socket closed
Jan 02, 2022 6:25:00 AM com.squareup.okhttp.mockwebserver.MockWebServer$3 execute
INFO: MockWebServer[49293] starting to accept connections
Jan 02, 2022 6:25:00 AM com.squareup.okhttp.mockwebserver.MockWebServer$4 processOneRequest
INFO: MockWebServer[49293] received request: GET / HTTP/1.1 and responded: HTTP/1.1 409 OK
Jan 02, 2022 6:25:00 AM com.squareup.okhttp.mockwebserver.MockWebServer$3 acceptConnections
INFO: MockWebServer[49293] done accepting connections: Socket closed
Jan 02, 2022 6:25:00 AM com.squareup.okhttp.mockwebserver.MockWebServer$3 execute
INFO: MockWebServer[48297] starting to accept connections
Jan 02, 2022 6:25:00 AM com.squareup.okhttp.mockwebserver.MockWebServer$4 processOneRequest
INFO: MockWebServer[48297] received request: GET / HTTP/1.1 and responded: HTTP/1.1 410 OK
Jan 02, 2022 6:25:00 AM com.squareup.okhttp.mockwebserver.MockWebServer$3 acceptConnections
INFO: MockWebServer[48297] done accepting connections: Socket closed
Jan 02, 2022 6:25:00 AM com.squareup.okhttp.mockwebserver.MockWebServer$3 execute
INFO: MockWebServer[59905] starting to accept connections
Jan 02, 2022 6:25:00 AM com.squareup.okhttp.mockwebserver.MockWebServer$4 processOneRequest
INFO: MockWebServer[59905] received request: GET / HTTP/1.1 and responded: HTTP/1.1 411 OK
Jan 02, 2022 6:25:00 AM com.squareup.okhttp.mockwebserver.MockWebServer$3 acceptConnections
INFO: MockWebServer[59905] done accepting connections: Socket closed
Jan 02, 2022 6:25:00 AM com.squareup.okhttp.mockwebserver.MockWebServer$3 execute
INFO: MockWebServer[51319] starting to accept connections
Jan 02, 2022 6:25:00 AM com.squareup.okhttp.mockwebserver.MockWebServer$4 processOneRequest
INFO: MockWebServer[51319] received request: GET / HTTP/1.1 and responded: HTTP/1.1 412 OK
Jan 02, 2022 6:25:00 AM com.squareup.okhttp.mockwebserver.MockWebServer$3 acceptConnections
INFO: MockWebServer[51319] done accepting connections: Socket closed
Jan 02, 2022 6:25:00 AM com.squareup.okhttp.mockwebserver.MockWebServer$3 execute
INFO: MockWebServer[57333] starting to accept connections
Jan 02, 2022 6:25:00 AM com.squareup.okhttp.mockwebserver.MockWebServer$4 processOneRequest
INFO: MockWebServer[57333] received request: GET / HTTP/1.1 and responded: HTTP/1.1 413 OK
Jan 02, 2022 6:25:00 AM com.squareup.okhttp.mockwebserver.MockWebServer$3 acceptConnections
INFO: MockWebServer[57333] done accepting connections: Socket closed
Jan 02, 2022 6:25:00 AM com.squareup.okhttp.mockwebserver.MockWebServer$3 execute
INFO: MockWebServer[60777] starting to accept connections
Jan 02, 2022 6:25:00 AM com.squareup.okhttp.mockwebserver.MockWebServer$4 processOneRequest
INFO: MockWebServer[60777] received request: GET / HTTP/1.1 and responded: HTTP/1.1 414 OK
Jan 02, 2022 6:25:00 AM com.squareup.okhttp.mockwebserver.MockWebServer$3 acceptConnections
INFO: MockWebServer[60777] done accepting connections: Socket closed
Jan 02, 2022 6:25:00 AM com.squareup.okhttp.mockwebserver.MockWebServer$3 execute
INFO: MockWebServer[58549] starting to accept connections
Jan 02, 2022 6:25:00 AM com.squareup.okhttp.mockwebserver.MockWebServer$4 processOneRequest
INFO: MockWebServer[58549] received request: GET / HTTP/1.1 and responded: HTTP/1.1 415 OK
Jan 02, 2022 6:25:00 AM com.squareup.okhttp.mockwebserver.MockWebServer$3 acceptConnections
INFO: MockWebServer[58549] done accepting connections: Socket closed
Jan 02, 2022 6:25:00 AM com.squareup.okhttp.mockwebserver.MockWebServer$3 execute
INFO: MockWebServer[34947] starting to accept connections
Jan 02, 2022 6:25:00 AM com.squareup.okhttp.mockwebserver.MockWebServer$4 processOneRequest
INFO: MockWebServer[34947] received request: GET / HTTP/1.1 and responded: HTTP/1.1 416 OK
Jan 02, 2022 6:25:00 AM com.squareup.okhttp.mockwebserver.MockWebServer$3 acceptConnections
INFO: MockWebServer[34947] done accepting connections: Socket closed
Jan 02, 2022 6:25:00 AM com.squareup.okhttp.mockwebserver.MockWebServer$3 execute
INFO: MockWebServer[55265] starting to accept connections
Jan 02, 2022 6:25:00 AM com.squareup.okhttp.mockwebserver.MockWebServer$4 processOneRequest
INFO: MockWebServer[55265] received request: GET / HTTP/1.1 and responded: HTTP/1.1 417 OK
Jan 02, 2022 6:25:00 AM com.squareup.okhttp.mockwebserver.MockWebServer$3 acceptConnections
INFO: MockWebServer[55265] done accepting connections: Socket closed
Jan 02, 2022 6:25:00 AM com.squareup.okhttp.mockwebserver.MockWebServer$3 execute
INFO: MockWebServer[38451] starting to accept connections
Jan 02, 2022 6:25:00 AM com.squareup.okhttp.mockwebserver.MockWebServer$4 processOneRequest
INFO: MockWebServer[38451] received request: GET / HTTP/1.1 and responded: HTTP/1.1 418 OK
Jan 02, 2022 6:25:00 AM com.squareup.okhttp.mockwebserver.MockWebServer$3 acceptConnections
INFO: MockWebServer[38451] done accepting connections: Socket closed
Jan 02, 2022 6:25:00 AM com.squareup.okhttp.mockwebserver.MockWebServer$3 execute
INFO: MockWebServer[35409] starting to accept connections
Jan 02, 2022 6:25:00 AM com.squareup.okhttp.mockwebserver.MockWebServer$4 processOneRequest
INFO: MockWebServer[35409] received request: GET / HTTP/1.1 and responded: HTTP/1.1 500 OK
Jan 02, 2022 6:25:00 AM com.squareup.okhttp.mockwebserver.MockWebServer$3 acceptConnections
INFO: MockWebServer[35409] done accepting connections: Socket closed
Jan 02, 2022 6:25:00 AM com.squareup.okhttp.mockwebserver.MockWebServer$3 execute
INFO: MockWebServer[55615] starting to accept connections
Jan 02, 2022 6:25:00 AM com.squareup.okhttp.mockwebserver.MockWebServer$4 processOneRequest
INFO: MockWebServer[55615] received request: GET / HTTP/1.1 and responded: HTTP/1.1 501 OK
Jan 02, 2022 6:25:00 AM com.squareup.okhttp.mockwebserver.MockWebServer$3 acceptConnections
INFO: MockWebServer[55615] done accepting connections: Socket closed
Jan 02, 2022 6:25:00 AM com.squareup.okhttp.mockwebserver.MockWebServer$3 execute
INFO: MockWebServer[58651] starting to accept connections
Jan 02, 2022 6:25:00 AM com.squareup.okhttp.mockwebserver.MockWebServer$4 processOneRequest
INFO: MockWebServer[58651] received request: GET / HTTP/1.1 and responded: HTTP/1.1 502 OK
Jan 02, 2022 6:25:00 AM com.squareup.okhttp.mockwebserver.MockWebServer$3 acceptConnections
INFO: MockWebServer[58651] done accepting connections: Socket closed
Jan 02, 2022 6:25:00 AM com.squareup.okhttp.mockwebserver.MockWebServer$3 execute
INFO: MockWebServer[54413] starting to accept connections
Jan 02, 2022 6:25:00 AM com.squareup.okhttp.mockwebserver.MockWebServer$4 processOneRequest
INFO: MockWebServer[54413] received request: GET / HTTP/1.1 and responded: HTTP/1.1 503 OK
Jan 02, 2022 6:25:00 AM com.squareup.okhttp.mockwebserver.MockWebServer$3 acceptConnections
INFO: MockWebServer[54413] done accepting connections: Socket closed
Jan 02, 2022 6:25:00 AM com.squareup.okhttp.mockwebserver.MockWebServer$3 execute
INFO: MockWebServer[59425] starting to accept connections
Jan 02, 2022 6:25:00 AM com.squareup.okhttp.mockwebserver.MockWebServer$4 processOneRequest
INFO: MockWebServer[59425] received request: GET / HTTP/1.1 and responded: HTTP/1.1 504 OK
Jan 02, 2022 6:25:00 AM com.squareup.okhttp.mockwebserver.MockWebServer$3 acceptConnections
INFO: MockWebServer[59425] done accepting connections: Socket closed
Jan 02, 2022 6:25:00 AM com.squareup.okhttp.mockwebserver.MockWebServer$3 execute
INFO: MockWebServer[38955] starting to accept connections
Jan 02, 2022 6:25:00 AM com.squareup.okhttp.mockwebserver.MockWebServer$4 processOneRequest
INFO: MockWebServer[38955] received request: GET / HTTP/1.1 and responded: HTTP/1.1 505 OK
Jan 02, 2022 6:25:00 AM com.squareup.okhttp.mockwebserver.MockWebServer$3 acceptConnections
INFO: MockWebServer[38955] done accepting connections: Socket closed
Jan 02, 2022 6:25:00 AM com.squareup.okhttp.mockwebserver.MockWebServer$3 execute
INFO: MockWebServer[35261] starting to accept connections
Jan 02, 2022 6:25:00 AM com.squareup.okhttp.mockwebserver.MockWebServer$4 processOneRequest
INFO: MockWebServer[35261] received request: GET / HTTP/1.1 and responded: HTTP/1.1 506 OK
Jan 02, 2022 6:25:00 AM com.squareup.okhttp.mockwebserver.MockWebServer$3 acceptConnections
INFO: MockWebServer[35261] done accepting connections: Socket closed
Jan 02, 2022 6:25:00 AM com.squareup.okhttp.mockwebserver.MockWebServer$3 acceptConnections
INFO: MockWebServer[50247] done accepting connections: Socket closed
Jan 02, 2022 6:25:00 AM com.squareup.okhttp.mockwebserver.MockWebServer$3 acceptConnections
INFO: MockWebServer[32903] done accepting connections: Socket closed
Jan 02, 2022 6:25:00 AM com.squareup.okhttp.mockwebserver.MockWebServer$3 execute
INFO: MockWebServer[56631] starting to accept connections
Jan 02, 2022 6:25:00 AM com.squareup.okhttp.mockwebserver.MockWebServer$3 execute
INFO: MockWebServer[35979] starting to accept connections
Jan 02, 2022 6:25:00 AM com.squareup.okhttp.mockwebserver.MockWebServer$4 processOneRequest
INFO: MockWebServer[35979] received request: GET / HTTP/1.1 and responded: HTTP/1.1 200 OK
Jan 02, 2022 6:25:00 AM com.squareup.okhttp.mockwebserver.MockWebServer$4 processConnection
WARNING: MockWebServer[35979] connection from /127.0.0.1 didn't make a request
Jan 02, 2022 6:25:00 AM com.squareup.okhttp.mockwebserver.MockWebServer$4 processOneRequest
INFO: MockWebServer[35979] received request: GET / HTTP/1.1 and responded: HTTP/1.1 200 OK
Jan 02, 2022 6:25:00 AM com.squareup.okhttp.mockwebserver.MockWebServer$3 acceptConnections
INFO: MockWebServer[35979] done accepting connections: Socket closed
Jan 02, 2022 6:25:00 AM com.squareup.okhttp.mockwebserver.MockWebServer$3 acceptConnections
INFO: MockWebServer[56631] done accepting connections: Socket closed
Jan 02, 2022 6:25:00 AM com.squareup.okhttp.mockwebserver.MockWebServer$3 execute
INFO: MockWebServer[38835] starting to accept connections
Jan 02, 2022 6:25:00 AM com.squareup.okhttp.mockwebserver.MockWebServer$3 execute
INFO: MockWebServer[44649] starting to accept connections
Jan 02, 2022 6:25:00 AM com.squareup.okhttp.mockwebserver.MockWebServer$4 processOneRequest
INFO: MockWebServer[44649] received request: GET / HTTP/1.1 and responded: HTTP/1.1 200 OK
Jan 02, 2022 6:25:00 AM com.squareup.okhttp.mockwebserver.MockWebServer$3 acceptConnections
INFO: MockWebServer[44649] done accepting connections: Socket closed
Jan 02, 2022 6:25:00 AM com.squareup.okhttp.mockwebserver.MockWebServer$3 acceptConnections
INFO: MockWebServer[38835] done accepting connections: Socket closed
Jan 02, 2022 6:25:00 AM com.squareup.okhttp.mockwebserver.MockWebServer$3 execute
INFO: MockWebServer[37345] starting to accept connections
Jan 02, 2022 6:25:00 AM com.squareup.okhttp.mockwebserver.MockWebServer$3 execute
INFO: MockWebServer[56977] starting to accept connections
Jan 02, 2022 6:25:00 AM com.squareup.okhttp.mockwebserver.MockWebServer$4 processOneRequest
INFO: MockWebServer[56977] received request: TRACE / HTTP/1.1 and responded: HTTP/1.1 200 OK
Jan 02, 2022 6:25:00 AM com.squareup.okhttp.mockwebserver.MockWebServer$4 processOneRequest
INFO: MockWebServer[56977] received request: GET / HTTP/1.1 and responded: HTTP/1.1 200 OK
Jan 02, 2022 6:25:00 AM com.squareup.okhttp.mockwebserver.MockWebServer$3 acceptConnections
INFO: MockWebServer[56977] done accepting connections: Socket closed
Jan 02, 2022 6:25:00 AM com.squareup.okhttp.mockwebserver.MockWebServer$3 acceptConnections
INFO: MockWebServer[37345] done accepting connections: Socket closed
Jan 02, 2022 6:25:00 AM com.squareup.okhttp.mockwebserver.MockWebServer$3 execute
INFO: MockWebServer[51395] starting to accept connections
Jan 02, 2022 6:25:00 AM com.squareup.okhttp.mockwebserver.MockWebServer$3 execute
INFO: MockWebServer[37559] starting to accept connections
Jan 02, 2022 6:25:00 AM com.squareup.okhttp.mockwebserver.MockWebServer$4 processOneRequest
INFO: MockWebServer[37559] received request: DELETE / HTTP/1.1 and responded: HTTP/1.1 200 OK
Jan 02, 2022 6:25:00 AM com.squareup.okhttp.mockwebserver.MockWebServer$4 processOneRequest
INFO: MockWebServer[37559] received request: GET / HTTP/1.1 and responded: HTTP/1.1 200 OK
Jan 02, 2022 6:25:00 AM com.squareup.okhttp.mockwebserver.MockWebServer$3 acceptConnections
INFO: MockWebServer[37559] done accepting connections: Socket closed
Jan 02, 2022 6:25:00 AM com.squareup.okhttp.mockwebserver.MockWebServer$3 acceptConnections
INFO: MockWebServer[51395] done accepting connections: Socket closed
Jan 02, 2022 6:25:00 AM com.squareup.okhttp.mockwebserver.MockWebServer$3 execute
INFO: MockWebServer[53041] starting to accept connections
Jan 02, 2022 6:25:00 AM com.squareup.okhttp.mockwebserver.MockWebServer$3 execute
INFO: MockWebServer[35079] starting to accept connections
Jan 02, 2022 6:25:00 AM com.squareup.okhttp.mockwebserver.MockWebServer$4 processOneRequest
INFO: MockWebServer[35079] received request: GET / HTTP/1.1 and responded: HTTP/1.1 200 OK
Jan 02, 2022 6:25:00 AM com.squareup.okhttp.mockwebserver.MockWebServer$3 acceptConnections
INFO: MockWebServer[35079] done accepting connections: Socket closed
Jan 02, 2022 6:25:00 AM com.squareup.okhttp.mockwebserver.MockWebServer$3 acceptConnections
INFO: MockWebServer[53041] done accepting connections: Socket closed
Jan 02, 2022 6:25:00 AM com.squareup.okhttp.mockwebserver.MockWebServer$3 execute
INFO: MockWebServer[48365] starting to accept connections
Jan 02, 2022 6:25:00 AM com.squareup.okhttp.mockwebserver.MockWebServer$3 execute
INFO: MockWebServer[51407] starting to accept connections
Jan 02, 2022 6:25:00 AM com.squareup.okhttp.mockwebserver.MockWebServer$4 processOneRequest
INFO: MockWebServer[51407] received request: GET / HTTP/1.1 and responded: HTTP/1.1 200 OK
Jan 02, 2022 6:25:00 AM com.squareup.okhttp.mockwebserver.MockWebServer$4 processOneRequest
INFO: MockWebServer[51407] received request: GET / HTTP/1.1 and responded: HTTP/1.1 304 OK
Jan 02, 2022 6:25:00 AM com.squareup.okhttp.mockwebserver.MockWebServer$3 acceptConnections
INFO: MockWebServer[51407] done accepting connections: Socket closed
Jan 02, 2022 6:25:00 AM com.squareup.okhttp.mockwebserver.MockWebServer$3 acceptConnections
INFO: MockWebServer[48365] done accepting connections: Socket closed
Jan 02, 2022 6:25:00 AM com.squareup.okhttp.mockwebserver.MockWebServer$3 execute
INFO: MockWebServer[51801] starting to accept connections
Jan 02, 2022 6:25:00 AM com.squareup.okhttp.mockwebserver.MockWebServer$3 execute
INFO: MockWebServer[44163] starting to accept connections
Jan 02, 2022 6:25:00 AM com.squareup.okhttp.mockwebserver.MockWebServer$4 processOneRequest
INFO: MockWebServer[44163] received request: GET /valid HTTP/1.1 and responded: HTTP/1.1 200 A-OK
Jan 02, 2022 6:25:00 AM com.squareup.okhttp.mockwebserver.MockWebServer$4 processOneRequest
INFO: MockWebServer[44163] received request: GET /valid HTTP/1.1 and responded: HTTP/1.1 304 OK
Jan 02, 2022 6:25:00 AM com.squareup.okhttp.mockwebserver.MockWebServer$4 processOneRequest
INFO: MockWebServer[44163] received request: GET /invalid HTTP/1.1 and responded: HTTP/1.1 200 B-OK
Jan 02, 2022 6:25:00 AM com.squareup.okhttp.mockwebserver.MockWebServer$4 processOneRequest
INFO: MockWebServer[44163] received request: GET /invalid HTTP/1.1 and responded: HTTP/1.1 200 C-OK
Jan 02, 2022 6:25:00 AM com.squareup.okhttp.mockwebserver.MockWebServer$3 acceptConnections
INFO: MockWebServer[44163] done accepting connections: Socket closed
Jan 02, 2022 6:25:00 AM com.squareup.okhttp.mockwebserver.MockWebServer$3 acceptConnections
INFO: MockWebServer[51801] done accepting connections: Socket closed
Jan 02, 2022 6:25:00 AM com.squareup.okhttp.mockwebserver.MockWebServer$3 execute
INFO: MockWebServer[48123] starting to accept connections
Jan 02, 2022 6:25:00 AM com.squareup.okhttp.mockwebserver.MockWebServer$3 execute
INFO: MockWebServer[52271] starting to accept connections
Jan 02, 2022 6:25:00 AM com.squareup.okhttp.mockwebserver.MockWebServer$4 processOneRequest
INFO: MockWebServer[52271] received request: GET / HTTP/1.1 and responded: HTTP/1.1 200 OK
Jan 02, 2022 6:25:00 AM com.squareup.okhttp.mockwebserver.MockWebServer$3 acceptConnections
INFO: MockWebServer[52271] done accepting connections: Socket closed
Jan 02, 2022 6:25:00 AM com.squareup.okhttp.mockwebserver.MockWebServer$3 acceptConnections
INFO: MockWebServer[48123] done accepting connections: Socket closed
Jan 02, 2022 6:25:00 AM com.squareup.okhttp.mockwebserver.MockWebServer$3 execute
INFO: MockWebServer[44805] starting to accept connections
Jan 02, 2022 6:25:00 AM com.squareup.okhttp.mockwebserver.MockWebServer$3 execute
INFO: MockWebServer[36089] starting to accept connections
Jan 02, 2022 6:25:00 AM com.squareup.okhttp.mockwebserver.MockWebServer$4 processOneRequest
INFO: MockWebServer[36089] received request: GET / HTTP/1.1 and responded: HTTP/1.1 200 Fantastic
Jan 02, 2022 6:25:00 AM com.squareup.okhttp.mockwebserver.MockWebServer$3 acceptConnections
INFO: MockWebServer[36089] done accepting connections: Socket closed
Jan 02, 2022 6:25:00 AM com.squareup.okhttp.mockwebserver.MockWebServer$3 acceptConnections
INFO: MockWebServer[44805] done accepting connections: Socket closed
Jan 02, 2022 6:25:00 AM com.squareup.okhttp.mockwebserver.MockWebServer$3 execute
INFO: MockWebServer[46353] starting to accept connections
Jan 02, 2022 6:25:00 AM com.squareup.okhttp.mockwebserver.MockWebServer$3 execute
INFO: MockWebServer[41075] starting to accept connections
Jan 02, 2022 6:25:00 AM com.squareup.okhttp.mockwebserver.MockWebServer$4 processOneRequest
INFO: MockWebServer[41075] received request: GET / HTTP/1.1 and responded: HTTP/1.1 301 OK
Jan 02, 2022 6:25:00 AM com.squareup.okhttp.mockwebserver.MockWebServer$4 processOneRequest
INFO: MockWebServer[41075] received request: GET /foo HTTP/1.1 and responded: HTTP/1.1 200 OK
Jan 02, 2022 6:25:00 AM com.squareup.okhttp.mockwebserver.MockWebServer$3 acceptConnections
INFO: MockWebServer[41075] done accepting connections: Socket closed
Jan 02, 2022 6:25:00 AM com.squareup.okhttp.mockwebserver.MockWebServer$3 acceptConnections
INFO: MockWebServer[46353] done accepting connections: Socket closed
Jan 02, 2022 6:25:00 AM com.squareup.okhttp.mockwebserver.MockWebServer$3 execute
INFO: MockWebServer[49209] starting to accept connections
Jan 02, 2022 6:25:00 AM com.squareup.okhttp.mockwebserver.MockWebServer$3 execute
INFO: MockWebServer[60743] starting to accept connections
Jan 02, 2022 6:25:00 AM com.squareup.okhttp.mockwebserver.MockWebServer$4 processOneRequest
INFO: MockWebServer[60743] received request: GET / HTTP/1.1 and responded: HTTP/1.1 200 OK
Jan 02, 2022 6:25:00 AM com.squareup.okhttp.mockwebserver.MockWebServer$3 acceptConnections
INFO: MockWebServer[60743] done accepting connections: Socket closed
Jan 02, 2022 6:25:00 AM com.squareup.okhttp.mockwebserver.MockWebServer$3 acceptConnections
INFO: MockWebServer[49209] done accepting connections: Socket closed
Jan 02, 2022 6:25:00 AM com.squareup.okhttp.mockwebserver.MockWebServer$3 execute
INFO: MockWebServer[47517] starting to accept connections
Jan 02, 2022 6:25:00 AM com.squareup.okhttp.mockwebserver.MockWebServer$3 execute
INFO: MockWebServer[52011] starting to accept connections
Jan 02, 2022 6:25:00 AM com.squareup.okhttp.mockwebserver.MockWebServer$4 processOneRequest
INFO: MockWebServer[47517] received request: GET / HTTP/1.1 and responded: HTTP/1.1 200 OK
Jan 02, 2022 6:25:00 AM com.squareup.okhttp.mockwebserver.MockWebServer$3 acceptConnections
INFO: MockWebServer[47517] done accepting connections: Socket closed
Jan 02, 2022 6:25:00 AM com.squareup.okhttp.mockwebserver.MockWebServer$3 acceptConnections
INFO: MockWebServer[52011] done accepting connections: Socket closed
Jan 02, 2022 6:25:00 AM com.squareup.okhttp.mockwebserver.MockWebServer$3 execute
INFO: MockWebServer[60823] starting to accept connections
Jan 02, 2022 6:25:00 AM com.squareup.okhttp.mockwebserver.MockWebServer$3 execute
INFO: MockWebServer[34093] starting to accept connections
Jan 02, 2022 6:25:00 AM com.squareup.okhttp.mockwebserver.MockWebServer$4 processOneRequest
INFO: MockWebServer[60823] received request: GET / HTTP/1.1 and responded: HTTP/1.1 200 OK
Jan 02, 2022 6:25:00 AM com.squareup.okhttp.mockwebserver.MockWebServer$3 acceptConnections
INFO: MockWebServer[60823] done accepting connections: Socket closed
Jan 02, 2022 6:25:00 AM com.squareup.okhttp.mockwebserver.MockWebServer$3 acceptConnections
INFO: MockWebServer[34093] done accepting connections: Socket closed
Jan 02, 2022 6:25:00 AM com.squareup.okhttp.mockwebserver.MockWebServer$3 execute
INFO: MockWebServer[54107] starting to accept connections
Jan 02, 2022 6:25:00 AM com.squareup.okhttp.mockwebserver.MockWebServer$3 execute
INFO: MockWebServer[37095] starting to accept connections
Jan 02, 2022 6:25:00 AM com.squareup.okhttp.mockwebserver.MockWebServer$4 processOneRequest
INFO: MockWebServer[37095] received request: GET / HTTP/1.1 and responded: HTTP/1.1 200 OK
Jan 02, 2022 6:25:00 AM com.squareup.okhttp.mockwebserver.MockWebServer$4 processOneRequest
INFO: MockWebServer[37095] received request: POST / HTTP/1.1 and responded: HTTP/1.1 500 OK
Jan 02, 2022 6:25:00 AM com.squareup.okhttp.mockwebserver.MockWebServer$4 processOneRequest
INFO: MockWebServer[37095] received request: GET / HTTP/1.1 and responded: HTTP/1.1 200 OK
Jan 02, 2022 6:25:00 AM com.squareup.okhttp.mockwebserver.MockWebServer$3 acceptConnections
INFO: MockWebServer[37095] done accepting connections: Socket closed
Jan 02, 2022 6:25:00 AM com.squareup.okhttp.mockwebserver.MockWebServer$3 acceptConnections
INFO: MockWebServer[54107] done accepting connections: Socket closed
Jan 02, 2022 6:25:00 AM com.squareup.okhttp.mockwebserver.MockWebServer$3 execute
INFO: MockWebServer[57417] starting to accept connections
Jan 02, 2022 6:25:00 AM com.squareup.okhttp.mockwebserver.MockWebServer$3 execute
INFO: MockWebServer[37101] starting to accept connections
Jan 02, 2022 6:25:00 AM com.squareup.okhttp.mockwebserver.MockWebServer$4 processOneRequest
INFO: MockWebServer[37101] received request: GET / HTTP/1.1 and responded: HTTP/1.1 200 OK
Jan 02, 2022 6:25:00 AM com.squareup.okhttp.mockwebserver.MockWebServer$3 acceptConnections
INFO: MockWebServer[37101] done accepting connections: Socket closed
Jan 02, 2022 6:25:00 AM com.squareup.okhttp.mockwebserver.MockWebServer$3 acceptConnections
INFO: MockWebServer[57417] done accepting connections: Socket closed
Jan 02, 2022 6:25:00 AM com.squareup.okhttp.mockwebserver.MockWebServer$3 execute
INFO: MockWebServer[47673] starting to accept connections
Jan 02, 2022 6:25:00 AM com.squareup.okhttp.mockwebserver.MockWebServer$3 execute
INFO: MockWebServer[51259] starting to accept connections
Jan 02, 2022 6:25:00 AM com.squareup.okhttp.mockwebserver.MockWebServer$4 processOneRequest
INFO: MockWebServer[51259] received request: GET / HTTP/1.1 and responded: HTTP/1.1 301 OK
Jan 02, 2022 6:25:00 AM com.squareup.okhttp.mockwebserver.MockWebServer$4 processOneRequest
INFO: MockWebServer[51259] received request: GET /foo HTTP/1.1 and responded: HTTP/1.1 200 OK
Jan 02, 2022 6:25:00 AM com.squareup.okhttp.mockwebserver.MockWebServer$3 acceptConnections
INFO: MockWebServer[51259] done accepting connections: Socket closed
Jan 02, 2022 6:25:00 AM com.squareup.okhttp.mockwebserver.MockWebServer$3 acceptConnections
INFO: MockWebServer[47673] done accepting connections: Socket closed
Jan 02, 2022 6:25:00 AM com.squareup.okhttp.mockwebserver.MockWebServer$3 execute
INFO: MockWebServer[33887] starting to accept connections
Jan 02, 2022 6:25:00 AM com.squareup.okhttp.mockwebserver.MockWebServer$3 execute
INFO: MockWebServer[60783] starting to accept connections
Jan 02, 2022 6:25:00 AM com.squareup.okhttp.mockwebserver.MockWebServer$4 processOneRequest
INFO: MockWebServer[60783] received request: GET /valid HTTP/1.1 and responded: HTTP/1.1 200 A-OK
Jan 02, 2022 6:25:00 AM com.squareup.okhttp.mockwebserver.MockWebServer$4 processOneRequest
INFO: MockWebServer[60783] received request: GET /valid HTTP/1.1 and responded: HTTP/1.1 304 OK
Jan 02, 2022 6:25:00 AM com.squareup.okhttp.mockwebserver.MockWebServer$4 processOneRequest
INFO: MockWebServer[60783] received request: GET /invalid HTTP/1.1 and responded: HTTP/1.1 200 B-OK
Jan 02, 2022 6:25:01 AM com.squareup.okhttp.mockwebserver.MockWebServer$4 processOneRequest
INFO: MockWebServer[60783] received request: GET /invalid HTTP/1.1 and responded: HTTP/1.1 200 C-OK
Jan 02, 2022 6:25:01 AM com.squareup.okhttp.mockwebserver.MockWebServer$3 acceptConnections
INFO: MockWebServer[60783] done accepting connections: Socket closed
Jan 02, 2022 6:25:01 AM com.squareup.okhttp.mockwebserver.MockWebServer$3 acceptConnections
INFO: MockWebServer[33887] done accepting connections: Socket closed
Jan 02, 2022 6:25:01 AM com.squareup.okhttp.mockwebserver.MockWebServer$3 execute
INFO: MockWebServer[52383] starting to accept connections
Jan 02, 2022 6:25:01 AM com.squareup.okhttp.mockwebserver.MockWebServer$3 execute
INFO: MockWebServer[46143] starting to accept connections
Jan 02, 2022 6:25:01 AM com.squareup.okhttp.mockwebserver.MockWebServer$4 processOneRequest
INFO: MockWebServer[46143] received request: GET / HTTP/1.1 and responded: HTTP/1.1 200 OK
Jan 02, 2022 6:25:01 AM com.squareup.okhttp.mockwebserver.MockWebServer$3 acceptConnections
INFO: MockWebServer[46143] done accepting connections: Socket closed
Jan 02, 2022 6:25:01 AM com.squareup.okhttp.mockwebserver.MockWebServer$3 acceptConnections
INFO: MockWebServer[52383] done accepting connections: Socket closed
Jan 02, 2022 6:25:01 AM com.squareup.okhttp.mockwebserver.MockWebServer$3 execute
INFO: MockWebServer[57799] starting to accept connections
Jan 02, 2022 6:25:01 AM com.squareup.okhttp.mockwebserver.MockWebServer$3 execute
INFO: MockWebServer[38727] starting to accept connections
Jan 02, 2022 6:25:01 AM com.squareup.okhttp.mockwebserver.MockWebServer$4 processOneRequest
INFO: MockWebServer[38727] received request: GET / HTTP/1.1 and responded: HTTP/1.1 200 OK
Jan 02, 2022 6:25:01 AM com.squareup.okhttp.mockwebserver.MockWebServer$4 processOneRequest
INFO: MockWebServer[38727] received request: GET / HTTP/1.1 and responded: HTTP/1.1 304 OK
Jan 02, 2022 6:25:01 AM com.squareup.okhttp.mockwebserver.MockWebServer$3 acceptConnections
INFO: MockWebServer[38727] done accepting connections: Socket closed
Jan 02, 2022 6:25:01 AM com.squareup.okhttp.mockwebserver.MockWebServer$3 acceptConnections
INFO: MockWebServer[57799] done accepting connections: Socket closed
Jan 02, 2022 6:25:01 AM com.squareup.okhttp.mockwebserver.MockWebServer$3 execute
INFO: MockWebServer[55693] starting to accept connections
Jan 02, 2022 6:25:01 AM com.squareup.okhttp.mockwebserver.MockWebServer$3 execute
INFO: MockWebServer[44403] starting to accept connections
Jan 02, 2022 6:25:01 AM com.squareup.okhttp.mockwebserver.MockWebServer$4 processOneRequest
INFO: MockWebServer[44403] received request: GET / HTTP/1.1 and responded: HTTP/1.1 200 OK
Jan 02, 2022 6:25:01 AM com.squareup.okhttp.mockwebserver.MockWebServer$3 acceptConnections
INFO: MockWebServer[44403] done accepting connections: Socket closed
Jan 02, 2022 6:25:01 AM com.squareup.okhttp.mockwebserver.MockWebServer$3 acceptConnections
INFO: MockWebServer[55693] done accepting connections: Socket closed
Jan 02, 2022 6:25:01 AM com.squareup.okhttp.mockwebserver.MockWebServer$3 execute
INFO: MockWebServer[48359] starting to accept connections
Jan 02, 2022 6:25:01 AM com.squareup.okhttp.mockwebserver.MockWebServer$3 execute
INFO: MockWebServer[52191] starting to accept connections
Jan 02, 2022 6:25:01 AM com.squareup.okhttp.mockwebserver.MockWebServer$4 processOneRequest
INFO: MockWebServer[52191] received request: GET / HTTP/1.1 and responded: HTTP/1.1 200 OK
Jan 02, 2022 6:25:01 AM com.squareup.okhttp.mockwebserver.MockWebServer$3 acceptConnections
INFO: MockWebServer[52191] done accepting connections: Socket closed
Jan 02, 2022 6:25:01 AM com.squareup.okhttp.mockwebserver.MockWebServer$3 acceptConnections
INFO: MockWebServer[48359] done accepting connections: Socket closed
Jan 02, 2022 6:25:01 AM com.squareup.okhttp.mockwebserver.MockWebServer$3 execute
INFO: MockWebServer[49203] starting to accept connections
Jan 02, 2022 6:25:01 AM com.squareup.okhttp.mockwebserver.MockWebServer$3 execute
INFO: MockWebServer[45809] starting to accept connections
Jan 02, 2022 6:25:01 AM com.squareup.okhttp.mockwebserver.MockWebServer$4 processOneRequest
INFO: MockWebServer[45809] received request: GET / HTTP/1.1 and responded: HTTP/1.1 200 OK
Jan 02, 2022 6:25:01 AM com.squareup.okhttp.mockwebserver.MockWebServer$4 processOneRequest
INFO: MockWebServer[45809] received request: GET / HTTP/1.1 and responded: HTTP/1.1 200 OK
Jan 02, 2022 6:25:01 AM com.squareup.okhttp.mockwebserver.MockWebServer$3 acceptConnections
INFO: MockWebServer[45809] done accepting connections: Socket closed
Jan 02, 2022 6:25:01 AM com.squareup.okhttp.mockwebserver.MockWebServer$3 acceptConnections
INFO: MockWebServer[49203] done accepting connections: Socket closed
Jan 02, 2022 6:25:01 AM com.squareup.okhttp.mockwebserver.MockWebServer$3 execute
INFO: MockWebServer[33175] starting to accept connections
Jan 02, 2022 6:25:01 AM com.squareup.okhttp.mockwebserver.MockWebServer$3 execute
INFO: MockWebServer[52373] starting to accept connections
Jan 02, 2022 6:25:01 AM com.squareup.okhttp.mockwebserver.MockWebServer$4 processOneRequest
INFO: MockWebServer[52373] received request: GET / HTTP/1.1 and responded: HTTP/1.1 200 OK
Jan 02, 2022 6:25:01 AM com.squareup.okhttp.mockwebserver.MockWebServer$3 acceptConnections
INFO: MockWebServer[52373] done accepting connections: Socket closed
Jan 02, 2022 6:25:01 AM com.squareup.okhttp.mockwebserver.MockWebServer$3 acceptConnections
INFO: MockWebServer[33175] done accepting connections: Socket closed
Jan 02, 2022 6:25:01 AM com.squareup.okhttp.mockwebserver.MockWebServer$3 execute
INFO: MockWebServer[48217] starting to accept connections
Jan 02, 2022 6:25:01 AM com.squareup.okhttp.mockwebserver.MockWebServer$3 execute
INFO: MockWebServer[41641] starting to accept connections
Jan 02, 2022 6:25:01 AM com.squareup.okhttp.mockwebserver.MockWebServer$4 processOneRequest
INFO: MockWebServer[41641] received request: GET / HTTP/1.1 and responded: HTTP/1.1 200 OK
Jan 02, 2022 6:25:01 AM com.squareup.okhttp.mockwebserver.MockWebServer$3 acceptConnections
INFO: MockWebServer[41641] done accepting connections: Socket closed
Jan 02, 2022 6:25:01 AM com.squareup.okhttp.mockwebserver.MockWebServer$3 acceptConnections
INFO: MockWebServer[48217] done accepting connections: Socket closed
Jan 02, 2022 6:25:01 AM com.squareup.okhttp.mockwebserver.MockWebServer$3 execute
INFO: MockWebServer[49599] starting to accept connections
Jan 02, 2022 6:25:01 AM com.squareup.okhttp.mockwebserver.MockWebServer$3 execute
INFO: MockWebServer[55799] starting to accept connections
Jan 02, 2022 6:25:01 AM com.squareup.okhttp.mockwebserver.MockWebServer$4 processOneRequest
INFO: MockWebServer[55799] received request: GET / HTTP/1.1 and responded: HTTP/1.1 200 OK
Jan 02, 2022 6:25:01 AM com.squareup.okhttp.mockwebserver.MockWebServer$3 acceptConnections
INFO: MockWebServer[55799] done accepting connections: Socket closed
Jan 02, 2022 6:25:01 AM com.squareup.okhttp.mockwebserver.MockWebServer$3 acceptConnections
INFO: MockWebServer[49599] done accepting connections: Socket closed
Jan 02, 2022 6:25:01 AM com.squareup.okhttp.mockwebserver.MockWebServer$3 execute
INFO: MockWebServer[48469] starting to accept connections
Jan 02, 2022 6:25:01 AM com.squareup.okhttp.mockwebserver.MockWebServer$3 execute
INFO: MockWebServer[52295] starting to accept connections
Jan 02, 2022 6:25:01 AM com.squareup.okhttp.mockwebserver.MockWebServer$4 processOneRequest
INFO: MockWebServer[52295] received request: GET / HTTP/1.1 and responded: HTTP/1.1 200 OK
Jan 02, 2022 6:25:01 AM com.squareup.okhttp.mockwebserver.MockWebServer$3 acceptConnections
INFO: MockWebServer[52295] done accepting connections: Socket closed
Jan 02, 2022 6:25:01 AM com.squareup.okhttp.mockwebserver.MockWebServer$3 acceptConnections
INFO: MockWebServer[48469] done accepting connections: Socket closed
Jan 02, 2022 6:25:01 AM com.squareup.okhttp.mockwebserver.MockWebServer$3 execute
INFO: MockWebServer[49601] starting to accept connections
Jan 02, 2022 6:25:01 AM com.squareup.okhttp.mockwebserver.MockWebServer$3 execute
INFO: MockWebServer[51141] starting to accept connections
Jan 02, 2022 6:25:01 AM com.squareup.okhttp.mockwebserver.MockWebServer$4 processOneRequest
INFO: MockWebServer[51141] received request: GET / HTTP/1.1 and responded: HTTP/1.1 200 OK
Jan 02, 2022 6:25:01 AM com.squareup.okhttp.mockwebserver.MockWebServer$3 acceptConnections
INFO: MockWebServer[51141] done accepting connections: Socket closed
Jan 02, 2022 6:25:01 AM com.squareup.okhttp.mockwebserver.MockWebServer$3 acceptConnections
INFO: MockWebServer[49601] done accepting connections: Socket closed
Jan 02, 2022 6:25:01 AM com.squareup.okhttp.mockwebserver.MockWebServer$3 execute
INFO: MockWebServer[41797] starting to accept connections
Jan 02, 2022 6:25:01 AM com.squareup.okhttp.mockwebserver.MockWebServer$3 execute
INFO: MockWebServer[36445] starting to accept connections
Jan 02, 2022 6:25:01 AM com.squareup.okhttp.mockwebserver.MockWebServer$4 processOneRequest
INFO: MockWebServer[36445] received request: GET / HTTP/1.1 and responded: HTTP/1.1 200 OK
Jan 02, 2022 6:25:01 AM com.squareup.okhttp.mockwebserver.MockWebServer$3 acceptConnections
INFO: MockWebServer[36445] done accepting connections: Socket closed
Jan 02, 2022 6:25:01 AM com.squareup.okhttp.mockwebserver.MockWebServer$3 acceptConnections
INFO: MockWebServer[41797] done accepting connections: Socket closed
Jan 02, 2022 6:25:01 AM com.squareup.okhttp.mockwebserver.MockWebServer$3 execute
INFO: MockWebServer[42891] starting to accept connections
Jan 02, 2022 6:25:01 AM com.squareup.okhttp.mockwebserver.MockWebServer$3 execute
INFO: MockWebServer[52579] starting to accept connections
Jan 02, 2022 6:25:01 AM com.squareup.okhttp.mockwebserver.MockWebServer$4 processOneRequest
INFO: MockWebServer[52579] received request: GET / HTTP/1.1 and responded: HTTP/1.1 200 OK
Jan 02, 2022 6:25:01 AM com.squareup.okhttp.mockwebserver.MockWebServer$3 acceptConnections
INFO: MockWebServer[52579] done accepting connections: Socket closed
Jan 02, 2022 6:25:01 AM com.squareup.okhttp.mockwebserver.MockWebServer$3 acceptConnections
INFO: MockWebServer[42891] done accepting connections: Socket closed
Jan 02, 2022 6:25:01 AM com.squareup.okhttp.mockwebserver.MockWebServer$3 execute
INFO: MockWebServer[52561] starting to accept connections
Jan 02, 2022 6:25:01 AM com.squareup.okhttp.mockwebserver.MockWebServer$3 execute
INFO: MockWebServer[55089] starting to accept connections
Jan 02, 2022 6:25:01 AM com.squareup.okhttp.mockwebserver.MockWebServer$4 processOneRequest
INFO: MockWebServer[55089] received request: GET /valid HTTP/1.1 and responded: HTTP/1.1 200 A-OK
Jan 02, 2022 6:25:01 AM com.squareup.okhttp.mockwebserver.MockWebServer$4 processOneRequest
INFO: MockWebServer[55089] received request: GET /valid HTTP/1.1 and responded: HTTP/1.1 304 OK
Jan 02, 2022 6:25:01 AM com.squareup.okhttp.mockwebserver.MockWebServer$4 processOneRequest
INFO: MockWebServer[55089] received request: GET /invalid HTTP/1.1 and responded: HTTP/1.1 200 B-OK
Jan 02, 2022 6:25:01 AM com.squareup.okhttp.mockwebserver.MockWebServer$4 processOneRequest
INFO: MockWebServer[55089] received request: GET /invalid HTTP/1.1 and responded: HTTP/1.1 200 C-OK
Jan 02, 2022 6:25:01 AM com.squareup.okhttp.mockwebserver.MockWebServer$3 acceptConnections
INFO: MockWebServer[55089] done accepting connections: Socket closed
Jan 02, 2022 6:25:01 AM com.squareup.okhttp.mockwebserver.MockWebServer$3 acceptConnections
INFO: MockWebServer[52561] done accepting connections: Socket closed
Jan 02, 2022 6:25:01 AM com.squareup.okhttp.mockwebserver.MockWebServer$3 execute
INFO: MockWebServer[37245] starting to accept connections
Jan 02, 2022 6:25:01 AM com.squareup.okhttp.mockwebserver.MockWebServer$3 execute
INFO: MockWebServer[34247] starting to accept connections
Jan 02, 2022 6:25:01 AM com.squareup.okhttp.mockwebserver.MockWebServer$4 processOneRequest
INFO: MockWebServer[34247] received request: GET / HTTP/1.1 and responded: HTTP/1.1 200 OK
Jan 02, 2022 6:25:01 AM com.squareup.okhttp.mockwebserver.MockWebServer$4 processOneRequest
INFO: MockWebServer[34247] received request: GET / HTTP/1.1 and responded: HTTP/1.1 200 OK
Jan 02, 2022 6:25:01 AM com.squareup.okhttp.mockwebserver.MockWebServer$3 acceptConnections
INFO: MockWebServer[34247] done accepting connections: Socket closed
Jan 02, 2022 6:25:01 AM com.squareup.okhttp.mockwebserver.MockWebServer$3 acceptConnections
INFO: MockWebServer[37245] done accepting connections: Socket closed
Jan 02, 2022 6:25:01 AM com.squareup.okhttp.mockwebserver.MockWebServer$3 execute
INFO: MockWebServer[52715] starting to accept connections
Jan 02, 2022 6:25:01 AM com.squareup.okhttp.mockwebserver.MockWebServer$3 execute
INFO: MockWebServer[44453] starting to accept connections
Jan 02, 2022 6:25:01 AM com.squareup.okhttp.mockwebserver.MockWebServer$4 processOneRequest
INFO: MockWebServer[44453] received request: GET /valid HTTP/1.1 and responded: HTTP/1.1 200 A-OK
Jan 02, 2022 6:25:01 AM com.squareup.okhttp.mockwebserver.MockWebServer$4 processOneRequest
INFO: MockWebServer[44453] received request: GET /valid HTTP/1.1 and responded: HTTP/1.1 304 OK
Jan 02, 2022 6:25:01 AM com.squareup.okhttp.mockwebserver.MockWebServer$4 processOneRequest
INFO: MockWebServer[44453] received request: GET /invalid HTTP/1.1 and responded: HTTP/1.1 200 B-OK
Jan 02, 2022 6:25:01 AM com.squareup.okhttp.mockwebserver.MockWebServer$4 processOneRequest
INFO: MockWebServer[44453] received request: GET /invalid HTTP/1.1 and responded: HTTP/1.1 200 C-OK
Jan 02, 2022 6:25:01 AM com.squareup.okhttp.mockwebserver.MockWebServer$3 acceptConnections
INFO: MockWebServer[44453] done accepting connections: Socket closed
Jan 02, 2022 6:25:01 AM com.squareup.okhttp.mockwebserver.MockWebServer$3 acceptConnections
INFO: MockWebServer[52715] done accepting connections: Socket closed
Jan 02, 2022 6:25:01 AM com.squareup.okhttp.mockwebserver.MockWebServer$3 execute
INFO: MockWebServer[46733] starting to accept connections
Jan 02, 2022 6:25:01 AM com.squareup.okhttp.mockwebserver.MockWebServer$3 execute
INFO: MockWebServer[51443] starting to accept connections
Jan 02, 2022 6:25:01 AM com.squareup.okhttp.mockwebserver.MockWebServer$4 processOneRequest
INFO: MockWebServer[51443] received request: GET / HTTP/1.1 and responded: HTTP/1.1 200 OK
Jan 02, 2022 6:25:01 AM com.squareup.okhttp.mockwebserver.MockWebServer$4 processOneRequest
INFO: MockWebServer[51443] received request: GET / HTTP/1.1 and responded: HTTP/1.1 200 OK
Jan 02, 2022 6:25:01 AM com.squareup.okhttp.mockwebserver.MockWebServer$3 acceptConnections
INFO: MockWebServer[51443] done accepting connections: Socket closed
Jan 02, 2022 6:25:01 AM com.squareup.okhttp.mockwebserver.MockWebServer$3 acceptConnections
INFO: MockWebServer[46733] done accepting connections: Socket closed
Jan 02, 2022 6:25:01 AM com.squareup.okhttp.mockwebserver.MockWebServer$3 execute
INFO: MockWebServer[35077] starting to accept connections
Jan 02, 2022 6:25:01 AM com.squareup.okhttp.mockwebserver.MockWebServer$3 execute
INFO: MockWebServer[48469] starting to accept connections
Jan 02, 2022 6:25:01 AM com.squareup.okhttp.mockwebserver.MockWebServer$4 processOneRequest
INFO: MockWebServer[48469] received request: GET / HTTP/1.1 and responded: HTTP/1.1 200 OK
Jan 02, 2022 6:25:01 AM com.squareup.okhttp.mockwebserver.MockWebServer$4 processOneRequest
INFO: MockWebServer[48469] received request: GET / HTTP/1.1 and responded: HTTP/1.1 304 OK
Jan 02, 2022 6:25:01 AM com.squareup.okhttp.mockwebserver.MockWebServer$4 processOneRequest
INFO: MockWebServer[48469] received request: GET / HTTP/1.1 and responded: HTTP/1.1 304 OK
Jan 02, 2022 6:25:01 AM com.squareup.okhttp.mockwebserver.MockWebServer$3 acceptConnections
INFO: MockWebServer[48469] done accepting connections: Socket closed
Jan 02, 2022 6:25:01 AM com.squareup.okhttp.mockwebserver.MockWebServer$3 acceptConnections
INFO: MockWebServer[35077] done accepting connections: Socket closed
Jan 02, 2022 6:25:01 AM com.squareup.okhttp.mockwebserver.MockWebServer$3 execute
INFO: MockWebServer[40205] starting to accept connections
Jan 02, 2022 6:25:01 AM com.squareup.okhttp.mockwebserver.MockWebServer$3 execute
INFO: MockWebServer[51743] starting to accept connections
Jan 02, 2022 6:25:01 AM com.squareup.okhttp.mockwebserver.MockWebServer$4 processOneRequest
INFO: MockWebServer[51743] received request: GET / HTTP/1.1 and responded: HTTP/1.1 200 OK
Jan 02, 2022 6:25:01 AM com.squareup.okhttp.mockwebserver.MockWebServer$4 processOneRequest
INFO: MockWebServer[51743] received request: GET / HTTP/1.1 and responded: HTTP/1.1 304 OK
Jan 02, 2022 6:25:01 AM com.squareup.okhttp.mockwebserver.MockWebServer$4 processOneRequest
INFO: MockWebServer[51743] received request: GET / HTTP/1.1 and responded: HTTP/1.1 200 OK
Jan 02, 2022 6:25:01 AM com.squareup.okhttp.mockwebserver.MockWebServer$3 acceptConnections
INFO: MockWebServer[51743] done accepting connections: Socket closed
Jan 02, 2022 6:25:01 AM com.squareup.okhttp.mockwebserver.MockWebServer$3 acceptConnections
INFO: MockWebServer[40205] done accepting connections: Socket closed
Jan 02, 2022 6:25:01 AM com.squareup.okhttp.mockwebserver.MockWebServer$3 execute
INFO: MockWebServer[56799] starting to accept connections
Jan 02, 2022 6:25:01 AM com.squareup.okhttp.mockwebserver.MockWebServer$3 execute
INFO: MockWebServer[41203] starting to accept connections
Jan 02, 2022 6:25:01 AM com.squareup.okhttp.mockwebserver.MockWebServer$4 processOneRequest
INFO: MockWebServer[41203] received request: GET / HTTP/1.1 and responded: HTTP/1.1 200 OK
Jan 02, 2022 6:25:01 AM com.squareup.okhttp.mockwebserver.MockWebServer$4 processOneRequest
INFO: MockWebServer[41203] received request: GET / HTTP/1.1 and responded: HTTP/1.1 200 OK
Jan 02, 2022 6:25:01 AM com.squareup.okhttp.mockwebserver.MockWebServer$3 acceptConnections
INFO: MockWebServer[41203] done accepting connections: Socket closed
Jan 02, 2022 6:25:01 AM com.squareup.okhttp.mockwebserver.MockWebServer$3 acceptConnections
INFO: MockWebServer[56799] done accepting connections: Socket closed
Jan 02, 2022 6:25:01 AM com.squareup.okhttp.mockwebserver.MockWebServer$3 execute
INFO: MockWebServer[58097] starting to accept connections
Jan 02, 2022 6:25:01 AM com.squareup.okhttp.mockwebserver.MockWebServer$3 execute
INFO: MockWebServer[42369] starting to accept connections
Jan 02, 2022 6:25:01 AM com.squareup.okhttp.mockwebserver.MockWebServer$4 processOneRequest
INFO: MockWebServer[42369] received request: GET / HTTP/1.1 and responded: HTTP/1.1 200 OK
Jan 02, 2022 6:25:01 AM com.squareup.okhttp.mockwebserver.MockWebServer$4 processOneRequest
INFO: MockWebServer[42369] received request: GET / HTTP/1.1 and responded: HTTP/1.1 200 OK
Jan 02, 2022 6:25:01 AM com.squareup.okhttp.mockwebserver.MockWebServer$3 acceptConnections
INFO: MockWebServer[42369] done accepting connections: Socket closed
Jan 02, 2022 6:25:01 AM com.squareup.okhttp.mockwebserver.MockWebServer$3 acceptConnections
INFO: MockWebServer[58097] done accepting connections: Socket closed
Jan 02, 2022 6:25:01 AM com.squareup.okhttp.mockwebserver.MockWebServer$3 execute
INFO: MockWebServer[54889] starting to accept connections
Jan 02, 2022 6:25:01 AM com.squareup.okhttp.mockwebserver.MockWebServer$3 execute
INFO: MockWebServer[60645] starting to accept connections
Jan 02, 2022 6:25:01 AM com.squareup.okhttp.mockwebserver.MockWebServer$4 processOneRequest
INFO: MockWebServer[60645] received request: GET / HTTP/1.1 and responded: HTTP/1.1 200 OK
Jan 02, 2022 6:25:01 AM com.squareup.okhttp.mockwebserver.MockWebServer$3 acceptConnections
INFO: MockWebServer[60645] done accepting connections: Socket closed
Jan 02, 2022 6:25:01 AM com.squareup.okhttp.mockwebserver.MockWebServer$3 acceptConnections
INFO: MockWebServer[54889] done accepting connections: Socket closed
Jan 02, 2022 6:25:01 AM com.squareup.okhttp.mockwebserver.MockWebServer$3 execute
INFO: MockWebServer[56795] starting to accept connections
Jan 02, 2022 6:25:01 AM com.squareup.okhttp.mockwebserver.MockWebServer$3 execute
INFO: MockWebServer[47773] starting to accept connections
Jan 02, 2022 6:25:01 AM com.squareup.okhttp.mockwebserver.MockWebServer$4 processOneRequest
INFO: MockWebServer[47773] received request: GET / HTTP/1.1 and responded: HTTP/1.1 200 OK
Jan 02, 2022 6:25:01 AM com.squareup.okhttp.mockwebserver.MockWebServer$3 acceptConnections
INFO: MockWebServer[47773] done accepting connections: Socket closed
Jan 02, 2022 6:25:01 AM com.squareup.okhttp.mockwebserver.MockWebServer$3 acceptConnections
INFO: MockWebServer[56795] done accepting connections: Socket closed
Jan 02, 2022 6:25:01 AM com.squareup.okhttp.mockwebserver.MockWebServer$3 execute
INFO: MockWebServer[33773] starting to accept connections
Jan 02, 2022 6:25:01 AM com.squareup.okhttp.mockwebserver.MockWebServer$3 execute
INFO: MockWebServer[37389] starting to accept connections
Jan 02, 2022 6:25:01 AM com.squareup.okhttp.mockwebserver.MockWebServer$4 processOneRequest
INFO: MockWebServer[37389] received request: GET / HTTP/1.1 and responded: HTTP/1.1 200 OK
Jan 02, 2022 6:25:01 AM com.squareup.okhttp.mockwebserver.MockWebServer$4 processOneRequest
INFO: MockWebServer[37389] received request: GET / HTTP/1.1 and responded: HTTP/1.1 200 OK
Jan 02, 2022 6:25:01 AM com.squareup.okhttp.mockwebserver.MockWebServer$3 acceptConnections
INFO: MockWebServer[37389] done accepting connections: Socket closed
Jan 02, 2022 6:25:01 AM com.squareup.okhttp.mockwebserver.MockWebServer$3 acceptConnections
INFO: MockWebServer[33773] done accepting connections: Socket closed
Jan 02, 2022 6:25:01 AM com.squareup.okhttp.mockwebserver.MockWebServer$3 execute
INFO: MockWebServer[54935] starting to accept connections
Jan 02, 2022 6:25:01 AM com.squareup.okhttp.mockwebserver.MockWebServer$3 execute
INFO: MockWebServer[39741] starting to accept connections
Jan 02, 2022 6:25:01 AM com.squareup.okhttp.mockwebserver.MockWebServer$4 processOneRequest
INFO: MockWebServer[39741] received request: GET / HTTP/1.1 and responded: HTTP/1.1 200 OK
Jan 02, 2022 6:25:01 AM com.squareup.okhttp.mockwebserver.MockWebServer$3 acceptConnections
INFO: MockWebServer[39741] done accepting connections: Socket closed
Jan 02, 2022 6:25:01 AM com.squareup.okhttp.mockwebserver.MockWebServer$3 acceptConnections
INFO: MockWebServer[54935] done accepting connections: Socket closed
Jan 02, 2022 6:25:01 AM com.squareup.okhttp.mockwebserver.MockWebServer$3 execute
INFO: MockWebServer[40429] starting to accept connections
Jan 02, 2022 6:25:01 AM com.squareup.okhttp.mockwebserver.MockWebServer$3 execute
INFO: MockWebServer[35753] starting to accept connections
Jan 02, 2022 6:25:01 AM com.squareup.okhttp.mockwebserver.MockWebServer$4 processOneRequest
INFO: MockWebServer[35753] received request: GET / HTTP/1.1 and responded: HTTP/1.1 200 OK
Jan 02, 2022 6:25:01 AM com.squareup.okhttp.mockwebserver.MockWebServer$4 processOneRequest
INFO: MockWebServer[35753] received request: GET / HTTP/1.1 and responded: HTTP/1.1 200 OK
Jan 02, 2022 6:25:01 AM com.squareup.okhttp.mockwebserver.MockWebServer$3 acceptConnections
INFO: MockWebServer[35753] done accepting connections: Socket closed
Jan 02, 2022 6:25:01 AM com.squareup.okhttp.mockwebserver.MockWebServer$3 acceptConnections
INFO: MockWebServer[40429] done accepting connections: Socket closed
Jan 02, 2022 6:25:01 AM com.squareup.okhttp.mockwebserver.MockWebServer$3 execute
INFO: MockWebServer[56185] starting to accept connections
Jan 02, 2022 6:25:01 AM com.squareup.okhttp.mockwebserver.MockWebServer$3 execute
INFO: MockWebServer[43399] starting to accept connections
Jan 02, 2022 6:25:01 AM com.squareup.okhttp.mockwebserver.MockWebServer$4 processOneRequest
INFO: MockWebServer[43399] received request: GET / HTTP/1.1 and responded: HTTP/1.1 200 OK
Jan 02, 2022 6:25:01 AM com.squareup.okhttp.mockwebserver.MockWebServer$3 acceptConnections
INFO: MockWebServer[43399] done accepting connections: Socket closed
Jan 02, 2022 6:25:01 AM com.squareup.okhttp.mockwebserver.MockWebServer$3 acceptConnections
INFO: MockWebServer[56185] done accepting connections: Socket closed
Jan 02, 2022 6:25:01 AM com.squareup.okhttp.mockwebserver.MockWebServer$3 execute
INFO: MockWebServer[35335] starting to accept connections
Jan 02, 2022 6:25:01 AM com.squareup.okhttp.mockwebserver.MockWebServer$3 execute
INFO: MockWebServer[47135] starting to accept connections
Jan 02, 2022 6:25:01 AM com.squareup.okhttp.mockwebserver.MockWebServer$4 processOneRequest
INFO: MockWebServer[47135] received request: GET / HTTP/1.1 and responded: HTTP/1.1 200 OK
Jan 02, 2022 6:25:01 AM com.squareup.okhttp.mockwebserver.MockWebServer$4 processOneRequest
INFO: MockWebServer[47135] received request: GET / HTTP/1.1 and responded: HTTP/1.1 200 OK
Jan 02, 2022 6:25:01 AM com.squareup.okhttp.mockwebserver.MockWebServer$3 acceptConnections
INFO: MockWebServer[47135] done accepting connections: Socket closed
Jan 02, 2022 6:25:01 AM com.squareup.okhttp.mockwebserver.MockWebServer$3 acceptConnections
INFO: MockWebServer[35335] done accepting connections: Socket closed
Jan 02, 2022 6:25:01 AM com.squareup.okhttp.mockwebserver.MockWebServer$3 execute
INFO: MockWebServer[52165] starting to accept connections
Jan 02, 2022 6:25:01 AM com.squareup.okhttp.mockwebserver.MockWebServer$3 execute
INFO: MockWebServer[37991] starting to accept connections
Jan 02, 2022 6:25:01 AM com.squareup.okhttp.mockwebserver.MockWebServer$4 processOneRequest
INFO: MockWebServer[37991] received request: GET / HTTP/1.1 and responded: HTTP/1.1 200 OK
Jan 02, 2022 6:25:01 AM com.squareup.okhttp.mockwebserver.MockWebServer$4 processOneRequest
INFO: MockWebServer[37991] received request: GET / HTTP/1.1 and responded: HTTP/1.1 304 OK
Jan 02, 2022 6:25:01 AM com.squareup.okhttp.mockwebserver.MockWebServer$3 acceptConnections
INFO: MockWebServer[37991] done accepting connections: Socket closed
Jan 02, 2022 6:25:01 AM com.squareup.okhttp.mockwebserver.MockWebServer$3 acceptConnections
INFO: MockWebServer[52165] done accepting connections: Socket closed
Jan 02, 2022 6:25:01 AM com.squareup.okhttp.mockwebserver.MockWebServer$3 execute
INFO: MockWebServer[39965] starting to accept connections
Jan 02, 2022 6:25:01 AM com.squareup.okhttp.mockwebserver.MockWebServer$3 execute
INFO: MockWebServer[39861] starting to accept connections
Jan 02, 2022 6:25:01 AM com.squareup.okhttp.mockwebserver.MockWebServer$4 processOneRequest
INFO: MockWebServer[39861] received request: GET / HTTP/1.1 and responded: HTTP/1.1 200 OK
Jan 02, 2022 6:25:01 AM com.squareup.okhttp.mockwebserver.MockWebServer$4 processOneRequest
INFO: MockWebServer[39861] received request: GET / HTTP/1.1 and responded: HTTP/1.1 200 OK
Jan 02, 2022 6:25:02 AM com.squareup.okhttp.mockwebserver.MockWebServer$3 acceptConnections
INFO: MockWebServer[39861] done accepting connections: Socket closed
Jan 02, 2022 6:25:02 AM com.squareup.okhttp.mockwebserver.MockWebServer$3 acceptConnections
INFO: MockWebServer[39965] done accepting connections: Socket closed
Jan 02, 2022 6:25:02 AM com.squareup.okhttp.mockwebserver.MockWebServer$3 execute
INFO: MockWebServer[50491] starting to accept connections
Jan 02, 2022 6:25:02 AM com.squareup.okhttp.mockwebserver.MockWebServer$3 execute
INFO: MockWebServer[45781] starting to accept connections
Jan 02, 2022 6:25:02 AM com.squareup.okhttp.mockwebserver.MockWebServer$4 processOneRequest
INFO: MockWebServer[45781] received request: GET / HTTP/1.1 and responded: HTTP/1.1 200 OK
Jan 02, 2022 6:25:02 AM com.squareup.okhttp.mockwebserver.MockWebServer$4 processOneRequest
INFO: MockWebServer[45781] received request: POST / HTTP/1.1 and responded: HTTP/1.1 200 OK
Jan 02, 2022 6:25:02 AM com.squareup.okhttp.mockwebserver.MockWebServer$4 processOneRequest
INFO: MockWebServer[45781] received request: GET / HTTP/1.1 and responded: HTTP/1.1 200 OK
Jan 02, 2022 6:25:02 AM com.squareup.okhttp.mockwebserver.MockWebServer$3 acceptConnections
INFO: MockWebServer[45781] done accepting connections: Socket closed
Jan 02, 2022 6:25:02 AM com.squareup.okhttp.mockwebserver.MockWebServer$3 acceptConnections
INFO: MockWebServer[50491] done accepting connections: Socket closed
Jan 02, 2022 6:25:02 AM com.squareup.okhttp.mockwebserver.MockWebServer$3 execute
INFO: MockWebServer[50011] starting to accept connections
Jan 02, 2022 6:25:02 AM com.squareup.okhttp.mockwebserver.MockWebServer$3 execute
INFO: MockWebServer[36859] starting to accept connections
Jan 02, 2022 6:25:02 AM com.squareup.okhttp.mockwebserver.MockWebServer$4 processOneRequest
INFO: MockWebServer[36859] received request: GET / HTTP/1.1 and responded: HTTP/1.1 200 OK
Jan 02, 2022 6:25:02 AM com.squareup.okhttp.mockwebserver.MockWebServer$4 processOneRequest
INFO: MockWebServer[36859] received request: PUT / HTTP/1.1 and responded: HTTP/1.1 200 OK
Jan 02, 2022 6:25:02 AM com.squareup.okhttp.mockwebserver.MockWebServer$4 processOneRequest
INFO: MockWebServer[36859] received request: GET / HTTP/1.1 and responded: HTTP/1.1 200 OK
Jan 02, 2022 6:25:02 AM com.squareup.okhttp.mockwebserver.MockWebServer$3 acceptConnections
INFO: MockWebServer[36859] done accepting connections: Socket closed
Jan 02, 2022 6:25:02 AM com.squareup.okhttp.mockwebserver.MockWebServer$3 acceptConnections
INFO: MockWebServer[50011] done accepting connections: Socket closed
Jan 02, 2022 6:25:02 AM com.squareup.okhttp.mockwebserver.MockWebServer$3 execute
INFO: MockWebServer[34357] starting to accept connections
Jan 02, 2022 6:25:02 AM com.squareup.okhttp.mockwebserver.MockWebServer$3 execute
INFO: MockWebServer[44353] starting to accept connections
Jan 02, 2022 6:25:02 AM com.squareup.okhttp.mockwebserver.MockWebServer$4 processOneRequest
INFO: MockWebServer[44353] received request: GET / HTTP/1.1 and responded: HTTP/1.1 200 OK
Jan 02, 2022 6:25:02 AM com.squareup.okhttp.mockwebserver.MockWebServer$4 processOneRequest
INFO: MockWebServer[44353] received request: GET / HTTP/1.1 and responded: HTTP/1.1 304 OK
Jan 02, 2022 6:25:02 AM com.squareup.okhttp.mockwebserver.MockWebServer$3 acceptConnections
INFO: MockWebServer[44353] done accepting connections: Socket closed
Jan 02, 2022 6:25:02 AM com.squareup.okhttp.mockwebserver.MockWebServer$3 acceptConnections
INFO: MockWebServer[34357] done accepting connections: Socket closed
Jan 02, 2022 6:25:02 AM com.squareup.okhttp.mockwebserver.MockWebServer$3 execute
INFO: MockWebServer[43151] starting to accept connections
Jan 02, 2022 6:25:02 AM com.squareup.okhttp.mockwebserver.MockWebServer$3 execute
INFO: MockWebServer[40491] starting to accept connections
Jan 02, 2022 6:25:02 AM com.squareup.okhttp.mockwebserver.MockWebServer$4 processOneRequest
INFO: MockWebServer[40491] received request: GET / HTTP/1.1 and responded: HTTP/1.1 200 OK
Jan 02, 2022 6:25:02 AM com.squareup.okhttp.mockwebserver.MockWebServer$4 processOneRequest
INFO: MockWebServer[40491] received request: GET / HTTP/1.1 and responded: HTTP/1.1 200 OK
Jan 02, 2022 6:25:02 AM com.squareup.okhttp.mockwebserver.MockWebServer$3 acceptConnections
INFO: MockWebServer[40491] done accepting connections: Socket closed
Jan 02, 2022 6:25:02 AM com.squareup.okhttp.mockwebserver.MockWebServer$3 acceptConnections
INFO: MockWebServer[43151] done accepting connections: Socket closed
Jan 02, 2022 6:25:02 AM com.squareup.okhttp.mockwebserver.MockWebServer$3 execute
INFO: MockWebServer[37003] starting to accept connections
Jan 02, 2022 6:25:02 AM com.squareup.okhttp.mockwebserver.MockWebServer$3 execute
INFO: MockWebServer[55975] starting to accept connections
Jan 02, 2022 6:25:02 AM com.squareup.okhttp.mockwebserver.MockWebServer$4 processOneRequest
INFO: MockWebServer[55975] received request: GET / HTTP/1.1 and responded: HTTP/1.1 200 OK
Jan 02, 2022 6:25:02 AM com.squareup.okhttp.mockwebserver.MockWebServer$4 processOneRequest
INFO: MockWebServer[55975] received request: GET / HTTP/1.1 and responded: HTTP/1.1 200 OK
Jan 02, 2022 6:25:02 AM com.squareup.okhttp.mockwebserver.MockWebServer$3 acceptConnections
INFO: MockWebServer[55975] done accepting connections: Socket closed
Jan 02, 2022 6:25:02 AM com.squareup.okhttp.mockwebserver.MockWebServer$3 acceptConnections
INFO: MockWebServer[37003] done accepting connections: Socket closed
Jan 02, 2022 6:25:02 AM com.squareup.okhttp.mockwebserver.MockWebServer$3 execute
INFO: MockWebServer[50281] starting to accept connections
Jan 02, 2022 6:25:02 AM com.squareup.okhttp.mockwebserver.MockWebServer$3 execute
INFO: MockWebServer[35997] starting to accept connections
Jan 02, 2022 6:25:02 AM com.squareup.okhttp.mockwebserver.MockWebServer$4 processOneRequest
INFO: MockWebServer[35997] received request: GET / HTTP/1.1 and responded: HTTP/1.1 200 Fantastic
Jan 02, 2022 6:25:02 AM com.squareup.okhttp.mockwebserver.MockWebServer$4 processConnection
WARNING: MockWebServer[35997] connection from /127.0.0.1 didn't make a request
Jan 02, 2022 6:25:02 AM com.squareup.okhttp.mockwebserver.MockWebServer$3 acceptConnections
INFO: MockWebServer[35997] done accepting connections: Socket closed
Jan 02, 2022 6:25:02 AM com.squareup.okhttp.mockwebserver.MockWebServer$3 acceptConnections
INFO: MockWebServer[50281] done accepting connections: Socket closed
Tests run: 109, Failures: 1, Errors: 0, Skipped: 0, Time elapsed: 8.246 sec <<< FAILURE! - in com.squareup.okhttp.UrlConnectionCacheTest
noDefaultExpirationForUrlsWithQueryString(com.squareup.okhttp.UrlConnectionCacheTest)  Time elapsed: 0.017 sec  <<< FAILURE!
org.junit.ComparisonFailure: expected:<[B]> but was:<[A]>
	at org.junit.Assert.assertEquals(Assert.java:115)
	at org.junit.Assert.assertEquals(Assert.java:144)
	at com.squareup.okhttp.UrlConnectionCacheTest.noDefaultExpirationForUrlsWithQueryString(UrlConnectionCacheTest.java:519)

Running com.squareup.okhttp.internal.huc.URLEncodingTest
Tests run: 2, Failures: 0, Errors: 0, Skipped: 2, Time elapsed: 0 sec - in com.squareup.okhttp.internal.huc.URLEncodingTest
Uninstalled aggressive uncaught exception handler

Results :

Failed tests: 
  UrlConnectionCacheTest.noDefaultExpirationForUrlsWithQueryString:519 expected:<[B]> but was:<[A]>

Tests run: 119, Failures: 1, Errors: 0, Skipped: 2

[INFO] ------------------------------------------------------------------------
[INFO] Reactor Summary:
[INFO] 
[INFO] OkHttp (Parent) .................................... SUCCESS [  0.940 s]
[INFO] OkHttp ............................................. SUCCESS [  2.749 s]
[INFO] OkHttp test support classes ........................ SUCCESS [  0.235 s]
[INFO] OkHttp Web Sockets ................................. SUCCESS [  0.325 s]
[INFO] MockWebServer ...................................... SUCCESS [  6.100 s]
[INFO] OkHttp URLConnection ............................... FAILURE [  9.871 s]
[INFO] OkHttp Tests ....................................... SKIPPED
[INFO] OkHttp Android Platform Support .................... SKIPPED
[INFO] OkHttp Apache HttpClient ........................... SKIPPED
[INFO] OkHttp Web Socket Tests ............................ SKIPPED
[INFO] OkCurl ............................................. SKIPPED
[INFO] Samples (Parent) ................................... SKIPPED
[INFO] Sample: Guide ...................................... SKIPPED
[INFO] Sample: Crawler .................................... SKIPPED
[INFO] Sample: Simple Client .............................. SKIPPED
[INFO] Sample: Static Server .............................. SKIPPED
[INFO] Benchmarks ......................................... SKIPPED
[INFO] ------------------------------------------------------------------------
[INFO] BUILD FAILURE
[INFO] ------------------------------------------------------------------------
[INFO] Total time: 20.508 s
[INFO] Finished at: 2022-01-02T06:25:02+00:00
[INFO] Final Memory: 29M/303M
[INFO] ------------------------------------------------------------------------
[ERROR] Failed to execute goal org.apache.maven.plugins:maven-surefire-plugin:2.17:test (default-test) on project okhttp-urlconnection: There are test failures.
[ERROR] 
[ERROR] Please refer to /home/travis/build/failed/square/okhttp/okhttp-urlconnection/target/surefire-reports for the individual test results.
[ERROR] -> [Help 1]
[ERROR] 
[ERROR] To see the full stack trace of the errors, re-run Maven with the -e switch.
[ERROR] Re-run Maven using the -X switch to enable full debug logging.
[ERROR] 
[ERROR] For more information about the errors and possible solutions, please read the following articles:
[ERROR] [Help 1] http://cwiki.apache.org/confluence/display/MAVEN/MojoFailureException
[ERROR] 
[ERROR] After correcting the problems, you can resume the build with the command
[ERROR]   mvn <goals> -rf :okhttp-urlconnection

travis_time:end:23125548:start=1641104680628577350,finish=1641104702663673394,duration=22035096044[0K
[31;1mThe command "mvn test -Dhttps.protocols=TLSv1.2 -B" exited with 1.[0m
travis_fold:start:cache.2[0Kstore build cache
travis_time:start:098c62f8[0K
travis_time:end:098c62f8:start=1641104702674564364,finish=1641104702684313275,duration=9748911[0Ktravis_time:start:26b6ae74[0K/home/travis/.casher/bin/casher:190: warning: Insecure world writable dir /home/travis/build/failed/square/okhttp/. in PATH, mode 040777
[32;1mchanges detected, packing new archive[0m
/home/travis/.casher/bin/casher:213:in `cache_archive_name': undefined method `[]' for nil:NilClass (NoMethodError)
	from /home/travis/.casher/bin/casher:143:in `push'
	from /home/travis/.casher/bin/casher:53:in `block in run'
	from /home/travis/.rvm/rubies/ruby-1.9.3-p551/lib/ruby/1.9.1/timeout.rb:69:in `timeout'
	from /home/travis/.casher/bin/casher:53:in `run'
	from /home/travis/.casher/bin/casher:263:in `<main>'
.
.
.

travis_time:end:26b6ae74:start=1641104702694297690,finish=1641104720513653680,duration=17819355990[0Ktravis_fold:end:cache.2[0K
Done. Your build exited with 1.
