travis_fold:start:system_info[0K[33;1mBuild system information[0m
Build language: java
Build group: stable
Build dist: precise
Build id: ''
Job id: ''
[34m[1mBuild image provisioning date and time[0m
Thu Feb  5 15:09:33 UTC 2015
[34m[1mOperating System Details[0m
Distributor ID:	Ubuntu
Description:	Ubuntu 12.04.5 LTS
Release:	12.04
Codename:	precise
[34m[1mLinux Version[0m
3.13.0-29-generic
[34m[1mCookbooks Version[0m
a68419e https://github.com/travis-ci/travis-cookbooks/tree/a68419e
[34m[1mGCC version[0m
gcc (Ubuntu/Linaro 4.6.3-1ubuntu5) 4.6.3
Copyright (C) 2011 Free Software Foundation, Inc.
This is free software; see the source for copying conditions.  There is NO
warranty; not even for MERCHANTABILITY or FITNESS FOR A PARTICULAR PURPOSE.

[34m[1mLLVM version[0m
clang version 3.4 (tags/RELEASE_34/final)
Target: x86_64-unknown-linux-gnu
Thread model: posix
[34m[1mPre-installed Ruby versions[0m
ruby-1.9.3-p551
[34m[1mPre-installed Node.js versions[0m
v0.10.36
[34m[1mPre-installed Go versions[0m
1.4.1
[34m[1mRedis version[0m
redis-server 2.8.19
[34m[1mriak version[0m
2.0.2
[34m[1mMongoDB version[0m
MongoDB 2.4.12
[34m[1mCouchDB version[0m
couchdb 1.6.1
[34m[1mNeo4j version[0m
1.9.4
[34m[1mRabbitMQ Version[0m
3.4.3
[34m[1mElasticSearch version[0m
1.4.0
[34m[1mInstalled Sphinx versions[0m
2.0.10
2.1.9
2.2.6
[34m[1mDefault Sphinx version[0m
2.2.6
[34m[1mInstalled Firefox version[0m
firefox 31.0esr
[34m[1mPhantomJS version[0m
1.9.8
[34m[1mant -version[0m
Apache Ant(TM) version 1.8.2 compiled on December 3 2011
[34m[1mmvn -version[0m
Apache Maven 3.2.5 (12a6b3acb947671f09b81f49094c53f426d8cea1; 2014-12-14T17:29:23+00:00)
Maven home: /usr/local/maven
Java version: 1.7.0_76, vendor: Oracle Corporation
Java home: /usr/lib/jvm/java-7-oracle/jre
Default locale: en_US, platform encoding: ANSI_X3.4-1968
OS name: "linux", version: "3.13.0-29-generic", arch: "amd64", family: "unix"
travis_fold:end:system_info[0K
grep: /etc/apt/sources.list.d/*: No such file or directory
W: Failed to fetch http://security.ubuntu.com/ubuntu/dists/precise-security/main/source/Sources  404  Not Found [IP: 91.189.91.39 80]

W: Failed to fetch http://security.ubuntu.com/ubuntu/dists/precise-security/restricted/source/Sources  404  Not Found [IP: 91.189.91.39 80]

W: Failed to fetch http://security.ubuntu.com/ubuntu/dists/precise-security/universe/source/Sources  404  Not Found [IP: 91.189.91.39 80]

W: Failed to fetch http://security.ubuntu.com/ubuntu/dists/precise-security/multiverse/source/Sources  404  Not Found [IP: 91.189.91.39 80]

W: Failed to fetch http://security.ubuntu.com/ubuntu/dists/precise-security/main/binary-amd64/Packages  404  Not Found [IP: 91.189.91.39 80]

W: Failed to fetch http://security.ubuntu.com/ubuntu/dists/precise-security/restricted/binary-amd64/Packages  404  Not Found [IP: 91.189.91.39 80]

W: Failed to fetch http://security.ubuntu.com/ubuntu/dists/precise-security/universe/binary-amd64/Packages  404  Not Found [IP: 91.189.91.39 80]

W: Failed to fetch http://security.ubuntu.com/ubuntu/dists/precise-security/multiverse/binary-amd64/Packages  404  Not Found [IP: 91.189.91.39 80]

W: Failed to fetch http://security.ubuntu.com/ubuntu/dists/precise-security/main/binary-i386/Packages  404  Not Found [IP: 91.189.91.39 80]

W: Failed to fetch http://security.ubuntu.com/ubuntu/dists/precise-security/restricted/binary-i386/Packages  404  Not Found [IP: 91.189.91.39 80]

W: Failed to fetch http://security.ubuntu.com/ubuntu/dists/precise-security/universe/binary-i386/Packages  404  Not Found [IP: 91.189.91.39 80]

W: Failed to fetch http://security.ubuntu.com/ubuntu/dists/precise-security/multiverse/binary-i386/Packages  404  Not Found [IP: 91.189.91.39 80]

W: Failed to fetch http://us.archive.ubuntu.com/ubuntu/dists/precise/main/source/Sources  404  Not Found [IP: 91.189.91.38 80]

W: Failed to fetch http://us.archive.ubuntu.com/ubuntu/dists/precise/restricted/source/Sources  404  Not Found [IP: 91.189.91.38 80]

W: Failed to fetch http://us.archive.ubuntu.com/ubuntu/dists/precise/universe/source/Sources  404  Not Found [IP: 91.189.91.38 80]

W: Failed to fetch http://us.archive.ubuntu.com/ubuntu/dists/precise/multiverse/source/Sources  404  Not Found [IP: 91.189.91.38 80]

W: Failed to fetch http://us.archive.ubuntu.com/ubuntu/dists/precise/main/binary-amd64/Packages  404  Not Found [IP: 91.189.91.38 80]

W: Failed to fetch http://us.archive.ubuntu.com/ubuntu/dists/precise/restricted/binary-amd64/Packages  404  Not Found [IP: 91.189.91.38 80]

W: Failed to fetch http://us.archive.ubuntu.com/ubuntu/dists/precise/universe/binary-amd64/Packages  404  Not Found [IP: 91.189.91.38 80]

W: Failed to fetch http://us.archive.ubuntu.com/ubuntu/dists/precise/multiverse/binary-amd64/Packages  404  Not Found [IP: 91.189.91.38 80]

W: Failed to fetch http://us.archive.ubuntu.com/ubuntu/dists/precise/main/binary-i386/Packages  404  Not Found [IP: 91.189.91.38 80]

W: Failed to fetch http://us.archive.ubuntu.com/ubuntu/dists/precise/restricted/binary-i386/Packages  404  Not Found [IP: 91.189.91.38 80]

W: Failed to fetch http://us.archive.ubuntu.com/ubuntu/dists/precise/universe/binary-i386/Packages  404  Not Found [IP: 91.189.91.38 80]

W: Failed to fetch http://us.archive.ubuntu.com/ubuntu/dists/precise/multiverse/binary-i386/Packages  404  Not Found [IP: 91.189.91.38 80]

W: Failed to fetch http://us.archive.ubuntu.com/ubuntu/dists/precise-updates/main/source/Sources  404  Not Found [IP: 91.189.91.38 80]

W: Failed to fetch http://us.archive.ubuntu.com/ubuntu/dists/precise-updates/restricted/source/Sources  404  Not Found [IP: 91.189.91.38 80]

W: Failed to fetch http://us.archive.ubuntu.com/ubuntu/dists/precise-updates/universe/source/Sources  404  Not Found [IP: 91.189.91.38 80]

W: Failed to fetch http://us.archive.ubuntu.com/ubuntu/dists/precise-updates/multiverse/source/Sources  404  Not Found [IP: 91.189.91.38 80]

W: Failed to fetch http://us.archive.ubuntu.com/ubuntu/dists/precise-updates/main/binary-amd64/Packages  404  Not Found [IP: 91.189.91.38 80]

W: Failed to fetch http://us.archive.ubuntu.com/ubuntu/dists/precise-updates/restricted/binary-amd64/Packages  404  Not Found [IP: 91.189.91.38 80]

W: Failed to fetch http://us.archive.ubuntu.com/ubuntu/dists/precise-updates/universe/binary-amd64/Packages  404  Not Found [IP: 91.189.91.38 80]

W: Failed to fetch http://us.archive.ubuntu.com/ubuntu/dists/precise-updates/multiverse/binary-amd64/Packages  404  Not Found [IP: 91.189.91.38 80]

W: Failed to fetch http://us.archive.ubuntu.com/ubuntu/dists/precise-updates/main/binary-i386/Packages  404  Not Found [IP: 91.189.91.38 80]

W: Failed to fetch http://us.archive.ubuntu.com/ubuntu/dists/precise-updates/restricted/binary-i386/Packages  404  Not Found [IP: 91.189.91.38 80]

W: Failed to fetch http://us.archive.ubuntu.com/ubuntu/dists/precise-updates/universe/binary-i386/Packages  404  Not Found [IP: 91.189.91.38 80]

W: Failed to fetch http://us.archive.ubuntu.com/ubuntu/dists/precise-updates/multiverse/binary-i386/Packages  404  Not Found [IP: 91.189.91.38 80]

W: Failed to fetch http://us.archive.ubuntu.com/ubuntu/dists/precise-backports/main/source/Sources  404  Not Found [IP: 91.189.91.38 80]

W: Failed to fetch http://us.archive.ubuntu.com/ubuntu/dists/precise-backports/restricted/source/Sources  404  Not Found [IP: 91.189.91.38 80]

W: Failed to fetch http://us.archive.ubuntu.com/ubuntu/dists/precise-backports/universe/source/Sources  404  Not Found [IP: 91.189.91.38 80]

W: Failed to fetch http://us.archive.ubuntu.com/ubuntu/dists/precise-backports/multiverse/source/Sources  404  Not Found [IP: 91.189.91.38 80]

W: Failed to fetch http://us.archive.ubuntu.com/ubuntu/dists/precise-backports/main/binary-amd64/Packages  404  Not Found [IP: 91.189.91.38 80]

W: Failed to fetch http://us.archive.ubuntu.com/ubuntu/dists/precise-backports/restricted/binary-amd64/Packages  404  Not Found [IP: 91.189.91.38 80]

W: Failed to fetch http://us.archive.ubuntu.com/ubuntu/dists/precise-backports/universe/binary-amd64/Packages  404  Not Found [IP: 91.189.91.38 80]

W: Failed to fetch http://us.archive.ubuntu.com/ubuntu/dists/precise-backports/multiverse/binary-amd64/Packages  404  Not Found [IP: 91.189.91.38 80]

W: Failed to fetch http://us.archive.ubuntu.com/ubuntu/dists/precise-backports/main/binary-i386/Packages  404  Not Found [IP: 91.189.91.38 80]

W: Failed to fetch http://us.archive.ubuntu.com/ubuntu/dists/precise-backports/restricted/binary-i386/Packages  404  Not Found [IP: 91.189.91.38 80]

W: Failed to fetch http://us.archive.ubuntu.com/ubuntu/dists/precise-backports/universe/binary-i386/Packages  404  Not Found [IP: 91.189.91.38 80]

W: Failed to fetch http://us.archive.ubuntu.com/ubuntu/dists/precise-backports/multiverse/binary-i386/Packages  404  Not Found [IP: 91.189.91.38 80]

E: Some index files failed to download. They have been ignored, or old ones used instead.
sed: cannot rename /etc/hosts: Device or resource busy
sed: cannot rename /etc/hosts: Device or resource busy
$ jdk_switcher use oraclejdk7
Switching to Oracle JDK7 (java-7-oracle), JAVA_HOME will be set to /usr/lib/jvm/java-7-oracle
$ cd failed/square/okhttp
travis_fold:start:git.submodule[0Ktravis_time:start:0d0028f2[0K$ git submodule update --init --recursive

travis_time:end:0d0028f2:start=1645967545592987908,finish=1645967546439122180,duration=846134272[0Ktravis_fold:end:git.submodule[0Ktravis_fold:start:apt[0K[33;1mInstalling APT Packages (BETA)[0m
$ export DEBIAN_FRONTEND=noninteractive
travis_time:start:00325524[0K$ sudo -E apt-get -yq update &>> ~/apt-get-update.log

travis_time:end:00325524:start=1645967546453391527,finish=1645967548894195407,duration=2440803880[0Ktravis_time:start:1c27d125[0K$ sudo -E apt-get -yq --no-install-suggests --no-install-recommends --force-yes install oracle-java8-installer
Reading package lists...
Building dependency tree...
Reading state information...
oracle-java8-installer is already the newest version.
0 upgraded, 0 newly installed, 0 to remove and 0 not upgraded.

travis_time:end:1c27d125:start=1645967548904245852,finish=1645967549164683170,duration=260437318[0Ktravis_fold:end:apt[0K
[33;1mSetting environment variables from .travis.yml[0m
$ export CI_DEPLOY_USERNAME=[secure]
$ export CI_DEPLOY_PASSWORD=[secure]

travis_fold:start:cache.1[0KSetting up build cache
$ export CASHER_DIR=$HOME/.casher
travis_time:start:10efae76[0K
travis_time:end:10efae76:start=1645967552645074985,finish=1645967552653475306,duration=8400321[0Ktravis_time:start:08ff451c[0K/home/travis/.casher/bin/casher:213:in `cache_archive_name': undefined method `[]' for nil:NilClass (NoMethodError)
	from /home/travis/.casher/bin/casher:65:in `block in fetch'
	from /home/travis/.casher/bin/casher:64:in `each'
	from /home/travis/.casher/bin/casher:64:in `fetch'
	from /home/travis/.casher/bin/casher:53:in `block in run'
	from /home/travis/.rvm/rubies/ruby-1.9.3-p551/lib/ruby/1.9.1/timeout.rb:69:in `timeout'
	from /home/travis/.casher/bin/casher:53:in `run'
	from /home/travis/.casher/bin/casher:263:in `<main>'
[32;1mattempting to download cache archive[0m

travis_time:end:08ff451c:start=1645967552662978720,finish=1645967553454041834,duration=791063114[0Ktravis_time:start:37ce211a[0K
travis_time:end:37ce211a:start=1645967553464522174,finish=1645967553473621386,duration=9099212[0Ktravis_time:start:12ce372a[0K[32;1madding /home/travis/.m2 to cache[0m

travis_time:end:12ce372a:start=1645967553484252537,finish=1645967554502515566,duration=1018263029[0Ktravis_fold:end:cache.1[0K$ java -Xmx32m -version
java version "1.7.0_76"
Java(TM) SE Runtime Environment (build 1.7.0_76-b13)
Java HotSpot(TM) 64-Bit Server VM (build 24.76-b04, mixed mode)
$ javac -J-Xmx32m -version
javac 1.7.0_76
travis_fold:start:install[0Ktravis_time:start:02725d31[0K$ mvn -o install -Dhttps.protocols=TLSv1.2 -Dhttps.protocols=TLSv1.2 -DskipTests=true -Dmaven.javadoc.skip=true -B -V
Apache Maven 3.2.5 (12a6b3acb947671f09b81f49094c53f426d8cea1; 2014-12-14T17:29:23+00:00)
Maven home: /usr/local/maven
Java version: 1.7.0_76, vendor: Oracle Corporation
Java home: /usr/lib/jvm/java-7-oracle/jre
Default locale: en_US, platform encoding: UTF-8
OS name: "linux", version: "4.15.0-109-generic", arch: "amd64", family: "unix"
[INFO] Scanning for projects...
[WARNING] 
[WARNING] Some problems were encountered while building the effective model for com.squareup.okhttp3:okhttp-tests:jar:3.4.0-SNAPSHOT
[WARNING] 'build.plugins.plugin.version' for org.apache.maven.plugins:maven-deploy-plugin is missing. @ com.squareup.okhttp3:okhttp-tests:[unknown-version], /home/travis/build/failed/square/okhttp/okhttp-tests/pom.xml, line 53, column 15
[WARNING] 
[WARNING] Some problems were encountered while building the effective model for com.squareup.okhttp3:okhttp-ws-tests:jar:3.4.0-SNAPSHOT
[WARNING] 'build.plugins.plugin.version' for org.apache.maven.plugins:maven-deploy-plugin is missing. @ com.squareup.okhttp3:okhttp-ws-tests:[unknown-version], /home/travis/build/failed/square/okhttp/okhttp-ws-tests/pom.xml, line 67, column 15
[WARNING] 
[WARNING] Some problems were encountered while building the effective model for com.squareup.okhttp3:benchmarks:jar:3.4.0-SNAPSHOT
[WARNING] 'build.plugins.plugin.version' for org.codehaus.mojo:exec-maven-plugin is missing. @ com.squareup.okhttp3:benchmarks:[unknown-version], /home/travis/build/failed/square/okhttp/benchmarks/pom.xml, line 74, column 15
[WARNING] 
[WARNING] It is highly recommended to fix these problems because they threaten the stability of your build.
[WARNING] 
[WARNING] For this reason, future Maven versions might no longer support building such malformed projects.
[WARNING] 
[INFO] ------------------------------------------------------------------------
[INFO] Reactor Build Order:
[INFO] 
[INFO] OkHttp (Parent)
[INFO] OkHttp
[INFO] OkHttp test support classes
[INFO] OkHttp Web Sockets
[INFO] MockWebServer
[INFO] OkHttp URLConnection
[INFO] OkHttp Tests
[INFO] OkHttp Android Platform Support
[INFO] OkHttp Apache HttpClient
[INFO] OkHttp Web Socket Tests
[INFO] OkHttp Logging Interceptor
[INFO] OkCurl
[INFO] Samples (Parent)
[INFO] Sample: Guide
[INFO] Sample: Crawler
[INFO] Sample: Simple Client
[INFO] Sample: Static Server
[INFO] Benchmarks
[INFO]                                                                         
[INFO] ------------------------------------------------------------------------
[INFO] Building OkHttp (Parent) 3.4.0-SNAPSHOT
[INFO] ------------------------------------------------------------------------
[INFO] 
[INFO] --- maven-enforcer-plugin:1.0:enforce (enforce-maven) @ parent ---
[INFO] 
[INFO] --- animal-sniffer-maven-plugin:1.11:check (default) @ parent ---
[INFO] Checking unresolved references to org.codehaus.mojo.signature:java16:1.1
[INFO] 
[INFO] --- maven-checkstyle-plugin:2.10:checkstyle (default) @ parent ---
[INFO] 
[INFO] --- maven-install-plugin:2.4:install (default-install) @ parent ---
[INFO] Installing /home/travis/build/failed/square/okhttp/pom.xml to /home/travis/.m2/repository/com/squareup/okhttp3/parent/3.4.0-SNAPSHOT/parent-3.4.0-SNAPSHOT.pom
[INFO]                                                                         
[INFO] ------------------------------------------------------------------------
[INFO] Building OkHttp 3.4.0-SNAPSHOT
[INFO] ------------------------------------------------------------------------
[INFO] 
[INFO] --- maven-enforcer-plugin:1.0:enforce (enforce-maven) @ okhttp ---
[INFO] 
[INFO] --- templating-maven-plugin:1.0-alpha-3:filter-sources (default) @ okhttp ---
[INFO] Using 'UTF-8' encoding to copy filtered resources.
[INFO] Copying 1 resource
[INFO] Source directory: /home/travis/build/failed/square/okhttp/okhttp/target/generated-sources/java-templates added.
[INFO] 
[INFO] --- maven-resources-plugin:2.6:resources (default-resources) @ okhttp ---
[INFO] Using 'UTF-8' encoding to copy filtered resources.
[INFO] skip non existing resourceDirectory /home/travis/build/failed/square/okhttp/okhttp/src/main/resources
[INFO] 
[INFO] --- maven-compiler-plugin:3.0:compile (default-compile) @ okhttp ---
[INFO] Changes detected - recompiling the module!
[INFO] Compiling 91 source files to /home/travis/build/failed/square/okhttp/okhttp/target/classes
[WARNING] /home/travis/build/failed/square/okhttp/okhttp/src/main/java/okhttp3/internal/Util.java: Some input files use unchecked or unsafe operations.
[WARNING] /home/travis/build/failed/square/okhttp/okhttp/src/main/java/okhttp3/internal/Util.java: Recompile with -Xlint:unchecked for details.
[INFO] 
[INFO] --- maven-resources-plugin:2.6:testResources (default-testResources) @ okhttp ---
[INFO] Using 'UTF-8' encoding to copy filtered resources.
[INFO] skip non existing resourceDirectory /home/travis/build/failed/square/okhttp/okhttp/src/test/resources
[INFO] 
[INFO] --- maven-compiler-plugin:3.0:testCompile (default-testCompile) @ okhttp ---
[INFO] No sources to compile
[INFO] 
[INFO] --- maven-surefire-plugin:2.17:test (default-test) @ okhttp ---
[INFO] Tests are skipped.
[INFO] 
[INFO] --- animal-sniffer-maven-plugin:1.11:check (default) @ okhttp ---
[INFO] Checking unresolved references to org.codehaus.mojo.signature:java16:1.1
[INFO] 
[INFO] --- maven-jar-plugin:2.4:jar (default-jar) @ okhttp ---
[INFO] Building jar: /home/travis/build/failed/square/okhttp/okhttp/target/okhttp-3.4.0-SNAPSHOT.jar
[INFO] 
[INFO] --- maven-checkstyle-plugin:2.10:checkstyle (default) @ okhttp ---
[INFO] Starting audit...
Audit done.

[WARNING] Unable to locate Source XRef to link to - DISABLED
[INFO] 
[INFO] --- maven-install-plugin:2.4:install (default-install) @ okhttp ---
[INFO] Installing /home/travis/build/failed/square/okhttp/okhttp/target/okhttp-3.4.0-SNAPSHOT.jar to /home/travis/.m2/repository/com/squareup/okhttp3/okhttp/3.4.0-SNAPSHOT/okhttp-3.4.0-SNAPSHOT.jar
[INFO] Installing /home/travis/build/failed/square/okhttp/okhttp/pom.xml to /home/travis/.m2/repository/com/squareup/okhttp3/okhttp/3.4.0-SNAPSHOT/okhttp-3.4.0-SNAPSHOT.pom
[INFO]                                                                         
[INFO] ------------------------------------------------------------------------
[INFO] Building OkHttp test support classes 3.4.0-SNAPSHOT
[INFO] ------------------------------------------------------------------------
[INFO] 
[INFO] --- maven-enforcer-plugin:1.0:enforce (enforce-maven) @ okhttp-testing-support ---
[INFO] 
[INFO] --- maven-resources-plugin:2.6:resources (default-resources) @ okhttp-testing-support ---
[INFO] Using 'UTF-8' encoding to copy filtered resources.
[INFO] skip non existing resourceDirectory /home/travis/build/failed/square/okhttp/okhttp-testing-support/src/main/resources
[INFO] 
[INFO] --- maven-compiler-plugin:3.0:compile (default-compile) @ okhttp-testing-support ---
[INFO] Changes detected - recompiling the module!
[INFO] Compiling 7 source files to /home/travis/build/failed/square/okhttp/okhttp-testing-support/target/classes
[INFO] 
[INFO] --- maven-resources-plugin:2.6:testResources (default-testResources) @ okhttp-testing-support ---
[INFO] Using 'UTF-8' encoding to copy filtered resources.
[INFO] skip non existing resourceDirectory /home/travis/build/failed/square/okhttp/okhttp-testing-support/src/test/resources
[INFO] 
[INFO] --- maven-compiler-plugin:3.0:testCompile (default-testCompile) @ okhttp-testing-support ---
[INFO] No sources to compile
[INFO] 
[INFO] --- maven-surefire-plugin:2.17:test (default-test) @ okhttp-testing-support ---
[INFO] Tests are skipped.
[INFO] 
[INFO] --- animal-sniffer-maven-plugin:1.11:check (default) @ okhttp-testing-support ---
[INFO] Checking unresolved references to org.codehaus.mojo.signature:java16:1.1
[INFO] 
[INFO] --- maven-jar-plugin:2.4:jar (default-jar) @ okhttp-testing-support ---
[INFO] Building jar: /home/travis/build/failed/square/okhttp/okhttp-testing-support/target/okhttp-testing-support-3.4.0-SNAPSHOT.jar
[INFO] 
[INFO] --- maven-checkstyle-plugin:2.10:checkstyle (default) @ okhttp-testing-support ---
[INFO] Starting audit...
Audit done.

[WARNING] Unable to locate Source XRef to link to - DISABLED
[INFO] 
[INFO] --- maven-install-plugin:2.4:install (default-install) @ okhttp-testing-support ---
[INFO] Installing /home/travis/build/failed/square/okhttp/okhttp-testing-support/target/okhttp-testing-support-3.4.0-SNAPSHOT.jar to /home/travis/.m2/repository/com/squareup/okhttp3/okhttp-testing-support/3.4.0-SNAPSHOT/okhttp-testing-support-3.4.0-SNAPSHOT.jar
[INFO] Installing /home/travis/build/failed/square/okhttp/okhttp-testing-support/pom.xml to /home/travis/.m2/repository/com/squareup/okhttp3/okhttp-testing-support/3.4.0-SNAPSHOT/okhttp-testing-support-3.4.0-SNAPSHOT.pom
[INFO]                                                                         
[INFO] ------------------------------------------------------------------------
[INFO] Building OkHttp Web Sockets 3.4.0-SNAPSHOT
[INFO] ------------------------------------------------------------------------
[INFO] 
[INFO] --- maven-enforcer-plugin:1.0:enforce (enforce-maven) @ okhttp-ws ---
[INFO] 
[INFO] --- maven-resources-plugin:2.6:resources (default-resources) @ okhttp-ws ---
[INFO] Using 'UTF-8' encoding to copy filtered resources.
[INFO] skip non existing resourceDirectory /home/travis/build/failed/square/okhttp/okhttp-ws/src/main/resources
[INFO] 
[INFO] --- maven-compiler-plugin:3.0:compile (default-compile) @ okhttp-ws ---
[INFO] Changes detected - recompiling the module!
[INFO] Compiling 7 source files to /home/travis/build/failed/square/okhttp/okhttp-ws/target/classes
[INFO] 
[INFO] --- maven-resources-plugin:2.6:testResources (default-testResources) @ okhttp-ws ---
[INFO] Using 'UTF-8' encoding to copy filtered resources.
[INFO] skip non existing resourceDirectory /home/travis/build/failed/square/okhttp/okhttp-ws/src/test/resources
[INFO] 
[INFO] --- maven-compiler-plugin:3.0:testCompile (default-testCompile) @ okhttp-ws ---
[INFO] No sources to compile
[INFO] 
[INFO] --- maven-surefire-plugin:2.17:test (default-test) @ okhttp-ws ---
[INFO] Tests are skipped.
[INFO] 
[INFO] --- animal-sniffer-maven-plugin:1.11:check (default) @ okhttp-ws ---
[INFO] Checking unresolved references to org.codehaus.mojo.signature:java16:1.1
[INFO] 
[INFO] --- maven-jar-plugin:2.4:jar (default-jar) @ okhttp-ws ---
[INFO] Building jar: /home/travis/build/failed/square/okhttp/okhttp-ws/target/okhttp-ws-3.4.0-SNAPSHOT.jar
[INFO] 
[INFO] --- maven-checkstyle-plugin:2.10:checkstyle (default) @ okhttp-ws ---
[INFO] Starting audit...
Audit done.

[WARNING] Unable to locate Source XRef to link to - DISABLED
[INFO] 
[INFO] --- maven-install-plugin:2.4:install (default-install) @ okhttp-ws ---
[INFO] Installing /home/travis/build/failed/square/okhttp/okhttp-ws/target/okhttp-ws-3.4.0-SNAPSHOT.jar to /home/travis/.m2/repository/com/squareup/okhttp3/okhttp-ws/3.4.0-SNAPSHOT/okhttp-ws-3.4.0-SNAPSHOT.jar
[INFO] Installing /home/travis/build/failed/square/okhttp/okhttp-ws/pom.xml to /home/travis/.m2/repository/com/squareup/okhttp3/okhttp-ws/3.4.0-SNAPSHOT/okhttp-ws-3.4.0-SNAPSHOT.pom
[INFO]                                                                         
[INFO] ------------------------------------------------------------------------
[INFO] Building MockWebServer 3.4.0-SNAPSHOT
[INFO] ------------------------------------------------------------------------
[INFO] 
[INFO] --- maven-enforcer-plugin:1.0:enforce (enforce-maven) @ mockwebserver ---
[INFO] 
[INFO] --- maven-resources-plugin:2.6:resources (default-resources) @ mockwebserver ---
[INFO] Using 'UTF-8' encoding to copy filtered resources.
[INFO] skip non existing resourceDirectory /home/travis/build/failed/square/okhttp/mockwebserver/src/main/resources
[INFO] 
[INFO] --- maven-compiler-plugin:3.0:compile (default-compile) @ mockwebserver ---
[INFO] Changes detected - recompiling the module!
[INFO] Compiling 10 source files to /home/travis/build/failed/square/okhttp/mockwebserver/target/classes
[WARNING] /home/travis/build/failed/square/okhttp/mockwebserver/src/main/java/okhttp3/internal/tls/HeldCertificate.java: /home/travis/build/failed/square/okhttp/mockwebserver/src/main/java/okhttp3/internal/tls/HeldCertificate.java uses or overrides a deprecated API.
[WARNING] /home/travis/build/failed/square/okhttp/mockwebserver/src/main/java/okhttp3/internal/tls/HeldCertificate.java: Recompile with -Xlint:deprecation for details.
[INFO] 
[INFO] --- maven-resources-plugin:2.6:testResources (default-testResources) @ mockwebserver ---
[INFO] Using 'UTF-8' encoding to copy filtered resources.
[INFO] skip non existing resourceDirectory /home/travis/build/failed/square/okhttp/mockwebserver/src/test/resources
[INFO] 
[INFO] --- maven-compiler-plugin:3.0:testCompile (default-testCompile) @ mockwebserver ---
[INFO] Changes detected - recompiling the module!
[INFO] Compiling 2 source files to /home/travis/build/failed/square/okhttp/mockwebserver/target/test-classes
[INFO] 
[INFO] --- maven-surefire-plugin:2.17:test (default-test) @ mockwebserver ---
[INFO] Tests are skipped.
[INFO] 
[INFO] --- animal-sniffer-maven-plugin:1.11:check (default) @ mockwebserver ---
[INFO] Checking unresolved references to org.codehaus.mojo.signature:java16:1.1
[INFO] 
[INFO] --- maven-jar-plugin:2.4:jar (default-jar) @ mockwebserver ---
[INFO] Building jar: /home/travis/build/failed/square/okhttp/mockwebserver/target/mockwebserver-3.4.0-SNAPSHOT.jar
[INFO] 
[INFO] --- maven-assembly-plugin:2.2-beta-5:single (default) @ mockwebserver ---
[INFO] META-INF/ already added, skipping
[INFO] META-INF/MANIFEST.MF already added, skipping
[INFO] META-INF/maven/ already added, skipping
[INFO] META-INF/ already added, skipping
[INFO] META-INF/MANIFEST.MF already added, skipping
[INFO] okhttp3/ already added, skipping
[INFO] okhttp3/internal/ already added, skipping
[INFO] META-INF/maven/ already added, skipping
[INFO] META-INF/maven/com.squareup.okhttp3/ already added, skipping
[INFO] META-INF/MANIFEST.MF already added, skipping
[INFO] META-INF/ already added, skipping
[INFO] META-INF/MANIFEST.MF already added, skipping
[INFO] org/ already added, skipping
[INFO] META-INF/ already added, skipping
[INFO] META-INF/MANIFEST.MF already added, skipping
[INFO] org/ already added, skipping
[INFO] Building jar: /home/travis/build/failed/square/okhttp/mockwebserver/target/mockwebserver-3.4.0-SNAPSHOT-jar-with-dependencies.jar
[INFO] META-INF/ already added, skipping
[INFO] META-INF/MANIFEST.MF already added, skipping
[INFO] META-INF/maven/ already added, skipping
[INFO] META-INF/ already added, skipping
[INFO] META-INF/MANIFEST.MF already added, skipping
[INFO] okhttp3/ already added, skipping
[INFO] okhttp3/internal/ already added, skipping
[INFO] META-INF/maven/ already added, skipping
[INFO] META-INF/maven/com.squareup.okhttp3/ already added, skipping
[INFO] META-INF/MANIFEST.MF already added, skipping
[INFO] META-INF/ already added, skipping
[INFO] META-INF/MANIFEST.MF already added, skipping
[INFO] org/ already added, skipping
[INFO] META-INF/ already added, skipping
[INFO] META-INF/MANIFEST.MF already added, skipping
[INFO] org/ already added, skipping
[INFO] 
[INFO] --- maven-checkstyle-plugin:2.10:checkstyle (default) @ mockwebserver ---
[INFO] Starting audit...
Audit done.

[WARNING] Unable to locate Source XRef to link to - DISABLED
[INFO] 
[INFO] --- maven-install-plugin:2.4:install (default-install) @ mockwebserver ---
[INFO] Installing /home/travis/build/failed/square/okhttp/mockwebserver/target/mockwebserver-3.4.0-SNAPSHOT.jar to /home/travis/.m2/repository/com/squareup/okhttp3/mockwebserver/3.4.0-SNAPSHOT/mockwebserver-3.4.0-SNAPSHOT.jar
[INFO] Installing /home/travis/build/failed/square/okhttp/mockwebserver/pom.xml to /home/travis/.m2/repository/com/squareup/okhttp3/mockwebserver/3.4.0-SNAPSHOT/mockwebserver-3.4.0-SNAPSHOT.pom
[INFO] Installing /home/travis/build/failed/square/okhttp/mockwebserver/target/mockwebserver-3.4.0-SNAPSHOT-jar-with-dependencies.jar to /home/travis/.m2/repository/com/squareup/okhttp3/mockwebserver/3.4.0-SNAPSHOT/mockwebserver-3.4.0-SNAPSHOT-jar-with-dependencies.jar
[INFO]                                                                         
[INFO] ------------------------------------------------------------------------
[INFO] Building OkHttp URLConnection 3.4.0-SNAPSHOT
[INFO] ------------------------------------------------------------------------
[INFO] 
[INFO] --- maven-enforcer-plugin:1.0:enforce (enforce-maven) @ okhttp-urlconnection ---
[INFO] 
[INFO] --- maven-resources-plugin:2.6:resources (default-resources) @ okhttp-urlconnection ---
[INFO] Using 'UTF-8' encoding to copy filtered resources.
[INFO] skip non existing resourceDirectory /home/travis/build/failed/square/okhttp/okhttp-urlconnection/src/main/resources
[INFO] 
[INFO] --- maven-compiler-plugin:3.0:compile (default-compile) @ okhttp-urlconnection ---
[INFO] Changes detected - recompiling the module!
[INFO] Compiling 12 source files to /home/travis/build/failed/square/okhttp/okhttp-urlconnection/target/classes
[WARNING] /home/travis/build/failed/square/okhttp/okhttp-urlconnection/src/main/java/okhttp3/internal/huc/HttpURLConnectionImpl.java: Some input files use or override a deprecated API.
[WARNING] /home/travis/build/failed/square/okhttp/okhttp-urlconnection/src/main/java/okhttp3/internal/huc/HttpURLConnectionImpl.java: Recompile with -Xlint:deprecation for details.
[INFO] 
[INFO] --- maven-resources-plugin:2.6:testResources (default-testResources) @ okhttp-urlconnection ---
[INFO] Using 'UTF-8' encoding to copy filtered resources.
[INFO] skip non existing resourceDirectory /home/travis/build/failed/square/okhttp/okhttp-urlconnection/src/test/resources
[INFO] 
[INFO] --- maven-compiler-plugin:3.0:testCompile (default-testCompile) @ okhttp-urlconnection ---
[INFO] Changes detected - recompiling the module!
[INFO] Compiling 3 source files to /home/travis/build/failed/square/okhttp/okhttp-urlconnection/target/test-classes
[WARNING] /home/travis/build/failed/square/okhttp/okhttp-urlconnection/src/test/java/okhttp3/internal/huc/URLEncodingTest.java: Some input files use or override a deprecated API.
[WARNING] /home/travis/build/failed/square/okhttp/okhttp-urlconnection/src/test/java/okhttp3/internal/huc/URLEncodingTest.java: Recompile with -Xlint:deprecation for details.
[INFO] 
[INFO] --- maven-surefire-plugin:2.17:test (default-test) @ okhttp-urlconnection ---
[INFO] Tests are skipped.
[INFO] 
[INFO] --- animal-sniffer-maven-plugin:1.11:check (default) @ okhttp-urlconnection ---
[INFO] Checking unresolved references to org.codehaus.mojo.signature:java16:1.1
[INFO] 
[INFO] --- maven-jar-plugin:2.4:jar (default-jar) @ okhttp-urlconnection ---
[INFO] Building jar: /home/travis/build/failed/square/okhttp/okhttp-urlconnection/target/okhttp-urlconnection-3.4.0-SNAPSHOT.jar
[INFO] 
[INFO] --- maven-checkstyle-plugin:2.10:checkstyle (default) @ okhttp-urlconnection ---
[INFO] Starting audit...
Audit done.

[WARNING] Unable to locate Source XRef to link to - DISABLED
[INFO] 
[INFO] --- maven-install-plugin:2.4:install (default-install) @ okhttp-urlconnection ---
[INFO] Installing /home/travis/build/failed/square/okhttp/okhttp-urlconnection/target/okhttp-urlconnection-3.4.0-SNAPSHOT.jar to /home/travis/.m2/repository/com/squareup/okhttp3/okhttp-urlconnection/3.4.0-SNAPSHOT/okhttp-urlconnection-3.4.0-SNAPSHOT.jar
[INFO] Installing /home/travis/build/failed/square/okhttp/okhttp-urlconnection/pom.xml to /home/travis/.m2/repository/com/squareup/okhttp3/okhttp-urlconnection/3.4.0-SNAPSHOT/okhttp-urlconnection-3.4.0-SNAPSHOT.pom
[INFO]                                                                         
[INFO] ------------------------------------------------------------------------
[INFO] Building OkHttp Tests 3.4.0-SNAPSHOT
[INFO] ------------------------------------------------------------------------
[INFO] 
[INFO] --- maven-enforcer-plugin:1.0:enforce (enforce-maven) @ okhttp-tests ---
[INFO] 
[INFO] --- maven-resources-plugin:2.6:resources (default-resources) @ okhttp-tests ---
[INFO] Using 'UTF-8' encoding to copy filtered resources.
[INFO] skip non existing resourceDirectory /home/travis/build/failed/square/okhttp/okhttp-tests/src/main/resources
[INFO] 
[INFO] --- maven-compiler-plugin:3.0:compile (default-compile) @ okhttp-tests ---
[INFO] No sources to compile
[INFO] 
[INFO] --- maven-resources-plugin:2.6:testResources (default-testResources) @ okhttp-tests ---
[INFO] Using 'UTF-8' encoding to copy filtered resources.
[INFO] Copying 1 resource
[INFO] 
[INFO] --- maven-compiler-plugin:3.0:testCompile (default-testCompile) @ okhttp-tests ---
[INFO] Changes detected - recompiling the module!
[INFO] Compiling 73 source files to /home/travis/build/failed/square/okhttp/okhttp-tests/target/test-classes
[WARNING] /home/travis/build/failed/square/okhttp/okhttp-tests/src/test/java/okhttp3/internal/http/DisconnectTest.java: Some input files use or override a deprecated API.
[WARNING] /home/travis/build/failed/square/okhttp/okhttp-tests/src/test/java/okhttp3/internal/http/DisconnectTest.java: Recompile with -Xlint:deprecation for details.
[WARNING] /home/travis/build/failed/square/okhttp/okhttp-tests/src/test/java/okhttp3/TestUtil.java: Some input files use unchecked or unsafe operations.
[WARNING] /home/travis/build/failed/square/okhttp/okhttp-tests/src/test/java/okhttp3/TestUtil.java: Recompile with -Xlint:unchecked for details.
[INFO] 
[INFO] --- maven-surefire-plugin:2.17:test (default-test) @ okhttp-tests ---
[INFO] Tests are skipped.
[INFO] 
[INFO] --- animal-sniffer-maven-plugin:1.11:check (default) @ okhttp-tests ---
[INFO] Checking unresolved references to org.codehaus.mojo.signature:java16:1.1
[INFO] 
[INFO] --- maven-jar-plugin:2.4:jar (default-jar) @ okhttp-tests ---
[WARNING] JAR will be empty - no content was marked for inclusion!
[INFO] 
[INFO] --- maven-checkstyle-plugin:2.10:checkstyle (default) @ okhttp-tests ---
[INFO] 
[INFO] --- maven-install-plugin:2.4:install (default-install) @ okhttp-tests ---
[INFO] Installing /home/travis/build/failed/square/okhttp/okhttp-tests/target/okhttp-tests-3.4.0-SNAPSHOT.jar to /home/travis/.m2/repository/com/squareup/okhttp3/okhttp-tests/3.4.0-SNAPSHOT/okhttp-tests-3.4.0-SNAPSHOT.jar
[INFO] Installing /home/travis/build/failed/square/okhttp/okhttp-tests/pom.xml to /home/travis/.m2/repository/com/squareup/okhttp3/okhttp-tests/3.4.0-SNAPSHOT/okhttp-tests-3.4.0-SNAPSHOT.pom
[INFO]                                                                         
[INFO] ------------------------------------------------------------------------
[INFO] Building OkHttp Android Platform Support 3.4.0-SNAPSHOT
[INFO] ------------------------------------------------------------------------
[INFO] 
[INFO] --- maven-enforcer-plugin:1.0:enforce (enforce-maven) @ okhttp-android-support ---
[INFO] 
[INFO] --- maven-resources-plugin:2.6:resources (default-resources) @ okhttp-android-support ---
[INFO] Using 'UTF-8' encoding to copy filtered resources.
[INFO] skip non existing resourceDirectory /home/travis/build/failed/square/okhttp/okhttp-android-support/src/main/resources
[INFO] 
[INFO] --- maven-compiler-plugin:3.0:compile (default-compile) @ okhttp-android-support ---
[INFO] Changes detected - recompiling the module!
[INFO] Compiling 5 source files to /home/travis/build/failed/square/okhttp/okhttp-android-support/target/classes
[WARNING] /home/travis/build/failed/square/okhttp/okhttp-android-support/src/main/java/okhttp3/AndroidInternal.java: /home/travis/build/failed/square/okhttp/okhttp-android-support/src/main/java/okhttp3/AndroidInternal.java uses or overrides a deprecated API.
[WARNING] /home/travis/build/failed/square/okhttp/okhttp-android-support/src/main/java/okhttp3/AndroidInternal.java: Recompile with -Xlint:deprecation for details.
[INFO] 
[INFO] --- maven-resources-plugin:2.6:testResources (default-testResources) @ okhttp-android-support ---
[INFO] Using 'UTF-8' encoding to copy filtered resources.
[INFO] skip non existing resourceDirectory /home/travis/build/failed/square/okhttp/okhttp-android-support/src/test/resources
[INFO] 
[INFO] --- maven-compiler-plugin:3.0:testCompile (default-testCompile) @ okhttp-android-support ---
[INFO] Changes detected - recompiling the module!
[INFO] Compiling 6 source files to /home/travis/build/failed/square/okhttp/okhttp-android-support/target/test-classes
[WARNING] /home/travis/build/failed/square/okhttp/okhttp-android-support/src/test/java/okhttp3/android/HttpResponseCacheTest.java: Some input files use or override a deprecated API.
[WARNING] /home/travis/build/failed/square/okhttp/okhttp-android-support/src/test/java/okhttp3/android/HttpResponseCacheTest.java: Recompile with -Xlint:deprecation for details.
[INFO] 
[INFO] --- maven-surefire-plugin:2.17:test (default-test) @ okhttp-android-support ---
[INFO] Tests are skipped.
[INFO] 
[INFO] --- animal-sniffer-maven-plugin:1.11:check (default) @ okhttp-android-support ---
[INFO] Checking unresolved references to org.codehaus.mojo.signature:java16:1.1
[INFO] 
[INFO] --- maven-jar-plugin:2.4:jar (default-jar) @ okhttp-android-support ---
[INFO] Building jar: /home/travis/build/failed/square/okhttp/okhttp-android-support/target/okhttp-android-support-3.4.0-SNAPSHOT.jar
[INFO] 
[INFO] --- maven-checkstyle-plugin:2.10:checkstyle (default) @ okhttp-android-support ---
[INFO] Starting audit...
Audit done.

[WARNING] Unable to locate Source XRef to link to - DISABLED
[INFO] 
[INFO] --- maven-install-plugin:2.4:install (default-install) @ okhttp-android-support ---
[INFO] Installing /home/travis/build/failed/square/okhttp/okhttp-android-support/target/okhttp-android-support-3.4.0-SNAPSHOT.jar to /home/travis/.m2/repository/com/squareup/okhttp3/okhttp-android-support/3.4.0-SNAPSHOT/okhttp-android-support-3.4.0-SNAPSHOT.jar
[INFO] Installing /home/travis/build/failed/square/okhttp/okhttp-android-support/pom.xml to /home/travis/.m2/repository/com/squareup/okhttp3/okhttp-android-support/3.4.0-SNAPSHOT/okhttp-android-support-3.4.0-SNAPSHOT.pom
[INFO]                                                                         
[INFO] ------------------------------------------------------------------------
[INFO] Building OkHttp Apache HttpClient 3.4.0-SNAPSHOT
[INFO] ------------------------------------------------------------------------
[INFO] 
[INFO] --- maven-enforcer-plugin:1.0:enforce (enforce-maven) @ okhttp-apache ---
[INFO] 
[INFO] --- maven-resources-plugin:2.6:resources (default-resources) @ okhttp-apache ---
[INFO] Using 'UTF-8' encoding to copy filtered resources.
[INFO] skip non existing resourceDirectory /home/travis/build/failed/square/okhttp/okhttp-apache/src/main/resources
[INFO] 
[INFO] --- maven-compiler-plugin:3.0:compile (default-compile) @ okhttp-apache ---
[INFO] Changes detected - recompiling the module!
[INFO] Compiling 2 source files to /home/travis/build/failed/square/okhttp/okhttp-apache/target/classes
[INFO] 
[INFO] --- maven-resources-plugin:2.6:testResources (default-testResources) @ okhttp-apache ---
[INFO] Using 'UTF-8' encoding to copy filtered resources.
[INFO] skip non existing resourceDirectory /home/travis/build/failed/square/okhttp/okhttp-apache/src/test/resources
[INFO] 
[INFO] --- maven-compiler-plugin:3.0:testCompile (default-testCompile) @ okhttp-apache ---
[INFO] Changes detected - recompiling the module!
[INFO] Compiling 1 source file to /home/travis/build/failed/square/okhttp/okhttp-apache/target/test-classes
[WARNING] /home/travis/build/failed/square/okhttp/okhttp-apache/src/test/java/okhttp3/apache/OkApacheClientTest.java: /home/travis/build/failed/square/okhttp/okhttp-apache/src/test/java/okhttp3/apache/OkApacheClientTest.java uses or overrides a deprecated API.
[WARNING] /home/travis/build/failed/square/okhttp/okhttp-apache/src/test/java/okhttp3/apache/OkApacheClientTest.java: Recompile with -Xlint:deprecation for details.
[INFO] 
[INFO] --- maven-surefire-plugin:2.17:test (default-test) @ okhttp-apache ---
[INFO] Tests are skipped.
[INFO] 
[INFO] --- animal-sniffer-maven-plugin:1.11:check (default) @ okhttp-apache ---
[INFO] Checking unresolved references to org.codehaus.mojo.signature:java16:1.1
[INFO] 
[INFO] --- maven-jar-plugin:2.4:jar (default-jar) @ okhttp-apache ---
[INFO] Building jar: /home/travis/build/failed/square/okhttp/okhttp-apache/target/okhttp-apache-3.4.0-SNAPSHOT.jar
[INFO] 
[INFO] --- maven-checkstyle-plugin:2.10:checkstyle (default) @ okhttp-apache ---
[INFO] Starting audit...
Audit done.

[WARNING] Unable to locate Source XRef to link to - DISABLED
[INFO] 
[INFO] --- maven-install-plugin:2.4:install (default-install) @ okhttp-apache ---
[INFO] Installing /home/travis/build/failed/square/okhttp/okhttp-apache/target/okhttp-apache-3.4.0-SNAPSHOT.jar to /home/travis/.m2/repository/com/squareup/okhttp3/okhttp-apache/3.4.0-SNAPSHOT/okhttp-apache-3.4.0-SNAPSHOT.jar
[INFO] Installing /home/travis/build/failed/square/okhttp/okhttp-apache/pom.xml to /home/travis/.m2/repository/com/squareup/okhttp3/okhttp-apache/3.4.0-SNAPSHOT/okhttp-apache-3.4.0-SNAPSHOT.pom
[INFO]                                                                         
[INFO] ------------------------------------------------------------------------
[INFO] Building OkHttp Web Socket Tests 3.4.0-SNAPSHOT
[INFO] ------------------------------------------------------------------------
[INFO] 
[INFO] --- maven-enforcer-plugin:1.0:enforce (enforce-maven) @ okhttp-ws-tests ---
[INFO] 
[INFO] --- maven-resources-plugin:2.6:resources (default-resources) @ okhttp-ws-tests ---
[INFO] Using 'UTF-8' encoding to copy filtered resources.
[INFO] skip non existing resourceDirectory /home/travis/build/failed/square/okhttp/okhttp-ws-tests/src/main/resources
[INFO] 
[INFO] --- maven-compiler-plugin:3.0:compile (default-compile) @ okhttp-ws-tests ---
[INFO] Changes detected - recompiling the module!
[INFO] Compiling 1 source file to /home/travis/build/failed/square/okhttp/okhttp-ws-tests/target/classes
[INFO] 
[INFO] --- maven-resources-plugin:2.6:testResources (default-testResources) @ okhttp-ws-tests ---
[INFO] Using 'UTF-8' encoding to copy filtered resources.
[INFO] skip non existing resourceDirectory /home/travis/build/failed/square/okhttp/okhttp-ws-tests/src/test/resources
[INFO] 
[INFO] --- maven-compiler-plugin:3.0:testCompile (default-testCompile) @ okhttp-ws-tests ---
[INFO] Changes detected - recompiling the module!
[INFO] Compiling 5 source files to /home/travis/build/failed/square/okhttp/okhttp-ws-tests/target/test-classes
[INFO] 
[INFO] --- maven-surefire-plugin:2.17:test (default-test) @ okhttp-ws-tests ---
[INFO] Tests are skipped.
[INFO] 
[INFO] --- animal-sniffer-maven-plugin:1.11:check (default) @ okhttp-ws-tests ---
[INFO] Checking unresolved references to org.codehaus.mojo.signature:java16:1.1
[INFO] 
[INFO] --- maven-jar-plugin:2.4:jar (default-jar) @ okhttp-ws-tests ---
[INFO] Building jar: /home/travis/build/failed/square/okhttp/okhttp-ws-tests/target/okhttp-ws-tests-3.4.0-SNAPSHOT.jar
[INFO] 
[INFO] --- maven-assembly-plugin:2.2-beta-5:single (default) @ okhttp-ws-tests ---
[INFO] META-INF/ already added, skipping
[INFO] META-INF/MANIFEST.MF already added, skipping
[INFO] okhttp3/ already added, skipping
[INFO] okhttp3/internal/ already added, skipping
[INFO] META-INF/maven/ already added, skipping
[INFO] META-INF/maven/com.squareup.okhttp3/ already added, skipping
[INFO] META-INF/ already added, skipping
[INFO] META-INF/MANIFEST.MF already added, skipping
[INFO] META-INF/maven/ already added, skipping
[INFO] Building jar: /home/travis/build/failed/square/okhttp/okhttp-ws-tests/target/okhttp-ws-tests-3.4.0-SNAPSHOT-jar-with-dependencies.jar
[INFO] META-INF/ already added, skipping
[INFO] META-INF/MANIFEST.MF already added, skipping
[INFO] okhttp3/ already added, skipping
[INFO] okhttp3/internal/ already added, skipping
[INFO] META-INF/maven/ already added, skipping
[INFO] META-INF/maven/com.squareup.okhttp3/ already added, skipping
[INFO] META-INF/ already added, skipping
[INFO] META-INF/MANIFEST.MF already added, skipping
[INFO] META-INF/maven/ already added, skipping
[INFO] 
[INFO] --- maven-checkstyle-plugin:2.10:checkstyle (default) @ okhttp-ws-tests ---
[INFO] Starting audit...
Audit done.

[WARNING] Unable to locate Source XRef to link to - DISABLED
[INFO] 
[INFO] --- maven-install-plugin:2.4:install (default-install) @ okhttp-ws-tests ---
[INFO] Installing /home/travis/build/failed/square/okhttp/okhttp-ws-tests/target/okhttp-ws-tests-3.4.0-SNAPSHOT.jar to /home/travis/.m2/repository/com/squareup/okhttp3/okhttp-ws-tests/3.4.0-SNAPSHOT/okhttp-ws-tests-3.4.0-SNAPSHOT.jar
[INFO] Installing /home/travis/build/failed/square/okhttp/okhttp-ws-tests/pom.xml to /home/travis/.m2/repository/com/squareup/okhttp3/okhttp-ws-tests/3.4.0-SNAPSHOT/okhttp-ws-tests-3.4.0-SNAPSHOT.pom
[INFO] Installing /home/travis/build/failed/square/okhttp/okhttp-ws-tests/target/okhttp-ws-tests-3.4.0-SNAPSHOT-jar-with-dependencies.jar to /home/travis/.m2/repository/com/squareup/okhttp3/okhttp-ws-tests/3.4.0-SNAPSHOT/okhttp-ws-tests-3.4.0-SNAPSHOT-jar-with-dependencies.jar
[INFO]                                                                         
[INFO] ------------------------------------------------------------------------
[INFO] Building OkHttp Logging Interceptor 3.4.0-SNAPSHOT
[INFO] ------------------------------------------------------------------------
[INFO] 
[INFO] --- maven-enforcer-plugin:1.0:enforce (enforce-maven) @ logging-interceptor ---
[INFO] 
[INFO] --- maven-resources-plugin:2.6:resources (default-resources) @ logging-interceptor ---
[INFO] Using 'UTF-8' encoding to copy filtered resources.
[INFO] skip non existing resourceDirectory /home/travis/build/failed/square/okhttp/okhttp-logging-interceptor/src/main/resources
[INFO] 
[INFO] --- maven-compiler-plugin:3.0:compile (default-compile) @ logging-interceptor ---
[INFO] Changes detected - recompiling the module!
[INFO] Compiling 1 source file to /home/travis/build/failed/square/okhttp/okhttp-logging-interceptor/target/classes
[INFO] 
[INFO] --- maven-resources-plugin:2.6:testResources (default-testResources) @ logging-interceptor ---
[INFO] Using 'UTF-8' encoding to copy filtered resources.
[INFO] skip non existing resourceDirectory /home/travis/build/failed/square/okhttp/okhttp-logging-interceptor/src/test/resources
[INFO] 
[INFO] --- maven-compiler-plugin:3.0:testCompile (default-testCompile) @ logging-interceptor ---
[INFO] Changes detected - recompiling the module!
[INFO] Compiling 1 source file to /home/travis/build/failed/square/okhttp/okhttp-logging-interceptor/target/test-classes
[INFO] 
[INFO] --- maven-surefire-plugin:2.17:test (default-test) @ logging-interceptor ---
[INFO] Tests are skipped.
[INFO] 
[INFO] --- animal-sniffer-maven-plugin:1.11:check (default) @ logging-interceptor ---
[INFO] Checking unresolved references to org.codehaus.mojo.signature:java16:1.1
[INFO] 
[INFO] --- maven-jar-plugin:2.4:jar (default-jar) @ logging-interceptor ---
[INFO] Building jar: /home/travis/build/failed/square/okhttp/okhttp-logging-interceptor/target/logging-interceptor-3.4.0-SNAPSHOT.jar
[INFO] 
[INFO] --- maven-checkstyle-plugin:2.10:checkstyle (default) @ logging-interceptor ---
[INFO] Starting audit...
Audit done.

[WARNING] Unable to locate Source XRef to link to - DISABLED
[INFO] 
[INFO] --- maven-install-plugin:2.4:install (default-install) @ logging-interceptor ---
[INFO] Installing /home/travis/build/failed/square/okhttp/okhttp-logging-interceptor/target/logging-interceptor-3.4.0-SNAPSHOT.jar to /home/travis/.m2/repository/com/squareup/okhttp3/logging-interceptor/3.4.0-SNAPSHOT/logging-interceptor-3.4.0-SNAPSHOT.jar
[INFO] Installing /home/travis/build/failed/square/okhttp/okhttp-logging-interceptor/pom.xml to /home/travis/.m2/repository/com/squareup/okhttp3/logging-interceptor/3.4.0-SNAPSHOT/logging-interceptor-3.4.0-SNAPSHOT.pom
[INFO]                                                                         
[INFO] ------------------------------------------------------------------------
[INFO] Building OkCurl 3.4.0-SNAPSHOT
[INFO] ------------------------------------------------------------------------
[INFO] 
[INFO] --- maven-enforcer-plugin:1.0:enforce (enforce-maven) @ okcurl ---
[INFO] 
[INFO] --- maven-resources-plugin:2.6:resources (default-resources) @ okcurl ---
[INFO] Using 'UTF-8' encoding to copy filtered resources.
[INFO] Copying 1 resource
[INFO] 
[INFO] --- maven-compiler-plugin:3.0:compile (default-compile) @ okcurl ---
[INFO] Changes detected - recompiling the module!
[INFO] Compiling 1 source file to /home/travis/build/failed/square/okhttp/okcurl/target/classes
[INFO] 
[INFO] --- maven-resources-plugin:2.6:testResources (default-testResources) @ okcurl ---
[INFO] Using 'UTF-8' encoding to copy filtered resources.
[INFO] skip non existing resourceDirectory /home/travis/build/failed/square/okhttp/okcurl/src/test/resources
[INFO] 
[INFO] --- maven-compiler-plugin:3.0:testCompile (default-testCompile) @ okcurl ---
[INFO] Changes detected - recompiling the module!
[INFO] Compiling 1 source file to /home/travis/build/failed/square/okhttp/okcurl/target/test-classes
[INFO] 
[INFO] --- maven-surefire-plugin:2.17:test (default-test) @ okcurl ---
[INFO] Tests are skipped.
[INFO] 
[INFO] --- animal-sniffer-maven-plugin:1.11:check (default) @ okcurl ---
[INFO] Checking unresolved references to org.codehaus.mojo.signature:java16:1.1
[INFO] 
[INFO] --- maven-jar-plugin:2.4:jar (default-jar) @ okcurl ---
[INFO] Building jar: /home/travis/build/failed/square/okhttp/okcurl/target/okcurl-3.4.0-SNAPSHOT.jar
[INFO] 
[INFO] --- maven-assembly-plugin:2.2-beta-5:single (default) @ okcurl ---
[INFO] META-INF/ already added, skipping
[INFO] META-INF/MANIFEST.MF already added, skipping
[INFO] META-INF/maven/ already added, skipping
[INFO] META-INF/MANIFEST.MF already added, skipping
[INFO] META-INF/ already added, skipping
[INFO] META-INF/MANIFEST.MF already added, skipping
[INFO] META-INF/maven/ already added, skipping
[INFO] META-INF/ already added, skipping
[INFO] META-INF/MANIFEST.MF already added, skipping
[INFO] javax/ already added, skipping
[INFO] META-INF/MANIFEST.MF already added, skipping
[INFO] META-INF/ already added, skipping
[INFO] META-INF/maven/ already added, skipping
[INFO] Building jar: /home/travis/build/failed/square/okhttp/okcurl/target/okcurl-3.4.0-SNAPSHOT-jar-with-dependencies.jar
[INFO] META-INF/ already added, skipping
[INFO] META-INF/MANIFEST.MF already added, skipping
[INFO] META-INF/maven/ already added, skipping
[INFO] META-INF/MANIFEST.MF already added, skipping
[INFO] META-INF/ already added, skipping
[INFO] META-INF/MANIFEST.MF already added, skipping
[INFO] META-INF/maven/ already added, skipping
[INFO] META-INF/ already added, skipping
[INFO] META-INF/MANIFEST.MF already added, skipping
[INFO] javax/ already added, skipping
[INFO] META-INF/MANIFEST.MF already added, skipping
[INFO] META-INF/ already added, skipping
[INFO] META-INF/maven/ already added, skipping
[INFO] 
[INFO] --- really-executable-jar-maven-plugin:1.1.0:really-executable-jar (default) @ okcurl ---
[INFO] 
[INFO] --- maven-checkstyle-plugin:2.10:checkstyle (default) @ okcurl ---
[INFO] Starting audit...
Audit done.

[WARNING] Unable to locate Source XRef to link to - DISABLED
[INFO] 
[INFO] --- maven-install-plugin:2.4:install (default-install) @ okcurl ---
[INFO] Installing /home/travis/build/failed/square/okhttp/okcurl/target/okcurl-3.4.0-SNAPSHOT.jar to /home/travis/.m2/repository/com/squareup/okhttp3/okcurl/3.4.0-SNAPSHOT/okcurl-3.4.0-SNAPSHOT.jar
[INFO] Installing /home/travis/build/failed/square/okhttp/okcurl/pom.xml to /home/travis/.m2/repository/com/squareup/okhttp3/okcurl/3.4.0-SNAPSHOT/okcurl-3.4.0-SNAPSHOT.pom
[INFO] Installing /home/travis/build/failed/square/okhttp/okcurl/target/okcurl-3.4.0-SNAPSHOT-jar-with-dependencies.jar to /home/travis/.m2/repository/com/squareup/okhttp3/okcurl/3.4.0-SNAPSHOT/okcurl-3.4.0-SNAPSHOT-jar-with-dependencies.jar
[INFO]                                                                         
[INFO] ------------------------------------------------------------------------
[INFO] Building Samples (Parent) 3.4.0-SNAPSHOT
[INFO] ------------------------------------------------------------------------
[INFO] 
[INFO] --- maven-enforcer-plugin:1.0:enforce (enforce-maven) @ sample-parent ---
[INFO] 
[INFO] --- maven-checkstyle-plugin:2.10:checkstyle (default) @ sample-parent ---
[INFO] 
[INFO] --- maven-install-plugin:2.4:install (default-install) @ sample-parent ---
[INFO] Installing /home/travis/build/failed/square/okhttp/samples/pom.xml to /home/travis/.m2/repository/com/squareup/okhttp3/sample/sample-parent/3.4.0-SNAPSHOT/sample-parent-3.4.0-SNAPSHOT.pom
[INFO]                                                                         
[INFO] ------------------------------------------------------------------------
[INFO] Building Sample: Guide 3.4.0-SNAPSHOT
[INFO] ------------------------------------------------------------------------
[INFO] 
[INFO] --- maven-enforcer-plugin:1.0:enforce (enforce-maven) @ guide ---
[INFO] 
[INFO] --- maven-resources-plugin:2.6:resources (default-resources) @ guide ---
[INFO] Using 'UTF-8' encoding to copy filtered resources.
[INFO] skip non existing resourceDirectory /home/travis/build/failed/square/okhttp/samples/guide/src/main/resources
[INFO] 
[INFO] --- maven-compiler-plugin:3.0:compile (default-compile) @ guide ---
[INFO] Changes detected - recompiling the module!
[INFO] Compiling 24 source files to /home/travis/build/failed/square/okhttp/samples/guide/target/classes
[INFO] 
[INFO] --- maven-resources-plugin:2.6:testResources (default-testResources) @ guide ---
[INFO] Using 'UTF-8' encoding to copy filtered resources.
[INFO] skip non existing resourceDirectory /home/travis/build/failed/square/okhttp/samples/guide/src/test/resources
[INFO] 
[INFO] --- maven-compiler-plugin:3.0:testCompile (default-testCompile) @ guide ---
[INFO] No sources to compile
[INFO] 
[INFO] --- maven-surefire-plugin:2.17:test (default-test) @ guide ---
[INFO] Tests are skipped.
[INFO] 
[INFO] --- maven-jar-plugin:2.4:jar (default-jar) @ guide ---
[INFO] Building jar: /home/travis/build/failed/square/okhttp/samples/guide/target/guide-3.4.0-SNAPSHOT.jar
[INFO] 
[INFO] --- maven-checkstyle-plugin:2.10:checkstyle (default) @ guide ---
[INFO] Starting audit...
Audit done.

[WARNING] Unable to locate Source XRef to link to - DISABLED
[INFO] 
[INFO] --- maven-install-plugin:2.4:install (default-install) @ guide ---
[INFO] Installing /home/travis/build/failed/square/okhttp/samples/guide/target/guide-3.4.0-SNAPSHOT.jar to /home/travis/.m2/repository/com/squareup/okhttp3/sample/guide/3.4.0-SNAPSHOT/guide-3.4.0-SNAPSHOT.jar
[INFO] Installing /home/travis/build/failed/square/okhttp/samples/guide/pom.xml to /home/travis/.m2/repository/com/squareup/okhttp3/sample/guide/3.4.0-SNAPSHOT/guide-3.4.0-SNAPSHOT.pom
[INFO]                                                                         
[INFO] ------------------------------------------------------------------------
[INFO] Building Sample: Crawler 3.4.0-SNAPSHOT
[INFO] ------------------------------------------------------------------------
[INFO] 
[INFO] --- maven-enforcer-plugin:1.0:enforce (enforce-maven) @ crawler ---
[INFO] 
[INFO] --- maven-resources-plugin:2.6:resources (default-resources) @ crawler ---
[INFO] Using 'UTF-8' encoding to copy filtered resources.
[INFO] skip non existing resourceDirectory /home/travis/build/failed/square/okhttp/samples/crawler/src/main/resources
[INFO] 
[INFO] --- maven-compiler-plugin:3.0:compile (default-compile) @ crawler ---
[INFO] Changes detected - recompiling the module!
[INFO] Compiling 1 source file to /home/travis/build/failed/square/okhttp/samples/crawler/target/classes
[INFO] 
[INFO] --- maven-resources-plugin:2.6:testResources (default-testResources) @ crawler ---
[INFO] Using 'UTF-8' encoding to copy filtered resources.
[INFO] skip non existing resourceDirectory /home/travis/build/failed/square/okhttp/samples/crawler/src/test/resources
[INFO] 
[INFO] --- maven-compiler-plugin:3.0:testCompile (default-testCompile) @ crawler ---
[INFO] No sources to compile
[INFO] 
[INFO] --- maven-surefire-plugin:2.17:test (default-test) @ crawler ---
[INFO] Tests are skipped.
[INFO] 
[INFO] --- maven-jar-plugin:2.4:jar (default-jar) @ crawler ---
[INFO] Building jar: /home/travis/build/failed/square/okhttp/samples/crawler/target/crawler-3.4.0-SNAPSHOT.jar
[INFO] 
[INFO] --- maven-checkstyle-plugin:2.10:checkstyle (default) @ crawler ---
[INFO] Starting audit...
Audit done.

[WARNING] Unable to locate Source XRef to link to - DISABLED
[INFO] 
[INFO] --- maven-install-plugin:2.4:install (default-install) @ crawler ---
[INFO] Installing /home/travis/build/failed/square/okhttp/samples/crawler/target/crawler-3.4.0-SNAPSHOT.jar to /home/travis/.m2/repository/com/squareup/okhttp3/sample/crawler/3.4.0-SNAPSHOT/crawler-3.4.0-SNAPSHOT.jar
[INFO] Installing /home/travis/build/failed/square/okhttp/samples/crawler/pom.xml to /home/travis/.m2/repository/com/squareup/okhttp3/sample/crawler/3.4.0-SNAPSHOT/crawler-3.4.0-SNAPSHOT.pom
[INFO]                                                                         
[INFO] ------------------------------------------------------------------------
[INFO] Building Sample: Simple Client 3.4.0-SNAPSHOT
[INFO] ------------------------------------------------------------------------
[INFO] 
[INFO] --- maven-enforcer-plugin:1.0:enforce (enforce-maven) @ simple-client ---
[INFO] 
[INFO] --- maven-resources-plugin:2.6:resources (default-resources) @ simple-client ---
[INFO] Using 'UTF-8' encoding to copy filtered resources.
[INFO] skip non existing resourceDirectory /home/travis/build/failed/square/okhttp/samples/simple-client/src/main/resources
[INFO] 
[INFO] --- maven-compiler-plugin:3.0:compile (default-compile) @ simple-client ---
[INFO] Changes detected - recompiling the module!
[INFO] Compiling 1 source file to /home/travis/build/failed/square/okhttp/samples/simple-client/target/classes
[INFO] 
[INFO] --- maven-resources-plugin:2.6:testResources (default-testResources) @ simple-client ---
[INFO] Using 'UTF-8' encoding to copy filtered resources.
[INFO] skip non existing resourceDirectory /home/travis/build/failed/square/okhttp/samples/simple-client/src/test/resources
[INFO] 
[INFO] --- maven-compiler-plugin:3.0:testCompile (default-testCompile) @ simple-client ---
[INFO] No sources to compile
[INFO] 
[INFO] --- maven-surefire-plugin:2.17:test (default-test) @ simple-client ---
[INFO] Tests are skipped.
[INFO] 
[INFO] --- maven-jar-plugin:2.4:jar (default-jar) @ simple-client ---
[INFO] Building jar: /home/travis/build/failed/square/okhttp/samples/simple-client/target/simple-client-3.4.0-SNAPSHOT.jar
[INFO] 
[INFO] --- maven-checkstyle-plugin:2.10:checkstyle (default) @ simple-client ---
[INFO] Starting audit...
Audit done.

[WARNING] Unable to locate Source XRef to link to - DISABLED
[INFO] 
[INFO] --- maven-install-plugin:2.4:install (default-install) @ simple-client ---
[INFO] Installing /home/travis/build/failed/square/okhttp/samples/simple-client/target/simple-client-3.4.0-SNAPSHOT.jar to /home/travis/.m2/repository/com/squareup/okhttp3/sample/simple-client/3.4.0-SNAPSHOT/simple-client-3.4.0-SNAPSHOT.jar
[INFO] Installing /home/travis/build/failed/square/okhttp/samples/simple-client/pom.xml to /home/travis/.m2/repository/com/squareup/okhttp3/sample/simple-client/3.4.0-SNAPSHOT/simple-client-3.4.0-SNAPSHOT.pom
[INFO]                                                                         
[INFO] ------------------------------------------------------------------------
[INFO] Building Sample: Static Server 3.4.0-SNAPSHOT
[INFO] ------------------------------------------------------------------------
[INFO] 
[INFO] --- maven-enforcer-plugin:1.0:enforce (enforce-maven) @ static-server ---
[INFO] 
[INFO] --- maven-resources-plugin:2.6:resources (default-resources) @ static-server ---
[INFO] Using 'UTF-8' encoding to copy filtered resources.
[INFO] skip non existing resourceDirectory /home/travis/build/failed/square/okhttp/samples/static-server/src/main/resources
[INFO] 
[INFO] --- maven-compiler-plugin:3.0:compile (default-compile) @ static-server ---
[INFO] Changes detected - recompiling the module!
[INFO] Compiling 1 source file to /home/travis/build/failed/square/okhttp/samples/static-server/target/classes
[INFO] 
[INFO] --- maven-resources-plugin:2.6:testResources (default-testResources) @ static-server ---
[INFO] Using 'UTF-8' encoding to copy filtered resources.
[INFO] skip non existing resourceDirectory /home/travis/build/failed/square/okhttp/samples/static-server/src/test/resources
[INFO] 
[INFO] --- maven-compiler-plugin:3.0:testCompile (default-testCompile) @ static-server ---
[INFO] No sources to compile
[INFO] 
[INFO] --- maven-surefire-plugin:2.17:test (default-test) @ static-server ---
[INFO] Tests are skipped.
[INFO] 
[INFO] --- maven-jar-plugin:2.4:jar (default-jar) @ static-server ---
[INFO] Building jar: /home/travis/build/failed/square/okhttp/samples/static-server/target/static-server-3.4.0-SNAPSHOT.jar
[INFO] 
[INFO] --- maven-shade-plugin:2.1:shade (default) @ static-server ---
[WARNING] Map in class org.apache.maven.plugins.shade.resource.ManifestResourceTransformer declares value type as: class java.util.jar.Attributes but saw: class java.lang.String at runtime
[INFO] Including com.squareup.okhttp3:mockwebserver:jar:3.4.0-SNAPSHOT in the shaded jar.
[INFO] Including com.squareup.okhttp3:okhttp:jar:3.4.0-SNAPSHOT in the shaded jar.
[INFO] Including com.squareup.okio:okio:jar:1.8.0 in the shaded jar.
[INFO] Including com.squareup.okhttp3:okhttp-ws:jar:3.4.0-SNAPSHOT in the shaded jar.
[INFO] Including org.bouncycastle:bcprov-jdk15on:jar:1.50 in the shaded jar.
[INFO] Including junit:junit:jar:4.12 in the shaded jar.
[INFO] Including org.hamcrest:hamcrest-core:jar:1.3 in the shaded jar.
[INFO] Attaching shaded artifact.
[INFO] 
[INFO] --- maven-checkstyle-plugin:2.10:checkstyle (default) @ static-server ---
[INFO] Starting audit...
Audit done.

[WARNING] Unable to locate Source XRef to link to - DISABLED
[INFO] 
[INFO] --- maven-install-plugin:2.4:install (default-install) @ static-server ---
[INFO] Installing /home/travis/build/failed/square/okhttp/samples/static-server/target/static-server-3.4.0-SNAPSHOT.jar to /home/travis/.m2/repository/com/squareup/okhttp3/sample/static-server/3.4.0-SNAPSHOT/static-server-3.4.0-SNAPSHOT.jar
[INFO] Installing /home/travis/build/failed/square/okhttp/samples/static-server/pom.xml to /home/travis/.m2/repository/com/squareup/okhttp3/sample/static-server/3.4.0-SNAPSHOT/static-server-3.4.0-SNAPSHOT.pom
[INFO] Installing /home/travis/build/failed/square/okhttp/samples/static-server/target/static-server-3.4.0-SNAPSHOT-shaded.jar to /home/travis/.m2/repository/com/squareup/okhttp3/sample/static-server/3.4.0-SNAPSHOT/static-server-3.4.0-SNAPSHOT-shaded.jar
[INFO]                                                                         
[INFO] ------------------------------------------------------------------------
[INFO] Building Benchmarks 3.4.0-SNAPSHOT
[INFO] ------------------------------------------------------------------------
[INFO] 
[INFO] --- maven-enforcer-plugin:1.0:enforce (enforce-maven) @ benchmarks ---
[INFO] 
[INFO] --- maven-resources-plugin:2.6:resources (default-resources) @ benchmarks ---
[INFO] Using 'UTF-8' encoding to copy filtered resources.
[INFO] skip non existing resourceDirectory /home/travis/build/failed/square/okhttp/benchmarks/src/main/resources
[INFO] 
[INFO] --- maven-compiler-plugin:3.0:compile (default-compile) @ benchmarks ---
[INFO] Changes detected - recompiling the module!
[INFO] Compiling 9 source files to /home/travis/build/failed/square/okhttp/benchmarks/target/classes
[INFO] 
[INFO] --- maven-resources-plugin:2.6:testResources (default-testResources) @ benchmarks ---
[INFO] Using 'UTF-8' encoding to copy filtered resources.
[INFO] skip non existing resourceDirectory /home/travis/build/failed/square/okhttp/benchmarks/src/test/resources
[INFO] 
[INFO] --- maven-compiler-plugin:3.0:testCompile (default-testCompile) @ benchmarks ---
[INFO] No sources to compile
[INFO] 
[INFO] --- maven-surefire-plugin:2.17:test (default-test) @ benchmarks ---
[INFO] Tests are skipped.
[INFO] 
[INFO] --- animal-sniffer-maven-plugin:1.11:check (default) @ benchmarks ---
[INFO] Checking unresolved references to org.codehaus.mojo.signature:java16:1.1
[INFO] 
[INFO] --- maven-jar-plugin:2.4:jar (default-jar) @ benchmarks ---
[INFO] Building jar: /home/travis/build/failed/square/okhttp/benchmarks/target/benchmarks-3.4.0-SNAPSHOT.jar
[INFO] 
[INFO] --- maven-checkstyle-plugin:2.10:checkstyle (default) @ benchmarks ---
[INFO] Starting audit...
Audit done.

[WARNING] Unable to locate Source XRef to link to - DISABLED
[INFO] 
[INFO] --- maven-install-plugin:2.4:install (default-install) @ benchmarks ---
[INFO] Installing /home/travis/build/failed/square/okhttp/benchmarks/target/benchmarks-3.4.0-SNAPSHOT.jar to /home/travis/.m2/repository/com/squareup/okhttp3/benchmarks/3.4.0-SNAPSHOT/benchmarks-3.4.0-SNAPSHOT.jar
[INFO] Installing /home/travis/build/failed/square/okhttp/benchmarks/pom.xml to /home/travis/.m2/repository/com/squareup/okhttp3/benchmarks/3.4.0-SNAPSHOT/benchmarks-3.4.0-SNAPSHOT.pom
[INFO] ------------------------------------------------------------------------
[INFO] Reactor Summary:
[INFO] 
[INFO] OkHttp (Parent) .................................... SUCCESS [ 10.728 s]
[INFO] OkHttp ............................................. SUCCESS [  7.201 s]
[INFO] OkHttp test support classes ........................ SUCCESS [  1.062 s]
[INFO] OkHttp Web Sockets ................................. SUCCESS [  0.873 s]
[INFO] MockWebServer ...................................... SUCCESS [  4.512 s]
[INFO] OkHttp URLConnection ............................... SUCCESS [  1.544 s]
[INFO] OkHttp Tests ....................................... SUCCESS [  1.610 s]
[INFO] OkHttp Android Platform Support .................... SUCCESS [  0.961 s]
[INFO] OkHttp Apache HttpClient ........................... SUCCESS [  0.901 s]
[INFO] OkHttp Web Socket Tests ............................ SUCCESS [  1.309 s]
[INFO] OkHttp Logging Interceptor ......................... SUCCESS [  1.460 s]
[INFO] OkCurl ............................................. SUCCESS [  4.477 s]
[INFO] Samples (Parent) ................................... SUCCESS [  0.344 s]
[INFO] Sample: Guide ...................................... SUCCESS [  1.439 s]
[INFO] Sample: Crawler .................................... SUCCESS [  0.991 s]
[INFO] Sample: Simple Client .............................. SUCCESS [  0.545 s]
[INFO] Sample: Static Server .............................. SUCCESS [  3.410 s]
[INFO] Benchmarks ......................................... SUCCESS [  3.163 s]
[INFO] ------------------------------------------------------------------------
[INFO] BUILD SUCCESS
[INFO] ------------------------------------------------------------------------
[INFO] Total time: 48.120 s
[INFO] Finished at: 2022-02-27T13:13:24+00:00
[INFO] Final Memory: 43M/480M
[INFO] ------------------------------------------------------------------------

travis_time:end:02725d31:start=1645967554757147617,finish=1645967604531400115,duration=49774252498[0Ktravis_fold:end:install[0Ktravis_time:start:1223ab5d[0K$ mvn test -Dhttps.protocols=TLSv1.2 -Dhttps.protocols=TLSv1.2 -B
[INFO] Scanning for projects...
[WARNING] 
[WARNING] Some problems were encountered while building the effective model for com.squareup.okhttp3:okhttp-tests:jar:3.4.0-SNAPSHOT
[WARNING] 'build.plugins.plugin.version' for org.apache.maven.plugins:maven-deploy-plugin is missing. @ com.squareup.okhttp3:okhttp-tests:[unknown-version], /home/travis/build/failed/square/okhttp/okhttp-tests/pom.xml, line 53, column 15
[WARNING] 
[WARNING] Some problems were encountered while building the effective model for com.squareup.okhttp3:okhttp-ws-tests:jar:3.4.0-SNAPSHOT
[WARNING] 'build.plugins.plugin.version' for org.apache.maven.plugins:maven-deploy-plugin is missing. @ com.squareup.okhttp3:okhttp-ws-tests:[unknown-version], /home/travis/build/failed/square/okhttp/okhttp-ws-tests/pom.xml, line 67, column 15
[WARNING] 
[WARNING] Some problems were encountered while building the effective model for com.squareup.okhttp3:benchmarks:jar:3.4.0-SNAPSHOT
[WARNING] 'build.plugins.plugin.version' for org.codehaus.mojo:exec-maven-plugin is missing. @ com.squareup.okhttp3:benchmarks:[unknown-version], /home/travis/build/failed/square/okhttp/benchmarks/pom.xml, line 74, column 15
[WARNING] 
[WARNING] It is highly recommended to fix these problems because they threaten the stability of your build.
[WARNING] 
[WARNING] For this reason, future Maven versions might no longer support building such malformed projects.
[WARNING] 
[INFO] ------------------------------------------------------------------------
[INFO] Reactor Build Order:
[INFO] 
[INFO] OkHttp (Parent)
[INFO] OkHttp
[INFO] OkHttp test support classes
[INFO] OkHttp Web Sockets
[INFO] MockWebServer
[INFO] OkHttp URLConnection
[INFO] OkHttp Tests
[INFO] OkHttp Android Platform Support
[INFO] OkHttp Apache HttpClient
[INFO] OkHttp Web Socket Tests
[INFO] OkHttp Logging Interceptor
[INFO] OkCurl
[INFO] Samples (Parent)
[INFO] Sample: Guide
[INFO] Sample: Crawler
[INFO] Sample: Simple Client
[INFO] Sample: Static Server
[INFO] Benchmarks
[INFO]                                                                         
[INFO] ------------------------------------------------------------------------
[INFO] Building OkHttp (Parent) 3.4.0-SNAPSHOT
[INFO] ------------------------------------------------------------------------
[INFO] 
[INFO] --- maven-enforcer-plugin:1.0:enforce (enforce-maven) @ parent ---
[INFO] 
[INFO] --- animal-sniffer-maven-plugin:1.11:check (default) @ parent ---
[INFO] Checking unresolved references to org.codehaus.mojo.signature:java16:1.1
[INFO]                                                                         
[INFO] ------------------------------------------------------------------------
[INFO] Building OkHttp 3.4.0-SNAPSHOT
[INFO] ------------------------------------------------------------------------
[INFO] 
[INFO] --- maven-enforcer-plugin:1.0:enforce (enforce-maven) @ okhttp ---
[INFO] 
[INFO] --- templating-maven-plugin:1.0-alpha-3:filter-sources (default) @ okhttp ---
[INFO] Using 'UTF-8' encoding to copy filtered resources.
[INFO] Copying 1 resource
[INFO] Source directory: /home/travis/build/failed/square/okhttp/okhttp/target/generated-sources/java-templates added.
[INFO] 
[INFO] --- maven-resources-plugin:2.6:resources (default-resources) @ okhttp ---
[INFO] Using 'UTF-8' encoding to copy filtered resources.
[INFO] skip non existing resourceDirectory /home/travis/build/failed/square/okhttp/okhttp/src/main/resources
[INFO] 
[INFO] --- maven-compiler-plugin:3.0:compile (default-compile) @ okhttp ---
[INFO] Changes detected - recompiling the module!
[INFO] Compiling 91 source files to /home/travis/build/failed/square/okhttp/okhttp/target/classes
[WARNING] /home/travis/build/failed/square/okhttp/okhttp/src/main/java/okhttp3/internal/Util.java: Some input files use unchecked or unsafe operations.
[WARNING] /home/travis/build/failed/square/okhttp/okhttp/src/main/java/okhttp3/internal/Util.java: Recompile with -Xlint:unchecked for details.
[INFO] 
[INFO] --- maven-resources-plugin:2.6:testResources (default-testResources) @ okhttp ---
[INFO] Using 'UTF-8' encoding to copy filtered resources.
[INFO] skip non existing resourceDirectory /home/travis/build/failed/square/okhttp/okhttp/src/test/resources
[INFO] 
[INFO] --- maven-compiler-plugin:3.0:testCompile (default-testCompile) @ okhttp ---
[INFO] No sources to compile
[INFO] 
[INFO] --- maven-surefire-plugin:2.17:test (default-test) @ okhttp ---
[INFO] No tests to run.
[INFO] 
[INFO] --- animal-sniffer-maven-plugin:1.11:check (default) @ okhttp ---
[INFO] Checking unresolved references to org.codehaus.mojo.signature:java16:1.1
[INFO]                                                                         
[INFO] ------------------------------------------------------------------------
[INFO] Building OkHttp test support classes 3.4.0-SNAPSHOT
[INFO] ------------------------------------------------------------------------
[INFO] 
[INFO] --- maven-enforcer-plugin:1.0:enforce (enforce-maven) @ okhttp-testing-support ---
[INFO] 
[INFO] --- maven-resources-plugin:2.6:resources (default-resources) @ okhttp-testing-support ---
[INFO] Using 'UTF-8' encoding to copy filtered resources.
[INFO] skip non existing resourceDirectory /home/travis/build/failed/square/okhttp/okhttp-testing-support/src/main/resources
[INFO] 
[INFO] --- maven-compiler-plugin:3.0:compile (default-compile) @ okhttp-testing-support ---
[INFO] Changes detected - recompiling the module!
[INFO] Compiling 7 source files to /home/travis/build/failed/square/okhttp/okhttp-testing-support/target/classes
[INFO] 
[INFO] --- maven-resources-plugin:2.6:testResources (default-testResources) @ okhttp-testing-support ---
[INFO] Using 'UTF-8' encoding to copy filtered resources.
[INFO] skip non existing resourceDirectory /home/travis/build/failed/square/okhttp/okhttp-testing-support/src/test/resources
[INFO] 
[INFO] --- maven-compiler-plugin:3.0:testCompile (default-testCompile) @ okhttp-testing-support ---
[INFO] No sources to compile
[INFO] 
[INFO] --- maven-surefire-plugin:2.17:test (default-test) @ okhttp-testing-support ---
[INFO] No tests to run.
[INFO] 
[INFO] --- animal-sniffer-maven-plugin:1.11:check (default) @ okhttp-testing-support ---
[INFO] Checking unresolved references to org.codehaus.mojo.signature:java16:1.1
[INFO]                                                                         
[INFO] ------------------------------------------------------------------------
[INFO] Building OkHttp Web Sockets 3.4.0-SNAPSHOT
[INFO] ------------------------------------------------------------------------
[INFO] 
[INFO] --- maven-enforcer-plugin:1.0:enforce (enforce-maven) @ okhttp-ws ---
[INFO] 
[INFO] --- maven-resources-plugin:2.6:resources (default-resources) @ okhttp-ws ---
[INFO] Using 'UTF-8' encoding to copy filtered resources.
[INFO] skip non existing resourceDirectory /home/travis/build/failed/square/okhttp/okhttp-ws/src/main/resources
[INFO] 
[INFO] --- maven-compiler-plugin:3.0:compile (default-compile) @ okhttp-ws ---
[INFO] Changes detected - recompiling the module!
[INFO] Compiling 7 source files to /home/travis/build/failed/square/okhttp/okhttp-ws/target/classes
[INFO] 
[INFO] --- maven-resources-plugin:2.6:testResources (default-testResources) @ okhttp-ws ---
[INFO] Using 'UTF-8' encoding to copy filtered resources.
[INFO] skip non existing resourceDirectory /home/travis/build/failed/square/okhttp/okhttp-ws/src/test/resources
[INFO] 
[INFO] --- maven-compiler-plugin:3.0:testCompile (default-testCompile) @ okhttp-ws ---
[INFO] No sources to compile
[INFO] 
[INFO] --- maven-surefire-plugin:2.17:test (default-test) @ okhttp-ws ---
[INFO] No tests to run.
[INFO] 
[INFO] --- animal-sniffer-maven-plugin:1.11:check (default) @ okhttp-ws ---
[INFO] Checking unresolved references to org.codehaus.mojo.signature:java16:1.1
[INFO]                                                                         
[INFO] ------------------------------------------------------------------------
[INFO] Building MockWebServer 3.4.0-SNAPSHOT
[INFO] ------------------------------------------------------------------------
[INFO] 
[INFO] --- maven-enforcer-plugin:1.0:enforce (enforce-maven) @ mockwebserver ---
[INFO] 
[INFO] --- maven-resources-plugin:2.6:resources (default-resources) @ mockwebserver ---
[INFO] Using 'UTF-8' encoding to copy filtered resources.
[INFO] skip non existing resourceDirectory /home/travis/build/failed/square/okhttp/mockwebserver/src/main/resources
[INFO] 
[INFO] --- maven-compiler-plugin:3.0:compile (default-compile) @ mockwebserver ---
[INFO] Changes detected - recompiling the module!
[INFO] Compiling 10 source files to /home/travis/build/failed/square/okhttp/mockwebserver/target/classes
[WARNING] /home/travis/build/failed/square/okhttp/mockwebserver/src/main/java/okhttp3/internal/tls/HeldCertificate.java: /home/travis/build/failed/square/okhttp/mockwebserver/src/main/java/okhttp3/internal/tls/HeldCertificate.java uses or overrides a deprecated API.
[WARNING] /home/travis/build/failed/square/okhttp/mockwebserver/src/main/java/okhttp3/internal/tls/HeldCertificate.java: Recompile with -Xlint:deprecation for details.
[INFO] 
[INFO] --- maven-resources-plugin:2.6:testResources (default-testResources) @ mockwebserver ---
[INFO] Using 'UTF-8' encoding to copy filtered resources.
[INFO] skip non existing resourceDirectory /home/travis/build/failed/square/okhttp/mockwebserver/src/test/resources
[INFO] 
[INFO] --- maven-compiler-plugin:3.0:testCompile (default-testCompile) @ mockwebserver ---
[INFO] Changes detected - recompiling the module!
[INFO] Compiling 2 source files to /home/travis/build/failed/square/okhttp/mockwebserver/target/test-classes
[INFO] 
[INFO] --- maven-surefire-plugin:2.17:test (default-test) @ mockwebserver ---
[INFO] Surefire report directory: /home/travis/build/failed/square/okhttp/mockwebserver/target/surefire-reports
[INFO] Using configured provider org.apache.maven.surefire.junitcore.JUnitCoreProvider
[INFO] parallel='none', perCoreThreadCount=true, threadCount=0, useUnlimitedThreads=false, threadCountSuites=0, threadCountClasses=0, threadCountMethods=0, parallelOptimized=true

-------------------------------------------------------
 T E S T S
-------------------------------------------------------
Installing aggressive uncaught exception handler
Running okhttp3.mockwebserver.CustomDispatcherTest
Feb 27, 2022 1:13:32 PM okhttp3.mockwebserver.MockWebServer$3 execute
INFO: MockWebServer[55817] starting to accept connections
Feb 27, 2022 1:13:32 PM okhttp3.mockwebserver.MockWebServer$4 processOneRequest
INFO: MockWebServer[55817] received request: GET / HTTP/1.1 and responded: HTTP/1.1 200 OK
Feb 27, 2022 1:13:32 PM okhttp3.mockwebserver.MockWebServer$3 acceptConnections
INFO: MockWebServer[55817] done accepting connections: Socket closed
Feb 27, 2022 1:13:32 PM okhttp3.mockwebserver.MockWebServer$3 execute
INFO: MockWebServer[39975] starting to accept connections
Feb 27, 2022 1:13:32 PM okhttp3.mockwebserver.MockWebServer$4 processOneRequest
INFO: MockWebServer[39975] received request: GET /bar HTTP/1.1 and responded: HTTP/1.1 200 OK
Feb 27, 2022 1:13:32 PM okhttp3.mockwebserver.MockWebServer$3 acceptConnections
INFO: MockWebServer[39975] done accepting connections: Socket closed
Feb 27, 2022 1:13:32 PM okhttp3.mockwebserver.MockWebServer$4 processOneRequest
INFO: MockWebServer[39975] received request: GET /foo HTTP/1.1 and responded: HTTP/1.1 200 OK
Tests run: 2, Failures: 0, Errors: 0, Skipped: 0, Time elapsed: 0.087 sec - in okhttp3.mockwebserver.CustomDispatcherTest
Running okhttp3.mockwebserver.MockWebServerTest
Feb 27, 2022 1:13:32 PM okhttp3.mockwebserver.MockWebServer$3 execute
INFO: MockWebServer[57687] starting to accept connections
Feb 27, 2022 1:13:32 PM okhttp3.mockwebserver.MockWebServer$3 acceptConnections
INFO: MockWebServer[57687] done accepting connections: Socket is closed
Feb 27, 2022 1:13:32 PM okhttp3.mockwebserver.MockWebServer$3 execute
INFO: MockWebServer[40757] starting to accept connections
Feb 27, 2022 1:13:33 PM okhttp3.mockwebserver.MockWebServer$4 processOneRequest
INFO: MockWebServer[40757] received request: GET / HTTP/1.1 and responded: HTTP/1.1 200 OK
Feb 27, 2022 1:13:33 PM okhttp3.mockwebserver.MockWebServer$3 acceptConnections
INFO: MockWebServer[40757] done accepting connections: Socket closed
Feb 27, 2022 1:13:33 PM okhttp3.mockwebserver.MockWebServer$3 execute
INFO: MockWebServer[42605] starting to accept connections
Feb 27, 2022 1:13:33 PM okhttp3.mockwebserver.MockWebServer$3 execute
INFO: MockWebServer[42821] starting to accept connections
Feb 27, 2022 1:13:33 PM okhttp3.mockwebserver.MockWebServer$3 acceptConnections
INFO: MockWebServer[42821] done accepting connections: Socket is closed
Feb 27, 2022 1:13:33 PM okhttp3.mockwebserver.MockWebServer$3 acceptConnections
INFO: MockWebServer[42605] done accepting connections: Socket closed
Feb 27, 2022 1:13:33 PM okhttp3.mockwebserver.MockWebServer$3 execute
INFO: MockWebServer[35321] starting to accept connections
Feb 27, 2022 1:13:33 PM okhttp3.mockwebserver.MockWebServer$3 acceptConnections
INFO: MockWebServer[35321] done accepting connections: Socket closed
Feb 27, 2022 1:13:33 PM okhttp3.mockwebserver.MockWebServer$4 execute
INFO: MockWebServer[35321] connection from /127.0.0.1 failed: java.net.SocketException: Socket closed
Feb 27, 2022 1:13:33 PM okhttp3.mockwebserver.MockWebServer$3 execute
INFO: MockWebServer[60875] starting to accept connections
Feb 27, 2022 1:13:33 PM okhttp3.mockwebserver.MockWebServer$4 processOneRequest
INFO: MockWebServer[60875] received request: GET / HTTP/1.1 and responded: HTTP/1.1 200 OK
Feb 27, 2022 1:13:33 PM okhttp3.mockwebserver.MockWebServer$3 acceptConnections
INFO: MockWebServer[60875] done accepting connections: Socket closed
Feb 27, 2022 1:13:33 PM okhttp3.mockwebserver.MockWebServer$3 execute
INFO: MockWebServer[50097] starting to accept connections
Feb 27, 2022 1:13:33 PM okhttp3.mockwebserver.MockWebServer$4 processOneRequest
INFO: MockWebServer[50097] received request: GET / HTTP/1.1 and responded: HTTP/1.1 302 Redirection
Feb 27, 2022 1:13:33 PM okhttp3.mockwebserver.MockWebServer$4 processOneRequest
INFO: MockWebServer[50097] received request: GET /new-path HTTP/1.1 and responded: HTTP/1.1 200 OK
Feb 27, 2022 1:13:33 PM okhttp3.mockwebserver.MockWebServer$3 acceptConnections
INFO: MockWebServer[50097] done accepting connections: Socket closed
Feb 27, 2022 1:13:33 PM okhttp3.mockwebserver.MockWebServer$3 execute
INFO: MockWebServer[53249] starting to accept connections
Feb 27, 2022 1:13:33 PM okhttp3.mockwebserver.MockWebServer$4 processOneRequest
INFO: MockWebServer[53249] received request: GET / HTTP/1.1 and responded: HTTP/1.1 200 OK
Feb 27, 2022 1:13:34 PM okhttp3.mockwebserver.MockWebServer$4 processOneRequest
INFO: MockWebServer[53249] received request: GET / HTTP/1.1 and responded: HTTP/1.1 200 OK
Feb 27, 2022 1:13:34 PM okhttp3.mockwebserver.MockWebServer$3 acceptConnections
INFO: MockWebServer[53249] done accepting connections: Socket closed
Feb 27, 2022 1:13:34 PM okhttp3.mockwebserver.MockWebServer$3 execute
INFO: MockWebServer[35381] starting to accept connections
Feb 27, 2022 1:13:34 PM okhttp3.mockwebserver.MockWebServer$3 acceptConnections
INFO: MockWebServer[35381] done accepting connections: Socket is closed
Feb 27, 2022 1:13:34 PM okhttp3.mockwebserver.MockWebServer$3 execute
INFO: MockWebServer[51487] starting to accept connections
Feb 27, 2022 1:13:35 PM okhttp3.mockwebserver.MockWebServer$3 acceptConnections
INFO: MockWebServer[51487] done accepting connections: Socket closed
Feb 27, 2022 1:13:35 PM okhttp3.mockwebserver.MockWebServer$4 execute
INFO: MockWebServer[51487] connection from /127.0.0.1 failed: java.net.SocketException: Socket closed
Feb 27, 2022 1:13:35 PM okhttp3.mockwebserver.MockWebServer$3 execute
INFO: MockWebServer[60101] starting to accept connections
Feb 27, 2022 1:13:35 PM okhttp3.mockwebserver.MockWebServer$3 acceptConnections
INFO: MockWebServer[60101] done accepting connections: Socket closed
Feb 27, 2022 1:13:35 PM okhttp3.mockwebserver.MockWebServer$3 execute
INFO: MockWebServer[50261] starting to accept connections
Feb 27, 2022 1:13:35 PM okhttp3.mockwebserver.MockWebServer$3 acceptConnections
INFO: MockWebServer[50261] done accepting connections: Socket is closed
Feb 27, 2022 1:13:35 PM okhttp3.mockwebserver.MockWebServer$3 execute
INFO: MockWebServer[59709] starting to accept connections
Feb 27, 2022 1:13:35 PM okhttp3.mockwebserver.MockWebServer$3 acceptConnections
INFO: MockWebServer[59709] done accepting connections: Socket is closed
Feb 27, 2022 1:13:35 PM okhttp3.mockwebserver.MockWebServer$3 execute
INFO: MockWebServer[40769] starting to accept connections
Feb 27, 2022 1:13:35 PM okhttp3.mockwebserver.MockWebServer$4 processOneRequest
INFO: MockWebServer[40769] received request: GET / HTTP/1.1 and responded: HTTP/1.1 200 OK
Feb 27, 2022 1:13:35 PM okhttp3.mockwebserver.MockWebServer$3 acceptConnections
INFO: MockWebServer[40769] done accepting connections: Socket closed
Feb 27, 2022 1:13:35 PM okhttp3.mockwebserver.MockWebServer$3 execute
INFO: MockWebServer[48255] starting to accept connections
Feb 27, 2022 1:13:35 PM okhttp3.mockwebserver.MockWebServer$3 acceptConnections
INFO: MockWebServer[48255] done accepting connections: Socket is closed
Feb 27, 2022 1:13:35 PM okhttp3.mockwebserver.MockWebServer$3 execute
INFO: MockWebServer[49805] starting to accept connections
Feb 27, 2022 1:13:35 PM okhttp3.mockwebserver.MockWebServer$4 processOneRequest
INFO: MockWebServer[49805] received request: GET / HTTP/1.1 and responded: HTTP/1.1 200 OK
Feb 27, 2022 1:13:35 PM okhttp3.mockwebserver.MockWebServer$3 acceptConnections
INFO: MockWebServer[49805] done accepting connections: Socket closed
Feb 27, 2022 1:13:35 PM okhttp3.mockwebserver.MockWebServer$3 execute
INFO: MockWebServer[58095] starting to accept connections
Feb 27, 2022 1:13:36 PM okhttp3.mockwebserver.MockWebServer$4 processOneRequest
INFO: MockWebServer[58095] received request: GET / HTTP/1.1 and responded: HTTP/1.1 200 OK
Feb 27, 2022 1:13:36 PM okhttp3.mockwebserver.MockWebServer$3 acceptConnections
INFO: MockWebServer[58095] done accepting connections: Socket closed
Feb 27, 2022 1:13:36 PM okhttp3.mockwebserver.MockWebServer$3 execute
INFO: MockWebServer[35535] starting to accept connections
Feb 27, 2022 1:13:36 PM okhttp3.mockwebserver.MockWebServer$3 acceptConnections
INFO: MockWebServer[35535] done accepting connections: Socket is closed
Feb 27, 2022 1:13:36 PM okhttp3.mockwebserver.MockWebServer$3 execute
INFO: MockWebServer[58307] starting to accept connections
Feb 27, 2022 1:13:37 PM okhttp3.mockwebserver.MockWebServer$4 processOneRequest
INFO: MockWebServer[58307] received request: GET / HTTP/1.1 and responded: HTTP/1.1 200 OK
Feb 27, 2022 1:13:37 PM okhttp3.mockwebserver.MockWebServer$3 acceptConnections
INFO: MockWebServer[58307] done accepting connections: Socket closed
Feb 27, 2022 1:13:37 PM okhttp3.mockwebserver.MockWebServer$3 execute
INFO: MockWebServer[46331] starting to accept connections
Feb 27, 2022 1:13:37 PM okhttp3.mockwebserver.MockWebServer$3 execute
INFO: MockWebServer[60171] starting to accept connections
Feb 27, 2022 1:13:37 PM okhttp3.mockwebserver.MockWebServer$3 acceptConnections
INFO: MockWebServer[60171] done accepting connections: Socket is closed
Feb 27, 2022 1:13:37 PM okhttp3.mockwebserver.MockWebServer$3 acceptConnections
INFO: MockWebServer[46331] done accepting connections: Socket closed
Feb 27, 2022 1:13:37 PM okhttp3.mockwebserver.MockWebServer$3 execute
INFO: MockWebServer[42307] starting to accept connections
Feb 27, 2022 1:13:37 PM okhttp3.mockwebserver.MockWebServer$3 acceptConnections
INFO: MockWebServer[42307] done accepting connections: Socket is closed
Feb 27, 2022 1:13:37 PM okhttp3.mockwebserver.MockWebServer$3 execute
INFO: MockWebServer[57339] starting to accept connections
Feb 27, 2022 1:13:37 PM okhttp3.mockwebserver.MockWebServer$3 acceptConnections
INFO: MockWebServer[57339] done accepting connections: Socket is closed
Feb 27, 2022 1:13:37 PM okhttp3.mockwebserver.MockWebServer$3 execute
INFO: MockWebServer[38973] starting to accept connections
Feb 27, 2022 1:13:37 PM okhttp3.mockwebserver.MockWebServer$3 acceptConnections
INFO: MockWebServer[38973] done accepting connections: Socket is closed
Feb 27, 2022 1:13:37 PM okhttp3.mockwebserver.MockWebServer$3 execute
INFO: MockWebServer[46137] starting to accept connections
Feb 27, 2022 1:13:37 PM okhttp3.mockwebserver.MockWebServer$4 processOneRequest
INFO: MockWebServer[46137] received request: POST / HTTP/1.1 and responded: HTTP/1.1 200 OK
Feb 27, 2022 1:13:37 PM okhttp3.mockwebserver.MockWebServer$3 acceptConnections
INFO: MockWebServer[46137] done accepting connections: Socket closed
Feb 27, 2022 1:13:37 PM okhttp3.mockwebserver.MockWebServer$3 execute
INFO: MockWebServer[60361] starting to accept connections
Feb 27, 2022 1:13:37 PM okhttp3.mockwebserver.MockWebServer$3 acceptConnections
INFO: MockWebServer[60361] done accepting connections: Socket is closed
Feb 27, 2022 1:13:37 PM okhttp3.mockwebserver.MockWebServer$3 execute
INFO: MockWebServer[50031] starting to accept connections
Feb 27, 2022 1:13:37 PM okhttp3.mockwebserver.MockWebServer$4 processOneRequest
INFO: MockWebServer[50031] received request: GET /a HTTP/1.1 and responded: HTTP/1.1 200 OK
Feb 27, 2022 1:13:37 PM okhttp3.mockwebserver.MockWebServer$4 processOneRequest
INFO: MockWebServer[50031] received request: GET /b HTTP/1.1 and responded: HTTP/1.1 200 OK
Feb 27, 2022 1:13:37 PM okhttp3.mockwebserver.MockWebServer$3 acceptConnections
INFO: MockWebServer[50031] done accepting connections: Socket closed
Tests run: 25, Failures: 0, Errors: 0, Skipped: 0, Time elapsed: 5.265 sec - in okhttp3.mockwebserver.MockWebServerTest
Uninstalled aggressive uncaught exception handler

Results :

Tests run: 27, Failures: 0, Errors: 0, Skipped: 0

[INFO] 
[INFO] --- animal-sniffer-maven-plugin:1.11:check (default) @ mockwebserver ---
[INFO] Checking unresolved references to org.codehaus.mojo.signature:java16:1.1
[INFO]                                                                         
[INFO] ------------------------------------------------------------------------
[INFO] Building OkHttp URLConnection 3.4.0-SNAPSHOT
[INFO] ------------------------------------------------------------------------
[INFO] 
[INFO] --- maven-enforcer-plugin:1.0:enforce (enforce-maven) @ okhttp-urlconnection ---
[INFO] 
[INFO] --- maven-resources-plugin:2.6:resources (default-resources) @ okhttp-urlconnection ---
[INFO] Using 'UTF-8' encoding to copy filtered resources.
[INFO] skip non existing resourceDirectory /home/travis/build/failed/square/okhttp/okhttp-urlconnection/src/main/resources
[INFO] 
[INFO] --- maven-compiler-plugin:3.0:compile (default-compile) @ okhttp-urlconnection ---
[INFO] Changes detected - recompiling the module!
[INFO] Compiling 12 source files to /home/travis/build/failed/square/okhttp/okhttp-urlconnection/target/classes
[WARNING] /home/travis/build/failed/square/okhttp/okhttp-urlconnection/src/main/java/okhttp3/internal/huc/HttpURLConnectionImpl.java: Some input files use or override a deprecated API.
[WARNING] /home/travis/build/failed/square/okhttp/okhttp-urlconnection/src/main/java/okhttp3/internal/huc/HttpURLConnectionImpl.java: Recompile with -Xlint:deprecation for details.
[INFO] 
[INFO] --- maven-resources-plugin:2.6:testResources (default-testResources) @ okhttp-urlconnection ---
[INFO] Using 'UTF-8' encoding to copy filtered resources.
[INFO] skip non existing resourceDirectory /home/travis/build/failed/square/okhttp/okhttp-urlconnection/src/test/resources
[INFO] 
[INFO] --- maven-compiler-plugin:3.0:testCompile (default-testCompile) @ okhttp-urlconnection ---
[INFO] Changes detected - recompiling the module!
[INFO] Compiling 3 source files to /home/travis/build/failed/square/okhttp/okhttp-urlconnection/target/test-classes
[WARNING] /home/travis/build/failed/square/okhttp/okhttp-urlconnection/src/test/java/okhttp3/internal/huc/URLEncodingTest.java: Some input files use or override a deprecated API.
[WARNING] /home/travis/build/failed/square/okhttp/okhttp-urlconnection/src/test/java/okhttp3/internal/huc/URLEncodingTest.java: Recompile with -Xlint:deprecation for details.
[INFO] 
[INFO] --- maven-surefire-plugin:2.17:test (default-test) @ okhttp-urlconnection ---
[INFO] Surefire report directory: /home/travis/build/failed/square/okhttp/okhttp-urlconnection/target/surefire-reports
[INFO] Using configured provider org.apache.maven.surefire.junitcore.JUnitCoreProvider
[INFO] parallel='none', perCoreThreadCount=true, threadCount=0, useUnlimitedThreads=false, threadCountSuites=0, threadCountClasses=0, threadCountMethods=0, parallelOptimized=true

-------------------------------------------------------
 T E S T S
-------------------------------------------------------
Installing aggressive uncaught exception handler
Running okhttp3.OkUrlFactoryTest
Feb 27, 2022 1:13:39 PM okhttp3.mockwebserver.MockWebServer$3 execute
INFO: MockWebServer[44423] starting to accept connections
Feb 27, 2022 1:13:39 PM okhttp3.mockwebserver.MockWebServer$4 processOneRequest
INFO: MockWebServer[44423] received request: GET /a HTTP/1.1 and responded: HTTP/1.1 302 Redirection
Feb 27, 2022 1:13:39 PM okhttp3.mockwebserver.MockWebServer$3 acceptConnections
INFO: MockWebServer[44423] done accepting connections: Socket closed
Feb 27, 2022 1:13:39 PM okhttp3.mockwebserver.MockWebServer$3 execute
INFO: MockWebServer[44435] starting to accept connections
Feb 27, 2022 1:13:39 PM okhttp3.mockwebserver.MockWebServer$4 processOneRequest
INFO: MockWebServer[44435] received request: GET / HTTP/1.1 and responded: HTTP/1.1 404 Client Error
Feb 27, 2022 1:13:39 PM okhttp3.mockwebserver.MockWebServer$3 acceptConnections
INFO: MockWebServer[44435] done accepting connections: Socket closed
Feb 27, 2022 1:13:39 PM okhttp3.mockwebserver.MockWebServer$3 execute
INFO: MockWebServer[52209] starting to accept connections
Feb 27, 2022 1:13:39 PM okhttp3.mockwebserver.MockWebServer$4 processOneRequest
INFO: MockWebServer[52209] received request: GET / HTTP/1.1 and responded: HTTP/1.1 200 OK
Feb 27, 2022 1:13:39 PM okhttp3.mockwebserver.MockWebServer$3 acceptConnections
INFO: MockWebServer[52209] done accepting connections: Socket closed
Feb 27, 2022 1:13:39 PM okhttp3.mockwebserver.MockWebServer$3 execute
INFO: MockWebServer[36875] starting to accept connections
Feb 27, 2022 1:13:39 PM okhttp3.mockwebserver.MockWebServer$3 execute
INFO: MockWebServer[60731] starting to accept connections
Feb 27, 2022 1:13:40 PM okhttp3.mockwebserver.MockWebServer$FramedSocketHandler onStream
INFO: MockWebServer[36875] received request: GET / HTTP/1.1 and responded: HTTP/1.1 302 Redirection protocol is h2
Feb 27, 2022 1:13:40 PM okhttp3.mockwebserver.MockWebServer$4 processOneRequest
INFO: MockWebServer[60731] received request: GET / HTTP/1.1 and responded: HTTP/1.1 200 OK
Feb 27, 2022 1:13:40 PM okhttp3.mockwebserver.MockWebServer$3 acceptConnections
INFO: MockWebServer[36875] done accepting connections: Socket closed
Feb 27, 2022 1:13:40 PM okhttp3.mockwebserver.MockWebServer$3 execute
INFO: MockWebServer[53073] starting to accept connections
Feb 27, 2022 1:13:40 PM okhttp3.mockwebserver.MockWebServer$4 processOneRequest
INFO: MockWebServer[53073] received request: GET / HTTP/1.1 and responded: HTTP/1.1 200 OK
Feb 27, 2022 1:13:40 PM okhttp3.mockwebserver.MockWebServer$4 processOneRequest
INFO: MockWebServer[53073] received request: GET / HTTP/1.1 and responded: HTTP/1.1 200 OK
Feb 27, 2022 1:13:40 PM okhttp3.mockwebserver.MockWebServer$3 acceptConnections
INFO: MockWebServer[53073] done accepting connections: Socket closed
Feb 27, 2022 1:13:40 PM okhttp3.mockwebserver.MockWebServer$3 execute
INFO: MockWebServer[54769] starting to accept connections
Feb 27, 2022 1:13:40 PM okhttp3.mockwebserver.MockWebServer$4 processOneRequest
INFO: MockWebServer[54769] received request: GET / HTTP/1.1 and responded: HTTP/1.1 200 OK
Feb 27, 2022 1:13:40 PM okhttp3.mockwebserver.MockWebServer$3 acceptConnections
INFO: MockWebServer[54769] done accepting connections: Socket closed
Feb 27, 2022 1:13:40 PM okhttp3.mockwebserver.MockWebServer$3 execute
INFO: MockWebServer[45065] starting to accept connections
Feb 27, 2022 1:13:40 PM okhttp3.mockwebserver.MockWebServer$4 processOneRequest
INFO: MockWebServer[45065] received request: GET / HTTP/1.1 and responded: HTTP/1.1 200 OK
Feb 27, 2022 1:13:40 PM okhttp3.mockwebserver.MockWebServer$4 processOneRequest
INFO: MockWebServer[45065] received request: GET / HTTP/1.1 and responded: HTTP/1.1 304 Redirection
Feb 27, 2022 1:13:40 PM okhttp3.mockwebserver.MockWebServer$3 acceptConnections
INFO: MockWebServer[45065] done accepting connections: Socket closed
Feb 27, 2022 1:13:40 PM okhttp3.mockwebserver.MockWebServer$3 execute
INFO: MockWebServer[60843] starting to accept connections
Feb 27, 2022 1:13:40 PM okhttp3.mockwebserver.MockWebServer$4 processOneRequest
INFO: MockWebServer[60843] received request: GET / HTTP/1.1 and responded: HTTP/1.1 200 OK
Feb 27, 2022 1:13:40 PM okhttp3.mockwebserver.MockWebServer$3 acceptConnections
INFO: MockWebServer[60843] done accepting connections: Socket closed
Feb 27, 2022 1:13:40 PM okhttp3.mockwebserver.MockWebServer$3 execute
INFO: MockWebServer[35313] starting to accept connections
Feb 27, 2022 1:13:40 PM okhttp3.mockwebserver.MockWebServer$4 processOneRequest
INFO: MockWebServer[35313] received request: GET / HTTP/1.1 and responded: HTTP/1.1 407 Client Error
Feb 27, 2022 1:13:40 PM okhttp3.mockwebserver.MockWebServer$3 acceptConnections
INFO: MockWebServer[35313] done accepting connections: Socket closed
Feb 27, 2022 1:13:40 PM okhttp3.mockwebserver.MockWebServer$3 execute
INFO: MockWebServer[60535] starting to accept connections
Feb 27, 2022 1:13:40 PM okhttp3.mockwebserver.MockWebServer$4 processOneRequest
INFO: MockWebServer[60535] received request: GET /b HTTP/1.1 and responded: HTTP/1.1 200 OK
Feb 27, 2022 1:13:40 PM okhttp3.mockwebserver.MockWebServer$3 acceptConnections
INFO: MockWebServer[60535] done accepting connections: Socket closed
Tests run: 10, Failures: 1, Errors: 0, Skipped: 0, Time elapsed: 1.365 sec <<< FAILURE! - in okhttp3.OkUrlFactoryTest
testURLFilterRedirect(okhttp3.OkUrlFactoryTest)  Time elapsed: 0.849 sec  <<< FAILURE!
java.lang.AssertionError: Connection was successful
	at org.junit.Assert.fail(Assert.java:88)
	at okhttp3.OkUrlFactoryTest.testURLFilterRedirect(OkUrlFactoryTest.java:209)

Running okhttp3.UrlConnectionCacheTest
Feb 27, 2022 1:13:40 PM okhttp3.mockwebserver.MockWebServer$3 execute
INFO: MockWebServer[33587] starting to accept connections
Feb 27, 2022 1:13:40 PM okhttp3.mockwebserver.MockWebServer$3 execute
INFO: MockWebServer[37669] starting to accept connections
Feb 27, 2022 1:13:40 PM okhttp3.mockwebserver.MockWebServer$3 acceptConnections
INFO: MockWebServer[37669] done accepting connections: Socket closed
Feb 27, 2022 1:13:40 PM okhttp3.mockwebserver.MockWebServer$3 acceptConnections
INFO: MockWebServer[33587] done accepting connections: Socket closed
Feb 27, 2022 1:13:40 PM okhttp3.mockwebserver.MockWebServer$3 execute
INFO: MockWebServer[44093] starting to accept connections
Feb 27, 2022 1:13:40 PM okhttp3.mockwebserver.MockWebServer$3 execute
INFO: MockWebServer[54243] starting to accept connections
Feb 27, 2022 1:13:40 PM okhttp3.mockwebserver.MockWebServer$4 processOneRequest
INFO: MockWebServer[54243] received request: GET /a HTTP/1.1 and responded: HTTP/1.1 200 OK
Feb 27, 2022 1:13:40 PM okhttp3.mockwebserver.MockWebServer$4 processOneRequest
INFO: MockWebServer[54243] received request: GET /a HTTP/1.1 and responded: HTTP/1.1 304 Redirection
Feb 27, 2022 1:13:40 PM okhttp3.mockwebserver.MockWebServer$3 acceptConnections
INFO: MockWebServer[54243] done accepting connections: Socket closed
Feb 27, 2022 1:13:40 PM okhttp3.mockwebserver.MockWebServer$3 acceptConnections
INFO: MockWebServer[44093] done accepting connections: Socket closed
Feb 27, 2022 1:13:40 PM okhttp3.mockwebserver.MockWebServer$3 execute
INFO: MockWebServer[58701] starting to accept connections
Feb 27, 2022 1:13:40 PM okhttp3.mockwebserver.MockWebServer$3 execute
INFO: MockWebServer[35249] starting to accept connections
Feb 27, 2022 1:13:40 PM okhttp3.mockwebserver.MockWebServer$4 processOneRequest
INFO: MockWebServer[35249] received request: GET / HTTP/1.1 and responded: HTTP/1.1 200 OK
Feb 27, 2022 1:13:40 PM okhttp3.mockwebserver.MockWebServer$4 processOneRequest
INFO: MockWebServer[35249] received request: GET / HTTP/1.1 and responded: HTTP/1.1 304 Redirection
Feb 27, 2022 1:13:40 PM okhttp3.mockwebserver.MockWebServer$4 processOneRequest
INFO: MockWebServer[35249] received request: GET / HTTP/1.1 and responded: HTTP/1.1 304 Redirection
Feb 27, 2022 1:13:40 PM okhttp3.mockwebserver.MockWebServer$3 acceptConnections
INFO: MockWebServer[35249] done accepting connections: Socket closed
Feb 27, 2022 1:13:40 PM okhttp3.mockwebserver.MockWebServer$3 acceptConnections
INFO: MockWebServer[58701] done accepting connections: Socket closed
Feb 27, 2022 1:13:40 PM okhttp3.mockwebserver.MockWebServer$3 execute
INFO: MockWebServer[36531] starting to accept connections
Feb 27, 2022 1:13:40 PM okhttp3.mockwebserver.MockWebServer$3 execute
INFO: MockWebServer[43579] starting to accept connections
Feb 27, 2022 1:13:40 PM okhttp3.mockwebserver.MockWebServer$4 processOneRequest
INFO: MockWebServer[43579] received request: GET / HTTP/1.1 and responded: HTTP/1.1 200 OK
Feb 27, 2022 1:13:40 PM okhttp3.mockwebserver.MockWebServer$3 acceptConnections
INFO: MockWebServer[43579] done accepting connections: Socket closed
Feb 27, 2022 1:13:40 PM okhttp3.mockwebserver.MockWebServer$3 acceptConnections
INFO: MockWebServer[36531] done accepting connections: Socket closed
Feb 27, 2022 1:13:40 PM okhttp3.mockwebserver.MockWebServer$3 execute
INFO: MockWebServer[51717] starting to accept connections
Feb 27, 2022 1:13:40 PM okhttp3.mockwebserver.MockWebServer$3 execute
INFO: MockWebServer[37597] starting to accept connections
Feb 27, 2022 1:13:40 PM okhttp3.mockwebserver.MockWebServer$4 processOneRequest
INFO: MockWebServer[37597] received request: GET /foo HTTP/1.1 and responded: HTTP/1.1 200 OK
Feb 27, 2022 1:13:40 PM okhttp3.mockwebserver.MockWebServer$4 processOneRequest
INFO: MockWebServer[37597] received request: GET /bar HTTP/1.1 and responded: HTTP/1.1 200 OK
Feb 27, 2022 1:13:40 PM okhttp3.mockwebserver.MockWebServer$3 acceptConnections
INFO: MockWebServer[37597] done accepting connections: Socket closed
Feb 27, 2022 1:13:40 PM okhttp3.mockwebserver.MockWebServer$3 acceptConnections
INFO: MockWebServer[51717] done accepting connections: Socket closed
Feb 27, 2022 1:13:40 PM okhttp3.mockwebserver.MockWebServer$3 execute
INFO: MockWebServer[36713] starting to accept connections
Feb 27, 2022 1:13:40 PM okhttp3.mockwebserver.MockWebServer$3 execute
INFO: MockWebServer[36639] starting to accept connections
Feb 27, 2022 1:13:40 PM okhttp3.mockwebserver.MockWebServer$4 processOneRequest
INFO: MockWebServer[36639] received request: POST / HTTP/1.1 and responded: HTTP/1.1 200 OK
Feb 27, 2022 1:13:40 PM okhttp3.mockwebserver.MockWebServer$4 processOneRequest
INFO: MockWebServer[36639] received request: GET / HTTP/1.1 and responded: HTTP/1.1 200 OK
Feb 27, 2022 1:13:40 PM okhttp3.mockwebserver.MockWebServer$3 acceptConnections
INFO: MockWebServer[36639] done accepting connections: Socket closed
Feb 27, 2022 1:13:40 PM okhttp3.mockwebserver.MockWebServer$3 acceptConnections
INFO: MockWebServer[36713] done accepting connections: Socket closed
Feb 27, 2022 1:13:40 PM okhttp3.mockwebserver.MockWebServer$3 execute
INFO: MockWebServer[51801] starting to accept connections
Feb 27, 2022 1:13:40 PM okhttp3.mockwebserver.MockWebServer$3 execute
INFO: MockWebServer[51287] starting to accept connections
Feb 27, 2022 1:13:41 PM okhttp3.mockwebserver.MockWebServer$4 processOneRequest
INFO: MockWebServer[51287] received request: GET / HTTP/1.1 and responded: HTTP/1.1 200 OK
Feb 27, 2022 1:13:41 PM okhttp3.mockwebserver.MockWebServer$3 acceptConnections
INFO: MockWebServer[51287] done accepting connections: Socket closed
Feb 27, 2022 1:13:41 PM okhttp3.mockwebserver.MockWebServer$3 acceptConnections
INFO: MockWebServer[51801] done accepting connections: Socket closed
Feb 27, 2022 1:13:41 PM okhttp3.mockwebserver.MockWebServer$3 execute
INFO: MockWebServer[41505] starting to accept connections
Feb 27, 2022 1:13:41 PM okhttp3.mockwebserver.MockWebServer$3 execute
INFO: MockWebServer[39741] starting to accept connections
Feb 27, 2022 1:13:41 PM okhttp3.mockwebserver.MockWebServer$4 processOneRequest
INFO: MockWebServer[39741] received request: GET / HTTP/1.1 and responded: HTTP/1.1 200 OK
Feb 27, 2022 1:13:41 PM okhttp3.mockwebserver.MockWebServer$3 acceptConnections
INFO: MockWebServer[39741] done accepting connections: Socket closed
Feb 27, 2022 1:13:42 PM okhttp3.mockwebserver.MockWebServer$4 processOneRequest
INFO: MockWebServer[39741] received request: GET / HTTP/1.1 and responded: HTTP/1.1 200 OK
Feb 27, 2022 1:13:42 PM okhttp3.mockwebserver.MockWebServer$4 processConnection
WARNING: MockWebServer[39741] connection from /127.0.0.1 didn't make a request
Feb 27, 2022 1:13:42 PM okhttp3.mockwebserver.MockWebServer$3 acceptConnections
INFO: MockWebServer[41505] done accepting connections: Socket closed
Feb 27, 2022 1:13:42 PM okhttp3.mockwebserver.MockWebServer$3 execute
INFO: MockWebServer[37833] starting to accept connections
Feb 27, 2022 1:13:42 PM okhttp3.mockwebserver.MockWebServer$3 execute
INFO: MockWebServer[38077] starting to accept connections
Feb 27, 2022 1:13:42 PM okhttp3.mockwebserver.MockWebServer$4 processOneRequest
INFO: MockWebServer[38077] received request: GET / HTTP/1.1 and responded: HTTP/1.1 200 OK
Feb 27, 2022 1:13:42 PM okhttp3.mockwebserver.MockWebServer$3 acceptConnections
INFO: MockWebServer[38077] done accepting connections: Socket closed
Feb 27, 2022 1:13:42 PM okhttp3.mockwebserver.MockWebServer$3 acceptConnections
INFO: MockWebServer[37833] done accepting connections: Socket closed
Feb 27, 2022 1:13:42 PM okhttp3.mockwebserver.MockWebServer$3 execute
INFO: MockWebServer[40823] starting to accept connections
Feb 27, 2022 1:13:42 PM okhttp3.mockwebserver.MockWebServer$3 execute
INFO: MockWebServer[42309] starting to accept connections
Feb 27, 2022 1:13:42 PM okhttp3.mockwebserver.MockWebServer$4 processOneRequest
INFO: MockWebServer[42309] received request: GET /?foo=bar HTTP/1.1 and responded: HTTP/1.1 200 OK
Feb 27, 2022 1:13:42 PM okhttp3.mockwebserver.MockWebServer$4 processOneRequest
INFO: MockWebServer[42309] received request: GET /?foo=bar HTTP/1.1 and responded: HTTP/1.1 200 OK
Feb 27, 2022 1:13:42 PM okhttp3.mockwebserver.MockWebServer$3 acceptConnections
INFO: MockWebServer[42309] done accepting connections: Socket closed
Feb 27, 2022 1:13:42 PM okhttp3.mockwebserver.MockWebServer$3 acceptConnections
INFO: MockWebServer[40823] done accepting connections: Socket closed
Feb 27, 2022 1:13:42 PM okhttp3.mockwebserver.MockWebServer$3 execute
INFO: MockWebServer[53613] starting to accept connections
Feb 27, 2022 1:13:42 PM okhttp3.mockwebserver.MockWebServer$3 execute
INFO: MockWebServer[55199] starting to accept connections
Feb 27, 2022 1:13:42 PM okhttp3.mockwebserver.MockWebServer$4 processOneRequest
INFO: MockWebServer[55199] received request: GET / HTTP/1.1 and responded: HTTP/1.1 200 OK
Feb 27, 2022 1:13:42 PM okhttp3.mockwebserver.MockWebServer$3 acceptConnections
INFO: MockWebServer[55199] done accepting connections: Socket closed
Feb 27, 2022 1:13:42 PM okhttp3.mockwebserver.MockWebServer$3 acceptConnections
INFO: MockWebServer[53613] done accepting connections: Socket closed
Feb 27, 2022 1:13:42 PM okhttp3.mockwebserver.MockWebServer$3 execute
INFO: MockWebServer[36769] starting to accept connections
Feb 27, 2022 1:13:42 PM okhttp3.mockwebserver.MockWebServer$3 execute
INFO: MockWebServer[45957] starting to accept connections
Feb 27, 2022 1:13:42 PM okhttp3.mockwebserver.MockWebServer$4 processOneRequest
INFO: MockWebServer[45957] received request: GET / HTTP/1.1 and responded: HTTP/1.1 200 OK
Feb 27, 2022 1:13:42 PM okhttp3.mockwebserver.MockWebServer$4 processOneRequest
INFO: MockWebServer[45957] received request: GET / HTTP/1.1 and responded: HTTP/1.1 200 OK
Feb 27, 2022 1:13:42 PM okhttp3.mockwebserver.MockWebServer$3 acceptConnections
INFO: MockWebServer[45957] done accepting connections: Socket closed
Feb 27, 2022 1:13:42 PM okhttp3.mockwebserver.MockWebServer$3 acceptConnections
INFO: MockWebServer[36769] done accepting connections: Socket closed
Feb 27, 2022 1:13:42 PM okhttp3.mockwebserver.MockWebServer$3 execute
INFO: MockWebServer[45607] starting to accept connections
Feb 27, 2022 1:13:42 PM okhttp3.mockwebserver.MockWebServer$3 execute
INFO: MockWebServer[49269] starting to accept connections
Feb 27, 2022 1:13:42 PM okhttp3.mockwebserver.MockWebServer$4 processOneRequest
INFO: MockWebServer[49269] received request: GET / HTTP/1.1 and responded: HTTP/1.1 200 Fantastic
Feb 27, 2022 1:13:42 PM okhttp3.mockwebserver.MockWebServer$3 acceptConnections
INFO: MockWebServer[49269] done accepting connections: Socket closed
Feb 27, 2022 1:13:42 PM okhttp3.mockwebserver.MockWebServer$3 acceptConnections
INFO: MockWebServer[45607] done accepting connections: Socket closed
Feb 27, 2022 1:13:42 PM okhttp3.mockwebserver.MockWebServer$3 execute
INFO: MockWebServer[38005] starting to accept connections
Feb 27, 2022 1:13:42 PM okhttp3.mockwebserver.MockWebServer$3 execute
INFO: MockWebServer[42145] starting to accept connections
Feb 27, 2022 1:13:42 PM okhttp3.mockwebserver.MockWebServer$4 processOneRequest
INFO: MockWebServer[42145] received request: GET / HTTP/1.1 and responded: HTTP/1.1 304 Redirection
Feb 27, 2022 1:13:42 PM okhttp3.mockwebserver.MockWebServer$3 acceptConnections
INFO: MockWebServer[42145] done accepting connections: Socket closed
Feb 27, 2022 1:13:42 PM okhttp3.mockwebserver.MockWebServer$3 acceptConnections
INFO: MockWebServer[38005] done accepting connections: Socket closed
Feb 27, 2022 1:13:42 PM okhttp3.mockwebserver.MockWebServer$3 execute
INFO: MockWebServer[47043] starting to accept connections
Feb 27, 2022 1:13:42 PM okhttp3.mockwebserver.MockWebServer$3 execute
INFO: MockWebServer[56871] starting to accept connections
Feb 27, 2022 1:13:42 PM okhttp3.mockwebserver.MockWebServer$4 processOneRequest
INFO: MockWebServer[56871] received request: GET / HTTP/1.1 and responded: HTTP/1.1 200 OK
Feb 27, 2022 1:13:42 PM okhttp3.mockwebserver.MockWebServer$4 processOneRequest
INFO: MockWebServer[56871] received request: GET / HTTP/1.1 and responded: HTTP/1.1 200 OK
Feb 27, 2022 1:13:42 PM okhttp3.mockwebserver.MockWebServer$3 acceptConnections
INFO: MockWebServer[56871] done accepting connections: Socket closed
Feb 27, 2022 1:13:42 PM okhttp3.mockwebserver.MockWebServer$3 acceptConnections
INFO: MockWebServer[47043] done accepting connections: Socket closed
Feb 27, 2022 1:13:42 PM okhttp3.mockwebserver.MockWebServer$3 execute
INFO: MockWebServer[49565] starting to accept connections
Feb 27, 2022 1:13:42 PM okhttp3.mockwebserver.MockWebServer$3 execute
INFO: MockWebServer[38889] starting to accept connections
Feb 27, 2022 1:13:42 PM okhttp3.mockwebserver.MockWebServer$4 processOneRequest
INFO: MockWebServer[38889] received request: GET / HTTP/1.1 and responded: HTTP/1.1 200 OK
Feb 27, 2022 1:13:42 PM okhttp3.mockwebserver.MockWebServer$4 processOneRequest
INFO: MockWebServer[38889] received request: GET / HTTP/1.1 and responded: HTTP/1.1 200 OK
Feb 27, 2022 1:13:42 PM okhttp3.mockwebserver.MockWebServer$3 acceptConnections
INFO: MockWebServer[38889] done accepting connections: Socket closed
Feb 27, 2022 1:13:42 PM okhttp3.mockwebserver.MockWebServer$3 acceptConnections
INFO: MockWebServer[49565] done accepting connections: Socket closed
Feb 27, 2022 1:13:42 PM okhttp3.mockwebserver.MockWebServer$3 execute
INFO: MockWebServer[35605] starting to accept connections
Feb 27, 2022 1:13:42 PM okhttp3.mockwebserver.MockWebServer$3 execute
INFO: MockWebServer[37163] starting to accept connections
Feb 27, 2022 1:13:42 PM okhttp3.mockwebserver.MockWebServer$4 processOneRequest
INFO: MockWebServer[37163] received request: PUT / HTTP/1.1 and responded: HTTP/1.1 200 OK
Feb 27, 2022 1:13:42 PM okhttp3.mockwebserver.MockWebServer$4 processOneRequest
INFO: MockWebServer[37163] received request: GET / HTTP/1.1 and responded: HTTP/1.1 200 OK
Feb 27, 2022 1:13:42 PM okhttp3.mockwebserver.MockWebServer$3 acceptConnections
INFO: MockWebServer[37163] done accepting connections: Socket closed
Feb 27, 2022 1:13:42 PM okhttp3.mockwebserver.MockWebServer$3 acceptConnections
INFO: MockWebServer[35605] done accepting connections: Socket closed
Feb 27, 2022 1:13:42 PM okhttp3.mockwebserver.MockWebServer$3 execute
INFO: MockWebServer[51723] starting to accept connections
Feb 27, 2022 1:13:42 PM okhttp3.mockwebserver.MockWebServer$3 execute
INFO: MockWebServer[51401] starting to accept connections
Feb 27, 2022 1:13:42 PM okhttp3.mockwebserver.MockWebServer$4 processOneRequest
INFO: MockWebServer[51401] received request: GET / HTTP/1.1 and responded: HTTP/1.1 200 OK
Feb 27, 2022 1:13:42 PM okhttp3.mockwebserver.MockWebServer$3 acceptConnections
INFO: MockWebServer[51401] done accepting connections: Socket closed
Feb 27, 2022 1:13:42 PM okhttp3.mockwebserver.MockWebServer$3 acceptConnections
INFO: MockWebServer[51723] done accepting connections: Socket closed
Feb 27, 2022 1:13:42 PM okhttp3.mockwebserver.MockWebServer$3 execute
INFO: MockWebServer[36761] starting to accept connections
Feb 27, 2022 1:13:42 PM okhttp3.mockwebserver.MockWebServer$3 execute
INFO: MockWebServer[54075] starting to accept connections
Feb 27, 2022 1:13:42 PM okhttp3.mockwebserver.MockWebServer$4 processOneRequest
INFO: MockWebServer[54075] received request: GET / HTTP/1.1 and responded: HTTP/1.1 206 OK
Feb 27, 2022 1:13:42 PM okhttp3.mockwebserver.MockWebServer$4 processOneRequest
INFO: MockWebServer[54075] received request: GET / HTTP/1.1 and responded: HTTP/1.1 200 OK
Feb 27, 2022 1:13:42 PM okhttp3.mockwebserver.MockWebServer$3 acceptConnections
INFO: MockWebServer[54075] done accepting connections: Socket closed
Feb 27, 2022 1:13:42 PM okhttp3.mockwebserver.MockWebServer$3 acceptConnections
INFO: MockWebServer[36761] done accepting connections: Socket closed
Feb 27, 2022 1:13:42 PM okhttp3.mockwebserver.MockWebServer$3 execute
INFO: MockWebServer[41077] starting to accept connections
Feb 27, 2022 1:13:42 PM okhttp3.mockwebserver.MockWebServer$3 execute
INFO: MockWebServer[59787] starting to accept connections
Feb 27, 2022 1:13:42 PM okhttp3.mockwebserver.MockWebServer$4 processOneRequest
INFO: MockWebServer[59787] received request: GET /valid HTTP/1.1 and responded: HTTP/1.1 200 A-OK
Feb 27, 2022 1:13:42 PM okhttp3.mockwebserver.MockWebServer$4 processOneRequest
INFO: MockWebServer[59787] received request: GET /valid HTTP/1.1 and responded: HTTP/1.1 304 Redirection
Feb 27, 2022 1:13:42 PM okhttp3.mockwebserver.MockWebServer$4 processOneRequest
INFO: MockWebServer[59787] received request: GET /invalid HTTP/1.1 and responded: HTTP/1.1 200 B-OK
Feb 27, 2022 1:13:42 PM okhttp3.mockwebserver.MockWebServer$4 processOneRequest
INFO: MockWebServer[59787] received request: GET /invalid HTTP/1.1 and responded: HTTP/1.1 200 C-OK
Feb 27, 2022 1:13:42 PM okhttp3.mockwebserver.MockWebServer$3 acceptConnections
INFO: MockWebServer[59787] done accepting connections: Socket closed
Feb 27, 2022 1:13:42 PM okhttp3.mockwebserver.MockWebServer$3 acceptConnections
INFO: MockWebServer[41077] done accepting connections: Socket closed
Feb 27, 2022 1:13:42 PM okhttp3.mockwebserver.MockWebServer$3 execute
INFO: MockWebServer[59125] starting to accept connections
Feb 27, 2022 1:13:42 PM okhttp3.mockwebserver.MockWebServer$3 execute
INFO: MockWebServer[44065] starting to accept connections
Feb 27, 2022 1:13:42 PM okhttp3.mockwebserver.MockWebServer$4 processOneRequest
INFO: MockWebServer[44065] received request: GET / HTTP/1.1 and responded: HTTP/1.1 200 OK
Feb 27, 2022 1:13:42 PM okhttp3.mockwebserver.MockWebServer$3 acceptConnections
INFO: MockWebServer[44065] done accepting connections: Socket closed
Feb 27, 2022 1:13:42 PM okhttp3.mockwebserver.MockWebServer$3 acceptConnections
INFO: MockWebServer[59125] done accepting connections: Socket closed
Feb 27, 2022 1:13:42 PM okhttp3.mockwebserver.MockWebServer$3 execute
INFO: MockWebServer[47985] starting to accept connections
Feb 27, 2022 1:13:42 PM okhttp3.mockwebserver.MockWebServer$3 execute
INFO: MockWebServer[51539] starting to accept connections
Feb 27, 2022 1:13:42 PM okhttp3.mockwebserver.MockWebServer$4 processOneRequest
INFO: MockWebServer[51539] received request: GET / HTTP/1.1 and responded: HTTP/1.1 200 OK
Feb 27, 2022 1:13:42 PM okhttp3.mockwebserver.MockWebServer$4 processOneRequest
INFO: MockWebServer[51539] received request: GET / HTTP/1.1 and responded: HTTP/1.1 200 OK
Feb 27, 2022 1:13:42 PM okhttp3.mockwebserver.MockWebServer$3 acceptConnections
INFO: MockWebServer[51539] done accepting connections: Socket closed
Feb 27, 2022 1:13:42 PM okhttp3.mockwebserver.MockWebServer$3 acceptConnections
INFO: MockWebServer[47985] done accepting connections: Socket closed
Feb 27, 2022 1:13:42 PM okhttp3.mockwebserver.MockWebServer$3 execute
INFO: MockWebServer[48949] starting to accept connections
Feb 27, 2022 1:13:42 PM okhttp3.mockwebserver.MockWebServer$3 execute
INFO: MockWebServer[53067] starting to accept connections
Feb 27, 2022 1:13:42 PM okhttp3.mockwebserver.MockWebServer$3 acceptConnections
INFO: MockWebServer[53067] done accepting connections: Socket closed
Feb 27, 2022 1:13:42 PM okhttp3.mockwebserver.MockWebServer$3 acceptConnections
INFO: MockWebServer[48949] done accepting connections: Socket closed
Feb 27, 2022 1:13:42 PM okhttp3.mockwebserver.MockWebServer$3 execute
INFO: MockWebServer[55153] starting to accept connections
Feb 27, 2022 1:13:42 PM okhttp3.mockwebserver.MockWebServer$3 execute
INFO: MockWebServer[54859] starting to accept connections
Feb 27, 2022 1:13:42 PM okhttp3.mockwebserver.MockWebServer$4 processOneRequest
INFO: MockWebServer[54859] received request: HEAD / HTTP/1.1 and responded: HTTP/1.1 200 OK
Feb 27, 2022 1:13:42 PM okhttp3.mockwebserver.MockWebServer$4 processOneRequest
INFO: MockWebServer[54859] received request: GET / HTTP/1.1 and responded: HTTP/1.1 200 OK
Feb 27, 2022 1:13:42 PM okhttp3.mockwebserver.MockWebServer$3 acceptConnections
INFO: MockWebServer[54859] done accepting connections: Socket closed
Feb 27, 2022 1:13:42 PM okhttp3.mockwebserver.MockWebServer$3 acceptConnections
INFO: MockWebServer[55153] done accepting connections: Socket closed
Feb 27, 2022 1:13:42 PM okhttp3.mockwebserver.MockWebServer$3 execute
INFO: MockWebServer[59201] starting to accept connections
Feb 27, 2022 1:13:42 PM okhttp3.mockwebserver.MockWebServer$3 execute
INFO: MockWebServer[37625] starting to accept connections
Feb 27, 2022 1:13:42 PM okhttp3.mockwebserver.MockWebServer$4 processOneRequest
INFO: MockWebServer[37625] received request: GET / HTTP/1.1 and responded: HTTP/1.1 200 OK
Feb 27, 2022 1:13:42 PM okhttp3.mockwebserver.MockWebServer$4 processOneRequest
INFO: MockWebServer[37625] received request: GET / HTTP/1.1 and responded: HTTP/1.1 304 Redirection
Feb 27, 2022 1:13:42 PM okhttp3.mockwebserver.MockWebServer$3 acceptConnections
INFO: MockWebServer[37625] done accepting connections: Socket closed
Feb 27, 2022 1:13:42 PM okhttp3.mockwebserver.MockWebServer$3 acceptConnections
INFO: MockWebServer[59201] done accepting connections: Socket closed
Feb 27, 2022 1:13:42 PM okhttp3.mockwebserver.MockWebServer$3 execute
INFO: MockWebServer[34881] starting to accept connections
Feb 27, 2022 1:13:42 PM okhttp3.mockwebserver.MockWebServer$3 execute
INFO: MockWebServer[40795] starting to accept connections
Feb 27, 2022 1:13:42 PM okhttp3.mockwebserver.MockWebServer$4 processOneRequest
INFO: MockWebServer[40795] received request: GET / HTTP/1.1 and responded: HTTP/1.1 200 OK
Feb 27, 2022 1:13:42 PM okhttp3.mockwebserver.MockWebServer$4 processOneRequest
INFO: MockWebServer[40795] received request: GET / HTTP/1.1 and responded: HTTP/1.1 200 OK
Feb 27, 2022 1:13:42 PM okhttp3.mockwebserver.MockWebServer$3 acceptConnections
INFO: MockWebServer[40795] done accepting connections: Socket closed
Feb 27, 2022 1:13:42 PM okhttp3.mockwebserver.MockWebServer$3 acceptConnections
INFO: MockWebServer[34881] done accepting connections: Socket closed
Feb 27, 2022 1:13:42 PM okhttp3.mockwebserver.MockWebServer$3 execute
INFO: MockWebServer[39557] starting to accept connections
Feb 27, 2022 1:13:42 PM okhttp3.mockwebserver.MockWebServer$3 execute
INFO: MockWebServer[54251] starting to accept connections
Feb 27, 2022 1:13:42 PM okhttp3.mockwebserver.MockWebServer$3 acceptConnections
INFO: MockWebServer[54251] done accepting connections: Socket closed
Feb 27, 2022 1:13:42 PM okhttp3.mockwebserver.MockWebServer$3 acceptConnections
INFO: MockWebServer[39557] done accepting connections: Socket closed
Feb 27, 2022 1:13:42 PM okhttp3.mockwebserver.MockWebServer$3 execute
INFO: MockWebServer[55887] starting to accept connections
Feb 27, 2022 1:13:42 PM okhttp3.mockwebserver.MockWebServer$3 execute
INFO: MockWebServer[55475] starting to accept connections
Feb 27, 2022 1:13:43 PM okhttp3.mockwebserver.MockWebServer$4 processOneRequest
INFO: MockWebServer[55475] received request: GET / HTTP/1.1 and responded: HTTP/1.1 200 OK
Feb 27, 2022 1:13:43 PM okhttp3.mockwebserver.MockWebServer$3 acceptConnections
INFO: MockWebServer[55475] done accepting connections: Socket closed
Feb 27, 2022 1:13:43 PM okhttp3.mockwebserver.MockWebServer$4 processOneRequest
INFO: MockWebServer[55475] received request: GET / HTTP/1.1 and responded: HTTP/1.1 200 OK
Feb 27, 2022 1:13:43 PM okhttp3.mockwebserver.MockWebServer$3 acceptConnections
INFO: MockWebServer[55887] done accepting connections: Socket closed
Feb 27, 2022 1:13:43 PM okhttp3.mockwebserver.MockWebServer$3 execute
INFO: MockWebServer[50639] starting to accept connections
Feb 27, 2022 1:13:43 PM okhttp3.mockwebserver.MockWebServer$3 execute
INFO: MockWebServer[51715] starting to accept connections
Feb 27, 2022 1:13:43 PM okhttp3.mockwebserver.MockWebServer$4 processOneRequest
INFO: MockWebServer[51715] received request: GET / HTTP/1.1 and responded: HTTP/1.1 200 OK
Feb 27, 2022 1:13:44 PM okhttp3.mockwebserver.MockWebServer$4 processOneRequest
INFO: MockWebServer[51715] received request: GET / HTTP/1.1 and responded: HTTP/1.1 200 OK
Feb 27, 2022 1:13:44 PM okhttp3.mockwebserver.MockWebServer$3 acceptConnections
INFO: MockWebServer[51715] done accepting connections: Socket closed
Feb 27, 2022 1:13:44 PM okhttp3.mockwebserver.MockWebServer$3 acceptConnections
INFO: MockWebServer[50639] done accepting connections: Socket closed
Feb 27, 2022 1:13:44 PM okhttp3.mockwebserver.MockWebServer$3 execute
INFO: MockWebServer[35823] starting to accept connections
Feb 27, 2022 1:13:44 PM okhttp3.mockwebserver.MockWebServer$3 execute
INFO: MockWebServer[55747] starting to accept connections
Feb 27, 2022 1:13:44 PM okhttp3.mockwebserver.MockWebServer$4 processOneRequest
INFO: MockWebServer[55747] received request: GET / HTTP/1.1 and responded: HTTP/1.1 200 OK
Feb 27, 2022 1:13:44 PM okhttp3.mockwebserver.MockWebServer$4 processOneRequest
INFO: MockWebServer[55747] received request: GET / HTTP/1.1 and responded: HTTP/1.1 304 Redirection
Feb 27, 2022 1:13:44 PM okhttp3.mockwebserver.MockWebServer$3 acceptConnections
INFO: MockWebServer[55747] done accepting connections: Socket closed
Feb 27, 2022 1:13:44 PM okhttp3.mockwebserver.MockWebServer$3 acceptConnections
INFO: MockWebServer[35823] done accepting connections: Socket closed
Feb 27, 2022 1:13:44 PM okhttp3.mockwebserver.MockWebServer$3 execute
INFO: MockWebServer[54845] starting to accept connections
Feb 27, 2022 1:13:44 PM okhttp3.mockwebserver.MockWebServer$3 execute
INFO: MockWebServer[36023] starting to accept connections
Feb 27, 2022 1:13:44 PM okhttp3.mockwebserver.MockWebServer$4 processOneRequest
INFO: MockWebServer[36023] received request: GET / HTTP/1.1 and responded: HTTP/1.1 301 Redirection
Feb 27, 2022 1:13:44 PM okhttp3.mockwebserver.MockWebServer$FramedSocketHandler onStream
INFO: MockWebServer[54845] received request: GET / HTTP/1.1 and responded: HTTP/1.1 200 OK protocol is h2
Feb 27, 2022 1:13:44 PM okhttp3.mockwebserver.MockWebServer$3 acceptConnections
INFO: MockWebServer[36023] done accepting connections: Socket closed
Feb 27, 2022 1:13:44 PM okhttp3.mockwebserver.MockWebServer$3 acceptConnections
INFO: MockWebServer[54845] done accepting connections: Socket closed
Feb 27, 2022 1:13:44 PM okhttp3.mockwebserver.MockWebServer$3 execute
INFO: MockWebServer[49041] starting to accept connections
Feb 27, 2022 1:13:44 PM okhttp3.mockwebserver.MockWebServer$3 execute
INFO: MockWebServer[49631] starting to accept connections
Feb 27, 2022 1:13:44 PM okhttp3.mockwebserver.MockWebServer$4 processOneRequest
INFO: MockWebServer[49631] received request: GET / HTTP/1.1 and responded: HTTP/1.1 200 OK
Feb 27, 2022 1:13:44 PM okhttp3.mockwebserver.MockWebServer$4 processOneRequest
INFO: MockWebServer[49631] received request: GET / HTTP/1.1 and responded: HTTP/1.1 304 Redirection
Feb 27, 2022 1:13:44 PM okhttp3.mockwebserver.MockWebServer$3 acceptConnections
INFO: MockWebServer[49631] done accepting connections: Socket closed
Feb 27, 2022 1:13:44 PM okhttp3.mockwebserver.MockWebServer$3 acceptConnections
INFO: MockWebServer[49041] done accepting connections: Socket closed
Feb 27, 2022 1:13:44 PM okhttp3.mockwebserver.MockWebServer$3 execute
INFO: MockWebServer[41831] starting to accept connections
Feb 27, 2022 1:13:44 PM okhttp3.mockwebserver.MockWebServer$3 execute
INFO: MockWebServer[39713] starting to accept connections
Feb 27, 2022 1:13:45 PM okhttp3.mockwebserver.MockWebServer$4 processOneRequest
INFO: MockWebServer[39713] received request: GET / HTTP/1.1 and responded: HTTP/1.1 200 OK
Feb 27, 2022 1:13:45 PM okhttp3.mockwebserver.MockWebServer$3 acceptConnections
INFO: MockWebServer[39713] done accepting connections: Socket closed
Feb 27, 2022 1:13:46 PM okhttp3.mockwebserver.MockWebServer$4 processOneRequest
INFO: MockWebServer[39713] received request: GET / HTTP/1.1 and responded: HTTP/1.1 200 OK
Feb 27, 2022 1:13:46 PM okhttp3.mockwebserver.MockWebServer$3 acceptConnections
INFO: MockWebServer[41831] done accepting connections: Socket closed
Feb 27, 2022 1:13:46 PM okhttp3.mockwebserver.MockWebServer$3 execute
INFO: MockWebServer[42491] starting to accept connections
Feb 27, 2022 1:13:46 PM okhttp3.mockwebserver.MockWebServer$3 execute
INFO: MockWebServer[43251] starting to accept connections
Feb 27, 2022 1:13:46 PM okhttp3.mockwebserver.MockWebServer$4 processOneRequest
INFO: MockWebServer[43251] received request: GET / HTTP/1.1 and responded: HTTP/1.1 200 OK
Feb 27, 2022 1:13:46 PM okhttp3.mockwebserver.MockWebServer$4 processOneRequest
INFO: MockWebServer[43251] received request: GET / HTTP/1.1 and responded: HTTP/1.1 200 OK
Feb 27, 2022 1:13:46 PM okhttp3.mockwebserver.MockWebServer$3 acceptConnections
INFO: MockWebServer[43251] done accepting connections: Socket closed
Feb 27, 2022 1:13:46 PM okhttp3.mockwebserver.MockWebServer$3 acceptConnections
INFO: MockWebServer[42491] done accepting connections: Socket closed
Feb 27, 2022 1:13:46 PM okhttp3.mockwebserver.MockWebServer$3 execute
INFO: MockWebServer[59287] starting to accept connections
Feb 27, 2022 1:13:46 PM okhttp3.mockwebserver.MockWebServer$3 execute
INFO: MockWebServer[39855] starting to accept connections
Feb 27, 2022 1:13:46 PM okhttp3.mockwebserver.MockWebServer$4 processOneRequest
INFO: MockWebServer[39855] received request: GET /a HTTP/1.1 and responded: HTTP/1.1 200 OK
Feb 27, 2022 1:13:46 PM okhttp3.mockwebserver.MockWebServer$4 processOneRequest
INFO: MockWebServer[39855] received request: GET /a HTTP/1.1 and responded: HTTP/1.1 304 Redirection
Feb 27, 2022 1:13:46 PM okhttp3.mockwebserver.MockWebServer$4 processOneRequest
INFO: MockWebServer[39855] received request: GET /b HTTP/1.1 and responded: HTTP/1.1 200 OK
Feb 27, 2022 1:13:46 PM okhttp3.mockwebserver.MockWebServer$3 acceptConnections
INFO: MockWebServer[39855] done accepting connections: Socket closed
Feb 27, 2022 1:13:46 PM okhttp3.mockwebserver.MockWebServer$3 acceptConnections
INFO: MockWebServer[59287] done accepting connections: Socket closed
Feb 27, 2022 1:13:46 PM okhttp3.mockwebserver.MockWebServer$3 execute
INFO: MockWebServer[40889] starting to accept connections
Feb 27, 2022 1:13:46 PM okhttp3.mockwebserver.MockWebServer$3 execute
INFO: MockWebServer[55827] starting to accept connections
Feb 27, 2022 1:13:46 PM okhttp3.mockwebserver.MockWebServer$4 processOneRequest
INFO: MockWebServer[55827] received request: GET / HTTP/1.1 and responded: HTTP/1.1 200 OK
Feb 27, 2022 1:13:46 PM okhttp3.mockwebserver.MockWebServer$4 processOneRequest
INFO: MockWebServer[55827] received request: GET / HTTP/1.1 and responded: HTTP/1.1 200 OK
Feb 27, 2022 1:13:46 PM okhttp3.mockwebserver.MockWebServer$3 acceptConnections
INFO: MockWebServer[55827] done accepting connections: Socket closed
Feb 27, 2022 1:13:46 PM okhttp3.mockwebserver.MockWebServer$3 acceptConnections
INFO: MockWebServer[40889] done accepting connections: Socket closed
Feb 27, 2022 1:13:46 PM okhttp3.mockwebserver.MockWebServer$3 execute
INFO: MockWebServer[53319] starting to accept connections
Feb 27, 2022 1:13:46 PM okhttp3.mockwebserver.MockWebServer$3 execute
INFO: MockWebServer[57643] starting to accept connections
Feb 27, 2022 1:13:46 PM okhttp3.mockwebserver.MockWebServer$4 processOneRequest
INFO: MockWebServer[57643] received request: GET / HTTP/1.1 and responded: HTTP/1.1 200 OK
Feb 27, 2022 1:13:46 PM okhttp3.mockwebserver.MockWebServer$4 processOneRequest
INFO: MockWebServer[57643] received request: GET / HTTP/1.1 and responded: HTTP/1.1 200 OK
Feb 27, 2022 1:13:46 PM okhttp3.mockwebserver.MockWebServer$3 acceptConnections
INFO: MockWebServer[57643] done accepting connections: Socket closed
Feb 27, 2022 1:13:46 PM okhttp3.mockwebserver.MockWebServer$3 acceptConnections
INFO: MockWebServer[53319] done accepting connections: Socket closed
Feb 27, 2022 1:13:46 PM okhttp3.mockwebserver.MockWebServer$3 execute
INFO: MockWebServer[36419] starting to accept connections
Feb 27, 2022 1:13:46 PM okhttp3.mockwebserver.MockWebServer$3 execute
INFO: MockWebServer[33871] starting to accept connections
Feb 27, 2022 1:13:46 PM okhttp3.mockwebserver.MockWebServer$4 processOneRequest
INFO: MockWebServer[33871] received request: GET / HTTP/1.1 and responded: HTTP/1.1 200 OK
Feb 27, 2022 1:13:46 PM okhttp3.mockwebserver.MockWebServer$4 processOneRequest
INFO: MockWebServer[33871] received request: GET / HTTP/1.1 and responded: HTTP/1.1 304 Redirection
Feb 27, 2022 1:13:46 PM okhttp3.mockwebserver.MockWebServer$3 acceptConnections
INFO: MockWebServer[33871] done accepting connections: Socket closed
Feb 27, 2022 1:13:46 PM okhttp3.mockwebserver.MockWebServer$3 acceptConnections
INFO: MockWebServer[36419] done accepting connections: Socket closed
Feb 27, 2022 1:13:46 PM okhttp3.mockwebserver.MockWebServer$3 execute
INFO: MockWebServer[35691] starting to accept connections
Feb 27, 2022 1:13:46 PM okhttp3.mockwebserver.MockWebServer$3 execute
INFO: MockWebServer[55919] starting to accept connections
Feb 27, 2022 1:13:46 PM okhttp3.mockwebserver.MockWebServer$4 processOneRequest
INFO: MockWebServer[55919] received request: GET / HTTP/1.1 and responded: HTTP/1.1 200 OK
Feb 27, 2022 1:13:46 PM okhttp3.mockwebserver.MockWebServer$4 processOneRequest
INFO: MockWebServer[55919] received request: DELETE / HTTP/1.1 and responded: HTTP/1.1 200 OK
Feb 27, 2022 1:13:46 PM okhttp3.mockwebserver.MockWebServer$4 processOneRequest
INFO: MockWebServer[55919] received request: GET / HTTP/1.1 and responded: HTTP/1.1 200 OK
Feb 27, 2022 1:13:46 PM okhttp3.mockwebserver.MockWebServer$3 acceptConnections
INFO: MockWebServer[55919] done accepting connections: Socket closed
Feb 27, 2022 1:13:46 PM okhttp3.mockwebserver.MockWebServer$3 acceptConnections
INFO: MockWebServer[35691] done accepting connections: Socket closed
Feb 27, 2022 1:13:46 PM okhttp3.mockwebserver.MockWebServer$3 execute
INFO: MockWebServer[42815] starting to accept connections
Feb 27, 2022 1:13:46 PM okhttp3.mockwebserver.MockWebServer$3 execute
INFO: MockWebServer[52621] starting to accept connections
Feb 27, 2022 1:13:46 PM okhttp3.mockwebserver.MockWebServer$4 processOneRequest
INFO: MockWebServer[52621] received request: GET / HTTP/1.1 and responded: HTTP/1.1 304 Redirection
Feb 27, 2022 1:13:46 PM okhttp3.mockwebserver.MockWebServer$3 acceptConnections
INFO: MockWebServer[52621] done accepting connections: Socket closed
Feb 27, 2022 1:13:46 PM okhttp3.mockwebserver.MockWebServer$3 acceptConnections
INFO: MockWebServer[42815] done accepting connections: Socket closed
Feb 27, 2022 1:13:46 PM okhttp3.mockwebserver.MockWebServer$3 execute
INFO: MockWebServer[49645] starting to accept connections
Feb 27, 2022 1:13:46 PM okhttp3.mockwebserver.MockWebServer$3 execute
INFO: MockWebServer[47881] starting to accept connections
Feb 27, 2022 1:13:46 PM okhttp3.mockwebserver.MockWebServer$4 processOneRequest
INFO: MockWebServer[47881] received request: GET / HTTP/1.1 and responded: HTTP/1.1 200 OK
Feb 27, 2022 1:13:46 PM okhttp3.mockwebserver.MockWebServer$4 processOneRequest
INFO: MockWebServer[47881] received request: GET / HTTP/1.1 and responded: HTTP/1.1 304 Redirection
Feb 27, 2022 1:13:46 PM okhttp3.mockwebserver.MockWebServer$3 acceptConnections
INFO: MockWebServer[47881] done accepting connections: Socket closed
Feb 27, 2022 1:13:46 PM okhttp3.mockwebserver.MockWebServer$3 acceptConnections
INFO: MockWebServer[49645] done accepting connections: Socket closed
Feb 27, 2022 1:13:46 PM okhttp3.mockwebserver.MockWebServer$3 execute
INFO: MockWebServer[40679] starting to accept connections
Feb 27, 2022 1:13:46 PM okhttp3.mockwebserver.MockWebServer$3 execute
INFO: MockWebServer[33237] starting to accept connections
Feb 27, 2022 1:13:46 PM okhttp3.mockwebserver.MockWebServer$4 processOneRequest
INFO: MockWebServer[33237] received request: GET / HTTP/1.1 and responded: HTTP/1.1 200 OK
Feb 27, 2022 1:13:46 PM okhttp3.mockwebserver.MockWebServer$3 acceptConnections
INFO: MockWebServer[33237] done accepting connections: Socket closed
Feb 27, 2022 1:13:46 PM okhttp3.mockwebserver.MockWebServer$3 acceptConnections
INFO: MockWebServer[40679] done accepting connections: Socket closed
Feb 27, 2022 1:13:46 PM okhttp3.mockwebserver.MockWebServer$3 execute
INFO: MockWebServer[60923] starting to accept connections
Feb 27, 2022 1:13:46 PM okhttp3.mockwebserver.MockWebServer$3 execute
INFO: MockWebServer[37775] starting to accept connections
Feb 27, 2022 1:13:46 PM okhttp3.mockwebserver.MockWebServer$4 processOneRequest
INFO: MockWebServer[37775] received request: GET /valid HTTP/1.1 and responded: HTTP/1.1 200 A-OK
Feb 27, 2022 1:13:46 PM okhttp3.mockwebserver.MockWebServer$4 processOneRequest
INFO: MockWebServer[37775] received request: GET /valid HTTP/1.1 and responded: HTTP/1.1 304 Redirection
Feb 27, 2022 1:13:46 PM okhttp3.mockwebserver.MockWebServer$4 processOneRequest
INFO: MockWebServer[37775] received request: GET /invalid HTTP/1.1 and responded: HTTP/1.1 200 B-OK
Feb 27, 2022 1:13:46 PM okhttp3.mockwebserver.MockWebServer$4 processOneRequest
INFO: MockWebServer[37775] received request: GET /invalid HTTP/1.1 and responded: HTTP/1.1 200 C-OK
Feb 27, 2022 1:13:46 PM okhttp3.mockwebserver.MockWebServer$3 acceptConnections
INFO: MockWebServer[37775] done accepting connections: Socket closed
Feb 27, 2022 1:13:46 PM okhttp3.mockwebserver.MockWebServer$3 acceptConnections
INFO: MockWebServer[60923] done accepting connections: Socket closed
Feb 27, 2022 1:13:46 PM okhttp3.mockwebserver.MockWebServer$3 execute
INFO: MockWebServer[54201] starting to accept connections
Feb 27, 2022 1:13:46 PM okhttp3.mockwebserver.MockWebServer$3 execute
INFO: MockWebServer[33545] starting to accept connections
Feb 27, 2022 1:13:46 PM okhttp3.mockwebserver.MockWebServer$4 processOneRequest
INFO: MockWebServer[33545] received request: GET / HTTP/1.1 and responded: HTTP/1.1 200 OK
Feb 27, 2022 1:13:46 PM okhttp3.mockwebserver.MockWebServer$4 processOneRequest
INFO: MockWebServer[33545] received request: GET / HTTP/1.1 and responded: HTTP/1.1 200 OK
Feb 27, 2022 1:13:46 PM okhttp3.mockwebserver.MockWebServer$3 acceptConnections
INFO: MockWebServer[33545] done accepting connections: Socket closed
Feb 27, 2022 1:13:46 PM okhttp3.mockwebserver.MockWebServer$3 acceptConnections
INFO: MockWebServer[54201] done accepting connections: Socket closed
Feb 27, 2022 1:13:46 PM okhttp3.mockwebserver.MockWebServer$3 execute
INFO: MockWebServer[39651] starting to accept connections
Feb 27, 2022 1:13:46 PM okhttp3.mockwebserver.MockWebServer$3 execute
INFO: MockWebServer[40481] starting to accept connections
Feb 27, 2022 1:13:47 PM okhttp3.mockwebserver.MockWebServer$4 processOneRequest
INFO: MockWebServer[40481] received request: GET / HTTP/1.1 and responded: HTTP/1.1 200 OK
Feb 27, 2022 1:13:47 PM okhttp3.mockwebserver.MockWebServer$4 processOneRequest
INFO: MockWebServer[40481] received request: GET / HTTP/1.1 and responded: HTTP/1.1 304 Redirection
Feb 27, 2022 1:13:47 PM okhttp3.mockwebserver.MockWebServer$3 acceptConnections
INFO: MockWebServer[40481] done accepting connections: Socket closed
Feb 27, 2022 1:13:47 PM okhttp3.mockwebserver.MockWebServer$3 acceptConnections
INFO: MockWebServer[39651] done accepting connections: Socket closed
Feb 27, 2022 1:13:47 PM okhttp3.mockwebserver.MockWebServer$3 execute
INFO: MockWebServer[46367] starting to accept connections
Feb 27, 2022 1:13:47 PM okhttp3.mockwebserver.MockWebServer$3 execute
INFO: MockWebServer[43183] starting to accept connections
Feb 27, 2022 1:13:47 PM okhttp3.mockwebserver.MockWebServer$4 processOneRequest
INFO: MockWebServer[43183] received request: GET / HTTP/1.1 and responded: HTTP/1.1 200 OK
Feb 27, 2022 1:13:47 PM okhttp3.mockwebserver.MockWebServer$4 processOneRequest
INFO: MockWebServer[43183] received request: GET / HTTP/1.1 and responded: HTTP/1.1 200 OK
Feb 27, 2022 1:13:47 PM okhttp3.mockwebserver.MockWebServer$4 processOneRequest
INFO: MockWebServer[43183] received request: GET / HTTP/1.1 and responded: HTTP/1.1 200 OK
Feb 27, 2022 1:13:47 PM okhttp3.mockwebserver.MockWebServer$3 acceptConnections
INFO: MockWebServer[43183] done accepting connections: Socket closed
Feb 27, 2022 1:13:47 PM okhttp3.mockwebserver.MockWebServer$3 acceptConnections
INFO: MockWebServer[46367] done accepting connections: Socket closed
Feb 27, 2022 1:13:47 PM okhttp3.mockwebserver.MockWebServer$3 execute
INFO: MockWebServer[52825] starting to accept connections
Feb 27, 2022 1:13:47 PM okhttp3.mockwebserver.MockWebServer$3 execute
INFO: MockWebServer[45473] starting to accept connections
Feb 27, 2022 1:13:47 PM okhttp3.mockwebserver.MockWebServer$4 processOneRequest
INFO: MockWebServer[45473] received request: GET /valid HTTP/1.1 and responded: HTTP/1.1 200 A-OK
Feb 27, 2022 1:13:47 PM okhttp3.mockwebserver.MockWebServer$4 processOneRequest
INFO: MockWebServer[45473] received request: GET /valid HTTP/1.1 and responded: HTTP/1.1 304 Redirection
Feb 27, 2022 1:13:47 PM okhttp3.mockwebserver.MockWebServer$4 processOneRequest
INFO: MockWebServer[45473] received request: GET /invalid HTTP/1.1 and responded: HTTP/1.1 200 B-OK
Feb 27, 2022 1:13:47 PM okhttp3.mockwebserver.MockWebServer$4 processOneRequest
INFO: MockWebServer[45473] received request: GET /invalid HTTP/1.1 and responded: HTTP/1.1 200 C-OK
Feb 27, 2022 1:13:47 PM okhttp3.mockwebserver.MockWebServer$3 acceptConnections
INFO: MockWebServer[45473] done accepting connections: Socket closed
Feb 27, 2022 1:13:47 PM okhttp3.mockwebserver.MockWebServer$3 acceptConnections
INFO: MockWebServer[52825] done accepting connections: Socket closed
Feb 27, 2022 1:13:47 PM okhttp3.mockwebserver.MockWebServer$3 execute
INFO: MockWebServer[50833] starting to accept connections
Feb 27, 2022 1:13:47 PM okhttp3.mockwebserver.MockWebServer$3 execute
INFO: MockWebServer[60697] starting to accept connections
Feb 27, 2022 1:13:47 PM okhttp3.mockwebserver.MockWebServer$4 processOneRequest
INFO: MockWebServer[60697] received request: GET / HTTP/1.1 and responded: HTTP/1.1 200 OK
Feb 27, 2022 1:13:47 PM okhttp3.mockwebserver.MockWebServer$3 acceptConnections
INFO: MockWebServer[60697] done accepting connections: Socket closed
Feb 27, 2022 1:13:47 PM okhttp3.mockwebserver.MockWebServer$3 acceptConnections
INFO: MockWebServer[50833] done accepting connections: Socket closed
Feb 27, 2022 1:13:47 PM okhttp3.mockwebserver.MockWebServer$3 execute
INFO: MockWebServer[44493] starting to accept connections
Feb 27, 2022 1:13:47 PM okhttp3.mockwebserver.MockWebServer$3 execute
INFO: MockWebServer[54097] starting to accept connections
Feb 27, 2022 1:13:47 PM okhttp3.mockwebserver.MockWebServer$4 processOneRequest
INFO: MockWebServer[54097] received request: GET / HTTP/1.1 and responded: HTTP/1.1 206 OK
Feb 27, 2022 1:13:47 PM okhttp3.mockwebserver.MockWebServer$4 processOneRequest
INFO: MockWebServer[54097] received request: GET / HTTP/1.1 and responded: HTTP/1.1 200 OK
Feb 27, 2022 1:13:47 PM okhttp3.mockwebserver.MockWebServer$3 acceptConnections
INFO: MockWebServer[54097] done accepting connections: Socket closed
Feb 27, 2022 1:13:47 PM okhttp3.mockwebserver.MockWebServer$3 acceptConnections
INFO: MockWebServer[44493] done accepting connections: Socket closed
Feb 27, 2022 1:13:47 PM okhttp3.mockwebserver.MockWebServer$3 execute
INFO: MockWebServer[55593] starting to accept connections
Feb 27, 2022 1:13:47 PM okhttp3.mockwebserver.MockWebServer$3 execute
INFO: MockWebServer[45115] starting to accept connections
Feb 27, 2022 1:13:47 PM okhttp3.mockwebserver.MockWebServer$4 processOneRequest
INFO: MockWebServer[45115] received request: OPTIONS / HTTP/1.1 and responded: HTTP/1.1 200 OK
Feb 27, 2022 1:13:47 PM okhttp3.mockwebserver.MockWebServer$4 processOneRequest
INFO: MockWebServer[45115] received request: GET / HTTP/1.1 and responded: HTTP/1.1 200 OK
Feb 27, 2022 1:13:47 PM okhttp3.mockwebserver.MockWebServer$3 acceptConnections
INFO: MockWebServer[45115] done accepting connections: Socket closed
Feb 27, 2022 1:13:47 PM okhttp3.mockwebserver.MockWebServer$3 acceptConnections
INFO: MockWebServer[55593] done accepting connections: Socket closed
Feb 27, 2022 1:13:47 PM okhttp3.mockwebserver.MockWebServer$3 execute
INFO: MockWebServer[48057] starting to accept connections
Feb 27, 2022 1:13:47 PM okhttp3.mockwebserver.MockWebServer$3 execute
INFO: MockWebServer[38085] starting to accept connections
Feb 27, 2022 1:13:47 PM okhttp3.mockwebserver.MockWebServer$4 processOneRequest
INFO: MockWebServer[38085] received request: GET /foo HTTP/1.1 and responded: HTTP/1.1 200 OK
Feb 27, 2022 1:13:47 PM okhttp3.mockwebserver.MockWebServer$4 processOneRequest
INFO: MockWebServer[38085] received request: GET /bar HTTP/1.1 and responded: HTTP/1.1 301 Redirection
Feb 27, 2022 1:13:47 PM okhttp3.mockwebserver.MockWebServer$4 processOneRequest
INFO: MockWebServer[38085] received request: GET /baz HTTP/1.1 and responded: HTTP/1.1 200 OK
Feb 27, 2022 1:13:47 PM okhttp3.mockwebserver.MockWebServer$3 acceptConnections
INFO: MockWebServer[38085] done accepting connections: Socket closed
Feb 27, 2022 1:13:47 PM okhttp3.mockwebserver.MockWebServer$3 acceptConnections
INFO: MockWebServer[48057] done accepting connections: Socket closed
Feb 27, 2022 1:13:47 PM okhttp3.mockwebserver.MockWebServer$3 execute
INFO: MockWebServer[38957] starting to accept connections
Feb 27, 2022 1:13:47 PM okhttp3.mockwebserver.MockWebServer$3 execute
INFO: MockWebServer[49977] starting to accept connections
Feb 27, 2022 1:13:47 PM okhttp3.mockwebserver.MockWebServer$4 processOneRequest
INFO: MockWebServer[49977] received request: GET / HTTP/1.1 and responded: HTTP/1.1 200 OK
Feb 27, 2022 1:13:47 PM okhttp3.mockwebserver.MockWebServer$4 processConnection
WARNING: MockWebServer[49977] connection from /127.0.0.1 didn't make a request
Feb 27, 2022 1:13:47 PM okhttp3.mockwebserver.MockWebServer$4 processOneRequest
INFO: MockWebServer[49977] received request: GET / HTTP/1.1 and responded: HTTP/1.1 200 OK
Feb 27, 2022 1:13:47 PM okhttp3.mockwebserver.MockWebServer$3 acceptConnections
INFO: MockWebServer[49977] done accepting connections: Socket closed
Feb 27, 2022 1:13:47 PM okhttp3.mockwebserver.MockWebServer$3 acceptConnections
INFO: MockWebServer[38957] done accepting connections: Socket closed
Feb 27, 2022 1:13:47 PM okhttp3.mockwebserver.MockWebServer$3 execute
INFO: MockWebServer[46847] starting to accept connections
Feb 27, 2022 1:13:47 PM okhttp3.mockwebserver.MockWebServer$3 execute
INFO: MockWebServer[57387] starting to accept connections
Feb 27, 2022 1:13:47 PM okhttp3.mockwebserver.MockWebServer$4 processOneRequest
INFO: MockWebServer[57387] received request: GET / HTTP/1.1 and responded: HTTP/1.1 200 OK
Feb 27, 2022 1:13:47 PM okhttp3.mockwebserver.MockWebServer$3 acceptConnections
INFO: MockWebServer[57387] done accepting connections: Socket closed
Feb 27, 2022 1:13:47 PM okhttp3.mockwebserver.MockWebServer$3 acceptConnections
INFO: MockWebServer[46847] done accepting connections: Socket closed
Feb 27, 2022 1:13:47 PM okhttp3.mockwebserver.MockWebServer$3 execute
INFO: MockWebServer[55743] starting to accept connections
Feb 27, 2022 1:13:47 PM okhttp3.mockwebserver.MockWebServer$3 execute
INFO: MockWebServer[37959] starting to accept connections
Feb 27, 2022 1:13:47 PM okhttp3.mockwebserver.MockWebServer$4 processOneRequest
INFO: MockWebServer[37959] received request: GET / HTTP/1.1 and responded: HTTP/1.1 200 OK
Feb 27, 2022 1:13:47 PM okhttp3.mockwebserver.MockWebServer$4 processOneRequest
INFO: MockWebServer[37959] received request: GET / HTTP/1.1 and responded: HTTP/1.1 200 OK
Feb 27, 2022 1:13:47 PM okhttp3.mockwebserver.MockWebServer$3 acceptConnections
INFO: MockWebServer[37959] done accepting connections: Socket closed
Feb 27, 2022 1:13:47 PM okhttp3.mockwebserver.MockWebServer$3 acceptConnections
INFO: MockWebServer[55743] done accepting connections: Socket closed
Feb 27, 2022 1:13:47 PM okhttp3.mockwebserver.MockWebServer$3 execute
INFO: MockWebServer[39631] starting to accept connections
Feb 27, 2022 1:13:47 PM okhttp3.mockwebserver.MockWebServer$3 execute
INFO: MockWebServer[50035] starting to accept connections
Feb 27, 2022 1:13:47 PM okhttp3.mockwebserver.MockWebServer$3 acceptConnections
INFO: MockWebServer[50035] done accepting connections: Socket closed
Feb 27, 2022 1:13:47 PM okhttp3.mockwebserver.MockWebServer$3 acceptConnections
INFO: MockWebServer[39631] done accepting connections: Socket closed
Feb 27, 2022 1:13:47 PM okhttp3.mockwebserver.MockWebServer$3 execute
INFO: MockWebServer[58143] starting to accept connections
Feb 27, 2022 1:13:47 PM okhttp3.mockwebserver.MockWebServer$3 execute
INFO: MockWebServer[37659] starting to accept connections
Feb 27, 2022 1:13:47 PM okhttp3.mockwebserver.MockWebServer$4 processOneRequest
INFO: MockWebServer[37659] received request: GET /valid HTTP/1.1 and responded: HTTP/1.1 200 A-OK
Feb 27, 2022 1:13:47 PM okhttp3.mockwebserver.MockWebServer$4 processOneRequest
INFO: MockWebServer[37659] received request: GET /valid HTTP/1.1 and responded: HTTP/1.1 304 Redirection
Feb 27, 2022 1:13:47 PM okhttp3.mockwebserver.MockWebServer$4 processOneRequest
INFO: MockWebServer[37659] received request: GET /invalid HTTP/1.1 and responded: HTTP/1.1 200 B-OK
Feb 27, 2022 1:13:47 PM okhttp3.mockwebserver.MockWebServer$4 processOneRequest
INFO: MockWebServer[37659] received request: GET /invalid HTTP/1.1 and responded: HTTP/1.1 200 C-OK
Feb 27, 2022 1:13:47 PM okhttp3.mockwebserver.MockWebServer$3 acceptConnections
INFO: MockWebServer[37659] done accepting connections: Socket closed
Feb 27, 2022 1:13:47 PM okhttp3.mockwebserver.MockWebServer$3 acceptConnections
INFO: MockWebServer[58143] done accepting connections: Socket closed
Feb 27, 2022 1:13:47 PM okhttp3.mockwebserver.MockWebServer$3 execute
INFO: MockWebServer[40911] starting to accept connections
Feb 27, 2022 1:13:47 PM okhttp3.mockwebserver.MockWebServer$3 execute
INFO: MockWebServer[54771] starting to accept connections
Feb 27, 2022 1:13:47 PM okhttp3.mockwebserver.MockWebServer$3 execute
INFO: MockWebServer[58825] starting to accept connections
Feb 27, 2022 1:13:47 PM okhttp3.mockwebserver.MockWebServer$4 processOneRequest
INFO: MockWebServer[58825] received request: GET / HTTP/1.1 and responded: HTTP/1.1 101 Informational
Feb 27, 2022 1:13:47 PM okhttp3.mockwebserver.MockWebServer$3 acceptConnections
INFO: MockWebServer[58825] done accepting connections: Socket closed
Feb 27, 2022 1:13:47 PM okhttp3.mockwebserver.MockWebServer$3 execute
INFO: MockWebServer[35043] starting to accept connections
Feb 27, 2022 1:13:47 PM okhttp3.mockwebserver.MockWebServer$4 processOneRequest
INFO: MockWebServer[35043] received request: GET / HTTP/1.1 and responded: HTTP/1.1 102 Informational
Feb 27, 2022 1:13:47 PM okhttp3.mockwebserver.MockWebServer$3 acceptConnections
INFO: MockWebServer[35043] done accepting connections: Socket closed
Feb 27, 2022 1:13:47 PM okhttp3.mockwebserver.MockWebServer$3 execute
INFO: MockWebServer[51639] starting to accept connections
Feb 27, 2022 1:13:47 PM okhttp3.mockwebserver.MockWebServer$4 processOneRequest
INFO: MockWebServer[51639] received request: GET / HTTP/1.1 and responded: HTTP/1.1 200 OK
Feb 27, 2022 1:13:47 PM okhttp3.mockwebserver.MockWebServer$3 acceptConnections
INFO: MockWebServer[51639] done accepting connections: Socket closed
Feb 27, 2022 1:13:47 PM okhttp3.mockwebserver.MockWebServer$3 execute
INFO: MockWebServer[57307] starting to accept connections
Feb 27, 2022 1:13:47 PM okhttp3.mockwebserver.MockWebServer$4 processOneRequest
INFO: MockWebServer[57307] received request: GET / HTTP/1.1 and responded: HTTP/1.1 201 OK
Feb 27, 2022 1:13:47 PM okhttp3.mockwebserver.MockWebServer$3 acceptConnections
INFO: MockWebServer[57307] done accepting connections: Socket closed
Feb 27, 2022 1:13:47 PM okhttp3.mockwebserver.MockWebServer$3 execute
INFO: MockWebServer[60409] starting to accept connections
Feb 27, 2022 1:13:47 PM okhttp3.mockwebserver.MockWebServer$4 processOneRequest
INFO: MockWebServer[60409] received request: GET / HTTP/1.1 and responded: HTTP/1.1 202 OK
Feb 27, 2022 1:13:47 PM okhttp3.mockwebserver.MockWebServer$3 acceptConnections
INFO: MockWebServer[60409] done accepting connections: Socket closed
Feb 27, 2022 1:13:47 PM okhttp3.mockwebserver.MockWebServer$3 execute
INFO: MockWebServer[53771] starting to accept connections
Feb 27, 2022 1:13:47 PM okhttp3.mockwebserver.MockWebServer$4 processOneRequest
INFO: MockWebServer[53771] received request: GET / HTTP/1.1 and responded: HTTP/1.1 203 OK
Feb 27, 2022 1:13:47 PM okhttp3.mockwebserver.MockWebServer$3 acceptConnections
INFO: MockWebServer[53771] done accepting connections: Socket closed
Feb 27, 2022 1:13:47 PM okhttp3.mockwebserver.MockWebServer$3 execute
INFO: MockWebServer[36849] starting to accept connections
Feb 27, 2022 1:13:47 PM okhttp3.mockwebserver.MockWebServer$4 processOneRequest
INFO: MockWebServer[36849] received request: GET / HTTP/1.1 and responded: HTTP/1.1 204 OK
Feb 27, 2022 1:13:47 PM okhttp3.mockwebserver.MockWebServer$3 acceptConnections
INFO: MockWebServer[54771] done accepting connections: Socket closed
Feb 27, 2022 1:13:47 PM okhttp3.mockwebserver.MockWebServer$3 acceptConnections
INFO: MockWebServer[40911] done accepting connections: Socket closed
Feb 27, 2022 1:13:47 PM okhttp3.mockwebserver.MockWebServer$3 execute
INFO: MockWebServer[60123] starting to accept connections
Feb 27, 2022 1:13:47 PM okhttp3.mockwebserver.MockWebServer$3 execute
INFO: MockWebServer[37965] starting to accept connections
Feb 27, 2022 1:13:47 PM okhttp3.mockwebserver.MockWebServer$4 processOneRequest
INFO: MockWebServer[37965] received request: GET / HTTP/1.1 and responded: HTTP/1.1 200 OK
Feb 27, 2022 1:13:47 PM okhttp3.mockwebserver.MockWebServer$4 processConnection
WARNING: MockWebServer[37965] connection from /127.0.0.1 didn't make a request
Feb 27, 2022 1:13:47 PM okhttp3.mockwebserver.MockWebServer$4 processOneRequest
INFO: MockWebServer[37965] received request: GET / HTTP/1.1 and responded: HTTP/1.1 200 OK
Feb 27, 2022 1:13:47 PM okhttp3.mockwebserver.MockWebServer$3 acceptConnections
INFO: MockWebServer[37965] done accepting connections: Socket closed
Feb 27, 2022 1:13:47 PM okhttp3.mockwebserver.MockWebServer$3 acceptConnections
INFO: MockWebServer[60123] done accepting connections: Socket closed
Feb 27, 2022 1:13:47 PM okhttp3.mockwebserver.MockWebServer$3 execute
INFO: MockWebServer[47865] starting to accept connections
Feb 27, 2022 1:13:47 PM okhttp3.mockwebserver.MockWebServer$3 execute
INFO: MockWebServer[56101] starting to accept connections
Feb 27, 2022 1:13:47 PM okhttp3.mockwebserver.MockWebServer$4 processOneRequest
INFO: MockWebServer[56101] received request: GET / HTTP/1.1 and responded: HTTP/1.1 200 OK
Feb 27, 2022 1:13:47 PM okhttp3.mockwebserver.MockWebServer$3 acceptConnections
INFO: MockWebServer[56101] done accepting connections: Socket closed
Feb 27, 2022 1:13:47 PM okhttp3.mockwebserver.MockWebServer$3 acceptConnections
INFO: MockWebServer[47865] done accepting connections: Socket closed
Feb 27, 2022 1:13:47 PM okhttp3.mockwebserver.MockWebServer$3 execute
INFO: MockWebServer[50865] starting to accept connections
Feb 27, 2022 1:13:47 PM okhttp3.mockwebserver.MockWebServer$3 execute
INFO: MockWebServer[34981] starting to accept connections
Feb 27, 2022 1:13:47 PM okhttp3.mockwebserver.MockWebServer$4 processOneRequest
INFO: MockWebServer[34981] received request: TRACE / HTTP/1.1 and responded: HTTP/1.1 200 OK
Feb 27, 2022 1:13:47 PM okhttp3.mockwebserver.MockWebServer$4 processOneRequest
INFO: MockWebServer[34981] received request: GET / HTTP/1.1 and responded: HTTP/1.1 200 OK
Feb 27, 2022 1:13:47 PM okhttp3.mockwebserver.MockWebServer$3 acceptConnections
INFO: MockWebServer[34981] done accepting connections: Socket closed
Feb 27, 2022 1:13:47 PM okhttp3.mockwebserver.MockWebServer$3 acceptConnections
INFO: MockWebServer[50865] done accepting connections: Socket closed
Feb 27, 2022 1:13:47 PM okhttp3.mockwebserver.MockWebServer$3 execute
INFO: MockWebServer[47401] starting to accept connections
Feb 27, 2022 1:13:47 PM okhttp3.mockwebserver.MockWebServer$3 execute
INFO: MockWebServer[57263] starting to accept connections
Feb 27, 2022 1:13:47 PM okhttp3.mockwebserver.MockWebServer$4 processOneRequest
INFO: MockWebServer[57263] received request: DELETE / HTTP/1.1 and responded: HTTP/1.1 200 OK
Feb 27, 2022 1:13:47 PM okhttp3.mockwebserver.MockWebServer$4 processOneRequest
INFO: MockWebServer[57263] received request: GET / HTTP/1.1 and responded: HTTP/1.1 200 OK
Feb 27, 2022 1:13:47 PM okhttp3.mockwebserver.MockWebServer$3 acceptConnections
INFO: MockWebServer[57263] done accepting connections: Socket closed
Feb 27, 2022 1:13:47 PM okhttp3.mockwebserver.MockWebServer$3 acceptConnections
INFO: MockWebServer[47401] done accepting connections: Socket closed
Feb 27, 2022 1:13:47 PM okhttp3.mockwebserver.MockWebServer$3 execute
INFO: MockWebServer[32927] starting to accept connections
Feb 27, 2022 1:13:47 PM okhttp3.mockwebserver.MockWebServer$3 execute
INFO: MockWebServer[41559] starting to accept connections
Feb 27, 2022 1:13:47 PM okhttp3.mockwebserver.MockWebServer$4 processOneRequest
INFO: MockWebServer[41559] received request: GET / HTTP/1.1 and responded: HTTP/1.1 200 OK
Feb 27, 2022 1:13:47 PM okhttp3.mockwebserver.MockWebServer$3 acceptConnections
INFO: MockWebServer[41559] done accepting connections: Socket closed
Feb 27, 2022 1:13:47 PM okhttp3.mockwebserver.MockWebServer$3 acceptConnections
INFO: MockWebServer[32927] done accepting connections: Socket closed
Feb 27, 2022 1:13:47 PM okhttp3.mockwebserver.MockWebServer$3 execute
INFO: MockWebServer[45409] starting to accept connections
Feb 27, 2022 1:13:47 PM okhttp3.mockwebserver.MockWebServer$3 execute
INFO: MockWebServer[40467] starting to accept connections
Feb 27, 2022 1:13:47 PM okhttp3.mockwebserver.MockWebServer$4 processOneRequest
INFO: MockWebServer[40467] received request: GET / HTTP/1.1 and responded: HTTP/1.1 200 OK
Feb 27, 2022 1:13:47 PM okhttp3.mockwebserver.MockWebServer$4 processOneRequest
INFO: MockWebServer[40467] received request: GET / HTTP/1.1 and responded: HTTP/1.1 304 Redirection
Feb 27, 2022 1:13:47 PM okhttp3.mockwebserver.MockWebServer$3 acceptConnections
INFO: MockWebServer[40467] done accepting connections: Socket closed
Feb 27, 2022 1:13:47 PM okhttp3.mockwebserver.MockWebServer$3 acceptConnections
INFO: MockWebServer[45409] done accepting connections: Socket closed
Feb 27, 2022 1:13:47 PM okhttp3.mockwebserver.MockWebServer$3 execute
INFO: MockWebServer[43659] starting to accept connections
Feb 27, 2022 1:13:47 PM okhttp3.mockwebserver.MockWebServer$3 execute
INFO: MockWebServer[58251] starting to accept connections
Feb 27, 2022 1:13:47 PM okhttp3.mockwebserver.MockWebServer$4 processOneRequest
INFO: MockWebServer[58251] received request: GET /valid HTTP/1.1 and responded: HTTP/1.1 200 A-OK
Feb 27, 2022 1:13:47 PM okhttp3.mockwebserver.MockWebServer$4 processOneRequest
INFO: MockWebServer[58251] received request: GET /valid HTTP/1.1 and responded: HTTP/1.1 304 Redirection
Feb 27, 2022 1:13:47 PM okhttp3.mockwebserver.MockWebServer$4 processOneRequest
INFO: MockWebServer[58251] received request: GET /invalid HTTP/1.1 and responded: HTTP/1.1 200 B-OK
Feb 27, 2022 1:13:47 PM okhttp3.mockwebserver.MockWebServer$4 processOneRequest
INFO: MockWebServer[58251] received request: GET /invalid HTTP/1.1 and responded: HTTP/1.1 200 C-OK
Feb 27, 2022 1:13:47 PM okhttp3.mockwebserver.MockWebServer$3 acceptConnections
INFO: MockWebServer[58251] done accepting connections: Socket closed
Feb 27, 2022 1:13:47 PM okhttp3.mockwebserver.MockWebServer$3 acceptConnections
INFO: MockWebServer[43659] done accepting connections: Socket closed
Feb 27, 2022 1:13:47 PM okhttp3.mockwebserver.MockWebServer$3 execute
INFO: MockWebServer[33743] starting to accept connections
Feb 27, 2022 1:13:47 PM okhttp3.mockwebserver.MockWebServer$3 execute
INFO: MockWebServer[57459] starting to accept connections
Feb 27, 2022 1:13:47 PM okhttp3.mockwebserver.MockWebServer$4 processOneRequest
INFO: MockWebServer[57459] received request: GET / HTTP/1.1 and responded: HTTP/1.1 200 OK
Feb 27, 2022 1:13:47 PM okhttp3.mockwebserver.MockWebServer$3 acceptConnections
INFO: MockWebServer[57459] done accepting connections: Socket closed
Feb 27, 2022 1:13:47 PM okhttp3.mockwebserver.MockWebServer$3 acceptConnections
INFO: MockWebServer[33743] done accepting connections: Socket closed
Feb 27, 2022 1:13:47 PM okhttp3.mockwebserver.MockWebServer$3 execute
INFO: MockWebServer[39039] starting to accept connections
Feb 27, 2022 1:13:47 PM okhttp3.mockwebserver.MockWebServer$3 execute
INFO: MockWebServer[52669] starting to accept connections
Feb 27, 2022 1:13:47 PM okhttp3.mockwebserver.MockWebServer$4 processOneRequest
INFO: MockWebServer[52669] received request: GET / HTTP/1.1 and responded: HTTP/1.1 200 Fantastic
Feb 27, 2022 1:13:47 PM okhttp3.mockwebserver.MockWebServer$3 acceptConnections
INFO: MockWebServer[52669] done accepting connections: Socket closed
Feb 27, 2022 1:13:47 PM okhttp3.mockwebserver.MockWebServer$3 acceptConnections
INFO: MockWebServer[39039] done accepting connections: Socket closed
Feb 27, 2022 1:13:47 PM okhttp3.mockwebserver.MockWebServer$3 execute
INFO: MockWebServer[38059] starting to accept connections
Feb 27, 2022 1:13:47 PM okhttp3.mockwebserver.MockWebServer$3 execute
INFO: MockWebServer[33953] starting to accept connections
Feb 27, 2022 1:13:48 PM okhttp3.mockwebserver.MockWebServer$4 processOneRequest
INFO: MockWebServer[33953] received request: GET / HTTP/1.1 and responded: HTTP/1.1 301 Redirection
Feb 27, 2022 1:13:48 PM okhttp3.mockwebserver.MockWebServer$4 processOneRequest
INFO: MockWebServer[33953] received request: GET /foo HTTP/1.1 and responded: HTTP/1.1 200 OK
Feb 27, 2022 1:13:48 PM okhttp3.mockwebserver.MockWebServer$3 acceptConnections
INFO: MockWebServer[33953] done accepting connections: Socket closed
Feb 27, 2022 1:13:48 PM okhttp3.mockwebserver.MockWebServer$3 acceptConnections
INFO: MockWebServer[38059] done accepting connections: Socket closed
Feb 27, 2022 1:13:48 PM okhttp3.mockwebserver.MockWebServer$3 execute
INFO: MockWebServer[32997] starting to accept connections
Feb 27, 2022 1:13:48 PM okhttp3.mockwebserver.MockWebServer$3 execute
INFO: MockWebServer[57605] starting to accept connections
Feb 27, 2022 1:13:48 PM okhttp3.mockwebserver.MockWebServer$4 processOneRequest
INFO: MockWebServer[57605] received request: GET / HTTP/1.1 and responded: HTTP/1.1 200 OK
Feb 27, 2022 1:13:48 PM okhttp3.mockwebserver.MockWebServer$3 acceptConnections
INFO: MockWebServer[57605] done accepting connections: Socket closed
Feb 27, 2022 1:13:48 PM okhttp3.mockwebserver.MockWebServer$3 acceptConnections
INFO: MockWebServer[32997] done accepting connections: Socket closed
Feb 27, 2022 1:13:48 PM okhttp3.mockwebserver.MockWebServer$3 execute
INFO: MockWebServer[33311] starting to accept connections
Feb 27, 2022 1:13:48 PM okhttp3.mockwebserver.MockWebServer$3 execute
INFO: MockWebServer[39987] starting to accept connections
Feb 27, 2022 1:13:48 PM okhttp3.mockwebserver.MockWebServer$4 processOneRequest
INFO: MockWebServer[39987] received request: GET / HTTP/1.1 and responded: HTTP/1.1 200 OK
Feb 27, 2022 1:13:48 PM okhttp3.mockwebserver.MockWebServer$3 acceptConnections
INFO: MockWebServer[39987] done accepting connections: Socket closed
Feb 27, 2022 1:13:48 PM okhttp3.mockwebserver.MockWebServer$3 acceptConnections
INFO: MockWebServer[33311] done accepting connections: Socket closed
Feb 27, 2022 1:13:48 PM okhttp3.mockwebserver.MockWebServer$3 execute
INFO: MockWebServer[38547] starting to accept connections
Feb 27, 2022 1:13:48 PM okhttp3.mockwebserver.MockWebServer$3 execute
INFO: MockWebServer[41411] starting to accept connections
Feb 27, 2022 1:13:48 PM okhttp3.mockwebserver.MockWebServer$4 processOneRequest
INFO: MockWebServer[41411] received request: GET / HTTP/1.1 and responded: HTTP/1.1 200 OK
Feb 27, 2022 1:13:48 PM okhttp3.mockwebserver.MockWebServer$3 acceptConnections
INFO: MockWebServer[41411] done accepting connections: Socket closed
Feb 27, 2022 1:13:48 PM okhttp3.mockwebserver.MockWebServer$3 acceptConnections
INFO: MockWebServer[38547] done accepting connections: Socket closed
Feb 27, 2022 1:13:48 PM okhttp3.mockwebserver.MockWebServer$3 execute
INFO: MockWebServer[56799] starting to accept connections
Feb 27, 2022 1:13:48 PM okhttp3.mockwebserver.MockWebServer$3 execute
INFO: MockWebServer[39155] starting to accept connections
Feb 27, 2022 1:13:48 PM okhttp3.mockwebserver.MockWebServer$4 processOneRequest
INFO: MockWebServer[39155] received request: GET / HTTP/1.1 and responded: HTTP/1.1 200 OK
Feb 27, 2022 1:13:48 PM okhttp3.mockwebserver.MockWebServer$4 processOneRequest
INFO: MockWebServer[39155] received request: POST / HTTP/1.1 and responded: HTTP/1.1 500 Server Error
Feb 27, 2022 1:13:48 PM okhttp3.mockwebserver.MockWebServer$4 processOneRequest
INFO: MockWebServer[39155] received request: GET / HTTP/1.1 and responded: HTTP/1.1 200 OK
Feb 27, 2022 1:13:48 PM okhttp3.mockwebserver.MockWebServer$3 acceptConnections
INFO: MockWebServer[39155] done accepting connections: Socket closed
Feb 27, 2022 1:13:48 PM okhttp3.mockwebserver.MockWebServer$3 acceptConnections
INFO: MockWebServer[56799] done accepting connections: Socket closed
Feb 27, 2022 1:13:48 PM okhttp3.mockwebserver.MockWebServer$3 execute
INFO: MockWebServer[51789] starting to accept connections
Feb 27, 2022 1:13:48 PM okhttp3.mockwebserver.MockWebServer$3 execute
INFO: MockWebServer[35767] starting to accept connections
Feb 27, 2022 1:13:48 PM okhttp3.mockwebserver.MockWebServer$4 processOneRequest
INFO: MockWebServer[35767] received request: GET / HTTP/1.1 and responded: HTTP/1.1 200 OK
Feb 27, 2022 1:13:48 PM okhttp3.mockwebserver.MockWebServer$3 acceptConnections
INFO: MockWebServer[35767] done accepting connections: Socket closed
Feb 27, 2022 1:13:48 PM okhttp3.mockwebserver.MockWebServer$3 acceptConnections
INFO: MockWebServer[51789] done accepting connections: Socket closed
Feb 27, 2022 1:13:48 PM okhttp3.mockwebserver.MockWebServer$3 execute
INFO: MockWebServer[39191] starting to accept connections
Feb 27, 2022 1:13:48 PM okhttp3.mockwebserver.MockWebServer$3 execute
INFO: MockWebServer[54299] starting to accept connections
Feb 27, 2022 1:13:48 PM okhttp3.mockwebserver.MockWebServer$4 processOneRequest
INFO: MockWebServer[54299] received request: GET / HTTP/1.1 and responded: HTTP/1.1 301 Redirection
Feb 27, 2022 1:13:48 PM okhttp3.mockwebserver.MockWebServer$4 processOneRequest
INFO: MockWebServer[54299] received request: GET /foo HTTP/1.1 and responded: HTTP/1.1 200 OK
Feb 27, 2022 1:13:48 PM okhttp3.mockwebserver.MockWebServer$3 acceptConnections
INFO: MockWebServer[54299] done accepting connections: Socket closed
Feb 27, 2022 1:13:48 PM okhttp3.mockwebserver.MockWebServer$3 acceptConnections
INFO: MockWebServer[39191] done accepting connections: Socket closed
Feb 27, 2022 1:13:48 PM okhttp3.mockwebserver.MockWebServer$3 execute
INFO: MockWebServer[38675] starting to accept connections
Feb 27, 2022 1:13:48 PM okhttp3.mockwebserver.MockWebServer$3 execute
INFO: MockWebServer[48197] starting to accept connections
Feb 27, 2022 1:13:48 PM okhttp3.mockwebserver.MockWebServer$4 processOneRequest
INFO: MockWebServer[48197] received request: GET /valid HTTP/1.1 and responded: HTTP/1.1 200 A-OK
Feb 27, 2022 1:13:48 PM okhttp3.mockwebserver.MockWebServer$4 processOneRequest
INFO: MockWebServer[48197] received request: GET /valid HTTP/1.1 and responded: HTTP/1.1 304 Redirection
Feb 27, 2022 1:13:48 PM okhttp3.mockwebserver.MockWebServer$4 processOneRequest
INFO: MockWebServer[48197] received request: GET /invalid HTTP/1.1 and responded: HTTP/1.1 200 B-OK
Feb 27, 2022 1:13:48 PM okhttp3.mockwebserver.MockWebServer$4 processOneRequest
INFO: MockWebServer[48197] received request: GET /invalid HTTP/1.1 and responded: HTTP/1.1 200 C-OK
Feb 27, 2022 1:13:48 PM okhttp3.mockwebserver.MockWebServer$3 acceptConnections
INFO: MockWebServer[48197] done accepting connections: Socket closed
Feb 27, 2022 1:13:48 PM okhttp3.mockwebserver.MockWebServer$3 acceptConnections
INFO: MockWebServer[38675] done accepting connections: Socket closed
Feb 27, 2022 1:13:48 PM okhttp3.mockwebserver.MockWebServer$3 execute
INFO: MockWebServer[38733] starting to accept connections
Feb 27, 2022 1:13:48 PM okhttp3.mockwebserver.MockWebServer$3 execute
INFO: MockWebServer[45463] starting to accept connections
Feb 27, 2022 1:13:48 PM okhttp3.mockwebserver.MockWebServer$4 processOneRequest
INFO: MockWebServer[45463] received request: GET / HTTP/1.1 and responded: HTTP/1.1 200 OK
Feb 27, 2022 1:13:48 PM okhttp3.mockwebserver.MockWebServer$3 acceptConnections
INFO: MockWebServer[45463] done accepting connections: Socket closed
Feb 27, 2022 1:13:48 PM okhttp3.mockwebserver.MockWebServer$3 acceptConnections
INFO: MockWebServer[38733] done accepting connections: Socket closed
Feb 27, 2022 1:13:48 PM okhttp3.mockwebserver.MockWebServer$3 execute
INFO: MockWebServer[50947] starting to accept connections
Feb 27, 2022 1:13:48 PM okhttp3.mockwebserver.MockWebServer$3 execute
INFO: MockWebServer[45661] starting to accept connections
Feb 27, 2022 1:13:48 PM okhttp3.mockwebserver.MockWebServer$4 processOneRequest
INFO: MockWebServer[45661] received request: GET / HTTP/1.1 and responded: HTTP/1.1 200 OK
Feb 27, 2022 1:13:48 PM okhttp3.mockwebserver.MockWebServer$4 processOneRequest
INFO: MockWebServer[45661] received request: GET / HTTP/1.1 and responded: HTTP/1.1 304 Redirection
Feb 27, 2022 1:13:48 PM okhttp3.mockwebserver.MockWebServer$3 acceptConnections
INFO: MockWebServer[45661] done accepting connections: Socket closed
Feb 27, 2022 1:13:48 PM okhttp3.mockwebserver.MockWebServer$3 acceptConnections
INFO: MockWebServer[50947] done accepting connections: Socket closed
Feb 27, 2022 1:13:48 PM okhttp3.mockwebserver.MockWebServer$3 execute
INFO: MockWebServer[50117] starting to accept connections
Feb 27, 2022 1:13:48 PM okhttp3.mockwebserver.MockWebServer$3 execute
INFO: MockWebServer[52455] starting to accept connections
Feb 27, 2022 1:13:48 PM okhttp3.mockwebserver.MockWebServer$4 processOneRequest
INFO: MockWebServer[52455] received request: GET / HTTP/1.1 and responded: HTTP/1.1 200 OK
Feb 27, 2022 1:13:48 PM okhttp3.mockwebserver.MockWebServer$3 acceptConnections
INFO: MockWebServer[52455] done accepting connections: Socket closed
Feb 27, 2022 1:13:48 PM okhttp3.mockwebserver.MockWebServer$3 acceptConnections
INFO: MockWebServer[50117] done accepting connections: Socket closed
Feb 27, 2022 1:13:48 PM okhttp3.mockwebserver.MockWebServer$3 execute
INFO: MockWebServer[44543] starting to accept connections
Feb 27, 2022 1:13:48 PM okhttp3.mockwebserver.MockWebServer$3 execute
INFO: MockWebServer[40823] starting to accept connections
Feb 27, 2022 1:13:48 PM okhttp3.mockwebserver.MockWebServer$4 processOneRequest
INFO: MockWebServer[40823] received request: GET / HTTP/1.1 and responded: HTTP/1.1 200 OK
Feb 27, 2022 1:13:48 PM okhttp3.mockwebserver.MockWebServer$3 acceptConnections
INFO: MockWebServer[40823] done accepting connections: Socket closed
Feb 27, 2022 1:13:48 PM okhttp3.mockwebserver.MockWebServer$3 acceptConnections
INFO: MockWebServer[44543] done accepting connections: Socket closed
Feb 27, 2022 1:13:48 PM okhttp3.mockwebserver.MockWebServer$3 execute
INFO: MockWebServer[42013] starting to accept connections
Feb 27, 2022 1:13:48 PM okhttp3.mockwebserver.MockWebServer$3 execute
INFO: MockWebServer[53409] starting to accept connections
Feb 27, 2022 1:13:48 PM okhttp3.mockwebserver.MockWebServer$4 processOneRequest
INFO: MockWebServer[53409] received request: GET / HTTP/1.1 and responded: HTTP/1.1 200 OK
Feb 27, 2022 1:13:48 PM okhttp3.mockwebserver.MockWebServer$4 processOneRequest
INFO: MockWebServer[53409] received request: GET / HTTP/1.1 and responded: HTTP/1.1 200 OK
Feb 27, 2022 1:13:48 PM okhttp3.mockwebserver.MockWebServer$3 acceptConnections
INFO: MockWebServer[53409] done accepting connections: Socket closed
Feb 27, 2022 1:13:48 PM okhttp3.mockwebserver.MockWebServer$3 acceptConnections
INFO: MockWebServer[42013] done accepting connections: Socket closed
Feb 27, 2022 1:13:48 PM okhttp3.mockwebserver.MockWebServer$3 execute
INFO: MockWebServer[33209] starting to accept connections
Feb 27, 2022 1:13:48 PM okhttp3.mockwebserver.MockWebServer$3 execute
INFO: MockWebServer[56851] starting to accept connections
Feb 27, 2022 1:13:48 PM okhttp3.mockwebserver.MockWebServer$4 processOneRequest
INFO: MockWebServer[56851] received request: GET / HTTP/1.1 and responded: HTTP/1.1 200 OK
Feb 27, 2022 1:13:48 PM okhttp3.mockwebserver.MockWebServer$3 acceptConnections
INFO: MockWebServer[56851] done accepting connections: Socket closed
Feb 27, 2022 1:13:48 PM okhttp3.mockwebserver.MockWebServer$3 acceptConnections
INFO: MockWebServer[33209] done accepting connections: Socket closed
Feb 27, 2022 1:13:48 PM okhttp3.mockwebserver.MockWebServer$3 execute
INFO: MockWebServer[34803] starting to accept connections
Feb 27, 2022 1:13:48 PM okhttp3.mockwebserver.MockWebServer$3 execute
INFO: MockWebServer[55575] starting to accept connections
Feb 27, 2022 1:13:48 PM okhttp3.mockwebserver.MockWebServer$4 processOneRequest
INFO: MockWebServer[55575] received request: GET / HTTP/1.1 and responded: HTTP/1.1 200 OK
Feb 27, 2022 1:13:48 PM okhttp3.mockwebserver.MockWebServer$3 acceptConnections
INFO: MockWebServer[55575] done accepting connections: Socket closed
Feb 27, 2022 1:13:48 PM okhttp3.mockwebserver.MockWebServer$3 acceptConnections
INFO: MockWebServer[34803] done accepting connections: Socket closed
Feb 27, 2022 1:13:48 PM okhttp3.mockwebserver.MockWebServer$3 execute
INFO: MockWebServer[38667] starting to accept connections
Feb 27, 2022 1:13:48 PM okhttp3.mockwebserver.MockWebServer$3 execute
INFO: MockWebServer[58929] starting to accept connections
Feb 27, 2022 1:13:48 PM okhttp3.mockwebserver.MockWebServer$4 processOneRequest
INFO: MockWebServer[58929] received request: GET / HTTP/1.1 and responded: HTTP/1.1 200 OK
Feb 27, 2022 1:13:48 PM okhttp3.mockwebserver.MockWebServer$3 acceptConnections
INFO: MockWebServer[58929] done accepting connections: Socket closed
Feb 27, 2022 1:13:48 PM okhttp3.mockwebserver.MockWebServer$3 acceptConnections
INFO: MockWebServer[38667] done accepting connections: Socket closed
Feb 27, 2022 1:13:48 PM okhttp3.mockwebserver.MockWebServer$3 execute
INFO: MockWebServer[51527] starting to accept connections
Feb 27, 2022 1:13:48 PM okhttp3.mockwebserver.MockWebServer$3 execute
INFO: MockWebServer[38229] starting to accept connections
Feb 27, 2022 1:13:48 PM okhttp3.mockwebserver.MockWebServer$4 processOneRequest
INFO: MockWebServer[38229] received request: GET / HTTP/1.1 and responded: HTTP/1.1 200 OK
Feb 27, 2022 1:13:48 PM okhttp3.mockwebserver.MockWebServer$3 acceptConnections
INFO: MockWebServer[38229] done accepting connections: Socket closed
Feb 27, 2022 1:13:48 PM okhttp3.mockwebserver.MockWebServer$3 acceptConnections
INFO: MockWebServer[51527] done accepting connections: Socket closed
Feb 27, 2022 1:13:48 PM okhttp3.mockwebserver.MockWebServer$3 execute
INFO: MockWebServer[49615] starting to accept connections
Feb 27, 2022 1:13:48 PM okhttp3.mockwebserver.MockWebServer$3 execute
INFO: MockWebServer[34245] starting to accept connections
Feb 27, 2022 1:13:48 PM okhttp3.mockwebserver.MockWebServer$4 processOneRequest
INFO: MockWebServer[34245] received request: GET / HTTP/1.1 and responded: HTTP/1.1 200 OK
Feb 27, 2022 1:13:48 PM okhttp3.mockwebserver.MockWebServer$3 acceptConnections
INFO: MockWebServer[34245] done accepting connections: Socket closed
Feb 27, 2022 1:13:48 PM okhttp3.mockwebserver.MockWebServer$3 acceptConnections
INFO: MockWebServer[49615] done accepting connections: Socket closed
Feb 27, 2022 1:13:48 PM okhttp3.mockwebserver.MockWebServer$3 execute
INFO: MockWebServer[60845] starting to accept connections
Feb 27, 2022 1:13:48 PM okhttp3.mockwebserver.MockWebServer$3 execute
INFO: MockWebServer[56847] starting to accept connections
Feb 27, 2022 1:13:48 PM okhttp3.mockwebserver.MockWebServer$4 processOneRequest
INFO: MockWebServer[56847] received request: GET / HTTP/1.1 and responded: HTTP/1.1 200 OK
Feb 27, 2022 1:13:48 PM okhttp3.mockwebserver.MockWebServer$3 acceptConnections
INFO: MockWebServer[56847] done accepting connections: Socket closed
Feb 27, 2022 1:13:48 PM okhttp3.mockwebserver.MockWebServer$3 acceptConnections
INFO: MockWebServer[60845] done accepting connections: Socket closed
Feb 27, 2022 1:13:48 PM okhttp3.mockwebserver.MockWebServer$3 execute
INFO: MockWebServer[60329] starting to accept connections
Feb 27, 2022 1:13:48 PM okhttp3.mockwebserver.MockWebServer$3 execute
INFO: MockWebServer[41619] starting to accept connections
Feb 27, 2022 1:13:48 PM okhttp3.mockwebserver.MockWebServer$4 processOneRequest
INFO: MockWebServer[41619] received request: GET / HTTP/1.1 and responded: HTTP/1.1 200 OK
Feb 27, 2022 1:13:48 PM okhttp3.mockwebserver.MockWebServer$3 acceptConnections
INFO: MockWebServer[41619] done accepting connections: Socket closed
Feb 27, 2022 1:13:48 PM okhttp3.mockwebserver.MockWebServer$3 acceptConnections
INFO: MockWebServer[60329] done accepting connections: Socket closed
Feb 27, 2022 1:13:48 PM okhttp3.mockwebserver.MockWebServer$3 execute
INFO: MockWebServer[41035] starting to accept connections
Feb 27, 2022 1:13:48 PM okhttp3.mockwebserver.MockWebServer$3 execute
INFO: MockWebServer[33201] starting to accept connections
Feb 27, 2022 1:13:48 PM okhttp3.mockwebserver.MockWebServer$4 processOneRequest
INFO: MockWebServer[33201] received request: GET /valid HTTP/1.1 and responded: HTTP/1.1 200 A-OK
Feb 27, 2022 1:13:48 PM okhttp3.mockwebserver.MockWebServer$4 processOneRequest
INFO: MockWebServer[33201] received request: GET /valid HTTP/1.1 and responded: HTTP/1.1 304 Redirection
Feb 27, 2022 1:13:48 PM okhttp3.mockwebserver.MockWebServer$4 processOneRequest
INFO: MockWebServer[33201] received request: GET /invalid HTTP/1.1 and responded: HTTP/1.1 200 B-OK
Feb 27, 2022 1:13:48 PM okhttp3.mockwebserver.MockWebServer$4 processOneRequest
INFO: MockWebServer[33201] received request: GET /invalid HTTP/1.1 and responded: HTTP/1.1 200 C-OK
Feb 27, 2022 1:13:48 PM okhttp3.mockwebserver.MockWebServer$3 acceptConnections
INFO: MockWebServer[33201] done accepting connections: Socket closed
Feb 27, 2022 1:13:48 PM okhttp3.mockwebserver.MockWebServer$3 acceptConnections
INFO: MockWebServer[41035] done accepting connections: Socket closed
Feb 27, 2022 1:13:48 PM okhttp3.mockwebserver.MockWebServer$3 execute
INFO: MockWebServer[60367] starting to accept connections
Feb 27, 2022 1:13:48 PM okhttp3.mockwebserver.MockWebServer$3 execute
INFO: MockWebServer[54245] starting to accept connections
Feb 27, 2022 1:13:48 PM okhttp3.mockwebserver.MockWebServer$4 processOneRequest
INFO: MockWebServer[54245] received request: GET / HTTP/1.1 and responded: HTTP/1.1 200 OK
Feb 27, 2022 1:13:48 PM okhttp3.mockwebserver.MockWebServer$4 processOneRequest
INFO: MockWebServer[54245] received request: GET / HTTP/1.1 and responded: HTTP/1.1 200 OK
Feb 27, 2022 1:13:48 PM okhttp3.mockwebserver.MockWebServer$3 acceptConnections
INFO: MockWebServer[54245] done accepting connections: Socket closed
Feb 27, 2022 1:13:48 PM okhttp3.mockwebserver.MockWebServer$3 acceptConnections
INFO: MockWebServer[60367] done accepting connections: Socket closed
Feb 27, 2022 1:13:48 PM okhttp3.mockwebserver.MockWebServer$3 execute
INFO: MockWebServer[40569] starting to accept connections
Feb 27, 2022 1:13:48 PM okhttp3.mockwebserver.MockWebServer$3 execute
INFO: MockWebServer[53495] starting to accept connections
Feb 27, 2022 1:13:48 PM okhttp3.mockwebserver.MockWebServer$4 processOneRequest
INFO: MockWebServer[53495] received request: GET /valid HTTP/1.1 and responded: HTTP/1.1 200 A-OK
Feb 27, 2022 1:13:48 PM okhttp3.mockwebserver.MockWebServer$4 processOneRequest
INFO: MockWebServer[53495] received request: GET /valid HTTP/1.1 and responded: HTTP/1.1 304 Redirection
Feb 27, 2022 1:13:48 PM okhttp3.mockwebserver.MockWebServer$4 processOneRequest
INFO: MockWebServer[53495] received request: GET /invalid HTTP/1.1 and responded: HTTP/1.1 200 B-OK
Feb 27, 2022 1:13:48 PM okhttp3.mockwebserver.MockWebServer$4 processOneRequest
INFO: MockWebServer[53495] received request: GET /invalid HTTP/1.1 and responded: HTTP/1.1 200 C-OK
Feb 27, 2022 1:13:49 PM okhttp3.mockwebserver.MockWebServer$3 acceptConnections
INFO: MockWebServer[53495] done accepting connections: Socket closed
Feb 27, 2022 1:13:49 PM okhttp3.mockwebserver.MockWebServer$3 acceptConnections
INFO: MockWebServer[40569] done accepting connections: Socket closed
Feb 27, 2022 1:13:49 PM okhttp3.mockwebserver.MockWebServer$3 execute
INFO: MockWebServer[39657] starting to accept connections
Feb 27, 2022 1:13:49 PM okhttp3.mockwebserver.MockWebServer$3 execute
INFO: MockWebServer[33841] starting to accept connections
Feb 27, 2022 1:13:49 PM okhttp3.mockwebserver.MockWebServer$4 processOneRequest
INFO: MockWebServer[33841] received request: GET / HTTP/1.1 and responded: HTTP/1.1 200 OK
Feb 27, 2022 1:13:49 PM okhttp3.mockwebserver.MockWebServer$4 processOneRequest
INFO: MockWebServer[33841] received request: GET / HTTP/1.1 and responded: HTTP/1.1 200 OK
Feb 27, 2022 1:13:49 PM okhttp3.mockwebserver.MockWebServer$3 acceptConnections
INFO: MockWebServer[33841] done accepting connections: Socket closed
Feb 27, 2022 1:13:49 PM okhttp3.mockwebserver.MockWebServer$3 acceptConnections
INFO: MockWebServer[39657] done accepting connections: Socket closed
Feb 27, 2022 1:13:49 PM okhttp3.mockwebserver.MockWebServer$3 execute
INFO: MockWebServer[55265] starting to accept connections
Feb 27, 2022 1:13:49 PM okhttp3.mockwebserver.MockWebServer$3 execute
INFO: MockWebServer[48635] starting to accept connections
Feb 27, 2022 1:13:49 PM okhttp3.mockwebserver.MockWebServer$4 processOneRequest
INFO: MockWebServer[48635] received request: GET / HTTP/1.1 and responded: HTTP/1.1 200 OK
Feb 27, 2022 1:13:49 PM okhttp3.mockwebserver.MockWebServer$4 processOneRequest
INFO: MockWebServer[48635] received request: GET / HTTP/1.1 and responded: HTTP/1.1 304 Redirection
Feb 27, 2022 1:13:49 PM okhttp3.mockwebserver.MockWebServer$4 processOneRequest
INFO: MockWebServer[48635] received request: GET / HTTP/1.1 and responded: HTTP/1.1 304 Redirection
Feb 27, 2022 1:13:49 PM okhttp3.mockwebserver.MockWebServer$3 acceptConnections
INFO: MockWebServer[48635] done accepting connections: Socket closed
Feb 27, 2022 1:13:49 PM okhttp3.mockwebserver.MockWebServer$3 acceptConnections
INFO: MockWebServer[55265] done accepting connections: Socket closed
Feb 27, 2022 1:13:49 PM okhttp3.mockwebserver.MockWebServer$3 execute
INFO: MockWebServer[47215] starting to accept connections
Feb 27, 2022 1:13:49 PM okhttp3.mockwebserver.MockWebServer$3 execute
INFO: MockWebServer[50009] starting to accept connections
Feb 27, 2022 1:13:49 PM okhttp3.mockwebserver.MockWebServer$4 processOneRequest
INFO: MockWebServer[50009] received request: GET / HTTP/1.1 and responded: HTTP/1.1 200 OK
Feb 27, 2022 1:13:49 PM okhttp3.mockwebserver.MockWebServer$4 processOneRequest
INFO: MockWebServer[50009] received request: GET / HTTP/1.1 and responded: HTTP/1.1 304 Redirection
Feb 27, 2022 1:13:49 PM okhttp3.mockwebserver.MockWebServer$4 processOneRequest
INFO: MockWebServer[50009] received request: GET / HTTP/1.1 and responded: HTTP/1.1 200 OK
Feb 27, 2022 1:13:49 PM okhttp3.mockwebserver.MockWebServer$3 acceptConnections
INFO: MockWebServer[50009] done accepting connections: Socket closed
Feb 27, 2022 1:13:49 PM okhttp3.mockwebserver.MockWebServer$3 acceptConnections
INFO: MockWebServer[47215] done accepting connections: Socket closed
Feb 27, 2022 1:13:49 PM okhttp3.mockwebserver.MockWebServer$3 execute
INFO: MockWebServer[34649] starting to accept connections
Feb 27, 2022 1:13:49 PM okhttp3.mockwebserver.MockWebServer$3 execute
INFO: MockWebServer[56785] starting to accept connections
Feb 27, 2022 1:13:49 PM okhttp3.mockwebserver.MockWebServer$4 processOneRequest
INFO: MockWebServer[56785] received request: GET / HTTP/1.1 and responded: HTTP/1.1 200 OK
Feb 27, 2022 1:13:49 PM okhttp3.mockwebserver.MockWebServer$4 processOneRequest
INFO: MockWebServer[56785] received request: GET / HTTP/1.1 and responded: HTTP/1.1 200 OK
Feb 27, 2022 1:13:49 PM okhttp3.mockwebserver.MockWebServer$3 acceptConnections
INFO: MockWebServer[56785] done accepting connections: Socket closed
Feb 27, 2022 1:13:49 PM okhttp3.mockwebserver.MockWebServer$3 acceptConnections
INFO: MockWebServer[34649] done accepting connections: Socket closed
Feb 27, 2022 1:13:49 PM okhttp3.mockwebserver.MockWebServer$3 execute
INFO: MockWebServer[38609] starting to accept connections
Feb 27, 2022 1:13:49 PM okhttp3.mockwebserver.MockWebServer$3 execute
INFO: MockWebServer[40963] starting to accept connections
Feb 27, 2022 1:13:49 PM okhttp3.mockwebserver.MockWebServer$4 processOneRequest
INFO: MockWebServer[40963] received request: GET / HTTP/1.1 and responded: HTTP/1.1 200 OK
Feb 27, 2022 1:13:49 PM okhttp3.mockwebserver.MockWebServer$4 processOneRequest
INFO: MockWebServer[40963] received request: GET / HTTP/1.1 and responded: HTTP/1.1 200 OK
Feb 27, 2022 1:13:49 PM okhttp3.mockwebserver.MockWebServer$3 acceptConnections
INFO: MockWebServer[40963] done accepting connections: Socket closed
Feb 27, 2022 1:13:49 PM okhttp3.mockwebserver.MockWebServer$3 acceptConnections
INFO: MockWebServer[38609] done accepting connections: Socket closed
Feb 27, 2022 1:13:49 PM okhttp3.mockwebserver.MockWebServer$3 execute
INFO: MockWebServer[33895] starting to accept connections
Feb 27, 2022 1:13:49 PM okhttp3.mockwebserver.MockWebServer$3 execute
INFO: MockWebServer[55901] starting to accept connections
Feb 27, 2022 1:13:49 PM okhttp3.mockwebserver.MockWebServer$4 processOneRequest
INFO: MockWebServer[55901] received request: GET / HTTP/1.1 and responded: HTTP/1.1 200 OK
Feb 27, 2022 1:13:49 PM okhttp3.mockwebserver.MockWebServer$3 acceptConnections
INFO: MockWebServer[55901] done accepting connections: Socket closed
Feb 27, 2022 1:13:49 PM okhttp3.mockwebserver.MockWebServer$3 acceptConnections
INFO: MockWebServer[33895] done accepting connections: Socket closed
Feb 27, 2022 1:13:49 PM okhttp3.mockwebserver.MockWebServer$3 execute
INFO: MockWebServer[37985] starting to accept connections
Feb 27, 2022 1:13:49 PM okhttp3.mockwebserver.MockWebServer$3 execute
INFO: MockWebServer[41987] starting to accept connections
Feb 27, 2022 1:13:49 PM okhttp3.mockwebserver.MockWebServer$4 processOneRequest
INFO: MockWebServer[41987] received request: GET / HTTP/1.1 and responded: HTTP/1.1 200 OK
Feb 27, 2022 1:13:49 PM okhttp3.mockwebserver.MockWebServer$3 acceptConnections
INFO: MockWebServer[41987] done accepting connections: Socket closed
Feb 27, 2022 1:13:49 PM okhttp3.mockwebserver.MockWebServer$3 acceptConnections
INFO: MockWebServer[37985] done accepting connections: Socket closed
Feb 27, 2022 1:13:49 PM okhttp3.mockwebserver.MockWebServer$3 execute
INFO: MockWebServer[60977] starting to accept connections
Feb 27, 2022 1:13:49 PM okhttp3.mockwebserver.MockWebServer$3 execute
INFO: MockWebServer[45259] starting to accept connections
Feb 27, 2022 1:13:49 PM okhttp3.mockwebserver.MockWebServer$4 processOneRequest
INFO: MockWebServer[45259] received request: GET / HTTP/1.1 and responded: HTTP/1.1 200 OK
Feb 27, 2022 1:13:49 PM okhttp3.mockwebserver.MockWebServer$4 processOneRequest
INFO: MockWebServer[45259] received request: GET / HTTP/1.1 and responded: HTTP/1.1 200 OK
Feb 27, 2022 1:13:49 PM okhttp3.mockwebserver.MockWebServer$3 acceptConnections
INFO: MockWebServer[45259] done accepting connections: Socket closed
Feb 27, 2022 1:13:49 PM okhttp3.mockwebserver.MockWebServer$3 acceptConnections
INFO: MockWebServer[60977] done accepting connections: Socket closed
Feb 27, 2022 1:13:49 PM okhttp3.mockwebserver.MockWebServer$3 execute
INFO: MockWebServer[47353] starting to accept connections
Feb 27, 2022 1:13:49 PM okhttp3.mockwebserver.MockWebServer$3 execute
INFO: MockWebServer[49095] starting to accept connections
Feb 27, 2022 1:13:49 PM okhttp3.mockwebserver.MockWebServer$4 processOneRequest
INFO: MockWebServer[49095] received request: GET / HTTP/1.1 and responded: HTTP/1.1 200 OK
Feb 27, 2022 1:13:49 PM okhttp3.mockwebserver.MockWebServer$3 acceptConnections
INFO: MockWebServer[49095] done accepting connections: Socket closed
Feb 27, 2022 1:13:49 PM okhttp3.mockwebserver.MockWebServer$3 acceptConnections
INFO: MockWebServer[47353] done accepting connections: Socket closed
Feb 27, 2022 1:13:49 PM okhttp3.mockwebserver.MockWebServer$3 execute
INFO: MockWebServer[48727] starting to accept connections
Feb 27, 2022 1:13:49 PM okhttp3.mockwebserver.MockWebServer$3 execute
INFO: MockWebServer[41981] starting to accept connections
Feb 27, 2022 1:13:49 PM okhttp3.mockwebserver.MockWebServer$4 processOneRequest
INFO: MockWebServer[41981] received request: GET / HTTP/1.1 and responded: HTTP/1.1 200 OK
Feb 27, 2022 1:13:49 PM okhttp3.mockwebserver.MockWebServer$4 processOneRequest
INFO: MockWebServer[41981] received request: GET / HTTP/1.1 and responded: HTTP/1.1 200 OK
Feb 27, 2022 1:13:49 PM okhttp3.mockwebserver.MockWebServer$3 acceptConnections
INFO: MockWebServer[41981] done accepting connections: Socket closed
Feb 27, 2022 1:13:49 PM okhttp3.mockwebserver.MockWebServer$3 acceptConnections
INFO: MockWebServer[48727] done accepting connections: Socket closed
Feb 27, 2022 1:13:49 PM okhttp3.mockwebserver.MockWebServer$3 execute
INFO: MockWebServer[48281] starting to accept connections
Feb 27, 2022 1:13:49 PM okhttp3.mockwebserver.MockWebServer$3 execute
INFO: MockWebServer[60453] starting to accept connections
Feb 27, 2022 1:13:49 PM okhttp3.mockwebserver.MockWebServer$4 processOneRequest
INFO: MockWebServer[60453] received request: GET / HTTP/1.1 and responded: HTTP/1.1 200 OK
Feb 27, 2022 1:13:49 PM okhttp3.mockwebserver.MockWebServer$3 acceptConnections
INFO: MockWebServer[60453] done accepting connections: Socket closed
Feb 27, 2022 1:13:49 PM okhttp3.mockwebserver.MockWebServer$3 acceptConnections
INFO: MockWebServer[48281] done accepting connections: Socket closed
Feb 27, 2022 1:13:49 PM okhttp3.mockwebserver.MockWebServer$3 execute
INFO: MockWebServer[42723] starting to accept connections
Feb 27, 2022 1:13:49 PM okhttp3.mockwebserver.MockWebServer$3 execute
INFO: MockWebServer[54799] starting to accept connections
Feb 27, 2022 1:13:49 PM okhttp3.mockwebserver.MockWebServer$4 processOneRequest
INFO: MockWebServer[54799] received request: GET / HTTP/1.1 and responded: HTTP/1.1 200 OK
Feb 27, 2022 1:13:49 PM okhttp3.mockwebserver.MockWebServer$4 processOneRequest
INFO: MockWebServer[54799] received request: GET / HTTP/1.1 and responded: HTTP/1.1 200 OK
Feb 27, 2022 1:13:49 PM okhttp3.mockwebserver.MockWebServer$3 acceptConnections
INFO: MockWebServer[54799] done accepting connections: Socket closed
Feb 27, 2022 1:13:49 PM okhttp3.mockwebserver.MockWebServer$3 acceptConnections
INFO: MockWebServer[42723] done accepting connections: Socket closed
Feb 27, 2022 1:13:49 PM okhttp3.mockwebserver.MockWebServer$3 execute
INFO: MockWebServer[58797] starting to accept connections
Feb 27, 2022 1:13:49 PM okhttp3.mockwebserver.MockWebServer$3 execute
INFO: MockWebServer[47317] starting to accept connections
Feb 27, 2022 1:13:49 PM okhttp3.mockwebserver.MockWebServer$4 processOneRequest
INFO: MockWebServer[47317] received request: GET / HTTP/1.1 and responded: HTTP/1.1 200 OK
Feb 27, 2022 1:13:49 PM okhttp3.mockwebserver.MockWebServer$4 processOneRequest
INFO: MockWebServer[47317] received request: GET / HTTP/1.1 and responded: HTTP/1.1 304 Redirection
Feb 27, 2022 1:13:49 PM okhttp3.mockwebserver.MockWebServer$3 acceptConnections
INFO: MockWebServer[47317] done accepting connections: Socket closed
Feb 27, 2022 1:13:49 PM okhttp3.mockwebserver.MockWebServer$3 acceptConnections
INFO: MockWebServer[58797] done accepting connections: Socket closed
Feb 27, 2022 1:13:49 PM okhttp3.mockwebserver.MockWebServer$3 execute
INFO: MockWebServer[52065] starting to accept connections
Feb 27, 2022 1:13:49 PM okhttp3.mockwebserver.MockWebServer$3 execute
INFO: MockWebServer[34715] starting to accept connections
Feb 27, 2022 1:13:49 PM okhttp3.mockwebserver.MockWebServer$4 processOneRequest
INFO: MockWebServer[34715] received request: GET / HTTP/1.1 and responded: HTTP/1.1 200 OK
Feb 27, 2022 1:13:49 PM okhttp3.mockwebserver.MockWebServer$4 processOneRequest
INFO: MockWebServer[34715] received request: GET / HTTP/1.1 and responded: HTTP/1.1 200 OK
Feb 27, 2022 1:13:49 PM okhttp3.mockwebserver.MockWebServer$3 acceptConnections
INFO: MockWebServer[34715] done accepting connections: Socket closed
Feb 27, 2022 1:13:49 PM okhttp3.mockwebserver.MockWebServer$3 acceptConnections
INFO: MockWebServer[52065] done accepting connections: Socket closed
Feb 27, 2022 1:13:49 PM okhttp3.mockwebserver.MockWebServer$3 execute
INFO: MockWebServer[42705] starting to accept connections
Feb 27, 2022 1:13:49 PM okhttp3.mockwebserver.MockWebServer$3 execute
INFO: MockWebServer[45289] starting to accept connections
Feb 27, 2022 1:13:49 PM okhttp3.mockwebserver.MockWebServer$4 processOneRequest
INFO: MockWebServer[45289] received request: GET / HTTP/1.1 and responded: HTTP/1.1 200 OK
Feb 27, 2022 1:13:49 PM okhttp3.mockwebserver.MockWebServer$4 processOneRequest
INFO: MockWebServer[45289] received request: POST / HTTP/1.1 and responded: HTTP/1.1 200 OK
Feb 27, 2022 1:13:49 PM okhttp3.mockwebserver.MockWebServer$4 processOneRequest
INFO: MockWebServer[45289] received request: GET / HTTP/1.1 and responded: HTTP/1.1 200 OK
Feb 27, 2022 1:13:49 PM okhttp3.mockwebserver.MockWebServer$3 acceptConnections
INFO: MockWebServer[45289] done accepting connections: Socket closed
Feb 27, 2022 1:13:49 PM okhttp3.mockwebserver.MockWebServer$3 acceptConnections
INFO: MockWebServer[42705] done accepting connections: Socket closed
Feb 27, 2022 1:13:49 PM okhttp3.mockwebserver.MockWebServer$3 execute
INFO: MockWebServer[39973] starting to accept connections
Feb 27, 2022 1:13:49 PM okhttp3.mockwebserver.MockWebServer$3 execute
INFO: MockWebServer[47605] starting to accept connections
Feb 27, 2022 1:13:49 PM okhttp3.mockwebserver.MockWebServer$4 processOneRequest
INFO: MockWebServer[47605] received request: GET / HTTP/1.1 and responded: HTTP/1.1 200 OK
Feb 27, 2022 1:13:49 PM okhttp3.mockwebserver.MockWebServer$4 processOneRequest
INFO: MockWebServer[47605] received request: PUT / HTTP/1.1 and responded: HTTP/1.1 200 OK
Feb 27, 2022 1:13:49 PM okhttp3.mockwebserver.MockWebServer$4 processOneRequest
INFO: MockWebServer[47605] received request: GET / HTTP/1.1 and responded: HTTP/1.1 200 OK
Feb 27, 2022 1:13:50 PM okhttp3.mockwebserver.MockWebServer$3 acceptConnections
INFO: MockWebServer[47605] done accepting connections: Socket closed
Feb 27, 2022 1:13:50 PM okhttp3.mockwebserver.MockWebServer$3 acceptConnections
INFO: MockWebServer[39973] done accepting connections: Socket closed
Feb 27, 2022 1:13:50 PM okhttp3.mockwebserver.MockWebServer$3 execute
INFO: MockWebServer[47571] starting to accept connections
Feb 27, 2022 1:13:50 PM okhttp3.mockwebserver.MockWebServer$3 execute
INFO: MockWebServer[43879] starting to accept connections
Feb 27, 2022 1:13:50 PM okhttp3.mockwebserver.MockWebServer$4 processOneRequest
INFO: MockWebServer[43879] received request: GET / HTTP/1.1 and responded: HTTP/1.1 200 OK
Feb 27, 2022 1:13:50 PM okhttp3.mockwebserver.MockWebServer$4 processOneRequest
INFO: MockWebServer[43879] received request: GET / HTTP/1.1 and responded: HTTP/1.1 304 Redirection
Feb 27, 2022 1:13:50 PM okhttp3.mockwebserver.MockWebServer$3 acceptConnections
INFO: MockWebServer[43879] done accepting connections: Socket closed
Feb 27, 2022 1:13:50 PM okhttp3.mockwebserver.MockWebServer$3 acceptConnections
INFO: MockWebServer[47571] done accepting connections: Socket closed
Feb 27, 2022 1:13:50 PM okhttp3.mockwebserver.MockWebServer$3 execute
INFO: MockWebServer[33649] starting to accept connections
Feb 27, 2022 1:13:50 PM okhttp3.mockwebserver.MockWebServer$3 execute
INFO: MockWebServer[44311] starting to accept connections
Feb 27, 2022 1:13:50 PM okhttp3.mockwebserver.MockWebServer$4 processOneRequest
INFO: MockWebServer[44311] received request: GET / HTTP/1.1 and responded: HTTP/1.1 200 OK
Feb 27, 2022 1:13:50 PM okhttp3.mockwebserver.MockWebServer$4 processOneRequest
INFO: MockWebServer[44311] received request: GET / HTTP/1.1 and responded: HTTP/1.1 200 OK
Feb 27, 2022 1:13:50 PM okhttp3.mockwebserver.MockWebServer$3 acceptConnections
INFO: MockWebServer[44311] done accepting connections: Socket closed
Feb 27, 2022 1:13:50 PM okhttp3.mockwebserver.MockWebServer$3 acceptConnections
INFO: MockWebServer[33649] done accepting connections: Socket closed
Feb 27, 2022 1:13:50 PM okhttp3.mockwebserver.MockWebServer$3 execute
INFO: MockWebServer[51825] starting to accept connections
Feb 27, 2022 1:13:50 PM okhttp3.mockwebserver.MockWebServer$3 execute
INFO: MockWebServer[33017] starting to accept connections
Feb 27, 2022 1:13:50 PM okhttp3.mockwebserver.MockWebServer$4 processOneRequest
INFO: MockWebServer[33017] received request: GET / HTTP/1.1 and responded: HTTP/1.1 200 OK
Feb 27, 2022 1:13:50 PM okhttp3.mockwebserver.MockWebServer$4 processOneRequest
INFO: MockWebServer[33017] received request: GET / HTTP/1.1 and responded: HTTP/1.1 200 OK
Feb 27, 2022 1:13:50 PM okhttp3.mockwebserver.MockWebServer$3 acceptConnections
INFO: MockWebServer[33017] done accepting connections: Socket closed
Feb 27, 2022 1:13:50 PM okhttp3.mockwebserver.MockWebServer$3 acceptConnections
INFO: MockWebServer[51825] done accepting connections: Socket closed
Feb 27, 2022 1:13:50 PM okhttp3.mockwebserver.MockWebServer$3 execute
INFO: MockWebServer[52409] starting to accept connections
Feb 27, 2022 1:13:50 PM okhttp3.mockwebserver.MockWebServer$3 execute
INFO: MockWebServer[40827] starting to accept connections
Feb 27, 2022 1:13:50 PM okhttp3.mockwebserver.MockWebServer$4 processOneRequest
INFO: MockWebServer[40827] received request: GET / HTTP/1.1 and responded: HTTP/1.1 200 Fantastic
Feb 27, 2022 1:13:50 PM okhttp3.mockwebserver.MockWebServer$4 processConnection
WARNING: MockWebServer[40827] connection from /127.0.0.1 didn't make a request
Feb 27, 2022 1:13:50 PM okhttp3.mockwebserver.MockWebServer$3 acceptConnections
INFO: MockWebServer[40827] done accepting connections: Socket closed
Feb 27, 2022 1:13:50 PM okhttp3.mockwebserver.MockWebServer$3 acceptConnections
INFO: MockWebServer[52409] done accepting connections: Socket closed
Tests run: 109, Failures: 0, Errors: 1, Skipped: 0, Time elapsed: 9.487 sec <<< FAILURE! - in okhttp3.UrlConnectionCacheTest
responseCachingByResponseCode(okhttp3.UrlConnectionCacheTest)  Time elapsed: 0.047 sec  <<< ERROR!
java.net.ProtocolException: HTTP 204 had non-zero Content-Length: 5
	at okhttp3.internal.http.HttpEngine$NetworkInterceptorChain.proceed(HttpEngine.java:764)
	at okhttp3.internal.huc.HttpURLConnectionImpl$NetworkInterceptor.intercept(HttpURLConnectionImpl.java:597)
	at okhttp3.internal.http.HttpEngine$NetworkInterceptorChain.proceed(HttpEngine.java:733)
	at okhttp3.internal.http.HttpEngine.readResponse(HttpEngine.java:612)
	at okhttp3.RealCall.getResponse(RealCall.java:238)
	at okhttp3.RealCall$ApplicationInterceptorChain.proceed(RealCall.java:195)
	at okhttp3.RealCall.getResponseWithInterceptorChain(RealCall.java:157)
	at okhttp3.RealCall.execute(RealCall.java:59)
	at okhttp3.internal.huc.HttpURLConnectionImpl.getResponse(HttpURLConnectionImpl.java:421)
	at okhttp3.internal.huc.HttpURLConnectionImpl.getResponseCode(HttpURLConnectionImpl.java:455)
	at okhttp3.UrlConnectionCacheTest.assertCached(UrlConnectionCacheTest.java:194)
	at okhttp3.UrlConnectionCacheTest.responseCachingByResponseCode(UrlConnectionCacheTest.java:121)

Running okhttp3.internal.huc.URLEncodingTest
Tests run: 2, Failures: 0, Errors: 0, Skipped: 2, Time elapsed: 0 sec - in okhttp3.internal.huc.URLEncodingTest
Uninstalled aggressive uncaught exception handler

Results :

Failed tests: 
  OkUrlFactoryTest.testURLFilterRedirect:209 Connection was successful

Tests in error: 
  UrlConnectionCacheTest.responseCachingByResponseCode:121->assertCached:194 » Protocol

Tests run: 121, Failures: 1, Errors: 1, Skipped: 2

[INFO] ------------------------------------------------------------------------
[INFO] Reactor Summary:
[INFO] 
[INFO] OkHttp (Parent) .................................... SUCCESS [  0.995 s]
[INFO] OkHttp ............................................. SUCCESS [  3.495 s]
[INFO] OkHttp test support classes ........................ SUCCESS [  0.334 s]
[INFO] OkHttp Web Sockets ................................. SUCCESS [  0.307 s]
[INFO] MockWebServer ...................................... SUCCESS [  7.382 s]
[INFO] OkHttp URLConnection ............................... FAILURE [ 11.962 s]
[INFO] OkHttp Tests ....................................... SKIPPED
[INFO] OkHttp Android Platform Support .................... SKIPPED
[INFO] OkHttp Apache HttpClient ........................... SKIPPED
[INFO] OkHttp Web Socket Tests ............................ SKIPPED
[INFO] OkHttp Logging Interceptor ......................... SKIPPED
[INFO] OkCurl ............................................. SKIPPED
[INFO] Samples (Parent) ................................... SKIPPED
[INFO] Sample: Guide ...................................... SKIPPED
[INFO] Sample: Crawler .................................... SKIPPED
[INFO] Sample: Simple Client .............................. SKIPPED
[INFO] Sample: Static Server .............................. SKIPPED
[INFO] Benchmarks ......................................... SKIPPED
[INFO] ------------------------------------------------------------------------
[INFO] BUILD FAILURE
[INFO] ------------------------------------------------------------------------
[INFO] Total time: 24.848 s
[INFO] Finished at: 2022-02-27T13:13:50+00:00
[INFO] Final Memory: 28M/458M
[INFO] ------------------------------------------------------------------------
[ERROR] Failed to execute goal org.apache.maven.plugins:maven-surefire-plugin:2.17:test (default-test) on project okhttp-urlconnection: There are test failures.
[ERROR] 
[ERROR] Please refer to /home/travis/build/failed/square/okhttp/okhttp-urlconnection/target/surefire-reports for the individual test results.
[ERROR] -> [Help 1]
[ERROR] 
[ERROR] To see the full stack trace of the errors, re-run Maven with the -e switch.
[ERROR] Re-run Maven using the -X switch to enable full debug logging.
[ERROR] 
[ERROR] For more information about the errors and possible solutions, please read the following articles:
[ERROR] [Help 1] http://cwiki.apache.org/confluence/display/MAVEN/MojoFailureException
[ERROR] 
[ERROR] After correcting the problems, you can resume the build with the command
[ERROR]   mvn <goals> -rf :okhttp-urlconnection

travis_time:end:1223ab5d:start=1645967604543395185,finish=1645967630772299004,duration=26228903819[0K
[31;1mThe command "mvn test -Dhttps.protocols=TLSv1.2 -Dhttps.protocols=TLSv1.2 -B" exited with 1.[0m
travis_fold:start:cache.2[0Kstore build cache
travis_time:start:072b029a[0K
travis_time:end:072b029a:start=1645967630784569969,finish=1645967630794194293,duration=9624324[0Ktravis_time:start:029b7466[0K/home/travis/.casher/bin/casher:190: warning: Insecure world writable dir /home/travis/build/failed/square/okhttp/. in PATH, mode 040777
[32;1mchanges detected, packing new archive[0m
/home/travis/.casher/bin/casher:213:in `cache_archive_name': undefined method `[]' for nil:NilClass (NoMethodError)
	from /home/travis/.casher/bin/casher:143:in `push'
	from /home/travis/.casher/bin/casher:53:in `block in run'
	from /home/travis/.rvm/rubies/ruby-1.9.3-p551/lib/ruby/1.9.1/timeout.rb:69:in `timeout'
	from /home/travis/.casher/bin/casher:53:in `run'
	from /home/travis/.casher/bin/casher:263:in `<main>'
.

travis_time:end:029b7466:start=1645967630804999340,finish=1645967638659428795,duration=7854429455[0Ktravis_fold:end:cache.2[0K
Done. Your build exited with 1.
