travis_fold:start:system_info[0K[33;1mBuild system information[0m
Build language: java
Build group: stable
Build dist: precise
Build id: ''
Job id: ''
[34m[1mBuild image provisioning date and time[0m
Thu Feb  5 15:09:33 UTC 2015
[34m[1mOperating System Details[0m
Distributor ID:	Ubuntu
Description:	Ubuntu 12.04.5 LTS
Release:	12.04
Codename:	precise
[34m[1mLinux Version[0m
3.13.0-29-generic
[34m[1mCookbooks Version[0m
a68419e https://github.com/travis-ci/travis-cookbooks/tree/a68419e
[34m[1mGCC version[0m
gcc (Ubuntu/Linaro 4.6.3-1ubuntu5) 4.6.3
Copyright (C) 2011 Free Software Foundation, Inc.
This is free software; see the source for copying conditions.  There is NO
warranty; not even for MERCHANTABILITY or FITNESS FOR A PARTICULAR PURPOSE.

[34m[1mLLVM version[0m
clang version 3.4 (tags/RELEASE_34/final)
Target: x86_64-unknown-linux-gnu
Thread model: posix
[34m[1mPre-installed Ruby versions[0m
ruby-1.9.3-p551
[34m[1mPre-installed Node.js versions[0m
v0.10.36
[34m[1mPre-installed Go versions[0m
1.4.1
[34m[1mRedis version[0m
redis-server 2.8.19
[34m[1mriak version[0m
2.0.2
[34m[1mMongoDB version[0m
MongoDB 2.4.12
[34m[1mCouchDB version[0m
couchdb 1.6.1
[34m[1mNeo4j version[0m
1.9.4
[34m[1mRabbitMQ Version[0m
3.4.3
[34m[1mElasticSearch version[0m
1.4.0
[34m[1mInstalled Sphinx versions[0m
2.0.10
2.1.9
2.2.6
[34m[1mDefault Sphinx version[0m
2.2.6
[34m[1mInstalled Firefox version[0m
firefox 31.0esr
[34m[1mPhantomJS version[0m
1.9.8
[34m[1mant -version[0m
Apache Ant(TM) version 1.8.2 compiled on December 3 2011
[34m[1mmvn -version[0m
Apache Maven 3.2.5 (12a6b3acb947671f09b81f49094c53f426d8cea1; 2014-12-14T17:29:23+00:00)
Maven home: /usr/local/maven
Java version: 1.7.0_76, vendor: Oracle Corporation
Java home: /usr/lib/jvm/java-7-oracle/jre
Default locale: en_US, platform encoding: ANSI_X3.4-1968
OS name: "linux", version: "3.13.0-29-generic", arch: "amd64", family: "unix"
travis_fold:end:system_info[0K
W: Failed to fetch http://us.archive.ubuntu.com/ubuntu/dists/precise/main/source/Sources  404  Not Found [IP: 91.189.91.39 80]

W: Failed to fetch http://us.archive.ubuntu.com/ubuntu/dists/precise/restricted/source/Sources  404  Not Found [IP: 91.189.91.39 80]

W: Failed to fetch http://us.archive.ubuntu.com/ubuntu/dists/precise/universe/source/Sources  404  Not Found [IP: 91.189.91.39 80]

W: Failed to fetch http://us.archive.ubuntu.com/ubuntu/dists/precise/multiverse/source/Sources  404  Not Found [IP: 91.189.91.39 80]

W: Failed to fetch http://us.archive.ubuntu.com/ubuntu/dists/precise/main/binary-amd64/Packages  404  Not Found [IP: 91.189.91.39 80]

W: Failed to fetch http://us.archive.ubuntu.com/ubuntu/dists/precise/restricted/binary-amd64/Packages  404  Not Found [IP: 91.189.91.39 80]

W: Failed to fetch http://us.archive.ubuntu.com/ubuntu/dists/precise/universe/binary-amd64/Packages  404  Not Found [IP: 91.189.91.39 80]

W: Failed to fetch http://us.archive.ubuntu.com/ubuntu/dists/precise/multiverse/binary-amd64/Packages  404  Not Found [IP: 91.189.91.39 80]

W: Failed to fetch http://us.archive.ubuntu.com/ubuntu/dists/precise/main/binary-i386/Packages  404  Not Found [IP: 91.189.91.39 80]

W: Failed to fetch http://us.archive.ubuntu.com/ubuntu/dists/precise/restricted/binary-i386/Packages  404  Not Found [IP: 91.189.91.39 80]

W: Failed to fetch http://us.archive.ubuntu.com/ubuntu/dists/precise/universe/binary-i386/Packages  404  Not Found [IP: 91.189.91.39 80]

W: Failed to fetch http://us.archive.ubuntu.com/ubuntu/dists/precise/multiverse/binary-i386/Packages  404  Not Found [IP: 91.189.91.39 80]

W: Failed to fetch http://us.archive.ubuntu.com/ubuntu/dists/precise-updates/main/source/Sources  404  Not Found [IP: 91.189.91.39 80]

W: Failed to fetch http://us.archive.ubuntu.com/ubuntu/dists/precise-updates/restricted/source/Sources  404  Not Found [IP: 91.189.91.39 80]

W: Failed to fetch http://us.archive.ubuntu.com/ubuntu/dists/precise-updates/universe/source/Sources  404  Not Found [IP: 91.189.91.39 80]

W: Failed to fetch http://us.archive.ubuntu.com/ubuntu/dists/precise-updates/multiverse/source/Sources  404  Not Found [IP: 91.189.91.39 80]

W: Failed to fetch http://us.archive.ubuntu.com/ubuntu/dists/precise-updates/main/binary-amd64/Packages  404  Not Found [IP: 91.189.91.39 80]

W: Failed to fetch http://us.archive.ubuntu.com/ubuntu/dists/precise-updates/restricted/binary-amd64/Packages  404  Not Found [IP: 91.189.91.39 80]

W: Failed to fetch http://us.archive.ubuntu.com/ubuntu/dists/precise-updates/universe/binary-amd64/Packages  404  Not Found [IP: 91.189.91.39 80]

W: Failed to fetch http://us.archive.ubuntu.com/ubuntu/dists/precise-updates/multiverse/binary-amd64/Packages  404  Not Found [IP: 91.189.91.39 80]

W: Failed to fetch http://us.archive.ubuntu.com/ubuntu/dists/precise-updates/main/binary-i386/Packages  404  Not Found [IP: 91.189.91.39 80]

W: Failed to fetch http://us.archive.ubuntu.com/ubuntu/dists/precise-updates/restricted/binary-i386/Packages  404  Not Found [IP: 91.189.91.39 80]

W: Failed to fetch http://us.archive.ubuntu.com/ubuntu/dists/precise-updates/universe/binary-i386/Packages  404  Not Found [IP: 91.189.91.39 80]

W: Failed to fetch http://us.archive.ubuntu.com/ubuntu/dists/precise-updates/multiverse/binary-i386/Packages  404  Not Found [IP: 91.189.91.39 80]

W: Failed to fetch http://security.ubuntu.com/ubuntu/dists/precise-security/main/source/Sources  404  Not Found [IP: 91.189.91.38 80]

W: Failed to fetch http://security.ubuntu.com/ubuntu/dists/precise-security/restricted/source/Sources  404  Not Found [IP: 91.189.91.38 80]

W: Failed to fetch http://security.ubuntu.com/ubuntu/dists/precise-security/universe/source/Sources  404  Not Found [IP: 91.189.91.38 80]

W: Failed to fetch http://security.ubuntu.com/ubuntu/dists/precise-security/multiverse/source/Sources  404  Not Found [IP: 91.189.91.38 80]

W: Failed to fetch http://security.ubuntu.com/ubuntu/dists/precise-security/main/binary-amd64/Packages  404  Not Found [IP: 91.189.91.38 80]

W: Failed to fetch http://security.ubuntu.com/ubuntu/dists/precise-security/restricted/binary-amd64/Packages  404  Not Found [IP: 91.189.91.38 80]

W: Failed to fetch http://security.ubuntu.com/ubuntu/dists/precise-security/universe/binary-amd64/Packages  404  Not Found [IP: 91.189.91.38 80]

W: Failed to fetch http://security.ubuntu.com/ubuntu/dists/precise-security/multiverse/binary-amd64/Packages  404  Not Found [IP: 91.189.91.38 80]

W: Failed to fetch http://security.ubuntu.com/ubuntu/dists/precise-security/main/binary-i386/Packages  404  Not Found [IP: 91.189.91.38 80]

W: Failed to fetch http://security.ubuntu.com/ubuntu/dists/precise-security/restricted/binary-i386/Packages  404  Not Found [IP: 91.189.91.38 80]

W: Failed to fetch http://security.ubuntu.com/ubuntu/dists/precise-security/universe/binary-i386/Packages  404  Not Found [IP: 91.189.91.38 80]

W: Failed to fetch http://security.ubuntu.com/ubuntu/dists/precise-security/multiverse/binary-i386/Packages  404  Not Found [IP: 91.189.91.38 80]

W: Failed to fetch http://us.archive.ubuntu.com/ubuntu/dists/precise-backports/main/source/Sources  404  Not Found [IP: 91.189.91.39 80]

W: Failed to fetch http://us.archive.ubuntu.com/ubuntu/dists/precise-backports/restricted/source/Sources  404  Not Found [IP: 91.189.91.39 80]

W: Failed to fetch http://us.archive.ubuntu.com/ubuntu/dists/precise-backports/universe/source/Sources  404  Not Found [IP: 91.189.91.39 80]

W: Failed to fetch http://us.archive.ubuntu.com/ubuntu/dists/precise-backports/multiverse/source/Sources  404  Not Found [IP: 91.189.91.39 80]

W: Failed to fetch http://us.archive.ubuntu.com/ubuntu/dists/precise-backports/main/binary-amd64/Packages  404  Not Found [IP: 91.189.91.39 80]

W: Failed to fetch http://us.archive.ubuntu.com/ubuntu/dists/precise-backports/restricted/binary-amd64/Packages  404  Not Found [IP: 91.189.91.39 80]

W: Failed to fetch http://us.archive.ubuntu.com/ubuntu/dists/precise-backports/universe/binary-amd64/Packages  404  Not Found [IP: 91.189.91.39 80]

W: Failed to fetch http://us.archive.ubuntu.com/ubuntu/dists/precise-backports/multiverse/binary-amd64/Packages  404  Not Found [IP: 91.189.91.39 80]

W: Failed to fetch http://us.archive.ubuntu.com/ubuntu/dists/precise-backports/main/binary-i386/Packages  404  Not Found [IP: 91.189.91.39 80]

W: Failed to fetch http://us.archive.ubuntu.com/ubuntu/dists/precise-backports/restricted/binary-i386/Packages  404  Not Found [IP: 91.189.91.39 80]

W: Failed to fetch http://us.archive.ubuntu.com/ubuntu/dists/precise-backports/universe/binary-i386/Packages  404  Not Found [IP: 91.189.91.39 80]

W: Failed to fetch http://us.archive.ubuntu.com/ubuntu/dists/precise-backports/multiverse/binary-i386/Packages  404  Not Found [IP: 91.189.91.39 80]

W: Failed to fetch http://apt.postgresql.org/pub/repos/apt/dists/precise-pgdg/main/binary-amd64/Packages  404  Not Found [IP: 217.196.149.55 80]

W: Failed to fetch http://apt.postgresql.org/pub/repos/apt/dists/precise-pgdg/main/binary-i386/Packages  404  Not Found [IP: 217.196.149.55 80]

W: Failed to fetch http://ppa.launchpad.net/rwky/ppa/ubuntu/dists/precise/main/binary-amd64/Packages  403  Forbidden

W: Failed to fetch http://ppa.launchpad.net/rwky/ppa/ubuntu/dists/precise/main/binary-i386/Packages  403  Forbidden

W: Failed to fetch http://ppa.launchpad.net/travis-ci/zero-mq/ubuntu/dists/precise/main/binary-amd64/Packages  403  Forbidden

W: Failed to fetch http://ppa.launchpad.net/travis-ci/zero-mq/ubuntu/dists/precise/main/binary-i386/Packages  403  Forbidden

W: Failed to fetch http://downloads-distro.mongodb.org/repo/debian-sysvinit/dists/dist/10gen/binary-amd64/Packages  Undetermined Error [IP: 54.175.147.155 80]

W: Failed to fetch http://downloads-distro.mongodb.org/repo/debian-sysvinit/dists/dist/10gen/binary-i386/Packages  Undetermined Error [IP: 54.175.147.155 80]

E: Some index files failed to download. They have been ignored, or old ones used instead.
sed: cannot rename /etc/hosts: Device or resource busy
sed: cannot rename /etc/hosts: Device or resource busy
$ jdk_switcher use oraclejdk8
Switching to Oracle JDK8 (java-8-oracle), JAVA_HOME will be set to /usr/lib/jvm/java-8-oracle
$ cd failed/uwescience/myria
travis_fold:start:postgresql[0K[33;1mStarting PostgreSQL v9.3[0m
travis_time:start:04cd1750[0K$ sudo service postgresql stop
 * Stopping PostgreSQL 9.1 database server
   ...done.
 * Stopping PostgreSQL 9.2 database server
   ...done.
 * Stopping PostgreSQL 9.3 database server
   ...done.
 * Stopping PostgreSQL 9.4 database server
   ...done.

travis_time:end:04cd1750:start=1645974742796636768,finish=1645974743562148507,duration=765511739[0Ktravis_time:start:11b76fa4[0K$ sudo service postgresql start 9.3
 * Starting PostgreSQL 9.3 database server
   ...done.

travis_time:end:11b76fa4:start=1645974743571212636,finish=1645974757126022610,duration=13554809974[0Ktravis_time:start:067e7a88[0K$ sudo -u postgres createuser -s -p 5432 travis &>/dev/null

travis_time:end:067e7a88:start=1645974757133636736,finish=1645974757190281347,duration=56644611[0Ktravis_time:start:0018638e[0K$ sudo -u postgres createdb -O travis -p 5432 travis &>/dev/null

travis_time:end:0018638e:start=1645974757200154321,finish=1645974757259885048,duration=59730727[0Ktravis_time:start:15df8366[0K$ sudo -u postgres createuser -s -p 5433 travis &>/dev/null

travis_time:end:15df8366:start=1645974757268573426,finish=1645974757318327021,duration=49753595[0Ktravis_time:start:0c629eb6[0K$ sudo -u postgres createdb -O travis -p 5433 travis &>/dev/null

travis_time:end:0c629eb6:start=1645974757327148817,finish=1645974757383912703,duration=56763886[0Ktravis_fold:end:postgresql[0K
[33;1mSetting environment variables from .travis.yml[0m
$ export AWS_ACCESS_KEY_ID=[secure]
$ export AWS_SECRET_ACCESS_KEY=[secure]

$ export TERM=dumb
travis_fold:start:cache.1[0KSetting up build cache
$ export CASHER_DIR=$HOME/.casher
travis_time:start:134d3ca1[0K
travis_time:end:134d3ca1:start=1645974762901153458,finish=1645974762910048510,duration=8895052[0Ktravis_time:start:134fac2a[0K/home/travis/.casher/bin/casher:213:in `cache_archive_name': undefined method `[]' for nil:NilClass (NoMethodError)
	from /home/travis/.casher/bin/casher:65:in `block in fetch'
	from /home/travis/.casher/bin/casher:64:in `each'
	from /home/travis/.casher/bin/casher:64:in `fetch'
	from /home/travis/.casher/bin/casher:53:in `block in run'
	from /home/travis/.rvm/rubies/ruby-1.9.3-p551/lib/ruby/1.9.1/timeout.rb:69:in `timeout'
	from /home/travis/.casher/bin/casher:53:in `run'
	from /home/travis/.casher/bin/casher:263:in `<main>'
[32;1mattempting to download cache archive[0m

travis_time:end:134fac2a:start=1645974762920214813,finish=1645974763692961614,duration=772746801[0Ktravis_time:start:011878d0[0K
travis_time:end:011878d0:start=1645974763704308989,finish=1645974763712742156,duration=8433167[0Ktravis_time:start:0352b3a2[0K[32;1madding /home/travis/.gradle/caches to cache[0m

travis_time:end:0352b3a2:start=1645974763722485118,finish=1645974764730254277,duration=1007769159[0Ktravis_fold:end:cache.1[0K$ java -Xmx32m -version
java version "1.8.0_31"
Java(TM) SE Runtime Environment (build 1.8.0_31-b13)
Java HotSpot(TM) 64-Bit Server VM (build 25.31-b07, mixed mode)
$ javac -J-Xmx32m -version
javac 1.8.0_31
travis_fold:start:before_install.1[0Ktravis_time:start:19a6d1c8[0K$ sh travis/before_install.sh
ERROR:  database "myria_test" already exists
/home/travis/.ssh/id_rsa_localhost already exists.
Overwrite (y/n)? 
travis_time:end:19a6d1c8:start=1645974765029576603,finish=1645974766502878994,duration=1473302391[0Ktravis_fold:end:before_install.1[0Ktravis_fold:start:before_install.2[0Ktravis_time:start:07beb877[0K$ export TERM=dumb

travis_time:end:07beb877:start=1645974766512572541,finish=1645974766520542973,duration=7970432[0Ktravis_fold:end:before_install.2[0Ktravis_fold:start:install[0Ktravis_time:start:1ec815be[0K$ ./gradlew assemble
:updateCommitInfo
:compileJava
Download https://repo1.maven.org/maven2/joda-time/joda-time/2.10.13/joda-time-2.10.13.pom
Download https://repo1.maven.org/maven2/joda-time/joda-time/2.10.13/joda-time-2.10.13.jar
/home/travis/build/failed/uwescience/myria/protobuf/java/edu/washington/escience/myria/proto/DataProto.java:964: warning: [static] static method should be qualified by type name, Builder, instead of by an expression
          super.addAll(values, columns_);
               ^
/home/travis/build/failed/uwescience/myria/protobuf/java/edu/washington/escience/myria/proto/DataProto.java:5397: warning: [static] static method should be qualified by type name, Builder, instead of by an expression
        super.addAll(values, startIndices_);
             ^
/home/travis/build/failed/uwescience/myria/protobuf/java/edu/washington/escience/myria/proto/DataProto.java:5463: warning: [static] static method should be qualified by type name, Builder, instead of by an expression
        super.addAll(values, endIndices_);
             ^
/home/travis/build/failed/uwescience/myria/protobuf/java/edu/washington/escience/myria/proto/ControlProto.java:1280: warning: [static] static method should be qualified by type name, Builder, instead of by an expression
          super.addAll(values, resourceStats_);
               ^
/home/travis/build/failed/uwescience/myria/protobuf/java/edu/washington/escience/myria/proto/ControlProto.java:1430: warning: [static] static method should be qualified by type name, Builder, instead of by an expression
        super.addAll(values, ackedWorkerIds_);
             ^
/home/travis/build/failed/uwescience/myria/src/edu/washington/escience/myria/api/encoding/PlanFragmentEncoding.java:38: warning: [varargs] Varargs method could cause heap pollution from non-reifiable varargs parameter operators
    ret.operators = Arrays.asList(operators);
                                  ^
/home/travis/build/failed/uwescience/myria/src/edu/washington/escience/myria/operator/network/Producer.java:221: warning: [rawtypes] found raw type: StreamOutputChannel
    ioChannels = new StreamOutputChannel[outputIDs.length];
                     ^
  missing type arguments for generic class StreamOutputChannel<PAYLOAD>
  where PAYLOAD is a type-variable:
    PAYLOAD extends Object declared in class StreamOutputChannel
/home/travis/build/failed/uwescience/myria/src/edu/washington/escience/myria/storage/Tuple.java:193: warning: [deprecation] putObject(int,Object) in AppendableTable has been deprecated
  public void putObject(final int column, final @Nonnull Object value) {
              ^
/home/travis/build/failed/uwescience/myria/src/edu/washington/escience/myria/storage/Field.java:62: warning: [deprecation] appendObject(Object) in WritableColumn has been deprecated
  public WritableColumn appendObject(final Object value) throws BufferOverflowException {
                        ^
/home/travis/build/failed/uwescience/myria/src/edu/washington/escience/myria/operator/SQLiteSetFilter.java:115: warning: [deprecation] getObject(int,int) in TupleBatch has been deprecated
            v = tb.getObject(0, i);
                  ^
/home/travis/build/failed/uwescience/myria/src/edu/washington/escience/myria/parallel/ipc/BagInputBufferAdapter.java:182: warning: [try] auto-closeable resource l is never referenced in body of corresponding try statement
    try (ClosableReentrantLock l = bufferSizeLock.open()) {
                               ^
/home/travis/build/failed/uwescience/myria/src/edu/washington/escience/myria/parallel/ipc/BagInputBufferAdapter.java:189: warning: [try] auto-closeable resource l is never referenced in body of corresponding try statement
    try (ClosableReentrantLock l = bufferSizeLock.open()) {
                               ^
/home/travis/build/failed/uwescience/myria/src/edu/washington/escience/myria/parallel/ipc/BagInputBufferAdapter.java:211: warning: [try] auto-closeable resource l is never referenced in body of corresponding try statement
    try (ClosableReentrantLock l = bufferSizeLock.open()) {
                               ^
/home/travis/build/failed/uwescience/myria/src/edu/washington/escience/myria/parallel/ipc/BagInputBufferAdapter.java:303: warning: [try] auto-closeable resource l is never referenced in body of corresponding try statement
        try (ClosableReentrantLock l = bufferSizeLock.open()) {
                                   ^
/home/travis/build/failed/uwescience/myria/src/edu/washington/escience/myria/parallel/ipc/BagInputBufferAdapter.java:352: warning: [try] auto-closeable resource l is never referenced in body of corresponding try statement
    try (ClosableReentrantLock l = bufferSizeLock.open()) {
                               ^
/home/travis/build/failed/uwescience/myria/src/edu/washington/escience/myria/parallel/ipc/BagInputBufferAdapter.java:403: warning: [try] auto-closeable resource l is never referenced in body of corresponding try statement
    try (ClosableReentrantLock l = bufferSizeLock.open()) {
                               ^
/home/travis/build/failed/uwescience/myria/src/edu/washington/escience/myria/parallel/ipc/BagInputBufferAdapter.java:443: warning: [try] auto-closeable resource l is never referenced in body of corresponding try statement
    try (ClosableReentrantLock l = bufferSizeLock.open()) {
                               ^
/home/travis/build/failed/uwescience/myria/src/edu/washington/escience/myria/parallel/ipc/BagInputBufferAdapter.java:469: warning: [try] auto-closeable resource l is never referenced in body of corresponding try statement
    try (ClosableReentrantLock l = bufferSizeLock.open()) {
                               ^
/home/travis/build/failed/uwescience/myria/src/edu/washington/escience/myria/parallel/ipc/FlowControlBagInputBuffer.java:225: warning: [try] auto-closeable resource l is never referenced in body of corresponding try statement
    try (ClosableReentrantLock l = getBufferSizeLock().open()) {
                               ^
/home/travis/build/failed/uwescience/myria/src/edu/washington/escience/myria/parallel/ipc/FlowControlBagInputBuffer.java:236: warning: [try] auto-closeable resource l is never referenced in body of corresponding try statement
    try (ClosableReentrantLock l = getBufferSizeLock().open()) {
                               ^
20 warnings
:processResources UP-TO-DATE
:classes
:copyToLib
:symlinkMetricsJar
:jar UP-TO-DATE
:assemble UP-TO-DATE

BUILD SUCCESSFUL

Total time: 3 mins 25.057 secs

travis_time:end:1ec815be:start=1645974766530220173,finish=1645974972409231216,duration=205879011043[0Ktravis_fold:end:install[0Ktravis_time:start:23390a78[0K$ ./gradlew check
:updateCommitInfo
:compileJava UP-TO-DATE
:processResources UP-TO-DATE
:classes UP-TO-DATE
:cleanEclipseClasspath
:eclipseClasspath
Download https://repo1.maven.org/maven2/joda-time/joda-time/2.10.13/joda-time-2.10.13-sources.jar
Download https://repo1.maven.org/maven2/joda-time/joda-time/2.10.13/joda-time-2.10.13-javadoc.jar
:compileTestJava
:processTestResources UP-TO-DATE
:testClasses
:verifyFormatting/home/travis/build/failed/uwescience/myria/src/edu/washington/escience/myria/io/DataSource.java is not formatted correctly
/home/travis/build/failed/uwescience/myria/src/edu/washington/escience/myria/io/AmazonS3Source.java is not formatted correctly
/home/travis/build/failed/uwescience/myria/src/edu/washington/escience/myria/io/UriSource.java is not formatted correctly
/home/travis/build/failed/uwescience/myria/src/edu/washington/escience/myria/operator/CSVFileScanFragment.java is not formatted correctly
/home/travis/build/failed/uwescience/myria/src/edu/washington/escience/myria/parallel/Server.java is not formatted correctly
 FAILED

FAILURE: Build failed with an exception.

* What went wrong:
Execution failed for task ':verifyFormatting'.
> Found sources that are not formatted properly

* Try:
Run with --stacktrace option to get the stack trace. Run with --info or --debug option to get more log output.

BUILD FAILED

Total time: 37.903 secs

travis_time:end:23390a78:start=1645974972422098109,finish=1645975011136515221,duration=38714417112[0K
[31;1mThe command "./gradlew check" exited with 1.[0m
travis_fold:start:cache.2[0Kstore build cache
travis_time:start:007fa5e4[0K
travis_time:end:007fa5e4:start=1645975011147844358,finish=1645975011158687177,duration=10842819[0Ktravis_time:start:00050acf[0K/home/travis/.casher/bin/casher:190: warning: Insecure world writable dir /home/travis/build/failed/uwescience/myria/. in PATH, mode 040777
[32;1mchanges detected, packing new archive[0m
running `casher push` took longer than 180 seconds and has been aborted.
You can extend the timeout with `cache.timeout`. See https://docs.travis-ci.com/user/caching/#Setting-the-timeout for details
.
.
.
.
.
.
.
.
.
.
.
.
.
.
.
.
.
.
.
.
.
.
.
.
.
.
.
.
.
.
.
.
.
.
.
.

travis_time:end:00050acf:start=1645975011167962598,finish=1645975191943524628,duration=180775562030[0Ktravis_fold:end:cache.2[0K
Done. Your build exited with 1.
