travis_fold:start:system_info[0K[33;1mBuild system information[0m
Build language: java
Build group: stable
Build dist: trusty
Build id: ''
Job id: ''
[34m[1mBuild image provisioning date and time[0m
Tue Dec  5 20:11:19 UTC 2017
[34m[1mOperating System Details[0m
Distributor ID:	Ubuntu
Description:	Ubuntu 14.04.5 LTS
Release:	14.04
Codename:	trusty
[34m[1mCookbooks Version[0m
7c2c6a6 https://github.com/travis-ci/travis-cookbooks/tree/7c2c6a6
[34m[1mgit version[0m
git version 2.15.1
[34m[1mbash version[0m
GNU bash, version 4.3.11(1)-release (x86_64-pc-linux-gnu)
[34m[1mgcc version[0m
gcc (Ubuntu 4.8.4-2ubuntu1~14.04.3) 4.8.4
Copyright (C) 2013 Free Software Foundation, Inc.
This is free software; see the source for copying conditions.  There is NO
warranty; not even for MERCHANTABILITY or FITNESS FOR A PARTICULAR PURPOSE.

[34m[1mdocker version[0m
Client:
 Version:      17.09.0-ce
 API version:  1.32
 Go version:   go1.8.3
 Git commit:   afdb6d4
 Built:        Tue Sep 26 22:39:28 2017
 OS/Arch:      linux/amd64
[34m[1mclang version[0m
clang version 5.0.0 (tags/RELEASE_500/final)
Target: x86_64-unknown-linux-gnu
Thread model: posix
InstalledDir: /usr/local/clang-5.0.0/bin
[34m[1mjq version[0m
jq-1.5
[34m[1mbats version[0m
Bats 0.4.0
[34m[1mshellcheck version[0m
0.4.6
[34m[1mshfmt version[0m
v2.0.0
[34m[1mccache version[0m
ccache version 3.1.9

Copyright (C) 2002-2007 Andrew Tridgell
Copyright (C) 2009-2011 Joel Rosdahl

This program is free software; you can redistribute it and/or modify it under
the terms of the GNU General Public License as published by the Free Software
Foundation; either version 3 of the License, or (at your option) any later
version.
[34m[1mcmake version[0m
cmake version 3.9.2

CMake suite maintained and supported by Kitware (kitware.com/cmake).
[34m[1mheroku version[0m
heroku-cli/6.14.39-addc925 (linux-x64) node-v9.2.0
[34m[1mimagemagick version[0m
Version: ImageMagick 6.7.7-10 2017-07-31 Q16 http://www.imagemagick.org
[34m[1mmd5deep version[0m
4.2
[34m[1mmercurial version[0m
Mercurial Distributed SCM (version 4.2.2)
(see https://mercurial-scm.org for more information)

Copyright (C) 2005-2017 Matt Mackall and others
This is free software; see the source for copying conditions. There is NO
warranty; not even for MERCHANTABILITY or FITNESS FOR A PARTICULAR PURPOSE.
[34m[1mmysql version[0m
mysql  Ver 14.14 Distrib 5.6.33, for debian-linux-gnu (x86_64) using  EditLine wrapper
[34m[1mopenssl version[0m
OpenSSL 1.0.1f 6 Jan 2014
[34m[1mpacker version[0m
Packer v1.0.2

Your version of Packer is out of date! The latest version
is 1.1.2. You can update by downloading from www.packer.io
[34m[1mpostgresql client version[0m
psql (PostgreSQL) 9.6.6
[34m[1mragel version[0m
Ragel State Machine Compiler version 6.8 Feb 2013
Copyright (c) 2001-2009 by Adrian Thurston
[34m[1msubversion version[0m
svn, version 1.8.8 (r1568071)
   compiled Aug 10 2017, 17:20:39 on x86_64-pc-linux-gnu

Copyright (C) 2013 The Apache Software Foundation.
This software consists of contributions made by many people;
see the NOTICE file for more information.
Subversion is open source software, see http://subversion.apache.org/

The following repository access (RA) modules are available:

* ra_svn : Module for accessing a repository using the svn network protocol.
  - with Cyrus SASL authentication
  - handles 'svn' scheme
* ra_local : Module for accessing a repository on local disk.
  - handles 'file' scheme
* ra_serf : Module for accessing a repository via WebDAV protocol using serf.
  - using serf 1.3.3
  - handles 'http' scheme
  - handles 'https' scheme

[34m[1msudo version[0m
Sudo version 1.8.9p5
Configure options: --prefix=/usr -v --with-all-insults --with-pam --with-fqdn --with-logging=syslog --with-logfac=authpriv --with-env-editor --with-editor=/usr/bin/editor --with-timeout=15 --with-password-timeout=0 --with-passprompt=[sudo] password for %p:  --without-lecture --with-tty-tickets --disable-root-mailer --enable-admin-flag --with-sendmail=/usr/sbin/sendmail --with-timedir=/var/lib/sudo --mandir=/usr/share/man --libexecdir=/usr/lib/sudo --with-sssd --with-sssd-lib=/usr/lib/x86_64-linux-gnu --with-selinux
Sudoers policy plugin version 1.8.9p5
Sudoers file grammar version 43

Sudoers path: /etc/sudoers
Authentication methods: 'pam'
Syslog facility if syslog is being used for logging: authpriv
Syslog priority to use when user authenticates successfully: notice
Syslog priority to use when user authenticates unsuccessfully: alert
Send mail if the user is not in sudoers
Use a separate timestamp for each user/tty combo
Lecture user the first time they run sudo
Root may run sudo
Allow some information gathering to give useful error messages
Require fully-qualified hostnames in the sudoers file
Visudo will honor the EDITOR environment variable
Set the LOGNAME and USER environment variables
Length at which to wrap log file lines (0 for no wrap): 80
Authentication timestamp timeout: 15.0 minutes
Password prompt timeout: 0.0 minutes
Number of tries to enter a password: 3
Umask to use or 0777 to use user's: 022
Path to mail program: /usr/sbin/sendmail
Flags for mail program: -t
Address to send mail to: root
Subject line for mail messages: *** SECURITY information for %h ***
Incorrect password message: Sorry, try again.
Path to authentication timestamp dir: /var/lib/sudo
Default password prompt: [sudo] password for %p: 
Default user to run commands as: root
Value to override user's $PATH with: /usr/local/sbin:/usr/local/bin:/usr/sbin:/usr/bin:/sbin:/bin:/snap/bin
Path to the editor for use by visudo: /usr/bin/editor
When to require a password for 'list' pseudocommand: any
When to require a password for 'verify' pseudocommand: all
File descriptors >= 3 will be closed before executing a command
Environment variables to check for sanity:
	TZ
	TERM
	LINGUAS
	LC_*
	LANGUAGE
	LANG
	COLORTERM
Environment variables to remove:
	RUBYOPT
	RUBYLIB
	PYTHONUSERBASE
	PYTHONINSPECT
	PYTHONPATH
	PYTHONHOME
	TMPPREFIX
	ZDOTDIR
	READNULLCMD
	NULLCMD
	FPATH
	PERL5DB
	PERL5OPT
	PERL5LIB
	PERLLIB
	PERLIO_DEBUG 
	JAVA_TOOL_OPTIONS
	SHELLOPTS
	GLOBIGNORE
	PS4
	BASH_ENV
	ENV
	TERMCAP
	TERMPATH
	TERMINFO_DIRS
	TERMINFO
	_RLD*
	LD_*
	PATH_LOCALE
	NLSPATH
	HOSTALIASES
	RES_OPTIONS
	LOCALDOMAIN
	CDPATH
	IFS
Environment variables to preserve:
	JAVA_HOME
	TRAVIS
	CI
	DEBIAN_FRONTEND
	XAUTHORIZATION
	XAUTHORITY
	PS2
	PS1
	PATH
	LS_COLORS
	KRB5CCNAME
	HOSTNAME
	HOME
	DISPLAY
	COLORS
Locale to use while parsing sudoers: C
Directory in which to store input/output logs: /var/log/sudo-io
File in which to store the input/output log: %{seq}
Add an entry to the utmp/utmpx file when allocating a pty
PAM service name to use
PAM service name to use for login shells
Create a new PAM session for the command to run in
Maximum I/O log sequence number: 0

Local IP address and netmask pairs:
	172.17.0.2/255.255.0.0

Sudoers I/O plugin version 1.8.9p5
[34m[1mgzip version[0m
gzip 1.6
Copyright (C) 2007, 2010, 2011 Free Software Foundation, Inc.
Copyright (C) 1993 Jean-loup Gailly.
This is free software.  You may redistribute copies of it under the terms of
the GNU General Public License <http://www.gnu.org/licenses/gpl.html>.
There is NO WARRANTY, to the extent permitted by law.

Written by Jean-loup Gailly.
[34m[1mzip version[0m
Copyright (c) 1990-2008 Info-ZIP - Type 'zip "-L"' for software license.
This is Zip 3.0 (July 5th 2008), by Info-ZIP.
Currently maintained by E. Gordon.  Please send bug reports to
the authors using the web page at www.info-zip.org; see README for details.

Latest sources and executables are at ftp://ftp.info-zip.org/pub/infozip,
as of above date; see http://www.info-zip.org/ for other sites.

Compiled with gcc 4.8.2 for Unix (Linux ELF) on Oct 21 2013.

Zip special compilation options:
	USE_EF_UT_TIME       (store Universal Time)
	BZIP2_SUPPORT        (bzip2 library version 1.0.6, 6-Sept-2010)
	    bzip2 code and library copyright (c) Julian R Seward
	    (See the bzip2 license for terms of use)
	SYMLINK_SUPPORT      (symbolic links supported)
	LARGE_FILE_SUPPORT   (can read and write large files on file system)
	ZIP64_SUPPORT        (use Zip64 to store large files in archives)
	UNICODE_SUPPORT      (store and read UTF-8 Unicode paths)
	STORE_UNIX_UIDs_GIDs (store UID/GID sizes/values using new extra field)
	UIDGID_NOT_16BIT     (old Unix 16-bit UID/GID extra field not used)
	[encryption, version 2.91 of 05 Jan 2007] (modified for Zip 3)

Encryption notice:
	The encryption code of this program is not copyrighted and is
	put in the public domain.  It was originally written in Europe
	and, to the best of our knowledge, can be freely distributed
	in both source and object forms from any country, including
	the USA under License Exception TSU of the U.S. Export
	Administration Regulations (section 740.13(e)) of 6 June 2002.

Zip environment options:
             ZIP:  [none]
          ZIPOPT:  [none]
[34m[1mvim version[0m
VIM - Vi IMproved 7.4 (2013 Aug 10, compiled Nov 24 2016 16:43:18)
Included patches: 1-52
Extra patches: 8.0.0056
Modified by pkg-vim-maintainers@lists.alioth.debian.org
Compiled by buildd@
Huge version without GUI.  Features included (+) or not (-):
+acl             +farsi           +mouse_netterm   +syntax
+arabic          +file_in_path    +mouse_sgr       +tag_binary
+autocmd         +find_in_path    -mouse_sysmouse  +tag_old_static
-balloon_eval    +float           +mouse_urxvt     -tag_any_white
-browse          +folding         +mouse_xterm     -tcl
++builtin_terms  -footer          +multi_byte      +terminfo
+byte_offset     +fork()          +multi_lang      +termresponse
+cindent         +gettext         -mzscheme        +textobjects
-clientserver    -hangul_input    +netbeans_intg   +title
-clipboard       +iconv           +path_extra      -toolbar
+cmdline_compl   +insert_expand   -perl            +user_commands
+cmdline_hist    +jumplist        +persistent_undo +vertsplit
+cmdline_info    +keymap          +postscript      +virtualedit
+comments        +langmap         +printer         +visual
+conceal         +libcall         +profile         +visualextra
+cryptv          +linebreak       +python          +viminfo
+cscope          +lispindent      -python3         +vreplace
+cursorbind      +listcmds        +quickfix        +wildignore
+cursorshape     +localmap        +reltime         +wildmenu
+dialog_con      -lua             +rightleft       +windows
+diff            +menu            -ruby            +writebackup
+digraphs        +mksession       +scrollbind      -X11
-dnd             +modify_fname    +signs           -xfontset
-ebcdic          +mouse           +smartindent     -xim
+emacs_tags      -mouseshape      -sniff           -xsmp
+eval            +mouse_dec       +startuptime     -xterm_clipboard
+ex_extra        +mouse_gpm       +statusline      -xterm_save
+extra_search    -mouse_jsbterm   -sun_workshop    -xpm
   system vimrc file: "$VIM/vimrc"
     user vimrc file: "$HOME/.vimrc"
 2nd user vimrc file: "~/.vim/vimrc"
      user exrc file: "$HOME/.exrc"
  fall-back for $VIM: "/usr/share/vim"
Compilation: gcc -c -I. -Iproto -DHAVE_CONFIG_H     -g -O2 -fstack-protector --param=ssp-buffer-size=4 -Wformat -Werror=format-security -U_FORTIFY_SOURCE -D_FORTIFY_SOURCE=1      
Linking: gcc   -Wl,-Bsymbolic-functions -Wl,-z,relro -Wl,--as-needed -o vim        -lm -ltinfo -lnsl  -lselinux  -lacl -lattr -lgpm -ldl    -L/usr/lib/python2.7/config-x86_64-linux-gnu -lpython2.7 -lpthread -ldl -lutil -lm -Xlinker -export-dynamic -Wl,-O1 -Wl,-Bsymbolic-functions      
[34m[1miptables version[0m
iptables v1.4.21
[34m[1mcurl version[0m
curl 7.35.0 (x86_64-pc-linux-gnu) libcurl/7.35.0 OpenSSL/1.0.1f zlib/1.2.8 libidn/1.28 librtmp/2.3
[34m[1mwget version[0m
GNU Wget 1.15 built on linux-gnu.
[34m[1mrsync version[0m
rsync  version 3.1.0  protocol version 31
[34m[1mgimme version[0m
v1.2.0
[34m[1mnvm version[0m
0.33.6
[34m[1mperlbrew version[0m
/home/travis/perl5/perlbrew/bin/perlbrew  - App::perlbrew/0.80
[34m[1mphpenv version[0m
rbenv 1.1.1-25-g6aa70b6
[34m[1mrvm version[0m
rvm 1.29.3 (latest) by Michal Papis, Piotr Kuczynski, Wayne E. Seguin [https://rvm.io]
[34m[1mdefault ruby version[0m
ruby 2.4.1p111 (2017-03-22 revision 58053) [x86_64-linux]
[34m[1mCouchDB version[0m
couchdb 1.6.1
[34m[1mElasticSearch version[0m
5.5.0
[34m[1mInstalled Firefox version[0m
firefox 56.0.2
[34m[1mMongoDB version[0m
MongoDB 3.4.10
[34m[1mPhantomJS version[0m
2.1.1
[34m[1mPre-installed PostgreSQL versions[0m
9.2.24
9.3.20
9.4.15
9.5.10
9.6.6
[34m[1mRabbitMQ Version[0m
3.6.14
[34m[1mRedis version[0m
redis-server 4.0.6
[34m[1mriak version[0m
2.2.3
[34m[1mPre-installed Go versions[0m
1.7.4
[34m[1mant version[0m
Apache Ant(TM) version 1.9.3 compiled on April 8 2014
[34m[1mmvn version[0m
Apache Maven 3.5.2 (138edd61fd100ec658bfa2d307c43b76940a5d7d; 2017-10-18T07:58:13Z)
Maven home: /usr/local/maven-3.5.2
Java version: 1.8.0_151, vendor: Oracle Corporation
Java home: /usr/lib/jvm/java-8-oracle/jre
Default locale: en_US, platform encoding: UTF-8
OS name: "linux", version: "4.4.0-101-generic", arch: "amd64", family: "unix"
[34m[1mgradle version[0m

------------------------------------------------------------
Gradle 4.0.1
------------------------------------------------------------

Build time:   2017-07-07 14:02:41 UTC
Revision:     38e5dc0f772daecca1d2681885d3d85414eb6826

Groovy:       2.4.11
Ant:          Apache Ant(TM) version 1.9.6 compiled on June 29 2015
JVM:          1.8.0_151 (Oracle Corporation 25.151-b12)
OS:           Linux 4.4.0-101-generic amd64

[34m[1mlein version[0m
Leiningen 2.8.1 on Java 1.8.0_151 Java HotSpot(TM) 64-Bit Server VM
[34m[1mPre-installed Node.js versions[0m
v4.8.6
v6.12.0
v6.12.1
v8.9
v8.9.1
[34m[1mphpenv versions[0m
  system
  5.6
* 5.6.32 (set by /home/travis/.phpenv/version)
  7.0
  7.0.25
  7.1
  7.1.11
  hhvm
  hhvm-stable
[34m[1mcomposer --version[0m
Composer version 1.5.2 2017-09-11 16:59:25
[34m[1mPre-installed Ruby versions[0m
ruby-2.2.7
ruby-2.3.4
ruby-2.4.1
travis_fold:end:system_info[0K
W: GPG error: http://dl.google.com/linux/chrome/deb stable InRelease: The following signatures couldn't be verified because the public key is not available: NO_PUBKEY 78BD65473CB3BD13
W: The repository 'http://dl.google.com/linux/chrome/deb stable InRelease' is not signed.
W: There is no public key available for the following key IDs:
78BD65473CB3BD13  
W: GPG error: http://repo.mongodb.org/apt/ubuntu trusty/mongodb-org/3.4 Release: The following signatures were invalid: KEYEXPIRED 1515625755
W: The repository 'http://repo.mongodb.org/apt/ubuntu trusty/mongodb-org/3.4 Release' is not signed.
W: GPG error: https://packagecloud.io/basho/riak/ubuntu trusty InRelease: The following signatures couldn't be verified because the public key is not available: NO_PUBKEY 960B2B2623A0BD5D
W: The repository 'https://packagecloud.io/basho/riak/ubuntu trusty InRelease' is not signed.
W: There is no public key available for the following key IDs:
960B2B2623A0BD5D  
W: GPG error: https://packagecloud.io/github/git-lfs/ubuntu trusty InRelease: The following signatures couldn't be verified because the public key is not available: NO_PUBKEY 6B05F25D762E3157
W: The repository 'https://packagecloud.io/github/git-lfs/ubuntu trusty InRelease' is not signed.
W: There is no public key available for the following key IDs:
6B05F25D762E3157  
W: GPG error: https://packagecloud.io/rabbitmq/rabbitmq-server/ubuntu trusty InRelease: The following signatures couldn't be verified because the public key is not available: NO_PUBKEY F6609E60DC62814E
W: The repository 'https://packagecloud.io/rabbitmq/rabbitmq-server/ubuntu trusty InRelease' is not signed.
W: There is no public key available for the following key IDs:
F6609E60DC62814E  
W: http://ppa.launchpad.net/couchdb/stable/ubuntu/dists/trusty/Release.gpg: Signature by key 15866BAFD9BCC4F3C1E0DFC7D69548E1C17EAB57 uses weak digest algorithm (SHA1)
$ jdk_switcher use openjdk7
Switching to OpenJDK7 (java-1.7.0-openjdk-amd64), JAVA_HOME will be set to /usr/lib/jvm/java-7-openjdk-amd64
$ cd failed/crate/crate-jdbc
travis_fold:start:git.submodule[0Ktravis_time:start:02148bc4[0K$ git submodule update --init --recursive
Submodule path 'pg/upstream': checked out '1a64249d0e959b0a4083007ce36df1c3625be668'

travis_time:end:02148bc4:start=1602344733114668130,finish=1602344735687163013,duration=2572494883[0Ktravis_fold:end:git.submodule[0K
[33;1mSetting environment variables from .travis.yml[0m
$ export CRATE_VERSION=0.57.6

$ export TERM=dumb
travis_fold:start:cache.1[0KSetting up build cache
$ export CASHER_DIR=$HOME/.casher
travis_time:start:19f8a200[0K$ Installing caching utilities

travis_time:end:19f8a200:start=1602344737237281033,finish=1602344737392993132,duration=155712099[0Ktravis_time:start:0fb1292c[0K
travis_time:end:0fb1292c:start=1602344737411247329,finish=1602344737423361543,duration=12114214[0Ktravis_time:start:2e0c7d66[0K[32;1mattempting to download cache archive[0m

travis_time:end:2e0c7d66:start=1602344737437748976,finish=1602344738517440707,duration=1079691731[0Ktravis_time:start:0244dc9a[0K
travis_time:end:0244dc9a:start=1602344738528922429,finish=1602344738537798723,duration=8876294[0Ktravis_time:start:04705e43[0K[32;1madding /home/travis/.m2 to cache[0m

travis_time:end:04705e43:start=1602344738549607568,finish=1602344739474884312,duration=925276744[0Ktravis_fold:end:cache.1[0K$ java -Xmx32m -version
$ javac -J-Xmx32m -version
travis_fold:start:install[0Ktravis_time:start:03827045[0K$ JAVA_HOME=$(jdk_switcher home openjdk8) ./gradlew classes testClasses
Downloading https://services.gradle.org/distributions/gradle-4.0.2-bin.zip
................................................................
Unzipping /home/travis/.gradle/wrapper/dists/gradle-4.0.2-bin/be99721vbppnjuga6pbz1stgj/gradle-4.0.2-bin.zip to /home/travis/.gradle/wrapper/dists/gradle-4.0.2-bin/be99721vbppnjuga6pbz1stgj
Set executable permissions for: /home/travis/.gradle/wrapper/dists/gradle-4.0.2-bin/be99721vbppnjuga6pbz1stgj/gradle-4.0.2/bin/gradle
Starting a Gradle Daemon (subsequent builds will be faster)
Download https://jcenter.bintray.com/com/github/jengelman/gradle/plugins/shadow/1.2.3/shadow-1.2.3.pom
Download https://jcenter.bintray.com/org/ow2/asm/asm/5.0.3/asm-5.0.3.pom
Download https://jcenter.bintray.com/org/ow2/asm/asm-parent/5.0.3/asm-parent-5.0.3.pom
Download https://jcenter.bintray.com/org/apache/ant/ant/1.9.4/ant-1.9.4.pom
Download https://jcenter.bintray.com/commons-io/commons-io/2.4/commons-io-2.4.pom
Download https://jcenter.bintray.com/org/ow2/ow2/1.3/ow2-1.3.pom
Download https://jcenter.bintray.com/org/ow2/asm/asm-commons/5.0.3/asm-commons-5.0.3.pom
Download https://jcenter.bintray.com/org/codehaus/plexus/plexus-utils/2.0.6/plexus-utils-2.0.6.pom
Download https://jcenter.bintray.com/org/codehaus/groovy/groovy-backports-compat23/2.4.4/groovy-backports-compat23-2.4.4.pom
Download https://jcenter.bintray.com/org/jdom/jdom2/2.0.5/jdom2-2.0.5.pom
Download https://jcenter.bintray.com/org/apache/commons/commons-parent/25/commons-parent-25.pom
Download https://jcenter.bintray.com/org/apache/ant/ant-parent/1.9.4/ant-parent-1.9.4.pom
Download https://jcenter.bintray.com/org/codehaus/plexus/plexus/2.0.7/plexus-2.0.7.pom
Download https://jcenter.bintray.com/org/apache/apache/9/apache-9.pom
Download https://jcenter.bintray.com/org/ow2/asm/asm-tree/5.0.3/asm-tree-5.0.3.pom
Download https://jcenter.bintray.com/org/apache/ant/ant-launcher/1.9.4/ant-launcher-1.9.4.pom
Download https://jcenter.bintray.com/commons-io/commons-io/2.4/commons-io-2.4.jar
Download https://jcenter.bintray.com/org/ow2/asm/asm-tree/5.0.3/asm-tree-5.0.3.jar
Download https://jcenter.bintray.com/org/codehaus/groovy/groovy-backports-compat23/2.4.4/groovy-backports-compat23-2.4.4.jar
Download https://jcenter.bintray.com/org/ow2/asm/asm/5.0.3/asm-5.0.3.jar
Download https://jcenter.bintray.com/org/apache/ant/ant-launcher/1.9.4/ant-launcher-1.9.4.jar
Download https://jcenter.bintray.com/org/ow2/asm/asm-commons/5.0.3/asm-commons-5.0.3.jar
Download https://jcenter.bintray.com/org/codehaus/plexus/plexus-utils/2.0.6/plexus-utils-2.0.6.jar
Download https://jcenter.bintray.com/org/apache/ant/ant/1.9.4/ant-1.9.4.jar
Download https://jcenter.bintray.com/org/jdom/jdom2/2.0.5/jdom2-2.0.5.jar
Download https://jcenter.bintray.com/com/github/jengelman/gradle/plugins/shadow/1.2.3/shadow-1.2.3.jar
:pg:preprocessJava
Download https://repo1.maven.org/maven2/com/igormaznitsa/jcp/6.0.1/jcp-6.0.1.pom
Download https://repo1.maven.org/maven2/org/apache/maven/maven-plugin-api/3.0.3/maven-plugin-api-3.0.3.pom
Download https://repo1.maven.org/maven2/org/apache/ant/ant/1.8.2/ant-1.8.2.pom
Download https://repo1.maven.org/maven2/org/apache/maven/maven-core/3.0.3/maven-core-3.0.3.pom
Download https://repo1.maven.org/maven2/org/apache/maven/shared/file-management/1.2.1/file-management-1.2.1.pom
Download https://repo1.maven.org/maven2/org/apache/maven/shared/maven-shared-components/10/maven-shared-components-10.pom
Download https://repo1.maven.org/maven2/org/apache/maven/maven/3.0.3/maven-3.0.3.pom
Download https://repo1.maven.org/maven2/org/apache/ant/ant-parent/1.8.2/ant-parent-1.8.2.pom
Download https://repo1.maven.org/maven2/org/apache/maven/maven-parent/15/maven-parent-15.pom
Download https://repo1.maven.org/maven2/org/apache/maven/maven-parent/9/maven-parent-9.pom
Download https://repo1.maven.org/maven2/org/apache/apache/6/apache-6.pom
Download https://repo1.maven.org/maven2/org/apache/apache/4/apache-4.pom
Download https://repo1.maven.org/maven2/org/sonatype/sisu/sisu-inject-plexus/2.1.1/sisu-inject-plexus-2.1.1.pom
Download https://repo1.maven.org/maven2/org/apache/maven/maven-model/3.0.3/maven-model-3.0.3.pom
Download https://repo1.maven.org/maven2/org/apache/maven/maven-artifact/3.0.3/maven-artifact-3.0.3.pom
Download https://repo1.maven.org/maven2/org/sonatype/sisu/inject/guice-plexus/2.1.1/guice-plexus-2.1.1.pom
Download https://repo1.maven.org/maven2/org/sonatype/sisu/inject/guice-bean/2.1.1/guice-bean-2.1.1.pom
Download https://repo1.maven.org/maven2/org/sonatype/sisu/sisu-inject/2.1.1/sisu-inject-2.1.1.pom
Download https://repo1.maven.org/maven2/org/sonatype/sisu/sisu-parent/2.1.1/sisu-parent-2.1.1.pom
Download https://repo1.maven.org/maven2/org/sonatype/forge/forge-parent/7/forge-parent-7.pom
Download https://repo1.maven.org/maven2/org/apache/maven/maven-settings/3.0.3/maven-settings-3.0.3.pom
Download https://repo1.maven.org/maven2/org/codehaus/plexus/plexus-interpolation/1.14/plexus-interpolation-1.14.pom
Download https://repo1.maven.org/maven2/org/apache/maven/maven-settings-builder/3.0.3/maven-settings-builder-3.0.3.pom
Download https://repo1.maven.org/maven2/org/apache/maven/maven-repository-metadata/3.0.3/maven-repository-metadata-3.0.3.pom
Download https://repo1.maven.org/maven2/org/codehaus/plexus/plexus-component-annotations/1.5.5/plexus-component-annotations-1.5.5.pom
Download https://repo1.maven.org/maven2/org/sonatype/aether/aether-util/1.11/aether-util-1.11.pom
Download https://repo1.maven.org/maven2/org/sonatype/aether/aether-api/1.11/aether-api-1.11.pom
Download https://repo1.maven.org/maven2/org/sonatype/aether/aether-impl/1.11/aether-impl-1.11.pom
Download https://repo1.maven.org/maven2/org/sonatype/plexus/plexus-sec-dispatcher/1.3/plexus-sec-dispatcher-1.3.pom
Download https://repo1.maven.org/maven2/org/codehaus/plexus/plexus-classworlds/2.4/plexus-classworlds-2.4.pom
Download https://repo1.maven.org/maven2/org/apache/maven/maven-aether-provider/3.0.3/maven-aether-provider-3.0.3.pom
Download https://repo1.maven.org/maven2/org/codehaus/plexus/plexus-components/1.1.18/plexus-components-1.1.18.pom
Download https://repo1.maven.org/maven2/org/apache/maven/maven-model-builder/3.0.3/maven-model-builder-3.0.3.pom
Download https://repo1.maven.org/maven2/org/sonatype/aether/aether-parent/1.11/aether-parent-1.11.pom
Download https://repo1.maven.org/maven2/org/codehaus/plexus/plexus-containers/1.5.5/plexus-containers-1.5.5.pom
Download https://repo1.maven.org/maven2/org/sonatype/forge/forge-parent/6/forge-parent-6.pom
Download https://repo1.maven.org/maven2/org/sonatype/spice/spice-parent/12/spice-parent-12.pom
Download https://repo1.maven.org/maven2/org/sonatype/forge/forge-parent/4/forge-parent-4.pom
Download https://repo1.maven.org/maven2/org/apache/ant/ant-launcher/1.8.2/ant-launcher-1.8.2.pom
Download https://repo1.maven.org/maven2/org/codehaus/plexus/plexus-container-default/1.0-alpha-9/plexus-container-default-1.0-alpha-9.pom
Download https://repo1.maven.org/maven2/org/apache/maven/shared/maven-shared-io/1.1/maven-shared-io-1.1.pom
Download https://repo1.maven.org/maven2/org/codehaus/plexus/plexus-containers/1.0.3/plexus-containers-1.0.3.pom
Download https://repo1.maven.org/maven2/org/apache/maven/shared/maven-shared-components/8/maven-shared-components-8.pom
Download https://repo1.maven.org/maven2/org/apache/maven/maven-parent/7/maven-parent-7.pom
Download https://repo1.maven.org/maven2/org/codehaus/plexus/plexus/1.0.4/plexus-1.0.4.pom
Download https://repo1.maven.org/maven2/org/sonatype/sisu/sisu-inject-bean/2.1.1/sisu-inject-bean-2.1.1.pom
Download https://repo1.maven.org/maven2/org/sonatype/aether/aether-spi/1.11/aether-spi-1.11.pom
Download https://repo1.maven.org/maven2/org/sonatype/plexus/plexus-cipher/1.4/plexus-cipher-1.4.pom
Download https://repo1.maven.org/maven2/org/apache/maven/maven-artifact-manager/2.0.2/maven-artifact-manager-2.0.2.pom
Download https://repo1.maven.org/maven2/org/apache/maven/wagon/wagon-provider-api/1.0-alpha-6/wagon-provider-api-1.0-alpha-6.pom
Download https://repo1.maven.org/maven2/org/apache/maven/wagon/wagon/1.0-alpha-6/wagon-1.0-alpha-6.pom
Download https://repo1.maven.org/maven2/org/apache/maven/maven/2.0.2/maven-2.0.2.pom
Download https://repo1.maven.org/maven2/junit/junit/3.8.1/junit-3.8.1.pom
Download https://repo1.maven.org/maven2/classworlds/classworlds/1.1-alpha-2/classworlds-1.1-alpha-2.pom
Download https://repo1.maven.org/maven2/org/sonatype/sisu/sisu-guice/2.9.4/sisu-guice-2.9.4.pom
Download https://repo1.maven.org/maven2/org/sonatype/sisu/inject/guice-parent/2.9.4/guice-parent-2.9.4.pom
Download https://repo1.maven.org/maven2/org/apache/maven/shared/file-management/1.2.1/file-management-1.2.1.jar
Download https://repo1.maven.org/maven2/org/apache/maven/maven-core/3.0.3/maven-core-3.0.3.jar
Download https://repo1.maven.org/maven2/org/apache/maven/maven-artifact-manager/2.0.2/maven-artifact-manager-2.0.2.jar
Download https://repo1.maven.org/maven2/org/apache/maven/maven-model-builder/3.0.3/maven-model-builder-3.0.3.jar
Download https://repo1.maven.org/maven2/com/igormaznitsa/jcp/6.0.1/jcp-6.0.1.jar
Download https://repo1.maven.org/maven2/org/apache/maven/maven-aether-provider/3.0.3/maven-aether-provider-3.0.3.jar
Download https://repo1.maven.org/maven2/org/apache/maven/shared/maven-shared-io/1.1/maven-shared-io-1.1.jar
Download https://repo1.maven.org/maven2/org/apache/maven/maven-plugin-api/3.0.3/maven-plugin-api-3.0.3.jar
Download https://repo1.maven.org/maven2/org/apache/maven/maven-artifact/3.0.3/maven-artifact-3.0.3.jar
Download https://repo1.maven.org/maven2/org/apache/maven/maven-settings-builder/3.0.3/maven-settings-builder-3.0.3.jar
Download https://repo1.maven.org/maven2/org/apache/maven/maven-model/3.0.3/maven-model-3.0.3.jar
Download https://repo1.maven.org/maven2/org/apache/maven/maven-repository-metadata/3.0.3/maven-repository-metadata-3.0.3.jar
Download https://repo1.maven.org/maven2/org/apache/ant/ant/1.8.2/ant-1.8.2.jar
Download https://repo1.maven.org/maven2/org/codehaus/plexus/plexus-interpolation/1.14/plexus-interpolation-1.14.jar
Download https://repo1.maven.org/maven2/junit/junit/3.8.1/junit-3.8.1.jar
Download https://repo1.maven.org/maven2/classworlds/classworlds/1.1-alpha-2/classworlds-1.1-alpha-2.jar
Download https://repo1.maven.org/maven2/org/sonatype/aether/aether-spi/1.11/aether-spi-1.11.jar
Download https://repo1.maven.org/maven2/org/apache/maven/maven-settings/3.0.3/maven-settings-3.0.3.jar
Download https://repo1.maven.org/maven2/org/sonatype/sisu/sisu-inject-plexus/2.1.1/sisu-inject-plexus-2.1.1.jar
Download https://repo1.maven.org/maven2/org/apache/ant/ant-launcher/1.8.2/ant-launcher-1.8.2.jar
Download https://repo1.maven.org/maven2/org/sonatype/aether/aether-util/1.11/aether-util-1.11.jar
Download https://repo1.maven.org/maven2/org/sonatype/sisu/sisu-inject-bean/2.1.1/sisu-inject-bean-2.1.1.jar
Download https://repo1.maven.org/maven2/org/sonatype/aether/aether-api/1.11/aether-api-1.11.jar
Download https://repo1.maven.org/maven2/org/sonatype/aether/aether-impl/1.11/aether-impl-1.11.jar
Download https://repo1.maven.org/maven2/org/codehaus/plexus/plexus-container-default/1.0-alpha-9/plexus-container-default-1.0-alpha-9.jar
Download https://repo1.maven.org/maven2/org/codehaus/plexus/plexus-classworlds/2.4/plexus-classworlds-2.4.jar
Download https://repo1.maven.org/maven2/org/apache/maven/wagon/wagon-provider-api/1.0-alpha-6/wagon-provider-api-1.0-alpha-6.jar
Download https://repo1.maven.org/maven2/org/codehaus/plexus/plexus-component-annotations/1.5.5/plexus-component-annotations-1.5.5.jar
Download https://repo1.maven.org/maven2/org/sonatype/plexus/plexus-cipher/1.4/plexus-cipher-1.4.jar
Download https://repo1.maven.org/maven2/org/sonatype/sisu/sisu-guice/2.9.4/sisu-guice-2.9.4-no_aop.jar
Download https://repo1.maven.org/maven2/org/sonatype/plexus/plexus-sec-dispatcher/1.3/plexus-sec-dispatcher-1.3.jar
Preproces: upstream/pgjdbc/src/main/java -> /home/travis/build/failed/crate/crate-jdbc/pg/build/jcp/main/java
Preproces: upstream/pgjdbc/src/main/resources -> /home/travis/build/failed/crate/crate-jdbc/pg/build/jcp/main/resources
:pg:compileJava
Download https://repo1.maven.org/maven2/net/java/dev/jna/jna-platform/4.2.1/jna-platform-4.2.1.pom
Download https://repo1.maven.org/maven2/org/osgi/org.osgi.enterprise/4.2.0/org.osgi.enterprise-4.2.0.pom
Download https://repo1.maven.org/maven2/org/osgi/org.osgi.core/4.3.1/org.osgi.core-4.3.1.pom
Download https://repo1.maven.org/maven2/net/java/dev/jna/jna/4.2.1/jna-4.2.1.pom
Download https://repo1.maven.org/maven2/org/slf4j/jcl-over-slf4j/1.7.12/jcl-over-slf4j-1.7.12.pom
Download https://repo1.maven.org/maven2/com/fasterxml/jackson/core/jackson-databind/2.5.3/jackson-databind-2.5.3.pom
Download https://repo1.maven.org/maven2/com/github/dblock/waffle/waffle-jna/1.7.5/waffle-jna-1.7.5.pom
Download https://repo1.maven.org/maven2/org/slf4j/slf4j-parent/1.7.12/slf4j-parent-1.7.12.pom
Download https://repo1.maven.org/maven2/com/fasterxml/jackson/jackson-parent/2.5.1/jackson-parent-2.5.1.pom
Download https://repo1.maven.org/maven2/com/fasterxml/oss-parent/19/oss-parent-19.pom
Download https://repo1.maven.org/maven2/com/github/dblock/waffle/waffle-parent/1.7.5/waffle-parent-1.7.5.pom
Download https://repo1.maven.org/maven2/com/google/guava/guava/18.0/guava-18.0.pom
Download https://repo1.maven.org/maven2/org/slf4j/slf4j-api/1.7.12/slf4j-api-1.7.12.pom
Download https://repo1.maven.org/maven2/com/google/guava/guava-parent/18.0/guava-parent-18.0.pom
Download https://repo1.maven.org/maven2/org/sonatype/oss/oss-parent/7/oss-parent-7.pom
Download https://repo1.maven.org/maven2/com/fasterxml/jackson/core/jackson-core/2.5.3/jackson-core-2.5.3.pom
Download https://repo1.maven.org/maven2/com/fasterxml/jackson/core/jackson-annotations/2.5.0/jackson-annotations-2.5.0.pom
Download https://repo1.maven.org/maven2/com/fasterxml/jackson/jackson-parent/2.5/jackson-parent-2.5.pom
Download https://repo1.maven.org/maven2/com/fasterxml/oss-parent/18/oss-parent-18.pom
Download https://repo1.maven.org/maven2/org/slf4j/jcl-over-slf4j/1.7.12/jcl-over-slf4j-1.7.12.jar
Download https://repo1.maven.org/maven2/org/osgi/org.osgi.core/4.3.1/org.osgi.core-4.3.1.jar
Download https://repo1.maven.org/maven2/net/java/dev/jna/jna/4.2.1/jna-4.2.1.jar
Download https://repo1.maven.org/maven2/org/slf4j/slf4j-api/1.7.12/slf4j-api-1.7.12.jar
Download https://repo1.maven.org/maven2/net/java/dev/jna/jna-platform/4.2.1/jna-platform-4.2.1.jar
Download https://repo1.maven.org/maven2/com/fasterxml/jackson/core/jackson-annotations/2.5.0/jackson-annotations-2.5.0.jar
Download https://repo1.maven.org/maven2/com/fasterxml/jackson/core/jackson-core/2.5.3/jackson-core-2.5.3.jar
Download https://repo1.maven.org/maven2/com/google/guava/guava/18.0/guava-18.0.jar
Download https://repo1.maven.org/maven2/org/osgi/org.osgi.enterprise/4.2.0/org.osgi.enterprise-4.2.0.jar
Download https://repo1.maven.org/maven2/com/github/dblock/waffle/waffle-jna/1.7.5/waffle-jna-1.7.5.jar
Download https://repo1.maven.org/maven2/com/fasterxml/jackson/core/jackson-databind/2.5.3/jackson-databind-2.5.3.jar
:pg:processResources
:pg:classes
:pg:jar
:compileJava
:processResources
:classes
:compileTestJava
Download https://repo1.maven.org/maven2/junit/junit/4.12/junit-4.12.pom
Download https://repo1.maven.org/maven2/org/hamcrest/hamcrest-all/1.3/hamcrest-all-1.3.pom
Download https://repo1.maven.org/maven2/org/hamcrest/hamcrest-parent/1.3/hamcrest-parent-1.3.pom
Download https://repo1.maven.org/maven2/com/carrotsearch/randomizedtesting/randomizedtesting-runner/2.1.11/randomizedtesting-runner-2.1.11.pom
Download https://repo1.maven.org/maven2/org/mockito/mockito-core/2.2.3/mockito-core-2.2.3.pom
Download https://repo1.maven.org/maven2/com/carrotsearch/randomizedtesting/randomizedtesting-parent/2.1.11/randomizedtesting-parent-2.1.11.pom
Download https://repo1.maven.org/maven2/org/sonatype/oss/oss-parent/9/oss-parent-9.pom
Download https://jcenter.bintray.com/io/crate/crate-testing/0.6.1/crate-testing-0.6.1.pom
Download https://repo1.maven.org/maven2/com/google/code/gson/gson/1.7.2/gson-1.7.2.pom
Download https://repo1.maven.org/maven2/org/sonatype/oss/oss-parent/5/oss-parent-5.pom
Download https://repo1.maven.org/maven2/org/apache/commons/commons-compress/1.2/commons-compress-1.2.pom
Download https://repo1.maven.org/maven2/org/apache/commons/commons-parent/20/commons-parent-20.pom
Download https://repo1.maven.org/maven2/org/objenesis/objenesis/2.4/objenesis-2.4.pom
Download https://repo1.maven.org/maven2/net/bytebuddy/byte-buddy/1.4.26/byte-buddy-1.4.26.pom
Download https://repo1.maven.org/maven2/net/bytebuddy/byte-buddy-agent/1.4.26/byte-buddy-agent-1.4.26.pom
Download https://repo1.maven.org/maven2/org/objenesis/objenesis-parent/2.4/objenesis-parent-2.4.pom
Download https://repo1.maven.org/maven2/net/bytebuddy/byte-buddy-parent/1.4.26/byte-buddy-parent-1.4.26.pom
Download https://repo1.maven.org/maven2/org/hamcrest/hamcrest-core/1.3/hamcrest-core-1.3.pom
Download https://repo1.maven.org/maven2/net/bytebuddy/byte-buddy/1.4.26/byte-buddy-1.4.26.jar
Download https://repo1.maven.org/maven2/org/hamcrest/hamcrest-core/1.3/hamcrest-core-1.3.jar
Download https://repo1.maven.org/maven2/junit/junit/4.12/junit-4.12.jar
Download https://repo1.maven.org/maven2/org/hamcrest/hamcrest-all/1.3/hamcrest-all-1.3.jar
Download https://repo1.maven.org/maven2/net/bytebuddy/byte-buddy-agent/1.4.26/byte-buddy-agent-1.4.26.jar
Download https://repo1.maven.org/maven2/com/google/code/gson/gson/1.7.2/gson-1.7.2.jar
Download https://repo1.maven.org/maven2/org/objenesis/objenesis/2.4/objenesis-2.4.jar
Download https://repo1.maven.org/maven2/com/carrotsearch/randomizedtesting/randomizedtesting-runner/2.1.11/randomizedtesting-runner-2.1.11.jar
Download https://repo1.maven.org/maven2/org/apache/commons/commons-compress/1.2/commons-compress-1.2.jar
Download https://jcenter.bintray.com/io/crate/crate-testing/0.6.1/crate-testing-0.6.1.jar
Download https://repo1.maven.org/maven2/org/mockito/mockito-core/2.2.3/mockito-core-2.2.3.jar
:processTestResources NO-SOURCE
:testClasses
:pg:compileTestJava NO-SOURCE
:pg:processTestResources NO-SOURCE
:pg:testClasses UP-TO-DATE

BUILD SUCCESSFUL in 44s
7 actionable tasks: 7 executed

travis_time:end:03827045:start=1602344742386596550,finish=1602344787783392341,duration=45396795791[0Ktravis_fold:end:install[0Ktravis_time:start:2002e1d8[0K$ ./gradlew test -s
Starting a Gradle Daemon, 1 incompatible Daemon could not be reused, use --status for details
:pg:preprocessJava
Preproces: upstream/pgjdbc/src/main/java -> /home/travis/build/failed/crate/crate-jdbc/pg/build/jcp/main/java
Preproces: upstream/pgjdbc/src/main/resources -> /home/travis/build/failed/crate/crate-jdbc/pg/build/jcp/main/resources
:pg:compileJava
:pg:processResources UP-TO-DATE
:pg:classes
:pg:jar UP-TO-DATE
:compileJava
:processResources UP-TO-DATE
:classes
:compileTestJava
:processTestResources NO-SOURCE
:testClasses
:test

io.crate.client.jdbc.integrationtests.CrateJDBCByPassSpecSettingTest STANDARD_OUT
    Downloading Crate VERSION[0.57.6] to: /tmp/crate.testing/downloads/crate-0.57.6.tar.gz.part-09c41eed-6141-4cde-899c-1828ff302abe
    Starting crate server process...
[2020-10-10 15:46:58,195][WARN ][bootstrap                ] unable to install syscall filter: seccomp unavailable: your kernel is buggy and you should upgrade
[2020-10-10 15:46:58,456][INFO ][node                     ] [Hochmatt] version[2.4.2], pid[2948], build[${build/NA]
[2020-10-10 15:46:58,456][INFO ][node                     ] [Hochmatt] initializing ...
[2020-10-10 15:46:58,769][INFO ][io.crate.plugin          ] [Hochmatt] plugins loaded: [crate-sigar] 
[2020-10-10 15:46:59,612][INFO ][plugins                  ] [Hochmatt] modules [], plugins [blob, udc, crate-azure-discovery, crate-core, repository-hdfs, discovery-multicast, crate-admin-ui, cloud-aws, crate, discovery-srv, admin-ui], sites [crate-admin-ui]
[2020-10-10 15:46:59,638][INFO ][env                      ] [Hochmatt] using [1] data paths, mounts [[/ (overlay)]], net usable_space [86.1tb], net total_space [90.9tb], spins? [possibly], types [overlay]
[2020-10-10 15:46:59,638][INFO ][env                      ] [Hochmatt] heap size [1.9gb], compressed ordinary object pointers [true]
[2020-10-10 15:46:59,638][WARN ][env                      ] [Hochmatt] max file descriptors [30000] for elasticsearch process likely too low, consider increasing to at least [65536]
[2020-10-10 15:46:59,903][INFO ][http                     ] [Hochmatt] Using [io.crate.http.netty.CrateNettyHttpServerTransport] as http transport, overridden by [crate]
[2020-10-10 15:46:59,914][INFO ][plugin.hadoop.hdfs       ] Loaded Hadoop [Unknown] libraries from file:/tmp/crate.testing/working/crate-0.57.6_09c41eed-6141-4cde-899c-1828ff302abe/plugins/elasticsearch-repository-hdfs/
[2020-10-10 15:46:59,968][INFO ][io.crate.module          ] [Hochmatt] configuring crate. version: 0.57.6
[2020-10-10 15:47:00,184][INFO ][io.crate.module          ] [Hochmatt] configuring crate. version: 0.57.6
[2020-10-10 15:47:01,634][INFO ][io.crate.operation.reference.sys.cluster.ClusterSettingsExpression$ApplySettings] updating [psql.port] from [5432-5532] to [5471]
[2020-10-10 15:47:02,506][INFO ][io.crate.rest            ] [Hochmatt] Elasticsearch HTTP REST API not enabled
[2020-10-10 15:47:02,588][INFO ][node                     ] [Hochmatt] initialized
[2020-10-10 15:47:02,588][INFO ][node                     ] [Hochmatt] starting ...
[2020-10-10 15:47:02,759][INFO ][psql                     ] [Hochmatt] publish_address {127.0.0.1:5471}, bound_addresses {127.0.0.1:5471}
[2020-10-10 15:47:02,759][INFO ][io.crate.blob.BlobService] [Hochmatt] BlobService.doStart() io.crate.blob.BlobService@65bc3a1
[2020-10-10 15:47:06,162][INFO ][http                     ] [Hochmatt] publish_address {127.0.0.1:4584}, bound_addresses {127.0.0.1:4584}
[2020-10-10 15:47:06,206][INFO ][transport                ] [Hochmatt] publish_address {127.0.0.1:4299}, bound_addresses {127.0.0.1:4299}
[2020-10-10 15:47:06,260][INFO ][discovery                ] [Hochmatt] TestingCluster/fCBr9XEkQAeMBFAQ4jM9pA
    Stopping crate server process...
[2020-10-10 15:47:07,135][INFO ][node                     ] [Hochmatt] stopping ...
[2020-10-10 15:47:07,197][INFO ][node                     ] [Hochmatt] stopped
[2020-10-10 15:47:07,198][INFO ][node                     ] [Hochmatt] closing ...
[2020-10-10 15:47:07,206][INFO ][node                     ] [Hochmatt] closed

io.crate.client.jdbc.integrationtests.CrateJDBCConnectionTest STANDARD_OUT
    No need to download crate. Already downloaded VERSION[0.57.6] to: /tmp/crate.testing/downloads/crate-0.57.6.tar.gz
    Starting crate server process...
[2020-10-10 15:47:08,546][WARN ][bootstrap                ] unable to install syscall filter: seccomp unavailable: your kernel is buggy and you should upgrade
[2020-10-10 15:47:08,754][INFO ][node                     ] [Cima dei Preti] version[2.4.2], pid[3293], build[${build/NA]
[2020-10-10 15:47:08,754][INFO ][node                     ] [Cima dei Preti] initializing ...
[2020-10-10 15:47:09,023][INFO ][io.crate.plugin          ] [Cima dei Preti] plugins loaded: [crate-sigar] 
[2020-10-10 15:47:09,812][INFO ][plugins                  ] [Cima dei Preti] modules [], plugins [blob, udc, crate-azure-discovery, crate-core, repository-hdfs, discovery-multicast, crate-admin-ui, cloud-aws, crate, discovery-srv, admin-ui], sites [crate-admin-ui]
[2020-10-10 15:47:09,835][INFO ][env                      ] [Cima dei Preti] using [1] data paths, mounts [[/ (overlay)]], net usable_space [86.1tb], net total_space [90.9tb], spins? [possibly], types [overlay]
[2020-10-10 15:47:09,835][INFO ][env                      ] [Cima dei Preti] heap size [1.9gb], compressed ordinary object pointers [true]
[2020-10-10 15:47:09,835][WARN ][env                      ] [Cima dei Preti] max file descriptors [30000] for elasticsearch process likely too low, consider increasing to at least [65536]
[2020-10-10 15:47:10,078][INFO ][http                     ] [Cima dei Preti] Using [io.crate.http.netty.CrateNettyHttpServerTransport] as http transport, overridden by [crate]
[2020-10-10 15:47:10,090][INFO ][plugin.hadoop.hdfs       ] Loaded Hadoop [Unknown] libraries from file:/tmp/crate.testing/working/crate-0.57.6_ff32f122-a68d-485b-b204-21ac1fa9afdc/plugins/elasticsearch-repository-hdfs/
[2020-10-10 15:47:10,142][INFO ][io.crate.module          ] [Cima dei Preti] configuring crate. version: 0.57.6
[2020-10-10 15:47:10,355][INFO ][io.crate.module          ] [Cima dei Preti] configuring crate. version: 0.57.6
[2020-10-10 15:47:11,814][INFO ][io.crate.operation.reference.sys.cluster.ClusterSettingsExpression$ApplySettings] updating [psql.port] from [5432-5532] to [5509]
[2020-10-10 15:47:12,601][INFO ][io.crate.rest            ] [Cima dei Preti] Elasticsearch HTTP REST API not enabled
[2020-10-10 15:47:12,666][INFO ][node                     ] [Cima dei Preti] initialized
[2020-10-10 15:47:12,666][INFO ][node                     ] [Cima dei Preti] starting ...
[2020-10-10 15:47:12,867][INFO ][psql                     ] [Cima dei Preti] publish_address {127.0.0.1:5509}, bound_addresses {127.0.0.1:5509}
[2020-10-10 15:47:12,867][INFO ][io.crate.blob.BlobService] [Cima dei Preti] BlobService.doStart() io.crate.blob.BlobService@1a866954
[2020-10-10 15:47:12,921][INFO ][http                     ] [Cima dei Preti] publish_address {127.0.0.1:4567}, bound_addresses {127.0.0.1:4567}
[2020-10-10 15:47:12,976][INFO ][transport                ] [Cima dei Preti] publish_address {127.0.0.1:4272}, bound_addresses {127.0.0.1:4272}
[2020-10-10 15:47:12,983][INFO ][discovery                ] [Cima dei Preti] TestingCluster/aX3D_VUWRPK8vx47OSEywg
[2020-10-10 15:47:13,707][DEBUG][action.admin.indices.create] [Cima dei Preti] no known master node, scheduling a retry
[2020-10-10 15:47:16,020][INFO ][cluster.service          ] [Cima dei Preti] new_master {Cima dei Preti}{aX3D_VUWRPK8vx47OSEywg}{127.0.0.1}{127.0.0.1:4272}{http_address=127.0.0.1:4567, info.extended.type=sigar}, reason: zen-disco-join(elected_as_master, [0] joins received)
[2020-10-10 15:47:16,025][INFO ][node                     ] [Cima dei Preti] started
[2020-10-10 15:47:16,069][INFO ][gateway                  ] [Cima dei Preti] recovered [0] indices into cluster_state
[2020-10-10 15:47:16,294][INFO ][cluster.metadata         ] [Cima dei Preti] [test] creating index, cause [api], templates [], shards [1]/[0], mappings [default]
[2020-10-10 15:47:16,542][INFO ][cluster.routing.allocation] [Cima dei Preti] Cluster health status changed from [RED] to [GREEN] (reason: [shards started [[test][0]] ...]).
[2020-10-10 15:47:16,978][DEBUG][action.bulk              ] create new coordinator for node aX3D_VUWRPK8vx47OSEywg and shard [test][0]

io.crate.client.jdbc.integrationtests.CrateJDBCConnectionTest > testExecuteBatchPreparedStatementFailBulkTypes FAILED
    java.lang.AssertionError at CrateJDBCConnectionTest.java:284

io.crate.client.jdbc.integrationtests.CrateJDBCConnectionTest STANDARD_OUT
    Stopping crate server process...
[2020-10-10 15:47:19,682][INFO ][node                     ] [Cima dei Preti] stopping ...
[2020-10-10 15:47:19,766][INFO ][node                     ] [Cima dei Preti] stopped
[2020-10-10 15:47:19,766][INFO ][node                     ] [Cima dei Preti] closing ...
[2020-10-10 15:47:19,776][INFO ][node                     ] [Cima dei Preti] closed

io.crate.client.jdbc.integrationtests.CrateJDBCDriverTest STANDARD_OUT
    No need to download crate. Already downloaded VERSION[0.57.6] to: /tmp/crate.testing/downloads/crate-0.57.6.tar.gz
    Starting crate server process...
[2020-10-10 15:47:21,010][WARN ][bootstrap                ] unable to install syscall filter: seccomp unavailable: your kernel is buggy and you should upgrade
[2020-10-10 15:47:21,188][INFO ][node                     ] [Piz Miez] version[2.4.2], pid[3670], build[${build/NA]
[2020-10-10 15:47:21,189][INFO ][node                     ] [Piz Miez] initializing ...
[2020-10-10 15:47:21,413][INFO ][io.crate.plugin          ] [Piz Miez] plugins loaded: [crate-sigar] 
[2020-10-10 15:47:22,173][INFO ][plugins                  ] [Piz Miez] modules [], plugins [blob, udc, crate-azure-discovery, crate-core, repository-hdfs, discovery-multicast, crate-admin-ui, cloud-aws, crate, discovery-srv, admin-ui], sites [crate-admin-ui]
[2020-10-10 15:47:22,201][INFO ][env                      ] [Piz Miez] using [1] data paths, mounts [[/ (overlay)]], net usable_space [86.1tb], net total_space [90.9tb], spins? [possibly], types [overlay]
[2020-10-10 15:47:22,201][INFO ][env                      ] [Piz Miez] heap size [1.9gb], compressed ordinary object pointers [true]
[2020-10-10 15:47:22,201][WARN ][env                      ] [Piz Miez] max file descriptors [30000] for elasticsearch process likely too low, consider increasing to at least [65536]
[2020-10-10 15:47:22,471][INFO ][http                     ] [Piz Miez] Using [io.crate.http.netty.CrateNettyHttpServerTransport] as http transport, overridden by [crate]
[2020-10-10 15:47:22,484][INFO ][plugin.hadoop.hdfs       ] Loaded Hadoop [Unknown] libraries from file:/tmp/crate.testing/working/crate-0.57.6_889a71e5-beba-4302-b247-67b173e93327/plugins/elasticsearch-repository-hdfs/
[2020-10-10 15:47:22,551][INFO ][io.crate.module          ] [Piz Miez] configuring crate. version: 0.57.6
[2020-10-10 15:47:22,775][INFO ][io.crate.module          ] [Piz Miez] configuring crate. version: 0.57.6
[2020-10-10 15:47:24,425][INFO ][io.crate.operation.reference.sys.cluster.ClusterSettingsExpression$ApplySettings] updating [psql.port] from [5432-5532] to [5464]
[2020-10-10 15:47:25,238][INFO ][io.crate.rest            ] [Piz Miez] Elasticsearch HTTP REST API not enabled
[2020-10-10 15:47:25,323][INFO ][node                     ] [Piz Miez] initialized
[2020-10-10 15:47:25,324][INFO ][node                     ] [Piz Miez] starting ...
[2020-10-10 15:47:25,526][INFO ][psql                     ] [Piz Miez] publish_address {127.0.0.1:5464}, bound_addresses {127.0.0.1:5464}
[2020-10-10 15:47:25,526][INFO ][io.crate.blob.BlobService] [Piz Miez] BlobService.doStart() io.crate.blob.BlobService@39ca8323
[2020-10-10 15:47:25,579][INFO ][http                     ] [Piz Miez] publish_address {127.0.0.1:4505}, bound_addresses {127.0.0.1:4505}
[2020-10-10 15:47:25,637][INFO ][transport                ] [Piz Miez] publish_address {127.0.0.1:4369}, bound_addresses {127.0.0.1:4369}
[2020-10-10 15:47:25,644][INFO ][discovery                ] [Piz Miez] TestingCluster/wruyvyzFQX-DvQsyaMFZ3Q
    Stopping crate server process...
[2020-10-10 15:47:26,203][INFO ][node                     ] [Piz Miez] stopping ...
[2020-10-10 15:47:26,260][INFO ][node                     ] [Piz Miez] stopped
[2020-10-10 15:47:26,260][INFO ][node                     ] [Piz Miez] closing ...
[2020-10-10 15:47:26,268][INFO ][node                     ] [Piz Miez] closed

io.crate.client.jdbc.integrationtests.CrateJDBCFetchSizeIntegrationTest STANDARD_OUT
    No need to download crate. Already downloaded VERSION[0.57.6] to: /tmp/crate.testing/downloads/crate-0.57.6.tar.gz
    Starting crate server process...
[2020-10-10 15:47:27,541][WARN ][bootstrap                ] unable to install syscall filter: seccomp unavailable: your kernel is buggy and you should upgrade
[2020-10-10 15:47:27,718][INFO ][node                     ] [Glatthorn] version[2.4.2], pid[4014], build[${build/NA]
[2020-10-10 15:47:27,718][INFO ][node                     ] [Glatthorn] initializing ...
[2020-10-10 15:47:27,979][INFO ][io.crate.plugin          ] [Glatthorn] plugins loaded: [crate-sigar] 
[2020-10-10 15:47:28,938][INFO ][plugins                  ] [Glatthorn] modules [], plugins [blob, udc, crate-azure-discovery, crate-core, repository-hdfs, discovery-multicast, crate-admin-ui, cloud-aws, crate, discovery-srv, admin-ui], sites [crate-admin-ui]
[2020-10-10 15:47:28,959][INFO ][env                      ] [Glatthorn] using [1] data paths, mounts [[/ (overlay)]], net usable_space [86.1tb], net total_space [90.9tb], spins? [possibly], types [overlay]
[2020-10-10 15:47:28,959][INFO ][env                      ] [Glatthorn] heap size [1.9gb], compressed ordinary object pointers [true]
[2020-10-10 15:47:28,959][WARN ][env                      ] [Glatthorn] max file descriptors [30000] for elasticsearch process likely too low, consider increasing to at least [65536]
[2020-10-10 15:47:29,180][INFO ][http                     ] [Glatthorn] Using [io.crate.http.netty.CrateNettyHttpServerTransport] as http transport, overridden by [crate]
[2020-10-10 15:47:29,191][INFO ][plugin.hadoop.hdfs       ] Loaded Hadoop [Unknown] libraries from file:/tmp/crate.testing/working/crate-0.57.6_cb5104a2-9820-4745-b9c0-ac9b7146d561/plugins/elasticsearch-repository-hdfs/
[2020-10-10 15:47:29,254][INFO ][io.crate.module          ] [Glatthorn] configuring crate. version: 0.57.6
[2020-10-10 15:47:29,463][INFO ][io.crate.module          ] [Glatthorn] configuring crate. version: 0.57.6
[2020-10-10 15:47:31,044][INFO ][io.crate.operation.reference.sys.cluster.ClusterSettingsExpression$ApplySettings] updating [psql.port] from [5432-5532] to [5505]
[2020-10-10 15:47:31,838][INFO ][io.crate.rest            ] [Glatthorn] Elasticsearch HTTP REST API not enabled
[2020-10-10 15:47:31,916][INFO ][node                     ] [Glatthorn] initialized
[2020-10-10 15:47:31,916][INFO ][node                     ] [Glatthorn] starting ...
[2020-10-10 15:47:32,119][INFO ][psql                     ] [Glatthorn] publish_address {127.0.0.1:5505}, bound_addresses {127.0.0.1:5505}
[2020-10-10 15:47:32,120][INFO ][io.crate.blob.BlobService] [Glatthorn] BlobService.doStart() io.crate.blob.BlobService@7f5d9ce7
[2020-10-10 15:47:32,198][INFO ][http                     ] [Glatthorn] publish_address {127.0.0.1:4508}, bound_addresses {127.0.0.1:4508}
[2020-10-10 15:47:32,266][INFO ][transport                ] [Glatthorn] publish_address {127.0.0.1:4295}, bound_addresses {127.0.0.1:4295}
[2020-10-10 15:47:32,273][INFO ][discovery                ] [Glatthorn] TestingCluster/bQ061ahWQxuxe77Eg-6Kog
    Stopping crate server process...
[2020-10-10 15:47:32,989][INFO ][node                     ] [Glatthorn] stopping ...
[2020-10-10 15:47:33,787][WARN ][discovery.zen.ping.unicast] [Glatthorn] failed to send ping to [{#zen_unicast_1#}{127.0.0.1}{127.0.0.1:4295}]
SendRequestTransportException[[Glatthorn][127.0.0.1:4295][internal:discovery/zen/unicast]]; nested: TransportException[TransportService is closed stopped can't send request];
	at org.elasticsearch.transport.TransportService.sendRequest(TransportService.java:336)
	at org.elasticsearch.discovery.zen.ping.unicast.UnicastZenPing.sendPingRequestToNode(UnicastZenPing.java:440)
	at org.elasticsearch.discovery.zen.ping.unicast.UnicastZenPing.sendPings(UnicastZenPing.java:426)
	at org.elasticsearch.discovery.zen.ping.unicast.UnicastZenPing$2.doRun(UnicastZenPing.java:249)
	at org.elasticsearch.common.util.concurrent.AbstractRunnable.run(AbstractRunnable.java:37)
	at java.util.concurrent.ThreadPoolExecutor.runWorker(ThreadPoolExecutor.java:1152)
	at java.util.concurrent.ThreadPoolExecutor$Worker.run(ThreadPoolExecutor.java:622)
	at java.lang.Thread.run(Thread.java:748)
Caused by: TransportException[TransportService is closed stopped can't send request]
	at org.elasticsearch.transport.TransportService.sendRequest(TransportService.java:316)
	... 7 more
[2020-10-10 15:47:33,787][WARN ][discovery.zen.ping.unicast] [Glatthorn] failed to send ping to [{Glatthorn}{bQ061ahWQxuxe77Eg-6Kog}{127.0.0.1}{127.0.0.1:4295}{http_address=127.0.0.1:4508, info.extended.type=sigar}]
SendRequestTransportException[[Glatthorn][127.0.0.1:4295][internal:discovery/zen/unicast]]; nested: TransportException[TransportService is closed stopped can't send request];
	at org.elasticsearch.transport.TransportService.sendRequest(TransportService.java:336)
	at org.elasticsearch.discovery.zen.ping.unicast.UnicastZenPing.sendPingRequestToNode(UnicastZenPing.java:440)
	at org.elasticsearch.discovery.zen.ping.unicast.UnicastZenPing.sendPings(UnicastZenPing.java:426)
	at org.elasticsearch.discovery.zen.ping.unicast.UnicastZenPing$2.doRun(UnicastZenPing.java:249)
	at org.elasticsearch.common.util.concurrent.AbstractRunnable.run(AbstractRunnable.java:37)
	at java.util.concurrent.ThreadPoolExecutor.runWorker(ThreadPoolExecutor.java:1152)
	at java.util.concurrent.ThreadPoolExecutor$Worker.run(ThreadPoolExecutor.java:622)
	at java.lang.Thread.run(Thread.java:748)
Caused by: TransportException[TransportService is closed stopped can't send request]
	at org.elasticsearch.transport.TransportService.sendRequest(TransportService.java:316)
	... 7 more
[2020-10-10 15:47:35,289][WARN ][discovery.zen.ping.unicast] [Glatthorn] failed to send ping to [{#zen_unicast_1#}{127.0.0.1}{127.0.0.1:4295}]
SendRequestTransportException[[Glatthorn][127.0.0.1:4295][internal:discovery/zen/unicast]]; nested: TransportException[TransportService is closed stopped can't send request];
	at org.elasticsearch.transport.TransportService.sendRequest(TransportService.java:336)
	at org.elasticsearch.discovery.zen.ping.unicast.UnicastZenPing.sendPingRequestToNode(UnicastZenPing.java:440)
	at org.elasticsearch.discovery.zen.ping.unicast.UnicastZenPing.sendPings(UnicastZenPing.java:426)
	at org.elasticsearch.discovery.zen.ping.unicast.UnicastZenPing$2$1.doRun(UnicastZenPing.java:253)
	at org.elasticsearch.common.util.concurrent.AbstractRunnable.run(AbstractRunnable.java:37)
	at java.util.concurrent.ThreadPoolExecutor.runWorker(ThreadPoolExecutor.java:1152)
	at java.util.concurrent.ThreadPoolExecutor$Worker.run(ThreadPoolExecutor.java:622)
	at java.lang.Thread.run(Thread.java:748)
Caused by: TransportException[TransportService is closed stopped can't send request]
	at org.elasticsearch.transport.TransportService.sendRequest(TransportService.java:316)
	... 7 more
[2020-10-10 15:47:35,289][WARN ][discovery.zen.ping.unicast] [Glatthorn] failed to send ping to [{Glatthorn}{bQ061ahWQxuxe77Eg-6Kog}{127.0.0.1}{127.0.0.1:4295}{http_address=127.0.0.1:4508, info.extended.type=sigar}]
SendRequestTransportException[[Glatthorn][127.0.0.1:4295][internal:discovery/zen/unicast]]; nested: TransportException[TransportService is closed stopped can't send request];
	at org.elasticsearch.transport.TransportService.sendRequest(TransportService.java:336)
	at org.elasticsearch.discovery.zen.ping.unicast.UnicastZenPing.sendPingRequestToNode(UnicastZenPing.java:440)
	at org.elasticsearch.discovery.zen.ping.unicast.UnicastZenPing.sendPings(UnicastZenPing.java:426)
	at org.elasticsearch.discovery.zen.ping.unicast.UnicastZenPing$2$1.doRun(UnicastZenPing.java:253)
	at org.elasticsearch.common.util.concurrent.AbstractRunnable.run(AbstractRunnable.java:37)
	at java.util.concurrent.ThreadPoolExecutor.runWorker(ThreadPoolExecutor.java:1152)
	at java.util.concurrent.ThreadPoolExecutor$Worker.run(ThreadPoolExecutor.java:622)
	at java.lang.Thread.run(Thread.java:748)
Caused by: TransportException[TransportService is closed stopped can't send request]
	at org.elasticsearch.transport.TransportService.sendRequest(TransportService.java:316)
	... 7 more
[2020-10-10 15:47:39,566][WARN ][netty.channel.DefaultChannelPipeline] An exception was thrown by an exception handler.
java.util.concurrent.RejectedExecutionException: Worker has already been shutdown
	at org.jboss.netty.channel.socket.nio.AbstractNioSelector.registerTask(AbstractNioSelector.java:120)
	at org.jboss.netty.channel.socket.nio.AbstractNioWorker.executeInIoThread(AbstractNioWorker.java:72)
	at org.jboss.netty.channel.socket.nio.NioWorker.executeInIoThread(NioWorker.java:36)
	at org.jboss.netty.channel.socket.nio.AbstractNioWorker.executeInIoThread(AbstractNioWorker.java:56)
	at org.jboss.netty.channel.socket.nio.NioWorker.executeInIoThread(NioWorker.java:36)
	at org.jboss.netty.channel.socket.nio.AbstractNioChannelSink.execute(AbstractNioChannelSink.java:34)
	at org.jboss.netty.channel.DefaultChannelPipeline.execute(DefaultChannelPipeline.java:636)
	at org.jboss.netty.channel.Channels.fireExceptionCaughtLater(Channels.java:496)
	at org.jboss.netty.channel.AbstractChannelSink.exceptionCaught(AbstractChannelSink.java:46)
	at org.jboss.netty.channel.DefaultChannelPipeline.notifyHandlerException(DefaultChannelPipeline.java:658)
	at org.jboss.netty.channel.DefaultChannelPipeline.sendDownstream(DefaultChannelPipeline.java:577)
	at org.jboss.netty.channel.Channels.write(Channels.java:704)
	at org.jboss.netty.channel.Channels.write(Channels.java:671)
	at org.jboss.netty.channel.AbstractChannel.write(AbstractChannel.java:347)
	at io.crate.protocols.postgres.Messages.sendErrorResponse(Messages.java:259)
	at io.crate.protocols.postgres.ResultSetReceiver.fail(ResultSetReceiver.java:76)
	at io.crate.protocols.postgres.SimplePortal$ResultReceiverRetryWrapper.fail(SimplePortal.java:274)
	at io.crate.action.sql.RowReceiverToResultReceiver.fail(RowReceiverToResultReceiver.java:67)
	at io.crate.executor.transport.executionphases.InterceptingRowReceiver$1.onFailure(InterceptingRowReceiver.java:129)
	at io.crate.executor.MultiActionListener.countdown(MultiActionListener.java:68)
	at io.crate.executor.MultiActionListener.onFailure(MultiActionListener.java:59)
	at io.crate.executor.transport.DefaultTransportResponseHandler.handleException(DefaultTransportResponseHandler.java:62)
	at org.elasticsearch.transport.TransportService$3.doRun(TransportService.java:349)
	at org.elasticsearch.common.util.concurrent.AbstractRunnable.run(AbstractRunnable.java:37)
	at java.util.concurrent.ThreadPoolExecutor.runWorker(ThreadPoolExecutor.java:1152)
	at java.util.concurrent.ThreadPoolExecutor$Worker.run(ThreadPoolExecutor.java:622)
	at java.lang.Thread.run(Thread.java:748)
[2020-10-10 15:47:39,567][INFO ][node                     ] [Glatthorn] stopped
[2020-10-10 15:47:39,568][INFO ][node                     ] [Glatthorn] closing ...
[2020-10-10 15:47:39,576][INFO ][node                     ] [Glatthorn] closed

io.crate.client.jdbc.integrationtests.CrateJDBCMetaDataIntegrationTest STANDARD_OUT
    No need to download crate. Already downloaded VERSION[0.57.6] to: /tmp/crate.testing/downloads/crate-0.57.6.tar.gz
    Starting crate server process...
[2020-10-10 15:47:40,869][WARN ][bootstrap                ] unable to install syscall filter: seccomp unavailable: your kernel is buggy and you should upgrade
[2020-10-10 15:47:41,082][INFO ][node                     ] [Spillgerte] version[2.4.2], pid[4362], build[${build/NA]
[2020-10-10 15:47:41,082][INFO ][node                     ] [Spillgerte] initializing ...
[2020-10-10 15:47:41,363][INFO ][io.crate.plugin          ] [Spillgerte] plugins loaded: [crate-sigar] 
[2020-10-10 15:47:42,152][INFO ][plugins                  ] [Spillgerte] modules [], plugins [blob, udc, crate-azure-discovery, crate-core, repository-hdfs, discovery-multicast, crate-admin-ui, cloud-aws, crate, discovery-srv, admin-ui], sites [crate-admin-ui]
[2020-10-10 15:47:42,172][INFO ][env                      ] [Spillgerte] using [1] data paths, mounts [[/ (overlay)]], net usable_space [86.1tb], net total_space [90.9tb], spins? [possibly], types [overlay]
[2020-10-10 15:47:42,172][INFO ][env                      ] [Spillgerte] heap size [1.9gb], compressed ordinary object pointers [true]
[2020-10-10 15:47:42,172][WARN ][env                      ] [Spillgerte] max file descriptors [30000] for elasticsearch process likely too low, consider increasing to at least [65536]
[2020-10-10 15:47:42,416][INFO ][http                     ] [Spillgerte] Using [io.crate.http.netty.CrateNettyHttpServerTransport] as http transport, overridden by [crate]
[2020-10-10 15:47:42,427][INFO ][plugin.hadoop.hdfs       ] Loaded Hadoop [Unknown] libraries from file:/tmp/crate.testing/working/crate-0.57.6_0e626524-b45c-4f95-bd38-d7f23afebcf1/plugins/elasticsearch-repository-hdfs/
[2020-10-10 15:47:42,481][INFO ][io.crate.module          ] [Spillgerte] configuring crate. version: 0.57.6
[2020-10-10 15:47:42,740][INFO ][io.crate.module          ] [Spillgerte] configuring crate. version: 0.57.6
[2020-10-10 15:47:44,261][INFO ][io.crate.operation.reference.sys.cluster.ClusterSettingsExpression$ApplySettings] updating [psql.port] from [5432-5532] to [5529]
[2020-10-10 15:47:45,071][INFO ][io.crate.rest            ] [Spillgerte] Elasticsearch HTTP REST API not enabled
[2020-10-10 15:47:45,152][INFO ][node                     ] [Spillgerte] initialized
[2020-10-10 15:47:45,152][INFO ][node                     ] [Spillgerte] starting ...
[2020-10-10 15:47:45,334][INFO ][psql                     ] [Spillgerte] publish_address {127.0.0.1:5529}, bound_addresses {127.0.0.1:5529}
[2020-10-10 15:47:45,335][INFO ][io.crate.blob.BlobService] [Spillgerte] BlobService.doStart() io.crate.blob.BlobService@780467fa
[2020-10-10 15:47:45,386][INFO ][http                     ] [Spillgerte] publish_address {127.0.0.1:4581}, bound_addresses {127.0.0.1:4581}
[2020-10-10 15:47:45,441][INFO ][transport                ] [Spillgerte] publish_address {127.0.0.1:4358}, bound_addresses {127.0.0.1:4358}
[2020-10-10 15:47:45,449][INFO ][discovery                ] [Spillgerte] TestingCluster/buhLGDbwTcqN4W6S4bPERQ
[2020-10-10 15:47:45,981][DEBUG][action.admin.indices.create] [Spillgerte] no known master node, scheduling a retry
[2020-10-10 15:47:48,486][INFO ][cluster.service          ] [Spillgerte] new_master {Spillgerte}{buhLGDbwTcqN4W6S4bPERQ}{127.0.0.1}{127.0.0.1:4358}{http_address=127.0.0.1:4581, info.extended.type=sigar}, reason: zen-disco-join(elected_as_master, [0] joins received)
[2020-10-10 15:47:48,491][INFO ][node                     ] [Spillgerte] started
[2020-10-10 15:47:50,855][INFO ][gateway                  ] [Spillgerte] recovered [0] indices into cluster_state
[2020-10-10 15:47:51,046][INFO ][cluster.metadata         ] [Spillgerte] [test.cluster] creating index, cause [api], templates [], shards [4]/[1], mappings [default]
[2020-10-10 15:47:51,359][INFO ][cluster.routing.allocation] [Spillgerte] Cluster health status changed from [RED] to [YELLOW] (reason: [shards started [[test.cluster][3], [test.cluster][2], [test.cluster][0], [test.cluster][1]] ...]).
[2020-10-10 15:47:51,395][INFO ][cluster.metadata         ] [Spillgerte] [names] creating index, cause [api], templates [], shards [4]/[1], mappings [default]
[2020-10-10 15:47:51,508][INFO ][cluster.routing.allocation] [Spillgerte] Cluster health status changed from [RED] to [YELLOW] (reason: [shards started [[names][1], [names][2], [names][3], [names][0]] ...]).
[2020-10-10 15:47:51,539][INFO ][cluster.metadata         ] [Spillgerte] [my_schema.names] creating index, cause [api], templates [], shards [4]/[1], mappings [default]
[2020-10-10 15:47:51,637][INFO ][cluster.routing.allocation] [Spillgerte] Cluster health status changed from [RED] to [YELLOW] (reason: [shards started [[my_schema.names][0], [my_schema.names][0]] ...]).
[2020-10-10 15:47:52,217][INFO ][cluster.metadata         ] [Spillgerte] [t_multi_pks] creating index, cause [api], templates [], shards [4]/[1], mappings [default]
[2020-10-10 15:47:52,362][INFO ][cluster.routing.allocation] [Spillgerte] Cluster health status changed from [RED] to [YELLOW] (reason: [shards started [[t_multi_pks][0], [t_multi_pks][0]] ...]).
    Stopping crate server process...
[2020-10-10 15:47:52,402][INFO ][node                     ] [Spillgerte] stopping ...
[2020-10-10 15:47:52,489][INFO ][node                     ] [Spillgerte] stopped
[2020-10-10 15:47:52,489][INFO ][node                     ] [Spillgerte] closing ...
[2020-10-10 15:47:52,499][INFO ][node                     ] [Spillgerte] closed

io.crate.client.jdbc.integrationtests.CrateJDBCTypesTest STANDARD_OUT
    No need to download crate. Already downloaded VERSION[0.57.6] to: /tmp/crate.testing/downloads/crate-0.57.6.tar.gz
    Starting crate server process...
[2020-10-10 15:47:53,943][WARN ][bootstrap                ] unable to install syscall filter: seccomp unavailable: your kernel is buggy and you should upgrade
[2020-10-10 15:47:54,225][INFO ][node                     ] [Mutteristock] version[2.4.2], pid[4753], build[${build/NA]
[2020-10-10 15:47:54,225][INFO ][node                     ] [Mutteristock] initializing ...
[2020-10-10 15:47:54,525][INFO ][io.crate.plugin          ] [Mutteristock] plugins loaded: [crate-sigar] 
[2020-10-10 15:47:55,470][INFO ][plugins                  ] [Mutteristock] modules [], plugins [blob, udc, crate-azure-discovery, crate-core, repository-hdfs, discovery-multicast, crate-admin-ui, cloud-aws, crate, discovery-srv, admin-ui], sites [crate-admin-ui]
[2020-10-10 15:47:55,505][INFO ][env                      ] [Mutteristock] using [1] data paths, mounts [[/ (overlay)]], net usable_space [86.1tb], net total_space [90.9tb], spins? [possibly], types [overlay]
[2020-10-10 15:47:55,505][INFO ][env                      ] [Mutteristock] heap size [1.9gb], compressed ordinary object pointers [true]
[2020-10-10 15:47:55,505][WARN ][env                      ] [Mutteristock] max file descriptors [30000] for elasticsearch process likely too low, consider increasing to at least [65536]
[2020-10-10 15:47:55,788][INFO ][http                     ] [Mutteristock] Using [io.crate.http.netty.CrateNettyHttpServerTransport] as http transport, overridden by [crate]
[2020-10-10 15:47:55,801][INFO ][plugin.hadoop.hdfs       ] Loaded Hadoop [Unknown] libraries from file:/tmp/crate.testing/working/crate-0.57.6_6fab10c9-b402-413e-95d4-faf9a891ffa6/plugins/elasticsearch-repository-hdfs/
[2020-10-10 15:47:55,885][INFO ][io.crate.module          ] [Mutteristock] configuring crate. version: 0.57.6
[2020-10-10 15:47:56,156][INFO ][io.crate.module          ] [Mutteristock] configuring crate. version: 0.57.6
[2020-10-10 15:47:57,645][INFO ][io.crate.operation.reference.sys.cluster.ClusterSettingsExpression$ApplySettings] updating [psql.port] from [5432-5532] to [5496]
[2020-10-10 15:47:58,440][INFO ][io.crate.rest            ] [Mutteristock] Elasticsearch HTTP REST API not enabled
[2020-10-10 15:47:58,507][INFO ][node                     ] [Mutteristock] initialized
[2020-10-10 15:47:58,507][INFO ][node                     ] [Mutteristock] starting ...
[2020-10-10 15:47:58,666][INFO ][psql                     ] [Mutteristock] publish_address {127.0.0.1:5496}, bound_addresses {127.0.0.1:5496}
[2020-10-10 15:47:58,666][INFO ][io.crate.blob.BlobService] [Mutteristock] BlobService.doStart() io.crate.blob.BlobService@79a96e7f
[2020-10-10 15:47:58,723][INFO ][http                     ] [Mutteristock] publish_address {127.0.0.1:4508}, bound_addresses {127.0.0.1:4508}
[2020-10-10 15:47:58,793][INFO ][transport                ] [Mutteristock] publish_address {127.0.0.1:4224}, bound_addresses {127.0.0.1:4224}
[2020-10-10 15:47:58,801][INFO ][discovery                ] [Mutteristock] TestingCluster/nzfHZbiYS_iO8oWEAmo7pw
[2020-10-10 15:47:59,009][DEBUG][action.admin.indices.create] [Mutteristock] no known master node, scheduling a retry
[2020-10-10 15:48:01,835][INFO ][cluster.service          ] [Mutteristock] new_master {Mutteristock}{nzfHZbiYS_iO8oWEAmo7pw}{127.0.0.1}{127.0.0.1:4224}{http_address=127.0.0.1:4508, info.extended.type=sigar}, reason: zen-disco-join(elected_as_master, [0] joins received)
[2020-10-10 15:48:01,841][INFO ][node                     ] [Mutteristock] started
[2020-10-10 15:48:01,883][INFO ][gateway                  ] [Mutteristock] recovered [0] indices into cluster_state
[2020-10-10 15:48:02,104][INFO ][cluster.metadata         ] [Mutteristock] [test] creating index, cause [api], templates [], shards [1]/[0], mappings [default]
[2020-10-10 15:48:02,346][INFO ][cluster.routing.allocation] [Mutteristock] Cluster health status changed from [RED] to [GREEN] (reason: [shards started [[test][0]] ...]).
[2020-10-10 15:48:03,047][INFO ][cluster.metadata         ] [Mutteristock] [arraytest] creating index, cause [api], templates [], shards [1]/[0], mappings [default]
[2020-10-10 15:48:03,105][INFO ][cluster.routing.allocation] [Mutteristock] Cluster health status changed from [RED] to [GREEN] (reason: [shards started [[arraytest][0]] ...]).
[2020-10-10 15:48:03,161][INFO ][cluster.metadata         ] [Mutteristock] [arraytest] update_mapping [default]
[2020-10-10 15:48:03,548][INFO ][cluster.metadata         ] [Mutteristock] [test_obj] creating index, cause [api], templates [], shards [4]/[1], mappings [default]
[2020-10-10 15:48:03,662][INFO ][cluster.routing.allocation] [Mutteristock] Cluster health status changed from [RED] to [YELLOW] (reason: [shards started [[test_obj][0], [test_obj][0]] ...]).
    Stopping crate server process...
[2020-10-10 15:48:03,935][INFO ][node                     ] [Mutteristock] stopping ...
[2020-10-10 15:48:04,028][INFO ][node                     ] [Mutteristock] stopped
[2020-10-10 15:48:04,028][INFO ][node                     ] [Mutteristock] closing ...
[2020-10-10 15:48:04,041][INFO ][node                     ] [Mutteristock] closed

io.crate.client.jdbc.integrationtests.CrateJDBCUnsupportedFeaturesTest STANDARD_OUT
    No need to download crate. Already downloaded VERSION[0.57.6] to: /tmp/crate.testing/downloads/crate-0.57.6.tar.gz
    Starting crate server process...
[2020-10-10 15:48:05,377][WARN ][bootstrap                ] unable to install syscall filter: seccomp unavailable: your kernel is buggy and you should upgrade
[2020-10-10 15:48:05,586][INFO ][node                     ] [Monte Re di Castello] version[2.4.2], pid[5186], build[${build/NA]
[2020-10-10 15:48:05,586][INFO ][node                     ] [Monte Re di Castello] initializing ...
[2020-10-10 15:48:05,840][INFO ][io.crate.plugin          ] [Monte Re di Castello] plugins loaded: [crate-sigar] 
[2020-10-10 15:48:06,627][INFO ][plugins                  ] [Monte Re di Castello] modules [], plugins [blob, udc, crate-azure-discovery, crate-core, repository-hdfs, discovery-multicast, crate-admin-ui, cloud-aws, crate, discovery-srv, admin-ui], sites [crate-admin-ui]
[2020-10-10 15:48:06,648][INFO ][env                      ] [Monte Re di Castello] using [1] data paths, mounts [[/ (overlay)]], net usable_space [86.1tb], net total_space [90.9tb], spins? [possibly], types [overlay]
[2020-10-10 15:48:06,649][INFO ][env                      ] [Monte Re di Castello] heap size [1.9gb], compressed ordinary object pointers [true]
[2020-10-10 15:48:06,649][WARN ][env                      ] [Monte Re di Castello] max file descriptors [30000] for elasticsearch process likely too low, consider increasing to at least [65536]
[2020-10-10 15:48:06,887][INFO ][http                     ] [Monte Re di Castello] Using [io.crate.http.netty.CrateNettyHttpServerTransport] as http transport, overridden by [crate]
[2020-10-10 15:48:06,898][INFO ][plugin.hadoop.hdfs       ] Loaded Hadoop [Unknown] libraries from file:/tmp/crate.testing/working/crate-0.57.6_9faff3c1-6b17-46b7-aa33-85631accb9af/plugins/elasticsearch-repository-hdfs/
[2020-10-10 15:48:06,949][INFO ][io.crate.module          ] [Monte Re di Castello] configuring crate. version: 0.57.6
[2020-10-10 15:48:07,161][INFO ][io.crate.module          ] [Monte Re di Castello] configuring crate. version: 0.57.6
[2020-10-10 15:48:08,649][INFO ][io.crate.operation.reference.sys.cluster.ClusterSettingsExpression$ApplySettings] updating [psql.port] from [5432-5532] to [5446]
[2020-10-10 15:48:09,412][INFO ][io.crate.rest            ] [Monte Re di Castello] Elasticsearch HTTP REST API not enabled
[2020-10-10 15:48:09,475][INFO ][node                     ] [Monte Re di Castello] initialized
[2020-10-10 15:48:09,475][INFO ][node                     ] [Monte Re di Castello] starting ...
[2020-10-10 15:48:09,653][INFO ][psql                     ] [Monte Re di Castello] publish_address {127.0.0.1:5446}, bound_addresses {127.0.0.1:5446}
[2020-10-10 15:48:09,653][INFO ][io.crate.blob.BlobService] [Monte Re di Castello] BlobService.doStart() io.crate.blob.BlobService@5870cad
[2020-10-10 15:48:09,720][INFO ][http                     ] [Monte Re di Castello] publish_address {127.0.0.1:4520}, bound_addresses {127.0.0.1:4520}
[2020-10-10 15:48:09,775][INFO ][transport                ] [Monte Re di Castello] publish_address {127.0.0.1:4245}, bound_addresses {127.0.0.1:4245}
[2020-10-10 15:48:09,782][INFO ][discovery                ] [Monte Re di Castello] TestingCluster/2AJZmnzSRXibqr_oz9rYSA
    Stopping crate server process...
[2020-10-10 15:48:10,421][INFO ][node                     ] [Monte Re di Castello] stopping ...
[2020-10-10 15:48:10,500][INFO ][node                     ] [Monte Re di Castello] stopped
[2020-10-10 15:48:10,500][INFO ][node                     ] [Monte Re di Castello] closing ...
[2020-10-10 15:48:10,507][INFO ][node                     ] [Monte Re di Castello] closed
:test FAILED
8 actionable tasks: 5 executed, 3 up-to-date

travis_time:end:2002e1d8:start=1602344787795482381,finish=1602344891220969697,duration=103425487316[0K
[31;1mThe command "./gradlew test -s" exited with 1.[0m
travis_fold:start:cache.2[0Kstore build cache
travis_time:start:09f22cae[0K
travis_time:end:09f22cae:start=1602344891234816355,finish=1602344891246872837,duration=12056482[0Ktravis_time:start:05de8e42[0K[32;1mchanges detected, packing new archive[0m

travis_time:end:05de8e42:start=1602344891261103286,finish=1602344893163710484,duration=1902607198[0Ktravis_fold:end:cache.2[0K
Done. Your build exited with 1.
