travis_time:start:0c86c13d[0Ktravis_time:end:0c86c13d:start=1602304166059617152,finish=1602304166212546445,duration=152929293,event=no_world_writable_dirs[0Ktravis_time:start:0ba9ef64[0Ktravis_time:end:0ba9ef64:start=1602304166219023561,finish=1602304166223536179,duration=4512618,event=check_unsupported[0Ktravis_time:start:09a33a74[0Ktravis_fold:start:system_info[0K[33;1mBuild system information[0m
Build language: java
Build group: stable
Build dist: precise
Build id: ''
Job id: ''
Runtime kernel version: 4.15.0-109-generic
[34m[1mBuild image provisioning date and time[0m
Thu Feb  5 15:09:33 UTC 2015
[34m[1mOperating System Details[0m
Distributor ID:	Ubuntu
Description:	Ubuntu 12.04.5 LTS
Release:	12.04
Codename:	precise
[34m[1mLinux Version[0m
3.13.0-29-generic
[34m[1mCookbooks Version[0m
a68419e https://github.com/travis-ci/travis-cookbooks/tree/a68419e
[34m[1mGCC version[0m
gcc (Ubuntu/Linaro 4.6.3-1ubuntu5) 4.6.3
Copyright (C) 2011 Free Software Foundation, Inc.
This is free software; see the source for copying conditions.  There is NO
warranty; not even for MERCHANTABILITY or FITNESS FOR A PARTICULAR PURPOSE.

[34m[1mLLVM version[0m
clang version 3.4 (tags/RELEASE_34/final)
Target: x86_64-unknown-linux-gnu
Thread model: posix
[34m[1mPre-installed Ruby versions[0m
ruby-1.9.3-p551
[34m[1mPre-installed Node.js versions[0m
v0.10.36
[34m[1mPre-installed Go versions[0m
1.4.1
[34m[1mRedis version[0m
redis-server 2.8.19
[34m[1mriak version[0m
2.0.2
[34m[1mMongoDB version[0m
MongoDB 2.4.12
[34m[1mCouchDB version[0m
couchdb 1.6.1
[34m[1mNeo4j version[0m
1.9.4
[34m[1mRabbitMQ Version[0m
3.4.3
[34m[1mElasticSearch version[0m
1.4.0
[34m[1mInstalled Sphinx versions[0m
2.0.10
2.1.9
2.2.6
[34m[1mDefault Sphinx version[0m
2.2.6
[34m[1mInstalled Firefox version[0m
firefox 31.0esr
[34m[1mPhantomJS version[0m
1.9.8
[34m[1mant -version[0m
Apache Ant(TM) version 1.8.2 compiled on December 3 2011
[34m[1mmvn -version[0m
Apache Maven 3.2.5 (12a6b3acb947671f09b81f49094c53f426d8cea1; 2014-12-14T17:29:23+00:00)
Maven home: /usr/local/maven
Java version: 1.7.0_76, vendor: Oracle Corporation
Java home: /usr/lib/jvm/java-7-oracle/jre
Default locale: en_US, platform encoding: ANSI_X3.4-1968
OS name: "linux", version: "3.13.0-29-generic", arch: "amd64", family: "unix"
travis_fold:end:system_info[0K
travis_time:end:09a33a74:start=1602304166229205611,finish=1602304166238675267,duration=9469656,event=show_system_info[0Ktravis_time:start:0029008e[0Ktravis_time:end:0029008e:start=1602304166244510877,finish=1602304166261970300,duration=17459423,event=rm_riak_source[0Ktravis_time:start:0b4b1633[0Ktravis_time:end:0b4b1633:start=1602304166267636919,finish=1602304166277933174,duration=10296255,event=fix_rwky_redis[0Ktravis_time:start:119ba391[0K[31;1mTimeout waiting for network availability.[0m
travis_time:end:119ba391:start=1602304166283966191,finish=1602304186999589685,duration=20715623494,event=wait_for_network[0Ktravis_time:start:027d7ce8[0Ktravis_time:end:027d7ce8:start=1602304187006500098,finish=1602304190627273402,duration=3620773304,event=update_apt_keys[0Ktravis_time:start:0bf5826a[0Ktravis_time:end:0bf5826a:start=1602304190633636247,finish=1602304190697476452,duration=63840205,event=fix_hhvm_source[0Ktravis_time:start:09470545[0Ktravis_time:end:09470545:start=1602304190703740985,finish=1602304190708904947,duration=5163962,event=update_mongo_arch[0Ktravis_time:start:0012dbde[0Ktravis_time:end:0012dbde:start=1602304190714440583,finish=1602304190758456874,duration=44016291,event=fix_sudo_enabled_trusty[0Ktravis_time:start:01d8b372[0Ktravis_time:end:01d8b372:start=1602304190764659132,finish=1602304190779742010,duration=15082878,event=clean_up_path[0Ktravis_time:start:11b55280[0Ktravis_time:end:11b55280:start=1602304190785918440,finish=1602304190801402007,duration=15483567,event=fix_resolv_conf[0Ktravis_time:start:12312036[0Ktravis_time:end:12312036:start=1602304190807538276,finish=1602304190823464983,duration=15926707,event=fix_etc_hosts[0Ktravis_time:start:08723339[0Ktravis_time:end:08723339:start=1602304190828955495,finish=1602304190855053871,duration=26098376,event=fix_mvn_settings_xml[0Ktravis_time:start:1dbf2240[0Ktravis_time:end:1dbf2240:start=1602304190861604544,finish=1602304190878415711,duration=16811167,event=no_ipv6_localhost[0Ktravis_time:start:05005e12[0Ktravis_time:end:05005e12:start=1602304190884671482,finish=1602304190907461187,duration=22789705,event=fix_etc_mavenrc[0Ktravis_time:start:01e54ea0[0Ktravis_time:end:01e54ea0:start=1602304190914508868,finish=1602304190920783913,duration=6275045,event=fix_wwdr_certificate[0Ktravis_time:start:23743ba8[0Ktravis_time:end:23743ba8:start=1602304190926677479,finish=1602304190962020514,duration=35343035,event=put_localhost_first[0Ktravis_time:start:01b26ac0[0Ktravis_time:end:01b26ac0:start=1602304190967432532,finish=1602304190972285491,duration=4852959,event=home_paths[0Ktravis_time:start:0bf2ac00[0Ktravis_time:end:0bf2ac00:start=1602304190978899840,finish=1602304191006996112,duration=28096272,event=disable_initramfs[0Ktravis_time:start:0f698eec[0Ktravis_time:end:0f698eec:start=1602304191013584750,finish=1602304191033708544,duration=20123794,event=disable_ssh_roaming[0Ktravis_time:start:105329c8[0Ktravis_time:end:105329c8:start=1602304191039313736,finish=1602304191043967341,duration=4653605,event=debug_tools[0Ktravis_time:start:0929e1f5[0Ktravis_time:end:0929e1f5:start=1602304191049309844,finish=1602304191054896487,duration=5586643,event=uninstall_oclint[0Ktravis_time:start:006af166[0Ktravis_time:end:006af166:start=1602304191060267066,finish=1602304191065661200,duration=5394134,event=rvm_use[0Ktravis_time:start:2a84962a[0Ktravis_time:end:2a84962a:start=1602304191071179397,finish=1602304191083211500,duration=12032103,event=rm_etc_boto_cfg[0Ktravis_time:start:012bd370[0Ktravis_time:end:012bd370:start=1602304191088452612,finish=1602304191093193016,duration=4740404,event=rm_oraclejdk8_symlink[0Ktravis_time:start:2855082e[0Ktravis_time:end:2855082e:start=1602304191099002900,finish=1602304191142524513,duration=43521613,event=enable_i386[0Ktravis_time:start:04af5a05[0Ktravis_time:end:04af5a05:start=1602304191148981899,finish=1602304191156159519,duration=7177620,event=update_rubygems[0Ktravis_time:start:14699e2b[0Ktravis_time:end:14699e2b:start=1602304191162418512,finish=1602304191171426168,duration=9007656,event=ensure_path_components[0Ktravis_time:start:08af6420[0Ktravis_time:end:08af6420:start=1602304191177380512,finish=1602304191181993384,duration=4612872,event=redefine_curl[0Ktravis_time:start:15f2e3bf[0Ktravis_time:end:15f2e3bf:start=1602304191187797686,finish=1602304191192073536,duration=4275850,event=nonblock_pipe[0Ktravis_time:start:0f23e853[0Ktravis_time:end:0f23e853:start=1602304191198140474,finish=1602304196284383597,duration=5086243123,event=apt_get_update[0Ktravis_time:start:0eec5378[0Ktravis_time:end:0eec5378:start=1602304196291338853,finish=1602304196296031697,duration=4692844,event=deprecate_xcode_64[0Ktravis_time:start:003fd884[0Ktravis_time:end:003fd884:start=1602304196302487273,finish=1602304196309741906,duration=7254633,event=update_heroku[0Ktravis_time:start:2ca946fa[0Ktravis_time:end:2ca946fa:start=1602304196316033227,finish=1602304196320532004,duration=4498777,event=shell_session_update[0Ktravis_time:start:2574f240[0Ktravis_fold:start:docker_mtu[0Ktravis_fold:end:docker_mtu[0Ktravis_time:end:2574f240:start=1602304196326736912,finish=1602304196360053255,duration=33316343,event=set_docker_mtu[0Ktravis_time:start:0e03c98e[0Ktravis_time:end:0e03c98e:start=1602304196366263476,finish=1602304196381970487,duration=15707011,event=resolvconf[0K
travis_fold:start:install_jdk[0K[33;1mInstalling openjdk6[0m
$ jdk_switcher use "openjdk6"
Switching to OpenJDK6 (java-1.6.0-openjdk-amd64), JAVA_HOME will be set to /usr/lib/jvm/java-6-openjdk-amd64
travis_fold:end:install_jdk[0Ktravis_time:start:2c818f62[0Ktravis_time:end:2c818f62:start=1602304196402335349,finish=1602304196406753748,duration=4418399,event=fix_ps4[0Ktravis_time:start:0159b1a2[0K
$ cd failed/Scout24/deadcode4j

travis_time:end:0159b1a2:start=1602304196412658046,finish=1602304196417512114,duration=4854068,event=checkout[0Ktravis_time:start:136d4e20[0K
[33;1mSetting environment variables from .travis.yml[0m
$ export MVN_VERSION=3.2.5

travis_time:end:136d4e20:start=1602304196423904510,finish=1602304196611213245,duration=187308735,event=env[0Ktravis_fold:start:cache.1[0KSetting up build cache
$ export CASHER_DIR=${TRAVIS_HOME}/.casher
travis_time:start:0716d4b6[0K$ Installing caching utilities
travis_time:end:0716d4b6:start=1602304203671085059,finish=1602304206757474835,duration=3086389776,event=setup_casher[0Ktravis_time:start:0d87b710[0K$ Installing caching utilities from the Travis CI server (https:///files/casher) failed, failing over to using GitHub (https://raw.githubusercontent.com/travis-ci/casher/bash/bin/casher)
travis_time:end:0d87b710:start=1602304206766323394,finish=1602304206831571674,duration=65248280,event=setup_casher[0Ktravis_time:start:1398d4df[0Ktravis_time:end:1398d4df:start=1602304206843042988,finish=1602304206849425027,duration=6382039,event=setup_casher[0Ktravis_time:start:19ae4fdc[0Kattempting to download cache archive[0m
[31;1mcould not download cache[0m
travis_time:end:19ae4fdc:start=1602304206857013067,finish=1602304208330995409,duration=1473982342,event=setup_casher[0Ktravis_time:start:1293aeb0[0Ktravis_time:end:1293aeb0:start=1602304208340225464,finish=1602304208346489898,duration=6264434,event=setup_casher[0Ktravis_time:start:28d28e19[0Kadding /home/travis/.m2/repository to cache[0m
travis_time:end:28d28e19:start=1602304208354995545,finish=1602304209878850715,duration=1523855170,event=setup_casher[0Ktravis_fold:end:cache.1[0K
$ java -Xmx32m -version
$ javac -J-Xmx32m -version
travis_fold:start:before_install.1[0Ktravis_time:start:0959af87[0K$ MVN_URL=https://archive.apache.org/dist/maven/maven-3/$MVN_VERSION/binaries/apache-maven-$MVN_VERSION-bin.tar.gz
travis_time:end:0959af87:start=1602304210106818665,finish=1602304210112612461,duration=5793796,event=before_install[0Ktravis_fold:end:before_install.1[0Ktravis_fold:start:before_install.2[0Ktravis_time:start:13be48d8[0K$ wget -q -O /tmp/maven.tar.gz $MVN_URL
travis_time:end:13be48d8:start=1602304210120194948,finish=1602304212254027186,duration=2133832238,event=before_install[0Ktravis_fold:end:before_install.2[0Ktravis_fold:start:before_install.3[0Ktravis_time:start:0162e682[0K$ tar xzf /tmp/maven.tar.gz
travis_time:end:0162e682:start=1602304212263092785,finish=1602304212377169310,duration=114076525,event=before_install[0Ktravis_fold:end:before_install.3[0Ktravis_fold:start:before_install.4[0Ktravis_time:start:186d31f8[0K$ export M2_HOME=`pwd`/apache-maven-$MVN_VERSION
travis_time:end:186d31f8:start=1602304212385694723,finish=1602304212393391708,duration=7696985,event=before_install[0Ktravis_fold:end:before_install.4[0Ktravis_fold:start:before_install.5[0Ktravis_time:start:0060e1c0[0K$ export PATH=$M2_HOME/bin:$PATH
travis_time:end:0060e1c0:start=1602304212401708833,finish=1602304212408073049,duration=6364216,event=before_install[0Ktravis_fold:end:before_install.5[0Ktravis_fold:start:before_install.6[0Ktravis_time:start:1ff90dd9[0K$ export MAVEN_SKIP_RC=true
travis_time:end:1ff90dd9:start=1602304212416778380,finish=1602304212421886987,duration=5108607,event=before_install[0Ktravis_fold:end:before_install.6[0Ktravis_fold:start:install.1[0Ktravis_time:start:1624c38e[0K$ mvn -B -U clean verify org.apache.maven.plugins:maven-war-plugin:2.4:help -Dinvoker.skip=true -Dmaven.main.skip=true -Dmaven.plugin.skip=true -Dmaven.test.skip=true -PenableCoverage,travis
[INFO] Scanning for projects...
[INFO] Downloading: https://repo.maven.apache.org/maven2/org/apache/maven/plugins/maven-war-plugin/2.4/maven-war-plugin-2.4.pom
[INFO] ------------------------------------------------------------------------
[INFO] BUILD FAILURE
[INFO] ------------------------------------------------------------------------
[INFO] Total time: 4.060 s
[INFO] Finished at: 2020-10-10T04:30:20+00:00
[INFO] Final Memory: 15M/1962M
[INFO] ------------------------------------------------------------------------
[ERROR] Plugin org.apache.maven.plugins:maven-war-plugin:2.4 or one of its dependencies could not be resolved: Failed to read artifact descriptor for org.apache.maven.plugins:maven-war-plugin:jar:2.4: Could not transfer artifact org.apache.maven.plugins:maven-war-plugin:pom:2.4 from/to central (https://repo.maven.apache.org/maven2): Received fatal alert: protocol_version -> [Help 1]
[ERROR] 
[ERROR] To see the full stack trace of the errors, re-run Maven with the -e switch.
[ERROR] Re-run Maven using the -X switch to enable full debug logging.
[ERROR] 
[ERROR] For more information about the errors and possible solutions, please read the following articles:
[ERROR] [Help 1] http://cwiki.apache.org/confluence/display/MAVEN/PluginResolutionException
travis_time:end:1624c38e:start=1602304212431074593,finish=1602304220095084419,duration=7664009826,event=install[0K[31;1mThe command "mvn -B -U clean verify org.apache.maven.plugins:maven-war-plugin:2.4:help -Dinvoker.skip=true -Dmaven.main.skip=true -Dmaven.plugin.skip=true -Dmaven.test.skip=true -PenableCoverage,travis" failed and exited with 1 during .[0m

Your build has been stopped.
