travis_time:start:15d07340[0Ktravis_time:end:15d07340:start=1589214415590473656,finish=1589214415733498004,duration=143024348,event=no_world_writable_dirs[0Ktravis_time:start:1ff8f5a6[0Ktravis_time:end:1ff8f5a6:start=1589214415739341140,finish=1589214415743386229,duration=4045089,event=check_unsupported[0Ktravis_time:start:05e61a98[0Ktravis_fold:start:system_info[0K[33;1mBuild system information[0m
Build language: java
Build group: stable
Build dist: precise
Build id: ''
Job id: ''
Runtime kernel version: 4.15.0-91-generic
[34m[1mBuild image provisioning date and time[0m
Thu Feb  5 15:09:33 UTC 2015
[34m[1mOperating System Details[0m
Distributor ID:	Ubuntu
Description:	Ubuntu 12.04.5 LTS
Release:	12.04
Codename:	precise
[34m[1mLinux Version[0m
3.13.0-29-generic
[34m[1mCookbooks Version[0m
a68419e https://github.com/travis-ci/travis-cookbooks/tree/a68419e
[34m[1mGCC version[0m
gcc (Ubuntu/Linaro 4.6.3-1ubuntu5) 4.6.3
Copyright (C) 2011 Free Software Foundation, Inc.
This is free software; see the source for copying conditions.  There is NO
warranty; not even for MERCHANTABILITY or FITNESS FOR A PARTICULAR PURPOSE.

[34m[1mLLVM version[0m
clang version 3.4 (tags/RELEASE_34/final)
Target: x86_64-unknown-linux-gnu
Thread model: posix
[34m[1mPre-installed Ruby versions[0m
ruby-1.9.3-p551
[34m[1mPre-installed Node.js versions[0m
v0.10.36
[34m[1mPre-installed Go versions[0m
1.4.1
[34m[1mRedis version[0m
redis-server 2.8.19
[34m[1mriak version[0m
2.0.2
[34m[1mMongoDB version[0m
MongoDB 2.4.12
[34m[1mCouchDB version[0m
couchdb 1.6.1
[34m[1mNeo4j version[0m
1.9.4
[34m[1mRabbitMQ Version[0m
3.4.3
[34m[1mElasticSearch version[0m
1.4.0
[34m[1mInstalled Sphinx versions[0m
2.0.10
2.1.9
2.2.6
[34m[1mDefault Sphinx version[0m
2.2.6
[34m[1mInstalled Firefox version[0m
firefox 31.0esr
[34m[1mPhantomJS version[0m
1.9.8
[34m[1mant -version[0m
Apache Ant(TM) version 1.8.2 compiled on December 3 2011
[34m[1mmvn -version[0m
Apache Maven 3.2.5 (12a6b3acb947671f09b81f49094c53f426d8cea1; 2014-12-14T17:29:23+00:00)
Maven home: /usr/local/maven
Java version: 1.7.0_76, vendor: Oracle Corporation
Java home: /usr/lib/jvm/java-7-oracle/jre
Default locale: en_US, platform encoding: ANSI_X3.4-1968
OS name: "linux", version: "3.13.0-29-generic", arch: "amd64", family: "unix"
travis_fold:end:system_info[0K
travis_time:end:05e61a98:start=1589214415748179380,finish=1589214415755431010,duration=7251630,event=show_system_info[0Ktravis_time:start:12109800[0Ktravis_time:end:12109800:start=1589214415760626829,finish=1589214415779202575,duration=18575746,event=rm_riak_source[0Ktravis_time:start:08ed4b58[0Ktravis_time:end:08ed4b58:start=1589214415785220604,finish=1589214415795047783,duration=9827179,event=fix_rwky_redis[0Ktravis_time:start:04ba53fc[0K[31;1mTimeout waiting for network availability.[0m
travis_time:end:04ba53fc:start=1589214415800217596,finish=1589214436456650141,duration=20656432545,event=wait_for_network[0Ktravis_time:start:0377ae02[0Ktravis_time:end:0377ae02:start=1589214436463250222,finish=1589214440432546158,duration=3969295936,event=update_apt_keys[0Ktravis_time:start:0c869dd4[0Ktravis_time:end:0c869dd4:start=1589214440437949705,finish=1589214440502018093,duration=64068388,event=fix_hhvm_source[0Ktravis_time:start:00d2df98[0Ktravis_time:end:00d2df98:start=1589214440507257881,finish=1589214440511737633,duration=4479752,event=update_mongo_arch[0Ktravis_time:start:33ddcaa4[0Ktravis_time:end:33ddcaa4:start=1589214440518089016,finish=1589214440559934205,duration=41845189,event=fix_sudo_enabled_trusty[0Ktravis_time:start:14cc9322[0Ktravis_time:end:14cc9322:start=1589214440565585854,finish=1589214440579721963,duration=14136109,event=clean_up_path[0Ktravis_time:start:106e4f5a[0Ktravis_time:end:106e4f5a:start=1589214440584293475,finish=1589214440598783333,duration=14489858,event=fix_resolv_conf[0Ktravis_time:start:1aafb326[0Ktravis_time:end:1aafb326:start=1589214440604250019,finish=1589214440621473316,duration=17223297,event=fix_etc_hosts[0Ktravis_time:start:09da413c[0Ktravis_time:start:00f90fc4[0Ktravis_time:end:00f90fc4:start=1589214440655675200,finish=1589214440673488059,duration=17812859,event=no_ipv6_localhost[0Ktravis_time:start:054df8ac[0Ktravis_time:end:054df8ac:start=1589214440679538064,finish=1589214440702941652,duration=23403588,event=fix_etc_mavenrc[0Ktravis_time:start:063473a0[0Ktravis_time:end:063473a0:start=1589214440709174858,finish=1589214440716292785,duration=7117927,event=fix_wwdr_certificate[0Ktravis_time:start:265373c7[0Ktravis_time:end:265373c7:start=1589214440723554285,finish=1589214440764918277,duration=41363992,event=put_localhost_first[0Ktravis_time:start:017315d3[0Ktravis_time:end:017315d3:start=1589214440771599543,finish=1589214440776739727,duration=5140184,event=home_paths[0Ktravis_time:start:13493c19[0Ktravis_time:end:13493c19:start=1589214440783749617,finish=1589214440814203625,duration=30454008,event=disable_initramfs[0Ktravis_time:start:219fbe80[0Ktravis_time:end:219fbe80:start=1589214440820675470,finish=1589214440841682514,duration=21007044,event=disable_ssh_roaming[0Ktravis_time:start:1a50f9a0[0Ktravis_time:end:1a50f9a0:start=1589214440848073034,finish=1589214440852310336,duration=4237302,event=debug_tools[0Ktravis_time:start:04388520[0Ktravis_time:end:04388520:start=1589214440858475463,finish=1589214440865512966,duration=7037503,event=uninstall_oclint[0Ktravis_time:start:00bff578[0Ktravis_time:end:00bff578:start=1589214440872146672,finish=1589214440878080423,duration=5933751,event=rvm_use[0Ktravis_time:start:0205982e[0Ktravis_time:end:0205982e:start=1589214440883915588,finish=1589214440897614159,duration=13698571,event=rm_etc_boto_cfg[0Ktravis_time:start:2ded129d[0Ktravis_time:end:2ded129d:start=1589214440904386718,finish=1589214440909820774,duration=5434056,event=rm_oraclejdk8_symlink[0Ktravis_time:start:032325aa[0Ktravis_time:end:032325aa:start=1589214440916197454,finish=1589214440963589639,duration=47392185,event=enable_i386[0Ktravis_time:start:01b398fd[0Ktravis_time:end:01b398fd:start=1589214440969803094,finish=1589214440977221025,duration=7417931,event=update_rubygems[0Ktravis_time:start:1583280c[0Ktravis_time:end:1583280c:start=1589214440982917681,finish=1589214440990766598,duration=7848917,event=ensure_path_components[0Ktravis_time:start:0922e3f0[0Ktravis_time:end:0922e3f0:start=1589214440996005663,finish=1589214441000031044,duration=4025381,event=redefine_curl[0Ktravis_time:start:083bea39[0Ktravis_time:end:083bea39:start=1589214441005439651,finish=1589214441009422923,duration=3983272,event=nonblock_pipe[0Ktravis_time:start:12e788c1[0Ktravis_time:end:12e788c1:start=1589214441015143428,finish=1589214446626722640,duration=5611579212,event=apt_get_update[0Ktravis_time:start:1471c60e[0Ktravis_time:end:1471c60e:start=1589214446632241473,finish=1589214446636807775,duration=4566302,event=deprecate_xcode_64[0Ktravis_time:start:01bcdc08[0Ktravis_time:end:01bcdc08:start=1589214446642333159,finish=1589214446649248920,duration=6915761,event=update_heroku[0Ktravis_time:start:02d8e398[0Ktravis_time:end:02d8e398:start=1589214446655490501,finish=1589214446660410616,duration=4920115,event=shell_session_update[0Ktravis_time:start:15a594a8[0Ktravis_fold:start:docker_mtu[0Ktravis_fold:end:docker_mtu[0Ktravis_time:end:15a594a8:start=1589214446666552101,finish=1589214446702298946,duration=35746845,event=set_docker_mtu[0Ktravis_time:start:1937eda6[0Ktravis_time:end:1937eda6:start=1589214446708757743,finish=1589214446726184580,duration=17426837,event=resolvconf[0K
travis_fold:start:install_jdk[0K[33;1mInstalling oraclejdk7[0m
$ jdk_switcher use "oraclejdk7"
Switching to Oracle JDK7 (java-7-oracle), JAVA_HOME will be set to /usr/lib/jvm/java-7-oracle
travis_fold:end:install_jdk[0Ktravis_time:start:10b97bf0[0Ktravis_time:end:10b97bf0:start=1589214446749949682,finish=1589214446754796689,duration=4847007,event=fix_ps4[0Ktravis_time:start:2f1c550a[0K
$ cd failed/Scout24/deadcode4j

travis_time:end:2f1c550a:start=1589214446760690432,finish=1589214446766529328,duration=5838896,event=checkout[0Ktravis_time:start:033c12ea[0K
[33;1mSetting environment variables from .travis.yml[0m
$ export MVN_VERSION=3.0.5

travis_time:end:033c12ea:start=1589214446773327844,finish=1589214446981717374,duration=208389530,event=env[0Ktravis_fold:start:cache.1[0KSetting up build cache
$ export CASHER_DIR=${TRAVIS_HOME}/.casher
travis_time:start:015ad940[0K$ Installing caching utilities
travis_time:end:015ad940:start=1589214454295969078,finish=1589214457388821003,duration=3092851925,event=setup_casher[0Ktravis_time:start:2327164f[0K$ Installing caching utilities from the Travis CI server (https:///files/casher) failed, failing over to using GitHub (https://raw.githubusercontent.com/travis-ci/casher/bash/bin/casher)
travis_time:end:2327164f:start=1589214457397925885,finish=1589214457452408152,duration=54482267,event=setup_casher[0Ktravis_time:start:013d8648[0Ktravis_time:end:013d8648:start=1589214457465123964,finish=1589214457472064668,duration=6940704,event=setup_casher[0Ktravis_time:start:16feaf7c[0Kattempting to download cache archive[0m
[31;1mcould not download cache[0m
travis_time:end:16feaf7c:start=1589214457480521135,finish=1589214458936767365,duration=1456246230,event=setup_casher[0Ktravis_time:start:13e7f0b0[0Ktravis_time:end:13e7f0b0:start=1589214458945471515,finish=1589214458951442460,duration=5970945,event=setup_casher[0Ktravis_time:start:003d3884[0Kadding /home/travis/.m2/repository to cache[0m
travis_time:end:003d3884:start=1589214458960359195,finish=1589214460507022431,duration=1546663236,event=setup_casher[0Ktravis_fold:end:cache.1[0K
$ java -Xmx32m -version
$ javac -J-Xmx32m -version
travis_fold:start:before_install.1[0Ktravis_time:start:0beab284[0K$ MVN_URL=https://archive.apache.org/dist/maven/maven-3/$MVN_VERSION/binaries/apache-maven-$MVN_VERSION-bin.tar.gz
travis_time:end:0beab284:start=1589214460713619969,finish=1589214460720211604,duration=6591635,event=before_install[0Ktravis_fold:end:before_install.1[0Ktravis_fold:start:before_install.2[0Ktravis_time:start:0cf7ab14[0K$ wget -q -O /tmp/maven.tar.gz $MVN_URL
travis_time:end:0cf7ab14:start=1589214460728912261,finish=1589214463105926192,duration=2377013931,event=before_install[0Ktravis_fold:end:before_install.2[0Ktravis_fold:start:before_install.3[0Ktravis_time:start:07144c89[0K$ tar xzf /tmp/maven.tar.gz
travis_time:end:07144c89:start=1589214463116395946,finish=1589214463197383507,duration=80987561,event=before_install[0Ktravis_fold:end:before_install.3[0Ktravis_fold:start:before_install.4[0Ktravis_time:start:1ff2fd14[0K$ export M2_HOME=`pwd`/apache-maven-$MVN_VERSION
travis_time:end:1ff2fd14:start=1589214463207473219,finish=1589214463215932546,duration=8459327,event=before_install[0Ktravis_fold:end:before_install.4[0Ktravis_fold:start:before_install.5[0Ktravis_time:start:22a576f2[0K$ export PATH=$M2_HOME/bin:$PATH
travis_time:end:22a576f2:start=1589214463225074255,finish=1589214463231428545,duration=6354290,event=before_install[0Ktravis_fold:end:before_install.5[0Ktravis_fold:start:before_install.6[0Ktravis_time:start:2530ebfa[0K$ export MAVEN_SKIP_RC=true
travis_time:end:2530ebfa:start=1589214463241068213,finish=1589214463247297942,duration=6229729,event=before_install[0Ktravis_fold:end:before_install.6[0Ktravis_fold:start:install.1[0Ktravis_time:start:2ccb1f04[0K$ mvn -Dhttps.protocols=TLSv1.2 -Dhttps.protocols=TLSv1.2 -Dhttps.protocols=TLSv1.2 -B -U clean verify org.apache.maven.plugins:maven-war-plugin:2.4:help -Dinvoker.skip=true -Dmaven.main.skip=true -Dmaven.plugin.skip=true -Dmaven.test.skip=true -PenableCoverage,travis
[INFO] Scanning for projects...
[WARNING] 
[WARNING] Some problems were encountered while building the effective model for de.is24.mavenplugins:deadcode4j-maven-plugin:maven-plugin:2.2.0-SNAPSHOT
[WARNING] 'dependencies.dependency.exclusions.exclusion.groupId' for org.hibernate:hibernate-annotations:jar with value '*' does not match a valid id pattern. @ line 1070, column 15
[WARNING] 'dependencies.dependency.exclusions.exclusion.artifactId' for org.hibernate:hibernate-annotations:jar with value '*' does not match a valid id pattern. @ line 1073, column 18
[WARNING] 'dependencies.dependency.exclusions.exclusion.groupId' for org.springframework.data:spring-data-commons:jar with value '*' does not match a valid id pattern. @ line 1094, column 15
[WARNING] 'dependencies.dependency.exclusions.exclusion.artifactId' for org.springframework.data:spring-data-commons:jar with value '*' does not match a valid id pattern. @ line 1097, column 18
[WARNING] 
[WARNING] It is highly recommended to fix these problems because they threaten the stability of your build.
[WARNING] 
[WARNING] For this reason, future Maven versions might no longer support building such malformed projects.
[WARNING] 
Downloading: http://repo.maven.apache.org/maven2/org/apache/maven/plugins/maven-war-plugin/2.4/maven-war-plugin-2.4.pom
[INFO] ------------------------------------------------------------------------
[INFO] BUILD FAILURE
[INFO] ------------------------------------------------------------------------
[INFO] Total time: 0.509s
[INFO] Finished at: Mon May 11 16:27:44 UTC 2020
[INFO] Final Memory: 22M/1963M
[INFO] ------------------------------------------------------------------------
[ERROR] Plugin org.apache.maven.plugins:maven-war-plugin:2.4 or one of its dependencies could not be resolved: Failed to read artifact descriptor for org.apache.maven.plugins:maven-war-plugin:jar:2.4: Could not transfer artifact org.apache.maven.plugins:maven-war-plugin:pom:2.4 from/to central (http://repo.maven.apache.org/maven2): Failed to transfer file: http://repo.maven.apache.org/maven2/org/apache/maven/plugins/maven-war-plugin/2.4/maven-war-plugin-2.4.pom. Return code is: 501 , ReasonPhrase:HTTPS Required. -> [Help 1]
[ERROR] 
[ERROR] To see the full stack trace of the errors, re-run Maven with the -e switch.
[ERROR] Re-run Maven using the -X switch to enable full debug logging.
[ERROR] 
[ERROR] For more information about the errors and possible solutions, please read the following articles:
[ERROR] [Help 1] http://cwiki.apache.org/confluence/display/MAVEN/PluginResolutionException
travis_time:end:2ccb1f04:start=1589214463257725764,finish=1589214464828494972,duration=1570769208,event=install[0K[31;1mThe command "mvn -Dhttps.protocols=TLSv1.2 -Dhttps.protocols=TLSv1.2 -Dhttps.protocols=TLSv1.2 -B -U clean verify org.apache.maven.plugins:maven-war-plugin:2.4:help -Dinvoker.skip=true -Dmaven.main.skip=true -Dmaven.plugin.skip=true -Dmaven.test.skip=true -PenableCoverage,travis" failed and exited with 1 during .[0m

Your build has been stopped.
