travis_time:start:27159c59[0Ktravis_time:end:27159c59:start=1589214453509016863,finish=1589214453659825759,duration=150808896,event=no_world_writable_dirs[0Ktravis_time:start:0625a9d0[0Ktravis_time:end:0625a9d0:start=1589214453666411360,finish=1589214453670728589,duration=4317229,event=check_unsupported[0Ktravis_time:start:08801d7c[0Ktravis_fold:start:system_info[0K[33;1mBuild system information[0m
Build language: java
Build group: stable
Build dist: precise
Build id: ''
Job id: ''
Runtime kernel version: 4.15.0-91-generic
[34m[1mBuild image provisioning date and time[0m
Thu Feb  5 15:09:33 UTC 2015
[34m[1mOperating System Details[0m
Distributor ID:	Ubuntu
Description:	Ubuntu 12.04.5 LTS
Release:	12.04
Codename:	precise
[34m[1mLinux Version[0m
3.13.0-29-generic
[34m[1mCookbooks Version[0m
a68419e https://github.com/travis-ci/travis-cookbooks/tree/a68419e
[34m[1mGCC version[0m
gcc (Ubuntu/Linaro 4.6.3-1ubuntu5) 4.6.3
Copyright (C) 2011 Free Software Foundation, Inc.
This is free software; see the source for copying conditions.  There is NO
warranty; not even for MERCHANTABILITY or FITNESS FOR A PARTICULAR PURPOSE.

[34m[1mLLVM version[0m
clang version 3.4 (tags/RELEASE_34/final)
Target: x86_64-unknown-linux-gnu
Thread model: posix
[34m[1mPre-installed Ruby versions[0m
ruby-1.9.3-p551
[34m[1mPre-installed Node.js versions[0m
v0.10.36
[34m[1mPre-installed Go versions[0m
1.4.1
[34m[1mRedis version[0m
redis-server 2.8.19
[34m[1mriak version[0m
2.0.2
[34m[1mMongoDB version[0m
MongoDB 2.4.12
[34m[1mCouchDB version[0m
couchdb 1.6.1
[34m[1mNeo4j version[0m
1.9.4
[34m[1mRabbitMQ Version[0m
3.4.3
[34m[1mElasticSearch version[0m
1.4.0
[34m[1mInstalled Sphinx versions[0m
2.0.10
2.1.9
2.2.6
[34m[1mDefault Sphinx version[0m
2.2.6
[34m[1mInstalled Firefox version[0m
firefox 31.0esr
[34m[1mPhantomJS version[0m
1.9.8
[34m[1mant -version[0m
Apache Ant(TM) version 1.8.2 compiled on December 3 2011
[34m[1mmvn -version[0m
Apache Maven 3.2.5 (12a6b3acb947671f09b81f49094c53f426d8cea1; 2014-12-14T17:29:23+00:00)
Maven home: /usr/local/maven
Java version: 1.7.0_76, vendor: Oracle Corporation
Java home: /usr/lib/jvm/java-7-oracle/jre
Default locale: en_US, platform encoding: ANSI_X3.4-1968
OS name: "linux", version: "3.13.0-29-generic", arch: "amd64", family: "unix"
travis_fold:end:system_info[0K
travis_time:end:08801d7c:start=1589214453676563079,finish=1589214453684962908,duration=8399829,event=show_system_info[0Ktravis_time:start:1121490b[0Ktravis_time:end:1121490b:start=1589214453690543170,finish=1589214453706112347,duration=15569177,event=rm_riak_source[0Ktravis_time:start:0a771088[0Ktravis_time:end:0a771088:start=1589214453713325879,finish=1589214453723683956,duration=10358077,event=fix_rwky_redis[0Ktravis_time:start:192107a0[0K[31;1mTimeout waiting for network availability.[0m
travis_time:end:192107a0:start=1589214453729363308,finish=1589214474444925488,duration=20715562180,event=wait_for_network[0Ktravis_time:start:06ee53fc[0Ktravis_time:end:06ee53fc:start=1589214474451678271,finish=1589214474910350872,duration=458672601,event=update_apt_keys[0Ktravis_time:start:16e47446[0Ktravis_time:end:16e47446:start=1589214474916489939,finish=1589214474983405647,duration=66915708,event=fix_hhvm_source[0Ktravis_time:start:12ad2cc6[0Ktravis_time:end:12ad2cc6:start=1589214474990612784,finish=1589214474996116202,duration=5503418,event=update_mongo_arch[0Ktravis_time:start:0c02c348[0Ktravis_time:end:0c02c348:start=1589214475002707262,finish=1589214475047959995,duration=45252733,event=fix_sudo_enabled_trusty[0Ktravis_time:start:01884b00[0Ktravis_time:end:01884b00:start=1589214475054678632,finish=1589214475071487695,duration=16809063,event=clean_up_path[0Ktravis_time:start:1ba0cc7b[0Ktravis_time:end:1ba0cc7b:start=1589214475077600163,finish=1589214475092581738,duration=14981575,event=fix_resolv_conf[0Ktravis_time:start:1c600321[0Ktravis_time:end:1c600321:start=1589214475099390579,finish=1589214475116673550,duration=17282971,event=fix_etc_hosts[0Ktravis_time:start:1fd2b168[0Ktravis_time:start:2da993f5[0Ktravis_time:end:2da993f5:start=1589214475144895985,finish=1589214475163552501,duration=18656516,event=no_ipv6_localhost[0Ktravis_time:start:0854ab6a[0Ktravis_time:end:0854ab6a:start=1589214475170621572,finish=1589214475186570206,duration=15948634,event=fix_etc_mavenrc[0Ktravis_time:start:021622c4[0Ktravis_time:end:021622c4:start=1589214475193038205,finish=1589214475200357308,duration=7319103,event=fix_wwdr_certificate[0Ktravis_time:start:0e3e6000[0Ktravis_time:end:0e3e6000:start=1589214475207088053,finish=1589214475248852878,duration=41764825,event=put_localhost_first[0Ktravis_time:start:263359d8[0Ktravis_time:end:263359d8:start=1589214475255923408,finish=1589214475260709392,duration=4785984,event=home_paths[0Ktravis_time:start:2a580b4c[0Ktravis_time:end:2a580b4c:start=1589214475266755273,finish=1589214475288074593,duration=21319320,event=disable_initramfs[0Ktravis_time:start:04f2d91a[0Ktravis_time:end:04f2d91a:start=1589214475295748752,finish=1589214475319741562,duration=23992810,event=disable_ssh_roaming[0Ktravis_time:start:1c0da8f0[0Ktravis_time:end:1c0da8f0:start=1589214475326930382,finish=1589214475332111687,duration=5181305,event=debug_tools[0Ktravis_time:start:03b09908[0Ktravis_time:end:03b09908:start=1589214475339206692,finish=1589214475345759937,duration=6553245,event=uninstall_oclint[0Ktravis_time:start:078775b0[0Ktravis_time:end:078775b0:start=1589214475351936407,finish=1589214475358440387,duration=6503980,event=rvm_use[0Ktravis_time:start:01cadfd5[0Ktravis_time:end:01cadfd5:start=1589214475365319692,finish=1589214475380892938,duration=15573246,event=rm_etc_boto_cfg[0Ktravis_time:start:1b2420ac[0Ktravis_time:end:1b2420ac:start=1589214475387973199,finish=1589214475393425178,duration=5451979,event=rm_oraclejdk8_symlink[0Ktravis_time:start:0546684c[0Ktravis_time:end:0546684c:start=1589214475399525174,finish=1589214475438250265,duration=38725091,event=enable_i386[0Ktravis_time:start:017a98ac[0Ktravis_time:end:017a98ac:start=1589214475445304465,finish=1589214475452400668,duration=7096203,event=update_rubygems[0Ktravis_time:start:03e526e1[0Ktravis_time:end:03e526e1:start=1589214475458942237,finish=1589214475468584657,duration=9642420,event=ensure_path_components[0Ktravis_time:start:0dc5e710[0Ktravis_time:end:0dc5e710:start=1589214475474909646,finish=1589214475480209796,duration=5300150,event=redefine_curl[0Ktravis_time:start:030210ea[0Ktravis_time:end:030210ea:start=1589214475487590958,finish=1589214475493014225,duration=5423267,event=nonblock_pipe[0Ktravis_time:start:125da228[0Ktravis_time:end:125da228:start=1589214475499956091,finish=1589214480592326940,duration=5092370849,event=apt_get_update[0Ktravis_time:start:1a206c32[0Ktravis_time:end:1a206c32:start=1589214480598396449,finish=1589214480603522350,duration=5125901,event=deprecate_xcode_64[0Ktravis_time:start:05801ce1[0Ktravis_time:end:05801ce1:start=1589214480610040553,finish=1589214480617414158,duration=7373605,event=update_heroku[0Ktravis_time:start:0994fb00[0Ktravis_time:end:0994fb00:start=1589214480623946310,finish=1589214480628652820,duration=4706510,event=shell_session_update[0Ktravis_time:start:1550f790[0Ktravis_fold:start:docker_mtu[0Ktravis_fold:end:docker_mtu[0Ktravis_time:end:1550f790:start=1589214480635046119,finish=1589214480669917173,duration=34871054,event=set_docker_mtu[0Ktravis_time:start:1459ab13[0Ktravis_time:end:1459ab13:start=1589214480676336105,finish=1589214480693387704,duration=17051599,event=resolvconf[0K
travis_fold:start:install_jdk[0K[33;1mInstalling oraclejdk7[0m
$ jdk_switcher use "oraclejdk7"
Switching to Oracle JDK7 (java-7-oracle), JAVA_HOME will be set to /usr/lib/jvm/java-7-oracle
travis_fold:end:install_jdk[0Ktravis_time:start:0f985f4e[0Ktravis_time:end:0f985f4e:start=1589214480714239453,finish=1589214480718524449,duration=4284996,event=fix_ps4[0Ktravis_time:start:0e4d0245[0K
$ cd failed/Scout24/deadcode4j

travis_time:end:0e4d0245:start=1589214480724490820,finish=1589214480729682841,duration=5192021,event=checkout[0Ktravis_time:start:18551192[0K
[33;1mSetting environment variables from .travis.yml[0m
$ export MVN_VERSION=3.1.1

travis_time:end:18551192:start=1589214480736093940,finish=1589214481204326125,duration=468232185,event=env[0Ktravis_fold:start:cache.1[0KSetting up build cache
$ export CASHER_DIR=${TRAVIS_HOME}/.casher
travis_time:start:0924f54e[0K$ Installing caching utilities
travis_time:end:0924f54e:start=1589214489571484555,finish=1589214492659115988,duration=3087631433,event=setup_casher[0Ktravis_time:start:2c945160[0K$ Installing caching utilities from the Travis CI server (https:///files/casher) failed, failing over to using GitHub (https://raw.githubusercontent.com/travis-ci/casher/bash/bin/casher)
travis_time:end:2c945160:start=1589214492668489482,finish=1589214492720133502,duration=51644020,event=setup_casher[0Ktravis_time:start:036cfb85[0Ktravis_time:end:036cfb85:start=1589214492730862296,finish=1589214492737120682,duration=6258386,event=setup_casher[0Ktravis_time:start:023bb7f3[0Kattempting to download cache archive[0m
[31;1mcould not download cache[0m
travis_time:end:023bb7f3:start=1589214492744819891,finish=1589214494166352332,duration=1421532441,event=setup_casher[0Ktravis_time:start:21c12719[0Ktravis_time:end:21c12719:start=1589214494174842319,finish=1589214494180603548,duration=5761229,event=setup_casher[0Ktravis_time:start:20a4cbf8[0Kadding /home/travis/.m2/repository to cache[0m
travis_time:end:20a4cbf8:start=1589214494187720542,finish=1589214495670931522,duration=1483210980,event=setup_casher[0Ktravis_fold:end:cache.1[0K
$ java -Xmx32m -version
$ javac -J-Xmx32m -version
travis_fold:start:before_install.1[0Ktravis_time:start:0130fb7d[0K$ MVN_URL=https://archive.apache.org/dist/maven/maven-3/$MVN_VERSION/binaries/apache-maven-$MVN_VERSION-bin.tar.gz
travis_time:end:0130fb7d:start=1589214495877224610,finish=1589214495881850931,duration=4626321,event=before_install[0Ktravis_fold:end:before_install.1[0Ktravis_fold:start:before_install.2[0Ktravis_time:start:1a44c1df[0K$ wget -q -O /tmp/maven.tar.gz $MVN_URL
travis_time:end:1a44c1df:start=1589214495889411358,finish=1589214497952396046,duration=2062984688,event=before_install[0Ktravis_fold:end:before_install.2[0Ktravis_fold:start:before_install.3[0Ktravis_time:start:054671a4[0K$ tar xzf /tmp/maven.tar.gz
travis_time:end:054671a4:start=1589214497961018813,finish=1589214498033765050,duration=72746237,event=before_install[0Ktravis_fold:end:before_install.3[0Ktravis_fold:start:before_install.4[0Ktravis_time:start:02f3b3aa[0K$ export M2_HOME=`pwd`/apache-maven-$MVN_VERSION
travis_time:end:02f3b3aa:start=1589214498042262782,finish=1589214498049384296,duration=7121514,event=before_install[0Ktravis_fold:end:before_install.4[0Ktravis_fold:start:before_install.5[0Ktravis_time:start:01e9f5fb[0K$ export PATH=$M2_HOME/bin:$PATH
travis_time:end:01e9f5fb:start=1589214498056128991,finish=1589214498061257691,duration=5128700,event=before_install[0Ktravis_fold:end:before_install.5[0Ktravis_fold:start:before_install.6[0Ktravis_time:start:049711df[0K$ export MAVEN_SKIP_RC=true
travis_time:end:049711df:start=1589214498067492316,finish=1589214498071550577,duration=4058261,event=before_install[0Ktravis_fold:end:before_install.6[0Ktravis_fold:start:install.1[0Ktravis_time:start:12df1fdc[0K$ mvn -Dhttps.protocols=TLSv1.2 -Dhttps.protocols=TLSv1.2 -Dhttps.protocols=TLSv1.2 -B -U clean verify org.apache.maven.plugins:maven-war-plugin:2.4:help -Dinvoker.skip=true -Dmaven.main.skip=true -Dmaven.plugin.skip=true -Dmaven.test.skip=true -PenableCoverage,travis
[INFO] Scanning for projects...
[WARNING] 
[WARNING] Some problems were encountered while building the effective model for de.is24.mavenplugins:deadcode4j-maven-plugin:maven-plugin:2.2.0-SNAPSHOT
[WARNING] 'dependencies.dependency.exclusions.exclusion.groupId' for org.hibernate:hibernate-annotations:jar with value '*' does not match a valid id pattern. @ line 1070, column 15
[WARNING] 'dependencies.dependency.exclusions.exclusion.artifactId' for org.hibernate:hibernate-annotations:jar with value '*' does not match a valid id pattern. @ line 1073, column 18
[WARNING] 'dependencies.dependency.exclusions.exclusion.groupId' for org.springframework.data:spring-data-commons:jar with value '*' does not match a valid id pattern. @ line 1094, column 15
[WARNING] 'dependencies.dependency.exclusions.exclusion.artifactId' for org.springframework.data:spring-data-commons:jar with value '*' does not match a valid id pattern. @ line 1097, column 18
[WARNING] 
[WARNING] It is highly recommended to fix these problems because they threaten the stability of your build.
[WARNING] 
[WARNING] For this reason, future Maven versions might no longer support building such malformed projects.
[WARNING] 
[INFO] Downloading: http://repo.maven.apache.org/maven2/org/apache/maven/plugins/maven-war-plugin/2.4/maven-war-plugin-2.4.pom
[INFO] ------------------------------------------------------------------------
[INFO] BUILD FAILURE
[INFO] ------------------------------------------------------------------------
[INFO] Total time: 1.491s
[INFO] Finished at: Mon May 11 16:28:20 UTC 2020
[INFO] Final Memory: 23M/1963M
[INFO] ------------------------------------------------------------------------
[ERROR] Plugin org.apache.maven.plugins:maven-war-plugin:2.4 or one of its dependencies could not be resolved: Failed to read artifact descriptor for org.apache.maven.plugins:maven-war-plugin:jar:2.4: Could not transfer artifact org.apache.maven.plugins:maven-war-plugin:pom:2.4 from/to central (http://repo.maven.apache.org/maven2): Failed to transfer file: http://repo.maven.apache.org/maven2/org/apache/maven/plugins/maven-war-plugin/2.4/maven-war-plugin-2.4.pom. Return code is: 501 , ReasonPhrase:HTTPS Required. -> [Help 1]
[ERROR] 
[ERROR] To see the full stack trace of the errors, re-run Maven with the -e switch.
[ERROR] Re-run Maven using the -X switch to enable full debug logging.
[ERROR] 
[ERROR] For more information about the errors and possible solutions, please read the following articles:
[ERROR] [Help 1] http://cwiki.apache.org/confluence/display/MAVEN/PluginResolutionException
travis_time:end:12df1fdc:start=1589214498077790731,finish=1589214500832257859,duration=2754467128,event=install[0K[31;1mThe command "mvn -Dhttps.protocols=TLSv1.2 -Dhttps.protocols=TLSv1.2 -Dhttps.protocols=TLSv1.2 -B -U clean verify org.apache.maven.plugins:maven-war-plugin:2.4:help -Dinvoker.skip=true -Dmaven.main.skip=true -Dmaven.plugin.skip=true -Dmaven.test.skip=true -PenableCoverage,travis" failed and exited with 1 during .[0m

Your build has been stopped.
