travis_time:start:04cd727a[0Ktravis_time:end:04cd727a:start=1589214632767019385,finish=1589214632905125587,duration=138106202,event=no_world_writable_dirs[0Ktravis_time:start:17074eca[0Ktravis_time:end:17074eca:start=1589214632911899892,finish=1589214632916164103,duration=4264211,event=check_unsupported[0Ktravis_time:start:0994ed0e[0Ktravis_fold:start:system_info[0K[33;1mBuild system information[0m
Build language: java
Build group: stable
Build dist: precise
Build id: ''
Job id: ''
Runtime kernel version: 4.15.0-91-generic
[34m[1mBuild image provisioning date and time[0m
Thu Feb  5 15:09:33 UTC 2015
[34m[1mOperating System Details[0m
Distributor ID:	Ubuntu
Description:	Ubuntu 12.04.5 LTS
Release:	12.04
Codename:	precise
[34m[1mLinux Version[0m
3.13.0-29-generic
[34m[1mCookbooks Version[0m
a68419e https://github.com/travis-ci/travis-cookbooks/tree/a68419e
[34m[1mGCC version[0m
gcc (Ubuntu/Linaro 4.6.3-1ubuntu5) 4.6.3
Copyright (C) 2011 Free Software Foundation, Inc.
This is free software; see the source for copying conditions.  There is NO
warranty; not even for MERCHANTABILITY or FITNESS FOR A PARTICULAR PURPOSE.

[34m[1mLLVM version[0m
clang version 3.4 (tags/RELEASE_34/final)
Target: x86_64-unknown-linux-gnu
Thread model: posix
[34m[1mPre-installed Ruby versions[0m
ruby-1.9.3-p551
[34m[1mPre-installed Node.js versions[0m
v0.10.36
[34m[1mPre-installed Go versions[0m
1.4.1
[34m[1mRedis version[0m
redis-server 2.8.19
[34m[1mriak version[0m
2.0.2
[34m[1mMongoDB version[0m
MongoDB 2.4.12
[34m[1mCouchDB version[0m
couchdb 1.6.1
[34m[1mNeo4j version[0m
1.9.4
[34m[1mRabbitMQ Version[0m
3.4.3
[34m[1mElasticSearch version[0m
1.4.0
[34m[1mInstalled Sphinx versions[0m
2.0.10
2.1.9
2.2.6
[34m[1mDefault Sphinx version[0m
2.2.6
[34m[1mInstalled Firefox version[0m
firefox 31.0esr
[34m[1mPhantomJS version[0m
1.9.8
[34m[1mant -version[0m
Apache Ant(TM) version 1.8.2 compiled on December 3 2011
[34m[1mmvn -version[0m
Apache Maven 3.2.5 (12a6b3acb947671f09b81f49094c53f426d8cea1; 2014-12-14T17:29:23+00:00)
Maven home: /usr/local/maven
Java version: 1.7.0_76, vendor: Oracle Corporation
Java home: /usr/lib/jvm/java-7-oracle/jre
Default locale: en_US, platform encoding: ANSI_X3.4-1968
OS name: "linux", version: "3.13.0-29-generic", arch: "amd64", family: "unix"
travis_fold:end:system_info[0K
travis_time:end:0994ed0e:start=1589214632922097646,finish=1589214632931168468,duration=9070822,event=show_system_info[0Ktravis_time:start:047a9204[0Ktravis_time:end:047a9204:start=1589214632936635713,finish=1589214632955205234,duration=18569521,event=rm_riak_source[0Ktravis_time:start:2202b436[0Ktravis_time:end:2202b436:start=1589214632960305289,finish=1589214632969308074,duration=9002785,event=fix_rwky_redis[0Ktravis_time:start:3792fdbc[0K[31;1mTimeout waiting for network availability.[0m
travis_time:end:3792fdbc:start=1589214632974768181,finish=1589214653672497621,duration=20697729440,event=wait_for_network[0Ktravis_time:start:084ffe2b[0Ktravis_time:end:084ffe2b:start=1589214653679416458,finish=1589214654428404308,duration=748987850,event=update_apt_keys[0Ktravis_time:start:223075c1[0Ktravis_time:end:223075c1:start=1589214654434303443,finish=1589214654495846088,duration=61542645,event=fix_hhvm_source[0Ktravis_time:start:08e7b520[0Ktravis_time:end:08e7b520:start=1589214654502629021,finish=1589214654508096208,duration=5467187,event=update_mongo_arch[0Ktravis_time:start:03eda79e[0Ktravis_time:end:03eda79e:start=1589214654514773738,finish=1589214654558540094,duration=43766356,event=fix_sudo_enabled_trusty[0Ktravis_time:start:124be1c0[0Ktravis_time:end:124be1c0:start=1589214654565185257,finish=1589214654580987989,duration=15802732,event=clean_up_path[0Ktravis_time:start:01d1ba18[0Ktravis_time:end:01d1ba18:start=1589214654587079041,finish=1589214654602615769,duration=15536728,event=fix_resolv_conf[0Ktravis_time:start:1084bb47[0Ktravis_time:end:1084bb47:start=1589214654609071354,finish=1589214654627361254,duration=18289900,event=fix_etc_hosts[0Ktravis_time:start:10a37a8d[0Ktravis_time:start:14f51592[0Ktravis_time:end:14f51592:start=1589214654653703685,finish=1589214654672533924,duration=18830239,event=no_ipv6_localhost[0Ktravis_time:start:064d5315[0Ktravis_time:end:064d5315:start=1589214654679309177,finish=1589214654695917213,duration=16608036,event=fix_etc_mavenrc[0Ktravis_time:start:071007c0[0Ktravis_time:end:071007c0:start=1589214654702471019,finish=1589214654709388804,duration=6917785,event=fix_wwdr_certificate[0Ktravis_time:start:0026c23a[0Ktravis_time:end:0026c23a:start=1589214654715694711,finish=1589214654753762554,duration=38067843,event=put_localhost_first[0Ktravis_time:start:1855f54b[0Ktravis_time:end:1855f54b:start=1589214654759661118,finish=1589214654764643566,duration=4982448,event=home_paths[0Ktravis_time:start:034fcddf[0Ktravis_time:end:034fcddf:start=1589214654771083073,finish=1589214654790327343,duration=19244270,event=disable_initramfs[0Ktravis_time:start:0c5e3370[0Ktravis_time:end:0c5e3370:start=1589214654795705456,finish=1589214654815615468,duration=19910012,event=disable_ssh_roaming[0Ktravis_time:start:00436c46[0Ktravis_time:end:00436c46:start=1589214654822555767,finish=1589214654828027960,duration=5472193,event=debug_tools[0Ktravis_time:start:0cba19fc[0Ktravis_time:end:0cba19fc:start=1589214654835025875,finish=1589214654840797025,duration=5771150,event=uninstall_oclint[0Ktravis_time:start:08b44eac[0Ktravis_time:end:08b44eac:start=1589214654847411496,finish=1589214654854426730,duration=7015234,event=rvm_use[0Ktravis_time:start:04709746[0Ktravis_time:end:04709746:start=1589214654861561735,finish=1589214654877212078,duration=15650343,event=rm_etc_boto_cfg[0Ktravis_time:start:28df52a2[0Ktravis_time:end:28df52a2:start=1589214654883650161,finish=1589214654888677108,duration=5026947,event=rm_oraclejdk8_symlink[0Ktravis_time:start:007fd45b[0Ktravis_time:end:007fd45b:start=1589214654895462183,finish=1589214654943777095,duration=48314912,event=enable_i386[0Ktravis_time:start:00ca9473[0Ktravis_time:end:00ca9473:start=1589214654949976415,finish=1589214654957096183,duration=7119768,event=update_rubygems[0Ktravis_time:start:11a0ef7c[0Ktravis_time:end:11a0ef7c:start=1589214654963363611,finish=1589214654973629061,duration=10265450,event=ensure_path_components[0Ktravis_time:start:01481536[0Ktravis_time:end:01481536:start=1589214654980349631,finish=1589214654984658178,duration=4308547,event=redefine_curl[0Ktravis_time:start:0bef917f[0Ktravis_time:end:0bef917f:start=1589214654990541029,finish=1589214654994996422,duration=4455393,event=nonblock_pipe[0Ktravis_time:start:01329b04[0Ktravis_time:end:01329b04:start=1589214655000897252,finish=1589214660292390156,duration=5291492904,event=apt_get_update[0Ktravis_time:start:17eba275[0Ktravis_time:end:17eba275:start=1589214660299539926,finish=1589214660304327590,duration=4787664,event=deprecate_xcode_64[0Ktravis_time:start:10afd52b[0Ktravis_time:end:10afd52b:start=1589214660310554805,finish=1589214660319015093,duration=8460288,event=update_heroku[0Ktravis_time:start:20ca7056[0Ktravis_time:end:20ca7056:start=1589214660325754530,finish=1589214660330787099,duration=5032569,event=shell_session_update[0Ktravis_time:start:01e80bb0[0Ktravis_fold:start:docker_mtu[0Ktravis_fold:end:docker_mtu[0Ktravis_time:end:01e80bb0:start=1589214660337524881,finish=1589214660376018934,duration=38494053,event=set_docker_mtu[0Ktravis_time:start:0996175a[0Ktravis_time:end:0996175a:start=1589214660382864252,finish=1589214660399858541,duration=16994289,event=resolvconf[0K
travis_fold:start:install_jdk[0K[33;1mInstalling oraclejdk8[0m
$ jdk_switcher use "oraclejdk8"
Switching to Oracle JDK8 (java-8-oracle), JAVA_HOME will be set to /usr/lib/jvm/java-8-oracle
travis_fold:end:install_jdk[0Ktravis_time:start:2bc1f720[0Ktravis_time:end:2bc1f720:start=1589214660420260667,finish=1589214660424338855,duration=4078188,event=fix_ps4[0Ktravis_time:start:047ab1a5[0K
$ cd passed/Scout24/deadcode4j

travis_time:end:047ab1a5:start=1589214660430489002,finish=1589214660435689144,duration=5200142,event=checkout[0Ktravis_time:start:03a4f8e6[0K
[33;1mSetting environment variables from .travis.yml[0m
$ export MVN_VERSION=3.1.1

travis_time:end:03a4f8e6:start=1589214660441528640,finish=1589214660548426050,duration=106897410,event=env[0Ktravis_fold:start:cache.1[0KSetting up build cache
$ export CASHER_DIR=${TRAVIS_HOME}/.casher
travis_time:start:0789d9b0[0K$ Installing caching utilities
travis_time:end:0789d9b0:start=1589214667982575351,finish=1589214671070884747,duration=3088309396,event=setup_casher[0Ktravis_time:start:0739f803[0K$ Installing caching utilities from the Travis CI server (https:///files/casher) failed, failing over to using GitHub (https://raw.githubusercontent.com/travis-ci/casher/bash/bin/casher)
travis_time:end:0739f803:start=1589214671080167430,finish=1589214671147255903,duration=67088473,event=setup_casher[0Ktravis_time:start:108024f0[0Ktravis_time:end:108024f0:start=1589214671159524581,finish=1589214671166040305,duration=6515724,event=setup_casher[0Ktravis_time:start:0d078d90[0Kattempting to download cache archive[0m
[31;1mcould not download cache[0m
travis_time:end:0d078d90:start=1589214671174851739,finish=1589214672626891216,duration=1452039477,event=setup_casher[0Ktravis_time:start:1a4dc949[0Ktravis_time:end:1a4dc949:start=1589214672633592946,finish=1589214672638225141,duration=4632195,event=setup_casher[0Ktravis_time:start:004d52b8[0Kadding /home/travis/.m2/repository to cache[0m
travis_time:end:004d52b8:start=1589214672643965751,finish=1589214674071716259,duration=1427750508,event=setup_casher[0Ktravis_fold:end:cache.1[0K
$ java -Xmx32m -version
$ javac -J-Xmx32m -version
travis_fold:start:before_install.1[0Ktravis_time:start:2ae66d4f[0K$ MVN_URL=https://archive.apache.org/dist/maven/maven-3/$MVN_VERSION/binaries/apache-maven-$MVN_VERSION-bin.tar.gz
travis_time:end:2ae66d4f:start=1589214674337669950,finish=1589214674343042002,duration=5372052,event=before_install[0Ktravis_fold:end:before_install.1[0Ktravis_fold:start:before_install.2[0Ktravis_time:start:18ccb77c[0K$ wget -q -O /tmp/maven.tar.gz $MVN_URL
travis_time:end:18ccb77c:start=1589214674351512816,finish=1589214676474232727,duration=2122719911,event=before_install[0Ktravis_fold:end:before_install.2[0Ktravis_fold:start:before_install.3[0Ktravis_time:start:2fc1302b[0K$ tar xzf /tmp/maven.tar.gz
travis_time:end:2fc1302b:start=1589214676481937935,finish=1589214676566092348,duration=84154413,event=before_install[0Ktravis_fold:end:before_install.3[0Ktravis_fold:start:before_install.4[0Ktravis_time:start:0b8a967d[0K$ export M2_HOME=`pwd`/apache-maven-$MVN_VERSION
travis_time:end:0b8a967d:start=1589214676574970534,finish=1589214676583209965,duration=8239431,event=before_install[0Ktravis_fold:end:before_install.4[0Ktravis_fold:start:before_install.5[0Ktravis_time:start:217ccfd8[0K$ export PATH=$M2_HOME/bin:$PATH
travis_time:end:217ccfd8:start=1589214676592417588,finish=1589214676598768828,duration=6351240,event=before_install[0Ktravis_fold:end:before_install.5[0Ktravis_fold:start:before_install.6[0Ktravis_time:start:24399362[0K$ export MAVEN_SKIP_RC=true
travis_time:end:24399362:start=1589214676607759426,finish=1589214676613566322,duration=5806896,event=before_install[0Ktravis_fold:end:before_install.6[0Ktravis_fold:start:install.1[0Ktravis_time:start:00f147ed[0K$ mvn -Dhttps.protocols=TLSv1.2 -Dhttps.protocols=TLSv1.2 -B -U clean verify org.apache.maven.plugins:maven-war-plugin:2.4:help -Dinvoker.skip=true -Dmaven.main.skip=true -Dmaven.plugin.skip=true -Dmaven.test.skip=true -PenableCoverage,travis
[INFO] Scanning for projects...
[WARNING] 
[WARNING] Some problems were encountered while building the effective model for de.is24.mavenplugins:deadcode4j-maven-plugin:maven-plugin:2.2.0-SNAPSHOT
[WARNING] 'dependencies.dependency.exclusions.exclusion.groupId' for org.hibernate:hibernate-annotations:jar with value '*' does not match a valid id pattern. @ line 1070, column 15
[WARNING] 'dependencies.dependency.exclusions.exclusion.artifactId' for org.hibernate:hibernate-annotations:jar with value '*' does not match a valid id pattern. @ line 1073, column 18
[WARNING] 'dependencies.dependency.exclusions.exclusion.groupId' for org.springframework.data:spring-data-commons:jar with value '*' does not match a valid id pattern. @ line 1094, column 15
[WARNING] 'dependencies.dependency.exclusions.exclusion.artifactId' for org.springframework.data:spring-data-commons:jar with value '*' does not match a valid id pattern. @ line 1097, column 18
[WARNING] 
[WARNING] It is highly recommended to fix these problems because they threaten the stability of your build.
[WARNING] 
[WARNING] For this reason, future Maven versions might no longer support building such malformed projects.
[WARNING] 
[INFO] Downloading: http://repo.maven.apache.org/maven2/org/apache/maven/plugins/maven-war-plugin/2.4/maven-war-plugin-2.4.pom
[INFO] ------------------------------------------------------------------------
[INFO] BUILD FAILURE
[INFO] ------------------------------------------------------------------------
[INFO] Total time: 0.486s
[INFO] Finished at: Mon May 11 16:31:18 UTC 2020
[INFO] Final Memory: 23M/1963M
[INFO] ------------------------------------------------------------------------
[ERROR] Plugin org.apache.maven.plugins:maven-war-plugin:2.4 or one of its dependencies could not be resolved: Failed to read artifact descriptor for org.apache.maven.plugins:maven-war-plugin:jar:2.4: Could not transfer artifact org.apache.maven.plugins:maven-war-plugin:pom:2.4 from/to central (http://repo.maven.apache.org/maven2): Failed to transfer file: http://repo.maven.apache.org/maven2/org/apache/maven/plugins/maven-war-plugin/2.4/maven-war-plugin-2.4.pom. Return code is: 501 , ReasonPhrase:HTTPS Required. -> [Help 1]
[ERROR] 
[ERROR] To see the full stack trace of the errors, re-run Maven with the -e switch.
[ERROR] Re-run Maven using the -X switch to enable full debug logging.
[ERROR] 
[ERROR] For more information about the errors and possible solutions, please read the following articles:
[ERROR] [Help 1] http://cwiki.apache.org/confluence/display/MAVEN/PluginResolutionException
travis_time:end:00f147ed:start=1589214676621877047,finish=1589214678365583034,duration=1743705987,event=install[0K[31;1mThe command "mvn -Dhttps.protocols=TLSv1.2 -Dhttps.protocols=TLSv1.2 -B -U clean verify org.apache.maven.plugins:maven-war-plugin:2.4:help -Dinvoker.skip=true -Dmaven.main.skip=true -Dmaven.plugin.skip=true -Dmaven.test.skip=true -PenableCoverage,travis" failed and exited with 1 during .[0m

Your build has been stopped.
