travis_time:start:141b43f6[0Ktravis_time:end:141b43f6:start=1589214320721708502,finish=1589214320940196135,duration=218487633,event=no_world_writable_dirs[0Ktravis_time:start:20a335ac[0Ktravis_time:end:20a335ac:start=1589214320947435062,finish=1589214320952360694,duration=4925632,event=check_unsupported[0Ktravis_time:start:25471f1a[0Ktravis_fold:start:system_info[0K[33;1mBuild system information[0m
Build language: java
Build group: stable
Build dist: precise
Build id: ''
Job id: ''
Runtime kernel version: 4.15.0-91-generic
[34m[1mBuild image provisioning date and time[0m
Thu Feb  5 15:09:33 UTC 2015
[34m[1mOperating System Details[0m
Distributor ID:	Ubuntu
Description:	Ubuntu 12.04.5 LTS
Release:	12.04
Codename:	precise
[34m[1mLinux Version[0m
3.13.0-29-generic
[34m[1mCookbooks Version[0m
a68419e https://github.com/travis-ci/travis-cookbooks/tree/a68419e
[34m[1mGCC version[0m
gcc (Ubuntu/Linaro 4.6.3-1ubuntu5) 4.6.3
Copyright (C) 2011 Free Software Foundation, Inc.
This is free software; see the source for copying conditions.  There is NO
warranty; not even for MERCHANTABILITY or FITNESS FOR A PARTICULAR PURPOSE.

[34m[1mLLVM version[0m
clang version 3.4 (tags/RELEASE_34/final)
Target: x86_64-unknown-linux-gnu
Thread model: posix
[34m[1mPre-installed Ruby versions[0m
ruby-1.9.3-p551
[34m[1mPre-installed Node.js versions[0m
v0.10.36
[34m[1mPre-installed Go versions[0m
1.4.1
[34m[1mRedis version[0m
redis-server 2.8.19
[34m[1mriak version[0m
2.0.2
[34m[1mMongoDB version[0m
MongoDB 2.4.12
[34m[1mCouchDB version[0m
couchdb 1.6.1
[34m[1mNeo4j version[0m
1.9.4
[34m[1mRabbitMQ Version[0m
3.4.3
[34m[1mElasticSearch version[0m
1.4.0
[34m[1mInstalled Sphinx versions[0m
2.0.10
2.1.9
2.2.6
[34m[1mDefault Sphinx version[0m
2.2.6
[34m[1mInstalled Firefox version[0m
firefox 31.0esr
[34m[1mPhantomJS version[0m
1.9.8
[34m[1mant -version[0m
Apache Ant(TM) version 1.8.2 compiled on December 3 2011
[34m[1mmvn -version[0m
Apache Maven 3.2.5 (12a6b3acb947671f09b81f49094c53f426d8cea1; 2014-12-14T17:29:23+00:00)
Maven home: /usr/local/maven
Java version: 1.7.0_76, vendor: Oracle Corporation
Java home: /usr/lib/jvm/java-7-oracle/jre
Default locale: en_US, platform encoding: ANSI_X3.4-1968
OS name: "linux", version: "3.13.0-29-generic", arch: "amd64", family: "unix"
travis_fold:end:system_info[0K
travis_time:end:25471f1a:start=1589214320958161399,finish=1589214320968101795,duration=9940396,event=show_system_info[0Ktravis_time:start:06e0f52b[0Ktravis_time:end:06e0f52b:start=1589214320974266068,finish=1589214320993507673,duration=19241605,event=rm_riak_source[0Ktravis_time:start:1fbfe547[0Ktravis_time:end:1fbfe547:start=1589214320999752953,finish=1589214321011013111,duration=11260158,event=fix_rwky_redis[0Ktravis_time:start:1ab01001[0K[31;1mTimeout waiting for network availability.[0m
travis_time:end:1ab01001:start=1589214321017178183,finish=1589214341741810282,duration=20724632099,event=wait_for_network[0Ktravis_time:start:0c38e3eb[0Ktravis_time:end:0c38e3eb:start=1589214341749844241,finish=1589214344895820519,duration=3145976278,event=update_apt_keys[0Ktravis_time:start:0ca64362[0Ktravis_time:end:0ca64362:start=1589214344901593915,finish=1589214344966283287,duration=64689372,event=fix_hhvm_source[0Ktravis_time:start:1d98bffa[0Ktravis_time:end:1d98bffa:start=1589214344972558859,finish=1589214344978781787,duration=6222928,event=update_mongo_arch[0Ktravis_time:start:0e3ab47e[0Ktravis_time:end:0e3ab47e:start=1589214344985032493,finish=1589214345032771511,duration=47739018,event=fix_sudo_enabled_trusty[0Ktravis_time:start:12ff07c9[0Ktravis_time:end:12ff07c9:start=1589214345038540678,finish=1589214345054097966,duration=15557288,event=clean_up_path[0Ktravis_time:start:13f30851[0Ktravis_time:end:13f30851:start=1589214345059672348,finish=1589214345074198379,duration=14526031,event=fix_resolv_conf[0Ktravis_time:start:0751d238[0Ktravis_time:end:0751d238:start=1589214345080605562,finish=1589214345097399574,duration=16794012,event=fix_etc_hosts[0Ktravis_time:start:11d0296e[0Ktravis_time:start:0adfc280[0Ktravis_time:end:0adfc280:start=1589214345135132242,finish=1589214345152800467,duration=17668225,event=no_ipv6_localhost[0Ktravis_time:start:03c65478[0Ktravis_time:end:03c65478:start=1589214345159404947,finish=1589214345184607574,duration=25202627,event=fix_etc_mavenrc[0Ktravis_time:start:0da0df1c[0Ktravis_time:end:0da0df1c:start=1589214345191313558,finish=1589214345198578966,duration=7265408,event=fix_wwdr_certificate[0Ktravis_time:start:01f7f500[0Ktravis_time:end:01f7f500:start=1589214345204979656,finish=1589214345247145559,duration=42165903,event=put_localhost_first[0Ktravis_time:start:1ebf14c2[0Ktravis_time:end:1ebf14c2:start=1589214345253663002,finish=1589214345259147654,duration=5484652,event=home_paths[0Ktravis_time:start:1e83a4f6[0Ktravis_time:end:1e83a4f6:start=1589214345265757589,finish=1589214345295348925,duration=29591336,event=disable_initramfs[0Ktravis_time:start:2481b211[0Ktravis_time:end:2481b211:start=1589214345302262885,finish=1589214345327917267,duration=25654382,event=disable_ssh_roaming[0Ktravis_time:start:06c2b040[0Ktravis_time:end:06c2b040:start=1589214345335264454,finish=1589214345340246077,duration=4981623,event=debug_tools[0Ktravis_time:start:2de6c888[0Ktravis_time:end:2de6c888:start=1589214345347620498,finish=1589214345354905348,duration=7284850,event=uninstall_oclint[0Ktravis_time:start:0a4f8a6c[0Ktravis_time:end:0a4f8a6c:start=1589214345362304680,finish=1589214345369048656,duration=6743976,event=rvm_use[0Ktravis_time:start:08d41964[0Ktravis_time:end:08d41964:start=1589214345375990562,finish=1589214345391700412,duration=15709850,event=rm_etc_boto_cfg[0Ktravis_time:start:0201dabc[0Ktravis_time:end:0201dabc:start=1589214345398978664,finish=1589214345403746417,duration=4767753,event=rm_oraclejdk8_symlink[0Ktravis_time:start:3d3d3aec[0Ktravis_time:end:3d3d3aec:start=1589214345410713059,finish=1589214345458653223,duration=47940164,event=enable_i386[0Ktravis_time:start:3642ca74[0Ktravis_time:end:3642ca74:start=1589214345465788056,finish=1589214345473702978,duration=7914922,event=update_rubygems[0Ktravis_time:start:30fd2974[0Ktravis_time:end:30fd2974:start=1589214345479976591,finish=1589214345489344561,duration=9367970,event=ensure_path_components[0Ktravis_time:start:02b9670e[0Ktravis_time:end:02b9670e:start=1589214345496046285,finish=1589214345501035861,duration=4989576,event=redefine_curl[0Ktravis_time:start:0426e252[0Ktravis_time:end:0426e252:start=1589214345507831884,finish=1589214345513569220,duration=5737336,event=nonblock_pipe[0Ktravis_time:start:02f49e0c[0Ktravis_time:end:02f49e0c:start=1589214345521125996,finish=1589214350792207989,duration=5271081993,event=apt_get_update[0Ktravis_time:start:1b29f13e[0Ktravis_time:end:1b29f13e:start=1589214350798634711,finish=1589214350803235298,duration=4600587,event=deprecate_xcode_64[0Ktravis_time:start:19c76190[0Ktravis_time:end:19c76190:start=1589214350809048650,finish=1589214350816143713,duration=7095063,event=update_heroku[0Ktravis_time:start:0f787fc6[0Ktravis_time:end:0f787fc6:start=1589214350822829004,finish=1589214350827373985,duration=4544981,event=shell_session_update[0Ktravis_time:start:03724875[0Ktravis_fold:start:docker_mtu[0Ktravis_fold:end:docker_mtu[0Ktravis_time:end:03724875:start=1589214350833341679,finish=1589214350868911484,duration=35569805,event=set_docker_mtu[0Ktravis_time:start:091fd898[0Ktravis_time:end:091fd898:start=1589214350874916838,finish=1589214350891684107,duration=16767269,event=resolvconf[0K
travis_fold:start:install_jdk[0K[33;1mInstalling openjdk7[0m
$ jdk_switcher use "openjdk7"
Switching to OpenJDK7 (java-1.7.0-openjdk-amd64), JAVA_HOME will be set to /usr/lib/jvm/java-7-openjdk-amd64
travis_fold:end:install_jdk[0Ktravis_time:start:15958224[0Ktravis_time:end:15958224:start=1589214350915660981,finish=1589214350920189254,duration=4528273,event=fix_ps4[0Ktravis_time:start:0267cbd4[0K
$ cd failed/Scout24/deadcode4j

travis_time:end:0267cbd4:start=1589214350926552477,finish=1589214350932521155,duration=5968678,event=checkout[0Ktravis_time:start:020661ff[0K
[33;1mSetting environment variables from .travis.yml[0m
$ export MVN_VERSION=3.1.1

travis_time:end:020661ff:start=1589214350939423633,finish=1589214351105040826,duration=165617193,event=env[0Ktravis_fold:start:cache.1[0KSetting up build cache
$ export CASHER_DIR=${TRAVIS_HOME}/.casher
travis_time:start:12ec0f36[0K$ Installing caching utilities
travis_time:end:12ec0f36:start=1589214357924256381,finish=1589214361008889429,duration=3084633048,event=setup_casher[0Ktravis_time:start:081ce11c[0K$ Installing caching utilities from the Travis CI server (https:///files/casher) failed, failing over to using GitHub (https://raw.githubusercontent.com/travis-ci/casher/bash/bin/casher)
travis_time:end:081ce11c:start=1589214361016976595,finish=1589214361079035497,duration=62058902,event=setup_casher[0Ktravis_time:start:0d0e6ae0[0Ktravis_time:end:0d0e6ae0:start=1589214361089528703,finish=1589214361095842482,duration=6313779,event=setup_casher[0Ktravis_time:start:03119786[0Kattempting to download cache archive[0m
[31;1mcould not download cache[0m
travis_time:end:03119786:start=1589214361103458322,finish=1589214362481708515,duration=1378250193,event=setup_casher[0Ktravis_time:start:1d4c2f6c[0Ktravis_time:end:1d4c2f6c:start=1589214362488889633,finish=1589214362494951214,duration=6061581,event=setup_casher[0Ktravis_time:start:1d7f864c[0Kadding /home/travis/.m2/repository to cache[0m
travis_time:end:1d7f864c:start=1589214362502909626,finish=1589214363994519969,duration=1491610343,event=setup_casher[0Ktravis_fold:end:cache.1[0K
$ java -Xmx32m -version
$ javac -J-Xmx32m -version
travis_fold:start:before_install.1[0Ktravis_time:start:00d89dc4[0K$ MVN_URL=https://archive.apache.org/dist/maven/maven-3/$MVN_VERSION/binaries/apache-maven-$MVN_VERSION-bin.tar.gz
travis_time:end:00d89dc4:start=1589214364218335099,finish=1589214364224061176,duration=5726077,event=before_install[0Ktravis_fold:end:before_install.1[0Ktravis_fold:start:before_install.2[0Ktravis_time:start:22af2e90[0K$ wget -q -O /tmp/maven.tar.gz $MVN_URL
travis_time:end:22af2e90:start=1589214364232430497,finish=1589214366315321007,duration=2082890510,event=before_install[0Ktravis_fold:end:before_install.2[0Ktravis_fold:start:before_install.3[0Ktravis_time:start:169719f0[0K$ tar xzf /tmp/maven.tar.gz
travis_time:end:169719f0:start=1589214366325704369,finish=1589214366412661609,duration=86957240,event=before_install[0Ktravis_fold:end:before_install.3[0Ktravis_fold:start:before_install.4[0Ktravis_time:start:059cc6a6[0K$ export M2_HOME=`pwd`/apache-maven-$MVN_VERSION
travis_time:end:059cc6a6:start=1589214366421785864,finish=1589214366430229992,duration=8444128,event=before_install[0Ktravis_fold:end:before_install.4[0Ktravis_fold:start:before_install.5[0Ktravis_time:start:1a79a1f7[0K$ export PATH=$M2_HOME/bin:$PATH
travis_time:end:1a79a1f7:start=1589214366438140936,finish=1589214366443560062,duration=5419126,event=before_install[0Ktravis_fold:end:before_install.5[0Ktravis_fold:start:before_install.6[0Ktravis_time:start:16b399f8[0K$ export MAVEN_SKIP_RC=true
travis_time:end:16b399f8:start=1589214366452274181,finish=1589214366458162682,duration=5888501,event=before_install[0Ktravis_fold:end:before_install.6[0Ktravis_fold:start:install.1[0Ktravis_time:start:07ea6e25[0K$ mvn -Dhttps.protocols=TLSv1.2 -Dhttps.protocols=TLSv1.2 -Dhttps.protocols=TLSv1.2 -B -U clean verify org.apache.maven.plugins:maven-war-plugin:2.4:help -Dinvoker.skip=true -Dmaven.main.skip=true -Dmaven.plugin.skip=true -Dmaven.test.skip=true -PenableCoverage,travis
[INFO] Scanning for projects...
[WARNING] 
[WARNING] Some problems were encountered while building the effective model for de.is24.mavenplugins:deadcode4j-maven-plugin:maven-plugin:2.2.0-SNAPSHOT
[WARNING] 'dependencies.dependency.exclusions.exclusion.groupId' for org.hibernate:hibernate-annotations:jar with value '*' does not match a valid id pattern. @ line 1070, column 15
[WARNING] 'dependencies.dependency.exclusions.exclusion.artifactId' for org.hibernate:hibernate-annotations:jar with value '*' does not match a valid id pattern. @ line 1073, column 18
[WARNING] 'dependencies.dependency.exclusions.exclusion.groupId' for org.springframework.data:spring-data-commons:jar with value '*' does not match a valid id pattern. @ line 1094, column 15
[WARNING] 'dependencies.dependency.exclusions.exclusion.artifactId' for org.springframework.data:spring-data-commons:jar with value '*' does not match a valid id pattern. @ line 1097, column 18
[WARNING] 
[WARNING] It is highly recommended to fix these problems because they threaten the stability of your build.
[WARNING] 
[WARNING] For this reason, future Maven versions might no longer support building such malformed projects.
[WARNING] 
[INFO] Downloading: http://repo.maven.apache.org/maven2/org/apache/maven/plugins/maven-war-plugin/2.4/maven-war-plugin-2.4.pom
[INFO] ------------------------------------------------------------------------
[INFO] BUILD FAILURE
[INFO] ------------------------------------------------------------------------
[INFO] Total time: 0.576s
[INFO] Finished at: Mon May 11 16:26:08 UTC 2020
[INFO] Final Memory: 23M/1963M
[INFO] ------------------------------------------------------------------------
[ERROR] Plugin org.apache.maven.plugins:maven-war-plugin:2.4 or one of its dependencies could not be resolved: Failed to read artifact descriptor for org.apache.maven.plugins:maven-war-plugin:jar:2.4: Could not transfer artifact org.apache.maven.plugins:maven-war-plugin:pom:2.4 from/to central (http://repo.maven.apache.org/maven2): Failed to transfer file: http://repo.maven.apache.org/maven2/org/apache/maven/plugins/maven-war-plugin/2.4/maven-war-plugin-2.4.pom. Return code is: 501 , ReasonPhrase:HTTPS Required. -> [Help 1]
[ERROR] 
[ERROR] To see the full stack trace of the errors, re-run Maven with the -e switch.
[ERROR] Re-run Maven using the -X switch to enable full debug logging.
[ERROR] 
[ERROR] For more information about the errors and possible solutions, please read the following articles:
[ERROR] [Help 1] http://cwiki.apache.org/confluence/display/MAVEN/PluginResolutionException
travis_time:end:07ea6e25:start=1589214366466065166,finish=1589214368394133504,duration=1928068338,event=install[0K[31;1mThe command "mvn -Dhttps.protocols=TLSv1.2 -Dhttps.protocols=TLSv1.2 -Dhttps.protocols=TLSv1.2 -B -U clean verify org.apache.maven.plugins:maven-war-plugin:2.4:help -Dinvoker.skip=true -Dmaven.main.skip=true -Dmaven.plugin.skip=true -Dmaven.test.skip=true -PenableCoverage,travis" failed and exited with 1 during .[0m

Your build has been stopped.
