travis_fold:start:system_info[0K[33;1mBuild system information[0m
Build language: java
Build id: ''
Job id: ''
[34m[1mBuild image provisioning date and time[0m
Thu Feb  5 15:09:33 UTC 2015
[34m[1mOperating System Details[0m
Distributor ID:	Ubuntu
Description:	Ubuntu 12.04.5 LTS
Release:	12.04
Codename:	precise
[34m[1mLinux Version[0m
3.13.0-29-generic
[34m[1mCookbooks Version[0m
a68419e https://github.com/travis-ci/travis-cookbooks/tree/a68419e
[34m[1mGCC version[0m
gcc (Ubuntu/Linaro 4.6.3-1ubuntu5) 4.6.3
Copyright (C) 2011 Free Software Foundation, Inc.
This is free software; see the source for copying conditions.  There is NO
warranty; not even for MERCHANTABILITY or FITNESS FOR A PARTICULAR PURPOSE.

[34m[1mLLVM version[0m
clang version 3.4 (tags/RELEASE_34/final)
Target: x86_64-unknown-linux-gnu
Thread model: posix
[34m[1mPre-installed Ruby versions[0m
ruby-1.9.3-p551
[34m[1mPre-installed Node.js versions[0m
v0.10.36
[34m[1mPre-installed Go versions[0m
1.4.1
[34m[1mRedis version[0m
redis-server 2.8.19
[34m[1mriak version[0m
2.0.2
[34m[1mMongoDB version[0m
MongoDB 2.4.12
[34m[1mCouchDB version[0m
couchdb 1.6.1
[34m[1mNeo4j version[0m
1.9.4
[34m[1mRabbitMQ Version[0m
3.4.3
[34m[1mElasticSearch version[0m
1.4.0
[34m[1mInstalled Sphinx versions[0m
2.0.10
2.1.9
2.2.6
[34m[1mDefault Sphinx version[0m
2.2.6
[34m[1mInstalled Firefox version[0m
firefox 31.0esr
[34m[1mPhantomJS version[0m
1.9.8
[34m[1mant -version[0m
Apache Ant(TM) version 1.8.2 compiled on December 3 2011
[34m[1mmvn -version[0m
Apache Maven 3.2.5 (12a6b3acb947671f09b81f49094c53f426d8cea1; 2014-12-14T17:29:23+00:00)
Maven home: /usr/local/maven
Java version: 1.7.0_76, vendor: Oracle Corporation
Java home: /usr/lib/jvm/java-7-oracle/jre
Default locale: en_US, platform encoding: ANSI_X3.4-1968
OS name: "linux", version: "3.13.0-29-generic", arch: "amd64", family: "unix"
travis_fold:end:system_info[0K
W: GPG error: http://apt.postgresql.org precise-pgdg Release: The following signatures were invalid: KEYEXPIRED 1562078959
W: Failed to fetch http://ppa.launchpad.net/travis-ci/zero-mq/ubuntu/dists/precise/main/binary-amd64/Packages  403  Forbidden

W: Failed to fetch http://ppa.launchpad.net/travis-ci/zero-mq/ubuntu/dists/precise/main/binary-i386/Packages  403  Forbidden

W: Failed to fetch http://downloads-distro.mongodb.org/repo/debian-sysvinit/dists/dist/10gen/binary-amd64/Packages  Undetermined Error [IP: 52.206.222.245 80]

W: Failed to fetch http://downloads-distro.mongodb.org/repo/debian-sysvinit/dists/dist/10gen/binary-i386/Packages  Undetermined Error [IP: 52.206.222.245 80]

E: Some index files failed to download. They have been ignored, or old ones used instead.
$ jdk_switcher use oraclejdk8
Switching to Oracle JDK8 (java-8-oracle), JAVA_HOME will be set to /usr/lib/jvm/java-8-oracle
$ cd failed/crate/crate-jdbc

[33;1mSetting environment variables from .travis.yml[0m
$ export _JAVA_OPTIONS="-Xmx1g -XX:MaxPermSize=256m"

$ export TERM=dumb
travis_fold:start:cache.1[0KSetting up build cache
$ export CASHER_DIR=$HOME/.casher
travis_time:start:3726e670[0K$ Installing caching utilities

travis_time:end:3726e670:start=1601122107568341524,finish=1601122107878220875,duration=309879351[0Ktravis_time:start:11219c86[0K
travis_time:end:11219c86:start=1601122107892644093,finish=1601122107900913868,duration=8269775[0Ktravis_time:start:07346013[0K[32;1mattempting to download cache archive[0m

travis_time:end:07346013:start=1601122107911793939,finish=1601122108658790578,duration=746996639[0Ktravis_time:start:0cead9e8[0K
travis_time:end:0cead9e8:start=1601122108669009975,finish=1601122108677237085,duration=8227110[0Ktravis_time:start:31305624[0K[32;1madding /home/travis/.m2 to cache[0m

travis_time:end:31305624:start=1601122108687769405,finish=1601122109458795019,duration=771025614[0Ktravis_fold:end:cache.1[0K$ java -Xmx32m -version
$ javac -J-Xmx32m -version
travis_fold:start:install[0Ktravis_time:start:30ded744[0K$ ./gradlew assemble
Downloading https://services.gradle.org/distributions/gradle-2.2.1-bin.zip
..................................................................................................................................................................................................................................................................................................................................................................................................................................................................................................................................................................................................................................................................................................................................................................................................................................................................................................................................................................................................................................................................................................................................................................................................................................................................................................................................................................................................................................................................................................................................................................................................................................................................................................................................................................................................................................................................................................................................................................................................................................................................................................................................................................
Unzipping /home/travis/.gradle/wrapper/dists/gradle-2.2.1-bin/3rn023ng4778ktj66tonmgpbv/gradle-2.2.1-bin.zip to /home/travis/.gradle/wrapper/dists/gradle-2.2.1-bin/3rn023ng4778ktj66tonmgpbv
Set executable permissions for: /home/travis/.gradle/wrapper/dists/gradle-2.2.1-bin/3rn023ng4778ktj66tonmgpbv/gradle-2.2.1/bin/gradle
Download https://jcenter.bintray.com/io/crate/crate-client/0.49.2/crate-client-0.49.2.pom
Download https://jcenter.bintray.com/io/crate/crate-client/0.49.2/crate-client-0.49.2.jar
:compileJava
:processResources UP-TO-DATE
:classes
:getVersion
gitTag: 2.4.0-2-g479af42
version: 1.6.0-479af42
:jar
:jarStandalone
:myJavadocs
2 warnings
:javadocJar
:javadocJarStandalone
:sourceJar
:sourceJarStandalone
:assemble

BUILD SUCCESSFUL

Total time: 45.096 secs

travis_time:end:30ded744:start=1601122109745154796,finish=1601122155613293881,duration=45868139085[0Ktravis_fold:end:install[0Ktravis_time:start:1b154ac4[0K$ ./gradlew test -s
:compileJava UP-TO-DATE
:processResources UP-TO-DATE
:classes UP-TO-DATE
:downloadCrateRelease
:compileTestJava
Download https://repo1.maven.org/maven2/org/hamcrest/hamcrest-all/1.3/hamcrest-all-1.3.pom
Download https://repo1.maven.org/maven2/org/hamcrest/hamcrest-parent/1.3/hamcrest-parent-1.3.pom
Download https://repo1.maven.org/maven2/junit/junit/4.11/junit-4.11.pom
Download https://repo1.maven.org/maven2/com/carrotsearch/randomizedtesting/randomizedtesting-runner/2.1.11/randomizedtesting-runner-2.1.11.pom
Download https://repo1.maven.org/maven2/com/carrotsearch/randomizedtesting/randomizedtesting-parent/2.1.11/randomizedtesting-parent-2.1.11.pom
Download https://repo1.maven.org/maven2/org/sonatype/oss/oss-parent/9/oss-parent-9.pom
Download https://repo1.maven.org/maven2/org/mockito/mockito-core/1.10.8/mockito-core-1.10.8.pom
Download https://repo1.maven.org/maven2/org/hamcrest/hamcrest-core/1.3/hamcrest-core-1.3.pom
Download https://repo1.maven.org/maven2/org/objenesis/objenesis/2.1/objenesis-2.1.pom
Download https://repo1.maven.org/maven2/org/objenesis/objenesis-parent/2.1/objenesis-parent-2.1.pom
Download https://repo1.maven.org/maven2/org/hamcrest/hamcrest-all/1.3/hamcrest-all-1.3.jar
Download https://repo1.maven.org/maven2/junit/junit/4.11/junit-4.11.jar
Download https://repo1.maven.org/maven2/com/carrotsearch/randomizedtesting/randomizedtesting-runner/2.1.11/randomizedtesting-runner-2.1.11.jar
Download https://repo1.maven.org/maven2/org/mockito/mockito-core/1.10.8/mockito-core-1.10.8.jar
Download https://repo1.maven.org/maven2/org/hamcrest/hamcrest-core/1.3/hamcrest-core-1.3.jar
Download https://repo1.maven.org/maven2/org/objenesis/objenesis/2.1/objenesis-2.1.jar
:processTestResources UP-TO-DATE
:testClasses
:test

io.crate.client.jdbc.integrationtests.CrateDriverTest STANDARD_OUT
    Starting crate server process...

io.crate.client.jdbc.integrationtests.CrateDriverTest STANDARD_ERROR
    log4j:WARN No appenders could be found for logger (io.crate.shade.org.elasticsearch.common.compress.lzf).
    log4j:WARN Please initialize the log4j system properly.
    log4j:WARN See http://logging.apache.org/log4j/1.2/faq.html#noconfig for more info.

io.crate.client.jdbc.integrationtests.CrateDriverTest STANDARD_OUT
    Picked up _JAVA_OPTIONS: -Xmx1g -XX:MaxPermSize=256m
    Java HotSpot(TM) 64-Bit Server VM warning: ignoring option MaxPermSize=256m; support was removed in 8.0
    [2020-09-26 12:09:48,555][INFO ][node                     ] [Binary] version[1.4.4], pid[1535], build[${build/NA]
    [2020-09-26 12:09:48,555][INFO ][node                     ] [Binary] initializing ...
    [2020-09-26 12:09:48,655][INFO ][io.crate.plugin          ] [Binary] plugins loaded: [] 
    [2020-09-26 12:09:48,657][INFO ][plugins                  ] [Binary] loaded [crate-core], sites [crate-admin]
    [2020-09-26 12:09:48,680][INFO ][io.crate.plugin          ] [Binary] plugins loaded: [] 
    [2020-09-26 12:09:48,946][INFO ][io.crate.module          ] [Binary] configuring crate. version: 0.49.2
    [2020-09-26 12:09:51,586][INFO ][io.crate.rest            ] [Binary] Elasticsearch HTTP REST API not enabled
    [2020-09-26 12:09:51,654][INFO ][node                     ] [Binary] initialized
    [2020-09-26 12:09:51,654][INFO ][node                     ] [Binary] starting ...
    [2020-09-26 12:09:51,655][INFO ][io.crate.blob.BlobService] [Binary] BlobService.doStart() io.crate.blob.BlobService@74a820bf
    [2020-09-26 12:09:51,774][INFO ][http                     ] [Binary] bound_address {inet[/127.0.0.1:36635]}, publish_address {inet[/127.0.0.1:36635]}
    [2020-09-26 12:09:51,871][INFO ][transport                ] [Binary] bound_address {inet[/127.0.0.1:37507]}, publish_address {inet[/127.0.0.1:37507]}
    [2020-09-26 12:09:51,885][INFO ][discovery                ] [Binary] driver/Dyx4biDdRSe7PvSN0sSNzA
    [2020-09-26 12:09:54,993][INFO ][cluster.service          ] [Binary] new_master [Binary][Dyx4biDdRSe7PvSN0sSNzA][31eee0c387b2][inet[/127.0.0.1:37507]]{http_address=http://127.0.0.1:36635}, reason: zen-disco-join (elected_as_master)
    [2020-09-26 12:09:55,005][INFO ][node                     ] [Binary] started

io.crate.client.jdbc.integrationtests.CrateDriverTest > testDriverRegistrationWithSchemaName STANDARD_OUT
    [2020-09-26 12:09:55,165][INFO ][gateway                  ] [Binary] recovered [0] indices into cluster_state

io.crate.client.jdbc.integrationtests.CrateDriverTest STANDARD_OUT
    Stopping crate server process...

io.crate.client.jdbc.integrationtests.CrateJDBCIntegrationTest STANDARD_OUT
    Starting crate server process...
    Picked up _JAVA_OPTIONS: -Xmx1g -XX:MaxPermSize=256m
    Java HotSpot(TM) 64-Bit Server VM warning: ignoring option MaxPermSize=256m; support was removed in 8.0
    [2020-09-26 12:09:55,953][INFO ][node                     ] [Surge] version[1.4.4], pid[2185], build[${build/NA]
    [2020-09-26 12:09:55,953][INFO ][node                     ] [Surge] initializing ...
    [2020-09-26 12:09:56,055][INFO ][io.crate.plugin          ] [Surge] plugins loaded: [] 
    [2020-09-26 12:09:56,056][INFO ][plugins                  ] [Surge] loaded [crate-core], sites [crate-admin]
    [2020-09-26 12:09:56,082][INFO ][io.crate.plugin          ] [Surge] plugins loaded: [] 
    [2020-09-26 12:09:56,357][INFO ][io.crate.module          ] [Surge] configuring crate. version: 0.49.2
    [2020-09-26 12:09:59,290][INFO ][io.crate.rest            ] [Surge] Elasticsearch HTTP REST API not enabled
    [2020-09-26 12:09:59,376][INFO ][node                     ] [Surge] initialized
    [2020-09-26 12:09:59,377][INFO ][node                     ] [Surge] starting ...
    [2020-09-26 12:09:59,378][INFO ][io.crate.blob.BlobService] [Surge] BlobService.doStart() io.crate.blob.BlobService@74a820bf
    [2020-09-26 12:09:59,473][INFO ][http                     ] [Surge] bound_address {inet[/127.0.0.1:40121]}, publish_address {inet[/127.0.0.1:40121]}
    [2020-09-26 12:09:59,614][INFO ][transport                ] [Surge] bound_address {inet[/127.0.0.1:38567]}, publish_address {inet[/127.0.0.1:38567]}
    [2020-09-26 12:09:59,634][INFO ][discovery                ] [Surge] jdbc/i7NTLLKtRhC8CwKoTQbbTw
    [2020-09-26 12:10:02,688][INFO ][cluster.service          ] [Surge] new_master [Surge][i7NTLLKtRhC8CwKoTQbbTw][31eee0c387b2][inet[/127.0.0.1:38567]]{http_address=http://127.0.0.1:40121}, reason: zen-disco-join (elected_as_master)
    [2020-09-26 12:10:02,702][INFO ][node                     ] [Surge] started
    [2020-09-26 12:10:02,851][INFO ][gateway                  ] [Surge] recovered [0] indices into cluster_state

io.crate.client.jdbc.integrationtests.CrateJDBCIntegrationTest > testException STANDARD_OUT
    [2020-09-26 12:10:03,508][INFO ][cluster.metadata         ] [Surge] [test] creating index, cause [api], shards [1]/[0], mappings [default]
    [2020-09-26 12:10:03,868][INFO ][cluster.metadata         ] [Surge] [test] update_mapping [default] (dynamic)

io.crate.client.jdbc.integrationtests.CrateJDBCIntegrationTest > testGetSchemas STANDARD_OUT
    [2020-09-26 12:10:04,089][INFO ][cluster.metadata         ] [Surge] [test] deleting index
    [2020-09-26 12:10:04,199][INFO ][cluster.metadata         ] [Surge] [test] creating index, cause [api], shards [1]/[0], mappings [default]
    [2020-09-26 12:10:04,316][INFO ][cluster.metadata         ] [Surge] [test] update_mapping [default] (dynamic)

io.crate.client.jdbc.integrationtests.CrateJDBCIntegrationTest > testExecuteBatchPreparedStatementFailSyntax STANDARD_OUT
    [2020-09-26 12:10:04,478][INFO ][cluster.metadata         ] [Surge] [test] deleting index
    [2020-09-26 12:10:04,544][INFO ][cluster.metadata         ] [Surge] [test] creating index, cause [api], shards [1]/[0], mappings [default]
    [2020-09-26 12:10:04,624][INFO ][cluster.metadata         ] [Surge] [test] update_mapping [default] (dynamic)

io.crate.client.jdbc.integrationtests.CrateJDBCIntegrationTest > testSelectWhenNothingMatches STANDARD_OUT
    [2020-09-26 12:10:04,790][INFO ][cluster.metadata         ] [Surge] [test] deleting index
    [2020-09-26 12:10:04,851][INFO ][cluster.metadata         ] [Surge] [test] creating index, cause [api], shards [1]/[0], mappings [default]
    [2020-09-26 12:10:04,923][INFO ][cluster.metadata         ] [Surge] [test] update_mapping [default] (dynamic)

io.crate.client.jdbc.integrationtests.CrateJDBCIntegrationTest > testExecuteUpdateWhenNothingMatches STANDARD_OUT
    [2020-09-26 12:10:05,085][INFO ][cluster.metadata         ] [Surge] [test] deleting index
    [2020-09-26 12:10:05,147][INFO ][cluster.metadata         ] [Surge] [test] creating index, cause [api], shards [1]/[0], mappings [default]
    [2020-09-26 12:10:05,239][INFO ][cluster.metadata         ] [Surge] [test] update_mapping [default] (dynamic)
    [2020-09-26 12:10:05,357][INFO ][cluster.metadata         ] [Surge] [test] deleting index

io.crate.client.jdbc.integrationtests.CrateJDBCIntegrationTest > testConnectionWithCustomSchema STANDARD_OUT
    [2020-09-26 12:10:05,417][INFO ][cluster.metadata         ] [Surge] [test] creating index, cause [api], shards [1]/[0], mappings [default]
    [2020-09-26 12:10:05,488][INFO ][cluster.metadata         ] [Surge] [test] update_mapping [default] (dynamic)
    [2020-09-26 12:10:05,560][INFO ][cluster.metadata         ] [Surge] [foo.t] creating index, cause [api], shards [5]/[0], mappings [default]
    [2020-09-26 12:10:05,878][INFO ][cluster.metadata         ] [Surge] [bar.t] creating index, cause [api], shards [5]/[0], mappings [default]
    [2020-09-26 12:10:06,199][INFO ][cluster.metadata         ] [Surge] [test] deleting index
    [2020-09-26 12:10:06,232][INFO ][cluster.metadata         ] [Surge] [foo.t] deleting index

io.crate.client.jdbc.integrationtests.CrateJDBCIntegrationTest > testExcludeNestedColumns STANDARD_OUT
    [2020-09-26 12:10:06,308][INFO ][cluster.metadata         ] [Surge] [bar.t] deleting index
    [2020-09-26 12:10:06,395][INFO ][cluster.metadata         ] [Surge] [test] creating index, cause [api], shards [1]/[0], mappings [default]
    [2020-09-26 12:10:06,500][INFO ][cluster.metadata         ] [Surge] [test] update_mapping [default] (dynamic)

io.crate.client.jdbc.integrationtests.CrateJDBCIntegrationTest > testExcludeNestedColumns FAILED
    java.lang.AssertionError at CrateJDBCIntegrationTest.java:224

io.crate.client.jdbc.integrationtests.CrateJDBCIntegrationTest > testExecuteBatchPreparedStatementFailOne STANDARD_OUT
    [2020-09-26 12:10:06,600][INFO ][cluster.metadata         ] [Surge] [test] deleting index
    [2020-09-26 12:10:06,677][INFO ][cluster.metadata         ] [Surge] [test] creating index, cause [api], shards [1]/[0], mappings [default]
    [2020-09-26 12:10:06,754][INFO ][cluster.metadata         ] [Surge] [test] update_mapping [default] (dynamic)
    [2020-09-26 12:10:06,863][INFO ][cluster.metadata         ] [Surge] [test] deleting index

io.crate.client.jdbc.integrationtests.CrateJDBCIntegrationTest > testExecuteBatchStatement STANDARD_OUT
    [2020-09-26 12:10:06,929][INFO ][cluster.metadata         ] [Surge] [test] creating index, cause [api], shards [1]/[0], mappings [default]
    [2020-09-26 12:10:07,002][INFO ][cluster.metadata         ] [Surge] [test] update_mapping [default] (dynamic)

io.crate.client.jdbc.integrationtests.CrateJDBCIntegrationTest > testTypesResponseNoResult STANDARD_OUT
    [2020-09-26 12:10:07,127][INFO ][cluster.metadata         ] [Surge] [test] deleting index
    [2020-09-26 12:10:07,181][INFO ][cluster.metadata         ] [Surge] [test] creating index, cause [api], shards [1]/[0], mappings [default]
    [2020-09-26 12:10:07,267][INFO ][cluster.metadata         ] [Surge] [test] update_mapping [default] (dynamic)

io.crate.client.jdbc.integrationtests.CrateJDBCIntegrationTest > testSelectUsingPreparedStatement STANDARD_OUT
    [2020-09-26 12:10:07,338][INFO ][cluster.metadata         ] [Surge] [test] deleting index
    [2020-09-26 12:10:07,392][INFO ][cluster.metadata         ] [Surge] [test] creating index, cause [api], shards [1]/[0], mappings [default]
    [2020-09-26 12:10:07,562][INFO ][cluster.metadata         ] [Surge] [test] update_mapping [default] (dynamic)

io.crate.client.jdbc.integrationtests.CrateJDBCIntegrationTest > testSelectAllTypes STANDARD_OUT
    [2020-09-26 12:10:07,600][INFO ][cluster.metadata         ] [Surge] [test] deleting index
    [2020-09-26 12:10:07,660][INFO ][cluster.metadata         ] [Surge] [test] creating index, cause [api], shards [1]/[0], mappings [default]
    [2020-09-26 12:10:07,739][INFO ][cluster.metadata         ] [Surge] [test] update_mapping [default] (dynamic)
    [2020-09-26 12:10:07,856][INFO ][cluster.metadata         ] [Surge] [test] deleting index

io.crate.client.jdbc.integrationtests.CrateJDBCIntegrationTest > testExecuteBatchPreparedStatement STANDARD_OUT
    [2020-09-26 12:10:07,933][INFO ][cluster.metadata         ] [Surge] [test] creating index, cause [api], shards [1]/[0], mappings [default]
    [2020-09-26 12:10:07,993][INFO ][cluster.metadata         ] [Surge] [test] update_mapping [default] (dynamic)

io.crate.client.jdbc.integrationtests.CrateJDBCIntegrationTest > testExecuteBatchPreparedStatementFailBulkTypes STANDARD_OUT
    [2020-09-26 12:10:08,094][INFO ][cluster.metadata         ] [Surge] [test] deleting index
    [2020-09-26 12:10:08,148][INFO ][cluster.metadata         ] [Surge] [test] creating index, cause [api], shards [1]/[0], mappings [default]
    [2020-09-26 12:10:08,245][INFO ][cluster.metadata         ] [Surge] [test] update_mapping [default] (dynamic)

io.crate.client.jdbc.integrationtests.CrateJDBCIntegrationTest > testExecuteBatchStatementFail STANDARD_OUT
    [2020-09-26 12:10:08,319][INFO ][cluster.metadata         ] [Surge] [test] deleting index
    [2020-09-26 12:10:08,413][INFO ][cluster.metadata         ] [Surge] [test] creating index, cause [api], shards [1]/[0], mappings [default]
    [2020-09-26 12:10:08,594][INFO ][cluster.metadata         ] [Surge] [test] update_mapping [default] (dynamic)
    [2020-09-26 12:10:08,667][INFO ][cluster.metadata         ] [Surge] [test] deleting index

io.crate.client.jdbc.integrationtests.CrateJDBCIntegrationTest STANDARD_OUT
    Stopping crate server process...

io.crate.client.jdbc.integrationtests.CrateJDBCMultiServerIntegrationTest STANDARD_OUT
    Starting crate server process...
    Picked up _JAVA_OPTIONS: -Xmx1g -XX:MaxPermSize=256m
    Java HotSpot(TM) 64-Bit Server VM warning: ignoring option MaxPermSize=256m; support was removed in 8.0
    [2020-09-26 12:10:09,887][INFO ][node                     ] [Cannonball I] version[1.4.4], pid[3985], build[${build/NA]
    [2020-09-26 12:10:09,888][INFO ][node                     ] [Cannonball I] initializing ...
    [2020-09-26 12:10:10,002][INFO ][io.crate.plugin          ] [Cannonball I] plugins loaded: [] 
    [2020-09-26 12:10:10,004][INFO ][plugins                  ] [Cannonball I] loaded [crate-core], sites [crate-admin]
    [2020-09-26 12:10:10,036][INFO ][io.crate.plugin          ] [Cannonball I] plugins loaded: [] 
    [2020-09-26 12:10:10,337][INFO ][io.crate.module          ] [Cannonball I] configuring crate. version: 0.49.2
    [2020-09-26 12:10:13,661][INFO ][io.crate.rest            ] [Cannonball I] Elasticsearch HTTP REST API not enabled
    [2020-09-26 12:10:13,737][INFO ][node                     ] [Cannonball I] initialized
    [2020-09-26 12:10:13,737][INFO ][node                     ] [Cannonball I] starting ...
    [2020-09-26 12:10:13,738][INFO ][io.crate.blob.BlobService] [Cannonball I] BlobService.doStart() io.crate.blob.BlobService@5a30722c
    [2020-09-26 12:10:13,873][INFO ][http                     ] [Cannonball I] bound_address {inet[/127.0.0.1:43941]}, publish_address {inet[/127.0.0.1:43941]}
    [2020-09-26 12:10:13,966][INFO ][transport                ] [Cannonball I] bound_address {inet[/127.0.0.1:37867]}, publish_address {inet[/127.0.0.1:37867]}
    [2020-09-26 12:10:13,983][INFO ][discovery                ] [Cannonball I] MultiServerJDBCTest/Lz3eAPq5QlOgK_tn30YxEg
    [2020-09-26 12:10:17,016][INFO ][cluster.service          ] [Cannonball I] new_master [Cannonball I][Lz3eAPq5QlOgK_tn30YxEg][31eee0c387b2][inet[/127.0.0.1:37867]]{http_address=http://127.0.0.1:43941}, reason: zen-disco-join (elected_as_master)
    [2020-09-26 12:10:17,028][INFO ][node                     ] [Cannonball I] started
    Starting crate server process...
    Picked up _JAVA_OPTIONS: -Xmx1g -XX:MaxPermSize=256m
    Java HotSpot(TM) 64-Bit Server VM warning: ignoring option MaxPermSize=256m; support was removed in 8.0
    [2020-09-26 12:10:17,205][INFO ][gateway                  ] [Cannonball I] recovered [0] indices into cluster_state
    [2020-09-26 12:10:17,583][INFO ][node                     ] [Jarella] version[1.4.4], pid[4335], build[${build/NA]
    [2020-09-26 12:10:17,584][INFO ][node                     ] [Jarella] initializing ...
    [2020-09-26 12:10:17,672][INFO ][io.crate.plugin          ] [Jarella] plugins loaded: [] 
    [2020-09-26 12:10:17,673][INFO ][plugins                  ] [Jarella] loaded [crate-core], sites [crate-admin]
    [2020-09-26 12:10:17,693][INFO ][io.crate.plugin          ] [Jarella] plugins loaded: [] 
    [2020-09-26 12:10:17,915][INFO ][io.crate.module          ] [Jarella] configuring crate. version: 0.49.2
    [2020-09-26 12:10:20,595][INFO ][io.crate.rest            ] [Jarella] Elasticsearch HTTP REST API not enabled
    [2020-09-26 12:10:20,661][INFO ][node                     ] [Jarella] initialized
    [2020-09-26 12:10:20,662][INFO ][node                     ] [Jarella] starting ...
    [2020-09-26 12:10:20,662][INFO ][io.crate.blob.BlobService] [Jarella] BlobService.doStart() io.crate.blob.BlobService@5a30722c
    [2020-09-26 12:10:20,751][INFO ][http                     ] [Jarella] bound_address {inet[/127.0.0.1:39619]}, publish_address {inet[/127.0.0.1:39619]}
    [2020-09-26 12:10:20,819][INFO ][transport                ] [Jarella] bound_address {inet[/127.0.0.1:46427]}, publish_address {inet[/127.0.0.1:46427]}
    [2020-09-26 12:10:20,831][INFO ][discovery                ] [Jarella] MultiServerJDBCTest/MYyPBSuMTGyPKZrcm3uDuA
    [2020-09-26 12:10:23,948][INFO ][cluster.service          ] [Cannonball I] added {[Jarella][MYyPBSuMTGyPKZrcm3uDuA][31eee0c387b2][inet[/127.0.0.1:46427]]{http_address=http://127.0.0.1:39619},}, reason: zen-disco-receive(join from node[[Jarella][MYyPBSuMTGyPKZrcm3uDuA][31eee0c387b2][inet[/127.0.0.1:46427]]{http_address=http://127.0.0.1:39619}])
    [2020-09-26 12:10:23,965][INFO ][cluster.service          ] [Jarella] detected_master [Cannonball I][Lz3eAPq5QlOgK_tn30YxEg][31eee0c387b2][inet[/127.0.0.1:37867]]{http_address=http://127.0.0.1:43941}, added {[Cannonball I][Lz3eAPq5QlOgK_tn30YxEg][31eee0c387b2][inet[/127.0.0.1:37867]]{http_address=http://127.0.0.1:43941},}, reason: zen-disco-receive(from master [[Cannonball I][Lz3eAPq5QlOgK_tn30YxEg][31eee0c387b2][inet[/127.0.0.1:37867]]{http_address=http://127.0.0.1:43941}])

io.crate.client.jdbc.integrationtests.CrateJDBCMultiServerIntegrationTest > testConnectToMultipleNodes STANDARD_OUT
    [2020-09-26 12:10:24,010][INFO ][node                     ] [Jarella] started

io.crate.client.jdbc.integrationtests.CrateJDBCMultiServerIntegrationTest STANDARD_OUT
    Stopping crate server process...
    [2020-09-26 12:10:24,222][INFO ][cluster.service          ] [Cannonball I] removed {[Jarella][MYyPBSuMTGyPKZrcm3uDuA][31eee0c387b2][inet[/127.0.0.1:46427]]{http_address=http://127.0.0.1:39619},}, reason: zen-disco-node_left([Jarella][MYyPBSuMTGyPKZrcm3uDuA][31eee0c387b2][inet[/127.0.0.1:46427]]{http_address=http://127.0.0.1:39619})
    Stopping crate server process...
:test FAILED

BUILD FAILED

Total time: 1 mins 9.387 secs

travis_time:end:1b154ac4:start=1601122155623817829,finish=1601122225466223926,duration=69842406097[0K
[31;1mThe command "./gradlew test -s" exited with 1.[0m
travis_fold:start:cache.2[0Kstore build cache
travis_time:start:035caa71[0K
travis_time:end:035caa71:start=1601122225477723787,finish=1601122225487292066,duration=9568279[0Ktravis_time:start:06fc09a5[0K[32;1mchanges detected, packing new archive[0m

travis_time:end:06fc09a5:start=1601122225498328714,finish=1601122227315612704,duration=1817283990[0Ktravis_fold:end:cache.2[0K
Done. Your build exited with 1.
