travis_fold:start:system_info[0K[33;1mBuild system information[0m
Build language: python
Build id: ''
Job id: ''
[34m[1mBuild image provisioning date and time[0m
Thu Feb  5 15:09:33 UTC 2015
[34m[1mOperating System Details[0m
Distributor ID:	Ubuntu
Description:	Ubuntu 12.04.5 LTS
Release:	12.04
Codename:	precise
[34m[1mLinux Version[0m
3.13.0-29-generic
[34m[1mCookbooks Version[0m
a68419e https://github.com/travis-ci/travis-cookbooks/tree/a68419e
[34m[1mGCC version[0m
gcc (Ubuntu/Linaro 4.6.3-1ubuntu5) 4.6.3
Copyright (C) 2011 Free Software Foundation, Inc.
This is free software; see the source for copying conditions.  There is NO
warranty; not even for MERCHANTABILITY or FITNESS FOR A PARTICULAR PURPOSE.

[34m[1mLLVM version[0m
clang version 3.4 (tags/RELEASE_34/final)
Target: x86_64-unknown-linux-gnu
Thread model: posix
[34m[1mPre-installed Ruby versions[0m
ruby-1.9.3-p551
[34m[1mPre-installed Node.js versions[0m
v0.10.36
[34m[1mPre-installed Go versions[0m
1.4.1
[34m[1mRedis version[0m
redis-server 2.8.19
[34m[1mriak version[0m
2.0.2
[34m[1mMongoDB version[0m
MongoDB 2.4.12
[34m[1mCouchDB version[0m
couchdb 1.6.1
[34m[1mNeo4j version[0m
1.9.4
[34m[1mRabbitMQ Version[0m
3.4.3
[34m[1mElasticSearch version[0m
1.4.0
[34m[1mInstalled Sphinx versions[0m
2.0.10
2.1.9
2.2.6
[34m[1mDefault Sphinx version[0m
2.2.6
[34m[1mInstalled Firefox version[0m
firefox 31.0esr
[34m[1mPhantomJS version[0m
1.9.8
[34m[1mant -version[0m
Apache Ant(TM) version 1.8.2 compiled on December 3 2011
[34m[1mmvn -version[0m
Apache Maven 3.2.5 (12a6b3acb947671f09b81f49094c53f426d8cea1; 2014-12-14T17:29:23+00:00)
Maven home: /usr/local/maven
Java version: 1.7.0_76, vendor: Oracle Corporation
Java home: /usr/lib/jvm/java-7-oracle/jre
Default locale: en_US, platform encoding: ANSI_X3.4-1968
OS name: "linux", version: "3.13.0-29-generic", arch: "amd64", family: "unix"
travis_fold:end:system_info[0K
W: GPG error: http://apt.postgresql.org precise-pgdg Release: The following signatures were invalid: KEYEXPIRED 1562078959
W: Failed to fetch http://ppa.launchpad.net/travis-ci/zero-mq/ubuntu/dists/precise/main/binary-amd64/Packages  403  Forbidden

W: Failed to fetch http://ppa.launchpad.net/travis-ci/zero-mq/ubuntu/dists/precise/main/binary-i386/Packages  403  Forbidden

W: Failed to fetch http://downloads-distro.mongodb.org/repo/debian-sysvinit/dists/dist/10gen/binary-amd64/Packages  Undetermined Error [IP: 52.21.89.200 80]

W: Failed to fetch http://downloads-distro.mongodb.org/repo/debian-sysvinit/dists/dist/10gen/binary-i386/Packages  Undetermined Error [IP: 52.21.89.200 80]

E: Some index files failed to download. They have been ignored, or old ones used instead.
sed: cannot rename /etc/hosts: Device or resource busy
sed: cannot rename /etc/hosts: Device or resource busy
$ cd failed/Cal-CS-61A-Staff/ok

[33;1mSetting environment variables from .travis.yml[0m
$ export CMD=server/apptest.py
$ export GAE_VERSION=1.9.23

travis_time:start:16fff308[0K$ source ~/virtualenv/python2.7/bin/activate

travis_time:end:16fff308:start=1608596309775842233,finish=1608596309785829720,duration=9987487[0Ktravis_fold:start:cache.1[0KSetting up build cache
$ export CASHER_DIR=$HOME/.casher
travis_time:start:3193cceb[0K$ Installing caching utilities

travis_time:end:3193cceb:start=1608596310202306460,finish=1608596310494041141,duration=291734681[0Ktravis_time:start:05b39e12[0K
travis_time:end:05b39e12:start=1608596310508999918,finish=1608596310519242536,duration=10242618[0Ktravis_time:start:037a2fda[0K/home/travis/.casher/bin/casher:213:in `cache_archive_name': undefined method `[]' for nil:NilClass (NoMethodError)
	from /home/travis/.casher/bin/casher:65:in `block in fetch'
	from /home/travis/.casher/bin/casher:64:in `each'
	from /home/travis/.casher/bin/casher:64:in `fetch'
	from /home/travis/.casher/bin/casher:53:in `block in run'
	from /home/travis/.rvm/rubies/ruby-1.9.3-p551/lib/ruby/1.9.1/timeout.rb:69:in `timeout'
	from /home/travis/.casher/bin/casher:53:in `run'
	from /home/travis/.casher/bin/casher:263:in `<main>'
[32;1mattempting to download cache archive[0m

travis_time:end:037a2fda:start=1608596310531245100,finish=1608596311349281225,duration=818036125[0Ktravis_time:start:13b62160[0K
travis_time:end:13b62160:start=1608596311361086423,finish=1608596311370197932,duration=9111509[0Ktravis_time:start:021cc594[0K[32;1madding /home/travis/virtualenv/python2.7.9 to cache[0m

travis_time:end:021cc594:start=1608596311380982732,finish=1608596312249996153,duration=869013421[0Ktravis_fold:end:cache.1[0K$ python --version
Python 2.7.9
$ pip --version
pip 6.0.7 from /home/travis/virtualenv/python2.7.9/lib/python2.7/site-packages (python 2.7)
travis_fold:start:install.1[0Ktravis_time:start:08eb65f8[0K$ pip install pip --upgrade
Collecting pip from https://files.pythonhosted.org/packages/54/eb/4a3642e971f404d69d4f6fa3885559d67562801b99d7592487f1ecc4e017/pip-20.3.3-py2.py3-none-any.whl#sha256=fab098c8a1758295dd9f57413c199f23571e8fde6cc39c22c78c961b4ac6286d
  Downloading https://files.pythonhosted.org/packages/54/eb/4a3642e971f404d69d4f6fa3885559d67562801b99d7592487f1ecc4e017/pip-20.3.3-py2.py3-none-any.whl (1.5MB)
Installing collected packages: pip
  Found existing installation: pip 6.0.7
    Uninstalling pip-6.0.7:
      Successfully uninstalled pip-6.0.7

Successfully installed pip-20.3.3

travis_time:end:08eb65f8:start=1608596312551448764,finish=1608596314908762071,duration=2357313307[0Ktravis_fold:end:install.1[0Ktravis_fold:start:install.2[0Ktravis_time:start:1a309589[0K$ pip install -r server_requirements.txt
DEPRECATION: Python 2.7 reached the end of its life on January 1st, 2020. Please upgrade your Python as Python 2.7 is no longer maintained. pip 21.0 will drop support for Python 2.7 in January 2021. More details about Python 2 support in pip can be found at https://pip.pypa.io/en/latest/development/release-process/#python-2-support pip 21.0 will remove support for this functionality.
Collecting Flask==0.10.1
  Downloading Flask-0.10.1.tar.gz (544 kB)
Collecting Flask-Cache==0.13.1
  Downloading Flask-Cache-0.13.1.tar.gz (45 kB)
Collecting Jinja2==2.7.3
  Downloading Jinja2-2.7.3.tar.gz (378 kB)
Collecting MarkupSafe==0.23
  Downloading MarkupSafe-0.23.tar.gz (13 kB)
Collecting PyYAML==3.11
  Downloading PyYAML-3.11.tar.gz (248 kB)
Collecting Pygments==1.6
  Downloading Pygments-1.6.tar.gz (1.4 MB)
Collecting Sphinx==1.2.2
  Downloading Sphinx-1.2.2-py27-none-any.whl (1.1 MB)
Collecting Werkzeug==0.9.6
  Downloading Werkzeug-0.9.6.tar.gz (1.1 MB)
Collecting argparse==1.2.1
  Downloading argparse-1.2.1.tar.gz (69 kB)
Collecting astroid==1.1.1
  Downloading astroid-1.1.1.tar.gz (119 kB)
Collecting docutils==0.11
  Downloading docutils-0.11.tar.gz (1.6 MB)
Collecting git-pylint-commit-hook==2.0.5
  Downloading git-pylint-commit-hook-2.0.5.tar.gz (10 kB)
Collecting itsdangerous==0.24
  Downloading itsdangerous-0.24.tar.gz (46 kB)
Obtaining linkenv-master from git+git://github.com/ze-phyr-us/linkenv.git@ae463b3211cb8dcc8868e88176a1101733c83b6d#egg=linkenv-master (from -r server_requirements.txt (line 14))
  Cloning git://github.com/ze-phyr-us/linkenv.git (to revision ae463b3211cb8dcc8868e88176a1101733c83b6d) to /home/travis/virtualenv/python2.7.9/src/linkenv-master
  WARNING: Generating metadata for package linkenv-master produced metadata for project name linkenv. Fix your #egg=linkenv-master fragments.
Collecting logilab-common==0.61.0
  Downloading logilab-common-0.61.0.tar.gz (199 kB)
Collecting mimerender==0.5.4
  Downloading mimerender-0.5.4.tar.gz (6.4 kB)
Collecting nose==1.3.3
  Downloading nose-1.3.3.tar.gz (274 kB)
Collecting pylint==1.2.1
  Downloading pylint-1.2.1.tar.gz (404 kB)
Collecting python-dateutil==2.2
  Downloading python-dateutil-2.2.tar.gz (259 kB)
Collecting python-mimeparse==0.1.4
  Downloading python-mimeparse-0.1.4.tar.gz (5.2 kB)
Collecting requests==2.3.0
  Downloading requests-2.3.0-py2.py3-none-any.whl (452 kB)
Collecting six==1.6.1
  Downloading six-1.6.1-py2.py3-none-any.whl (8.6 kB)
Collecting sphinxcontrib-httpdomain==1.2.1
  Downloading sphinxcontrib_httpdomain-1.2.1-py27-none-any.whl (13 kB)
Collecting unittest2==0.5.1
  Downloading unittest2-0.5.1.tar.gz (62 kB)
Requirement already satisfied: wsgiref==0.1.2 in /opt/python/2.7.9/lib/python2.7 (from -r server_requirements.txt (line 25)) (0.1.2)
Collecting ddt==0.8.0
  Downloading ddt-0.8.0-py2.py3-none-any.whl (4.0 kB)
Collecting webargs==0.5.0
  Downloading webargs-0.5.0-py2.py3-none-any.whl (14 kB)
Collecting webob==1.1.1
  Downloading WebOb-1.1.1.zip (196 kB)
Collecting pytz==2014.10
  Downloading pytz-2014.10-py2.py3-none-any.whl (477 kB)
Collecting coverage==3.7.1
  Downloading coverage-3.7.1.tar.gz (284 kB)
Collecting coveralls==0.5
  Downloading coveralls-0.5.zip (18 kB)
Collecting docopt>=0.6.1
  Downloading docopt-0.6.2.tar.gz (25 kB)
Building wheels for collected packages: Flask, Flask-Cache, Jinja2, MarkupSafe, PyYAML, Pygments, Werkzeug, argparse, astroid, docutils, git-pylint-commit-hook, itsdangerous, logilab-common, mimerender, nose, pylint, python-dateutil, python-mimeparse, unittest2, webob, coverage, coveralls, docopt
  Building wheel for Flask (setup.py): started
  Building wheel for Flask (setup.py): finished with status 'done'
  Created wheel for Flask: filename=Flask-0.10.1-py2-none-any.whl size=115939 sha256=a492b67164e918381dbb03114a7c619ee9aae07031bace43436f4b7144e43548
  Stored in directory: /home/travis/.cache/pip/wheels/98/b7/10/b97738f2470417b8d1ec57df42803b55fda8e7ce67b9d0aa74
  Building wheel for Flask-Cache (setup.py): started
  Building wheel for Flask-Cache (setup.py): finished with status 'done'
  Created wheel for Flask-Cache: filename=Flask_Cache-0.13.1-py2-none-any.whl size=12298 sha256=1861c6387a9a45a9f0a059a0d828cee9fcfaf6f1fe4830583c8ba097f87dd584
  Stored in directory: /home/travis/.cache/pip/wheels/15/5d/01/165876743de18c1d5e112cdef00e5a0882534fabf68ace460f
  Building wheel for Jinja2 (setup.py): started
  Building wheel for Jinja2 (setup.py): finished with status 'done'
  Created wheel for Jinja2: filename=Jinja2-2.7.3-py2-none-any.whl size=297108 sha256=7d07fcd09b1993744a2b871ce0d4733120a1793fedb10df9c66fd170850783ad
  Stored in directory: /home/travis/.cache/pip/wheels/6d/ae/90/d6afd0548c2d9267027e737a792e83dd8d20f20caeea694054
  Building wheel for MarkupSafe (setup.py): started
  Building wheel for MarkupSafe (setup.py): finished with status 'done'
  Created wheel for MarkupSafe: filename=MarkupSafe-0.23-cp27-none-linux_x86_64.whl size=25654 sha256=a62dd1ec3e1046939360081d5f8bb46f3d418550941b91c16750ed50652168f8
  Stored in directory: /home/travis/.cache/pip/wheels/0a/6b/fe/365b176df07f4c62e6a240f9cbc896c7b36d9faa439393a65a
  Building wheel for PyYAML (setup.py): started
  Building wheel for PyYAML (setup.py): finished with status 'done'
  Created wheel for PyYAML: filename=PyYAML-3.11-cp27-none-linux_x86_64.whl size=276285 sha256=6ced8e0439bbf61fd85befa6883fb994cb6cdf85da4774db09491b57946cc742
  Stored in directory: /home/travis/.cache/pip/wheels/49/4a/a0/82418a772ad2d883345e7b8d84b41eef459defb9d7cb8cf87f
  Building wheel for Pygments (setup.py): started
  Building wheel for Pygments (setup.py): finished with status 'done'
  Created wheel for Pygments: filename=Pygments-1.6-py2-none-any.whl size=627143 sha256=71cf596921294e19aacc203f734cafed477e6f5c98886da968ce7dbca2dba591
  Stored in directory: /home/travis/.cache/pip/wheels/53/91/82/192c57c0d98b35ad60c7e9d5c55653a84d40010ade7014e378
  Building wheel for Werkzeug (setup.py): started
  Building wheel for Werkzeug (setup.py): finished with status 'done'
  Created wheel for Werkzeug: filename=Werkzeug-0.9.6-py2-none-any.whl size=374288 sha256=4f301c671a7f58856646920239286696800fb17016e8aef802ea839188c4ae11
  Stored in directory: /home/travis/.cache/pip/wheels/58/8b/a4/357605ee018811c09bf12e815ff841ccfe5b5269601c7f05f9
  Building wheel for argparse (setup.py): started
  Building wheel for argparse (setup.py): finished with status 'done'
  Created wheel for argparse: filename=argparse-1.2.1-py2-none-any.whl size=22382 sha256=72cac4b989a2d71915d3b30bb2b2efa4d4afe6568877044070c7c400bf084ade
  Stored in directory: /home/travis/.cache/pip/wheels/9f/79/7e/e3f33e05010185975b7ade632c68bad70fcf71d1ff1adc1a02
  Building wheel for astroid (setup.py): started
  Building wheel for astroid (setup.py): finished with status 'done'
  Created wheel for astroid: filename=astroid-1.1.1-py2-none-any.whl size=125586 sha256=596205ccf591876b153f063ef3dc2a220c73069da1861dbec30a56bfd4a16ea3
  Stored in directory: /home/travis/.cache/pip/wheels/2d/a9/0e/2280dcbf870a7e3a79b58bf3201955dd9eac89572954b7fb24
  Building wheel for docutils (setup.py): started
  Building wheel for docutils (setup.py): finished with status 'done'
  Created wheel for docutils: filename=docutils-0.11-py2-none-any.whl size=509144 sha256=49a3dab23ad929523053f3f713a7beff49c2a2b15d5afbd520db04cacdd58bbf
  Stored in directory: /home/travis/.cache/pip/wheels/e9/15/18/e3f3728aa556c5313c446b1229431513274adc02726502f134
  Building wheel for git-pylint-commit-hook (setup.py): started
  Building wheel for git-pylint-commit-hook (setup.py): finished with status 'done'
  Created wheel for git-pylint-commit-hook: filename=git_pylint_commit_hook-2.0.5-py2-none-any.whl size=8064 sha256=722d60d9ecca4c798807ea2bbdb0b52b01ce4d6ce3ad11e258365c9d0d85601f
  Stored in directory: /home/travis/.cache/pip/wheels/03/ef/cc/682575809cea5a57528a93adc05c1b2a20345c1bd3ab366833
  Building wheel for itsdangerous (setup.py): started
  Building wheel for itsdangerous (setup.py): finished with status 'done'
  Created wheel for itsdangerous: filename=itsdangerous-0.24-py2-none-any.whl size=10432 sha256=c0d81b429a46e4fcc4d04112738a299cb98c1800315d29ff7cad94c229a07b0b
  Stored in directory: /home/travis/.cache/pip/wheels/a1/51/f9/d3a5c89c941efb961e535b45c6d2cd2402c68972061f7d5847
  Building wheel for logilab-common (setup.py): started
  Building wheel for logilab-common (setup.py): finished with status 'done'
  Created wheel for logilab-common: filename=logilab_common-0.61.0-py2-none-any.whl size=239705 sha256=b83efbf754fd2f1f550524309cc644aac8fa85ee4ff145b99319c6e95bb29c19
  Stored in directory: /home/travis/.cache/pip/wheels/1f/d8/1d/a303d3f4b70205e39a086f0665cd3775ce3bdfb857d764ec3c
  Building wheel for mimerender (setup.py): started
  Building wheel for mimerender (setup.py): finished with status 'done'
  Created wheel for mimerender: filename=mimerender-0.5.4-py2-none-any.whl size=7994 sha256=73cd4959de1cd566d2118b8b3423141d71ac3505bee01e9654d207ff1ff557f2
  Stored in directory: /home/travis/.cache/pip/wheels/7b/3b/d4/bc0712e00adc5111964dd33e9d0bfe67838d3393dfc10eb34b
  Building wheel for nose (setup.py): started
  Building wheel for nose (setup.py): finished with status 'done'
  Created wheel for nose: filename=nose-1.3.3-py2-none-any.whl size=154209 sha256=2b5293886055d3ffee4ab32d597c1db66a17dfb3bc26f8dcf8afeb67177c5e0e
  Stored in directory: /home/travis/.cache/pip/wheels/64/c9/7b/c860432add853e3d2789c1682e3b40cd508e2bcbc6c12d2b05
  Building wheel for pylint (setup.py): started
  Building wheel for pylint (setup.py): finished with status 'done'
  Created wheel for pylint: filename=pylint-1.2.1-py2-none-any.whl size=353331 sha256=2baf6bd4d50bc1823417ef50803814325fd5f703f9e2c95d553b53147db1a1f6
  Stored in directory: /home/travis/.cache/pip/wheels/ae/fa/fc/112e0116a7c8bc9fbc0c63baf6bec91ad88c3a032cff1db940
  Building wheel for python-dateutil (setup.py): started
  Building wheel for python-dateutil (setup.py): finished with status 'done'
  Created wheel for python-dateutil: filename=python_dateutil-2.2-py2-none-any.whl size=226626 sha256=647b10a47a8403a403780668466dcf66987e441a725e857d2e33792ebb04fbec
  Stored in directory: /home/travis/.cache/pip/wheels/37/b3/fb/975fea96327b4fc1110effeba16b5377816217170576398dea
  Building wheel for python-mimeparse (setup.py): started
  Building wheel for python-mimeparse (setup.py): finished with status 'done'
  Created wheel for python-mimeparse: filename=python_mimeparse-0.1.4-py2-none-any.whl size=5303 sha256=06224e9e883c8628ad20ce3c4af6a0a739ab1a939f412e062ca2acc953705357
  Stored in directory: /home/travis/.cache/pip/wheels/29/cb/26/3b2fc33e1150179dba003056b939dd75fdfdf2fcc5dae19db9
  Building wheel for unittest2 (setup.py): started
  Building wheel for unittest2 (setup.py): finished with status 'done'
  Created wheel for unittest2: filename=unittest2-0.5.1-py2-none-any.whl size=73111 sha256=3a39d33ef9ee86d44089464c48a2f80721376871a092159160c2e0be296e0da3
  Stored in directory: /home/travis/.cache/pip/wheels/6c/b0/47/3587ffb15ba6b0a03e0a67bea79394cb74c7e56bcbee3ae68b
  Building wheel for webob (setup.py): started
  Building wheel for webob (setup.py): finished with status 'done'
  Created wheel for webob: filename=WebOb-1.1.1-py2-none-any.whl size=60839 sha256=7645e2cd5f90f17657d75292764ccd08e76212f1ea038963b7fdfd0c8ee75899
  Stored in directory: /home/travis/.cache/pip/wheels/45/30/ac/5aa05ddce3079ad9b023d32d310f9fc0ca246a36c66656d782
  Building wheel for coverage (setup.py): started
  Building wheel for coverage (setup.py): finished with status 'done'
  Created wheel for coverage: filename=coverage-3.7.1-cp27-none-linux_x86_64.whl size=124058 sha256=ccba8e01c376e9481a77ac6f805f31a822151bf6a4cf4ceb033d6ae5151ebdb9
  Stored in directory: /home/travis/.cache/pip/wheels/a0/7c/11/ea29ce2c4f2d0c8e4d0f5f09ca6a333da532ae1e4641f29d04
  Building wheel for coveralls (setup.py): started
  Building wheel for coveralls (setup.py): finished with status 'done'
  Created wheel for coveralls: filename=coveralls-0.5-py2.py3-none-any.whl size=14230 sha256=fb9459be6a95cfce3cb5b856e5dbd1a46bb52dfaf620b5957a53b3bbae25f43e
  Stored in directory: /home/travis/.cache/pip/wheels/f4/0d/ec/4ac45bf6e3b08c3ffca35b114c23424fe95bb78334c216c190
  Building wheel for docopt (setup.py): started
  Building wheel for docopt (setup.py): finished with status 'done'
  Created wheel for docopt: filename=docopt-0.6.2-py2.py3-none-any.whl size=19851 sha256=eef09ac21d825a8ac470406c85e5e6d84425b1db30ec2b5a7d21659340bb4df1
  Stored in directory: /home/travis/.cache/pip/wheels/1c/d7/2d/aefbee2bf20e0ed968d4ab943e03451db0f14c52b5f624fc7e
Successfully built Flask Flask-Cache Jinja2 MarkupSafe PyYAML Pygments Werkzeug argparse astroid docutils git-pylint-commit-hook itsdangerous logilab-common mimerender nose pylint python-dateutil python-mimeparse unittest2 webob coverage coveralls docopt
Installing collected packages: Werkzeug, MarkupSafe, Jinja2, itsdangerous, Flask, Flask-Cache, PyYAML, Pygments, docutils, Sphinx, argparse, logilab-common, astroid, pylint, git-pylint-commit-hook, linkenv, python-mimeparse, mimerender, nose, six, python-dateutil, requests, sphinxcontrib-httpdomain, unittest2, ddt, webargs, webob, pytz, coverage, docopt, coveralls
  Running setup.py develop for linkenv
  Attempting uninstall: nose
    Found existing installation: nose 1.3.4
    Uninstalling nose-1.3.4:
      Successfully uninstalled nose-1.3.4
Successfully installed Flask-0.10.1 Flask-Cache-0.13.1 Jinja2-2.7.3 MarkupSafe-0.23 PyYAML-3.11 Pygments-1.6 Sphinx-1.2.2 Werkzeug-0.9.6 argparse-1.2.1 astroid-1.1.1 coverage-3.7.1 coveralls-0.5 ddt-0.8.0 docopt-0.6.2 docutils-0.11 git-pylint-commit-hook-2.0.5 itsdangerous-0.24 linkenv logilab-common-0.61.0 mimerender-0.5.4 nose-1.3.3 pylint-1.2.1 python-dateutil-2.2 python-mimeparse-0.1.4 pytz-2014.10 requests-2.3.0 six-1.6.1 sphinxcontrib-httpdomain-1.2.1 unittest2-0.5.1 webargs-0.5.0 webob-1.1.1

travis_time:end:1a309589:start=1608596314920947509,finish=1608596342202763947,duration=27281816438[0Ktravis_fold:end:install.2[0Ktravis_fold:start:before_script.1[0Ktravis_time:start:2c386218[0K$ wget https://storage.googleapis.com/appengine-sdks/featured/google_appengine_$GAE_VERSION.zip -o gae_sdk.zip

travis_time:end:2c386218:start=1608596342215672951,finish=1608596342877227919,duration=661554968[0Ktravis_fold:end:before_script.1[0Ktravis_fold:start:before_script.2[0Ktravis_time:start:1de2d716[0K$ unzip -q google_appengine_$GAE_VERSION.zip

travis_time:end:1de2d716:start=1608596342890159017,finish=1608596345279016282,duration=2388857265[0Ktravis_fold:end:before_script.2[0Ktravis_fold:start:before_script.3[0Ktravis_time:start:0193c30b[0K$ mv google_appengine gae_sdk

travis_time:end:0193c30b:start=1608596345291270586,finish=1608596345303201249,duration=11930663[0Ktravis_fold:end:before_script.3[0Ktravis_fold:start:before_script.4[0Ktravis_time:start:0f354bbe[0K$ export GAE_SDK=$PWD/gae_sdk

travis_time:end:0f354bbe:start=1608596345314269028,finish=1608596345323071401,duration=8802373[0Ktravis_fold:end:before_script.4[0Ktravis_fold:start:before_script.5[0Ktravis_time:start:0251ff74[0K$ export PATH=$PATH:$GAE_SDK

travis_time:end:0251ff74:start=1608596345333707076,finish=1608596345342430838,duration=8723762[0Ktravis_fold:end:before_script.5[0Ktravis_fold:start:before_script.6[0Ktravis_time:start:0948d2ec[0K$ export PYTHONPATH=$PYTHONPATH:$GAE_SDK

travis_time:end:0948d2ec:start=1608596345352887549,finish=1608596345361689203,duration=8801654[0Ktravis_fold:end:before_script.6[0Ktravis_fold:start:before_script.7[0Ktravis_time:start:0a6360c8[0K$ python server/app/generate_keys.py

travis_time:end:0a6360c8:start=1608596345373610005,finish=1608596345445925830,duration=72315825[0Ktravis_fold:end:before_script.7[0Ktravis_time:start:11848d04[0K$ FLASK_CONF=TEST coverage run $CMD --sdk_location $GAE_SDK --quiet
..........................................EEE.................................................................E......
======================================================================
ERROR: test_ERROR_mark_as_final_backup (test_api_final_submissions.FinalSubmissionAPITest)
Tests that a missing backup raises the correct error.
----------------------------------------------------------------------
Traceback (most recent call last):
  File "/home/travis/build/failed/Cal-CS-61A-Staff/ok/server/tests/integration/test_api_final_submissions.py", line 61, in test_ERROR_mark_as_final_backup
    self.API().mark_backup(self.user, dict(backup=key))
AttributeError: 'FinalSubmissionAPI' object has no attribute 'mark_backup'

======================================================================
ERROR: test_ERROR_mark_as_final_subm (test_api_final_submissions.FinalSubmissionAPITest)
Tests that a missing submission raises the correct error.
----------------------------------------------------------------------
Traceback (most recent call last):
  File "/home/travis/build/failed/Cal-CS-61A-Staff/ok/server/tests/integration/test_api_final_submissions.py", line 69, in test_ERROR_mark_as_final_subm
    self.API().mark_backup(self.user, dict(backup=self._backup.key))
AttributeError: 'FinalSubmissionAPI' object has no attribute 'mark_backup'

======================================================================
ERROR: test_mark_as_final (test_api_final_submissions.FinalSubmissionAPITest)
Tests that marking works, at the basic level
----------------------------------------------------------------------
Traceback (most recent call last):
  File "/home/travis/build/failed/Cal-CS-61A-Staff/ok/server/tests/integration/test_api_final_submissions.py", line 49, in test_mark_as_final
    self.API().mark_backup(self.user, dict(backup=self._backup.key))
AttributeError: 'FinalSubmissionAPI' object has no attribute 'mark_backup'

======================================================================
ERROR: test_set_different_backup_as_final_submission (test_final_submissions.FinalSubmissionTest)
----------------------------------------------------------------------
Traceback (most recent call last):
  File "/home/travis/build/failed/Cal-CS-61A-Staff/ok/server/tests/integration/test_final_submissions.py", line 268, in test_set_different_backup_as_final_submission
    api.FinalSubmissionAPI().mark_backup(
AttributeError: 'FinalSubmissionAPI' object has no attribute 'mark_backup'

----------------------------------------------------------------------
Ran 117 tests in 10.614s

FAILED (errors=4)
............................................................................................................
----------------------------------------------------------------------
Ran 108 tests in 12.704s

OK
============================================================
Doing integration testing
============================================================
============================================================
Doing unittests testing
============================================================
SOME TESTS FAILED

travis_time:end:11848d04:start=1608596345457066495,finish=1608596371169920984,duration=25712854489[0K
[31;1mThe command "FLASK_CONF=TEST coverage run $CMD --sdk_location $GAE_SDK --quiet" exited with 1.[0m
travis_fold:start:cache.2[0Kstore build cache
travis_time:start:0008a82e[0K
travis_time:end:0008a82e:start=1608596371183830699,finish=1608596371194717214,duration=10886515[0Ktravis_time:start:0deea63e[0K/home/travis/.casher/bin/casher:190: warning: Insecure world writable dir /home/travis/build/failed/Cal-CS-61A-Staff/ok/. in PATH, mode 040777
[32;1mchanges detected, packing new archive[0m
/home/travis/.casher/bin/casher:213:in `cache_archive_name': undefined method `[]' for nil:NilClass (NoMethodError)
	from /home/travis/.casher/bin/casher:143:in `push'
	from /home/travis/.casher/bin/casher:53:in `block in run'
	from /home/travis/.rvm/rubies/ruby-1.9.3-p551/lib/ruby/1.9.1/timeout.rb:69:in `timeout'
	from /home/travis/.casher/bin/casher:53:in `run'
	from /home/travis/.casher/bin/casher:263:in `<main>'

travis_time:end:0deea63e:start=1608596371207005265,finish=1608596376096439496,duration=4889434231[0Ktravis_fold:end:cache.2[0K
Done. Your build exited with 1.
