travis_time:start:0d9f6863[0Ktravis_time:end:0d9f6863:start=1608737544887638543,finish=1608737545197155302,duration=309516759,event=no_world_writable_dirs[0Ktravis_time:start:0b047e10[0Ktravis_time:end:0b047e10:start=1608737545204878719,finish=1608737545210858417,duration=5979698,event=check_unsupported[0Ktravis_time:start:009d8d00[0Ktravis_fold:start:system_info[0K[33;1mBuild system information[0m
Build language: node_js
Build group: stable
Build dist: xenial
Build id: ''
Job id: ''
Runtime kernel version: 4.15.0-109-generic
[34m[1mBuild image provisioning date and time[0m
Thu May 23 15:30:39 UTC 2019
[34m[1mOperating System Details[0m
Distributor ID:	Ubuntu
Description:	Ubuntu 16.04.6 LTS
Release:	16.04
Codename:	xenial
[34m[1mSystemd Version[0m
systemd 229
[34m[1mCookbooks Version[0m
5dab6d6 https://github.com/travis-ci/travis-cookbooks/tree/5dab6d6
[34m[1mgit version[0m
git version 2.21.0
[34m[1mbash version[0m
GNU bash, version 4.3.48(1)-release (x86_64-pc-linux-gnu)
[34m[1mgcc version[0m
gcc (Ubuntu 5.4.0-6ubuntu1~16.04.11) 5.4.0 20160609
[34m[1mdocker version[0m
Client:
 Version:           18.06.1-ce
 API version:       1.38
 Go version:        go1.10.3
 Git commit:        e68fc7a
 Built:             Tue Aug 21 17:20:43 2018
 OS/Arch:           linux/amd64
 Experimental:      false
[34m[1mclang version[0m
clang version 7.0.0 (tags/RELEASE_700/final)
[34m[1mjq version[0m
jq-1.5
[34m[1mbats version[0m
Bats 0.4.0
[34m[1mshellcheck version[0m
0.6.0
[34m[1mshfmt version[0m
v2.6.3
[34m[1mccache version[0m
3.2.4
[34m[1mcmake version[0m
cmake version 3.12.4
[34m[1mheroku version[0m
heroku/7.24.4 linux-x64 node-v11.14.0
[34m[1mimagemagick version[0m
Version: ImageMagick 6.8.9-9 Q16 x86_64 2018-09-28 http://www.imagemagick.org
[34m[1mmd5deep version[0m
4.4
[34m[1mmercurial version[0m
version 4.8
[34m[1mmysql version[0m
mysql  Ver 14.14 Distrib 5.7.26, for Linux (x86_64) using  EditLine wrapper
[34m[1mopenssl version[0m
OpenSSL 1.0.2g  1 Mar 2016
[34m[1mpacker version[0m
1.3.3
[34m[1mpostgresql client version[0m
psql (PostgreSQL) 10.8 (Ubuntu 10.8-1.pgdg16.04+1)
[34m[1mragel version[0m
Ragel State Machine Compiler version 6.8 Feb 2013
[34m[1msudo version[0m
1.8.16
[34m[1mgzip version[0m
gzip 1.6
[34m[1mzip version[0m
Zip 3.0
[34m[1mvim version[0m
VIM - Vi IMproved 7.4 (2013 Aug 10, compiled Nov 24 2016 16:44:48)
[34m[1miptables version[0m
iptables v1.6.0
[34m[1mcurl version[0m
curl 7.47.0 (x86_64-pc-linux-gnu) libcurl/7.47.0 GnuTLS/3.4.10 zlib/1.2.8 libidn/1.32 librtmp/2.3
[34m[1mwget version[0m
GNU Wget 1.17.1 built on linux-gnu.
[34m[1mrsync version[0m
rsync  version 3.1.1  protocol version 31
[34m[1mgimme version[0m
v1.5.3
[34m[1mnvm version[0m
0.34.0
[34m[1mperlbrew version[0m
/home/travis/perl5/perlbrew/bin/perlbrew  - App::perlbrew/0.86
[34m[1mphpenv version[0m
rbenv 1.1.2-2-g4e92322
[34m[1mrvm version[0m
rvm 1.29.8 (latest) by Michal Papis, Piotr Kuczynski, Wayne E. Seguin [https://rvm.io]
[34m[1mdefault ruby version[0m
ruby 2.5.3p105 (2018-10-18 revision 65156) [x86_64-linux]
[34m[1mCouchDB version[0m
couchdb 1.6.1
[34m[1mElasticSearch version[0m
5.5.0
[34m[1mInstalled Firefox version[0m
firefox 63.0.1
[34m[1mMongoDB version[0m
MongoDB 4.0.9
[34m[1mPhantomJS version[0m
2.1.1
[34m[1mPre-installed PostgreSQL versions[0m
9.4.22
9.5.17
9.6.13
[34m[1mRedis version[0m
redis-server 5.0.5
[34m[1mPre-installed Go versions[0m
1.11.1
[34m[1mmvn version[0m
Apache Maven 3.6.0 (97c98ec64a1fdfee7767ce5ffb20918da4f719f3; 2018-10-24T18:41:47Z)
[34m[1mgradle version[0m
Gradle 5.1.1!
[34m[1mlein version[0m
Leiningen 2.9.1 on Java 11.0.2 OpenJDK 64-Bit Server VM
[34m[1mPre-installed Node.js versions[0m
v10.15.3
v11.0.0
v4.9.1
v6.17.1
v8.12.0
v8.16.0
v8.9
[34m[1mphpenv versions[0m
  system
  5.6
  5.6.40
  7.1
  7.1.27
  7.2
* 7.2.15 (set by /home/travis/.phpenv/version)
  hhvm
  hhvm-stable
[34m[1mcomposer --version[0m
Composer version 1.8.4 2019-02-11 10:52:10
[34m[1mPre-installed Ruby versions[0m
ruby-2.3.8
ruby-2.4.5
ruby-2.5.3
travis_fold:end:system_info[0K
travis_time:end:009d8d00:start=1608737545217958665,finish=1608737545229118896,duration=11160231,event=show_system_info[0Ktravis_time:start:0c503dbb[0Ktravis_time:end:0c503dbb:start=1608737545237172110,finish=1608737545257149125,duration=19977015,event=rm_riak_source[0Ktravis_time:start:25c342fe[0Ktravis_time:end:25c342fe:start=1608737545264401956,finish=1608737545278644557,duration=14242601,event=fix_rwky_redis[0Ktravis_time:start:0e8cee76[0K[31;1mTimeout waiting for network availability.[0m
travis_time:end:0e8cee76:start=1608737545286368616,finish=1608737566081611755,duration=20795243139,event=wait_for_network[0Ktravis_time:start:051322f8[0Ktravis_time:end:051322f8:start=1608737566088974788,finish=1608737566421098332,duration=332123544,event=update_apt_keys[0Ktravis_time:start:05d4624b[0Ktravis_time:end:05d4624b:start=1608737566429458980,finish=1608737566530517014,duration=101058034,event=fix_hhvm_source[0Ktravis_time:start:0dff0186[0Ktravis_time:end:0dff0186:start=1608737566539309174,finish=1608737566547021153,duration=7711979,event=update_mongo_arch[0Ktravis_time:start:0b9f7858[0Ktravis_time:end:0b9f7858:start=1608737566555294434,finish=1608737566630490674,duration=75196240,event=fix_sudo_enabled_trusty[0Ktravis_time:start:08d67480[0Ktravis_time:end:08d67480:start=1608737566638775751,finish=1608737566658224837,duration=19449086,event=clean_up_path[0Ktravis_time:start:09c9d8a0[0Ktravis_time:end:09c9d8a0:start=1608737566665826837,finish=1608737566682256299,duration=16429462,event=fix_resolv_conf[0Ktravis_time:start:01cc17b8[0Ktravis_time:end:01cc17b8:start=1608737566688838108,finish=1608737566708917168,duration=20079060,event=fix_etc_hosts[0Ktravis_time:start:246d9ac1[0Ktravis_time:end:246d9ac1:start=1608737566716697590,finish=1608737566754542910,duration=37845320,event=fix_mvn_settings_xml[0Ktravis_time:start:0fc73aa0[0Ktravis_time:end:0fc73aa0:start=1608737566762508908,finish=1608737566780565593,duration=18056685,event=no_ipv6_localhost[0Ktravis_time:start:23aff974[0Ktravis_time:end:23aff974:start=1608737566787614447,finish=1608737566792642113,duration=5027666,event=fix_etc_mavenrc[0Ktravis_time:start:24d77834[0Ktravis_time:end:24d77834:start=1608737566799495940,finish=1608737566806551478,duration=7055538,event=fix_wwdr_certificate[0Ktravis_time:start:04509e80[0Ktravis_time:end:04509e80:start=1608737566814227065,finish=1608737566856794767,duration=42567702,event=put_localhost_first[0Ktravis_time:start:10856304[0Ktravis_time:end:10856304:start=1608737566865174168,finish=1608737566871437588,duration=6263420,event=home_paths[0Ktravis_time:start:0445f69c[0Ktravis_time:end:0445f69c:start=1608737566879740416,finish=1608737567066994687,duration=187254271,event=disable_initramfs[0Ktravis_time:start:02808a98[0Ktravis_time:end:02808a98:start=1608737567075199007,finish=1608737567238638874,duration=163439867,event=disable_ssh_roaming[0Ktravis_time:start:22e14ae3[0Ktravis_time:end:22e14ae3:start=1608737567246966846,finish=1608737567252824761,duration=5857915,event=debug_tools[0Ktravis_time:start:14a91338[0Ktravis_time:end:14a91338:start=1608737567261990707,finish=1608737567271080385,duration=9089678,event=uninstall_oclint[0Ktravis_time:start:13ded0e7[0Ktravis_time:end:13ded0e7:start=1608737567279757471,finish=1608737567288112289,duration=8354818,event=rvm_use[0Ktravis_time:start:23faee80[0Ktravis_time:end:23faee80:start=1608737567296301795,finish=1608737567314108880,duration=17807085,event=rm_etc_boto_cfg[0Ktravis_time:start:0f4ce510[0Ktravis_time:end:0f4ce510:start=1608737567322182117,finish=1608737567328280766,duration=6098649,event=rm_oraclejdk8_symlink[0Ktravis_time:start:2039103c[0Ktravis_time:end:2039103c:start=1608737567336919122,finish=1608737567610081121,duration=273161999,event=enable_i386[0Ktravis_time:start:1c9e11ca[0Ktravis_time:end:1c9e11ca:start=1608737567618203196,finish=1608737567627480307,duration=9277111,event=update_rubygems[0Ktravis_time:start:06480e48[0Ktravis_time:end:06480e48:start=1608737567635675234,finish=1608737568740488308,duration=1104813074,event=ensure_path_components[0Ktravis_time:start:048cceda[0Ktravis_time:end:048cceda:start=1608737568748367131,finish=1608737568753998623,duration=5631492,event=redefine_curl[0Ktravis_time:start:0e679260[0Ktravis_time:end:0e679260:start=1608737568761981033,finish=1608737568767365641,duration=5384608,event=nonblock_pipe[0Ktravis_time:start:1a14f22f[0Ktravis_time:end:1a14f22f:start=1608737568775149484,finish=1608737580446383654,duration=11671234170,event=apt_get_update[0Ktravis_time:start:102e09ea[0Ktravis_time:end:102e09ea:start=1608737580454102263,finish=1608737580459753956,duration=5651693,event=deprecate_xcode_64[0Ktravis_time:start:00eb1e14[0Ktravis_time:end:00eb1e14:start=1608737580467327836,finish=1608737585744075864,duration=5276748028,event=update_heroku[0Ktravis_time:start:013a3490[0Ktravis_time:end:013a3490:start=1608737585752792121,finish=1608737585759191193,duration=6399072,event=shell_session_update[0Ktravis_time:start:1030be0f[0Ktravis_fold:start:docker_mtu[0Ktee: /etc/docker/daemon.json: No such file or directory
docker: unrecognized service
travis_fold:end:docker_mtu[0Ktravis_time:end:1030be0f:start=1608737585767940403,finish=1608737585814145673,duration=46205270,event=set_docker_mtu[0Ktravis_time:start:0756212c[0Ktravis_time:end:0756212c:start=1608737585822208285,finish=1608737585843104093,duration=20895808,event=resolvconf[0Ktravis_time:start:071d5064[0Ktravis_time:end:071d5064:start=1608737585852050432,finish=1608737585858029003,duration=5978571,event=fix_ps4[0Ktravis_time:start:1a312727[0K
$ cd passed/nfriedly/express-rate-limit

travis_time:end:1a312727:start=1608737585866128780,finish=1608737585872787769,duration=6658989,event=checkout[0Ktravis_time:start:022fde13[0Ktravis_time:end:022fde13:start=1608737585880951773,finish=1608737586636502739,duration=755550966,event=env[0Ktravis_fold:start:nvm.install[0Ktravis_time:start:20a7c1ce[0K$ nvm install node
Downloading and installing node v15.5.0...
Downloading https://nodejs.org/dist/v15.5.0/node-v15.5.0-linux-x64.tar.xz...
Computing checksum with sha256sum
Checksums matched!
Now using node v15.5.0 (npm v7.3.0)
travis_time:end:20a7c1ce:start=1608737586652310029,finish=1608737593711218932,duration=7058908903,event=setup[0Ktravis_fold:end:nvm.install[0K
travis_fold:start:cache.1[0KSetting up build cache
$ export CASHER_DIR=${TRAVIS_HOME}/.casher
travis_time:start:008091db[0K$ Installing caching utilities
curl: (6) Could not resolve host: https

[31;1mThe command "eval curl -sf  -o $CASHER_DIR/bin/casher https:///files/casher " failed. Retrying, 2 of 3.[0m

curl: (6) Could not resolve host: https

[31;1mThe command "eval curl -sf  -o $CASHER_DIR/bin/casher https:///files/casher " failed. Retrying, 3 of 3.[0m

curl: (6) Could not resolve host: https

[31;1mThe command "eval curl -sf  -o $CASHER_DIR/bin/casher https:///files/casher " failed 3 times.[0m

travis_time:end:008091db:start=1608737595546600746,finish=1608737608044656806,duration=12498056060,event=setup_casher[0Ktravis_time:start:1baba52e[0K$ Installing caching utilities from the Travis CI server (https:///files/casher) failed, failing over to using GitHub (https://raw.githubusercontent.com/travis-ci/casher/bash/bin/casher)
travis_time:end:1baba52e:start=1608737608054444264,finish=1608737608245122952,duration=190678688,event=setup_casher[0Ktravis_time:start:04c80556[0Ktravis_time:end:04c80556:start=1608737608258285221,finish=1608737608265492560,duration=7207339,event=setup_casher[0Ktravis_time:start:02b29988[0Kattempting to download cache archive[0m
[31;1mcould not download cache[0m
travis_time:end:02b29988:start=1608737608275369990,finish=1608737609947784505,duration=1672414515,event=setup_casher[0Ktravis_fold:end:cache.1[0K
travis_fold:start:cache.npm[0K
travis_time:start:2946ea2a[0Ktravis_time:end:2946ea2a:start=1608737610289600568,finish=1608737610295538580,duration=5938012,event=setup_cache[0Ktravis_time:start:0625a4f0[0Kadding /home/travis/.npm to cache[0m
travis_time:end:0625a4f0:start=1608737610303429711,finish=1608737612096880610,duration=1793450899,event=setup_cache[0Ktravis_fold:end:cache.npm[0K$ node --version
v15.5.0
$ npm --version
7.3.0
$ nvm --version
0.34.0

travis_fold:start:install.npm[0Ktravis_time:start:03e49ed0[0K$ npm ci 
npm ERR! code ENOTFOUND
npm ERR! syscall getaddrinfo
npm ERR! errno ENOTFOUND
npm ERR! network request to https://artifactory.corp.tanium.com:443/api/npm/tanium-npm/yn/-/yn-3.1.0.tgz failed, reason: getaddrinfo ENOTFOUND artifactory.corp.tanium.com
npm ERR! network This is a problem related to network connectivity.
npm ERR! network In most cases you are behind a proxy or have bad network settings.
npm ERR! network 
npm ERR! network If you are behind a proxy, please make sure that the
npm ERR! network 'proxy' config is set properly.  See: 'npm help config'

npm ERR! A complete log of this run can be found in:
npm ERR!     /home/travis/.npm/_logs/2020-12-23T15_33_39_668Z-debug.log

[31;1mThe command "eval npm ci  " failed. Retrying, 2 of 3.[0m

npm ERR! code ENOTFOUND
npm ERR! syscall getaddrinfo
npm ERR! errno ENOTFOUND
npm ERR! network request to https://artifactory.corp.tanium.com:443/api/npm/tanium-npm/yn/-/yn-3.1.0.tgz failed, reason: getaddrinfo ENOTFOUND artifactory.corp.tanium.com
npm ERR! network This is a problem related to network connectivity.
npm ERR! network In most cases you are behind a proxy or have bad network settings.
npm ERR! network 
npm ERR! network If you are behind a proxy, please make sure that the
npm ERR! network 'proxy' config is set properly.  See: 'npm help config'

npm ERR! A complete log of this run can be found in:
npm ERR!     /home/travis/.npm/_logs/2020-12-23T15_33_44_614Z-debug.log

[31;1mThe command "eval npm ci  " failed. Retrying, 3 of 3.[0m

npm ERR! code ENOTFOUND
npm ERR! syscall getaddrinfo
npm ERR! errno ENOTFOUND
npm ERR! network request to https://artifactory.corp.tanium.com:443/api/npm/tanium-npm/yn/-/yn-3.1.0.tgz failed, reason: getaddrinfo ENOTFOUND artifactory.corp.tanium.com
npm ERR! network This is a problem related to network connectivity.
npm ERR! network In most cases you are behind a proxy or have bad network settings.
npm ERR! network 
npm ERR! network If you are behind a proxy, please make sure that the
npm ERR! network 'proxy' config is set properly.  See: 'npm help config'

npm ERR! A complete log of this run can be found in:
npm ERR!     /home/travis/.npm/_logs/2020-12-23T15_33_49_721Z-debug.log

[31;1mThe command "eval npm ci  " failed 3 times.[0m

travis_time:end:03e49ed0:start=1608737612764017008,finish=1608737630779827403,duration=18015810395,event=install[0K[31;1mThe command "npm ci " failed and exited with 1 during .[0m

Your build has been stopped.
