travis_time:start:06239c85[0Ktravis_time:end:06239c85:start=1608737613362810768,finish=1608737613723994916,duration=361184148,event=no_world_writable_dirs[0Ktravis_time:start:0c0b977e[0Ktravis_time:end:0c0b977e:start=1608737613733180804,finish=1608737613739222950,duration=6042146,event=check_unsupported[0Ktravis_time:start:00e8c73a[0Ktravis_fold:start:system_info[0K[33;1mBuild system information[0m
Build language: node_js
Build group: stable
Build dist: trusty
Build id: ''
Job id: ''
Runtime kernel version: 4.15.0-109-generic
[34m[1mBuild image provisioning date and time[0m
Tue Dec  5 20:11:19 UTC 2017
[34m[1mOperating System Details[0m
Distributor ID:	Ubuntu
Description:	Ubuntu 14.04.5 LTS
Release:	14.04
Codename:	trusty
[34m[1mCookbooks Version[0m
7c2c6a6 https://github.com/travis-ci/travis-cookbooks/tree/7c2c6a6
[34m[1mgit version[0m
git version 2.15.1
[34m[1mbash version[0m
GNU bash, version 4.3.11(1)-release (x86_64-pc-linux-gnu)
[34m[1mgcc version[0m
gcc (Ubuntu 4.8.4-2ubuntu1~14.04.3) 4.8.4
Copyright (C) 2013 Free Software Foundation, Inc.
This is free software; see the source for copying conditions.  There is NO
warranty; not even for MERCHANTABILITY or FITNESS FOR A PARTICULAR PURPOSE.

[34m[1mdocker version[0m
Client:
 Version:      17.09.0-ce
 API version:  1.32
 Go version:   go1.8.3
 Git commit:   afdb6d4
 Built:        Tue Sep 26 22:39:28 2017
 OS/Arch:      linux/amd64
[34m[1mclang version[0m
clang version 5.0.0 (tags/RELEASE_500/final)
Target: x86_64-unknown-linux-gnu
Thread model: posix
InstalledDir: /usr/local/clang-5.0.0/bin
[34m[1mjq version[0m
jq-1.5
[34m[1mbats version[0m
Bats 0.4.0
[34m[1mshellcheck version[0m
0.4.6
[34m[1mshfmt version[0m
v2.0.0
[34m[1mccache version[0m
ccache version 3.1.9

Copyright (C) 2002-2007 Andrew Tridgell
Copyright (C) 2009-2011 Joel Rosdahl

This program is free software; you can redistribute it and/or modify it under
the terms of the GNU General Public License as published by the Free Software
Foundation; either version 3 of the License, or (at your option) any later
version.
[34m[1mcmake version[0m
cmake version 3.9.2

CMake suite maintained and supported by Kitware (kitware.com/cmake).
[34m[1mheroku version[0m
heroku-cli/6.14.39-addc925 (linux-x64) node-v9.2.0
[34m[1mimagemagick version[0m
Version: ImageMagick 6.7.7-10 2017-07-31 Q16 http://www.imagemagick.org
[34m[1mmd5deep version[0m
4.2
[34m[1mmercurial version[0m
Mercurial Distributed SCM (version 4.2.2)
(see https://mercurial-scm.org for more information)

Copyright (C) 2005-2017 Matt Mackall and others
This is free software; see the source for copying conditions. There is NO
warranty; not even for MERCHANTABILITY or FITNESS FOR A PARTICULAR PURPOSE.
[34m[1mmysql version[0m
mysql  Ver 14.14 Distrib 5.6.33, for debian-linux-gnu (x86_64) using  EditLine wrapper
[34m[1mopenssl version[0m
OpenSSL 1.0.1f 6 Jan 2014
[34m[1mpacker version[0m
Packer v1.0.2

Your version of Packer is out of date! The latest version
is 1.1.2. You can update by downloading from www.packer.io
[34m[1mpostgresql client version[0m
psql (PostgreSQL) 9.6.6
[34m[1mragel version[0m
Ragel State Machine Compiler version 6.8 Feb 2013
Copyright (c) 2001-2009 by Adrian Thurston
[34m[1msubversion version[0m
svn, version 1.8.8 (r1568071)
   compiled Aug 10 2017, 17:20:39 on x86_64-pc-linux-gnu

Copyright (C) 2013 The Apache Software Foundation.
This software consists of contributions made by many people;
see the NOTICE file for more information.
Subversion is open source software, see http://subversion.apache.org/

The following repository access (RA) modules are available:

* ra_svn : Module for accessing a repository using the svn network protocol.
  - with Cyrus SASL authentication
  - handles 'svn' scheme
* ra_local : Module for accessing a repository on local disk.
  - handles 'file' scheme
* ra_serf : Module for accessing a repository via WebDAV protocol using serf.
  - using serf 1.3.3
  - handles 'http' scheme
  - handles 'https' scheme

[34m[1msudo version[0m
Sudo version 1.8.9p5
Configure options: --prefix=/usr -v --with-all-insults --with-pam --with-fqdn --with-logging=syslog --with-logfac=authpriv --with-env-editor --with-editor=/usr/bin/editor --with-timeout=15 --with-password-timeout=0 --with-passprompt=[sudo] password for %p:  --without-lecture --with-tty-tickets --disable-root-mailer --enable-admin-flag --with-sendmail=/usr/sbin/sendmail --with-timedir=/var/lib/sudo --mandir=/usr/share/man --libexecdir=/usr/lib/sudo --with-sssd --with-sssd-lib=/usr/lib/x86_64-linux-gnu --with-selinux
Sudoers policy plugin version 1.8.9p5
Sudoers file grammar version 43

Sudoers path: /etc/sudoers
Authentication methods: 'pam'
Syslog facility if syslog is being used for logging: authpriv
Syslog priority to use when user authenticates successfully: notice
Syslog priority to use when user authenticates unsuccessfully: alert
Send mail if the user is not in sudoers
Use a separate timestamp for each user/tty combo
Lecture user the first time they run sudo
Root may run sudo
Allow some information gathering to give useful error messages
Require fully-qualified hostnames in the sudoers file
Visudo will honor the EDITOR environment variable
Set the LOGNAME and USER environment variables
Length at which to wrap log file lines (0 for no wrap): 80
Authentication timestamp timeout: 15.0 minutes
Password prompt timeout: 0.0 minutes
Number of tries to enter a password: 3
Umask to use or 0777 to use user's: 022
Path to mail program: /usr/sbin/sendmail
Flags for mail program: -t
Address to send mail to: root
Subject line for mail messages: *** SECURITY information for %h ***
Incorrect password message: Sorry, try again.
Path to authentication timestamp dir: /var/lib/sudo
Default password prompt: [sudo] password for %p: 
Default user to run commands as: root
Value to override user's $PATH with: /usr/local/sbin:/usr/local/bin:/usr/sbin:/usr/bin:/sbin:/bin:/snap/bin
Path to the editor for use by visudo: /usr/bin/editor
When to require a password for 'list' pseudocommand: any
When to require a password for 'verify' pseudocommand: all
File descriptors >= 3 will be closed before executing a command
Environment variables to check for sanity:
	TZ
	TERM
	LINGUAS
	LC_*
	LANGUAGE
	LANG
	COLORTERM
Environment variables to remove:
	RUBYOPT
	RUBYLIB
	PYTHONUSERBASE
	PYTHONINSPECT
	PYTHONPATH
	PYTHONHOME
	TMPPREFIX
	ZDOTDIR
	READNULLCMD
	NULLCMD
	FPATH
	PERL5DB
	PERL5OPT
	PERL5LIB
	PERLLIB
	PERLIO_DEBUG 
	JAVA_TOOL_OPTIONS
	SHELLOPTS
	GLOBIGNORE
	PS4
	BASH_ENV
	ENV
	TERMCAP
	TERMPATH
	TERMINFO_DIRS
	TERMINFO
	_RLD*
	LD_*
	PATH_LOCALE
	NLSPATH
	HOSTALIASES
	RES_OPTIONS
	LOCALDOMAIN
	CDPATH
	IFS
Environment variables to preserve:
	JAVA_HOME
	TRAVIS
	CI
	DEBIAN_FRONTEND
	XAUTHORIZATION
	XAUTHORITY
	PS2
	PS1
	PATH
	LS_COLORS
	KRB5CCNAME
	HOSTNAME
	HOME
	DISPLAY
	COLORS
Locale to use while parsing sudoers: C
Directory in which to store input/output logs: /var/log/sudo-io
File in which to store the input/output log: %{seq}
Add an entry to the utmp/utmpx file when allocating a pty
PAM service name to use
PAM service name to use for login shells
Create a new PAM session for the command to run in
Maximum I/O log sequence number: 0

Local IP address and netmask pairs:
	172.17.0.2/255.255.0.0

Sudoers I/O plugin version 1.8.9p5
[34m[1mgzip version[0m
gzip 1.6
Copyright (C) 2007, 2010, 2011 Free Software Foundation, Inc.
Copyright (C) 1993 Jean-loup Gailly.
This is free software.  You may redistribute copies of it under the terms of
the GNU General Public License <http://www.gnu.org/licenses/gpl.html>.
There is NO WARRANTY, to the extent permitted by law.

Written by Jean-loup Gailly.
[34m[1mzip version[0m
Copyright (c) 1990-2008 Info-ZIP - Type 'zip "-L"' for software license.
This is Zip 3.0 (July 5th 2008), by Info-ZIP.
Currently maintained by E. Gordon.  Please send bug reports to
the authors using the web page at www.info-zip.org; see README for details.

Latest sources and executables are at ftp://ftp.info-zip.org/pub/infozip,
as of above date; see http://www.info-zip.org/ for other sites.

Compiled with gcc 4.8.2 for Unix (Linux ELF) on Oct 21 2013.

Zip special compilation options:
	USE_EF_UT_TIME       (store Universal Time)
	BZIP2_SUPPORT        (bzip2 library version 1.0.6, 6-Sept-2010)
	    bzip2 code and library copyright (c) Julian R Seward
	    (See the bzip2 license for terms of use)
	SYMLINK_SUPPORT      (symbolic links supported)
	LARGE_FILE_SUPPORT   (can read and write large files on file system)
	ZIP64_SUPPORT        (use Zip64 to store large files in archives)
	UNICODE_SUPPORT      (store and read UTF-8 Unicode paths)
	STORE_UNIX_UIDs_GIDs (store UID/GID sizes/values using new extra field)
	UIDGID_NOT_16BIT     (old Unix 16-bit UID/GID extra field not used)
	[encryption, version 2.91 of 05 Jan 2007] (modified for Zip 3)

Encryption notice:
	The encryption code of this program is not copyrighted and is
	put in the public domain.  It was originally written in Europe
	and, to the best of our knowledge, can be freely distributed
	in both source and object forms from any country, including
	the USA under License Exception TSU of the U.S. Export
	Administration Regulations (section 740.13(e)) of 6 June 2002.

Zip environment options:
             ZIP:  [none]
          ZIPOPT:  [none]
[34m[1mvim version[0m
VIM - Vi IMproved 7.4 (2013 Aug 10, compiled Nov 24 2016 16:43:18)
Included patches: 1-52
Extra patches: 8.0.0056
Modified by pkg-vim-maintainers@lists.alioth.debian.org
Compiled by buildd@
Huge version without GUI.  Features included (+) or not (-):
+acl             +farsi           +mouse_netterm   +syntax
+arabic          +file_in_path    +mouse_sgr       +tag_binary
+autocmd         +find_in_path    -mouse_sysmouse  +tag_old_static
-balloon_eval    +float           +mouse_urxvt     -tag_any_white
-browse          +folding         +mouse_xterm     -tcl
++builtin_terms  -footer          +multi_byte      +terminfo
+byte_offset     +fork()          +multi_lang      +termresponse
+cindent         +gettext         -mzscheme        +textobjects
-clientserver    -hangul_input    +netbeans_intg   +title
-clipboard       +iconv           +path_extra      -toolbar
+cmdline_compl   +insert_expand   -perl            +user_commands
+cmdline_hist    +jumplist        +persistent_undo +vertsplit
+cmdline_info    +keymap          +postscript      +virtualedit
+comments        +langmap         +printer         +visual
+conceal         +libcall         +profile         +visualextra
+cryptv          +linebreak       +python          +viminfo
+cscope          +lispindent      -python3         +vreplace
+cursorbind      +listcmds        +quickfix        +wildignore
+cursorshape     +localmap        +reltime         +wildmenu
+dialog_con      -lua             +rightleft       +windows
+diff            +menu            -ruby            +writebackup
+digraphs        +mksession       +scrollbind      -X11
-dnd             +modify_fname    +signs           -xfontset
-ebcdic          +mouse           +smartindent     -xim
+emacs_tags      -mouseshape      -sniff           -xsmp
+eval            +mouse_dec       +startuptime     -xterm_clipboard
+ex_extra        +mouse_gpm       +statusline      -xterm_save
+extra_search    -mouse_jsbterm   -sun_workshop    -xpm
   system vimrc file: "$VIM/vimrc"
     user vimrc file: "$HOME/.vimrc"
 2nd user vimrc file: "~/.vim/vimrc"
      user exrc file: "$HOME/.exrc"
  fall-back for $VIM: "/usr/share/vim"
Compilation: gcc -c -I. -Iproto -DHAVE_CONFIG_H     -g -O2 -fstack-protector --param=ssp-buffer-size=4 -Wformat -Werror=format-security -U_FORTIFY_SOURCE -D_FORTIFY_SOURCE=1      
Linking: gcc   -Wl,-Bsymbolic-functions -Wl,-z,relro -Wl,--as-needed -o vim        -lm -ltinfo -lnsl  -lselinux  -lacl -lattr -lgpm -ldl    -L/usr/lib/python2.7/config-x86_64-linux-gnu -lpython2.7 -lpthread -ldl -lutil -lm -Xlinker -export-dynamic -Wl,-O1 -Wl,-Bsymbolic-functions      
[34m[1miptables version[0m
iptables v1.4.21
[34m[1mcurl version[0m
curl 7.35.0 (x86_64-pc-linux-gnu) libcurl/7.35.0 OpenSSL/1.0.1f zlib/1.2.8 libidn/1.28 librtmp/2.3
[34m[1mwget version[0m
GNU Wget 1.15 built on linux-gnu.
[34m[1mrsync version[0m
rsync  version 3.1.0  protocol version 31
[34m[1mgimme version[0m
v1.2.0
[34m[1mnvm version[0m
0.33.6
[34m[1mperlbrew version[0m
/home/travis/perl5/perlbrew/bin/perlbrew  - App::perlbrew/0.80
[34m[1mphpenv version[0m
rbenv 1.1.1-25-g6aa70b6
[34m[1mrvm version[0m
rvm 1.29.3 (latest) by Michal Papis, Piotr Kuczynski, Wayne E. Seguin [https://rvm.io]
[34m[1mdefault ruby version[0m
ruby 2.4.1p111 (2017-03-22 revision 58053) [x86_64-linux]
[34m[1mCouchDB version[0m
couchdb 1.6.1
[34m[1mElasticSearch version[0m
5.5.0
[34m[1mInstalled Firefox version[0m
firefox 56.0.2
[34m[1mMongoDB version[0m
MongoDB 3.4.10
[34m[1mPhantomJS version[0m
2.1.1
[34m[1mPre-installed PostgreSQL versions[0m
9.2.24
9.3.20
9.4.15
9.5.10
9.6.6
[34m[1mRabbitMQ Version[0m
3.6.14
[34m[1mRedis version[0m
redis-server 4.0.6
[34m[1mriak version[0m
2.2.3
[34m[1mPre-installed Go versions[0m
1.7.4
[34m[1mant version[0m
Apache Ant(TM) version 1.9.3 compiled on April 8 2014
[34m[1mmvn version[0m
Apache Maven 3.5.2 (138edd61fd100ec658bfa2d307c43b76940a5d7d; 2017-10-18T07:58:13Z)
Maven home: /usr/local/maven-3.5.2
Java version: 1.8.0_151, vendor: Oracle Corporation
Java home: /usr/lib/jvm/java-8-oracle/jre
Default locale: en_US, platform encoding: UTF-8
OS name: "linux", version: "4.4.0-101-generic", arch: "amd64", family: "unix"
[34m[1mgradle version[0m

------------------------------------------------------------
Gradle 4.0.1
------------------------------------------------------------

Build time:   2017-07-07 14:02:41 UTC
Revision:     38e5dc0f772daecca1d2681885d3d85414eb6826

Groovy:       2.4.11
Ant:          Apache Ant(TM) version 1.9.6 compiled on June 29 2015
JVM:          1.8.0_151 (Oracle Corporation 25.151-b12)
OS:           Linux 4.4.0-101-generic amd64

[34m[1mlein version[0m
Leiningen 2.8.1 on Java 1.8.0_151 Java HotSpot(TM) 64-Bit Server VM
[34m[1mPre-installed Node.js versions[0m
v4.8.6
v6.12.0
v6.12.1
v8.9
v8.9.1
[34m[1mphpenv versions[0m
  system
  5.6
* 5.6.32 (set by /home/travis/.phpenv/version)
  7.0
  7.0.25
  7.1
  7.1.11
  hhvm
  hhvm-stable
[34m[1mcomposer --version[0m
Composer version 1.5.2 2017-09-11 16:59:25
[34m[1mPre-installed Ruby versions[0m
ruby-2.2.7
ruby-2.3.4
ruby-2.4.1
travis_fold:end:system_info[0K
travis_time:end:00e8c73a:start=1608737613747646408,finish=1608737613759535053,duration=11888645,event=show_system_info[0Ktravis_time:start:01a3a120[0Ktravis_time:end:01a3a120:start=1608737613767315725,finish=1608737613789389257,duration=22073532,event=rm_riak_source[0Ktravis_time:start:11f8d322[0Ktravis_time:end:11f8d322:start=1608737613797444532,finish=1608737613812147884,duration=14703352,event=fix_rwky_redis[0Ktravis_time:start:09a6fdb0[0K[31;1mTimeout waiting for network availability.[0m
travis_time:end:09a6fdb0:start=1608737613818723787,finish=1608737634618109331,duration=20799385544,event=wait_for_network[0Ktravis_time:start:19c91592[0Ktravis_time:end:19c91592:start=1608737634626112048,finish=1608737636459020349,duration=1832908301,event=update_apt_keys[0Ktravis_time:start:3a04367c[0Ktravis_time:end:3a04367c:start=1608737636468188727,finish=1608737638052721215,duration=1584532488,event=fix_hhvm_source[0Ktravis_time:start:02b06461[0Ktravis_time:end:02b06461:start=1608737638061258760,finish=1608737638068342616,duration=7083856,event=update_mongo_arch[0Ktravis_time:start:068a0520[0Ktravis_time:end:068a0520:start=1608737638075984111,finish=1608737638143753512,duration=67769401,event=fix_sudo_enabled_trusty[0Ktravis_time:start:01b6f67e[0Ktravis_time:end:01b6f67e:start=1608737638152562965,finish=1608737638175769687,duration=23206722,event=clean_up_path[0Ktravis_time:start:0d41a320[0Ktravis_time:end:0d41a320:start=1608737638183239906,finish=1608737638201264843,duration=18024937,event=fix_resolv_conf[0Ktravis_time:start:1753eead[0Ktravis_time:end:1753eead:start=1608737638209491638,finish=1608737638230426546,duration=20934908,event=fix_etc_hosts[0Ktravis_time:start:0a832813[0Ktravis_time:end:0a832813:start=1608737638238924476,finish=1608737638269841107,duration=30916631,event=fix_mvn_settings_xml[0Ktravis_time:start:00b871ec[0Ktravis_time:end:00b871ec:start=1608737638278936571,finish=1608737638303166336,duration=24229765,event=no_ipv6_localhost[0Ktravis_time:start:005006a4[0Ktravis_time:end:005006a4:start=1608737638311700072,finish=1608737638317707466,duration=6007394,event=fix_etc_mavenrc[0Ktravis_time:start:07690661[0Ktravis_time:end:07690661:start=1608737638325976971,finish=1608737638334766232,duration=8789261,event=fix_wwdr_certificate[0Ktravis_time:start:005af456[0Ktravis_time:end:005af456:start=1608737638342329606,finish=1608737638393420921,duration=51091315,event=put_localhost_first[0Ktravis_time:start:18de1fbc[0Ktravis_time:end:18de1fbc:start=1608737638402053144,finish=1608737638408221622,duration=6168478,event=home_paths[0Ktravis_time:start:2dbe8210[0Ktravis_time:end:2dbe8210:start=1608737638416635375,finish=1608737638475653985,duration=59018610,event=disable_initramfs[0Ktravis_time:start:08da76e8[0Ktravis_time:end:08da76e8:start=1608737638483465383,finish=1608737638643519136,duration=160053753,event=disable_ssh_roaming[0Ktravis_time:start:00e2ede8[0Ktravis_time:end:00e2ede8:start=1608737638652270596,finish=1608737638659021115,duration=6750519,event=debug_tools[0Ktravis_time:start:010b2420[0Ktravis_time:end:010b2420:start=1608737638669005945,finish=1608737638678667154,duration=9661209,event=uninstall_oclint[0Ktravis_time:start:03f60da9[0Ktravis_time:end:03f60da9:start=1608737638686625542,finish=1608737638694617204,duration=7991662,event=rvm_use[0Ktravis_time:start:014d2376[0Ktravis_time:end:014d2376:start=1608737638703423175,finish=1608737638722319401,duration=18896226,event=rm_etc_boto_cfg[0Ktravis_time:start:16555c44[0Ktravis_time:end:16555c44:start=1608737638730790058,finish=1608737638736888252,duration=6098194,event=rm_oraclejdk8_symlink[0Ktravis_time:start:24eb7cf1[0Ktravis_time:end:24eb7cf1:start=1608737638744532204,finish=1608737638828220367,duration=83688163,event=enable_i386[0Ktravis_time:start:042a1d00[0Ktravis_time:end:042a1d00:start=1608737638837106917,finish=1608737638846915734,duration=9808817,event=update_rubygems[0Ktravis_time:start:25ae2122[0Ktravis_time:end:25ae2122:start=1608737638856298257,finish=1608737640135541694,duration=1279243437,event=ensure_path_components[0Ktravis_time:start:020f0b8e[0Ktravis_time:end:020f0b8e:start=1608737640145365616,finish=1608737640151783056,duration=6417440,event=redefine_curl[0Ktravis_time:start:0aa737a0[0Ktravis_time:end:0aa737a0:start=1608737640159779927,finish=1608737640165766086,duration=5986159,event=nonblock_pipe[0Ktravis_time:start:187202f7[0Ktravis_time:end:187202f7:start=1608737640173490086,finish=1608737648875603317,duration=8702113231,event=apt_get_update[0Ktravis_time:start:13d5c70f[0Ktravis_time:end:13d5c70f:start=1608737648884210003,finish=1608737648890639988,duration=6429985,event=deprecate_xcode_64[0Ktravis_time:start:0048b0d4[0Ktravis_time:end:0048b0d4:start=1608737648899797279,finish=1608737657098601916,duration=8198804637,event=update_heroku[0Ktravis_time:start:1ab44d7d[0Ktravis_time:end:1ab44d7d:start=1608737657106525187,finish=1608737657112052999,duration=5527812,event=shell_session_update[0Ktravis_time:start:134710c8[0Ktravis_fold:start:docker_mtu[0Ktee: /etc/docker/daemon.json: No such file or directory
docker: unrecognized service
travis_fold:end:docker_mtu[0Ktravis_time:end:134710c8:start=1608737657120449099,finish=1608737657163362582,duration=42913483,event=set_docker_mtu[0Ktravis_time:start:01983afa[0Ktravis_fold:start:resolvconf[0Kinitctl: Unable to connect to Upstart: Failed to connect to socket /com/ubuntu/upstart: Connection refused
 * Restarting resolvconf...
   ...done.
travis_fold:end:resolvconf[0Ktravis_time:end:01983afa:start=1608737657171310302,finish=1608737657258826475,duration=87516173,event=resolvconf[0Ktravis_time:start:0f180180[0Ktravis_time:end:0f180180:start=1608737657267020607,finish=1608737657272524055,duration=5503448,event=fix_ps4[0Ktravis_time:start:0278fa14[0K
$ cd failed/nightwatchjs/nightwatch

travis_time:end:0278fa14:start=1608737657279837949,finish=1608737657285527551,duration=5689602,event=checkout[0Ktravis_time:start:09922d7c[0Ktravis_time:end:09922d7c:start=1608737657292741078,finish=1608737657458342560,duration=165601482,event=env[0Ktravis_fold:start:nvm.install[0Ktravis_time:start:0b44af44[0K$ nvm install 8
Downloading and installing node v8.17.0...
Downloading https://nodejs.org/dist/v8.17.0/node-v8.17.0-linux-x64.tar.xz...
Computing checksum with sha256sum
Checksums matched!
Now using node v8.17.0 (npm v6.13.4)
travis_time:end:0b44af44:start=1608737657475995188,finish=1608737661281093286,duration=3805098098,event=setup[0Ktravis_fold:end:nvm.install[0K
travis_fold:start:cache.1[0KSetting up build cache
$ export CASHER_DIR=${TRAVIS_HOME}/.casher
travis_time:start:201b6c0d[0K$ Installing caching utilities
curl: (6) Could not resolve host: https

[31;1mThe command "eval curl -sf  -o $CASHER_DIR/bin/casher https:///files/casher " failed. Retrying, 2 of 3.[0m

curl: (6) Could not resolve host: https

[31;1mThe command "eval curl -sf  -o $CASHER_DIR/bin/casher https:///files/casher " failed. Retrying, 3 of 3.[0m

curl: (6) Could not resolve host: https

[31;1mThe command "eval curl -sf  -o $CASHER_DIR/bin/casher https:///files/casher " failed 3 times.[0m

travis_time:end:201b6c0d:start=1608737667081641924,finish=1608737679317440790,duration=12235798866,event=setup_casher[0Ktravis_time:start:3741cda4[0K$ Installing caching utilities from the Travis CI server (https:///files/casher) failed, failing over to using GitHub (https://raw.githubusercontent.com/travis-ci/casher/bash/bin/casher)
travis_time:end:3741cda4:start=1608737679327554542,finish=1608737679397703605,duration=70149063,event=setup_casher[0Ktravis_time:start:1c6bd962[0Ktravis_time:end:1c6bd962:start=1608737679409951260,finish=1608737679416510980,duration=6559720,event=setup_casher[0Ktravis_time:start:01689400[0Kattempting to download cache archive[0m
[31;1mcould not download cache[0m
travis_time:end:01689400:start=1608737679426466635,finish=1608737680949505649,duration=1523039014,event=setup_casher[0Ktravis_fold:end:cache.1[0K
travis_fold:start:cache.npm[0K
travis_time:start:07d6183c[0Ktravis_time:end:07d6183c:start=1608737681222615012,finish=1608737681228663553,duration=6048541,event=setup_cache[0Ktravis_time:start:00c15f9c[0Kadding /home/travis/.npm to cache[0m
travis_time:end:00c15f9c:start=1608737681236623929,finish=1608737682826386397,duration=1589762468,event=setup_cache[0Ktravis_fold:end:cache.npm[0K$ node --version
v8.17.0
$ npm --version
6.13.4
$ nvm --version
0.33.6

travis_fold:start:install.npm[0Ktravis_time:start:017352a2[0K$ npm ci 
added 288 packages in 5.236s
travis_time:end:017352a2:start=1608737683586652971,finish=1608737689400090035,duration=5813437064,event=install[0Ktravis_fold:end:install.npm[0K
travis_fold:start:before_script[0Ktravis_time:start:093f5df9[0K$ npm install
npm WARN ajv-keywords@3.2.0 requires a peer of ajv@^6.0.0 but none is installed. You must install peer dependencies yourself.
npm WARN The package mocha is included as both a dev and production dependency.

audited 614 packages in 2.539s
found 201 vulnerabilities (127 low, 5 moderate, 67 high, 2 critical)
  run `npm audit fix` to fix them, or `npm audit` for details
travis_time:end:093f5df9:start=1608737689412048024,finish=1608737692795804958,duration=3383756934,event=before_script[0Ktravis_fold:end:before_script[0Ktravis_time:start:0706eb64[0K$ npm run eslint

> nightwatch@1.0.10 eslint /home/travis/build/failed/nightwatchjs/nightwatch
> eslint . --quiet


/home/travis/build/failed/nightwatchjs/nightwatch/test/src/api/protocol/testElementCommands.js
  282:1  error  Expected indentation of 6 spaces but found 4  indent
  283:1  error  Expected indentation of 8 spaces but found 6  indent
  285:1  error  Expected indentation of 8 spaces but found 6  indent
  286:1  error  Expected indentation of 6 spaces but found 4  indent

âœ– 4 problems (4 errors, 0 warnings)
  4 errors and 0 warnings potentially fixable with the `--fix` option.

npm ERR! code ELIFECYCLE
npm ERR! errno 1
npm ERR! nightwatch@1.0.10 eslint: `eslint . --quiet`
npm ERR! Exit status 1
npm ERR! 
npm ERR! Failed at the nightwatch@1.0.10 eslint script.
npm ERR! This is probably not a problem with npm. There is likely additional logging output above.

npm ERR! A complete log of this run can be found in:
npm ERR!     /home/travis/.npm/_logs/2020-12-23T15_35_04_703Z-debug.log
travis_time:end:0706eb64:start=1608737692805812024,finish=1608737704728967473,duration=11923155449,event=script[0K[31;1mThe command "npm run eslint" exited with 1.[0m
travis_time:start:08e2d050[0K$ npm test

> nightwatch@1.0.10 test /home/travis/build/failed/nightwatchjs/nightwatch
> mocha test/src



  assert.attributeContains
    âœ“ attributeContains assertion passed
    âœ“ attributeContains assertion failed
    âœ“ attributeContains assertion not found
    âœ“ attributeContains assertion value attribute not found

  assert.attributeEquals
    âœ“ attributeEquals assertion passed
    âœ“ attributeEquals assertion failed
    âœ“ attributeEquals assertion not found
    âœ“ attributeEquals assertion value attribute not found

  assert.containsText
    âœ“ containsText assertion passed
    âœ“ containsText assertion failed
    âœ“ containsText assertion not found

  assert.cssClassNotPresent
    âœ“ cssClassNotPresent assertion passed
    âœ“ cssClassNotPresent assertion failed
    âœ“ cssClassNotPresent assertion not found

  assert.cssClassPresent
    âœ“ cssClassPresent assertion passed
    âœ“ cssClassPresent assertion failed
    âœ“ cssClassPresent assertion not found

  assert.cssProperty
    âœ“ cssProperty assertion passed
    âœ“ cssProperty assertion failed
    âœ“ cssProperty assertion not found

  assert.elementNotPresent
    âœ“ elementNotPresent assertion passed
    âœ“ elementNotPresent assertion passed when exceptions are passed
    âœ“ elementNotPresent assertion failed

  assert.elementPresent
    âœ“ elementPresent assertion passed
    âœ“ elementPresent assertion failed

  assert.hidden
    âœ“ hidden assertion passed
    âœ“ hidden assertion failed
    âœ“ hidden assertion not found

  assert.title
    âœ“ title assertion passed
    âœ“ title assertion failed

  assert.urlContains
    âœ“ urlContains assertion passed
    âœ“ urlContains assertion failed

  assert.urlEquals
    âœ“ urlEquals assertion passed
    âœ“ urlEquals assertion failed

  assert.value
    âœ“ value assertion passed
    âœ“ value assertion failed
    âœ“ value assertion not found

  assert.valueContains
    âœ“ valueContains assertion passed
    âœ“ valueContains assertion failed
    âœ“ valueContains assertion element not found
    âœ“ valueContains assertion stale element reference
    âœ“ valueContains assertion value attribute not found

  assert.visible
    âœ“ visible assertion passed
    âœ“ visible assertion failed
    âœ“ visible assertion not found

  clearValue
    âœ“ client.clearValue() (59ms)
    âœ“ client.clearValue() with webdriver protocol
    âœ“ client.clearValue() with webdriver protocol - element not found

  click
    âœ“ client.click()
    âœ“ client.click() with xpath

  getCookies
    âœ“ client.getCookies()
    âœ“ client.getCookies() - empty result

  end
    âœ“ client.end();
    âœ“ client.end() - no session id
    âœ“ client.end() - with screenshot
    âœ“ client.end() - failures and screenshots disabled

  getAttribute
    âœ“ client.getAttribute()

  getCssProperty
    âœ“ client.getCssProperty()

  getElementSize
    âœ“ client.getElementSize()

  getLocation
    âœ“ client.getLocation()

  getLocationInView
    âœ“ client.getLocationInView()

  getLog
    âœ“ client.getLog()

  getLogTypes
    âœ“ client.getLogTypes()

  getTagName
    âœ“ client.getTagName()

  getText
    âœ“ client.getText()

  getTitle
    âœ“ client.getTitle()

  getValue
    âœ“ client.getValue()

  isLogAvailable
    âœ“ client.isLogAvailable()
    âœ“ client.isLogAvailable() failure

  isVisible
    âœ“ client.isVisible()

  locateStrategies
    âœ“ client.useXpath()
    âœ“ client.useCss()

  maximizeWindow
    âœ“ client.maximizeWindow()

  moveToElement
    âœ“ client.moveToElement()

  pause
    âœ“ client.pause()

  perform
    âœ“ client.perform()
    âœ“ client.perform() with async callback
    âœ“ client.perform() with async callback and api param

  saveScreenshot
    âœ“ client.saveScreenshot()

  setValue
    âœ“ client.setValue()

  submitForm
    âœ“ client.submitForm()

  waitForElementNotPresent
    âœ“ client.waitForElementNotPresent() success
    âœ“ client.waitForElementNotPresent() failure no abort
    âœ“ client.waitForElementNotPresent() failure no abort with custom interval

  waitForElementNotVisible
    âœ“ client.waitForElementNotVisible() success
    âœ“ client.waitForElementNotVisible() failure

  waitForElementPresent
    âœ“ client.waitForElementPresent() success
    âœ“ client.waitForElementPresent() with webdriver response success
    âœ“ client.waitForElementPresent() failure with custom message
    âœ“ client.waitForElementPresent() failure
    âœ“ client.waitForElementPresent() failure no abort (110ms)

  waitForElementVisible
    âœ“ client.waitForElementVisible() failure
    âœ“ client.waitForElementVisible() fail with global timeout default
    âœ“ client.waitForElementVisible() fail with global timeout default and custom message
    âœ“ client.waitForElementVisible() StaleElementReference error
    âœ“ client.waitForElementVisible() fail with no args and global timeout not set

  window
    âœ“ client.closeWindow()
    âœ“ client.switchWindow()
    âœ“ client.switchWindow() - no callback
    âœ“ client.resizeWindow()

  test commands element selectors
    âœ“ getText(<various>)
    âœ“ getText(<various>) locateStrategy
    âœ“ waitForElementPresent(<various>)
    âœ“ waitForElementPresent(<various>) locateStrategy

  test expect element selectors
    âœ“ passing expect selectors
    âœ“ failing expect selectors - xpath .nock
    âœ“ failing expect selectors - xpath @signUp

  test index in element selectors
    âœ“ calling protocol.element(using, {selector, index})
    âœ“ calling protocol.elements(using, {selector, index})
    âœ“ calling getText(<various>, {index})
    âœ“ calling waitForElementPresent(<various>, {index})
    âœ“ using page elements with index
    âœ“ using page section elements with index
    âœ“ using expect selectors with index - passing assertions
    âœ“ using expect selectors with index - failing .nock
    âœ“ using expect selectors with index - failing @help

  test page object element selectors
    âœ“ page elements
    âœ“ page section elements (70ms)
    âœ“ page section elements - section element not found

  test protocol element selectors
    âœ“ protocol.element(using, {selector})
    âœ“ protocol.element(using, null)
    âœ“ protocol.element(using, {})
    âœ“ protocol.element(using, {selector, locateStrategy})
    âœ“ protocol.element(using, {locateStrategy})
    âœ“ protocol.element(using, {locateStrategy=invalid})
    âœ“ protocol.elements(using, {selector})
    âœ“ protocol.elements(using, null)
    âœ“ protocol.elements(using, {})
    âœ“ protocol.elements(using, {selector, locateStrategy})
    âœ“ protocol.elements(using, {locateStrategy})
    âœ“ protocol.elements(using, {locateStrategy=invalid})

  expect.attribute
    âœ“ to have attribute [PASSED]
    âœ“ to have attribute with waitFor [PASSED]
    âœ“ to have attribute with implicit waitFor [PASSED]
    âœ“ to have attribute with implicit and custom waitFor [PASSED]
    âœ“ to have attribute with waitFor [FAILED] (107ms)
    âœ“ to have attribute with implicit and custom waitFor [FAILED] (106ms)
    âœ“ to have attribute with message [PASSED]
    âœ“ to have attribute with message [FAILED] (46ms)
    âœ“ to have attribute [FAILED] (47ms)
    âœ“ to not have attribute [PASSED]
    âœ“ to not have attribute [FAILED] (47ms)
    âœ“ to have attribute - element not found (47ms)
    âœ“ to have attribute equal to [PASSED]
    âœ“ to have attribute which equals [PASSED]
    âœ“ to have attribute equal to [FAILED] (49ms)
    âœ“ to have attribute NOT equal to [PASSED]
    âœ“ to have attribute NOT equal to [FAILED] (46ms)
    âœ“ to have attribute equal with waitFor [PASSED]
    âœ“ to have attribute equal with custom waitFor [PASSED] (56ms)
    âœ“ to have attribute equal and waitFor [FAILED] - attribute not found (160ms)
    âœ“ to have attribute equal and custom waitFor [FAILED] - attribute not found (76ms)
    âœ“ to have attribute equal and waitFor [FAILED] - attribute not equal
    âœ“ to have attribute equal to with message [PASSED]
    âœ“ to have attribute equal with message [FAILED] - attribute not found (45ms)
    âœ“ to have attribute equal with message [FAILED] - attribute not equal (45ms)
    âœ“ to have attribute not contains [PASSED]
    âœ“ to have attribute which contains [PASSED]
    âœ“ to have attribute not contains [FAILED] (46ms)
    âœ“ to have attribute which matches [PASSED]
    âœ“ to have attribute not match [PASSED]
    âœ“ to have attribute not match [FAILED] (47ms)
    âœ“ to have attribute equal to - element not found (47ms)
    âœ“ to have attribute contains - element not found (45ms)
    âœ“ to have attribute match - element not found (46ms)
    âœ“ to have attribute with waitFor - element not found (106ms)
    âœ“ to have attribute with custom waitFor - element not found (105ms)
    âœ“ to have attribute with waitFor - element found on retry (54ms)
    âœ“ to have attribute with custom waitFor - element found on retry (55ms)
    âœ“ to have attribute match - throws exception on invalid regex

  expect.css
    âœ“ to have css property [PASSED]
    âœ“ to have css property with waitFor [PASSED]
    âœ“ to have css property with waitFor [FAILED] (52ms)
    âœ“ to have css property with message [PASSED]
    âœ“ to have css property with message [FAILED] (47ms)
    âœ“ to have css property [FAILED] (46ms)
    âœ“ to not have css property [PASSED]
    âœ“ to not have css property [FAILED] (49ms)
    âœ“ to have css property - element not found (108ms)
    âœ“ to have css property equal to [PASSED]
    âœ“ to have css property which equals [PASSED]
    âœ“ to have css property equal to [FAILED] (44ms)
    âœ“ to have css property NOT equal to [PASSED]
    âœ“ to have css property NOT equal to [FAILED] (47ms)
    âœ“ to have css property equal with waitFor [PASSED] (55ms)
    âœ“ to have css property equal and waitFor [FAILED] - property not set (159ms)
    âœ“ to have css property equal and waitFor [FAILED] - property not equal
    âœ“ to have css property which contains [PASSED]
    âœ“ to have css property equal with message [PASSED]
    âœ“ to have css property equal with message [FAILED] - property not set (46ms)
    âœ“ to have css property equal with message [FAILED] - property not equal (47ms)
    âœ“ to have css property not contains [PASSED]
    âœ“ to have css property not contains [FAILED] (45ms)
    âœ“ to have css property which matches [PASSED]
    âœ“ to have css property not match [PASSED]
    âœ“ to have css property not match [FAILED] (46ms)
    âœ“ to have css property equal to - element not found (47ms)
    âœ“ to have css property contains - element not found (46ms)
    âœ“ to have css property with waitFor - element not found (107ms)
    âœ“ to have css property with waitFor - element found on retry (54ms)
    âœ“ to have css property match - element not found (45ms)

  expect.enabled
    âœ“ to be enabled [PASSED]
    âœ“ to be enabled with waitFor [PASSED]
    âœ“ to be enabled with waitFor [FAILED] (108ms)
    âœ“ to be enabled [FAILED] (46ms)
    âœ“ to not be enabled [PASSED]
    âœ“ to not be enabled [FAILED] (45ms)
    âœ“ to be enabled - element not found (47ms)
    âœ“ to not be enabled with waitFor [FAILED] (158ms)
    âœ“ to be enabled with waitFor - element not found (109ms)
    âœ“ to be enabled with waitFor - element found on retry (55ms)

  expect.present
    âœ“ to be present [PASSED]
    âœ“ to be present with waitFor [PASSED]
    âœ“ to be present with waitFor [FAILED] (106ms)
    âœ“ to be present [FAILED] (46ms)
    âœ“ to be present with waitFor [PASSED on retry] (55ms)
    âœ“ to not be present [FAILED] (47ms)
    âœ“ to be present - xpath via useXpath [PASSED]
    âœ“ to be present - xpath via argument [PASSED]

  expect.selected
    âœ“ to be selected [PASSED]
    âœ“ to be selected with waitFor [PASSED]
    âœ“ to be selected with waitFor [FAILED] (106ms)
    âœ“ to be selected [FAILED] (46ms)
    âœ“ to not be selected [PASSED]
    âœ“ to not be selected [FAILED] (46ms)
    âœ“ to be selected - element not found (46ms)
    âœ“ to not be selected with waitFor [FAILED] (159ms)
    âœ“ to be selected with waitFor - element not found (106ms)
    âœ“ to be selected with waitFor - element found on retry (56ms)

  expect.text
    âœ“ text to equal [PASSED]
    âœ“ text to equal [FAILED] (46ms)
    âœ“ text to NOT equal [PASSED]
    âœ“ text to NOT equal [FAILED] (46ms)
    âœ“ text to equal with waitFor [PASSED] (56ms)
    âœ“ text to equal and waitFor [FAILED] - text not equal
    âœ“ text to not equal [PASSED]
    âœ“ text to not equal [FAILED] (49ms)
    âœ“ text to not contain [PASSED]
    âœ“ text to contain [PASSED]
    âœ“ text to not contain [FAILED] (45ms)
    âœ“ text to match [PASSED]
    âœ“ text to not match [PASSED]
    âœ“ text to not match [FAILED] (46ms)
    âœ“ text to equal - element not found (45ms)
    âœ“ text to contain - element not found (46ms)
    âœ“ text to match - element not found (46ms)
    âœ“ text to match with waitFor - element not found (107ms)
    âœ“ text to match with waitFor - element found on retry (55ms)
    âœ“ text to match - throws exception on invalid regex (49ms)

  expect.type
    âœ“ to be [PASSED]
    âœ“ to be [FAILED] (45ms)
    âœ“ to not be [PASSED]
    âœ“ to not be - element not found (46ms)
    âœ“ to be with message [PASSED]
    âœ“ to be with message [FAILED] (46ms)
    âœ“ to be with message - element not found (45ms)
    âœ“ to be with waitFor - element not found (107ms)
    âœ“ to be with waitFor - element found on retry (54ms)

  expect.value
    âœ“ to have value equal to [PASSED]
    âœ“ to have value which equals [PASSED]
    âœ“ to have value equal to [FAILED] (46ms)
    âœ“ to have value NOT equal to [PASSED]
    âœ“ to have value NOT equal to [FAILED] (62ms)
    âœ“ to have value equal with waitFor [PASSED] (54ms)
    âœ“ to have value equal and waitFor [FAILED] - value not equal (158ms)
    âœ“ to have value not equal to [PASSED]
    âœ“ to have value not equal to [FAILED] (47ms)
    âœ“ to have value not contains [PASSED]
    âœ“ to have value contains [PASSED]
    âœ“ to have value not contains [FAILED] (45ms)
    âœ“ to have value not match [PASSED]
    âœ“ to have value which matches [PASSED]
    âœ“ to have value not match [FAILED] (45ms)
    âœ“ to have value equal to - element not found (47ms)
    âœ“ to have value which contains - element not found (45ms)
    âœ“ to have value match - element not found (47ms)
    âœ“ to have value equal to with waitFor - element not found (106ms)
    âœ“ to have value equal with waitFor - element found on retry (56ms)
    âœ“ to have value match - throws exception on invalid regex (47ms)
    âœ“ to have value equal and waitFor [FAILED] - value not found (159ms)

  expect.visible
    âœ“ to be visible [PASSED]
    âœ“ to be visible with waitFor [PASSED]
    âœ“ to be visible with waitFor [FAILED] (106ms)
    âœ“ to be visible [FAILED] (46ms)
    âœ“ to not be visible [PASSED]
    âœ“ to not be visible [FAILED] (46ms)
    âœ“ to be visible - element not found (47ms)
    âœ“ to not be visible with waitFor [FAILED]
    âœ“ to not be visible with waitFor [PASSED] - element not visible on retry
    âœ“ to be visible with waitFor - element not found (107ms)
    âœ“ to be visible with waitFor - element found on retry (55ms)

  alert commands
    âœ“ testAcceptAlert
    âœ“ testAcceptAlert W3C WebDriver
    âœ“ testDismissAlert
    âœ“ testDismissAlert W3C WebDriver
    âœ“ testGetAlertText
    âœ“ testGetAlertText W3C WebDriver
    âœ“ testSetAlertText
    âœ“ testSetAlertText W3C WebDriver

  browser commands
    âœ“ testRefresh
    âœ“ testBack
    âœ“ testForward

  context commands
    âœ“ testContexts
    âœ“ testCurrentContext
    âœ“ testSetContext

  cookie commands
    âœ“ testCookieGet
    âœ“ testCookiePost
    âœ“ testCookieDeleteAll
    âœ“ testCookieDeleteOne
    âœ“ testCookieErrors

  client.doubleClick
    âœ“ testDoubleClick

  element actions
    âœ“ testElement
    âœ“ testElementIdElement
    âœ“ testElementIdElement invalid element ID
    âœ“ testElementPlural
    âœ“ testElementIdElementPlural
    âœ“ testElementIdElementPlural invalid element ID
    âœ“ testElementActive
    âœ“ testElementIdClear
    âœ“ testElementIdClear invalid element ID
    âœ“ testElementIdSelected
    âœ“ testElementIdSelected invalid element ID
    âœ“ testElementIdEnabled
    âœ“ testElementIdEnabled invalid element ID
    âœ“ testElementIdEquals
    âœ“ testElementIdEquals invalid element ID
    âœ“ testElementIdAttribute
    âœ“ testElementIdAttribute invalid element ID
    âœ“ testElementIdClick
    âœ“ testElementIdClick invalid element ID
    âœ“ testElementIdCssProperty
    âœ“ testElementIdCssProperty invalid element ID
    âœ“ testElementIdDisplayed
    âœ“ testElementIdDisplayed invalid element ID
    âœ“ testElementIdLocation
    âœ“ testElementIdLocation invalid element ID
    âœ“ testElementIdLocationInView
    âœ“ testElementIdLocationInView invalid element ID
    âœ“ testElementIdName
    âœ“ testElementIdName invalid element ID
    âœ“ testElementIdSize
    âœ“ testElementIdSize invalid element ID
    âœ“ testElementIdText
    âœ“ testElementIdText invalid element ID
    âœ“ testElementIdValueGet
    âœ“ testElementIdValueGet invalid element ID
    âœ“ testElementIdValuePost
    âœ“ testElementIdValuePost invalid element ID
    âœ“ testElementWithCallbackAndContext

  client.execute
    âœ“ testExecuteString
    âœ“ testExecuteString W3C WebDriver
    âœ“ testExecuteFunction
    âœ“ testExecuteFunctionNoArgs
    âœ“ testExecuteAsyncFunction
    âœ“ testExecuteAsync
    âœ“ testExecuteAsync W3C WebDriver

  client.frame
    âœ“ testFrameDefault
    âœ“ testFramePost
    âœ“ testFrameParent

  client.keys()
    âœ“ testKeys
    âœ“ testKeysSingle
    âœ“ testKeysUnicode

  session log commands
    âœ“ testLog
    âœ“ testLogTypes

  client.mouseButtonClick
    âœ“ test mouseButtonClick click left
    âœ“ test mouseButtonClick click right
    âœ“ test mouseButtonClick click middle
    âœ“ test mouseButtonClick with callback only
    âœ“ test mouseButtonClick with no args
    âœ“ test mouseButtonDown click left
    âœ“ test mouseButtonDown click middle
    âœ“ test mouseButtonDown with callback only
    âœ“ test mouseButtonUp click right

  browser commands
    âœ“ testMoveTo

  orientation commands
    âœ“ testGetOrientation
    âœ“ testSetOrientation
    âœ“ testSetOrientationInvalid

  client.screenshot
    âœ“ testScreenshot

  session commands
    âœ“ testSessions
    âœ“ testSessionDefault
    âœ“ testSessionGETImplicit
    âœ“ testSessionGETExplicit
    âœ“ testSessionGETImplicitById
    âœ“ testSessionGETExplicitById
    âœ“ testSessionDELETE
    âœ“ testSessionDELETEWithCallback
    âœ“ testSessionDELETEById
    âœ“ testSessionPOST

  client.source
    âœ“ client.source() get command
    âœ“ client.source() get command callback

  client.status
    âœ“ testStatus

  client.submit
    âœ“ testSubmit

  timeouts commands
    âœ“ testTimeoutsValid
    âœ“ testTimeouts invalid type
    âœ“ testTimeouts invalid value
    âœ“ testTimeoutsAsyncScript
    âœ“ testTimeoutsImplicitWait

  client.title
    âœ“ testTitle

  url
    âœ“ client.url() get
    âœ“ client.url() new
    âœ“ client.url() get with callback
    âœ“ client.url() new with callback

  window commands
    âœ“ testWindowHandle
    âœ“ testWindowHandle W3C WebDriver
    âœ“ testWindowHandlePlural
    âœ“ testWindowHandlePlural W3C WebDriver
    âœ“ testCloseWindow
    âœ“ testSwitchWindow
    âœ“ testSwitchWindow W3C WebDriver
    âœ“ testWindowCommand

  windowPosition
    âœ“ testWindowPositionGet without offsets and callback
    âœ“ testWindowPositionErrors
    âœ“ testWindowPositionGet
    âœ“ testWindowPositionPost

  windowSize
    âœ“ testWindowSizeErrors
    âœ“ testWindowSizeGet
    âœ“ testWindowSizePost

  test Assertions
    âœ“ Testing assertions loaded
    âœ“ Testing chai expect is loaded
    âœ“ Testing passed assertion retry
    âœ“ Testing failed assertion retry

  test Nightwatch Api
    âœ“ testAddCustomAssertion
    âœ“ testLoadCustomAssertionsBadFolder
    âœ“ testRunCustomPerformCommand
    âœ“ testRunCustomCommandDeprecated
    âœ“ testRunElementCommand (78ms)
    âœ“ testRunClientCommand
    âœ“ testAddPageObjectArrayPath

  test PageObjectApi
    âœ“ testPageObjectProperties
    âœ“ testPageObjectElementsArray
    âœ“ testPageObjectSubDirectory
    âœ“ testPageObjectAssertionsLoaded
    âœ“ testPageObjectCommandsLoaded

  test PageObject Commands
    âœ“ testPageObjectElementCommandWithMutliArgs
    âœ“ testPageObjectCallbackContext
    âœ“ testPageObjectLocateStrategy
    âœ“ testPageObjectElementRecursion
    âœ“ testPageObjectPluralElementRecursion
    âœ“ testPageObjectElementCommandSwitchLocateStrategy
    âœ“ testPageObjectInvalidElementCommand
    âœ“ testPageObjectPropsFunctionReturnsObject
    âœ“ testSectionObjectPropsFunctionReturnsObject
    âœ“ testPageObjectWithUrlChanged

  test PageObject Commands
    âœ“ testPageObjectCustomCommands

  test Queue
    âœ“ Test commands queue

  test Request With Credentials
    âœ“ Test initialization with credentials

  Transport.create()
    âœ“ test create Transport for Selenium3 external with Firefox
    âœ“ test create Transport for Selenium3 external with Chrome
    âœ“ test create Transport for Selenium2 external
    âœ“ test create Transport for Selenium2 managed
    âœ“ test create Transport for Selenium2 managed explicit version2 setting
    âœ“ test create Transport for Firefox managed
    âœ“ test create Transport for Chrome managed
    âœ“ test create Transport for Chrome managed and no selenium settings
    âœ“ test create Transport for Selenium3 managed
    âœ“ test create Transport for WebDriver managed and no selenium settings

  test defaultPathPrefix
    âœ“ testDefaultPathPrefix
    âœ“ testSetDefaultPathPrefixOption
    âœ“ test set defaultPathPrefix option when already set
    âœ“ testSetDefaultPathPrefixInvalidOption
    âœ“ testSetDefaultPathPrefixEmptyOption

  test NightwatchIndex
    âœ“ Test initialization
    âœ“ testChromeSessionWithRedirectStatus
    âœ“ testSetOptions
    âœ“ testSetWebdriverOptionsDefaults
    âœ“ testSetWebdriverOptions
    âœ“ testSetOptionsCredentials
    âœ“ testSetOptionsScreenshots
    âœ“ testSetOptionsScreenshotsOnError
    âœ“ testSetOptionsScreenshotsThrows
    âœ“ testEndSessionOnFail
    âœ“ testSetRequestTimeoutOptions
    âœ“ test session response with status success and no sessionId

  test HttpRequest
    âœ“ testSendPostRequest
    âœ“ testSendPostRequestWithCredentials
    âœ“ testSendPostRequestWithProxy
    âœ“ testResponseWithRedirect
    âœ“ testGetRequest
WARNING: loading non-allowed module: ./utils.js
    âœ“ testErrorResponse
WARNING: loading non-allowed module: ./utils.js
    âœ“ testErrorResponseLocalised

  test HttpRequestTimeout
    âœ“ testRequestTimeout (54ms)
    âœ“ testRetryAttempts (54ms)

  Test CLI Runner
    âœ“ testInitDefaults (46ms)
    âœ“ testSetOutputFolder
    âœ“ testReadSettingsDeprecated
    âœ“ testCustomSettingsFileAndEnvironment
    âœ“ testGetTestSourceSingle
    âœ“ testGetTestSourceSingleWithAbsolutePath
(node:3457) MaxListenersExceededWarning: Possible EventEmitter memory leak detected. 11 exit listeners added. Use emitter.setMaxListeners() to increase limit
    âœ“ testGetTestSourceSingleWithRelativePath
    âœ“ testGetTestSourceGroup
(node:3457) MaxListenersExceededWarning: Possible EventEmitter memory leak detected. 11 uncaughtException listeners added. Use emitter.setMaxListeners() to increase limit
(node:3457) MaxListenersExceededWarning: Possible EventEmitter memory leak detected. 11 unhandledRejection listeners added. Use emitter.setMaxListeners() to increase limit
    âœ“ testGetTestSourceMultipleGroups
    âœ“ testParseTestSettingsInvalid
    âœ“ testParseTestSettingsNull
    âœ“ testParseTestSettingsIncorrect
    âœ“ testReadExternalGlobals
    âœ“ testReadExternalGlobalsError
    âœ“ testStartSeleniumDisabledPerEnvironment
    âœ“ testStartSeleniumEnvironmentOverride

  test CLI Runner Mocha
    âœ“ testRunWithMochaDefaults
    âœ“ testRunWithMochaPerEnvironment
    âœ“ testRunWithMochaCustomOpts

  test Parallel Execution
    âœ“ testParallelExecution (175ms)
    âœ“ test parallel execution with workers defaults (1500ms)
    âœ“ testParallelExecutionSameEnv (51ms)
    âœ“ testParallelExecutionWithWorkersAuto (1526ms)
    âœ“ test parallel execution with workers count (602ms)
    âœ“ test parallel execution with workers disabled per environment (49ms)
    âœ“ test parallel execution with workers and single source file

  test Parallel Execution Exit Code
    âœ“ test parallel execution with code non zero test workers (600ms)
    âœ“ test parallel execution with code non zero envs (65ms)

  test Mocha integration


  Demo test with Mocha
    for testing purposes
      âœ“ demoTestAsyncOne
      âœ“ demoTestAsyncTwo

  Mocha tests with failures
(node:3457) MaxListenersExceededWarning: Possible EventEmitter memory leak detected. 11 error listeners added. Use emitter.setMaxListeners() to increase limit
    1) demoTest
    2) demoTest2


  2 passing (542ms)
  2 failing

  1) Mocha tests with failures
       demoTest:
     Testing if element <#badElement> is present. - expected [0;32m"present"[0m but got: [0;31m"not present"[0m
      at Context.<anonymous> (test/mochatests/sampleWithFailures.js:16:15)
      at Runnable.run (lib/testsuite/runnable.js:114:21)
      at TestSuite.createRunnable (lib/testsuite/testsuite.js:419:33)
      at <anonymous>

  2) Mocha tests with failures
       demoTest2:
     Testing if element <#badElement> is present. - expected [0;32m"present"[0m but got: [0;31m"not present"[0m
      at Context.<anonymous> (test/mochatests/sampleWithFailures.js:23:15)
      at Runnable.run (lib/testsuite/runnable.js:114:21)
      at TestSuite.createRunnable (lib/testsuite/testsuite.js:419:33)
      at <anonymous>



    âœ“ testRunMochaSampleTests (562ms)

  testReporter
    âœ“ test with unknown reporter
    âœ“ test with invalid reporter
    âœ“ test with valid reporter

  testRunTestcase
    âœ“ testRunner with skip_testcases_on_fail=false
    âœ“ testRunner with skip_testcases_on_fail=true (default) (52ms)



    âœ“ testRunner with --testcase argument (44ms)
    âœ“ testRunner with invalid --testcase argument

[0;36m[Sample Single Test] Test Suite[0m
[0;35m===============================[0m
Running:  [0;32mdemoTest[0m

[0;32mNo assertions ran.[0m
    âœ“ testRunCurrentTestName (188ms)

[0;36m[Sample Single Test] Test Suite[0m
[0;35m===============================[0m
Running:  [0;32mdemoTest[0m

[0;32mâœ”[0m Passed [ok]: Test OK ok
[0;32mâœ”[0m Passed [equal]: 1 == 1

[0;32mOK.[0m [0;32m2[0m assertions passed. (3ms)
    âœ“ currentTest in afterEach hook












    âœ“ testRunner with retries (41ms)
    âœ“ testRunner with retries and skip_testcases_on_fail=false (41ms)

  testRunTestSuite
    âœ“ testRunner with suiteRetries (49ms)
    âœ“ testRunner with suiteRetries and skip_testcases_on_fail=false (62ms)
















    âœ“ testRunner with suiteRetries and locate strategy change (66ms)
    âœ“ test clear command queue when run with suiteRetries (56ms)
    âœ“ testRunModuleSyncName (193ms)
    âœ“ test run multiple sources and same module name (52ms)
    âœ“ testRunMultipleSrcFolders (48ms)

  testRunWithExclude
    âœ“ testRunWithExcludeFolder (39ms)
    âœ“ testRun with exclude folder name and multiple src_folders
    âœ“ testRun with exclude folder pattern and multiple src_folders
    âœ“ testRun with filter folder name and multiple src_folders
    âœ“ testRun with filter pattern and multiple src_folders
    âœ“ testRun with filter pattern relative and single src_folders
    âœ“ testRun with both filter and exclude patterns and single src_folder
    âœ“ testRunWithExcludePattern
    âœ“ testRunWithExcludeFile
(node:3457) MaxListenersExceededWarning: Possible EventEmitter memory leak detected. 11 exit listeners added. Use emitter.setMaxListeners() to increase limit
(node:3457) MaxListenersExceededWarning: Possible EventEmitter memory leak detected. 11 uncaughtException listeners added. Use emitter.setMaxListeners() to increase limit
(node:3457) MaxListenersExceededWarning: Possible EventEmitter memory leak detected. 11 unhandledRejection listeners added. Use emitter.setMaxListeners() to increase limit
    âœ“ test running with multiple excludes will exclude all matches with single src folder
    âœ“ test running with multiple excludes will exclude all matches with multiple src folders

  testRunWithGlobalHooks








    âœ“ testRunner with globalBefore and after (90ms)
    âœ“ testRunner with global async beforeEach and afterEach (214ms)
    âœ“ testRunner with global async beforeEach and afterEach with api argument (192ms)
    âœ“ test run with global async beforeEach and assert failure (136ms)
    âœ“ test run with global async beforeEach and exception (133ms)
    âœ“ test run with global async beforeEach and done(err); (99ms)
    âœ“ test currentTest in global beforeEach/afterEach (52ms)

  testRunWithGlobalReporter
    âœ“ testRunWithGlobalReporter (124ms)
    âœ“ testRunner with global async reporter (132ms)
    âœ“ testRunner with global async reporter and timeout error (135ms)

  testRunWithHooks
    âœ“ testRunner with before hook and explicit callback error (47ms)
    âœ“ testRunner with beforeAsync hook and explicit callback error (47ms)
    âœ“ testRunner with beforeWithClient hook and explicit callback error (49ms)
    âœ“ testRunner with beforeEach hook and explicit callback error
    âœ“ testRunner with beforeEachAsync hook and explicit callback error (55ms)
    âœ“ testRunner with beforeEachWithClient hook and explicit callback error (39ms)
    âœ“ testRunner with beforeEachAsyncWithClient hook and explicit callback error (48ms)
    âœ“ testRunner with beforeEachAsyncWithClientMultiple hook and explicit callback error (59ms)
    âœ“ testRunner with afterEach hook and explicit callback error (247ms)
    âœ“ testRunner with afterEachAsync hook and explicit callback error (44ms)
    âœ“ testRunner with afterEachWithClient hook and explicit callback error (40ms)
    âœ“ testRunner with after hook and explicit callback error (41ms)
    âœ“ testRunner with afterAsync hook and explicit callback error (41ms)
    âœ“ testRunner with afterWithClient hook and explicit callback error (45ms)



    âœ“ test run with async before and after (54ms)



    âœ“ test run with async afterEach (52ms)








    âœ“ testRunner async with before and after (123ms)
    âœ“ testRunner with --testcase and before and after
    âœ“ testRunWithAsyncHooks (96ms)





    âœ“ test async afterEach hook timeout error (56ms)

  testRunWithMultipleSources
    âœ“ testRunWithMultipleSourceFiles (61ms)
    âœ“ testRunWithSourceFilesAndFolders (122ms)








    âœ“ testRunner with multiple src_folders value (44ms)
[0;32mâœ”[0m demoSync
[0;32mâœ”[0m demoTestAsync
    âœ“ testRunner with multiple src_folders value - with unit tests error (97ms)

  testRunWithTags
    âœ“ testRunWithTags
    âœ“ testRunWithTagsAndFilterEmpty (57ms)
    âœ“ testRunWithTagsAndFilterNotEmpty (50ms)
    âœ“ testRunWithTagsAndSkipTags (45ms)
    âœ“ testRunner with tags and skip tags no matches

  testRunner
    âœ“ testRunEmptyFolder
    âœ“ testRunNoSrcFoldersArgument
    âœ“ testRunSimple (42ms)
    âœ“ testRunWithJUnitOutput (95ms)

  testRunnerChaiExpect
    âœ“ testRunWithChaiExpect

  testRunnerSessionCreate
    âœ“ testRunner with session create error using webdriver
    âœ“ testRunner with session ECONNREFUSED error using webdriver

  testRunnerUnitTests
[0;32mâœ”[0m demoTestSync
[0;32mâœ”[0m demoTestAsync
[0;32mâœ”[0m demoSync
[0;32mâœ”[0m demoTestAsync
    âœ“ testRunUnitTests
[0;32mâœ”[0m demoSync
[0;32mâœ”[0m demoTestAsync
    âœ“ testRunner unit tests with annotation
[0;31mâœ–[0m [0;31mdemoSync[0m
    âœ“ testRunner unit tests with annotation and error thrown
[0;31mâœ–[0m [0;31mdemoTest[0m
    âœ“ test run unit tests with junit output and failures
[0;31mâœ–[0m [0;31mdemoTest[0m
    âœ“ test async unit test with timeout error

  test TagsMatcher
    âœ“ tag: test matching tags
    âœ“ tag: test non-matching tags
    âœ“ tag: test undefined tags
    âœ“ tag: test loading module with tags
    âœ“ tag: test loading modules containing an error should not be silent
    âœ“ tag: test matching numeric tags
    âœ“ tag: test matching numeric tags single
    âœ“ skiptag test not matching
    âœ“ skiptag test matching
    âœ“ skiptag test matching - undefined local tags
    âœ“ skiptag test loading module with matching tags
    âœ“ skiptag test loading module with no tags
    âœ“ tag filter does not find module, but skiptag does and excludes it
    âœ“ tag filter finds module, skiptag also does and excludes it
    âœ“ tag filter finds module, and skiptag does not

  test Utils
    âœ“ testFormatElapsedTime
    âœ“ testMakeFnAsync
    âœ“ testCheckFunction
    âœ“ testGetTestSuiteName

  Webdriver Manager
    test Selenium Server
      âœ“ testStartSeleniumServerDisabled
      âœ“ testStartWebdriverServerDisabled
      âœ“ testStartServer (109ms)
      âœ“ testStartServerWithExitCode

  Webdriver Manager
    test WebDriver
      âœ“ test start geckodriver with concurrency


  615 passing (21s)

travis_time:end:08e2d050:start=1608737704739082440,finish=1608737726216921827,duration=21477839387,event=script[0K[32;1mThe command "npm test" exited with 0.[0m
travis_fold:start:cache.2[0Kstore build cache
travis_time:start:2b712100[0Ktravis_time:end:2b712100:start=1608737726226058386,finish=1608737726234059230,duration=8000844,event=cache[0Ktravis_time:start:30cc8c50[0K[32;1mchanges detected, packing new archive[0m
[32;1muploading /[0m
[31;1mfailed to upload cache[0m
travis_time:end:30cc8c50:start=1608737726244002316,finish=1608737729082305730,duration=2838303414,event=cache[0Ktravis_fold:end:cache.2[0K

Done. Your build exited with 1.
