travis_fold:start:system_info[0K[33;1mBuild system information[0m
Build language: java
Build group: stable
Build dist: precise
Build id: ''
Job id: ''
[34m[1mBuild image provisioning date and time[0m
Thu Feb  5 15:09:33 UTC 2015
[34m[1mOperating System Details[0m
Distributor ID:	Ubuntu
Description:	Ubuntu 12.04.5 LTS
Release:	12.04
Codename:	precise
[34m[1mLinux Version[0m
3.13.0-29-generic
[34m[1mCookbooks Version[0m
a68419e https://github.com/travis-ci/travis-cookbooks/tree/a68419e
[34m[1mGCC version[0m
gcc (Ubuntu/Linaro 4.6.3-1ubuntu5) 4.6.3
Copyright (C) 2011 Free Software Foundation, Inc.
This is free software; see the source for copying conditions.  There is NO
warranty; not even for MERCHANTABILITY or FITNESS FOR A PARTICULAR PURPOSE.

[34m[1mLLVM version[0m
clang version 3.4 (tags/RELEASE_34/final)
Target: x86_64-unknown-linux-gnu
Thread model: posix
[34m[1mPre-installed Ruby versions[0m
ruby-1.9.3-p551
[34m[1mPre-installed Node.js versions[0m
v0.10.36
[34m[1mPre-installed Go versions[0m
1.4.1
[34m[1mRedis version[0m
redis-server 2.8.19
[34m[1mriak version[0m
2.0.2
[34m[1mMongoDB version[0m
MongoDB 2.4.12
[34m[1mCouchDB version[0m
couchdb 1.6.1
[34m[1mNeo4j version[0m
1.9.4
[34m[1mRabbitMQ Version[0m
3.4.3
[34m[1mElasticSearch version[0m
1.4.0
[34m[1mInstalled Sphinx versions[0m
2.0.10
2.1.9
2.2.6
[34m[1mDefault Sphinx version[0m
2.2.6
[34m[1mInstalled Firefox version[0m
firefox 31.0esr
[34m[1mPhantomJS version[0m
1.9.8
[34m[1mant -version[0m
Apache Ant(TM) version 1.8.2 compiled on December 3 2011
[34m[1mmvn -version[0m
Apache Maven 3.2.5 (12a6b3acb947671f09b81f49094c53f426d8cea1; 2014-12-14T17:29:23+00:00)
Maven home: /usr/local/maven
Java version: 1.7.0_76, vendor: Oracle Corporation
Java home: /usr/lib/jvm/java-7-oracle/jre
Default locale: en_US, platform encoding: ANSI_X3.4-1968
OS name: "linux", version: "3.13.0-29-generic", arch: "amd64", family: "unix"
travis_fold:end:system_info[0K
grep: /etc/apt/sources.list.d/*: No such file or directory
W: Failed to fetch http://security.ubuntu.com/ubuntu/dists/precise-security/main/source/Sources  404  Not Found [IP: 185.125.190.39 80]

W: Failed to fetch http://security.ubuntu.com/ubuntu/dists/precise-security/restricted/source/Sources  404  Not Found [IP: 185.125.190.39 80]

W: Failed to fetch http://security.ubuntu.com/ubuntu/dists/precise-security/universe/source/Sources  404  Not Found [IP: 185.125.190.39 80]

W: Failed to fetch http://security.ubuntu.com/ubuntu/dists/precise-security/multiverse/source/Sources  404  Not Found [IP: 185.125.190.39 80]

W: Failed to fetch http://security.ubuntu.com/ubuntu/dists/precise-security/main/binary-amd64/Packages  404  Not Found [IP: 185.125.190.39 80]

W: Failed to fetch http://security.ubuntu.com/ubuntu/dists/precise-security/restricted/binary-amd64/Packages  404  Not Found [IP: 185.125.190.39 80]

W: Failed to fetch http://security.ubuntu.com/ubuntu/dists/precise-security/universe/binary-amd64/Packages  404  Not Found [IP: 185.125.190.39 80]

W: Failed to fetch http://security.ubuntu.com/ubuntu/dists/precise-security/multiverse/binary-amd64/Packages  404  Not Found [IP: 185.125.190.39 80]

W: Failed to fetch http://security.ubuntu.com/ubuntu/dists/precise-security/main/binary-i386/Packages  404  Not Found [IP: 185.125.190.39 80]

W: Failed to fetch http://security.ubuntu.com/ubuntu/dists/precise-security/restricted/binary-i386/Packages  404  Not Found [IP: 185.125.190.39 80]

W: Failed to fetch http://security.ubuntu.com/ubuntu/dists/precise-security/universe/binary-i386/Packages  404  Not Found [IP: 185.125.190.39 80]

W: Failed to fetch http://security.ubuntu.com/ubuntu/dists/precise-security/multiverse/binary-i386/Packages  404  Not Found [IP: 185.125.190.39 80]

W: Failed to fetch http://us.archive.ubuntu.com/ubuntu/dists/precise/main/source/Sources  404  Not Found [IP: 91.189.91.38 80]

W: Failed to fetch http://us.archive.ubuntu.com/ubuntu/dists/precise/restricted/source/Sources  404  Not Found [IP: 91.189.91.38 80]

W: Failed to fetch http://us.archive.ubuntu.com/ubuntu/dists/precise/universe/source/Sources  404  Not Found [IP: 91.189.91.38 80]

W: Failed to fetch http://us.archive.ubuntu.com/ubuntu/dists/precise/multiverse/source/Sources  404  Not Found [IP: 91.189.91.38 80]

W: Failed to fetch http://us.archive.ubuntu.com/ubuntu/dists/precise/main/binary-amd64/Packages  404  Not Found [IP: 91.189.91.38 80]

W: Failed to fetch http://us.archive.ubuntu.com/ubuntu/dists/precise/restricted/binary-amd64/Packages  404  Not Found [IP: 91.189.91.38 80]

W: Failed to fetch http://us.archive.ubuntu.com/ubuntu/dists/precise/universe/binary-amd64/Packages  404  Not Found [IP: 91.189.91.38 80]

W: Failed to fetch http://us.archive.ubuntu.com/ubuntu/dists/precise/multiverse/binary-amd64/Packages  404  Not Found [IP: 91.189.91.38 80]

W: Failed to fetch http://us.archive.ubuntu.com/ubuntu/dists/precise/main/binary-i386/Packages  404  Not Found [IP: 91.189.91.38 80]

W: Failed to fetch http://us.archive.ubuntu.com/ubuntu/dists/precise/restricted/binary-i386/Packages  404  Not Found [IP: 91.189.91.38 80]

W: Failed to fetch http://us.archive.ubuntu.com/ubuntu/dists/precise/universe/binary-i386/Packages  404  Not Found [IP: 91.189.91.38 80]

W: Failed to fetch http://us.archive.ubuntu.com/ubuntu/dists/precise/multiverse/binary-i386/Packages  404  Not Found [IP: 91.189.91.38 80]

W: Failed to fetch http://us.archive.ubuntu.com/ubuntu/dists/precise-updates/main/source/Sources  404  Not Found [IP: 91.189.91.38 80]

W: Failed to fetch http://us.archive.ubuntu.com/ubuntu/dists/precise-updates/restricted/source/Sources  404  Not Found [IP: 91.189.91.38 80]

W: Failed to fetch http://us.archive.ubuntu.com/ubuntu/dists/precise-updates/universe/source/Sources  404  Not Found [IP: 91.189.91.38 80]

W: Failed to fetch http://us.archive.ubuntu.com/ubuntu/dists/precise-updates/multiverse/source/Sources  404  Not Found [IP: 91.189.91.38 80]

W: Failed to fetch http://us.archive.ubuntu.com/ubuntu/dists/precise-updates/main/binary-amd64/Packages  404  Not Found [IP: 91.189.91.38 80]

W: Failed to fetch http://us.archive.ubuntu.com/ubuntu/dists/precise-updates/restricted/binary-amd64/Packages  404  Not Found [IP: 91.189.91.38 80]

W: Failed to fetch http://us.archive.ubuntu.com/ubuntu/dists/precise-updates/universe/binary-amd64/Packages  404  Not Found [IP: 91.189.91.38 80]

W: Failed to fetch http://us.archive.ubuntu.com/ubuntu/dists/precise-updates/multiverse/binary-amd64/Packages  404  Not Found [IP: 91.189.91.38 80]

W: Failed to fetch http://us.archive.ubuntu.com/ubuntu/dists/precise-updates/main/binary-i386/Packages  404  Not Found [IP: 91.189.91.38 80]

W: Failed to fetch http://us.archive.ubuntu.com/ubuntu/dists/precise-updates/restricted/binary-i386/Packages  404  Not Found [IP: 91.189.91.38 80]

W: Failed to fetch http://us.archive.ubuntu.com/ubuntu/dists/precise-updates/universe/binary-i386/Packages  404  Not Found [IP: 91.189.91.38 80]

W: Failed to fetch http://us.archive.ubuntu.com/ubuntu/dists/precise-updates/multiverse/binary-i386/Packages  404  Not Found [IP: 91.189.91.38 80]

W: Failed to fetch http://us.archive.ubuntu.com/ubuntu/dists/precise-backports/main/source/Sources  404  Not Found [IP: 91.189.91.38 80]

W: Failed to fetch http://us.archive.ubuntu.com/ubuntu/dists/precise-backports/restricted/source/Sources  404  Not Found [IP: 91.189.91.38 80]

W: Failed to fetch http://us.archive.ubuntu.com/ubuntu/dists/precise-backports/universe/source/Sources  404  Not Found [IP: 91.189.91.38 80]

W: Failed to fetch http://us.archive.ubuntu.com/ubuntu/dists/precise-backports/multiverse/source/Sources  404  Not Found [IP: 91.189.91.38 80]

W: Failed to fetch http://us.archive.ubuntu.com/ubuntu/dists/precise-backports/main/binary-amd64/Packages  404  Not Found [IP: 91.189.91.38 80]

W: Failed to fetch http://us.archive.ubuntu.com/ubuntu/dists/precise-backports/restricted/binary-amd64/Packages  404  Not Found [IP: 91.189.91.38 80]

W: Failed to fetch http://us.archive.ubuntu.com/ubuntu/dists/precise-backports/universe/binary-amd64/Packages  404  Not Found [IP: 91.189.91.38 80]

W: Failed to fetch http://us.archive.ubuntu.com/ubuntu/dists/precise-backports/multiverse/binary-amd64/Packages  404  Not Found [IP: 91.189.91.38 80]

W: Failed to fetch http://us.archive.ubuntu.com/ubuntu/dists/precise-backports/main/binary-i386/Packages  404  Not Found [IP: 91.189.91.38 80]

W: Failed to fetch http://us.archive.ubuntu.com/ubuntu/dists/precise-backports/restricted/binary-i386/Packages  404  Not Found [IP: 91.189.91.38 80]

W: Failed to fetch http://us.archive.ubuntu.com/ubuntu/dists/precise-backports/universe/binary-i386/Packages  404  Not Found [IP: 91.189.91.38 80]

W: Failed to fetch http://us.archive.ubuntu.com/ubuntu/dists/precise-backports/multiverse/binary-i386/Packages  404  Not Found [IP: 91.189.91.38 80]

E: Some index files failed to download. They have been ignored, or old ones used instead.
sed: cannot rename /etc/hosts: Device or resource busy
sed: cannot rename /etc/hosts: Device or resource busy
$ jdk_switcher use oraclejdk7
Switching to Oracle JDK7 (java-7-oracle), JAVA_HOME will be set to /usr/lib/jvm/java-7-oracle
$ cd failed/square/okhttp
travis_fold:start:git.submodule[0Ktravis_time:start:07fc158c[0K$ git submodule update --init --recursive

travis_time:end:07fc158c:start=1660630818558833477,finish=1660630819039830918,duration=480997441[0Ktravis_fold:end:git.submodule[0Ktravis_fold:start:apt[0K[33;1mInstalling APT Packages (BETA)[0m
$ export DEBIAN_FRONTEND=noninteractive
travis_time:start:0c92c0a0[0K$ sudo -E apt-get -yq update &>> ~/apt-get-update.log

travis_time:end:0c92c0a0:start=1660630819052628052,finish=1660630822093042276,duration=3040414224[0Ktravis_time:start:2773aa40[0K$ sudo -E apt-get -yq --no-install-suggests --no-install-recommends --force-yes install oracle-java8-installer
Reading package lists...
Building dependency tree...
Reading state information...
oracle-java8-installer is already the newest version.
0 upgraded, 0 newly installed, 0 to remove and 0 not upgraded.

travis_time:end:2773aa40:start=1660630822102944538,finish=1660630822295465946,duration=192521408[0Ktravis_fold:end:apt[0K
[33;1mSetting environment variables from .travis.yml[0m
$ export CI_DEPLOY_USERNAME=[secure]
$ export CI_DEPLOY_PASSWORD=[secure]

travis_fold:start:cache.1[0KSetting up build cache
$ export CASHER_DIR=$HOME/.casher
travis_time:start:0a039b2a[0K
travis_time:end:0a039b2a:start=1660630823024467623,finish=1660630823033195702,duration=8728079[0Ktravis_time:start:091fe6ab[0K/home/travis/.casher/bin/casher:213:in `cache_archive_name': undefined method `[]' for nil:NilClass (NoMethodError)
	from /home/travis/.casher/bin/casher:65:in `block in fetch'
	from /home/travis/.casher/bin/casher:64:in `each'
	from /home/travis/.casher/bin/casher:64:in `fetch'
	from /home/travis/.casher/bin/casher:53:in `block in run'
	from /home/travis/.rvm/rubies/ruby-1.9.3-p551/lib/ruby/1.9.1/timeout.rb:69:in `timeout'
	from /home/travis/.casher/bin/casher:53:in `run'
	from /home/travis/.casher/bin/casher:263:in `<main>'
[32;1mattempting to download cache archive[0m

travis_time:end:091fe6ab:start=1660630823042722647,finish=1660630823805656237,duration=762933590[0Ktravis_time:start:1d3ff5bc[0K
travis_time:end:1d3ff5bc:start=1660630823816130487,finish=1660630823824125569,duration=7995082[0Ktravis_time:start:01c4a1f5[0K[32;1madding /home/travis/.m2 to cache[0m

travis_time:end:01c4a1f5:start=1660630823834480066,finish=1660630824655370205,duration=820890139[0Ktravis_fold:end:cache.1[0K$ java -Xmx32m -version
java version "1.7.0_76"
Java(TM) SE Runtime Environment (build 1.7.0_76-b13)
Java HotSpot(TM) 64-Bit Server VM (build 24.76-b04, mixed mode)
$ javac -J-Xmx32m -version
javac 1.7.0_76
travis_fold:start:install[0Ktravis_time:start:01081c08[0K$ mvn -o install -Dhttps.protocols=TLSv1.2 -Dhttps.protocols=TLSv1.2 -DskipTests=true -Dmaven.javadoc.skip=true -B -V
Apache Maven 3.2.5 (12a6b3acb947671f09b81f49094c53f426d8cea1; 2014-12-14T17:29:23+00:00)
Maven home: /usr/local/maven
Java version: 1.7.0_76, vendor: Oracle Corporation
Java home: /usr/lib/jvm/java-7-oracle/jre
Default locale: en_US, platform encoding: UTF-8
OS name: "linux", version: "4.15.0-109-generic", arch: "amd64", family: "unix"
[INFO] Scanning for projects...
[WARNING] 
[WARNING] Some problems were encountered while building the effective model for com.squareup.okhttp3:okhttp-tests:jar:3.4.0-SNAPSHOT
[WARNING] 'build.plugins.plugin.version' for org.apache.maven.plugins:maven-deploy-plugin is missing. @ com.squareup.okhttp3:okhttp-tests:[unknown-version], /home/travis/build/failed/square/okhttp/okhttp-tests/pom.xml, line 53, column 15
[WARNING] 
[WARNING] Some problems were encountered while building the effective model for com.squareup.okhttp3:okhttp-ws-tests:jar:3.4.0-SNAPSHOT
[WARNING] 'build.plugins.plugin.version' for org.apache.maven.plugins:maven-deploy-plugin is missing. @ com.squareup.okhttp3:okhttp-ws-tests:[unknown-version], /home/travis/build/failed/square/okhttp/okhttp-ws-tests/pom.xml, line 67, column 15
[WARNING] 
[WARNING] Some problems were encountered while building the effective model for com.squareup.okhttp3:benchmarks:jar:3.4.0-SNAPSHOT
[WARNING] 'build.plugins.plugin.version' for org.codehaus.mojo:exec-maven-plugin is missing. @ com.squareup.okhttp3:benchmarks:[unknown-version], /home/travis/build/failed/square/okhttp/benchmarks/pom.xml, line 74, column 15
[WARNING] 
[WARNING] It is highly recommended to fix these problems because they threaten the stability of your build.
[WARNING] 
[WARNING] For this reason, future Maven versions might no longer support building such malformed projects.
[WARNING] 
[INFO] ------------------------------------------------------------------------
[INFO] Reactor Build Order:
[INFO] 
[INFO] OkHttp (Parent)
[INFO] OkHttp
[INFO] OkHttp test support classes
[INFO] OkHttp Web Sockets
[INFO] MockWebServer
[INFO] OkHttp URLConnection
[INFO] OkHttp Tests
[INFO] OkHttp Android Platform Support
[INFO] OkHttp Apache HttpClient
[INFO] OkHttp Web Socket Tests
[INFO] OkHttp Logging Interceptor
[INFO] OkCurl
[INFO] Samples (Parent)
[INFO] Sample: Guide
[INFO] Sample: Crawler
[INFO] Sample: Simple Client
[INFO] Sample: Static Server
[INFO] Benchmarks
[INFO]                                                                         
[INFO] ------------------------------------------------------------------------
[INFO] Building OkHttp (Parent) 3.4.0-SNAPSHOT
[INFO] ------------------------------------------------------------------------
[INFO] 
[INFO] --- maven-enforcer-plugin:1.0:enforce (enforce-maven) @ parent ---
[INFO] 
[INFO] --- animal-sniffer-maven-plugin:1.11:check (default) @ parent ---
[INFO] Checking unresolved references to org.codehaus.mojo.signature:java16:1.1
[INFO] 
[INFO] --- maven-checkstyle-plugin:2.10:checkstyle (default) @ parent ---
[INFO] 
[INFO] --- maven-install-plugin:2.4:install (default-install) @ parent ---
[INFO] Installing /home/travis/build/failed/square/okhttp/pom.xml to /home/travis/.m2/repository/com/squareup/okhttp3/parent/3.4.0-SNAPSHOT/parent-3.4.0-SNAPSHOT.pom
[INFO]                                                                         
[INFO] ------------------------------------------------------------------------
[INFO] Building OkHttp 3.4.0-SNAPSHOT
[INFO] ------------------------------------------------------------------------
[INFO] 
[INFO] --- maven-enforcer-plugin:1.0:enforce (enforce-maven) @ okhttp ---
[INFO] 
[INFO] --- templating-maven-plugin:1.0-alpha-3:filter-sources (default) @ okhttp ---
[INFO] Using 'UTF-8' encoding to copy filtered resources.
[INFO] Copying 1 resource
[INFO] Source directory: /home/travis/build/failed/square/okhttp/okhttp/target/generated-sources/java-templates added.
[INFO] 
[INFO] --- maven-resources-plugin:2.6:resources (default-resources) @ okhttp ---
[INFO] Using 'UTF-8' encoding to copy filtered resources.
[INFO] skip non existing resourceDirectory /home/travis/build/failed/square/okhttp/okhttp/src/main/resources
[INFO] 
[INFO] --- maven-compiler-plugin:3.0:compile (default-compile) @ okhttp ---
[INFO] Changes detected - recompiling the module!
[INFO] Compiling 91 source files to /home/travis/build/failed/square/okhttp/okhttp/target/classes
[WARNING] /home/travis/build/failed/square/okhttp/okhttp/src/main/java/okhttp3/internal/Util.java: Some input files use unchecked or unsafe operations.
[WARNING] /home/travis/build/failed/square/okhttp/okhttp/src/main/java/okhttp3/internal/Util.java: Recompile with -Xlint:unchecked for details.
[INFO] 
[INFO] --- maven-resources-plugin:2.6:testResources (default-testResources) @ okhttp ---
[INFO] Using 'UTF-8' encoding to copy filtered resources.
[INFO] skip non existing resourceDirectory /home/travis/build/failed/square/okhttp/okhttp/src/test/resources
[INFO] 
[INFO] --- maven-compiler-plugin:3.0:testCompile (default-testCompile) @ okhttp ---
[INFO] No sources to compile
[INFO] 
[INFO] --- maven-surefire-plugin:2.17:test (default-test) @ okhttp ---
[INFO] Tests are skipped.
[INFO] 
[INFO] --- animal-sniffer-maven-plugin:1.11:check (default) @ okhttp ---
[INFO] Checking unresolved references to org.codehaus.mojo.signature:java16:1.1
[INFO] 
[INFO] --- maven-jar-plugin:2.4:jar (default-jar) @ okhttp ---
[INFO] Building jar: /home/travis/build/failed/square/okhttp/okhttp/target/okhttp-3.4.0-SNAPSHOT.jar
[INFO] 
[INFO] --- maven-checkstyle-plugin:2.10:checkstyle (default) @ okhttp ---
[INFO] Starting audit...
Audit done.

[WARNING] Unable to locate Source XRef to link to - DISABLED
[INFO] 
[INFO] --- maven-install-plugin:2.4:install (default-install) @ okhttp ---
[INFO] Installing /home/travis/build/failed/square/okhttp/okhttp/target/okhttp-3.4.0-SNAPSHOT.jar to /home/travis/.m2/repository/com/squareup/okhttp3/okhttp/3.4.0-SNAPSHOT/okhttp-3.4.0-SNAPSHOT.jar
[INFO] Installing /home/travis/build/failed/square/okhttp/okhttp/pom.xml to /home/travis/.m2/repository/com/squareup/okhttp3/okhttp/3.4.0-SNAPSHOT/okhttp-3.4.0-SNAPSHOT.pom
[INFO]                                                                         
[INFO] ------------------------------------------------------------------------
[INFO] Building OkHttp test support classes 3.4.0-SNAPSHOT
[INFO] ------------------------------------------------------------------------
[INFO] 
[INFO] --- maven-enforcer-plugin:1.0:enforce (enforce-maven) @ okhttp-testing-support ---
[INFO] 
[INFO] --- maven-resources-plugin:2.6:resources (default-resources) @ okhttp-testing-support ---
[INFO] Using 'UTF-8' encoding to copy filtered resources.
[INFO] skip non existing resourceDirectory /home/travis/build/failed/square/okhttp/okhttp-testing-support/src/main/resources
[INFO] 
[INFO] --- maven-compiler-plugin:3.0:compile (default-compile) @ okhttp-testing-support ---
[INFO] Changes detected - recompiling the module!
[INFO] Compiling 7 source files to /home/travis/build/failed/square/okhttp/okhttp-testing-support/target/classes
[INFO] 
[INFO] --- maven-resources-plugin:2.6:testResources (default-testResources) @ okhttp-testing-support ---
[INFO] Using 'UTF-8' encoding to copy filtered resources.
[INFO] skip non existing resourceDirectory /home/travis/build/failed/square/okhttp/okhttp-testing-support/src/test/resources
[INFO] 
[INFO] --- maven-compiler-plugin:3.0:testCompile (default-testCompile) @ okhttp-testing-support ---
[INFO] No sources to compile
[INFO] 
[INFO] --- maven-surefire-plugin:2.17:test (default-test) @ okhttp-testing-support ---
[INFO] Tests are skipped.
[INFO] 
[INFO] --- animal-sniffer-maven-plugin:1.11:check (default) @ okhttp-testing-support ---
[INFO] Checking unresolved references to org.codehaus.mojo.signature:java16:1.1
[INFO] 
[INFO] --- maven-jar-plugin:2.4:jar (default-jar) @ okhttp-testing-support ---
[INFO] Building jar: /home/travis/build/failed/square/okhttp/okhttp-testing-support/target/okhttp-testing-support-3.4.0-SNAPSHOT.jar
[INFO] 
[INFO] --- maven-checkstyle-plugin:2.10:checkstyle (default) @ okhttp-testing-support ---
[INFO] Starting audit...
Audit done.

[WARNING] Unable to locate Source XRef to link to - DISABLED
[INFO] 
[INFO] --- maven-install-plugin:2.4:install (default-install) @ okhttp-testing-support ---
[INFO] Installing /home/travis/build/failed/square/okhttp/okhttp-testing-support/target/okhttp-testing-support-3.4.0-SNAPSHOT.jar to /home/travis/.m2/repository/com/squareup/okhttp3/okhttp-testing-support/3.4.0-SNAPSHOT/okhttp-testing-support-3.4.0-SNAPSHOT.jar
[INFO] Installing /home/travis/build/failed/square/okhttp/okhttp-testing-support/pom.xml to /home/travis/.m2/repository/com/squareup/okhttp3/okhttp-testing-support/3.4.0-SNAPSHOT/okhttp-testing-support-3.4.0-SNAPSHOT.pom
[INFO]                                                                         
[INFO] ------------------------------------------------------------------------
[INFO] Building OkHttp Web Sockets 3.4.0-SNAPSHOT
[INFO] ------------------------------------------------------------------------
[INFO] 
[INFO] --- maven-enforcer-plugin:1.0:enforce (enforce-maven) @ okhttp-ws ---
[INFO] 
[INFO] --- maven-resources-plugin:2.6:resources (default-resources) @ okhttp-ws ---
[INFO] Using 'UTF-8' encoding to copy filtered resources.
[INFO] skip non existing resourceDirectory /home/travis/build/failed/square/okhttp/okhttp-ws/src/main/resources
[INFO] 
[INFO] --- maven-compiler-plugin:3.0:compile (default-compile) @ okhttp-ws ---
[INFO] Changes detected - recompiling the module!
[INFO] Compiling 7 source files to /home/travis/build/failed/square/okhttp/okhttp-ws/target/classes
[INFO] 
[INFO] --- maven-resources-plugin:2.6:testResources (default-testResources) @ okhttp-ws ---
[INFO] Using 'UTF-8' encoding to copy filtered resources.
[INFO] skip non existing resourceDirectory /home/travis/build/failed/square/okhttp/okhttp-ws/src/test/resources
[INFO] 
[INFO] --- maven-compiler-plugin:3.0:testCompile (default-testCompile) @ okhttp-ws ---
[INFO] No sources to compile
[INFO] 
[INFO] --- maven-surefire-plugin:2.17:test (default-test) @ okhttp-ws ---
[INFO] Tests are skipped.
[INFO] 
[INFO] --- animal-sniffer-maven-plugin:1.11:check (default) @ okhttp-ws ---
[INFO] Checking unresolved references to org.codehaus.mojo.signature:java16:1.1
[INFO] 
[INFO] --- maven-jar-plugin:2.4:jar (default-jar) @ okhttp-ws ---
[INFO] Building jar: /home/travis/build/failed/square/okhttp/okhttp-ws/target/okhttp-ws-3.4.0-SNAPSHOT.jar
[INFO] 
[INFO] --- maven-checkstyle-plugin:2.10:checkstyle (default) @ okhttp-ws ---
[INFO] Starting audit...
Audit done.

[WARNING] Unable to locate Source XRef to link to - DISABLED
[INFO] 
[INFO] --- maven-install-plugin:2.4:install (default-install) @ okhttp-ws ---
[INFO] Installing /home/travis/build/failed/square/okhttp/okhttp-ws/target/okhttp-ws-3.4.0-SNAPSHOT.jar to /home/travis/.m2/repository/com/squareup/okhttp3/okhttp-ws/3.4.0-SNAPSHOT/okhttp-ws-3.4.0-SNAPSHOT.jar
[INFO] Installing /home/travis/build/failed/square/okhttp/okhttp-ws/pom.xml to /home/travis/.m2/repository/com/squareup/okhttp3/okhttp-ws/3.4.0-SNAPSHOT/okhttp-ws-3.4.0-SNAPSHOT.pom
[INFO]                                                                         
[INFO] ------------------------------------------------------------------------
[INFO] Building MockWebServer 3.4.0-SNAPSHOT
[INFO] ------------------------------------------------------------------------
[INFO] 
[INFO] --- maven-enforcer-plugin:1.0:enforce (enforce-maven) @ mockwebserver ---
[INFO] 
[INFO] --- maven-resources-plugin:2.6:resources (default-resources) @ mockwebserver ---
[INFO] Using 'UTF-8' encoding to copy filtered resources.
[INFO] skip non existing resourceDirectory /home/travis/build/failed/square/okhttp/mockwebserver/src/main/resources
[INFO] 
[INFO] --- maven-compiler-plugin:3.0:compile (default-compile) @ mockwebserver ---
[INFO] Changes detected - recompiling the module!
[INFO] Compiling 10 source files to /home/travis/build/failed/square/okhttp/mockwebserver/target/classes
[WARNING] /home/travis/build/failed/square/okhttp/mockwebserver/src/main/java/okhttp3/internal/tls/HeldCertificate.java: /home/travis/build/failed/square/okhttp/mockwebserver/src/main/java/okhttp3/internal/tls/HeldCertificate.java uses or overrides a deprecated API.
[WARNING] /home/travis/build/failed/square/okhttp/mockwebserver/src/main/java/okhttp3/internal/tls/HeldCertificate.java: Recompile with -Xlint:deprecation for details.
[INFO] 
[INFO] --- maven-resources-plugin:2.6:testResources (default-testResources) @ mockwebserver ---
[INFO] Using 'UTF-8' encoding to copy filtered resources.
[INFO] skip non existing resourceDirectory /home/travis/build/failed/square/okhttp/mockwebserver/src/test/resources
[INFO] 
[INFO] --- maven-compiler-plugin:3.0:testCompile (default-testCompile) @ mockwebserver ---
[INFO] Changes detected - recompiling the module!
[INFO] Compiling 2 source files to /home/travis/build/failed/square/okhttp/mockwebserver/target/test-classes
[INFO] 
[INFO] --- maven-surefire-plugin:2.17:test (default-test) @ mockwebserver ---
[INFO] Tests are skipped.
[INFO] 
[INFO] --- animal-sniffer-maven-plugin:1.11:check (default) @ mockwebserver ---
[INFO] Checking unresolved references to org.codehaus.mojo.signature:java16:1.1
[INFO] 
[INFO] --- maven-jar-plugin:2.4:jar (default-jar) @ mockwebserver ---
[INFO] Building jar: /home/travis/build/failed/square/okhttp/mockwebserver/target/mockwebserver-3.4.0-SNAPSHOT.jar
[INFO] 
[INFO] --- maven-assembly-plugin:2.2-beta-5:single (default) @ mockwebserver ---
[INFO] META-INF/ already added, skipping
[INFO] META-INF/MANIFEST.MF already added, skipping
[INFO] META-INF/maven/ already added, skipping
[INFO] META-INF/ already added, skipping
[INFO] META-INF/MANIFEST.MF already added, skipping
[INFO] okhttp3/ already added, skipping
[INFO] okhttp3/internal/ already added, skipping
[INFO] META-INF/maven/ already added, skipping
[INFO] META-INF/maven/com.squareup.okhttp3/ already added, skipping
[INFO] META-INF/MANIFEST.MF already added, skipping
[INFO] META-INF/ already added, skipping
[INFO] META-INF/MANIFEST.MF already added, skipping
[INFO] org/ already added, skipping
[INFO] META-INF/ already added, skipping
[INFO] META-INF/MANIFEST.MF already added, skipping
[INFO] org/ already added, skipping
[INFO] Building jar: /home/travis/build/failed/square/okhttp/mockwebserver/target/mockwebserver-3.4.0-SNAPSHOT-jar-with-dependencies.jar
[INFO] META-INF/ already added, skipping
[INFO] META-INF/MANIFEST.MF already added, skipping
[INFO] META-INF/maven/ already added, skipping
[INFO] META-INF/ already added, skipping
[INFO] META-INF/MANIFEST.MF already added, skipping
[INFO] okhttp3/ already added, skipping
[INFO] okhttp3/internal/ already added, skipping
[INFO] META-INF/maven/ already added, skipping
[INFO] META-INF/maven/com.squareup.okhttp3/ already added, skipping
[INFO] META-INF/MANIFEST.MF already added, skipping
[INFO] META-INF/ already added, skipping
[INFO] META-INF/MANIFEST.MF already added, skipping
[INFO] org/ already added, skipping
[INFO] META-INF/ already added, skipping
[INFO] META-INF/MANIFEST.MF already added, skipping
[INFO] org/ already added, skipping
[INFO] 
[INFO] --- maven-checkstyle-plugin:2.10:checkstyle (default) @ mockwebserver ---
[INFO] Starting audit...
Audit done.

[WARNING] Unable to locate Source XRef to link to - DISABLED
[INFO] 
[INFO] --- maven-install-plugin:2.4:install (default-install) @ mockwebserver ---
[INFO] Installing /home/travis/build/failed/square/okhttp/mockwebserver/target/mockwebserver-3.4.0-SNAPSHOT.jar to /home/travis/.m2/repository/com/squareup/okhttp3/mockwebserver/3.4.0-SNAPSHOT/mockwebserver-3.4.0-SNAPSHOT.jar
[INFO] Installing /home/travis/build/failed/square/okhttp/mockwebserver/pom.xml to /home/travis/.m2/repository/com/squareup/okhttp3/mockwebserver/3.4.0-SNAPSHOT/mockwebserver-3.4.0-SNAPSHOT.pom
[INFO] Installing /home/travis/build/failed/square/okhttp/mockwebserver/target/mockwebserver-3.4.0-SNAPSHOT-jar-with-dependencies.jar to /home/travis/.m2/repository/com/squareup/okhttp3/mockwebserver/3.4.0-SNAPSHOT/mockwebserver-3.4.0-SNAPSHOT-jar-with-dependencies.jar
[INFO]                                                                         
[INFO] ------------------------------------------------------------------------
[INFO] Building OkHttp URLConnection 3.4.0-SNAPSHOT
[INFO] ------------------------------------------------------------------------
[INFO] 
[INFO] --- maven-enforcer-plugin:1.0:enforce (enforce-maven) @ okhttp-urlconnection ---
[INFO] 
[INFO] --- maven-resources-plugin:2.6:resources (default-resources) @ okhttp-urlconnection ---
[INFO] Using 'UTF-8' encoding to copy filtered resources.
[INFO] skip non existing resourceDirectory /home/travis/build/failed/square/okhttp/okhttp-urlconnection/src/main/resources
[INFO] 
[INFO] --- maven-compiler-plugin:3.0:compile (default-compile) @ okhttp-urlconnection ---
[INFO] Changes detected - recompiling the module!
[INFO] Compiling 12 source files to /home/travis/build/failed/square/okhttp/okhttp-urlconnection/target/classes
[WARNING] /home/travis/build/failed/square/okhttp/okhttp-urlconnection/src/main/java/okhttp3/internal/huc/HttpURLConnectionImpl.java: Some input files use or override a deprecated API.
[WARNING] /home/travis/build/failed/square/okhttp/okhttp-urlconnection/src/main/java/okhttp3/internal/huc/HttpURLConnectionImpl.java: Recompile with -Xlint:deprecation for details.
[INFO] 
[INFO] --- maven-resources-plugin:2.6:testResources (default-testResources) @ okhttp-urlconnection ---
[INFO] Using 'UTF-8' encoding to copy filtered resources.
[INFO] skip non existing resourceDirectory /home/travis/build/failed/square/okhttp/okhttp-urlconnection/src/test/resources
[INFO] 
[INFO] --- maven-compiler-plugin:3.0:testCompile (default-testCompile) @ okhttp-urlconnection ---
[INFO] Changes detected - recompiling the module!
[INFO] Compiling 3 source files to /home/travis/build/failed/square/okhttp/okhttp-urlconnection/target/test-classes
[WARNING] /home/travis/build/failed/square/okhttp/okhttp-urlconnection/src/test/java/okhttp3/internal/huc/URLEncodingTest.java: Some input files use or override a deprecated API.
[WARNING] /home/travis/build/failed/square/okhttp/okhttp-urlconnection/src/test/java/okhttp3/internal/huc/URLEncodingTest.java: Recompile with -Xlint:deprecation for details.
[INFO] 
[INFO] --- maven-surefire-plugin:2.17:test (default-test) @ okhttp-urlconnection ---
[INFO] Tests are skipped.
[INFO] 
[INFO] --- animal-sniffer-maven-plugin:1.11:check (default) @ okhttp-urlconnection ---
[INFO] Checking unresolved references to org.codehaus.mojo.signature:java16:1.1
[INFO] 
[INFO] --- maven-jar-plugin:2.4:jar (default-jar) @ okhttp-urlconnection ---
[INFO] Building jar: /home/travis/build/failed/square/okhttp/okhttp-urlconnection/target/okhttp-urlconnection-3.4.0-SNAPSHOT.jar
[INFO] 
[INFO] --- maven-checkstyle-plugin:2.10:checkstyle (default) @ okhttp-urlconnection ---
[INFO] Starting audit...
Audit done.

[WARNING] Unable to locate Source XRef to link to - DISABLED
[INFO] 
[INFO] --- maven-install-plugin:2.4:install (default-install) @ okhttp-urlconnection ---
[INFO] Installing /home/travis/build/failed/square/okhttp/okhttp-urlconnection/target/okhttp-urlconnection-3.4.0-SNAPSHOT.jar to /home/travis/.m2/repository/com/squareup/okhttp3/okhttp-urlconnection/3.4.0-SNAPSHOT/okhttp-urlconnection-3.4.0-SNAPSHOT.jar
[INFO] Installing /home/travis/build/failed/square/okhttp/okhttp-urlconnection/pom.xml to /home/travis/.m2/repository/com/squareup/okhttp3/okhttp-urlconnection/3.4.0-SNAPSHOT/okhttp-urlconnection-3.4.0-SNAPSHOT.pom
[INFO]                                                                         
[INFO] ------------------------------------------------------------------------
[INFO] Building OkHttp Tests 3.4.0-SNAPSHOT
[INFO] ------------------------------------------------------------------------
[INFO] 
[INFO] --- maven-enforcer-plugin:1.0:enforce (enforce-maven) @ okhttp-tests ---
[INFO] 
[INFO] --- maven-resources-plugin:2.6:resources (default-resources) @ okhttp-tests ---
[INFO] Using 'UTF-8' encoding to copy filtered resources.
[INFO] skip non existing resourceDirectory /home/travis/build/failed/square/okhttp/okhttp-tests/src/main/resources
[INFO] 
[INFO] --- maven-compiler-plugin:3.0:compile (default-compile) @ okhttp-tests ---
[INFO] No sources to compile
[INFO] 
[INFO] --- maven-resources-plugin:2.6:testResources (default-testResources) @ okhttp-tests ---
[INFO] Using 'UTF-8' encoding to copy filtered resources.
[INFO] Copying 1 resource
[INFO] 
[INFO] --- maven-compiler-plugin:3.0:testCompile (default-testCompile) @ okhttp-tests ---
[INFO] Changes detected - recompiling the module!
[INFO] Compiling 73 source files to /home/travis/build/failed/square/okhttp/okhttp-tests/target/test-classes
[WARNING] /home/travis/build/failed/square/okhttp/okhttp-tests/src/test/java/okhttp3/internal/http/DisconnectTest.java: Some input files use or override a deprecated API.
[WARNING] /home/travis/build/failed/square/okhttp/okhttp-tests/src/test/java/okhttp3/internal/http/DisconnectTest.java: Recompile with -Xlint:deprecation for details.
[WARNING] /home/travis/build/failed/square/okhttp/okhttp-tests/src/test/java/okhttp3/TestUtil.java: Some input files use unchecked or unsafe operations.
[WARNING] /home/travis/build/failed/square/okhttp/okhttp-tests/src/test/java/okhttp3/TestUtil.java: Recompile with -Xlint:unchecked for details.
[INFO] 
[INFO] --- maven-surefire-plugin:2.17:test (default-test) @ okhttp-tests ---
[INFO] Tests are skipped.
[INFO] 
[INFO] --- animal-sniffer-maven-plugin:1.11:check (default) @ okhttp-tests ---
[INFO] Checking unresolved references to org.codehaus.mojo.signature:java16:1.1
[INFO] 
[INFO] --- maven-jar-plugin:2.4:jar (default-jar) @ okhttp-tests ---
[WARNING] JAR will be empty - no content was marked for inclusion!
[INFO] 
[INFO] --- maven-checkstyle-plugin:2.10:checkstyle (default) @ okhttp-tests ---
[INFO] 
[INFO] --- maven-install-plugin:2.4:install (default-install) @ okhttp-tests ---
[INFO] Installing /home/travis/build/failed/square/okhttp/okhttp-tests/target/okhttp-tests-3.4.0-SNAPSHOT.jar to /home/travis/.m2/repository/com/squareup/okhttp3/okhttp-tests/3.4.0-SNAPSHOT/okhttp-tests-3.4.0-SNAPSHOT.jar
[INFO] Installing /home/travis/build/failed/square/okhttp/okhttp-tests/pom.xml to /home/travis/.m2/repository/com/squareup/okhttp3/okhttp-tests/3.4.0-SNAPSHOT/okhttp-tests-3.4.0-SNAPSHOT.pom
[INFO]                                                                         
[INFO] ------------------------------------------------------------------------
[INFO] Building OkHttp Android Platform Support 3.4.0-SNAPSHOT
[INFO] ------------------------------------------------------------------------
[INFO] 
[INFO] --- maven-enforcer-plugin:1.0:enforce (enforce-maven) @ okhttp-android-support ---
[INFO] 
[INFO] --- maven-resources-plugin:2.6:resources (default-resources) @ okhttp-android-support ---
[INFO] Using 'UTF-8' encoding to copy filtered resources.
[INFO] skip non existing resourceDirectory /home/travis/build/failed/square/okhttp/okhttp-android-support/src/main/resources
[INFO] 
[INFO] --- maven-compiler-plugin:3.0:compile (default-compile) @ okhttp-android-support ---
[INFO] Changes detected - recompiling the module!
[INFO] Compiling 5 source files to /home/travis/build/failed/square/okhttp/okhttp-android-support/target/classes
[WARNING] /home/travis/build/failed/square/okhttp/okhttp-android-support/src/main/java/okhttp3/AndroidInternal.java: /home/travis/build/failed/square/okhttp/okhttp-android-support/src/main/java/okhttp3/AndroidInternal.java uses or overrides a deprecated API.
[WARNING] /home/travis/build/failed/square/okhttp/okhttp-android-support/src/main/java/okhttp3/AndroidInternal.java: Recompile with -Xlint:deprecation for details.
[INFO] 
[INFO] --- maven-resources-plugin:2.6:testResources (default-testResources) @ okhttp-android-support ---
[INFO] Using 'UTF-8' encoding to copy filtered resources.
[INFO] skip non existing resourceDirectory /home/travis/build/failed/square/okhttp/okhttp-android-support/src/test/resources
[INFO] 
[INFO] --- maven-compiler-plugin:3.0:testCompile (default-testCompile) @ okhttp-android-support ---
[INFO] Changes detected - recompiling the module!
[INFO] Compiling 6 source files to /home/travis/build/failed/square/okhttp/okhttp-android-support/target/test-classes
[WARNING] /home/travis/build/failed/square/okhttp/okhttp-android-support/src/test/java/okhttp3/android/HttpResponseCacheTest.java: Some input files use or override a deprecated API.
[WARNING] /home/travis/build/failed/square/okhttp/okhttp-android-support/src/test/java/okhttp3/android/HttpResponseCacheTest.java: Recompile with -Xlint:deprecation for details.
[INFO] 
[INFO] --- maven-surefire-plugin:2.17:test (default-test) @ okhttp-android-support ---
[INFO] Tests are skipped.
[INFO] 
[INFO] --- animal-sniffer-maven-plugin:1.11:check (default) @ okhttp-android-support ---
[INFO] Checking unresolved references to org.codehaus.mojo.signature:java16:1.1
[INFO] 
[INFO] --- maven-jar-plugin:2.4:jar (default-jar) @ okhttp-android-support ---
[INFO] Building jar: /home/travis/build/failed/square/okhttp/okhttp-android-support/target/okhttp-android-support-3.4.0-SNAPSHOT.jar
[INFO] 
[INFO] --- maven-checkstyle-plugin:2.10:checkstyle (default) @ okhttp-android-support ---
[INFO] Starting audit...
Audit done.

[WARNING] Unable to locate Source XRef to link to - DISABLED
[INFO] 
[INFO] --- maven-install-plugin:2.4:install (default-install) @ okhttp-android-support ---
[INFO] Installing /home/travis/build/failed/square/okhttp/okhttp-android-support/target/okhttp-android-support-3.4.0-SNAPSHOT.jar to /home/travis/.m2/repository/com/squareup/okhttp3/okhttp-android-support/3.4.0-SNAPSHOT/okhttp-android-support-3.4.0-SNAPSHOT.jar
[INFO] Installing /home/travis/build/failed/square/okhttp/okhttp-android-support/pom.xml to /home/travis/.m2/repository/com/squareup/okhttp3/okhttp-android-support/3.4.0-SNAPSHOT/okhttp-android-support-3.4.0-SNAPSHOT.pom
[INFO]                                                                         
[INFO] ------------------------------------------------------------------------
[INFO] Building OkHttp Apache HttpClient 3.4.0-SNAPSHOT
[INFO] ------------------------------------------------------------------------
[INFO] 
[INFO] --- maven-enforcer-plugin:1.0:enforce (enforce-maven) @ okhttp-apache ---
[INFO] 
[INFO] --- maven-resources-plugin:2.6:resources (default-resources) @ okhttp-apache ---
[INFO] Using 'UTF-8' encoding to copy filtered resources.
[INFO] skip non existing resourceDirectory /home/travis/build/failed/square/okhttp/okhttp-apache/src/main/resources
[INFO] 
[INFO] --- maven-compiler-plugin:3.0:compile (default-compile) @ okhttp-apache ---
[INFO] Changes detected - recompiling the module!
[INFO] Compiling 2 source files to /home/travis/build/failed/square/okhttp/okhttp-apache/target/classes
[INFO] 
[INFO] --- maven-resources-plugin:2.6:testResources (default-testResources) @ okhttp-apache ---
[INFO] Using 'UTF-8' encoding to copy filtered resources.
[INFO] skip non existing resourceDirectory /home/travis/build/failed/square/okhttp/okhttp-apache/src/test/resources
[INFO] 
[INFO] --- maven-compiler-plugin:3.0:testCompile (default-testCompile) @ okhttp-apache ---
[INFO] Changes detected - recompiling the module!
[INFO] Compiling 1 source file to /home/travis/build/failed/square/okhttp/okhttp-apache/target/test-classes
[WARNING] /home/travis/build/failed/square/okhttp/okhttp-apache/src/test/java/okhttp3/apache/OkApacheClientTest.java: /home/travis/build/failed/square/okhttp/okhttp-apache/src/test/java/okhttp3/apache/OkApacheClientTest.java uses or overrides a deprecated API.
[WARNING] /home/travis/build/failed/square/okhttp/okhttp-apache/src/test/java/okhttp3/apache/OkApacheClientTest.java: Recompile with -Xlint:deprecation for details.
[INFO] 
[INFO] --- maven-surefire-plugin:2.17:test (default-test) @ okhttp-apache ---
[INFO] Tests are skipped.
[INFO] 
[INFO] --- animal-sniffer-maven-plugin:1.11:check (default) @ okhttp-apache ---
[INFO] Checking unresolved references to org.codehaus.mojo.signature:java16:1.1
[INFO] 
[INFO] --- maven-jar-plugin:2.4:jar (default-jar) @ okhttp-apache ---
[INFO] Building jar: /home/travis/build/failed/square/okhttp/okhttp-apache/target/okhttp-apache-3.4.0-SNAPSHOT.jar
[INFO] 
[INFO] --- maven-checkstyle-plugin:2.10:checkstyle (default) @ okhttp-apache ---
[INFO] Starting audit...
Audit done.

[WARNING] Unable to locate Source XRef to link to - DISABLED
[INFO] 
[INFO] --- maven-install-plugin:2.4:install (default-install) @ okhttp-apache ---
[INFO] Installing /home/travis/build/failed/square/okhttp/okhttp-apache/target/okhttp-apache-3.4.0-SNAPSHOT.jar to /home/travis/.m2/repository/com/squareup/okhttp3/okhttp-apache/3.4.0-SNAPSHOT/okhttp-apache-3.4.0-SNAPSHOT.jar
[INFO] Installing /home/travis/build/failed/square/okhttp/okhttp-apache/pom.xml to /home/travis/.m2/repository/com/squareup/okhttp3/okhttp-apache/3.4.0-SNAPSHOT/okhttp-apache-3.4.0-SNAPSHOT.pom
[INFO]                                                                         
[INFO] ------------------------------------------------------------------------
[INFO] Building OkHttp Web Socket Tests 3.4.0-SNAPSHOT
[INFO] ------------------------------------------------------------------------
[INFO] 
[INFO] --- maven-enforcer-plugin:1.0:enforce (enforce-maven) @ okhttp-ws-tests ---
[INFO] 
[INFO] --- maven-resources-plugin:2.6:resources (default-resources) @ okhttp-ws-tests ---
[INFO] Using 'UTF-8' encoding to copy filtered resources.
[INFO] skip non existing resourceDirectory /home/travis/build/failed/square/okhttp/okhttp-ws-tests/src/main/resources
[INFO] 
[INFO] --- maven-compiler-plugin:3.0:compile (default-compile) @ okhttp-ws-tests ---
[INFO] Changes detected - recompiling the module!
[INFO] Compiling 1 source file to /home/travis/build/failed/square/okhttp/okhttp-ws-tests/target/classes
[INFO] 
[INFO] --- maven-resources-plugin:2.6:testResources (default-testResources) @ okhttp-ws-tests ---
[INFO] Using 'UTF-8' encoding to copy filtered resources.
[INFO] skip non existing resourceDirectory /home/travis/build/failed/square/okhttp/okhttp-ws-tests/src/test/resources
[INFO] 
[INFO] --- maven-compiler-plugin:3.0:testCompile (default-testCompile) @ okhttp-ws-tests ---
[INFO] Changes detected - recompiling the module!
[INFO] Compiling 5 source files to /home/travis/build/failed/square/okhttp/okhttp-ws-tests/target/test-classes
[INFO] 
[INFO] --- maven-surefire-plugin:2.17:test (default-test) @ okhttp-ws-tests ---
[INFO] Tests are skipped.
[INFO] 
[INFO] --- animal-sniffer-maven-plugin:1.11:check (default) @ okhttp-ws-tests ---
[INFO] Checking unresolved references to org.codehaus.mojo.signature:java16:1.1
[INFO] 
[INFO] --- maven-jar-plugin:2.4:jar (default-jar) @ okhttp-ws-tests ---
[INFO] Building jar: /home/travis/build/failed/square/okhttp/okhttp-ws-tests/target/okhttp-ws-tests-3.4.0-SNAPSHOT.jar
[INFO] 
[INFO] --- maven-assembly-plugin:2.2-beta-5:single (default) @ okhttp-ws-tests ---
[INFO] META-INF/ already added, skipping
[INFO] META-INF/MANIFEST.MF already added, skipping
[INFO] okhttp3/ already added, skipping
[INFO] okhttp3/internal/ already added, skipping
[INFO] META-INF/maven/ already added, skipping
[INFO] META-INF/maven/com.squareup.okhttp3/ already added, skipping
[INFO] META-INF/ already added, skipping
[INFO] META-INF/MANIFEST.MF already added, skipping
[INFO] META-INF/maven/ already added, skipping
[INFO] Building jar: /home/travis/build/failed/square/okhttp/okhttp-ws-tests/target/okhttp-ws-tests-3.4.0-SNAPSHOT-jar-with-dependencies.jar
[INFO] META-INF/ already added, skipping
[INFO] META-INF/MANIFEST.MF already added, skipping
[INFO] okhttp3/ already added, skipping
[INFO] okhttp3/internal/ already added, skipping
[INFO] META-INF/maven/ already added, skipping
[INFO] META-INF/maven/com.squareup.okhttp3/ already added, skipping
[INFO] META-INF/ already added, skipping
[INFO] META-INF/MANIFEST.MF already added, skipping
[INFO] META-INF/maven/ already added, skipping
[INFO] 
[INFO] --- maven-checkstyle-plugin:2.10:checkstyle (default) @ okhttp-ws-tests ---
[INFO] Starting audit...
Audit done.

[WARNING] Unable to locate Source XRef to link to - DISABLED
[INFO] 
[INFO] --- maven-install-plugin:2.4:install (default-install) @ okhttp-ws-tests ---
[INFO] Installing /home/travis/build/failed/square/okhttp/okhttp-ws-tests/target/okhttp-ws-tests-3.4.0-SNAPSHOT.jar to /home/travis/.m2/repository/com/squareup/okhttp3/okhttp-ws-tests/3.4.0-SNAPSHOT/okhttp-ws-tests-3.4.0-SNAPSHOT.jar
[INFO] Installing /home/travis/build/failed/square/okhttp/okhttp-ws-tests/pom.xml to /home/travis/.m2/repository/com/squareup/okhttp3/okhttp-ws-tests/3.4.0-SNAPSHOT/okhttp-ws-tests-3.4.0-SNAPSHOT.pom
[INFO] Installing /home/travis/build/failed/square/okhttp/okhttp-ws-tests/target/okhttp-ws-tests-3.4.0-SNAPSHOT-jar-with-dependencies.jar to /home/travis/.m2/repository/com/squareup/okhttp3/okhttp-ws-tests/3.4.0-SNAPSHOT/okhttp-ws-tests-3.4.0-SNAPSHOT-jar-with-dependencies.jar
[INFO]                                                                         
[INFO] ------------------------------------------------------------------------
[INFO] Building OkHttp Logging Interceptor 3.4.0-SNAPSHOT
[INFO] ------------------------------------------------------------------------
[INFO] 
[INFO] --- maven-enforcer-plugin:1.0:enforce (enforce-maven) @ logging-interceptor ---
[INFO] 
[INFO] --- maven-resources-plugin:2.6:resources (default-resources) @ logging-interceptor ---
[INFO] Using 'UTF-8' encoding to copy filtered resources.
[INFO] skip non existing resourceDirectory /home/travis/build/failed/square/okhttp/okhttp-logging-interceptor/src/main/resources
[INFO] 
[INFO] --- maven-compiler-plugin:3.0:compile (default-compile) @ logging-interceptor ---
[INFO] Changes detected - recompiling the module!
[INFO] Compiling 1 source file to /home/travis/build/failed/square/okhttp/okhttp-logging-interceptor/target/classes
[INFO] 
[INFO] --- maven-resources-plugin:2.6:testResources (default-testResources) @ logging-interceptor ---
[INFO] Using 'UTF-8' encoding to copy filtered resources.
[INFO] skip non existing resourceDirectory /home/travis/build/failed/square/okhttp/okhttp-logging-interceptor/src/test/resources
[INFO] 
[INFO] --- maven-compiler-plugin:3.0:testCompile (default-testCompile) @ logging-interceptor ---
[INFO] Changes detected - recompiling the module!
[INFO] Compiling 1 source file to /home/travis/build/failed/square/okhttp/okhttp-logging-interceptor/target/test-classes
[INFO] 
[INFO] --- maven-surefire-plugin:2.17:test (default-test) @ logging-interceptor ---
[INFO] Tests are skipped.
[INFO] 
[INFO] --- animal-sniffer-maven-plugin:1.11:check (default) @ logging-interceptor ---
[INFO] Checking unresolved references to org.codehaus.mojo.signature:java16:1.1
[INFO] 
[INFO] --- maven-jar-plugin:2.4:jar (default-jar) @ logging-interceptor ---
[INFO] Building jar: /home/travis/build/failed/square/okhttp/okhttp-logging-interceptor/target/logging-interceptor-3.4.0-SNAPSHOT.jar
[INFO] 
[INFO] --- maven-checkstyle-plugin:2.10:checkstyle (default) @ logging-interceptor ---
[INFO] Starting audit...
Audit done.

[WARNING] Unable to locate Source XRef to link to - DISABLED
[INFO] 
[INFO] --- maven-install-plugin:2.4:install (default-install) @ logging-interceptor ---
[INFO] Installing /home/travis/build/failed/square/okhttp/okhttp-logging-interceptor/target/logging-interceptor-3.4.0-SNAPSHOT.jar to /home/travis/.m2/repository/com/squareup/okhttp3/logging-interceptor/3.4.0-SNAPSHOT/logging-interceptor-3.4.0-SNAPSHOT.jar
[INFO] Installing /home/travis/build/failed/square/okhttp/okhttp-logging-interceptor/pom.xml to /home/travis/.m2/repository/com/squareup/okhttp3/logging-interceptor/3.4.0-SNAPSHOT/logging-interceptor-3.4.0-SNAPSHOT.pom
[INFO]                                                                         
[INFO] ------------------------------------------------------------------------
[INFO] Building OkCurl 3.4.0-SNAPSHOT
[INFO] ------------------------------------------------------------------------
[INFO] 
[INFO] --- maven-enforcer-plugin:1.0:enforce (enforce-maven) @ okcurl ---
[INFO] 
[INFO] --- maven-resources-plugin:2.6:resources (default-resources) @ okcurl ---
[INFO] Using 'UTF-8' encoding to copy filtered resources.
[INFO] Copying 1 resource
[INFO] 
[INFO] --- maven-compiler-plugin:3.0:compile (default-compile) @ okcurl ---
[INFO] Changes detected - recompiling the module!
[INFO] Compiling 1 source file to /home/travis/build/failed/square/okhttp/okcurl/target/classes
[INFO] 
[INFO] --- maven-resources-plugin:2.6:testResources (default-testResources) @ okcurl ---
[INFO] Using 'UTF-8' encoding to copy filtered resources.
[INFO] skip non existing resourceDirectory /home/travis/build/failed/square/okhttp/okcurl/src/test/resources
[INFO] 
[INFO] --- maven-compiler-plugin:3.0:testCompile (default-testCompile) @ okcurl ---
[INFO] Changes detected - recompiling the module!
[INFO] Compiling 1 source file to /home/travis/build/failed/square/okhttp/okcurl/target/test-classes
[INFO] 
[INFO] --- maven-surefire-plugin:2.17:test (default-test) @ okcurl ---
[INFO] Tests are skipped.
[INFO] 
[INFO] --- animal-sniffer-maven-plugin:1.11:check (default) @ okcurl ---
[INFO] Checking unresolved references to org.codehaus.mojo.signature:java16:1.1
[INFO] 
[INFO] --- maven-jar-plugin:2.4:jar (default-jar) @ okcurl ---
[INFO] Building jar: /home/travis/build/failed/square/okhttp/okcurl/target/okcurl-3.4.0-SNAPSHOT.jar
[INFO] 
[INFO] --- maven-assembly-plugin:2.2-beta-5:single (default) @ okcurl ---
[INFO] META-INF/ already added, skipping
[INFO] META-INF/MANIFEST.MF already added, skipping
[INFO] META-INF/maven/ already added, skipping
[INFO] META-INF/MANIFEST.MF already added, skipping
[INFO] META-INF/ already added, skipping
[INFO] META-INF/MANIFEST.MF already added, skipping
[INFO] META-INF/maven/ already added, skipping
[INFO] META-INF/ already added, skipping
[INFO] META-INF/MANIFEST.MF already added, skipping
[INFO] javax/ already added, skipping
[INFO] META-INF/MANIFEST.MF already added, skipping
[INFO] META-INF/ already added, skipping
[INFO] META-INF/maven/ already added, skipping
[INFO] Building jar: /home/travis/build/failed/square/okhttp/okcurl/target/okcurl-3.4.0-SNAPSHOT-jar-with-dependencies.jar
[INFO] META-INF/ already added, skipping
[INFO] META-INF/MANIFEST.MF already added, skipping
[INFO] META-INF/maven/ already added, skipping
[INFO] META-INF/MANIFEST.MF already added, skipping
[INFO] META-INF/ already added, skipping
[INFO] META-INF/MANIFEST.MF already added, skipping
[INFO] META-INF/maven/ already added, skipping
[INFO] META-INF/ already added, skipping
[INFO] META-INF/MANIFEST.MF already added, skipping
[INFO] javax/ already added, skipping
[INFO] META-INF/MANIFEST.MF already added, skipping
[INFO] META-INF/ already added, skipping
[INFO] META-INF/maven/ already added, skipping
[INFO] 
[INFO] --- really-executable-jar-maven-plugin:1.1.0:really-executable-jar (default) @ okcurl ---
[INFO] 
[INFO] --- maven-checkstyle-plugin:2.10:checkstyle (default) @ okcurl ---
[INFO] Starting audit...
Audit done.

[WARNING] Unable to locate Source XRef to link to - DISABLED
[INFO] 
[INFO] --- maven-install-plugin:2.4:install (default-install) @ okcurl ---
[INFO] Installing /home/travis/build/failed/square/okhttp/okcurl/target/okcurl-3.4.0-SNAPSHOT.jar to /home/travis/.m2/repository/com/squareup/okhttp3/okcurl/3.4.0-SNAPSHOT/okcurl-3.4.0-SNAPSHOT.jar
[INFO] Installing /home/travis/build/failed/square/okhttp/okcurl/pom.xml to /home/travis/.m2/repository/com/squareup/okhttp3/okcurl/3.4.0-SNAPSHOT/okcurl-3.4.0-SNAPSHOT.pom
[INFO] Installing /home/travis/build/failed/square/okhttp/okcurl/target/okcurl-3.4.0-SNAPSHOT-jar-with-dependencies.jar to /home/travis/.m2/repository/com/squareup/okhttp3/okcurl/3.4.0-SNAPSHOT/okcurl-3.4.0-SNAPSHOT-jar-with-dependencies.jar
[INFO]                                                                         
[INFO] ------------------------------------------------------------------------
[INFO] Building Samples (Parent) 3.4.0-SNAPSHOT
[INFO] ------------------------------------------------------------------------
[INFO] 
[INFO] --- maven-enforcer-plugin:1.0:enforce (enforce-maven) @ sample-parent ---
[INFO] 
[INFO] --- maven-checkstyle-plugin:2.10:checkstyle (default) @ sample-parent ---
[INFO] 
[INFO] --- maven-install-plugin:2.4:install (default-install) @ sample-parent ---
[INFO] Installing /home/travis/build/failed/square/okhttp/samples/pom.xml to /home/travis/.m2/repository/com/squareup/okhttp3/sample/sample-parent/3.4.0-SNAPSHOT/sample-parent-3.4.0-SNAPSHOT.pom
[INFO]                                                                         
[INFO] ------------------------------------------------------------------------
[INFO] Building Sample: Guide 3.4.0-SNAPSHOT
[INFO] ------------------------------------------------------------------------
[INFO] 
[INFO] --- maven-enforcer-plugin:1.0:enforce (enforce-maven) @ guide ---
[INFO] 
[INFO] --- maven-resources-plugin:2.6:resources (default-resources) @ guide ---
[INFO] Using 'UTF-8' encoding to copy filtered resources.
[INFO] skip non existing resourceDirectory /home/travis/build/failed/square/okhttp/samples/guide/src/main/resources
[INFO] 
[INFO] --- maven-compiler-plugin:3.0:compile (default-compile) @ guide ---
[INFO] Changes detected - recompiling the module!
[INFO] Compiling 24 source files to /home/travis/build/failed/square/okhttp/samples/guide/target/classes
[INFO] 
[INFO] --- maven-resources-plugin:2.6:testResources (default-testResources) @ guide ---
[INFO] Using 'UTF-8' encoding to copy filtered resources.
[INFO] skip non existing resourceDirectory /home/travis/build/failed/square/okhttp/samples/guide/src/test/resources
[INFO] 
[INFO] --- maven-compiler-plugin:3.0:testCompile (default-testCompile) @ guide ---
[INFO] No sources to compile
[INFO] 
[INFO] --- maven-surefire-plugin:2.17:test (default-test) @ guide ---
[INFO] Tests are skipped.
[INFO] 
[INFO] --- maven-jar-plugin:2.4:jar (default-jar) @ guide ---
[INFO] Building jar: /home/travis/build/failed/square/okhttp/samples/guide/target/guide-3.4.0-SNAPSHOT.jar
[INFO] 
[INFO] --- maven-checkstyle-plugin:2.10:checkstyle (default) @ guide ---
[INFO] Starting audit...
Audit done.

[WARNING] Unable to locate Source XRef to link to - DISABLED
[INFO] 
[INFO] --- maven-install-plugin:2.4:install (default-install) @ guide ---
[INFO] Installing /home/travis/build/failed/square/okhttp/samples/guide/target/guide-3.4.0-SNAPSHOT.jar to /home/travis/.m2/repository/com/squareup/okhttp3/sample/guide/3.4.0-SNAPSHOT/guide-3.4.0-SNAPSHOT.jar
[INFO] Installing /home/travis/build/failed/square/okhttp/samples/guide/pom.xml to /home/travis/.m2/repository/com/squareup/okhttp3/sample/guide/3.4.0-SNAPSHOT/guide-3.4.0-SNAPSHOT.pom
[INFO]                                                                         
[INFO] ------------------------------------------------------------------------
[INFO] Building Sample: Crawler 3.4.0-SNAPSHOT
[INFO] ------------------------------------------------------------------------
[INFO] 
[INFO] --- maven-enforcer-plugin:1.0:enforce (enforce-maven) @ crawler ---
[INFO] 
[INFO] --- maven-resources-plugin:2.6:resources (default-resources) @ crawler ---
[INFO] Using 'UTF-8' encoding to copy filtered resources.
[INFO] skip non existing resourceDirectory /home/travis/build/failed/square/okhttp/samples/crawler/src/main/resources
[INFO] 
[INFO] --- maven-compiler-plugin:3.0:compile (default-compile) @ crawler ---
[INFO] Changes detected - recompiling the module!
[INFO] Compiling 1 source file to /home/travis/build/failed/square/okhttp/samples/crawler/target/classes
[INFO] 
[INFO] --- maven-resources-plugin:2.6:testResources (default-testResources) @ crawler ---
[INFO] Using 'UTF-8' encoding to copy filtered resources.
[INFO] skip non existing resourceDirectory /home/travis/build/failed/square/okhttp/samples/crawler/src/test/resources
[INFO] 
[INFO] --- maven-compiler-plugin:3.0:testCompile (default-testCompile) @ crawler ---
[INFO] No sources to compile
[INFO] 
[INFO] --- maven-surefire-plugin:2.17:test (default-test) @ crawler ---
[INFO] Tests are skipped.
[INFO] 
[INFO] --- maven-jar-plugin:2.4:jar (default-jar) @ crawler ---
[INFO] Building jar: /home/travis/build/failed/square/okhttp/samples/crawler/target/crawler-3.4.0-SNAPSHOT.jar
[INFO] 
[INFO] --- maven-checkstyle-plugin:2.10:checkstyle (default) @ crawler ---
[INFO] Starting audit...
Audit done.

[WARNING] Unable to locate Source XRef to link to - DISABLED
[INFO] 
[INFO] --- maven-install-plugin:2.4:install (default-install) @ crawler ---
[INFO] Installing /home/travis/build/failed/square/okhttp/samples/crawler/target/crawler-3.4.0-SNAPSHOT.jar to /home/travis/.m2/repository/com/squareup/okhttp3/sample/crawler/3.4.0-SNAPSHOT/crawler-3.4.0-SNAPSHOT.jar
[INFO] Installing /home/travis/build/failed/square/okhttp/samples/crawler/pom.xml to /home/travis/.m2/repository/com/squareup/okhttp3/sample/crawler/3.4.0-SNAPSHOT/crawler-3.4.0-SNAPSHOT.pom
[INFO]                                                                         
[INFO] ------------------------------------------------------------------------
[INFO] Building Sample: Simple Client 3.4.0-SNAPSHOT
[INFO] ------------------------------------------------------------------------
[INFO] 
[INFO] --- maven-enforcer-plugin:1.0:enforce (enforce-maven) @ simple-client ---
[INFO] 
[INFO] --- maven-resources-plugin:2.6:resources (default-resources) @ simple-client ---
[INFO] Using 'UTF-8' encoding to copy filtered resources.
[INFO] skip non existing resourceDirectory /home/travis/build/failed/square/okhttp/samples/simple-client/src/main/resources
[INFO] 
[INFO] --- maven-compiler-plugin:3.0:compile (default-compile) @ simple-client ---
[INFO] Changes detected - recompiling the module!
[INFO] Compiling 1 source file to /home/travis/build/failed/square/okhttp/samples/simple-client/target/classes
[INFO] 
[INFO] --- maven-resources-plugin:2.6:testResources (default-testResources) @ simple-client ---
[INFO] Using 'UTF-8' encoding to copy filtered resources.
[INFO] skip non existing resourceDirectory /home/travis/build/failed/square/okhttp/samples/simple-client/src/test/resources
[INFO] 
[INFO] --- maven-compiler-plugin:3.0:testCompile (default-testCompile) @ simple-client ---
[INFO] No sources to compile
[INFO] 
[INFO] --- maven-surefire-plugin:2.17:test (default-test) @ simple-client ---
[INFO] Tests are skipped.
[INFO] 
[INFO] --- maven-jar-plugin:2.4:jar (default-jar) @ simple-client ---
[INFO] Building jar: /home/travis/build/failed/square/okhttp/samples/simple-client/target/simple-client-3.4.0-SNAPSHOT.jar
[INFO] 
[INFO] --- maven-checkstyle-plugin:2.10:checkstyle (default) @ simple-client ---
[INFO] Starting audit...
Audit done.

[WARNING] Unable to locate Source XRef to link to - DISABLED
[INFO] 
[INFO] --- maven-install-plugin:2.4:install (default-install) @ simple-client ---
[INFO] Installing /home/travis/build/failed/square/okhttp/samples/simple-client/target/simple-client-3.4.0-SNAPSHOT.jar to /home/travis/.m2/repository/com/squareup/okhttp3/sample/simple-client/3.4.0-SNAPSHOT/simple-client-3.4.0-SNAPSHOT.jar
[INFO] Installing /home/travis/build/failed/square/okhttp/samples/simple-client/pom.xml to /home/travis/.m2/repository/com/squareup/okhttp3/sample/simple-client/3.4.0-SNAPSHOT/simple-client-3.4.0-SNAPSHOT.pom
[INFO]                                                                         
[INFO] ------------------------------------------------------------------------
[INFO] Building Sample: Static Server 3.4.0-SNAPSHOT
[INFO] ------------------------------------------------------------------------
[INFO] 
[INFO] --- maven-enforcer-plugin:1.0:enforce (enforce-maven) @ static-server ---
[INFO] 
[INFO] --- maven-resources-plugin:2.6:resources (default-resources) @ static-server ---
[INFO] Using 'UTF-8' encoding to copy filtered resources.
[INFO] skip non existing resourceDirectory /home/travis/build/failed/square/okhttp/samples/static-server/src/main/resources
[INFO] 
[INFO] --- maven-compiler-plugin:3.0:compile (default-compile) @ static-server ---
[INFO] Changes detected - recompiling the module!
[INFO] Compiling 1 source file to /home/travis/build/failed/square/okhttp/samples/static-server/target/classes
[INFO] 
[INFO] --- maven-resources-plugin:2.6:testResources (default-testResources) @ static-server ---
[INFO] Using 'UTF-8' encoding to copy filtered resources.
[INFO] skip non existing resourceDirectory /home/travis/build/failed/square/okhttp/samples/static-server/src/test/resources
[INFO] 
[INFO] --- maven-compiler-plugin:3.0:testCompile (default-testCompile) @ static-server ---
[INFO] No sources to compile
[INFO] 
[INFO] --- maven-surefire-plugin:2.17:test (default-test) @ static-server ---
[INFO] Tests are skipped.
[INFO] 
[INFO] --- maven-jar-plugin:2.4:jar (default-jar) @ static-server ---
[INFO] Building jar: /home/travis/build/failed/square/okhttp/samples/static-server/target/static-server-3.4.0-SNAPSHOT.jar
[INFO] 
[INFO] --- maven-shade-plugin:2.1:shade (default) @ static-server ---
[WARNING] Map in class org.apache.maven.plugins.shade.resource.ManifestResourceTransformer declares value type as: class java.util.jar.Attributes but saw: class java.lang.String at runtime
[INFO] Including com.squareup.okhttp3:mockwebserver:jar:3.4.0-SNAPSHOT in the shaded jar.
[INFO] Including com.squareup.okhttp3:okhttp:jar:3.4.0-SNAPSHOT in the shaded jar.
[INFO] Including com.squareup.okio:okio:jar:1.8.0 in the shaded jar.
[INFO] Including com.squareup.okhttp3:okhttp-ws:jar:3.4.0-SNAPSHOT in the shaded jar.
[INFO] Including org.bouncycastle:bcprov-jdk15on:jar:1.50 in the shaded jar.
[INFO] Including junit:junit:jar:4.12 in the shaded jar.
[INFO] Including org.hamcrest:hamcrest-core:jar:1.3 in the shaded jar.
[INFO] Attaching shaded artifact.
[INFO] 
[INFO] --- maven-checkstyle-plugin:2.10:checkstyle (default) @ static-server ---
[INFO] Starting audit...
Audit done.

[WARNING] Unable to locate Source XRef to link to - DISABLED
[INFO] 
[INFO] --- maven-install-plugin:2.4:install (default-install) @ static-server ---
[INFO] Installing /home/travis/build/failed/square/okhttp/samples/static-server/target/static-server-3.4.0-SNAPSHOT.jar to /home/travis/.m2/repository/com/squareup/okhttp3/sample/static-server/3.4.0-SNAPSHOT/static-server-3.4.0-SNAPSHOT.jar
[INFO] Installing /home/travis/build/failed/square/okhttp/samples/static-server/pom.xml to /home/travis/.m2/repository/com/squareup/okhttp3/sample/static-server/3.4.0-SNAPSHOT/static-server-3.4.0-SNAPSHOT.pom
[INFO] Installing /home/travis/build/failed/square/okhttp/samples/static-server/target/static-server-3.4.0-SNAPSHOT-shaded.jar to /home/travis/.m2/repository/com/squareup/okhttp3/sample/static-server/3.4.0-SNAPSHOT/static-server-3.4.0-SNAPSHOT-shaded.jar
[INFO]                                                                         
[INFO] ------------------------------------------------------------------------
[INFO] Building Benchmarks 3.4.0-SNAPSHOT
[INFO] ------------------------------------------------------------------------
[INFO] 
[INFO] --- maven-enforcer-plugin:1.0:enforce (enforce-maven) @ benchmarks ---
[INFO] 
[INFO] --- maven-resources-plugin:2.6:resources (default-resources) @ benchmarks ---
[INFO] Using 'UTF-8' encoding to copy filtered resources.
[INFO] skip non existing resourceDirectory /home/travis/build/failed/square/okhttp/benchmarks/src/main/resources
[INFO] 
[INFO] --- maven-compiler-plugin:3.0:compile (default-compile) @ benchmarks ---
[INFO] Changes detected - recompiling the module!
[INFO] Compiling 9 source files to /home/travis/build/failed/square/okhttp/benchmarks/target/classes
[INFO] 
[INFO] --- maven-resources-plugin:2.6:testResources (default-testResources) @ benchmarks ---
[INFO] Using 'UTF-8' encoding to copy filtered resources.
[INFO] skip non existing resourceDirectory /home/travis/build/failed/square/okhttp/benchmarks/src/test/resources
[INFO] 
[INFO] --- maven-compiler-plugin:3.0:testCompile (default-testCompile) @ benchmarks ---
[INFO] No sources to compile
[INFO] 
[INFO] --- maven-surefire-plugin:2.17:test (default-test) @ benchmarks ---
[INFO] Tests are skipped.
[INFO] 
[INFO] --- animal-sniffer-maven-plugin:1.11:check (default) @ benchmarks ---
[INFO] Checking unresolved references to org.codehaus.mojo.signature:java16:1.1
[INFO] 
[INFO] --- maven-jar-plugin:2.4:jar (default-jar) @ benchmarks ---
[INFO] Building jar: /home/travis/build/failed/square/okhttp/benchmarks/target/benchmarks-3.4.0-SNAPSHOT.jar
[INFO] 
[INFO] --- maven-checkstyle-plugin:2.10:checkstyle (default) @ benchmarks ---
[INFO] Starting audit...
Audit done.

[WARNING] Unable to locate Source XRef to link to - DISABLED
[INFO] 
[INFO] --- maven-install-plugin:2.4:install (default-install) @ benchmarks ---
[INFO] Installing /home/travis/build/failed/square/okhttp/benchmarks/target/benchmarks-3.4.0-SNAPSHOT.jar to /home/travis/.m2/repository/com/squareup/okhttp3/benchmarks/3.4.0-SNAPSHOT/benchmarks-3.4.0-SNAPSHOT.jar
[INFO] Installing /home/travis/build/failed/square/okhttp/benchmarks/pom.xml to /home/travis/.m2/repository/com/squareup/okhttp3/benchmarks/3.4.0-SNAPSHOT/benchmarks-3.4.0-SNAPSHOT.pom
[INFO] ------------------------------------------------------------------------
[INFO] Reactor Summary:
[INFO] 
[INFO] OkHttp (Parent) .................................... SUCCESS [  9.286 s]
[INFO] OkHttp ............................................. SUCCESS [  7.690 s]
[INFO] OkHttp test support classes ........................ SUCCESS [  1.165 s]
[INFO] OkHttp Web Sockets ................................. SUCCESS [  1.054 s]
[INFO] MockWebServer ...................................... SUCCESS [  4.672 s]
[INFO] OkHttp URLConnection ............................... SUCCESS [  1.185 s]
[INFO] OkHttp Tests ....................................... SUCCESS [  1.995 s]
[INFO] OkHttp Android Platform Support .................... SUCCESS [  0.852 s]
[INFO] OkHttp Apache HttpClient ........................... SUCCESS [  1.303 s]
[INFO] OkHttp Web Socket Tests ............................ SUCCESS [  1.306 s]
[INFO] OkHttp Logging Interceptor ......................... SUCCESS [  0.684 s]
[INFO] OkCurl ............................................. SUCCESS [  3.629 s]
[INFO] Samples (Parent) ................................... SUCCESS [  0.012 s]
[INFO] Sample: Guide ...................................... SUCCESS [  0.883 s]
[INFO] Sample: Crawler .................................... SUCCESS [  0.366 s]
[INFO] Sample: Simple Client .............................. SUCCESS [  0.328 s]
[INFO] Sample: Static Server .............................. SUCCESS [  2.284 s]
[INFO] Benchmarks ......................................... SUCCESS [  3.823 s]
[INFO] ------------------------------------------------------------------------
[INFO] BUILD SUCCESS
[INFO] ------------------------------------------------------------------------
[INFO] Total time: 43.232 s
[INFO] Finished at: 2022-08-16T06:21:09+00:00
[INFO] Final Memory: 44M/473M
[INFO] ------------------------------------------------------------------------

travis_time:end:01081c08:start=1660630824854903096,finish=1660630869759736891,duration=44904833795[0Ktravis_fold:end:install[0Ktravis_time:start:108e1d10[0K$ mvn test -Dhttps.protocols=TLSv1.2 -Dhttps.protocols=TLSv1.2 -B
[INFO] Scanning for projects...
[WARNING] 
[WARNING] Some problems were encountered while building the effective model for com.squareup.okhttp3:okhttp-tests:jar:3.4.0-SNAPSHOT
[WARNING] 'build.plugins.plugin.version' for org.apache.maven.plugins:maven-deploy-plugin is missing. @ com.squareup.okhttp3:okhttp-tests:[unknown-version], /home/travis/build/failed/square/okhttp/okhttp-tests/pom.xml, line 53, column 15
[WARNING] 
[WARNING] Some problems were encountered while building the effective model for com.squareup.okhttp3:okhttp-ws-tests:jar:3.4.0-SNAPSHOT
[WARNING] 'build.plugins.plugin.version' for org.apache.maven.plugins:maven-deploy-plugin is missing. @ com.squareup.okhttp3:okhttp-ws-tests:[unknown-version], /home/travis/build/failed/square/okhttp/okhttp-ws-tests/pom.xml, line 67, column 15
[WARNING] 
[WARNING] Some problems were encountered while building the effective model for com.squareup.okhttp3:benchmarks:jar:3.4.0-SNAPSHOT
[WARNING] 'build.plugins.plugin.version' for org.codehaus.mojo:exec-maven-plugin is missing. @ com.squareup.okhttp3:benchmarks:[unknown-version], /home/travis/build/failed/square/okhttp/benchmarks/pom.xml, line 74, column 15
[WARNING] 
[WARNING] It is highly recommended to fix these problems because they threaten the stability of your build.
[WARNING] 
[WARNING] For this reason, future Maven versions might no longer support building such malformed projects.
[WARNING] 
[INFO] ------------------------------------------------------------------------
[INFO] Reactor Build Order:
[INFO] 
[INFO] OkHttp (Parent)
[INFO] OkHttp
[INFO] OkHttp test support classes
[INFO] OkHttp Web Sockets
[INFO] MockWebServer
[INFO] OkHttp URLConnection
[INFO] OkHttp Tests
[INFO] OkHttp Android Platform Support
[INFO] OkHttp Apache HttpClient
[INFO] OkHttp Web Socket Tests
[INFO] OkHttp Logging Interceptor
[INFO] OkCurl
[INFO] Samples (Parent)
[INFO] Sample: Guide
[INFO] Sample: Crawler
[INFO] Sample: Simple Client
[INFO] Sample: Static Server
[INFO] Benchmarks
[INFO]                                                                         
[INFO] ------------------------------------------------------------------------
[INFO] Building OkHttp (Parent) 3.4.0-SNAPSHOT
[INFO] ------------------------------------------------------------------------
[INFO] 
[INFO] --- maven-enforcer-plugin:1.0:enforce (enforce-maven) @ parent ---
[INFO] 
[INFO] --- animal-sniffer-maven-plugin:1.11:check (default) @ parent ---
[INFO] Checking unresolved references to org.codehaus.mojo.signature:java16:1.1
[INFO]                                                                         
[INFO] ------------------------------------------------------------------------
[INFO] Building OkHttp 3.4.0-SNAPSHOT
[INFO] ------------------------------------------------------------------------
[INFO] 
[INFO] --- maven-enforcer-plugin:1.0:enforce (enforce-maven) @ okhttp ---
[INFO] 
[INFO] --- templating-maven-plugin:1.0-alpha-3:filter-sources (default) @ okhttp ---
[INFO] Using 'UTF-8' encoding to copy filtered resources.
[INFO] Copying 1 resource
[INFO] Source directory: /home/travis/build/failed/square/okhttp/okhttp/target/generated-sources/java-templates added.
[INFO] 
[INFO] --- maven-resources-plugin:2.6:resources (default-resources) @ okhttp ---
[INFO] Using 'UTF-8' encoding to copy filtered resources.
[INFO] skip non existing resourceDirectory /home/travis/build/failed/square/okhttp/okhttp/src/main/resources
[INFO] 
[INFO] --- maven-compiler-plugin:3.0:compile (default-compile) @ okhttp ---
[INFO] Changes detected - recompiling the module!
[INFO] Compiling 91 source files to /home/travis/build/failed/square/okhttp/okhttp/target/classes
[WARNING] /home/travis/build/failed/square/okhttp/okhttp/src/main/java/okhttp3/internal/Util.java: Some input files use unchecked or unsafe operations.
[WARNING] /home/travis/build/failed/square/okhttp/okhttp/src/main/java/okhttp3/internal/Util.java: Recompile with -Xlint:unchecked for details.
[INFO] 
[INFO] --- maven-resources-plugin:2.6:testResources (default-testResources) @ okhttp ---
[INFO] Using 'UTF-8' encoding to copy filtered resources.
[INFO] skip non existing resourceDirectory /home/travis/build/failed/square/okhttp/okhttp/src/test/resources
[INFO] 
[INFO] --- maven-compiler-plugin:3.0:testCompile (default-testCompile) @ okhttp ---
[INFO] No sources to compile
[INFO] 
[INFO] --- maven-surefire-plugin:2.17:test (default-test) @ okhttp ---
[INFO] No tests to run.
[INFO] 
[INFO] --- animal-sniffer-maven-plugin:1.11:check (default) @ okhttp ---
[INFO] Checking unresolved references to org.codehaus.mojo.signature:java16:1.1
[INFO]                                                                         
[INFO] ------------------------------------------------------------------------
[INFO] Building OkHttp test support classes 3.4.0-SNAPSHOT
[INFO] ------------------------------------------------------------------------
[INFO] 
[INFO] --- maven-enforcer-plugin:1.0:enforce (enforce-maven) @ okhttp-testing-support ---
[INFO] 
[INFO] --- maven-resources-plugin:2.6:resources (default-resources) @ okhttp-testing-support ---
[INFO] Using 'UTF-8' encoding to copy filtered resources.
[INFO] skip non existing resourceDirectory /home/travis/build/failed/square/okhttp/okhttp-testing-support/src/main/resources
[INFO] 
[INFO] --- maven-compiler-plugin:3.0:compile (default-compile) @ okhttp-testing-support ---
[INFO] Changes detected - recompiling the module!
[INFO] Compiling 7 source files to /home/travis/build/failed/square/okhttp/okhttp-testing-support/target/classes
[INFO] 
[INFO] --- maven-resources-plugin:2.6:testResources (default-testResources) @ okhttp-testing-support ---
[INFO] Using 'UTF-8' encoding to copy filtered resources.
[INFO] skip non existing resourceDirectory /home/travis/build/failed/square/okhttp/okhttp-testing-support/src/test/resources
[INFO] 
[INFO] --- maven-compiler-plugin:3.0:testCompile (default-testCompile) @ okhttp-testing-support ---
[INFO] No sources to compile
[INFO] 
[INFO] --- maven-surefire-plugin:2.17:test (default-test) @ okhttp-testing-support ---
[INFO] No tests to run.
[INFO] 
[INFO] --- animal-sniffer-maven-plugin:1.11:check (default) @ okhttp-testing-support ---
[INFO] Checking unresolved references to org.codehaus.mojo.signature:java16:1.1
[INFO]                                                                         
[INFO] ------------------------------------------------------------------------
[INFO] Building OkHttp Web Sockets 3.4.0-SNAPSHOT
[INFO] ------------------------------------------------------------------------
[INFO] 
[INFO] --- maven-enforcer-plugin:1.0:enforce (enforce-maven) @ okhttp-ws ---
[INFO] 
[INFO] --- maven-resources-plugin:2.6:resources (default-resources) @ okhttp-ws ---
[INFO] Using 'UTF-8' encoding to copy filtered resources.
[INFO] skip non existing resourceDirectory /home/travis/build/failed/square/okhttp/okhttp-ws/src/main/resources
[INFO] 
[INFO] --- maven-compiler-plugin:3.0:compile (default-compile) @ okhttp-ws ---
[INFO] Changes detected - recompiling the module!
[INFO] Compiling 7 source files to /home/travis/build/failed/square/okhttp/okhttp-ws/target/classes
[INFO] 
[INFO] --- maven-resources-plugin:2.6:testResources (default-testResources) @ okhttp-ws ---
[INFO] Using 'UTF-8' encoding to copy filtered resources.
[INFO] skip non existing resourceDirectory /home/travis/build/failed/square/okhttp/okhttp-ws/src/test/resources
[INFO] 
[INFO] --- maven-compiler-plugin:3.0:testCompile (default-testCompile) @ okhttp-ws ---
[INFO] No sources to compile
[INFO] 
[INFO] --- maven-surefire-plugin:2.17:test (default-test) @ okhttp-ws ---
[INFO] No tests to run.
[INFO] 
[INFO] --- animal-sniffer-maven-plugin:1.11:check (default) @ okhttp-ws ---
[INFO] Checking unresolved references to org.codehaus.mojo.signature:java16:1.1
[INFO]                                                                         
[INFO] ------------------------------------------------------------------------
[INFO] Building MockWebServer 3.4.0-SNAPSHOT
[INFO] ------------------------------------------------------------------------
[INFO] 
[INFO] --- maven-enforcer-plugin:1.0:enforce (enforce-maven) @ mockwebserver ---
[INFO] 
[INFO] --- maven-resources-plugin:2.6:resources (default-resources) @ mockwebserver ---
[INFO] Using 'UTF-8' encoding to copy filtered resources.
[INFO] skip non existing resourceDirectory /home/travis/build/failed/square/okhttp/mockwebserver/src/main/resources
[INFO] 
[INFO] --- maven-compiler-plugin:3.0:compile (default-compile) @ mockwebserver ---
[INFO] Changes detected - recompiling the module!
[INFO] Compiling 10 source files to /home/travis/build/failed/square/okhttp/mockwebserver/target/classes
[WARNING] /home/travis/build/failed/square/okhttp/mockwebserver/src/main/java/okhttp3/internal/tls/HeldCertificate.java: /home/travis/build/failed/square/okhttp/mockwebserver/src/main/java/okhttp3/internal/tls/HeldCertificate.java uses or overrides a deprecated API.
[WARNING] /home/travis/build/failed/square/okhttp/mockwebserver/src/main/java/okhttp3/internal/tls/HeldCertificate.java: Recompile with -Xlint:deprecation for details.
[INFO] 
[INFO] --- maven-resources-plugin:2.6:testResources (default-testResources) @ mockwebserver ---
[INFO] Using 'UTF-8' encoding to copy filtered resources.
[INFO] skip non existing resourceDirectory /home/travis/build/failed/square/okhttp/mockwebserver/src/test/resources
[INFO] 
[INFO] --- maven-compiler-plugin:3.0:testCompile (default-testCompile) @ mockwebserver ---
[INFO] Changes detected - recompiling the module!
[INFO] Compiling 2 source files to /home/travis/build/failed/square/okhttp/mockwebserver/target/test-classes
[INFO] 
[INFO] --- maven-surefire-plugin:2.17:test (default-test) @ mockwebserver ---
[INFO] Surefire report directory: /home/travis/build/failed/square/okhttp/mockwebserver/target/surefire-reports
[INFO] Using configured provider org.apache.maven.surefire.junitcore.JUnitCoreProvider
[INFO] parallel='none', perCoreThreadCount=true, threadCount=0, useUnlimitedThreads=false, threadCountSuites=0, threadCountClasses=0, threadCountMethods=0, parallelOptimized=true

-------------------------------------------------------
 T E S T S
-------------------------------------------------------
Installing aggressive uncaught exception handler
Running okhttp3.mockwebserver.CustomDispatcherTest
Aug 16, 2022 6:21:17 AM okhttp3.mockwebserver.MockWebServer$3 execute
INFO: MockWebServer[42367] starting to accept connections
Aug 16, 2022 6:21:17 AM okhttp3.mockwebserver.MockWebServer$4 processOneRequest
INFO: MockWebServer[42367] received request: GET / HTTP/1.1 and responded: HTTP/1.1 200 OK
Aug 16, 2022 6:21:17 AM okhttp3.mockwebserver.MockWebServer$3 acceptConnections
INFO: MockWebServer[42367] done accepting connections: Socket closed
Aug 16, 2022 6:21:17 AM okhttp3.mockwebserver.MockWebServer$3 execute
INFO: MockWebServer[50393] starting to accept connections
Aug 16, 2022 6:21:17 AM okhttp3.mockwebserver.MockWebServer$4 processOneRequest
INFO: MockWebServer[50393] received request: GET /bar HTTP/1.1 and responded: HTTP/1.1 200 OK
Aug 16, 2022 6:21:17 AM okhttp3.mockwebserver.MockWebServer$4 processOneRequest
INFO: MockWebServer[50393] received request: GET /foo HTTP/1.1 and responded: HTTP/1.1 200 OK
Aug 16, 2022 6:21:17 AM okhttp3.mockwebserver.MockWebServer$3 acceptConnections
INFO: MockWebServer[50393] done accepting connections: Socket closed
Tests run: 2, Failures: 0, Errors: 0, Skipped: 0, Time elapsed: 0.096 sec - in okhttp3.mockwebserver.CustomDispatcherTest
Running okhttp3.mockwebserver.MockWebServerTest
Aug 16, 2022 6:21:17 AM okhttp3.mockwebserver.MockWebServer$3 execute
INFO: MockWebServer[40657] starting to accept connections
Aug 16, 2022 6:21:17 AM okhttp3.mockwebserver.MockWebServer$3 acceptConnections
INFO: MockWebServer[40657] done accepting connections: Socket is closed
Aug 16, 2022 6:21:17 AM okhttp3.mockwebserver.MockWebServer$3 execute
INFO: MockWebServer[53631] starting to accept connections
Aug 16, 2022 6:21:18 AM okhttp3.mockwebserver.MockWebServer$4 processOneRequest
INFO: MockWebServer[53631] received request: GET / HTTP/1.1 and responded: HTTP/1.1 200 OK
Aug 16, 2022 6:21:18 AM okhttp3.mockwebserver.MockWebServer$3 acceptConnections
INFO: MockWebServer[53631] done accepting connections: Socket closed
Aug 16, 2022 6:21:18 AM okhttp3.mockwebserver.MockWebServer$3 execute
INFO: MockWebServer[45485] starting to accept connections
Aug 16, 2022 6:21:18 AM okhttp3.mockwebserver.MockWebServer$3 execute
INFO: MockWebServer[43759] starting to accept connections
Aug 16, 2022 6:21:18 AM okhttp3.mockwebserver.MockWebServer$3 acceptConnections
INFO: MockWebServer[43759] done accepting connections: Socket is closed
Aug 16, 2022 6:21:18 AM okhttp3.mockwebserver.MockWebServer$3 acceptConnections
INFO: MockWebServer[45485] done accepting connections: Socket closed
Aug 16, 2022 6:21:18 AM okhttp3.mockwebserver.MockWebServer$3 execute
INFO: MockWebServer[40505] starting to accept connections
Aug 16, 2022 6:21:19 AM okhttp3.mockwebserver.MockWebServer$3 acceptConnections
INFO: MockWebServer[40505] done accepting connections: Socket closed
Aug 16, 2022 6:21:19 AM okhttp3.mockwebserver.MockWebServer$4 execute
INFO: MockWebServer[40505] connection from /127.0.0.1 failed: java.net.SocketException: Socket closed
Aug 16, 2022 6:21:19 AM okhttp3.mockwebserver.MockWebServer$3 execute
INFO: MockWebServer[42679] starting to accept connections
Aug 16, 2022 6:21:19 AM okhttp3.mockwebserver.MockWebServer$4 processOneRequest
INFO: MockWebServer[42679] received request: GET / HTTP/1.1 and responded: HTTP/1.1 200 OK
Aug 16, 2022 6:21:19 AM okhttp3.mockwebserver.MockWebServer$3 acceptConnections
INFO: MockWebServer[42679] done accepting connections: Socket closed
Aug 16, 2022 6:21:19 AM okhttp3.mockwebserver.MockWebServer$3 execute
INFO: MockWebServer[34615] starting to accept connections
Aug 16, 2022 6:21:19 AM okhttp3.mockwebserver.MockWebServer$4 processOneRequest
INFO: MockWebServer[34615] received request: GET / HTTP/1.1 and responded: HTTP/1.1 302 Redirection
Aug 16, 2022 6:21:19 AM okhttp3.mockwebserver.MockWebServer$3 acceptConnections
INFO: MockWebServer[34615] done accepting connections: Socket closed
Aug 16, 2022 6:21:19 AM okhttp3.mockwebserver.MockWebServer$4 processOneRequest
INFO: MockWebServer[34615] received request: GET /new-path HTTP/1.1 and responded: HTTP/1.1 200 OK
Aug 16, 2022 6:21:19 AM okhttp3.mockwebserver.MockWebServer$3 execute
INFO: MockWebServer[36285] starting to accept connections
Aug 16, 2022 6:21:19 AM okhttp3.mockwebserver.MockWebServer$4 processOneRequest
INFO: MockWebServer[36285] received request: GET / HTTP/1.1 and responded: HTTP/1.1 200 OK
Aug 16, 2022 6:21:20 AM okhttp3.mockwebserver.MockWebServer$4 processOneRequest
INFO: MockWebServer[36285] received request: GET / HTTP/1.1 and responded: HTTP/1.1 200 OK
Aug 16, 2022 6:21:20 AM okhttp3.mockwebserver.MockWebServer$3 acceptConnections
INFO: MockWebServer[36285] done accepting connections: Socket closed
Aug 16, 2022 6:21:20 AM okhttp3.mockwebserver.MockWebServer$3 execute
INFO: MockWebServer[36245] starting to accept connections
Aug 16, 2022 6:21:20 AM okhttp3.mockwebserver.MockWebServer$3 acceptConnections
INFO: MockWebServer[36245] done accepting connections: Socket is closed
Aug 16, 2022 6:21:20 AM okhttp3.mockwebserver.MockWebServer$3 execute
INFO: MockWebServer[38105] starting to accept connections
Aug 16, 2022 6:21:21 AM okhttp3.mockwebserver.MockWebServer$3 acceptConnections
INFO: MockWebServer[38105] done accepting connections: Socket closed
Aug 16, 2022 6:21:21 AM okhttp3.mockwebserver.MockWebServer$4 execute
INFO: MockWebServer[38105] connection from /127.0.0.1 failed: java.net.SocketException: Socket closed
Aug 16, 2022 6:21:21 AM okhttp3.mockwebserver.MockWebServer$3 execute
INFO: MockWebServer[47201] starting to accept connections
Aug 16, 2022 6:21:21 AM okhttp3.mockwebserver.MockWebServer$3 acceptConnections
INFO: MockWebServer[47201] done accepting connections: Socket closed
Aug 16, 2022 6:21:21 AM okhttp3.mockwebserver.MockWebServer$3 execute
INFO: MockWebServer[60245] starting to accept connections
Aug 16, 2022 6:21:21 AM okhttp3.mockwebserver.MockWebServer$3 acceptConnections
INFO: MockWebServer[60245] done accepting connections: Socket is closed
Aug 16, 2022 6:21:21 AM okhttp3.mockwebserver.MockWebServer$3 execute
INFO: MockWebServer[60157] starting to accept connections
Aug 16, 2022 6:21:21 AM okhttp3.mockwebserver.MockWebServer$3 acceptConnections
INFO: MockWebServer[60157] done accepting connections: Socket is closed
Aug 16, 2022 6:21:21 AM okhttp3.mockwebserver.MockWebServer$3 execute
INFO: MockWebServer[39515] starting to accept connections
Aug 16, 2022 6:21:21 AM okhttp3.mockwebserver.MockWebServer$4 processOneRequest
INFO: MockWebServer[39515] received request: GET / HTTP/1.1 and responded: HTTP/1.1 200 OK
Aug 16, 2022 6:21:21 AM okhttp3.mockwebserver.MockWebServer$3 acceptConnections
INFO: MockWebServer[39515] done accepting connections: Socket closed
Aug 16, 2022 6:21:21 AM okhttp3.mockwebserver.MockWebServer$3 execute
INFO: MockWebServer[44009] starting to accept connections
Aug 16, 2022 6:21:21 AM okhttp3.mockwebserver.MockWebServer$3 acceptConnections
INFO: MockWebServer[44009] done accepting connections: Socket is closed
Aug 16, 2022 6:21:21 AM okhttp3.mockwebserver.MockWebServer$3 execute
INFO: MockWebServer[53119] starting to accept connections
Aug 16, 2022 6:21:21 AM okhttp3.mockwebserver.MockWebServer$4 processOneRequest
INFO: MockWebServer[53119] received request: GET / HTTP/1.1 and responded: HTTP/1.1 200 OK
Aug 16, 2022 6:21:21 AM okhttp3.mockwebserver.MockWebServer$3 acceptConnections
INFO: MockWebServer[53119] done accepting connections: Socket closed
Aug 16, 2022 6:21:21 AM okhttp3.mockwebserver.MockWebServer$3 execute
INFO: MockWebServer[49217] starting to accept connections
Aug 16, 2022 6:21:22 AM okhttp3.mockwebserver.MockWebServer$4 processOneRequest
INFO: MockWebServer[49217] received request: GET / HTTP/1.1 and responded: HTTP/1.1 200 OK
Aug 16, 2022 6:21:22 AM okhttp3.mockwebserver.MockWebServer$3 acceptConnections
INFO: MockWebServer[49217] done accepting connections: Socket closed
Aug 16, 2022 6:21:22 AM okhttp3.mockwebserver.MockWebServer$3 execute
INFO: MockWebServer[49517] starting to accept connections
Aug 16, 2022 6:21:22 AM okhttp3.mockwebserver.MockWebServer$3 acceptConnections
INFO: MockWebServer[49517] done accepting connections: Socket is closed
Aug 16, 2022 6:21:22 AM okhttp3.mockwebserver.MockWebServer$3 execute
INFO: MockWebServer[33597] starting to accept connections
Aug 16, 2022 6:21:22 AM okhttp3.mockwebserver.MockWebServer$4 processOneRequest
INFO: MockWebServer[33597] received request: GET / HTTP/1.1 and responded: HTTP/1.1 200 OK
Aug 16, 2022 6:21:22 AM okhttp3.mockwebserver.MockWebServer$3 acceptConnections
INFO: MockWebServer[33597] done accepting connections: Socket closed
Aug 16, 2022 6:21:22 AM okhttp3.mockwebserver.MockWebServer$3 execute
INFO: MockWebServer[34775] starting to accept connections
Aug 16, 2022 6:21:22 AM okhttp3.mockwebserver.MockWebServer$3 execute
INFO: MockWebServer[55769] starting to accept connections
Aug 16, 2022 6:21:22 AM okhttp3.mockwebserver.MockWebServer$3 acceptConnections
INFO: MockWebServer[55769] done accepting connections: Socket is closed
Aug 16, 2022 6:21:22 AM okhttp3.mockwebserver.MockWebServer$3 acceptConnections
INFO: MockWebServer[34775] done accepting connections: Socket closed
Aug 16, 2022 6:21:22 AM okhttp3.mockwebserver.MockWebServer$3 execute
INFO: MockWebServer[34571] starting to accept connections
Aug 16, 2022 6:21:22 AM okhttp3.mockwebserver.MockWebServer$3 acceptConnections
INFO: MockWebServer[34571] done accepting connections: Socket is closed
Aug 16, 2022 6:21:22 AM okhttp3.mockwebserver.MockWebServer$3 execute
INFO: MockWebServer[56039] starting to accept connections
Aug 16, 2022 6:21:22 AM okhttp3.mockwebserver.MockWebServer$3 acceptConnections
INFO: MockWebServer[56039] done accepting connections: Socket is closed
Aug 16, 2022 6:21:22 AM okhttp3.mockwebserver.MockWebServer$3 execute
INFO: MockWebServer[47099] starting to accept connections
Aug 16, 2022 6:21:22 AM okhttp3.mockwebserver.MockWebServer$3 acceptConnections
INFO: MockWebServer[47099] done accepting connections: Socket is closed
Aug 16, 2022 6:21:22 AM okhttp3.mockwebserver.MockWebServer$3 execute
INFO: MockWebServer[59207] starting to accept connections
Aug 16, 2022 6:21:23 AM okhttp3.mockwebserver.MockWebServer$4 processOneRequest
INFO: MockWebServer[59207] received request: POST / HTTP/1.1 and responded: HTTP/1.1 200 OK
Aug 16, 2022 6:21:23 AM okhttp3.mockwebserver.MockWebServer$3 acceptConnections
INFO: MockWebServer[59207] done accepting connections: Socket closed
Aug 16, 2022 6:21:23 AM okhttp3.mockwebserver.MockWebServer$3 execute
INFO: MockWebServer[51797] starting to accept connections
Aug 16, 2022 6:21:23 AM okhttp3.mockwebserver.MockWebServer$3 acceptConnections
INFO: MockWebServer[51797] done accepting connections: Socket is closed
Aug 16, 2022 6:21:23 AM okhttp3.mockwebserver.MockWebServer$3 execute
INFO: MockWebServer[49833] starting to accept connections
Aug 16, 2022 6:21:23 AM okhttp3.mockwebserver.MockWebServer$4 processOneRequest
INFO: MockWebServer[49833] received request: GET /a HTTP/1.1 and responded: HTTP/1.1 200 OK
Aug 16, 2022 6:21:23 AM okhttp3.mockwebserver.MockWebServer$4 processOneRequest
INFO: MockWebServer[49833] received request: GET /b HTTP/1.1 and responded: HTTP/1.1 200 OK
Aug 16, 2022 6:21:23 AM okhttp3.mockwebserver.MockWebServer$3 acceptConnections
INFO: MockWebServer[49833] done accepting connections: Socket closed
Tests run: 25, Failures: 0, Errors: 0, Skipped: 0, Time elapsed: 5.26 sec - in okhttp3.mockwebserver.MockWebServerTest
Uninstalled aggressive uncaught exception handler

Results :

Tests run: 27, Failures: 0, Errors: 0, Skipped: 0

[INFO] 
[INFO] --- animal-sniffer-maven-plugin:1.11:check (default) @ mockwebserver ---
[INFO] Checking unresolved references to org.codehaus.mojo.signature:java16:1.1
[INFO]                                                                         
[INFO] ------------------------------------------------------------------------
[INFO] Building OkHttp URLConnection 3.4.0-SNAPSHOT
[INFO] ------------------------------------------------------------------------
[INFO] 
[INFO] --- maven-enforcer-plugin:1.0:enforce (enforce-maven) @ okhttp-urlconnection ---
[INFO] 
[INFO] --- maven-resources-plugin:2.6:resources (default-resources) @ okhttp-urlconnection ---
[INFO] Using 'UTF-8' encoding to copy filtered resources.
[INFO] skip non existing resourceDirectory /home/travis/build/failed/square/okhttp/okhttp-urlconnection/src/main/resources
[INFO] 
[INFO] --- maven-compiler-plugin:3.0:compile (default-compile) @ okhttp-urlconnection ---
[INFO] Changes detected - recompiling the module!
[INFO] Compiling 12 source files to /home/travis/build/failed/square/okhttp/okhttp-urlconnection/target/classes
[WARNING] /home/travis/build/failed/square/okhttp/okhttp-urlconnection/src/main/java/okhttp3/internal/huc/HttpURLConnectionImpl.java: Some input files use or override a deprecated API.
[WARNING] /home/travis/build/failed/square/okhttp/okhttp-urlconnection/src/main/java/okhttp3/internal/huc/HttpURLConnectionImpl.java: Recompile with -Xlint:deprecation for details.
[INFO] 
[INFO] --- maven-resources-plugin:2.6:testResources (default-testResources) @ okhttp-urlconnection ---
[INFO] Using 'UTF-8' encoding to copy filtered resources.
[INFO] skip non existing resourceDirectory /home/travis/build/failed/square/okhttp/okhttp-urlconnection/src/test/resources
[INFO] 
[INFO] --- maven-compiler-plugin:3.0:testCompile (default-testCompile) @ okhttp-urlconnection ---
[INFO] Changes detected - recompiling the module!
[INFO] Compiling 3 source files to /home/travis/build/failed/square/okhttp/okhttp-urlconnection/target/test-classes
[WARNING] /home/travis/build/failed/square/okhttp/okhttp-urlconnection/src/test/java/okhttp3/internal/huc/URLEncodingTest.java: Some input files use or override a deprecated API.
[WARNING] /home/travis/build/failed/square/okhttp/okhttp-urlconnection/src/test/java/okhttp3/internal/huc/URLEncodingTest.java: Recompile with -Xlint:deprecation for details.
[INFO] 
[INFO] --- maven-surefire-plugin:2.17:test (default-test) @ okhttp-urlconnection ---
[INFO] Surefire report directory: /home/travis/build/failed/square/okhttp/okhttp-urlconnection/target/surefire-reports
[INFO] Using configured provider org.apache.maven.surefire.junitcore.JUnitCoreProvider
[INFO] parallel='none', perCoreThreadCount=true, threadCount=0, useUnlimitedThreads=false, threadCountSuites=0, threadCountClasses=0, threadCountMethods=0, parallelOptimized=true

-------------------------------------------------------
 T E S T S
-------------------------------------------------------
Installing aggressive uncaught exception handler
Running okhttp3.OkUrlFactoryTest
Aug 16, 2022 6:21:24 AM okhttp3.mockwebserver.MockWebServer$3 execute
INFO: MockWebServer[60153] starting to accept connections
Aug 16, 2022 6:21:24 AM okhttp3.mockwebserver.MockWebServer$4 processOneRequest
INFO: MockWebServer[60153] received request: GET /a HTTP/1.1 and responded: HTTP/1.1 302 Redirection
Aug 16, 2022 6:21:24 AM okhttp3.mockwebserver.MockWebServer$3 acceptConnections
INFO: MockWebServer[60153] done accepting connections: Socket closed
Aug 16, 2022 6:21:24 AM okhttp3.mockwebserver.MockWebServer$3 execute
INFO: MockWebServer[49155] starting to accept connections
Aug 16, 2022 6:21:24 AM okhttp3.mockwebserver.MockWebServer$4 processOneRequest
INFO: MockWebServer[49155] received request: GET / HTTP/1.1 and responded: HTTP/1.1 404 Client Error
Aug 16, 2022 6:21:24 AM okhttp3.mockwebserver.MockWebServer$3 acceptConnections
INFO: MockWebServer[49155] done accepting connections: Socket closed
Aug 16, 2022 6:21:24 AM okhttp3.mockwebserver.MockWebServer$3 execute
INFO: MockWebServer[46183] starting to accept connections
Aug 16, 2022 6:21:24 AM okhttp3.mockwebserver.MockWebServer$4 processOneRequest
INFO: MockWebServer[46183] received request: GET / HTTP/1.1 and responded: HTTP/1.1 200 OK
Aug 16, 2022 6:21:24 AM okhttp3.mockwebserver.MockWebServer$3 acceptConnections
INFO: MockWebServer[46183] done accepting connections: Socket closed
Aug 16, 2022 6:21:24 AM okhttp3.mockwebserver.MockWebServer$3 execute
INFO: MockWebServer[57887] starting to accept connections
Aug 16, 2022 6:21:24 AM okhttp3.mockwebserver.MockWebServer$3 execute
INFO: MockWebServer[46571] starting to accept connections
Aug 16, 2022 6:21:25 AM okhttp3.mockwebserver.MockWebServer$FramedSocketHandler onStream
INFO: MockWebServer[57887] received request: GET / HTTP/1.1 and responded: HTTP/1.1 302 Redirection protocol is h2
Aug 16, 2022 6:21:25 AM okhttp3.mockwebserver.MockWebServer$4 processOneRequest
INFO: MockWebServer[46571] received request: GET / HTTP/1.1 and responded: HTTP/1.1 200 OK
Aug 16, 2022 6:21:25 AM okhttp3.mockwebserver.MockWebServer$3 acceptConnections
INFO: MockWebServer[57887] done accepting connections: Socket closed
Aug 16, 2022 6:21:25 AM okhttp3.mockwebserver.MockWebServer$3 execute
INFO: MockWebServer[34779] starting to accept connections
Aug 16, 2022 6:21:25 AM okhttp3.mockwebserver.MockWebServer$4 processOneRequest
INFO: MockWebServer[34779] received request: GET / HTTP/1.1 and responded: HTTP/1.1 200 OK
Aug 16, 2022 6:21:25 AM okhttp3.mockwebserver.MockWebServer$4 processOneRequest
INFO: MockWebServer[34779] received request: GET / HTTP/1.1 and responded: HTTP/1.1 200 OK
Aug 16, 2022 6:21:25 AM okhttp3.mockwebserver.MockWebServer$3 acceptConnections
INFO: MockWebServer[34779] done accepting connections: Socket closed
Aug 16, 2022 6:21:25 AM okhttp3.mockwebserver.MockWebServer$3 execute
INFO: MockWebServer[38695] starting to accept connections
Aug 16, 2022 6:21:25 AM okhttp3.mockwebserver.MockWebServer$4 processOneRequest
INFO: MockWebServer[38695] received request: GET / HTTP/1.1 and responded: HTTP/1.1 200 OK
Aug 16, 2022 6:21:25 AM okhttp3.mockwebserver.MockWebServer$3 acceptConnections
INFO: MockWebServer[38695] done accepting connections: Socket closed
Aug 16, 2022 6:21:25 AM okhttp3.mockwebserver.MockWebServer$3 execute
INFO: MockWebServer[35699] starting to accept connections
Aug 16, 2022 6:21:25 AM okhttp3.mockwebserver.MockWebServer$4 processOneRequest
INFO: MockWebServer[35699] received request: GET / HTTP/1.1 and responded: HTTP/1.1 200 OK
Aug 16, 2022 6:21:25 AM okhttp3.mockwebserver.MockWebServer$4 processOneRequest
INFO: MockWebServer[35699] received request: GET / HTTP/1.1 and responded: HTTP/1.1 304 Redirection
Aug 16, 2022 6:21:25 AM okhttp3.mockwebserver.MockWebServer$3 acceptConnections
INFO: MockWebServer[35699] done accepting connections: Socket closed
Aug 16, 2022 6:21:25 AM okhttp3.mockwebserver.MockWebServer$3 execute
INFO: MockWebServer[53519] starting to accept connections
Aug 16, 2022 6:21:25 AM okhttp3.mockwebserver.MockWebServer$4 processOneRequest
INFO: MockWebServer[53519] received request: GET / HTTP/1.1 and responded: HTTP/1.1 200 OK
Aug 16, 2022 6:21:25 AM okhttp3.mockwebserver.MockWebServer$3 acceptConnections
INFO: MockWebServer[53519] done accepting connections: Socket closed
Aug 16, 2022 6:21:25 AM okhttp3.mockwebserver.MockWebServer$3 execute
INFO: MockWebServer[47171] starting to accept connections
Aug 16, 2022 6:21:25 AM okhttp3.mockwebserver.MockWebServer$4 processOneRequest
INFO: MockWebServer[47171] received request: GET / HTTP/1.1 and responded: HTTP/1.1 407 Client Error
Aug 16, 2022 6:21:25 AM okhttp3.mockwebserver.MockWebServer$3 acceptConnections
INFO: MockWebServer[47171] done accepting connections: Socket closed
Aug 16, 2022 6:21:25 AM okhttp3.mockwebserver.MockWebServer$3 execute
INFO: MockWebServer[43145] starting to accept connections
Aug 16, 2022 6:21:25 AM okhttp3.mockwebserver.MockWebServer$4 processOneRequest
INFO: MockWebServer[43145] received request: GET /b HTTP/1.1 and responded: HTTP/1.1 200 OK
Aug 16, 2022 6:21:25 AM okhttp3.mockwebserver.MockWebServer$3 acceptConnections
INFO: MockWebServer[43145] done accepting connections: Socket closed
Tests run: 10, Failures: 1, Errors: 0, Skipped: 0, Time elapsed: 1.275 sec <<< FAILURE! - in okhttp3.OkUrlFactoryTest
testURLFilterRedirect(okhttp3.OkUrlFactoryTest)  Time elapsed: 0.783 sec  <<< FAILURE!
java.lang.AssertionError: Connection was successful
	at org.junit.Assert.fail(Assert.java:88)
	at okhttp3.OkUrlFactoryTest.testURLFilterRedirect(OkUrlFactoryTest.java:209)

Running okhttp3.UrlConnectionCacheTest
Aug 16, 2022 6:21:25 AM okhttp3.mockwebserver.MockWebServer$3 execute
INFO: MockWebServer[54313] starting to accept connections
Aug 16, 2022 6:21:25 AM okhttp3.mockwebserver.MockWebServer$3 execute
INFO: MockWebServer[37861] starting to accept connections
Aug 16, 2022 6:21:25 AM okhttp3.mockwebserver.MockWebServer$3 acceptConnections
INFO: MockWebServer[37861] done accepting connections: Socket closed
Aug 16, 2022 6:21:25 AM okhttp3.mockwebserver.MockWebServer$3 acceptConnections
INFO: MockWebServer[54313] done accepting connections: Socket closed
Aug 16, 2022 6:21:25 AM okhttp3.mockwebserver.MockWebServer$3 execute
INFO: MockWebServer[34475] starting to accept connections
Aug 16, 2022 6:21:25 AM okhttp3.mockwebserver.MockWebServer$3 execute
INFO: MockWebServer[59561] starting to accept connections
Aug 16, 2022 6:21:25 AM okhttp3.mockwebserver.MockWebServer$4 processOneRequest
INFO: MockWebServer[59561] received request: GET /a HTTP/1.1 and responded: HTTP/1.1 200 OK
Aug 16, 2022 6:21:25 AM okhttp3.mockwebserver.MockWebServer$4 processOneRequest
INFO: MockWebServer[59561] received request: GET /a HTTP/1.1 and responded: HTTP/1.1 304 Redirection
Aug 16, 2022 6:21:25 AM okhttp3.mockwebserver.MockWebServer$3 acceptConnections
INFO: MockWebServer[59561] done accepting connections: Socket closed
Aug 16, 2022 6:21:25 AM okhttp3.mockwebserver.MockWebServer$3 acceptConnections
INFO: MockWebServer[34475] done accepting connections: Socket closed
Aug 16, 2022 6:21:25 AM okhttp3.mockwebserver.MockWebServer$3 execute
INFO: MockWebServer[58307] starting to accept connections
Aug 16, 2022 6:21:25 AM okhttp3.mockwebserver.MockWebServer$3 execute
INFO: MockWebServer[43651] starting to accept connections
Aug 16, 2022 6:21:25 AM okhttp3.mockwebserver.MockWebServer$4 processOneRequest
INFO: MockWebServer[43651] received request: GET / HTTP/1.1 and responded: HTTP/1.1 200 OK
Aug 16, 2022 6:21:25 AM okhttp3.mockwebserver.MockWebServer$4 processOneRequest
INFO: MockWebServer[43651] received request: GET / HTTP/1.1 and responded: HTTP/1.1 304 Redirection
Aug 16, 2022 6:21:25 AM okhttp3.mockwebserver.MockWebServer$4 processOneRequest
INFO: MockWebServer[43651] received request: GET / HTTP/1.1 and responded: HTTP/1.1 304 Redirection
Aug 16, 2022 6:21:25 AM okhttp3.mockwebserver.MockWebServer$3 acceptConnections
INFO: MockWebServer[43651] done accepting connections: Socket closed
Aug 16, 2022 6:21:25 AM okhttp3.mockwebserver.MockWebServer$3 acceptConnections
INFO: MockWebServer[58307] done accepting connections: Socket closed
Aug 16, 2022 6:21:25 AM okhttp3.mockwebserver.MockWebServer$3 execute
INFO: MockWebServer[37757] starting to accept connections
Aug 16, 2022 6:21:25 AM okhttp3.mockwebserver.MockWebServer$3 execute
INFO: MockWebServer[33853] starting to accept connections
Aug 16, 2022 6:21:25 AM okhttp3.mockwebserver.MockWebServer$4 processOneRequest
INFO: MockWebServer[33853] received request: GET / HTTP/1.1 and responded: HTTP/1.1 200 OK
Aug 16, 2022 6:21:25 AM okhttp3.mockwebserver.MockWebServer$3 acceptConnections
INFO: MockWebServer[33853] done accepting connections: Socket closed
Aug 16, 2022 6:21:25 AM okhttp3.mockwebserver.MockWebServer$3 acceptConnections
INFO: MockWebServer[37757] done accepting connections: Socket closed
Aug 16, 2022 6:21:25 AM okhttp3.mockwebserver.MockWebServer$3 execute
INFO: MockWebServer[58305] starting to accept connections
Aug 16, 2022 6:21:25 AM okhttp3.mockwebserver.MockWebServer$3 execute
INFO: MockWebServer[47797] starting to accept connections
Aug 16, 2022 6:21:25 AM okhttp3.mockwebserver.MockWebServer$4 processOneRequest
INFO: MockWebServer[47797] received request: GET /foo HTTP/1.1 and responded: HTTP/1.1 200 OK
Aug 16, 2022 6:21:25 AM okhttp3.mockwebserver.MockWebServer$4 processOneRequest
INFO: MockWebServer[47797] received request: GET /bar HTTP/1.1 and responded: HTTP/1.1 200 OK
Aug 16, 2022 6:21:25 AM okhttp3.mockwebserver.MockWebServer$3 acceptConnections
INFO: MockWebServer[47797] done accepting connections: Socket closed
Aug 16, 2022 6:21:25 AM okhttp3.mockwebserver.MockWebServer$3 acceptConnections
INFO: MockWebServer[58305] done accepting connections: Socket closed
Aug 16, 2022 6:21:25 AM okhttp3.mockwebserver.MockWebServer$3 execute
INFO: MockWebServer[60803] starting to accept connections
Aug 16, 2022 6:21:25 AM okhttp3.mockwebserver.MockWebServer$3 execute
INFO: MockWebServer[48061] starting to accept connections
Aug 16, 2022 6:21:25 AM okhttp3.mockwebserver.MockWebServer$4 processOneRequest
INFO: MockWebServer[48061] received request: POST / HTTP/1.1 and responded: HTTP/1.1 200 OK
Aug 16, 2022 6:21:25 AM okhttp3.mockwebserver.MockWebServer$4 processOneRequest
INFO: MockWebServer[48061] received request: GET / HTTP/1.1 and responded: HTTP/1.1 200 OK
Aug 16, 2022 6:21:25 AM okhttp3.mockwebserver.MockWebServer$3 acceptConnections
INFO: MockWebServer[48061] done accepting connections: Socket closed
Aug 16, 2022 6:21:25 AM okhttp3.mockwebserver.MockWebServer$3 acceptConnections
INFO: MockWebServer[60803] done accepting connections: Socket closed
Aug 16, 2022 6:21:25 AM okhttp3.mockwebserver.MockWebServer$3 execute
INFO: MockWebServer[50429] starting to accept connections
Aug 16, 2022 6:21:25 AM okhttp3.mockwebserver.MockWebServer$3 execute
INFO: MockWebServer[41255] starting to accept connections
Aug 16, 2022 6:21:26 AM okhttp3.mockwebserver.MockWebServer$4 processOneRequest
INFO: MockWebServer[41255] received request: GET / HTTP/1.1 and responded: HTTP/1.1 200 OK
Aug 16, 2022 6:21:26 AM okhttp3.mockwebserver.MockWebServer$3 acceptConnections
INFO: MockWebServer[41255] done accepting connections: Socket closed
Aug 16, 2022 6:21:26 AM okhttp3.mockwebserver.MockWebServer$3 acceptConnections
INFO: MockWebServer[50429] done accepting connections: Socket closed
Aug 16, 2022 6:21:26 AM okhttp3.mockwebserver.MockWebServer$3 execute
INFO: MockWebServer[36809] starting to accept connections
Aug 16, 2022 6:21:26 AM okhttp3.mockwebserver.MockWebServer$3 execute
INFO: MockWebServer[44351] starting to accept connections
Aug 16, 2022 6:21:26 AM okhttp3.mockwebserver.MockWebServer$4 processOneRequest
INFO: MockWebServer[44351] received request: GET / HTTP/1.1 and responded: HTTP/1.1 200 OK
Aug 16, 2022 6:21:26 AM okhttp3.mockwebserver.MockWebServer$3 acceptConnections
INFO: MockWebServer[44351] done accepting connections: Socket closed
Aug 16, 2022 6:21:27 AM okhttp3.mockwebserver.MockWebServer$4 processOneRequest
INFO: MockWebServer[44351] received request: GET / HTTP/1.1 and responded: HTTP/1.1 200 OK
Aug 16, 2022 6:21:27 AM okhttp3.mockwebserver.MockWebServer$4 processConnection
WARNING: MockWebServer[44351] connection from /127.0.0.1 didn't make a request
Aug 16, 2022 6:21:27 AM okhttp3.mockwebserver.MockWebServer$3 acceptConnections
INFO: MockWebServer[36809] done accepting connections: Socket closed
Aug 16, 2022 6:21:27 AM okhttp3.mockwebserver.MockWebServer$3 execute
INFO: MockWebServer[47845] starting to accept connections
Aug 16, 2022 6:21:27 AM okhttp3.mockwebserver.MockWebServer$3 execute
INFO: MockWebServer[52857] starting to accept connections
Aug 16, 2022 6:21:27 AM okhttp3.mockwebserver.MockWebServer$4 processOneRequest
INFO: MockWebServer[52857] received request: GET / HTTP/1.1 and responded: HTTP/1.1 200 OK
Aug 16, 2022 6:21:27 AM okhttp3.mockwebserver.MockWebServer$3 acceptConnections
INFO: MockWebServer[52857] done accepting connections: Socket closed
Aug 16, 2022 6:21:27 AM okhttp3.mockwebserver.MockWebServer$3 acceptConnections
INFO: MockWebServer[47845] done accepting connections: Socket closed
Aug 16, 2022 6:21:27 AM okhttp3.mockwebserver.MockWebServer$3 execute
INFO: MockWebServer[57119] starting to accept connections
Aug 16, 2022 6:21:27 AM okhttp3.mockwebserver.MockWebServer$3 execute
INFO: MockWebServer[45689] starting to accept connections
Aug 16, 2022 6:21:27 AM okhttp3.mockwebserver.MockWebServer$4 processOneRequest
INFO: MockWebServer[45689] received request: GET /?foo=bar HTTP/1.1 and responded: HTTP/1.1 200 OK
Aug 16, 2022 6:21:27 AM okhttp3.mockwebserver.MockWebServer$4 processOneRequest
INFO: MockWebServer[45689] received request: GET /?foo=bar HTTP/1.1 and responded: HTTP/1.1 200 OK
Aug 16, 2022 6:21:27 AM okhttp3.mockwebserver.MockWebServer$3 acceptConnections
INFO: MockWebServer[45689] done accepting connections: Socket closed
Aug 16, 2022 6:21:27 AM okhttp3.mockwebserver.MockWebServer$3 acceptConnections
INFO: MockWebServer[57119] done accepting connections: Socket closed
Aug 16, 2022 6:21:27 AM okhttp3.mockwebserver.MockWebServer$3 execute
INFO: MockWebServer[35201] starting to accept connections
Aug 16, 2022 6:21:27 AM okhttp3.mockwebserver.MockWebServer$3 execute
INFO: MockWebServer[58523] starting to accept connections
Aug 16, 2022 6:21:27 AM okhttp3.mockwebserver.MockWebServer$4 processOneRequest
INFO: MockWebServer[58523] received request: GET / HTTP/1.1 and responded: HTTP/1.1 200 OK
Aug 16, 2022 6:21:27 AM okhttp3.mockwebserver.MockWebServer$3 acceptConnections
INFO: MockWebServer[58523] done accepting connections: Socket closed
Aug 16, 2022 6:21:27 AM okhttp3.mockwebserver.MockWebServer$3 acceptConnections
INFO: MockWebServer[35201] done accepting connections: Socket closed
Aug 16, 2022 6:21:27 AM okhttp3.mockwebserver.MockWebServer$3 execute
INFO: MockWebServer[49477] starting to accept connections
Aug 16, 2022 6:21:27 AM okhttp3.mockwebserver.MockWebServer$3 execute
INFO: MockWebServer[49377] starting to accept connections
Aug 16, 2022 6:21:27 AM okhttp3.mockwebserver.MockWebServer$4 processOneRequest
INFO: MockWebServer[49377] received request: GET / HTTP/1.1 and responded: HTTP/1.1 200 OK
Aug 16, 2022 6:21:27 AM okhttp3.mockwebserver.MockWebServer$4 processOneRequest
INFO: MockWebServer[49377] received request: GET / HTTP/1.1 and responded: HTTP/1.1 200 OK
Aug 16, 2022 6:21:27 AM okhttp3.mockwebserver.MockWebServer$3 acceptConnections
INFO: MockWebServer[49377] done accepting connections: Socket closed
Aug 16, 2022 6:21:27 AM okhttp3.mockwebserver.MockWebServer$3 acceptConnections
INFO: MockWebServer[49477] done accepting connections: Socket closed
Aug 16, 2022 6:21:27 AM okhttp3.mockwebserver.MockWebServer$3 execute
INFO: MockWebServer[60945] starting to accept connections
Aug 16, 2022 6:21:27 AM okhttp3.mockwebserver.MockWebServer$3 execute
INFO: MockWebServer[58697] starting to accept connections
Aug 16, 2022 6:21:27 AM okhttp3.mockwebserver.MockWebServer$4 processOneRequest
INFO: MockWebServer[58697] received request: GET / HTTP/1.1 and responded: HTTP/1.1 200 Fantastic
Aug 16, 2022 6:21:27 AM okhttp3.mockwebserver.MockWebServer$3 acceptConnections
INFO: MockWebServer[58697] done accepting connections: Socket closed
Aug 16, 2022 6:21:27 AM okhttp3.mockwebserver.MockWebServer$3 acceptConnections
INFO: MockWebServer[60945] done accepting connections: Socket closed
Aug 16, 2022 6:21:27 AM okhttp3.mockwebserver.MockWebServer$3 execute
INFO: MockWebServer[51787] starting to accept connections
Aug 16, 2022 6:21:27 AM okhttp3.mockwebserver.MockWebServer$3 execute
INFO: MockWebServer[51421] starting to accept connections
Aug 16, 2022 6:21:27 AM okhttp3.mockwebserver.MockWebServer$4 processOneRequest
INFO: MockWebServer[51421] received request: GET / HTTP/1.1 and responded: HTTP/1.1 304 Redirection
Aug 16, 2022 6:21:27 AM okhttp3.mockwebserver.MockWebServer$3 acceptConnections
INFO: MockWebServer[51421] done accepting connections: Socket closed
Aug 16, 2022 6:21:27 AM okhttp3.mockwebserver.MockWebServer$3 acceptConnections
INFO: MockWebServer[51787] done accepting connections: Socket closed
Aug 16, 2022 6:21:27 AM okhttp3.mockwebserver.MockWebServer$3 execute
INFO: MockWebServer[33333] starting to accept connections
Aug 16, 2022 6:21:27 AM okhttp3.mockwebserver.MockWebServer$3 execute
INFO: MockWebServer[35061] starting to accept connections
Aug 16, 2022 6:21:27 AM okhttp3.mockwebserver.MockWebServer$4 processOneRequest
INFO: MockWebServer[35061] received request: GET / HTTP/1.1 and responded: HTTP/1.1 200 OK
Aug 16, 2022 6:21:27 AM okhttp3.mockwebserver.MockWebServer$4 processOneRequest
INFO: MockWebServer[35061] received request: GET / HTTP/1.1 and responded: HTTP/1.1 200 OK
Aug 16, 2022 6:21:27 AM okhttp3.mockwebserver.MockWebServer$3 acceptConnections
INFO: MockWebServer[35061] done accepting connections: Socket closed
Aug 16, 2022 6:21:27 AM okhttp3.mockwebserver.MockWebServer$3 acceptConnections
INFO: MockWebServer[33333] done accepting connections: Socket closed
Aug 16, 2022 6:21:27 AM okhttp3.mockwebserver.MockWebServer$3 execute
INFO: MockWebServer[39983] starting to accept connections
Aug 16, 2022 6:21:27 AM okhttp3.mockwebserver.MockWebServer$3 execute
INFO: MockWebServer[42267] starting to accept connections
Aug 16, 2022 6:21:27 AM okhttp3.mockwebserver.MockWebServer$4 processOneRequest
INFO: MockWebServer[42267] received request: GET / HTTP/1.1 and responded: HTTP/1.1 200 OK
Aug 16, 2022 6:21:27 AM okhttp3.mockwebserver.MockWebServer$4 processOneRequest
INFO: MockWebServer[42267] received request: GET / HTTP/1.1 and responded: HTTP/1.1 200 OK
Aug 16, 2022 6:21:27 AM okhttp3.mockwebserver.MockWebServer$3 acceptConnections
INFO: MockWebServer[42267] done accepting connections: Socket closed
Aug 16, 2022 6:21:27 AM okhttp3.mockwebserver.MockWebServer$3 acceptConnections
INFO: MockWebServer[39983] done accepting connections: Socket closed
Aug 16, 2022 6:21:27 AM okhttp3.mockwebserver.MockWebServer$3 execute
INFO: MockWebServer[51891] starting to accept connections
Aug 16, 2022 6:21:27 AM okhttp3.mockwebserver.MockWebServer$3 execute
INFO: MockWebServer[34411] starting to accept connections
Aug 16, 2022 6:21:27 AM okhttp3.mockwebserver.MockWebServer$4 processOneRequest
INFO: MockWebServer[34411] received request: PUT / HTTP/1.1 and responded: HTTP/1.1 200 OK
Aug 16, 2022 6:21:27 AM okhttp3.mockwebserver.MockWebServer$4 processOneRequest
INFO: MockWebServer[34411] received request: GET / HTTP/1.1 and responded: HTTP/1.1 200 OK
Aug 16, 2022 6:21:27 AM okhttp3.mockwebserver.MockWebServer$3 acceptConnections
INFO: MockWebServer[34411] done accepting connections: Socket closed
Aug 16, 2022 6:21:27 AM okhttp3.mockwebserver.MockWebServer$3 acceptConnections
INFO: MockWebServer[51891] done accepting connections: Socket closed
Aug 16, 2022 6:21:27 AM okhttp3.mockwebserver.MockWebServer$3 execute
INFO: MockWebServer[58601] starting to accept connections
Aug 16, 2022 6:21:27 AM okhttp3.mockwebserver.MockWebServer$3 execute
INFO: MockWebServer[60571] starting to accept connections
Aug 16, 2022 6:21:27 AM okhttp3.mockwebserver.MockWebServer$4 processOneRequest
INFO: MockWebServer[60571] received request: GET / HTTP/1.1 and responded: HTTP/1.1 200 OK
Aug 16, 2022 6:21:27 AM okhttp3.mockwebserver.MockWebServer$3 acceptConnections
INFO: MockWebServer[60571] done accepting connections: Socket closed
Aug 16, 2022 6:21:27 AM okhttp3.mockwebserver.MockWebServer$3 acceptConnections
INFO: MockWebServer[58601] done accepting connections: Socket closed
Aug 16, 2022 6:21:27 AM okhttp3.mockwebserver.MockWebServer$3 execute
INFO: MockWebServer[52147] starting to accept connections
Aug 16, 2022 6:21:27 AM okhttp3.mockwebserver.MockWebServer$3 execute
INFO: MockWebServer[49085] starting to accept connections
Aug 16, 2022 6:21:27 AM okhttp3.mockwebserver.MockWebServer$4 processOneRequest
INFO: MockWebServer[49085] received request: GET / HTTP/1.1 and responded: HTTP/1.1 206 OK
Aug 16, 2022 6:21:27 AM okhttp3.mockwebserver.MockWebServer$4 processOneRequest
INFO: MockWebServer[49085] received request: GET / HTTP/1.1 and responded: HTTP/1.1 200 OK
Aug 16, 2022 6:21:27 AM okhttp3.mockwebserver.MockWebServer$3 acceptConnections
INFO: MockWebServer[49085] done accepting connections: Socket closed
Aug 16, 2022 6:21:27 AM okhttp3.mockwebserver.MockWebServer$3 acceptConnections
INFO: MockWebServer[52147] done accepting connections: Socket closed
Aug 16, 2022 6:21:27 AM okhttp3.mockwebserver.MockWebServer$3 execute
INFO: MockWebServer[57577] starting to accept connections
Aug 16, 2022 6:21:27 AM okhttp3.mockwebserver.MockWebServer$3 execute
INFO: MockWebServer[44281] starting to accept connections
Aug 16, 2022 6:21:27 AM okhttp3.mockwebserver.MockWebServer$4 processOneRequest
INFO: MockWebServer[44281] received request: GET /valid HTTP/1.1 and responded: HTTP/1.1 200 A-OK
Aug 16, 2022 6:21:27 AM okhttp3.mockwebserver.MockWebServer$4 processOneRequest
INFO: MockWebServer[44281] received request: GET /valid HTTP/1.1 and responded: HTTP/1.1 304 Redirection
Aug 16, 2022 6:21:27 AM okhttp3.mockwebserver.MockWebServer$4 processOneRequest
INFO: MockWebServer[44281] received request: GET /invalid HTTP/1.1 and responded: HTTP/1.1 200 B-OK
Aug 16, 2022 6:21:27 AM okhttp3.mockwebserver.MockWebServer$4 processOneRequest
INFO: MockWebServer[44281] received request: GET /invalid HTTP/1.1 and responded: HTTP/1.1 200 C-OK
Aug 16, 2022 6:21:27 AM okhttp3.mockwebserver.MockWebServer$3 acceptConnections
INFO: MockWebServer[44281] done accepting connections: Socket closed
Aug 16, 2022 6:21:27 AM okhttp3.mockwebserver.MockWebServer$3 acceptConnections
INFO: MockWebServer[57577] done accepting connections: Socket closed
Aug 16, 2022 6:21:27 AM okhttp3.mockwebserver.MockWebServer$3 execute
INFO: MockWebServer[54473] starting to accept connections
Aug 16, 2022 6:21:27 AM okhttp3.mockwebserver.MockWebServer$3 execute
INFO: MockWebServer[50567] starting to accept connections
Aug 16, 2022 6:21:27 AM okhttp3.mockwebserver.MockWebServer$4 processOneRequest
INFO: MockWebServer[50567] received request: GET / HTTP/1.1 and responded: HTTP/1.1 200 OK
Aug 16, 2022 6:21:27 AM okhttp3.mockwebserver.MockWebServer$3 acceptConnections
INFO: MockWebServer[50567] done accepting connections: Socket closed
Aug 16, 2022 6:21:27 AM okhttp3.mockwebserver.MockWebServer$3 acceptConnections
INFO: MockWebServer[54473] done accepting connections: Socket closed
Aug 16, 2022 6:21:27 AM okhttp3.mockwebserver.MockWebServer$3 execute
INFO: MockWebServer[41721] starting to accept connections
Aug 16, 2022 6:21:27 AM okhttp3.mockwebserver.MockWebServer$3 execute
INFO: MockWebServer[44737] starting to accept connections
Aug 16, 2022 6:21:27 AM okhttp3.mockwebserver.MockWebServer$4 processOneRequest
INFO: MockWebServer[44737] received request: GET / HTTP/1.1 and responded: HTTP/1.1 200 OK
Aug 16, 2022 6:21:27 AM okhttp3.mockwebserver.MockWebServer$4 processOneRequest
INFO: MockWebServer[44737] received request: GET / HTTP/1.1 and responded: HTTP/1.1 200 OK
Aug 16, 2022 6:21:27 AM okhttp3.mockwebserver.MockWebServer$3 acceptConnections
INFO: MockWebServer[44737] done accepting connections: Socket closed
Aug 16, 2022 6:21:27 AM okhttp3.mockwebserver.MockWebServer$3 acceptConnections
INFO: MockWebServer[41721] done accepting connections: Socket closed
Aug 16, 2022 6:21:27 AM okhttp3.mockwebserver.MockWebServer$3 execute
INFO: MockWebServer[60165] starting to accept connections
Aug 16, 2022 6:21:27 AM okhttp3.mockwebserver.MockWebServer$3 execute
INFO: MockWebServer[49901] starting to accept connections
Aug 16, 2022 6:21:27 AM okhttp3.mockwebserver.MockWebServer$3 acceptConnections
INFO: MockWebServer[49901] done accepting connections: Socket closed
Aug 16, 2022 6:21:27 AM okhttp3.mockwebserver.MockWebServer$3 acceptConnections
INFO: MockWebServer[60165] done accepting connections: Socket closed
Aug 16, 2022 6:21:27 AM okhttp3.mockwebserver.MockWebServer$3 execute
INFO: MockWebServer[40787] starting to accept connections
Aug 16, 2022 6:21:27 AM okhttp3.mockwebserver.MockWebServer$3 execute
INFO: MockWebServer[38135] starting to accept connections
Aug 16, 2022 6:21:27 AM okhttp3.mockwebserver.MockWebServer$4 processOneRequest
INFO: MockWebServer[38135] received request: HEAD / HTTP/1.1 and responded: HTTP/1.1 200 OK
Aug 16, 2022 6:21:27 AM okhttp3.mockwebserver.MockWebServer$4 processOneRequest
INFO: MockWebServer[38135] received request: GET / HTTP/1.1 and responded: HTTP/1.1 200 OK
Aug 16, 2022 6:21:27 AM okhttp3.mockwebserver.MockWebServer$3 acceptConnections
INFO: MockWebServer[38135] done accepting connections: Socket closed
Aug 16, 2022 6:21:27 AM okhttp3.mockwebserver.MockWebServer$3 acceptConnections
INFO: MockWebServer[40787] done accepting connections: Socket closed
Aug 16, 2022 6:21:27 AM okhttp3.mockwebserver.MockWebServer$3 execute
INFO: MockWebServer[35131] starting to accept connections
Aug 16, 2022 6:21:27 AM okhttp3.mockwebserver.MockWebServer$3 execute
INFO: MockWebServer[41907] starting to accept connections
Aug 16, 2022 6:21:27 AM okhttp3.mockwebserver.MockWebServer$4 processOneRequest
INFO: MockWebServer[41907] received request: GET / HTTP/1.1 and responded: HTTP/1.1 200 OK
Aug 16, 2022 6:21:27 AM okhttp3.mockwebserver.MockWebServer$4 processOneRequest
INFO: MockWebServer[41907] received request: GET / HTTP/1.1 and responded: HTTP/1.1 304 Redirection
Aug 16, 2022 6:21:27 AM okhttp3.mockwebserver.MockWebServer$3 acceptConnections
INFO: MockWebServer[41907] done accepting connections: Socket closed
Aug 16, 2022 6:21:27 AM okhttp3.mockwebserver.MockWebServer$3 acceptConnections
INFO: MockWebServer[35131] done accepting connections: Socket closed
Aug 16, 2022 6:21:27 AM okhttp3.mockwebserver.MockWebServer$3 execute
INFO: MockWebServer[56269] starting to accept connections
Aug 16, 2022 6:21:27 AM okhttp3.mockwebserver.MockWebServer$3 execute
INFO: MockWebServer[50151] starting to accept connections
Aug 16, 2022 6:21:27 AM okhttp3.mockwebserver.MockWebServer$4 processOneRequest
INFO: MockWebServer[50151] received request: GET / HTTP/1.1 and responded: HTTP/1.1 200 OK
Aug 16, 2022 6:21:27 AM okhttp3.mockwebserver.MockWebServer$4 processOneRequest
INFO: MockWebServer[50151] received request: GET / HTTP/1.1 and responded: HTTP/1.1 200 OK
Aug 16, 2022 6:21:27 AM okhttp3.mockwebserver.MockWebServer$3 acceptConnections
INFO: MockWebServer[50151] done accepting connections: Socket closed
Aug 16, 2022 6:21:27 AM okhttp3.mockwebserver.MockWebServer$3 acceptConnections
INFO: MockWebServer[56269] done accepting connections: Socket closed
Aug 16, 2022 6:21:27 AM okhttp3.mockwebserver.MockWebServer$3 execute
INFO: MockWebServer[35029] starting to accept connections
Aug 16, 2022 6:21:27 AM okhttp3.mockwebserver.MockWebServer$3 execute
INFO: MockWebServer[33633] starting to accept connections
Aug 16, 2022 6:21:27 AM okhttp3.mockwebserver.MockWebServer$3 acceptConnections
INFO: MockWebServer[33633] done accepting connections: Socket closed
Aug 16, 2022 6:21:27 AM okhttp3.mockwebserver.MockWebServer$3 acceptConnections
INFO: MockWebServer[35029] done accepting connections: Socket closed
Aug 16, 2022 6:21:27 AM okhttp3.mockwebserver.MockWebServer$3 execute
INFO: MockWebServer[50387] starting to accept connections
Aug 16, 2022 6:21:27 AM okhttp3.mockwebserver.MockWebServer$3 execute
INFO: MockWebServer[33127] starting to accept connections
Aug 16, 2022 6:21:28 AM okhttp3.mockwebserver.MockWebServer$4 processOneRequest
INFO: MockWebServer[33127] received request: GET / HTTP/1.1 and responded: HTTP/1.1 200 OK
Aug 16, 2022 6:21:28 AM okhttp3.mockwebserver.MockWebServer$3 acceptConnections
INFO: MockWebServer[33127] done accepting connections: Socket closed
Aug 16, 2022 6:21:28 AM okhttp3.mockwebserver.MockWebServer$4 processOneRequest
INFO: MockWebServer[33127] received request: GET / HTTP/1.1 and responded: HTTP/1.1 200 OK
Aug 16, 2022 6:21:28 AM okhttp3.mockwebserver.MockWebServer$3 acceptConnections
INFO: MockWebServer[50387] done accepting connections: Socket closed
Aug 16, 2022 6:21:29 AM okhttp3.mockwebserver.MockWebServer$3 execute
INFO: MockWebServer[56027] starting to accept connections
Aug 16, 2022 6:21:29 AM okhttp3.mockwebserver.MockWebServer$3 execute
INFO: MockWebServer[40777] starting to accept connections
Aug 16, 2022 6:21:29 AM okhttp3.mockwebserver.MockWebServer$4 processOneRequest
INFO: MockWebServer[40777] received request: GET / HTTP/1.1 and responded: HTTP/1.1 200 OK
Aug 16, 2022 6:21:29 AM okhttp3.mockwebserver.MockWebServer$4 processOneRequest
INFO: MockWebServer[40777] received request: GET / HTTP/1.1 and responded: HTTP/1.1 200 OK
Aug 16, 2022 6:21:29 AM okhttp3.mockwebserver.MockWebServer$3 acceptConnections
INFO: MockWebServer[40777] done accepting connections: Socket closed
Aug 16, 2022 6:21:29 AM okhttp3.mockwebserver.MockWebServer$3 acceptConnections
INFO: MockWebServer[56027] done accepting connections: Socket closed
Aug 16, 2022 6:21:29 AM okhttp3.mockwebserver.MockWebServer$3 execute
INFO: MockWebServer[36853] starting to accept connections
Aug 16, 2022 6:21:29 AM okhttp3.mockwebserver.MockWebServer$3 execute
INFO: MockWebServer[33767] starting to accept connections
Aug 16, 2022 6:21:29 AM okhttp3.mockwebserver.MockWebServer$4 processOneRequest
INFO: MockWebServer[33767] received request: GET / HTTP/1.1 and responded: HTTP/1.1 200 OK
Aug 16, 2022 6:21:29 AM okhttp3.mockwebserver.MockWebServer$4 processOneRequest
INFO: MockWebServer[33767] received request: GET / HTTP/1.1 and responded: HTTP/1.1 304 Redirection
Aug 16, 2022 6:21:29 AM okhttp3.mockwebserver.MockWebServer$3 acceptConnections
INFO: MockWebServer[33767] done accepting connections: Socket closed
Aug 16, 2022 6:21:29 AM okhttp3.mockwebserver.MockWebServer$3 acceptConnections
INFO: MockWebServer[36853] done accepting connections: Socket closed
Aug 16, 2022 6:21:29 AM okhttp3.mockwebserver.MockWebServer$3 execute
INFO: MockWebServer[60855] starting to accept connections
Aug 16, 2022 6:21:29 AM okhttp3.mockwebserver.MockWebServer$3 execute
INFO: MockWebServer[48585] starting to accept connections
Aug 16, 2022 6:21:29 AM okhttp3.mockwebserver.MockWebServer$4 processOneRequest
INFO: MockWebServer[48585] received request: GET / HTTP/1.1 and responded: HTTP/1.1 301 Redirection
Aug 16, 2022 6:21:29 AM okhttp3.mockwebserver.MockWebServer$FramedSocketHandler onStream
INFO: MockWebServer[60855] received request: GET / HTTP/1.1 and responded: HTTP/1.1 200 OK protocol is h2
Aug 16, 2022 6:21:29 AM okhttp3.mockwebserver.MockWebServer$3 acceptConnections
INFO: MockWebServer[48585] done accepting connections: Socket closed
Aug 16, 2022 6:21:29 AM okhttp3.mockwebserver.MockWebServer$3 acceptConnections
INFO: MockWebServer[60855] done accepting connections: Socket closed
Aug 16, 2022 6:21:29 AM okhttp3.mockwebserver.MockWebServer$3 execute
INFO: MockWebServer[45579] starting to accept connections
Aug 16, 2022 6:21:29 AM okhttp3.mockwebserver.MockWebServer$3 execute
INFO: MockWebServer[57499] starting to accept connections
Aug 16, 2022 6:21:29 AM okhttp3.mockwebserver.MockWebServer$4 processOneRequest
INFO: MockWebServer[57499] received request: GET / HTTP/1.1 and responded: HTTP/1.1 200 OK
Aug 16, 2022 6:21:29 AM okhttp3.mockwebserver.MockWebServer$4 processOneRequest
INFO: MockWebServer[57499] received request: GET / HTTP/1.1 and responded: HTTP/1.1 304 Redirection
Aug 16, 2022 6:21:29 AM okhttp3.mockwebserver.MockWebServer$3 acceptConnections
INFO: MockWebServer[57499] done accepting connections: Socket closed
Aug 16, 2022 6:21:29 AM okhttp3.mockwebserver.MockWebServer$3 acceptConnections
INFO: MockWebServer[45579] done accepting connections: Socket closed
Aug 16, 2022 6:21:29 AM okhttp3.mockwebserver.MockWebServer$3 execute
INFO: MockWebServer[38893] starting to accept connections
Aug 16, 2022 6:21:29 AM okhttp3.mockwebserver.MockWebServer$3 execute
INFO: MockWebServer[60533] starting to accept connections
Aug 16, 2022 6:21:30 AM okhttp3.mockwebserver.MockWebServer$4 processOneRequest
INFO: MockWebServer[60533] received request: GET / HTTP/1.1 and responded: HTTP/1.1 200 OK
Aug 16, 2022 6:21:30 AM okhttp3.mockwebserver.MockWebServer$3 acceptConnections
INFO: MockWebServer[60533] done accepting connections: Socket closed
Aug 16, 2022 6:21:31 AM okhttp3.mockwebserver.MockWebServer$4 processOneRequest
INFO: MockWebServer[60533] received request: GET / HTTP/1.1 and responded: HTTP/1.1 200 OK
Aug 16, 2022 6:21:31 AM okhttp3.mockwebserver.MockWebServer$3 acceptConnections
INFO: MockWebServer[38893] done accepting connections: Socket closed
Aug 16, 2022 6:21:31 AM okhttp3.mockwebserver.MockWebServer$3 execute
INFO: MockWebServer[53397] starting to accept connections
Aug 16, 2022 6:21:31 AM okhttp3.mockwebserver.MockWebServer$3 execute
INFO: MockWebServer[52661] starting to accept connections
Aug 16, 2022 6:21:31 AM okhttp3.mockwebserver.MockWebServer$4 processOneRequest
INFO: MockWebServer[52661] received request: GET / HTTP/1.1 and responded: HTTP/1.1 200 OK
Aug 16, 2022 6:21:31 AM okhttp3.mockwebserver.MockWebServer$4 processOneRequest
INFO: MockWebServer[52661] received request: GET / HTTP/1.1 and responded: HTTP/1.1 200 OK
Aug 16, 2022 6:21:31 AM okhttp3.mockwebserver.MockWebServer$3 acceptConnections
INFO: MockWebServer[52661] done accepting connections: Socket closed
Aug 16, 2022 6:21:31 AM okhttp3.mockwebserver.MockWebServer$3 acceptConnections
INFO: MockWebServer[53397] done accepting connections: Socket closed
Aug 16, 2022 6:21:31 AM okhttp3.mockwebserver.MockWebServer$3 execute
INFO: MockWebServer[57109] starting to accept connections
Aug 16, 2022 6:21:31 AM okhttp3.mockwebserver.MockWebServer$3 execute
INFO: MockWebServer[38419] starting to accept connections
Aug 16, 2022 6:21:31 AM okhttp3.mockwebserver.MockWebServer$4 processOneRequest
INFO: MockWebServer[38419] received request: GET /a HTTP/1.1 and responded: HTTP/1.1 200 OK
Aug 16, 2022 6:21:31 AM okhttp3.mockwebserver.MockWebServer$4 processOneRequest
INFO: MockWebServer[38419] received request: GET /a HTTP/1.1 and responded: HTTP/1.1 304 Redirection
Aug 16, 2022 6:21:31 AM okhttp3.mockwebserver.MockWebServer$4 processOneRequest
INFO: MockWebServer[38419] received request: GET /b HTTP/1.1 and responded: HTTP/1.1 200 OK
Aug 16, 2022 6:21:31 AM okhttp3.mockwebserver.MockWebServer$3 acceptConnections
INFO: MockWebServer[38419] done accepting connections: Socket closed
Aug 16, 2022 6:21:31 AM okhttp3.mockwebserver.MockWebServer$3 acceptConnections
INFO: MockWebServer[57109] done accepting connections: Socket closed
Aug 16, 2022 6:21:31 AM okhttp3.mockwebserver.MockWebServer$3 execute
INFO: MockWebServer[49575] starting to accept connections
Aug 16, 2022 6:21:31 AM okhttp3.mockwebserver.MockWebServer$3 execute
INFO: MockWebServer[38407] starting to accept connections
Aug 16, 2022 6:21:31 AM okhttp3.mockwebserver.MockWebServer$4 processOneRequest
INFO: MockWebServer[38407] received request: GET / HTTP/1.1 and responded: HTTP/1.1 200 OK
Aug 16, 2022 6:21:31 AM okhttp3.mockwebserver.MockWebServer$4 processOneRequest
INFO: MockWebServer[38407] received request: GET / HTTP/1.1 and responded: HTTP/1.1 200 OK
Aug 16, 2022 6:21:31 AM okhttp3.mockwebserver.MockWebServer$3 acceptConnections
INFO: MockWebServer[38407] done accepting connections: Socket closed
Aug 16, 2022 6:21:31 AM okhttp3.mockwebserver.MockWebServer$3 acceptConnections
INFO: MockWebServer[49575] done accepting connections: Socket closed
Aug 16, 2022 6:21:31 AM okhttp3.mockwebserver.MockWebServer$3 execute
INFO: MockWebServer[35023] starting to accept connections
Aug 16, 2022 6:21:31 AM okhttp3.mockwebserver.MockWebServer$3 execute
INFO: MockWebServer[36809] starting to accept connections
Aug 16, 2022 6:21:31 AM okhttp3.mockwebserver.MockWebServer$4 processOneRequest
INFO: MockWebServer[36809] received request: GET / HTTP/1.1 and responded: HTTP/1.1 200 OK
Aug 16, 2022 6:21:31 AM okhttp3.mockwebserver.MockWebServer$4 processOneRequest
INFO: MockWebServer[36809] received request: GET / HTTP/1.1 and responded: HTTP/1.1 200 OK
Aug 16, 2022 6:21:31 AM okhttp3.mockwebserver.MockWebServer$3 acceptConnections
INFO: MockWebServer[36809] done accepting connections: Socket closed
Aug 16, 2022 6:21:31 AM okhttp3.mockwebserver.MockWebServer$3 acceptConnections
INFO: MockWebServer[35023] done accepting connections: Socket closed
Aug 16, 2022 6:21:31 AM okhttp3.mockwebserver.MockWebServer$3 execute
INFO: MockWebServer[56129] starting to accept connections
Aug 16, 2022 6:21:31 AM okhttp3.mockwebserver.MockWebServer$3 execute
INFO: MockWebServer[39845] starting to accept connections
Aug 16, 2022 6:21:31 AM okhttp3.mockwebserver.MockWebServer$4 processOneRequest
INFO: MockWebServer[39845] received request: GET / HTTP/1.1 and responded: HTTP/1.1 200 OK
Aug 16, 2022 6:21:31 AM okhttp3.mockwebserver.MockWebServer$4 processOneRequest
INFO: MockWebServer[39845] received request: GET / HTTP/1.1 and responded: HTTP/1.1 304 Redirection
Aug 16, 2022 6:21:31 AM okhttp3.mockwebserver.MockWebServer$3 acceptConnections
INFO: MockWebServer[39845] done accepting connections: Socket closed
Aug 16, 2022 6:21:31 AM okhttp3.mockwebserver.MockWebServer$3 acceptConnections
INFO: MockWebServer[56129] done accepting connections: Socket closed
Aug 16, 2022 6:21:31 AM okhttp3.mockwebserver.MockWebServer$3 execute
INFO: MockWebServer[39055] starting to accept connections
Aug 16, 2022 6:21:31 AM okhttp3.mockwebserver.MockWebServer$3 execute
INFO: MockWebServer[52601] starting to accept connections
Aug 16, 2022 6:21:31 AM okhttp3.mockwebserver.MockWebServer$4 processOneRequest
INFO: MockWebServer[52601] received request: GET / HTTP/1.1 and responded: HTTP/1.1 200 OK
Aug 16, 2022 6:21:31 AM okhttp3.mockwebserver.MockWebServer$4 processOneRequest
INFO: MockWebServer[52601] received request: DELETE / HTTP/1.1 and responded: HTTP/1.1 200 OK
Aug 16, 2022 6:21:31 AM okhttp3.mockwebserver.MockWebServer$4 processOneRequest
INFO: MockWebServer[52601] received request: GET / HTTP/1.1 and responded: HTTP/1.1 200 OK
Aug 16, 2022 6:21:31 AM okhttp3.mockwebserver.MockWebServer$3 acceptConnections
INFO: MockWebServer[52601] done accepting connections: Socket closed
Aug 16, 2022 6:21:31 AM okhttp3.mockwebserver.MockWebServer$3 acceptConnections
INFO: MockWebServer[39055] done accepting connections: Socket closed
Aug 16, 2022 6:21:31 AM okhttp3.mockwebserver.MockWebServer$3 execute
INFO: MockWebServer[40561] starting to accept connections
Aug 16, 2022 6:21:31 AM okhttp3.mockwebserver.MockWebServer$3 execute
INFO: MockWebServer[45231] starting to accept connections
Aug 16, 2022 6:21:31 AM okhttp3.mockwebserver.MockWebServer$4 processOneRequest
INFO: MockWebServer[45231] received request: GET / HTTP/1.1 and responded: HTTP/1.1 304 Redirection
Aug 16, 2022 6:21:31 AM okhttp3.mockwebserver.MockWebServer$3 acceptConnections
INFO: MockWebServer[45231] done accepting connections: Socket closed
Aug 16, 2022 6:21:31 AM okhttp3.mockwebserver.MockWebServer$3 acceptConnections
INFO: MockWebServer[40561] done accepting connections: Socket closed
Aug 16, 2022 6:21:31 AM okhttp3.mockwebserver.MockWebServer$3 execute
INFO: MockWebServer[53849] starting to accept connections
Aug 16, 2022 6:21:31 AM okhttp3.mockwebserver.MockWebServer$3 execute
INFO: MockWebServer[60063] starting to accept connections
Aug 16, 2022 6:21:31 AM okhttp3.mockwebserver.MockWebServer$4 processOneRequest
INFO: MockWebServer[60063] received request: GET / HTTP/1.1 and responded: HTTP/1.1 200 OK
Aug 16, 2022 6:21:31 AM okhttp3.mockwebserver.MockWebServer$4 processOneRequest
INFO: MockWebServer[60063] received request: GET / HTTP/1.1 and responded: HTTP/1.1 304 Redirection
Aug 16, 2022 6:21:31 AM okhttp3.mockwebserver.MockWebServer$3 acceptConnections
INFO: MockWebServer[60063] done accepting connections: Socket closed
Aug 16, 2022 6:21:31 AM okhttp3.mockwebserver.MockWebServer$3 acceptConnections
INFO: MockWebServer[53849] done accepting connections: Socket closed
Aug 16, 2022 6:21:31 AM okhttp3.mockwebserver.MockWebServer$3 execute
INFO: MockWebServer[60345] starting to accept connections
Aug 16, 2022 6:21:31 AM okhttp3.mockwebserver.MockWebServer$3 execute
INFO: MockWebServer[53877] starting to accept connections
Aug 16, 2022 6:21:31 AM okhttp3.mockwebserver.MockWebServer$4 processOneRequest
INFO: MockWebServer[53877] received request: GET / HTTP/1.1 and responded: HTTP/1.1 200 OK
Aug 16, 2022 6:21:31 AM okhttp3.mockwebserver.MockWebServer$3 acceptConnections
INFO: MockWebServer[53877] done accepting connections: Socket closed
Aug 16, 2022 6:21:31 AM okhttp3.mockwebserver.MockWebServer$3 acceptConnections
INFO: MockWebServer[60345] done accepting connections: Socket closed
Aug 16, 2022 6:21:31 AM okhttp3.mockwebserver.MockWebServer$3 execute
INFO: MockWebServer[47135] starting to accept connections
Aug 16, 2022 6:21:31 AM okhttp3.mockwebserver.MockWebServer$3 execute
INFO: MockWebServer[36331] starting to accept connections
Aug 16, 2022 6:21:31 AM okhttp3.mockwebserver.MockWebServer$4 processOneRequest
INFO: MockWebServer[36331] received request: GET /valid HTTP/1.1 and responded: HTTP/1.1 200 A-OK
Aug 16, 2022 6:21:31 AM okhttp3.mockwebserver.MockWebServer$4 processOneRequest
INFO: MockWebServer[36331] received request: GET /valid HTTP/1.1 and responded: HTTP/1.1 304 Redirection
Aug 16, 2022 6:21:31 AM okhttp3.mockwebserver.MockWebServer$4 processOneRequest
INFO: MockWebServer[36331] received request: GET /invalid HTTP/1.1 and responded: HTTP/1.1 200 B-OK
Aug 16, 2022 6:21:31 AM okhttp3.mockwebserver.MockWebServer$4 processOneRequest
INFO: MockWebServer[36331] received request: GET /invalid HTTP/1.1 and responded: HTTP/1.1 200 C-OK
Aug 16, 2022 6:21:31 AM okhttp3.mockwebserver.MockWebServer$3 acceptConnections
INFO: MockWebServer[36331] done accepting connections: Socket closed
Aug 16, 2022 6:21:31 AM okhttp3.mockwebserver.MockWebServer$3 acceptConnections
INFO: MockWebServer[47135] done accepting connections: Socket closed
Aug 16, 2022 6:21:31 AM okhttp3.mockwebserver.MockWebServer$3 execute
INFO: MockWebServer[56889] starting to accept connections
Aug 16, 2022 6:21:31 AM okhttp3.mockwebserver.MockWebServer$3 execute
INFO: MockWebServer[38099] starting to accept connections
Aug 16, 2022 6:21:31 AM okhttp3.mockwebserver.MockWebServer$4 processOneRequest
INFO: MockWebServer[38099] received request: GET / HTTP/1.1 and responded: HTTP/1.1 200 OK
Aug 16, 2022 6:21:31 AM okhttp3.mockwebserver.MockWebServer$4 processOneRequest
INFO: MockWebServer[38099] received request: GET / HTTP/1.1 and responded: HTTP/1.1 200 OK
Aug 16, 2022 6:21:31 AM okhttp3.mockwebserver.MockWebServer$3 acceptConnections
INFO: MockWebServer[38099] done accepting connections: Socket closed
Aug 16, 2022 6:21:31 AM okhttp3.mockwebserver.MockWebServer$3 acceptConnections
INFO: MockWebServer[56889] done accepting connections: Socket closed
Aug 16, 2022 6:21:31 AM okhttp3.mockwebserver.MockWebServer$3 execute
INFO: MockWebServer[58329] starting to accept connections
Aug 16, 2022 6:21:31 AM okhttp3.mockwebserver.MockWebServer$3 execute
INFO: MockWebServer[37223] starting to accept connections
Aug 16, 2022 6:21:31 AM okhttp3.mockwebserver.MockWebServer$4 processOneRequest
INFO: MockWebServer[37223] received request: GET / HTTP/1.1 and responded: HTTP/1.1 200 OK
Aug 16, 2022 6:21:31 AM okhttp3.mockwebserver.MockWebServer$4 processOneRequest
INFO: MockWebServer[37223] received request: GET / HTTP/1.1 and responded: HTTP/1.1 304 Redirection
Aug 16, 2022 6:21:31 AM okhttp3.mockwebserver.MockWebServer$3 acceptConnections
INFO: MockWebServer[37223] done accepting connections: Socket closed
Aug 16, 2022 6:21:31 AM okhttp3.mockwebserver.MockWebServer$3 acceptConnections
INFO: MockWebServer[58329] done accepting connections: Socket closed
Aug 16, 2022 6:21:31 AM okhttp3.mockwebserver.MockWebServer$3 execute
INFO: MockWebServer[55903] starting to accept connections
Aug 16, 2022 6:21:31 AM okhttp3.mockwebserver.MockWebServer$3 execute
INFO: MockWebServer[44739] starting to accept connections
Aug 16, 2022 6:21:31 AM okhttp3.mockwebserver.MockWebServer$4 processOneRequest
INFO: MockWebServer[44739] received request: GET / HTTP/1.1 and responded: HTTP/1.1 200 OK
Aug 16, 2022 6:21:31 AM okhttp3.mockwebserver.MockWebServer$4 processOneRequest
INFO: MockWebServer[44739] received request: GET / HTTP/1.1 and responded: HTTP/1.1 200 OK
Aug 16, 2022 6:21:32 AM okhttp3.mockwebserver.MockWebServer$4 processOneRequest
INFO: MockWebServer[44739] received request: GET / HTTP/1.1 and responded: HTTP/1.1 200 OK
Aug 16, 2022 6:21:32 AM okhttp3.mockwebserver.MockWebServer$3 acceptConnections
INFO: MockWebServer[44739] done accepting connections: Socket closed
Aug 16, 2022 6:21:32 AM okhttp3.mockwebserver.MockWebServer$3 acceptConnections
INFO: MockWebServer[55903] done accepting connections: Socket closed
Aug 16, 2022 6:21:32 AM okhttp3.mockwebserver.MockWebServer$3 execute
INFO: MockWebServer[60715] starting to accept connections
Aug 16, 2022 6:21:32 AM okhttp3.mockwebserver.MockWebServer$3 execute
INFO: MockWebServer[49357] starting to accept connections
Aug 16, 2022 6:21:32 AM okhttp3.mockwebserver.MockWebServer$4 processOneRequest
INFO: MockWebServer[49357] received request: GET /valid HTTP/1.1 and responded: HTTP/1.1 200 A-OK
Aug 16, 2022 6:21:32 AM okhttp3.mockwebserver.MockWebServer$4 processOneRequest
INFO: MockWebServer[49357] received request: GET /valid HTTP/1.1 and responded: HTTP/1.1 304 Redirection
Aug 16, 2022 6:21:32 AM okhttp3.mockwebserver.MockWebServer$4 processOneRequest
INFO: MockWebServer[49357] received request: GET /invalid HTTP/1.1 and responded: HTTP/1.1 200 B-OK
Aug 16, 2022 6:21:32 AM okhttp3.mockwebserver.MockWebServer$4 processOneRequest
INFO: MockWebServer[49357] received request: GET /invalid HTTP/1.1 and responded: HTTP/1.1 200 C-OK
Aug 16, 2022 6:21:32 AM okhttp3.mockwebserver.MockWebServer$3 acceptConnections
INFO: MockWebServer[49357] done accepting connections: Socket closed
Aug 16, 2022 6:21:32 AM okhttp3.mockwebserver.MockWebServer$3 acceptConnections
INFO: MockWebServer[60715] done accepting connections: Socket closed
Aug 16, 2022 6:21:32 AM okhttp3.mockwebserver.MockWebServer$3 execute
INFO: MockWebServer[41857] starting to accept connections
Aug 16, 2022 6:21:32 AM okhttp3.mockwebserver.MockWebServer$3 execute
INFO: MockWebServer[47125] starting to accept connections
Aug 16, 2022 6:21:32 AM okhttp3.mockwebserver.MockWebServer$4 processOneRequest
INFO: MockWebServer[47125] received request: GET / HTTP/1.1 and responded: HTTP/1.1 200 OK
Aug 16, 2022 6:21:32 AM okhttp3.mockwebserver.MockWebServer$3 acceptConnections
INFO: MockWebServer[47125] done accepting connections: Socket closed
Aug 16, 2022 6:21:32 AM okhttp3.mockwebserver.MockWebServer$3 acceptConnections
INFO: MockWebServer[41857] done accepting connections: Socket closed
Aug 16, 2022 6:21:32 AM okhttp3.mockwebserver.MockWebServer$3 execute
INFO: MockWebServer[51705] starting to accept connections
Aug 16, 2022 6:21:32 AM okhttp3.mockwebserver.MockWebServer$3 execute
INFO: MockWebServer[45159] starting to accept connections
Aug 16, 2022 6:21:32 AM okhttp3.mockwebserver.MockWebServer$4 processOneRequest
INFO: MockWebServer[45159] received request: GET / HTTP/1.1 and responded: HTTP/1.1 206 OK
Aug 16, 2022 6:21:32 AM okhttp3.mockwebserver.MockWebServer$4 processOneRequest
INFO: MockWebServer[45159] received request: GET / HTTP/1.1 and responded: HTTP/1.1 200 OK
Aug 16, 2022 6:21:32 AM okhttp3.mockwebserver.MockWebServer$3 acceptConnections
INFO: MockWebServer[45159] done accepting connections: Socket closed
Aug 16, 2022 6:21:32 AM okhttp3.mockwebserver.MockWebServer$3 acceptConnections
INFO: MockWebServer[51705] done accepting connections: Socket closed
Aug 16, 2022 6:21:32 AM okhttp3.mockwebserver.MockWebServer$3 execute
INFO: MockWebServer[55763] starting to accept connections
Aug 16, 2022 6:21:32 AM okhttp3.mockwebserver.MockWebServer$3 execute
INFO: MockWebServer[50693] starting to accept connections
Aug 16, 2022 6:21:32 AM okhttp3.mockwebserver.MockWebServer$4 processOneRequest
INFO: MockWebServer[50693] received request: OPTIONS / HTTP/1.1 and responded: HTTP/1.1 200 OK
Aug 16, 2022 6:21:32 AM okhttp3.mockwebserver.MockWebServer$4 processOneRequest
INFO: MockWebServer[50693] received request: GET / HTTP/1.1 and responded: HTTP/1.1 200 OK
Aug 16, 2022 6:21:32 AM okhttp3.mockwebserver.MockWebServer$3 acceptConnections
INFO: MockWebServer[50693] done accepting connections: Socket closed
Aug 16, 2022 6:21:32 AM okhttp3.mockwebserver.MockWebServer$3 acceptConnections
INFO: MockWebServer[55763] done accepting connections: Socket closed
Aug 16, 2022 6:21:32 AM okhttp3.mockwebserver.MockWebServer$3 execute
INFO: MockWebServer[58943] starting to accept connections
Aug 16, 2022 6:21:32 AM okhttp3.mockwebserver.MockWebServer$3 execute
INFO: MockWebServer[44287] starting to accept connections
Aug 16, 2022 6:21:32 AM okhttp3.mockwebserver.MockWebServer$4 processOneRequest
INFO: MockWebServer[44287] received request: GET /foo HTTP/1.1 and responded: HTTP/1.1 200 OK
Aug 16, 2022 6:21:32 AM okhttp3.mockwebserver.MockWebServer$4 processOneRequest
INFO: MockWebServer[44287] received request: GET /bar HTTP/1.1 and responded: HTTP/1.1 301 Redirection
Aug 16, 2022 6:21:32 AM okhttp3.mockwebserver.MockWebServer$4 processOneRequest
INFO: MockWebServer[44287] received request: GET /baz HTTP/1.1 and responded: HTTP/1.1 200 OK
Aug 16, 2022 6:21:32 AM okhttp3.mockwebserver.MockWebServer$3 acceptConnections
INFO: MockWebServer[44287] done accepting connections: Socket closed
Aug 16, 2022 6:21:32 AM okhttp3.mockwebserver.MockWebServer$3 acceptConnections
INFO: MockWebServer[58943] done accepting connections: Socket closed
Aug 16, 2022 6:21:32 AM okhttp3.mockwebserver.MockWebServer$3 execute
INFO: MockWebServer[36769] starting to accept connections
Aug 16, 2022 6:21:32 AM okhttp3.mockwebserver.MockWebServer$3 execute
INFO: MockWebServer[49211] starting to accept connections
Aug 16, 2022 6:21:32 AM okhttp3.mockwebserver.MockWebServer$4 processOneRequest
INFO: MockWebServer[49211] received request: GET / HTTP/1.1 and responded: HTTP/1.1 200 OK
Aug 16, 2022 6:21:32 AM okhttp3.mockwebserver.MockWebServer$4 processConnection
WARNING: MockWebServer[49211] connection from /127.0.0.1 didn't make a request
Aug 16, 2022 6:21:32 AM okhttp3.mockwebserver.MockWebServer$4 processOneRequest
INFO: MockWebServer[49211] received request: GET / HTTP/1.1 and responded: HTTP/1.1 200 OK
Aug 16, 2022 6:21:32 AM okhttp3.mockwebserver.MockWebServer$3 acceptConnections
INFO: MockWebServer[49211] done accepting connections: Socket closed
Aug 16, 2022 6:21:32 AM okhttp3.mockwebserver.MockWebServer$3 acceptConnections
INFO: MockWebServer[36769] done accepting connections: Socket closed
Aug 16, 2022 6:21:32 AM okhttp3.mockwebserver.MockWebServer$3 execute
INFO: MockWebServer[41649] starting to accept connections
Aug 16, 2022 6:21:32 AM okhttp3.mockwebserver.MockWebServer$3 execute
INFO: MockWebServer[55771] starting to accept connections
Aug 16, 2022 6:21:32 AM okhttp3.mockwebserver.MockWebServer$4 processOneRequest
INFO: MockWebServer[55771] received request: GET / HTTP/1.1 and responded: HTTP/1.1 200 OK
Aug 16, 2022 6:21:32 AM okhttp3.mockwebserver.MockWebServer$3 acceptConnections
INFO: MockWebServer[55771] done accepting connections: Socket closed
Aug 16, 2022 6:21:32 AM okhttp3.mockwebserver.MockWebServer$3 acceptConnections
INFO: MockWebServer[41649] done accepting connections: Socket closed
Aug 16, 2022 6:21:32 AM okhttp3.mockwebserver.MockWebServer$3 execute
INFO: MockWebServer[50623] starting to accept connections
Aug 16, 2022 6:21:32 AM okhttp3.mockwebserver.MockWebServer$3 execute
INFO: MockWebServer[47993] starting to accept connections
Aug 16, 2022 6:21:32 AM okhttp3.mockwebserver.MockWebServer$4 processOneRequest
INFO: MockWebServer[47993] received request: GET / HTTP/1.1 and responded: HTTP/1.1 200 OK
Aug 16, 2022 6:21:32 AM okhttp3.mockwebserver.MockWebServer$4 processOneRequest
INFO: MockWebServer[47993] received request: GET / HTTP/1.1 and responded: HTTP/1.1 200 OK
Aug 16, 2022 6:21:32 AM okhttp3.mockwebserver.MockWebServer$3 acceptConnections
INFO: MockWebServer[47993] done accepting connections: Socket closed
Aug 16, 2022 6:21:32 AM okhttp3.mockwebserver.MockWebServer$3 acceptConnections
INFO: MockWebServer[50623] done accepting connections: Socket closed
Aug 16, 2022 6:21:32 AM okhttp3.mockwebserver.MockWebServer$3 execute
INFO: MockWebServer[58609] starting to accept connections
Aug 16, 2022 6:21:32 AM okhttp3.mockwebserver.MockWebServer$3 execute
INFO: MockWebServer[39519] starting to accept connections
Aug 16, 2022 6:21:32 AM okhttp3.mockwebserver.MockWebServer$3 acceptConnections
INFO: MockWebServer[39519] done accepting connections: Socket closed
Aug 16, 2022 6:21:32 AM okhttp3.mockwebserver.MockWebServer$3 acceptConnections
INFO: MockWebServer[58609] done accepting connections: Socket closed
Aug 16, 2022 6:21:32 AM okhttp3.mockwebserver.MockWebServer$3 execute
INFO: MockWebServer[59421] starting to accept connections
Aug 16, 2022 6:21:32 AM okhttp3.mockwebserver.MockWebServer$3 execute
INFO: MockWebServer[53147] starting to accept connections
Aug 16, 2022 6:21:32 AM okhttp3.mockwebserver.MockWebServer$4 processOneRequest
INFO: MockWebServer[53147] received request: GET /valid HTTP/1.1 and responded: HTTP/1.1 200 A-OK
Aug 16, 2022 6:21:32 AM okhttp3.mockwebserver.MockWebServer$4 processOneRequest
INFO: MockWebServer[53147] received request: GET /valid HTTP/1.1 and responded: HTTP/1.1 304 Redirection
Aug 16, 2022 6:21:32 AM okhttp3.mockwebserver.MockWebServer$4 processOneRequest
INFO: MockWebServer[53147] received request: GET /invalid HTTP/1.1 and responded: HTTP/1.1 200 B-OK
Aug 16, 2022 6:21:32 AM okhttp3.mockwebserver.MockWebServer$4 processOneRequest
INFO: MockWebServer[53147] received request: GET /invalid HTTP/1.1 and responded: HTTP/1.1 200 C-OK
Aug 16, 2022 6:21:32 AM okhttp3.mockwebserver.MockWebServer$3 acceptConnections
INFO: MockWebServer[53147] done accepting connections: Socket closed
Aug 16, 2022 6:21:32 AM okhttp3.mockwebserver.MockWebServer$3 acceptConnections
INFO: MockWebServer[59421] done accepting connections: Socket closed
Aug 16, 2022 6:21:32 AM okhttp3.mockwebserver.MockWebServer$3 execute
INFO: MockWebServer[55131] starting to accept connections
Aug 16, 2022 6:21:32 AM okhttp3.mockwebserver.MockWebServer$3 execute
INFO: MockWebServer[38813] starting to accept connections
Aug 16, 2022 6:21:32 AM okhttp3.mockwebserver.MockWebServer$3 execute
INFO: MockWebServer[44767] starting to accept connections
Aug 16, 2022 6:21:32 AM okhttp3.mockwebserver.MockWebServer$4 processOneRequest
INFO: MockWebServer[44767] received request: GET / HTTP/1.1 and responded: HTTP/1.1 101 Informational
Aug 16, 2022 6:21:32 AM okhttp3.mockwebserver.MockWebServer$3 acceptConnections
INFO: MockWebServer[44767] done accepting connections: Socket closed
Aug 16, 2022 6:21:32 AM okhttp3.mockwebserver.MockWebServer$3 execute
INFO: MockWebServer[46233] starting to accept connections
Aug 16, 2022 6:21:32 AM okhttp3.mockwebserver.MockWebServer$4 processOneRequest
INFO: MockWebServer[46233] received request: GET / HTTP/1.1 and responded: HTTP/1.1 102 Informational
Aug 16, 2022 6:21:32 AM okhttp3.mockwebserver.MockWebServer$3 acceptConnections
INFO: MockWebServer[46233] done accepting connections: Socket closed
Aug 16, 2022 6:21:32 AM okhttp3.mockwebserver.MockWebServer$3 execute
INFO: MockWebServer[57803] starting to accept connections
Aug 16, 2022 6:21:32 AM okhttp3.mockwebserver.MockWebServer$4 processOneRequest
INFO: MockWebServer[57803] received request: GET / HTTP/1.1 and responded: HTTP/1.1 200 OK
Aug 16, 2022 6:21:32 AM okhttp3.mockwebserver.MockWebServer$3 acceptConnections
INFO: MockWebServer[57803] done accepting connections: Socket closed
Aug 16, 2022 6:21:32 AM okhttp3.mockwebserver.MockWebServer$3 execute
INFO: MockWebServer[50125] starting to accept connections
Aug 16, 2022 6:21:32 AM okhttp3.mockwebserver.MockWebServer$4 processOneRequest
INFO: MockWebServer[50125] received request: GET / HTTP/1.1 and responded: HTTP/1.1 201 OK
Aug 16, 2022 6:21:32 AM okhttp3.mockwebserver.MockWebServer$3 acceptConnections
INFO: MockWebServer[50125] done accepting connections: Socket closed
Aug 16, 2022 6:21:32 AM okhttp3.mockwebserver.MockWebServer$3 execute
INFO: MockWebServer[56529] starting to accept connections
Aug 16, 2022 6:21:32 AM okhttp3.mockwebserver.MockWebServer$4 processOneRequest
INFO: MockWebServer[56529] received request: GET / HTTP/1.1 and responded: HTTP/1.1 202 OK
Aug 16, 2022 6:21:32 AM okhttp3.mockwebserver.MockWebServer$3 acceptConnections
INFO: MockWebServer[56529] done accepting connections: Socket closed
Aug 16, 2022 6:21:32 AM okhttp3.mockwebserver.MockWebServer$3 execute
INFO: MockWebServer[47881] starting to accept connections
Aug 16, 2022 6:21:32 AM okhttp3.mockwebserver.MockWebServer$4 processOneRequest
INFO: MockWebServer[47881] received request: GET / HTTP/1.1 and responded: HTTP/1.1 203 OK
Aug 16, 2022 6:21:32 AM okhttp3.mockwebserver.MockWebServer$3 acceptConnections
INFO: MockWebServer[47881] done accepting connections: Socket closed
Aug 16, 2022 6:21:32 AM okhttp3.mockwebserver.MockWebServer$3 execute
INFO: MockWebServer[39533] starting to accept connections
Aug 16, 2022 6:21:32 AM okhttp3.mockwebserver.MockWebServer$4 processOneRequest
INFO: MockWebServer[39533] received request: GET / HTTP/1.1 and responded: HTTP/1.1 204 OK
Aug 16, 2022 6:21:32 AM okhttp3.mockwebserver.MockWebServer$3 acceptConnections
INFO: MockWebServer[38813] done accepting connections: Socket closed
Aug 16, 2022 6:21:32 AM okhttp3.mockwebserver.MockWebServer$3 acceptConnections
INFO: MockWebServer[55131] done accepting connections: Socket closed
Aug 16, 2022 6:21:32 AM okhttp3.mockwebserver.MockWebServer$3 execute
INFO: MockWebServer[56381] starting to accept connections
Aug 16, 2022 6:21:32 AM okhttp3.mockwebserver.MockWebServer$3 execute
INFO: MockWebServer[58253] starting to accept connections
Aug 16, 2022 6:21:32 AM okhttp3.mockwebserver.MockWebServer$4 processOneRequest
INFO: MockWebServer[58253] received request: GET / HTTP/1.1 and responded: HTTP/1.1 200 OK
Aug 16, 2022 6:21:32 AM okhttp3.mockwebserver.MockWebServer$4 processConnection
WARNING: MockWebServer[58253] connection from /127.0.0.1 didn't make a request
Aug 16, 2022 6:21:32 AM okhttp3.mockwebserver.MockWebServer$4 processOneRequest
INFO: MockWebServer[58253] received request: GET / HTTP/1.1 and responded: HTTP/1.1 200 OK
Aug 16, 2022 6:21:32 AM okhttp3.mockwebserver.MockWebServer$3 acceptConnections
INFO: MockWebServer[58253] done accepting connections: Socket closed
Aug 16, 2022 6:21:32 AM okhttp3.mockwebserver.MockWebServer$3 acceptConnections
INFO: MockWebServer[56381] done accepting connections: Socket closed
Aug 16, 2022 6:21:32 AM okhttp3.mockwebserver.MockWebServer$3 execute
INFO: MockWebServer[48101] starting to accept connections
Aug 16, 2022 6:21:32 AM okhttp3.mockwebserver.MockWebServer$3 execute
INFO: MockWebServer[36895] starting to accept connections
Aug 16, 2022 6:21:32 AM okhttp3.mockwebserver.MockWebServer$4 processOneRequest
INFO: MockWebServer[36895] received request: GET / HTTP/1.1 and responded: HTTP/1.1 200 OK
Aug 16, 2022 6:21:32 AM okhttp3.mockwebserver.MockWebServer$3 acceptConnections
INFO: MockWebServer[36895] done accepting connections: Socket closed
Aug 16, 2022 6:21:32 AM okhttp3.mockwebserver.MockWebServer$3 acceptConnections
INFO: MockWebServer[48101] done accepting connections: Socket closed
Aug 16, 2022 6:21:32 AM okhttp3.mockwebserver.MockWebServer$3 execute
INFO: MockWebServer[60669] starting to accept connections
Aug 16, 2022 6:21:32 AM okhttp3.mockwebserver.MockWebServer$3 execute
INFO: MockWebServer[46681] starting to accept connections
Aug 16, 2022 6:21:32 AM okhttp3.mockwebserver.MockWebServer$4 processOneRequest
INFO: MockWebServer[46681] received request: TRACE / HTTP/1.1 and responded: HTTP/1.1 200 OK
Aug 16, 2022 6:21:32 AM okhttp3.mockwebserver.MockWebServer$4 processOneRequest
INFO: MockWebServer[46681] received request: GET / HTTP/1.1 and responded: HTTP/1.1 200 OK
Aug 16, 2022 6:21:32 AM okhttp3.mockwebserver.MockWebServer$3 acceptConnections
INFO: MockWebServer[46681] done accepting connections: Socket closed
Aug 16, 2022 6:21:32 AM okhttp3.mockwebserver.MockWebServer$3 acceptConnections
INFO: MockWebServer[60669] done accepting connections: Socket closed
Aug 16, 2022 6:21:32 AM okhttp3.mockwebserver.MockWebServer$3 execute
INFO: MockWebServer[42499] starting to accept connections
Aug 16, 2022 6:21:32 AM okhttp3.mockwebserver.MockWebServer$3 execute
INFO: MockWebServer[37687] starting to accept connections
Aug 16, 2022 6:21:32 AM okhttp3.mockwebserver.MockWebServer$4 processOneRequest
INFO: MockWebServer[37687] received request: DELETE / HTTP/1.1 and responded: HTTP/1.1 200 OK
Aug 16, 2022 6:21:32 AM okhttp3.mockwebserver.MockWebServer$4 processOneRequest
INFO: MockWebServer[37687] received request: GET / HTTP/1.1 and responded: HTTP/1.1 200 OK
Aug 16, 2022 6:21:32 AM okhttp3.mockwebserver.MockWebServer$3 acceptConnections
INFO: MockWebServer[37687] done accepting connections: Socket closed
Aug 16, 2022 6:21:32 AM okhttp3.mockwebserver.MockWebServer$3 acceptConnections
INFO: MockWebServer[42499] done accepting connections: Socket closed
Aug 16, 2022 6:21:32 AM okhttp3.mockwebserver.MockWebServer$3 execute
INFO: MockWebServer[48005] starting to accept connections
Aug 16, 2022 6:21:32 AM okhttp3.mockwebserver.MockWebServer$3 execute
INFO: MockWebServer[58395] starting to accept connections
Aug 16, 2022 6:21:32 AM okhttp3.mockwebserver.MockWebServer$4 processOneRequest
INFO: MockWebServer[58395] received request: GET / HTTP/1.1 and responded: HTTP/1.1 200 OK
Aug 16, 2022 6:21:32 AM okhttp3.mockwebserver.MockWebServer$3 acceptConnections
INFO: MockWebServer[58395] done accepting connections: Socket closed
Aug 16, 2022 6:21:32 AM okhttp3.mockwebserver.MockWebServer$3 acceptConnections
INFO: MockWebServer[48005] done accepting connections: Socket closed
Aug 16, 2022 6:21:32 AM okhttp3.mockwebserver.MockWebServer$3 execute
INFO: MockWebServer[34213] starting to accept connections
Aug 16, 2022 6:21:32 AM okhttp3.mockwebserver.MockWebServer$3 execute
INFO: MockWebServer[59619] starting to accept connections
Aug 16, 2022 6:21:32 AM okhttp3.mockwebserver.MockWebServer$4 processOneRequest
INFO: MockWebServer[59619] received request: GET / HTTP/1.1 and responded: HTTP/1.1 200 OK
Aug 16, 2022 6:21:32 AM okhttp3.mockwebserver.MockWebServer$4 processOneRequest
INFO: MockWebServer[59619] received request: GET / HTTP/1.1 and responded: HTTP/1.1 304 Redirection
Aug 16, 2022 6:21:32 AM okhttp3.mockwebserver.MockWebServer$3 acceptConnections
INFO: MockWebServer[59619] done accepting connections: Socket closed
Aug 16, 2022 6:21:32 AM okhttp3.mockwebserver.MockWebServer$3 acceptConnections
INFO: MockWebServer[34213] done accepting connections: Socket closed
Aug 16, 2022 6:21:32 AM okhttp3.mockwebserver.MockWebServer$3 execute
INFO: MockWebServer[60909] starting to accept connections
Aug 16, 2022 6:21:32 AM okhttp3.mockwebserver.MockWebServer$3 execute
INFO: MockWebServer[42225] starting to accept connections
Aug 16, 2022 6:21:32 AM okhttp3.mockwebserver.MockWebServer$4 processOneRequest
INFO: MockWebServer[42225] received request: GET /valid HTTP/1.1 and responded: HTTP/1.1 200 A-OK
Aug 16, 2022 6:21:32 AM okhttp3.mockwebserver.MockWebServer$4 processOneRequest
INFO: MockWebServer[42225] received request: GET /valid HTTP/1.1 and responded: HTTP/1.1 304 Redirection
Aug 16, 2022 6:21:32 AM okhttp3.mockwebserver.MockWebServer$4 processOneRequest
INFO: MockWebServer[42225] received request: GET /invalid HTTP/1.1 and responded: HTTP/1.1 200 B-OK
Aug 16, 2022 6:21:32 AM okhttp3.mockwebserver.MockWebServer$4 processOneRequest
INFO: MockWebServer[42225] received request: GET /invalid HTTP/1.1 and responded: HTTP/1.1 200 C-OK
Aug 16, 2022 6:21:32 AM okhttp3.mockwebserver.MockWebServer$3 acceptConnections
INFO: MockWebServer[42225] done accepting connections: Socket closed
Aug 16, 2022 6:21:32 AM okhttp3.mockwebserver.MockWebServer$3 acceptConnections
INFO: MockWebServer[60909] done accepting connections: Socket closed
Aug 16, 2022 6:21:32 AM okhttp3.mockwebserver.MockWebServer$3 execute
INFO: MockWebServer[51767] starting to accept connections
Aug 16, 2022 6:21:32 AM okhttp3.mockwebserver.MockWebServer$3 execute
INFO: MockWebServer[39801] starting to accept connections
Aug 16, 2022 6:21:32 AM okhttp3.mockwebserver.MockWebServer$4 processOneRequest
INFO: MockWebServer[39801] received request: GET / HTTP/1.1 and responded: HTTP/1.1 200 OK
Aug 16, 2022 6:21:32 AM okhttp3.mockwebserver.MockWebServer$3 acceptConnections
INFO: MockWebServer[39801] done accepting connections: Socket closed
Aug 16, 2022 6:21:32 AM okhttp3.mockwebserver.MockWebServer$3 acceptConnections
INFO: MockWebServer[51767] done accepting connections: Socket closed
Aug 16, 2022 6:21:32 AM okhttp3.mockwebserver.MockWebServer$3 execute
INFO: MockWebServer[53563] starting to accept connections
Aug 16, 2022 6:21:32 AM okhttp3.mockwebserver.MockWebServer$3 execute
INFO: MockWebServer[49455] starting to accept connections
Aug 16, 2022 6:21:32 AM okhttp3.mockwebserver.MockWebServer$4 processOneRequest
INFO: MockWebServer[49455] received request: GET / HTTP/1.1 and responded: HTTP/1.1 200 Fantastic
Aug 16, 2022 6:21:32 AM okhttp3.mockwebserver.MockWebServer$3 acceptConnections
INFO: MockWebServer[49455] done accepting connections: Socket closed
Aug 16, 2022 6:21:32 AM okhttp3.mockwebserver.MockWebServer$3 acceptConnections
INFO: MockWebServer[53563] done accepting connections: Socket closed
Aug 16, 2022 6:21:32 AM okhttp3.mockwebserver.MockWebServer$3 execute
INFO: MockWebServer[53703] starting to accept connections
Aug 16, 2022 6:21:32 AM okhttp3.mockwebserver.MockWebServer$3 execute
INFO: MockWebServer[37931] starting to accept connections
Aug 16, 2022 6:21:33 AM okhttp3.mockwebserver.MockWebServer$4 processOneRequest
INFO: MockWebServer[37931] received request: GET / HTTP/1.1 and responded: HTTP/1.1 301 Redirection
Aug 16, 2022 6:21:33 AM okhttp3.mockwebserver.MockWebServer$4 processOneRequest
INFO: MockWebServer[37931] received request: GET /foo HTTP/1.1 and responded: HTTP/1.1 200 OK
Aug 16, 2022 6:21:33 AM okhttp3.mockwebserver.MockWebServer$3 acceptConnections
INFO: MockWebServer[37931] done accepting connections: Socket closed
Aug 16, 2022 6:21:33 AM okhttp3.mockwebserver.MockWebServer$3 acceptConnections
INFO: MockWebServer[53703] done accepting connections: Socket closed
Aug 16, 2022 6:21:33 AM okhttp3.mockwebserver.MockWebServer$3 execute
INFO: MockWebServer[53271] starting to accept connections
Aug 16, 2022 6:21:33 AM okhttp3.mockwebserver.MockWebServer$3 execute
INFO: MockWebServer[41283] starting to accept connections
Aug 16, 2022 6:21:33 AM okhttp3.mockwebserver.MockWebServer$4 processOneRequest
INFO: MockWebServer[41283] received request: GET / HTTP/1.1 and responded: HTTP/1.1 200 OK
Aug 16, 2022 6:21:33 AM okhttp3.mockwebserver.MockWebServer$3 acceptConnections
INFO: MockWebServer[41283] done accepting connections: Socket closed
Aug 16, 2022 6:21:33 AM okhttp3.mockwebserver.MockWebServer$3 acceptConnections
INFO: MockWebServer[53271] done accepting connections: Socket closed
Aug 16, 2022 6:21:33 AM okhttp3.mockwebserver.MockWebServer$3 execute
INFO: MockWebServer[32905] starting to accept connections
Aug 16, 2022 6:21:33 AM okhttp3.mockwebserver.MockWebServer$3 execute
INFO: MockWebServer[35391] starting to accept connections
Aug 16, 2022 6:21:33 AM okhttp3.mockwebserver.MockWebServer$4 processOneRequest
INFO: MockWebServer[35391] received request: GET / HTTP/1.1 and responded: HTTP/1.1 200 OK
Aug 16, 2022 6:21:33 AM okhttp3.mockwebserver.MockWebServer$3 acceptConnections
INFO: MockWebServer[35391] done accepting connections: Socket closed
Aug 16, 2022 6:21:33 AM okhttp3.mockwebserver.MockWebServer$3 acceptConnections
INFO: MockWebServer[32905] done accepting connections: Socket closed
Aug 16, 2022 6:21:33 AM okhttp3.mockwebserver.MockWebServer$3 execute
INFO: MockWebServer[52615] starting to accept connections
Aug 16, 2022 6:21:33 AM okhttp3.mockwebserver.MockWebServer$3 execute
INFO: MockWebServer[40961] starting to accept connections
Aug 16, 2022 6:21:33 AM okhttp3.mockwebserver.MockWebServer$4 processOneRequest
INFO: MockWebServer[40961] received request: GET / HTTP/1.1 and responded: HTTP/1.1 200 OK
Aug 16, 2022 6:21:33 AM okhttp3.mockwebserver.MockWebServer$3 acceptConnections
INFO: MockWebServer[40961] done accepting connections: Socket closed
Aug 16, 2022 6:21:33 AM okhttp3.mockwebserver.MockWebServer$3 acceptConnections
INFO: MockWebServer[52615] done accepting connections: Socket closed
Aug 16, 2022 6:21:33 AM okhttp3.mockwebserver.MockWebServer$3 execute
INFO: MockWebServer[38531] starting to accept connections
Aug 16, 2022 6:21:33 AM okhttp3.mockwebserver.MockWebServer$3 execute
INFO: MockWebServer[51459] starting to accept connections
Aug 16, 2022 6:21:33 AM okhttp3.mockwebserver.MockWebServer$4 processOneRequest
INFO: MockWebServer[51459] received request: GET / HTTP/1.1 and responded: HTTP/1.1 200 OK
Aug 16, 2022 6:21:33 AM okhttp3.mockwebserver.MockWebServer$4 processOneRequest
INFO: MockWebServer[51459] received request: POST / HTTP/1.1 and responded: HTTP/1.1 500 Server Error
Aug 16, 2022 6:21:33 AM okhttp3.mockwebserver.MockWebServer$4 processOneRequest
INFO: MockWebServer[51459] received request: GET / HTTP/1.1 and responded: HTTP/1.1 200 OK
Aug 16, 2022 6:21:33 AM okhttp3.mockwebserver.MockWebServer$3 acceptConnections
INFO: MockWebServer[51459] done accepting connections: Socket closed
Aug 16, 2022 6:21:33 AM okhttp3.mockwebserver.MockWebServer$3 acceptConnections
INFO: MockWebServer[38531] done accepting connections: Socket closed
Aug 16, 2022 6:21:33 AM okhttp3.mockwebserver.MockWebServer$3 execute
INFO: MockWebServer[53065] starting to accept connections
Aug 16, 2022 6:21:33 AM okhttp3.mockwebserver.MockWebServer$3 execute
INFO: MockWebServer[58503] starting to accept connections
Aug 16, 2022 6:21:33 AM okhttp3.mockwebserver.MockWebServer$4 processOneRequest
INFO: MockWebServer[58503] received request: GET / HTTP/1.1 and responded: HTTP/1.1 200 OK
Aug 16, 2022 6:21:33 AM okhttp3.mockwebserver.MockWebServer$3 acceptConnections
INFO: MockWebServer[58503] done accepting connections: Socket closed
Aug 16, 2022 6:21:33 AM okhttp3.mockwebserver.MockWebServer$3 acceptConnections
INFO: MockWebServer[53065] done accepting connections: Socket closed
Aug 16, 2022 6:21:33 AM okhttp3.mockwebserver.MockWebServer$3 execute
INFO: MockWebServer[37457] starting to accept connections
Aug 16, 2022 6:21:33 AM okhttp3.mockwebserver.MockWebServer$3 execute
INFO: MockWebServer[37215] starting to accept connections
Aug 16, 2022 6:21:33 AM okhttp3.mockwebserver.MockWebServer$4 processOneRequest
INFO: MockWebServer[37215] received request: GET / HTTP/1.1 and responded: HTTP/1.1 301 Redirection
Aug 16, 2022 6:21:33 AM okhttp3.mockwebserver.MockWebServer$4 processOneRequest
INFO: MockWebServer[37215] received request: GET /foo HTTP/1.1 and responded: HTTP/1.1 200 OK
Aug 16, 2022 6:21:33 AM okhttp3.mockwebserver.MockWebServer$3 acceptConnections
INFO: MockWebServer[37215] done accepting connections: Socket closed
Aug 16, 2022 6:21:33 AM okhttp3.mockwebserver.MockWebServer$3 acceptConnections
INFO: MockWebServer[37457] done accepting connections: Socket closed
Aug 16, 2022 6:21:33 AM okhttp3.mockwebserver.MockWebServer$3 execute
INFO: MockWebServer[56637] starting to accept connections
Aug 16, 2022 6:21:33 AM okhttp3.mockwebserver.MockWebServer$3 execute
INFO: MockWebServer[38023] starting to accept connections
Aug 16, 2022 6:21:33 AM okhttp3.mockwebserver.MockWebServer$4 processOneRequest
INFO: MockWebServer[38023] received request: GET /valid HTTP/1.1 and responded: HTTP/1.1 200 A-OK
Aug 16, 2022 6:21:33 AM okhttp3.mockwebserver.MockWebServer$4 processOneRequest
INFO: MockWebServer[38023] received request: GET /valid HTTP/1.1 and responded: HTTP/1.1 304 Redirection
Aug 16, 2022 6:21:33 AM okhttp3.mockwebserver.MockWebServer$4 processOneRequest
INFO: MockWebServer[38023] received request: GET /invalid HTTP/1.1 and responded: HTTP/1.1 200 B-OK
Aug 16, 2022 6:21:33 AM okhttp3.mockwebserver.MockWebServer$4 processOneRequest
INFO: MockWebServer[38023] received request: GET /invalid HTTP/1.1 and responded: HTTP/1.1 200 C-OK
Aug 16, 2022 6:21:33 AM okhttp3.mockwebserver.MockWebServer$3 acceptConnections
INFO: MockWebServer[38023] done accepting connections: Socket closed
Aug 16, 2022 6:21:33 AM okhttp3.mockwebserver.MockWebServer$3 acceptConnections
INFO: MockWebServer[56637] done accepting connections: Socket closed
Aug 16, 2022 6:21:33 AM okhttp3.mockwebserver.MockWebServer$3 execute
INFO: MockWebServer[59403] starting to accept connections
Aug 16, 2022 6:21:33 AM okhttp3.mockwebserver.MockWebServer$3 execute
INFO: MockWebServer[39639] starting to accept connections
Aug 16, 2022 6:21:33 AM okhttp3.mockwebserver.MockWebServer$4 processOneRequest
INFO: MockWebServer[39639] received request: GET / HTTP/1.1 and responded: HTTP/1.1 200 OK
Aug 16, 2022 6:21:33 AM okhttp3.mockwebserver.MockWebServer$3 acceptConnections
INFO: MockWebServer[39639] done accepting connections: Socket closed
Aug 16, 2022 6:21:33 AM okhttp3.mockwebserver.MockWebServer$3 acceptConnections
INFO: MockWebServer[59403] done accepting connections: Socket closed
Aug 16, 2022 6:21:33 AM okhttp3.mockwebserver.MockWebServer$3 execute
INFO: MockWebServer[44853] starting to accept connections
Aug 16, 2022 6:21:33 AM okhttp3.mockwebserver.MockWebServer$3 execute
INFO: MockWebServer[44061] starting to accept connections
Aug 16, 2022 6:21:33 AM okhttp3.mockwebserver.MockWebServer$4 processOneRequest
INFO: MockWebServer[44061] received request: GET / HTTP/1.1 and responded: HTTP/1.1 200 OK
Aug 16, 2022 6:21:33 AM okhttp3.mockwebserver.MockWebServer$4 processOneRequest
INFO: MockWebServer[44061] received request: GET / HTTP/1.1 and responded: HTTP/1.1 304 Redirection
Aug 16, 2022 6:21:33 AM okhttp3.mockwebserver.MockWebServer$3 acceptConnections
INFO: MockWebServer[44061] done accepting connections: Socket closed
Aug 16, 2022 6:21:33 AM okhttp3.mockwebserver.MockWebServer$3 acceptConnections
INFO: MockWebServer[44853] done accepting connections: Socket closed
Aug 16, 2022 6:21:33 AM okhttp3.mockwebserver.MockWebServer$3 execute
INFO: MockWebServer[48143] starting to accept connections
Aug 16, 2022 6:21:33 AM okhttp3.mockwebserver.MockWebServer$3 execute
INFO: MockWebServer[36373] starting to accept connections
Aug 16, 2022 6:21:33 AM okhttp3.mockwebserver.MockWebServer$4 processOneRequest
INFO: MockWebServer[36373] received request: GET / HTTP/1.1 and responded: HTTP/1.1 200 OK
Aug 16, 2022 6:21:33 AM okhttp3.mockwebserver.MockWebServer$3 acceptConnections
INFO: MockWebServer[36373] done accepting connections: Socket closed
Aug 16, 2022 6:21:33 AM okhttp3.mockwebserver.MockWebServer$3 acceptConnections
INFO: MockWebServer[48143] done accepting connections: Socket closed
Aug 16, 2022 6:21:33 AM okhttp3.mockwebserver.MockWebServer$3 execute
INFO: MockWebServer[46423] starting to accept connections
Aug 16, 2022 6:21:33 AM okhttp3.mockwebserver.MockWebServer$3 execute
INFO: MockWebServer[51691] starting to accept connections
Aug 16, 2022 6:21:33 AM okhttp3.mockwebserver.MockWebServer$4 processOneRequest
INFO: MockWebServer[51691] received request: GET / HTTP/1.1 and responded: HTTP/1.1 200 OK
Aug 16, 2022 6:21:33 AM okhttp3.mockwebserver.MockWebServer$3 acceptConnections
INFO: MockWebServer[51691] done accepting connections: Socket closed
Aug 16, 2022 6:21:33 AM okhttp3.mockwebserver.MockWebServer$3 acceptConnections
INFO: MockWebServer[46423] done accepting connections: Socket closed
Aug 16, 2022 6:21:33 AM okhttp3.mockwebserver.MockWebServer$3 execute
INFO: MockWebServer[53603] starting to accept connections
Aug 16, 2022 6:21:33 AM okhttp3.mockwebserver.MockWebServer$3 execute
INFO: MockWebServer[49209] starting to accept connections
Aug 16, 2022 6:21:33 AM okhttp3.mockwebserver.MockWebServer$4 processOneRequest
INFO: MockWebServer[49209] received request: GET / HTTP/1.1 and responded: HTTP/1.1 200 OK
Aug 16, 2022 6:21:33 AM okhttp3.mockwebserver.MockWebServer$4 processOneRequest
INFO: MockWebServer[49209] received request: GET / HTTP/1.1 and responded: HTTP/1.1 200 OK
Aug 16, 2022 6:21:33 AM okhttp3.mockwebserver.MockWebServer$3 acceptConnections
INFO: MockWebServer[49209] done accepting connections: Socket closed
Aug 16, 2022 6:21:33 AM okhttp3.mockwebserver.MockWebServer$3 acceptConnections
INFO: MockWebServer[53603] done accepting connections: Socket closed
Aug 16, 2022 6:21:33 AM okhttp3.mockwebserver.MockWebServer$3 execute
INFO: MockWebServer[52803] starting to accept connections
Aug 16, 2022 6:21:33 AM okhttp3.mockwebserver.MockWebServer$3 execute
INFO: MockWebServer[40883] starting to accept connections
Aug 16, 2022 6:21:33 AM okhttp3.mockwebserver.MockWebServer$4 processOneRequest
INFO: MockWebServer[40883] received request: GET / HTTP/1.1 and responded: HTTP/1.1 200 OK
Aug 16, 2022 6:21:33 AM okhttp3.mockwebserver.MockWebServer$3 acceptConnections
INFO: MockWebServer[40883] done accepting connections: Socket closed
Aug 16, 2022 6:21:33 AM okhttp3.mockwebserver.MockWebServer$3 acceptConnections
INFO: MockWebServer[52803] done accepting connections: Socket closed
Aug 16, 2022 6:21:33 AM okhttp3.mockwebserver.MockWebServer$3 execute
INFO: MockWebServer[34179] starting to accept connections
Aug 16, 2022 6:21:33 AM okhttp3.mockwebserver.MockWebServer$3 execute
INFO: MockWebServer[53973] starting to accept connections
Aug 16, 2022 6:21:33 AM okhttp3.mockwebserver.MockWebServer$4 processOneRequest
INFO: MockWebServer[53973] received request: GET / HTTP/1.1 and responded: HTTP/1.1 200 OK
Aug 16, 2022 6:21:33 AM okhttp3.mockwebserver.MockWebServer$3 acceptConnections
INFO: MockWebServer[53973] done accepting connections: Socket closed
Aug 16, 2022 6:21:33 AM okhttp3.mockwebserver.MockWebServer$3 acceptConnections
INFO: MockWebServer[34179] done accepting connections: Socket closed
Aug 16, 2022 6:21:33 AM okhttp3.mockwebserver.MockWebServer$3 execute
INFO: MockWebServer[36229] starting to accept connections
Aug 16, 2022 6:21:33 AM okhttp3.mockwebserver.MockWebServer$3 execute
INFO: MockWebServer[33757] starting to accept connections
Aug 16, 2022 6:21:33 AM okhttp3.mockwebserver.MockWebServer$4 processOneRequest
INFO: MockWebServer[33757] received request: GET / HTTP/1.1 and responded: HTTP/1.1 200 OK
Aug 16, 2022 6:21:33 AM okhttp3.mockwebserver.MockWebServer$3 acceptConnections
INFO: MockWebServer[33757] done accepting connections: Socket closed
Aug 16, 2022 6:21:33 AM okhttp3.mockwebserver.MockWebServer$3 acceptConnections
INFO: MockWebServer[36229] done accepting connections: Socket closed
Aug 16, 2022 6:21:33 AM okhttp3.mockwebserver.MockWebServer$3 execute
INFO: MockWebServer[46573] starting to accept connections
Aug 16, 2022 6:21:33 AM okhttp3.mockwebserver.MockWebServer$3 execute
INFO: MockWebServer[35235] starting to accept connections
Aug 16, 2022 6:21:33 AM okhttp3.mockwebserver.MockWebServer$4 processOneRequest
INFO: MockWebServer[35235] received request: GET / HTTP/1.1 and responded: HTTP/1.1 200 OK
Aug 16, 2022 6:21:33 AM okhttp3.mockwebserver.MockWebServer$3 acceptConnections
INFO: MockWebServer[35235] done accepting connections: Socket closed
Aug 16, 2022 6:21:33 AM okhttp3.mockwebserver.MockWebServer$3 acceptConnections
INFO: MockWebServer[46573] done accepting connections: Socket closed
Aug 16, 2022 6:21:33 AM okhttp3.mockwebserver.MockWebServer$3 execute
INFO: MockWebServer[34355] starting to accept connections
Aug 16, 2022 6:21:33 AM okhttp3.mockwebserver.MockWebServer$3 execute
INFO: MockWebServer[34223] starting to accept connections
Aug 16, 2022 6:21:33 AM okhttp3.mockwebserver.MockWebServer$4 processOneRequest
INFO: MockWebServer[34223] received request: GET / HTTP/1.1 and responded: HTTP/1.1 200 OK
Aug 16, 2022 6:21:33 AM okhttp3.mockwebserver.MockWebServer$3 acceptConnections
INFO: MockWebServer[34223] done accepting connections: Socket closed
Aug 16, 2022 6:21:33 AM okhttp3.mockwebserver.MockWebServer$3 acceptConnections
INFO: MockWebServer[34355] done accepting connections: Socket closed
Aug 16, 2022 6:21:33 AM okhttp3.mockwebserver.MockWebServer$3 execute
INFO: MockWebServer[38447] starting to accept connections
Aug 16, 2022 6:21:33 AM okhttp3.mockwebserver.MockWebServer$3 execute
INFO: MockWebServer[38519] starting to accept connections
Aug 16, 2022 6:21:33 AM okhttp3.mockwebserver.MockWebServer$4 processOneRequest
INFO: MockWebServer[38519] received request: GET / HTTP/1.1 and responded: HTTP/1.1 200 OK
Aug 16, 2022 6:21:33 AM okhttp3.mockwebserver.MockWebServer$3 acceptConnections
INFO: MockWebServer[38519] done accepting connections: Socket closed
Aug 16, 2022 6:21:33 AM okhttp3.mockwebserver.MockWebServer$3 acceptConnections
INFO: MockWebServer[38447] done accepting connections: Socket closed
Aug 16, 2022 6:21:33 AM okhttp3.mockwebserver.MockWebServer$3 execute
INFO: MockWebServer[51243] starting to accept connections
Aug 16, 2022 6:21:33 AM okhttp3.mockwebserver.MockWebServer$3 execute
INFO: MockWebServer[47257] starting to accept connections
Aug 16, 2022 6:21:33 AM okhttp3.mockwebserver.MockWebServer$4 processOneRequest
INFO: MockWebServer[47257] received request: GET / HTTP/1.1 and responded: HTTP/1.1 200 OK
Aug 16, 2022 6:21:33 AM okhttp3.mockwebserver.MockWebServer$3 acceptConnections
INFO: MockWebServer[47257] done accepting connections: Socket closed
Aug 16, 2022 6:21:33 AM okhttp3.mockwebserver.MockWebServer$3 acceptConnections
INFO: MockWebServer[51243] done accepting connections: Socket closed
Aug 16, 2022 6:21:33 AM okhttp3.mockwebserver.MockWebServer$3 execute
INFO: MockWebServer[38669] starting to accept connections
Aug 16, 2022 6:21:33 AM okhttp3.mockwebserver.MockWebServer$3 execute
INFO: MockWebServer[56899] starting to accept connections
Aug 16, 2022 6:21:33 AM okhttp3.mockwebserver.MockWebServer$4 processOneRequest
INFO: MockWebServer[56899] received request: GET /valid HTTP/1.1 and responded: HTTP/1.1 200 A-OK
Aug 16, 2022 6:21:33 AM okhttp3.mockwebserver.MockWebServer$4 processOneRequest
INFO: MockWebServer[56899] received request: GET /valid HTTP/1.1 and responded: HTTP/1.1 304 Redirection
Aug 16, 2022 6:21:33 AM okhttp3.mockwebserver.MockWebServer$4 processOneRequest
INFO: MockWebServer[56899] received request: GET /invalid HTTP/1.1 and responded: HTTP/1.1 200 B-OK
Aug 16, 2022 6:21:33 AM okhttp3.mockwebserver.MockWebServer$4 processOneRequest
INFO: MockWebServer[56899] received request: GET /invalid HTTP/1.1 and responded: HTTP/1.1 200 C-OK
Aug 16, 2022 6:21:33 AM okhttp3.mockwebserver.MockWebServer$3 acceptConnections
INFO: MockWebServer[56899] done accepting connections: Socket closed
Aug 16, 2022 6:21:33 AM okhttp3.mockwebserver.MockWebServer$3 acceptConnections
INFO: MockWebServer[38669] done accepting connections: Socket closed
Aug 16, 2022 6:21:33 AM okhttp3.mockwebserver.MockWebServer$3 execute
INFO: MockWebServer[54769] starting to accept connections
Aug 16, 2022 6:21:33 AM okhttp3.mockwebserver.MockWebServer$3 execute
INFO: MockWebServer[47665] starting to accept connections
Aug 16, 2022 6:21:33 AM okhttp3.mockwebserver.MockWebServer$4 processOneRequest
INFO: MockWebServer[47665] received request: GET / HTTP/1.1 and responded: HTTP/1.1 200 OK
Aug 16, 2022 6:21:33 AM okhttp3.mockwebserver.MockWebServer$4 processOneRequest
INFO: MockWebServer[47665] received request: GET / HTTP/1.1 and responded: HTTP/1.1 200 OK
Aug 16, 2022 6:21:33 AM okhttp3.mockwebserver.MockWebServer$3 acceptConnections
INFO: MockWebServer[47665] done accepting connections: Socket closed
Aug 16, 2022 6:21:33 AM okhttp3.mockwebserver.MockWebServer$3 acceptConnections
INFO: MockWebServer[54769] done accepting connections: Socket closed
Aug 16, 2022 6:21:33 AM okhttp3.mockwebserver.MockWebServer$3 execute
INFO: MockWebServer[52577] starting to accept connections
Aug 16, 2022 6:21:33 AM okhttp3.mockwebserver.MockWebServer$3 execute
INFO: MockWebServer[56545] starting to accept connections
Aug 16, 2022 6:21:33 AM okhttp3.mockwebserver.MockWebServer$4 processOneRequest
INFO: MockWebServer[56545] received request: GET /valid HTTP/1.1 and responded: HTTP/1.1 200 A-OK
Aug 16, 2022 6:21:33 AM okhttp3.mockwebserver.MockWebServer$4 processOneRequest
INFO: MockWebServer[56545] received request: GET /valid HTTP/1.1 and responded: HTTP/1.1 304 Redirection
Aug 16, 2022 6:21:33 AM okhttp3.mockwebserver.MockWebServer$4 processOneRequest
INFO: MockWebServer[56545] received request: GET /invalid HTTP/1.1 and responded: HTTP/1.1 200 B-OK
Aug 16, 2022 6:21:33 AM okhttp3.mockwebserver.MockWebServer$4 processOneRequest
INFO: MockWebServer[56545] received request: GET /invalid HTTP/1.1 and responded: HTTP/1.1 200 C-OK
Aug 16, 2022 6:21:33 AM okhttp3.mockwebserver.MockWebServer$3 acceptConnections
INFO: MockWebServer[56545] done accepting connections: Socket closed
Aug 16, 2022 6:21:33 AM okhttp3.mockwebserver.MockWebServer$3 acceptConnections
INFO: MockWebServer[52577] done accepting connections: Socket closed
Aug 16, 2022 6:21:34 AM okhttp3.mockwebserver.MockWebServer$3 execute
INFO: MockWebServer[49463] starting to accept connections
Aug 16, 2022 6:21:34 AM okhttp3.mockwebserver.MockWebServer$3 execute
INFO: MockWebServer[46349] starting to accept connections
Aug 16, 2022 6:21:34 AM okhttp3.mockwebserver.MockWebServer$4 processOneRequest
INFO: MockWebServer[46349] received request: GET / HTTP/1.1 and responded: HTTP/1.1 200 OK
Aug 16, 2022 6:21:34 AM okhttp3.mockwebserver.MockWebServer$4 processOneRequest
INFO: MockWebServer[46349] received request: GET / HTTP/1.1 and responded: HTTP/1.1 200 OK
Aug 16, 2022 6:21:34 AM okhttp3.mockwebserver.MockWebServer$3 acceptConnections
INFO: MockWebServer[46349] done accepting connections: Socket closed
Aug 16, 2022 6:21:34 AM okhttp3.mockwebserver.MockWebServer$3 acceptConnections
INFO: MockWebServer[49463] done accepting connections: Socket closed
Aug 16, 2022 6:21:34 AM okhttp3.mockwebserver.MockWebServer$3 execute
INFO: MockWebServer[49827] starting to accept connections
Aug 16, 2022 6:21:34 AM okhttp3.mockwebserver.MockWebServer$3 execute
INFO: MockWebServer[52301] starting to accept connections
Aug 16, 2022 6:21:34 AM okhttp3.mockwebserver.MockWebServer$4 processOneRequest
INFO: MockWebServer[52301] received request: GET / HTTP/1.1 and responded: HTTP/1.1 200 OK
Aug 16, 2022 6:21:34 AM okhttp3.mockwebserver.MockWebServer$4 processOneRequest
INFO: MockWebServer[52301] received request: GET / HTTP/1.1 and responded: HTTP/1.1 304 Redirection
Aug 16, 2022 6:21:34 AM okhttp3.mockwebserver.MockWebServer$4 processOneRequest
INFO: MockWebServer[52301] received request: GET / HTTP/1.1 and responded: HTTP/1.1 304 Redirection
Aug 16, 2022 6:21:34 AM okhttp3.mockwebserver.MockWebServer$3 acceptConnections
INFO: MockWebServer[52301] done accepting connections: Socket closed
Aug 16, 2022 6:21:34 AM okhttp3.mockwebserver.MockWebServer$3 acceptConnections
INFO: MockWebServer[49827] done accepting connections: Socket closed
Aug 16, 2022 6:21:34 AM okhttp3.mockwebserver.MockWebServer$3 execute
INFO: MockWebServer[37291] starting to accept connections
Aug 16, 2022 6:21:34 AM okhttp3.mockwebserver.MockWebServer$3 execute
INFO: MockWebServer[38103] starting to accept connections
Aug 16, 2022 6:21:34 AM okhttp3.mockwebserver.MockWebServer$4 processOneRequest
INFO: MockWebServer[38103] received request: GET / HTTP/1.1 and responded: HTTP/1.1 200 OK
Aug 16, 2022 6:21:34 AM okhttp3.mockwebserver.MockWebServer$4 processOneRequest
INFO: MockWebServer[38103] received request: GET / HTTP/1.1 and responded: HTTP/1.1 304 Redirection
Aug 16, 2022 6:21:34 AM okhttp3.mockwebserver.MockWebServer$4 processOneRequest
INFO: MockWebServer[38103] received request: GET / HTTP/1.1 and responded: HTTP/1.1 200 OK
Aug 16, 2022 6:21:34 AM okhttp3.mockwebserver.MockWebServer$3 acceptConnections
INFO: MockWebServer[38103] done accepting connections: Socket closed
Aug 16, 2022 6:21:34 AM okhttp3.mockwebserver.MockWebServer$3 acceptConnections
INFO: MockWebServer[37291] done accepting connections: Socket closed
Aug 16, 2022 6:21:34 AM okhttp3.mockwebserver.MockWebServer$3 execute
INFO: MockWebServer[51035] starting to accept connections
Aug 16, 2022 6:21:34 AM okhttp3.mockwebserver.MockWebServer$3 execute
INFO: MockWebServer[45803] starting to accept connections
Aug 16, 2022 6:21:34 AM okhttp3.mockwebserver.MockWebServer$4 processOneRequest
INFO: MockWebServer[45803] received request: GET / HTTP/1.1 and responded: HTTP/1.1 200 OK
Aug 16, 2022 6:21:34 AM okhttp3.mockwebserver.MockWebServer$4 processOneRequest
INFO: MockWebServer[45803] received request: GET / HTTP/1.1 and responded: HTTP/1.1 200 OK
Aug 16, 2022 6:21:34 AM okhttp3.mockwebserver.MockWebServer$3 acceptConnections
INFO: MockWebServer[45803] done accepting connections: Socket closed
Aug 16, 2022 6:21:34 AM okhttp3.mockwebserver.MockWebServer$3 acceptConnections
INFO: MockWebServer[51035] done accepting connections: Socket closed
Aug 16, 2022 6:21:34 AM okhttp3.mockwebserver.MockWebServer$3 execute
INFO: MockWebServer[51615] starting to accept connections
Aug 16, 2022 6:21:34 AM okhttp3.mockwebserver.MockWebServer$3 execute
INFO: MockWebServer[53151] starting to accept connections
Aug 16, 2022 6:21:34 AM okhttp3.mockwebserver.MockWebServer$4 processOneRequest
INFO: MockWebServer[53151] received request: GET / HTTP/1.1 and responded: HTTP/1.1 200 OK
Aug 16, 2022 6:21:34 AM okhttp3.mockwebserver.MockWebServer$4 processOneRequest
INFO: MockWebServer[53151] received request: GET / HTTP/1.1 and responded: HTTP/1.1 200 OK
Aug 16, 2022 6:21:34 AM okhttp3.mockwebserver.MockWebServer$3 acceptConnections
INFO: MockWebServer[53151] done accepting connections: Socket closed
Aug 16, 2022 6:21:34 AM okhttp3.mockwebserver.MockWebServer$3 acceptConnections
INFO: MockWebServer[51615] done accepting connections: Socket closed
Aug 16, 2022 6:21:34 AM okhttp3.mockwebserver.MockWebServer$3 execute
INFO: MockWebServer[51689] starting to accept connections
Aug 16, 2022 6:21:34 AM okhttp3.mockwebserver.MockWebServer$3 execute
INFO: MockWebServer[40983] starting to accept connections
Aug 16, 2022 6:21:34 AM okhttp3.mockwebserver.MockWebServer$4 processOneRequest
INFO: MockWebServer[40983] received request: GET / HTTP/1.1 and responded: HTTP/1.1 200 OK
Aug 16, 2022 6:21:34 AM okhttp3.mockwebserver.MockWebServer$3 acceptConnections
INFO: MockWebServer[40983] done accepting connections: Socket closed
Aug 16, 2022 6:21:34 AM okhttp3.mockwebserver.MockWebServer$3 acceptConnections
INFO: MockWebServer[51689] done accepting connections: Socket closed
Aug 16, 2022 6:21:34 AM okhttp3.mockwebserver.MockWebServer$3 execute
INFO: MockWebServer[44815] starting to accept connections
Aug 16, 2022 6:21:34 AM okhttp3.mockwebserver.MockWebServer$3 execute
INFO: MockWebServer[36679] starting to accept connections
Aug 16, 2022 6:21:34 AM okhttp3.mockwebserver.MockWebServer$4 processOneRequest
INFO: MockWebServer[36679] received request: GET / HTTP/1.1 and responded: HTTP/1.1 200 OK
Aug 16, 2022 6:21:34 AM okhttp3.mockwebserver.MockWebServer$3 acceptConnections
INFO: MockWebServer[36679] done accepting connections: Socket closed
Aug 16, 2022 6:21:34 AM okhttp3.mockwebserver.MockWebServer$3 acceptConnections
INFO: MockWebServer[44815] done accepting connections: Socket closed
Aug 16, 2022 6:21:34 AM okhttp3.mockwebserver.MockWebServer$3 execute
INFO: MockWebServer[47759] starting to accept connections
Aug 16, 2022 6:21:34 AM okhttp3.mockwebserver.MockWebServer$3 execute
INFO: MockWebServer[39603] starting to accept connections
Aug 16, 2022 6:21:34 AM okhttp3.mockwebserver.MockWebServer$4 processOneRequest
INFO: MockWebServer[39603] received request: GET / HTTP/1.1 and responded: HTTP/1.1 200 OK
Aug 16, 2022 6:21:34 AM okhttp3.mockwebserver.MockWebServer$4 processOneRequest
INFO: MockWebServer[39603] received request: GET / HTTP/1.1 and responded: HTTP/1.1 200 OK
Aug 16, 2022 6:21:34 AM okhttp3.mockwebserver.MockWebServer$3 acceptConnections
INFO: MockWebServer[39603] done accepting connections: Socket closed
Aug 16, 2022 6:21:34 AM okhttp3.mockwebserver.MockWebServer$3 acceptConnections
INFO: MockWebServer[47759] done accepting connections: Socket closed
Aug 16, 2022 6:21:34 AM okhttp3.mockwebserver.MockWebServer$3 execute
INFO: MockWebServer[33443] starting to accept connections
Aug 16, 2022 6:21:34 AM okhttp3.mockwebserver.MockWebServer$3 execute
INFO: MockWebServer[54993] starting to accept connections
Aug 16, 2022 6:21:34 AM okhttp3.mockwebserver.MockWebServer$4 processOneRequest
INFO: MockWebServer[54993] received request: GET / HTTP/1.1 and responded: HTTP/1.1 200 OK
Aug 16, 2022 6:21:34 AM okhttp3.mockwebserver.MockWebServer$3 acceptConnections
INFO: MockWebServer[54993] done accepting connections: Socket closed
Aug 16, 2022 6:21:34 AM okhttp3.mockwebserver.MockWebServer$3 acceptConnections
INFO: MockWebServer[33443] done accepting connections: Socket closed
Aug 16, 2022 6:21:34 AM okhttp3.mockwebserver.MockWebServer$3 execute
INFO: MockWebServer[53737] starting to accept connections
Aug 16, 2022 6:21:34 AM okhttp3.mockwebserver.MockWebServer$3 execute
INFO: MockWebServer[43575] starting to accept connections
Aug 16, 2022 6:21:34 AM okhttp3.mockwebserver.MockWebServer$4 processOneRequest
INFO: MockWebServer[43575] received request: GET / HTTP/1.1 and responded: HTTP/1.1 200 OK
Aug 16, 2022 6:21:34 AM okhttp3.mockwebserver.MockWebServer$4 processOneRequest
INFO: MockWebServer[43575] received request: GET / HTTP/1.1 and responded: HTTP/1.1 200 OK
Aug 16, 2022 6:21:34 AM okhttp3.mockwebserver.MockWebServer$3 acceptConnections
INFO: MockWebServer[43575] done accepting connections: Socket closed
Aug 16, 2022 6:21:34 AM okhttp3.mockwebserver.MockWebServer$3 acceptConnections
INFO: MockWebServer[53737] done accepting connections: Socket closed
Aug 16, 2022 6:21:34 AM okhttp3.mockwebserver.MockWebServer$3 execute
INFO: MockWebServer[51201] starting to accept connections
Aug 16, 2022 6:21:34 AM okhttp3.mockwebserver.MockWebServer$3 execute
INFO: MockWebServer[52291] starting to accept connections
Aug 16, 2022 6:21:34 AM okhttp3.mockwebserver.MockWebServer$4 processOneRequest
INFO: MockWebServer[52291] received request: GET / HTTP/1.1 and responded: HTTP/1.1 200 OK
Aug 16, 2022 6:21:34 AM okhttp3.mockwebserver.MockWebServer$3 acceptConnections
INFO: MockWebServer[52291] done accepting connections: Socket closed
Aug 16, 2022 6:21:34 AM okhttp3.mockwebserver.MockWebServer$3 acceptConnections
INFO: MockWebServer[51201] done accepting connections: Socket closed
Aug 16, 2022 6:21:34 AM okhttp3.mockwebserver.MockWebServer$3 execute
INFO: MockWebServer[50041] starting to accept connections
Aug 16, 2022 6:21:34 AM okhttp3.mockwebserver.MockWebServer$3 execute
INFO: MockWebServer[47407] starting to accept connections
Aug 16, 2022 6:21:34 AM okhttp3.mockwebserver.MockWebServer$4 processOneRequest
INFO: MockWebServer[47407] received request: GET / HTTP/1.1 and responded: HTTP/1.1 200 OK
Aug 16, 2022 6:21:34 AM okhttp3.mockwebserver.MockWebServer$4 processOneRequest
INFO: MockWebServer[47407] received request: GET / HTTP/1.1 and responded: HTTP/1.1 200 OK
Aug 16, 2022 6:21:34 AM okhttp3.mockwebserver.MockWebServer$3 acceptConnections
INFO: MockWebServer[47407] done accepting connections: Socket closed
Aug 16, 2022 6:21:34 AM okhttp3.mockwebserver.MockWebServer$3 acceptConnections
INFO: MockWebServer[50041] done accepting connections: Socket closed
Aug 16, 2022 6:21:34 AM okhttp3.mockwebserver.MockWebServer$3 execute
INFO: MockWebServer[47751] starting to accept connections
Aug 16, 2022 6:21:34 AM okhttp3.mockwebserver.MockWebServer$3 execute
INFO: MockWebServer[59065] starting to accept connections
Aug 16, 2022 6:21:34 AM okhttp3.mockwebserver.MockWebServer$4 processOneRequest
INFO: MockWebServer[59065] received request: GET / HTTP/1.1 and responded: HTTP/1.1 200 OK
Aug 16, 2022 6:21:34 AM okhttp3.mockwebserver.MockWebServer$4 processOneRequest
INFO: MockWebServer[59065] received request: GET / HTTP/1.1 and responded: HTTP/1.1 304 Redirection
Aug 16, 2022 6:21:34 AM okhttp3.mockwebserver.MockWebServer$3 acceptConnections
INFO: MockWebServer[59065] done accepting connections: Socket closed
Aug 16, 2022 6:21:34 AM okhttp3.mockwebserver.MockWebServer$3 acceptConnections
INFO: MockWebServer[47751] done accepting connections: Socket closed
Aug 16, 2022 6:21:34 AM okhttp3.mockwebserver.MockWebServer$3 execute
INFO: MockWebServer[45961] starting to accept connections
Aug 16, 2022 6:21:34 AM okhttp3.mockwebserver.MockWebServer$3 execute
INFO: MockWebServer[48249] starting to accept connections
Aug 16, 2022 6:21:34 AM okhttp3.mockwebserver.MockWebServer$4 processOneRequest
INFO: MockWebServer[48249] received request: GET / HTTP/1.1 and responded: HTTP/1.1 200 OK
Aug 16, 2022 6:21:34 AM okhttp3.mockwebserver.MockWebServer$4 processOneRequest
INFO: MockWebServer[48249] received request: GET / HTTP/1.1 and responded: HTTP/1.1 200 OK
Aug 16, 2022 6:21:34 AM okhttp3.mockwebserver.MockWebServer$3 acceptConnections
INFO: MockWebServer[48249] done accepting connections: Socket closed
Aug 16, 2022 6:21:34 AM okhttp3.mockwebserver.MockWebServer$3 acceptConnections
INFO: MockWebServer[45961] done accepting connections: Socket closed
Aug 16, 2022 6:21:34 AM okhttp3.mockwebserver.MockWebServer$3 execute
INFO: MockWebServer[35689] starting to accept connections
Aug 16, 2022 6:21:34 AM okhttp3.mockwebserver.MockWebServer$3 execute
INFO: MockWebServer[50411] starting to accept connections
Aug 16, 2022 6:21:34 AM okhttp3.mockwebserver.MockWebServer$4 processOneRequest
INFO: MockWebServer[50411] received request: GET / HTTP/1.1 and responded: HTTP/1.1 200 OK
Aug 16, 2022 6:21:34 AM okhttp3.mockwebserver.MockWebServer$4 processOneRequest
INFO: MockWebServer[50411] received request: POST / HTTP/1.1 and responded: HTTP/1.1 200 OK
Aug 16, 2022 6:21:34 AM okhttp3.mockwebserver.MockWebServer$4 processOneRequest
INFO: MockWebServer[50411] received request: GET / HTTP/1.1 and responded: HTTP/1.1 200 OK
Aug 16, 2022 6:21:34 AM okhttp3.mockwebserver.MockWebServer$3 acceptConnections
INFO: MockWebServer[50411] done accepting connections: Socket closed
Aug 16, 2022 6:21:34 AM okhttp3.mockwebserver.MockWebServer$3 acceptConnections
INFO: MockWebServer[35689] done accepting connections: Socket closed
Aug 16, 2022 6:21:34 AM okhttp3.mockwebserver.MockWebServer$3 execute
INFO: MockWebServer[54085] starting to accept connections
Aug 16, 2022 6:21:34 AM okhttp3.mockwebserver.MockWebServer$3 execute
INFO: MockWebServer[42719] starting to accept connections
Aug 16, 2022 6:21:34 AM okhttp3.mockwebserver.MockWebServer$4 processOneRequest
INFO: MockWebServer[42719] received request: GET / HTTP/1.1 and responded: HTTP/1.1 200 OK
Aug 16, 2022 6:21:34 AM okhttp3.mockwebserver.MockWebServer$4 processOneRequest
INFO: MockWebServer[42719] received request: PUT / HTTP/1.1 and responded: HTTP/1.1 200 OK
Aug 16, 2022 6:21:34 AM okhttp3.mockwebserver.MockWebServer$4 processOneRequest
INFO: MockWebServer[42719] received request: GET / HTTP/1.1 and responded: HTTP/1.1 200 OK
Aug 16, 2022 6:21:34 AM okhttp3.mockwebserver.MockWebServer$3 acceptConnections
INFO: MockWebServer[42719] done accepting connections: Socket closed
Aug 16, 2022 6:21:34 AM okhttp3.mockwebserver.MockWebServer$3 acceptConnections
INFO: MockWebServer[54085] done accepting connections: Socket closed
Aug 16, 2022 6:21:34 AM okhttp3.mockwebserver.MockWebServer$3 execute
INFO: MockWebServer[43985] starting to accept connections
Aug 16, 2022 6:21:34 AM okhttp3.mockwebserver.MockWebServer$3 execute
INFO: MockWebServer[33703] starting to accept connections
Aug 16, 2022 6:21:34 AM okhttp3.mockwebserver.MockWebServer$4 processOneRequest
INFO: MockWebServer[33703] received request: GET / HTTP/1.1 and responded: HTTP/1.1 200 OK
Aug 16, 2022 6:21:34 AM okhttp3.mockwebserver.MockWebServer$4 processOneRequest
INFO: MockWebServer[33703] received request: GET / HTTP/1.1 and responded: HTTP/1.1 304 Redirection
Aug 16, 2022 6:21:34 AM okhttp3.mockwebserver.MockWebServer$3 acceptConnections
INFO: MockWebServer[33703] done accepting connections: Socket closed
Aug 16, 2022 6:21:34 AM okhttp3.mockwebserver.MockWebServer$3 acceptConnections
INFO: MockWebServer[43985] done accepting connections: Socket closed
Aug 16, 2022 6:21:34 AM okhttp3.mockwebserver.MockWebServer$3 execute
INFO: MockWebServer[46001] starting to accept connections
Aug 16, 2022 6:21:34 AM okhttp3.mockwebserver.MockWebServer$3 execute
INFO: MockWebServer[52941] starting to accept connections
Aug 16, 2022 6:21:35 AM okhttp3.mockwebserver.MockWebServer$4 processOneRequest
INFO: MockWebServer[52941] received request: GET / HTTP/1.1 and responded: HTTP/1.1 200 OK
Aug 16, 2022 6:21:35 AM okhttp3.mockwebserver.MockWebServer$4 processOneRequest
INFO: MockWebServer[52941] received request: GET / HTTP/1.1 and responded: HTTP/1.1 200 OK
Aug 16, 2022 6:21:35 AM okhttp3.mockwebserver.MockWebServer$3 acceptConnections
INFO: MockWebServer[52941] done accepting connections: Socket closed
Aug 16, 2022 6:21:35 AM okhttp3.mockwebserver.MockWebServer$3 acceptConnections
INFO: MockWebServer[46001] done accepting connections: Socket closed
Aug 16, 2022 6:21:35 AM okhttp3.mockwebserver.MockWebServer$3 execute
INFO: MockWebServer[58969] starting to accept connections
Aug 16, 2022 6:21:35 AM okhttp3.mockwebserver.MockWebServer$3 execute
INFO: MockWebServer[55439] starting to accept connections
Aug 16, 2022 6:21:35 AM okhttp3.mockwebserver.MockWebServer$4 processOneRequest
INFO: MockWebServer[55439] received request: GET / HTTP/1.1 and responded: HTTP/1.1 200 OK
Aug 16, 2022 6:21:35 AM okhttp3.mockwebserver.MockWebServer$4 processOneRequest
INFO: MockWebServer[55439] received request: GET / HTTP/1.1 and responded: HTTP/1.1 200 OK
Aug 16, 2022 6:21:35 AM okhttp3.mockwebserver.MockWebServer$3 acceptConnections
INFO: MockWebServer[55439] done accepting connections: Socket closed
Aug 16, 2022 6:21:35 AM okhttp3.mockwebserver.MockWebServer$3 acceptConnections
INFO: MockWebServer[58969] done accepting connections: Socket closed
Aug 16, 2022 6:21:35 AM okhttp3.mockwebserver.MockWebServer$3 execute
INFO: MockWebServer[36219] starting to accept connections
Aug 16, 2022 6:21:35 AM okhttp3.mockwebserver.MockWebServer$3 execute
INFO: MockWebServer[57845] starting to accept connections
Aug 16, 2022 6:21:35 AM okhttp3.mockwebserver.MockWebServer$4 processOneRequest
INFO: MockWebServer[57845] received request: GET / HTTP/1.1 and responded: HTTP/1.1 200 Fantastic
Aug 16, 2022 6:21:35 AM okhttp3.mockwebserver.MockWebServer$4 processConnection
WARNING: MockWebServer[57845] connection from /127.0.0.1 didn't make a request
Aug 16, 2022 6:21:35 AM okhttp3.mockwebserver.MockWebServer$3 acceptConnections
INFO: MockWebServer[57845] done accepting connections: Socket closed
Aug 16, 2022 6:21:35 AM okhttp3.mockwebserver.MockWebServer$3 acceptConnections
INFO: MockWebServer[36219] done accepting connections: Socket closed
Tests run: 109, Failures: 0, Errors: 1, Skipped: 0, Time elapsed: 9.371 sec <<< FAILURE! - in okhttp3.UrlConnectionCacheTest
responseCachingByResponseCode(okhttp3.UrlConnectionCacheTest)  Time elapsed: 0.043 sec  <<< ERROR!
java.net.ProtocolException: HTTP 204 had non-zero Content-Length: 5
	at okhttp3.internal.http.HttpEngine$NetworkInterceptorChain.proceed(HttpEngine.java:764)
	at okhttp3.internal.huc.HttpURLConnectionImpl$NetworkInterceptor.intercept(HttpURLConnectionImpl.java:597)
	at okhttp3.internal.http.HttpEngine$NetworkInterceptorChain.proceed(HttpEngine.java:733)
	at okhttp3.internal.http.HttpEngine.readResponse(HttpEngine.java:612)
	at okhttp3.RealCall.getResponse(RealCall.java:238)
	at okhttp3.RealCall$ApplicationInterceptorChain.proceed(RealCall.java:195)
	at okhttp3.RealCall.getResponseWithInterceptorChain(RealCall.java:157)
	at okhttp3.RealCall.execute(RealCall.java:59)
	at okhttp3.internal.huc.HttpURLConnectionImpl.getResponse(HttpURLConnectionImpl.java:421)
	at okhttp3.internal.huc.HttpURLConnectionImpl.getResponseCode(HttpURLConnectionImpl.java:455)
	at okhttp3.UrlConnectionCacheTest.assertCached(UrlConnectionCacheTest.java:194)
	at okhttp3.UrlConnectionCacheTest.responseCachingByResponseCode(UrlConnectionCacheTest.java:121)

Running okhttp3.internal.huc.URLEncodingTest
Tests run: 2, Failures: 0, Errors: 0, Skipped: 2, Time elapsed: 0 sec - in okhttp3.internal.huc.URLEncodingTest
Uninstalled aggressive uncaught exception handler

Results :

Failed tests: 
  OkUrlFactoryTest.testURLFilterRedirect:209 Connection was successful

Tests in error: 
  UrlConnectionCacheTest.responseCachingByResponseCode:121->assertCached:194 » Protocol

Tests run: 121, Failures: 1, Errors: 1, Skipped: 2

[INFO] ------------------------------------------------------------------------
[INFO] Reactor Summary:
[INFO] 
[INFO] OkHttp (Parent) .................................... SUCCESS [  1.031 s]
[INFO] OkHttp ............................................. SUCCESS [  3.549 s]
[INFO] OkHttp test support classes ........................ SUCCESS [  0.377 s]
[INFO] OkHttp Web Sockets ................................. SUCCESS [  0.316 s]
[INFO] MockWebServer ...................................... SUCCESS [  7.183 s]
[INFO] OkHttp URLConnection ............................... FAILURE [ 11.634 s]
[INFO] OkHttp Tests ....................................... SKIPPED
[INFO] OkHttp Android Platform Support .................... SKIPPED
[INFO] OkHttp Apache HttpClient ........................... SKIPPED
[INFO] OkHttp Web Socket Tests ............................ SKIPPED
[INFO] OkHttp Logging Interceptor ......................... SKIPPED
[INFO] OkCurl ............................................. SKIPPED
[INFO] Samples (Parent) ................................... SKIPPED
[INFO] Sample: Guide ...................................... SKIPPED
[INFO] Sample: Crawler .................................... SKIPPED
[INFO] Sample: Simple Client .............................. SKIPPED
[INFO] Sample: Static Server .............................. SKIPPED
[INFO] Benchmarks ......................................... SKIPPED
[INFO] ------------------------------------------------------------------------
[INFO] BUILD FAILURE
[INFO] ------------------------------------------------------------------------
[INFO] Total time: 24.440 s
[INFO] Finished at: 2022-08-16T06:21:35+00:00
[INFO] Final Memory: 25M/437M
[INFO] ------------------------------------------------------------------------
[ERROR] Failed to execute goal org.apache.maven.plugins:maven-surefire-plugin:2.17:test (default-test) on project okhttp-urlconnection: There are test failures.
[ERROR] 
[ERROR] Please refer to /home/travis/build/failed/square/okhttp/okhttp-urlconnection/target/surefire-reports for the individual test results.
[ERROR] -> [Help 1]
[ERROR] 
[ERROR] To see the full stack trace of the errors, re-run Maven with the -e switch.
[ERROR] Re-run Maven using the -X switch to enable full debug logging.
[ERROR] 
[ERROR] For more information about the errors and possible solutions, please read the following articles:
[ERROR] [Help 1] http://cwiki.apache.org/confluence/display/MAVEN/MojoFailureException
[ERROR] 
[ERROR] After correcting the problems, you can resume the build with the command
[ERROR]   mvn <goals> -rf :okhttp-urlconnection

travis_time:end:108e1d10:start=1660630869775904269,finish=1660630895710629542,duration=25934725273[0K
[31;1mThe command "mvn test -Dhttps.protocols=TLSv1.2 -Dhttps.protocols=TLSv1.2 -B" exited with 1.[0m
travis_fold:start:cache.2[0Kstore build cache
travis_time:start:128dee60[0K
travis_time:end:128dee60:start=1660630895723097952,finish=1660630895732025664,duration=8927712[0Ktravis_time:start:1d2afb62[0K/home/travis/.casher/bin/casher:190: warning: Insecure world writable dir /home/travis/build/failed/square/okhttp/. in PATH, mode 040777
[32;1mchanges detected, packing new archive[0m
/home/travis/.casher/bin/casher:213:in `cache_archive_name': undefined method `[]' for nil:NilClass (NoMethodError)
	from /home/travis/.casher/bin/casher:143:in `push'
	from /home/travis/.casher/bin/casher:53:in `block in run'
	from /home/travis/.rvm/rubies/ruby-1.9.3-p551/lib/ruby/1.9.1/timeout.rb:69:in `timeout'
	from /home/travis/.casher/bin/casher:53:in `run'
	from /home/travis/.casher/bin/casher:263:in `<main>'
.
.

travis_time:end:1d2afb62:start=1660630895742484281,finish=1660630906555109785,duration=10812625504[0Ktravis_fold:end:cache.2[0K
Done. Your build exited with 1.
