travis_fold:start:system_info[0K[33;1mBuild system information[0m
Build language: java
Build group: stable
Build dist: trusty
Build id: ''
Job id: ''
[34m[1mBuild image provisioning date and time[0m
Tue Dec  5 20:11:19 UTC 2017
[34m[1mOperating System Details[0m
Distributor ID:	Ubuntu
Description:	Ubuntu 14.04.5 LTS
Release:	14.04
Codename:	trusty
[34m[1mCookbooks Version[0m
7c2c6a6 https://github.com/travis-ci/travis-cookbooks/tree/7c2c6a6
[34m[1mgit version[0m
git version 2.15.1
[34m[1mbash version[0m
GNU bash, version 4.3.11(1)-release (x86_64-pc-linux-gnu)
[34m[1mgcc version[0m
gcc (Ubuntu 4.8.4-2ubuntu1~14.04.3) 4.8.4
Copyright (C) 2013 Free Software Foundation, Inc.
This is free software; see the source for copying conditions.  There is NO
warranty; not even for MERCHANTABILITY or FITNESS FOR A PARTICULAR PURPOSE.

[34m[1mdocker version[0m
Client:
 Version:      17.09.0-ce
 API version:  1.32
 Go version:   go1.8.3
 Git commit:   afdb6d4
 Built:        Tue Sep 26 22:39:28 2017
 OS/Arch:      linux/amd64
[34m[1mclang version[0m
clang version 5.0.0 (tags/RELEASE_500/final)
Target: x86_64-unknown-linux-gnu
Thread model: posix
InstalledDir: /usr/local/clang-5.0.0/bin
[34m[1mjq version[0m
jq-1.5
[34m[1mbats version[0m
Bats 0.4.0
[34m[1mshellcheck version[0m
0.4.6
[34m[1mshfmt version[0m
v2.0.0
[34m[1mccache version[0m
ccache version 3.1.9

Copyright (C) 2002-2007 Andrew Tridgell
Copyright (C) 2009-2011 Joel Rosdahl

This program is free software; you can redistribute it and/or modify it under
the terms of the GNU General Public License as published by the Free Software
Foundation; either version 3 of the License, or (at your option) any later
version.
[34m[1mcmake version[0m
cmake version 3.9.2

CMake suite maintained and supported by Kitware (kitware.com/cmake).
[34m[1mheroku version[0m
heroku-cli/6.14.39-addc925 (linux-x64) node-v9.2.0
[34m[1mimagemagick version[0m
Version: ImageMagick 6.7.7-10 2017-07-31 Q16 http://www.imagemagick.org
[34m[1mmd5deep version[0m
4.2
[34m[1mmercurial version[0m
Mercurial Distributed SCM (version 4.2.2)
(see https://mercurial-scm.org for more information)

Copyright (C) 2005-2017 Matt Mackall and others
This is free software; see the source for copying conditions. There is NO
warranty; not even for MERCHANTABILITY or FITNESS FOR A PARTICULAR PURPOSE.
[34m[1mmysql version[0m
mysql  Ver 14.14 Distrib 5.6.33, for debian-linux-gnu (x86_64) using  EditLine wrapper
[34m[1mopenssl version[0m
OpenSSL 1.0.1f 6 Jan 2014
[34m[1mpacker version[0m
Packer v1.0.2

Your version of Packer is out of date! The latest version
is 1.1.2. You can update by downloading from www.packer.io
[34m[1mpostgresql client version[0m
psql (PostgreSQL) 9.6.6
[34m[1mragel version[0m
Ragel State Machine Compiler version 6.8 Feb 2013
Copyright (c) 2001-2009 by Adrian Thurston
[34m[1msubversion version[0m
svn, version 1.8.8 (r1568071)
   compiled Aug 10 2017, 17:20:39 on x86_64-pc-linux-gnu

Copyright (C) 2013 The Apache Software Foundation.
This software consists of contributions made by many people;
see the NOTICE file for more information.
Subversion is open source software, see http://subversion.apache.org/

The following repository access (RA) modules are available:

* ra_svn : Module for accessing a repository using the svn network protocol.
  - with Cyrus SASL authentication
  - handles 'svn' scheme
* ra_local : Module for accessing a repository on local disk.
  - handles 'file' scheme
* ra_serf : Module for accessing a repository via WebDAV protocol using serf.
  - using serf 1.3.3
  - handles 'http' scheme
  - handles 'https' scheme

[34m[1msudo version[0m
Sudo version 1.8.9p5
Configure options: --prefix=/usr -v --with-all-insults --with-pam --with-fqdn --with-logging=syslog --with-logfac=authpriv --with-env-editor --with-editor=/usr/bin/editor --with-timeout=15 --with-password-timeout=0 --with-passprompt=[sudo] password for %p:  --without-lecture --with-tty-tickets --disable-root-mailer --enable-admin-flag --with-sendmail=/usr/sbin/sendmail --with-timedir=/var/lib/sudo --mandir=/usr/share/man --libexecdir=/usr/lib/sudo --with-sssd --with-sssd-lib=/usr/lib/x86_64-linux-gnu --with-selinux
Sudoers policy plugin version 1.8.9p5
Sudoers file grammar version 43

Sudoers path: /etc/sudoers
Authentication methods: 'pam'
Syslog facility if syslog is being used for logging: authpriv
Syslog priority to use when user authenticates successfully: notice
Syslog priority to use when user authenticates unsuccessfully: alert
Send mail if the user is not in sudoers
Use a separate timestamp for each user/tty combo
Lecture user the first time they run sudo
Root may run sudo
Allow some information gathering to give useful error messages
Require fully-qualified hostnames in the sudoers file
Visudo will honor the EDITOR environment variable
Set the LOGNAME and USER environment variables
Length at which to wrap log file lines (0 for no wrap): 80
Authentication timestamp timeout: 15.0 minutes
Password prompt timeout: 0.0 minutes
Number of tries to enter a password: 3
Umask to use or 0777 to use user's: 022
Path to mail program: /usr/sbin/sendmail
Flags for mail program: -t
Address to send mail to: root
Subject line for mail messages: *** SECURITY information for %h ***
Incorrect password message: Sorry, try again.
Path to authentication timestamp dir: /var/lib/sudo
Default password prompt: [sudo] password for %p: 
Default user to run commands as: root
Value to override user's $PATH with: /usr/local/sbin:/usr/local/bin:/usr/sbin:/usr/bin:/sbin:/bin:/snap/bin
Path to the editor for use by visudo: /usr/bin/editor
When to require a password for 'list' pseudocommand: any
When to require a password for 'verify' pseudocommand: all
File descriptors >= 3 will be closed before executing a command
Environment variables to check for sanity:
	TZ
	TERM
	LINGUAS
	LC_*
	LANGUAGE
	LANG
	COLORTERM
Environment variables to remove:
	RUBYOPT
	RUBYLIB
	PYTHONUSERBASE
	PYTHONINSPECT
	PYTHONPATH
	PYTHONHOME
	TMPPREFIX
	ZDOTDIR
	READNULLCMD
	NULLCMD
	FPATH
	PERL5DB
	PERL5OPT
	PERL5LIB
	PERLLIB
	PERLIO_DEBUG 
	JAVA_TOOL_OPTIONS
	SHELLOPTS
	GLOBIGNORE
	PS4
	BASH_ENV
	ENV
	TERMCAP
	TERMPATH
	TERMINFO_DIRS
	TERMINFO
	_RLD*
	LD_*
	PATH_LOCALE
	NLSPATH
	HOSTALIASES
	RES_OPTIONS
	LOCALDOMAIN
	CDPATH
	IFS
Environment variables to preserve:
	JAVA_HOME
	TRAVIS
	CI
	DEBIAN_FRONTEND
	XAUTHORIZATION
	XAUTHORITY
	PS2
	PS1
	PATH
	LS_COLORS
	KRB5CCNAME
	HOSTNAME
	HOME
	DISPLAY
	COLORS
Locale to use while parsing sudoers: C
Directory in which to store input/output logs: /var/log/sudo-io
File in which to store the input/output log: %{seq}
Add an entry to the utmp/utmpx file when allocating a pty
PAM service name to use
PAM service name to use for login shells
Create a new PAM session for the command to run in
Maximum I/O log sequence number: 0

Local IP address and netmask pairs:
	172.17.0.2/255.255.0.0

Sudoers I/O plugin version 1.8.9p5
[34m[1mgzip version[0m
gzip 1.6
Copyright (C) 2007, 2010, 2011 Free Software Foundation, Inc.
Copyright (C) 1993 Jean-loup Gailly.
This is free software.  You may redistribute copies of it under the terms of
the GNU General Public License <http://www.gnu.org/licenses/gpl.html>.
There is NO WARRANTY, to the extent permitted by law.

Written by Jean-loup Gailly.
[34m[1mzip version[0m
Copyright (c) 1990-2008 Info-ZIP - Type 'zip "-L"' for software license.
This is Zip 3.0 (July 5th 2008), by Info-ZIP.
Currently maintained by E. Gordon.  Please send bug reports to
the authors using the web page at www.info-zip.org; see README for details.

Latest sources and executables are at ftp://ftp.info-zip.org/pub/infozip,
as of above date; see http://www.info-zip.org/ for other sites.

Compiled with gcc 4.8.2 for Unix (Linux ELF) on Oct 21 2013.

Zip special compilation options:
	USE_EF_UT_TIME       (store Universal Time)
	BZIP2_SUPPORT        (bzip2 library version 1.0.6, 6-Sept-2010)
	    bzip2 code and library copyright (c) Julian R Seward
	    (See the bzip2 license for terms of use)
	SYMLINK_SUPPORT      (symbolic links supported)
	LARGE_FILE_SUPPORT   (can read and write large files on file system)
	ZIP64_SUPPORT        (use Zip64 to store large files in archives)
	UNICODE_SUPPORT      (store and read UTF-8 Unicode paths)
	STORE_UNIX_UIDs_GIDs (store UID/GID sizes/values using new extra field)
	UIDGID_NOT_16BIT     (old Unix 16-bit UID/GID extra field not used)
	[encryption, version 2.91 of 05 Jan 2007] (modified for Zip 3)

Encryption notice:
	The encryption code of this program is not copyrighted and is
	put in the public domain.  It was originally written in Europe
	and, to the best of our knowledge, can be freely distributed
	in both source and object forms from any country, including
	the USA under License Exception TSU of the U.S. Export
	Administration Regulations (section 740.13(e)) of 6 June 2002.

Zip environment options:
             ZIP:  [none]
          ZIPOPT:  [none]
[34m[1mvim version[0m
VIM - Vi IMproved 7.4 (2013 Aug 10, compiled Nov 24 2016 16:43:18)
Included patches: 1-52
Extra patches: 8.0.0056
Modified by pkg-vim-maintainers@lists.alioth.debian.org
Compiled by buildd@
Huge version without GUI.  Features included (+) or not (-):
+acl             +farsi           +mouse_netterm   +syntax
+arabic          +file_in_path    +mouse_sgr       +tag_binary
+autocmd         +find_in_path    -mouse_sysmouse  +tag_old_static
-balloon_eval    +float           +mouse_urxvt     -tag_any_white
-browse          +folding         +mouse_xterm     -tcl
++builtin_terms  -footer          +multi_byte      +terminfo
+byte_offset     +fork()          +multi_lang      +termresponse
+cindent         +gettext         -mzscheme        +textobjects
-clientserver    -hangul_input    +netbeans_intg   +title
-clipboard       +iconv           +path_extra      -toolbar
+cmdline_compl   +insert_expand   -perl            +user_commands
+cmdline_hist    +jumplist        +persistent_undo +vertsplit
+cmdline_info    +keymap          +postscript      +virtualedit
+comments        +langmap         +printer         +visual
+conceal         +libcall         +profile         +visualextra
+cryptv          +linebreak       +python          +viminfo
+cscope          +lispindent      -python3         +vreplace
+cursorbind      +listcmds        +quickfix        +wildignore
+cursorshape     +localmap        +reltime         +wildmenu
+dialog_con      -lua             +rightleft       +windows
+diff            +menu            -ruby            +writebackup
+digraphs        +mksession       +scrollbind      -X11
-dnd             +modify_fname    +signs           -xfontset
-ebcdic          +mouse           +smartindent     -xim
+emacs_tags      -mouseshape      -sniff           -xsmp
+eval            +mouse_dec       +startuptime     -xterm_clipboard
+ex_extra        +mouse_gpm       +statusline      -xterm_save
+extra_search    -mouse_jsbterm   -sun_workshop    -xpm
   system vimrc file: "$VIM/vimrc"
     user vimrc file: "$HOME/.vimrc"
 2nd user vimrc file: "~/.vim/vimrc"
      user exrc file: "$HOME/.exrc"
  fall-back for $VIM: "/usr/share/vim"
Compilation: gcc -c -I. -Iproto -DHAVE_CONFIG_H     -g -O2 -fstack-protector --param=ssp-buffer-size=4 -Wformat -Werror=format-security -U_FORTIFY_SOURCE -D_FORTIFY_SOURCE=1      
Linking: gcc   -Wl,-Bsymbolic-functions -Wl,-z,relro -Wl,--as-needed -o vim        -lm -ltinfo -lnsl  -lselinux  -lacl -lattr -lgpm -ldl    -L/usr/lib/python2.7/config-x86_64-linux-gnu -lpython2.7 -lpthread -ldl -lutil -lm -Xlinker -export-dynamic -Wl,-O1 -Wl,-Bsymbolic-functions      
[34m[1miptables version[0m
iptables v1.4.21
[34m[1mcurl version[0m
curl 7.35.0 (x86_64-pc-linux-gnu) libcurl/7.35.0 OpenSSL/1.0.1f zlib/1.2.8 libidn/1.28 librtmp/2.3
[34m[1mwget version[0m
GNU Wget 1.15 built on linux-gnu.
[34m[1mrsync version[0m
rsync  version 3.1.0  protocol version 31
[34m[1mgimme version[0m
v1.2.0
[34m[1mnvm version[0m
0.33.6
[34m[1mperlbrew version[0m
/home/travis/perl5/perlbrew/bin/perlbrew  - App::perlbrew/0.80
[34m[1mphpenv version[0m
rbenv 1.1.1-25-g6aa70b6
[34m[1mrvm version[0m
rvm 1.29.3 (latest) by Michal Papis, Piotr Kuczynski, Wayne E. Seguin [https://rvm.io]
[34m[1mdefault ruby version[0m
ruby 2.4.1p111 (2017-03-22 revision 58053) [x86_64-linux]
[34m[1mCouchDB version[0m
couchdb 1.6.1
[34m[1mElasticSearch version[0m
5.5.0
[34m[1mInstalled Firefox version[0m
firefox 56.0.2
[34m[1mMongoDB version[0m
MongoDB 3.4.10
[34m[1mPhantomJS version[0m
2.1.1
[34m[1mPre-installed PostgreSQL versions[0m
9.2.24
9.3.20
9.4.15
9.5.10
9.6.6
[34m[1mRabbitMQ Version[0m
3.6.14
[34m[1mRedis version[0m
redis-server 4.0.6
[34m[1mriak version[0m
2.2.3
[34m[1mPre-installed Go versions[0m
1.7.4
[34m[1mant version[0m
Apache Ant(TM) version 1.9.3 compiled on April 8 2014
[34m[1mmvn version[0m
Apache Maven 3.5.2 (138edd61fd100ec658bfa2d307c43b76940a5d7d; 2017-10-18T07:58:13Z)
Maven home: /usr/local/maven-3.5.2
Java version: 1.8.0_151, vendor: Oracle Corporation
Java home: /usr/lib/jvm/java-8-oracle/jre
Default locale: en_US, platform encoding: UTF-8
OS name: "linux", version: "4.4.0-101-generic", arch: "amd64", family: "unix"
[34m[1mgradle version[0m

------------------------------------------------------------
Gradle 4.0.1
------------------------------------------------------------

Build time:   2017-07-07 14:02:41 UTC
Revision:     38e5dc0f772daecca1d2681885d3d85414eb6826

Groovy:       2.4.11
Ant:          Apache Ant(TM) version 1.9.6 compiled on June 29 2015
JVM:          1.8.0_151 (Oracle Corporation 25.151-b12)
OS:           Linux 4.4.0-101-generic amd64

[34m[1mlein version[0m
Leiningen 2.8.1 on Java 1.8.0_151 Java HotSpot(TM) 64-Bit Server VM
[34m[1mPre-installed Node.js versions[0m
v4.8.6
v6.12.0
v6.12.1
v8.9
v8.9.1
[34m[1mphpenv versions[0m
  system
  5.6
* 5.6.32 (set by /home/travis/.phpenv/version)
  7.0
  7.0.25
  7.1
  7.1.11
  hhvm
  hhvm-stable
[34m[1mcomposer --version[0m
Composer version 1.5.2 2017-09-11 16:59:25
[34m[1mPre-installed Ruby versions[0m
ruby-2.2.7
ruby-2.3.4
ruby-2.4.1
travis_fold:end:system_info[0K
W: GPG error: http://dl.google.com/linux/chrome/deb stable InRelease: The following signatures couldn't be verified because the public key is not available: NO_PUBKEY 78BD65473CB3BD13
W: The repository 'http://dl.google.com/linux/chrome/deb stable InRelease' is not signed.
W: There is no public key available for the following key IDs:
78BD65473CB3BD13  
W: GPG error: http://repo.mongodb.org/apt/ubuntu trusty/mongodb-org/3.4 Release: The following signatures were invalid: KEYEXPIRED 1515625755
W: The repository 'http://repo.mongodb.org/apt/ubuntu trusty/mongodb-org/3.4 Release' is not signed.
W: GPG error: https://packagecloud.io/github/git-lfs/ubuntu trusty InRelease: The following signatures couldn't be verified because the public key is not available: NO_PUBKEY 6B05F25D762E3157
W: The repository 'https://packagecloud.io/github/git-lfs/ubuntu trusty InRelease' is not signed.
W: There is no public key available for the following key IDs:
6B05F25D762E3157  
W: The repository 'https://packagecloud.io/basho/riak/ubuntu trusty Release' does not have a Release file.
W: GPG error: https://packagecloud.io/rabbitmq/rabbitmq-server/ubuntu trusty InRelease: The following signatures couldn't be verified because the public key is not available: NO_PUBKEY F6609E60DC62814E
W: The repository 'https://packagecloud.io/rabbitmq/rabbitmq-server/ubuntu trusty InRelease' is not signed.
W: There is no public key available for the following key IDs:
F6609E60DC62814E  
W: http://ppa.launchpad.net/couchdb/stable/ubuntu/dists/trusty/Release.gpg: Signature by key 15866BAFD9BCC4F3C1E0DFC7D69548E1C17EAB57 uses weak digest algorithm (SHA1)
E: Failed to fetch https://packagecloud.io/basho/riak/ubuntu/dists/trusty/main/source/Sources  HttpError402
E: Failed to fetch https://packagecloud.io/basho/riak/ubuntu/dists/trusty/main/binary-amd64/Packages  HttpError402
E: Failed to fetch https://packagecloud.io/basho/riak/ubuntu/dists/trusty/main/binary-i386/Packages  HttpError402
E: Some index files failed to download. They have been ignored, or old ones used instead.
sed: cannot rename /etc/hosts: Device or resource busy
sed: cannot rename /etc/hosts: Device or resource busy
$ jdk_switcher use openjdk7
Switching to OpenJDK7 (java-1.7.0-openjdk-amd64), JAVA_HOME will be set to /usr/lib/jvm/java-7-openjdk-amd64
$ cd failed/crate/crate-jdbc
travis_fold:start:git.submodule[0Ktravis_time:start:27b03148[0K$ git submodule update --init --recursive
Submodule 'pg/upstream' (https://github.com/crate/pgjdbc) registered for path 'pg/upstream'
Cloning into '/home/travis/build/failed/crate/crate-jdbc/pg/upstream'...
Submodule path 'pg/upstream': checked out '1a64249d0e959b0a4083007ce36df1c3625be668'

travis_time:end:27b03148:start=1614514596449484220,finish=1614514599787715018,duration=3338230798[0Ktravis_fold:end:git.submodule[0K
[33;1mSetting environment variables from .travis.yml[0m
$ export CRATE_VERSION=0.57.6

$ export TERM=dumb
travis_fold:start:cache.1[0KSetting up build cache
$ export CASHER_DIR=$HOME/.casher
travis_time:start:1ad293de[0K$ Installing caching utilities

travis_time:end:1ad293de:start=1614514602263244610,finish=1614514602443105338,duration=179860728[0Ktravis_time:start:0667fdb0[0K
travis_time:end:0667fdb0:start=1614514602460263634,finish=1614514602472159741,duration=11896107[0Ktravis_time:start:03e57e38[0K/home/travis/.casher/bin/casher:213:in `cache_archive_name': undefined method `[]' for nil:NilClass (NoMethodError)
	from /home/travis/.casher/bin/casher:65:in `block in fetch'
	from /home/travis/.casher/bin/casher:64:in `each'
	from /home/travis/.casher/bin/casher:64:in `fetch'
	from /home/travis/.casher/bin/casher:53:in `block in run'
	from /home/travis/.rvm/rubies/ruby-2.2.7/lib/ruby/2.2.0/timeout.rb:88:in `block in timeout'
	from /home/travis/.rvm/rubies/ruby-2.2.7/lib/ruby/2.2.0/timeout.rb:32:in `block in catch'
	from /home/travis/.rvm/rubies/ruby-2.2.7/lib/ruby/2.2.0/timeout.rb:32:in `catch'
	from /home/travis/.rvm/rubies/ruby-2.2.7/lib/ruby/2.2.0/timeout.rb:32:in `catch'
	from /home/travis/.rvm/rubies/ruby-2.2.7/lib/ruby/2.2.0/timeout.rb:103:in `timeout'
	from /home/travis/.casher/bin/casher:53:in `run'
	from /home/travis/.casher/bin/casher:263:in `<main>'
[32;1mattempting to download cache archive[0m

travis_time:end:03e57e38:start=1614514602486345501,finish=1614514605284519560,duration=2798174059[0Ktravis_time:start:1f3c1769[0K
travis_time:end:1f3c1769:start=1614514605299133183,finish=1614514605310722947,duration=11589764[0Ktravis_time:start:081a5408[0K[32;1madding /home/travis/.m2 to cache[0m

travis_time:end:081a5408:start=1614514605325370908,finish=1614514606275430119,duration=950059211[0Ktravis_fold:end:cache.1[0K$ java -Xmx32m -version
Picked up _JAVA_OPTIONS: -Xmx2048m -Xms512m
java version "1.7.0_151"
OpenJDK Runtime Environment (IcedTea 2.6.11) (7u151-2.6.11-2ubuntu0.14.04.1)
OpenJDK 64-Bit Server VM (build 24.151-b01, mixed mode)
$ javac -J-Xmx32m -version
Picked up _JAVA_OPTIONS: -Xmx2048m -Xms512m
javac 1.7.0_151
travis_fold:start:install[0Ktravis_time:start:04444200[0K$ JAVA_HOME=$(jdk_switcher home openjdk8) ./gradlew classes testClasses
Picked up _JAVA_OPTIONS: -Xmx2048m -Xms512m
Downloading https://services.gradle.org/distributions/gradle-4.0.2-bin.zip
................................................................
Unzipping /home/travis/.gradle/wrapper/dists/gradle-4.0.2-bin/be99721vbppnjuga6pbz1stgj/gradle-4.0.2-bin.zip to /home/travis/.gradle/wrapper/dists/gradle-4.0.2-bin/be99721vbppnjuga6pbz1stgj
Set executable permissions for: /home/travis/.gradle/wrapper/dists/gradle-4.0.2-bin/be99721vbppnjuga6pbz1stgj/gradle-4.0.2/bin/gradle
Starting a Gradle Daemon (subsequent builds will be faster)
Download https://jcenter.bintray.com/com/github/jengelman/gradle/plugins/shadow/1.2.3/shadow-1.2.3.pom
Download https://jcenter.bintray.com/org/jdom/jdom2/2.0.5/jdom2-2.0.5.pom
Download https://jcenter.bintray.com/org/codehaus/plexus/plexus-utils/2.0.6/plexus-utils-2.0.6.pom
Download https://jcenter.bintray.com/org/apache/ant/ant/1.9.4/ant-1.9.4.pom
Download https://jcenter.bintray.com/org/codehaus/groovy/groovy-backports-compat23/2.4.4/groovy-backports-compat23-2.4.4.pom
Download https://jcenter.bintray.com/org/ow2/asm/asm/5.0.3/asm-5.0.3.pom
Download https://jcenter.bintray.com/commons-io/commons-io/2.4/commons-io-2.4.pom
Download https://jcenter.bintray.com/org/ow2/asm/asm-commons/5.0.3/asm-commons-5.0.3.pom
Download https://jcenter.bintray.com/org/apache/ant/ant-parent/1.9.4/ant-parent-1.9.4.pom
Download https://jcenter.bintray.com/org/codehaus/plexus/plexus/2.0.7/plexus-2.0.7.pom
Download https://jcenter.bintray.com/org/ow2/asm/asm-parent/5.0.3/asm-parent-5.0.3.pom
Download https://jcenter.bintray.com/org/apache/commons/commons-parent/25/commons-parent-25.pom
Download https://jcenter.bintray.com/org/ow2/ow2/1.3/ow2-1.3.pom
Download https://jcenter.bintray.com/org/apache/apache/9/apache-9.pom
Download https://jcenter.bintray.com/org/ow2/asm/asm-tree/5.0.3/asm-tree-5.0.3.pom
Download https://jcenter.bintray.com/org/apache/ant/ant-launcher/1.9.4/ant-launcher-1.9.4.pom
Download https://jcenter.bintray.com/org/codehaus/groovy/groovy-backports-compat23/2.4.4/groovy-backports-compat23-2.4.4.jar
Download https://jcenter.bintray.com/commons-io/commons-io/2.4/commons-io-2.4.jar
Download https://jcenter.bintray.com/org/ow2/asm/asm/5.0.3/asm-5.0.3.jar
Download https://jcenter.bintray.com/org/apache/ant/ant-launcher/1.9.4/ant-launcher-1.9.4.jar
Download https://jcenter.bintray.com/com/github/jengelman/gradle/plugins/shadow/1.2.3/shadow-1.2.3.jar
Download https://jcenter.bintray.com/org/codehaus/plexus/plexus-utils/2.0.6/plexus-utils-2.0.6.jar
Download https://jcenter.bintray.com/org/ow2/asm/asm-commons/5.0.3/asm-commons-5.0.3.jar
Download https://jcenter.bintray.com/org/ow2/asm/asm-tree/5.0.3/asm-tree-5.0.3.jar
Download https://jcenter.bintray.com/org/apache/ant/ant/1.9.4/ant-1.9.4.jar
Download https://jcenter.bintray.com/org/jdom/jdom2/2.0.5/jdom2-2.0.5.jar
:pg:preprocessJava
Download https://repo1.maven.org/maven2/com/igormaznitsa/jcp/6.0.1/jcp-6.0.1.pom
Download https://repo1.maven.org/maven2/org/apache/maven/maven-core/3.0.3/maven-core-3.0.3.pom
Download https://repo1.maven.org/maven2/org/apache/maven/maven-plugin-api/3.0.3/maven-plugin-api-3.0.3.pom
Download https://repo1.maven.org/maven2/org/apache/maven/shared/file-management/1.2.1/file-management-1.2.1.pom
Download https://repo1.maven.org/maven2/org/apache/ant/ant/1.8.2/ant-1.8.2.pom
Download https://repo1.maven.org/maven2/org/apache/maven/maven/3.0.3/maven-3.0.3.pom
Download https://repo1.maven.org/maven2/org/apache/maven/shared/maven-shared-components/10/maven-shared-components-10.pom
Download https://repo1.maven.org/maven2/org/apache/ant/ant-parent/1.8.2/ant-parent-1.8.2.pom
Download https://repo1.maven.org/maven2/org/apache/maven/maven-parent/15/maven-parent-15.pom
Download https://repo1.maven.org/maven2/org/apache/maven/maven-parent/9/maven-parent-9.pom
Download https://repo1.maven.org/maven2/org/apache/apache/6/apache-6.pom
Download https://repo1.maven.org/maven2/org/apache/apache/4/apache-4.pom
Download https://repo1.maven.org/maven2/org/sonatype/sisu/sisu-inject-plexus/2.1.1/sisu-inject-plexus-2.1.1.pom
Download https://repo1.maven.org/maven2/org/apache/maven/maven-model/3.0.3/maven-model-3.0.3.pom
Download https://repo1.maven.org/maven2/org/apache/maven/maven-artifact/3.0.3/maven-artifact-3.0.3.pom
Download https://repo1.maven.org/maven2/org/sonatype/sisu/inject/guice-plexus/2.1.1/guice-plexus-2.1.1.pom
Download https://repo1.maven.org/maven2/org/sonatype/sisu/inject/guice-bean/2.1.1/guice-bean-2.1.1.pom
Download https://repo1.maven.org/maven2/org/sonatype/sisu/sisu-inject/2.1.1/sisu-inject-2.1.1.pom
Download https://repo1.maven.org/maven2/org/sonatype/sisu/sisu-parent/2.1.1/sisu-parent-2.1.1.pom
Download https://repo1.maven.org/maven2/org/sonatype/forge/forge-parent/7/forge-parent-7.pom
Download https://repo1.maven.org/maven2/org/apache/maven/maven-repository-metadata/3.0.3/maven-repository-metadata-3.0.3.pom
Download https://repo1.maven.org/maven2/org/apache/maven/maven-settings/3.0.3/maven-settings-3.0.3.pom
Download https://repo1.maven.org/maven2/org/apache/maven/maven-settings-builder/3.0.3/maven-settings-builder-3.0.3.pom
Download https://repo1.maven.org/maven2/org/apache/maven/maven-model-builder/3.0.3/maven-model-builder-3.0.3.pom
Download https://repo1.maven.org/maven2/org/codehaus/plexus/plexus-component-annotations/1.5.5/plexus-component-annotations-1.5.5.pom
Download https://repo1.maven.org/maven2/org/apache/maven/maven-aether-provider/3.0.3/maven-aether-provider-3.0.3.pom
Download https://repo1.maven.org/maven2/org/codehaus/plexus/plexus-interpolation/1.14/plexus-interpolation-1.14.pom
Download https://repo1.maven.org/maven2/org/sonatype/aether/aether-api/1.11/aether-api-1.11.pom
Download https://repo1.maven.org/maven2/org/sonatype/plexus/plexus-sec-dispatcher/1.3/plexus-sec-dispatcher-1.3.pom
Download https://repo1.maven.org/maven2/org/sonatype/aether/aether-util/1.11/aether-util-1.11.pom
Download https://repo1.maven.org/maven2/org/codehaus/plexus/plexus-classworlds/2.4/plexus-classworlds-2.4.pom
Download https://repo1.maven.org/maven2/org/sonatype/aether/aether-impl/1.11/aether-impl-1.11.pom
Download https://repo1.maven.org/maven2/org/sonatype/spice/spice-parent/12/spice-parent-12.pom
Download https://repo1.maven.org/maven2/org/sonatype/aether/aether-parent/1.11/aether-parent-1.11.pom
Download https://repo1.maven.org/maven2/org/codehaus/plexus/plexus-components/1.1.18/plexus-components-1.1.18.pom
Download https://repo1.maven.org/maven2/org/codehaus/plexus/plexus-containers/1.5.5/plexus-containers-1.5.5.pom
Download https://repo1.maven.org/maven2/org/sonatype/forge/forge-parent/4/forge-parent-4.pom
Download https://repo1.maven.org/maven2/org/sonatype/forge/forge-parent/6/forge-parent-6.pom
Download https://repo1.maven.org/maven2/org/apache/ant/ant-launcher/1.8.2/ant-launcher-1.8.2.pom
Download https://repo1.maven.org/maven2/org/codehaus/plexus/plexus-container-default/1.0-alpha-9/plexus-container-default-1.0-alpha-9.pom
Download https://repo1.maven.org/maven2/org/apache/maven/shared/maven-shared-io/1.1/maven-shared-io-1.1.pom
Download https://repo1.maven.org/maven2/org/codehaus/plexus/plexus-containers/1.0.3/plexus-containers-1.0.3.pom
Download https://repo1.maven.org/maven2/org/codehaus/plexus/plexus/1.0.4/plexus-1.0.4.pom
Download https://repo1.maven.org/maven2/org/apache/maven/shared/maven-shared-components/8/maven-shared-components-8.pom
Download https://repo1.maven.org/maven2/org/apache/maven/maven-parent/7/maven-parent-7.pom
Download https://repo1.maven.org/maven2/org/sonatype/sisu/sisu-inject-bean/2.1.1/sisu-inject-bean-2.1.1.pom
Download https://repo1.maven.org/maven2/org/sonatype/aether/aether-spi/1.11/aether-spi-1.11.pom
Download https://repo1.maven.org/maven2/org/sonatype/plexus/plexus-cipher/1.4/plexus-cipher-1.4.pom
Download https://repo1.maven.org/maven2/org/apache/maven/wagon/wagon-provider-api/1.0-alpha-6/wagon-provider-api-1.0-alpha-6.pom
Download https://repo1.maven.org/maven2/org/apache/maven/maven-artifact-manager/2.0.2/maven-artifact-manager-2.0.2.pom
Download https://repo1.maven.org/maven2/org/apache/maven/wagon/wagon/1.0-alpha-6/wagon-1.0-alpha-6.pom
Download https://repo1.maven.org/maven2/org/apache/maven/maven/2.0.2/maven-2.0.2.pom
Download https://repo1.maven.org/maven2/junit/junit/3.8.1/junit-3.8.1.pom
Download https://repo1.maven.org/maven2/classworlds/classworlds/1.1-alpha-2/classworlds-1.1-alpha-2.pom
Download https://repo1.maven.org/maven2/org/sonatype/sisu/sisu-guice/2.9.4/sisu-guice-2.9.4.pom
Download https://repo1.maven.org/maven2/org/sonatype/sisu/inject/guice-parent/2.9.4/guice-parent-2.9.4.pom
Download https://repo1.maven.org/maven2/org/apache/maven/maven-model/3.0.3/maven-model-3.0.3.jar
Download https://repo1.maven.org/maven2/org/apache/maven/maven-settings-builder/3.0.3/maven-settings-builder-3.0.3.jar
Download https://repo1.maven.org/maven2/org/apache/maven/shared/file-management/1.2.1/file-management-1.2.1.jar
Download https://repo1.maven.org/maven2/org/apache/maven/maven-core/3.0.3/maven-core-3.0.3.jar
Download https://repo1.maven.org/maven2/org/apache/maven/maven-model-builder/3.0.3/maven-model-builder-3.0.3.jar
Download https://repo1.maven.org/maven2/com/igormaznitsa/jcp/6.0.1/jcp-6.0.1.jar
Download https://repo1.maven.org/maven2/org/sonatype/aether/aether-spi/1.11/aether-spi-1.11.jar
Download https://repo1.maven.org/maven2/org/apache/ant/ant-launcher/1.8.2/ant-launcher-1.8.2.jar
Download https://repo1.maven.org/maven2/org/codehaus/plexus/plexus-component-annotations/1.5.5/plexus-component-annotations-1.5.5.jar
Download https://repo1.maven.org/maven2/org/sonatype/plexus/plexus-cipher/1.4/plexus-cipher-1.4.jar
Download https://repo1.maven.org/maven2/org/apache/maven/maven-aether-provider/3.0.3/maven-aether-provider-3.0.3.jar
Download https://repo1.maven.org/maven2/org/sonatype/plexus/plexus-sec-dispatcher/1.3/plexus-sec-dispatcher-1.3.jar
Download https://repo1.maven.org/maven2/org/codehaus/plexus/plexus-interpolation/1.14/plexus-interpolation-1.14.jar
Download https://repo1.maven.org/maven2/org/sonatype/aether/aether-impl/1.11/aether-impl-1.11.jar
Download https://repo1.maven.org/maven2/org/apache/maven/maven-settings/3.0.3/maven-settings-3.0.3.jar
Download https://repo1.maven.org/maven2/org/apache/ant/ant/1.8.2/ant-1.8.2.jar
Download https://repo1.maven.org/maven2/junit/junit/3.8.1/junit-3.8.1.jar
Download https://repo1.maven.org/maven2/org/apache/maven/maven-artifact/3.0.3/maven-artifact-3.0.3.jar
Download https://repo1.maven.org/maven2/org/sonatype/sisu/sisu-inject-plexus/2.1.1/sisu-inject-plexus-2.1.1.jar
Download https://repo1.maven.org/maven2/org/sonatype/sisu/sisu-guice/2.9.4/sisu-guice-2.9.4-no_aop.jar
Download https://repo1.maven.org/maven2/org/codehaus/plexus/plexus-container-default/1.0-alpha-9/plexus-container-default-1.0-alpha-9.jar
Download https://repo1.maven.org/maven2/org/sonatype/aether/aether-util/1.11/aether-util-1.11.jar
Download https://repo1.maven.org/maven2/org/apache/maven/shared/maven-shared-io/1.1/maven-shared-io-1.1.jar
Download https://repo1.maven.org/maven2/org/apache/maven/wagon/wagon-provider-api/1.0-alpha-6/wagon-provider-api-1.0-alpha-6.jar
Download https://repo1.maven.org/maven2/org/sonatype/sisu/sisu-inject-bean/2.1.1/sisu-inject-bean-2.1.1.jar
Download https://repo1.maven.org/maven2/org/codehaus/plexus/plexus-classworlds/2.4/plexus-classworlds-2.4.jar
Download https://repo1.maven.org/maven2/org/apache/maven/maven-plugin-api/3.0.3/maven-plugin-api-3.0.3.jar
Download https://repo1.maven.org/maven2/org/apache/maven/maven-repository-metadata/3.0.3/maven-repository-metadata-3.0.3.jar
Download https://repo1.maven.org/maven2/org/apache/maven/maven-artifact-manager/2.0.2/maven-artifact-manager-2.0.2.jar
Download https://repo1.maven.org/maven2/classworlds/classworlds/1.1-alpha-2/classworlds-1.1-alpha-2.jar
Download https://repo1.maven.org/maven2/org/sonatype/aether/aether-api/1.11/aether-api-1.11.jar
Preproces: upstream/pgjdbc/src/main/java -> /home/travis/build/failed/crate/crate-jdbc/pg/build/jcp/main/java
Preproces: upstream/pgjdbc/src/main/resources -> /home/travis/build/failed/crate/crate-jdbc/pg/build/jcp/main/resources
:pg:compileJava
Download https://repo1.maven.org/maven2/net/java/dev/jna/jna/4.2.1/jna-4.2.1.pom
Download https://repo1.maven.org/maven2/org/osgi/org.osgi.core/4.3.1/org.osgi.core-4.3.1.pom
Download https://repo1.maven.org/maven2/net/java/dev/jna/jna-platform/4.2.1/jna-platform-4.2.1.pom
Download https://repo1.maven.org/maven2/org/osgi/org.osgi.enterprise/4.2.0/org.osgi.enterprise-4.2.0.pom
Download https://repo1.maven.org/maven2/org/slf4j/jcl-over-slf4j/1.7.12/jcl-over-slf4j-1.7.12.pom
Download https://repo1.maven.org/maven2/com/fasterxml/jackson/core/jackson-databind/2.5.3/jackson-databind-2.5.3.pom
Download https://repo1.maven.org/maven2/com/github/dblock/waffle/waffle-jna/1.7.5/waffle-jna-1.7.5.pom
Download https://repo1.maven.org/maven2/org/slf4j/slf4j-parent/1.7.12/slf4j-parent-1.7.12.pom
Download https://repo1.maven.org/maven2/com/fasterxml/jackson/jackson-parent/2.5.1/jackson-parent-2.5.1.pom
Download https://repo1.maven.org/maven2/com/fasterxml/oss-parent/19/oss-parent-19.pom
Download https://repo1.maven.org/maven2/com/github/dblock/waffle/waffle-parent/1.7.5/waffle-parent-1.7.5.pom
Download https://repo1.maven.org/maven2/com/google/guava/guava/18.0/guava-18.0.pom
Download https://repo1.maven.org/maven2/org/slf4j/slf4j-api/1.7.12/slf4j-api-1.7.12.pom
Download https://repo1.maven.org/maven2/com/google/guava/guava-parent/18.0/guava-parent-18.0.pom
Download https://repo1.maven.org/maven2/org/sonatype/oss/oss-parent/7/oss-parent-7.pom
Download https://repo1.maven.org/maven2/com/fasterxml/jackson/core/jackson-core/2.5.3/jackson-core-2.5.3.pom
Download https://repo1.maven.org/maven2/com/fasterxml/jackson/core/jackson-annotations/2.5.0/jackson-annotations-2.5.0.pom
Download https://repo1.maven.org/maven2/com/fasterxml/jackson/jackson-parent/2.5/jackson-parent-2.5.pom
Download https://repo1.maven.org/maven2/com/fasterxml/oss-parent/18/oss-parent-18.pom
Download https://repo1.maven.org/maven2/org/slf4j/jcl-over-slf4j/1.7.12/jcl-over-slf4j-1.7.12.jar
Download https://repo1.maven.org/maven2/com/github/dblock/waffle/waffle-jna/1.7.5/waffle-jna-1.7.5.jar
Download https://repo1.maven.org/maven2/net/java/dev/jna/jna/4.2.1/jna-4.2.1.jar
Download https://repo1.maven.org/maven2/net/java/dev/jna/jna-platform/4.2.1/jna-platform-4.2.1.jar
Download https://repo1.maven.org/maven2/org/osgi/org.osgi.core/4.3.1/org.osgi.core-4.3.1.jar
Download https://repo1.maven.org/maven2/com/fasterxml/jackson/core/jackson-databind/2.5.3/jackson-databind-2.5.3.jar
Download https://repo1.maven.org/maven2/com/google/guava/guava/18.0/guava-18.0.jar
Download https://repo1.maven.org/maven2/org/slf4j/slf4j-api/1.7.12/slf4j-api-1.7.12.jar
Download https://repo1.maven.org/maven2/com/fasterxml/jackson/core/jackson-annotations/2.5.0/jackson-annotations-2.5.0.jar
Download https://repo1.maven.org/maven2/com/fasterxml/jackson/core/jackson-core/2.5.3/jackson-core-2.5.3.jar
Download https://repo1.maven.org/maven2/org/osgi/org.osgi.enterprise/4.2.0/org.osgi.enterprise-4.2.0.jar
Picked up _JAVA_OPTIONS: -Xmx2048m -Xms512m
Note: Some input files use or override a deprecated API.
Note: Recompile with -Xlint:deprecation for details.
Note: Some input files use unchecked or unsafe operations.
Note: Recompile with -Xlint:unchecked for details.
:pg:processResources
:pg:classes
:pg:jar
:compileJavawarning: [options] bootstrap class path not set in conjunction with -source 1.7
1 warning

:processResources
:classes
:compileTestJava
Download https://repo1.maven.org/maven2/org/hamcrest/hamcrest-all/1.3/hamcrest-all-1.3.pom
Download https://repo1.maven.org/maven2/junit/junit/4.12/junit-4.12.pom
Download https://repo1.maven.org/maven2/org/mockito/mockito-core/2.2.3/mockito-core-2.2.3.pom
Download https://repo1.maven.org/maven2/com/carrotsearch/randomizedtesting/randomizedtesting-runner/2.1.11/randomizedtesting-runner-2.1.11.pom
Download https://repo1.maven.org/maven2/org/hamcrest/hamcrest-parent/1.3/hamcrest-parent-1.3.pom
Download https://repo1.maven.org/maven2/com/carrotsearch/randomizedtesting/randomizedtesting-parent/2.1.11/randomizedtesting-parent-2.1.11.pom
Download https://repo1.maven.org/maven2/org/sonatype/oss/oss-parent/9/oss-parent-9.pom
Download https://jcenter.bintray.com/io/crate/crate-testing/0.6.1/crate-testing-0.6.1.pom
Download https://repo1.maven.org/maven2/org/apache/commons/commons-compress/1.2/commons-compress-1.2.pom
Download https://repo1.maven.org/maven2/com/google/code/gson/gson/1.7.2/gson-1.7.2.pom
Download https://repo1.maven.org/maven2/org/apache/commons/commons-parent/20/commons-parent-20.pom
Download https://repo1.maven.org/maven2/org/sonatype/oss/oss-parent/5/oss-parent-5.pom
Download https://repo1.maven.org/maven2/net/bytebuddy/byte-buddy-agent/1.4.26/byte-buddy-agent-1.4.26.pom
Download https://repo1.maven.org/maven2/net/bytebuddy/byte-buddy/1.4.26/byte-buddy-1.4.26.pom
Download https://repo1.maven.org/maven2/org/objenesis/objenesis/2.4/objenesis-2.4.pom
Download https://repo1.maven.org/maven2/org/objenesis/objenesis-parent/2.4/objenesis-parent-2.4.pom
Download https://repo1.maven.org/maven2/net/bytebuddy/byte-buddy-parent/1.4.26/byte-buddy-parent-1.4.26.pom
Download https://repo1.maven.org/maven2/org/hamcrest/hamcrest-core/1.3/hamcrest-core-1.3.pom
Download https://repo1.maven.org/maven2/junit/junit/4.12/junit-4.12.jar
Download https://repo1.maven.org/maven2/com/google/code/gson/gson/1.7.2/gson-1.7.2.jar
Download https://repo1.maven.org/maven2/com/carrotsearch/randomizedtesting/randomizedtesting-runner/2.1.11/randomizedtesting-runner-2.1.11.jar
Download https://repo1.maven.org/maven2/org/hamcrest/hamcrest-all/1.3/hamcrest-all-1.3.jar
Download https://repo1.maven.org/maven2/org/objenesis/objenesis/2.4/objenesis-2.4.jar
Download https://repo1.maven.org/maven2/org/hamcrest/hamcrest-core/1.3/hamcrest-core-1.3.jar
Download https://repo1.maven.org/maven2/net/bytebuddy/byte-buddy-agent/1.4.26/byte-buddy-agent-1.4.26.jar
Download https://repo1.maven.org/maven2/org/apache/commons/commons-compress/1.2/commons-compress-1.2.jar
Download https://repo1.maven.org/maven2/org/mockito/mockito-core/2.2.3/mockito-core-2.2.3.jar
Download https://jcenter.bintray.com/io/crate/crate-testing/0.6.1/crate-testing-0.6.1.jar
Download https://repo1.maven.org/maven2/net/bytebuddy/byte-buddy/1.4.26/byte-buddy-1.4.26.jar
warning: [options] bootstrap class path not set in conjunction with -source 1.7
1 warning
:processTestResources NO-SOURCE
:testClasses
:pg:compileTestJava NO-SOURCE
:pg:processTestResources NO-SOURCE
:pg:testClasses UP-TO-DATE

BUILD SUCCESSFUL in 26s
7 actionable tasks: 7 executed

travis_time:end:04444200:start=1614514608564909069,finish=1614514636359164969,duration=27794255900[0Ktravis_fold:end:install[0Ktravis_time:start:03eef5d5[0K$ ./gradlew test -s
Picked up _JAVA_OPTIONS: -Xmx2048m -Xms512m
Starting a Gradle Daemon, 1 incompatible Daemon could not be reused, use --status for details
:pg:preprocessJava
Preproces: upstream/pgjdbc/src/main/java -> /home/travis/build/failed/crate/crate-jdbc/pg/build/jcp/main/java
Preproces: upstream/pgjdbc/src/main/resources -> /home/travis/build/failed/crate/crate-jdbc/pg/build/jcp/main/resources
:pg:compileJavaPicked up _JAVA_OPTIONS: -Xmx2048m -Xms512m
Note: Some input files use or override a deprecated API.
Note: Recompile with -Xlint:deprecation for details.
Note: Some input files use unchecked or unsafe operations.
Note: Recompile with -Xlint:unchecked for details.

:pg:processResources UP-TO-DATE
:pg:classes
:pg:jar UP-TO-DATE
:compileJava
:processResources UP-TO-DATE
:classes
:compileTestJava
:processTestResources NO-SOURCE
:testClasses
:testPicked up _JAVA_OPTIONS: -Xmx2048m -Xms512m


io.crate.client.jdbc.integrationtests.CrateJDBCByPassSpecSettingTest STANDARD_OUT
    Downloading Crate VERSION[0.57.6] to: /tmp/crate.testing/downloads/crate-0.57.6.tar.gz.part-8dc70b62-b443-4762-981f-846be40e2552
    Starting crate server process...
Picked up _JAVA_OPTIONS: -Xmx2048m -Xms512m
[2021-02-28 12:17:40,050][WARN ][bootstrap                ] unable to install syscall filter: seccomp unavailable: your kernel is buggy and you should upgrade
[2021-02-28 12:17:40,248][INFO ][node                     ] [Rognosa di Sestriere] version[2.4.2], pid[2909], build[${build/NA]
[2021-02-28 12:17:40,248][INFO ][node                     ] [Rognosa di Sestriere] initializing ...
[2021-02-28 12:17:40,568][INFO ][io.crate.plugin          ] [Rognosa di Sestriere] plugins loaded: [crate-sigar] 
[2021-02-28 12:17:41,368][INFO ][plugins                  ] [Rognosa di Sestriere] modules [], plugins [blob, udc, crate-azure-discovery, crate-core, repository-hdfs, discovery-multicast, crate-admin-ui, cloud-aws, crate, discovery-srv, admin-ui], sites [crate-admin-ui]
[2021-02-28 12:17:41,398][INFO ][env                      ] [Rognosa di Sestriere] using [1] data paths, mounts [[/ (overlay)]], net usable_space [82.3tb], net total_space [90.9tb], spins? [possibly], types [overlay]
[2021-02-28 12:17:41,398][INFO ][env                      ] [Rognosa di Sestriere] heap size [1.9gb], compressed ordinary object pointers [true]
[2021-02-28 12:17:41,398][WARN ][env                      ] [Rognosa di Sestriere] max file descriptors [30000] for elasticsearch process likely too low, consider increasing to at least [65536]
[2021-02-28 12:17:41,637][INFO ][http                     ] [Rognosa di Sestriere] Using [io.crate.http.netty.CrateNettyHttpServerTransport] as http transport, overridden by [crate]
[2021-02-28 12:17:41,649][INFO ][plugin.hadoop.hdfs       ] Loaded Hadoop [Unknown] libraries from file:/tmp/crate.testing/working/crate-0.57.6_8dc70b62-b443-4762-981f-846be40e2552/plugins/elasticsearch-repository-hdfs/
[2021-02-28 12:17:41,704][INFO ][io.crate.module          ] [Rognosa di Sestriere] configuring crate. version: 0.57.6
[2021-02-28 12:17:41,920][INFO ][io.crate.module          ] [Rognosa di Sestriere] configuring crate. version: 0.57.6
[2021-02-28 12:17:43,370][INFO ][io.crate.operation.reference.sys.cluster.ClusterSettingsExpression$ApplySettings] updating [psql.port] from [5432-5532] to [5470]
[2021-02-28 12:17:44,162][INFO ][io.crate.rest            ] [Rognosa di Sestriere] Elasticsearch HTTP REST API not enabled
[2021-02-28 12:17:44,229][INFO ][node                     ] [Rognosa di Sestriere] initialized
[2021-02-28 12:17:44,229][INFO ][node                     ] [Rognosa di Sestriere] starting ...
[2021-02-28 12:17:44,432][INFO ][psql                     ] [Rognosa di Sestriere] publish_address {127.0.0.1:5470}, bound_addresses {127.0.0.1:5470}
[2021-02-28 12:17:44,433][INFO ][io.crate.blob.BlobService] [Rognosa di Sestriere] BlobService.doStart() io.crate.blob.BlobService@9c7b5ea
[2021-02-28 12:17:44,498][INFO ][http                     ] [Rognosa di Sestriere] publish_address {127.0.0.1:4505}, bound_addresses {127.0.0.1:4505}
[2021-02-28 12:17:44,558][INFO ][transport                ] [Rognosa di Sestriere] publish_address {127.0.0.1:4233}, bound_addresses {127.0.0.1:4233}
[2021-02-28 12:17:44,594][INFO ][discovery                ] [Rognosa di Sestriere] TestingCluster/Z_n_Bz91S3qulUs34D6xyw
    Stopping crate server process...
[2021-02-28 12:17:45,533][INFO ][node                     ] [Rognosa di Sestriere] stopping ...
[2021-02-28 12:17:45,596][INFO ][node                     ] [Rognosa di Sestriere] stopped
[2021-02-28 12:17:45,596][INFO ][node                     ] [Rognosa di Sestriere] closing ...
[2021-02-28 12:17:45,603][INFO ][node                     ] [Rognosa di Sestriere] closed

io.crate.client.jdbc.integrationtests.CrateJDBCConnectionTest STANDARD_OUT
    No need to download crate. Already downloaded VERSION[0.57.6] to: /tmp/crate.testing/downloads/crate-0.57.6.tar.gz
    Starting crate server process...
Picked up _JAVA_OPTIONS: -Xmx2048m -Xms512m
[2021-02-28 12:17:47,110][WARN ][bootstrap                ] unable to install syscall filter: seccomp unavailable: your kernel is buggy and you should upgrade
[2021-02-28 12:17:47,297][INFO ][node                     ] [Wannig] version[2.4.2], pid[3254], build[${build/NA]
[2021-02-28 12:17:47,297][INFO ][node                     ] [Wannig] initializing ...
[2021-02-28 12:17:47,532][INFO ][io.crate.plugin          ] [Wannig] plugins loaded: [crate-sigar] 
[2021-02-28 12:17:48,206][INFO ][plugins                  ] [Wannig] modules [], plugins [blob, udc, crate-azure-discovery, crate-core, repository-hdfs, discovery-multicast, crate-admin-ui, cloud-aws, crate, discovery-srv, admin-ui], sites [crate-admin-ui]
[2021-02-28 12:17:48,224][INFO ][env                      ] [Wannig] using [1] data paths, mounts [[/ (overlay)]], net usable_space [82.3tb], net total_space [90.9tb], spins? [possibly], types [overlay]
[2021-02-28 12:17:48,224][INFO ][env                      ] [Wannig] heap size [1.9gb], compressed ordinary object pointers [true]
[2021-02-28 12:17:48,225][WARN ][env                      ] [Wannig] max file descriptors [30000] for elasticsearch process likely too low, consider increasing to at least [65536]
[2021-02-28 12:17:48,420][INFO ][http                     ] [Wannig] Using [io.crate.http.netty.CrateNettyHttpServerTransport] as http transport, overridden by [crate]
[2021-02-28 12:17:48,429][INFO ][plugin.hadoop.hdfs       ] Loaded Hadoop [Unknown] libraries from file:/tmp/crate.testing/working/crate-0.57.6_549cd424-af7f-4f50-b0a5-1dcadfb5ce6b/plugins/elasticsearch-repository-hdfs/
[2021-02-28 12:17:48,476][INFO ][io.crate.module          ] [Wannig] configuring crate. version: 0.57.6
[2021-02-28 12:17:48,673][INFO ][io.crate.module          ] [Wannig] configuring crate. version: 0.57.6
[2021-02-28 12:17:49,950][INFO ][io.crate.operation.reference.sys.cluster.ClusterSettingsExpression$ApplySettings] updating [psql.port] from [5432-5532] to [5436]
[2021-02-28 12:17:50,707][INFO ][io.crate.rest            ] [Wannig] Elasticsearch HTTP REST API not enabled
[2021-02-28 12:17:50,768][INFO ][node                     ] [Wannig] initialized
[2021-02-28 12:17:50,768][INFO ][node                     ] [Wannig] starting ...
[2021-02-28 12:17:50,961][INFO ][psql                     ] [Wannig] publish_address {127.0.0.1:5436}, bound_addresses {127.0.0.1:5436}
[2021-02-28 12:17:50,961][INFO ][io.crate.blob.BlobService] [Wannig] BlobService.doStart() io.crate.blob.BlobService@659b2d38
[2021-02-28 12:17:51,026][INFO ][http                     ] [Wannig] publish_address {127.0.0.1:4576}, bound_addresses {127.0.0.1:4576}
[2021-02-28 12:17:51,091][INFO ][transport                ] [Wannig] publish_address {127.0.0.1:4217}, bound_addresses {127.0.0.1:4217}
[2021-02-28 12:17:51,098][INFO ][discovery                ] [Wannig] TestingCluster/iEvZnfm1SUiUOr0tlXPgNg
[2021-02-28 12:17:52,212][DEBUG][action.admin.indices.create] [Wannig] no known master node, scheduling a retry
[2021-02-28 12:17:54,134][INFO ][cluster.service          ] [Wannig] new_master {Wannig}{iEvZnfm1SUiUOr0tlXPgNg}{127.0.0.1}{127.0.0.1:4217}{http_address=127.0.0.1:4576, info.extended.type=sigar}, reason: zen-disco-join(elected_as_master, [0] joins received)
[2021-02-28 12:17:54,141][INFO ][node                     ] [Wannig] started
[2021-02-28 12:17:54,189][INFO ][gateway                  ] [Wannig] recovered [0] indices into cluster_state
[2021-02-28 12:17:54,428][INFO ][cluster.metadata         ] [Wannig] [test] creating index, cause [api], templates [], shards [1]/[0], mappings [default]
[2021-02-28 12:17:54,661][INFO ][cluster.routing.allocation] [Wannig] Cluster health status changed from [RED] to [GREEN] (reason: [shards started [[test][0]] ...]).
[2021-02-28 12:17:55,768][DEBUG][action.bulk              ] create new coordinator for node iEvZnfm1SUiUOr0tlXPgNg and shard [test][0]

io.crate.client.jdbc.integrationtests.CrateJDBCConnectionTest > testExecuteBatchPreparedStatementFailBulkTypes FAILED
    java.lang.AssertionError at CrateJDBCConnectionTest.java:284

io.crate.client.jdbc.integrationtests.CrateJDBCConnectionTest STANDARD_OUT
    Stopping crate server process...
[2021-02-28 12:17:56,122][INFO ][node                     ] [Wannig] stopping ...
[2021-02-28 12:17:56,206][INFO ][node                     ] [Wannig] stopped
[2021-02-28 12:17:56,207][INFO ][node                     ] [Wannig] closing ...
[2021-02-28 12:17:56,216][INFO ][node                     ] [Wannig] closed

io.crate.client.jdbc.integrationtests.CrateJDBCDriverTest STANDARD_OUT
    No need to download crate. Already downloaded VERSION[0.57.6] to: /tmp/crate.testing/downloads/crate-0.57.6.tar.gz
    Starting crate server process...
Picked up _JAVA_OPTIONS: -Xmx2048m -Xms512m
[2021-02-28 12:17:57,522][WARN ][bootstrap                ] unable to install syscall filter: seccomp unavailable: your kernel is buggy and you should upgrade
[2021-02-28 12:17:57,701][INFO ][node                     ] [Rosst√§llispitz] version[2.4.2], pid[3631], build[${build/NA]
[2021-02-28 12:17:57,701][INFO ][node                     ] [Rosst√§llispitz] initializing ...
[2021-02-28 12:17:57,948][INFO ][io.crate.plugin          ] [Rosst√§llispitz] plugins loaded: [crate-sigar] 
[2021-02-28 12:17:58,874][INFO ][plugins                  ] [Rosst√§llispitz] modules [], plugins [blob, udc, crate-azure-discovery, crate-core, repository-hdfs, discovery-multicast, crate-admin-ui, cloud-aws, crate, discovery-srv, admin-ui], sites [crate-admin-ui]
[2021-02-28 12:17:58,900][INFO ][env                      ] [Rosst√§llispitz] using [1] data paths, mounts [[/ (overlay)]], net usable_space [82.3tb], net total_space [90.9tb], spins? [possibly], types [overlay]
[2021-02-28 12:17:58,900][INFO ][env                      ] [Rosst√§llispitz] heap size [1.9gb], compressed ordinary object pointers [true]
[2021-02-28 12:17:58,900][WARN ][env                      ] [Rosst√§llispitz] max file descriptors [30000] for elasticsearch process likely too low, consider increasing to at least [65536]
[2021-02-28 12:17:59,176][INFO ][http                     ] [Rosst√§llispitz] Using [io.crate.http.netty.CrateNettyHttpServerTransport] as http transport, overridden by [crate]
[2021-02-28 12:17:59,187][INFO ][plugin.hadoop.hdfs       ] Loaded Hadoop [Unknown] libraries from file:/tmp/crate.testing/working/crate-0.57.6_3e5c64f2-9ed0-4f1a-9583-3cac0e4a961e/plugins/elasticsearch-repository-hdfs/
[2021-02-28 12:17:59,235][INFO ][io.crate.module          ] [Rosst√§llispitz] configuring crate. version: 0.57.6
[2021-02-28 12:17:59,437][INFO ][io.crate.module          ] [Rosst√§llispitz] configuring crate. version: 0.57.6
[2021-02-28 12:18:00,922][INFO ][io.crate.operation.reference.sys.cluster.ClusterSettingsExpression$ApplySettings] updating [psql.port] from [5432-5532] to [5466]
[2021-02-28 12:18:01,713][INFO ][io.crate.rest            ] [Rosst√§llispitz] Elasticsearch HTTP REST API not enabled
[2021-02-28 12:18:01,778][INFO ][node                     ] [Rosst√§llispitz] initialized
[2021-02-28 12:18:01,778][INFO ][node                     ] [Rosst√§llispitz] starting ...
[2021-02-28 12:18:01,957][INFO ][psql                     ] [Rosst√§llispitz] publish_address {127.0.0.1:5466}, bound_addresses {127.0.0.1:5466}
[2021-02-28 12:18:01,958][INFO ][io.crate.blob.BlobService] [Rosst√§llispitz] BlobService.doStart() io.crate.blob.BlobService@ba5418f
[2021-02-28 12:18:02,016][INFO ][http                     ] [Rosst√§llispitz] publish_address {127.0.0.1:4576}, bound_addresses {127.0.0.1:4576}
[2021-02-28 12:18:02,073][INFO ][transport                ] [Rosst√§llispitz] publish_address {127.0.0.1:4373}, bound_addresses {127.0.0.1:4373}
[2021-02-28 12:18:02,079][INFO ][discovery                ] [Rosst√§llispitz] TestingCluster/46a5_IkgSYOZV2aZRtJS1g
    Stopping crate server process...
[2021-02-28 12:18:02,717][INFO ][node                     ] [Rosst√§llispitz] stopping ...
[2021-02-28 12:18:02,775][INFO ][node                     ] [Rosst√§llispitz] stopped
[2021-02-28 12:18:02,775][INFO ][node                     ] [Rosst√§llispitz] closing ...
[2021-02-28 12:18:02,782][INFO ][node                     ] [Rosst√§llispitz] closed

io.crate.client.jdbc.integrationtests.CrateJDBCFetchSizeIntegrationTest STANDARD_OUT
    No need to download crate. Already downloaded VERSION[0.57.6] to: /tmp/crate.testing/downloads/crate-0.57.6.tar.gz
    Starting crate server process...
Picked up _JAVA_OPTIONS: -Xmx2048m -Xms512m
[2021-02-28 12:18:04,032][WARN ][bootstrap                ] unable to install syscall filter: seccomp unavailable: your kernel is buggy and you should upgrade
[2021-02-28 12:18:04,215][INFO ][node                     ] [Breithorn] version[2.4.2], pid[3975], build[${build/NA]
[2021-02-28 12:18:04,215][INFO ][node                     ] [Breithorn] initializing ...
[2021-02-28 12:18:04,455][INFO ][io.crate.plugin          ] [Breithorn] plugins loaded: [crate-sigar] 
[2021-02-28 12:18:05,478][INFO ][plugins                  ] [Breithorn] modules [], plugins [blob, udc, crate-azure-discovery, crate-core, repository-hdfs, discovery-multicast, crate-admin-ui, cloud-aws, crate, discovery-srv, admin-ui], sites [crate-admin-ui]
[2021-02-28 12:18:05,504][INFO ][env                      ] [Breithorn] using [1] data paths, mounts [[/ (overlay)]], net usable_space [82.3tb], net total_space [90.9tb], spins? [possibly], types [overlay]
[2021-02-28 12:18:05,504][INFO ][env                      ] [Breithorn] heap size [1.9gb], compressed ordinary object pointers [true]
[2021-02-28 12:18:05,504][WARN ][env                      ] [Breithorn] max file descriptors [30000] for elasticsearch process likely too low, consider increasing to at least [65536]
[2021-02-28 12:18:05,750][INFO ][http                     ] [Breithorn] Using [io.crate.http.netty.CrateNettyHttpServerTransport] as http transport, overridden by [crate]
[2021-02-28 12:18:05,761][INFO ][plugin.hadoop.hdfs       ] Loaded Hadoop [Unknown] libraries from file:/tmp/crate.testing/working/crate-0.57.6_4860b611-ec87-4e94-b8e5-20bf9893e00a/plugins/elasticsearch-repository-hdfs/
[2021-02-28 12:18:05,812][INFO ][io.crate.module          ] [Breithorn] configuring crate. version: 0.57.6
[2021-02-28 12:18:06,009][INFO ][io.crate.module          ] [Breithorn] configuring crate. version: 0.57.6
[2021-02-28 12:18:07,570][INFO ][io.crate.operation.reference.sys.cluster.ClusterSettingsExpression$ApplySettings] updating [psql.port] from [5432-5532] to [5516]
[2021-02-28 12:18:08,410][INFO ][io.crate.rest            ] [Breithorn] Elasticsearch HTTP REST API not enabled
[2021-02-28 12:18:08,494][INFO ][node                     ] [Breithorn] initialized
[2021-02-28 12:18:08,494][INFO ][node                     ] [Breithorn] starting ...
[2021-02-28 12:18:08,679][INFO ][psql                     ] [Breithorn] publish_address {127.0.0.1:5516}, bound_addresses {127.0.0.1:5516}
[2021-02-28 12:18:08,679][INFO ][io.crate.blob.BlobService] [Breithorn] BlobService.doStart() io.crate.blob.BlobService@c12cfb4
[2021-02-28 12:18:08,726][INFO ][http                     ] [Breithorn] publish_address {127.0.0.1:4582}, bound_addresses {127.0.0.1:4582}
[2021-02-28 12:18:08,787][INFO ][transport                ] [Breithorn] publish_address {127.0.0.1:4391}, bound_addresses {127.0.0.1:4391}
[2021-02-28 12:18:08,795][INFO ][discovery                ] [Breithorn] TestingCluster/tqw-vtE-Tsy3K7L-oyxtcw
    Stopping crate server process...
[2021-02-28 12:18:09,477][INFO ][node                     ] [Breithorn] stopping ...
[2021-02-28 12:18:10,315][WARN ][discovery.zen.ping.unicast] [Breithorn] failed to send ping to [{Breithorn}{tqw-vtE-Tsy3K7L-oyxtcw}{127.0.0.1}{127.0.0.1:4391}{http_address=127.0.0.1:4582, info.extended.type=sigar}]
SendRequestTransportException[[Breithorn][127.0.0.1:4391][internal:discovery/zen/unicast]]; nested: TransportException[TransportService is closed stopped can't send request];
	at org.elasticsearch.transport.TransportService.sendRequest(TransportService.java:336)
	at org.elasticsearch.discovery.zen.ping.unicast.UnicastZenPing.sendPingRequestToNode(UnicastZenPing.java:440)
	at org.elasticsearch.discovery.zen.ping.unicast.UnicastZenPing.sendPings(UnicastZenPing.java:426)
	at org.elasticsearch.discovery.zen.ping.unicast.UnicastZenPing$2.doRun(UnicastZenPing.java:249)
	at org.elasticsearch.common.util.concurrent.AbstractRunnable.run(AbstractRunnable.java:37)
	at java.util.concurrent.ThreadPoolExecutor.runWorker(ThreadPoolExecutor.java:1152)
	at java.util.concurrent.ThreadPoolExecutor$Worker.run(ThreadPoolExecutor.java:622)
	at java.lang.Thread.run(Thread.java:748)
Caused by: TransportException[TransportService is closed stopped can't send request]
	at org.elasticsearch.transport.TransportService.sendRequest(TransportService.java:316)
	... 7 more
[2021-02-28 12:18:10,315][WARN ][discovery.zen.ping.unicast] [Breithorn] failed to send ping to [{#zen_unicast_1#}{127.0.0.1}{127.0.0.1:4391}]
SendRequestTransportException[[Breithorn][127.0.0.1:4391][internal:discovery/zen/unicast]]; nested: TransportException[TransportService is closed stopped can't send request];
	at org.elasticsearch.transport.TransportService.sendRequest(TransportService.java:336)
	at org.elasticsearch.discovery.zen.ping.unicast.UnicastZenPing.sendPingRequestToNode(UnicastZenPing.java:440)
	at org.elasticsearch.discovery.zen.ping.unicast.UnicastZenPing.sendPings(UnicastZenPing.java:426)
	at org.elasticsearch.discovery.zen.ping.unicast.UnicastZenPing$2.doRun(UnicastZenPing.java:249)
	at org.elasticsearch.common.util.concurrent.AbstractRunnable.run(AbstractRunnable.java:37)
	at java.util.concurrent.ThreadPoolExecutor.runWorker(ThreadPoolExecutor.java:1152)
	at java.util.concurrent.ThreadPoolExecutor$Worker.run(ThreadPoolExecutor.java:622)
	at java.lang.Thread.run(Thread.java:748)
Caused by: TransportException[TransportService is closed stopped can't send request]
	at org.elasticsearch.transport.TransportService.sendRequest(TransportService.java:316)
	... 7 more
[2021-02-28 12:18:11,816][WARN ][discovery.zen.ping.unicast] [Breithorn] failed to send ping to [{#zen_unicast_1#}{127.0.0.1}{127.0.0.1:4391}]
SendRequestTransportException[[Breithorn][127.0.0.1:4391][internal:discovery/zen/unicast]]; nested: TransportException[TransportService is closed stopped can't send request];
	at org.elasticsearch.transport.TransportService.sendRequest(TransportService.java:336)
	at org.elasticsearch.discovery.zen.ping.unicast.UnicastZenPing.sendPingRequestToNode(UnicastZenPing.java:440)
	at org.elasticsearch.discovery.zen.ping.unicast.UnicastZenPing.sendPings(UnicastZenPing.java:426)
	at org.elasticsearch.discovery.zen.ping.unicast.UnicastZenPing$2$1.doRun(UnicastZenPing.java:253)
	at org.elasticsearch.common.util.concurrent.AbstractRunnable.run(AbstractRunnable.java:37)
	at java.util.concurrent.ThreadPoolExecutor.runWorker(ThreadPoolExecutor.java:1152)
	at java.util.concurrent.ThreadPoolExecutor$Worker.run(ThreadPoolExecutor.java:622)
	at java.lang.Thread.run(Thread.java:748)
Caused by: TransportException[TransportService is closed stopped can't send request]
	at org.elasticsearch.transport.TransportService.sendRequest(TransportService.java:316)
	... 7 more
[2021-02-28 12:18:11,816][WARN ][discovery.zen.ping.unicast] [Breithorn] failed to send ping to [{Breithorn}{tqw-vtE-Tsy3K7L-oyxtcw}{127.0.0.1}{127.0.0.1:4391}{http_address=127.0.0.1:4582, info.extended.type=sigar}]
SendRequestTransportException[[Breithorn][127.0.0.1:4391][internal:discovery/zen/unicast]]; nested: TransportException[TransportService is closed stopped can't send request];
	at org.elasticsearch.transport.TransportService.sendRequest(TransportService.java:336)
	at org.elasticsearch.discovery.zen.ping.unicast.UnicastZenPing.sendPingRequestToNode(UnicastZenPing.java:440)
	at org.elasticsearch.discovery.zen.ping.unicast.UnicastZenPing.sendPings(UnicastZenPing.java:426)
	at org.elasticsearch.discovery.zen.ping.unicast.UnicastZenPing$2$1.doRun(UnicastZenPing.java:253)
	at org.elasticsearch.common.util.concurrent.AbstractRunnable.run(AbstractRunnable.java:37)
	at java.util.concurrent.ThreadPoolExecutor.runWorker(ThreadPoolExecutor.java:1152)
	at java.util.concurrent.ThreadPoolExecutor$Worker.run(ThreadPoolExecutor.java:622)
	at java.lang.Thread.run(Thread.java:748)
Caused by: TransportException[TransportService is closed stopped can't send request]
	at org.elasticsearch.transport.TransportService.sendRequest(TransportService.java:316)
	... 7 more
[2021-02-28 12:18:15,721][WARN ][netty.channel.DefaultChannelPipeline] An exception was thrown by an exception handler.
java.util.concurrent.RejectedExecutionException: Worker has already been shutdown
	at org.jboss.netty.channel.socket.nio.AbstractNioSelector.registerTask(AbstractNioSelector.java:120)
	at org.jboss.netty.channel.socket.nio.AbstractNioWorker.executeInIoThread(AbstractNioWorker.java:72)
	at org.jboss.netty.channel.socket.nio.NioWorker.executeInIoThread(NioWorker.java:36)
	at org.jboss.netty.channel.socket.nio.AbstractNioWorker.executeInIoThread(AbstractNioWorker.java:56)
	at org.jboss.netty.channel.socket.nio.NioWorker.executeInIoThread(NioWorker.java:36)
	at org.jboss.netty.channel.socket.nio.AbstractNioChannelSink.execute(AbstractNioChannelSink.java:34)
	at org.jboss.netty.channel.DefaultChannelPipeline.execute(DefaultChannelPipeline.java:636)
	at org.jboss.netty.channel.Channels.fireExceptionCaughtLater(Channels.java:496)
	at org.jboss.netty.channel.AbstractChannelSink.exceptionCaught(AbstractChannelSink.java:46)
	at org.jboss.netty.channel.DefaultChannelPipeline.notifyHandlerException(DefaultChannelPipeline.java:658)
	at org.jboss.netty.channel.DefaultChannelPipeline.sendDownstream(DefaultChannelPipeline.java:577)
	at org.jboss.netty.channel.Channels.write(Channels.java:704)
	at org.jboss.netty.channel.Channels.write(Channels.java:671)
	at org.jboss.netty.channel.AbstractChannel.write(AbstractChannel.java:347)
	at io.crate.protocols.postgres.Messages.sendErrorResponse(Messages.java:259)
	at io.crate.protocols.postgres.ResultSetReceiver.fail(ResultSetReceiver.java:76)
	at io.crate.protocols.postgres.SimplePortal$ResultReceiverRetryWrapper.fail(SimplePortal.java:274)
	at io.crate.action.sql.RowReceiverToResultReceiver.fail(RowReceiverToResultReceiver.java:67)
	at io.crate.executor.transport.executionphases.InterceptingRowReceiver$1.onFailure(InterceptingRowReceiver.java:129)
	at io.crate.executor.MultiActionListener.countdown(MultiActionListener.java:68)
	at io.crate.executor.MultiActionListener.onFailure(MultiActionListener.java:59)
	at io.crate.executor.transport.DefaultTransportResponseHandler.handleException(DefaultTransportResponseHandler.java:62)
	at org.elasticsearch.transport.TransportService$3.doRun(TransportService.java:349)
	at org.elasticsearch.common.util.concurrent.AbstractRunnable.run(AbstractRunnable.java:37)
	at java.util.concurrent.ThreadPoolExecutor.runWorker(ThreadPoolExecutor.java:1152)
	at java.util.concurrent.ThreadPoolExecutor$Worker.run(ThreadPoolExecutor.java:622)
	at java.lang.Thread.run(Thread.java:748)
[2021-02-28 12:18:15,722][INFO ][node                     ] [Breithorn] stopped
[2021-02-28 12:18:15,723][INFO ][node                     ] [Breithorn] closing ...
[2021-02-28 12:18:15,731][INFO ][node                     ] [Breithorn] closed

io.crate.client.jdbc.integrationtests.CrateJDBCMetaDataIntegrationTest STANDARD_OUT
    No need to download crate. Already downloaded VERSION[0.57.6] to: /tmp/crate.testing/downloads/crate-0.57.6.tar.gz
    Starting crate server process...
Picked up _JAVA_OPTIONS: -Xmx2048m -Xms512m
[2021-02-28 12:18:17,070][WARN ][bootstrap                ] unable to install syscall filter: seccomp unavailable: your kernel is buggy and you should upgrade
[2021-02-28 12:18:17,303][INFO ][node                     ] [Aiguille du Plat de la Selle] version[2.4.2], pid[4322], build[${build/NA]
[2021-02-28 12:18:17,303][INFO ][node                     ] [Aiguille du Plat de la Selle] initializing ...
[2021-02-28 12:18:17,630][INFO ][io.crate.plugin          ] [Aiguille du Plat de la Selle] plugins loaded: [crate-sigar] 
[2021-02-28 12:18:18,637][INFO ][plugins                  ] [Aiguille du Plat de la Selle] modules [], plugins [blob, udc, crate-azure-discovery, crate-core, repository-hdfs, discovery-multicast, crate-admin-ui, cloud-aws, crate, discovery-srv, admin-ui], sites [crate-admin-ui]
[2021-02-28 12:18:18,668][INFO ][env                      ] [Aiguille du Plat de la Selle] using [1] data paths, mounts [[/ (overlay)]], net usable_space [82.3tb], net total_space [90.9tb], spins? [possibly], types [overlay]
[2021-02-28 12:18:18,668][INFO ][env                      ] [Aiguille du Plat de la Selle] heap size [1.9gb], compressed ordinary object pointers [true]
[2021-02-28 12:18:18,669][WARN ][env                      ] [Aiguille du Plat de la Selle] max file descriptors [30000] for elasticsearch process likely too low, consider increasing to at least [65536]
[2021-02-28 12:18:18,959][INFO ][http                     ] [Aiguille du Plat de la Selle] Using [io.crate.http.netty.CrateNettyHttpServerTransport] as http transport, overridden by [crate]
[2021-02-28 12:18:18,973][INFO ][plugin.hadoop.hdfs       ] Loaded Hadoop [Unknown] libraries from file:/tmp/crate.testing/working/crate-0.57.6_e219e052-f223-4ef5-819d-9542367b4dc5/plugins/elasticsearch-repository-hdfs/
[2021-02-28 12:18:19,038][INFO ][io.crate.module          ] [Aiguille du Plat de la Selle] configuring crate. version: 0.57.6
[2021-02-28 12:18:19,305][INFO ][io.crate.module          ] [Aiguille du Plat de la Selle] configuring crate. version: 0.57.6
[2021-02-28 12:18:20,950][INFO ][io.crate.operation.reference.sys.cluster.ClusterSettingsExpression$ApplySettings] updating [psql.port] from [5432-5532] to [5451]
[2021-02-28 12:18:21,741][INFO ][io.crate.rest            ] [Aiguille du Plat de la Selle] Elasticsearch HTTP REST API not enabled
[2021-02-28 12:18:21,817][INFO ][node                     ] [Aiguille du Plat de la Selle] initialized
[2021-02-28 12:18:21,817][INFO ][node                     ] [Aiguille du Plat de la Selle] starting ...
[2021-02-28 12:18:21,988][INFO ][psql                     ] [Aiguille du Plat de la Selle] publish_address {127.0.0.1:5451}, bound_addresses {127.0.0.1:5451}
[2021-02-28 12:18:21,989][INFO ][io.crate.blob.BlobService] [Aiguille du Plat de la Selle] BlobService.doStart() io.crate.blob.BlobService@1113b1a
[2021-02-28 12:18:22,051][INFO ][http                     ] [Aiguille du Plat de la Selle] publish_address {127.0.0.1:4523}, bound_addresses {127.0.0.1:4523}
[2021-02-28 12:18:22,114][INFO ][transport                ] [Aiguille du Plat de la Selle] publish_address {127.0.0.1:4334}, bound_addresses {127.0.0.1:4334}
[2021-02-28 12:18:22,121][INFO ][discovery                ] [Aiguille du Plat de la Selle] TestingCluster/wa61KnIzSMaGPi0XMhpeOw
[2021-02-28 12:18:23,250][DEBUG][action.admin.indices.create] [Aiguille du Plat de la Selle] no known master node, scheduling a retry
[2021-02-28 12:18:25,162][INFO ][cluster.service          ] [Aiguille du Plat de la Selle] new_master {Aiguille du Plat de la Selle}{wa61KnIzSMaGPi0XMhpeOw}{127.0.0.1}{127.0.0.1:4334}{http_address=127.0.0.1:4523, info.extended.type=sigar}, reason: zen-disco-join(elected_as_master, [0] joins received)
[2021-02-28 12:18:25,167][INFO ][node                     ] [Aiguille du Plat de la Selle] started
[2021-02-28 12:18:25,227][INFO ][gateway                  ] [Aiguille du Plat de la Selle] recovered [0] indices into cluster_state
[2021-02-28 12:18:25,451][INFO ][cluster.metadata         ] [Aiguille du Plat de la Selle] [test.cluster] creating index, cause [api], templates [], shards [4]/[1], mappings [default]
[2021-02-28 12:18:25,765][INFO ][cluster.routing.allocation] [Aiguille du Plat de la Selle] Cluster health status changed from [RED] to [YELLOW] (reason: [shards started [[test.cluster][3], [test.cluster][0], [test.cluster][1], [test.cluster][2]] ...]).
[2021-02-28 12:18:25,809][INFO ][cluster.metadata         ] [Aiguille du Plat de la Selle] [names] creating index, cause [api], templates [], shards [4]/[1], mappings [default]
[2021-02-28 12:18:25,947][INFO ][cluster.routing.allocation] [Aiguille du Plat de la Selle] Cluster health status changed from [RED] to [YELLOW] (reason: [shards started [[names][0], [names][0]] ...]).
[2021-02-28 12:18:25,981][INFO ][cluster.metadata         ] [Aiguille du Plat de la Selle] [my_schema.names] creating index, cause [api], templates [], shards [4]/[1], mappings [default]
[2021-02-28 12:18:26,098][INFO ][cluster.routing.allocation] [Aiguille du Plat de la Selle] Cluster health status changed from [RED] to [YELLOW] (reason: [shards started [[my_schema.names][0], [my_schema.names][0]] ...]).
[2021-02-28 12:18:26,235][INFO ][cluster.metadata         ] [Aiguille du Plat de la Selle] [t_multi_pks] creating index, cause [api], templates [], shards [4]/[1], mappings [default]
[2021-02-28 12:18:26,503][INFO ][cluster.routing.allocation] [Aiguille du Plat de la Selle] Cluster health status changed from [RED] to [YELLOW] (reason: [shards started [[t_multi_pks][3], [t_multi_pks][1], [t_multi_pks][2], [t_multi_pks][0]] ...]).
    Stopping crate server process...
[2021-02-28 12:18:26,949][INFO ][node                     ] [Aiguille du Plat de la Selle] stopping ...
[2021-02-28 12:18:27,054][INFO ][node                     ] [Aiguille du Plat de la Selle] stopped
[2021-02-28 12:18:27,055][INFO ][node                     ] [Aiguille du Plat de la Selle] closing ...
[2021-02-28 12:18:27,067][INFO ][node                     ] [Aiguille du Plat de la Selle] closed

io.crate.client.jdbc.integrationtests.CrateJDBCTypesTest STANDARD_OUT
    No need to download crate. Already downloaded VERSION[0.57.6] to: /tmp/crate.testing/downloads/crate-0.57.6.tar.gz
    Starting crate server process...
Picked up _JAVA_OPTIONS: -Xmx2048m -Xms512m
[2021-02-28 12:18:28,481][WARN ][bootstrap                ] unable to install syscall filter: seccomp unavailable: your kernel is buggy and you should upgrade
[2021-02-28 12:18:28,718][INFO ][node                     ] [Ober Gabelhorn] version[2.4.2], pid[4713], build[${build/NA]
[2021-02-28 12:18:28,718][INFO ][node                     ] [Ober Gabelhorn] initializing ...
[2021-02-28 12:18:28,996][INFO ][io.crate.plugin          ] [Ober Gabelhorn] plugins loaded: [crate-sigar] 
[2021-02-28 12:18:29,714][INFO ][plugins                  ] [Ober Gabelhorn] modules [], plugins [blob, udc, crate-azure-discovery, crate-core, repository-hdfs, discovery-multicast, crate-admin-ui, cloud-aws, crate, discovery-srv, admin-ui], sites [crate-admin-ui]
[2021-02-28 12:18:29,735][INFO ][env                      ] [Ober Gabelhorn] using [1] data paths, mounts [[/ (overlay)]], net usable_space [82.3tb], net total_space [90.9tb], spins? [possibly], types [overlay]
[2021-02-28 12:18:29,735][INFO ][env                      ] [Ober Gabelhorn] heap size [1.9gb], compressed ordinary object pointers [true]
[2021-02-28 12:18:29,735][WARN ][env                      ] [Ober Gabelhorn] max file descriptors [30000] for elasticsearch process likely too low, consider increasing to at least [65536]
[2021-02-28 12:18:29,961][INFO ][http                     ] [Ober Gabelhorn] Using [io.crate.http.netty.CrateNettyHttpServerTransport] as http transport, overridden by [crate]
[2021-02-28 12:18:29,973][INFO ][plugin.hadoop.hdfs       ] Loaded Hadoop [Unknown] libraries from file:/tmp/crate.testing/working/crate-0.57.6_ac611568-affa-4db1-ae99-1e70fea95d4e/plugins/elasticsearch-repository-hdfs/
[2021-02-28 12:18:30,034][INFO ][io.crate.module          ] [Ober Gabelhorn] configuring crate. version: 0.57.6
[2021-02-28 12:18:30,296][INFO ][io.crate.module          ] [Ober Gabelhorn] configuring crate. version: 0.57.6
[2021-02-28 12:18:31,764][INFO ][io.crate.operation.reference.sys.cluster.ClusterSettingsExpression$ApplySettings] updating [psql.port] from [5432-5532] to [5472]
[2021-02-28 12:18:32,541][INFO ][io.crate.rest            ] [Ober Gabelhorn] Elasticsearch HTTP REST API not enabled
[2021-02-28 12:18:32,604][INFO ][node                     ] [Ober Gabelhorn] initialized
[2021-02-28 12:18:32,604][INFO ][node                     ] [Ober Gabelhorn] starting ...
[2021-02-28 12:18:32,799][INFO ][psql                     ] [Ober Gabelhorn] publish_address {127.0.0.1:5472}, bound_addresses {127.0.0.1:5472}
[2021-02-28 12:18:32,799][INFO ][io.crate.blob.BlobService] [Ober Gabelhorn] BlobService.doStart() io.crate.blob.BlobService@7ed1819d
[2021-02-28 12:18:32,862][INFO ][http                     ] [Ober Gabelhorn] publish_address {127.0.0.1:4568}, bound_addresses {127.0.0.1:4568}
[2021-02-28 12:18:32,924][INFO ][transport                ] [Ober Gabelhorn] publish_address {127.0.0.1:4297}, bound_addresses {127.0.0.1:4297}
[2021-02-28 12:18:32,931][INFO ][discovery                ] [Ober Gabelhorn] TestingCluster/kFXqabjZRj2hklGvQKQr8w
[2021-02-28 12:18:33,597][DEBUG][action.admin.indices.create] [Ober Gabelhorn] no known master node, scheduling a retry
[2021-02-28 12:18:35,963][INFO ][cluster.service          ] [Ober Gabelhorn] new_master {Ober Gabelhorn}{kFXqabjZRj2hklGvQKQr8w}{127.0.0.1}{127.0.0.1:4297}{http_address=127.0.0.1:4568, info.extended.type=sigar}, reason: zen-disco-join(elected_as_master, [0] joins received)
[2021-02-28 12:18:35,967][INFO ][node                     ] [Ober Gabelhorn] started
[2021-02-28 12:18:36,027][INFO ][gateway                  ] [Ober Gabelhorn] recovered [0] indices into cluster_state
[2021-02-28 12:18:36,265][INFO ][cluster.metadata         ] [Ober Gabelhorn] [test] creating index, cause [api], templates [], shards [1]/[0], mappings [default]
[2021-02-28 12:18:36,531][INFO ][cluster.routing.allocation] [Ober Gabelhorn] Cluster health status changed from [RED] to [GREEN] (reason: [shards started [[test][0]] ...]).
[2021-02-28 12:18:37,269][INFO ][cluster.metadata         ] [Ober Gabelhorn] [arraytest] creating index, cause [api], templates [], shards [1]/[0], mappings [default]
[2021-02-28 12:18:37,320][INFO ][cluster.routing.allocation] [Ober Gabelhorn] Cluster health status changed from [RED] to [GREEN] (reason: [shards started [[arraytest][0]] ...]).
[2021-02-28 12:18:37,381][INFO ][cluster.metadata         ] [Ober Gabelhorn] [arraytest] update_mapping [default]
[2021-02-28 12:18:37,721][INFO ][cluster.metadata         ] [Ober Gabelhorn] [test_obj] creating index, cause [api], templates [], shards [4]/[1], mappings [default]
[2021-02-28 12:18:37,814][INFO ][cluster.routing.allocation] [Ober Gabelhorn] Cluster health status changed from [RED] to [YELLOW] (reason: [shards started [[test_obj][0], [test_obj][0]] ...]).
    Stopping crate server process...
[2021-02-28 12:18:38,103][INFO ][node                     ] [Ober Gabelhorn] stopping ...
[2021-02-28 12:18:38,196][INFO ][node                     ] [Ober Gabelhorn] stopped
[2021-02-28 12:18:38,196][INFO ][node                     ] [Ober Gabelhorn] closing ...
[2021-02-28 12:18:38,209][INFO ][node                     ] [Ober Gabelhorn] closed

io.crate.client.jdbc.integrationtests.CrateJDBCUnsupportedFeaturesTest STANDARD_OUT
    No need to download crate. Already downloaded VERSION[0.57.6] to: /tmp/crate.testing/downloads/crate-0.57.6.tar.gz
    Starting crate server process...
Picked up _JAVA_OPTIONS: -Xmx2048m -Xms512m
[2021-02-28 12:18:39,448][WARN ][bootstrap                ] unable to install syscall filter: seccomp unavailable: your kernel is buggy and you should upgrade
[2021-02-28 12:18:39,642][INFO ][node                     ] [Monte Altissimo di Nago] version[2.4.2], pid[5146], build[${build/NA]
[2021-02-28 12:18:39,642][INFO ][node                     ] [Monte Altissimo di Nago] initializing ...
[2021-02-28 12:18:39,948][INFO ][io.crate.plugin          ] [Monte Altissimo di Nago] plugins loaded: [crate-sigar] 
[2021-02-28 12:18:40,753][INFO ][plugins                  ] [Monte Altissimo di Nago] modules [], plugins [blob, udc, crate-azure-discovery, crate-core, repository-hdfs, discovery-multicast, crate-admin-ui, cloud-aws, crate, discovery-srv, admin-ui], sites [crate-admin-ui]
[2021-02-28 12:18:40,774][INFO ][env                      ] [Monte Altissimo di Nago] using [1] data paths, mounts [[/ (overlay)]], net usable_space [82.3tb], net total_space [90.9tb], spins? [possibly], types [overlay]
[2021-02-28 12:18:40,774][INFO ][env                      ] [Monte Altissimo di Nago] heap size [1.9gb], compressed ordinary object pointers [true]
[2021-02-28 12:18:40,774][WARN ][env                      ] [Monte Altissimo di Nago] max file descriptors [30000] for elasticsearch process likely too low, consider increasing to at least [65536]
[2021-02-28 12:18:41,001][INFO ][http                     ] [Monte Altissimo di Nago] Using [io.crate.http.netty.CrateNettyHttpServerTransport] as http transport, overridden by [crate]
[2021-02-28 12:18:41,013][INFO ][plugin.hadoop.hdfs       ] Loaded Hadoop [Unknown] libraries from file:/tmp/crate.testing/working/crate-0.57.6_48c96a00-a90a-4101-8881-6ea6968910d1/plugins/elasticsearch-repository-hdfs/
[2021-02-28 12:18:41,064][INFO ][io.crate.module          ] [Monte Altissimo di Nago] configuring crate. version: 0.57.6
[2021-02-28 12:18:41,261][INFO ][io.crate.module          ] [Monte Altissimo di Nago] configuring crate. version: 0.57.6
[2021-02-28 12:18:42,626][INFO ][io.crate.operation.reference.sys.cluster.ClusterSettingsExpression$ApplySettings] updating [psql.port] from [5432-5532] to [5432]
[2021-02-28 12:18:43,443][INFO ][io.crate.rest            ] [Monte Altissimo di Nago] Elasticsearch HTTP REST API not enabled
[2021-02-28 12:18:43,536][INFO ][node                     ] [Monte Altissimo di Nago] initialized
[2021-02-28 12:18:43,536][INFO ][node                     ] [Monte Altissimo di Nago] starting ...
[2021-02-28 12:18:43,730][INFO ][psql                     ] [Monte Altissimo di Nago] publish_address {127.0.0.1:5432}, bound_addresses {127.0.0.1:5432}
[2021-02-28 12:18:43,730][INFO ][io.crate.blob.BlobService] [Monte Altissimo di Nago] BlobService.doStart() io.crate.blob.BlobService@a19f2e9
[2021-02-28 12:18:43,793][INFO ][http                     ] [Monte Altissimo di Nago] publish_address {127.0.0.1:4564}, bound_addresses {127.0.0.1:4564}
[2021-02-28 12:18:43,859][INFO ][transport                ] [Monte Altissimo di Nago] publish_address {127.0.0.1:4357}, bound_addresses {127.0.0.1:4357}
[2021-02-28 12:18:43,867][INFO ][discovery                ] [Monte Altissimo di Nago] TestingCluster/JHrqAcT-Rh6ZdZQoUM99tg
    Stopping crate server process...
[2021-02-28 12:18:44,578][INFO ][node                     ] [Monte Altissimo di Nago] stopping ...
[2021-02-28 12:18:44,650][INFO ][node                     ] [Monte Altissimo di Nago] stopped
[2021-02-28 12:18:44,651][INFO ][node                     ] [Monte Altissimo di Nago] closing ...
[2021-02-28 12:18:44,659][INFO ][node                     ] [Monte Altissimo di Nago] closed

92 tests completed, 1 failed, 7 skipped
:test FAILED

FAILURE: Build failed with an exception.

* What went wrong:
Execution failed for task ':test'.
> There were failing tests. See the report at: file:///home/travis/build/failed/crate/crate-jdbc/build/reports/tests/test/index.html

* Try:
Run with --info or --debug option to get more log output.

* Exception is:
org.gradle.api.tasks.TaskExecutionException: Execution failed for task ':test'.
	at org.gradle.api.internal.tasks.execution.ExecuteActionsTaskExecuter.executeActions(ExecuteActionsTaskExecuter.java:100)
	at org.gradle.api.internal.tasks.execution.ExecuteActionsTaskExecuter.execute(ExecuteActionsTaskExecuter.java:70)
	at org.gradle.api.internal.tasks.execution.SkipUpToDateTaskExecuter.execute(SkipUpToDateTaskExecuter.java:64)
	at org.gradle.api.internal.tasks.execution.ResolveTaskOutputCachingStateExecuter.execute(ResolveTaskOutputCachingStateExecuter.java:54)
	at org.gradle.api.internal.tasks.execution.ValidatingTaskExecuter.execute(ValidatingTaskExecuter.java:58)
	at org.gradle.api.internal.tasks.execution.SkipEmptySourceFilesTaskExecuter.execute(SkipEmptySourceFilesTaskExecuter.java:88)
	at org.gradle.api.internal.tasks.execution.ResolveTaskArtifactStateTaskExecuter.execute(ResolveTaskArtifactStateTaskExecuter.java:52)
	at org.gradle.api.internal.tasks.execution.SkipTaskWithNoActionsExecuter.execute(SkipTaskWithNoActionsExecuter.java:52)
	at org.gradle.api.internal.tasks.execution.SkipOnlyIfTaskExecuter.execute(SkipOnlyIfTaskExecuter.java:54)
	at org.gradle.api.internal.tasks.execution.ExecuteAtMostOnceTaskExecuter.execute(ExecuteAtMostOnceTaskExecuter.java:43)
	at org.gradle.api.internal.tasks.execution.CatchExceptionTaskExecuter.execute(CatchExceptionTaskExecuter.java:34)
	at org.gradle.execution.taskgraph.DefaultTaskGraphExecuter$EventFiringTaskWorker$1.run(DefaultTaskGraphExecuter.java:242)
	at org.gradle.internal.progress.DefaultBuildOperationExecutor$RunnableBuildOperationWorker.execute(DefaultBuildOperationExecutor.java:317)
	at org.gradle.internal.progress.DefaultBuildOperationExecutor$RunnableBuildOperationWorker.execute(DefaultBuildOperationExecutor.java:309)
	at org.gradle.internal.progress.DefaultBuildOperationExecutor.execute(DefaultBuildOperationExecutor.java:185)
	at org.gradle.internal.progress.DefaultBuildOperationExecutor.run(DefaultBuildOperationExecutor.java:95)
	at org.gradle.execution.taskgraph.DefaultTaskGraphExecuter$EventFiringTaskWorker.execute(DefaultTaskGraphExecuter.java:235)
	at org.gradle.execution.taskgraph.DefaultTaskGraphExecuter$EventFiringTaskWorker.execute(DefaultTaskGraphExecuter.java:224)
	at org.gradle.execution.taskgraph.DefaultTaskPlanExecutor$TaskExecutorWorker.processTask(DefaultTaskPlanExecutor.java:121)
	at org.gradle.execution.taskgraph.DefaultTaskPlanExecutor$TaskExecutorWorker.access$200(DefaultTaskPlanExecutor.java:77)
	at org.gradle.execution.taskgraph.DefaultTaskPlanExecutor$TaskExecutorWorker$1.execute(DefaultTaskPlanExecutor.java:102)
	at org.gradle.execution.taskgraph.DefaultTaskPlanExecutor$TaskExecutorWorker$1.execute(DefaultTaskPlanExecutor.java:96)
	at org.gradle.execution.taskgraph.DefaultTaskExecutionPlan.execute(DefaultTaskExecutionPlan.java:612)
	at org.gradle.execution.taskgraph.DefaultTaskExecutionPlan.executeWithTask(DefaultTaskExecutionPlan.java:567)
	at org.gradle.execution.taskgraph.DefaultTaskPlanExecutor$TaskExecutorWorker.run(DefaultTaskPlanExecutor.java:96)
	at org.gradle.internal.concurrent.ExecutorPolicy$CatchAndRecordFailures.onExecute(ExecutorPolicy.java:63)
	at org.gradle.internal.concurrent.StoppableExecutorImpl$1.run(StoppableExecutorImpl.java:46)
	at org.gradle.internal.concurrent.ThreadFactoryImpl$ManagedThreadRunnable.run(ThreadFactoryImpl.java:55)
Caused by: org.gradle.api.GradleException: There were failing tests. See the report at: file:///home/travis/build/failed/crate/crate-jdbc/build/reports/tests/test/index.html
	at org.gradle.api.tasks.testing.Test.handleTestFailures(Test.java:1411)
	at org.gradle.api.tasks.testing.Test.executeTests(Test.java:702)
	at org.gradle.internal.reflect.JavaMethod.invoke(JavaMethod.java:73)
	at org.gradle.api.internal.project.taskfactory.DefaultTaskClassInfoStore$StandardTaskAction.doExecute(DefaultTaskClassInfoStore.java:141)
	at org.gradle.api.internal.project.taskfactory.DefaultTaskClassInfoStore$StandardTaskAction.execute(DefaultTaskClassInfoStore.java:134)
	at org.gradle.api.internal.project.taskfactory.DefaultTaskClassInfoStore$StandardTaskAction.execute(DefaultTaskClassInfoStore.java:121)
	at org.gradle.api.internal.AbstractTask$TaskActionWrapper.execute(AbstractTask.java:711)
	at org.gradle.api.internal.AbstractTask$TaskActionWrapper.execute(AbstractTask.java:694)
	at org.gradle.api.internal.tasks.execution.ExecuteActionsTaskExecuter$1.run(ExecuteActionsTaskExecuter.java:122)
	at org.gradle.internal.progress.DefaultBuildOperationExecutor$RunnableBuildOperationWorker.execute(DefaultBuildOperationExecutor.java:317)
	at org.gradle.internal.progress.DefaultBuildOperationExecutor$RunnableBuildOperationWorker.execute(DefaultBuildOperationExecutor.java:309)
	at org.gradle.internal.progress.DefaultBuildOperationExecutor.execute(DefaultBuildOperationExecutor.java:185)
	at org.gradle.internal.progress.DefaultBuildOperationExecutor.run(DefaultBuildOperationExecutor.java:95)
	at org.gradle.api.internal.tasks.execution.ExecuteActionsTaskExecuter.executeAction(ExecuteActionsTaskExecuter.java:111)
	at org.gradle.api.internal.tasks.execution.ExecuteActionsTaskExecuter.executeActions(ExecuteActionsTaskExecuter.java:92)
	... 27 more


BUILD FAILED in 1m 28s
8 actionable tasks: 5 executed, 3 up-to-date

travis_time:end:03eef5d5:start=1614514636374753449,finish=1614514725406482519,duration=89031729070[0K
[31;1mThe command "./gradlew test -s" exited with 1.[0m
travis_fold:start:cache.2[0Kstore build cache
travis_time:start:1beb0cd3[0K
travis_time:end:1beb0cd3:start=1614514725421206304,finish=1614514725432974668,duration=11768364[0Ktravis_time:start:011626f4[0K/home/travis/.casher/bin/casher:190: warning: Insecure world writable dir /usr/local/clang-5.0.0/bin in PATH, mode 040777
[32;1mchanges detected, packing new archive[0m
/home/travis/.casher/bin/casher:213:in `cache_archive_name': undefined method `[]' for nil:NilClass (NoMethodError)
	from /home/travis/.casher/bin/casher:143:in `push'
	from /home/travis/.casher/bin/casher:53:in `block in run'
	from /home/travis/.rvm/rubies/ruby-2.2.7/lib/ruby/2.2.0/timeout.rb:88:in `block in timeout'
	from /home/travis/.rvm/rubies/ruby-2.2.7/lib/ruby/2.2.0/timeout.rb:32:in `block in catch'
	from /home/travis/.rvm/rubies/ruby-2.2.7/lib/ruby/2.2.0/timeout.rb:32:in `catch'
	from /home/travis/.rvm/rubies/ruby-2.2.7/lib/ruby/2.2.0/timeout.rb:32:in `catch'
	from /home/travis/.rvm/rubies/ruby-2.2.7/lib/ruby/2.2.0/timeout.rb:103:in `timeout'
	from /home/travis/.casher/bin/casher:53:in `run'
	from /home/travis/.casher/bin/casher:263:in `<main>'

travis_time:end:011626f4:start=1614514725446279186,finish=1614514727443709375,duration=1997430189[0Ktravis_fold:end:cache.2[0K
Done. Your build exited with 1.
