travis_fold:start:system_info[0K[33;1mBuild system information[0m
Build language: python
Build group: stable
Build dist: precise
Build id: ''
Job id: ''
[34m[1mBuild image provisioning date and time[0m
Thu Feb  5 15:09:33 UTC 2015
[34m[1mOperating System Details[0m
Distributor ID:	Ubuntu
Description:	Ubuntu 12.04.5 LTS
Release:	12.04
Codename:	precise
[34m[1mLinux Version[0m
3.13.0-29-generic
[34m[1mCookbooks Version[0m
a68419e https://github.com/travis-ci/travis-cookbooks/tree/a68419e
[34m[1mGCC version[0m
gcc (Ubuntu/Linaro 4.6.3-1ubuntu5) 4.6.3
Copyright (C) 2011 Free Software Foundation, Inc.
This is free software; see the source for copying conditions.  There is NO
warranty; not even for MERCHANTABILITY or FITNESS FOR A PARTICULAR PURPOSE.

[34m[1mLLVM version[0m
clang version 3.4 (tags/RELEASE_34/final)
Target: x86_64-unknown-linux-gnu
Thread model: posix
[34m[1mPre-installed Ruby versions[0m
ruby-1.9.3-p551
[34m[1mPre-installed Node.js versions[0m
v0.10.36
[34m[1mPre-installed Go versions[0m
1.4.1
[34m[1mRedis version[0m
redis-server 2.8.19
[34m[1mriak version[0m
2.0.2
[34m[1mMongoDB version[0m
MongoDB 2.4.12
[34m[1mCouchDB version[0m
couchdb 1.6.1
[34m[1mNeo4j version[0m
1.9.4
[34m[1mRabbitMQ Version[0m
3.4.3
[34m[1mElasticSearch version[0m
1.4.0
[34m[1mInstalled Sphinx versions[0m
2.0.10
2.1.9
2.2.6
[34m[1mDefault Sphinx version[0m
2.2.6
[34m[1mInstalled Firefox version[0m
firefox 31.0esr
[34m[1mPhantomJS version[0m
1.9.8
[34m[1mant -version[0m
Apache Ant(TM) version 1.8.2 compiled on December 3 2011
[34m[1mmvn -version[0m
Apache Maven 3.2.5 (12a6b3acb947671f09b81f49094c53f426d8cea1; 2014-12-14T17:29:23+00:00)
Maven home: /usr/local/maven
Java version: 1.7.0_76, vendor: Oracle Corporation
Java home: /usr/lib/jvm/java-7-oracle/jre
Default locale: en_US, platform encoding: ANSI_X3.4-1968
OS name: "linux", version: "3.13.0-29-generic", arch: "amd64", family: "unix"
travis_fold:end:system_info[0K
grep: /etc/apt/sources.list.d/*: No such file or directory
sed: cannot rename /etc/hosts: Device or resource busy
sed: cannot rename /etc/hosts: Device or resource busy
$ cd failed/numpy/numpy
travis_fold:start:git.submodule[0Ktravis_time:start:28943dfe[0K$ git submodule update --init --recursive
Submodule 'doc/scipy-sphinx-theme' (https://github.com/scipy/scipy-sphinx-theme.git) registered for path 'doc/scipy-sphinx-theme'
Submodule 'doc/sphinxext' (https://github.com/numpy/numpydoc.git) registered for path 'doc/sphinxext'
Cloning into 'doc/scipy-sphinx-theme'...
Submodule path 'doc/scipy-sphinx-theme': checked out 'f0d96ae2bf3b010ce53adadde1e38997497a513e'
Cloning into 'doc/sphinxext'...
Submodule path 'doc/sphinxext': checked out 'a482f66913c1079d7439770f0119b55376bb1b81'
Submodule 'doc/scipy-sphinx-theme' (https://github.com/scipy/scipy-sphinx-theme) registered for path 'doc/scipy-sphinx-theme'
Cloning into 'doc/scipy-sphinx-theme'...
Submodule path 'doc/sphinxext/doc/scipy-sphinx-theme': checked out 'bc3b4b8383d4cd676fe75b7ca8c3e11d6afa8d97'

travis_time:end:28943dfe:start=1614564399144239884,finish=1614564406272635683,duration=7128395799[0Ktravis_fold:end:git.submodule[0Ktravis_fold:start:apt[0K[33;1mInstalling APT Packages (BETA)[0m
$ export DEBIAN_FRONTEND=noninteractive
travis_time:start:15ff60f0[0K$ sudo -E apt-get -yq update &>> ~/apt-get-update.log

travis_time:end:15ff60f0:start=1614564406286518228,finish=1614564410834180104,duration=4547661876[0Ktravis_time:start:036e3bd6[0K$ sudo -E apt-get -yq --no-install-suggests --no-install-recommends --force-yes install gfortran libatlas-dev libatlas-base-dev eatmydata
Reading package lists...
Building dependency tree...
Reading state information...
The following extra packages will be installed:
  gfortran-4.6 libatlas3gf-base libblas-dev
Suggested packages:
  gfortran-multilib gfortran-doc gfortran-4.6-multilib gfortran-4.6-doc
  libgfortran3-dbg libblas-doc liblapack-doc liblapack-dev
The following NEW packages will be installed:
  eatmydata gfortran gfortran-4.6 libatlas-base-dev libatlas-dev
  libatlas3gf-base libblas-dev
0 upgraded, 7 newly installed, 0 to remove and 238 not upgraded.
Need to get 19.6 MB of archives.
After this operation, 68.4 MB of additional disk space will be used.
Get:1 http://us.archive.ubuntu.com/ubuntu/ precise/universe eatmydata amd64 26-2 [8,034 B]
Get:2 http://us.archive.ubuntu.com/ubuntu/ precise/main gfortran-4.6 amd64 4.6.3-1ubuntu5 [5,579 kB]
Get:3 http://us.archive.ubuntu.com/ubuntu/ precise/main gfortran amd64 4:4.6.3-1ubuntu5 [1,206 B]
Get:4 http://us.archive.ubuntu.com/ubuntu/ precise/universe libatlas3gf-base amd64 3.8.4-3build1 [6,191 kB]
Get:5 http://us.archive.ubuntu.com/ubuntu/ precise/main libblas-dev amd64 1.2.20110419-2ubuntu1 [302 kB]
Get:6 http://us.archive.ubuntu.com/ubuntu/ precise/universe libatlas-dev all 3.8.4-3build1 [13.6 kB]
Get:7 http://us.archive.ubuntu.com/ubuntu/ precise/universe libatlas-base-dev amd64 3.8.4-3build1 [7,461 kB]
Fetched 19.6 MB in 1s (15.7 MB/s)
Selecting previously unselected package eatmydata.
(Reading database ... 72431 files and directories currently installed.)
Unpacking eatmydata (from .../eatmydata_26-2_amd64.deb) ...
Selecting previously unselected package gfortran-4.6.
Unpacking gfortran-4.6 (from .../gfortran-4.6_4.6.3-1ubuntu5_amd64.deb) ...
Selecting previously unselected package gfortran.
Unpacking gfortran (from .../gfortran_4%3a4.6.3-1ubuntu5_amd64.deb) ...
Selecting previously unselected package libatlas3gf-base.
Unpacking libatlas3gf-base (from .../libatlas3gf-base_3.8.4-3build1_amd64.deb) ...
Selecting previously unselected package libblas-dev.
Unpacking libblas-dev (from .../libblas-dev_1.2.20110419-2ubuntu1_amd64.deb) ...
Selecting previously unselected package libatlas-dev.
Unpacking libatlas-dev (from .../libatlas-dev_3.8.4-3build1_all.deb) ...
Selecting previously unselected package libatlas-base-dev.
Unpacking libatlas-base-dev (from .../libatlas-base-dev_3.8.4-3build1_amd64.deb) ...
Processing triggers for man-db ...
Processing triggers for ccache ...
Updating symlinks in /usr/lib/ccache ...
Setting up eatmydata (26-2) ...
Setting up gfortran-4.6 (4.6.3-1ubuntu5) ...
Setting up gfortran (4:4.6.3-1ubuntu5) ...
update-alternatives: using /usr/bin/gfortran to provide /usr/bin/f95 (f95) in auto mode.
Setting up libatlas3gf-base (3.8.4-3build1) ...
update-alternatives: using /usr/lib/atlas-base/atlas/libblas.so.3gf to provide /usr/lib/libblas.so.3gf (libblas.so.3gf) in auto mode.
update-alternatives: using /usr/lib/atlas-base/atlas/liblapack.so.3gf to provide /usr/lib/liblapack.so.3gf (liblapack.so.3gf) in auto mode.
Setting up libblas-dev (1.2.20110419-2ubuntu1) ...
update-alternatives: using /usr/lib/libblas/libblas.so to provide /usr/lib/libblas.so (libblas.so) in auto mode.
Setting up libatlas-dev (3.8.4-3build1) ...
Setting up libatlas-base-dev (3.8.4-3build1) ...
update-alternatives: using /usr/lib/atlas-base/atlas/libblas.so to provide /usr/lib/libblas.so (libblas.so) in auto mode.
update-alternatives: using /usr/lib/atlas-base/atlas/liblapack.so to provide /usr/lib/liblapack.so (liblapack.so) in auto mode.
Processing triggers for libc-bin ...
ldconfig deferred processing now taking place

travis_time:end:036e3bd6:start=1614564410844567163,finish=1614564417977862020,duration=7133294857[0Ktravis_fold:end:apt[0Ktravis_time:start:2f1b95cb[0K$ source ~/virtualenv/python3.3/bin/activate

travis_time:end:2f1b95cb:start=1614564418057583147,finish=1614564418068172688,duration=10589541[0Ktravis_fold:start:cache.1[0KSetting up build cache
$ export CASHER_DIR=$HOME/.casher
travis_time:start:00857208[0K$ Installing caching utilities

travis_time:end:00857208:start=1614564418474843506,finish=1614564418646618624,duration=171775118[0Ktravis_time:start:0704e3ee[0K
travis_time:end:0704e3ee:start=1614564418661396765,finish=1614564418670636131,duration=9239366[0Ktravis_time:start:26c16b1d[0K/home/travis/.casher/bin/casher:213:in `cache_archive_name': undefined method `[]' for nil:NilClass (NoMethodError)
	from /home/travis/.casher/bin/casher:65:in `block in fetch'
	from /home/travis/.casher/bin/casher:64:in `each'
	from /home/travis/.casher/bin/casher:64:in `fetch'
	from /home/travis/.casher/bin/casher:53:in `block in run'
	from /home/travis/.rvm/rubies/ruby-1.9.3-p551/lib/ruby/1.9.1/timeout.rb:69:in `timeout'
	from /home/travis/.casher/bin/casher:53:in `run'
	from /home/travis/.casher/bin/casher:263:in `<main>'
[32;1mattempting to download cache archive[0m

travis_time:end:26c16b1d:start=1614564418680545760,finish=1614564419488153586,duration=807607826[0Ktravis_time:start:0031ba50[0K
travis_time:end:0031ba50:start=1614564419500187430,finish=1614564419510199230,duration=10011800[0Ktravis_time:start:0654a104[0K[32;1madding /home/travis/.cache/pip to cache[0m

travis_time:end:0654a104:start=1614564419521366847,finish=1614564420357880356,duration=836513509[0Ktravis_fold:end:cache.1[0K$ python --version
Python 3.3.5
$ pip --version
pip 6.0.7 from /home/travis/virtualenv/python3.3.5/lib/python3.3/site-packages (python 3.3)
travis_fold:start:before_install.1[0Ktravis_time:start:022c3bd0[0K$ uname -a
Linux 30073a402902 4.15.0-109-generic #110-Ubuntu SMP Tue Jun 23 02:39:32 UTC 2020 x86_64 x86_64 x86_64 GNU/Linux

travis_time:end:022c3bd0:start=1614564420732139220,finish=1614564420742524670,duration=10385450[0Ktravis_fold:end:before_install.1[0Ktravis_fold:start:before_install.2[0Ktravis_time:start:18763e80[0K$ free -m
             total       used       free     shared    buffers     cached
Mem:        192081     172385      19695          0       3888     146905
-/+ buffers/cache:      21592     170489
Swap:        65982         75      65907

travis_time:end:18763e80:start=1614564420752652545,finish=1614564420763924331,duration=11271786[0Ktravis_fold:end:before_install.2[0Ktravis_fold:start:before_install.3[0Ktravis_time:start:2af68d16[0K$ df -h
Filesystem      Size  Used Avail Use% Mounted on
overlay          91T  8.7T   83T  10% /
tmpfs            64M     0   64M   0% /dev
tmpfs            94G     0   94G   0% /sys/fs/cgroup
/dev/sda         91T  8.7T   83T  10% /etc/resolv.conf
/dev/sda         91T  8.7T   83T  10% /etc/hostname
/dev/sda         91T  8.7T   83T  10% /etc/hosts
shm              64M     0   64M   0% /dev/shm
tmpfs            94G     0   94G   0% /proc/acpi
tmpfs            64M     0   64M   0% /proc/kcore
tmpfs            64M     0   64M   0% /proc/keys
tmpfs            64M     0   64M   0% /proc/timer_list
tmpfs            64M     0   64M   0% /proc/sched_debug
tmpfs            94G     0   94G   0% /proc/scsi
tmpfs            94G     0   94G   0% /sys/firmware

travis_time:end:2af68d16:start=1614564420774381037,finish=1614564420785546220,duration=11165183[0Ktravis_fold:end:before_install.3[0Ktravis_fold:start:before_install.4[0Ktravis_time:start:0abf3f28[0K$ ulimit -a
core file size          (blocks, -c) unlimited
data seg size           (kbytes, -d) unlimited
scheduling priority             (-e) 0
file size               (blocks, -f) unlimited
pending signals                 (-i) 767649
max locked memory       (kbytes, -l) 16384
max memory size         (kbytes, -m) unlimited
open files                      (-n) 1048576
pipe size            (512 bytes, -p) 8
POSIX message queues     (bytes, -q) 819200
real-time priority              (-r) 0
stack size              (kbytes, -s) 8192
cpu time               (seconds, -t) unlimited
max user processes              (-u) unlimited
virtual memory          (kbytes, -v) unlimited
file locks                      (-x) unlimited

travis_time:end:0abf3f28:start=1614564420796516380,finish=1614564420805721814,duration=9205434[0Ktravis_fold:end:before_install.4[0Ktravis_fold:start:before_install.5[0Ktravis_time:start:0957b785[0K$ mkdir builds

travis_time:end:0957b785:start=1614564420816815486,finish=1614564420828525010,duration=11709524[0Ktravis_fold:end:before_install.5[0Ktravis_fold:start:before_install.6[0Ktravis_time:start:0a0cf191[0K$ pushd builds
~/build/failed/numpy/numpy/builds ~/build/failed/numpy/numpy

travis_time:end:0a0cf191:start=1614564420839752400,finish=1614564420848594948,duration=8842548[0Ktravis_fold:end:before_install.6[0Ktravis_fold:start:before_install.7[0Ktravis_time:start:22ab1a90[0K$ virtualenv --python=python venv
Using real prefix '/opt/python/3.3.5'
New python executable in venv/bin/python
Installing setuptools, pip...done.
Running virtualenv with interpreter /home/travis/virtualenv/python3.3.5/bin/python

travis_time:end:22ab1a90:start=1614564420860179350,finish=1614564422557880866,duration=1697701516[0Ktravis_fold:end:before_install.7[0Ktravis_fold:start:before_install.8[0Ktravis_time:start:019b2910[0K$ source venv/bin/activate

travis_time:end:019b2910:start=1614564422570385866,finish=1614564422582504340,duration=12118474[0Ktravis_fold:end:before_install.8[0Ktravis_fold:start:before_install.9[0Ktravis_time:start:27748602[0K$ python -V
Python 3.3.5

travis_time:end:27748602:start=1614564422594380352,finish=1614564422607080567,duration=12700215[0Ktravis_fold:end:before_install.9[0Ktravis_fold:start:before_install.10[0Ktravis_time:start:06147d0e[0K$ pip install --upgrade pip==7.1.2 setuptools==19.2
Collecting pip==7.1.2
  Downloading https://files.pythonhosted.org/packages/b2/d0/cd115fe345dd6f07ec1c780020a7dfe74966fceeb171e0f20d1d4905b0b7/pip-7.1.2-py2.py3-none-any.whl (1.1MB)
Collecting setuptools==19.2
  Downloading https://files.pythonhosted.org/packages/50/4c/d1a74a90deb70f72981c138a70d3d0799721e5bd1dc8c4201900141b8915/setuptools-19.2-py2.py3-none-any.whl (463kB)
Installing collected packages: setuptools, pip
  Found existing installation: setuptools 12.0.5
    Uninstalling setuptools-12.0.5:
      Successfully uninstalled setuptools-12.0.5

  Found existing installation: pip 6.0.7
    Uninstalling pip-6.0.7:
      Successfully uninstalled pip-6.0.7

Successfully installed pip-7.1.2 setuptools-19.2

travis_time:end:06147d0e:start=1614564422619655104,finish=1614564425570696884,duration=2951041780[0Ktravis_fold:end:before_install.10[0Ktravis_fold:start:before_install.11[0Ktravis_time:start:254fd268[0K$ pip install nose==1.3.7
Collecting nose==1.3.7
  Downloading https://files.pythonhosted.org/packages/15/d8/dd071918c040f50fa1cf80da16423af51ff8ce4a0f2399b7bf8de45ac3d9/nose-1.3.7-py3-none-any.whl (154kB)
Installing collected packages: nose
Successfully installed nose-1.3.7

travis_time:end:254fd268:start=1614564425582680526,finish=1614564426384372104,duration=801691578[0Ktravis_fold:end:before_install.11[0Ktravis_fold:start:before_install.12[0Ktravis_time:start:0b2530e3[0K$ pip install --install-option="--no-cython-compile" Cython==0.23.4
Collecting Cython==0.23.4
  Downloading https://files.pythonhosted.org/packages/b3/89/e8dddc86bf4f144407962e04c4018f53dfe4d6ae5010d34573d8521e810e/Cython-0.23.4.tar.gz (1.6MB)
Installing collected packages: Cython
  Running setup.py install for Cython
Successfully installed Cython-0.23.4
/home/travis/build/failed/numpy/numpy/builds/venv/lib/python3.3/site-packages/pip/commands/install.py:199: UserWarning: Disabling all use of wheels due to the use of --build-options / --global-options / --install-options.
  cmdoptions.check_install_build_global(options)

travis_time:end:0b2530e3:start=1614564426395362622,finish=1614564429928889917,duration=3533527295[0Ktravis_fold:end:before_install.12[0Ktravis_fold:start:before_install.13[0Ktravis_time:start:0d893e82[0K$ if [ -n "$USE_ASV" ]; then pip install asv==0.1.1; fi

travis_time:end:0d893e82:start=1614564429940661620,finish=1614564429949739690,duration=9078070[0Ktravis_fold:end:before_install.13[0Ktravis_fold:start:before_install.14[0Ktravis_time:start:19e2b008[0K$ popd
~/build/failed/numpy/numpy

travis_time:end:19e2b008:start=1614564429960209137,finish=1614564429968718746,duration=8509609[0Ktravis_fold:end:before_install.14[0KCould not locate requirements.txt. Override the install: key in your .travis.yml to install dependencies.
travis_time:start:247cf728[0K$ ./tools/travis-test.sh
+export NPY_NUM_BUILD_JOBS=2
+NPY_NUM_BUILD_JOBS=2
+'[' -r /usr/lib/libeatmydata/libeatmydata.so ']'
+export LD_PRELOAD=/usr/lib/libeatmydata/libeatmydata.so
+LD_PRELOAD=/usr/lib/libeatmydata/libeatmydata.so
+PYTHON=python
+PIP=pip
+'[' -n '' ']'
+'[' -n '' ']'
+werrors='-Werror=declaration-after-statement -Werror=vla '
+werrors+='-Werror=nonnull -Werror=pointer-arith'
+export PYTHON
+export PIP
+'[' -n '' ']'
+'[' -n '' ']'
+setup_base
+'[' -z '' ']'
+'[' -z '' ']'
+pip install .
Processing /home/travis/build/failed/numpy/numpy
Installing collected packages: numpy
  Running setup.py install for numpy
Successfully installed numpy-1.11.0.dev0+9a31efb
+run_test
+'[' -n '' ']'
+mkdir -p empty
+cd empty
++python -c 'import os; import numpy; print(os.path.dirname(numpy.__file__))'
+INSTALLDIR=/home/travis/build/failed/numpy/numpy/builds/venv/lib/python3.3/site-packages/numpy
+export PYTHONWARNINGS=default
+PYTHONWARNINGS=default
+python ../tools/test-installed-numpy.py
..............................S.............................................................................................................................................................................S...................................................................................................................................................................S..SS...SSS.KKK..................................................................................................................................................................................................................................................................................................................................................................................................................................................................................................................................................................................................................................................................................................................................................................................................................................................................................................................................................................................................................................................................................................................................................................................................................................................................S..................................................................S......................................................................................................................................................................................................................................................................................................................................................................................................................................................................K....................................................................................................................................................................................................................................................................................................SSS.....................................................................S............................................K................................................................................S..........................................................................................................................................................................................................................................................................................................................................................K......................K.............................................................................................................................................................................................................................................................................................................................................................................................................................................................................................................................................................................................................................................................................................................................................................................................................................................................................................................................................................................................................................................................................................................................................................................................................................................................................................................................................................................................................................................................................................................................................................................................................................................................................................................................................................................................................................................................................................................................................................................................................................................................................................................................................................................................................................................................................................................................................................................................................................................................................................................................................................................................................................................................................................................................................................................................................................................................................................................................................................................................................................................F............................................................................................................................................................................................
======================================================================
FAIL: test_full_range (test_random.TestRandint)
----------------------------------------------------------------------
Traceback (most recent call last):
  File "mtrand.pyx", line 1662, in mtrand.RandomState.randint (numpy/random/mtrand/mtrand.c:19369)
TypeError: int() argument must be a string or a number, not 'list'

During handling of the above exception, another exception occurred:

Traceback (most recent call last):
  File "/home/travis/build/failed/numpy/numpy/builds/venv/lib/python3.3/site-packages/numpy/random/tests/test_random.py", line 191, in test_full_range
    self.rfunc([lbnd] * 3, ubnd, dtype=dt)
OverflowError: python int too large to convert to C unsigned long

During handling of the above exception, another exception occurred:

Traceback (most recent call last):
  File "/home/travis/build/failed/numpy/numpy/builds/venv/lib/python3.3/site-packages/numpy/random/tests/test_random.py", line 197, in test_full_range
    "message:\n\n%s" % str(e))
AssertionError: No error should have been raised, but one was with the following message:

python int too large to convert to C unsigned long

----------------------------------------------------------------------
Ran 6099 tests in 51.966s

FAILED (KNOWNFAIL=7, SKIP=15, failures=1)
Running unit tests for numpy
NumPy version 1.11.0.dev0+9a31efb
NumPy relaxed strides checking option: True
NumPy is installed in /home/travis/build/failed/numpy/numpy/builds/venv/lib/python3.3/site-packages/numpy
Python version 3.3.5 (default, Feb  5 2015, 16:01:18) [GCC 4.6.3]
nose version 1.3.7

travis_time:end:247cf728:start=1614564429979515989,finish=1614564571822145753,duration=141842629764[0K
[31;1mThe command "./tools/travis-test.sh" exited with 1.[0m
travis_fold:start:cache.2[0Kstore build cache
travis_time:start:001fe246[0K
travis_time:end:001fe246:start=1614564571835855084,finish=1614564571846515722,duration=10660638[0Ktravis_time:start:05bb2478[0K/home/travis/.casher/bin/casher:190: warning: Insecure world writable dir /home/travis/build/failed/numpy/numpy in PATH, mode 040777
[32;1mchanges detected, packing new archive[0m
/home/travis/.casher/bin/casher:213:in `cache_archive_name': undefined method `[]' for nil:NilClass (NoMethodError)
	from /home/travis/.casher/bin/casher:143:in `push'
	from /home/travis/.casher/bin/casher:53:in `block in run'
	from /home/travis/.rvm/rubies/ruby-1.9.3-p551/lib/ruby/1.9.1/timeout.rb:69:in `timeout'
	from /home/travis/.casher/bin/casher:53:in `run'
	from /home/travis/.casher/bin/casher:263:in `<main>'

travis_time:end:05bb2478:start=1614564571858727414,finish=1614564573716600451,duration=1857873037[0Ktravis_fold:end:cache.2[0K
Done. Your build exited with 1.
