travis_fold:start:system_info[0K[33;1mBuild system information[0m
Build language: java
Build group: stable
Build dist: precise
Build id: ''
Job id: ''
[34m[1mBuild image provisioning date and time[0m
Thu Feb  5 15:09:33 UTC 2015
[34m[1mOperating System Details[0m
Distributor ID:	Ubuntu
Description:	Ubuntu 12.04.5 LTS
Release:	12.04
Codename:	precise
[34m[1mLinux Version[0m
3.13.0-29-generic
[34m[1mCookbooks Version[0m
a68419e https://github.com/travis-ci/travis-cookbooks/tree/a68419e
[34m[1mGCC version[0m
gcc (Ubuntu/Linaro 4.6.3-1ubuntu5) 4.6.3
Copyright (C) 2011 Free Software Foundation, Inc.
This is free software; see the source for copying conditions.  There is NO
warranty; not even for MERCHANTABILITY or FITNESS FOR A PARTICULAR PURPOSE.

[34m[1mLLVM version[0m
clang version 3.4 (tags/RELEASE_34/final)
Target: x86_64-unknown-linux-gnu
Thread model: posix
[34m[1mPre-installed Ruby versions[0m
ruby-1.9.3-p551
[34m[1mPre-installed Node.js versions[0m
v0.10.36
[34m[1mPre-installed Go versions[0m
1.4.1
[34m[1mRedis version[0m
redis-server 2.8.19
[34m[1mriak version[0m
2.0.2
[34m[1mMongoDB version[0m
MongoDB 2.4.12
[34m[1mCouchDB version[0m
couchdb 1.6.1
[34m[1mNeo4j version[0m
1.9.4
[34m[1mRabbitMQ Version[0m
3.4.3
[34m[1mElasticSearch version[0m
1.4.0
[34m[1mInstalled Sphinx versions[0m
2.0.10
2.1.9
2.2.6
[34m[1mDefault Sphinx version[0m
2.2.6
[34m[1mInstalled Firefox version[0m
firefox 31.0esr
[34m[1mPhantomJS version[0m
1.9.8
[34m[1mant -version[0m
Apache Ant(TM) version 1.8.2 compiled on December 3 2011
[34m[1mmvn -version[0m
Apache Maven 3.2.5 (12a6b3acb947671f09b81f49094c53f426d8cea1; 2014-12-14T17:29:23+00:00)
Maven home: /usr/local/maven
Java version: 1.7.0_76, vendor: Oracle Corporation
Java home: /usr/lib/jvm/java-7-oracle/jre
Default locale: en_US, platform encoding: ANSI_X3.4-1968
OS name: "linux", version: "3.13.0-29-generic", arch: "amd64", family: "unix"
travis_fold:end:system_info[0K
W: GPG error: http://apt.postgresql.org precise-pgdg Release: The following signatures were invalid: KEYEXPIRED 1562078959
W: Failed to fetch http://ppa.launchpad.net/travis-ci/zero-mq/ubuntu/dists/precise/main/binary-amd64/Packages  403  Forbidden

W: Failed to fetch http://ppa.launchpad.net/travis-ci/zero-mq/ubuntu/dists/precise/main/binary-i386/Packages  403  Forbidden

W: Failed to fetch http://downloads-distro.mongodb.org/repo/debian-sysvinit/dists/dist/10gen/binary-amd64/Packages  Undetermined Error [IP: 52.206.222.245 80]

W: Failed to fetch http://downloads-distro.mongodb.org/repo/debian-sysvinit/dists/dist/10gen/binary-i386/Packages  Undetermined Error [IP: 52.206.222.245 80]

E: Some index files failed to download. They have been ignored, or old ones used instead.
sed: cannot rename /etc/hosts: Device or resource busy
sed: cannot rename /etc/hosts: Device or resource busy
$ jdk_switcher use oraclejdk8
Switching to Oracle JDK8 (java-8-oracle), JAVA_HOME will be set to /usr/lib/jvm/java-8-oracle
$ cd failed/uwescience/myria
travis_fold:start:postgresql[0K[33;1mStarting PostgreSQL v9.3[0m
travis_time:start:2c867f7c[0K$ sudo service postgresql stop
 * Stopping PostgreSQL 9.1 database server
   ...done.
 * Stopping PostgreSQL 9.2 database server
   ...done.
 * Stopping PostgreSQL 9.3 database server
   ...done.
 * Stopping PostgreSQL 9.4 database server
   ...done.

travis_time:end:2c867f7c:start=1614747245600542881,finish=1614747246251792686,duration=651249805[0Ktravis_time:start:0872d8ca[0K$ sudo service postgresql start 9.3
 * Starting PostgreSQL 9.3 database server
   ...done.

travis_time:end:0872d8ca:start=1614747246262262456,finish=1614747248773446255,duration=2511183799[0Ktravis_time:start:073efec4[0K$ sudo -u postgres createuser -s -p 5432 travis &>/dev/null

travis_time:end:073efec4:start=1614747248783286960,finish=1614747248843065775,duration=59778815[0Ktravis_time:start:13660f2c[0K$ sudo -u postgres createdb -O travis -p 5432 travis &>/dev/null

travis_time:end:13660f2c:start=1614747248853268953,finish=1614747249136816287,duration=283547334[0Ktravis_time:start:137f0e8c[0K$ sudo -u postgres createuser -s -p 5433 travis &>/dev/null

travis_time:end:137f0e8c:start=1614747249146786581,finish=1614747249207404972,duration=60618391[0Ktravis_time:start:05542540[0K$ sudo -u postgres createdb -O travis -p 5433 travis &>/dev/null

travis_time:end:05542540:start=1614747249217053220,finish=1614747249273907002,duration=56853782[0Ktravis_fold:end:postgresql[0K
[33;1mSetting environment variables from .travis.yml[0m
$ export AWS_ACCESS_KEY_ID=[secure]
$ export AWS_SECRET_ACCESS_KEY=[secure]

$ export TERM=dumb
travis_fold:start:cache.1[0KSetting up build cache
$ export CASHER_DIR=$HOME/.casher
travis_time:start:0d2f09ea[0K$ Installing caching utilities

travis_time:end:0d2f09ea:start=1614747250179830362,finish=1614747250371975132,duration=192144770[0Ktravis_time:start:0955cd10[0K
travis_time:end:0955cd10:start=1614747250385471995,finish=1614747250394306639,duration=8834644[0Ktravis_time:start:170ae1fd[0K/home/travis/.casher/bin/casher:213:in `cache_archive_name': undefined method `[]' for nil:NilClass (NoMethodError)
	from /home/travis/.casher/bin/casher:65:in `block in fetch'
	from /home/travis/.casher/bin/casher:64:in `each'
	from /home/travis/.casher/bin/casher:64:in `fetch'
	from /home/travis/.casher/bin/casher:53:in `block in run'
	from /home/travis/.rvm/rubies/ruby-1.9.3-p551/lib/ruby/1.9.1/timeout.rb:69:in `timeout'
	from /home/travis/.casher/bin/casher:53:in `run'
	from /home/travis/.casher/bin/casher:263:in `<main>'
[32;1mattempting to download cache archive[0m

travis_time:end:170ae1fd:start=1614747250404189830,finish=1614747251199993703,duration=795803873[0Ktravis_time:start:00ce6889[0K
travis_time:end:00ce6889:start=1614747251210652741,finish=1614747251218824797,duration=8172056[0Ktravis_time:start:37c661d1[0K[32;1madding /home/travis/.gradle/caches to cache[0m
[32;1mcreating directory /home/travis/.gradle/caches[0m

travis_time:end:37c661d1:start=1614747251229733467,finish=1614747252021127803,duration=791394336[0Ktravis_fold:end:cache.1[0K$ java -Xmx32m -version
java version "1.8.0_31"
Java(TM) SE Runtime Environment (build 1.8.0_31-b13)
Java HotSpot(TM) 64-Bit Server VM (build 25.31-b07, mixed mode)
$ javac -J-Xmx32m -version
javac 1.8.0_31
travis_fold:start:before_install.1[0Ktravis_time:start:15d70d90[0K$ sh travis/before_install.sh
CREATE DATABASE

travis_time:end:15d70d90:start=1614747252290474935,finish=1614747253222076390,duration=931601455[0Ktravis_fold:end:before_install.1[0Ktravis_fold:start:before_install.2[0Ktravis_time:start:15f5afea[0K$ export TERM=dumb

travis_time:end:15f5afea:start=1614747253230811842,finish=1614747253237818412,duration=7006570[0Ktravis_fold:end:before_install.2[0Ktravis_fold:start:install[0Ktravis_time:start:01bbcc3a[0K$ ./gradlew assemble
Downloading https://services.gradle.org/distributions/gradle-2.10-bin.zip
..............................................................................................................................................................................................................................................................................................................................................................................................................................................................................................................................................................................................................................................................................................................................................................................................................................................................................................................................................................................................................................................................................................................................................................................................................................................................................................................................................................................................................................................................................................................................................................................................................................................................................................................................................................................................................................................................................................................................................................................................................................................................................................................................................................................................................................................................................................................................................................................................................
Unzipping /home/travis/.gradle/wrapper/dists/gradle-2.10-bin/baigpnfu14tdk6ztbfwcl8275/gradle-2.10-bin.zip to /home/travis/.gradle/wrapper/dists/gradle-2.10-bin/baigpnfu14tdk6ztbfwcl8275
Set executable permissions for: /home/travis/.gradle/wrapper/dists/gradle-2.10-bin/baigpnfu14tdk6ztbfwcl8275/gradle-2.10/bin/gradle

FAILURE: Build failed with an exception.

* Where:
Build file '/home/travis/build/failed/uwescience/myria/build.gradle' line: 42

* What went wrong:
Could not compile build file '/home/travis/build/failed/uwescience/myria/build.gradle'.
> startup failed:
  build file '/home/travis/build/failed/uwescience/myria/build.gradle': 42: all buildscript {} blocks must appear before any plugins {} blocks in the script
  
  See https://docs.gradle.org/2.10/userguide/plugins.html#sec:plugins_block for information on the plugins {} block
  
   @ line 42, column 1.
     buildscript {
     ^
  
  1 error


* Try:
Run with --stacktrace option to get the stack trace. Run with --info or --debug option to get more log output.

BUILD FAILED

Total time: 16.147 secs

[31;1mThe command "eval ./gradlew assemble " failed. Retrying, 2 of 3.[0m


FAILURE: Build failed with an exception.

* Where:
Build file '/home/travis/build/failed/uwescience/myria/build.gradle' line: 42

* What went wrong:
Could not compile build file '/home/travis/build/failed/uwescience/myria/build.gradle'.
> startup failed:
  build file '/home/travis/build/failed/uwescience/myria/build.gradle': 42: all buildscript {} blocks must appear before any plugins {} blocks in the script
  
  See https://docs.gradle.org/2.10/userguide/plugins.html#sec:plugins_block for information on the plugins {} block
  
   @ line 42, column 1.
     buildscript {
     ^
  
  1 error


* Try:
Run with --stacktrace option to get the stack trace. Run with --info or --debug option to get more log output.

BUILD FAILED

Total time: 1.793 secs

[31;1mThe command "eval ./gradlew assemble " failed. Retrying, 3 of 3.[0m


FAILURE: Build failed with an exception.

* Where:
Build file '/home/travis/build/failed/uwescience/myria/build.gradle' line: 42

* What went wrong:
Could not compile build file '/home/travis/build/failed/uwescience/myria/build.gradle'.
> startup failed:
  build file '/home/travis/build/failed/uwescience/myria/build.gradle': 42: all buildscript {} blocks must appear before any plugins {} blocks in the script
  
  See https://docs.gradle.org/2.10/userguide/plugins.html#sec:plugins_block for information on the plugins {} block
  
   @ line 42, column 1.
     buildscript {
     ^
  
  1 error


* Try:
Run with --stacktrace option to get the stack trace. Run with --info or --debug option to get more log output.

BUILD FAILED

Total time: 1.814 secs

[31;1mThe command "eval ./gradlew assemble " failed 3 times.[0m


travis_time:end:01bbcc3a:start=1614747253246249289,finish=1614747276490146328,duration=23243897039[0K
[31;1mThe command "./gradlew assemble" failed and exited with 1 during .[0m

Your build has been stopped.
