travis_fold:start:system_info[0K[33;1mBuild system information[0m
Build language: java
Build group: stable
Build dist: precise
Build id: ''
Job id: ''
[34m[1mBuild image provisioning date and time[0m
Thu Feb  5 15:09:33 UTC 2015
[34m[1mOperating System Details[0m
Distributor ID:	Ubuntu
Description:	Ubuntu 12.04.5 LTS
Release:	12.04
Codename:	precise
[34m[1mLinux Version[0m
3.13.0-29-generic
[34m[1mCookbooks Version[0m
a68419e https://github.com/travis-ci/travis-cookbooks/tree/a68419e
[34m[1mGCC version[0m
gcc (Ubuntu/Linaro 4.6.3-1ubuntu5) 4.6.3
Copyright (C) 2011 Free Software Foundation, Inc.
This is free software; see the source for copying conditions.  There is NO
warranty; not even for MERCHANTABILITY or FITNESS FOR A PARTICULAR PURPOSE.

[34m[1mLLVM version[0m
clang version 3.4 (tags/RELEASE_34/final)
Target: x86_64-unknown-linux-gnu
Thread model: posix
[34m[1mPre-installed Ruby versions[0m
ruby-1.9.3-p551
[34m[1mPre-installed Node.js versions[0m
v0.10.36
[34m[1mPre-installed Go versions[0m
1.4.1
[34m[1mRedis version[0m
redis-server 2.8.19
[34m[1mriak version[0m
2.0.2
[34m[1mMongoDB version[0m
MongoDB 2.4.12
[34m[1mCouchDB version[0m
couchdb 1.6.1
[34m[1mNeo4j version[0m
1.9.4
[34m[1mRabbitMQ Version[0m
3.4.3
[34m[1mElasticSearch version[0m
1.4.0
[34m[1mInstalled Sphinx versions[0m
2.0.10
2.1.9
2.2.6
[34m[1mDefault Sphinx version[0m
2.2.6
[34m[1mInstalled Firefox version[0m
firefox 31.0esr
[34m[1mPhantomJS version[0m
1.9.8
[34m[1mant -version[0m
Apache Ant(TM) version 1.8.2 compiled on December 3 2011
[34m[1mmvn -version[0m
Apache Maven 3.2.5 (12a6b3acb947671f09b81f49094c53f426d8cea1; 2014-12-14T17:29:23+00:00)
Maven home: /usr/local/maven
Java version: 1.7.0_76, vendor: Oracle Corporation
Java home: /usr/lib/jvm/java-7-oracle/jre
Default locale: en_US, platform encoding: ANSI_X3.4-1968
OS name: "linux", version: "3.13.0-29-generic", arch: "amd64", family: "unix"
travis_fold:end:system_info[0K
grep: /etc/apt/sources.list.d/*: No such file or directory
W: Failed to fetch http://us.archive.ubuntu.com/ubuntu/dists/precise/main/source/Sources  404  Not Found [IP: 91.189.91.39 80]

W: Failed to fetch http://us.archive.ubuntu.com/ubuntu/dists/precise/restricted/source/Sources  404  Not Found [IP: 91.189.91.39 80]

W: Failed to fetch http://us.archive.ubuntu.com/ubuntu/dists/precise/universe/source/Sources  404  Not Found [IP: 91.189.91.39 80]

W: Failed to fetch http://us.archive.ubuntu.com/ubuntu/dists/precise/multiverse/source/Sources  404  Not Found [IP: 91.189.91.39 80]

W: Failed to fetch http://us.archive.ubuntu.com/ubuntu/dists/precise/main/binary-amd64/Packages  404  Not Found [IP: 91.189.91.39 80]

W: Failed to fetch http://us.archive.ubuntu.com/ubuntu/dists/precise/restricted/binary-amd64/Packages  404  Not Found [IP: 91.189.91.39 80]

W: Failed to fetch http://us.archive.ubuntu.com/ubuntu/dists/precise/universe/binary-amd64/Packages  404  Not Found [IP: 91.189.91.39 80]

W: Failed to fetch http://us.archive.ubuntu.com/ubuntu/dists/precise/multiverse/binary-amd64/Packages  404  Not Found [IP: 91.189.91.39 80]

W: Failed to fetch http://us.archive.ubuntu.com/ubuntu/dists/precise/main/binary-i386/Packages  404  Not Found [IP: 91.189.91.39 80]

W: Failed to fetch http://us.archive.ubuntu.com/ubuntu/dists/precise/restricted/binary-i386/Packages  404  Not Found [IP: 91.189.91.39 80]

W: Failed to fetch http://us.archive.ubuntu.com/ubuntu/dists/precise/universe/binary-i386/Packages  404  Not Found [IP: 91.189.91.39 80]

W: Failed to fetch http://us.archive.ubuntu.com/ubuntu/dists/precise/multiverse/binary-i386/Packages  404  Not Found [IP: 91.189.91.39 80]

W: Failed to fetch http://us.archive.ubuntu.com/ubuntu/dists/precise-updates/main/source/Sources  404  Not Found [IP: 91.189.91.39 80]

W: Failed to fetch http://us.archive.ubuntu.com/ubuntu/dists/precise-updates/restricted/source/Sources  404  Not Found [IP: 91.189.91.39 80]

W: Failed to fetch http://us.archive.ubuntu.com/ubuntu/dists/precise-updates/universe/source/Sources  404  Not Found [IP: 91.189.91.39 80]

W: Failed to fetch http://us.archive.ubuntu.com/ubuntu/dists/precise-updates/multiverse/source/Sources  404  Not Found [IP: 91.189.91.39 80]

W: Failed to fetch http://us.archive.ubuntu.com/ubuntu/dists/precise-updates/main/binary-amd64/Packages  404  Not Found [IP: 91.189.91.39 80]

W: Failed to fetch http://us.archive.ubuntu.com/ubuntu/dists/precise-updates/restricted/binary-amd64/Packages  404  Not Found [IP: 91.189.91.39 80]

W: Failed to fetch http://us.archive.ubuntu.com/ubuntu/dists/precise-updates/universe/binary-amd64/Packages  404  Not Found [IP: 91.189.91.39 80]

W: Failed to fetch http://us.archive.ubuntu.com/ubuntu/dists/precise-updates/multiverse/binary-amd64/Packages  404  Not Found [IP: 91.189.91.39 80]

W: Failed to fetch http://us.archive.ubuntu.com/ubuntu/dists/precise-updates/main/binary-i386/Packages  404  Not Found [IP: 91.189.91.39 80]

W: Failed to fetch http://us.archive.ubuntu.com/ubuntu/dists/precise-updates/restricted/binary-i386/Packages  404  Not Found [IP: 91.189.91.39 80]

W: Failed to fetch http://us.archive.ubuntu.com/ubuntu/dists/precise-updates/universe/binary-i386/Packages  404  Not Found [IP: 91.189.91.39 80]

W: Failed to fetch http://us.archive.ubuntu.com/ubuntu/dists/precise-updates/multiverse/binary-i386/Packages  404  Not Found [IP: 91.189.91.39 80]

W: Failed to fetch http://us.archive.ubuntu.com/ubuntu/dists/precise-backports/main/source/Sources  404  Not Found [IP: 91.189.91.39 80]

W: Failed to fetch http://us.archive.ubuntu.com/ubuntu/dists/precise-backports/restricted/source/Sources  404  Not Found [IP: 91.189.91.39 80]

W: Failed to fetch http://us.archive.ubuntu.com/ubuntu/dists/precise-backports/universe/source/Sources  404  Not Found [IP: 91.189.91.39 80]

W: Failed to fetch http://us.archive.ubuntu.com/ubuntu/dists/precise-backports/multiverse/source/Sources  404  Not Found [IP: 91.189.91.39 80]

W: Failed to fetch http://us.archive.ubuntu.com/ubuntu/dists/precise-backports/main/binary-amd64/Packages  404  Not Found [IP: 91.189.91.39 80]

W: Failed to fetch http://us.archive.ubuntu.com/ubuntu/dists/precise-backports/restricted/binary-amd64/Packages  404  Not Found [IP: 91.189.91.39 80]

W: Failed to fetch http://us.archive.ubuntu.com/ubuntu/dists/precise-backports/universe/binary-amd64/Packages  404  Not Found [IP: 91.189.91.39 80]

W: Failed to fetch http://us.archive.ubuntu.com/ubuntu/dists/precise-backports/multiverse/binary-amd64/Packages  404  Not Found [IP: 91.189.91.39 80]

W: Failed to fetch http://us.archive.ubuntu.com/ubuntu/dists/precise-backports/main/binary-i386/Packages  404  Not Found [IP: 91.189.91.39 80]

W: Failed to fetch http://us.archive.ubuntu.com/ubuntu/dists/precise-backports/restricted/binary-i386/Packages  404  Not Found [IP: 91.189.91.39 80]

W: Failed to fetch http://us.archive.ubuntu.com/ubuntu/dists/precise-backports/universe/binary-i386/Packages  404  Not Found [IP: 91.189.91.39 80]

W: Failed to fetch http://us.archive.ubuntu.com/ubuntu/dists/precise-backports/multiverse/binary-i386/Packages  404  Not Found [IP: 91.189.91.39 80]

W: Failed to fetch http://security.ubuntu.com/ubuntu/dists/precise-security/main/source/Sources  404  Not Found [IP: 185.125.190.36 80]

W: Failed to fetch http://security.ubuntu.com/ubuntu/dists/precise-security/restricted/source/Sources  404  Not Found [IP: 185.125.190.36 80]

W: Failed to fetch http://security.ubuntu.com/ubuntu/dists/precise-security/universe/source/Sources  404  Not Found [IP: 185.125.190.36 80]

W: Failed to fetch http://security.ubuntu.com/ubuntu/dists/precise-security/multiverse/source/Sources  404  Not Found [IP: 185.125.190.36 80]

W: Failed to fetch http://security.ubuntu.com/ubuntu/dists/precise-security/main/binary-amd64/Packages  404  Not Found [IP: 185.125.190.36 80]

W: Failed to fetch http://security.ubuntu.com/ubuntu/dists/precise-security/restricted/binary-amd64/Packages  404  Not Found [IP: 185.125.190.36 80]

W: Failed to fetch http://security.ubuntu.com/ubuntu/dists/precise-security/universe/binary-amd64/Packages  404  Not Found [IP: 185.125.190.36 80]

W: Failed to fetch http://security.ubuntu.com/ubuntu/dists/precise-security/multiverse/binary-amd64/Packages  404  Not Found [IP: 185.125.190.36 80]

W: Failed to fetch http://security.ubuntu.com/ubuntu/dists/precise-security/main/binary-i386/Packages  404  Not Found [IP: 185.125.190.36 80]

W: Failed to fetch http://security.ubuntu.com/ubuntu/dists/precise-security/restricted/binary-i386/Packages  404  Not Found [IP: 185.125.190.36 80]

W: Failed to fetch http://security.ubuntu.com/ubuntu/dists/precise-security/universe/binary-i386/Packages  404  Not Found [IP: 185.125.190.36 80]

W: Failed to fetch http://security.ubuntu.com/ubuntu/dists/precise-security/multiverse/binary-i386/Packages  404  Not Found [IP: 185.125.190.36 80]

E: Some index files failed to download. They have been ignored, or old ones used instead.
sed: cannot rename /etc/hosts: Device or resource busy
sed: cannot rename /etc/hosts: Device or resource busy
$ jdk_switcher use oraclejdk7
Switching to Oracle JDK7 (java-7-oracle), JAVA_HOME will be set to /usr/lib/jvm/java-7-oracle
$ cd failed/square/okhttp
travis_fold:start:git.submodule[0Ktravis_time:start:0423568c[0K$ git submodule update --init --recursive

travis_time:end:0423568c:start=1657406417332212217,finish=1657406419783474058,duration=2451261841[0Ktravis_fold:end:git.submodule[0Ktravis_fold:start:apt[0K[33;1mInstalling APT Packages (BETA)[0m
$ export DEBIAN_FRONTEND=noninteractive
travis_time:start:045f5e98[0K$ sudo -E apt-get -yq update &>> ~/apt-get-update.log

travis_time:end:045f5e98:start=1657406419794346517,finish=1657406422574790354,duration=2780443837[0Ktravis_time:start:0036ea05[0K$ sudo -E apt-get -yq --no-install-suggests --no-install-recommends --force-yes install oracle-java8-installer
Reading package lists...
Building dependency tree...
Reading state information...
oracle-java8-installer is already the newest version.
0 upgraded, 0 newly installed, 0 to remove and 0 not upgraded.

travis_time:end:0036ea05:start=1657406422584152363,finish=1657406423356069781,duration=771917418[0Ktravis_fold:end:apt[0K
[33;1mSetting environment variables from .travis.yml[0m
$ export CI_DEPLOY_USERNAME=[secure]
$ export CI_DEPLOY_PASSWORD=[secure]

travis_fold:start:cache.1[0KSetting up build cache
$ export CASHER_DIR=$HOME/.casher
travis_time:start:00e77ebc[0K
travis_time:end:00e77ebc:start=1657406430641282154,finish=1657406430648784644,duration=7502490[0Ktravis_time:start:023759c4[0K/home/travis/.casher/bin/casher:213:in `cache_archive_name': undefined method `[]' for nil:NilClass (NoMethodError)
	from /home/travis/.casher/bin/casher:65:in `block in fetch'
	from /home/travis/.casher/bin/casher:64:in `each'
	from /home/travis/.casher/bin/casher:64:in `fetch'
	from /home/travis/.casher/bin/casher:53:in `block in run'
	from /home/travis/.rvm/rubies/ruby-1.9.3-p551/lib/ruby/1.9.1/timeout.rb:69:in `timeout'
	from /home/travis/.casher/bin/casher:53:in `run'
	from /home/travis/.casher/bin/casher:263:in `<main>'
[32;1mattempting to download cache archive[0m

travis_time:end:023759c4:start=1657406430658649339,finish=1657406431380270683,duration=721621344[0Ktravis_time:start:220e336f[0K
travis_time:end:220e336f:start=1657406431388358547,finish=1657406431396856433,duration=8497886[0Ktravis_time:start:015743d0[0K[32;1madding /home/travis/.m2 to cache[0m

travis_time:end:015743d0:start=1657406431406907861,finish=1657406432506196812,duration=1099288951[0Ktravis_fold:end:cache.1[0K$ java -Xmx32m -version
java version "1.7.0_76"
Java(TM) SE Runtime Environment (build 1.7.0_76-b13)
Java HotSpot(TM) 64-Bit Server VM (build 24.76-b04, mixed mode)
$ javac -J-Xmx32m -version
javac 1.7.0_76
travis_fold:start:install[0Ktravis_time:start:022bb550[0K$ mvn -o install -Dhttps.protocols=TLSv1.2 -Dhttps.protocols=TLSv1.2 -DskipTests=true -Dmaven.javadoc.skip=true -B -V
Apache Maven 3.2.5 (12a6b3acb947671f09b81f49094c53f426d8cea1; 2014-12-14T17:29:23+00:00)
Maven home: /usr/local/maven
Java version: 1.7.0_76, vendor: Oracle Corporation
Java home: /usr/lib/jvm/java-7-oracle/jre
Default locale: en_US, platform encoding: UTF-8
OS name: "linux", version: "4.15.0-109-generic", arch: "amd64", family: "unix"
[INFO] Scanning for projects...
[WARNING] 
[WARNING] Some problems were encountered while building the effective model for com.squareup.okhttp3:okhttp-tests:jar:3.4.0-SNAPSHOT
[WARNING] 'build.plugins.plugin.version' for org.apache.maven.plugins:maven-deploy-plugin is missing. @ com.squareup.okhttp3:okhttp-tests:[unknown-version], /home/travis/build/failed/square/okhttp/okhttp-tests/pom.xml, line 53, column 15
[WARNING] 
[WARNING] Some problems were encountered while building the effective model for com.squareup.okhttp3:okhttp-ws-tests:jar:3.4.0-SNAPSHOT
[WARNING] 'build.plugins.plugin.version' for org.apache.maven.plugins:maven-deploy-plugin is missing. @ com.squareup.okhttp3:okhttp-ws-tests:[unknown-version], /home/travis/build/failed/square/okhttp/okhttp-ws-tests/pom.xml, line 67, column 15
[WARNING] 
[WARNING] Some problems were encountered while building the effective model for com.squareup.okhttp3:benchmarks:jar:3.4.0-SNAPSHOT
[WARNING] 'build.plugins.plugin.version' for org.codehaus.mojo:exec-maven-plugin is missing. @ com.squareup.okhttp3:benchmarks:[unknown-version], /home/travis/build/failed/square/okhttp/benchmarks/pom.xml, line 74, column 15
[WARNING] 
[WARNING] It is highly recommended to fix these problems because they threaten the stability of your build.
[WARNING] 
[WARNING] For this reason, future Maven versions might no longer support building such malformed projects.
[WARNING] 
[INFO] ------------------------------------------------------------------------
[INFO] Reactor Build Order:
[INFO] 
[INFO] OkHttp (Parent)
[INFO] OkHttp
[INFO] OkHttp test support classes
[INFO] OkHttp Web Sockets
[INFO] MockWebServer
[INFO] OkHttp URLConnection
[INFO] OkHttp Tests
[INFO] OkHttp Android Platform Support
[INFO] OkHttp Apache HttpClient
[INFO] OkHttp Web Socket Tests
[INFO] OkHttp Logging Interceptor
[INFO] OkCurl
[INFO] Samples (Parent)
[INFO] Sample: Guide
[INFO] Sample: Crawler
[INFO] Sample: Simple Client
[INFO] Sample: Static Server
[INFO] Benchmarks
[INFO]                                                                         
[INFO] ------------------------------------------------------------------------
[INFO] Building OkHttp (Parent) 3.4.0-SNAPSHOT
[INFO] ------------------------------------------------------------------------
[INFO] 
[INFO] --- maven-enforcer-plugin:1.0:enforce (enforce-maven) @ parent ---
[INFO] 
[INFO] --- animal-sniffer-maven-plugin:1.11:check (default) @ parent ---
[INFO] Checking unresolved references to org.codehaus.mojo.signature:java16:1.1
[INFO] 
[INFO] --- maven-checkstyle-plugin:2.10:checkstyle (default) @ parent ---
[INFO] 
[INFO] --- maven-install-plugin:2.4:install (default-install) @ parent ---
[INFO] Installing /home/travis/build/failed/square/okhttp/pom.xml to /home/travis/.m2/repository/com/squareup/okhttp3/parent/3.4.0-SNAPSHOT/parent-3.4.0-SNAPSHOT.pom
[INFO]                                                                         
[INFO] ------------------------------------------------------------------------
[INFO] Building OkHttp 3.4.0-SNAPSHOT
[INFO] ------------------------------------------------------------------------
[INFO] 
[INFO] --- maven-enforcer-plugin:1.0:enforce (enforce-maven) @ okhttp ---
[INFO] 
[INFO] --- templating-maven-plugin:1.0-alpha-3:filter-sources (default) @ okhttp ---
[INFO] Using 'UTF-8' encoding to copy filtered resources.
[INFO] Copying 1 resource
[INFO] Source directory: /home/travis/build/failed/square/okhttp/okhttp/target/generated-sources/java-templates added.
[INFO] 
[INFO] --- maven-resources-plugin:2.6:resources (default-resources) @ okhttp ---
[INFO] Using 'UTF-8' encoding to copy filtered resources.
[INFO] skip non existing resourceDirectory /home/travis/build/failed/square/okhttp/okhttp/src/main/resources
[INFO] 
[INFO] --- maven-compiler-plugin:3.0:compile (default-compile) @ okhttp ---
[INFO] Changes detected - recompiling the module!
[INFO] Compiling 91 source files to /home/travis/build/failed/square/okhttp/okhttp/target/classes
[WARNING] /home/travis/build/failed/square/okhttp/okhttp/src/main/java/okhttp3/internal/Util.java: Some input files use unchecked or unsafe operations.
[WARNING] /home/travis/build/failed/square/okhttp/okhttp/src/main/java/okhttp3/internal/Util.java: Recompile with -Xlint:unchecked for details.
[INFO] 
[INFO] --- maven-resources-plugin:2.6:testResources (default-testResources) @ okhttp ---
[INFO] Using 'UTF-8' encoding to copy filtered resources.
[INFO] skip non existing resourceDirectory /home/travis/build/failed/square/okhttp/okhttp/src/test/resources
[INFO] 
[INFO] --- maven-compiler-plugin:3.0:testCompile (default-testCompile) @ okhttp ---
[INFO] No sources to compile
[INFO] 
[INFO] --- maven-surefire-plugin:2.17:test (default-test) @ okhttp ---
[INFO] Tests are skipped.
[INFO] 
[INFO] --- animal-sniffer-maven-plugin:1.11:check (default) @ okhttp ---
[INFO] Checking unresolved references to org.codehaus.mojo.signature:java16:1.1
[INFO] 
[INFO] --- maven-jar-plugin:2.4:jar (default-jar) @ okhttp ---
[INFO] Building jar: /home/travis/build/failed/square/okhttp/okhttp/target/okhttp-3.4.0-SNAPSHOT.jar
[INFO] 
[INFO] --- maven-checkstyle-plugin:2.10:checkstyle (default) @ okhttp ---
[INFO] Starting audit...
Audit done.

[WARNING] Unable to locate Source XRef to link to - DISABLED
[INFO] 
[INFO] --- maven-install-plugin:2.4:install (default-install) @ okhttp ---
[INFO] Installing /home/travis/build/failed/square/okhttp/okhttp/target/okhttp-3.4.0-SNAPSHOT.jar to /home/travis/.m2/repository/com/squareup/okhttp3/okhttp/3.4.0-SNAPSHOT/okhttp-3.4.0-SNAPSHOT.jar
[INFO] Installing /home/travis/build/failed/square/okhttp/okhttp/pom.xml to /home/travis/.m2/repository/com/squareup/okhttp3/okhttp/3.4.0-SNAPSHOT/okhttp-3.4.0-SNAPSHOT.pom
[INFO]                                                                         
[INFO] ------------------------------------------------------------------------
[INFO] Building OkHttp test support classes 3.4.0-SNAPSHOT
[INFO] ------------------------------------------------------------------------
[INFO] 
[INFO] --- maven-enforcer-plugin:1.0:enforce (enforce-maven) @ okhttp-testing-support ---
[INFO] 
[INFO] --- maven-resources-plugin:2.6:resources (default-resources) @ okhttp-testing-support ---
[INFO] Using 'UTF-8' encoding to copy filtered resources.
[INFO] skip non existing resourceDirectory /home/travis/build/failed/square/okhttp/okhttp-testing-support/src/main/resources
[INFO] 
[INFO] --- maven-compiler-plugin:3.0:compile (default-compile) @ okhttp-testing-support ---
[INFO] Changes detected - recompiling the module!
[INFO] Compiling 7 source files to /home/travis/build/failed/square/okhttp/okhttp-testing-support/target/classes
[INFO] 
[INFO] --- maven-resources-plugin:2.6:testResources (default-testResources) @ okhttp-testing-support ---
[INFO] Using 'UTF-8' encoding to copy filtered resources.
[INFO] skip non existing resourceDirectory /home/travis/build/failed/square/okhttp/okhttp-testing-support/src/test/resources
[INFO] 
[INFO] --- maven-compiler-plugin:3.0:testCompile (default-testCompile) @ okhttp-testing-support ---
[INFO] No sources to compile
[INFO] 
[INFO] --- maven-surefire-plugin:2.17:test (default-test) @ okhttp-testing-support ---
[INFO] Tests are skipped.
[INFO] 
[INFO] --- animal-sniffer-maven-plugin:1.11:check (default) @ okhttp-testing-support ---
[INFO] Checking unresolved references to org.codehaus.mojo.signature:java16:1.1
[INFO] 
[INFO] --- maven-jar-plugin:2.4:jar (default-jar) @ okhttp-testing-support ---
[INFO] Building jar: /home/travis/build/failed/square/okhttp/okhttp-testing-support/target/okhttp-testing-support-3.4.0-SNAPSHOT.jar
[INFO] 
[INFO] --- maven-checkstyle-plugin:2.10:checkstyle (default) @ okhttp-testing-support ---
[INFO] Starting audit...
Audit done.

[WARNING] Unable to locate Source XRef to link to - DISABLED
[INFO] 
[INFO] --- maven-install-plugin:2.4:install (default-install) @ okhttp-testing-support ---
[INFO] Installing /home/travis/build/failed/square/okhttp/okhttp-testing-support/target/okhttp-testing-support-3.4.0-SNAPSHOT.jar to /home/travis/.m2/repository/com/squareup/okhttp3/okhttp-testing-support/3.4.0-SNAPSHOT/okhttp-testing-support-3.4.0-SNAPSHOT.jar
[INFO] Installing /home/travis/build/failed/square/okhttp/okhttp-testing-support/pom.xml to /home/travis/.m2/repository/com/squareup/okhttp3/okhttp-testing-support/3.4.0-SNAPSHOT/okhttp-testing-support-3.4.0-SNAPSHOT.pom
[INFO]                                                                         
[INFO] ------------------------------------------------------------------------
[INFO] Building OkHttp Web Sockets 3.4.0-SNAPSHOT
[INFO] ------------------------------------------------------------------------
[INFO] 
[INFO] --- maven-enforcer-plugin:1.0:enforce (enforce-maven) @ okhttp-ws ---
[INFO] 
[INFO] --- maven-resources-plugin:2.6:resources (default-resources) @ okhttp-ws ---
[INFO] Using 'UTF-8' encoding to copy filtered resources.
[INFO] skip non existing resourceDirectory /home/travis/build/failed/square/okhttp/okhttp-ws/src/main/resources
[INFO] 
[INFO] --- maven-compiler-plugin:3.0:compile (default-compile) @ okhttp-ws ---
[INFO] Changes detected - recompiling the module!
[INFO] Compiling 7 source files to /home/travis/build/failed/square/okhttp/okhttp-ws/target/classes
[INFO] 
[INFO] --- maven-resources-plugin:2.6:testResources (default-testResources) @ okhttp-ws ---
[INFO] Using 'UTF-8' encoding to copy filtered resources.
[INFO] skip non existing resourceDirectory /home/travis/build/failed/square/okhttp/okhttp-ws/src/test/resources
[INFO] 
[INFO] --- maven-compiler-plugin:3.0:testCompile (default-testCompile) @ okhttp-ws ---
[INFO] No sources to compile
[INFO] 
[INFO] --- maven-surefire-plugin:2.17:test (default-test) @ okhttp-ws ---
[INFO] Tests are skipped.
[INFO] 
[INFO] --- animal-sniffer-maven-plugin:1.11:check (default) @ okhttp-ws ---
[INFO] Checking unresolved references to org.codehaus.mojo.signature:java16:1.1
[INFO] 
[INFO] --- maven-jar-plugin:2.4:jar (default-jar) @ okhttp-ws ---
[INFO] Building jar: /home/travis/build/failed/square/okhttp/okhttp-ws/target/okhttp-ws-3.4.0-SNAPSHOT.jar
[INFO] 
[INFO] --- maven-checkstyle-plugin:2.10:checkstyle (default) @ okhttp-ws ---
[INFO] Starting audit...
Audit done.

[WARNING] Unable to locate Source XRef to link to - DISABLED
[INFO] 
[INFO] --- maven-install-plugin:2.4:install (default-install) @ okhttp-ws ---
[INFO] Installing /home/travis/build/failed/square/okhttp/okhttp-ws/target/okhttp-ws-3.4.0-SNAPSHOT.jar to /home/travis/.m2/repository/com/squareup/okhttp3/okhttp-ws/3.4.0-SNAPSHOT/okhttp-ws-3.4.0-SNAPSHOT.jar
[INFO] Installing /home/travis/build/failed/square/okhttp/okhttp-ws/pom.xml to /home/travis/.m2/repository/com/squareup/okhttp3/okhttp-ws/3.4.0-SNAPSHOT/okhttp-ws-3.4.0-SNAPSHOT.pom
[INFO]                                                                         
[INFO] ------------------------------------------------------------------------
[INFO] Building MockWebServer 3.4.0-SNAPSHOT
[INFO] ------------------------------------------------------------------------
[INFO] 
[INFO] --- maven-enforcer-plugin:1.0:enforce (enforce-maven) @ mockwebserver ---
[INFO] 
[INFO] --- maven-resources-plugin:2.6:resources (default-resources) @ mockwebserver ---
[INFO] Using 'UTF-8' encoding to copy filtered resources.
[INFO] skip non existing resourceDirectory /home/travis/build/failed/square/okhttp/mockwebserver/src/main/resources
[INFO] 
[INFO] --- maven-compiler-plugin:3.0:compile (default-compile) @ mockwebserver ---
[INFO] Changes detected - recompiling the module!
[INFO] Compiling 10 source files to /home/travis/build/failed/square/okhttp/mockwebserver/target/classes
[WARNING] /home/travis/build/failed/square/okhttp/mockwebserver/src/main/java/okhttp3/internal/tls/HeldCertificate.java: /home/travis/build/failed/square/okhttp/mockwebserver/src/main/java/okhttp3/internal/tls/HeldCertificate.java uses or overrides a deprecated API.
[WARNING] /home/travis/build/failed/square/okhttp/mockwebserver/src/main/java/okhttp3/internal/tls/HeldCertificate.java: Recompile with -Xlint:deprecation for details.
[INFO] 
[INFO] --- maven-resources-plugin:2.6:testResources (default-testResources) @ mockwebserver ---
[INFO] Using 'UTF-8' encoding to copy filtered resources.
[INFO] skip non existing resourceDirectory /home/travis/build/failed/square/okhttp/mockwebserver/src/test/resources
[INFO] 
[INFO] --- maven-compiler-plugin:3.0:testCompile (default-testCompile) @ mockwebserver ---
[INFO] Changes detected - recompiling the module!
[INFO] Compiling 2 source files to /home/travis/build/failed/square/okhttp/mockwebserver/target/test-classes
[INFO] 
[INFO] --- maven-surefire-plugin:2.17:test (default-test) @ mockwebserver ---
[INFO] Tests are skipped.
[INFO] 
[INFO] --- animal-sniffer-maven-plugin:1.11:check (default) @ mockwebserver ---
[INFO] Checking unresolved references to org.codehaus.mojo.signature:java16:1.1
[INFO] 
[INFO] --- maven-jar-plugin:2.4:jar (default-jar) @ mockwebserver ---
[INFO] Building jar: /home/travis/build/failed/square/okhttp/mockwebserver/target/mockwebserver-3.4.0-SNAPSHOT.jar
[INFO] 
[INFO] --- maven-assembly-plugin:2.2-beta-5:single (default) @ mockwebserver ---
[INFO] META-INF/ already added, skipping
[INFO] META-INF/MANIFEST.MF already added, skipping
[INFO] META-INF/maven/ already added, skipping
[INFO] META-INF/ already added, skipping
[INFO] META-INF/MANIFEST.MF already added, skipping
[INFO] okhttp3/ already added, skipping
[INFO] okhttp3/internal/ already added, skipping
[INFO] META-INF/maven/ already added, skipping
[INFO] META-INF/maven/com.squareup.okhttp3/ already added, skipping
[INFO] META-INF/MANIFEST.MF already added, skipping
[INFO] META-INF/ already added, skipping
[INFO] META-INF/MANIFEST.MF already added, skipping
[INFO] org/ already added, skipping
[INFO] META-INF/ already added, skipping
[INFO] META-INF/MANIFEST.MF already added, skipping
[INFO] org/ already added, skipping
[INFO] Building jar: /home/travis/build/failed/square/okhttp/mockwebserver/target/mockwebserver-3.4.0-SNAPSHOT-jar-with-dependencies.jar
[INFO] META-INF/ already added, skipping
[INFO] META-INF/MANIFEST.MF already added, skipping
[INFO] META-INF/maven/ already added, skipping
[INFO] META-INF/ already added, skipping
[INFO] META-INF/MANIFEST.MF already added, skipping
[INFO] okhttp3/ already added, skipping
[INFO] okhttp3/internal/ already added, skipping
[INFO] META-INF/maven/ already added, skipping
[INFO] META-INF/maven/com.squareup.okhttp3/ already added, skipping
[INFO] META-INF/MANIFEST.MF already added, skipping
[INFO] META-INF/ already added, skipping
[INFO] META-INF/MANIFEST.MF already added, skipping
[INFO] org/ already added, skipping
[INFO] META-INF/ already added, skipping
[INFO] META-INF/MANIFEST.MF already added, skipping
[INFO] org/ already added, skipping
[INFO] 
[INFO] --- maven-checkstyle-plugin:2.10:checkstyle (default) @ mockwebserver ---
[INFO] Starting audit...
Audit done.

[WARNING] Unable to locate Source XRef to link to - DISABLED
[INFO] 
[INFO] --- maven-install-plugin:2.4:install (default-install) @ mockwebserver ---
[INFO] Installing /home/travis/build/failed/square/okhttp/mockwebserver/target/mockwebserver-3.4.0-SNAPSHOT.jar to /home/travis/.m2/repository/com/squareup/okhttp3/mockwebserver/3.4.0-SNAPSHOT/mockwebserver-3.4.0-SNAPSHOT.jar
[INFO] Installing /home/travis/build/failed/square/okhttp/mockwebserver/pom.xml to /home/travis/.m2/repository/com/squareup/okhttp3/mockwebserver/3.4.0-SNAPSHOT/mockwebserver-3.4.0-SNAPSHOT.pom
[INFO] Installing /home/travis/build/failed/square/okhttp/mockwebserver/target/mockwebserver-3.4.0-SNAPSHOT-jar-with-dependencies.jar to /home/travis/.m2/repository/com/squareup/okhttp3/mockwebserver/3.4.0-SNAPSHOT/mockwebserver-3.4.0-SNAPSHOT-jar-with-dependencies.jar
[INFO]                                                                         
[INFO] ------------------------------------------------------------------------
[INFO] Building OkHttp URLConnection 3.4.0-SNAPSHOT
[INFO] ------------------------------------------------------------------------
[INFO] 
[INFO] --- maven-enforcer-plugin:1.0:enforce (enforce-maven) @ okhttp-urlconnection ---
[INFO] 
[INFO] --- maven-resources-plugin:2.6:resources (default-resources) @ okhttp-urlconnection ---
[INFO] Using 'UTF-8' encoding to copy filtered resources.
[INFO] skip non existing resourceDirectory /home/travis/build/failed/square/okhttp/okhttp-urlconnection/src/main/resources
[INFO] 
[INFO] --- maven-compiler-plugin:3.0:compile (default-compile) @ okhttp-urlconnection ---
[INFO] Changes detected - recompiling the module!
[INFO] Compiling 12 source files to /home/travis/build/failed/square/okhttp/okhttp-urlconnection/target/classes
[WARNING] /home/travis/build/failed/square/okhttp/okhttp-urlconnection/src/main/java/okhttp3/internal/huc/HttpURLConnectionImpl.java: Some input files use or override a deprecated API.
[WARNING] /home/travis/build/failed/square/okhttp/okhttp-urlconnection/src/main/java/okhttp3/internal/huc/HttpURLConnectionImpl.java: Recompile with -Xlint:deprecation for details.
[INFO] 
[INFO] --- maven-resources-plugin:2.6:testResources (default-testResources) @ okhttp-urlconnection ---
[INFO] Using 'UTF-8' encoding to copy filtered resources.
[INFO] skip non existing resourceDirectory /home/travis/build/failed/square/okhttp/okhttp-urlconnection/src/test/resources
[INFO] 
[INFO] --- maven-compiler-plugin:3.0:testCompile (default-testCompile) @ okhttp-urlconnection ---
[INFO] Changes detected - recompiling the module!
[INFO] Compiling 3 source files to /home/travis/build/failed/square/okhttp/okhttp-urlconnection/target/test-classes
[WARNING] /home/travis/build/failed/square/okhttp/okhttp-urlconnection/src/test/java/okhttp3/internal/huc/URLEncodingTest.java: Some input files use or override a deprecated API.
[WARNING] /home/travis/build/failed/square/okhttp/okhttp-urlconnection/src/test/java/okhttp3/internal/huc/URLEncodingTest.java: Recompile with -Xlint:deprecation for details.
[INFO] 
[INFO] --- maven-surefire-plugin:2.17:test (default-test) @ okhttp-urlconnection ---
[INFO] Tests are skipped.
[INFO] 
[INFO] --- animal-sniffer-maven-plugin:1.11:check (default) @ okhttp-urlconnection ---
[INFO] Checking unresolved references to org.codehaus.mojo.signature:java16:1.1
[INFO] 
[INFO] --- maven-jar-plugin:2.4:jar (default-jar) @ okhttp-urlconnection ---
[INFO] Building jar: /home/travis/build/failed/square/okhttp/okhttp-urlconnection/target/okhttp-urlconnection-3.4.0-SNAPSHOT.jar
[INFO] 
[INFO] --- maven-checkstyle-plugin:2.10:checkstyle (default) @ okhttp-urlconnection ---
[INFO] Starting audit...
Audit done.

[WARNING] Unable to locate Source XRef to link to - DISABLED
[INFO] 
[INFO] --- maven-install-plugin:2.4:install (default-install) @ okhttp-urlconnection ---
[INFO] Installing /home/travis/build/failed/square/okhttp/okhttp-urlconnection/target/okhttp-urlconnection-3.4.0-SNAPSHOT.jar to /home/travis/.m2/repository/com/squareup/okhttp3/okhttp-urlconnection/3.4.0-SNAPSHOT/okhttp-urlconnection-3.4.0-SNAPSHOT.jar
[INFO] Installing /home/travis/build/failed/square/okhttp/okhttp-urlconnection/pom.xml to /home/travis/.m2/repository/com/squareup/okhttp3/okhttp-urlconnection/3.4.0-SNAPSHOT/okhttp-urlconnection-3.4.0-SNAPSHOT.pom
[INFO]                                                                         
[INFO] ------------------------------------------------------------------------
[INFO] Building OkHttp Tests 3.4.0-SNAPSHOT
[INFO] ------------------------------------------------------------------------
[INFO] 
[INFO] --- maven-enforcer-plugin:1.0:enforce (enforce-maven) @ okhttp-tests ---
[INFO] 
[INFO] --- maven-resources-plugin:2.6:resources (default-resources) @ okhttp-tests ---
[INFO] Using 'UTF-8' encoding to copy filtered resources.
[INFO] skip non existing resourceDirectory /home/travis/build/failed/square/okhttp/okhttp-tests/src/main/resources
[INFO] 
[INFO] --- maven-compiler-plugin:3.0:compile (default-compile) @ okhttp-tests ---
[INFO] No sources to compile
[INFO] 
[INFO] --- maven-resources-plugin:2.6:testResources (default-testResources) @ okhttp-tests ---
[INFO] Using 'UTF-8' encoding to copy filtered resources.
[INFO] Copying 1 resource
[INFO] 
[INFO] --- maven-compiler-plugin:3.0:testCompile (default-testCompile) @ okhttp-tests ---
[INFO] Changes detected - recompiling the module!
[INFO] Compiling 73 source files to /home/travis/build/failed/square/okhttp/okhttp-tests/target/test-classes
[WARNING] /home/travis/build/failed/square/okhttp/okhttp-tests/src/test/java/okhttp3/internal/http/DisconnectTest.java: Some input files use or override a deprecated API.
[WARNING] /home/travis/build/failed/square/okhttp/okhttp-tests/src/test/java/okhttp3/internal/http/DisconnectTest.java: Recompile with -Xlint:deprecation for details.
[WARNING] /home/travis/build/failed/square/okhttp/okhttp-tests/src/test/java/okhttp3/TestUtil.java: Some input files use unchecked or unsafe operations.
[WARNING] /home/travis/build/failed/square/okhttp/okhttp-tests/src/test/java/okhttp3/TestUtil.java: Recompile with -Xlint:unchecked for details.
[INFO] 
[INFO] --- maven-surefire-plugin:2.17:test (default-test) @ okhttp-tests ---
[INFO] Tests are skipped.
[INFO] 
[INFO] --- animal-sniffer-maven-plugin:1.11:check (default) @ okhttp-tests ---
[INFO] Checking unresolved references to org.codehaus.mojo.signature:java16:1.1
[INFO] 
[INFO] --- maven-jar-plugin:2.4:jar (default-jar) @ okhttp-tests ---
[WARNING] JAR will be empty - no content was marked for inclusion!
[INFO] 
[INFO] --- maven-checkstyle-plugin:2.10:checkstyle (default) @ okhttp-tests ---
[INFO] 
[INFO] --- maven-install-plugin:2.4:install (default-install) @ okhttp-tests ---
[INFO] Installing /home/travis/build/failed/square/okhttp/okhttp-tests/target/okhttp-tests-3.4.0-SNAPSHOT.jar to /home/travis/.m2/repository/com/squareup/okhttp3/okhttp-tests/3.4.0-SNAPSHOT/okhttp-tests-3.4.0-SNAPSHOT.jar
[INFO] Installing /home/travis/build/failed/square/okhttp/okhttp-tests/pom.xml to /home/travis/.m2/repository/com/squareup/okhttp3/okhttp-tests/3.4.0-SNAPSHOT/okhttp-tests-3.4.0-SNAPSHOT.pom
[INFO]                                                                         
[INFO] ------------------------------------------------------------------------
[INFO] Building OkHttp Android Platform Support 3.4.0-SNAPSHOT
[INFO] ------------------------------------------------------------------------
[INFO] 
[INFO] --- maven-enforcer-plugin:1.0:enforce (enforce-maven) @ okhttp-android-support ---
[INFO] 
[INFO] --- maven-resources-plugin:2.6:resources (default-resources) @ okhttp-android-support ---
[INFO] Using 'UTF-8' encoding to copy filtered resources.
[INFO] skip non existing resourceDirectory /home/travis/build/failed/square/okhttp/okhttp-android-support/src/main/resources
[INFO] 
[INFO] --- maven-compiler-plugin:3.0:compile (default-compile) @ okhttp-android-support ---
[INFO] Changes detected - recompiling the module!
[INFO] Compiling 5 source files to /home/travis/build/failed/square/okhttp/okhttp-android-support/target/classes
[WARNING] /home/travis/build/failed/square/okhttp/okhttp-android-support/src/main/java/okhttp3/AndroidInternal.java: /home/travis/build/failed/square/okhttp/okhttp-android-support/src/main/java/okhttp3/AndroidInternal.java uses or overrides a deprecated API.
[WARNING] /home/travis/build/failed/square/okhttp/okhttp-android-support/src/main/java/okhttp3/AndroidInternal.java: Recompile with -Xlint:deprecation for details.
[INFO] 
[INFO] --- maven-resources-plugin:2.6:testResources (default-testResources) @ okhttp-android-support ---
[INFO] Using 'UTF-8' encoding to copy filtered resources.
[INFO] skip non existing resourceDirectory /home/travis/build/failed/square/okhttp/okhttp-android-support/src/test/resources
[INFO] 
[INFO] --- maven-compiler-plugin:3.0:testCompile (default-testCompile) @ okhttp-android-support ---
[INFO] Changes detected - recompiling the module!
[INFO] Compiling 6 source files to /home/travis/build/failed/square/okhttp/okhttp-android-support/target/test-classes
[WARNING] /home/travis/build/failed/square/okhttp/okhttp-android-support/src/test/java/okhttp3/android/HttpResponseCacheTest.java: Some input files use or override a deprecated API.
[WARNING] /home/travis/build/failed/square/okhttp/okhttp-android-support/src/test/java/okhttp3/android/HttpResponseCacheTest.java: Recompile with -Xlint:deprecation for details.
[INFO] 
[INFO] --- maven-surefire-plugin:2.17:test (default-test) @ okhttp-android-support ---
[INFO] Tests are skipped.
[INFO] 
[INFO] --- animal-sniffer-maven-plugin:1.11:check (default) @ okhttp-android-support ---
[INFO] Checking unresolved references to org.codehaus.mojo.signature:java16:1.1
[INFO] 
[INFO] --- maven-jar-plugin:2.4:jar (default-jar) @ okhttp-android-support ---
[INFO] Building jar: /home/travis/build/failed/square/okhttp/okhttp-android-support/target/okhttp-android-support-3.4.0-SNAPSHOT.jar
[INFO] 
[INFO] --- maven-checkstyle-plugin:2.10:checkstyle (default) @ okhttp-android-support ---
[INFO] Starting audit...
Audit done.

[WARNING] Unable to locate Source XRef to link to - DISABLED
[INFO] 
[INFO] --- maven-install-plugin:2.4:install (default-install) @ okhttp-android-support ---
[INFO] Installing /home/travis/build/failed/square/okhttp/okhttp-android-support/target/okhttp-android-support-3.4.0-SNAPSHOT.jar to /home/travis/.m2/repository/com/squareup/okhttp3/okhttp-android-support/3.4.0-SNAPSHOT/okhttp-android-support-3.4.0-SNAPSHOT.jar
[INFO] Installing /home/travis/build/failed/square/okhttp/okhttp-android-support/pom.xml to /home/travis/.m2/repository/com/squareup/okhttp3/okhttp-android-support/3.4.0-SNAPSHOT/okhttp-android-support-3.4.0-SNAPSHOT.pom
[INFO]                                                                         
[INFO] ------------------------------------------------------------------------
[INFO] Building OkHttp Apache HttpClient 3.4.0-SNAPSHOT
[INFO] ------------------------------------------------------------------------
[INFO] 
[INFO] --- maven-enforcer-plugin:1.0:enforce (enforce-maven) @ okhttp-apache ---
[INFO] 
[INFO] --- maven-resources-plugin:2.6:resources (default-resources) @ okhttp-apache ---
[INFO] Using 'UTF-8' encoding to copy filtered resources.
[INFO] skip non existing resourceDirectory /home/travis/build/failed/square/okhttp/okhttp-apache/src/main/resources
[INFO] 
[INFO] --- maven-compiler-plugin:3.0:compile (default-compile) @ okhttp-apache ---
[INFO] Changes detected - recompiling the module!
[INFO] Compiling 2 source files to /home/travis/build/failed/square/okhttp/okhttp-apache/target/classes
[INFO] 
[INFO] --- maven-resources-plugin:2.6:testResources (default-testResources) @ okhttp-apache ---
[INFO] Using 'UTF-8' encoding to copy filtered resources.
[INFO] skip non existing resourceDirectory /home/travis/build/failed/square/okhttp/okhttp-apache/src/test/resources
[INFO] 
[INFO] --- maven-compiler-plugin:3.0:testCompile (default-testCompile) @ okhttp-apache ---
[INFO] Changes detected - recompiling the module!
[INFO] Compiling 1 source file to /home/travis/build/failed/square/okhttp/okhttp-apache/target/test-classes
[WARNING] /home/travis/build/failed/square/okhttp/okhttp-apache/src/test/java/okhttp3/apache/OkApacheClientTest.java: /home/travis/build/failed/square/okhttp/okhttp-apache/src/test/java/okhttp3/apache/OkApacheClientTest.java uses or overrides a deprecated API.
[WARNING] /home/travis/build/failed/square/okhttp/okhttp-apache/src/test/java/okhttp3/apache/OkApacheClientTest.java: Recompile with -Xlint:deprecation for details.
[INFO] 
[INFO] --- maven-surefire-plugin:2.17:test (default-test) @ okhttp-apache ---
[INFO] Tests are skipped.
[INFO] 
[INFO] --- animal-sniffer-maven-plugin:1.11:check (default) @ okhttp-apache ---
[INFO] Checking unresolved references to org.codehaus.mojo.signature:java16:1.1
[INFO] 
[INFO] --- maven-jar-plugin:2.4:jar (default-jar) @ okhttp-apache ---
[INFO] Building jar: /home/travis/build/failed/square/okhttp/okhttp-apache/target/okhttp-apache-3.4.0-SNAPSHOT.jar
[INFO] 
[INFO] --- maven-checkstyle-plugin:2.10:checkstyle (default) @ okhttp-apache ---
[INFO] Starting audit...
Audit done.

[WARNING] Unable to locate Source XRef to link to - DISABLED
[INFO] 
[INFO] --- maven-install-plugin:2.4:install (default-install) @ okhttp-apache ---
[INFO] Installing /home/travis/build/failed/square/okhttp/okhttp-apache/target/okhttp-apache-3.4.0-SNAPSHOT.jar to /home/travis/.m2/repository/com/squareup/okhttp3/okhttp-apache/3.4.0-SNAPSHOT/okhttp-apache-3.4.0-SNAPSHOT.jar
[INFO] Installing /home/travis/build/failed/square/okhttp/okhttp-apache/pom.xml to /home/travis/.m2/repository/com/squareup/okhttp3/okhttp-apache/3.4.0-SNAPSHOT/okhttp-apache-3.4.0-SNAPSHOT.pom
[INFO]                                                                         
[INFO] ------------------------------------------------------------------------
[INFO] Building OkHttp Web Socket Tests 3.4.0-SNAPSHOT
[INFO] ------------------------------------------------------------------------
[INFO] 
[INFO] --- maven-enforcer-plugin:1.0:enforce (enforce-maven) @ okhttp-ws-tests ---
[INFO] 
[INFO] --- maven-resources-plugin:2.6:resources (default-resources) @ okhttp-ws-tests ---
[INFO] Using 'UTF-8' encoding to copy filtered resources.
[INFO] skip non existing resourceDirectory /home/travis/build/failed/square/okhttp/okhttp-ws-tests/src/main/resources
[INFO] 
[INFO] --- maven-compiler-plugin:3.0:compile (default-compile) @ okhttp-ws-tests ---
[INFO] Changes detected - recompiling the module!
[INFO] Compiling 1 source file to /home/travis/build/failed/square/okhttp/okhttp-ws-tests/target/classes
[INFO] 
[INFO] --- maven-resources-plugin:2.6:testResources (default-testResources) @ okhttp-ws-tests ---
[INFO] Using 'UTF-8' encoding to copy filtered resources.
[INFO] skip non existing resourceDirectory /home/travis/build/failed/square/okhttp/okhttp-ws-tests/src/test/resources
[INFO] 
[INFO] --- maven-compiler-plugin:3.0:testCompile (default-testCompile) @ okhttp-ws-tests ---
[INFO] Changes detected - recompiling the module!
[INFO] Compiling 5 source files to /home/travis/build/failed/square/okhttp/okhttp-ws-tests/target/test-classes
[INFO] 
[INFO] --- maven-surefire-plugin:2.17:test (default-test) @ okhttp-ws-tests ---
[INFO] Tests are skipped.
[INFO] 
[INFO] --- animal-sniffer-maven-plugin:1.11:check (default) @ okhttp-ws-tests ---
[INFO] Checking unresolved references to org.codehaus.mojo.signature:java16:1.1
[INFO] 
[INFO] --- maven-jar-plugin:2.4:jar (default-jar) @ okhttp-ws-tests ---
[INFO] Building jar: /home/travis/build/failed/square/okhttp/okhttp-ws-tests/target/okhttp-ws-tests-3.4.0-SNAPSHOT.jar
[INFO] 
[INFO] --- maven-assembly-plugin:2.2-beta-5:single (default) @ okhttp-ws-tests ---
[INFO] META-INF/ already added, skipping
[INFO] META-INF/MANIFEST.MF already added, skipping
[INFO] okhttp3/ already added, skipping
[INFO] okhttp3/internal/ already added, skipping
[INFO] META-INF/maven/ already added, skipping
[INFO] META-INF/maven/com.squareup.okhttp3/ already added, skipping
[INFO] META-INF/ already added, skipping
[INFO] META-INF/MANIFEST.MF already added, skipping
[INFO] META-INF/maven/ already added, skipping
[INFO] Building jar: /home/travis/build/failed/square/okhttp/okhttp-ws-tests/target/okhttp-ws-tests-3.4.0-SNAPSHOT-jar-with-dependencies.jar
[INFO] META-INF/ already added, skipping
[INFO] META-INF/MANIFEST.MF already added, skipping
[INFO] okhttp3/ already added, skipping
[INFO] okhttp3/internal/ already added, skipping
[INFO] META-INF/maven/ already added, skipping
[INFO] META-INF/maven/com.squareup.okhttp3/ already added, skipping
[INFO] META-INF/ already added, skipping
[INFO] META-INF/MANIFEST.MF already added, skipping
[INFO] META-INF/maven/ already added, skipping
[INFO] 
[INFO] --- maven-checkstyle-plugin:2.10:checkstyle (default) @ okhttp-ws-tests ---
[INFO] Starting audit...
Audit done.

[WARNING] Unable to locate Source XRef to link to - DISABLED
[INFO] 
[INFO] --- maven-install-plugin:2.4:install (default-install) @ okhttp-ws-tests ---
[INFO] Installing /home/travis/build/failed/square/okhttp/okhttp-ws-tests/target/okhttp-ws-tests-3.4.0-SNAPSHOT.jar to /home/travis/.m2/repository/com/squareup/okhttp3/okhttp-ws-tests/3.4.0-SNAPSHOT/okhttp-ws-tests-3.4.0-SNAPSHOT.jar
[INFO] Installing /home/travis/build/failed/square/okhttp/okhttp-ws-tests/pom.xml to /home/travis/.m2/repository/com/squareup/okhttp3/okhttp-ws-tests/3.4.0-SNAPSHOT/okhttp-ws-tests-3.4.0-SNAPSHOT.pom
[INFO] Installing /home/travis/build/failed/square/okhttp/okhttp-ws-tests/target/okhttp-ws-tests-3.4.0-SNAPSHOT-jar-with-dependencies.jar to /home/travis/.m2/repository/com/squareup/okhttp3/okhttp-ws-tests/3.4.0-SNAPSHOT/okhttp-ws-tests-3.4.0-SNAPSHOT-jar-with-dependencies.jar
[INFO]                                                                         
[INFO] ------------------------------------------------------------------------
[INFO] Building OkHttp Logging Interceptor 3.4.0-SNAPSHOT
[INFO] ------------------------------------------------------------------------
[INFO] 
[INFO] --- maven-enforcer-plugin:1.0:enforce (enforce-maven) @ logging-interceptor ---
[INFO] 
[INFO] --- maven-resources-plugin:2.6:resources (default-resources) @ logging-interceptor ---
[INFO] Using 'UTF-8' encoding to copy filtered resources.
[INFO] skip non existing resourceDirectory /home/travis/build/failed/square/okhttp/okhttp-logging-interceptor/src/main/resources
[INFO] 
[INFO] --- maven-compiler-plugin:3.0:compile (default-compile) @ logging-interceptor ---
[INFO] Changes detected - recompiling the module!
[INFO] Compiling 1 source file to /home/travis/build/failed/square/okhttp/okhttp-logging-interceptor/target/classes
[INFO] 
[INFO] --- maven-resources-plugin:2.6:testResources (default-testResources) @ logging-interceptor ---
[INFO] Using 'UTF-8' encoding to copy filtered resources.
[INFO] skip non existing resourceDirectory /home/travis/build/failed/square/okhttp/okhttp-logging-interceptor/src/test/resources
[INFO] 
[INFO] --- maven-compiler-plugin:3.0:testCompile (default-testCompile) @ logging-interceptor ---
[INFO] Changes detected - recompiling the module!
[INFO] Compiling 1 source file to /home/travis/build/failed/square/okhttp/okhttp-logging-interceptor/target/test-classes
[INFO] 
[INFO] --- maven-surefire-plugin:2.17:test (default-test) @ logging-interceptor ---
[INFO] Tests are skipped.
[INFO] 
[INFO] --- animal-sniffer-maven-plugin:1.11:check (default) @ logging-interceptor ---
[INFO] Checking unresolved references to org.codehaus.mojo.signature:java16:1.1
[INFO] 
[INFO] --- maven-jar-plugin:2.4:jar (default-jar) @ logging-interceptor ---
[INFO] Building jar: /home/travis/build/failed/square/okhttp/okhttp-logging-interceptor/target/logging-interceptor-3.4.0-SNAPSHOT.jar
[INFO] 
[INFO] --- maven-checkstyle-plugin:2.10:checkstyle (default) @ logging-interceptor ---
[INFO] Starting audit...
Audit done.

[WARNING] Unable to locate Source XRef to link to - DISABLED
[INFO] 
[INFO] --- maven-install-plugin:2.4:install (default-install) @ logging-interceptor ---
[INFO] Installing /home/travis/build/failed/square/okhttp/okhttp-logging-interceptor/target/logging-interceptor-3.4.0-SNAPSHOT.jar to /home/travis/.m2/repository/com/squareup/okhttp3/logging-interceptor/3.4.0-SNAPSHOT/logging-interceptor-3.4.0-SNAPSHOT.jar
[INFO] Installing /home/travis/build/failed/square/okhttp/okhttp-logging-interceptor/pom.xml to /home/travis/.m2/repository/com/squareup/okhttp3/logging-interceptor/3.4.0-SNAPSHOT/logging-interceptor-3.4.0-SNAPSHOT.pom
[INFO]                                                                         
[INFO] ------------------------------------------------------------------------
[INFO] Building OkCurl 3.4.0-SNAPSHOT
[INFO] ------------------------------------------------------------------------
[INFO] 
[INFO] --- maven-enforcer-plugin:1.0:enforce (enforce-maven) @ okcurl ---
[INFO] 
[INFO] --- maven-resources-plugin:2.6:resources (default-resources) @ okcurl ---
[INFO] Using 'UTF-8' encoding to copy filtered resources.
[INFO] Copying 1 resource
[INFO] 
[INFO] --- maven-compiler-plugin:3.0:compile (default-compile) @ okcurl ---
[INFO] Changes detected - recompiling the module!
[INFO] Compiling 1 source file to /home/travis/build/failed/square/okhttp/okcurl/target/classes
[INFO] 
[INFO] --- maven-resources-plugin:2.6:testResources (default-testResources) @ okcurl ---
[INFO] Using 'UTF-8' encoding to copy filtered resources.
[INFO] skip non existing resourceDirectory /home/travis/build/failed/square/okhttp/okcurl/src/test/resources
[INFO] 
[INFO] --- maven-compiler-plugin:3.0:testCompile (default-testCompile) @ okcurl ---
[INFO] Changes detected - recompiling the module!
[INFO] Compiling 1 source file to /home/travis/build/failed/square/okhttp/okcurl/target/test-classes
[INFO] 
[INFO] --- maven-surefire-plugin:2.17:test (default-test) @ okcurl ---
[INFO] Tests are skipped.
[INFO] 
[INFO] --- animal-sniffer-maven-plugin:1.11:check (default) @ okcurl ---
[INFO] Checking unresolved references to org.codehaus.mojo.signature:java16:1.1
[INFO] 
[INFO] --- maven-jar-plugin:2.4:jar (default-jar) @ okcurl ---
[INFO] Building jar: /home/travis/build/failed/square/okhttp/okcurl/target/okcurl-3.4.0-SNAPSHOT.jar
[INFO] 
[INFO] --- maven-assembly-plugin:2.2-beta-5:single (default) @ okcurl ---
[INFO] META-INF/ already added, skipping
[INFO] META-INF/MANIFEST.MF already added, skipping
[INFO] META-INF/maven/ already added, skipping
[INFO] META-INF/MANIFEST.MF already added, skipping
[INFO] META-INF/ already added, skipping
[INFO] META-INF/MANIFEST.MF already added, skipping
[INFO] META-INF/maven/ already added, skipping
[INFO] META-INF/ already added, skipping
[INFO] META-INF/MANIFEST.MF already added, skipping
[INFO] javax/ already added, skipping
[INFO] META-INF/MANIFEST.MF already added, skipping
[INFO] META-INF/ already added, skipping
[INFO] META-INF/maven/ already added, skipping
[INFO] Building jar: /home/travis/build/failed/square/okhttp/okcurl/target/okcurl-3.4.0-SNAPSHOT-jar-with-dependencies.jar
[INFO] META-INF/ already added, skipping
[INFO] META-INF/MANIFEST.MF already added, skipping
[INFO] META-INF/maven/ already added, skipping
[INFO] META-INF/MANIFEST.MF already added, skipping
[INFO] META-INF/ already added, skipping
[INFO] META-INF/MANIFEST.MF already added, skipping
[INFO] META-INF/maven/ already added, skipping
[INFO] META-INF/ already added, skipping
[INFO] META-INF/MANIFEST.MF already added, skipping
[INFO] javax/ already added, skipping
[INFO] META-INF/MANIFEST.MF already added, skipping
[INFO] META-INF/ already added, skipping
[INFO] META-INF/maven/ already added, skipping
[INFO] 
[INFO] --- really-executable-jar-maven-plugin:1.1.0:really-executable-jar (default) @ okcurl ---
[INFO] 
[INFO] --- maven-checkstyle-plugin:2.10:checkstyle (default) @ okcurl ---
[INFO] Starting audit...
Audit done.

[WARNING] Unable to locate Source XRef to link to - DISABLED
[INFO] 
[INFO] --- maven-install-plugin:2.4:install (default-install) @ okcurl ---
[INFO] Installing /home/travis/build/failed/square/okhttp/okcurl/target/okcurl-3.4.0-SNAPSHOT.jar to /home/travis/.m2/repository/com/squareup/okhttp3/okcurl/3.4.0-SNAPSHOT/okcurl-3.4.0-SNAPSHOT.jar
[INFO] Installing /home/travis/build/failed/square/okhttp/okcurl/pom.xml to /home/travis/.m2/repository/com/squareup/okhttp3/okcurl/3.4.0-SNAPSHOT/okcurl-3.4.0-SNAPSHOT.pom
[INFO] Installing /home/travis/build/failed/square/okhttp/okcurl/target/okcurl-3.4.0-SNAPSHOT-jar-with-dependencies.jar to /home/travis/.m2/repository/com/squareup/okhttp3/okcurl/3.4.0-SNAPSHOT/okcurl-3.4.0-SNAPSHOT-jar-with-dependencies.jar
[INFO]                                                                         
[INFO] ------------------------------------------------------------------------
[INFO] Building Samples (Parent) 3.4.0-SNAPSHOT
[INFO] ------------------------------------------------------------------------
[INFO] 
[INFO] --- maven-enforcer-plugin:1.0:enforce (enforce-maven) @ sample-parent ---
[INFO] 
[INFO] --- maven-checkstyle-plugin:2.10:checkstyle (default) @ sample-parent ---
[INFO] 
[INFO] --- maven-install-plugin:2.4:install (default-install) @ sample-parent ---
[INFO] Installing /home/travis/build/failed/square/okhttp/samples/pom.xml to /home/travis/.m2/repository/com/squareup/okhttp3/sample/sample-parent/3.4.0-SNAPSHOT/sample-parent-3.4.0-SNAPSHOT.pom
[INFO]                                                                         
[INFO] ------------------------------------------------------------------------
[INFO] Building Sample: Guide 3.4.0-SNAPSHOT
[INFO] ------------------------------------------------------------------------
[INFO] 
[INFO] --- maven-enforcer-plugin:1.0:enforce (enforce-maven) @ guide ---
[INFO] 
[INFO] --- maven-resources-plugin:2.6:resources (default-resources) @ guide ---
[INFO] Using 'UTF-8' encoding to copy filtered resources.
[INFO] skip non existing resourceDirectory /home/travis/build/failed/square/okhttp/samples/guide/src/main/resources
[INFO] 
[INFO] --- maven-compiler-plugin:3.0:compile (default-compile) @ guide ---
[INFO] Changes detected - recompiling the module!
[INFO] Compiling 24 source files to /home/travis/build/failed/square/okhttp/samples/guide/target/classes
[INFO] 
[INFO] --- maven-resources-plugin:2.6:testResources (default-testResources) @ guide ---
[INFO] Using 'UTF-8' encoding to copy filtered resources.
[INFO] skip non existing resourceDirectory /home/travis/build/failed/square/okhttp/samples/guide/src/test/resources
[INFO] 
[INFO] --- maven-compiler-plugin:3.0:testCompile (default-testCompile) @ guide ---
[INFO] No sources to compile
[INFO] 
[INFO] --- maven-surefire-plugin:2.17:test (default-test) @ guide ---
[INFO] Tests are skipped.
[INFO] 
[INFO] --- maven-jar-plugin:2.4:jar (default-jar) @ guide ---
[INFO] Building jar: /home/travis/build/failed/square/okhttp/samples/guide/target/guide-3.4.0-SNAPSHOT.jar
[INFO] 
[INFO] --- maven-checkstyle-plugin:2.10:checkstyle (default) @ guide ---
[INFO] Starting audit...
Audit done.

[WARNING] Unable to locate Source XRef to link to - DISABLED
[INFO] 
[INFO] --- maven-install-plugin:2.4:install (default-install) @ guide ---
[INFO] Installing /home/travis/build/failed/square/okhttp/samples/guide/target/guide-3.4.0-SNAPSHOT.jar to /home/travis/.m2/repository/com/squareup/okhttp3/sample/guide/3.4.0-SNAPSHOT/guide-3.4.0-SNAPSHOT.jar
[INFO] Installing /home/travis/build/failed/square/okhttp/samples/guide/pom.xml to /home/travis/.m2/repository/com/squareup/okhttp3/sample/guide/3.4.0-SNAPSHOT/guide-3.4.0-SNAPSHOT.pom
[INFO]                                                                         
[INFO] ------------------------------------------------------------------------
[INFO] Building Sample: Crawler 3.4.0-SNAPSHOT
[INFO] ------------------------------------------------------------------------
[INFO] 
[INFO] --- maven-enforcer-plugin:1.0:enforce (enforce-maven) @ crawler ---
[INFO] 
[INFO] --- maven-resources-plugin:2.6:resources (default-resources) @ crawler ---
[INFO] Using 'UTF-8' encoding to copy filtered resources.
[INFO] skip non existing resourceDirectory /home/travis/build/failed/square/okhttp/samples/crawler/src/main/resources
[INFO] 
[INFO] --- maven-compiler-plugin:3.0:compile (default-compile) @ crawler ---
[INFO] Changes detected - recompiling the module!
[INFO] Compiling 1 source file to /home/travis/build/failed/square/okhttp/samples/crawler/target/classes
[INFO] 
[INFO] --- maven-resources-plugin:2.6:testResources (default-testResources) @ crawler ---
[INFO] Using 'UTF-8' encoding to copy filtered resources.
[INFO] skip non existing resourceDirectory /home/travis/build/failed/square/okhttp/samples/crawler/src/test/resources
[INFO] 
[INFO] --- maven-compiler-plugin:3.0:testCompile (default-testCompile) @ crawler ---
[INFO] No sources to compile
[INFO] 
[INFO] --- maven-surefire-plugin:2.17:test (default-test) @ crawler ---
[INFO] Tests are skipped.
[INFO] 
[INFO] --- maven-jar-plugin:2.4:jar (default-jar) @ crawler ---
[INFO] Building jar: /home/travis/build/failed/square/okhttp/samples/crawler/target/crawler-3.4.0-SNAPSHOT.jar
[INFO] 
[INFO] --- maven-checkstyle-plugin:2.10:checkstyle (default) @ crawler ---
[INFO] Starting audit...
Audit done.

[WARNING] Unable to locate Source XRef to link to - DISABLED
[INFO] 
[INFO] --- maven-install-plugin:2.4:install (default-install) @ crawler ---
[INFO] Installing /home/travis/build/failed/square/okhttp/samples/crawler/target/crawler-3.4.0-SNAPSHOT.jar to /home/travis/.m2/repository/com/squareup/okhttp3/sample/crawler/3.4.0-SNAPSHOT/crawler-3.4.0-SNAPSHOT.jar
[INFO] Installing /home/travis/build/failed/square/okhttp/samples/crawler/pom.xml to /home/travis/.m2/repository/com/squareup/okhttp3/sample/crawler/3.4.0-SNAPSHOT/crawler-3.4.0-SNAPSHOT.pom
[INFO]                                                                         
[INFO] ------------------------------------------------------------------------
[INFO] Building Sample: Simple Client 3.4.0-SNAPSHOT
[INFO] ------------------------------------------------------------------------
[INFO] 
[INFO] --- maven-enforcer-plugin:1.0:enforce (enforce-maven) @ simple-client ---
[INFO] 
[INFO] --- maven-resources-plugin:2.6:resources (default-resources) @ simple-client ---
[INFO] Using 'UTF-8' encoding to copy filtered resources.
[INFO] skip non existing resourceDirectory /home/travis/build/failed/square/okhttp/samples/simple-client/src/main/resources
[INFO] 
[INFO] --- maven-compiler-plugin:3.0:compile (default-compile) @ simple-client ---
[INFO] Changes detected - recompiling the module!
[INFO] Compiling 1 source file to /home/travis/build/failed/square/okhttp/samples/simple-client/target/classes
[INFO] 
[INFO] --- maven-resources-plugin:2.6:testResources (default-testResources) @ simple-client ---
[INFO] Using 'UTF-8' encoding to copy filtered resources.
[INFO] skip non existing resourceDirectory /home/travis/build/failed/square/okhttp/samples/simple-client/src/test/resources
[INFO] 
[INFO] --- maven-compiler-plugin:3.0:testCompile (default-testCompile) @ simple-client ---
[INFO] No sources to compile
[INFO] 
[INFO] --- maven-surefire-plugin:2.17:test (default-test) @ simple-client ---
[INFO] Tests are skipped.
[INFO] 
[INFO] --- maven-jar-plugin:2.4:jar (default-jar) @ simple-client ---
[INFO] Building jar: /home/travis/build/failed/square/okhttp/samples/simple-client/target/simple-client-3.4.0-SNAPSHOT.jar
[INFO] 
[INFO] --- maven-checkstyle-plugin:2.10:checkstyle (default) @ simple-client ---
[INFO] Starting audit...
Audit done.

[WARNING] Unable to locate Source XRef to link to - DISABLED
[INFO] 
[INFO] --- maven-install-plugin:2.4:install (default-install) @ simple-client ---
[INFO] Installing /home/travis/build/failed/square/okhttp/samples/simple-client/target/simple-client-3.4.0-SNAPSHOT.jar to /home/travis/.m2/repository/com/squareup/okhttp3/sample/simple-client/3.4.0-SNAPSHOT/simple-client-3.4.0-SNAPSHOT.jar
[INFO] Installing /home/travis/build/failed/square/okhttp/samples/simple-client/pom.xml to /home/travis/.m2/repository/com/squareup/okhttp3/sample/simple-client/3.4.0-SNAPSHOT/simple-client-3.4.0-SNAPSHOT.pom
[INFO]                                                                         
[INFO] ------------------------------------------------------------------------
[INFO] Building Sample: Static Server 3.4.0-SNAPSHOT
[INFO] ------------------------------------------------------------------------
[INFO] 
[INFO] --- maven-enforcer-plugin:1.0:enforce (enforce-maven) @ static-server ---
[INFO] 
[INFO] --- maven-resources-plugin:2.6:resources (default-resources) @ static-server ---
[INFO] Using 'UTF-8' encoding to copy filtered resources.
[INFO] skip non existing resourceDirectory /home/travis/build/failed/square/okhttp/samples/static-server/src/main/resources
[INFO] 
[INFO] --- maven-compiler-plugin:3.0:compile (default-compile) @ static-server ---
[INFO] Changes detected - recompiling the module!
[INFO] Compiling 1 source file to /home/travis/build/failed/square/okhttp/samples/static-server/target/classes
[INFO] 
[INFO] --- maven-resources-plugin:2.6:testResources (default-testResources) @ static-server ---
[INFO] Using 'UTF-8' encoding to copy filtered resources.
[INFO] skip non existing resourceDirectory /home/travis/build/failed/square/okhttp/samples/static-server/src/test/resources
[INFO] 
[INFO] --- maven-compiler-plugin:3.0:testCompile (default-testCompile) @ static-server ---
[INFO] No sources to compile
[INFO] 
[INFO] --- maven-surefire-plugin:2.17:test (default-test) @ static-server ---
[INFO] Tests are skipped.
[INFO] 
[INFO] --- maven-jar-plugin:2.4:jar (default-jar) @ static-server ---
[INFO] Building jar: /home/travis/build/failed/square/okhttp/samples/static-server/target/static-server-3.4.0-SNAPSHOT.jar
[INFO] 
[INFO] --- maven-shade-plugin:2.1:shade (default) @ static-server ---
[WARNING] Map in class org.apache.maven.plugins.shade.resource.ManifestResourceTransformer declares value type as: class java.util.jar.Attributes but saw: class java.lang.String at runtime
[INFO] Including com.squareup.okhttp3:mockwebserver:jar:3.4.0-SNAPSHOT in the shaded jar.
[INFO] Including com.squareup.okhttp3:okhttp:jar:3.4.0-SNAPSHOT in the shaded jar.
[INFO] Including com.squareup.okio:okio:jar:1.8.0 in the shaded jar.
[INFO] Including com.squareup.okhttp3:okhttp-ws:jar:3.4.0-SNAPSHOT in the shaded jar.
[INFO] Including org.bouncycastle:bcprov-jdk15on:jar:1.50 in the shaded jar.
[INFO] Including junit:junit:jar:4.12 in the shaded jar.
[INFO] Including org.hamcrest:hamcrest-core:jar:1.3 in the shaded jar.
[INFO] Attaching shaded artifact.
[INFO] 
[INFO] --- maven-checkstyle-plugin:2.10:checkstyle (default) @ static-server ---
[INFO] Starting audit...
Audit done.

[WARNING] Unable to locate Source XRef to link to - DISABLED
[INFO] 
[INFO] --- maven-install-plugin:2.4:install (default-install) @ static-server ---
[INFO] Installing /home/travis/build/failed/square/okhttp/samples/static-server/target/static-server-3.4.0-SNAPSHOT.jar to /home/travis/.m2/repository/com/squareup/okhttp3/sample/static-server/3.4.0-SNAPSHOT/static-server-3.4.0-SNAPSHOT.jar
[INFO] Installing /home/travis/build/failed/square/okhttp/samples/static-server/pom.xml to /home/travis/.m2/repository/com/squareup/okhttp3/sample/static-server/3.4.0-SNAPSHOT/static-server-3.4.0-SNAPSHOT.pom
[INFO] Installing /home/travis/build/failed/square/okhttp/samples/static-server/target/static-server-3.4.0-SNAPSHOT-shaded.jar to /home/travis/.m2/repository/com/squareup/okhttp3/sample/static-server/3.4.0-SNAPSHOT/static-server-3.4.0-SNAPSHOT-shaded.jar
[INFO]                                                                         
[INFO] ------------------------------------------------------------------------
[INFO] Building Benchmarks 3.4.0-SNAPSHOT
[INFO] ------------------------------------------------------------------------
[INFO] 
[INFO] --- maven-enforcer-plugin:1.0:enforce (enforce-maven) @ benchmarks ---
[INFO] 
[INFO] --- maven-resources-plugin:2.6:resources (default-resources) @ benchmarks ---
[INFO] Using 'UTF-8' encoding to copy filtered resources.
[INFO] skip non existing resourceDirectory /home/travis/build/failed/square/okhttp/benchmarks/src/main/resources
[INFO] 
[INFO] --- maven-compiler-plugin:3.0:compile (default-compile) @ benchmarks ---
[INFO] Changes detected - recompiling the module!
[INFO] Compiling 9 source files to /home/travis/build/failed/square/okhttp/benchmarks/target/classes
[INFO] 
[INFO] --- maven-resources-plugin:2.6:testResources (default-testResources) @ benchmarks ---
[INFO] Using 'UTF-8' encoding to copy filtered resources.
[INFO] skip non existing resourceDirectory /home/travis/build/failed/square/okhttp/benchmarks/src/test/resources
[INFO] 
[INFO] --- maven-compiler-plugin:3.0:testCompile (default-testCompile) @ benchmarks ---
[INFO] No sources to compile
[INFO] 
[INFO] --- maven-surefire-plugin:2.17:test (default-test) @ benchmarks ---
[INFO] Tests are skipped.
[INFO] 
[INFO] --- animal-sniffer-maven-plugin:1.11:check (default) @ benchmarks ---
[INFO] Checking unresolved references to org.codehaus.mojo.signature:java16:1.1
[INFO] 
[INFO] --- maven-jar-plugin:2.4:jar (default-jar) @ benchmarks ---
[INFO] Building jar: /home/travis/build/failed/square/okhttp/benchmarks/target/benchmarks-3.4.0-SNAPSHOT.jar
[INFO] 
[INFO] --- maven-checkstyle-plugin:2.10:checkstyle (default) @ benchmarks ---
[INFO] Starting audit...
Audit done.

[WARNING] Unable to locate Source XRef to link to - DISABLED
[INFO] 
[INFO] --- maven-install-plugin:2.4:install (default-install) @ benchmarks ---
[INFO] Installing /home/travis/build/failed/square/okhttp/benchmarks/target/benchmarks-3.4.0-SNAPSHOT.jar to /home/travis/.m2/repository/com/squareup/okhttp3/benchmarks/3.4.0-SNAPSHOT/benchmarks-3.4.0-SNAPSHOT.jar
[INFO] Installing /home/travis/build/failed/square/okhttp/benchmarks/pom.xml to /home/travis/.m2/repository/com/squareup/okhttp3/benchmarks/3.4.0-SNAPSHOT/benchmarks-3.4.0-SNAPSHOT.pom
[INFO] ------------------------------------------------------------------------
[INFO] Reactor Summary:
[INFO] 
[INFO] OkHttp (Parent) .................................... SUCCESS [ 49.113 s]
[INFO] OkHttp ............................................. SUCCESS [ 46.228 s]
[INFO] OkHttp test support classes ........................ SUCCESS [  4.924 s]
[INFO] OkHttp Web Sockets ................................. SUCCESS [  4.003 s]
[INFO] MockWebServer ...................................... SUCCESS [ 25.979 s]
[INFO] OkHttp URLConnection ............................... SUCCESS [  5.218 s]
[INFO] OkHttp Tests ....................................... SUCCESS [  7.508 s]
[INFO] OkHttp Android Platform Support .................... SUCCESS [  5.862 s]
[INFO] OkHttp Apache HttpClient ........................... SUCCESS [  5.874 s]
[INFO] OkHttp Web Socket Tests ............................ SUCCESS [  8.529 s]
[INFO] OkHttp Logging Interceptor ......................... SUCCESS [  3.134 s]
[INFO] OkCurl ............................................. SUCCESS [ 12.875 s]
[INFO] Samples (Parent) ................................... SUCCESS [  0.297 s]
[INFO] Sample: Guide ...................................... SUCCESS [  3.146 s]
[INFO] Sample: Crawler .................................... SUCCESS [  1.745 s]
[INFO] Sample: Simple Client .............................. SUCCESS [  0.843 s]
[INFO] Sample: Static Server .............................. SUCCESS [  9.903 s]
[INFO] Benchmarks ......................................... SUCCESS [ 10.807 s]
[INFO] ------------------------------------------------------------------------
[INFO] BUILD SUCCESS
[INFO] ------------------------------------------------------------------------
[INFO] Total time: 03:31 min
[INFO] Finished at: 2022-07-09T22:44:05+00:00
[INFO] Final Memory: 48M/478M
[INFO] ------------------------------------------------------------------------

travis_time:end:022bb550:start=1657406432993150350,finish=1657406646357368613,duration=213364218263[0Ktravis_fold:end:install[0Ktravis_time:start:10c0bba0[0K$ mvn test -Dhttps.protocols=TLSv1.2 -Dhttps.protocols=TLSv1.2 -B
[INFO] Scanning for projects...
[WARNING] 
[WARNING] Some problems were encountered while building the effective model for com.squareup.okhttp3:okhttp-tests:jar:3.4.0-SNAPSHOT
[WARNING] 'build.plugins.plugin.version' for org.apache.maven.plugins:maven-deploy-plugin is missing. @ com.squareup.okhttp3:okhttp-tests:[unknown-version], /home/travis/build/failed/square/okhttp/okhttp-tests/pom.xml, line 53, column 15
[WARNING] 
[WARNING] Some problems were encountered while building the effective model for com.squareup.okhttp3:okhttp-ws-tests:jar:3.4.0-SNAPSHOT
[WARNING] 'build.plugins.plugin.version' for org.apache.maven.plugins:maven-deploy-plugin is missing. @ com.squareup.okhttp3:okhttp-ws-tests:[unknown-version], /home/travis/build/failed/square/okhttp/okhttp-ws-tests/pom.xml, line 67, column 15
[WARNING] 
[WARNING] Some problems were encountered while building the effective model for com.squareup.okhttp3:benchmarks:jar:3.4.0-SNAPSHOT
[WARNING] 'build.plugins.plugin.version' for org.codehaus.mojo:exec-maven-plugin is missing. @ com.squareup.okhttp3:benchmarks:[unknown-version], /home/travis/build/failed/square/okhttp/benchmarks/pom.xml, line 74, column 15
[WARNING] 
[WARNING] It is highly recommended to fix these problems because they threaten the stability of your build.
[WARNING] 
[WARNING] For this reason, future Maven versions might no longer support building such malformed projects.
[WARNING] 
[INFO] ------------------------------------------------------------------------
[INFO] Reactor Build Order:
[INFO] 
[INFO] OkHttp (Parent)
[INFO] OkHttp
[INFO] OkHttp test support classes
[INFO] OkHttp Web Sockets
[INFO] MockWebServer
[INFO] OkHttp URLConnection
[INFO] OkHttp Tests
[INFO] OkHttp Android Platform Support
[INFO] OkHttp Apache HttpClient
[INFO] OkHttp Web Socket Tests
[INFO] OkHttp Logging Interceptor
[INFO] OkCurl
[INFO] Samples (Parent)
[INFO] Sample: Guide
[INFO] Sample: Crawler
[INFO] Sample: Simple Client
[INFO] Sample: Static Server
[INFO] Benchmarks
[INFO]                                                                         
[INFO] ------------------------------------------------------------------------
[INFO] Building OkHttp (Parent) 3.4.0-SNAPSHOT
[INFO] ------------------------------------------------------------------------
[INFO] 
[INFO] --- maven-enforcer-plugin:1.0:enforce (enforce-maven) @ parent ---
[INFO] 
[INFO] --- animal-sniffer-maven-plugin:1.11:check (default) @ parent ---
[INFO] Checking unresolved references to org.codehaus.mojo.signature:java16:1.1
[INFO]                                                                         
[INFO] ------------------------------------------------------------------------
[INFO] Building OkHttp 3.4.0-SNAPSHOT
[INFO] ------------------------------------------------------------------------
[INFO] 
[INFO] --- maven-enforcer-plugin:1.0:enforce (enforce-maven) @ okhttp ---
[INFO] 
[INFO] --- templating-maven-plugin:1.0-alpha-3:filter-sources (default) @ okhttp ---
[INFO] Using 'UTF-8' encoding to copy filtered resources.
[INFO] Copying 1 resource
[INFO] Source directory: /home/travis/build/failed/square/okhttp/okhttp/target/generated-sources/java-templates added.
[INFO] 
[INFO] --- maven-resources-plugin:2.6:resources (default-resources) @ okhttp ---
[INFO] Using 'UTF-8' encoding to copy filtered resources.
[INFO] skip non existing resourceDirectory /home/travis/build/failed/square/okhttp/okhttp/src/main/resources
[INFO] 
[INFO] --- maven-compiler-plugin:3.0:compile (default-compile) @ okhttp ---
[INFO] Changes detected - recompiling the module!
[INFO] Compiling 91 source files to /home/travis/build/failed/square/okhttp/okhttp/target/classes
[WARNING] /home/travis/build/failed/square/okhttp/okhttp/src/main/java/okhttp3/internal/Util.java: Some input files use unchecked or unsafe operations.
[WARNING] /home/travis/build/failed/square/okhttp/okhttp/src/main/java/okhttp3/internal/Util.java: Recompile with -Xlint:unchecked for details.
[INFO] 
[INFO] --- maven-resources-plugin:2.6:testResources (default-testResources) @ okhttp ---
[INFO] Using 'UTF-8' encoding to copy filtered resources.
[INFO] skip non existing resourceDirectory /home/travis/build/failed/square/okhttp/okhttp/src/test/resources
[INFO] 
[INFO] --- maven-compiler-plugin:3.0:testCompile (default-testCompile) @ okhttp ---
[INFO] No sources to compile
[INFO] 
[INFO] --- maven-surefire-plugin:2.17:test (default-test) @ okhttp ---
[INFO] No tests to run.
[INFO] 
[INFO] --- animal-sniffer-maven-plugin:1.11:check (default) @ okhttp ---
[INFO] Checking unresolved references to org.codehaus.mojo.signature:java16:1.1
[INFO]                                                                         
[INFO] ------------------------------------------------------------------------
[INFO] Building OkHttp test support classes 3.4.0-SNAPSHOT
[INFO] ------------------------------------------------------------------------
[INFO] 
[INFO] --- maven-enforcer-plugin:1.0:enforce (enforce-maven) @ okhttp-testing-support ---
[INFO] 
[INFO] --- maven-resources-plugin:2.6:resources (default-resources) @ okhttp-testing-support ---
[INFO] Using 'UTF-8' encoding to copy filtered resources.
[INFO] skip non existing resourceDirectory /home/travis/build/failed/square/okhttp/okhttp-testing-support/src/main/resources
[INFO] 
[INFO] --- maven-compiler-plugin:3.0:compile (default-compile) @ okhttp-testing-support ---
[INFO] Changes detected - recompiling the module!
[INFO] Compiling 7 source files to /home/travis/build/failed/square/okhttp/okhttp-testing-support/target/classes
[INFO] 
[INFO] --- maven-resources-plugin:2.6:testResources (default-testResources) @ okhttp-testing-support ---
[INFO] Using 'UTF-8' encoding to copy filtered resources.
[INFO] skip non existing resourceDirectory /home/travis/build/failed/square/okhttp/okhttp-testing-support/src/test/resources
[INFO] 
[INFO] --- maven-compiler-plugin:3.0:testCompile (default-testCompile) @ okhttp-testing-support ---
[INFO] No sources to compile
[INFO] 
[INFO] --- maven-surefire-plugin:2.17:test (default-test) @ okhttp-testing-support ---
[INFO] No tests to run.
[INFO] 
[INFO] --- animal-sniffer-maven-plugin:1.11:check (default) @ okhttp-testing-support ---
[INFO] Checking unresolved references to org.codehaus.mojo.signature:java16:1.1
[INFO]                                                                         
[INFO] ------------------------------------------------------------------------
[INFO] Building OkHttp Web Sockets 3.4.0-SNAPSHOT
[INFO] ------------------------------------------------------------------------
[INFO] 
[INFO] --- maven-enforcer-plugin:1.0:enforce (enforce-maven) @ okhttp-ws ---
[INFO] 
[INFO] --- maven-resources-plugin:2.6:resources (default-resources) @ okhttp-ws ---
[INFO] Using 'UTF-8' encoding to copy filtered resources.
[INFO] skip non existing resourceDirectory /home/travis/build/failed/square/okhttp/okhttp-ws/src/main/resources
[INFO] 
[INFO] --- maven-compiler-plugin:3.0:compile (default-compile) @ okhttp-ws ---
[INFO] Changes detected - recompiling the module!
[INFO] Compiling 7 source files to /home/travis/build/failed/square/okhttp/okhttp-ws/target/classes
[INFO] 
[INFO] --- maven-resources-plugin:2.6:testResources (default-testResources) @ okhttp-ws ---
[INFO] Using 'UTF-8' encoding to copy filtered resources.
[INFO] skip non existing resourceDirectory /home/travis/build/failed/square/okhttp/okhttp-ws/src/test/resources
[INFO] 
[INFO] --- maven-compiler-plugin:3.0:testCompile (default-testCompile) @ okhttp-ws ---
[INFO] No sources to compile
[INFO] 
[INFO] --- maven-surefire-plugin:2.17:test (default-test) @ okhttp-ws ---
[INFO] No tests to run.
[INFO] 
[INFO] --- animal-sniffer-maven-plugin:1.11:check (default) @ okhttp-ws ---
[INFO] Checking unresolved references to org.codehaus.mojo.signature:java16:1.1
[INFO]                                                                         
[INFO] ------------------------------------------------------------------------
[INFO] Building MockWebServer 3.4.0-SNAPSHOT
[INFO] ------------------------------------------------------------------------
[INFO] 
[INFO] --- maven-enforcer-plugin:1.0:enforce (enforce-maven) @ mockwebserver ---
[INFO] 
[INFO] --- maven-resources-plugin:2.6:resources (default-resources) @ mockwebserver ---
[INFO] Using 'UTF-8' encoding to copy filtered resources.
[INFO] skip non existing resourceDirectory /home/travis/build/failed/square/okhttp/mockwebserver/src/main/resources
[INFO] 
[INFO] --- maven-compiler-plugin:3.0:compile (default-compile) @ mockwebserver ---
[INFO] Changes detected - recompiling the module!
[INFO] Compiling 10 source files to /home/travis/build/failed/square/okhttp/mockwebserver/target/classes
[WARNING] /home/travis/build/failed/square/okhttp/mockwebserver/src/main/java/okhttp3/internal/tls/HeldCertificate.java: /home/travis/build/failed/square/okhttp/mockwebserver/src/main/java/okhttp3/internal/tls/HeldCertificate.java uses or overrides a deprecated API.
[WARNING] /home/travis/build/failed/square/okhttp/mockwebserver/src/main/java/okhttp3/internal/tls/HeldCertificate.java: Recompile with -Xlint:deprecation for details.
[INFO] 
[INFO] --- maven-resources-plugin:2.6:testResources (default-testResources) @ mockwebserver ---
[INFO] Using 'UTF-8' encoding to copy filtered resources.
[INFO] skip non existing resourceDirectory /home/travis/build/failed/square/okhttp/mockwebserver/src/test/resources
[INFO] 
[INFO] --- maven-compiler-plugin:3.0:testCompile (default-testCompile) @ mockwebserver ---
[INFO] Changes detected - recompiling the module!
[INFO] Compiling 2 source files to /home/travis/build/failed/square/okhttp/mockwebserver/target/test-classes
[INFO] 
[INFO] --- maven-surefire-plugin:2.17:test (default-test) @ mockwebserver ---
[INFO] Surefire report directory: /home/travis/build/failed/square/okhttp/mockwebserver/target/surefire-reports
[INFO] Using configured provider org.apache.maven.surefire.junitcore.JUnitCoreProvider
[INFO] parallel='none', perCoreThreadCount=true, threadCount=0, useUnlimitedThreads=false, threadCountSuites=0, threadCountClasses=0, threadCountMethods=0, parallelOptimized=true

-------------------------------------------------------
 T E S T S
-------------------------------------------------------
Installing aggressive uncaught exception handler
Running okhttp3.mockwebserver.CustomDispatcherTest
Jul 09, 2022 10:44:16 PM okhttp3.mockwebserver.MockWebServer$3 execute
INFO: MockWebServer[47083] starting to accept connections
Jul 09, 2022 10:44:16 PM okhttp3.mockwebserver.MockWebServer$4 processOneRequest
INFO: MockWebServer[47083] received request: GET / HTTP/1.1 and responded: HTTP/1.1 200 OK
Jul 09, 2022 10:44:16 PM okhttp3.mockwebserver.MockWebServer$3 acceptConnections
INFO: MockWebServer[47083] done accepting connections: Socket closed
Jul 09, 2022 10:44:16 PM okhttp3.mockwebserver.MockWebServer$3 execute
INFO: MockWebServer[42117] starting to accept connections
Jul 09, 2022 10:44:16 PM okhttp3.mockwebserver.MockWebServer$4 processOneRequest
INFO: MockWebServer[42117] received request: GET /bar HTTP/1.1 and responded: HTTP/1.1 200 OK
Jul 09, 2022 10:44:16 PM okhttp3.mockwebserver.MockWebServer$3 acceptConnections
INFO: MockWebServer[42117] done accepting connections: Socket closed
Jul 09, 2022 10:44:16 PM okhttp3.mockwebserver.MockWebServer$4 processOneRequest
INFO: MockWebServer[42117] received request: GET /foo HTTP/1.1 and responded: HTTP/1.1 200 OK
Tests run: 2, Failures: 0, Errors: 0, Skipped: 0, Time elapsed: 0.101 sec - in okhttp3.mockwebserver.CustomDispatcherTest
Running okhttp3.mockwebserver.MockWebServerTest
Jul 09, 2022 10:44:16 PM okhttp3.mockwebserver.MockWebServer$3 execute
INFO: MockWebServer[36601] starting to accept connections
Jul 09, 2022 10:44:16 PM okhttp3.mockwebserver.MockWebServer$3 acceptConnections
INFO: MockWebServer[36601] done accepting connections: Socket is closed
Jul 09, 2022 10:44:16 PM okhttp3.mockwebserver.MockWebServer$3 execute
INFO: MockWebServer[48443] starting to accept connections
Jul 09, 2022 10:44:17 PM okhttp3.mockwebserver.MockWebServer$4 processOneRequest
INFO: MockWebServer[48443] received request: GET / HTTP/1.1 and responded: HTTP/1.1 200 OK
Jul 09, 2022 10:44:17 PM okhttp3.mockwebserver.MockWebServer$3 acceptConnections
INFO: MockWebServer[48443] done accepting connections: Socket closed
Jul 09, 2022 10:44:17 PM okhttp3.mockwebserver.MockWebServer$3 execute
INFO: MockWebServer[42751] starting to accept connections
Jul 09, 2022 10:44:17 PM okhttp3.mockwebserver.MockWebServer$3 execute
INFO: MockWebServer[46253] starting to accept connections
Jul 09, 2022 10:44:17 PM okhttp3.mockwebserver.MockWebServer$3 acceptConnections
INFO: MockWebServer[46253] done accepting connections: Socket is closed
Jul 09, 2022 10:44:17 PM okhttp3.mockwebserver.MockWebServer$3 acceptConnections
INFO: MockWebServer[42751] done accepting connections: Socket closed
Jul 09, 2022 10:44:17 PM okhttp3.mockwebserver.MockWebServer$3 execute
INFO: MockWebServer[45211] starting to accept connections
Jul 09, 2022 10:44:18 PM okhttp3.mockwebserver.MockWebServer$4 execute
INFO: MockWebServer[45211] connection from /127.0.0.1 failed: java.net.SocketException: Socket closed
Jul 09, 2022 10:44:18 PM okhttp3.mockwebserver.MockWebServer$3 acceptConnections
INFO: MockWebServer[45211] done accepting connections: Socket closed
Jul 09, 2022 10:44:18 PM okhttp3.mockwebserver.MockWebServer$3 execute
INFO: MockWebServer[40525] starting to accept connections
Jul 09, 2022 10:44:18 PM okhttp3.mockwebserver.MockWebServer$4 processOneRequest
INFO: MockWebServer[40525] received request: GET / HTTP/1.1 and responded: HTTP/1.1 200 OK
Jul 09, 2022 10:44:18 PM okhttp3.mockwebserver.MockWebServer$3 acceptConnections
INFO: MockWebServer[40525] done accepting connections: Socket closed
Jul 09, 2022 10:44:18 PM okhttp3.mockwebserver.MockWebServer$3 execute
INFO: MockWebServer[55257] starting to accept connections
Jul 09, 2022 10:44:18 PM okhttp3.mockwebserver.MockWebServer$4 processOneRequest
INFO: MockWebServer[55257] received request: GET / HTTP/1.1 and responded: HTTP/1.1 302 Redirection
Jul 09, 2022 10:44:18 PM okhttp3.mockwebserver.MockWebServer$4 processOneRequest
INFO: MockWebServer[55257] received request: GET /new-path HTTP/1.1 and responded: HTTP/1.1 200 OK
Jul 09, 2022 10:44:18 PM okhttp3.mockwebserver.MockWebServer$3 acceptConnections
INFO: MockWebServer[55257] done accepting connections: Socket closed
Jul 09, 2022 10:44:18 PM okhttp3.mockwebserver.MockWebServer$3 execute
INFO: MockWebServer[59075] starting to accept connections
Jul 09, 2022 10:44:18 PM okhttp3.mockwebserver.MockWebServer$4 processOneRequest
INFO: MockWebServer[59075] received request: GET / HTTP/1.1 and responded: HTTP/1.1 200 OK
Jul 09, 2022 10:44:19 PM okhttp3.mockwebserver.MockWebServer$4 processOneRequest
INFO: MockWebServer[59075] received request: GET / HTTP/1.1 and responded: HTTP/1.1 200 OK
Jul 09, 2022 10:44:19 PM okhttp3.mockwebserver.MockWebServer$3 acceptConnections
INFO: MockWebServer[59075] done accepting connections: Socket closed
Jul 09, 2022 10:44:19 PM okhttp3.mockwebserver.MockWebServer$3 execute
INFO: MockWebServer[42823] starting to accept connections
Jul 09, 2022 10:44:19 PM okhttp3.mockwebserver.MockWebServer$3 acceptConnections
INFO: MockWebServer[42823] done accepting connections: Socket is closed
Jul 09, 2022 10:44:19 PM okhttp3.mockwebserver.MockWebServer$3 execute
INFO: MockWebServer[56255] starting to accept connections
Jul 09, 2022 10:44:19 PM okhttp3.mockwebserver.MockWebServer$3 acceptConnections
INFO: MockWebServer[56255] done accepting connections: Socket closed
Jul 09, 2022 10:44:19 PM okhttp3.mockwebserver.MockWebServer$4 execute
INFO: MockWebServer[56255] connection from /127.0.0.1 failed: java.net.SocketException: Socket closed
Jul 09, 2022 10:44:19 PM okhttp3.mockwebserver.MockWebServer$3 execute
INFO: MockWebServer[50623] starting to accept connections
Jul 09, 2022 10:44:19 PM okhttp3.mockwebserver.MockWebServer$3 acceptConnections
INFO: MockWebServer[50623] done accepting connections: Socket closed
Jul 09, 2022 10:44:19 PM okhttp3.mockwebserver.MockWebServer$3 execute
INFO: MockWebServer[59593] starting to accept connections
Jul 09, 2022 10:44:19 PM okhttp3.mockwebserver.MockWebServer$3 acceptConnections
INFO: MockWebServer[59593] done accepting connections: Socket is closed
Jul 09, 2022 10:44:19 PM okhttp3.mockwebserver.MockWebServer$3 execute
INFO: MockWebServer[50269] starting to accept connections
Jul 09, 2022 10:44:19 PM okhttp3.mockwebserver.MockWebServer$3 acceptConnections
INFO: MockWebServer[50269] done accepting connections: Socket is closed
Jul 09, 2022 10:44:19 PM okhttp3.mockwebserver.MockWebServer$3 execute
INFO: MockWebServer[53179] starting to accept connections
Jul 09, 2022 10:44:19 PM okhttp3.mockwebserver.MockWebServer$4 processOneRequest
INFO: MockWebServer[53179] received request: GET / HTTP/1.1 and responded: HTTP/1.1 200 OK
Jul 09, 2022 10:44:19 PM okhttp3.mockwebserver.MockWebServer$3 acceptConnections
INFO: MockWebServer[53179] done accepting connections: Socket closed
Jul 09, 2022 10:44:19 PM okhttp3.mockwebserver.MockWebServer$3 execute
INFO: MockWebServer[35761] starting to accept connections
Jul 09, 2022 10:44:19 PM okhttp3.mockwebserver.MockWebServer$3 acceptConnections
INFO: MockWebServer[35761] done accepting connections: Socket is closed
Jul 09, 2022 10:44:19 PM okhttp3.mockwebserver.MockWebServer$3 execute
INFO: MockWebServer[45711] starting to accept connections
Jul 09, 2022 10:44:19 PM okhttp3.mockwebserver.MockWebServer$4 processOneRequest
INFO: MockWebServer[45711] received request: GET / HTTP/1.1 and responded: HTTP/1.1 200 OK
Jul 09, 2022 10:44:19 PM okhttp3.mockwebserver.MockWebServer$3 acceptConnections
INFO: MockWebServer[45711] done accepting connections: Socket closed
Jul 09, 2022 10:44:19 PM okhttp3.mockwebserver.MockWebServer$3 execute
INFO: MockWebServer[35405] starting to accept connections
Jul 09, 2022 10:44:20 PM okhttp3.mockwebserver.MockWebServer$4 processOneRequest
INFO: MockWebServer[35405] received request: GET / HTTP/1.1 and responded: HTTP/1.1 200 OK
Jul 09, 2022 10:44:20 PM okhttp3.mockwebserver.MockWebServer$3 acceptConnections
INFO: MockWebServer[35405] done accepting connections: Socket closed
Jul 09, 2022 10:44:20 PM okhttp3.mockwebserver.MockWebServer$3 execute
INFO: MockWebServer[37143] starting to accept connections
Jul 09, 2022 10:44:20 PM okhttp3.mockwebserver.MockWebServer$3 acceptConnections
INFO: MockWebServer[37143] done accepting connections: Socket is closed
Jul 09, 2022 10:44:20 PM okhttp3.mockwebserver.MockWebServer$3 execute
INFO: MockWebServer[41741] starting to accept connections
Jul 09, 2022 10:44:21 PM okhttp3.mockwebserver.MockWebServer$4 processOneRequest
INFO: MockWebServer[41741] received request: GET / HTTP/1.1 and responded: HTTP/1.1 200 OK
Jul 09, 2022 10:44:21 PM okhttp3.mockwebserver.MockWebServer$3 acceptConnections
INFO: MockWebServer[41741] done accepting connections: Socket closed
Jul 09, 2022 10:44:21 PM okhttp3.mockwebserver.MockWebServer$3 execute
INFO: MockWebServer[42189] starting to accept connections
Jul 09, 2022 10:44:21 PM okhttp3.mockwebserver.MockWebServer$3 execute
INFO: MockWebServer[39367] starting to accept connections
Jul 09, 2022 10:44:21 PM okhttp3.mockwebserver.MockWebServer$3 acceptConnections
INFO: MockWebServer[39367] done accepting connections: Socket is closed
Jul 09, 2022 10:44:21 PM okhttp3.mockwebserver.MockWebServer$3 acceptConnections
INFO: MockWebServer[42189] done accepting connections: Socket closed
Jul 09, 2022 10:44:21 PM okhttp3.mockwebserver.MockWebServer$3 execute
INFO: MockWebServer[42663] starting to accept connections
Jul 09, 2022 10:44:21 PM okhttp3.mockwebserver.MockWebServer$3 acceptConnections
INFO: MockWebServer[42663] done accepting connections: Socket is closed
Jul 09, 2022 10:44:21 PM okhttp3.mockwebserver.MockWebServer$3 execute
INFO: MockWebServer[58213] starting to accept connections
Jul 09, 2022 10:44:21 PM okhttp3.mockwebserver.MockWebServer$3 acceptConnections
INFO: MockWebServer[58213] done accepting connections: Socket is closed
Jul 09, 2022 10:44:21 PM okhttp3.mockwebserver.MockWebServer$3 execute
INFO: MockWebServer[39571] starting to accept connections
Jul 09, 2022 10:44:21 PM okhttp3.mockwebserver.MockWebServer$3 acceptConnections
INFO: MockWebServer[39571] done accepting connections: Socket is closed
Jul 09, 2022 10:44:21 PM okhttp3.mockwebserver.MockWebServer$3 execute
INFO: MockWebServer[40677] starting to accept connections
Jul 09, 2022 10:44:21 PM okhttp3.mockwebserver.MockWebServer$4 processOneRequest
INFO: MockWebServer[40677] received request: POST / HTTP/1.1 and responded: HTTP/1.1 200 OK
Jul 09, 2022 10:44:21 PM okhttp3.mockwebserver.MockWebServer$3 acceptConnections
INFO: MockWebServer[40677] done accepting connections: Socket closed
Jul 09, 2022 10:44:21 PM okhttp3.mockwebserver.MockWebServer$3 execute
INFO: MockWebServer[58687] starting to accept connections
Jul 09, 2022 10:44:21 PM okhttp3.mockwebserver.MockWebServer$3 acceptConnections
INFO: MockWebServer[58687] done accepting connections: Socket is closed
Jul 09, 2022 10:44:21 PM okhttp3.mockwebserver.MockWebServer$3 execute
INFO: MockWebServer[46723] starting to accept connections
Jul 09, 2022 10:44:21 PM okhttp3.mockwebserver.MockWebServer$4 processOneRequest
INFO: MockWebServer[46723] received request: GET /a HTTP/1.1 and responded: HTTP/1.1 200 OK
Jul 09, 2022 10:44:21 PM okhttp3.mockwebserver.MockWebServer$4 processOneRequest
INFO: MockWebServer[46723] received request: GET /b HTTP/1.1 and responded: HTTP/1.1 200 OK
Jul 09, 2022 10:44:21 PM okhttp3.mockwebserver.MockWebServer$3 acceptConnections
INFO: MockWebServer[46723] done accepting connections: Socket closed
Tests run: 25, Failures: 0, Errors: 0, Skipped: 0, Time elapsed: 5.512 sec - in okhttp3.mockwebserver.MockWebServerTest
Uninstalled aggressive uncaught exception handler

Results :

Tests run: 27, Failures: 0, Errors: 0, Skipped: 0

[INFO] 
[INFO] --- animal-sniffer-maven-plugin:1.11:check (default) @ mockwebserver ---
[INFO] Checking unresolved references to org.codehaus.mojo.signature:java16:1.1
[INFO]                                                                         
[INFO] ------------------------------------------------------------------------
[INFO] Building OkHttp URLConnection 3.4.0-SNAPSHOT
[INFO] ------------------------------------------------------------------------
[INFO] 
[INFO] --- maven-enforcer-plugin:1.0:enforce (enforce-maven) @ okhttp-urlconnection ---
[INFO] 
[INFO] --- maven-resources-plugin:2.6:resources (default-resources) @ okhttp-urlconnection ---
[INFO] Using 'UTF-8' encoding to copy filtered resources.
[INFO] skip non existing resourceDirectory /home/travis/build/failed/square/okhttp/okhttp-urlconnection/src/main/resources
[INFO] 
[INFO] --- maven-compiler-plugin:3.0:compile (default-compile) @ okhttp-urlconnection ---
[INFO] Changes detected - recompiling the module!
[INFO] Compiling 12 source files to /home/travis/build/failed/square/okhttp/okhttp-urlconnection/target/classes
[WARNING] /home/travis/build/failed/square/okhttp/okhttp-urlconnection/src/main/java/okhttp3/internal/huc/HttpURLConnectionImpl.java: Some input files use or override a deprecated API.
[WARNING] /home/travis/build/failed/square/okhttp/okhttp-urlconnection/src/main/java/okhttp3/internal/huc/HttpURLConnectionImpl.java: Recompile with -Xlint:deprecation for details.
[INFO] 
[INFO] --- maven-resources-plugin:2.6:testResources (default-testResources) @ okhttp-urlconnection ---
[INFO] Using 'UTF-8' encoding to copy filtered resources.
[INFO] skip non existing resourceDirectory /home/travis/build/failed/square/okhttp/okhttp-urlconnection/src/test/resources
[INFO] 
[INFO] --- maven-compiler-plugin:3.0:testCompile (default-testCompile) @ okhttp-urlconnection ---
[INFO] Changes detected - recompiling the module!
[INFO] Compiling 3 source files to /home/travis/build/failed/square/okhttp/okhttp-urlconnection/target/test-classes
[WARNING] /home/travis/build/failed/square/okhttp/okhttp-urlconnection/src/test/java/okhttp3/internal/huc/URLEncodingTest.java: Some input files use or override a deprecated API.
[WARNING] /home/travis/build/failed/square/okhttp/okhttp-urlconnection/src/test/java/okhttp3/internal/huc/URLEncodingTest.java: Recompile with -Xlint:deprecation for details.
[INFO] 
[INFO] --- maven-surefire-plugin:2.17:test (default-test) @ okhttp-urlconnection ---
[INFO] Surefire report directory: /home/travis/build/failed/square/okhttp/okhttp-urlconnection/target/surefire-reports
[INFO] Using configured provider org.apache.maven.surefire.junitcore.JUnitCoreProvider
[INFO] parallel='none', perCoreThreadCount=true, threadCount=0, useUnlimitedThreads=false, threadCountSuites=0, threadCountClasses=0, threadCountMethods=0, parallelOptimized=true

-------------------------------------------------------
 T E S T S
-------------------------------------------------------
Installing aggressive uncaught exception handler
Running okhttp3.OkUrlFactoryTest
Jul 09, 2022 10:44:23 PM okhttp3.mockwebserver.MockWebServer$3 execute
INFO: MockWebServer[51489] starting to accept connections
Jul 09, 2022 10:44:24 PM okhttp3.mockwebserver.MockWebServer$4 processOneRequest
INFO: MockWebServer[51489] received request: GET /a HTTP/1.1 and responded: HTTP/1.1 302 Redirection
Jul 09, 2022 10:44:24 PM okhttp3.mockwebserver.MockWebServer$3 acceptConnections
INFO: MockWebServer[51489] done accepting connections: Socket closed
Jul 09, 2022 10:44:24 PM okhttp3.mockwebserver.MockWebServer$3 execute
INFO: MockWebServer[56587] starting to accept connections
Jul 09, 2022 10:44:24 PM okhttp3.mockwebserver.MockWebServer$4 processOneRequest
INFO: MockWebServer[56587] received request: GET / HTTP/1.1 and responded: HTTP/1.1 404 Client Error
Jul 09, 2022 10:44:24 PM okhttp3.mockwebserver.MockWebServer$3 acceptConnections
INFO: MockWebServer[56587] done accepting connections: Socket closed
Jul 09, 2022 10:44:24 PM okhttp3.mockwebserver.MockWebServer$3 execute
INFO: MockWebServer[47237] starting to accept connections
Jul 09, 2022 10:44:24 PM okhttp3.mockwebserver.MockWebServer$4 processOneRequest
INFO: MockWebServer[47237] received request: GET / HTTP/1.1 and responded: HTTP/1.1 200 OK
Jul 09, 2022 10:44:24 PM okhttp3.mockwebserver.MockWebServer$3 acceptConnections
INFO: MockWebServer[47237] done accepting connections: Socket closed
Jul 09, 2022 10:44:24 PM okhttp3.mockwebserver.MockWebServer$3 execute
INFO: MockWebServer[45319] starting to accept connections
Jul 09, 2022 10:44:24 PM okhttp3.mockwebserver.MockWebServer$3 execute
INFO: MockWebServer[37805] starting to accept connections
Jul 09, 2022 10:44:25 PM okhttp3.mockwebserver.MockWebServer$FramedSocketHandler onStream
INFO: MockWebServer[45319] received request: GET / HTTP/1.1 and responded: HTTP/1.1 302 Redirection protocol is h2
Jul 09, 2022 10:44:25 PM okhttp3.mockwebserver.MockWebServer$4 processOneRequest
INFO: MockWebServer[37805] received request: GET / HTTP/1.1 and responded: HTTP/1.1 200 OK
Jul 09, 2022 10:44:25 PM okhttp3.mockwebserver.MockWebServer$3 acceptConnections
INFO: MockWebServer[45319] done accepting connections: Socket closed
Jul 09, 2022 10:44:25 PM okhttp3.mockwebserver.MockWebServer$3 execute
INFO: MockWebServer[50287] starting to accept connections
Jul 09, 2022 10:44:25 PM okhttp3.mockwebserver.MockWebServer$4 processOneRequest
INFO: MockWebServer[50287] received request: GET / HTTP/1.1 and responded: HTTP/1.1 200 OK
Jul 09, 2022 10:44:25 PM okhttp3.mockwebserver.MockWebServer$4 processOneRequest
INFO: MockWebServer[50287] received request: GET / HTTP/1.1 and responded: HTTP/1.1 200 OK
Jul 09, 2022 10:44:25 PM okhttp3.mockwebserver.MockWebServer$3 acceptConnections
INFO: MockWebServer[50287] done accepting connections: Socket closed
Jul 09, 2022 10:44:25 PM okhttp3.mockwebserver.MockWebServer$3 execute
INFO: MockWebServer[42385] starting to accept connections
Jul 09, 2022 10:44:25 PM okhttp3.mockwebserver.MockWebServer$4 processOneRequest
INFO: MockWebServer[42385] received request: GET / HTTP/1.1 and responded: HTTP/1.1 200 OK
Jul 09, 2022 10:44:25 PM okhttp3.mockwebserver.MockWebServer$3 acceptConnections
INFO: MockWebServer[42385] done accepting connections: Socket closed
Jul 09, 2022 10:44:25 PM okhttp3.mockwebserver.MockWebServer$3 execute
INFO: MockWebServer[45029] starting to accept connections
Jul 09, 2022 10:44:25 PM okhttp3.mockwebserver.MockWebServer$4 processOneRequest
INFO: MockWebServer[45029] received request: GET / HTTP/1.1 and responded: HTTP/1.1 200 OK
Jul 09, 2022 10:44:25 PM okhttp3.mockwebserver.MockWebServer$4 processOneRequest
INFO: MockWebServer[45029] received request: GET / HTTP/1.1 and responded: HTTP/1.1 304 Redirection
Jul 09, 2022 10:44:25 PM okhttp3.mockwebserver.MockWebServer$3 acceptConnections
INFO: MockWebServer[45029] done accepting connections: Socket closed
Jul 09, 2022 10:44:25 PM okhttp3.mockwebserver.MockWebServer$3 execute
INFO: MockWebServer[35671] starting to accept connections
Jul 09, 2022 10:44:25 PM okhttp3.mockwebserver.MockWebServer$4 processOneRequest
INFO: MockWebServer[35671] received request: GET / HTTP/1.1 and responded: HTTP/1.1 200 OK
Jul 09, 2022 10:44:25 PM okhttp3.mockwebserver.MockWebServer$3 acceptConnections
INFO: MockWebServer[35671] done accepting connections: Socket closed
Jul 09, 2022 10:44:25 PM okhttp3.mockwebserver.MockWebServer$3 execute
INFO: MockWebServer[59049] starting to accept connections
Jul 09, 2022 10:44:25 PM okhttp3.mockwebserver.MockWebServer$4 processOneRequest
INFO: MockWebServer[59049] received request: GET / HTTP/1.1 and responded: HTTP/1.1 407 Client Error
Jul 09, 2022 10:44:25 PM okhttp3.mockwebserver.MockWebServer$3 acceptConnections
INFO: MockWebServer[59049] done accepting connections: Socket closed
Jul 09, 2022 10:44:25 PM okhttp3.mockwebserver.MockWebServer$3 execute
INFO: MockWebServer[53125] starting to accept connections
Jul 09, 2022 10:44:25 PM okhttp3.mockwebserver.MockWebServer$4 processOneRequest
INFO: MockWebServer[53125] received request: GET /b HTTP/1.1 and responded: HTTP/1.1 200 OK
Jul 09, 2022 10:44:25 PM okhttp3.mockwebserver.MockWebServer$3 acceptConnections
INFO: MockWebServer[53125] done accepting connections: Socket closed
Tests run: 10, Failures: 1, Errors: 0, Skipped: 0, Time elapsed: 1.807 sec <<< FAILURE! - in okhttp3.OkUrlFactoryTest
testURLFilterRedirect(okhttp3.OkUrlFactoryTest)  Time elapsed: 0.995 sec  <<< FAILURE!
java.lang.AssertionError: Connection was successful
	at org.junit.Assert.fail(Assert.java:88)
	at okhttp3.OkUrlFactoryTest.testURLFilterRedirect(OkUrlFactoryTest.java:209)

Running okhttp3.UrlConnectionCacheTest
Jul 09, 2022 10:44:25 PM okhttp3.mockwebserver.MockWebServer$3 execute
INFO: MockWebServer[57309] starting to accept connections
Jul 09, 2022 10:44:25 PM okhttp3.mockwebserver.MockWebServer$3 execute
INFO: MockWebServer[59929] starting to accept connections
Jul 09, 2022 10:44:25 PM okhttp3.mockwebserver.MockWebServer$3 acceptConnections
INFO: MockWebServer[59929] done accepting connections: Socket closed
Jul 09, 2022 10:44:25 PM okhttp3.mockwebserver.MockWebServer$3 acceptConnections
INFO: MockWebServer[57309] done accepting connections: Socket closed
Jul 09, 2022 10:44:25 PM okhttp3.mockwebserver.MockWebServer$3 execute
INFO: MockWebServer[48305] starting to accept connections
Jul 09, 2022 10:44:25 PM okhttp3.mockwebserver.MockWebServer$3 execute
INFO: MockWebServer[54857] starting to accept connections
Jul 09, 2022 10:44:25 PM okhttp3.mockwebserver.MockWebServer$4 processOneRequest
INFO: MockWebServer[54857] received request: GET /a HTTP/1.1 and responded: HTTP/1.1 200 OK
Jul 09, 2022 10:44:25 PM okhttp3.mockwebserver.MockWebServer$4 processOneRequest
INFO: MockWebServer[54857] received request: GET /a HTTP/1.1 and responded: HTTP/1.1 304 Redirection
Jul 09, 2022 10:44:25 PM okhttp3.mockwebserver.MockWebServer$3 acceptConnections
INFO: MockWebServer[54857] done accepting connections: Socket closed
Jul 09, 2022 10:44:25 PM okhttp3.mockwebserver.MockWebServer$3 acceptConnections
INFO: MockWebServer[48305] done accepting connections: Socket closed
Jul 09, 2022 10:44:25 PM okhttp3.mockwebserver.MockWebServer$3 execute
INFO: MockWebServer[60167] starting to accept connections
Jul 09, 2022 10:44:25 PM okhttp3.mockwebserver.MockWebServer$3 execute
INFO: MockWebServer[41229] starting to accept connections
Jul 09, 2022 10:44:25 PM okhttp3.mockwebserver.MockWebServer$4 processOneRequest
INFO: MockWebServer[41229] received request: GET / HTTP/1.1 and responded: HTTP/1.1 200 OK
Jul 09, 2022 10:44:25 PM okhttp3.mockwebserver.MockWebServer$4 processOneRequest
INFO: MockWebServer[41229] received request: GET / HTTP/1.1 and responded: HTTP/1.1 304 Redirection
Jul 09, 2022 10:44:25 PM okhttp3.mockwebserver.MockWebServer$4 processOneRequest
INFO: MockWebServer[41229] received request: GET / HTTP/1.1 and responded: HTTP/1.1 304 Redirection
Jul 09, 2022 10:44:25 PM okhttp3.mockwebserver.MockWebServer$3 acceptConnections
INFO: MockWebServer[41229] done accepting connections: Socket closed
Jul 09, 2022 10:44:25 PM okhttp3.mockwebserver.MockWebServer$3 acceptConnections
INFO: MockWebServer[60167] done accepting connections: Socket closed
Jul 09, 2022 10:44:25 PM okhttp3.mockwebserver.MockWebServer$3 execute
INFO: MockWebServer[59649] starting to accept connections
Jul 09, 2022 10:44:25 PM okhttp3.mockwebserver.MockWebServer$3 execute
INFO: MockWebServer[33041] starting to accept connections
Jul 09, 2022 10:44:25 PM okhttp3.mockwebserver.MockWebServer$4 processOneRequest
INFO: MockWebServer[33041] received request: GET / HTTP/1.1 and responded: HTTP/1.1 200 OK
Jul 09, 2022 10:44:25 PM okhttp3.mockwebserver.MockWebServer$3 acceptConnections
INFO: MockWebServer[33041] done accepting connections: Socket closed
Jul 09, 2022 10:44:25 PM okhttp3.mockwebserver.MockWebServer$3 acceptConnections
INFO: MockWebServer[59649] done accepting connections: Socket closed
Jul 09, 2022 10:44:25 PM okhttp3.mockwebserver.MockWebServer$3 execute
INFO: MockWebServer[58919] starting to accept connections
Jul 09, 2022 10:44:25 PM okhttp3.mockwebserver.MockWebServer$3 execute
INFO: MockWebServer[35495] starting to accept connections
Jul 09, 2022 10:44:25 PM okhttp3.mockwebserver.MockWebServer$4 processOneRequest
INFO: MockWebServer[35495] received request: GET /foo HTTP/1.1 and responded: HTTP/1.1 200 OK
Jul 09, 2022 10:44:25 PM okhttp3.mockwebserver.MockWebServer$4 processOneRequest
INFO: MockWebServer[35495] received request: GET /bar HTTP/1.1 and responded: HTTP/1.1 200 OK
Jul 09, 2022 10:44:25 PM okhttp3.mockwebserver.MockWebServer$3 acceptConnections
INFO: MockWebServer[35495] done accepting connections: Socket closed
Jul 09, 2022 10:44:25 PM okhttp3.mockwebserver.MockWebServer$3 acceptConnections
INFO: MockWebServer[58919] done accepting connections: Socket closed
Jul 09, 2022 10:44:25 PM okhttp3.mockwebserver.MockWebServer$3 execute
INFO: MockWebServer[38999] starting to accept connections
Jul 09, 2022 10:44:25 PM okhttp3.mockwebserver.MockWebServer$3 execute
INFO: MockWebServer[45755] starting to accept connections
Jul 09, 2022 10:44:25 PM okhttp3.mockwebserver.MockWebServer$4 processOneRequest
INFO: MockWebServer[45755] received request: POST / HTTP/1.1 and responded: HTTP/1.1 200 OK
Jul 09, 2022 10:44:25 PM okhttp3.mockwebserver.MockWebServer$4 processOneRequest
INFO: MockWebServer[45755] received request: GET / HTTP/1.1 and responded: HTTP/1.1 200 OK
Jul 09, 2022 10:44:25 PM okhttp3.mockwebserver.MockWebServer$3 acceptConnections
INFO: MockWebServer[45755] done accepting connections: Socket closed
Jul 09, 2022 10:44:25 PM okhttp3.mockwebserver.MockWebServer$3 acceptConnections
INFO: MockWebServer[38999] done accepting connections: Socket closed
Jul 09, 2022 10:44:25 PM okhttp3.mockwebserver.MockWebServer$3 execute
INFO: MockWebServer[54699] starting to accept connections
Jul 09, 2022 10:44:25 PM okhttp3.mockwebserver.MockWebServer$3 execute
INFO: MockWebServer[44029] starting to accept connections
Jul 09, 2022 10:44:26 PM okhttp3.mockwebserver.MockWebServer$4 processOneRequest
INFO: MockWebServer[44029] received request: GET / HTTP/1.1 and responded: HTTP/1.1 200 OK
Jul 09, 2022 10:44:26 PM okhttp3.mockwebserver.MockWebServer$3 acceptConnections
INFO: MockWebServer[44029] done accepting connections: Socket closed
Jul 09, 2022 10:44:26 PM okhttp3.mockwebserver.MockWebServer$3 acceptConnections
INFO: MockWebServer[54699] done accepting connections: Socket closed
Jul 09, 2022 10:44:26 PM okhttp3.mockwebserver.MockWebServer$3 execute
INFO: MockWebServer[51597] starting to accept connections
Jul 09, 2022 10:44:26 PM okhttp3.mockwebserver.MockWebServer$3 execute
INFO: MockWebServer[42959] starting to accept connections
Jul 09, 2022 10:44:26 PM okhttp3.mockwebserver.MockWebServer$4 processOneRequest
INFO: MockWebServer[42959] received request: GET / HTTP/1.1 and responded: HTTP/1.1 200 OK
Jul 09, 2022 10:44:26 PM okhttp3.mockwebserver.MockWebServer$3 acceptConnections
INFO: MockWebServer[42959] done accepting connections: Socket closed
Jul 09, 2022 10:44:27 PM okhttp3.mockwebserver.MockWebServer$4 processOneRequest
INFO: MockWebServer[42959] received request: GET / HTTP/1.1 and responded: HTTP/1.1 200 OK
Jul 09, 2022 10:44:27 PM okhttp3.mockwebserver.MockWebServer$4 processConnection
WARNING: MockWebServer[42959] connection from /127.0.0.1 didn't make a request
Jul 09, 2022 10:44:27 PM okhttp3.mockwebserver.MockWebServer$3 acceptConnections
INFO: MockWebServer[51597] done accepting connections: Socket closed
Jul 09, 2022 10:44:27 PM okhttp3.mockwebserver.MockWebServer$3 execute
INFO: MockWebServer[47073] starting to accept connections
Jul 09, 2022 10:44:27 PM okhttp3.mockwebserver.MockWebServer$3 execute
INFO: MockWebServer[52679] starting to accept connections
Jul 09, 2022 10:44:27 PM okhttp3.mockwebserver.MockWebServer$4 processOneRequest
INFO: MockWebServer[52679] received request: GET / HTTP/1.1 and responded: HTTP/1.1 200 OK
Jul 09, 2022 10:44:27 PM okhttp3.mockwebserver.MockWebServer$3 acceptConnections
INFO: MockWebServer[52679] done accepting connections: Socket closed
Jul 09, 2022 10:44:27 PM okhttp3.mockwebserver.MockWebServer$3 acceptConnections
INFO: MockWebServer[47073] done accepting connections: Socket closed
Jul 09, 2022 10:44:27 PM okhttp3.mockwebserver.MockWebServer$3 execute
INFO: MockWebServer[58885] starting to accept connections
Jul 09, 2022 10:44:27 PM okhttp3.mockwebserver.MockWebServer$3 execute
INFO: MockWebServer[33857] starting to accept connections
Jul 09, 2022 10:44:27 PM okhttp3.mockwebserver.MockWebServer$4 processOneRequest
INFO: MockWebServer[33857] received request: GET /?foo=bar HTTP/1.1 and responded: HTTP/1.1 200 OK
Jul 09, 2022 10:44:27 PM okhttp3.mockwebserver.MockWebServer$4 processOneRequest
INFO: MockWebServer[33857] received request: GET /?foo=bar HTTP/1.1 and responded: HTTP/1.1 200 OK
Jul 09, 2022 10:44:27 PM okhttp3.mockwebserver.MockWebServer$3 acceptConnections
INFO: MockWebServer[33857] done accepting connections: Socket closed
Jul 09, 2022 10:44:27 PM okhttp3.mockwebserver.MockWebServer$3 acceptConnections
INFO: MockWebServer[58885] done accepting connections: Socket closed
Jul 09, 2022 10:44:27 PM okhttp3.mockwebserver.MockWebServer$3 execute
INFO: MockWebServer[44263] starting to accept connections
Jul 09, 2022 10:44:27 PM okhttp3.mockwebserver.MockWebServer$3 execute
INFO: MockWebServer[51659] starting to accept connections
Jul 09, 2022 10:44:27 PM okhttp3.mockwebserver.MockWebServer$4 processOneRequest
INFO: MockWebServer[51659] received request: GET / HTTP/1.1 and responded: HTTP/1.1 200 OK
Jul 09, 2022 10:44:27 PM okhttp3.mockwebserver.MockWebServer$3 acceptConnections
INFO: MockWebServer[51659] done accepting connections: Socket closed
Jul 09, 2022 10:44:27 PM okhttp3.mockwebserver.MockWebServer$3 acceptConnections
INFO: MockWebServer[44263] done accepting connections: Socket closed
Jul 09, 2022 10:44:27 PM okhttp3.mockwebserver.MockWebServer$3 execute
INFO: MockWebServer[39933] starting to accept connections
Jul 09, 2022 10:44:27 PM okhttp3.mockwebserver.MockWebServer$3 execute
INFO: MockWebServer[33297] starting to accept connections
Jul 09, 2022 10:44:27 PM okhttp3.mockwebserver.MockWebServer$4 processOneRequest
INFO: MockWebServer[33297] received request: GET / HTTP/1.1 and responded: HTTP/1.1 200 OK
Jul 09, 2022 10:44:27 PM okhttp3.mockwebserver.MockWebServer$4 processOneRequest
INFO: MockWebServer[33297] received request: GET / HTTP/1.1 and responded: HTTP/1.1 200 OK
Jul 09, 2022 10:44:27 PM okhttp3.mockwebserver.MockWebServer$3 acceptConnections
INFO: MockWebServer[33297] done accepting connections: Socket closed
Jul 09, 2022 10:44:27 PM okhttp3.mockwebserver.MockWebServer$3 acceptConnections
INFO: MockWebServer[39933] done accepting connections: Socket closed
Jul 09, 2022 10:44:27 PM okhttp3.mockwebserver.MockWebServer$3 execute
INFO: MockWebServer[44897] starting to accept connections
Jul 09, 2022 10:44:27 PM okhttp3.mockwebserver.MockWebServer$3 execute
INFO: MockWebServer[32937] starting to accept connections
Jul 09, 2022 10:44:27 PM okhttp3.mockwebserver.MockWebServer$4 processOneRequest
INFO: MockWebServer[32937] received request: GET / HTTP/1.1 and responded: HTTP/1.1 200 Fantastic
Jul 09, 2022 10:44:27 PM okhttp3.mockwebserver.MockWebServer$3 acceptConnections
INFO: MockWebServer[32937] done accepting connections: Socket closed
Jul 09, 2022 10:44:27 PM okhttp3.mockwebserver.MockWebServer$3 acceptConnections
INFO: MockWebServer[44897] done accepting connections: Socket closed
Jul 09, 2022 10:44:27 PM okhttp3.mockwebserver.MockWebServer$3 execute
INFO: MockWebServer[58103] starting to accept connections
Jul 09, 2022 10:44:27 PM okhttp3.mockwebserver.MockWebServer$3 execute
INFO: MockWebServer[36751] starting to accept connections
Jul 09, 2022 10:44:27 PM okhttp3.mockwebserver.MockWebServer$4 processOneRequest
INFO: MockWebServer[36751] received request: GET / HTTP/1.1 and responded: HTTP/1.1 304 Redirection
Jul 09, 2022 10:44:27 PM okhttp3.mockwebserver.MockWebServer$3 acceptConnections
INFO: MockWebServer[36751] done accepting connections: Socket closed
Jul 09, 2022 10:44:27 PM okhttp3.mockwebserver.MockWebServer$3 acceptConnections
INFO: MockWebServer[58103] done accepting connections: Socket closed
Jul 09, 2022 10:44:27 PM okhttp3.mockwebserver.MockWebServer$3 execute
INFO: MockWebServer[33567] starting to accept connections
Jul 09, 2022 10:44:27 PM okhttp3.mockwebserver.MockWebServer$3 execute
INFO: MockWebServer[48389] starting to accept connections
Jul 09, 2022 10:44:27 PM okhttp3.mockwebserver.MockWebServer$4 processOneRequest
INFO: MockWebServer[48389] received request: GET / HTTP/1.1 and responded: HTTP/1.1 200 OK
Jul 09, 2022 10:44:27 PM okhttp3.mockwebserver.MockWebServer$4 processOneRequest
INFO: MockWebServer[48389] received request: GET / HTTP/1.1 and responded: HTTP/1.1 200 OK
Jul 09, 2022 10:44:27 PM okhttp3.mockwebserver.MockWebServer$3 acceptConnections
INFO: MockWebServer[48389] done accepting connections: Socket closed
Jul 09, 2022 10:44:27 PM okhttp3.mockwebserver.MockWebServer$3 acceptConnections
INFO: MockWebServer[33567] done accepting connections: Socket closed
Jul 09, 2022 10:44:27 PM okhttp3.mockwebserver.MockWebServer$3 execute
INFO: MockWebServer[36465] starting to accept connections
Jul 09, 2022 10:44:27 PM okhttp3.mockwebserver.MockWebServer$3 execute
INFO: MockWebServer[49715] starting to accept connections
Jul 09, 2022 10:44:27 PM okhttp3.mockwebserver.MockWebServer$4 processOneRequest
INFO: MockWebServer[49715] received request: GET / HTTP/1.1 and responded: HTTP/1.1 200 OK
Jul 09, 2022 10:44:27 PM okhttp3.mockwebserver.MockWebServer$4 processOneRequest
INFO: MockWebServer[49715] received request: GET / HTTP/1.1 and responded: HTTP/1.1 200 OK
Jul 09, 2022 10:44:27 PM okhttp3.mockwebserver.MockWebServer$3 acceptConnections
INFO: MockWebServer[49715] done accepting connections: Socket closed
Jul 09, 2022 10:44:27 PM okhttp3.mockwebserver.MockWebServer$3 acceptConnections
INFO: MockWebServer[36465] done accepting connections: Socket closed
Jul 09, 2022 10:44:27 PM okhttp3.mockwebserver.MockWebServer$3 execute
INFO: MockWebServer[45405] starting to accept connections
Jul 09, 2022 10:44:27 PM okhttp3.mockwebserver.MockWebServer$3 execute
INFO: MockWebServer[38663] starting to accept connections
Jul 09, 2022 10:44:27 PM okhttp3.mockwebserver.MockWebServer$4 processOneRequest
INFO: MockWebServer[38663] received request: PUT / HTTP/1.1 and responded: HTTP/1.1 200 OK
Jul 09, 2022 10:44:27 PM okhttp3.mockwebserver.MockWebServer$4 processOneRequest
INFO: MockWebServer[38663] received request: GET / HTTP/1.1 and responded: HTTP/1.1 200 OK
Jul 09, 2022 10:44:27 PM okhttp3.mockwebserver.MockWebServer$3 acceptConnections
INFO: MockWebServer[38663] done accepting connections: Socket closed
Jul 09, 2022 10:44:27 PM okhttp3.mockwebserver.MockWebServer$3 acceptConnections
INFO: MockWebServer[45405] done accepting connections: Socket closed
Jul 09, 2022 10:44:27 PM okhttp3.mockwebserver.MockWebServer$3 execute
INFO: MockWebServer[60883] starting to accept connections
Jul 09, 2022 10:44:27 PM okhttp3.mockwebserver.MockWebServer$3 execute
INFO: MockWebServer[44989] starting to accept connections
Jul 09, 2022 10:44:27 PM okhttp3.mockwebserver.MockWebServer$4 processOneRequest
INFO: MockWebServer[44989] received request: GET / HTTP/1.1 and responded: HTTP/1.1 200 OK
Jul 09, 2022 10:44:27 PM okhttp3.mockwebserver.MockWebServer$3 acceptConnections
INFO: MockWebServer[44989] done accepting connections: Socket closed
Jul 09, 2022 10:44:27 PM okhttp3.mockwebserver.MockWebServer$3 acceptConnections
INFO: MockWebServer[60883] done accepting connections: Socket closed
Jul 09, 2022 10:44:27 PM okhttp3.mockwebserver.MockWebServer$3 execute
INFO: MockWebServer[51287] starting to accept connections
Jul 09, 2022 10:44:27 PM okhttp3.mockwebserver.MockWebServer$3 execute
INFO: MockWebServer[33469] starting to accept connections
Jul 09, 2022 10:44:27 PM okhttp3.mockwebserver.MockWebServer$4 processOneRequest
INFO: MockWebServer[33469] received request: GET / HTTP/1.1 and responded: HTTP/1.1 206 OK
Jul 09, 2022 10:44:27 PM okhttp3.mockwebserver.MockWebServer$4 processOneRequest
INFO: MockWebServer[33469] received request: GET / HTTP/1.1 and responded: HTTP/1.1 200 OK
Jul 09, 2022 10:44:27 PM okhttp3.mockwebserver.MockWebServer$3 acceptConnections
INFO: MockWebServer[33469] done accepting connections: Socket closed
Jul 09, 2022 10:44:27 PM okhttp3.mockwebserver.MockWebServer$3 acceptConnections
INFO: MockWebServer[51287] done accepting connections: Socket closed
Jul 09, 2022 10:44:27 PM okhttp3.mockwebserver.MockWebServer$3 execute
INFO: MockWebServer[34191] starting to accept connections
Jul 09, 2022 10:44:27 PM okhttp3.mockwebserver.MockWebServer$3 execute
INFO: MockWebServer[56645] starting to accept connections
Jul 09, 2022 10:44:27 PM okhttp3.mockwebserver.MockWebServer$4 processOneRequest
INFO: MockWebServer[56645] received request: GET /valid HTTP/1.1 and responded: HTTP/1.1 200 A-OK
Jul 09, 2022 10:44:27 PM okhttp3.mockwebserver.MockWebServer$4 processOneRequest
INFO: MockWebServer[56645] received request: GET /valid HTTP/1.1 and responded: HTTP/1.1 304 Redirection
Jul 09, 2022 10:44:27 PM okhttp3.mockwebserver.MockWebServer$4 processOneRequest
INFO: MockWebServer[56645] received request: GET /invalid HTTP/1.1 and responded: HTTP/1.1 200 B-OK
Jul 09, 2022 10:44:27 PM okhttp3.mockwebserver.MockWebServer$4 processOneRequest
INFO: MockWebServer[56645] received request: GET /invalid HTTP/1.1 and responded: HTTP/1.1 200 C-OK
Jul 09, 2022 10:44:28 PM okhttp3.mockwebserver.MockWebServer$3 acceptConnections
INFO: MockWebServer[56645] done accepting connections: Socket closed
Jul 09, 2022 10:44:28 PM okhttp3.mockwebserver.MockWebServer$3 acceptConnections
INFO: MockWebServer[34191] done accepting connections: Socket closed
Jul 09, 2022 10:44:28 PM okhttp3.mockwebserver.MockWebServer$3 execute
INFO: MockWebServer[33577] starting to accept connections
Jul 09, 2022 10:44:28 PM okhttp3.mockwebserver.MockWebServer$3 execute
INFO: MockWebServer[45107] starting to accept connections
Jul 09, 2022 10:44:28 PM okhttp3.mockwebserver.MockWebServer$4 processOneRequest
INFO: MockWebServer[45107] received request: GET / HTTP/1.1 and responded: HTTP/1.1 200 OK
Jul 09, 2022 10:44:28 PM okhttp3.mockwebserver.MockWebServer$3 acceptConnections
INFO: MockWebServer[45107] done accepting connections: Socket closed
Jul 09, 2022 10:44:28 PM okhttp3.mockwebserver.MockWebServer$3 acceptConnections
INFO: MockWebServer[33577] done accepting connections: Socket closed
Jul 09, 2022 10:44:28 PM okhttp3.mockwebserver.MockWebServer$3 execute
INFO: MockWebServer[36789] starting to accept connections
Jul 09, 2022 10:44:28 PM okhttp3.mockwebserver.MockWebServer$3 execute
INFO: MockWebServer[34341] starting to accept connections
Jul 09, 2022 10:44:28 PM okhttp3.mockwebserver.MockWebServer$4 processOneRequest
INFO: MockWebServer[34341] received request: GET / HTTP/1.1 and responded: HTTP/1.1 200 OK
Jul 09, 2022 10:44:28 PM okhttp3.mockwebserver.MockWebServer$4 processOneRequest
INFO: MockWebServer[34341] received request: GET / HTTP/1.1 and responded: HTTP/1.1 200 OK
Jul 09, 2022 10:44:28 PM okhttp3.mockwebserver.MockWebServer$3 acceptConnections
INFO: MockWebServer[34341] done accepting connections: Socket closed
Jul 09, 2022 10:44:28 PM okhttp3.mockwebserver.MockWebServer$3 acceptConnections
INFO: MockWebServer[36789] done accepting connections: Socket closed
Jul 09, 2022 10:44:28 PM okhttp3.mockwebserver.MockWebServer$3 execute
INFO: MockWebServer[42219] starting to accept connections
Jul 09, 2022 10:44:28 PM okhttp3.mockwebserver.MockWebServer$3 execute
INFO: MockWebServer[56193] starting to accept connections
Jul 09, 2022 10:44:28 PM okhttp3.mockwebserver.MockWebServer$3 acceptConnections
INFO: MockWebServer[56193] done accepting connections: Socket closed
Jul 09, 2022 10:44:28 PM okhttp3.mockwebserver.MockWebServer$3 acceptConnections
INFO: MockWebServer[42219] done accepting connections: Socket closed
Jul 09, 2022 10:44:28 PM okhttp3.mockwebserver.MockWebServer$3 execute
INFO: MockWebServer[60761] starting to accept connections
Jul 09, 2022 10:44:28 PM okhttp3.mockwebserver.MockWebServer$3 execute
INFO: MockWebServer[50867] starting to accept connections
Jul 09, 2022 10:44:28 PM okhttp3.mockwebserver.MockWebServer$4 processOneRequest
INFO: MockWebServer[50867] received request: HEAD / HTTP/1.1 and responded: HTTP/1.1 200 OK
Jul 09, 2022 10:44:28 PM okhttp3.mockwebserver.MockWebServer$4 processOneRequest
INFO: MockWebServer[50867] received request: GET / HTTP/1.1 and responded: HTTP/1.1 200 OK
Jul 09, 2022 10:44:28 PM okhttp3.mockwebserver.MockWebServer$3 acceptConnections
INFO: MockWebServer[50867] done accepting connections: Socket closed
Jul 09, 2022 10:44:28 PM okhttp3.mockwebserver.MockWebServer$3 acceptConnections
INFO: MockWebServer[60761] done accepting connections: Socket closed
Jul 09, 2022 10:44:28 PM okhttp3.mockwebserver.MockWebServer$3 execute
INFO: MockWebServer[32885] starting to accept connections
Jul 09, 2022 10:44:28 PM okhttp3.mockwebserver.MockWebServer$3 execute
INFO: MockWebServer[43589] starting to accept connections
Jul 09, 2022 10:44:28 PM okhttp3.mockwebserver.MockWebServer$4 processOneRequest
INFO: MockWebServer[43589] received request: GET / HTTP/1.1 and responded: HTTP/1.1 200 OK
Jul 09, 2022 10:44:28 PM okhttp3.mockwebserver.MockWebServer$4 processOneRequest
INFO: MockWebServer[43589] received request: GET / HTTP/1.1 and responded: HTTP/1.1 304 Redirection
Jul 09, 2022 10:44:28 PM okhttp3.mockwebserver.MockWebServer$3 acceptConnections
INFO: MockWebServer[43589] done accepting connections: Socket closed
Jul 09, 2022 10:44:28 PM okhttp3.mockwebserver.MockWebServer$3 acceptConnections
INFO: MockWebServer[32885] done accepting connections: Socket closed
Jul 09, 2022 10:44:28 PM okhttp3.mockwebserver.MockWebServer$3 execute
INFO: MockWebServer[33521] starting to accept connections
Jul 09, 2022 10:44:28 PM okhttp3.mockwebserver.MockWebServer$3 execute
INFO: MockWebServer[54261] starting to accept connections
Jul 09, 2022 10:44:28 PM okhttp3.mockwebserver.MockWebServer$4 processOneRequest
INFO: MockWebServer[54261] received request: GET / HTTP/1.1 and responded: HTTP/1.1 200 OK
Jul 09, 2022 10:44:28 PM okhttp3.mockwebserver.MockWebServer$4 processOneRequest
INFO: MockWebServer[54261] received request: GET / HTTP/1.1 and responded: HTTP/1.1 200 OK
Jul 09, 2022 10:44:28 PM okhttp3.mockwebserver.MockWebServer$3 acceptConnections
INFO: MockWebServer[54261] done accepting connections: Socket closed
Jul 09, 2022 10:44:28 PM okhttp3.mockwebserver.MockWebServer$3 acceptConnections
INFO: MockWebServer[33521] done accepting connections: Socket closed
Jul 09, 2022 10:44:28 PM okhttp3.mockwebserver.MockWebServer$3 execute
INFO: MockWebServer[41417] starting to accept connections
Jul 09, 2022 10:44:28 PM okhttp3.mockwebserver.MockWebServer$3 execute
INFO: MockWebServer[42415] starting to accept connections
Jul 09, 2022 10:44:28 PM okhttp3.mockwebserver.MockWebServer$3 acceptConnections
INFO: MockWebServer[42415] done accepting connections: Socket closed
Jul 09, 2022 10:44:28 PM okhttp3.mockwebserver.MockWebServer$3 acceptConnections
INFO: MockWebServer[41417] done accepting connections: Socket closed
Jul 09, 2022 10:44:28 PM okhttp3.mockwebserver.MockWebServer$3 execute
INFO: MockWebServer[35381] starting to accept connections
Jul 09, 2022 10:44:28 PM okhttp3.mockwebserver.MockWebServer$3 execute
INFO: MockWebServer[48907] starting to accept connections
Jul 09, 2022 10:44:28 PM okhttp3.mockwebserver.MockWebServer$4 processOneRequest
INFO: MockWebServer[48907] received request: GET / HTTP/1.1 and responded: HTTP/1.1 200 OK
Jul 09, 2022 10:44:28 PM okhttp3.mockwebserver.MockWebServer$3 acceptConnections
INFO: MockWebServer[48907] done accepting connections: Socket closed
Jul 09, 2022 10:44:29 PM okhttp3.mockwebserver.MockWebServer$4 processOneRequest
INFO: MockWebServer[48907] received request: GET / HTTP/1.1 and responded: HTTP/1.1 200 OK
Jul 09, 2022 10:44:29 PM okhttp3.mockwebserver.MockWebServer$3 acceptConnections
INFO: MockWebServer[35381] done accepting connections: Socket closed
Jul 09, 2022 10:44:29 PM okhttp3.mockwebserver.MockWebServer$3 execute
INFO: MockWebServer[60489] starting to accept connections
Jul 09, 2022 10:44:29 PM okhttp3.mockwebserver.MockWebServer$3 execute
INFO: MockWebServer[50105] starting to accept connections
Jul 09, 2022 10:44:29 PM okhttp3.mockwebserver.MockWebServer$4 processOneRequest
INFO: MockWebServer[50105] received request: GET / HTTP/1.1 and responded: HTTP/1.1 200 OK
Jul 09, 2022 10:44:29 PM okhttp3.mockwebserver.MockWebServer$4 processOneRequest
INFO: MockWebServer[50105] received request: GET / HTTP/1.1 and responded: HTTP/1.1 200 OK
Jul 09, 2022 10:44:29 PM okhttp3.mockwebserver.MockWebServer$3 acceptConnections
INFO: MockWebServer[50105] done accepting connections: Socket closed
Jul 09, 2022 10:44:29 PM okhttp3.mockwebserver.MockWebServer$3 acceptConnections
INFO: MockWebServer[60489] done accepting connections: Socket closed
Jul 09, 2022 10:44:29 PM okhttp3.mockwebserver.MockWebServer$3 execute
INFO: MockWebServer[60599] starting to accept connections
Jul 09, 2022 10:44:29 PM okhttp3.mockwebserver.MockWebServer$3 execute
INFO: MockWebServer[51049] starting to accept connections
Jul 09, 2022 10:44:29 PM okhttp3.mockwebserver.MockWebServer$4 processOneRequest
INFO: MockWebServer[51049] received request: GET / HTTP/1.1 and responded: HTTP/1.1 200 OK
Jul 09, 2022 10:44:29 PM okhttp3.mockwebserver.MockWebServer$4 processOneRequest
INFO: MockWebServer[51049] received request: GET / HTTP/1.1 and responded: HTTP/1.1 304 Redirection
Jul 09, 2022 10:44:29 PM okhttp3.mockwebserver.MockWebServer$3 acceptConnections
INFO: MockWebServer[51049] done accepting connections: Socket closed
Jul 09, 2022 10:44:29 PM okhttp3.mockwebserver.MockWebServer$3 acceptConnections
INFO: MockWebServer[60599] done accepting connections: Socket closed
Jul 09, 2022 10:44:29 PM okhttp3.mockwebserver.MockWebServer$3 execute
INFO: MockWebServer[44303] starting to accept connections
Jul 09, 2022 10:44:29 PM okhttp3.mockwebserver.MockWebServer$3 execute
INFO: MockWebServer[59641] starting to accept connections
Jul 09, 2022 10:44:29 PM okhttp3.mockwebserver.MockWebServer$4 processOneRequest
INFO: MockWebServer[59641] received request: GET / HTTP/1.1 and responded: HTTP/1.1 301 Redirection
Jul 09, 2022 10:44:29 PM okhttp3.mockwebserver.MockWebServer$FramedSocketHandler onStream
INFO: MockWebServer[44303] received request: GET / HTTP/1.1 and responded: HTTP/1.1 200 OK protocol is h2
Jul 09, 2022 10:44:29 PM okhttp3.mockwebserver.MockWebServer$3 acceptConnections
INFO: MockWebServer[59641] done accepting connections: Socket closed
Jul 09, 2022 10:44:29 PM okhttp3.mockwebserver.MockWebServer$3 acceptConnections
INFO: MockWebServer[44303] done accepting connections: Socket closed
Jul 09, 2022 10:44:29 PM okhttp3.mockwebserver.MockWebServer$3 execute
INFO: MockWebServer[58827] starting to accept connections
Jul 09, 2022 10:44:29 PM okhttp3.mockwebserver.MockWebServer$3 execute
INFO: MockWebServer[35019] starting to accept connections
Jul 09, 2022 10:44:29 PM okhttp3.mockwebserver.MockWebServer$4 processOneRequest
INFO: MockWebServer[35019] received request: GET / HTTP/1.1 and responded: HTTP/1.1 200 OK
Jul 09, 2022 10:44:29 PM okhttp3.mockwebserver.MockWebServer$4 processOneRequest
INFO: MockWebServer[35019] received request: GET / HTTP/1.1 and responded: HTTP/1.1 304 Redirection
Jul 09, 2022 10:44:29 PM okhttp3.mockwebserver.MockWebServer$3 acceptConnections
INFO: MockWebServer[35019] done accepting connections: Socket closed
Jul 09, 2022 10:44:29 PM okhttp3.mockwebserver.MockWebServer$3 acceptConnections
INFO: MockWebServer[58827] done accepting connections: Socket closed
Jul 09, 2022 10:44:29 PM okhttp3.mockwebserver.MockWebServer$3 execute
INFO: MockWebServer[52681] starting to accept connections
Jul 09, 2022 10:44:29 PM okhttp3.mockwebserver.MockWebServer$3 execute
INFO: MockWebServer[43983] starting to accept connections
Jul 09, 2022 10:44:30 PM okhttp3.mockwebserver.MockWebServer$4 processOneRequest
INFO: MockWebServer[43983] received request: GET / HTTP/1.1 and responded: HTTP/1.1 200 OK
Jul 09, 2022 10:44:30 PM okhttp3.mockwebserver.MockWebServer$3 acceptConnections
INFO: MockWebServer[43983] done accepting connections: Socket closed
Jul 09, 2022 10:44:31 PM okhttp3.mockwebserver.MockWebServer$4 processOneRequest
INFO: MockWebServer[43983] received request: GET / HTTP/1.1 and responded: HTTP/1.1 200 OK
Jul 09, 2022 10:44:31 PM okhttp3.mockwebserver.MockWebServer$3 acceptConnections
INFO: MockWebServer[52681] done accepting connections: Socket closed
Jul 09, 2022 10:44:31 PM okhttp3.mockwebserver.MockWebServer$3 execute
INFO: MockWebServer[59353] starting to accept connections
Jul 09, 2022 10:44:31 PM okhttp3.mockwebserver.MockWebServer$3 execute
INFO: MockWebServer[52629] starting to accept connections
Jul 09, 2022 10:44:31 PM okhttp3.mockwebserver.MockWebServer$4 processOneRequest
INFO: MockWebServer[52629] received request: GET / HTTP/1.1 and responded: HTTP/1.1 200 OK
Jul 09, 2022 10:44:31 PM okhttp3.mockwebserver.MockWebServer$4 processOneRequest
INFO: MockWebServer[52629] received request: GET / HTTP/1.1 and responded: HTTP/1.1 200 OK
Jul 09, 2022 10:44:31 PM okhttp3.mockwebserver.MockWebServer$3 acceptConnections
INFO: MockWebServer[52629] done accepting connections: Socket closed
Jul 09, 2022 10:44:31 PM okhttp3.mockwebserver.MockWebServer$3 acceptConnections
INFO: MockWebServer[59353] done accepting connections: Socket closed
Jul 09, 2022 10:44:31 PM okhttp3.mockwebserver.MockWebServer$3 execute
INFO: MockWebServer[37149] starting to accept connections
Jul 09, 2022 10:44:31 PM okhttp3.mockwebserver.MockWebServer$3 execute
INFO: MockWebServer[59233] starting to accept connections
Jul 09, 2022 10:44:31 PM okhttp3.mockwebserver.MockWebServer$4 processOneRequest
INFO: MockWebServer[59233] received request: GET /a HTTP/1.1 and responded: HTTP/1.1 200 OK
Jul 09, 2022 10:44:31 PM okhttp3.mockwebserver.MockWebServer$4 processOneRequest
INFO: MockWebServer[59233] received request: GET /a HTTP/1.1 and responded: HTTP/1.1 304 Redirection
Jul 09, 2022 10:44:31 PM okhttp3.mockwebserver.MockWebServer$4 processOneRequest
INFO: MockWebServer[59233] received request: GET /b HTTP/1.1 and responded: HTTP/1.1 200 OK
Jul 09, 2022 10:44:31 PM okhttp3.mockwebserver.MockWebServer$3 acceptConnections
INFO: MockWebServer[59233] done accepting connections: Socket closed
Jul 09, 2022 10:44:31 PM okhttp3.mockwebserver.MockWebServer$3 acceptConnections
INFO: MockWebServer[37149] done accepting connections: Socket closed
Jul 09, 2022 10:44:31 PM okhttp3.mockwebserver.MockWebServer$3 execute
INFO: MockWebServer[35507] starting to accept connections
Jul 09, 2022 10:44:31 PM okhttp3.mockwebserver.MockWebServer$3 execute
INFO: MockWebServer[33929] starting to accept connections
Jul 09, 2022 10:44:31 PM okhttp3.mockwebserver.MockWebServer$4 processOneRequest
INFO: MockWebServer[33929] received request: GET / HTTP/1.1 and responded: HTTP/1.1 200 OK
Jul 09, 2022 10:44:31 PM okhttp3.mockwebserver.MockWebServer$4 processOneRequest
INFO: MockWebServer[33929] received request: GET / HTTP/1.1 and responded: HTTP/1.1 200 OK
Jul 09, 2022 10:44:31 PM okhttp3.mockwebserver.MockWebServer$3 acceptConnections
INFO: MockWebServer[33929] done accepting connections: Socket closed
Jul 09, 2022 10:44:31 PM okhttp3.mockwebserver.MockWebServer$3 acceptConnections
INFO: MockWebServer[35507] done accepting connections: Socket closed
Jul 09, 2022 10:44:31 PM okhttp3.mockwebserver.MockWebServer$3 execute
INFO: MockWebServer[49255] starting to accept connections
Jul 09, 2022 10:44:31 PM okhttp3.mockwebserver.MockWebServer$3 execute
INFO: MockWebServer[51849] starting to accept connections
Jul 09, 2022 10:44:31 PM okhttp3.mockwebserver.MockWebServer$4 processOneRequest
INFO: MockWebServer[51849] received request: GET / HTTP/1.1 and responded: HTTP/1.1 200 OK
Jul 09, 2022 10:44:31 PM okhttp3.mockwebserver.MockWebServer$4 processOneRequest
INFO: MockWebServer[51849] received request: GET / HTTP/1.1 and responded: HTTP/1.1 200 OK
Jul 09, 2022 10:44:31 PM okhttp3.mockwebserver.MockWebServer$3 acceptConnections
INFO: MockWebServer[51849] done accepting connections: Socket closed
Jul 09, 2022 10:44:32 PM okhttp3.mockwebserver.MockWebServer$3 acceptConnections
INFO: MockWebServer[49255] done accepting connections: Socket closed
Jul 09, 2022 10:44:32 PM okhttp3.mockwebserver.MockWebServer$3 execute
INFO: MockWebServer[45771] starting to accept connections
Jul 09, 2022 10:44:32 PM okhttp3.mockwebserver.MockWebServer$3 execute
INFO: MockWebServer[60197] starting to accept connections
Jul 09, 2022 10:44:32 PM okhttp3.mockwebserver.MockWebServer$4 processOneRequest
INFO: MockWebServer[60197] received request: GET / HTTP/1.1 and responded: HTTP/1.1 200 OK
Jul 09, 2022 10:44:32 PM okhttp3.mockwebserver.MockWebServer$4 processOneRequest
INFO: MockWebServer[60197] received request: GET / HTTP/1.1 and responded: HTTP/1.1 304 Redirection
Jul 09, 2022 10:44:32 PM okhttp3.mockwebserver.MockWebServer$3 acceptConnections
INFO: MockWebServer[60197] done accepting connections: Socket closed
Jul 09, 2022 10:44:32 PM okhttp3.mockwebserver.MockWebServer$3 acceptConnections
INFO: MockWebServer[45771] done accepting connections: Socket closed
Jul 09, 2022 10:44:32 PM okhttp3.mockwebserver.MockWebServer$3 execute
INFO: MockWebServer[47229] starting to accept connections
Jul 09, 2022 10:44:32 PM okhttp3.mockwebserver.MockWebServer$3 execute
INFO: MockWebServer[57211] starting to accept connections
Jul 09, 2022 10:44:32 PM okhttp3.mockwebserver.MockWebServer$4 processOneRequest
INFO: MockWebServer[57211] received request: GET / HTTP/1.1 and responded: HTTP/1.1 200 OK
Jul 09, 2022 10:44:32 PM okhttp3.mockwebserver.MockWebServer$4 processOneRequest
INFO: MockWebServer[57211] received request: DELETE / HTTP/1.1 and responded: HTTP/1.1 200 OK
Jul 09, 2022 10:44:32 PM okhttp3.mockwebserver.MockWebServer$4 processOneRequest
INFO: MockWebServer[57211] received request: GET / HTTP/1.1 and responded: HTTP/1.1 200 OK
Jul 09, 2022 10:44:32 PM okhttp3.mockwebserver.MockWebServer$3 acceptConnections
INFO: MockWebServer[57211] done accepting connections: Socket closed
Jul 09, 2022 10:44:32 PM okhttp3.mockwebserver.MockWebServer$3 acceptConnections
INFO: MockWebServer[47229] done accepting connections: Socket closed
Jul 09, 2022 10:44:32 PM okhttp3.mockwebserver.MockWebServer$3 execute
INFO: MockWebServer[58433] starting to accept connections
Jul 09, 2022 10:44:32 PM okhttp3.mockwebserver.MockWebServer$3 execute
INFO: MockWebServer[45025] starting to accept connections
Jul 09, 2022 10:44:32 PM okhttp3.mockwebserver.MockWebServer$4 processOneRequest
INFO: MockWebServer[45025] received request: GET / HTTP/1.1 and responded: HTTP/1.1 304 Redirection
Jul 09, 2022 10:44:32 PM okhttp3.mockwebserver.MockWebServer$3 acceptConnections
INFO: MockWebServer[45025] done accepting connections: Socket closed
Jul 09, 2022 10:44:32 PM okhttp3.mockwebserver.MockWebServer$3 acceptConnections
INFO: MockWebServer[58433] done accepting connections: Socket closed
Jul 09, 2022 10:44:32 PM okhttp3.mockwebserver.MockWebServer$3 execute
INFO: MockWebServer[41249] starting to accept connections
Jul 09, 2022 10:44:32 PM okhttp3.mockwebserver.MockWebServer$3 execute
INFO: MockWebServer[33831] starting to accept connections
Jul 09, 2022 10:44:32 PM okhttp3.mockwebserver.MockWebServer$4 processOneRequest
INFO: MockWebServer[33831] received request: GET / HTTP/1.1 and responded: HTTP/1.1 200 OK
Jul 09, 2022 10:44:32 PM okhttp3.mockwebserver.MockWebServer$4 processOneRequest
INFO: MockWebServer[33831] received request: GET / HTTP/1.1 and responded: HTTP/1.1 304 Redirection
Jul 09, 2022 10:44:32 PM okhttp3.mockwebserver.MockWebServer$3 acceptConnections
INFO: MockWebServer[33831] done accepting connections: Socket closed
Jul 09, 2022 10:44:32 PM okhttp3.mockwebserver.MockWebServer$3 acceptConnections
INFO: MockWebServer[41249] done accepting connections: Socket closed
Jul 09, 2022 10:44:32 PM okhttp3.mockwebserver.MockWebServer$3 execute
INFO: MockWebServer[47813] starting to accept connections
Jul 09, 2022 10:44:32 PM okhttp3.mockwebserver.MockWebServer$3 execute
INFO: MockWebServer[55787] starting to accept connections
Jul 09, 2022 10:44:32 PM okhttp3.mockwebserver.MockWebServer$4 processOneRequest
INFO: MockWebServer[55787] received request: GET / HTTP/1.1 and responded: HTTP/1.1 200 OK
Jul 09, 2022 10:44:32 PM okhttp3.mockwebserver.MockWebServer$3 acceptConnections
INFO: MockWebServer[55787] done accepting connections: Socket closed
Jul 09, 2022 10:44:32 PM okhttp3.mockwebserver.MockWebServer$3 acceptConnections
INFO: MockWebServer[47813] done accepting connections: Socket closed
Jul 09, 2022 10:44:32 PM okhttp3.mockwebserver.MockWebServer$3 execute
INFO: MockWebServer[52349] starting to accept connections
Jul 09, 2022 10:44:32 PM okhttp3.mockwebserver.MockWebServer$3 execute
INFO: MockWebServer[46733] starting to accept connections
Jul 09, 2022 10:44:32 PM okhttp3.mockwebserver.MockWebServer$4 processOneRequest
INFO: MockWebServer[46733] received request: GET /valid HTTP/1.1 and responded: HTTP/1.1 200 A-OK
Jul 09, 2022 10:44:32 PM okhttp3.mockwebserver.MockWebServer$4 processOneRequest
INFO: MockWebServer[46733] received request: GET /valid HTTP/1.1 and responded: HTTP/1.1 304 Redirection
Jul 09, 2022 10:44:32 PM okhttp3.mockwebserver.MockWebServer$4 processOneRequest
INFO: MockWebServer[46733] received request: GET /invalid HTTP/1.1 and responded: HTTP/1.1 200 B-OK
Jul 09, 2022 10:44:32 PM okhttp3.mockwebserver.MockWebServer$4 processOneRequest
INFO: MockWebServer[46733] received request: GET /invalid HTTP/1.1 and responded: HTTP/1.1 200 C-OK
Jul 09, 2022 10:44:32 PM okhttp3.mockwebserver.MockWebServer$3 acceptConnections
INFO: MockWebServer[46733] done accepting connections: Socket closed
Jul 09, 2022 10:44:32 PM okhttp3.mockwebserver.MockWebServer$3 acceptConnections
INFO: MockWebServer[52349] done accepting connections: Socket closed
Jul 09, 2022 10:44:32 PM okhttp3.mockwebserver.MockWebServer$3 execute
INFO: MockWebServer[58673] starting to accept connections
Jul 09, 2022 10:44:32 PM okhttp3.mockwebserver.MockWebServer$3 execute
INFO: MockWebServer[44609] starting to accept connections
Jul 09, 2022 10:44:32 PM okhttp3.mockwebserver.MockWebServer$4 processOneRequest
INFO: MockWebServer[44609] received request: GET / HTTP/1.1 and responded: HTTP/1.1 200 OK
Jul 09, 2022 10:44:32 PM okhttp3.mockwebserver.MockWebServer$4 processOneRequest
INFO: MockWebServer[44609] received request: GET / HTTP/1.1 and responded: HTTP/1.1 200 OK
Jul 09, 2022 10:44:32 PM okhttp3.mockwebserver.MockWebServer$3 acceptConnections
INFO: MockWebServer[44609] done accepting connections: Socket closed
Jul 09, 2022 10:44:32 PM okhttp3.mockwebserver.MockWebServer$3 acceptConnections
INFO: MockWebServer[58673] done accepting connections: Socket closed
Jul 09, 2022 10:44:32 PM okhttp3.mockwebserver.MockWebServer$3 execute
INFO: MockWebServer[38797] starting to accept connections
Jul 09, 2022 10:44:32 PM okhttp3.mockwebserver.MockWebServer$3 execute
INFO: MockWebServer[52463] starting to accept connections
Jul 09, 2022 10:44:32 PM okhttp3.mockwebserver.MockWebServer$4 processOneRequest
INFO: MockWebServer[52463] received request: GET / HTTP/1.1 and responded: HTTP/1.1 200 OK
Jul 09, 2022 10:44:32 PM okhttp3.mockwebserver.MockWebServer$4 processOneRequest
INFO: MockWebServer[52463] received request: GET / HTTP/1.1 and responded: HTTP/1.1 304 Redirection
Jul 09, 2022 10:44:32 PM okhttp3.mockwebserver.MockWebServer$3 acceptConnections
INFO: MockWebServer[52463] done accepting connections: Socket closed
Jul 09, 2022 10:44:32 PM okhttp3.mockwebserver.MockWebServer$3 acceptConnections
INFO: MockWebServer[38797] done accepting connections: Socket closed
Jul 09, 2022 10:44:32 PM okhttp3.mockwebserver.MockWebServer$3 execute
INFO: MockWebServer[58615] starting to accept connections
Jul 09, 2022 10:44:32 PM okhttp3.mockwebserver.MockWebServer$3 execute
INFO: MockWebServer[54529] starting to accept connections
Jul 09, 2022 10:44:32 PM okhttp3.mockwebserver.MockWebServer$4 processOneRequest
INFO: MockWebServer[54529] received request: GET / HTTP/1.1 and responded: HTTP/1.1 200 OK
Jul 09, 2022 10:44:32 PM okhttp3.mockwebserver.MockWebServer$4 processOneRequest
INFO: MockWebServer[54529] received request: GET / HTTP/1.1 and responded: HTTP/1.1 200 OK
Jul 09, 2022 10:44:32 PM okhttp3.mockwebserver.MockWebServer$4 processOneRequest
INFO: MockWebServer[54529] received request: GET / HTTP/1.1 and responded: HTTP/1.1 200 OK
Jul 09, 2022 10:44:32 PM okhttp3.mockwebserver.MockWebServer$3 acceptConnections
INFO: MockWebServer[54529] done accepting connections: Socket closed
Jul 09, 2022 10:44:32 PM okhttp3.mockwebserver.MockWebServer$3 acceptConnections
INFO: MockWebServer[58615] done accepting connections: Socket closed
Jul 09, 2022 10:44:32 PM okhttp3.mockwebserver.MockWebServer$3 execute
INFO: MockWebServer[59621] starting to accept connections
Jul 09, 2022 10:44:32 PM okhttp3.mockwebserver.MockWebServer$3 execute
INFO: MockWebServer[44489] starting to accept connections
Jul 09, 2022 10:44:32 PM okhttp3.mockwebserver.MockWebServer$4 processOneRequest
INFO: MockWebServer[44489] received request: GET /valid HTTP/1.1 and responded: HTTP/1.1 200 A-OK
Jul 09, 2022 10:44:32 PM okhttp3.mockwebserver.MockWebServer$4 processOneRequest
INFO: MockWebServer[44489] received request: GET /valid HTTP/1.1 and responded: HTTP/1.1 304 Redirection
Jul 09, 2022 10:44:32 PM okhttp3.mockwebserver.MockWebServer$4 processOneRequest
INFO: MockWebServer[44489] received request: GET /invalid HTTP/1.1 and responded: HTTP/1.1 200 B-OK
Jul 09, 2022 10:44:32 PM okhttp3.mockwebserver.MockWebServer$4 processOneRequest
INFO: MockWebServer[44489] received request: GET /invalid HTTP/1.1 and responded: HTTP/1.1 200 C-OK
Jul 09, 2022 10:44:32 PM okhttp3.mockwebserver.MockWebServer$3 acceptConnections
INFO: MockWebServer[44489] done accepting connections: Socket closed
Jul 09, 2022 10:44:32 PM okhttp3.mockwebserver.MockWebServer$3 acceptConnections
INFO: MockWebServer[59621] done accepting connections: Socket closed
Jul 09, 2022 10:44:32 PM okhttp3.mockwebserver.MockWebServer$3 execute
INFO: MockWebServer[51245] starting to accept connections
Jul 09, 2022 10:44:32 PM okhttp3.mockwebserver.MockWebServer$3 execute
INFO: MockWebServer[36691] starting to accept connections
Jul 09, 2022 10:44:32 PM okhttp3.mockwebserver.MockWebServer$4 processOneRequest
INFO: MockWebServer[36691] received request: GET / HTTP/1.1 and responded: HTTP/1.1 200 OK
Jul 09, 2022 10:44:32 PM okhttp3.mockwebserver.MockWebServer$3 acceptConnections
INFO: MockWebServer[36691] done accepting connections: Socket closed
Jul 09, 2022 10:44:32 PM okhttp3.mockwebserver.MockWebServer$3 acceptConnections
INFO: MockWebServer[51245] done accepting connections: Socket closed
Jul 09, 2022 10:44:32 PM okhttp3.mockwebserver.MockWebServer$3 execute
INFO: MockWebServer[43093] starting to accept connections
Jul 09, 2022 10:44:32 PM okhttp3.mockwebserver.MockWebServer$3 execute
INFO: MockWebServer[51237] starting to accept connections
Jul 09, 2022 10:44:32 PM okhttp3.mockwebserver.MockWebServer$4 processOneRequest
INFO: MockWebServer[51237] received request: GET / HTTP/1.1 and responded: HTTP/1.1 206 OK
Jul 09, 2022 10:44:32 PM okhttp3.mockwebserver.MockWebServer$4 processOneRequest
INFO: MockWebServer[51237] received request: GET / HTTP/1.1 and responded: HTTP/1.1 200 OK
Jul 09, 2022 10:44:32 PM okhttp3.mockwebserver.MockWebServer$3 acceptConnections
INFO: MockWebServer[51237] done accepting connections: Socket closed
Jul 09, 2022 10:44:32 PM okhttp3.mockwebserver.MockWebServer$3 acceptConnections
INFO: MockWebServer[43093] done accepting connections: Socket closed
Jul 09, 2022 10:44:32 PM okhttp3.mockwebserver.MockWebServer$3 execute
INFO: MockWebServer[49939] starting to accept connections
Jul 09, 2022 10:44:32 PM okhttp3.mockwebserver.MockWebServer$3 execute
INFO: MockWebServer[37337] starting to accept connections
Jul 09, 2022 10:44:32 PM okhttp3.mockwebserver.MockWebServer$4 processOneRequest
INFO: MockWebServer[37337] received request: OPTIONS / HTTP/1.1 and responded: HTTP/1.1 200 OK
Jul 09, 2022 10:44:32 PM okhttp3.mockwebserver.MockWebServer$4 processOneRequest
INFO: MockWebServer[37337] received request: GET / HTTP/1.1 and responded: HTTP/1.1 200 OK
Jul 09, 2022 10:44:32 PM okhttp3.mockwebserver.MockWebServer$3 acceptConnections
INFO: MockWebServer[37337] done accepting connections: Socket closed
Jul 09, 2022 10:44:32 PM okhttp3.mockwebserver.MockWebServer$3 acceptConnections
INFO: MockWebServer[49939] done accepting connections: Socket closed
Jul 09, 2022 10:44:32 PM okhttp3.mockwebserver.MockWebServer$3 execute
INFO: MockWebServer[40225] starting to accept connections
Jul 09, 2022 10:44:32 PM okhttp3.mockwebserver.MockWebServer$3 execute
INFO: MockWebServer[42809] starting to accept connections
Jul 09, 2022 10:44:32 PM okhttp3.mockwebserver.MockWebServer$4 processOneRequest
INFO: MockWebServer[42809] received request: GET /foo HTTP/1.1 and responded: HTTP/1.1 200 OK
Jul 09, 2022 10:44:32 PM okhttp3.mockwebserver.MockWebServer$4 processOneRequest
INFO: MockWebServer[42809] received request: GET /bar HTTP/1.1 and responded: HTTP/1.1 301 Redirection
Jul 09, 2022 10:44:32 PM okhttp3.mockwebserver.MockWebServer$4 processOneRequest
INFO: MockWebServer[42809] received request: GET /baz HTTP/1.1 and responded: HTTP/1.1 200 OK
Jul 09, 2022 10:44:32 PM okhttp3.mockwebserver.MockWebServer$3 acceptConnections
INFO: MockWebServer[42809] done accepting connections: Socket closed
Jul 09, 2022 10:44:32 PM okhttp3.mockwebserver.MockWebServer$3 acceptConnections
INFO: MockWebServer[40225] done accepting connections: Socket closed
Jul 09, 2022 10:44:32 PM okhttp3.mockwebserver.MockWebServer$3 execute
INFO: MockWebServer[44709] starting to accept connections
Jul 09, 2022 10:44:32 PM okhttp3.mockwebserver.MockWebServer$3 execute
INFO: MockWebServer[59255] starting to accept connections
Jul 09, 2022 10:44:32 PM okhttp3.mockwebserver.MockWebServer$4 processOneRequest
INFO: MockWebServer[59255] received request: GET / HTTP/1.1 and responded: HTTP/1.1 200 OK
Jul 09, 2022 10:44:32 PM okhttp3.mockwebserver.MockWebServer$4 processConnection
WARNING: MockWebServer[59255] connection from /127.0.0.1 didn't make a request
Jul 09, 2022 10:44:32 PM okhttp3.mockwebserver.MockWebServer$4 processOneRequest
INFO: MockWebServer[59255] received request: GET / HTTP/1.1 and responded: HTTP/1.1 200 OK
Jul 09, 2022 10:44:32 PM okhttp3.mockwebserver.MockWebServer$3 acceptConnections
INFO: MockWebServer[59255] done accepting connections: Socket closed
Jul 09, 2022 10:44:32 PM okhttp3.mockwebserver.MockWebServer$3 acceptConnections
INFO: MockWebServer[44709] done accepting connections: Socket closed
Jul 09, 2022 10:44:32 PM okhttp3.mockwebserver.MockWebServer$3 execute
INFO: MockWebServer[57579] starting to accept connections
Jul 09, 2022 10:44:32 PM okhttp3.mockwebserver.MockWebServer$3 execute
INFO: MockWebServer[34757] starting to accept connections
Jul 09, 2022 10:44:32 PM okhttp3.mockwebserver.MockWebServer$4 processOneRequest
INFO: MockWebServer[34757] received request: GET / HTTP/1.1 and responded: HTTP/1.1 200 OK
Jul 09, 2022 10:44:32 PM okhttp3.mockwebserver.MockWebServer$3 acceptConnections
INFO: MockWebServer[34757] done accepting connections: Socket closed
Jul 09, 2022 10:44:32 PM okhttp3.mockwebserver.MockWebServer$3 acceptConnections
INFO: MockWebServer[57579] done accepting connections: Socket closed
Jul 09, 2022 10:44:32 PM okhttp3.mockwebserver.MockWebServer$3 execute
INFO: MockWebServer[44007] starting to accept connections
Jul 09, 2022 10:44:32 PM okhttp3.mockwebserver.MockWebServer$3 execute
INFO: MockWebServer[53611] starting to accept connections
Jul 09, 2022 10:44:32 PM okhttp3.mockwebserver.MockWebServer$4 processOneRequest
INFO: MockWebServer[53611] received request: GET / HTTP/1.1 and responded: HTTP/1.1 200 OK
Jul 09, 2022 10:44:32 PM okhttp3.mockwebserver.MockWebServer$4 processOneRequest
INFO: MockWebServer[53611] received request: GET / HTTP/1.1 and responded: HTTP/1.1 200 OK
Jul 09, 2022 10:44:32 PM okhttp3.mockwebserver.MockWebServer$3 acceptConnections
INFO: MockWebServer[53611] done accepting connections: Socket closed
Jul 09, 2022 10:44:32 PM okhttp3.mockwebserver.MockWebServer$3 acceptConnections
INFO: MockWebServer[44007] done accepting connections: Socket closed
Jul 09, 2022 10:44:32 PM okhttp3.mockwebserver.MockWebServer$3 execute
INFO: MockWebServer[55529] starting to accept connections
Jul 09, 2022 10:44:32 PM okhttp3.mockwebserver.MockWebServer$3 execute
INFO: MockWebServer[42955] starting to accept connections
Jul 09, 2022 10:44:32 PM okhttp3.mockwebserver.MockWebServer$3 acceptConnections
INFO: MockWebServer[42955] done accepting connections: Socket closed
Jul 09, 2022 10:44:32 PM okhttp3.mockwebserver.MockWebServer$3 acceptConnections
INFO: MockWebServer[55529] done accepting connections: Socket closed
Jul 09, 2022 10:44:32 PM okhttp3.mockwebserver.MockWebServer$3 execute
INFO: MockWebServer[56697] starting to accept connections
Jul 09, 2022 10:44:32 PM okhttp3.mockwebserver.MockWebServer$3 execute
INFO: MockWebServer[53833] starting to accept connections
Jul 09, 2022 10:44:32 PM okhttp3.mockwebserver.MockWebServer$4 processOneRequest
INFO: MockWebServer[53833] received request: GET /valid HTTP/1.1 and responded: HTTP/1.1 200 A-OK
Jul 09, 2022 10:44:32 PM okhttp3.mockwebserver.MockWebServer$4 processOneRequest
INFO: MockWebServer[53833] received request: GET /valid HTTP/1.1 and responded: HTTP/1.1 304 Redirection
Jul 09, 2022 10:44:32 PM okhttp3.mockwebserver.MockWebServer$4 processOneRequest
INFO: MockWebServer[53833] received request: GET /invalid HTTP/1.1 and responded: HTTP/1.1 200 B-OK
Jul 09, 2022 10:44:32 PM okhttp3.mockwebserver.MockWebServer$4 processOneRequest
INFO: MockWebServer[53833] received request: GET /invalid HTTP/1.1 and responded: HTTP/1.1 200 C-OK
Jul 09, 2022 10:44:33 PM okhttp3.mockwebserver.MockWebServer$3 acceptConnections
INFO: MockWebServer[53833] done accepting connections: Socket closed
Jul 09, 2022 10:44:33 PM okhttp3.mockwebserver.MockWebServer$3 acceptConnections
INFO: MockWebServer[56697] done accepting connections: Socket closed
Jul 09, 2022 10:44:33 PM okhttp3.mockwebserver.MockWebServer$3 execute
INFO: MockWebServer[54103] starting to accept connections
Jul 09, 2022 10:44:33 PM okhttp3.mockwebserver.MockWebServer$3 execute
INFO: MockWebServer[35193] starting to accept connections
Jul 09, 2022 10:44:33 PM okhttp3.mockwebserver.MockWebServer$3 execute
INFO: MockWebServer[37521] starting to accept connections
Jul 09, 2022 10:44:33 PM okhttp3.mockwebserver.MockWebServer$4 processOneRequest
INFO: MockWebServer[37521] received request: GET / HTTP/1.1 and responded: HTTP/1.1 101 Informational
Jul 09, 2022 10:44:33 PM okhttp3.mockwebserver.MockWebServer$3 acceptConnections
INFO: MockWebServer[37521] done accepting connections: Socket closed
Jul 09, 2022 10:44:33 PM okhttp3.mockwebserver.MockWebServer$3 execute
INFO: MockWebServer[45631] starting to accept connections
Jul 09, 2022 10:44:33 PM okhttp3.mockwebserver.MockWebServer$4 processOneRequest
INFO: MockWebServer[45631] received request: GET / HTTP/1.1 and responded: HTTP/1.1 102 Informational
Jul 09, 2022 10:44:33 PM okhttp3.mockwebserver.MockWebServer$3 acceptConnections
INFO: MockWebServer[45631] done accepting connections: Socket closed
Jul 09, 2022 10:44:33 PM okhttp3.mockwebserver.MockWebServer$3 execute
INFO: MockWebServer[52983] starting to accept connections
Jul 09, 2022 10:44:33 PM okhttp3.mockwebserver.MockWebServer$4 processOneRequest
INFO: MockWebServer[52983] received request: GET / HTTP/1.1 and responded: HTTP/1.1 200 OK
Jul 09, 2022 10:44:33 PM okhttp3.mockwebserver.MockWebServer$3 acceptConnections
INFO: MockWebServer[52983] done accepting connections: Socket closed
Jul 09, 2022 10:44:33 PM okhttp3.mockwebserver.MockWebServer$3 execute
INFO: MockWebServer[60191] starting to accept connections
Jul 09, 2022 10:44:33 PM okhttp3.mockwebserver.MockWebServer$4 processOneRequest
INFO: MockWebServer[60191] received request: GET / HTTP/1.1 and responded: HTTP/1.1 201 OK
Jul 09, 2022 10:44:33 PM okhttp3.mockwebserver.MockWebServer$3 acceptConnections
INFO: MockWebServer[60191] done accepting connections: Socket closed
Jul 09, 2022 10:44:33 PM okhttp3.mockwebserver.MockWebServer$3 execute
INFO: MockWebServer[36763] starting to accept connections
Jul 09, 2022 10:44:33 PM okhttp3.mockwebserver.MockWebServer$4 processOneRequest
INFO: MockWebServer[36763] received request: GET / HTTP/1.1 and responded: HTTP/1.1 202 OK
Jul 09, 2022 10:44:33 PM okhttp3.mockwebserver.MockWebServer$3 acceptConnections
INFO: MockWebServer[36763] done accepting connections: Socket closed
Jul 09, 2022 10:44:33 PM okhttp3.mockwebserver.MockWebServer$3 execute
INFO: MockWebServer[35881] starting to accept connections
Jul 09, 2022 10:44:33 PM okhttp3.mockwebserver.MockWebServer$4 processOneRequest
INFO: MockWebServer[35881] received request: GET / HTTP/1.1 and responded: HTTP/1.1 203 OK
Jul 09, 2022 10:44:33 PM okhttp3.mockwebserver.MockWebServer$3 acceptConnections
INFO: MockWebServer[35881] done accepting connections: Socket closed
Jul 09, 2022 10:44:33 PM okhttp3.mockwebserver.MockWebServer$3 execute
INFO: MockWebServer[59159] starting to accept connections
Jul 09, 2022 10:44:33 PM okhttp3.mockwebserver.MockWebServer$4 processOneRequest
INFO: MockWebServer[59159] received request: GET / HTTP/1.1 and responded: HTTP/1.1 204 OK
Jul 09, 2022 10:44:33 PM okhttp3.mockwebserver.MockWebServer$3 acceptConnections
INFO: MockWebServer[35193] done accepting connections: Socket closed
Jul 09, 2022 10:44:33 PM okhttp3.mockwebserver.MockWebServer$3 acceptConnections
INFO: MockWebServer[54103] done accepting connections: Socket closed
Jul 09, 2022 10:44:33 PM okhttp3.mockwebserver.MockWebServer$3 execute
INFO: MockWebServer[35457] starting to accept connections
Jul 09, 2022 10:44:33 PM okhttp3.mockwebserver.MockWebServer$3 execute
INFO: MockWebServer[55941] starting to accept connections
Jul 09, 2022 10:44:33 PM okhttp3.mockwebserver.MockWebServer$4 processOneRequest
INFO: MockWebServer[55941] received request: GET / HTTP/1.1 and responded: HTTP/1.1 200 OK
Jul 09, 2022 10:44:33 PM okhttp3.mockwebserver.MockWebServer$4 processConnection
WARNING: MockWebServer[55941] connection from /127.0.0.1 didn't make a request
Jul 09, 2022 10:44:33 PM okhttp3.mockwebserver.MockWebServer$4 processOneRequest
INFO: MockWebServer[55941] received request: GET / HTTP/1.1 and responded: HTTP/1.1 200 OK
Jul 09, 2022 10:44:33 PM okhttp3.mockwebserver.MockWebServer$3 acceptConnections
INFO: MockWebServer[55941] done accepting connections: Socket closed
Jul 09, 2022 10:44:33 PM okhttp3.mockwebserver.MockWebServer$3 acceptConnections
INFO: MockWebServer[35457] done accepting connections: Socket closed
Jul 09, 2022 10:44:33 PM okhttp3.mockwebserver.MockWebServer$3 execute
INFO: MockWebServer[37433] starting to accept connections
Jul 09, 2022 10:44:33 PM okhttp3.mockwebserver.MockWebServer$3 execute
INFO: MockWebServer[54407] starting to accept connections
Jul 09, 2022 10:44:33 PM okhttp3.mockwebserver.MockWebServer$4 processOneRequest
INFO: MockWebServer[54407] received request: GET / HTTP/1.1 and responded: HTTP/1.1 200 OK
Jul 09, 2022 10:44:33 PM okhttp3.mockwebserver.MockWebServer$3 acceptConnections
INFO: MockWebServer[54407] done accepting connections: Socket closed
Jul 09, 2022 10:44:33 PM okhttp3.mockwebserver.MockWebServer$3 acceptConnections
INFO: MockWebServer[37433] done accepting connections: Socket closed
Jul 09, 2022 10:44:33 PM okhttp3.mockwebserver.MockWebServer$3 execute
INFO: MockWebServer[38733] starting to accept connections
Jul 09, 2022 10:44:33 PM okhttp3.mockwebserver.MockWebServer$3 execute
INFO: MockWebServer[39147] starting to accept connections
Jul 09, 2022 10:44:33 PM okhttp3.mockwebserver.MockWebServer$4 processOneRequest
INFO: MockWebServer[39147] received request: TRACE / HTTP/1.1 and responded: HTTP/1.1 200 OK
Jul 09, 2022 10:44:33 PM okhttp3.mockwebserver.MockWebServer$4 processOneRequest
INFO: MockWebServer[39147] received request: GET / HTTP/1.1 and responded: HTTP/1.1 200 OK
Jul 09, 2022 10:44:33 PM okhttp3.mockwebserver.MockWebServer$3 acceptConnections
INFO: MockWebServer[39147] done accepting connections: Socket closed
Jul 09, 2022 10:44:33 PM okhttp3.mockwebserver.MockWebServer$3 acceptConnections
INFO: MockWebServer[38733] done accepting connections: Socket closed
Jul 09, 2022 10:44:33 PM okhttp3.mockwebserver.MockWebServer$3 execute
INFO: MockWebServer[49633] starting to accept connections
Jul 09, 2022 10:44:33 PM okhttp3.mockwebserver.MockWebServer$3 execute
INFO: MockWebServer[46717] starting to accept connections
Jul 09, 2022 10:44:33 PM okhttp3.mockwebserver.MockWebServer$4 processOneRequest
INFO: MockWebServer[46717] received request: DELETE / HTTP/1.1 and responded: HTTP/1.1 200 OK
Jul 09, 2022 10:44:33 PM okhttp3.mockwebserver.MockWebServer$4 processOneRequest
INFO: MockWebServer[46717] received request: GET / HTTP/1.1 and responded: HTTP/1.1 200 OK
Jul 09, 2022 10:44:33 PM okhttp3.mockwebserver.MockWebServer$3 acceptConnections
INFO: MockWebServer[46717] done accepting connections: Socket closed
Jul 09, 2022 10:44:33 PM okhttp3.mockwebserver.MockWebServer$3 acceptConnections
INFO: MockWebServer[49633] done accepting connections: Socket closed
Jul 09, 2022 10:44:33 PM okhttp3.mockwebserver.MockWebServer$3 execute
INFO: MockWebServer[57993] starting to accept connections
Jul 09, 2022 10:44:33 PM okhttp3.mockwebserver.MockWebServer$3 execute
INFO: MockWebServer[37901] starting to accept connections
Jul 09, 2022 10:44:33 PM okhttp3.mockwebserver.MockWebServer$4 processOneRequest
INFO: MockWebServer[37901] received request: GET / HTTP/1.1 and responded: HTTP/1.1 200 OK
Jul 09, 2022 10:44:33 PM okhttp3.mockwebserver.MockWebServer$3 acceptConnections
INFO: MockWebServer[37901] done accepting connections: Socket closed
Jul 09, 2022 10:44:33 PM okhttp3.mockwebserver.MockWebServer$3 acceptConnections
INFO: MockWebServer[57993] done accepting connections: Socket closed
Jul 09, 2022 10:44:33 PM okhttp3.mockwebserver.MockWebServer$3 execute
INFO: MockWebServer[43905] starting to accept connections
Jul 09, 2022 10:44:33 PM okhttp3.mockwebserver.MockWebServer$3 execute
INFO: MockWebServer[50329] starting to accept connections
Jul 09, 2022 10:44:33 PM okhttp3.mockwebserver.MockWebServer$4 processOneRequest
INFO: MockWebServer[50329] received request: GET / HTTP/1.1 and responded: HTTP/1.1 200 OK
Jul 09, 2022 10:44:33 PM okhttp3.mockwebserver.MockWebServer$4 processOneRequest
INFO: MockWebServer[50329] received request: GET / HTTP/1.1 and responded: HTTP/1.1 304 Redirection
Jul 09, 2022 10:44:33 PM okhttp3.mockwebserver.MockWebServer$3 acceptConnections
INFO: MockWebServer[50329] done accepting connections: Socket closed
Jul 09, 2022 10:44:33 PM okhttp3.mockwebserver.MockWebServer$3 acceptConnections
INFO: MockWebServer[43905] done accepting connections: Socket closed
Jul 09, 2022 10:44:33 PM okhttp3.mockwebserver.MockWebServer$3 execute
INFO: MockWebServer[34723] starting to accept connections
Jul 09, 2022 10:44:33 PM okhttp3.mockwebserver.MockWebServer$3 execute
INFO: MockWebServer[50517] starting to accept connections
Jul 09, 2022 10:44:33 PM okhttp3.mockwebserver.MockWebServer$4 processOneRequest
INFO: MockWebServer[50517] received request: GET /valid HTTP/1.1 and responded: HTTP/1.1 200 A-OK
Jul 09, 2022 10:44:33 PM okhttp3.mockwebserver.MockWebServer$4 processOneRequest
INFO: MockWebServer[50517] received request: GET /valid HTTP/1.1 and responded: HTTP/1.1 304 Redirection
Jul 09, 2022 10:44:33 PM okhttp3.mockwebserver.MockWebServer$4 processOneRequest
INFO: MockWebServer[50517] received request: GET /invalid HTTP/1.1 and responded: HTTP/1.1 200 B-OK
Jul 09, 2022 10:44:33 PM okhttp3.mockwebserver.MockWebServer$4 processOneRequest
INFO: MockWebServer[50517] received request: GET /invalid HTTP/1.1 and responded: HTTP/1.1 200 C-OK
Jul 09, 2022 10:44:33 PM okhttp3.mockwebserver.MockWebServer$3 acceptConnections
INFO: MockWebServer[50517] done accepting connections: Socket closed
Jul 09, 2022 10:44:33 PM okhttp3.mockwebserver.MockWebServer$3 acceptConnections
INFO: MockWebServer[34723] done accepting connections: Socket closed
Jul 09, 2022 10:44:33 PM okhttp3.mockwebserver.MockWebServer$3 execute
INFO: MockWebServer[56219] starting to accept connections
Jul 09, 2022 10:44:33 PM okhttp3.mockwebserver.MockWebServer$3 execute
INFO: MockWebServer[34615] starting to accept connections
Jul 09, 2022 10:44:33 PM okhttp3.mockwebserver.MockWebServer$4 processOneRequest
INFO: MockWebServer[34615] received request: GET / HTTP/1.1 and responded: HTTP/1.1 200 OK
Jul 09, 2022 10:44:33 PM okhttp3.mockwebserver.MockWebServer$3 acceptConnections
INFO: MockWebServer[34615] done accepting connections: Socket closed
Jul 09, 2022 10:44:33 PM okhttp3.mockwebserver.MockWebServer$3 acceptConnections
INFO: MockWebServer[56219] done accepting connections: Socket closed
Jul 09, 2022 10:44:33 PM okhttp3.mockwebserver.MockWebServer$3 execute
INFO: MockWebServer[47081] starting to accept connections
Jul 09, 2022 10:44:33 PM okhttp3.mockwebserver.MockWebServer$3 execute
INFO: MockWebServer[43267] starting to accept connections
Jul 09, 2022 10:44:33 PM okhttp3.mockwebserver.MockWebServer$4 processOneRequest
INFO: MockWebServer[43267] received request: GET / HTTP/1.1 and responded: HTTP/1.1 200 Fantastic
Jul 09, 2022 10:44:33 PM okhttp3.mockwebserver.MockWebServer$3 acceptConnections
INFO: MockWebServer[43267] done accepting connections: Socket closed
Jul 09, 2022 10:44:33 PM okhttp3.mockwebserver.MockWebServer$3 acceptConnections
INFO: MockWebServer[47081] done accepting connections: Socket closed
Jul 09, 2022 10:44:33 PM okhttp3.mockwebserver.MockWebServer$3 execute
INFO: MockWebServer[38557] starting to accept connections
Jul 09, 2022 10:44:33 PM okhttp3.mockwebserver.MockWebServer$3 execute
INFO: MockWebServer[53061] starting to accept connections
Jul 09, 2022 10:44:33 PM okhttp3.mockwebserver.MockWebServer$4 processOneRequest
INFO: MockWebServer[53061] received request: GET / HTTP/1.1 and responded: HTTP/1.1 301 Redirection
Jul 09, 2022 10:44:33 PM okhttp3.mockwebserver.MockWebServer$4 processOneRequest
INFO: MockWebServer[53061] received request: GET /foo HTTP/1.1 and responded: HTTP/1.1 200 OK
Jul 09, 2022 10:44:33 PM okhttp3.mockwebserver.MockWebServer$3 acceptConnections
INFO: MockWebServer[53061] done accepting connections: Socket closed
Jul 09, 2022 10:44:33 PM okhttp3.mockwebserver.MockWebServer$3 acceptConnections
INFO: MockWebServer[38557] done accepting connections: Socket closed
Jul 09, 2022 10:44:33 PM okhttp3.mockwebserver.MockWebServer$3 execute
INFO: MockWebServer[38535] starting to accept connections
Jul 09, 2022 10:44:33 PM okhttp3.mockwebserver.MockWebServer$3 execute
INFO: MockWebServer[51143] starting to accept connections
Jul 09, 2022 10:44:33 PM okhttp3.mockwebserver.MockWebServer$4 processOneRequest
INFO: MockWebServer[51143] received request: GET / HTTP/1.1 and responded: HTTP/1.1 200 OK
Jul 09, 2022 10:44:33 PM okhttp3.mockwebserver.MockWebServer$3 acceptConnections
INFO: MockWebServer[51143] done accepting connections: Socket closed
Jul 09, 2022 10:44:33 PM okhttp3.mockwebserver.MockWebServer$3 acceptConnections
INFO: MockWebServer[38535] done accepting connections: Socket closed
Jul 09, 2022 10:44:33 PM okhttp3.mockwebserver.MockWebServer$3 execute
INFO: MockWebServer[41637] starting to accept connections
Jul 09, 2022 10:44:33 PM okhttp3.mockwebserver.MockWebServer$3 execute
INFO: MockWebServer[45743] starting to accept connections
Jul 09, 2022 10:44:33 PM okhttp3.mockwebserver.MockWebServer$4 processOneRequest
INFO: MockWebServer[45743] received request: GET / HTTP/1.1 and responded: HTTP/1.1 200 OK
Jul 09, 2022 10:44:33 PM okhttp3.mockwebserver.MockWebServer$3 acceptConnections
INFO: MockWebServer[45743] done accepting connections: Socket closed
Jul 09, 2022 10:44:33 PM okhttp3.mockwebserver.MockWebServer$3 acceptConnections
INFO: MockWebServer[41637] done accepting connections: Socket closed
Jul 09, 2022 10:44:33 PM okhttp3.mockwebserver.MockWebServer$3 execute
INFO: MockWebServer[42559] starting to accept connections
Jul 09, 2022 10:44:33 PM okhttp3.mockwebserver.MockWebServer$3 execute
INFO: MockWebServer[60353] starting to accept connections
Jul 09, 2022 10:44:33 PM okhttp3.mockwebserver.MockWebServer$4 processOneRequest
INFO: MockWebServer[60353] received request: GET / HTTP/1.1 and responded: HTTP/1.1 200 OK
Jul 09, 2022 10:44:33 PM okhttp3.mockwebserver.MockWebServer$3 acceptConnections
INFO: MockWebServer[60353] done accepting connections: Socket closed
Jul 09, 2022 10:44:33 PM okhttp3.mockwebserver.MockWebServer$3 acceptConnections
INFO: MockWebServer[42559] done accepting connections: Socket closed
Jul 09, 2022 10:44:33 PM okhttp3.mockwebserver.MockWebServer$3 execute
INFO: MockWebServer[34853] starting to accept connections
Jul 09, 2022 10:44:33 PM okhttp3.mockwebserver.MockWebServer$3 execute
INFO: MockWebServer[41263] starting to accept connections
Jul 09, 2022 10:44:33 PM okhttp3.mockwebserver.MockWebServer$4 processOneRequest
INFO: MockWebServer[41263] received request: GET / HTTP/1.1 and responded: HTTP/1.1 200 OK
Jul 09, 2022 10:44:33 PM okhttp3.mockwebserver.MockWebServer$4 processOneRequest
INFO: MockWebServer[41263] received request: POST / HTTP/1.1 and responded: HTTP/1.1 500 Server Error
Jul 09, 2022 10:44:33 PM okhttp3.mockwebserver.MockWebServer$4 processOneRequest
INFO: MockWebServer[41263] received request: GET / HTTP/1.1 and responded: HTTP/1.1 200 OK
Jul 09, 2022 10:44:33 PM okhttp3.mockwebserver.MockWebServer$3 acceptConnections
INFO: MockWebServer[41263] done accepting connections: Socket closed
Jul 09, 2022 10:44:33 PM okhttp3.mockwebserver.MockWebServer$3 acceptConnections
INFO: MockWebServer[34853] done accepting connections: Socket closed
Jul 09, 2022 10:44:33 PM okhttp3.mockwebserver.MockWebServer$3 execute
INFO: MockWebServer[50033] starting to accept connections
Jul 09, 2022 10:44:33 PM okhttp3.mockwebserver.MockWebServer$3 execute
INFO: MockWebServer[59837] starting to accept connections
Jul 09, 2022 10:44:33 PM okhttp3.mockwebserver.MockWebServer$4 processOneRequest
INFO: MockWebServer[59837] received request: GET / HTTP/1.1 and responded: HTTP/1.1 200 OK
Jul 09, 2022 10:44:33 PM okhttp3.mockwebserver.MockWebServer$3 acceptConnections
INFO: MockWebServer[59837] done accepting connections: Socket closed
Jul 09, 2022 10:44:33 PM okhttp3.mockwebserver.MockWebServer$3 acceptConnections
INFO: MockWebServer[50033] done accepting connections: Socket closed
Jul 09, 2022 10:44:33 PM okhttp3.mockwebserver.MockWebServer$3 execute
INFO: MockWebServer[47989] starting to accept connections
Jul 09, 2022 10:44:33 PM okhttp3.mockwebserver.MockWebServer$3 execute
INFO: MockWebServer[58849] starting to accept connections
Jul 09, 2022 10:44:33 PM okhttp3.mockwebserver.MockWebServer$4 processOneRequest
INFO: MockWebServer[58849] received request: GET / HTTP/1.1 and responded: HTTP/1.1 301 Redirection
Jul 09, 2022 10:44:33 PM okhttp3.mockwebserver.MockWebServer$4 processOneRequest
INFO: MockWebServer[58849] received request: GET /foo HTTP/1.1 and responded: HTTP/1.1 200 OK
Jul 09, 2022 10:44:33 PM okhttp3.mockwebserver.MockWebServer$3 acceptConnections
INFO: MockWebServer[58849] done accepting connections: Socket closed
Jul 09, 2022 10:44:33 PM okhttp3.mockwebserver.MockWebServer$3 acceptConnections
INFO: MockWebServer[47989] done accepting connections: Socket closed
Jul 09, 2022 10:44:33 PM okhttp3.mockwebserver.MockWebServer$3 execute
INFO: MockWebServer[57129] starting to accept connections
Jul 09, 2022 10:44:33 PM okhttp3.mockwebserver.MockWebServer$3 execute
INFO: MockWebServer[39671] starting to accept connections
Jul 09, 2022 10:44:33 PM okhttp3.mockwebserver.MockWebServer$4 processOneRequest
INFO: MockWebServer[39671] received request: GET /valid HTTP/1.1 and responded: HTTP/1.1 200 A-OK
Jul 09, 2022 10:44:33 PM okhttp3.mockwebserver.MockWebServer$4 processOneRequest
INFO: MockWebServer[39671] received request: GET /valid HTTP/1.1 and responded: HTTP/1.1 304 Redirection
Jul 09, 2022 10:44:33 PM okhttp3.mockwebserver.MockWebServer$4 processOneRequest
INFO: MockWebServer[39671] received request: GET /invalid HTTP/1.1 and responded: HTTP/1.1 200 B-OK
Jul 09, 2022 10:44:33 PM okhttp3.mockwebserver.MockWebServer$4 processOneRequest
INFO: MockWebServer[39671] received request: GET /invalid HTTP/1.1 and responded: HTTP/1.1 200 C-OK
Jul 09, 2022 10:44:33 PM okhttp3.mockwebserver.MockWebServer$3 acceptConnections
INFO: MockWebServer[39671] done accepting connections: Socket closed
Jul 09, 2022 10:44:33 PM okhttp3.mockwebserver.MockWebServer$3 acceptConnections
INFO: MockWebServer[57129] done accepting connections: Socket closed
Jul 09, 2022 10:44:33 PM okhttp3.mockwebserver.MockWebServer$3 execute
INFO: MockWebServer[50861] starting to accept connections
Jul 09, 2022 10:44:33 PM okhttp3.mockwebserver.MockWebServer$3 execute
INFO: MockWebServer[50361] starting to accept connections
Jul 09, 2022 10:44:33 PM okhttp3.mockwebserver.MockWebServer$4 processOneRequest
INFO: MockWebServer[50361] received request: GET / HTTP/1.1 and responded: HTTP/1.1 200 OK
Jul 09, 2022 10:44:33 PM okhttp3.mockwebserver.MockWebServer$3 acceptConnections
INFO: MockWebServer[50361] done accepting connections: Socket closed
Jul 09, 2022 10:44:33 PM okhttp3.mockwebserver.MockWebServer$3 acceptConnections
INFO: MockWebServer[50861] done accepting connections: Socket closed
Jul 09, 2022 10:44:33 PM okhttp3.mockwebserver.MockWebServer$3 execute
INFO: MockWebServer[40311] starting to accept connections
Jul 09, 2022 10:44:33 PM okhttp3.mockwebserver.MockWebServer$3 execute
INFO: MockWebServer[60681] starting to accept connections
Jul 09, 2022 10:44:33 PM okhttp3.mockwebserver.MockWebServer$4 processOneRequest
INFO: MockWebServer[60681] received request: GET / HTTP/1.1 and responded: HTTP/1.1 200 OK
Jul 09, 2022 10:44:33 PM okhttp3.mockwebserver.MockWebServer$4 processOneRequest
INFO: MockWebServer[60681] received request: GET / HTTP/1.1 and responded: HTTP/1.1 304 Redirection
Jul 09, 2022 10:44:33 PM okhttp3.mockwebserver.MockWebServer$3 acceptConnections
INFO: MockWebServer[60681] done accepting connections: Socket closed
Jul 09, 2022 10:44:33 PM okhttp3.mockwebserver.MockWebServer$3 acceptConnections
INFO: MockWebServer[40311] done accepting connections: Socket closed
Jul 09, 2022 10:44:33 PM okhttp3.mockwebserver.MockWebServer$3 execute
INFO: MockWebServer[45803] starting to accept connections
Jul 09, 2022 10:44:33 PM okhttp3.mockwebserver.MockWebServer$3 execute
INFO: MockWebServer[36043] starting to accept connections
Jul 09, 2022 10:44:33 PM okhttp3.mockwebserver.MockWebServer$4 processOneRequest
INFO: MockWebServer[36043] received request: GET / HTTP/1.1 and responded: HTTP/1.1 200 OK
Jul 09, 2022 10:44:33 PM okhttp3.mockwebserver.MockWebServer$3 acceptConnections
INFO: MockWebServer[36043] done accepting connections: Socket closed
Jul 09, 2022 10:44:33 PM okhttp3.mockwebserver.MockWebServer$3 acceptConnections
INFO: MockWebServer[45803] done accepting connections: Socket closed
Jul 09, 2022 10:44:33 PM okhttp3.mockwebserver.MockWebServer$3 execute
INFO: MockWebServer[52169] starting to accept connections
Jul 09, 2022 10:44:33 PM okhttp3.mockwebserver.MockWebServer$3 execute
INFO: MockWebServer[45853] starting to accept connections
Jul 09, 2022 10:44:33 PM okhttp3.mockwebserver.MockWebServer$4 processOneRequest
INFO: MockWebServer[45853] received request: GET / HTTP/1.1 and responded: HTTP/1.1 200 OK
Jul 09, 2022 10:44:33 PM okhttp3.mockwebserver.MockWebServer$3 acceptConnections
INFO: MockWebServer[45853] done accepting connections: Socket closed
Jul 09, 2022 10:44:33 PM okhttp3.mockwebserver.MockWebServer$3 acceptConnections
INFO: MockWebServer[52169] done accepting connections: Socket closed
Jul 09, 2022 10:44:33 PM okhttp3.mockwebserver.MockWebServer$3 execute
INFO: MockWebServer[49079] starting to accept connections
Jul 09, 2022 10:44:33 PM okhttp3.mockwebserver.MockWebServer$3 execute
INFO: MockWebServer[45635] starting to accept connections
Jul 09, 2022 10:44:33 PM okhttp3.mockwebserver.MockWebServer$4 processOneRequest
INFO: MockWebServer[45635] received request: GET / HTTP/1.1 and responded: HTTP/1.1 200 OK
Jul 09, 2022 10:44:33 PM okhttp3.mockwebserver.MockWebServer$4 processOneRequest
INFO: MockWebServer[45635] received request: GET / HTTP/1.1 and responded: HTTP/1.1 200 OK
Jul 09, 2022 10:44:33 PM okhttp3.mockwebserver.MockWebServer$3 acceptConnections
INFO: MockWebServer[45635] done accepting connections: Socket closed
Jul 09, 2022 10:44:33 PM okhttp3.mockwebserver.MockWebServer$3 acceptConnections
INFO: MockWebServer[49079] done accepting connections: Socket closed
Jul 09, 2022 10:44:33 PM okhttp3.mockwebserver.MockWebServer$3 execute
INFO: MockWebServer[50001] starting to accept connections
Jul 09, 2022 10:44:33 PM okhttp3.mockwebserver.MockWebServer$3 execute
INFO: MockWebServer[53305] starting to accept connections
Jul 09, 2022 10:44:34 PM okhttp3.mockwebserver.MockWebServer$4 processOneRequest
INFO: MockWebServer[53305] received request: GET / HTTP/1.1 and responded: HTTP/1.1 200 OK
Jul 09, 2022 10:44:34 PM okhttp3.mockwebserver.MockWebServer$3 acceptConnections
INFO: MockWebServer[53305] done accepting connections: Socket closed
Jul 09, 2022 10:44:34 PM okhttp3.mockwebserver.MockWebServer$3 acceptConnections
INFO: MockWebServer[50001] done accepting connections: Socket closed
Jul 09, 2022 10:44:34 PM okhttp3.mockwebserver.MockWebServer$3 execute
INFO: MockWebServer[51445] starting to accept connections
Jul 09, 2022 10:44:34 PM okhttp3.mockwebserver.MockWebServer$3 execute
INFO: MockWebServer[41631] starting to accept connections
Jul 09, 2022 10:44:34 PM okhttp3.mockwebserver.MockWebServer$4 processOneRequest
INFO: MockWebServer[41631] received request: GET / HTTP/1.1 and responded: HTTP/1.1 200 OK
Jul 09, 2022 10:44:34 PM okhttp3.mockwebserver.MockWebServer$3 acceptConnections
INFO: MockWebServer[41631] done accepting connections: Socket closed
Jul 09, 2022 10:44:34 PM okhttp3.mockwebserver.MockWebServer$3 acceptConnections
INFO: MockWebServer[51445] done accepting connections: Socket closed
Jul 09, 2022 10:44:34 PM okhttp3.mockwebserver.MockWebServer$3 execute
INFO: MockWebServer[57251] starting to accept connections
Jul 09, 2022 10:44:34 PM okhttp3.mockwebserver.MockWebServer$3 execute
INFO: MockWebServer[44431] starting to accept connections
Jul 09, 2022 10:44:34 PM okhttp3.mockwebserver.MockWebServer$4 processOneRequest
INFO: MockWebServer[44431] received request: GET / HTTP/1.1 and responded: HTTP/1.1 200 OK
Jul 09, 2022 10:44:34 PM okhttp3.mockwebserver.MockWebServer$3 acceptConnections
INFO: MockWebServer[44431] done accepting connections: Socket closed
Jul 09, 2022 10:44:34 PM okhttp3.mockwebserver.MockWebServer$3 acceptConnections
INFO: MockWebServer[57251] done accepting connections: Socket closed
Jul 09, 2022 10:44:34 PM okhttp3.mockwebserver.MockWebServer$3 execute
INFO: MockWebServer[57227] starting to accept connections
Jul 09, 2022 10:44:34 PM okhttp3.mockwebserver.MockWebServer$3 execute
INFO: MockWebServer[46627] starting to accept connections
Jul 09, 2022 10:44:34 PM okhttp3.mockwebserver.MockWebServer$4 processOneRequest
INFO: MockWebServer[46627] received request: GET / HTTP/1.1 and responded: HTTP/1.1 200 OK
Jul 09, 2022 10:44:34 PM okhttp3.mockwebserver.MockWebServer$3 acceptConnections
INFO: MockWebServer[46627] done accepting connections: Socket closed
Jul 09, 2022 10:44:34 PM okhttp3.mockwebserver.MockWebServer$3 acceptConnections
INFO: MockWebServer[57227] done accepting connections: Socket closed
Jul 09, 2022 10:44:34 PM okhttp3.mockwebserver.MockWebServer$3 execute
INFO: MockWebServer[53503] starting to accept connections
Jul 09, 2022 10:44:34 PM okhttp3.mockwebserver.MockWebServer$3 execute
INFO: MockWebServer[37343] starting to accept connections
Jul 09, 2022 10:44:34 PM okhttp3.mockwebserver.MockWebServer$4 processOneRequest
INFO: MockWebServer[37343] received request: GET / HTTP/1.1 and responded: HTTP/1.1 200 OK
Jul 09, 2022 10:44:34 PM okhttp3.mockwebserver.MockWebServer$3 acceptConnections
INFO: MockWebServer[37343] done accepting connections: Socket closed
Jul 09, 2022 10:44:34 PM okhttp3.mockwebserver.MockWebServer$3 acceptConnections
INFO: MockWebServer[53503] done accepting connections: Socket closed
Jul 09, 2022 10:44:34 PM okhttp3.mockwebserver.MockWebServer$3 execute
INFO: MockWebServer[49057] starting to accept connections
Jul 09, 2022 10:44:34 PM okhttp3.mockwebserver.MockWebServer$3 execute
INFO: MockWebServer[58301] starting to accept connections
Jul 09, 2022 10:44:34 PM okhttp3.mockwebserver.MockWebServer$4 processOneRequest
INFO: MockWebServer[58301] received request: GET / HTTP/1.1 and responded: HTTP/1.1 200 OK
Jul 09, 2022 10:44:34 PM okhttp3.mockwebserver.MockWebServer$3 acceptConnections
INFO: MockWebServer[58301] done accepting connections: Socket closed
Jul 09, 2022 10:44:34 PM okhttp3.mockwebserver.MockWebServer$3 acceptConnections
INFO: MockWebServer[49057] done accepting connections: Socket closed
Jul 09, 2022 10:44:34 PM okhttp3.mockwebserver.MockWebServer$3 execute
INFO: MockWebServer[41617] starting to accept connections
Jul 09, 2022 10:44:34 PM okhttp3.mockwebserver.MockWebServer$3 execute
INFO: MockWebServer[33473] starting to accept connections
Jul 09, 2022 10:44:34 PM okhttp3.mockwebserver.MockWebServer$4 processOneRequest
INFO: MockWebServer[33473] received request: GET / HTTP/1.1 and responded: HTTP/1.1 200 OK
Jul 09, 2022 10:44:34 PM okhttp3.mockwebserver.MockWebServer$3 acceptConnections
INFO: MockWebServer[33473] done accepting connections: Socket closed
Jul 09, 2022 10:44:34 PM okhttp3.mockwebserver.MockWebServer$3 acceptConnections
INFO: MockWebServer[41617] done accepting connections: Socket closed
Jul 09, 2022 10:44:34 PM okhttp3.mockwebserver.MockWebServer$3 execute
INFO: MockWebServer[44261] starting to accept connections
Jul 09, 2022 10:44:34 PM okhttp3.mockwebserver.MockWebServer$3 execute
INFO: MockWebServer[55957] starting to accept connections
Jul 09, 2022 10:44:34 PM okhttp3.mockwebserver.MockWebServer$4 processOneRequest
INFO: MockWebServer[55957] received request: GET /valid HTTP/1.1 and responded: HTTP/1.1 200 A-OK
Jul 09, 2022 10:44:34 PM okhttp3.mockwebserver.MockWebServer$4 processOneRequest
INFO: MockWebServer[55957] received request: GET /valid HTTP/1.1 and responded: HTTP/1.1 304 Redirection
Jul 09, 2022 10:44:34 PM okhttp3.mockwebserver.MockWebServer$4 processOneRequest
INFO: MockWebServer[55957] received request: GET /invalid HTTP/1.1 and responded: HTTP/1.1 200 B-OK
Jul 09, 2022 10:44:34 PM okhttp3.mockwebserver.MockWebServer$4 processOneRequest
INFO: MockWebServer[55957] received request: GET /invalid HTTP/1.1 and responded: HTTP/1.1 200 C-OK
Jul 09, 2022 10:44:34 PM okhttp3.mockwebserver.MockWebServer$3 acceptConnections
INFO: MockWebServer[55957] done accepting connections: Socket closed
Jul 09, 2022 10:44:34 PM okhttp3.mockwebserver.MockWebServer$3 acceptConnections
INFO: MockWebServer[44261] done accepting connections: Socket closed
Jul 09, 2022 10:44:34 PM okhttp3.mockwebserver.MockWebServer$3 execute
INFO: MockWebServer[50443] starting to accept connections
Jul 09, 2022 10:44:34 PM okhttp3.mockwebserver.MockWebServer$3 execute
INFO: MockWebServer[59141] starting to accept connections
Jul 09, 2022 10:44:34 PM okhttp3.mockwebserver.MockWebServer$4 processOneRequest
INFO: MockWebServer[59141] received request: GET / HTTP/1.1 and responded: HTTP/1.1 200 OK
Jul 09, 2022 10:44:34 PM okhttp3.mockwebserver.MockWebServer$4 processOneRequest
INFO: MockWebServer[59141] received request: GET / HTTP/1.1 and responded: HTTP/1.1 200 OK
Jul 09, 2022 10:44:34 PM okhttp3.mockwebserver.MockWebServer$3 acceptConnections
INFO: MockWebServer[59141] done accepting connections: Socket closed
Jul 09, 2022 10:44:34 PM okhttp3.mockwebserver.MockWebServer$3 acceptConnections
INFO: MockWebServer[50443] done accepting connections: Socket closed
Jul 09, 2022 10:44:34 PM okhttp3.mockwebserver.MockWebServer$3 execute
INFO: MockWebServer[37061] starting to accept connections
Jul 09, 2022 10:44:34 PM okhttp3.mockwebserver.MockWebServer$3 execute
INFO: MockWebServer[36657] starting to accept connections
Jul 09, 2022 10:44:34 PM okhttp3.mockwebserver.MockWebServer$4 processOneRequest
INFO: MockWebServer[36657] received request: GET /valid HTTP/1.1 and responded: HTTP/1.1 200 A-OK
Jul 09, 2022 10:44:34 PM okhttp3.mockwebserver.MockWebServer$4 processOneRequest
INFO: MockWebServer[36657] received request: GET /valid HTTP/1.1 and responded: HTTP/1.1 304 Redirection
Jul 09, 2022 10:44:34 PM okhttp3.mockwebserver.MockWebServer$4 processOneRequest
INFO: MockWebServer[36657] received request: GET /invalid HTTP/1.1 and responded: HTTP/1.1 200 B-OK
Jul 09, 2022 10:44:34 PM okhttp3.mockwebserver.MockWebServer$4 processOneRequest
INFO: MockWebServer[36657] received request: GET /invalid HTTP/1.1 and responded: HTTP/1.1 200 C-OK
Jul 09, 2022 10:44:34 PM okhttp3.mockwebserver.MockWebServer$3 acceptConnections
INFO: MockWebServer[36657] done accepting connections: Socket closed
Jul 09, 2022 10:44:34 PM okhttp3.mockwebserver.MockWebServer$3 acceptConnections
INFO: MockWebServer[37061] done accepting connections: Socket closed
Jul 09, 2022 10:44:34 PM okhttp3.mockwebserver.MockWebServer$3 execute
INFO: MockWebServer[38069] starting to accept connections
Jul 09, 2022 10:44:34 PM okhttp3.mockwebserver.MockWebServer$3 execute
INFO: MockWebServer[53675] starting to accept connections
Jul 09, 2022 10:44:34 PM okhttp3.mockwebserver.MockWebServer$4 processOneRequest
INFO: MockWebServer[53675] received request: GET / HTTP/1.1 and responded: HTTP/1.1 200 OK
Jul 09, 2022 10:44:34 PM okhttp3.mockwebserver.MockWebServer$4 processOneRequest
INFO: MockWebServer[53675] received request: GET / HTTP/1.1 and responded: HTTP/1.1 200 OK
Jul 09, 2022 10:44:34 PM okhttp3.mockwebserver.MockWebServer$3 acceptConnections
INFO: MockWebServer[53675] done accepting connections: Socket closed
Jul 09, 2022 10:44:34 PM okhttp3.mockwebserver.MockWebServer$3 acceptConnections
INFO: MockWebServer[38069] done accepting connections: Socket closed
Jul 09, 2022 10:44:34 PM okhttp3.mockwebserver.MockWebServer$3 execute
INFO: MockWebServer[48127] starting to accept connections
Jul 09, 2022 10:44:34 PM okhttp3.mockwebserver.MockWebServer$3 execute
INFO: MockWebServer[54437] starting to accept connections
Jul 09, 2022 10:44:34 PM okhttp3.mockwebserver.MockWebServer$4 processOneRequest
INFO: MockWebServer[54437] received request: GET / HTTP/1.1 and responded: HTTP/1.1 200 OK
Jul 09, 2022 10:44:34 PM okhttp3.mockwebserver.MockWebServer$4 processOneRequest
INFO: MockWebServer[54437] received request: GET / HTTP/1.1 and responded: HTTP/1.1 304 Redirection
Jul 09, 2022 10:44:34 PM okhttp3.mockwebserver.MockWebServer$4 processOneRequest
INFO: MockWebServer[54437] received request: GET / HTTP/1.1 and responded: HTTP/1.1 304 Redirection
Jul 09, 2022 10:44:34 PM okhttp3.mockwebserver.MockWebServer$3 acceptConnections
INFO: MockWebServer[54437] done accepting connections: Socket closed
Jul 09, 2022 10:44:34 PM okhttp3.mockwebserver.MockWebServer$3 acceptConnections
INFO: MockWebServer[48127] done accepting connections: Socket closed
Jul 09, 2022 10:44:34 PM okhttp3.mockwebserver.MockWebServer$3 execute
INFO: MockWebServer[45195] starting to accept connections
Jul 09, 2022 10:44:34 PM okhttp3.mockwebserver.MockWebServer$3 execute
INFO: MockWebServer[54655] starting to accept connections
Jul 09, 2022 10:44:34 PM okhttp3.mockwebserver.MockWebServer$4 processOneRequest
INFO: MockWebServer[54655] received request: GET / HTTP/1.1 and responded: HTTP/1.1 200 OK
Jul 09, 2022 10:44:34 PM okhttp3.mockwebserver.MockWebServer$4 processOneRequest
INFO: MockWebServer[54655] received request: GET / HTTP/1.1 and responded: HTTP/1.1 304 Redirection
Jul 09, 2022 10:44:34 PM okhttp3.mockwebserver.MockWebServer$4 processOneRequest
INFO: MockWebServer[54655] received request: GET / HTTP/1.1 and responded: HTTP/1.1 200 OK
Jul 09, 2022 10:44:34 PM okhttp3.mockwebserver.MockWebServer$3 acceptConnections
INFO: MockWebServer[54655] done accepting connections: Socket closed
Jul 09, 2022 10:44:34 PM okhttp3.mockwebserver.MockWebServer$3 acceptConnections
INFO: MockWebServer[45195] done accepting connections: Socket closed
Jul 09, 2022 10:44:34 PM okhttp3.mockwebserver.MockWebServer$3 execute
INFO: MockWebServer[46229] starting to accept connections
Jul 09, 2022 10:44:34 PM okhttp3.mockwebserver.MockWebServer$3 execute
INFO: MockWebServer[45575] starting to accept connections
Jul 09, 2022 10:44:34 PM okhttp3.mockwebserver.MockWebServer$4 processOneRequest
INFO: MockWebServer[45575] received request: GET / HTTP/1.1 and responded: HTTP/1.1 200 OK
Jul 09, 2022 10:44:34 PM okhttp3.mockwebserver.MockWebServer$4 processOneRequest
INFO: MockWebServer[45575] received request: GET / HTTP/1.1 and responded: HTTP/1.1 200 OK
Jul 09, 2022 10:44:34 PM okhttp3.mockwebserver.MockWebServer$3 acceptConnections
INFO: MockWebServer[45575] done accepting connections: Socket closed
Jul 09, 2022 10:44:34 PM okhttp3.mockwebserver.MockWebServer$3 acceptConnections
INFO: MockWebServer[46229] done accepting connections: Socket closed
Jul 09, 2022 10:44:34 PM okhttp3.mockwebserver.MockWebServer$3 execute
INFO: MockWebServer[37777] starting to accept connections
Jul 09, 2022 10:44:34 PM okhttp3.mockwebserver.MockWebServer$3 execute
INFO: MockWebServer[45293] starting to accept connections
Jul 09, 2022 10:44:34 PM okhttp3.mockwebserver.MockWebServer$4 processOneRequest
INFO: MockWebServer[45293] received request: GET / HTTP/1.1 and responded: HTTP/1.1 200 OK
Jul 09, 2022 10:44:34 PM okhttp3.mockwebserver.MockWebServer$4 processOneRequest
INFO: MockWebServer[45293] received request: GET / HTTP/1.1 and responded: HTTP/1.1 200 OK
Jul 09, 2022 10:44:34 PM okhttp3.mockwebserver.MockWebServer$3 acceptConnections
INFO: MockWebServer[45293] done accepting connections: Socket closed
Jul 09, 2022 10:44:34 PM okhttp3.mockwebserver.MockWebServer$3 acceptConnections
INFO: MockWebServer[37777] done accepting connections: Socket closed
Jul 09, 2022 10:44:34 PM okhttp3.mockwebserver.MockWebServer$3 execute
INFO: MockWebServer[33031] starting to accept connections
Jul 09, 2022 10:44:34 PM okhttp3.mockwebserver.MockWebServer$3 execute
INFO: MockWebServer[44797] starting to accept connections
Jul 09, 2022 10:44:34 PM okhttp3.mockwebserver.MockWebServer$4 processOneRequest
INFO: MockWebServer[44797] received request: GET / HTTP/1.1 and responded: HTTP/1.1 200 OK
Jul 09, 2022 10:44:34 PM okhttp3.mockwebserver.MockWebServer$3 acceptConnections
INFO: MockWebServer[44797] done accepting connections: Socket closed
Jul 09, 2022 10:44:34 PM okhttp3.mockwebserver.MockWebServer$3 acceptConnections
INFO: MockWebServer[33031] done accepting connections: Socket closed
Jul 09, 2022 10:44:34 PM okhttp3.mockwebserver.MockWebServer$3 execute
INFO: MockWebServer[40411] starting to accept connections
Jul 09, 2022 10:44:34 PM okhttp3.mockwebserver.MockWebServer$3 execute
INFO: MockWebServer[47157] starting to accept connections
Jul 09, 2022 10:44:34 PM okhttp3.mockwebserver.MockWebServer$4 processOneRequest
INFO: MockWebServer[47157] received request: GET / HTTP/1.1 and responded: HTTP/1.1 200 OK
Jul 09, 2022 10:44:34 PM okhttp3.mockwebserver.MockWebServer$3 acceptConnections
INFO: MockWebServer[47157] done accepting connections: Socket closed
Jul 09, 2022 10:44:34 PM okhttp3.mockwebserver.MockWebServer$3 acceptConnections
INFO: MockWebServer[40411] done accepting connections: Socket closed
Jul 09, 2022 10:44:34 PM okhttp3.mockwebserver.MockWebServer$3 execute
INFO: MockWebServer[54571] starting to accept connections
Jul 09, 2022 10:44:34 PM okhttp3.mockwebserver.MockWebServer$3 execute
INFO: MockWebServer[53995] starting to accept connections
Jul 09, 2022 10:44:34 PM okhttp3.mockwebserver.MockWebServer$4 processOneRequest
INFO: MockWebServer[53995] received request: GET / HTTP/1.1 and responded: HTTP/1.1 200 OK
Jul 09, 2022 10:44:34 PM okhttp3.mockwebserver.MockWebServer$4 processOneRequest
INFO: MockWebServer[53995] received request: GET / HTTP/1.1 and responded: HTTP/1.1 200 OK
Jul 09, 2022 10:44:34 PM okhttp3.mockwebserver.MockWebServer$3 acceptConnections
INFO: MockWebServer[53995] done accepting connections: Socket closed
Jul 09, 2022 10:44:34 PM okhttp3.mockwebserver.MockWebServer$3 acceptConnections
INFO: MockWebServer[54571] done accepting connections: Socket closed
Jul 09, 2022 10:44:34 PM okhttp3.mockwebserver.MockWebServer$3 execute
INFO: MockWebServer[37365] starting to accept connections
Jul 09, 2022 10:44:34 PM okhttp3.mockwebserver.MockWebServer$3 execute
INFO: MockWebServer[54829] starting to accept connections
Jul 09, 2022 10:44:34 PM okhttp3.mockwebserver.MockWebServer$4 processOneRequest
INFO: MockWebServer[54829] received request: GET / HTTP/1.1 and responded: HTTP/1.1 200 OK
Jul 09, 2022 10:44:35 PM okhttp3.mockwebserver.MockWebServer$3 acceptConnections
INFO: MockWebServer[54829] done accepting connections: Socket closed
Jul 09, 2022 10:44:35 PM okhttp3.mockwebserver.MockWebServer$3 acceptConnections
INFO: MockWebServer[37365] done accepting connections: Socket closed
Jul 09, 2022 10:44:35 PM okhttp3.mockwebserver.MockWebServer$3 execute
INFO: MockWebServer[44695] starting to accept connections
Jul 09, 2022 10:44:35 PM okhttp3.mockwebserver.MockWebServer$3 execute
INFO: MockWebServer[36579] starting to accept connections
Jul 09, 2022 10:44:35 PM okhttp3.mockwebserver.MockWebServer$4 processOneRequest
INFO: MockWebServer[36579] received request: GET / HTTP/1.1 and responded: HTTP/1.1 200 OK
Jul 09, 2022 10:44:35 PM okhttp3.mockwebserver.MockWebServer$4 processOneRequest
INFO: MockWebServer[36579] received request: GET / HTTP/1.1 and responded: HTTP/1.1 200 OK
Jul 09, 2022 10:44:35 PM okhttp3.mockwebserver.MockWebServer$3 acceptConnections
INFO: MockWebServer[36579] done accepting connections: Socket closed
Jul 09, 2022 10:44:35 PM okhttp3.mockwebserver.MockWebServer$3 acceptConnections
INFO: MockWebServer[44695] done accepting connections: Socket closed
Jul 09, 2022 10:44:35 PM okhttp3.mockwebserver.MockWebServer$3 execute
INFO: MockWebServer[54219] starting to accept connections
Jul 09, 2022 10:44:35 PM okhttp3.mockwebserver.MockWebServer$3 execute
INFO: MockWebServer[39091] starting to accept connections
Jul 09, 2022 10:44:35 PM okhttp3.mockwebserver.MockWebServer$4 processOneRequest
INFO: MockWebServer[39091] received request: GET / HTTP/1.1 and responded: HTTP/1.1 200 OK
Jul 09, 2022 10:44:35 PM okhttp3.mockwebserver.MockWebServer$3 acceptConnections
INFO: MockWebServer[39091] done accepting connections: Socket closed
Jul 09, 2022 10:44:35 PM okhttp3.mockwebserver.MockWebServer$3 acceptConnections
INFO: MockWebServer[54219] done accepting connections: Socket closed
Jul 09, 2022 10:44:35 PM okhttp3.mockwebserver.MockWebServer$3 execute
INFO: MockWebServer[54583] starting to accept connections
Jul 09, 2022 10:44:35 PM okhttp3.mockwebserver.MockWebServer$3 execute
INFO: MockWebServer[54885] starting to accept connections
Jul 09, 2022 10:44:35 PM okhttp3.mockwebserver.MockWebServer$4 processOneRequest
INFO: MockWebServer[54885] received request: GET / HTTP/1.1 and responded: HTTP/1.1 200 OK
Jul 09, 2022 10:44:35 PM okhttp3.mockwebserver.MockWebServer$4 processOneRequest
INFO: MockWebServer[54885] received request: GET / HTTP/1.1 and responded: HTTP/1.1 200 OK
Jul 09, 2022 10:44:35 PM okhttp3.mockwebserver.MockWebServer$3 acceptConnections
INFO: MockWebServer[54885] done accepting connections: Socket closed
Jul 09, 2022 10:44:35 PM okhttp3.mockwebserver.MockWebServer$3 acceptConnections
INFO: MockWebServer[54583] done accepting connections: Socket closed
Jul 09, 2022 10:44:35 PM okhttp3.mockwebserver.MockWebServer$3 execute
INFO: MockWebServer[38257] starting to accept connections
Jul 09, 2022 10:44:35 PM okhttp3.mockwebserver.MockWebServer$3 execute
INFO: MockWebServer[36513] starting to accept connections
Jul 09, 2022 10:44:35 PM okhttp3.mockwebserver.MockWebServer$4 processOneRequest
INFO: MockWebServer[36513] received request: GET / HTTP/1.1 and responded: HTTP/1.1 200 OK
Jul 09, 2022 10:44:35 PM okhttp3.mockwebserver.MockWebServer$4 processOneRequest
INFO: MockWebServer[36513] received request: GET / HTTP/1.1 and responded: HTTP/1.1 304 Redirection
Jul 09, 2022 10:44:35 PM okhttp3.mockwebserver.MockWebServer$3 acceptConnections
INFO: MockWebServer[36513] done accepting connections: Socket closed
Jul 09, 2022 10:44:35 PM okhttp3.mockwebserver.MockWebServer$3 acceptConnections
INFO: MockWebServer[38257] done accepting connections: Socket closed
Jul 09, 2022 10:44:35 PM okhttp3.mockwebserver.MockWebServer$3 execute
INFO: MockWebServer[52793] starting to accept connections
Jul 09, 2022 10:44:35 PM okhttp3.mockwebserver.MockWebServer$3 execute
INFO: MockWebServer[38497] starting to accept connections
Jul 09, 2022 10:44:35 PM okhttp3.mockwebserver.MockWebServer$4 processOneRequest
INFO: MockWebServer[38497] received request: GET / HTTP/1.1 and responded: HTTP/1.1 200 OK
Jul 09, 2022 10:44:35 PM okhttp3.mockwebserver.MockWebServer$4 processOneRequest
INFO: MockWebServer[38497] received request: GET / HTTP/1.1 and responded: HTTP/1.1 200 OK
Jul 09, 2022 10:44:35 PM okhttp3.mockwebserver.MockWebServer$3 acceptConnections
INFO: MockWebServer[38497] done accepting connections: Socket closed
Jul 09, 2022 10:44:35 PM okhttp3.mockwebserver.MockWebServer$3 acceptConnections
INFO: MockWebServer[52793] done accepting connections: Socket closed
Jul 09, 2022 10:44:35 PM okhttp3.mockwebserver.MockWebServer$3 execute
INFO: MockWebServer[46355] starting to accept connections
Jul 09, 2022 10:44:35 PM okhttp3.mockwebserver.MockWebServer$3 execute
INFO: MockWebServer[33159] starting to accept connections
Jul 09, 2022 10:44:35 PM okhttp3.mockwebserver.MockWebServer$4 processOneRequest
INFO: MockWebServer[33159] received request: GET / HTTP/1.1 and responded: HTTP/1.1 200 OK
Jul 09, 2022 10:44:35 PM okhttp3.mockwebserver.MockWebServer$4 processOneRequest
INFO: MockWebServer[33159] received request: POST / HTTP/1.1 and responded: HTTP/1.1 200 OK
Jul 09, 2022 10:44:35 PM okhttp3.mockwebserver.MockWebServer$4 processOneRequest
INFO: MockWebServer[33159] received request: GET / HTTP/1.1 and responded: HTTP/1.1 200 OK
Jul 09, 2022 10:44:35 PM okhttp3.mockwebserver.MockWebServer$3 acceptConnections
INFO: MockWebServer[33159] done accepting connections: Socket closed
Jul 09, 2022 10:44:35 PM okhttp3.mockwebserver.MockWebServer$3 acceptConnections
INFO: MockWebServer[46355] done accepting connections: Socket closed
Jul 09, 2022 10:44:35 PM okhttp3.mockwebserver.MockWebServer$3 execute
INFO: MockWebServer[42225] starting to accept connections
Jul 09, 2022 10:44:35 PM okhttp3.mockwebserver.MockWebServer$3 execute
INFO: MockWebServer[53507] starting to accept connections
Jul 09, 2022 10:44:35 PM okhttp3.mockwebserver.MockWebServer$4 processOneRequest
INFO: MockWebServer[53507] received request: GET / HTTP/1.1 and responded: HTTP/1.1 200 OK
Jul 09, 2022 10:44:35 PM okhttp3.mockwebserver.MockWebServer$4 processOneRequest
INFO: MockWebServer[53507] received request: PUT / HTTP/1.1 and responded: HTTP/1.1 200 OK
Jul 09, 2022 10:44:35 PM okhttp3.mockwebserver.MockWebServer$4 processOneRequest
INFO: MockWebServer[53507] received request: GET / HTTP/1.1 and responded: HTTP/1.1 200 OK
Jul 09, 2022 10:44:35 PM okhttp3.mockwebserver.MockWebServer$3 acceptConnections
INFO: MockWebServer[53507] done accepting connections: Socket closed
Jul 09, 2022 10:44:35 PM okhttp3.mockwebserver.MockWebServer$3 acceptConnections
INFO: MockWebServer[42225] done accepting connections: Socket closed
Jul 09, 2022 10:44:35 PM okhttp3.mockwebserver.MockWebServer$3 execute
INFO: MockWebServer[41947] starting to accept connections
Jul 09, 2022 10:44:35 PM okhttp3.mockwebserver.MockWebServer$3 execute
INFO: MockWebServer[35037] starting to accept connections
Jul 09, 2022 10:44:35 PM okhttp3.mockwebserver.MockWebServer$4 processOneRequest
INFO: MockWebServer[35037] received request: GET / HTTP/1.1 and responded: HTTP/1.1 200 OK
Jul 09, 2022 10:44:35 PM okhttp3.mockwebserver.MockWebServer$4 processOneRequest
INFO: MockWebServer[35037] received request: GET / HTTP/1.1 and responded: HTTP/1.1 304 Redirection
Jul 09, 2022 10:44:35 PM okhttp3.mockwebserver.MockWebServer$3 acceptConnections
INFO: MockWebServer[35037] done accepting connections: Socket closed
Jul 09, 2022 10:44:35 PM okhttp3.mockwebserver.MockWebServer$3 acceptConnections
INFO: MockWebServer[41947] done accepting connections: Socket closed
Jul 09, 2022 10:44:35 PM okhttp3.mockwebserver.MockWebServer$3 execute
INFO: MockWebServer[48881] starting to accept connections
Jul 09, 2022 10:44:35 PM okhttp3.mockwebserver.MockWebServer$3 execute
INFO: MockWebServer[58355] starting to accept connections
Jul 09, 2022 10:44:35 PM okhttp3.mockwebserver.MockWebServer$4 processOneRequest
INFO: MockWebServer[58355] received request: GET / HTTP/1.1 and responded: HTTP/1.1 200 OK
Jul 09, 2022 10:44:35 PM okhttp3.mockwebserver.MockWebServer$4 processOneRequest
INFO: MockWebServer[58355] received request: GET / HTTP/1.1 and responded: HTTP/1.1 200 OK
Jul 09, 2022 10:44:35 PM okhttp3.mockwebserver.MockWebServer$3 acceptConnections
INFO: MockWebServer[58355] done accepting connections: Socket closed
Jul 09, 2022 10:44:35 PM okhttp3.mockwebserver.MockWebServer$3 acceptConnections
INFO: MockWebServer[48881] done accepting connections: Socket closed
Jul 09, 2022 10:44:35 PM okhttp3.mockwebserver.MockWebServer$3 execute
INFO: MockWebServer[41941] starting to accept connections
Jul 09, 2022 10:44:35 PM okhttp3.mockwebserver.MockWebServer$3 execute
INFO: MockWebServer[40425] starting to accept connections
Jul 09, 2022 10:44:35 PM okhttp3.mockwebserver.MockWebServer$4 processOneRequest
INFO: MockWebServer[40425] received request: GET / HTTP/1.1 and responded: HTTP/1.1 200 OK
Jul 09, 2022 10:44:35 PM okhttp3.mockwebserver.MockWebServer$4 processOneRequest
INFO: MockWebServer[40425] received request: GET / HTTP/1.1 and responded: HTTP/1.1 200 OK
Jul 09, 2022 10:44:35 PM okhttp3.mockwebserver.MockWebServer$3 acceptConnections
INFO: MockWebServer[40425] done accepting connections: Socket closed
Jul 09, 2022 10:44:35 PM okhttp3.mockwebserver.MockWebServer$3 acceptConnections
INFO: MockWebServer[41941] done accepting connections: Socket closed
Jul 09, 2022 10:44:35 PM okhttp3.mockwebserver.MockWebServer$3 execute
INFO: MockWebServer[55015] starting to accept connections
Jul 09, 2022 10:44:35 PM okhttp3.mockwebserver.MockWebServer$3 execute
INFO: MockWebServer[42155] starting to accept connections
Jul 09, 2022 10:44:35 PM okhttp3.mockwebserver.MockWebServer$4 processOneRequest
INFO: MockWebServer[42155] received request: GET / HTTP/1.1 and responded: HTTP/1.1 200 Fantastic
Jul 09, 2022 10:44:35 PM okhttp3.mockwebserver.MockWebServer$4 processConnection
WARNING: MockWebServer[42155] connection from /127.0.0.1 didn't make a request
Jul 09, 2022 10:44:35 PM okhttp3.mockwebserver.MockWebServer$3 acceptConnections
INFO: MockWebServer[42155] done accepting connections: Socket closed
Jul 09, 2022 10:44:35 PM okhttp3.mockwebserver.MockWebServer$3 acceptConnections
INFO: MockWebServer[55015] done accepting connections: Socket closed
Tests run: 109, Failures: 0, Errors: 1, Skipped: 0, Time elapsed: 9.987 sec <<< FAILURE! - in okhttp3.UrlConnectionCacheTest
responseCachingByResponseCode(okhttp3.UrlConnectionCacheTest)  Time elapsed: 0.039 sec  <<< ERROR!
java.net.ProtocolException: HTTP 204 had non-zero Content-Length: 5
	at okhttp3.internal.http.HttpEngine$NetworkInterceptorChain.proceed(HttpEngine.java:764)
	at okhttp3.internal.huc.HttpURLConnectionImpl$NetworkInterceptor.intercept(HttpURLConnectionImpl.java:597)
	at okhttp3.internal.http.HttpEngine$NetworkInterceptorChain.proceed(HttpEngine.java:733)
	at okhttp3.internal.http.HttpEngine.readResponse(HttpEngine.java:612)
	at okhttp3.RealCall.getResponse(RealCall.java:238)
	at okhttp3.RealCall$ApplicationInterceptorChain.proceed(RealCall.java:195)
	at okhttp3.RealCall.getResponseWithInterceptorChain(RealCall.java:157)
	at okhttp3.RealCall.execute(RealCall.java:59)
	at okhttp3.internal.huc.HttpURLConnectionImpl.getResponse(HttpURLConnectionImpl.java:421)
	at okhttp3.internal.huc.HttpURLConnectionImpl.getResponseCode(HttpURLConnectionImpl.java:455)
	at okhttp3.UrlConnectionCacheTest.assertCached(UrlConnectionCacheTest.java:194)
	at okhttp3.UrlConnectionCacheTest.responseCachingByResponseCode(UrlConnectionCacheTest.java:121)

Running okhttp3.internal.huc.URLEncodingTest
Tests run: 2, Failures: 0, Errors: 0, Skipped: 2, Time elapsed: 0 sec - in okhttp3.internal.huc.URLEncodingTest
Uninstalled aggressive uncaught exception handler

Results :

Failed tests: 
  OkUrlFactoryTest.testURLFilterRedirect:209 Connection was successful

Tests in error: 
  UrlConnectionCacheTest.responseCachingByResponseCode:121->assertCached:194 » Protocol

Tests run: 121, Failures: 1, Errors: 1, Skipped: 2

[INFO] ------------------------------------------------------------------------
[INFO] Reactor Summary:
[INFO] 
[INFO] OkHttp (Parent) .................................... SUCCESS [  1.296 s]
[INFO] OkHttp ............................................. SUCCESS [  4.036 s]
[INFO] OkHttp test support classes ........................ SUCCESS [  0.410 s]
[INFO] OkHttp Web Sockets ................................. SUCCESS [  0.387 s]
[INFO] MockWebServer ...................................... SUCCESS [  8.186 s]
[INFO] OkHttp URLConnection ............................... FAILURE [ 13.201 s]
[INFO] OkHttp Tests ....................................... SKIPPED
[INFO] OkHttp Android Platform Support .................... SKIPPED
[INFO] OkHttp Apache HttpClient ........................... SKIPPED
[INFO] OkHttp Web Socket Tests ............................ SKIPPED
[INFO] OkHttp Logging Interceptor ......................... SKIPPED
[INFO] OkCurl ............................................. SKIPPED
[INFO] Samples (Parent) ................................... SKIPPED
[INFO] Sample: Guide ...................................... SKIPPED
[INFO] Sample: Crawler .................................... SKIPPED
[INFO] Sample: Simple Client .............................. SKIPPED
[INFO] Sample: Static Server .............................. SKIPPED
[INFO] Benchmarks ......................................... SKIPPED
[INFO] ------------------------------------------------------------------------
[INFO] BUILD FAILURE
[INFO] ------------------------------------------------------------------------
[INFO] Total time: 28.040 s
[INFO] Finished at: 2022-07-09T22:44:36+00:00
[INFO] Final Memory: 22M/440M
[INFO] ------------------------------------------------------------------------
[ERROR] Failed to execute goal org.apache.maven.plugins:maven-surefire-plugin:2.17:test (default-test) on project okhttp-urlconnection: There are test failures.
[ERROR] 
[ERROR] Please refer to /home/travis/build/failed/square/okhttp/okhttp-urlconnection/target/surefire-reports for the individual test results.
[ERROR] -> [Help 1]
[ERROR] 
[ERROR] To see the full stack trace of the errors, re-run Maven with the -e switch.
[ERROR] Re-run Maven using the -X switch to enable full debug logging.
[ERROR] 
[ERROR] For more information about the errors and possible solutions, please read the following articles:
[ERROR] [Help 1] http://cwiki.apache.org/confluence/display/MAVEN/MojoFailureException
[ERROR] 
[ERROR] After correcting the problems, you can resume the build with the command
[ERROR]   mvn <goals> -rf :okhttp-urlconnection

travis_time:end:10c0bba0:start=1657406646368351168,finish=1657406676304051875,duration=29935700707[0K
[31;1mThe command "mvn test -Dhttps.protocols=TLSv1.2 -Dhttps.protocols=TLSv1.2 -B" exited with 1.[0m
travis_fold:start:cache.2[0Kstore build cache
travis_time:start:09cbd6a0[0K
travis_time:end:09cbd6a0:start=1657406676316740146,finish=1657406676325568152,duration=8828006[0Ktravis_time:start:0a6299e5[0K/home/travis/.casher/bin/casher:190: warning: Insecure world writable dir /home/travis/build/failed/square/okhttp/. in PATH, mode 040777
[32;1mchanges detected, packing new archive[0m
/home/travis/.casher/bin/casher:213:in `cache_archive_name': undefined method `[]' for nil:NilClass (NoMethodError)
	from /home/travis/.casher/bin/casher:143:in `push'
	from /home/travis/.casher/bin/casher:53:in `block in run'
	from /home/travis/.rvm/rubies/ruby-1.9.3-p551/lib/ruby/1.9.1/timeout.rb:69:in `timeout'
	from /home/travis/.casher/bin/casher:53:in `run'
	from /home/travis/.casher/bin/casher:263:in `<main>'
.
.

travis_time:end:0a6299e5:start=1657406676335966230,finish=1657406687170150169,duration=10834183939[0Ktravis_fold:end:cache.2[0K
Done. Your build exited with 1.
