travis_time:start:28e88914[0Ktravis_time:end:28e88914:start=1602975586553345045,finish=1602975587008428444,duration=455083399,event=no_world_writable_dirs[0Ktravis_time:start:08d4c04d[0Ktravis_time:end:08d4c04d:start=1602975587016164240,finish=1602975587022461745,duration=6297505,event=check_unsupported[0Ktravis_time:start:28075788[0Ktravis_fold:start:system_info[0K[33;1mBuild system information[0m
Build language: node_js
Build group: stable
Build dist: trusty
Build id: ''
Job id: ''
Runtime kernel version: 4.15.0-109-generic
[34m[1mBuild image provisioning date and time[0m
Tue Dec  5 20:11:19 UTC 2017
[34m[1mOperating System Details[0m
Distributor ID:	Ubuntu
Description:	Ubuntu 14.04.5 LTS
Release:	14.04
Codename:	trusty
[34m[1mCookbooks Version[0m
7c2c6a6 https://github.com/travis-ci/travis-cookbooks/tree/7c2c6a6
[34m[1mgit version[0m
git version 2.15.1
[34m[1mbash version[0m
GNU bash, version 4.3.11(1)-release (x86_64-pc-linux-gnu)
[34m[1mgcc version[0m
gcc (Ubuntu 4.8.4-2ubuntu1~14.04.3) 4.8.4
Copyright (C) 2013 Free Software Foundation, Inc.
This is free software; see the source for copying conditions.  There is NO
warranty; not even for MERCHANTABILITY or FITNESS FOR A PARTICULAR PURPOSE.

[34m[1mdocker version[0m
Client:
 Version:      17.09.0-ce
 API version:  1.32
 Go version:   go1.8.3
 Git commit:   afdb6d4
 Built:        Tue Sep 26 22:39:28 2017
 OS/Arch:      linux/amd64
[34m[1mclang version[0m
clang version 5.0.0 (tags/RELEASE_500/final)
Target: x86_64-unknown-linux-gnu
Thread model: posix
InstalledDir: /usr/local/clang-5.0.0/bin
[34m[1mjq version[0m
jq-1.5
[34m[1mbats version[0m
Bats 0.4.0
[34m[1mshellcheck version[0m
0.4.6
[34m[1mshfmt version[0m
v2.0.0
[34m[1mccache version[0m
ccache version 3.1.9

Copyright (C) 2002-2007 Andrew Tridgell
Copyright (C) 2009-2011 Joel Rosdahl

This program is free software; you can redistribute it and/or modify it under
the terms of the GNU General Public License as published by the Free Software
Foundation; either version 3 of the License, or (at your option) any later
version.
[34m[1mcmake version[0m
cmake version 3.9.2

CMake suite maintained and supported by Kitware (kitware.com/cmake).
[34m[1mheroku version[0m
heroku-cli/6.14.39-addc925 (linux-x64) node-v9.2.0
[34m[1mimagemagick version[0m
Version: ImageMagick 6.7.7-10 2017-07-31 Q16 http://www.imagemagick.org
[34m[1mmd5deep version[0m
4.2
[34m[1mmercurial version[0m
Mercurial Distributed SCM (version 4.2.2)
(see https://mercurial-scm.org for more information)

Copyright (C) 2005-2017 Matt Mackall and others
This is free software; see the source for copying conditions. There is NO
warranty; not even for MERCHANTABILITY or FITNESS FOR A PARTICULAR PURPOSE.
[34m[1mmysql version[0m
mysql  Ver 14.14 Distrib 5.6.33, for debian-linux-gnu (x86_64) using  EditLine wrapper
[34m[1mopenssl version[0m
OpenSSL 1.0.1f 6 Jan 2014
[34m[1mpacker version[0m
Packer v1.0.2

Your version of Packer is out of date! The latest version
is 1.1.2. You can update by downloading from www.packer.io
[34m[1mpostgresql client version[0m
psql (PostgreSQL) 9.6.6
[34m[1mragel version[0m
Ragel State Machine Compiler version 6.8 Feb 2013
Copyright (c) 2001-2009 by Adrian Thurston
[34m[1msubversion version[0m
svn, version 1.8.8 (r1568071)
   compiled Aug 10 2017, 17:20:39 on x86_64-pc-linux-gnu

Copyright (C) 2013 The Apache Software Foundation.
This software consists of contributions made by many people;
see the NOTICE file for more information.
Subversion is open source software, see http://subversion.apache.org/

The following repository access (RA) modules are available:

* ra_svn : Module for accessing a repository using the svn network protocol.
  - with Cyrus SASL authentication
  - handles 'svn' scheme
* ra_local : Module for accessing a repository on local disk.
  - handles 'file' scheme
* ra_serf : Module for accessing a repository via WebDAV protocol using serf.
  - using serf 1.3.3
  - handles 'http' scheme
  - handles 'https' scheme

[34m[1msudo version[0m
Sudo version 1.8.9p5
Configure options: --prefix=/usr -v --with-all-insults --with-pam --with-fqdn --with-logging=syslog --with-logfac=authpriv --with-env-editor --with-editor=/usr/bin/editor --with-timeout=15 --with-password-timeout=0 --with-passprompt=[sudo] password for %p:  --without-lecture --with-tty-tickets --disable-root-mailer --enable-admin-flag --with-sendmail=/usr/sbin/sendmail --with-timedir=/var/lib/sudo --mandir=/usr/share/man --libexecdir=/usr/lib/sudo --with-sssd --with-sssd-lib=/usr/lib/x86_64-linux-gnu --with-selinux
Sudoers policy plugin version 1.8.9p5
Sudoers file grammar version 43

Sudoers path: /etc/sudoers
Authentication methods: 'pam'
Syslog facility if syslog is being used for logging: authpriv
Syslog priority to use when user authenticates successfully: notice
Syslog priority to use when user authenticates unsuccessfully: alert
Send mail if the user is not in sudoers
Use a separate timestamp for each user/tty combo
Lecture user the first time they run sudo
Root may run sudo
Allow some information gathering to give useful error messages
Require fully-qualified hostnames in the sudoers file
Visudo will honor the EDITOR environment variable
Set the LOGNAME and USER environment variables
Length at which to wrap log file lines (0 for no wrap): 80
Authentication timestamp timeout: 15.0 minutes
Password prompt timeout: 0.0 minutes
Number of tries to enter a password: 3
Umask to use or 0777 to use user's: 022
Path to mail program: /usr/sbin/sendmail
Flags for mail program: -t
Address to send mail to: root
Subject line for mail messages: *** SECURITY information for %h ***
Incorrect password message: Sorry, try again.
Path to authentication timestamp dir: /var/lib/sudo
Default password prompt: [sudo] password for %p: 
Default user to run commands as: root
Value to override user's $PATH with: /usr/local/sbin:/usr/local/bin:/usr/sbin:/usr/bin:/sbin:/bin:/snap/bin
Path to the editor for use by visudo: /usr/bin/editor
When to require a password for 'list' pseudocommand: any
When to require a password for 'verify' pseudocommand: all
File descriptors >= 3 will be closed before executing a command
Environment variables to check for sanity:
	TZ
	TERM
	LINGUAS
	LC_*
	LANGUAGE
	LANG
	COLORTERM
Environment variables to remove:
	RUBYOPT
	RUBYLIB
	PYTHONUSERBASE
	PYTHONINSPECT
	PYTHONPATH
	PYTHONHOME
	TMPPREFIX
	ZDOTDIR
	READNULLCMD
	NULLCMD
	FPATH
	PERL5DB
	PERL5OPT
	PERL5LIB
	PERLLIB
	PERLIO_DEBUG 
	JAVA_TOOL_OPTIONS
	SHELLOPTS
	GLOBIGNORE
	PS4
	BASH_ENV
	ENV
	TERMCAP
	TERMPATH
	TERMINFO_DIRS
	TERMINFO
	_RLD*
	LD_*
	PATH_LOCALE
	NLSPATH
	HOSTALIASES
	RES_OPTIONS
	LOCALDOMAIN
	CDPATH
	IFS
Environment variables to preserve:
	JAVA_HOME
	TRAVIS
	CI
	DEBIAN_FRONTEND
	XAUTHORIZATION
	XAUTHORITY
	PS2
	PS1
	PATH
	LS_COLORS
	KRB5CCNAME
	HOSTNAME
	HOME
	DISPLAY
	COLORS
Locale to use while parsing sudoers: C
Directory in which to store input/output logs: /var/log/sudo-io
File in which to store the input/output log: %{seq}
Add an entry to the utmp/utmpx file when allocating a pty
PAM service name to use
PAM service name to use for login shells
Create a new PAM session for the command to run in
Maximum I/O log sequence number: 0

Local IP address and netmask pairs:
	172.17.0.2/255.255.0.0

Sudoers I/O plugin version 1.8.9p5
[34m[1mgzip version[0m
gzip 1.6
Copyright (C) 2007, 2010, 2011 Free Software Foundation, Inc.
Copyright (C) 1993 Jean-loup Gailly.
This is free software.  You may redistribute copies of it under the terms of
the GNU General Public License <http://www.gnu.org/licenses/gpl.html>.
There is NO WARRANTY, to the extent permitted by law.

Written by Jean-loup Gailly.
[34m[1mzip version[0m
Copyright (c) 1990-2008 Info-ZIP - Type 'zip "-L"' for software license.
This is Zip 3.0 (July 5th 2008), by Info-ZIP.
Currently maintained by E. Gordon.  Please send bug reports to
the authors using the web page at www.info-zip.org; see README for details.

Latest sources and executables are at ftp://ftp.info-zip.org/pub/infozip,
as of above date; see http://www.info-zip.org/ for other sites.

Compiled with gcc 4.8.2 for Unix (Linux ELF) on Oct 21 2013.

Zip special compilation options:
	USE_EF_UT_TIME       (store Universal Time)
	BZIP2_SUPPORT        (bzip2 library version 1.0.6, 6-Sept-2010)
	    bzip2 code and library copyright (c) Julian R Seward
	    (See the bzip2 license for terms of use)
	SYMLINK_SUPPORT      (symbolic links supported)
	LARGE_FILE_SUPPORT   (can read and write large files on file system)
	ZIP64_SUPPORT        (use Zip64 to store large files in archives)
	UNICODE_SUPPORT      (store and read UTF-8 Unicode paths)
	STORE_UNIX_UIDs_GIDs (store UID/GID sizes/values using new extra field)
	UIDGID_NOT_16BIT     (old Unix 16-bit UID/GID extra field not used)
	[encryption, version 2.91 of 05 Jan 2007] (modified for Zip 3)

Encryption notice:
	The encryption code of this program is not copyrighted and is
	put in the public domain.  It was originally written in Europe
	and, to the best of our knowledge, can be freely distributed
	in both source and object forms from any country, including
	the USA under License Exception TSU of the U.S. Export
	Administration Regulations (section 740.13(e)) of 6 June 2002.

Zip environment options:
             ZIP:  [none]
          ZIPOPT:  [none]
[34m[1mvim version[0m
VIM - Vi IMproved 7.4 (2013 Aug 10, compiled Nov 24 2016 16:43:18)
Included patches: 1-52
Extra patches: 8.0.0056
Modified by pkg-vim-maintainers@lists.alioth.debian.org
Compiled by buildd@
Huge version without GUI.  Features included (+) or not (-):
+acl             +farsi           +mouse_netterm   +syntax
+arabic          +file_in_path    +mouse_sgr       +tag_binary
+autocmd         +find_in_path    -mouse_sysmouse  +tag_old_static
-balloon_eval    +float           +mouse_urxvt     -tag_any_white
-browse          +folding         +mouse_xterm     -tcl
++builtin_terms  -footer          +multi_byte      +terminfo
+byte_offset     +fork()          +multi_lang      +termresponse
+cindent         +gettext         -mzscheme        +textobjects
-clientserver    -hangul_input    +netbeans_intg   +title
-clipboard       +iconv           +path_extra      -toolbar
+cmdline_compl   +insert_expand   -perl            +user_commands
+cmdline_hist    +jumplist        +persistent_undo +vertsplit
+cmdline_info    +keymap          +postscript      +virtualedit
+comments        +langmap         +printer         +visual
+conceal         +libcall         +profile         +visualextra
+cryptv          +linebreak       +python          +viminfo
+cscope          +lispindent      -python3         +vreplace
+cursorbind      +listcmds        +quickfix        +wildignore
+cursorshape     +localmap        +reltime         +wildmenu
+dialog_con      -lua             +rightleft       +windows
+diff            +menu            -ruby            +writebackup
+digraphs        +mksession       +scrollbind      -X11
-dnd             +modify_fname    +signs           -xfontset
-ebcdic          +mouse           +smartindent     -xim
+emacs_tags      -mouseshape      -sniff           -xsmp
+eval            +mouse_dec       +startuptime     -xterm_clipboard
+ex_extra        +mouse_gpm       +statusline      -xterm_save
+extra_search    -mouse_jsbterm   -sun_workshop    -xpm
   system vimrc file: "$VIM/vimrc"
     user vimrc file: "$HOME/.vimrc"
 2nd user vimrc file: "~/.vim/vimrc"
      user exrc file: "$HOME/.exrc"
  fall-back for $VIM: "/usr/share/vim"
Compilation: gcc -c -I. -Iproto -DHAVE_CONFIG_H     -g -O2 -fstack-protector --param=ssp-buffer-size=4 -Wformat -Werror=format-security -U_FORTIFY_SOURCE -D_FORTIFY_SOURCE=1      
Linking: gcc   -Wl,-Bsymbolic-functions -Wl,-z,relro -Wl,--as-needed -o vim        -lm -ltinfo -lnsl  -lselinux  -lacl -lattr -lgpm -ldl    -L/usr/lib/python2.7/config-x86_64-linux-gnu -lpython2.7 -lpthread -ldl -lutil -lm -Xlinker -export-dynamic -Wl,-O1 -Wl,-Bsymbolic-functions      
[34m[1miptables version[0m
iptables v1.4.21
[34m[1mcurl version[0m
curl 7.35.0 (x86_64-pc-linux-gnu) libcurl/7.35.0 OpenSSL/1.0.1f zlib/1.2.8 libidn/1.28 librtmp/2.3
[34m[1mwget version[0m
GNU Wget 1.15 built on linux-gnu.
[34m[1mrsync version[0m
rsync  version 3.1.0  protocol version 31
[34m[1mgimme version[0m
v1.2.0
[34m[1mnvm version[0m
0.33.6
[34m[1mperlbrew version[0m
/home/travis/perl5/perlbrew/bin/perlbrew  - App::perlbrew/0.80
[34m[1mphpenv version[0m
rbenv 1.1.1-25-g6aa70b6
[34m[1mrvm version[0m
rvm 1.29.3 (latest) by Michal Papis, Piotr Kuczynski, Wayne E. Seguin [https://rvm.io]
[34m[1mdefault ruby version[0m
ruby 2.4.1p111 (2017-03-22 revision 58053) [x86_64-linux]
[34m[1mCouchDB version[0m
couchdb 1.6.1
[34m[1mElasticSearch version[0m
5.5.0
[34m[1mInstalled Firefox version[0m
firefox 56.0.2
[34m[1mMongoDB version[0m
MongoDB 3.4.10
[34m[1mPhantomJS version[0m
2.1.1
[34m[1mPre-installed PostgreSQL versions[0m
9.2.24
9.3.20
9.4.15
9.5.10
9.6.6
[34m[1mRabbitMQ Version[0m
3.6.14
[34m[1mRedis version[0m
redis-server 4.0.6
[34m[1mriak version[0m
2.2.3
[34m[1mPre-installed Go versions[0m
1.7.4
[34m[1mant version[0m
Apache Ant(TM) version 1.9.3 compiled on April 8 2014
[34m[1mmvn version[0m
Apache Maven 3.5.2 (138edd61fd100ec658bfa2d307c43b76940a5d7d; 2017-10-18T07:58:13Z)
Maven home: /usr/local/maven-3.5.2
Java version: 1.8.0_151, vendor: Oracle Corporation
Java home: /usr/lib/jvm/java-8-oracle/jre
Default locale: en_US, platform encoding: UTF-8
OS name: "linux", version: "4.4.0-101-generic", arch: "amd64", family: "unix"
[34m[1mgradle version[0m

------------------------------------------------------------
Gradle 4.0.1
------------------------------------------------------------

Build time:   2017-07-07 14:02:41 UTC
Revision:     38e5dc0f772daecca1d2681885d3d85414eb6826

Groovy:       2.4.11
Ant:          Apache Ant(TM) version 1.9.6 compiled on June 29 2015
JVM:          1.8.0_151 (Oracle Corporation 25.151-b12)
OS:           Linux 4.4.0-101-generic amd64

[34m[1mlein version[0m
Leiningen 2.8.1 on Java 1.8.0_151 Java HotSpot(TM) 64-Bit Server VM
[34m[1mPre-installed Node.js versions[0m
v4.8.6
v6.12.0
v6.12.1
v8.9
v8.9.1
[34m[1mphpenv versions[0m
  system
  5.6
* 5.6.32 (set by /home/travis/.phpenv/version)
  7.0
  7.0.25
  7.1
  7.1.11
  hhvm
  hhvm-stable
[34m[1mcomposer --version[0m
Composer version 1.5.2 2017-09-11 16:59:25
[34m[1mPre-installed Ruby versions[0m
ruby-2.2.7
ruby-2.3.4
ruby-2.4.1
travis_fold:end:system_info[0K
travis_time:end:28075788:start=1602975587030358937,finish=1602975587041322814,duration=10963877,event=show_system_info[0Ktravis_time:start:0d107984[0Ktravis_time:end:0d107984:start=1602975587048893041,finish=1602975587096918476,duration=48025435,event=rm_riak_source[0Ktravis_time:start:0d774536[0Ktravis_time:end:0d774536:start=1602975587103552561,finish=1602975587117535909,duration=13983348,event=fix_rwky_redis[0Ktravis_time:start:22cf4aaa[0K[31;1mTimeout waiting for network availability.[0m
travis_time:end:22cf4aaa:start=1602975587125139994,finish=1602975607886526927,duration=20761386933,event=wait_for_network[0Ktravis_time:start:10b7d586[0Ktravis_time:end:10b7d586:start=1602975607894977287,finish=1602975609582710622,duration=1687733335,event=update_apt_keys[0Ktravis_time:start:0ce886c0[0Ktravis_time:end:0ce886c0:start=1602975609590547577,finish=1602975614335376791,duration=4744829214,event=fix_hhvm_source[0Ktravis_time:start:191a25a1[0Ktravis_time:end:191a25a1:start=1602975614342722374,finish=1602975614348894660,duration=6172286,event=update_mongo_arch[0Ktravis_time:start:1582e08e[0Ktravis_time:end:1582e08e:start=1602975614355457136,finish=1602975614419983556,duration=64526420,event=fix_sudo_enabled_trusty[0Ktravis_time:start:049462e2[0Ktravis_time:end:049462e2:start=1602975614427208567,finish=1602975614446886724,duration=19678157,event=clean_up_path[0Ktravis_time:start:3ae5337f[0Ktravis_time:end:3ae5337f:start=1602975614454814684,finish=1602975614470597519,duration=15782835,event=fix_resolv_conf[0Ktravis_time:start:00e6556e[0Ktravis_time:end:00e6556e:start=1602975614478811253,finish=1602975614499526839,duration=20715586,event=fix_etc_hosts[0Ktravis_time:start:01c40224[0Ktravis_time:end:01c40224:start=1602975614508351805,finish=1602975615042927863,duration=534576058,event=fix_mvn_settings_xml[0Ktravis_time:start:2acdd663[0Ktravis_time:end:2acdd663:start=1602975615050340333,finish=1602975615068819260,duration=18478927,event=no_ipv6_localhost[0Ktravis_time:start:1a558f79[0Ktravis_time:end:1a558f79:start=1602975615076417036,finish=1602975615081753585,duration=5336549,event=fix_etc_mavenrc[0Ktravis_time:start:0bf4c650[0Ktravis_time:end:0bf4c650:start=1602975615089011434,finish=1602975615096736825,duration=7725391,event=fix_wwdr_certificate[0Ktravis_time:start:0ef1ccdd[0Ktravis_time:end:0ef1ccdd:start=1602975615103345270,finish=1602975615200375492,duration=97030222,event=put_localhost_first[0Ktravis_time:start:1a92adc3[0Ktravis_time:end:1a92adc3:start=1602975615207436879,finish=1602975615212139142,duration=4702263,event=home_paths[0Ktravis_time:start:0fdf9d0a[0Ktravis_time:end:0fdf9d0a:start=1602975615218560690,finish=1602975615254459404,duration=35898714,event=disable_initramfs[0Ktravis_time:start:12738ccc[0Ktravis_time:end:12738ccc:start=1602975615261179365,finish=1602975615407798959,duration=146619594,event=disable_ssh_roaming[0Ktravis_time:start:287cf5c8[0Ktravis_time:end:287cf5c8:start=1602975615415612619,finish=1602975615421151715,duration=5539096,event=debug_tools[0Ktravis_time:start:0017492d[0Ktravis_time:end:0017492d:start=1602975615428834225,finish=1602975615437553331,duration=8719106,event=uninstall_oclint[0Ktravis_time:start:016b91a1[0Ktravis_time:end:016b91a1:start=1602975615444602479,finish=1602975615451576890,duration=6974411,event=rvm_use[0Ktravis_time:start:012d20de[0Ktravis_time:end:012d20de:start=1602975615458020139,finish=1602975615473046233,duration=15026094,event=rm_etc_boto_cfg[0Ktravis_time:start:006c5ae4[0Ktravis_time:end:006c5ae4:start=1602975615479872609,finish=1602975615485132545,duration=5259936,event=rm_oraclejdk8_symlink[0Ktravis_time:start:01178850[0Ktravis_time:end:01178850:start=1602975615492068820,finish=1602975615607440051,duration=115371231,event=enable_i386[0Ktravis_time:start:03900a08[0Ktravis_time:end:03900a08:start=1602975615615629166,finish=1602975615623903450,duration=8274284,event=update_rubygems[0Ktravis_time:start:0f65fae0[0Ktravis_time:end:0f65fae0:start=1602975615631521665,finish=1602975616877504203,duration=1245982538,event=ensure_path_components[0Ktravis_time:start:12aca346[0Ktravis_time:end:12aca346:start=1602975616885277629,finish=1602975616891302083,duration=6024454,event=redefine_curl[0Ktravis_time:start:06f79e2d[0Ktravis_time:end:06f79e2d:start=1602975616899347536,finish=1602975616905482939,duration=6135403,event=nonblock_pipe[0Ktravis_time:start:1f3f3bd2[0Ktravis_time:end:1f3f3bd2:start=1602975616914150023,finish=1602975625482379860,duration=8568229837,event=apt_get_update[0Ktravis_time:start:0d37b210[0Ktravis_time:end:0d37b210:start=1602975625491704479,finish=1602975625497161343,duration=5456864,event=deprecate_xcode_64[0Ktravis_time:start:0dbf2924[0Ktravis_time:end:0dbf2924:start=1602975625504642126,finish=1602975641361772740,duration=15857130614,event=update_heroku[0Ktravis_time:start:033a3ec8[0Ktravis_time:end:033a3ec8:start=1602975641369627811,finish=1602975641375122238,duration=5494427,event=shell_session_update[0Ktravis_time:start:3231b069[0Ktravis_fold:start:docker_mtu[0Ktravis_fold:end:docker_mtu[0Ktravis_time:end:3231b069:start=1602975641382383424,finish=1602975641418897222,duration=36513798,event=set_docker_mtu[0Ktravis_time:start:090acaec[0Ktravis_fold:start:resolvconf[0K * Restarting resolvconf...
   ...done.
travis_fold:end:resolvconf[0Ktravis_time:end:090acaec:start=1602975641426059887,finish=1602975641503930494,duration=77870607,event=resolvconf[0Ktravis_time:start:0b59d0e8[0Ktravis_time:end:0b59d0e8:start=1602975641512802718,finish=1602975641519048858,duration=6246140,event=fix_ps4[0Ktravis_time:start:00cb4fa9[0K
$ cd failed/nightwatchjs/nightwatch

travis_time:end:00cb4fa9:start=1602975641527392853,finish=1602975642049362106,duration=521969253,event=checkout[0Ktravis_time:start:0220fd30[0Ktravis_time:end:0220fd30:start=1602975642057565811,finish=1602975642671335704,duration=613769893,event=env[0Ktravis_fold:start:nvm.install[0Ktravis_time:start:0dd71118[0K$ nvm install 10
Downloading and installing node v10.22.1...
Now using node v10.22.1 (npm v6.14.6)
travis_time:end:0dd71118:start=1602975642686328725,finish=1602975646540434797,duration=3854106072,event=setup[0Ktravis_fold:end:nvm.install[0K
travis_fold:start:cache.1[0KSetting up build cache
$ export CASHER_DIR=${TRAVIS_HOME}/.casher
travis_time:start:05126ea0[0K$ Installing caching utilities
travis_time:end:05126ea0:start=1602975652706674775,finish=1602975664925425277,duration=12218750502,event=setup_casher[0Ktravis_time:start:008ea035[0K$ Installing caching utilities from the Travis CI server (https:///files/casher) failed, failing over to using GitHub (https://raw.githubusercontent.com/travis-ci/casher/bash/bin/casher)
travis_time:end:008ea035:start=1602975664936128297,finish=1602975665005290467,duration=69162170,event=setup_casher[0Ktravis_time:start:046f1d88[0Ktravis_time:end:046f1d88:start=1602975665017592294,finish=1602975665024382530,duration=6790236,event=setup_casher[0Ktravis_time:start:0565e718[0Kattempting to download cache archive[0m
[31;1mcould not download cache[0m
travis_time:end:0565e718:start=1602975665033575287,finish=1602975666600691354,duration=1567116067,event=setup_casher[0Ktravis_fold:end:cache.1[0K
travis_fold:start:cache.npm[0K
travis_time:start:1ffcc311[0Ktravis_time:end:1ffcc311:start=1602975666885055987,finish=1602975666891340065,duration=6284078,event=setup_cache[0Ktravis_time:start:133de768[0Kadding /home/travis/.npm to cache[0m
travis_time:end:133de768:start=1602975666900874294,finish=1602975668506787029,duration=1605912735,event=setup_cache[0Ktravis_fold:end:cache.npm[0K$ node --version
v10.22.1
$ npm --version
6.14.6
$ nvm --version
0.33.6

travis_fold:start:install.npm[0Ktravis_time:start:288dd998[0K$ npm ci 
added 297 packages in 6.144s
travis_time:end:288dd998:start=1602975669342372675,finish=1602975676098380220,duration=6756007545,event=install[0Ktravis_fold:end:install.npm[0K
travis_fold:start:before_script[0Ktravis_time:start:2bc24b58[0K$ npm install
audited 434 packages in 2.043s
found 78 vulnerabilities (27 low, 5 moderate, 44 high, 2 critical)
  run `npm audit fix` to fix them, or `npm audit` for details
travis_time:end:2bc24b58:start=1602975676107022455,finish=1602975678962273057,duration=2855250602,event=before_script[0Ktravis_fold:end:before_script[0Ktravis_time:start:00089c16[0K$ npm run eslint

> nightwatch@1.0.18 eslint /home/travis/build/failed/nightwatchjs/nightwatch
> eslint . --quiet

travis_time:end:00089c16:start=1602975678972606576,finish=1602975702069278552,duration=23096671976,event=script[0K[32;1mThe command "npm run eslint" exited with 0.[0m
travis_time:start:000fd608[0K$ npm test

> nightwatch@1.0.18 test /home/travis/build/failed/nightwatchjs/nightwatch
> mocha test/src



  assert.attributeContains
    âœ“ attributeContains assertion passed
    âœ“ attributeContains assertion failed
    âœ“ attributeContains assertion not found
    âœ“ attributeContains assertion value attribute not found

  assert.attributeEquals
    âœ“ attributeEquals assertion passed
    âœ“ attributeEquals assertion failed
    âœ“ attributeEquals assertion not found
    âœ“ attributeEquals assertion value attribute not found

  assert.containsText
    âœ“ containsText assertion passed
    âœ“ containsText assertion failed
    âœ“ containsText assertion not found

  assert.cssClassNotPresent
    âœ“ cssClassNotPresent assertion passed
    âœ“ cssClassNotPresent assertion failed
    âœ“ cssClassNotPresent assertion not found

  assert.cssClassPresent
    âœ“ cssClassPresent assertion passed
    âœ“ cssClassPresent assertion failed
    âœ“ cssClassPresent assertion not found

  assert.cssProperty
    âœ“ cssProperty assertion passed
    âœ“ cssProperty assertion failed
    âœ“ cssProperty assertion not found

  assert.elementNotPresent
    âœ“ elementNotPresent assertion passed
    âœ“ elementNotPresent assertion passed when exceptions are passed
    âœ“ elementNotPresent assertion failed

  assert.elementPresent
    âœ“ elementPresent assertion passed
    âœ“ elementPresent assertion failed

  assert.hidden
    âœ“ hidden assertion passed
    âœ“ hidden assertion failed
    âœ“ hidden assertion not found

  assert.title
    âœ“ title assertion passed
    âœ“ title assertion failed

  assert.titleContains
    âœ“ titleContains assertion passed
    âœ“ titleContains assertion failed without value field in response
    âœ“ titleContains assertion failed with empty response
    âœ“ titleContains assertion failed

  assert.urlContains
    âœ“ urlContains assertion passed
    âœ“ urlContains assertion failed without value field in response
    âœ“ urlContains assertion failed with empty response
    âœ“ urlContains assertion failed

  assert.urlEquals
    âœ“ urlEquals assertion passed
    âœ“ urlEquals assertion failed

  assert.value
    âœ“ value assertion passed
    âœ“ value assertion failed
    âœ“ value assertion not found

  assert.valueContains
    âœ“ valueContains assertion passed
    âœ“ valueContains assertion failed
    âœ“ valueContains assertion element not found
    âœ“ valueContains assertion stale element reference
    âœ“ valueContains assertion value attribute not found

  assert.visible
    âœ“ visible assertion passed
    âœ“ visible assertion failed
    âœ“ visible assertion not found

  clearValue
    âœ“ client.clearValue() (57ms)
    âœ“ client.clearValue() with no callback
    âœ“ client.clearValue() with webdriver protocol
    1) client.clearValue() with webdriver protocol - element not found

  click
    âœ“ client.click()
    âœ“ client.click() with xpath

  getCookies
    âœ“ client.getCookies()
    âœ“ client.getCookies() - empty result

  end
    âœ“ client.end();
    âœ“ client.end() - no session id
    âœ“ client.end() - with screenshot
    âœ“ client.end() - failures and screenshots disabled

  getAttribute
    âœ“ client.getAttribute()

  getCssProperty
    âœ“ client.getCssProperty()

  getElementSize
    âœ“ client.getElementSize()

  getLocation
    âœ“ client.getLocation()

  getLocationInView
    âœ“ client.getLocationInView()

  getLog
    âœ“ client.getLog()

  getLogTypes
    âœ“ client.getLogTypes()

  getTagName
    âœ“ client.getTagName()

  getText
    âœ“ client.getText()

  getTitle
    âœ“ client.getTitle()

  getValue
    âœ“ client.getValue()

  isLogAvailable
    âœ“ client.isLogAvailable()
    âœ“ client.isLogAvailable() failure

  isVisible
    âœ“ client.isVisible()

  locateStrategies
    âœ“ client.useXpath()
    âœ“ client.useCss()

  maximizeWindow
    âœ“ client.maximizeWindow()

  moveToElement
    âœ“ client.moveToElement()

  pause
    âœ“ client.pause()

  perform
    âœ“ client.perform()
    âœ“ client.perform() with async callback
    âœ“ client.perform() with async callback and api param

  saveScreenshot
    âœ“ client.saveScreenshot()

  setValue
    âœ“ client.setValue()

  submitForm
    âœ“ client.submitForm()

  waitForElementNotPresent
    âœ“ client.waitForElementNotPresent() success
    âœ“ client.waitForElementNotPresent() failure no abort
    âœ“ client.waitForElementNotPresent() failure no abort with custom interval

  waitForElementNotVisible
    âœ“ client.waitForElementNotVisible() success
    âœ“ client.waitForElementNotVisible() failure

  waitForElementPresent
    âœ“ client.waitForElementPresent() success
    âœ“ client.waitForElementPresent() with webdriver response success
    âœ“ client.waitForElementPresent() failure with custom message
    âœ“ client.waitForElementPresent() failure
    âœ“ client.waitForElementPresent() failure no abort (104ms)

  waitForElementVisible
    âœ“ client.waitForElementVisible() failure
    âœ“ client.waitForElementVisible() fail with global timeout default
    âœ“ client.waitForElementVisible() fail with global timeout default and custom message
    âœ“ client.waitForElementVisible() StaleElementReference error
    âœ“ client.waitForElementVisible() fail with no args and global timeout not set

  window
    âœ“ client.closeWindow()
    âœ“ client.switchWindow()
    âœ“ client.switchWindow() - no callback
    âœ“ client.resizeWindow()

  test commands element selectors
    âœ“ getText(<various>)
    âœ“ getText(<various>) locateStrategy
    âœ“ waitForElementPresent(<various>)
    âœ“ waitForElementPresent(<string>) failure
    âœ“ waitForElementPresent(<{selector}>) failure
    âœ“ waitForElementPresent(<various>) locateStrategy

  test expect element selectors
    âœ“ passing expect selectors
    âœ“ failing expect selectors - xpath .nock
    âœ“ unknown/invalid expect methods
    âœ“ failing expect selectors - xpath @signUp

  test index in element selectors
    âœ“ calling protocol.element(using, {selector, index})
    âœ“ calling protocol.elements(using, {selector, index})
    âœ“ calling getText(<various>, {index})
    âœ“ calling waitForElementPresent(<various>, {index})
    âœ“ calling waitForElementPresent(<various>, {index}) failure
    âœ“ using page elements with index
    âœ“ using page section elements with index
    âœ“ using expect selectors with index - passing assertions
    2) using expect selectors with index - failing .nock
    âœ“ using expect selectors with index - failing @help

  test page object element selectors
    âœ“ page elements
    âœ“ page section elements
    âœ“ page section elements - section element not found (45ms)
    âœ“ page object customCommand with selector
    âœ“ page object customCommand with selector called on section
    âœ“ page object customAssertion with selector (109ms)
    âœ“ page object customAssertion with selector called on section
    âœ“ page object customAssertion with indexed element called on section

  test protocol element selectors
    âœ“ protocol.element(using, {selector})
    âœ“ protocol.element(using, null)
    âœ“ protocol.element(using, {})
    âœ“ protocol.element(using, {selector, locateStrategy})
    âœ“ protocol.element(using, {locateStrategy})
    âœ“ protocol.element(using, {locateStrategy=invalid})
    âœ“ protocol.elements(using, {selector})
    âœ“ protocol.elements(using, null)
    âœ“ protocol.elements(using, {})
    âœ“ protocol.elements(using, {selector, locateStrategy})
    âœ“ protocol.elements(using, {locateStrategy})
    âœ“ protocol.elements(using, {locateStrategy=invalid})

  expect.attribute
    âœ“ to have attribute [PASSED]
    âœ“ to have attribute with waitFor [PASSED]
    âœ“ to have attribute with implicit waitFor [PASSED]
    âœ“ to have attribute with implicit and custom waitFor [PASSED]
    âœ“ to have attribute with waitFor [FAILED] (105ms)
    âœ“ to have attribute with implicit and custom waitFor [FAILED] (107ms)
    âœ“ to have attribute with message [PASSED]
    âœ“ to have attribute with message [FAILED] (45ms)
    âœ“ to have attribute [FAILED] (46ms)
    âœ“ to not have attribute [PASSED]
    âœ“ to not have attribute [FAILED] (46ms)
    âœ“ to have attribute - element not found (46ms)
    âœ“ to have attribute equal to [PASSED]
    âœ“ to have attribute which equals [PASSED]
    âœ“ to have attribute equal to [FAILED] (44ms)
    âœ“ to have attribute NOT equal to [PASSED]
    âœ“ to have attribute NOT equal to [FAILED] (45ms)
    âœ“ to have attribute equal with waitFor [PASSED]
    âœ“ to have attribute equal with custom waitFor [PASSED] (55ms)
    âœ“ to have attribute equal and waitFor [FAILED] - attribute not found (161ms)
    âœ“ to have attribute equal and custom waitFor [FAILED] - attribute not found (76ms)
    âœ“ to have attribute equal and waitFor [FAILED] - attribute not equal
    âœ“ to have attribute equal to with message [PASSED]
    âœ“ to have attribute equal with message [FAILED] - attribute not found (45ms)
    âœ“ to have attribute equal with message [FAILED] - attribute not equal (48ms)
    âœ“ to have attribute not contains [PASSED]
    âœ“ to have attribute which contains [PASSED]
    âœ“ to have attribute not contains [FAILED] (48ms)
    âœ“ to have attribute which matches [PASSED]
    âœ“ to have attribute not match [PASSED]
    âœ“ to have attribute not match [FAILED] (46ms)
    âœ“ to have attribute equal to - element not found (47ms)
    âœ“ to have attribute contains - element not found (47ms)
    âœ“ to have attribute match - element not found (48ms)
    âœ“ to have attribute with waitFor - element not found (106ms)
    âœ“ to have attribute with custom waitFor - element not found (106ms)
    âœ“ to have attribute with waitFor - element found on retry (56ms)
    âœ“ to have attribute with custom waitFor - element found on retry (54ms)
    âœ“ to have attribute match - throws exception on invalid regex

  expect.css
    âœ“ to have css property [PASSED]
    âœ“ to have css property with waitFor [PASSED]
    âœ“ to have css property with waitFor [FAILED] (51ms)
    âœ“ to have css property with message [PASSED]
    âœ“ to have css property with message [FAILED] (47ms)
    âœ“ to have css property [FAILED] (45ms)
    âœ“ to not have css property [PASSED]
    âœ“ to not have css property [FAILED] (45ms)
    âœ“ to have css property - element not found (107ms)
    âœ“ to have css property equal to [PASSED]
    âœ“ to have css property which equals [PASSED]
    âœ“ to have css property equal to [FAILED] (51ms)
    âœ“ to have css property NOT equal to [PASSED]
    âœ“ to have css property NOT equal to [FAILED] (44ms)
    âœ“ to have css property equal with waitFor [PASSED] (54ms)
    âœ“ to have css property equal and waitFor [FAILED] - property not set (157ms)
    âœ“ to have css property equal and waitFor [FAILED] - property not equal
    âœ“ to have css property which contains [PASSED]
    âœ“ to have css property equal with message [PASSED]
    âœ“ to have css property equal with message [FAILED] - property not set (45ms)
    âœ“ to have css property equal with message [FAILED] - property not equal (47ms)
    âœ“ to have css property not contains [PASSED]
    âœ“ to have css property not contains [FAILED] (45ms)
    âœ“ to have css property which matches [PASSED]
    âœ“ to have css property not match [PASSED]
    âœ“ to have css property not match [FAILED] (44ms)
    âœ“ to have css property equal to - element not found (46ms)
    âœ“ to have css property contains - element not found (45ms)
    âœ“ to have css property with waitFor - element not found (105ms)
    âœ“ to have css property with waitFor - element found on retry (55ms)
    âœ“ to have css property match - element not found (44ms)

  expect.enabled
    âœ“ to be enabled [PASSED]
    âœ“ to be enabled with waitFor [PASSED]
    âœ“ to be enabled with waitFor [FAILED] (106ms)
    âœ“ to be enabled [FAILED] (45ms)
    âœ“ to not be enabled [PASSED]
    âœ“ to not be enabled [FAILED] (45ms)
    âœ“ to be enabled - element not found (47ms)
    âœ“ to not be enabled with waitFor [FAILED] (157ms)
    âœ“ to be enabled with waitFor - element not found (106ms)
    âœ“ to be enabled with waitFor - element found on retry (55ms)

  expect.present
    âœ“ to be present [PASSED]
    âœ“ to be present with waitFor [PASSED]
    âœ“ to be present with waitFor [FAILED] (105ms)
    âœ“ to be present [FAILED] (46ms)
    âœ“ to be present with waitFor [PASSED on retry] (53ms)
    âœ“ to not be present [FAILED] (44ms)
    âœ“ to be present - xpath via useXpath [PASSED]
    âœ“ to be present - xpath via argument [PASSED]

  expect.selected
    âœ“ to be selected [PASSED]
    âœ“ to be selected with waitFor [PASSED]
    âœ“ to be selected with waitFor [FAILED] (106ms)
    âœ“ to be selected [FAILED] (46ms)
    âœ“ to not be selected [PASSED]
    âœ“ to not be selected [FAILED] (44ms)
    âœ“ to be selected - element not found (47ms)
    âœ“ to not be selected with waitFor [FAILED] (157ms)
    âœ“ to be selected with waitFor - element not found (109ms)
    âœ“ to be selected with waitFor - element found on retry (55ms)

  expect.text
    âœ“ text to equal [PASSED]
    âœ“ text to equal [FAILED] (45ms)
    âœ“ text to NOT equal [PASSED]
    âœ“ text to NOT equal [FAILED] (44ms)
    âœ“ text to equal with waitFor [PASSED] (54ms)
    âœ“ text to equal and waitFor [FAILED] - text not equal
    âœ“ text to not equal [PASSED]
    âœ“ text to not equal [FAILED] (45ms)
    âœ“ text to not contain [PASSED]
    âœ“ text to contain [PASSED]
    âœ“ text to not contain [FAILED] (44ms)
    âœ“ text to match [PASSED]
    âœ“ text to not match [PASSED]
    âœ“ text to not match [FAILED] (45ms)
    âœ“ text to equal - element not found (45ms)
    âœ“ text to contain - element not found (45ms)
    âœ“ text to match - element not found (45ms)
    âœ“ text to match with waitFor - element not found (106ms)
    âœ“ text to match with waitFor - element found on retry (54ms)
    âœ“ text to match - throws exception on invalid regex (48ms)

  expect.type
    âœ“ to be [PASSED]
    âœ“ to be [FAILED] (44ms)
    âœ“ to not be [PASSED]
    âœ“ to not be - element not found (43ms)
    âœ“ to be with message [PASSED]
    âœ“ to be with message [FAILED] (43ms)
    âœ“ to be with message - element not found (45ms)
    âœ“ to be with waitFor - element not found (104ms)
    âœ“ to be with waitFor - element found on retry (54ms)

  expect.value
    âœ“ to have value equal to [PASSED]
    âœ“ to have value which equals [PASSED]
    âœ“ to have value equal to [FAILED] (44ms)
    âœ“ to have value NOT equal to [PASSED]
    âœ“ to have value NOT equal to [FAILED] (44ms)
    âœ“ to have value equal with waitFor [PASSED] (54ms)
    âœ“ to have value equal and waitFor [FAILED] - value not equal (156ms)
    âœ“ to have value not equal to [PASSED]
    âœ“ to have value not equal to [FAILED] (44ms)
    âœ“ to have value not contains [PASSED]
    âœ“ to have value contains [PASSED]
    âœ“ to have value not contains [FAILED] (45ms)
    âœ“ to have value not match [PASSED]
    âœ“ to have value which matches [PASSED]
    âœ“ to have value not match [FAILED] (46ms)
    âœ“ to have value equal to - element not found (46ms)
    âœ“ to have value which contains - element not found (48ms)
    âœ“ to have value match - element not found (44ms)
    âœ“ to have value equal to with waitFor - element not found (106ms)
    âœ“ to have value equal with waitFor - element found on retry (55ms)
    âœ“ to have value match - throws exception on invalid regex (45ms)
    âœ“ to have value equal and waitFor [FAILED] - value not found (158ms)

  expect.visible
    âœ“ to be visible [PASSED]
    âœ“ to be visible with waitFor [PASSED]
    âœ“ to be visible with waitFor [FAILED] (105ms)
    âœ“ to be visible [FAILED] (47ms)
    âœ“ to not be visible [PASSED]
    âœ“ to not be visible [FAILED] (44ms)
    âœ“ to be visible - element not found (46ms)
    âœ“ to not be visible with waitFor [FAILED]
    âœ“ to not be visible with waitFor [PASSED] - element not visible on retry
    âœ“ to be visible with waitFor - element not found (104ms)
    âœ“ to be visible with waitFor - element found on retry (54ms)

  alert commands
    âœ“ testAcceptAlert
    âœ“ testAcceptAlert W3C WebDriver
    âœ“ testDismissAlert
    âœ“ testDismissAlert W3C WebDriver
    âœ“ testGetAlertText
    âœ“ testGetAlertText W3C WebDriver
    âœ“ testSetAlertText
    âœ“ testSetAlertText W3C WebDriver

  browser commands
    âœ“ testRefresh
    âœ“ testBack
    âœ“ testForward

  context commands
    âœ“ testContexts
    âœ“ testCurrentContext
    âœ“ testSetContext

  cookie commands
    âœ“ testCookieGet
    âœ“ testCookiePost
    âœ“ testCookieDeleteAll
    âœ“ testCookieDeleteOne
    âœ“ testCookieErrors

  client.doubleClick
    âœ“ testDoubleClick

  element W3C Webdriver actions
    âœ“ test click() with W3C WebDriver
    âœ“ test clearValue() with W3C WebDriver

  element actions
    âœ“ testElement
    âœ“ testElementIdElement
    âœ“ testElementIdElement invalid element ID
    âœ“ testElementPlural
    âœ“ testElementIdElementPlural
    âœ“ testElementIdElementPlural invalid element ID
    âœ“ testElementActive
    âœ“ testElementIdClear
    âœ“ testElementIdClear invalid element ID
    âœ“ testElementIdSelected
    âœ“ testElementIdSelected invalid element ID
    âœ“ testElementIdEnabled
    âœ“ testElementIdEnabled invalid element ID
    âœ“ testElementIdEquals
    âœ“ testElementIdEquals invalid element ID
    âœ“ testElementIdAttribute
    âœ“ testElementIdAttribute invalid element ID
    âœ“ testElementIdClick
    âœ“ testElementIdClick invalid element ID
    âœ“ testElementIdCssProperty
    âœ“ testElementIdCssProperty invalid element ID
    âœ“ testElementIdDisplayed
    âœ“ testElementIdDisplayed invalid element ID
    âœ“ testElementIdLocation
    âœ“ testElementIdLocation invalid element ID
    âœ“ testElementIdLocationInView
    âœ“ testElementIdLocationInView invalid element ID
    âœ“ testElementIdName
    âœ“ testElementIdName invalid element ID
    âœ“ testElementIdSize
    âœ“ testElementIdSize invalid element ID
    âœ“ testElementIdText
    âœ“ testElementIdText invalid element ID
    âœ“ testElementIdValueGet
    âœ“ testElementIdValueGet with callback
    âœ“ testElementIdValueGet invalid element ID
    âœ“ testElementIdValuePost
    âœ“ testElementIdValuePost invalid element ID
    âœ“ testElementWithCallbackAndContext

  client.execute
    âœ“ testExecuteString
    âœ“ testExecuteString W3C WebDriver
    âœ“ testExecuteFunction
    âœ“ testExecuteFunctionNoArgs
    âœ“ testExecuteAsyncFunction
    âœ“ testExecuteAsync
    âœ“ testExecuteAsync W3C WebDriver

  client.frame
    âœ“ testFrameDefault
    âœ“ testFramePost
    âœ“ testFramePostWithZeroIndex
    âœ“ testFrameParent

  client.keys()
    âœ“ testKeys
    âœ“ testKeysSingle
    âœ“ testKeysUnicode

  session log commands
    âœ“ testLog
    âœ“ testLogTypes

  client.mouseButtonClick
    âœ“ test mouseButtonClick click left
    âœ“ test mouseButtonClick click right
    âœ“ test mouseButtonClick click middle
    âœ“ test mouseButtonClick with callback only
    âœ“ test mouseButtonClick with no args
    âœ“ test mouseButtonDown click left
    âœ“ test mouseButtonDown click middle
    âœ“ test mouseButtonDown with callback only
    âœ“ test mouseButtonUp click right

  browser commands
    âœ“ testMoveTo

  orientation commands
    âœ“ testGetOrientation
    âœ“ testSetOrientation
    âœ“ testSetOrientationInvalid

  client.screenshot
    âœ“ testScreenshot

  session commands
    âœ“ testSessions
    âœ“ testSessionDefault
    âœ“ testSessionGETImplicit
    âœ“ testSessionGETExplicit
    âœ“ testSessionGETImplicitById
    âœ“ testSessionGETExplicitById
    âœ“ testSessionDELETE
    âœ“ testSessionDELETEWithCallback
    âœ“ testSessionDELETEById
    âœ“ testSessionPOST

  client.source
    âœ“ client.source() get command
    3) client.source() get command callback

  client.status
    âœ“ testStatus

  client.submit
    âœ“ testSubmit

  timeouts commands
    âœ“ testTimeoutsValid
    âœ“ testTimeouts invalid type
    âœ“ testTimeouts invalid value
    âœ“ testTimeoutsAsyncScript
    âœ“ testTimeoutsImplicitWait

  client.title
    âœ“ testTitle

  url
    âœ“ client.url() get
    âœ“ client.url() new
    âœ“ client.url() get with callback
    âœ“ client.url() new with callback

  window commands
    âœ“ testWindowHandle
    âœ“ testWindowHandle W3C WebDriver
    âœ“ testWindowHandlePlural
    âœ“ testWindowHandlePlural W3C WebDriver
    âœ“ testCloseWindow
    âœ“ testSwitchWindow
    âœ“ testSwitchWindow W3C WebDriver
    âœ“ testWindowCommand

  windowPosition
    âœ“ testWindowPositionGet without offsets and callback
    âœ“ testWindowPositionErrors
    âœ“ testWindowPositionGet
    âœ“ testWindowPositionPost

  windowSize
    âœ“ testWindowSizeErrors
    âœ“ testWindowSizeGet
    âœ“ testWindowSizePost

  test Assertions
    âœ“ Testing assertions loaded
    âœ“ Testing chai expect is loaded
    âœ“ Testing passed assertion retry
    âœ“ Testing failed assertion retry

  test Nightwatch Api
    âœ“ testAddCustomAssertion
    âœ“ testLoadCustomAssertionsBadFolder
    âœ“ testRunCustomPerformCommand
    âœ“ testRunCustomCommandDeprecated
    âœ“ testRunElementCommand (78ms)
    âœ“ testRunClientCommand (81ms)
    âœ“ testAddPageObjectArrayPath

  test PageObjectApi
    âœ“ testPageObjectProperties
    âœ“ testPageObjectElementsArray
    âœ“ testPageObjectSubDirectory
    âœ“ testPageObjectAssertionsLoaded
    âœ“ testPageObjectCommandsLoaded

  test PageObject Commands
    âœ“ testPageObjectElementCommandWithMutliArgs
    âœ“ testPageObjectCallbackContext
    âœ“ testPageObjectLocateStrategy
    âœ“ testPageObjectElementRecursion
    âœ“ testPageObjectPluralElementRecursion
    âœ“ testPageObjectElementCommandSwitchLocateStrategy
    âœ“ testPageObjectInvalidElementCommand
    âœ“ testPageObjectPropsFunctionReturnsObject
    âœ“ testSectionObjectPropsFunctionReturnsObject
    âœ“ testPageObjectWithUrlChanged

  test PageObject Commands
    âœ“ testPageObjectCustomCommands
    âœ“ testPageObject - custom commands object definition
    âœ“ testPageObject - error loading custom commands

  test Queue
    âœ“ Test commands queue

  test Request With Credentials
    âœ“ Test initialization with credentials

  Transport.create()
    4) test create Transport for Selenium3 external with Firefox
    5) test create Transport for Selenium3 external with Firefox - seleniumHost property
    6) test create Transport for Webdriver external - host property
    7) test create Transport for Selenium3 external with Chrome
    8) test create Transport for Selenium3 managed
    âœ“ test create Transport for Selenium2 managed explicit version2 setting
    9) test create Transport for Firefox managed
    10) test create Transport for Chrome managed
    âœ“ test create Transport for Safari managed
    âœ“ test create Transport for Safari remote
    âœ“ test create Transport for Chrome managed and no selenium settings
    11) test create Transport for WebDriver managed and no selenium settings
    12) test create Transport for Selenium remote cloud service with Chrome
    13) test create Transport for Selenium remote cloud service with MicrosoftEdge

  test defaultPathPrefix
    âœ“ testDefaultPathPrefix
    âœ“ testSetDefaultPathPrefixOption
    âœ“ test set defaultPathPrefix option when already set
    âœ“ testSetDefaultPathPrefixInvalidOption
    âœ“ testSetDefaultPathPrefixEmptyOption

  test NightwatchIndex
    âœ“ Test initialization
    âœ“ testChromeSessionWithRedirectStatus
    âœ“ test createSession on Selenium Grid with Firefox
    âœ“ testSetOptions
    14) testSetWebdriverOptionsDefaults
    âœ“ testSetWebdriverOptions
    15) testSetSeleniumPort
    16) testSetOptionsCredentials
    âœ“ testSetOptionsScreenshots
    âœ“ testSetOptionsScreenshotsOnError
    âœ“ testSetOptionsScreenshotsThrows
    âœ“ testEndSessionOnFail
    âœ“ testSetRequestTimeoutOptions
    17) test session response with status success and no sessionId
    âœ“ test runner API (359ms)

  test HttpRequest
    âœ“ testSendPostRequest
    âœ“ testSendPostRequestWithCredentials
    âœ“ testSendPostRequestWithProxy
    âœ“ testResponseWithRedirect
    âœ“ testGetRequest
    âœ“ testErrorResponse
    âœ“ testErrorResponseLocalised

  test HttpRequestTimeout
    âœ“ testRequestTimeout (52ms)
    âœ“ testRetryAttempts (55ms)

  Test CLI Runner
    âœ“ should have reasonable defaults for CLI arguments (91ms)
    âœ“ should override settings with CLI arguments (71ms)
    âœ“ testSetOutputFolder (64ms)
    âœ“ testReadSettingsDeprecated (61ms)
    âœ“ testCustomSettingsFileAndEnvironment (67ms)
    âœ“ testGetTestSourceSingle (61ms)
    âœ“ testGetTestSourceSingleWithAbsolutePath (67ms)
    âœ“ testGetTestSourceSingleWithRelativePath (70ms)
    âœ“ testGetTestSourceGroup (61ms)
    âœ“ testGetTestSourceMultipleGroups (92ms)
    âœ“ testParseTestSettingsInvalid (72ms)
    âœ“ testParseTestSettingsNull (74ms)
    âœ“ testParseTestSettingsIncorrect (68ms)
    âœ“ testReadExternalGlobals (61ms)
    âœ“ testReadExternalGlobalsError (64ms)
    âœ“ testStartSeleniumDisabledPerEnvironment (61ms)
    âœ“ testStartSeleniumEnvironmentOverride (66ms)

  test CLI Runner Mocha
    âœ“ testRunWithMochaDefaults
    âœ“ testRunWithMochaPerEnvironment (41ms)
    âœ“ testRunWithMochaCustomOpts

  test Parallel Execution
    âœ“ testParallelExecution (134ms)
    âœ“ test parallel execution with workers defaults (1834ms)
    âœ“ testParallelExecutionSameEnv (140ms)
    âœ“ testParallelExecutionWithWorkersAuto (1832ms)
    âœ“ testParallelExecutionWithWorkers and multiple environments (79ms)
    âœ“ test parallel execution with workers count (966ms)
    âœ“ test parallel execution with workers disabled per environment (83ms)
    âœ“ test parallel execution with workers and single source file (84ms)

  test Parallel Execution Exit Code
    âœ“ test parallel execution with code non zero test workers (775ms)
    âœ“ test parallel execution with code non zero envs (220ms)

  test Mocha integration


  Demo test with Mocha
    for testing purposes
travis_time:end:000fd608:start=1602975702079430218,finish=1602975725359290791,duration=23279860573,event=script[0K[31;1mThe command "npm test" exited with 1.[0m
travis_fold:start:cache.2[0Kstore build cache
travis_time:start:1982b7ee[0Ktravis_time:end:1982b7ee:start=1602975725368468845,finish=1602975725374401804,duration=5932959,event=cache[0Ktravis_time:start:048e5217[0K[32;1mchanges detected, packing new archive[0m
[32;1muploading /[0m
[31;1mfailed to upload cache[0m
travis_time:end:048e5217:start=1602975725382907429,finish=1602975728363071302,duration=2980163873,event=cache[0Ktravis_fold:end:cache.2[0K

Done. Your build exited with 1.
