travis_fold:start:system_info[0K[33;1mBuild system information[0m
Build language: java
Build id: ''
Job id: ''
[34m[1mBuild image provisioning date and time[0m
Thu Feb  5 15:09:33 UTC 2015
[34m[1mOperating System Details[0m
Distributor ID:	Ubuntu
Description:	Ubuntu 12.04.5 LTS
Release:	12.04
Codename:	precise
[34m[1mLinux Version[0m
3.13.0-29-generic
[34m[1mCookbooks Version[0m
a68419e https://github.com/travis-ci/travis-cookbooks/tree/a68419e
[34m[1mGCC version[0m
gcc (Ubuntu/Linaro 4.6.3-1ubuntu5) 4.6.3
Copyright (C) 2011 Free Software Foundation, Inc.
This is free software; see the source for copying conditions.  There is NO
warranty; not even for MERCHANTABILITY or FITNESS FOR A PARTICULAR PURPOSE.

[34m[1mLLVM version[0m
clang version 3.4 (tags/RELEASE_34/final)
Target: x86_64-unknown-linux-gnu
Thread model: posix
[34m[1mPre-installed Ruby versions[0m
ruby-1.9.3-p551
[34m[1mPre-installed Node.js versions[0m
v0.10.36
[34m[1mPre-installed Go versions[0m
1.4.1
[34m[1mRedis version[0m
redis-server 2.8.19
[34m[1mriak version[0m
2.0.2
[34m[1mMongoDB version[0m
MongoDB 2.4.12
[34m[1mCouchDB version[0m
couchdb 1.6.1
[34m[1mNeo4j version[0m
1.9.4
[34m[1mRabbitMQ Version[0m
3.4.3
[34m[1mElasticSearch version[0m
1.4.0
[34m[1mInstalled Sphinx versions[0m
2.0.10
2.1.9
2.2.6
[34m[1mDefault Sphinx version[0m
2.2.6
[34m[1mInstalled Firefox version[0m
firefox 31.0esr
[34m[1mPhantomJS version[0m
1.9.8
[34m[1mant -version[0m
Apache Ant(TM) version 1.8.2 compiled on December 3 2011
[34m[1mmvn -version[0m
Apache Maven 3.2.5 (12a6b3acb947671f09b81f49094c53f426d8cea1; 2014-12-14T17:29:23+00:00)
Maven home: /usr/local/maven
Java version: 1.7.0_76, vendor: Oracle Corporation
Java home: /usr/lib/jvm/java-7-oracle/jre
Default locale: en_US, platform encoding: ANSI_X3.4-1968
OS name: "linux", version: "3.13.0-29-generic", arch: "amd64", family: "unix"
travis_fold:end:system_info[0K
$ jdk_switcher use oraclejdk8
Switching to Oracle JDK8 (java-8-oracle), JAVA_HOME will be set to /usr/lib/jvm/java-8-oracle
$ cd passed/spring-projects/spring-data-jpa

[33;1mSetting environment variables from .travis.yml[0m
$ export PROFILE=querydsl-next

travis_fold:start:cache.1[0KSetting up build cache
$ export CASHER_DIR=$HOME/.casher
travis_time:start:06c27649[0K$ Installing caching utilities

travis_time:end:06c27649:start=1603049691848071087,finish=1603049691907599742,duration=59528655[0Ktravis_time:start:0090c9f6[0K
travis_time:end:0090c9f6:start=1603049691923371552,finish=1603049691934393369,duration=11021817[0Ktravis_time:start:13d5eef8[0K[32;1mattempting to download cache archive[0m

travis_time:end:13d5eef8:start=1603049691947051089,finish=1603049692830324037,duration=883272948[0Ktravis_time:start:0a59f53a[0K
travis_time:end:0a59f53a:start=1603049692842350747,finish=1603049692852093510,duration=9742763[0Ktravis_time:start:2b8b70f6[0K[32;1madding /home/travis/.m2 to cache[0m

travis_time:end:2b8b70f6:start=1603049692863779641,finish=1603049693667346528,duration=803566887[0Ktravis_fold:end:cache.1[0K$ java -Xmx32m -version
$ javac -J-Xmx32m -version
travis_fold:start:install[0Ktravis_time:start:097f244f[0K$ true

travis_time:end:097f244f:start=1603049693961189334,finish=1603049693969963247,duration=8773913[0Ktravis_fold:end:install[0Ktravis_time:start:0a6941f0[0K$ mvn clean dependency:list test -Dhttps.protocols=TLSv1.2 -P${PROFILE} -Dsort
[INFO] Scanning for projects...
Downloading: https://nexus.codehaus.org/snapshots/org/springframework/data/build/spring-data-parent/1.6.1.BUILD-SNAPSHOT/maven-metadata.xml
Downloading: https://repository.apache.org/snapshots/org/springframework/data/build/spring-data-parent/1.6.1.BUILD-SNAPSHOT/maven-metadata.xml
Downloading: https://repo.spring.io/libs-snapshot/org/springframework/data/build/spring-data-parent/1.6.1.BUILD-SNAPSHOT/maven-metadata.xml
Downloading: https://oss.sonatype.org/content/repositories/snapshots/org/springframework/data/build/spring-data-parent/1.6.1.BUILD-SNAPSHOT/maven-metadata.xml
[WARNING] Could not transfer metadata org.springframework.data.build:spring-data-parent:1.6.1.BUILD-SNAPSHOT/maven-metadata.xml from/to sonatype-snapshots (https://oss.sonatype.org/content/repositories/snapshots/): Access denied to: https://oss.sonatype.org/content/repositories/snapshots/org/springframework/data/build/spring-data-parent/1.6.1.BUILD-SNAPSHOT/maven-metadata.xml , ReasonPhrase:Forbidden.
[WARNING] Could not transfer metadata org.springframework.data.build:spring-data-parent:1.6.1.BUILD-SNAPSHOT/maven-metadata.xml from/to codehaus-snapshots (https://nexus.codehaus.org/snapshots/): nexus.codehaus.org: unknown error
Downloading: https://oss.sonatype.org/content/repositories/snapshots/org/springframework/data/build/spring-data-parent/1.6.1.BUILD-SNAPSHOT/spring-data-parent-1.6.1.BUILD-SNAPSHOT.pom
Downloading: https://repository.apache.org/snapshots/org/springframework/data/build/spring-data-parent/1.6.1.BUILD-SNAPSHOT/spring-data-parent-1.6.1.BUILD-SNAPSHOT.pom
Downloading: https://nexus.codehaus.org/snapshots/org/springframework/data/build/spring-data-parent/1.6.1.BUILD-SNAPSHOT/spring-data-parent-1.6.1.BUILD-SNAPSHOT.pom
Downloading: https://repo.spring.io/libs-snapshot/org/springframework/data/build/spring-data-parent/1.6.1.BUILD-SNAPSHOT/spring-data-parent-1.6.1.BUILD-SNAPSHOT.pom
[ERROR] The build could not read 1 project -> [Help 1]
[ERROR]   
[ERROR]   The project org.springframework.data:spring-data-jpa:1.8.1.BUILD-SNAPSHOT (/home/travis/build/passed/spring-projects/spring-data-jpa/pom.xml) has 1 error
[ERROR]     Non-resolvable parent POM: Could not transfer artifact org.springframework.data.build:spring-data-parent:pom:1.6.1.BUILD-SNAPSHOT from/to sonatype-snapshots (https://oss.sonatype.org/content/repositories/snapshots/): Access denied to: https://oss.sonatype.org/content/repositories/snapshots/org/springframework/data/build/spring-data-parent/1.6.1.BUILD-SNAPSHOT/spring-data-parent-1.6.1.BUILD-SNAPSHOT.pom , ReasonPhrase:Forbidden. and 'parent.relativePath' points at wrong local POM @ line 24, column 10 -> [Help 2]
[ERROR] 
[ERROR] To see the full stack trace of the errors, re-run Maven with the -e switch.
[ERROR] Re-run Maven using the -X switch to enable full debug logging.
[ERROR] 
[ERROR] For more information about the errors and possible solutions, please read the following articles:
[ERROR] [Help 1] http://cwiki.apache.org/confluence/display/MAVEN/ProjectBuildingException
[ERROR] [Help 2] http://cwiki.apache.org/confluence/display/MAVEN/UnresolvableModelException

travis_time:end:0a6941f0:start=1603049693981420021,finish=1603049697734535812,duration=3753115791[0K
[31;1mThe command "mvn clean dependency:list test -Dhttps.protocols=TLSv1.2 -P${PROFILE} -Dsort" exited with 1.[0m
travis_fold:start:cache.2[0Kstore build cache
travis_time:start:37d94b09[0K
travis_time:end:37d94b09:start=1603049697746442259,finish=1603049697755138980,duration=8696721[0Ktravis_time:start:3ae5cb77[0K[32;1mchanges detected, packing new archive[0m

travis_time:end:3ae5cb77:start=1603049697765639489,finish=1603049699605725296,duration=1840085807[0Ktravis_fold:end:cache.2[0K
Done. Your build exited with 1.
