travis_time:start:1638c3d8[0Ktravis_time:end:1638c3d8:start=1640492739360537233,finish=1640492739708557214,duration=348019981,event=no_world_writable_dirs[0Ktravis_time:start:0250d01a[0Ktravis_time:end:0250d01a:start=1640492739716035692,finish=1640492739721958880,duration=5923188,event=check_unsupported[0Ktravis_time:start:00f2df10[0Ktravis_fold:start:system_info[0K[33;1mBuild system information[0m
Build language: java
Build group: stable
Build dist: xenial
Build id: ''
Job id: ''
Runtime kernel version: 4.15.0-109-generic
[34m[1mBuild image provisioning date and time[0m
Fri Aug  2 14:20:18 UTC 2019
[34m[1mOperating System Details[0m
Distributor ID:	Ubuntu
Description:	Ubuntu 16.04.6 LTS
Release:	16.04
Codename:	xenial
[34m[1mSystemd Version[0m
systemd 229
[34m[1mCookbooks Version[0m
790f512 https://github.com/travis-ci/travis-cookbooks/tree/790f512
[34m[1mgit version[0m
git version 2.22.0
[34m[1mbash version[0m
GNU bash, version 4.3.48(1)-release (x86_64-pc-linux-gnu)
[34m[1mgcc version[0m
gcc (Ubuntu 5.4.0-6ubuntu1~16.04.11) 5.4.0 20160609
[34m[1mdocker version[0m
Client:
 Version:           18.06.1-ce
 API version:       1.38
 Go version:        go1.10.3
 Git commit:        e68fc7a
 Built:             Tue Aug 21 17:20:43 2018
 OS/Arch:           linux/amd64
 Experimental:      false
[34m[1mclang version[0m
clang version 7.0.0 (tags/RELEASE_700/final)
[34m[1mjq version[0m
jq-1.5
[34m[1mbats version[0m
Bats 0.4.0
[34m[1mshellcheck version[0m
0.6.0
[34m[1mshfmt version[0m
v2.6.3
[34m[1mccache version[0m
3.2.4
[34m[1mcmake version[0m
cmake version 3.12.4
[34m[1mheroku version[0m
heroku/7.27.1 linux-x64 node-v11.14.0
[34m[1mimagemagick version[0m
Version: ImageMagick 6.8.9-9 Q16 x86_64 2019-06-15 http://www.imagemagick.org
[34m[1mmd5deep version[0m
4.4
[34m[1mmercurial version[0m
version 4.8
[34m[1mmysql version[0m
mysql  Ver 14.14 Distrib 5.7.27, for Linux (x86_64) using  EditLine wrapper
[34m[1mopenssl version[0m
OpenSSL 1.0.2g  1 Mar 2016
[34m[1mpacker version[0m
1.3.3
[34m[1mpostgresql client version[0m
psql (PostgreSQL) 10.9 (Ubuntu 10.9-1.pgdg16.04+1)
[34m[1mragel version[0m
Ragel State Machine Compiler version 6.8 Feb 2013
[34m[1msudo version[0m
1.8.16
[34m[1mgzip version[0m
gzip 1.6
[34m[1mzip version[0m
Zip 3.0
[34m[1mvim version[0m
VIM - Vi IMproved 7.4 (2013 Aug 10, compiled Jun 07 2019 15:35:43)
[34m[1miptables version[0m
iptables v1.6.0
[34m[1mcurl version[0m
curl 7.47.0 (x86_64-pc-linux-gnu) libcurl/7.47.0 GnuTLS/3.4.10 zlib/1.2.8 libidn/1.32 librtmp/2.3
[34m[1mwget version[0m
GNU Wget 1.17.1 built on linux-gnu.
[34m[1mrsync version[0m
rsync  version 3.1.1  protocol version 31
[34m[1mgimme version[0m
v1.5.3
[34m[1mnvm version[0m
0.34.0
[34m[1mperlbrew version[0m
/home/travis/perl5/perlbrew/bin/perlbrew  - App::perlbrew/0.86
[34m[1mphpenv version[0m
rbenv 1.1.2-2-g4e92322
[34m[1mrvm version[0m
rvm 1.29.9 (latest) by Michal Papis, Piotr Kuczynski, Wayne E. Seguin [https://rvm.io]
[34m[1mdefault ruby version[0m
ruby 2.5.3p105 (2018-10-18 revision 65156) [x86_64-linux]
[34m[1mCouchDB version[0m
couchdb 1.6.1
[34m[1mElasticSearch version[0m
5.5.0
[34m[1mInstalled Firefox version[0m
firefox 63.0.1
[34m[1mMongoDB version[0m
MongoDB 4.0.11
[34m[1mPhantomJS version[0m
2.1.1
[34m[1mPre-installed PostgreSQL versions[0m
9.4.23
9.5.18
9.6.14
[34m[1mRedis version[0m
redis-server 5.0.5
[34m[1mPre-installed Go versions[0m
1.11.1
[34m[1mant version[0m
Apache Ant(TM) version 1.9.6 compiled on July 20 2018
[34m[1mmvn version[0m
Apache Maven 3.6.0 (97c98ec64a1fdfee7767ce5ffb20918da4f719f3; 2018-10-24T18:41:47Z)
[34m[1mgradle version[0m
Gradle 5.1.1!
[34m[1mlein version[0m
Leiningen 2.9.1 on Java 11.0.2 OpenJDK 64-Bit Server VM
[34m[1mPre-installed Node.js versions[0m
v10.16.1
v11.0.0
v4.9.1
v6.17.1
v8.12.0
v8.16.0
v8.9
[34m[1mphpenv versions[0m
  system
  5.6
  5.6.40
  7.1
  7.1.27
  7.2
* 7.2.15 (set by /home/travis/.phpenv/version)
  hhvm
  hhvm-stable
[34m[1mcomposer --version[0m
Composer version 1.8.4 2019-02-11 10:52:10
[34m[1mPre-installed Ruby versions[0m
ruby-2.3.8
ruby-2.4.5
ruby-2.5.3
travis_fold:end:system_info[0K
travis_time:end:00f2df10:start=1640492739727724789,finish=1640492739786541452,duration=58816663,event=show_system_info[0Ktravis_time:start:05c6c5a0[0Ktravis_time:end:05c6c5a0:start=1640492739793273954,finish=1640492739861865041,duration=68591087,event=rm_riak_source[0Ktravis_time:start:11de296e[0Ktravis_time:end:11de296e:start=1640492739868761140,finish=1640492739881581712,duration=12820572,event=fix_rwky_redis[0Ktravis_time:start:1230cfdf[0K[31;1mTimeout waiting for network availability.[0m
travis_time:end:1230cfdf:start=1640492739891108235,finish=1640492767283510642,duration=27392402407,event=wait_for_network[0Ktravis_time:start:04182081[0Ktravis_time:end:04182081:start=1640492767292030812,finish=1640492778907420755,duration=11615389943,event=update_apt_keys[0Ktravis_time:start:1288f7ca[0Ktravis_time:end:1288f7ca:start=1640492778913094631,finish=1640492779113005658,duration=199911027,event=fix_hhvm_source[0Ktravis_time:start:0a71a8d1[0Ktravis_time:end:0a71a8d1:start=1640492779120279284,finish=1640492779127449746,duration=7170462,event=update_mongo_arch[0Ktravis_time:start:088ca264[0Ktravis_time:end:088ca264:start=1640492779135349683,finish=1640492779227901840,duration=92552157,event=fix_sudo_enabled_trusty[0Ktravis_time:start:05a36420[0Ktravis_time:end:05a36420:start=1640492779234690970,finish=1640492780752392790,duration=1517701820,event=clean_up_path[0Ktravis_time:start:003f3136[0Ktravis_time:end:003f3136:start=1640492780759521710,finish=1640492780950416606,duration=190894896,event=fix_resolv_conf[0Ktravis_time:start:0989e14c[0Ktravis_time:end:0989e14c:start=1640492780957076674,finish=1640492781099079647,duration=142002973,event=fix_etc_hosts[0Ktravis_time:start:1113cda8[0Ktravis_time:end:1113cda8:start=1640492781106705800,finish=1640492781523880979,duration=417175179,event=fix_mvn_settings_xml[0Ktravis_time:start:10345366[0Ktravis_time:end:10345366:start=1640492781530475109,finish=1640492781547943036,duration=17467927,event=no_ipv6_localhost[0Ktravis_time:start:10b81f00[0Ktravis_time:end:10b81f00:start=1640492781553890095,finish=1640492781558329887,duration=4439792,event=fix_etc_mavenrc[0Ktravis_time:start:09eca3f6[0Ktravis_time:end:09eca3f6:start=1640492781564838935,finish=1640492781571476271,duration=6637336,event=fix_wwdr_certificate[0Ktravis_time:start:216f1bcc[0Ktravis_time:end:216f1bcc:start=1640492781578229225,finish=1640492781622215776,duration=43986551,event=put_localhost_first[0Ktravis_time:start:251cc4cf[0Ktravis_time:end:251cc4cf:start=1640492781629066225,finish=1640492781634915119,duration=5848894,event=home_paths[0Ktravis_time:start:08957f10[0Ktravis_time:end:08957f10:start=1640492781641968061,finish=1640492781930489462,duration=288521401,event=disable_initramfs[0Ktravis_time:start:1be50d76[0Ktravis_time:end:1be50d76:start=1640492781937321039,finish=1640492793558997435,duration=11621676396,event=disable_ssh_roaming[0Ktravis_time:start:006575c0[0Ktravis_time:end:006575c0:start=1640492793567877636,finish=1640492793572550100,duration=4672464,event=debug_tools[0Ktravis_time:start:027134ec[0Ktravis_time:end:027134ec:start=1640492793580616629,finish=1640492793589102874,duration=8486245,event=uninstall_oclint[0Ktravis_time:start:097d17ad[0Ktravis_time:end:097d17ad:start=1640492793595886173,finish=1640492793603147703,duration=7261530,event=rvm_use[0Ktravis_time:start:00b2b9e8[0Ktravis_time:end:00b2b9e8:start=1640492793610108987,finish=1640492793625365728,duration=15256741,event=rm_etc_boto_cfg[0Ktravis_time:start:0cb3bf44[0Ktravis_time:end:0cb3bf44:start=1640492793631360697,finish=1640492793636047011,duration=4686314,event=rm_oraclejdk8_symlink[0Ktravis_time:start:139b891a[0Ktravis_time:end:139b891a:start=1640492793642521295,finish=1640492796882810312,duration=3240289017,event=enable_i386[0Ktravis_time:start:1169fd62[0Ktravis_time:end:1169fd62:start=1640492796888588439,finish=1640492796979699653,duration=91111214,event=update_rubygems[0Ktravis_time:start:0edecfa0[0Ktravis_time:end:0edecfa0:start=1640492796985550713,finish=1640492802064477258,duration=5078926545,event=ensure_path_components[0Ktravis_time:start:074aa140[0Ktravis_time:end:074aa140:start=1640492802071387989,finish=1640492802075770724,duration=4382735,event=redefine_curl[0Ktravis_time:start:0d8948ae[0Ktravis_time:end:0d8948ae:start=1640492802083352185,finish=1640492802089357425,duration=6005240,event=nonblock_pipe[0Ktravis_time:start:166bbdc0[0Ktravis_time:end:166bbdc0:start=1640492802096721710,finish=1640492831881615374,duration=29784893664,event=apt_get_update[0Ktravis_time:start:05221725[0Ktravis_time:end:05221725:start=1640492831890008838,finish=1640492831895259199,duration=5250361,event=deprecate_xcode_64[0Ktravis_time:start:0762d614[0Ktravis_time:end:0762d614:start=1640492831902073191,finish=1640492845765046263,duration=13862973072,event=update_heroku[0Ktravis_time:start:0d2ec3e2[0Ktravis_time:end:0d2ec3e2:start=1640492845771294951,finish=1640492845776272214,duration=4977263,event=shell_session_update[0Ktravis_time:start:2aae0b32[0Ktravis_fold:start:docker_mtu[0Ktee: /etc/docker/daemon.json: No such file or directory
docker: unrecognized service
travis_fold:end:docker_mtu[0Ktravis_time:end:2aae0b32:start=1640492845783116813,finish=1640492845829181933,duration=46065120,event=set_docker_mtu[0Ktravis_time:start:0024a6e0[0Ktravis_time:end:0024a6e0:start=1640492845837304724,finish=1640492845857606136,duration=20301412,event=resolvconf[0Ktravis_time:start:31eecd9c[0Ktravis_time:end:31eecd9c:start=1640492845866035284,finish=1640492860207388163,duration=14341352879,event=maven_https[0K
travis_fold:start:install_jdk[0K[33;1mInstalling oraclejdk12[0m
$ export JAVA_HOME=~/oraclejdk12
$ export PATH="$JAVA_HOME/bin:$PATH"
$ ~/bin/install-jdk.sh --target "/home/travis/oraclejdk12" --workspace "/home/travis/.cache/install-jdk" --feature "12" --license "BCL"
Ignoring license option: BCL -- using GPLv2+CE by default
install-jdk.sh 2020-06-02
Variables:
  feature = 12
       os = linux-x64
      url = https://download.java.net/java/GA/jdk12.0.2/e482c34c86bd4bf8b56c0b35558996b9/10/GPL/openjdk-12.0.2_linux-x64_bin.tar.gz
   status = 200
Downloading JDK from https://download.java.net/java/GA/jdk12.0.2/e482c34c86bd4bf8b56c0b35558996b9/10/GPL/openjdk-12.0.2_linux-x64_bin.tar.gz...
Using custom target: /home/travis/oraclejdk12
Picked up _JAVA_OPTIONS: -Xmx2048m -Xms512m
openjdk version "12.0.2" 2019-07-16
OpenJDK Runtime Environment (build 12.0.2+10)
OpenJDK 64-Bit Server VM (build 12.0.2+10, mixed mode, sharing)
travis_fold:end:install_jdk[0Ktravis_time:start:00af1b52[0Ktravis_time:end:00af1b52:start=1640492878721021633,finish=1640492878725578997,duration=4557364,event=fix_ps4[0Ktravis_time:start:13abd1bc[0K
$ cd failed/alibaba/canal

travis_time:end:13abd1bc:start=1640492878731940076,finish=1640492878845508647,duration=113568571,event=checkout[0Ktravis_time:start:00926f99[0Ktravis_time:end:00926f99:start=1640492878851759145,finish=1640492880602463345,duration=1750704200,event=env[0Ktravis_fold:start:cache.1[0KSetting up build cache
$ export CASHER_DIR=${TRAVIS_HOME}/.casher
travis_time:start:08458ea1[0K$ Installing caching utilities
curl: (6) Could not resolve host: https

[31;1mThe command "eval curl -sf  -o $CASHER_DIR/bin/casher https:///files/casher " failed. Retrying, 2 of 3.[0m

curl: (6) Could not resolve host: https

[31;1mThe command "eval curl -sf  -o $CASHER_DIR/bin/casher https:///files/casher " failed. Retrying, 3 of 3.[0m

curl: (6) Could not resolve host: https

[31;1mThe command "eval curl -sf  -o $CASHER_DIR/bin/casher https:///files/casher " failed 3 times.[0m

travis_time:end:08458ea1:start=1640492881864759412,finish=1640492894043905682,duration=12179146270,event=setup_casher[0Ktravis_time:start:0b80f292[0K$ Installing caching utilities from the Travis CI server (https:///files/casher) failed, failing over to using GitHub (https://raw.githubusercontent.com/travis-ci/casher/bash/bin/casher)
travis_time:end:0b80f292:start=1640492894053137941,finish=1640492894319412487,duration=266274546,event=setup_casher[0Ktravis_time:start:080fc0fa[0Ktravis_time:end:080fc0fa:start=1640492894330192777,finish=1640492894337311624,duration=7118847,event=setup_casher[0Ktravis_time:start:0914c095[0Kattempting to download cache archive[0m
[31;1mcould not download cache[0m
travis_time:end:0914c095:start=1640492894346613436,finish=1640492895994172079,duration=1647558643,event=setup_casher[0Ktravis_time:start:0267ef28[0Ktravis_time:end:0267ef28:start=1640492896004142866,finish=1640492896011969988,duration=7827122,event=setup_casher[0Ktravis_time:start:0b2fd865[0Kadding /home/travis/.m2 to cache[0m
travis_time:end:0b2fd865:start=1640492896022385549,finish=1640493030093009292,duration=134070623743,event=setup_casher[0Ktravis_fold:end:cache.1[0K
$ java -Xmx32m -version
Picked up _JAVA_OPTIONS: -Xmx2048m -Xms512m
openjdk version "12.0.2" 2019-07-16
OpenJDK Runtime Environment (build 12.0.2+10)
OpenJDK 64-Bit Server VM (build 12.0.2+10, mixed mode, sharing)
$ javac -J-Xmx32m -version
Picked up _JAVA_OPTIONS: -Xmx2048m -Xms512m
javac 12.0.2
travis_fold:start:install[0Ktravis_time:start:06e4d5c0[0K$ true
travis_time:end:06e4d5c0:start=1640493030516889907,finish=1640493030522173184,duration=5283277,event=install[0Ktravis_fold:end:install[0Ktravis_time:start:0b8a337d[0K$ travis_wait 30 ./mvnw clean install -DskipTests=false -Dcheckstyle.skip=true -Dmaven.javadoc.skip=true


Still running (1 of 30): ./mvnw clean install -DskipTests=false -Dcheckstyle.skip=true -Dmaven.javadoc.skip=trueStill running (2 of 30): ./mvnw clean install -DskipTests=false -Dcheckstyle.skip=true -Dmaven.javadoc.skip=trueStill running (3 of 30): ./mvnw clean install -DskipTests=false -Dcheckstyle.skip=true -Dmaven.javadoc.skip=true
[31;1mThe command ./mvnw clean install -DskipTests=false -Dcheckstyle.skip=true -Dmaven.javadoc.skip=true exited with 1.[0m

[32;1mLog:[0m

Picked up _JAVA_OPTIONS: -Xmx2048m -Xms512m
[[1;34mINFO[m] Scanning for projects...
WARNING: An illegal reflective access operation has occurred
WARNING: Illegal reflective access by org.codehaus.groovy.reflection.CachedClass (file:/home/travis/.m2/repository/org/codehaus/groovy/groovy-all/2.4.14/groovy-all-2.4.14.jar) to method java.lang.Object.finalize()
WARNING: Please consider reporting this to the maintainers of org.codehaus.groovy.reflection.CachedClass
WARNING: Use --illegal-access=warn to enable warnings of further illegal reflective access operations
WARNING: All illegal access operations will be denied in a future release
[[1;34mINFO[m] --- tiles-maven-plugin: Injecting 1 tiles as intermediary parent artifacts for com.alibaba.otter:canal-admin-server...
[[1;34mINFO[m] Mixed 'null:canal-admin-server:null' with tile 'io.ebean.tile:enhancement:11.41.1' as its new parent.
[[1;34mINFO[m] Explicitly set groupId to 'com.alibaba.otter' from original parent 'com.alibaba.otter:canal-admin:1.1.4-SNAPSHOT'.
[[1;34mINFO[m] Explicitly set version to '1.1.4-SNAPSHOT' from original parent 'com.alibaba.otter:canal-admin:1.1.4-SNAPSHOT'.
[[1;34mINFO[m] Mixed 'io.ebean.tile:enhancement:11.41.1' with original parent 'com.alibaba.otter:canal-admin:1.1.4-SNAPSHOT' as its new top level parent.
[[1;34mINFO[m] 
[[1;34mINFO[m] [1m------------------------------------------------------------------------[m
[[1;34mINFO[m] [1mReactor Build Order:[m
[[1;34mINFO[m] 
[[1;34mINFO[m] canal module for otter 1.1.4-SNAPSHOT
[[1;34mINFO[m] canal common module for otter 1.1.4-SNAPSHOT
[[1;34mINFO[m] canal protocol module for otter 1.1.4-SNAPSHOT
[[1;34mINFO[m] canal meta module for otter 1.1.4-SNAPSHOT
[[1;34mINFO[m] canal driver module for otter 1.1.4-SNAPSHOT
[[1;34mINFO[m] canal dbsync module for otter 1.1.4-SNAPSHOT
[[1;34mINFO[m] canal sink module for otter 1.1.4-SNAPSHOT
[[1;34mINFO[m] canal store module for otter 1.1.4-SNAPSHOT
[[1;34mINFO[m] canal sink module for otter 1.1.4-SNAPSHOT
[[1;34mINFO[m] canal parse module for otter 1.1.4-SNAPSHOT
[[1;34mINFO[m] canal instance core module for otter 1.1.4-SNAPSHOT
[[1;34mINFO[m] canal instance spring module for otter 1.1.4-SNAPSHOT
[[1;34mINFO[m] canal instance manager module for otter 1.1.4-SNAPSHOT
[[1;34mINFO[m] canal instance module for otter 1.1.4-SNAPSHOT
[[1;34mINFO[m] canal server module for otter 1.1.4-SNAPSHOT
[[1;34mINFO[m] canal client module for otter 1.1.4-SNAPSHOT
[[1;34mINFO[m] canal prometheus module for otter 1.1.4-SNAPSHOT
[[1;34mINFO[m] canal deployer module for otter 1.1.4-SNAPSHOT
[[1;34mINFO[m] canal example module for otter 1.1.4-SNAPSHOT
[[1;34mINFO[m] canal client adapter module for otter 1.1.4-SNAPSHOT
[[1;34mINFO[m] canal client adapter common module for otter 1.1.4-SNAPSHOT
[[1;34mINFO[m] canal client adapter logger example module for otter 1.1.4-SNAPSHOT
[[1;34mINFO[m] canal client adapter hbase module for otter 1.1.4-SNAPSHOT
[[1;34mINFO[m] canal client adapter elasticsearch module for otter 1.1.4-SNAPSHOT
[[1;34mINFO[m] canal client adapter rdb module for otter 1.1.4-SNAPSHOT
[[1;34mINFO[m] canal client adapter launcher module for otter 1.1.4-SNAPSHOT
[[1;34mINFO[m] canal-admin
[[1;34mINFO[m] canal-admin-ui
[[1;34mINFO[m] canal-admin-server
[[1;34mINFO[m] 
[[1;34mINFO[m] [1m------------------------------------------------------------------------[m
[[1;34mINFO[m] [1mBuilding canal module for otter 1.1.4-SNAPSHOT 1.1.4-SNAPSHOT[m
[[1;34mINFO[m] [1m------------------------------------------------------------------------[m
[[1;34mINFO[m] 
[[1;34mINFO[m] [1m--- [0;32mmaven-clean-plugin:2.5:clean[m [1m(default-clean)[m @ [36mcanal[0;1m ---[m
[[1;34mINFO[m] 
[[1;34mINFO[m] [1m--- [0;32mmaven-enforcer-plugin:1.0:enforce[m [1m(enforce-maven)[m @ [36mcanal[0;1m ---[m
[[1;34mINFO[m] 
[[1;34mINFO[m] [1m--- [0;32mjacoco-maven-plugin:0.8.3:prepare-agent[m [1m(jacoco-initialize)[m @ [36mcanal[0;1m ---[m
[[1;34mINFO[m] jacocoArgLine set to -javaagent:/home/travis/.m2/repository/org/jacoco/org.jacoco.agent/0.8.3/org.jacoco.agent-0.8.3-runtime.jar=destfile=/home/travis/build/failed/alibaba/canal/target/jacoco.exec
[[1;34mINFO[m] 
[[1;34mINFO[m] [1m>>> [0;32mmaven-source-plugin:2.4:jar[m [1m(attach-sources)[0;1m > [0;1mgenerate-sources[m @ [36mcanal[0;1m >>>[m
[[1;34mINFO[m] 
[[1;34mINFO[m] [1m--- [0;32mmaven-enforcer-plugin:1.0:enforce[m [1m(enforce-maven)[m @ [36mcanal[0;1m ---[m
[[1;34mINFO[m] 
[[1;34mINFO[m] [1m--- [0;32mjacoco-maven-plugin:0.8.3:prepare-agent[m [1m(jacoco-initialize)[m @ [36mcanal[0;1m ---[m
[[1;34mINFO[m] jacocoArgLine set to -javaagent:/home/travis/.m2/repository/org/jacoco/org.jacoco.agent/0.8.3/org.jacoco.agent-0.8.3-runtime.jar=destfile=/home/travis/build/failed/alibaba/canal/target/jacoco.exec
[[1;34mINFO[m] 
[[1;34mINFO[m] [1m<<< [0;32mmaven-source-plugin:2.4:jar[m [1m(attach-sources)[0;1m < [0;1mgenerate-sources[m @ [36mcanal[0;1m <<<[m
[[1;34mINFO[m] 
[[1;34mINFO[m] 
[[1;34mINFO[m] [1m--- [0;32mmaven-source-plugin:2.4:jar[m [1m(attach-sources)[m @ [36mcanal[0;1m ---[m
[[1;34mINFO[m] 
[[1;34mINFO[m] [1m--- [0;32mmaven-javadoc-plugin:2.9.1:jar[m [1m(attach-javadocs)[m @ [36mcanal[0;1m ---[m
[[1;34mINFO[m] Skipping javadoc generation
[[1;34mINFO[m] 
[[1;34mINFO[m] [1m--- [0;32mjacoco-maven-plugin:0.8.3:report-aggregate[m [1m(report-aggregate)[m @ [36mcanal[0;1m ---[m
[[1;34mINFO[m] 
[[1;34mINFO[m] [1m--- [0;32mmaven-install-plugin:2.4:install[m [1m(default-install)[m @ [36mcanal[0;1m ---[m
[[1;34mINFO[m] Installing /home/travis/build/failed/alibaba/canal/pom.xml to /home/travis/.m2/repository/com/alibaba/otter/canal/1.1.4-SNAPSHOT/canal-1.1.4-SNAPSHOT.pom
[[1;34mINFO[m] 
[[1;34mINFO[m] [1m------------------------------------------------------------------------[m
[[1;34mINFO[m] [1mBuilding canal common module for otter 1.1.4-SNAPSHOT 1.1.4-SNAPSHOT[m
[[1;34mINFO[m] [1m------------------------------------------------------------------------[m
[[1;34mINFO[m] 
[[1;34mINFO[m] [1m--- [0;32mmaven-clean-plugin:2.5:clean[m [1m(default-clean)[m @ [36mcanal.common[0;1m ---[m
[[1;34mINFO[m] 
[[1;34mINFO[m] [1m--- [0;32mmaven-enforcer-plugin:1.0:enforce[m [1m(enforce-maven)[m @ [36mcanal.common[0;1m ---[m
[[1;34mINFO[m] 
[[1;34mINFO[m] [1m--- [0;32mjacoco-maven-plugin:0.8.3:prepare-agent[m [1m(jacoco-initialize)[m @ [36mcanal.common[0;1m ---[m
[[1;34mINFO[m] jacocoArgLine set to -javaagent:/home/travis/.m2/repository/org/jacoco/org.jacoco.agent/0.8.3/org.jacoco.agent-0.8.3-runtime.jar=destfile=/home/travis/build/failed/alibaba/canal/common/target/jacoco.exec
[[1;34mINFO[m] 
[[1;34mINFO[m] [1m--- [0;32mmaven-resources-plugin:2.6:resources[m [1m(default-resources)[m @ [36mcanal.common[0;1m ---[m
[[1;34mINFO[m] Using 'UTF-8' encoding to copy filtered resources.
[[1;34mINFO[m] skip non existing resourceDirectory /home/travis/build/failed/alibaba/canal/common/src/main/resources
[[1;34mINFO[m] 
[[1;34mINFO[m] [1m--- [0;32mmaven-compiler-plugin:3.7.0:compile[m [1m(default-compile)[m @ [36mcanal.common[0;1m ---[m
[[1;34mINFO[m] Changes detected - recompiling the module!
[[1;34mINFO[m] Compiling 23 source files to /home/travis/build/failed/alibaba/canal/common/target/classes
[[1;34mINFO[m] /home/travis/build/failed/alibaba/canal/common/src/main/java/com/alibaba/otter/canal/common/utils/UriUtils.java: Some input files use unchecked or unsafe operations.
[[1;34mINFO[m] /home/travis/build/failed/alibaba/canal/common/src/main/java/com/alibaba/otter/canal/common/utils/UriUtils.java: Recompile with -Xlint:unchecked for details.
[[1;34mINFO[m] 
[[1;34mINFO[m] [1m--- [0;32mmaven-resources-plugin:2.6:testResources[m [1m(default-testResources)[m @ [36mcanal.common[0;1m ---[m
[[1;34mINFO[m] Using 'UTF-8' encoding to copy filtered resources.
[[1;34mINFO[m] skip non existing resourceDirectory /home/travis/build/failed/alibaba/canal/common/src/test/resources
[[1;34mINFO[m] 
[[1;34mINFO[m] [1m--- [0;32mmaven-compiler-plugin:3.7.0:testCompile[m [1m(default-testCompile)[m @ [36mcanal.common[0;1m ---[m
[[1;34mINFO[m] Changes detected - recompiling the module!
[[1;34mINFO[m] Compiling 2 source files to /home/travis/build/failed/alibaba/canal/common/target/test-classes
[[1;34mINFO[m] 
[[1;34mINFO[m] [1m--- [0;32mmaven-surefire-plugin:2.22.1:test[m [1m(default-test)[m @ [36mcanal.common[0;1m ---[m
[[1;34mINFO[m] 
[[1;34mINFO[m] -------------------------------------------------------
[[1;34mINFO[m]  T E S T S
[[1;34mINFO[m] -------------------------------------------------------
[[1;34mINFO[m] Running com.alibaba.otter.canal.common.[1mServerRunningTest[m
[[1;33mWARNING[m] [1;33mTests [0;1mrun: [0;1m1[m, Failures: 0, Errors: 0, [1;33mSkipped: [0;1;33m1[m, Time elapsed: 0.015 s - in com.alibaba.otter.canal.common.[1mServerRunningTest[m
[[1;34mINFO[m] 
[[1;34mINFO[m] Results:
[[1;34mINFO[m] 
[[1;33mWARNING[m] [1;33mTests run: 1, Failures: 0, Errors: 0, Skipped: 1[m
[[1;34mINFO[m] 
[[1;34mINFO[m] 
[[1;34mINFO[m] [1m--- [0;32mmaven-jar-plugin:3.0.2:jar[m [1m(default-jar)[m @ [36mcanal.common[0;1m ---[m
[[1;34mINFO[m] Building jar: /home/travis/build/failed/alibaba/canal/common/target/canal.common-1.1.4-SNAPSHOT.jar
[[1;34mINFO[m] 
[[1;34mINFO[m] [1m>>> [0;32mmaven-source-plugin:2.4:jar[m [1m(attach-sources)[0;1m > [0;1mgenerate-sources[m @ [36mcanal.common[0;1m >>>[m
[[1;34mINFO[m] 
[[1;34mINFO[m] [1m--- [0;32mmaven-enforcer-plugin:1.0:enforce[m [1m(enforce-maven)[m @ [36mcanal.common[0;1m ---[m
[[1;34mINFO[m] 
[[1;34mINFO[m] [1m--- [0;32mjacoco-maven-plugin:0.8.3:prepare-agent[m [1m(jacoco-initialize)[m @ [36mcanal.common[0;1m ---[m
[[1;34mINFO[m] jacocoArgLine set to -javaagent:/home/travis/.m2/repository/org/jacoco/org.jacoco.agent/0.8.3/org.jacoco.agent-0.8.3-runtime.jar=destfile=/home/travis/build/failed/alibaba/canal/common/target/jacoco.exec
[[1;34mINFO[m] 
[[1;34mINFO[m] [1m<<< [0;32mmaven-source-plugin:2.4:jar[m [1m(attach-sources)[0;1m < [0;1mgenerate-sources[m @ [36mcanal.common[0;1m <<<[m
[[1;34mINFO[m] 
[[1;34mINFO[m] 
[[1;34mINFO[m] [1m--- [0;32mmaven-source-plugin:2.4:jar[m [1m(attach-sources)[m @ [36mcanal.common[0;1m ---[m
[[1;34mINFO[m] Building jar: /home/travis/build/failed/alibaba/canal/common/target/canal.common-1.1.4-SNAPSHOT-sources.jar
[[1;34mINFO[m] 
[[1;34mINFO[m] [1m--- [0;32mmaven-javadoc-plugin:2.9.1:jar[m [1m(attach-javadocs)[m @ [36mcanal.common[0;1m ---[m
[[1;34mINFO[m] Skipping javadoc generation
[[1;34mINFO[m] 
[[1;34mINFO[m] [1m--- [0;32mjacoco-maven-plugin:0.8.3:report-aggregate[m [1m(report-aggregate)[m @ [36mcanal.common[0;1m ---[m
[[1;34mINFO[m] Loading execution data file /home/travis/build/failed/alibaba/canal/common/target/jacoco.exec
[[1;34mINFO[m] 
[[1;34mINFO[m] [1m--- [0;32mmaven-install-plugin:2.4:install[m [1m(default-install)[m @ [36mcanal.common[0;1m ---[m
[[1;34mINFO[m] Installing /home/travis/build/failed/alibaba/canal/common/target/canal.common-1.1.4-SNAPSHOT.jar to /home/travis/.m2/repository/com/alibaba/otter/canal.common/1.1.4-SNAPSHOT/canal.common-1.1.4-SNAPSHOT.jar
[[1;34mINFO[m] Installing /home/travis/build/failed/alibaba/canal/common/pom.xml to /home/travis/.m2/repository/com/alibaba/otter/canal.common/1.1.4-SNAPSHOT/canal.common-1.1.4-SNAPSHOT.pom
[[1;34mINFO[m] Installing /home/travis/build/failed/alibaba/canal/common/target/canal.common-1.1.4-SNAPSHOT-sources.jar to /home/travis/.m2/repository/com/alibaba/otter/canal.common/1.1.4-SNAPSHOT/canal.common-1.1.4-SNAPSHOT-sources.jar
[[1;34mINFO[m] 
[[1;34mINFO[m] [1m------------------------------------------------------------------------[m
[[1;34mINFO[m] [1mBuilding canal protocol module for otter 1.1.4-SNAPSHOT 1.1.4-SNAPSHOT[m
[[1;34mINFO[m] [1m------------------------------------------------------------------------[m
[[1;34mINFO[m] 
[[1;34mINFO[m] [1m--- [0;32mmaven-clean-plugin:2.5:clean[m [1m(default-clean)[m @ [36mcanal.protocol[0;1m ---[m
[[1;34mINFO[m] 
[[1;34mINFO[m] [1m--- [0;32mmaven-enforcer-plugin:1.0:enforce[m [1m(enforce-maven)[m @ [36mcanal.protocol[0;1m ---[m
[[1;34mINFO[m] 
[[1;34mINFO[m] [1m--- [0;32mjacoco-maven-plugin:0.8.3:prepare-agent[m [1m(jacoco-initialize)[m @ [36mcanal.protocol[0;1m ---[m
[[1;34mINFO[m] jacocoArgLine set to -javaagent:/home/travis/.m2/repository/org/jacoco/org.jacoco.agent/0.8.3/org.jacoco.agent-0.8.3-runtime.jar=destfile=/home/travis/build/failed/alibaba/canal/protocol/target/jacoco.exec
[[1;34mINFO[m] 
[[1;34mINFO[m] [1m--- [0;32mmaven-resources-plugin:2.6:resources[m [1m(default-resources)[m @ [36mcanal.protocol[0;1m ---[m
[[1;34mINFO[m] Using 'UTF-8' encoding to copy filtered resources.
[[1;34mINFO[m] skip non existing resourceDirectory /home/travis/build/failed/alibaba/canal/protocol/src/main/resources
[[1;34mINFO[m] 
[[1;34mINFO[m] [1m--- [0;32mmaven-compiler-plugin:3.7.0:compile[m [1m(default-compile)[m @ [36mcanal.protocol[0;1m ---[m
[[1;34mINFO[m] Changes detected - recompiling the module!
[[1;34mINFO[m] Compiling 15 source files to /home/travis/build/failed/alibaba/canal/protocol/target/classes
[[1;34mINFO[m] /home/travis/build/failed/alibaba/canal/protocol/src/main/java/com/alibaba/otter/canal/protocol/Message.java: /home/travis/build/failed/alibaba/canal/protocol/src/main/java/com/alibaba/otter/canal/protocol/Message.java uses unchecked or unsafe operations.
[[1;34mINFO[m] /home/travis/build/failed/alibaba/canal/protocol/src/main/java/com/alibaba/otter/canal/protocol/Message.java: Recompile with -Xlint:unchecked for details.
[[1;34mINFO[m] 
[[1;34mINFO[m] [1m--- [0;32mmaven-resources-plugin:2.6:testResources[m [1m(default-testResources)[m @ [36mcanal.protocol[0;1m ---[m
[[1;34mINFO[m] Using 'UTF-8' encoding to copy filtered resources.
[[1;34mINFO[m] skip non existing resourceDirectory /home/travis/build/failed/alibaba/canal/protocol/src/test/resources
[[1;34mINFO[m] 
[[1;34mINFO[m] [1m--- [0;32mmaven-compiler-plugin:3.7.0:testCompile[m [1m(default-testCompile)[m @ [36mcanal.protocol[0;1m ---[m
[[1;34mINFO[m] No sources to compile
[[1;34mINFO[m] 
[[1;34mINFO[m] [1m--- [0;32mmaven-surefire-plugin:2.22.1:test[m [1m(default-test)[m @ [36mcanal.protocol[0;1m ---[m
[[1;34mINFO[m] No tests to run.
[[1;34mINFO[m] 
[[1;34mINFO[m] [1m--- [0;32mmaven-jar-plugin:3.0.2:jar[m [1m(default-jar)[m @ [36mcanal.protocol[0;1m ---[m
[[1;34mINFO[m] Building jar: /home/travis/build/failed/alibaba/canal/protocol/target/canal.protocol-1.1.4-SNAPSHOT.jar
[[1;34mINFO[m] 
[[1;34mINFO[m] [1m>>> [0;32mmaven-source-plugin:2.4:jar[m [1m(attach-sources)[0;1m > [0;1mgenerate-sources[m @ [36mcanal.protocol[0;1m >>>[m
[[1;34mINFO[m] 
[[1;34mINFO[m] [1m--- [0;32mmaven-enforcer-plugin:1.0:enforce[m [1m(enforce-maven)[m @ [36mcanal.protocol[0;1m ---[m
[[1;34mINFO[m] 
[[1;34mINFO[m] [1m--- [0;32mjacoco-maven-plugin:0.8.3:prepare-agent[m [1m(jacoco-initialize)[m @ [36mcanal.protocol[0;1m ---[m
[[1;34mINFO[m] jacocoArgLine set to -javaagent:/home/travis/.m2/repository/org/jacoco/org.jacoco.agent/0.8.3/org.jacoco.agent-0.8.3-runtime.jar=destfile=/home/travis/build/failed/alibaba/canal/protocol/target/jacoco.exec
[[1;34mINFO[m] 
[[1;34mINFO[m] [1m<<< [0;32mmaven-source-plugin:2.4:jar[m [1m(attach-sources)[0;1m < [0;1mgenerate-sources[m @ [36mcanal.protocol[0;1m <<<[m
[[1;34mINFO[m] 
[[1;34mINFO[m] 
[[1;34mINFO[m] [1m--- [0;32mmaven-source-plugin:2.4:jar[m [1m(attach-sources)[m @ [36mcanal.protocol[0;1m ---[m
[[1;34mINFO[m] Building jar: /home/travis/build/failed/alibaba/canal/protocol/target/canal.protocol-1.1.4-SNAPSHOT-sources.jar
[[1;34mINFO[m] 
[[1;34mINFO[m] [1m--- [0;32mmaven-javadoc-plugin:2.9.1:jar[m [1m(attach-javadocs)[m @ [36mcanal.protocol[0;1m ---[m
[[1;34mINFO[m] Skipping javadoc generation
[[1;34mINFO[m] 
[[1;34mINFO[m] [1m--- [0;32mjacoco-maven-plugin:0.8.3:report-aggregate[m [1m(report-aggregate)[m @ [36mcanal.protocol[0;1m ---[m
[[1;34mINFO[m] Loading execution data file /home/travis/build/failed/alibaba/canal/common/target/jacoco.exec
[[1;34mINFO[m] Analyzed bundle 'canal.common' with 28 classes
[[1;34mINFO[m] 
[[1;34mINFO[m] [1m--- [0;32mmaven-install-plugin:2.4:install[m [1m(default-install)[m @ [36mcanal.protocol[0;1m ---[m
[[1;34mINFO[m] Installing /home/travis/build/failed/alibaba/canal/protocol/target/canal.protocol-1.1.4-SNAPSHOT.jar to /home/travis/.m2/repository/com/alibaba/otter/canal.protocol/1.1.4-SNAPSHOT/canal.protocol-1.1.4-SNAPSHOT.jar
[[1;34mINFO[m] Installing /home/travis/build/failed/alibaba/canal/protocol/pom.xml to /home/travis/.m2/repository/com/alibaba/otter/canal.protocol/1.1.4-SNAPSHOT/canal.protocol-1.1.4-SNAPSHOT.pom
[[1;34mINFO[m] Installing /home/travis/build/failed/alibaba/canal/protocol/target/canal.protocol-1.1.4-SNAPSHOT-sources.jar to /home/travis/.m2/repository/com/alibaba/otter/canal.protocol/1.1.4-SNAPSHOT/canal.protocol-1.1.4-SNAPSHOT-sources.jar
[[1;34mINFO[m] 
[[1;34mINFO[m] [1m------------------------------------------------------------------------[m
[[1;34mINFO[m] [1mBuilding canal meta module for otter 1.1.4-SNAPSHOT 1.1.4-SNAPSHOT[m
[[1;34mINFO[m] [1m------------------------------------------------------------------------[m
[[1;34mINFO[m] 
[[1;34mINFO[m] [1m--- [0;32mmaven-clean-plugin:2.5:clean[m [1m(default-clean)[m @ [36mcanal.meta[0;1m ---[m
[[1;34mINFO[m] 
[[1;34mINFO[m] [1m--- [0;32mmaven-enforcer-plugin:1.0:enforce[m [1m(enforce-maven)[m @ [36mcanal.meta[0;1m ---[m
[[1;34mINFO[m] 
[[1;34mINFO[m] [1m--- [0;32mjacoco-maven-plugin:0.8.3:prepare-agent[m [1m(jacoco-initialize)[m @ [36mcanal.meta[0;1m ---[m
[[1;34mINFO[m] jacocoArgLine set to -javaagent:/home/travis/.m2/repository/org/jacoco/org.jacoco.agent/0.8.3/org.jacoco.agent-0.8.3-runtime.jar=destfile=/home/travis/build/failed/alibaba/canal/meta/target/jacoco.exec
[[1;34mINFO[m] 
[[1;34mINFO[m] [1m--- [0;32mmaven-resources-plugin:2.6:resources[m [1m(default-resources)[m @ [36mcanal.meta[0;1m ---[m
[[1;34mINFO[m] Using 'UTF-8' encoding to copy filtered resources.
[[1;34mINFO[m] skip non existing resourceDirectory /home/travis/build/failed/alibaba/canal/meta/src/main/resources
[[1;34mINFO[m] 
[[1;34mINFO[m] [1m--- [0;32mmaven-compiler-plugin:3.7.0:compile[m [1m(default-compile)[m @ [36mcanal.meta[0;1m ---[m
[[1;34mINFO[m] Changes detected - recompiling the module!
[[1;34mINFO[m] Compiling 7 source files to /home/travis/build/failed/alibaba/canal/meta/target/classes
[[1;34mINFO[m] 
[[1;34mINFO[m] [1m--- [0;32mmaven-resources-plugin:2.6:testResources[m [1m(default-testResources)[m @ [36mcanal.meta[0;1m ---[m
[[1;34mINFO[m] Using 'UTF-8' encoding to copy filtered resources.
[[1;34mINFO[m] skip non existing resourceDirectory /home/travis/build/failed/alibaba/canal/meta/src/test/resources
[[1;34mINFO[m] 
[[1;34mINFO[m] [1m--- [0;32mmaven-compiler-plugin:3.7.0:testCompile[m [1m(default-testCompile)[m @ [36mcanal.meta[0;1m ---[m
[[1;34mINFO[m] Changes detected - recompiling the module!
[[1;34mINFO[m] Compiling 7 source files to /home/travis/build/failed/alibaba/canal/meta/target/test-classes
[[1;34mINFO[m] 
[[1;34mINFO[m] [1m--- [0;32mmaven-surefire-plugin:2.22.1:test[m [1m(default-test)[m @ [36mcanal.meta[0;1m ---[m
[[1;34mINFO[m] 
[[1;34mINFO[m] -------------------------------------------------------
[[1;34mINFO[m]  T E S T S
[[1;34mINFO[m] -------------------------------------------------------
[[1;34mINFO[m] Running com.alibaba.otter.canal.meta.[1mAbstractMetaManagerTest[m
[[1;33mWARNING[m] [1;33mTests [0;1mrun: [0;1m1[m, Failures: 0, Errors: 0, [1;33mSkipped: [0;1;33m1[m, Time elapsed: 0.036 s - in com.alibaba.otter.canal.meta.[1mAbstractMetaManagerTest[m
[[1;34mINFO[m] Running com.alibaba.otter.canal.meta.[1mMixedMetaManagerTest[m
[[1;33mWARNING[m] [1;33mTests [0;1mrun: [0;1m1[m, Failures: 0, Errors: 0, [1;33mSkipped: [0;1;33m1[m, Time elapsed: 0 s - in com.alibaba.otter.canal.meta.[1mMixedMetaManagerTest[m
[[1;34mINFO[m] Running com.alibaba.otter.canal.meta.[1mPeriodMixedMetaManagerTest[m
[[1;33mWARNING[m] [1;33mTests [0;1mrun: [0;1m1[m, Failures: 0, Errors: 0, [1;33mSkipped: [0;1;33m1[m, Time elapsed: 0 s - in com.alibaba.otter.canal.meta.[1mPeriodMixedMetaManagerTest[m
[[1;34mINFO[m] Running com.alibaba.otter.canal.meta.[1mZooKeeperMetaManagerTest[m
[[1;33mWARNING[m] [1;33mTests [0;1mrun: [0;1m1[m, Failures: 0, Errors: 0, [1;33mSkipped: [0;1;33m1[m, Time elapsed: 0 s - in com.alibaba.otter.canal.meta.[1mZooKeeperMetaManagerTest[m
[[1;34mINFO[m] Running com.alibaba.otter.canal.meta.[1mMemoryMetaManagerTest[m
[[1;33mWARNING[m] [1;33mTests [0;1mrun: [0;1m1[m, Failures: 0, Errors: 0, [1;33mSkipped: [0;1;33m1[m, Time elapsed: 0 s - in com.alibaba.otter.canal.meta.[1mMemoryMetaManagerTest[m
[[1;34mINFO[m] Running com.alibaba.otter.canal.meta.[1mFileMixedMetaManagerTest[m
[[1;33mWARNING[m] [1;33mTests [0;1mrun: [0;1m1[m, Failures: 0, Errors: 0, [1;33mSkipped: [0;1;33m1[m, Time elapsed: 0 s - in com.alibaba.otter.canal.meta.[1mFileMixedMetaManagerTest[m
[[1;34mINFO[m] 
[[1;34mINFO[m] Results:
[[1;34mINFO[m] 
[[1;33mWARNING[m] [1;33mTests run: 6, Failures: 0, Errors: 0, Skipped: 6[m
[[1;34mINFO[m] 
[[1;34mINFO[m] 
[[1;34mINFO[m] [1m--- [0;32mmaven-jar-plugin:3.0.2:jar[m [1m(default-jar)[m @ [36mcanal.meta[0;1m ---[m
[[1;34mINFO[m] Building jar: /home/travis/build/failed/alibaba/canal/meta/target/canal.meta-1.1.4-SNAPSHOT.jar
[[1;34mINFO[m] 
[[1;34mINFO[m] [1m>>> [0;32mmaven-source-plugin:2.4:jar[m [1m(attach-sources)[0;1m > [0;1mgenerate-sources[m @ [36mcanal.meta[0;1m >>>[m
[[1;34mINFO[m] 
[[1;34mINFO[m] [1m--- [0;32mmaven-enforcer-plugin:1.0:enforce[m [1m(enforce-maven)[m @ [36mcanal.meta[0;1m ---[m
[[1;34mINFO[m] 
[[1;34mINFO[m] [1m--- [0;32mjacoco-maven-plugin:0.8.3:prepare-agent[m [1m(jacoco-initialize)[m @ [36mcanal.meta[0;1m ---[m
[[1;34mINFO[m] jacocoArgLine set to -javaagent:/home/travis/.m2/repository/org/jacoco/org.jacoco.agent/0.8.3/org.jacoco.agent-0.8.3-runtime.jar=destfile=/home/travis/build/failed/alibaba/canal/meta/target/jacoco.exec
[[1;34mINFO[m] 
[[1;34mINFO[m] [1m<<< [0;32mmaven-source-plugin:2.4:jar[m [1m(attach-sources)[0;1m < [0;1mgenerate-sources[m @ [36mcanal.meta[0;1m <<<[m
[[1;34mINFO[m] 
[[1;34mINFO[m] 
[[1;34mINFO[m] [1m--- [0;32mmaven-source-plugin:2.4:jar[m [1m(attach-sources)[m @ [36mcanal.meta[0;1m ---[m
[[1;34mINFO[m] Building jar: /home/travis/build/failed/alibaba/canal/meta/target/canal.meta-1.1.4-SNAPSHOT-sources.jar
[[1;34mINFO[m] 
[[1;34mINFO[m] [1m--- [0;32mmaven-javadoc-plugin:2.9.1:jar[m [1m(attach-javadocs)[m @ [36mcanal.meta[0;1m ---[m
[[1;34mINFO[m] Skipping javadoc generation
[[1;34mINFO[m] 
[[1;34mINFO[m] [1m--- [0;32mjacoco-maven-plugin:0.8.3:report-aggregate[m [1m(report-aggregate)[m @ [36mcanal.meta[0;1m ---[m
[[1;34mINFO[m] Loading execution data file /home/travis/build/failed/alibaba/canal/meta/target/jacoco.exec
[[1;34mINFO[m] Loading execution data file /home/travis/build/failed/alibaba/canal/common/target/jacoco.exec
[[1;34mINFO[m] Analyzed bundle 'canal.common' with 28 classes
[[1;34mINFO[m] Analyzed bundle 'canal.protocol' with 131 classes
[[1;34mINFO[m] 
[[1;34mINFO[m] [1m--- [0;32mmaven-install-plugin:2.4:install[m [1m(default-install)[m @ [36mcanal.meta[0;1m ---[m
[[1;34mINFO[m] Installing /home/travis/build/failed/alibaba/canal/meta/target/canal.meta-1.1.4-SNAPSHOT.jar to /home/travis/.m2/repository/com/alibaba/otter/canal.meta/1.1.4-SNAPSHOT/canal.meta-1.1.4-SNAPSHOT.jar
[[1;34mINFO[m] Installing /home/travis/build/failed/alibaba/canal/meta/pom.xml to /home/travis/.m2/repository/com/alibaba/otter/canal.meta/1.1.4-SNAPSHOT/canal.meta-1.1.4-SNAPSHOT.pom
[[1;34mINFO[m] Installing /home/travis/build/failed/alibaba/canal/meta/target/canal.meta-1.1.4-SNAPSHOT-sources.jar to /home/travis/.m2/repository/com/alibaba/otter/canal.meta/1.1.4-SNAPSHOT/canal.meta-1.1.4-SNAPSHOT-sources.jar
[[1;34mINFO[m] 
[[1;34mINFO[m] [1m------------------------------------------------------------------------[m
[[1;34mINFO[m] [1mBuilding canal driver module for otter 1.1.4-SNAPSHOT 1.1.4-SNAPSHOT[m
[[1;34mINFO[m] [1m------------------------------------------------------------------------[m
[[1;34mINFO[m] 
[[1;34mINFO[m] [1m--- [0;32mmaven-clean-plugin:2.5:clean[m [1m(default-clean)[m @ [36mcanal.parse.driver[0;1m ---[m
[[1;34mINFO[m] 
[[1;34mINFO[m] [1m--- [0;32mmaven-enforcer-plugin:1.0:enforce[m [1m(enforce-maven)[m @ [36mcanal.parse.driver[0;1m ---[m
[[1;34mINFO[m] 
[[1;34mINFO[m] [1m--- [0;32mjacoco-maven-plugin:0.8.3:prepare-agent[m [1m(jacoco-initialize)[m @ [36mcanal.parse.driver[0;1m ---[m
[[1;34mINFO[m] jacocoArgLine set to -javaagent:/home/travis/.m2/repository/org/jacoco/org.jacoco.agent/0.8.3/org.jacoco.agent-0.8.3-runtime.jar=destfile=/home/travis/build/failed/alibaba/canal/driver/target/jacoco.exec
[[1;34mINFO[m] 
[[1;34mINFO[m] [1m--- [0;32mmaven-resources-plugin:2.6:resources[m [1m(default-resources)[m @ [36mcanal.parse.driver[0;1m ---[m
[[1;34mINFO[m] Using 'UTF-8' encoding to copy filtered resources.
[[1;34mINFO[m] skip non existing resourceDirectory /home/travis/build/failed/alibaba/canal/driver/src/main/resources
[[1;34mINFO[m] 
[[1;34mINFO[m] [1m--- [0;32mmaven-compiler-plugin:3.7.0:compile[m [1m(default-compile)[m @ [36mcanal.parse.driver[0;1m ---[m
[[1;34mINFO[m] Changes detected - recompiling the module!
[[1;34mINFO[m] Compiling 45 source files to /home/travis/build/failed/alibaba/canal/driver/target/classes
[[1;34mINFO[m] 
[[1;34mINFO[m] [1m--- [0;32mmaven-resources-plugin:2.6:testResources[m [1m(default-testResources)[m @ [36mcanal.parse.driver[0;1m ---[m
[[1;34mINFO[m] Using 'UTF-8' encoding to copy filtered resources.
[[1;34mINFO[m] skip non existing resourceDirectory /home/travis/build/failed/alibaba/canal/driver/src/test/resources
[[1;34mINFO[m] 
[[1;34mINFO[m] [1m--- [0;32mmaven-compiler-plugin:3.7.0:testCompile[m [1m(default-testCompile)[m @ [36mcanal.parse.driver[0;1m ---[m
[[1;34mINFO[m] Changes detected - recompiling the module!
[[1;34mINFO[m] Compiling 6 source files to /home/travis/build/failed/alibaba/canal/driver/target/test-classes
[[1;34mINFO[m] 
[[1;34mINFO[m] [1m--- [0;32mmaven-surefire-plugin:2.22.1:test[m [1m(default-test)[m @ [36mcanal.parse.driver[0;1m ---[m
[[1;34mINFO[m] 
[[1;34mINFO[m] -------------------------------------------------------
[[1;34mINFO[m]  T E S T S
[[1;34mINFO[m] -------------------------------------------------------
[[1;34mINFO[m] Running com.alibaba.otter.canal.parse.driver.mysql.[1mMysqlConnectorTest[m
[[1;33mWARNING[m] [1;33mTests [0;1mrun: [0;1m1[m, Failures: 0, Errors: 0, [1;33mSkipped: [0;1;33m1[m, Time elapsed: 0.083 s - in com.alibaba.otter.canal.parse.driver.mysql.[1mMysqlConnectorTest[m
[[1;34mINFO[m] Running com.alibaba.otter.canal.parse.driver.mysql.[1mUUIDSetTest[m
[[1;34mINFO[m] [1;32mTests run: [0;1;32m1[m, Failures: 0, Errors: 0, Skipped: 0, Time elapsed: 0.094 s - in com.alibaba.otter.canal.parse.driver.mysql.[1mUUIDSetTest[m
[[1;34mINFO[m] Running com.alibaba.otter.canal.parse.driver.mysql.[1mMysqlGTIDSetTest[m
[[1;34mINFO[m] [1;32mTests run: [0;1;32m2[m, Failures: 0, Errors: 0, Skipped: 0, Time elapsed: 0.005 s - in com.alibaba.otter.canal.parse.driver.mysql.[1mMysqlGTIDSetTest[m
[[1;34mINFO[m] Running com.alibaba.otter.canal.parse.driver.mysql.utils.[1mMySQLPasswordEncrypterTest[m
[[1;34mINFO[m] [1;32mTests run: [0;1;32m3[m, Failures: 0, Errors: 0, Skipped: 0, Time elapsed: 0.02 s - in com.alibaba.otter.canal.parse.driver.mysql.utils.[1mMySQLPasswordEncrypterTest[m
[[1;34mINFO[m] Running com.alibaba.otter.canal.parse.driver.mysql.utils.[1mByteHelperTest[m
[[1;34mINFO[m] [1;32mTests run: [0;1;32m20[m, Failures: 0, Errors: 0, Skipped: 0, Time elapsed: 0.095 s - in com.alibaba.otter.canal.parse.driver.mysql.utils.[1mByteHelperTest[m
[[1;34mINFO[m] Running com.alibaba.otter.canal.parse.driver.mysql.[1mCharsetUtilTest[m
[[1;34mINFO[m] [1;32mTests run: [0;1;32m6[m, Failures: 0, Errors: 0, Skipped: 0, Time elapsed: 0.003 s - in com.alibaba.otter.canal.parse.driver.mysql.[1mCharsetUtilTest[m
[[1;34mINFO[m] 
[[1;34mINFO[m] Results:
[[1;34mINFO[m] 
[[1;33mWARNING[m] [1;33mTests run: 33, Failures: 0, Errors: 0, Skipped: 1[m
[[1;34mINFO[m] 
[[1;34mINFO[m] 
[[1;34mINFO[m] [1m--- [0;32mmaven-jar-plugin:3.0.2:jar[m [1m(default-jar)[m @ [36mcanal.parse.driver[0;1m ---[m
[[1;34mINFO[m] Building jar: /home/travis/build/failed/alibaba/canal/driver/target/canal.parse.driver-1.1.4-SNAPSHOT.jar
[[1;34mINFO[m] 
[[1;34mINFO[m] [1m>>> [0;32mmaven-source-plugin:2.4:jar[m [1m(attach-sources)[0;1m > [0;1mgenerate-sources[m @ [36mcanal.parse.driver[0;1m >>>[m
[[1;34mINFO[m] 
[[1;34mINFO[m] [1m--- [0;32mmaven-enforcer-plugin:1.0:enforce[m [1m(enforce-maven)[m @ [36mcanal.parse.driver[0;1m ---[m
[[1;34mINFO[m] 
[[1;34mINFO[m] [1m--- [0;32mjacoco-maven-plugin:0.8.3:prepare-agent[m [1m(jacoco-initialize)[m @ [36mcanal.parse.driver[0;1m ---[m
[[1;34mINFO[m] jacocoArgLine set to -javaagent:/home/travis/.m2/repository/org/jacoco/org.jacoco.agent/0.8.3/org.jacoco.agent-0.8.3-runtime.jar=destfile=/home/travis/build/failed/alibaba/canal/driver/target/jacoco.exec
[[1;34mINFO[m] 
[[1;34mINFO[m] [1m<<< [0;32mmaven-source-plugin:2.4:jar[m [1m(attach-sources)[0;1m < [0;1mgenerate-sources[m @ [36mcanal.parse.driver[0;1m <<<[m
[[1;34mINFO[m] 
[[1;34mINFO[m] 
[[1;34mINFO[m] [1m--- [0;32mmaven-source-plugin:2.4:jar[m [1m(attach-sources)[m @ [36mcanal.parse.driver[0;1m ---[m
[[1;34mINFO[m] Building jar: /home/travis/build/failed/alibaba/canal/driver/target/canal.parse.driver-1.1.4-SNAPSHOT-sources.jar
[[1;34mINFO[m] 
[[1;34mINFO[m] [1m--- [0;32mmaven-javadoc-plugin:2.9.1:jar[m [1m(attach-javadocs)[m @ [36mcanal.parse.driver[0;1m ---[m
[[1;34mINFO[m] Skipping javadoc generation
[[1;34mINFO[m] 
[[1;34mINFO[m] [1m--- [0;32mjacoco-maven-plugin:0.8.3:report-aggregate[m [1m(report-aggregate)[m @ [36mcanal.parse.driver[0;1m ---[m
[[1;34mINFO[m] Loading execution data file /home/travis/build/failed/alibaba/canal/driver/target/jacoco.exec
[[1;34mINFO[m] Loading execution data file /home/travis/build/failed/alibaba/canal/common/target/jacoco.exec
[[1;34mINFO[m] Analyzed bundle 'canal.common' with 28 classes
[[1;34mINFO[m] 
[[1;34mINFO[m] [1m--- [0;32mmaven-install-plugin:2.4:install[m [1m(default-install)[m @ [36mcanal.parse.driver[0;1m ---[m
[[1;34mINFO[m] Installing /home/travis/build/failed/alibaba/canal/driver/target/canal.parse.driver-1.1.4-SNAPSHOT.jar to /home/travis/.m2/repository/com/alibaba/otter/canal.parse.driver/1.1.4-SNAPSHOT/canal.parse.driver-1.1.4-SNAPSHOT.jar
[[1;34mINFO[m] Installing /home/travis/build/failed/alibaba/canal/driver/pom.xml to /home/travis/.m2/repository/com/alibaba/otter/canal.parse.driver/1.1.4-SNAPSHOT/canal.parse.driver-1.1.4-SNAPSHOT.pom
[[1;34mINFO[m] Installing /home/travis/build/failed/alibaba/canal/driver/target/canal.parse.driver-1.1.4-SNAPSHOT-sources.jar to /home/travis/.m2/repository/com/alibaba/otter/canal.parse.driver/1.1.4-SNAPSHOT/canal.parse.driver-1.1.4-SNAPSHOT-sources.jar
[[1;34mINFO[m] 
[[1;34mINFO[m] [1m------------------------------------------------------------------------[m
[[1;34mINFO[m] [1mBuilding canal dbsync module for otter 1.1.4-SNAPSHOT 1.1.4-SNAPSHOT[m
[[1;34mINFO[m] [1m------------------------------------------------------------------------[m
[[1;34mINFO[m] 
[[1;34mINFO[m] [1m--- [0;32mmaven-clean-plugin:2.5:clean[m [1m(default-clean)[m @ [36mcanal.parse.dbsync[0;1m ---[m
[[1;34mINFO[m] 
[[1;34mINFO[m] [1m--- [0;32mmaven-enforcer-plugin:1.0:enforce[m [1m(enforce-maven)[m @ [36mcanal.parse.dbsync[0;1m ---[m
[[1;34mINFO[m] 
[[1;34mINFO[m] [1m--- [0;32mjacoco-maven-plugin:0.8.3:prepare-agent[m [1m(jacoco-initialize)[m @ [36mcanal.parse.dbsync[0;1m ---[m
[[1;34mINFO[m] jacocoArgLine set to -javaagent:/home/travis/.m2/repository/org/jacoco/org.jacoco.agent/0.8.3/org.jacoco.agent-0.8.3-runtime.jar=destfile=/home/travis/build/failed/alibaba/canal/dbsync/target/jacoco.exec
[[1;34mINFO[m] 
[[1;34mINFO[m] [1m--- [0;32mmaven-resources-plugin:2.6:resources[m [1m(default-resources)[m @ [36mcanal.parse.dbsync[0;1m ---[m
[[1;34mINFO[m] Using 'UTF-8' encoding to copy filtered resources.
[[1;34mINFO[m] skip non existing resourceDirectory /home/travis/build/failed/alibaba/canal/dbsync/src/main/resources
[[1;34mINFO[m] 
[[1;34mINFO[m] [1m--- [0;32mmaven-compiler-plugin:3.7.0:compile[m [1m(default-compile)[m @ [36mcanal.parse.dbsync[0;1m ---[m
[[1;34mINFO[m] Changes detected - recompiling the module!
[[1;34mINFO[m] Compiling 50 source files to /home/travis/build/failed/alibaba/canal/dbsync/target/classes
[[1;34mINFO[m] 
[[1;34mINFO[m] [1m--- [0;32mmaven-resources-plugin:2.6:testResources[m [1m(default-testResources)[m @ [36mcanal.parse.dbsync[0;1m ---[m
[[1;34mINFO[m] Using 'UTF-8' encoding to copy filtered resources.
[[1;34mINFO[m] Copying 2 resources
[[1;34mINFO[m] 
[[1;34mINFO[m] [1m--- [0;32mmaven-compiler-plugin:3.7.0:testCompile[m [1m(default-testCompile)[m @ [36mcanal.parse.dbsync[0;1m ---[m
[[1;34mINFO[m] Changes detected - recompiling the module!
[[1;34mINFO[m] Compiling 5 source files to /home/travis/build/failed/alibaba/canal/dbsync/target/test-classes
[[1;34mINFO[m] 
[[1;34mINFO[m] [1m--- [0;32mmaven-surefire-plugin:2.22.1:test[m [1m(default-test)[m @ [36mcanal.parse.dbsync[0;1m ---[m
[[1;34mINFO[m] 
[[1;34mINFO[m] -------------------------------------------------------
[[1;34mINFO[m]  T E S T S
[[1;34mINFO[m] -------------------------------------------------------
[[1;34mINFO[m] Running com.taobao.tddl.dbsync.binlog.[1mDirectLogFetcherTest[m
[[1;33mWARNING[m] [1;33mTests [0;1mrun: [0;1m1[m, Failures: 0, Errors: 0, [1;33mSkipped: [0;1;33m1[m, Time elapsed: 0.023 s - in com.taobao.tddl.dbsync.binlog.[1mDirectLogFetcherTest[m
[[1;34mINFO[m] Running com.taobao.tddl.dbsync.binlog.[1mFileLogFetcherTest[m
[[1;33mWARNING[m] [1;33mTests [0;1mrun: [0;1m1[m, Failures: 0, Errors: 0, [1;33mSkipped: [0;1;33m1[m, Time elapsed: 0.001 s - in com.taobao.tddl.dbsync.binlog.[1mFileLogFetcherTest[m
[[1;34mINFO[m] Running com.taobao.tddl.dbsync.binlog.[1mLogBufferTest[m
old extract decimal: 
1593ns >> -4.4566999990
1189ns >> 5.4567000000
724ns >> 102003000.400005
818ns >> 7000000001.000003
1118ns >> 1.100000
new extract decimal: 
2556ns >> -4.456699999
1779ns >> 5.456700000
1872ns >> 102003000.400005
1090ns >> 7000000001.000003
1111ns >> 1.100000
613ns >> -1
219ns >> 18446744073709551615
-16777216
4278190080
-65536
16711680
[[1;34mINFO[m] [1;32mTests run: [0;1;32m3[m, Failures: 0, Errors: 0, Skipped: 0, Time elapsed: 0.202 s - in com.taobao.tddl.dbsync.binlog.[1mLogBufferTest[m
[[1;34mINFO[m] 
[[1;34mINFO[m] Results:
[[1;34mINFO[m] 
[[1;33mWARNING[m] [1;33mTests run: 5, Failures: 0, Errors: 0, Skipped: 2[m
[[1;34mINFO[m] 
[[1;34mINFO[m] 
[[1;34mINFO[m] [1m--- [0;32mmaven-jar-plugin:3.0.2:jar[m [1m(default-jar)[m @ [36mcanal.parse.dbsync[0;1m ---[m
[[1;34mINFO[m] Building jar: /home/travis/build/failed/alibaba/canal/dbsync/target/canal.parse.dbsync-1.1.4-SNAPSHOT.jar
[[1;34mINFO[m] 
[[1;34mINFO[m] [1m>>> [0;32mmaven-source-plugin:2.4:jar[m [1m(attach-sources)[0;1m > [0;1mgenerate-sources[m @ [36mcanal.parse.dbsync[0;1m >>>[m
[[1;34mINFO[m] 
[[1;34mINFO[m] [1m--- [0;32mmaven-enforcer-plugin:1.0:enforce[m [1m(enforce-maven)[m @ [36mcanal.parse.dbsync[0;1m ---[m
[[1;34mINFO[m] 
[[1;34mINFO[m] [1m--- [0;32mjacoco-maven-plugin:0.8.3:prepare-agent[m [1m(jacoco-initialize)[m @ [36mcanal.parse.dbsync[0;1m ---[m
[[1;34mINFO[m] jacocoArgLine set to -javaagent:/home/travis/.m2/repository/org/jacoco/org.jacoco.agent/0.8.3/org.jacoco.agent-0.8.3-runtime.jar=destfile=/home/travis/build/failed/alibaba/canal/dbsync/target/jacoco.exec
[[1;34mINFO[m] 
[[1;34mINFO[m] [1m<<< [0;32mmaven-source-plugin:2.4:jar[m [1m(attach-sources)[0;1m < [0;1mgenerate-sources[m @ [36mcanal.parse.dbsync[0;1m <<<[m
[[1;34mINFO[m] 
[[1;34mINFO[m] 
[[1;34mINFO[m] [1m--- [0;32mmaven-source-plugin:2.4:jar[m [1m(attach-sources)[m @ [36mcanal.parse.dbsync[0;1m ---[m
[[1;34mINFO[m] Building jar: /home/travis/build/failed/alibaba/canal/dbsync/target/canal.parse.dbsync-1.1.4-SNAPSHOT-sources.jar
[[1;34mINFO[m] 
[[1;34mINFO[m] [1m--- [0;32mmaven-javadoc-plugin:2.9.1:jar[m [1m(attach-javadocs)[m @ [36mcanal.parse.dbsync[0;1m ---[m
[[1;34mINFO[m] Skipping javadoc generation
[[1;34mINFO[m] 
[[1;34mINFO[m] [1m--- [0;32mjacoco-maven-plugin:0.8.3:report-aggregate[m [1m(report-aggregate)[m @ [36mcanal.parse.dbsync[0;1m ---[m
[[1;34mINFO[m] Loading execution data file /home/travis/build/failed/alibaba/canal/dbsync/target/jacoco.exec
[[1;34mINFO[m] Loading execution data file /home/travis/build/failed/alibaba/canal/driver/target/jacoco.exec
[[1;34mINFO[m] Analyzed bundle 'canal.parse.driver' with 44 classes
[[1;34mINFO[m] 
[[1;34mINFO[m] [1m--- [0;32mmaven-install-plugin:2.4:install[m [1m(default-install)[m @ [36mcanal.parse.dbsync[0;1m ---[m
[[1;34mINFO[m] Installing /home/travis/build/failed/alibaba/canal/dbsync/target/canal.parse.dbsync-1.1.4-SNAPSHOT.jar to /home/travis/.m2/repository/com/alibaba/otter/canal.parse.dbsync/1.1.4-SNAPSHOT/canal.parse.dbsync-1.1.4-SNAPSHOT.jar
[[1;34mINFO[m] Installing /home/travis/build/failed/alibaba/canal/dbsync/pom.xml to /home/travis/.m2/repository/com/alibaba/otter/canal.parse.dbsync/1.1.4-SNAPSHOT/canal.parse.dbsync-1.1.4-SNAPSHOT.pom
[[1;34mINFO[m] Installing /home/travis/build/failed/alibaba/canal/dbsync/target/canal.parse.dbsync-1.1.4-SNAPSHOT-sources.jar to /home/travis/.m2/repository/com/alibaba/otter/canal.parse.dbsync/1.1.4-SNAPSHOT/canal.parse.dbsync-1.1.4-SNAPSHOT-sources.jar
[[1;34mINFO[m] 
[[1;34mINFO[m] [1m------------------------------------------------------------------------[m
[[1;34mINFO[m] [1mBuilding canal sink module for otter 1.1.4-SNAPSHOT 1.1.4-SNAPSHOT[m
[[1;34mINFO[m] [1m------------------------------------------------------------------------[m
[[1;34mINFO[m] 
[[1;34mINFO[m] [1m--- [0;32mmaven-clean-plugin:2.5:clean[m [1m(default-clean)[m @ [36mcanal.filter[0;1m ---[m
[[1;34mINFO[m] 
[[1;34mINFO[m] [1m--- [0;32mmaven-enforcer-plugin:1.0:enforce[m [1m(enforce-maven)[m @ [36mcanal.filter[0;1m ---[m
[[1;34mINFO[m] 
[[1;34mINFO[m] [1m--- [0;32mjacoco-maven-plugin:0.8.3:prepare-agent[m [1m(jacoco-initialize)[m @ [36mcanal.filter[0;1m ---[m
[[1;34mINFO[m] jacocoArgLine set to -javaagent:/home/travis/.m2/repository/org/jacoco/org.jacoco.agent/0.8.3/org.jacoco.agent-0.8.3-runtime.jar=destfile=/home/travis/build/failed/alibaba/canal/filter/target/jacoco.exec
[[1;34mINFO[m] 
[[1;34mINFO[m] [1m--- [0;32mmaven-resources-plugin:2.6:resources[m [1m(default-resources)[m @ [36mcanal.filter[0;1m ---[m
[[1;34mINFO[m] Using 'UTF-8' encoding to copy filtered resources.
[[1;34mINFO[m] skip non existing resourceDirectory /home/travis/build/failed/alibaba/canal/filter/src/main/resources
[[1;34mINFO[m] 
[[1;34mINFO[m] [1m--- [0;32mmaven-compiler-plugin:3.7.0:compile[m [1m(default-compile)[m @ [36mcanal.filter[0;1m ---[m
[[1;34mINFO[m] Changes detected - recompiling the module!
[[1;34mINFO[m] Compiling 7 source files to /home/travis/build/failed/alibaba/canal/filter/target/classes
[[1;34mINFO[m] 
[[1;34mINFO[m] [1m--- [0;32mmaven-resources-plugin:2.6:testResources[m [1m(default-testResources)[m @ [36mcanal.filter[0;1m ---[m
[[1;34mINFO[m] Using 'UTF-8' encoding to copy filtered resources.
[[1;34mINFO[m] skip non existing resourceDirectory /home/travis/build/failed/alibaba/canal/filter/src/test/resources
[[1;34mINFO[m] 
[[1;34mINFO[m] [1m--- [0;32mmaven-compiler-plugin:3.7.0:testCompile[m [1m(default-testCompile)[m @ [36mcanal.filter[0;1m ---[m
[[1;34mINFO[m] Changes detected - recompiling the module!
[[1;34mINFO[m] Compiling 2 source files to /home/travis/build/failed/alibaba/canal/filter/target/test-classes
[[1;34mINFO[m] 
[[1;34mINFO[m] [1m--- [0;32mmaven-surefire-plugin:2.22.1:test[m [1m(default-test)[m @ [36mcanal.filter[0;1m ---[m
[[1;34mINFO[m] 
[[1;34mINFO[m] -------------------------------------------------------
[[1;34mINFO[m]  T E S T S
[[1;34mINFO[m] -------------------------------------------------------
[[1;34mINFO[m] Running com.alibaba.otter.canal.filter.[1mMutliAviaterFilterTest[m
[[1;34mINFO[m] [1;32mTests run: [0;1;32m1[m, Failures: 0, Errors: 0, Skipped: 0, Time elapsed: 0.821 s - in com.alibaba.otter.canal.filter.[1mMutliAviaterFilterTest[m
[[1;34mINFO[m] Running com.alibaba.otter.canal.filter.[1mAviaterFilterTest[m
04:31:32.963 [main] DEBUG o.a.c.b.converters.BooleanConverter - Setting default value: false
04:31:32.971 [main] DEBUG o.a.c.b.converters.BooleanConverter - Converting 'Boolean' value 'false' to type 'Boolean'
04:31:32.971 [main] DEBUG o.a.c.b.converters.BooleanConverter -     No conversion required, value is already a Boolean
04:31:32.977 [main] DEBUG o.a.c.b.converters.ByteConverter - Setting default value: 0
04:31:32.978 [main] DEBUG o.a.c.b.converters.ByteConverter - Converting 'Integer' value '0' to type 'Byte'
04:31:32.978 [main] DEBUG o.a.c.b.converters.ByteConverter -     Converted to Byte value '0'
04:31:32.980 [main] DEBUG o.a.c.b.c.CharacterConverter - Setting default value:  
04:31:32.980 [main] DEBUG o.a.c.b.c.CharacterConverter - Converting 'Character' value ' ' to type 'Character'
04:31:32.980 [main] DEBUG o.a.c.b.c.CharacterConverter -     No conversion required, value is already a Character
04:31:32.982 [main] DEBUG o.a.c.b.converters.DoubleConverter - Setting default value: 0
04:31:32.982 [main] DEBUG o.a.c.b.converters.DoubleConverter - Converting 'Integer' value '0' to type 'Double'
04:31:32.982 [main] DEBUG o.a.c.b.converters.DoubleConverter -     Converted to Double value '0.0'
04:31:32.983 [main] DEBUG o.a.c.b.converters.FloatConverter - Setting default value: 0
04:31:32.984 [main] DEBUG o.a.c.b.converters.FloatConverter - Converting 'Integer' value '0' to type 'Float'
04:31:32.984 [main] DEBUG o.a.c.b.converters.FloatConverter -     Converted to Float value '0.0'
04:31:32.985 [main] DEBUG o.a.c.b.converters.IntegerConverter - Setting default value: 0
04:31:32.985 [main] DEBUG o.a.c.b.converters.IntegerConverter - Converting 'Integer' value '0' to type 'Integer'
04:31:32.985 [main] DEBUG o.a.c.b.converters.IntegerConverter -     No conversion required, value is already a Integer
04:31:32.986 [main] DEBUG o.a.c.b.converters.LongConverter - Setting default value: 0
04:31:32.987 [main] DEBUG o.a.c.b.converters.LongConverter - Converting 'Integer' value '0' to type 'Long'
04:31:32.987 [main] DEBUG o.a.c.b.converters.LongConverter -     Converted to Long value '0'
04:31:32.989 [main] DEBUG o.a.c.b.converters.ShortConverter - Setting default value: 0
04:31:32.989 [main] DEBUG o.a.c.b.converters.ShortConverter - Converting 'Integer' value '0' to type 'Short'
04:31:32.990 [main] DEBUG o.a.c.b.converters.ShortConverter -     Converted to Short value '0'
04:31:32.992 [main] DEBUG o.a.c.b.c.BigDecimalConverter - Setting default value: 0.0
04:31:32.992 [main] DEBUG o.a.c.b.c.BigDecimalConverter - Converting 'BigDecimal' value '0.0' to type 'BigDecimal'
04:31:32.992 [main] DEBUG o.a.c.b.c.BigDecimalConverter -     No conversion required, value is already a BigDecimal
04:31:32.993 [main] DEBUG o.a.c.b.c.BigIntegerConverter - Setting default value: 0
04:31:32.994 [main] DEBUG o.a.c.b.c.BigIntegerConverter - Converting 'BigInteger' value '0' to type 'BigInteger'
04:31:32.994 [main] DEBUG o.a.c.b.c.BigIntegerConverter -     No conversion required, value is already a BigInteger
04:31:32.994 [main] DEBUG o.a.c.b.converters.BooleanConverter - Setting default value: false
04:31:32.994 [main] DEBUG o.a.c.b.converters.BooleanConverter - Converting 'Boolean' value 'false' to type 'Boolean'
04:31:32.994 [main] DEBUG o.a.c.b.converters.BooleanConverter -     No conversion required, value is already a Boolean
04:31:32.994 [main] DEBUG o.a.c.b.converters.ByteConverter - Setting default value: 0
04:31:32.994 [main] DEBUG o.a.c.b.converters.ByteConverter - Converting 'Integer' value '0' to type 'Byte'
04:31:32.994 [main] DEBUG o.a.c.b.converters.ByteConverter -     Converted to Byte value '0'
04:31:32.995 [main] DEBUG o.a.c.b.c.CharacterConverter - Setting default value:  
04:31:32.995 [main] DEBUG o.a.c.b.c.CharacterConverter - Converting 'Character' value ' ' to type 'Character'
04:31:32.995 [main] DEBUG o.a.c.b.c.CharacterConverter -     No conversion required, value is already a Character
04:31:32.995 [main] DEBUG o.a.c.b.converters.DoubleConverter - Setting default value: 0
04:31:32.995 [main] DEBUG o.a.c.b.converters.DoubleConverter - Converting 'Integer' value '0' to type 'Double'
04:31:32.996 [main] DEBUG o.a.c.b.converters.DoubleConverter -     Converted to Double value '0.0'
04:31:32.996 [main] DEBUG o.a.c.b.converters.FloatConverter - Setting default value: 0
04:31:32.996 [main] DEBUG o.a.c.b.converters.FloatConverter - Converting 'Integer' value '0' to type 'Float'
04:31:32.996 [main] DEBUG o.a.c.b.converters.FloatConverter -     Converted to Float value '0.0'
04:31:32.997 [main] DEBUG o.a.c.b.converters.IntegerConverter - Setting default value: 0
04:31:32.997 [main] DEBUG o.a.c.b.converters.IntegerConverter - Converting 'Integer' value '0' to type 'Integer'
04:31:32.997 [main] DEBUG o.a.c.b.converters.IntegerConverter -     No conversion required, value is already a Integer
04:31:33.002 [main] DEBUG o.a.c.b.converters.LongConverter - Setting default value: 0
04:31:33.003 [main] DEBUG o.a.c.b.converters.LongConverter - Converting 'Integer' value '0' to type 'Long'
04:31:33.003 [main] DEBUG o.a.c.b.converters.LongConverter -     Converted to Long value '0'
04:31:33.003 [main] DEBUG o.a.c.b.converters.ShortConverter - Setting default value: 0
04:31:33.004 [main] DEBUG o.a.c.b.converters.ShortConverter - Converting 'Integer' value '0' to type 'Short'
04:31:33.004 [main] DEBUG o.a.c.b.converters.ShortConverter -     Converted to Short value '0'
04:31:33.005 [main] DEBUG o.a.c.b.converters.StringConverter - Setting default value: 
04:31:33.005 [main] DEBUG o.a.c.b.converters.StringConverter - Converting 'String' value '' to type 'String'
04:31:33.037 [main] DEBUG o.a.c.b.converters.ArrayConverter - Setting default value: [Z@43f0c2d1
04:31:33.037 [main] DEBUG o.a.c.b.converters.ArrayConverter - Converting 'boolean[]' value '[Z@43f0c2d1' to type 'boolean[]'
04:31:33.038 [main] DEBUG o.a.c.b.converters.ArrayConverter -     No conversion required, value is already a boolean[]
04:31:33.038 [main] DEBUG o.a.c.b.converters.ArrayConverter - Setting default value: [B@5fb65013
04:31:33.038 [main] DEBUG o.a.c.b.converters.ArrayConverter - Converting 'byte[]' value '[B@5fb65013' to type 'byte[]'
04:31:33.038 [main] DEBUG o.a.c.b.converters.ArrayConverter -     No conversion required, value is already a byte[]
04:31:33.038 [main] DEBUG o.a.c.b.converters.ArrayConverter - Setting default value: [C@38a1a26
04:31:33.038 [main] DEBUG o.a.c.b.converters.ArrayConverter - Converting 'char[]' value '[C@38a1a26' to type 'char[]'
04:31:33.038 [main] DEBUG o.a.c.b.converters.ArrayConverter -     No conversion required, value is already a char[]
04:31:33.038 [main] DEBUG o.a.c.b.converters.ArrayConverter - Setting default value: [D@3fbcfe81
04:31:33.039 [main] DEBUG o.a.c.b.converters.ArrayConverter - Converting 'double[]' value '[D@3fbcfe81' to type 'double[]'
04:31:33.039 [main] DEBUG o.a.c.b.converters.ArrayConverter -     No conversion required, value is already a double[]
04:31:33.039 [main] DEBUG o.a.c.b.converters.ArrayConverter - Setting default value: [F@7a1f45ed
04:31:33.039 [main] DEBUG o.a.c.b.converters.ArrayConverter - Converting 'float[]' value '[F@7a1f45ed' to type 'float[]'
04:31:33.039 [main] DEBUG o.a.c.b.converters.ArrayConverter -     No conversion required, value is already a float[]
04:31:33.039 [main] DEBUG o.a.c.b.converters.ArrayConverter - Setting default value: [I@1744a475
04:31:33.039 [main] DEBUG o.a.c.b.converters.ArrayConverter - Converting 'int[]' value '[I@1744a475' to type 'int[]'
04:31:33.039 [main] DEBUG o.a.c.b.converters.ArrayConverter -     No conversion required, value is already a int[]
04:31:33.040 [main] DEBUG o.a.c.b.converters.ArrayConverter - Setting default value: [J@444cc791
04:31:33.040 [main] DEBUG o.a.c.b.converters.ArrayConverter - Converting 'long[]' value '[J@444cc791' to type 'long[]'
04:31:33.040 [main] DEBUG o.a.c.b.converters.ArrayConverter -     No conversion required, value is already a long[]
04:31:33.040 [main] DEBUG o.a.c.b.converters.ArrayConverter - Setting default value: [S@1c5c616f
04:31:33.040 [main] DEBUG o.a.c.b.converters.ArrayConverter - Converting 'short[]' value '[S@1c5c616f' to type 'short[]'
04:31:33.040 [main] DEBUG o.a.c.b.converters.ArrayConverter -     No conversion required, value is already a short[]
04:31:33.040 [main] DEBUG o.a.c.b.converters.ArrayConverter - Setting default value: [Ljava.math.BigDecimal;@1c6c6f24
04:31:33.040 [main] DEBUG o.a.c.b.converters.ArrayConverter - Converting 'BigDecimal[]' value '[Ljava.math.BigDecimal;@1c6c6f24' to type 'BigDecimal[]'
04:31:33.040 [main] DEBUG o.a.c.b.converters.ArrayConverter -     No conversion required, value is already a BigDecimal[]
04:31:33.041 [main] DEBUG o.a.c.b.converters.ArrayConverter - Setting default value: [Ljava.math.BigInteger;@c6b2dd9
04:31:33.041 [main] DEBUG o.a.c.b.converters.ArrayConverter - Converting 'BigInteger[]' value '[Ljava.math.BigInteger;@c6b2dd9' to type 'BigInteger[]'
04:31:33.041 [main] DEBUG o.a.c.b.converters.ArrayConverter -     No conversion required, value is already a BigInteger[]
04:31:33.041 [main] DEBUG o.a.c.b.converters.ArrayConverter - Setting default value: [Ljava.lang.Boolean;@ca93621
04:31:33.041 [main] DEBUG o.a.c.b.converters.ArrayConverter - Converting 'Boolean[]' value '[Ljava.lang.Boolean;@ca93621' to type 'Boolean[]'
04:31:33.041 [main] DEBUG o.a.c.b.converters.ArrayConverter -     No conversion required, value is already a Boolean[]
04:31:33.041 [main] DEBUG o.a.c.b.converters.ArrayConverter - Setting default value: [Ljava.lang.Byte;@3f985a86
04:31:33.041 [main] DEBUG o.a.c.b.converters.ArrayConverter - Converting 'Byte[]' value '[Ljava.lang.Byte;@3f985a86' to type 'Byte[]'
04:31:33.042 [main] DEBUG o.a.c.b.converters.ArrayConverter -     No conversion required, value is already a Byte[]
04:31:33.042 [main] DEBUG o.a.c.b.converters.ArrayConverter - Setting default value: [Ljava.lang.Character;@57a2ed35
04:31:33.042 [main] DEBUG o.a.c.b.converters.ArrayConverter - Converting 'Character[]' value '[Ljava.lang.Character;@57a2ed35' to type 'Character[]'
04:31:33.042 [main] DEBUG o.a.c.b.converters.ArrayConverter -     No conversion required, value is already a Character[]
04:31:33.042 [main] DEBUG o.a.c.b.converters.ArrayConverter - Setting default value: [Ljava.lang.Double;@12ffd1de
04:31:33.042 [main] DEBUG o.a.c.b.converters.ArrayConverter - Converting 'Double[]' value '[Ljava.lang.Double;@12ffd1de' to type 'Double[]'
04:31:33.042 [main] DEBUG o.a.c.b.converters.ArrayConverter -     No conversion required, value is already a Double[]
04:31:33.042 [main] DEBUG o.a.c.b.converters.ArrayConverter - Setting default value: [Ljava.lang.Float;@4096aa05
04:31:33.042 [main] DEBUG o.a.c.b.converters.ArrayConverter - Converting 'Float[]' value '[Ljava.lang.Float;@4096aa05' to type 'Float[]'
04:31:33.043 [main] DEBUG o.a.c.b.converters.ArrayConverter -     No conversion required, value is already a Float[]
04:31:33.043 [main] DEBUG o.a.c.b.converters.ArrayConverter - Setting default value: [Ljava.lang.Integer;@6c806c8b
04:31:33.043 [main] DEBUG o.a.c.b.converters.ArrayConverter - Converting 'Integer[]' value '[Ljava.lang.Integer;@6c806c8b' to type 'Integer[]'
04:31:33.043 [main] DEBUG o.a.c.b.converters.ArrayConverter -     No conversion required, value is already a Integer[]
04:31:33.046 [main] DEBUG o.a.c.b.converters.ArrayConverter - Setting default value: [Ljava.lang.Long;@6dfcffb5
04:31:33.047 [main] DEBUG o.a.c.b.converters.ArrayConverter - Converting 'Long[]' value '[Ljava.lang.Long;@6dfcffb5' to type 'Long[]'
04:31:33.047 [main] DEBUG o.a.c.b.converters.ArrayConverter -     No conversion required, value is already a Long[]
04:31:33.047 [main] DEBUG o.a.c.b.converters.ArrayConverter - Setting default value: [Ljava.lang.Short;@184fb68d
04:31:33.047 [main] DEBUG o.a.c.b.converters.ArrayConverter - Converting 'Short[]' value '[Ljava.lang.Short;@184fb68d' to type 'Short[]'
04:31:33.047 [main] DEBUG o.a.c.b.converters.ArrayConverter -     No conversion required, value is already a Short[]
04:31:33.047 [main] DEBUG o.a.c.b.converters.ArrayConverter - Setting default value: [Ljava.lang.String;@71d8cfe7
04:31:33.047 [main] DEBUG o.a.c.b.converters.ArrayConverter - Converting 'String[]' value '[Ljava.lang.String;@71d8cfe7' to type 'String[]'
04:31:33.047 [main] DEBUG o.a.c.b.converters.ArrayConverter -     No conversion required, value is already a String[]
04:31:33.047 [main] DEBUG o.a.c.b.converters.ArrayConverter - Setting default value: [Ljava.lang.Class;@1e530163
04:31:33.047 [main] DEBUG o.a.c.b.converters.ArrayConverter - Converting 'Class[]' value '[Ljava.lang.Class;@1e530163' to type 'Class[]'
04:31:33.048 [main] DEBUG o.a.c.b.converters.ArrayConverter -     No conversion required, value is already a Class[]
04:31:33.048 [main] DEBUG o.a.c.b.converters.ArrayConverter - Setting default value: [Ljava.util.Date;@14d8444b
04:31:33.048 [main] DEBUG o.a.c.b.converters.ArrayConverter - Converting 'Date[]' value '[Ljava.util.Date;@14d8444b' to type 'Date[]'
04:31:33.048 [main] DEBUG o.a.c.b.converters.ArrayConverter -     No conversion required, value is already a Date[]
04:31:33.048 [main] DEBUG o.a.c.b.converters.ArrayConverter - Setting default value: [Ljava.util.Calendar;@46d63dbb
04:31:33.049 [main] DEBUG o.a.c.b.converters.ArrayConverter - Converting 'Calendar[]' value '[Ljava.util.Calendar;@46d63dbb' to type 'Calendar[]'
04:31:33.049 [main] DEBUG o.a.c.b.converters.ArrayConverter -     No conversion required, value is already a Calendar[]
04:31:33.049 [main] DEBUG o.a.c.b.converters.ArrayConverter - Setting default value: [Ljava.io.File;@16a49a5d
04:31:33.049 [main] DEBUG o.a.c.b.converters.ArrayConverter - Converting 'java.io.File[]' value '[Ljava.io.File;@16a49a5d' to type 'java.io.File[]'
04:31:33.049 [main] DEBUG o.a.c.b.converters.ArrayConverter -     No conversion required, value is already a java.io.File[]
04:31:33.049 [main] DEBUG o.a.c.b.converters.ArrayConverter - Setting default value: [Ljava.sql.Date;@23706db8
04:31:33.050 [main] DEBUG o.a.c.b.converters.ArrayConverter - Converting 'java.sql.Date[]' value '[Ljava.sql.Date;@23706db8' to type 'java.sql.Date[]'
04:31:33.050 [main] DEBUG o.a.c.b.converters.ArrayConverter -     No conversion required, value is already a java.sql.Date[]
04:31:33.050 [main] DEBUG o.a.c.b.converters.ArrayConverter - Setting default value: [Ljava.sql.Time;@129fed45
04:31:33.050 [main] DEBUG o.a.c.b.converters.ArrayConverter - Converting 'java.sql.Time[]' value '[Ljava.sql.Time;@129fed45' to type 'java.sql.Time[]'
04:31:33.050 [main] DEBUG o.a.c.b.converters.ArrayConverter -     No conversion required, value is already a java.sql.Time[]
04:31:33.050 [main] DEBUG o.a.c.b.converters.ArrayConverter - Setting default value: [Ljava.sql.Timestamp;@3e48d38
04:31:33.051 [main] DEBUG o.a.c.b.converters.ArrayConverter - Converting 'java.sql.Timestamp[]' value '[Ljava.sql.Timestamp;@3e48d38' to type 'java.sql.Timestamp[]'
04:31:33.051 [main] DEBUG o.a.c.b.converters.ArrayConverter -     No conversion required, value is already a java.sql.Timestamp[]
04:31:33.051 [main] DEBUG o.a.c.b.converters.ArrayConverter - Setting default value: [Ljava.net.URL;@11b377c5
04:31:33.051 [main] DEBUG o.a.c.b.converters.ArrayConverter - Converting 'java.net.URL[]' value '[Ljava.net.URL;@11b377c5' to type 'java.net.URL[]'
04:31:33.051 [main] DEBUG o.a.c.b.converters.ArrayConverter -     No conversion required, value is already a java.net.URL[]
[[1;34mINFO[m] [1;32mTests run: [0;1;32m4[m, Failures: 0, Errors: 0, Skipped: 0, Time elapsed: 0.697 s - in com.alibaba.otter.canal.filter.[1mAviaterFilterTest[m
[[1;34mINFO[m] 
[[1;34mINFO[m] Results:
[[1;34mINFO[m] 
[[1;34mINFO[m] [1;32mTests run: 5, Failures: 0, Errors: 0, Skipped: 0[m
[[1;34mINFO[m] 
[[1;34mINFO[m] 
[[1;34mINFO[m] [1m--- [0;32mmaven-jar-plugin:3.0.2:jar[m [1m(default-jar)[m @ [36mcanal.filter[0;1m ---[m
[[1;34mINFO[m] Building jar: /home/travis/build/failed/alibaba/canal/filter/target/canal.filter-1.1.4-SNAPSHOT.jar
[[1;34mINFO[m] 
[[1;34mINFO[m] [1m>>> [0;32mmaven-source-plugin:2.4:jar[m [1m(attach-sources)[0;1m > [0;1mgenerate-sources[m @ [36mcanal.filter[0;1m >>>[m
[[1;34mINFO[m] 
[[1;34mINFO[m] [1m--- [0;32mmaven-enforcer-plugin:1.0:enforce[m [1m(enforce-maven)[m @ [36mcanal.filter[0;1m ---[m
[[1;34mINFO[m] 
[[1;34mINFO[m] [1m--- [0;32mjacoco-maven-plugin:0.8.3:prepare-agent[m [1m(jacoco-initialize)[m @ [36mcanal.filter[0;1m ---[m
[[1;34mINFO[m] jacocoArgLine set to -javaagent:/home/travis/.m2/repository/org/jacoco/org.jacoco.agent/0.8.3/org.jacoco.agent-0.8.3-runtime.jar=destfile=/home/travis/build/failed/alibaba/canal/filter/target/jacoco.exec
[[1;34mINFO[m] 
[[1;34mINFO[m] [1m<<< [0;32mmaven-source-plugin:2.4:jar[m [1m(attach-sources)[0;1m < [0;1mgenerate-sources[m @ [36mcanal.filter[0;1m <<<[m
[[1;34mINFO[m] 
[[1;34mINFO[m] 
[[1;34mINFO[m] [1m--- [0;32mmaven-source-plugin:2.4:jar[m [1m(attach-sources)[m @ [36mcanal.filter[0;1m ---[m
[[1;34mINFO[m] Building jar: /home/travis/build/failed/alibaba/canal/filter/target/canal.filter-1.1.4-SNAPSHOT-sources.jar
[[1;34mINFO[m] 
[[1;34mINFO[m] [1m--- [0;32mmaven-javadoc-plugin:2.9.1:jar[m [1m(attach-javadocs)[m @ [36mcanal.filter[0;1m ---[m
[[1;34mINFO[m] Skipping javadoc generation
[[1;34mINFO[m] 
[[1;34mINFO[m] [1m--- [0;32mjacoco-maven-plugin:0.8.3:report-aggregate[m [1m(report-aggregate)[m @ [36mcanal.filter[0;1m ---[m
[[1;34mINFO[m] Loading execution data file /home/travis/build/failed/alibaba/canal/filter/target/jacoco.exec
[[1;34mINFO[m] Loading execution data file /home/travis/build/failed/alibaba/canal/common/target/jacoco.exec
[[1;34mINFO[m] Analyzed bundle 'canal.common' with 28 classes
[[1;34mINFO[m] Analyzed bundle 'canal.protocol' with 131 classes
[[1;34mINFO[m] 
[[1;34mINFO[m] [1m--- [0;32mmaven-install-plugin:2.4:install[m [1m(default-install)[m @ [36mcanal.filter[0;1m ---[m
[[1;34mINFO[m] Installing /home/travis/build/failed/alibaba/canal/filter/target/canal.filter-1.1.4-SNAPSHOT.jar to /home/travis/.m2/repository/com/alibaba/otter/canal.filter/1.1.4-SNAPSHOT/canal.filter-1.1.4-SNAPSHOT.jar
[[1;34mINFO[m] Installing /home/travis/build/failed/alibaba/canal/filter/pom.xml to /home/travis/.m2/repository/com/alibaba/otter/canal.filter/1.1.4-SNAPSHOT/canal.filter-1.1.4-SNAPSHOT.pom
[[1;34mINFO[m] Installing /home/travis/build/failed/alibaba/canal/filter/target/canal.filter-1.1.4-SNAPSHOT-sources.jar to /home/travis/.m2/repository/com/alibaba/otter/canal.filter/1.1.4-SNAPSHOT/canal.filter-1.1.4-SNAPSHOT-sources.jar
[[1;34mINFO[m] 
[[1;34mINFO[m] [1m------------------------------------------------------------------------[m
[[1;34mINFO[m] [1mBuilding canal store module for otter 1.1.4-SNAPSHOT 1.1.4-SNAPSHOT[m
[[1;34mINFO[m] [1m------------------------------------------------------------------------[m
[[1;34mINFO[m] 
[[1;34mINFO[m] [1m--- [0;32mmaven-clean-plugin:2.5:clean[m [1m(default-clean)[m @ [36mcanal.store[0;1m ---[m
[[1;34mINFO[m] 
[[1;34mINFO[m] [1m--- [0;32mmaven-enforcer-plugin:1.0:enforce[m [1m(enforce-maven)[m @ [36mcanal.store[0;1m ---[m
[[1;34mINFO[m] 
[[1;34mINFO[m] [1m--- [0;32mjacoco-maven-plugin:0.8.3:prepare-agent[m [1m(jacoco-initialize)[m @ [36mcanal.store[0;1m ---[m
[[1;34mINFO[m] jacocoArgLine set to -javaagent:/home/travis/.m2/repository/org/jacoco/org.jacoco.agent/0.8.3/org.jacoco.agent-0.8.3-runtime.jar=destfile=/home/travis/build/failed/alibaba/canal/store/target/jacoco.exec
[[1;34mINFO[m] 
[[1;34mINFO[m] [1m--- [0;32mmaven-resources-plugin:2.6:resources[m [1m(default-resources)[m @ [36mcanal.store[0;1m ---[m
[[1;34mINFO[m] Using 'UTF-8' encoding to copy filtered resources.
[[1;34mINFO[m] skip non existing resourceDirectory /home/travis/build/failed/alibaba/canal/store/src/main/resources
[[1;34mINFO[m] 
[[1;34mINFO[m] [1m--- [0;32mmaven-compiler-plugin:3.7.0:compile[m [1m(default-compile)[m @ [36mcanal.store[0;1m ---[m
[[1;34mINFO[m] Changes detected - recompiling the module!
[[1;34mINFO[m] Compiling 13 source files to /home/travis/build/failed/alibaba/canal/store/target/classes
[[1;34mINFO[m] 
[[1;34mINFO[m] [1m--- [0;32mmaven-resources-plugin:2.6:testResources[m [1m(default-testResources)[m @ [36mcanal.store[0;1m ---[m
[[1;34mINFO[m] Using 'UTF-8' encoding to copy filtered resources.
[[1;34mINFO[m] skip non existing resourceDirectory /home/travis/build/failed/alibaba/canal/store/src/test/resources
[[1;34mINFO[m] 
[[1;34mINFO[m] [1m--- [0;32mmaven-compiler-plugin:3.7.0:testCompile[m [1m(default-testCompile)[m @ [36mcanal.store[0;1m ---[m
[[1;34mINFO[m] Changes detected - recompiling the module!
[[1;34mINFO[m] Compiling 5 source files to /home/travis/build/failed/alibaba/canal/store/target/test-classes
[[1;34mINFO[m] 
[[1;34mINFO[m] [1m--- [0;32mmaven-surefire-plugin:2.22.1:test[m [1m(default-test)[m @ [36mcanal.store[0;1m ---[m
[[1;34mINFO[m] 
[[1;34mINFO[m] -------------------------------------------------------
[[1;34mINFO[m]  T E S T S
[[1;34mINFO[m] -------------------------------------------------------
[[1;34mINFO[m] Running com.alibaba.otter.canal.store.memory.buffer.[1mMemoryEventStoreRollbackAndAckTest[m
start get
first get size : 8
second get size : 8
after rollback get size : 8
third get size : 0
start get
first get size : 8
after rollback get size : 8
second get size : 8
after rollback get size : 16
[[1;34mINFO[m] [1;32mTests run: [0;1;32m2[m, Failures: 0, Errors: 0, Skipped: 0, Time elapsed: 3.691 s - in com.alibaba.otter.canal.store.memory.buffer.[1mMemoryEventStoreRollbackAndAckTest[m
[[1;34mINFO[m] Running com.alibaba.otter.canal.store.memory.buffer.[1mMemoryEventStoreMultiThreadTest[m
[[1;33mWARNING[m] [1;33mTests [0;1mrun: [0;1m1[m, Failures: 0, Errors: 0, [1;33mSkipped: [0;1;33m1[m, Time elapsed: 0.009 s - in com.alibaba.otter.canal.store.memory.buffer.[1mMemoryEventStoreMultiThreadTest[m
[[1;34mINFO[m] Running com.alibaba.otter.canal.store.memory.buffer.[1mMemoryEventStoreMemBatchTest[m
start get
first get size : 8
second get size : 8
after rollback get size : 8
third get size : 0
start get
first get size : 16
start get
first get size : 8
after rollback get size : 8
second get size : 8
after rollback get size : 16
[[1;33mWARNING[m] [1;33mTests [0;1mrun: [0;1m8[m, Failures: 0, Errors: 0, [1;33mSkipped: [0;1;33m1[m, Time elapsed: 5.985 s - in com.alibaba.otter.canal.store.memory.buffer.[1mMemoryEventStoreMemBatchTest[m
[[1;34mINFO[m] Running com.alibaba.otter.canal.store.memory.buffer.[1mMemoryEventStorePutAndGetTest[m
start get
first get size : 16
interrupt occured.
[[1;34mINFO[m] [1;32mTests run: [0;1;32m5[m, Failures: 0, Errors: 0, Skipped: 0, Time elapsed: 4.621 s - in com.alibaba.otter.canal.store.memory.buffer.[1mMemoryEventStorePutAndGetTest[m
[[1;34mINFO[m] 
[[1;34mINFO[m] Results:
[[1;34mINFO[m] 
[[1;33mWARNING[m] [1;33mTests run: 16, Failures: 0, Errors: 0, Skipped: 2[m
[[1;34mINFO[m] 
[[1;34mINFO[m] 
[[1;34mINFO[m] [1m--- [0;32mmaven-jar-plugin:3.0.2:jar[m [1m(default-jar)[m @ [36mcanal.store[0;1m ---[m
[[1;34mINFO[m] Building jar: /home/travis/build/failed/alibaba/canal/store/target/canal.store-1.1.4-SNAPSHOT.jar
[[1;34mINFO[m] 
[[1;34mINFO[m] [1m>>> [0;32mmaven-source-plugin:2.4:jar[m [1m(attach-sources)[0;1m > [0;1mgenerate-sources[m @ [36mcanal.store[0;1m >>>[m
[[1;34mINFO[m] 
[[1;34mINFO[m] [1m--- [0;32mmaven-enforcer-plugin:1.0:enforce[m [1m(enforce-maven)[m @ [36mcanal.store[0;1m ---[m
[[1;34mINFO[m] 
[[1;34mINFO[m] [1m--- [0;32mjacoco-maven-plugin:0.8.3:prepare-agent[m [1m(jacoco-initialize)[m @ [36mcanal.store[0;1m ---[m
[[1;34mINFO[m] jacocoArgLine set to -javaagent:/home/travis/.m2/repository/org/jacoco/org.jacoco.agent/0.8.3/org.jacoco.agent-0.8.3-runtime.jar=destfile=/home/travis/build/failed/alibaba/canal/store/target/jacoco.exec
[[1;34mINFO[m] 
[[1;34mINFO[m] [1m<<< [0;32mmaven-source-plugin:2.4:jar[m [1m(attach-sources)[0;1m < [0;1mgenerate-sources[m @ [36mcanal.store[0;1m <<<[m
[[1;34mINFO[m] 
[[1;34mINFO[m] 
[[1;34mINFO[m] [1m--- [0;32mmaven-source-plugin:2.4:jar[m [1m(attach-sources)[m @ [36mcanal.store[0;1m ---[m
[[1;34mINFO[m] Building jar: /home/travis/build/failed/alibaba/canal/store/target/canal.store-1.1.4-SNAPSHOT-sources.jar
[[1;34mINFO[m] 
[[1;34mINFO[m] [1m--- [0;32mmaven-javadoc-plugin:2.9.1:jar[m [1m(attach-javadocs)[m @ [36mcanal.store[0;1m ---[m
[[1;34mINFO[m] Skipping javadoc generation
[[1;34mINFO[m] 
[[1;34mINFO[m] [1m--- [0;32mjacoco-maven-plugin:0.8.3:report-aggregate[m [1m(report-aggregate)[m @ [36mcanal.store[0;1m ---[m
[[1;34mINFO[m] Loading execution data file /home/travis/build/failed/alibaba/canal/store/target/jacoco.exec
[[1;34mINFO[m] Loading execution data file /home/travis/build/failed/alibaba/canal/common/target/jacoco.exec
[[1;34mINFO[m] Loading execution data file /home/travis/build/failed/alibaba/canal/meta/target/jacoco.exec
[[1;34mINFO[m] Analyzed bundle 'canal.common' with 28 classes
[[1;34mINFO[m] Analyzed bundle 'canal.protocol' with 131 classes
[[1;34mINFO[m] Analyzed bundle 'canal.meta' with 36 classes
[[1;34mINFO[m] 
[[1;34mINFO[m] [1m--- [0;32mmaven-install-plugin:2.4:install[m [1m(default-install)[m @ [36mcanal.store[0;1m ---[m
[[1;34mINFO[m] Installing /home/travis/build/failed/alibaba/canal/store/target/canal.store-1.1.4-SNAPSHOT.jar to /home/travis/.m2/repository/com/alibaba/otter/canal.store/1.1.4-SNAPSHOT/canal.store-1.1.4-SNAPSHOT.jar
[[1;34mINFO[m] Installing /home/travis/build/failed/alibaba/canal/store/pom.xml to /home/travis/.m2/repository/com/alibaba/otter/canal.store/1.1.4-SNAPSHOT/canal.store-1.1.4-SNAPSHOT.pom
[[1;34mINFO[m] Installing /home/travis/build/failed/alibaba/canal/store/target/canal.store-1.1.4-SNAPSHOT-sources.jar to /home/travis/.m2/repository/com/alibaba/otter/canal.store/1.1.4-SNAPSHOT/canal.store-1.1.4-SNAPSHOT-sources.jar
[[1;34mINFO[m] 
[[1;34mINFO[m] [1m------------------------------------------------------------------------[m
[[1;34mINFO[m] [1mBuilding canal sink module for otter 1.1.4-SNAPSHOT 1.1.4-SNAPSHOT[m
[[1;34mINFO[m] [1m------------------------------------------------------------------------[m
[[1;34mINFO[m] 
[[1;34mINFO[m] [1m--- [0;32mmaven-clean-plugin:2.5:clean[m [1m(default-clean)[m @ [36mcanal.sink[0;1m ---[m
[[1;34mINFO[m] 
[[1;34mINFO[m] [1m--- [0;32mmaven-enforcer-plugin:1.0:enforce[m [1m(enforce-maven)[m @ [36mcanal.sink[0;1m ---[m
[[1;34mINFO[m] 
[[1;34mINFO[m] [1m--- [0;32mjacoco-maven-plugin:0.8.3:prepare-agent[m [1m(jacoco-initialize)[m @ [36mcanal.sink[0;1m ---[m
[[1;34mINFO[m] jacocoArgLine set to -javaagent:/home/travis/.m2/repository/org/jacoco/org.jacoco.agent/0.8.3/org.jacoco.agent-0.8.3-runtime.jar=destfile=/home/travis/build/failed/alibaba/canal/sink/target/jacoco.exec
[[1;34mINFO[m] 
[[1;34mINFO[m] [1m--- [0;32mmaven-resources-plugin:2.6:resources[m [1m(default-resources)[m @ [36mcanal.sink[0;1m ---[m
[[1;34mINFO[m] Using 'UTF-8' encoding to copy filtered resources.
[[1;34mINFO[m] skip non existing resourceDirectory /home/travis/build/failed/alibaba/canal/sink/src/main/resources
[[1;34mINFO[m] 
[[1;34mINFO[m] [1m--- [0;32mmaven-compiler-plugin:3.7.0:compile[m [1m(default-compile)[m @ [36mcanal.sink[0;1m ---[m
[[1;34mINFO[m] Changes detected - recompiling the module!
[[1;34mINFO[m] Compiling 11 source files to /home/travis/build/failed/alibaba/canal/sink/target/classes
[[1;34mINFO[m] /home/travis/build/failed/alibaba/canal/sink/src/main/java/com/alibaba/otter/canal/sink/entry/EntryEventSink.java: Some input files use unchecked or unsafe operations.
[[1;34mINFO[m] /home/travis/build/failed/alibaba/canal/sink/src/main/java/com/alibaba/otter/canal/sink/entry/EntryEventSink.java: Recompile with -Xlint:unchecked for details.
[[1;34mINFO[m] 
[[1;34mINFO[m] [1m--- [0;32mmaven-resources-plugin:2.6:testResources[m [1m(default-testResources)[m @ [36mcanal.sink[0;1m ---[m
[[1;34mINFO[m] Using 'UTF-8' encoding to copy filtered resources.
[[1;34mINFO[m] skip non existing resourceDirectory /home/travis/build/failed/alibaba/canal/sink/src/test/resources
[[1;34mINFO[m] 
[[1;34mINFO[m] [1m--- [0;32mmaven-compiler-plugin:3.7.0:testCompile[m [1m(default-testCompile)[m @ [36mcanal.sink[0;1m ---[m
[[1;34mINFO[m] Changes detected - recompiling the module!
[[1;34mINFO[m] Compiling 2 source files to /home/travis/build/failed/alibaba/canal/sink/target/test-classes
[[1;34mINFO[m] /home/travis/build/failed/alibaba/canal/sink/src/test/java/com/alibaba/otter/canal/sink/stub/DummyEventStore.java: /home/travis/build/failed/alibaba/canal/sink/src/test/java/com/alibaba/otter/canal/sink/stub/DummyEventStore.java uses unchecked or unsafe operations.
[[1;34mINFO[m] /home/travis/build/failed/alibaba/canal/sink/src/test/java/com/alibaba/otter/canal/sink/stub/DummyEventStore.java: Recompile with -Xlint:unchecked for details.
[[1;34mINFO[m] 
[[1;34mINFO[m] [1m--- [0;32mmaven-surefire-plugin:2.22.1:test[m [1m(default-test)[m @ [36mcanal.sink[0;1m ---[m
[[1;34mINFO[m] 
[[1;34mINFO[m] -------------------------------------------------------
[[1;34mINFO[m]  T E S T S
[[1;34mINFO[m] -------------------------------------------------------
[[1;34mINFO[m] Running com.alibaba.otter.canal.sink.[1mGroupEventSinkTest[m
time:1
time:2
time:3
time:4
time:5
time:6
time:7
time:8
time:9
time:10
time:10
time:11
time:11
time:12
time:12
time:13
time:13
time:14
time:14
time:15
time:15
time:16
time:16
time:17
time:17
time:18
time:18
time:19
time:19
time:20
time:20
time:21
time:21
time:22
time:22
time:23
time:23
time:24
time:24
time:25
time:25
time:26
time:26
time:27
time:27
time:28
time:28
time:29
time:29
time:30
time:30
time:30
time:31
time:31
time:31
time:32
time:32
time:32
time:33
time:33
time:33
time:34
time:34
time:34
time:35
time:35
time:35
time:36
time:36
time:36
time:37
time:37
time:37
time:38
time:38
time:38
time:39
time:39
time:39
time:40
time:40
time:40
time:41
time:41
time:41
time:42
time:42
time:42
time:43
time:43
time:43
time:44
time:44
time:44
time:45
time:45
time:45
time:46
time:46
time:46
time:47
time:47
time:47
time:48
time:48
time:48
time:49
time:49
time:49
time:50
time:50
time:50
time:30
time:31
time:32
time:33
time:34
time:35
time:36
time:37
time:38
time:39
time:40
time:41
time:42
time:43
time:44
time:45
time:46
time:47
time:48
time:49
time:50
time:51
time:51
time:51
time:52
time:52
time:52
time:53
time:53
time:53
time:54
time:54
time:54
time:55
time:55
time:55
time:56
time:56
time:56
time:57
time:57
time:57
time:58
time:58
time:58
time:59
time:59
time:59
time:40
time:41
time:42
time:43
time:44
time:45
time:46
time:47
time:48
time:49
time:50
time:51
time:52
time:53
time:54
time:55
time:56
time:57
time:58
time:59
time:60
time:60
time:60
time:61
time:61
time:61
time:62
time:62
time:62
time:63
time:63
time:63
time:64
time:64
time:64
time:65
time:65
time:65
time:66
time:66
time:66
time:67
time:67
time:67
time:68
time:68
time:68
time:69
time:69
time:69
time:70
time:70
time:70
time:71
time:71
time:71
time:72
time:72
time:72
time:73
time:73
time:73
time:74
time:74
time:74
time:75
time:75
time:75
time:76
time:76
time:76
time:77
time:77
time:77
time:78
time:78
time:78
time:79
time:79
time:79
one sink finished!
[[1;34mINFO[m] [1;32mTests run: [0;1;32m1[m, Failures: 0, Errors: 0, Skipped: 0, Time elapsed: 10.594 s - in com.alibaba.otter.canal.sink.[1mGroupEventSinkTest[m
[[1;34mINFO[m] 
[[1;34mINFO[m] Results:
[[1;34mINFO[m] 
[[1;34mINFO[m] [1;32mTests run: 1, Failures: 0, Errors: 0, Skipped: 0[m
[[1;34mINFO[m] 
[[1;34mINFO[m] 
[[1;34mINFO[m] [1m--- [0;32mmaven-jar-plugin:3.0.2:jar[m [1m(default-jar)[m @ [36mcanal.sink[0;1m ---[m
[[1;34mINFO[m] Building jar: /home/travis/build/failed/alibaba/canal/sink/target/canal.sink-1.1.4-SNAPSHOT.jar
[[1;34mINFO[m] 
[[1;34mINFO[m] [1m>>> [0;32mmaven-source-plugin:2.4:jar[m [1m(attach-sources)[0;1m > [0;1mgenerate-sources[m @ [36mcanal.sink[0;1m >>>[m
[[1;34mINFO[m] 
[[1;34mINFO[m] [1m--- [0;32mmaven-enforcer-plugin:1.0:enforce[m [1m(enforce-maven)[m @ [36mcanal.sink[0;1m ---[m
[[1;34mINFO[m] 
[[1;34mINFO[m] [1m--- [0;32mjacoco-maven-plugin:0.8.3:prepare-agent[m [1m(jacoco-initialize)[m @ [36mcanal.sink[0;1m ---[m
[[1;34mINFO[m] jacocoArgLine set to -javaagent:/home/travis/.m2/repository/org/jacoco/org.jacoco.agent/0.8.3/org.jacoco.agent-0.8.3-runtime.jar=destfile=/home/travis/build/failed/alibaba/canal/sink/target/jacoco.exec
[[1;34mINFO[m] 
[[1;34mINFO[m] [1m<<< [0;32mmaven-source-plugin:2.4:jar[m [1m(attach-sources)[0;1m < [0;1mgenerate-sources[m @ [36mcanal.sink[0;1m <<<[m
[[1;34mINFO[m] 
[[1;34mINFO[m] 
[[1;34mINFO[m] [1m--- [0;32mmaven-source-plugin:2.4:jar[m [1m(attach-sources)[m @ [36mcanal.sink[0;1m ---[m
[[1;34mINFO[m] Building jar: /home/travis/build/failed/alibaba/canal/sink/target/canal.sink-1.1.4-SNAPSHOT-sources.jar
[[1;34mINFO[m] 
[[1;34mINFO[m] [1m--- [0;32mmaven-javadoc-plugin:2.9.1:jar[m [1m(attach-javadocs)[m @ [36mcanal.sink[0;1m ---[m
[[1;34mINFO[m] Skipping javadoc generation
[[1;34mINFO[m] 
[[1;34mINFO[m] [1m--- [0;32mjacoco-maven-plugin:0.8.3:report-aggregate[m [1m(report-aggregate)[m @ [36mcanal.sink[0;1m ---[m
[[1;34mINFO[m] Loading execution data file /home/travis/build/failed/alibaba/canal/sink/target/jacoco.exec
[[1;34mINFO[m] Loading execution data file /home/travis/build/failed/alibaba/canal/common/target/jacoco.exec
[[1;34mINFO[m] Loading execution data file /home/travis/build/failed/alibaba/canal/filter/target/jacoco.exec
[[1;34mINFO[m] Loading execution data file /home/travis/build/failed/alibaba/canal/store/target/jacoco.exec
[[1;34mINFO[m] Analyzed bundle 'canal.common' with 28 classes
[[1;34mINFO[m] Analyzed bundle 'canal.protocol' with 131 classes
[[1;34mINFO[m] Analyzed bundle 'canal.filter' with 8 classes
[[1;34mINFO[m] Analyzed bundle 'canal.store' with 10 classes
[[1;34mINFO[m] 
[[1;34mINFO[m] [1m--- [0;32mmaven-install-plugin:2.4:install[m [1m(default-install)[m @ [36mcanal.sink[0;1m ---[m
[[1;34mINFO[m] Installing /home/travis/build/failed/alibaba/canal/sink/target/canal.sink-1.1.4-SNAPSHOT.jar to /home/travis/.m2/repository/com/alibaba/otter/canal.sink/1.1.4-SNAPSHOT/canal.sink-1.1.4-SNAPSHOT.jar
[[1;34mINFO[m] Installing /home/travis/build/failed/alibaba/canal/sink/pom.xml to /home/travis/.m2/repository/com/alibaba/otter/canal.sink/1.1.4-SNAPSHOT/canal.sink-1.1.4-SNAPSHOT.pom
[[1;34mINFO[m] Installing /home/travis/build/failed/alibaba/canal/sink/target/canal.sink-1.1.4-SNAPSHOT-sources.jar to /home/travis/.m2/repository/com/alibaba/otter/canal.sink/1.1.4-SNAPSHOT/canal.sink-1.1.4-SNAPSHOT-sources.jar
[[1;34mINFO[m] 
[[1;34mINFO[m] [1m------------------------------------------------------------------------[m
[[1;34mINFO[m] [1mBuilding canal parse module for otter 1.1.4-SNAPSHOT 1.1.4-SNAPSHOT[m
[[1;34mINFO[m] [1m------------------------------------------------------------------------[m
[[1;34mINFO[m] 
[[1;34mINFO[m] [1m--- [0;32mmaven-clean-plugin:2.5:clean[m [1m(default-clean)[m @ [36mcanal.parse[0;1m ---[m
[[1;34mINFO[m] 
[[1;34mINFO[m] [1m--- [0;32mmaven-enforcer-plugin:1.0:enforce[m [1m(enforce-maven)[m @ [36mcanal.parse[0;1m ---[m
[[1;34mINFO[m] 
[[1;34mINFO[m] [1m--- [0;32mjacoco-maven-plugin:0.8.3:prepare-agent[m [1m(jacoco-initialize)[m @ [36mcanal.parse[0;1m ---[m
[[1;34mINFO[m] jacocoArgLine set to -javaagent:/home/travis/.m2/repository/org/jacoco/org.jacoco.agent/0.8.3/org.jacoco.agent-0.8.3-runtime.jar=destfile=/home/travis/build/failed/alibaba/canal/parse/target/jacoco.exec
[[1;34mINFO[m] 
[[1;34mINFO[m] [1m--- [0;32mmaven-resources-plugin:2.6:resources[m [1m(default-resources)[m @ [36mcanal.parse[0;1m ---[m
[[1;34mINFO[m] Using 'UTF-8' encoding to copy filtered resources.
[[1;34mINFO[m] Copying 6 resources
[[1;34mINFO[m] 
[[1;34mINFO[m] [1m--- [0;32mmaven-compiler-plugin:3.7.0:compile[m [1m(default-compile)[m @ [36mcanal.parse[0;1m ---[m
[[1;34mINFO[m] Changes detected - recompiling the module!
[[1;34mINFO[m] Compiling 69 source files to /home/travis/build/failed/alibaba/canal/parse/target/classes
[[1;34mINFO[m] /home/travis/build/failed/alibaba/canal/parse/src/main/java/com/alibaba/otter/canal/parse/inbound/mysql/tsdb/dao/MetaBaseDAO.java: /home/travis/build/failed/alibaba/canal/parse/src/main/java/com/alibaba/otter/canal/parse/inbound/mysql/tsdb/dao/MetaBaseDAO.java uses or overrides a deprecated API.
[[1;34mINFO[m] /home/travis/build/failed/alibaba/canal/parse/src/main/java/com/alibaba/otter/canal/parse/inbound/mysql/tsdb/dao/MetaBaseDAO.java: Recompile with -Xlint:deprecation for details.
[[1;34mINFO[m] /home/travis/build/failed/alibaba/canal/parse/src/main/java/com/alibaba/otter/canal/parse/inbound/mysql/MysqlConnection.java: Some input files use unchecked or unsafe operations.
[[1;34mINFO[m] /home/travis/build/failed/alibaba/canal/parse/src/main/java/com/alibaba/otter/canal/parse/inbound/mysql/MysqlConnection.java: Recompile with -Xlint:unchecked for details.
[[1;34mINFO[m] 
[[1;34mINFO[m] [1m--- [0;32mmaven-resources-plugin:2.6:testResources[m [1m(default-testResources)[m @ [36mcanal.parse[0;1m ---[m
[[1;34mINFO[m] Using 'UTF-8' encoding to copy filtered resources.
[[1;34mINFO[m] Copying 255 resources
[[1;34mINFO[m] 
[[1;34mINFO[m] [1m--- [0;32mmaven-compiler-plugin:3.7.0:testCompile[m [1m(default-testCompile)[m @ [36mcanal.parse[0;1m ---[m
[[1;34mINFO[m] Changes detected - recompiling the module!
[[1;34mINFO[m] Compiling 35 source files to /home/travis/build/failed/alibaba/canal/parse/target/test-classes
[[1;34mINFO[m] /home/travis/build/failed/alibaba/canal/parse/src/test/java/com/alibaba/otter/canal/parse/inbound/mysql/RdsLocalBinlogDumpTest.java: Some input files use unchecked or unsafe operations.
[[1;34mINFO[m] /home/travis/build/failed/alibaba/canal/parse/src/test/java/com/alibaba/otter/canal/parse/inbound/mysql/RdsLocalBinlogDumpTest.java: Recompile with -Xlint:unchecked for details.
[[1;34mINFO[m] 
[[1;34mINFO[m] [1m--- [0;32mmaven-surefire-plugin:2.22.1:test[m [1m(default-test)[m @ [36mcanal.parse[0;1m ---[m
[[1;34mINFO[m] 
[[1;34mINFO[m] -------------------------------------------------------
[[1;34mINFO[m]  T E S T S
[[1;34mINFO[m] -------------------------------------------------------
[[1;34mINFO[m] Running com.alibaba.otter.canal.parse.[1mDirectLogFetcherTest[m
[[1;33mWARNING[m] [1;33mTests [0;1mrun: [0;1m1[m, Failures: 0, Errors: 0, [1;33mSkipped: [0;1;33m1[m, Time elapsed: 0.029 s - in com.alibaba.otter.canal.parse.[1mDirectLogFetcherTest[m
[[1;34mINFO[m] Running com.alibaba.otter.canal.parse.inbound.mysql.tsdb.[1mMetaHistoryDAOTest[m
[[1;33mWARNING[m] [1;33mTests [0;1mrun: [0;1m1[m, Failures: 0, Errors: 0, [1;33mSkipped: [0;1;33m1[m, Time elapsed: 0 s - in com.alibaba.otter.canal.parse.inbound.mysql.tsdb.[1mMetaHistoryDAOTest[m
[[1;34mINFO[m] Running com.alibaba.otter.canal.parse.inbound.mysql.tsdb.[1mMemoryTableMeta_DDL_Test[m
04:32:13.139 [main] DEBUG o.s.t.c.j.SpringJUnit4ClassRunner - SpringJUnit4ClassRunner constructor called with [class com.alibaba.otter.canal.parse.inbound.mysql.tsdb.MemoryTableMeta_DDL_Test].
04:32:13.233 [main] DEBUG o.s.t.c.s.AbstractDelegatingSmartContextLoader - Delegating to GenericXmlContextLoader to process context configuration [ContextConfigurationAttributes@7899de11 declaringClass = 'com.alibaba.otter.canal.parse.inbound.mysql.tsdb.MemoryTableMeta_DDL_Test', classes = '{}', locations = '{/tsdb/h2-tsdb.xml}', inheritLocations = true, initializers = '{}', inheritInitializers = true, name = [null], contextLoaderClass = 'org.springframework.test.context.ContextLoader'].
04:32:13.234 [main] DEBUG o.s.test.context.ContextLoaderUtils - Could not find an 'annotation declaring class' for annotation type [org.springframework.test.context.ActiveProfiles] and class [com.alibaba.otter.canal.parse.inbound.mysql.tsdb.MemoryTableMeta_DDL_Test]
04:32:13.238 [main] DEBUG o.s.test.context.TestContextManager - @TestExecutionListeners is not present for class [com.alibaba.otter.canal.parse.inbound.mysql.tsdb.MemoryTableMeta_DDL_Test]: using defaults.
04:32:13.246 [main] INFO  o.s.test.context.TestContextManager - Could not instantiate TestExecutionListener [org.springframework.test.context.web.ServletTestExecutionListener]. Specify custom listener classes or make the default listener classes (and their required dependencies) available. Offending class: [javax/servlet/ServletContext]
04:32:13.264 [main] DEBUG o.s.t.annotation.ProfileValueUtils - Retrieved @ProfileValueSourceConfiguration [null] for test class [com.alibaba.otter.canal.parse.inbound.mysql.tsdb.MemoryTableMeta_DDL_Test]
04:32:13.265 [main] DEBUG o.s.t.annotation.ProfileValueUtils - Retrieved ProfileValueSource type [class org.springframework.test.annotation.SystemProfileValueSource] for class [com.alibaba.otter.canal.parse.inbound.mysql.tsdb.MemoryTableMeta_DDL_Test]
04:32:13.266 [main] DEBUG o.s.t.annotation.ProfileValueUtils - Retrieved @ProfileValueSourceConfiguration [null] for test class [com.alibaba.otter.canal.parse.inbound.mysql.tsdb.MemoryTableMeta_DDL_Test]
04:32:13.266 [main] DEBUG o.s.t.annotation.ProfileValueUtils - Retrieved ProfileValueSource type [class org.springframework.test.annotation.SystemProfileValueSource] for class [com.alibaba.otter.canal.parse.inbound.mysql.tsdb.MemoryTableMeta_DDL_Test]
04:32:13.267 [main] DEBUG o.s.t.annotation.ProfileValueUtils - Retrieved @ProfileValueSourceConfiguration [null] for test class [com.alibaba.otter.canal.parse.inbound.mysql.tsdb.MemoryTableMeta_DDL_Test]
04:32:13.268 [main] DEBUG o.s.t.annotation.ProfileValueUtils - Retrieved ProfileValueSource type [class org.springframework.test.annotation.SystemProfileValueSource] for class [com.alibaba.otter.canal.parse.inbound.mysql.tsdb.MemoryTableMeta_DDL_Test]
04:32:13.271 [main] DEBUG o.s.t.annotation.ProfileValueUtils - Retrieved @ProfileValueSourceConfiguration [null] for test class [com.alibaba.otter.canal.parse.inbound.mysql.tsdb.MemoryTableMeta_DDL_Test]
04:32:13.272 [main] DEBUG o.s.t.annotation.ProfileValueUtils - Retrieved ProfileValueSource type [class org.springframework.test.annotation.SystemProfileValueSource] for class [com.alibaba.otter.canal.parse.inbound.mysql.tsdb.MemoryTableMeta_DDL_Test]
04:32:13.276 [main] DEBUG o.s.t.c.s.DependencyInjectionTestExecutionListener - Performing dependency injection for test context [[TestContext@6812fa3a testClass = MemoryTableMeta_DDL_Test, testInstance = com.alibaba.otter.canal.parse.inbound.mysql.tsdb.MemoryTableMeta_DDL_Test@29149030, testMethod = [null], testException = [null], mergedContextConfiguration = [MergedContextConfiguration@38b8b6c0 testClass = MemoryTableMeta_DDL_Test, locations = '{classpath:/tsdb/h2-tsdb.xml}', classes = '{}', contextInitializerClasses = '[]', activeProfiles = '{}', contextLoader = 'org.springframework.test.context.support.DelegatingSmartContextLoader', parent = [null]]]].
04:32:13.277 [main] DEBUG o.s.t.c.s.AbstractDelegatingSmartContextLoader - Delegating to GenericXmlContextLoader to load context from [MergedContextConfiguration@38b8b6c0 testClass = MemoryTableMeta_DDL_Test, locations = '{classpath:/tsdb/h2-tsdb.xml}', classes = '{}', contextInitializerClasses = '[]', activeProfiles = '{}', contextLoader = 'org.springframework.test.context.support.DelegatingSmartContextLoader', parent = [null]].
04:32:13.278 [main] DEBUG o.s.t.c.s.AbstractGenericContextLoader - Loading ApplicationContext for merged context configuration [[MergedContextConfiguration@38b8b6c0 testClass = MemoryTableMeta_DDL_Test, locations = '{classpath:/tsdb/h2-tsdb.xml}', classes = '{}', contextInitializerClasses = '[]', activeProfiles = '{}', contextLoader = 'org.springframework.test.context.support.DelegatingSmartContextLoader', parent = [null]]].
04:32:13.447 [main] DEBUG o.s.core.env.StandardEnvironment - Adding [systemProperties] PropertySource with lowest search precedence
04:32:13.452 [main] DEBUG o.s.core.env.StandardEnvironment - Adding [systemEnvironment] PropertySource with lowest search precedence
04:32:13.452 [main] DEBUG o.s.core.env.StandardEnvironment - Initialized StandardEnvironment with PropertySources [systemProperties,systemEnvironment]
04:32:13.483 [main] INFO  o.s.b.f.xml.XmlBeanDefinitionReader - Loading XML bean definitions from class path resource [tsdb/h2-tsdb.xml]
04:32:13.560 [main] DEBUG o.s.b.f.xml.DefaultDocumentLoader - Using JAXP provider [com.sun.org.apache.xerces.internal.jaxp.DocumentBuilderFactoryImpl]
04:32:13.612 [main] DEBUG o.s.b.f.xml.PluggableSchemaResolver - Loading schema mappings from [META-INF/spring.schemas]
04:32:13.626 [main] DEBUG o.s.b.f.xml.PluggableSchemaResolver - Loaded schema mappings: {http://www.springframework.org/schema/context/spring-context-3.2.xsd=org/springframework/context/config/spring-context-3.2.xsd, http://www.springframework.org/schema/context/spring-context-2.5.xsd=org/springframework/context/config/spring-context-2.5.xsd, http://www.springframework.org/schema/tx/spring-tx-2.5.xsd=org/springframework/transaction/config/spring-tx-2.5.xsd, http://www.springframework.org/schema/aop/spring-aop-2.0.xsd=org/springframework/aop/config/spring-aop-2.0.xsd, http://www.springframework.org/schema/jee/spring-jee-2.0.xsd=org/springframework/ejb/config/spring-jee-2.0.xsd, http://www.springframework.org/schema/tx/spring-tx-3.2.xsd=org/springframework/transaction/config/spring-tx-3.2.xsd, http://www.springframework.org/schema/util/spring-util-2.0.xsd=org/springframework/beans/factory/xml/spring-util-2.0.xsd, http://www.springframework.org/schema/tool/spring-tool-2.0.xsd=org/springframework/beans/factory/xml/spring-tool-2.0.xsd, http://www.springframework.org/schema/context/spring-context-3.1.xsd=org/springframework/context/config/spring-context-3.1.xsd, http://www.springframework.org/schema/tx/spring-tx-3.1.xsd=org/springframework/transaction/config/spring-tx-3.1.xsd, http://www.springframework.org/schema/tool/spring-tool.xsd=org/springframework/beans/factory/xml/spring-tool-3.2.xsd, http://www.springframework.org/schema/beans/spring-beans-3.2.xsd=org/springframework/beans/factory/xml/spring-beans-3.2.xsd, http://www.springframework.org/schema/beans/spring-beans-2.5.xsd=org/springframework/beans/factory/xml/spring-beans-2.5.xsd, http://www.springframework.org/schema/beans/spring-beans.xsd=org/springframework/beans/factory/xml/spring-beans-3.2.xsd, http://www.springframework.org/schema/tx/spring-tx-3.0.xsd=org/springframework/transaction/config/spring-tx-3.0.xsd, http://www.springframework.org/schema/lang/spring-lang-3.0.xsd=org/springframework/scripting/config/spring-lang-3.0.xsd, http://www.springframework.org/schema/jdbc/spring-jdbc.xsd=org/springframework/jdbc/config/spring-jdbc-3.2.xsd, http://www.springframework.org/schema/lang/spring-lang.xsd=org/springframework/scripting/config/spring-lang-3.2.xsd, http://www.springframework.org/schema/util/spring-util-2.5.xsd=org/springframework/beans/factory/xml/spring-util-2.5.xsd, http://www.springframework.org/schema/lang/spring-lang-3.1.xsd=org/springframework/scripting/config/spring-lang-3.1.xsd, http://www.springframework.org/schema/task/spring-task.xsd=org/springframework/scheduling/config/spring-task-3.2.xsd, http://www.springframework.org/schema/aop/spring-aop.xsd=org/springframework/aop/config/spring-aop-3.2.xsd, http://www.springframework.org/schema/beans/spring-beans-2.0.xsd=org/springframework/beans/factory/xml/spring-beans-2.0.xsd, http://www.springframework.org/schema/tool/spring-tool-3.1.xsd=org/springframework/beans/factory/xml/spring-tool-3.1.xsd, http://www.springframework.org/schema/util/spring-util-3.2.xsd=org/springframework/beans/factory/xml/spring-util-3.2.xsd, http://www.springframework.org/schema/jdbc/spring-jdbc-3.1.xsd=org/springframework/jdbc/config/spring-jdbc-3.1.xsd, http://www.springframework.org/schema/lang/spring-lang-3.2.xsd=org/springframework/scripting/config/spring-lang-3.2.xsd, http://www.springframework.org/schema/cache/spring-cache-3.2.xsd=org/springframework/cache/config/spring-cache-3.2.xsd, http://www.springframework.org/schema/tx/spring-tx-2.0.xsd=org/springframework/transaction/config/spring-tx-2.0.xsd, http://www.springframework.org/schema/util/spring-util.xsd=org/springframework/beans/factory/xml/spring-util-3.2.xsd, http://www.springframework.org/schema/util/spring-util-3.0.xsd=org/springframework/beans/factory/xml/spring-util-3.0.xsd, http://www.springframework.org/schema/jee/spring-jee-3.2.xsd=org/springframework/ejb/config/spring-jee-3.2.xsd, http://www.springframework.org/schema/aop/spring-aop-3.2.xsd=org/springframework/aop/config/spring-aop-3.2.xsd, http://www.springframework.org/schema/tool/spring-tool-3.2.xsd=org/springframework/beans/factory/xml/spring-tool-3.2.xsd, http://www.springframework.org/schema/lang/spring-lang-2.5.xsd=org/springframework/scripting/config/spring-lang-2.5.xsd, http://www.springframework.org/schema/jee/spring-jee.xsd=org/springframework/ejb/config/spring-jee-3.2.xsd, http://www.springframework.org/schema/util/spring-util-3.1.xsd=org/springframework/beans/factory/xml/spring-util-3.1.xsd, http://www.springframework.org/schema/jee/spring-jee-2.5.xsd=org/springframework/ejb/config/spring-jee-2.5.xsd, http://www.springframework.org/schema/jdbc/spring-jdbc-3.2.xsd=org/springframework/jdbc/config/spring-jdbc-3.2.xsd, http://www.springframework.org/schema/aop/spring-aop-2.5.xsd=org/springframework/aop/config/spring-aop-2.5.xsd, http://www.springframework.org/schema/context/spring-context.xsd=org/springframework/context/config/spring-context-3.2.xsd, http://www.springframework.org/schema/cache/spring-cache-3.1.xsd=org/springframework/cache/config/spring-cache-3.1.xsd, http://www.springframework.org/schema/tool/spring-tool-2.5.xsd=org/springframework/beans/factory/xml/spring-tool-2.5.xsd, http://www.springframework.org/schema/beans/spring-beans-3.0.xsd=org/springframework/beans/factory/xml/spring-beans-3.0.xsd, http://www.springframework.org/schema/task/spring-task-3.2.xsd=org/springframework/scheduling/config/spring-task-3.2.xsd, http://www.springframework.org/schema/aop/spring-aop-3.1.xsd=org/springframework/aop/config/spring-aop-3.1.xsd, http://www.springframework.org/schema/jee/spring-jee-3.0.xsd=org/springframework/ejb/config/spring-jee-3.0.xsd, http://www.springframework.org/schema/aop/spring-aop-3.0.xsd=org/springframework/aop/config/spring-aop-3.0.xsd, http://www.springframework.org/schema/jee/spring-jee-3.1.xsd=org/springframework/ejb/config/spring-jee-3.1.xsd, http://www.springframework.org/schema/beans/spring-beans-3.1.xsd=org/springframework/beans/factory/xml/spring-beans-3.1.xsd, http://www.springframework.org/schema/jdbc/spring-jdbc-3.0.xsd=org/springframework/jdbc/config/spring-jdbc-3.0.xsd, http://www.springframework.org/schema/tx/spring-tx.xsd=org/springframework/transaction/config/spring-tx-3.2.xsd, http://www.springframework.org/schema/lang/spring-lang-2.0.xsd=org/springframework/scripting/config/spring-lang-2.0.xsd, http://www.springframework.org/schema/task/spring-task-3.1.xsd=org/springframework/scheduling/config/spring-task-3.1.xsd, http://www.alibaba.com/schema/stat.xsd=META-INF/stat.xsd, http://www.springframework.org/schema/tool/spring-tool-3.0.xsd=org/springframework/beans/factory/xml/spring-tool-3.0.xsd, http://www.springframework.org/schema/task/spring-task-3.0.xsd=org/springframework/scheduling/config/spring-task-3.0.xsd, http://www.springframework.org/schema/context/spring-context-3.0.xsd=org/springframework/context/config/spring-context-3.0.xsd, http://www.springframework.org/schema/cache/spring-cache.xsd=org/springframework/cache/config/spring-cache-3.2.xsd}
04:32:13.629 [main] DEBUG o.s.b.f.xml.PluggableSchemaResolver - Found XML schema [http://www.springframework.org/schema/beans/spring-beans.xsd] in classpath: org/springframework/beans/factory/xml/spring-beans-3.2.xsd
04:32:13.736 [main] DEBUG o.s.b.f.x.DefaultBeanDefinitionDocumentReader - Loading bean definitions
04:32:13.788 [main] DEBUG o.s.b.f.xml.XmlBeanDefinitionReader - Loaded 5 bean definitions from location pattern [classpath:/tsdb/h2-tsdb.xml]
04:32:13.830 [main] INFO  o.s.c.s.GenericApplicationContext - Refreshing org.springframework.context.support.GenericApplicationContext@75120e58: startup date [Sun Dec 26 04:32:13 UTC 2021]; root of context hierarchy
04:32:13.832 [main] DEBUG o.s.c.s.GenericApplicationContext - Bean factory for org.springframework.context.support.GenericApplicationContext@75120e58: org.springframework.beans.factory.support.DefaultListableBeanFactory@1c1fa494: defining beans [tableMetaTSDB,dataSource,sqlMapClient,metaHistoryDAO,metaSnapshotDAO,org.springframework.context.annotation.internalConfigurationAnnotationProcessor,org.springframework.context.annotation.internalAutowiredAnnotationProcessor,org.springframework.context.annotation.internalRequiredAnnotationProcessor,org.springframework.context.annotation.internalCommonAnnotationProcessor]; root of factory hierarchy
04:32:13.924 [main] DEBUG o.s.b.f.s.DefaultListableBeanFactory - Creating shared instance of singleton bean 'org.springframework.context.annotation.internalConfigurationAnnotationProcessor'
04:32:13.925 [main] DEBUG o.s.b.f.s.DefaultListableBeanFactory - Creating instance of bean 'org.springframework.context.annotation.internalConfigurationAnnotationProcessor'
04:32:13.973 [main] DEBUG o.s.b.f.s.DefaultListableBeanFactory - Eagerly caching bean 'org.springframework.context.annotation.internalConfigurationAnnotationProcessor' to allow for resolving potential circular references
04:32:13.978 [main] DEBUG o.s.b.f.s.DefaultListableBeanFactory - Finished creating instance of bean 'org.springframework.context.annotation.internalConfigurationAnnotationProcessor'
04:32:14.085 [main] DEBUG o.s.b.f.s.DefaultListableBeanFactory - Creating shared instance of singleton bean 'org.springframework.context.annotation.internalAutowiredAnnotationProcessor'
04:32:14.086 [main] DEBUG o.s.b.f.s.DefaultListableBeanFactory - Creating instance of bean 'org.springframework.context.annotation.internalAutowiredAnnotationProcessor'
04:32:14.087 [main] DEBUG o.s.b.f.s.DefaultListableBeanFactory - Eagerly caching bean 'org.springframework.context.annotation.internalAutowiredAnnotationProcessor' to allow for resolving potential circular references
04:32:14.088 [main] DEBUG o.s.b.f.s.DefaultListableBeanFactory - Finished creating instance of bean 'org.springframework.context.annotation.internalAutowiredAnnotationProcessor'
04:32:14.088 [main] DEBUG o.s.b.f.s.DefaultListableBeanFactory - Creating shared instance of singleton bean 'org.springframework.context.annotation.internalRequiredAnnotationProcessor'
04:32:14.091 [main] DEBUG o.s.b.f.s.DefaultListableBeanFactory - Creating instance of bean 'org.springframework.context.annotation.internalRequiredAnnotationProcessor'
04:32:14.092 [main] DEBUG o.s.b.f.s.DefaultListableBeanFactory - Eagerly caching bean 'org.springframework.context.annotation.internalRequiredAnnotationProcessor' to allow for resolving potential circular references
04:32:14.092 [main] DEBUG o.s.b.f.s.DefaultListableBeanFactory - Finished creating instance of bean 'org.springframework.context.annotation.internalRequiredAnnotationProcessor'
04:32:14.093 [main] DEBUG o.s.b.f.s.DefaultListableBeanFactory - Creating shared instance of singleton bean 'org.springframework.context.annotation.internalCommonAnnotationProcessor'
04:32:14.093 [main] DEBUG o.s.b.f.s.DefaultListableBeanFactory - Creating instance of bean 'org.springframework.context.annotation.internalCommonAnnotationProcessor'
04:32:14.102 [main] DEBUG o.s.b.f.s.DefaultListableBeanFactory - Eagerly caching bean 'org.springframework.context.annotation.internalCommonAnnotationProcessor' to allow for resolving potential circular references
04:32:14.102 [main] DEBUG o.s.b.f.s.DefaultListableBeanFactory - Finished creating instance of bean 'org.springframework.context.annotation.internalCommonAnnotationProcessor'
04:32:14.103 [main] DEBUG o.s.b.f.s.DefaultListableBeanFactory - Creating shared instance of singleton bean 'org.springframework.context.annotation.ConfigurationClassPostProcessor.importAwareProcessor'
04:32:14.103 [main] DEBUG o.s.b.f.s.DefaultListableBeanFactory - Creating instance of bean 'org.springframework.context.annotation.ConfigurationClassPostProcessor.importAwareProcessor'
04:32:14.103 [main] DEBUG o.s.b.f.s.DefaultListableBeanFactory - Eagerly caching bean 'org.springframework.context.annotation.ConfigurationClassPostProcessor.importAwareProcessor' to allow for resolving potential circular references
04:32:14.104 [main] DEBUG o.s.b.f.s.DefaultListableBeanFactory - Finished creating instance of bean 'org.springframework.context.annotation.ConfigurationClassPostProcessor.importAwareProcessor'
04:32:14.109 [main] DEBUG o.s.c.s.GenericApplicationContext - Unable to locate MessageSource with name 'messageSource': using default [org.springframework.context.support.DelegatingMessageSource@54d60fa1]
04:32:14.114 [main] DEBUG o.s.c.s.GenericApplicationContext - Unable to locate ApplicationEventMulticaster with name 'applicationEventMulticaster': using default [org.springframework.context.event.SimpleApplicationEventMulticaster@6ceb11f9]
04:32:14.118 [main] INFO  o.s.b.f.s.DefaultListableBeanFactory - Pre-instantiating singletons in org.springframework.beans.factory.support.DefaultListableBeanFactory@1c1fa494: defining beans [tableMetaTSDB,dataSource,sqlMapClient,metaHistoryDAO,metaSnapshotDAO,org.springframework.context.annotation.internalConfigurationAnnotationProcessor,org.springframework.context.annotation.internalAutowiredAnnotationProcessor,org.springframework.context.annotation.internalRequiredAnnotationProcessor,org.springframework.context.annotation.internalCommonAnnotationProcessor,org.springframework.context.annotation.ConfigurationClassPostProcessor.importAwareProcessor]; root of factory hierarchy
04:32:14.118 [main] DEBUG o.s.b.f.s.DefaultListableBeanFactory - Creating shared instance of singleton bean 'tableMetaTSDB'
04:32:14.118 [main] DEBUG o.s.b.f.s.DefaultListableBeanFactory - Creating instance of bean 'tableMetaTSDB'
04:32:14.139 [main] DEBUG o.s.b.f.s.DefaultListableBeanFactory - Eagerly caching bean 'tableMetaTSDB' to allow for resolving potential circular references
04:32:14.211 [main] DEBUG o.s.b.f.s.DefaultListableBeanFactory - Creating shared instance of singleton bean 'metaHistoryDAO'
04:32:14.211 [main] DEBUG o.s.b.f.s.DefaultListableBeanFactory - Creating instance of bean 'metaHistoryDAO'
04:32:14.228 [main] DEBUG o.s.b.f.s.DefaultListableBeanFactory - Eagerly caching bean 'metaHistoryDAO' to allow for resolving potential circular references
04:32:14.239 [main] DEBUG o.s.b.f.s.DefaultListableBeanFactory - Creating shared instance of singleton bean 'dataSource'
04:32:14.239 [main] DEBUG o.s.b.f.s.DefaultListableBeanFactory - Creating instance of bean 'dataSource'
04:32:14.347 [main] DEBUG o.s.b.f.s.DefaultListableBeanFactory - Eagerly caching bean 'dataSource' to allow for resolving potential circular references
04:32:14.461 [main] DEBUG o.s.b.f.s.DefaultListableBeanFactory - Finished creating instance of bean 'dataSource'
04:32:14.461 [main] DEBUG o.s.b.f.s.DefaultListableBeanFactory - Added autowiring by name from bean name 'metaHistoryDAO' via property 'dataSource' to bean named 'dataSource'
04:32:14.462 [main] DEBUG o.s.b.f.s.DefaultListableBeanFactory - Creating shared instance of singleton bean 'sqlMapClient'
04:32:14.462 [main] DEBUG o.s.b.f.s.DefaultListableBeanFactory - Creating instance of bean 'sqlMapClient'
04:32:14.468 [main] DEBUG o.s.b.f.s.DefaultListableBeanFactory - Eagerly caching bean 'sqlMapClient' to allow for resolving potential circular references
04:32:14.472 [main] DEBUG o.s.b.f.s.DefaultListableBeanFactory - Returning cached instance of singleton bean 'dataSource'
04:32:14.476 [main] DEBUG o.s.b.f.s.DefaultListableBeanFactory - Invoking afterPropertiesSet() on bean with name 'sqlMapClient'
04:32:14.713 [main] DEBUG o.s.b.f.s.DefaultListableBeanFactory - Finished creating instance of bean 'sqlMapClient'
04:32:14.714 [main] DEBUG o.s.b.f.s.DefaultListableBeanFactory - Invoking afterPropertiesSet() on bean with name 'metaHistoryDAO'
04:32:14.832 [main] ERROR c.alibaba.druid.pool.DruidDataSource - testWhileIdle is true, validationQuery not set
04:32:14.865 [main] INFO  c.alibaba.druid.pool.DruidDataSource - {dataSource-1} inited
04:32:15.624 [main] DEBUG o.s.b.f.s.DefaultListableBeanFactory - Finished creating instance of bean 'metaHistoryDAO'
04:32:15.624 [main] DEBUG o.s.b.f.s.DefaultListableBeanFactory - Creating shared instance of singleton bean 'metaSnapshotDAO'
04:32:15.624 [main] DEBUG o.s.b.f.s.DefaultListableBeanFactory - Creating instance of bean 'metaSnapshotDAO'
04:32:15.625 [main] DEBUG o.s.b.f.s.DefaultListableBeanFactory - Eagerly caching bean 'metaSnapshotDAO' to allow for resolving potential circular references
04:32:15.629 [main] DEBUG o.s.b.f.s.DefaultListableBeanFactory - Returning cached instance of singleton bean 'dataSource'
04:32:15.629 [main] DEBUG o.s.b.f.s.DefaultListableBeanFactory - Added autowiring by name from bean name 'metaSnapshotDAO' via property 'dataSource' to bean named 'dataSource'
04:32:15.630 [main] DEBUG o.s.b.f.s.DefaultListableBeanFactory - Returning cached instance of singleton bean 'sqlMapClient'
04:32:15.630 [main] DEBUG o.s.b.f.s.DefaultListableBeanFactory - Invoking afterPropertiesSet() on bean with name 'metaSnapshotDAO'
04:32:15.640 [main] DEBUG o.s.b.f.s.DefaultListableBeanFactory - Finished creating instance of bean 'metaSnapshotDAO'
04:32:15.641 [main] DEBUG o.s.b.f.s.DefaultListableBeanFactory - Finished creating instance of bean 'tableMetaTSDB'
04:32:15.641 [main] DEBUG o.s.b.f.s.DefaultListableBeanFactory - Returning cached instance of singleton bean 'dataSource'
04:32:15.642 [main] DEBUG o.s.b.f.s.DefaultListableBeanFactory - Returning cached instance of singleton bean 'sqlMapClient'
04:32:15.642 [main] DEBUG o.s.b.f.s.DefaultListableBeanFactory - Returning cached instance of singleton bean 'metaHistoryDAO'
04:32:15.642 [main] DEBUG o.s.b.f.s.DefaultListableBeanFactory - Returning cached instance of singleton bean 'metaSnapshotDAO'
04:32:15.642 [main] DEBUG o.s.b.f.s.DefaultListableBeanFactory - Returning cached instance of singleton bean 'org.springframework.context.annotation.internalConfigurationAnnotationProcessor'
04:32:15.642 [main] DEBUG o.s.b.f.s.DefaultListableBeanFactory - Returning cached instance of singleton bean 'org.springframework.context.annotation.internalAutowiredAnnotationProcessor'
04:32:15.643 [main] DEBUG o.s.b.f.s.DefaultListableBeanFactory - Returning cached instance of singleton bean 'org.springframework.context.annotation.internalRequiredAnnotationProcessor'
04:32:15.643 [main] DEBUG o.s.b.f.s.DefaultListableBeanFactory - Returning cached instance of singleton bean 'org.springframework.context.annotation.internalCommonAnnotationProcessor'
04:32:15.643 [main] DEBUG o.s.b.f.s.DefaultListableBeanFactory - Returning cached instance of singleton bean 'org.springframework.context.annotation.ConfigurationClassPostProcessor.importAwareProcessor'
04:32:15.645 [main] DEBUG o.s.c.s.GenericApplicationContext - Unable to locate LifecycleProcessor with name 'lifecycleProcessor': using default [org.springframework.context.support.DefaultLifecycleProcessor@75f9a35a]
04:32:15.646 [main] DEBUG o.s.b.f.s.DefaultListableBeanFactory - Returning cached instance of singleton bean 'lifecycleProcessor'
04:32:15.649 [main] DEBUG o.s.c.e.PropertySourcesPropertyResolver - Searching for key 'spring.liveBeansView.mbeanDomain' in [systemProperties]
04:32:15.649 [main] DEBUG o.s.c.e.PropertySourcesPropertyResolver - Searching for key 'spring.liveBeansView.mbeanDomain' in [systemEnvironment]
04:32:15.650 [main] DEBUG o.s.c.e.PropertySourcesPropertyResolver - Could not find key 'spring.liveBeansView.mbeanDomain' in any property source. Returning [null]
04:32:15.651 [main] DEBUG o.s.t.c.CacheAwareContextLoaderDelegate - Storing ApplicationContext in cache under key [[MergedContextConfiguration@38b8b6c0 testClass = MemoryTableMeta_DDL_Test, locations = '{classpath:/tsdb/h2-tsdb.xml}', classes = '{}', contextInitializerClasses = '[]', activeProfiles = '{}', contextLoader = 'org.springframework.test.context.support.DelegatingSmartContextLoader', parent = [null]]]
04:32:15.651 [main] DEBUG o.springframework.test.context.cache - Spring test ApplicationContext cache statistics: [ContextCache@2f307fcc size = 1, hitCount = 0, missCount = 1, parentContextCount = 0]
TableMeta [schema=test, table=procs_priv, fileds=
	FieldMeta [columnName=Host, columnType=char(60), nullable=false, key=true, defaultValue=, extra=null, unique=false]
	FieldMeta [columnName=Db, columnType=char(64), nullable=false, key=true, defaultValue=, extra=null, unique=false]
	FieldMeta [columnName=User, columnType=char(16), nullable=false, key=true, defaultValue=, extra=null, unique=false]
	FieldMeta [columnName=Routine_name, columnType=char(64), nullable=false, key=true, defaultValue=, extra=null, unique=false]
	FieldMeta [columnName=Routine_type, columnType=enum('FUNCTION','PROCEDURE'), nullable=false, key=true, defaultValue=null, extra=null, unique=false]
	FieldMeta [columnName=Grantor, columnType=char(77), nullable=false, key=false, defaultValue=, extra=null, unique=false]
	FieldMeta [columnName=Proc_priv, columnType=set('Execute','Alter Routine','Grant'), nullable=false, key=false, defaultValue=, extra=null, unique=false]
	FieldMeta [columnName=Timestamp, columnType=timestamp, nullable=false, key=false, defaultValue=CURRENT_TIMESTAMP, extra=null, unique=false]
]
04:32:16.383 [main] DEBUG o.s.t.c.s.DirtiesContextTestExecutionListener - After test method: context [[TestContext@6812fa3a testClass = MemoryTableMeta_DDL_Test, testInstance = com.alibaba.otter.canal.parse.inbound.mysql.tsdb.MemoryTableMeta_DDL_Test@29149030, testMethod = test_any@MemoryTableMeta_DDL_Test, testException = [null], mergedContextConfiguration = [MergedContextConfiguration@38b8b6c0 testClass = MemoryTableMeta_DDL_Test, locations = '{classpath:/tsdb/h2-tsdb.xml}', classes = '{}', contextInitializerClasses = '[]', activeProfiles = '{}', contextLoader = 'org.springframework.test.context.support.DelegatingSmartContextLoader', parent = [null]]]], class dirties context [false], class mode [null], method dirties context [false].
04:32:16.385 [main] DEBUG o.s.t.annotation.ProfileValueUtils - Retrieved @ProfileValueSourceConfiguration [null] for test class [com.alibaba.otter.canal.parse.inbound.mysql.tsdb.MemoryTableMeta_DDL_Test]
04:32:16.385 [main] DEBUG o.s.t.annotation.ProfileValueUtils - Retrieved ProfileValueSource type [class org.springframework.test.annotation.SystemProfileValueSource] for class [com.alibaba.otter.canal.parse.inbound.mysql.tsdb.MemoryTableMeta_DDL_Test]
04:32:16.386 [main] DEBUG o.s.t.c.s.DependencyInjectionTestExecutionListener - Performing dependency injection for test context [[TestContext@6812fa3a testClass = MemoryTableMeta_DDL_Test, testInstance = com.alibaba.otter.canal.parse.inbound.mysql.tsdb.MemoryTableMeta_DDL_Test@a2c6068, testMethod = [null], testException = [null], mergedContextConfiguration = [MergedContextConfiguration@38b8b6c0 testClass = MemoryTableMeta_DDL_Test, locations = '{classpath:/tsdb/h2-tsdb.xml}', classes = '{}', contextInitializerClasses = '[]', activeProfiles = '{}', contextLoader = 'org.springframework.test.context.support.DelegatingSmartContextLoader', parent = [null]]]].
04:32:16.386 [main] DEBUG o.s.t.c.CacheAwareContextLoaderDelegate - Retrieved ApplicationContext from cache with key [[MergedContextConfiguration@38b8b6c0 testClass = MemoryTableMeta_DDL_Test, locations = '{classpath:/tsdb/h2-tsdb.xml}', classes = '{}', contextInitializerClasses = '[]', activeProfiles = '{}', contextLoader = 'org.springframework.test.context.support.DelegatingSmartContextLoader', parent = [null]]]
04:32:16.386 [main] DEBUG o.springframework.test.context.cache - Spring test ApplicationContext cache statistics: [ContextCache@2f307fcc size = 1, hitCount = 1, missCount = 1, parentContextCount = 0]
04:32:16.403 [main] INFO  c.a.f.s.repository.SchemaRepository - replaced table '_card_record_del'
TableMeta [schema=yushitai_test, table=card_record, fileds=
	FieldMeta [columnName=id, columnType=bigint, nullable=false, key=true, defaultValue=null, extra=null, unique=false]
	FieldMeta [columnName=last_update, columnType=timestamp, nullable=false, key=false, defaultValue=CURRENT_TIMESTAMP, extra=null, unique=false]
	FieldMeta [columnName=hint, columnType=varchar(64), nullable=false, key=false, defaultValue=null, extra=null, unique=true]
	FieldMeta [columnName=value, columnType=varchar(255), nullable=false, key=false, defaultValue=null, extra=null, unique=false]
	FieldMeta [columnName=customization_id, columnType=bigint unsigned, nullable=false, key=false, defaultValue=null, extra=null, unique=false]
]
04:32:16.404 [main] DEBUG o.s.t.c.s.DirtiesContextTestExecutionListener - After test method: context [[TestContext@6812fa3a testClass = MemoryTableMeta_DDL_Test, testInstance = com.alibaba.otter.canal.parse.inbound.mysql.tsdb.MemoryTableMeta_DDL_Test@a2c6068, testMethod = test1@MemoryTableMeta_DDL_Test, testException = [null], mergedContextConfiguration = [MergedContextConfiguration@38b8b6c0 testClass = MemoryTableMeta_DDL_Test, locations = '{classpath:/tsdb/h2-tsdb.xml}', classes = '{}', contextInitializerClasses = '[]', activeProfiles = '{}', contextLoader = 'org.springframework.test.context.support.DelegatingSmartContextLoader', parent = [null]]]], class dirties context [false], class mode [null], method dirties context [false].
04:32:16.405 [main] DEBUG o.s.t.annotation.ProfileValueUtils - Retrieved @ProfileValueSourceConfiguration [null] for test class [com.alibaba.otter.canal.parse.inbound.mysql.tsdb.MemoryTableMeta_DDL_Test]
04:32:16.405 [main] DEBUG o.s.t.annotation.ProfileValueUtils - Retrieved ProfileValueSource type [class org.springframework.test.annotation.SystemProfileValueSource] for class [com.alibaba.otter.canal.parse.inbound.mysql.tsdb.MemoryTableMeta_DDL_Test]
04:32:16.406 [main] DEBUG o.s.t.c.s.DependencyInjectionTestExecutionListener - Performing dependency injection for test context [[TestContext@6812fa3a testClass = MemoryTableMeta_DDL_Test, testInstance = com.alibaba.otter.canal.parse.inbound.mysql.tsdb.MemoryTableMeta_DDL_Test@694396a, testMethod = [null], testException = [null], mergedContextConfiguration = [MergedContextConfiguration@38b8b6c0 testClass = MemoryTableMeta_DDL_Test, locations = '{classpath:/tsdb/h2-tsdb.xml}', classes = '{}', contextInitializerClasses = '[]', activeProfiles = '{}', contextLoader = 'org.springframework.test.context.support.DelegatingSmartContextLoader', parent = [null]]]].
04:32:16.406 [main] DEBUG o.s.t.c.CacheAwareContextLoaderDelegate - Retrieved ApplicationContext from cache with key [[MergedContextConfiguration@38b8b6c0 testClass = MemoryTableMeta_DDL_Test, locations = '{classpath:/tsdb/h2-tsdb.xml}', classes = '{}', contextInitializerClasses = '[]', activeProfiles = '{}', contextLoader = 'org.springframework.test.context.support.DelegatingSmartContextLoader', parent = [null]]]
04:32:16.406 [main] DEBUG o.springframework.test.context.cache - Spring test ApplicationContext cache statistics: [ContextCache@2f307fcc size = 1, hitCount = 2, missCount = 1, parentContextCount = 0]
TableMeta [schema=yushitai_test, table=card_record, fileds=
	FieldMeta [columnName=id, columnType=bigint, nullable=false, key=true, defaultValue=null, extra=null, unique=false]
	FieldMeta [columnName=name, columnType=varchar(32), nullable=true, key=false, defaultValue=null, extra=null, unique=true]
	FieldMeta [columnName=alias, columnType=varchar(32), nullable=true, key=false, defaultValue=null, extra=null, unique=true]
]
04:32:16.412 [main] DEBUG o.s.t.c.s.DirtiesContextTestExecutionListener - After test method: context [[TestContext@6812fa3a testClass = MemoryTableMeta_DDL_Test, testInstance = com.alibaba.otter.canal.parse.inbound.mysql.tsdb.MemoryTableMeta_DDL_Test@694396a, testMethod = test2@MemoryTableMeta_DDL_Test, testException = [null], mergedContextConfiguration = [MergedContextConfiguration@38b8b6c0 testClass = MemoryTableMeta_DDL_Test, locations = '{classpath:/tsdb/h2-tsdb.xml}', classes = '{}', contextInitializerClasses = '[]', activeProfiles = '{}', contextLoader = 'org.springframework.test.context.support.DelegatingSmartContextLoader', parent = [null]]]], class dirties context [false], class mode [null], method dirties context [false].
04:32:16.412 [main] DEBUG o.s.t.annotation.ProfileValueUtils - Retrieved @ProfileValueSourceConfiguration [null] for test class [com.alibaba.otter.canal.parse.inbound.mysql.tsdb.MemoryTableMeta_DDL_Test]
04:32:16.413 [main] DEBUG o.s.t.annotation.ProfileValueUtils - Retrieved ProfileValueSource type [class org.springframework.test.annotation.SystemProfileValueSource] for class [com.alibaba.otter.canal.parse.inbound.mysql.tsdb.MemoryTableMeta_DDL_Test]
04:32:16.413 [main] DEBUG o.s.t.c.s.DependencyInjectionTestExecutionListener - Performing dependency injection for test context [[TestContext@6812fa3a testClass = MemoryTableMeta_DDL_Test, testInstance = com.alibaba.otter.canal.parse.inbound.mysql.tsdb.MemoryTableMeta_DDL_Test@6e85002b, testMethod = [null], testException = [null], mergedContextConfiguration = [MergedContextConfiguration@38b8b6c0 testClass = MemoryTableMeta_DDL_Test, locations = '{classpath:/tsdb/h2-tsdb.xml}', classes = '{}', contextInitializerClasses = '[]', activeProfiles = '{}', contextLoader = 'org.springframework.test.context.support.DelegatingSmartContextLoader', parent = [null]]]].
04:32:16.414 [main] DEBUG o.s.t.c.CacheAwareContextLoaderDelegate - Retrieved ApplicationContext from cache with key [[MergedContextConfiguration@38b8b6c0 testClass = MemoryTableMeta_DDL_Test, locations = '{classpath:/tsdb/h2-tsdb.xml}', classes = '{}', contextInitializerClasses = '[]', activeProfiles = '{}', contextLoader = 'org.springframework.test.context.support.DelegatingSmartContextLoader', parent = [null]]]
04:32:16.414 [main] DEBUG o.springframework.test.context.cache - Spring test ApplicationContext cache statistics: [ContextCache@2f307fcc size = 1, hitCount = 3, missCount = 1, parentContextCount = 0]
TableMeta [schema=test, table=quniya4, fileds=
	FieldMeta [columnName=id, columnType=int, nullable=false, key=true, defaultValue=null, extra=null, unique=false]
	FieldMeta [columnName=name, columnType=varchar(255), nullable=true, key=false, defaultValue=null, extra=null, unique=false]
	FieldMeta [columnName=value, columnType=varchar(255), nullable=true, key=false, defaultValue=null, extra=null, unique=false]
]
04:32:16.418 [main] DEBUG o.s.t.c.s.DirtiesContextTestExecutionListener - After test method: context [[TestContext@6812fa3a testClass = MemoryTableMeta_DDL_Test, testInstance = com.alibaba.otter.canal.parse.inbound.mysql.tsdb.MemoryTableMeta_DDL_Test@6e85002b, testMethod = test3@MemoryTableMeta_DDL_Test, testException = [null], mergedContextConfiguration = [MergedContextConfiguration@38b8b6c0 testClass = MemoryTableMeta_DDL_Test, locations = '{classpath:/tsdb/h2-tsdb.xml}', classes = '{}', contextInitializerClasses = '[]', activeProfiles = '{}', contextLoader = 'org.springframework.test.context.support.DelegatingSmartContextLoader', parent = [null]]]], class dirties context [false], class mode [null], method dirties context [false].
04:32:16.419 [main] DEBUG o.s.t.c.s.DirtiesContextTestExecutionListener - After test class: context [[TestContext@6812fa3a testClass = MemoryTableMeta_DDL_Test, testInstance = [null], testMethod = [null], testException = [null], mergedContextConfiguration = [MergedContextConfiguration@38b8b6c0 testClass = MemoryTableMeta_DDL_Test, locations = '{classpath:/tsdb/h2-tsdb.xml}', classes = '{}', contextInitializerClasses = '[]', activeProfiles = '{}', contextLoader = 'org.springframework.test.context.support.DelegatingSmartContextLoader', parent = [null]]]], dirtiesContext [false].
[[1;34mINFO[m] [1;32mTests run: [0;1;32m4[m, Failures: 0, Errors: 0, Skipped: 0, Time elapsed: 3.56 s - in com.alibaba.otter.canal.parse.inbound.mysql.tsdb.[1mMemoryTableMeta_DDL_Test[m
[[1;34mINFO[m] Running com.alibaba.otter.canal.parse.inbound.mysql.tsdb.[1mMemoryTableMeta_Random_DDL_Test[m
04:32:16.421 [main] DEBUG o.s.t.c.j.SpringJUnit4ClassRunner - SpringJUnit4ClassRunner constructor called with [class com.alibaba.otter.canal.parse.inbound.mysql.tsdb.MemoryTableMeta_Random_DDL_Test].
04:32:16.423 [main] DEBUG o.s.t.c.s.AbstractDelegatingSmartContextLoader - Delegating to GenericXmlContextLoader to process context configuration [ContextConfigurationAttributes@5a25183b declaringClass = 'com.alibaba.otter.canal.parse.inbound.mysql.tsdb.MemoryTableMeta_Random_DDL_Test', classes = '{}', locations = '{/tsdb/h2-tsdb.xml}', inheritLocations = true, initializers = '{}', inheritInitializers = true, name = [null], contextLoaderClass = 'org.springframework.test.context.ContextLoader'].
04:32:16.425 [main] DEBUG o.s.test.context.ContextLoaderUtils - Could not find an 'annotation declaring class' for annotation type [org.springframework.test.context.ActiveProfiles] and class [com.alibaba.otter.canal.parse.inbound.mysql.tsdb.MemoryTableMeta_Random_DDL_Test]
04:32:16.425 [main] DEBUG o.s.test.context.TestContextManager - @TestExecutionListeners is not present for class [com.alibaba.otter.canal.parse.inbound.mysql.tsdb.MemoryTableMeta_Random_DDL_Test]: using defaults.
04:32:16.426 [main] INFO  o.s.test.context.TestContextManager - Could not instantiate TestExecutionListener [org.springframework.test.context.web.ServletTestExecutionListener]. Specify custom listener classes or make the default listener classes (and their required dependencies) available. Offending class: [javax/servlet/ServletContext]
04:32:16.426 [main] DEBUG o.s.t.annotation.ProfileValueUtils - Retrieved @ProfileValueSourceConfiguration [null] for test class [com.alibaba.otter.canal.parse.inbound.mysql.tsdb.MemoryTableMeta_Random_DDL_Test]
04:32:16.427 [main] DEBUG o.s.t.annotation.ProfileValueUtils - Retrieved ProfileValueSource type [class org.springframework.test.annotation.SystemProfileValueSource] for class [com.alibaba.otter.canal.parse.inbound.mysql.tsdb.MemoryTableMeta_Random_DDL_Test]
04:32:16.427 [main] DEBUG o.s.t.annotation.ProfileValueUtils - Retrieved @ProfileValueSourceConfiguration [null] for test class [com.alibaba.otter.canal.parse.inbound.mysql.tsdb.MemoryTableMeta_Random_DDL_Test]
04:32:16.427 [main] DEBUG o.s.t.annotation.ProfileValueUtils - Retrieved ProfileValueSource type [class org.springframework.test.annotation.SystemProfileValueSource] for class [com.alibaba.otter.canal.parse.inbound.mysql.tsdb.MemoryTableMeta_Random_DDL_Test]
04:32:16.428 [main] DEBUG o.s.t.annotation.ProfileValueUtils - Retrieved @ProfileValueSourceConfiguration [null] for test class [com.alibaba.otter.canal.parse.inbound.mysql.tsdb.MemoryTableMeta_Random_DDL_Test]
04:32:16.428 [main] DEBUG o.s.t.annotation.ProfileValueUtils - Retrieved ProfileValueSource type [class org.springframework.test.annotation.SystemProfileValueSource] for class [com.alibaba.otter.canal.parse.inbound.mysql.tsdb.MemoryTableMeta_Random_DDL_Test]
04:32:16.429 [main] DEBUG o.s.t.annotation.ProfileValueUtils - Retrieved @ProfileValueSourceConfiguration [null] for test class [com.alibaba.otter.canal.parse.inbound.mysql.tsdb.MemoryTableMeta_Random_DDL_Test]
04:32:16.429 [main] DEBUG o.s.t.annotation.ProfileValueUtils - Retrieved ProfileValueSource type [class org.springframework.test.annotation.SystemProfileValueSource] for class [com.alibaba.otter.canal.parse.inbound.mysql.tsdb.MemoryTableMeta_Random_DDL_Test]
04:32:16.430 [main] DEBUG o.s.t.c.s.DependencyInjectionTestExecutionListener - Performing dependency injection for test context [[TestContext@2781feae testClass = MemoryTableMeta_Random_DDL_Test, testInstance = com.alibaba.otter.canal.parse.inbound.mysql.tsdb.MemoryTableMeta_Random_DDL_Test@6651dc63, testMethod = [null], testException = [null], mergedContextConfiguration = [MergedContextConfiguration@1ccf3a7f testClass = MemoryTableMeta_Random_DDL_Test, locations = '{classpath:/tsdb/h2-tsdb.xml}', classes = '{}', contextInitializerClasses = '[]', activeProfiles = '{}', contextLoader = 'org.springframework.test.context.support.DelegatingSmartContextLoader', parent = [null]]]].
04:32:16.430 [main] DEBUG o.s.t.c.CacheAwareContextLoaderDelegate - Retrieved ApplicationContext from cache with key [[MergedContextConfiguration@1ccf3a7f testClass = MemoryTableMeta_Random_DDL_Test, locations = '{classpath:/tsdb/h2-tsdb.xml}', classes = '{}', contextInitializerClasses = '[]', activeProfiles = '{}', contextLoader = 'org.springframework.test.context.support.DelegatingSmartContextLoader', parent = [null]]]
04:32:16.431 [main] DEBUG o.springframework.test.context.cache - Spring test ApplicationContext cache statistics: [ContextCache@2f307fcc size = 1, hitCount = 4, missCount = 1, parentContextCount = 0]
04:32:16.462 [main] INFO  c.a.f.s.repository.SchemaRepository - replaced table 'tb_rpuyybsdob'
04:32:16.464 [main] INFO  c.a.f.s.repository.SchemaRepository - replaced table 'tb_ljqeyzesru'
04:32:16.464 [main] INFO  c.a.f.s.repository.SchemaRepository - replaced table 'tb_bbvvzzczcw'
04:32:16.465 [main] INFO  c.a.f.s.repository.SchemaRepository - replaced table 'tb_hcvvpyqbtd'
04:32:16.465 [main] INFO  c.a.f.s.repository.SchemaRepository - replaced table 'tb_yfjonexaag'
04:32:16.465 [main] INFO  c.a.f.s.repository.SchemaRepository - replaced table 'tb_wewsxxqmxd'
04:32:16.465 [main] INFO  c.a.f.s.repository.SchemaRepository - replaced table 'tb_rpuyybsdob'
04:32:16.466 [main] INFO  c.a.f.s.repository.SchemaRepository - replaced table 'tb_ljqeyzesru'
04:32:16.467 [main] INFO  c.a.f.s.repository.SchemaRepository - replaced table 'tb_bbvvzzczcw'
04:32:16.468 [main] INFO  c.a.f.s.repository.SchemaRepository - replaced table 'tb_hcvvpyqbtd'
04:32:16.468 [main] INFO  c.a.f.s.repository.SchemaRepository - replaced table 'tb_yfjonexaag'
04:32:16.468 [main] INFO  c.a.f.s.repository.SchemaRepository - replaced table 'tb_wewsxxqmxd'
04:32:16.468 [main] INFO  c.a.f.s.repository.SchemaRepository - replaced table 'tb_rpuyybsdob'
04:32:16.469 [main] INFO  c.a.f.s.repository.SchemaRepository - replaced table 'tb_ljqeyzesru'
04:32:16.470 [main] INFO  c.a.f.s.repository.SchemaRepository - replaced table 'tb_bbvvzzczcw'
04:32:16.471 [main] INFO  c.a.f.s.repository.SchemaRepository - replaced table 'tb_hcvvpyqbtd'
04:32:16.471 [main] INFO  c.a.f.s.repository.SchemaRepository - replaced table 'tb_yfjonexaag'
04:32:16.471 [main] INFO  c.a.f.s.repository.SchemaRepository - replaced table 'tb_wewsxxqmxd'
04:32:16.471 [main] INFO  c.a.f.s.repository.SchemaRepository - replaced table 'tb_rpuyybsdob'
04:32:16.472 [main] INFO  c.a.f.s.repository.SchemaRepository - replaced table 'tb_ljqeyzesru'
04:32:16.473 [main] INFO  c.a.f.s.repository.SchemaRepository - replaced table 'tb_bbvvzzczcw'
04:32:16.473 [main] INFO  c.a.f.s.repository.SchemaRepository - replaced table 'tb_hcvvpyqbtd'
04:32:16.473 [main] INFO  c.a.f.s.repository.SchemaRepository - replaced table 'tb_yfjonexaag'
04:32:16.474 [main] INFO  c.a.f.s.repository.SchemaRepository - replaced table 'tb_wewsxxqmxd'
04:32:16.474 [main] INFO  c.a.f.s.repository.SchemaRepository - replaced table 'tb_rpuyybsdob'
04:32:16.475 [main] INFO  c.a.f.s.repository.SchemaRepository - replaced table 'tb_ljqeyzesru'
04:32:16.476 [main] INFO  c.a.f.s.repository.SchemaRepository - replaced table 'tb_bbvvzzczcw'
04:32:16.476 [main] INFO  c.a.f.s.repository.SchemaRepository - replaced table 'tb_hcvvpyqbtd'
04:32:16.476 [main] INFO  c.a.f.s.repository.SchemaRepository - replaced table 'tb_yfjonexaag'
04:32:16.477 [main] INFO  c.a.f.s.repository.SchemaRepository - replaced table 'tb_wewsxxqmxd'
04:32:16.490 [main] INFO  c.a.f.s.repository.SchemaRepository - replaced table 'tb_ctxyxxbpqn'
04:32:16.507 [main] INFO  c.a.f.s.repository.SchemaRepository - replaced table 'tb_uasvccezbb'
04:32:16.533 [main] INFO  c.a.f.s.repository.SchemaRepository - replaced table 'tb_npfwhbears'
04:32:16.534 [main] INFO  c.a.f.s.repository.SchemaRepository - replaced table 'tb_iapmhzrbpl'
04:32:16.534 [main] INFO  c.a.f.s.repository.SchemaRepository - replaced table 'tb_nxxnnxsqeq'
04:32:16.534 [main] INFO  c.a.f.s.repository.SchemaRepository - replaced table 'tb_yujleuojse'
04:32:16.534 [main] INFO  c.a.f.s.repository.SchemaRepository - replaced table 'tb_npfwhbears'
04:32:16.537 [main] INFO  c.a.f.s.repository.SchemaRepository - replaced table 'tb_iapmhzrbpl'
04:32:16.537 [main] INFO  c.a.f.s.repository.SchemaRepository - replaced table 'tb_nxxnnxsqeq'
04:32:16.537 [main] INFO  c.a.f.s.repository.SchemaRepository - replaced table 'tb_yujleuojse'
04:32:16.537 [main] INFO  c.a.f.s.repository.SchemaRepository - replaced table 'tb_npfwhbears'
04:32:16.538 [main] INFO  c.a.f.s.repository.SchemaRepository - replaced table 'tb_iapmhzrbpl'
04:32:16.538 [main] INFO  c.a.f.s.repository.SchemaRepository - replaced table 'tb_nxxnnxsqeq'
04:32:16.538 [main] INFO  c.a.f.s.repository.SchemaRepository - replaced table 'tb_yujleuojse'
04:32:16.544 [main] INFO  c.a.f.s.repository.SchemaRepository - replaced table 'tb_osccbhgwdn'
04:32:16.545 [main] INFO  c.a.f.s.repository.SchemaRepository - replaced table 'tb_chzhfzbmgu'
04:32:16.545 [main] INFO  c.a.f.s.repository.SchemaRepository - replaced table 'tb_bpukgjzglw'
04:32:16.545 [main] INFO  c.a.f.s.repository.SchemaRepository - replaced table 'tb_osccbhgwdn'
04:32:16.546 [main] INFO  c.a.f.s.repository.SchemaRepository - replaced table 'tb_chzhfzbmgu'
04:32:16.546 [main] INFO  c.a.f.s.repository.SchemaRepository - replaced table 'tb_bpukgjzglw'
04:32:16.562 [main] INFO  c.a.f.s.repository.SchemaRepository - replaced table 'tb_cwypwdifyd'
04:32:16.563 [main] INFO  c.a.f.s.repository.SchemaRepository - replaced table 'tb_gnhiuztkhp'
04:32:16.563 [main] INFO  c.a.f.s.repository.SchemaRepository - replaced table 'tb_omxdljixxx'
04:32:16.564 [main] INFO  c.a.f.s.repository.SchemaRepository - replaced table 'tb_cwypwdifyd'
04:32:16.564 [main] INFO  c.a.f.s.repository.SchemaRepository - replaced table 'tb_gnhiuztkhp'
04:32:16.564 [main] INFO  c.a.f.s.repository.SchemaRepository - replaced table 'tb_omxdljixxx'
04:32:16.576 [main] INFO  c.a.f.s.repository.SchemaRepository - replaced table 'tb_repwxdxmss'
04:32:16.576 [main] INFO  c.a.f.s.repository.SchemaRepository - replaced table 'tb_bmbzkqioww'
04:32:16.577 [main] INFO  c.a.f.s.repository.SchemaRepository - replaced table 'tb_dqutvqabgv'
04:32:16.577 [main] INFO  c.a.f.s.repository.SchemaRepository - replaced table 'tb_repwxdxmss'
04:32:16.577 [main] INFO  c.a.f.s.repository.SchemaRepository - replaced table 'tb_bmbzkqioww'
04:32:16.577 [main] INFO  c.a.f.s.repository.SchemaRepository - replaced table 'tb_dqutvqabgv'
04:32:16.592 [main] INFO  c.a.f.s.repository.SchemaRepository - replaced table 'tb_ruhyyyifba'
04:32:16.593 [main] INFO  c.a.f.s.repository.SchemaRepository - replaced table 'tb_rjbzsfvdte'
04:32:16.593 [main] INFO  c.a.f.s.repository.SchemaRepository - replaced table 'tb_qfryzntbot'
04:32:16.594 [main] INFO  c.a.f.s.repository.SchemaRepository - replaced table 'tb_ruhyyyifba'
04:32:16.594 [main] INFO  c.a.f.s.repository.SchemaRepository - replaced table 'tb_rjbzsfvdte'
04:32:16.594 [main] INFO  c.a.f.s.repository.SchemaRepository - replaced table 'tb_qfryzntbot'
04:32:16.601 [main] INFO  c.a.f.s.repository.SchemaRepository - replaced table 'tb_mjixwohckz'
04:32:16.602 [main] INFO  c.a.f.s.repository.SchemaRepository - replaced table 'tb_wdurcynllr'
04:32:16.602 [main] INFO  c.a.f.s.repository.SchemaRepository - replaced table 'tb_ayzakpuupb'
04:32:16.603 [main] INFO  c.a.f.s.repository.SchemaRepository - replaced table 'tb_mjixwohckz'
04:32:16.603 [main] INFO  c.a.f.s.repository.SchemaRepository - replaced table 'tb_wdurcynllr'
04:32:16.603 [main] INFO  c.a.f.s.repository.SchemaRepository - replaced table 'tb_ayzakpuupb'
04:32:16.611 [main] INFO  c.a.f.s.repository.SchemaRepository - replaced table 'tb_gvxwgsxgte'
04:32:16.612 [main] INFO  c.a.f.s.repository.SchemaRepository - replaced table 'tb_oytmynjdbq'
04:32:16.612 [main] INFO  c.a.f.s.repository.SchemaRepository - replaced table 'tb_wtwwuhhmqp'
04:32:16.613 [main] INFO  c.a.f.s.repository.SchemaRepository - replaced table 'tb_gvxwgsxgte'
04:32:16.613 [main] INFO  c.a.f.s.repository.SchemaRepository - replaced table 'tb_oytmynjdbq'
04:32:16.613 [main] INFO  c.a.f.s.repository.SchemaRepository - replaced table 'tb_wtwwuhhmqp'
04:32:16.620 [main] INFO  c.a.f.s.repository.SchemaRepository - replaced table 'tb_jmydpaxtpu'
04:32:16.621 [main] INFO  c.a.f.s.repository.SchemaRepository - replaced table 'tb_bkldmexfby'
04:32:16.628 [main] INFO  c.a.f.s.repository.SchemaRepository - replaced table 'tb_iztgdcpcld'
04:32:16.629 [main] INFO  c.a.f.s.repository.SchemaRepository - replaced table 'tb_kubnsybcaf'
04:32:16.629 [main] INFO  c.a.f.s.repository.SchemaRepository - replaced table 'tb_bjsplgjemd'
04:32:16.629 [main] INFO  c.a.f.s.repository.SchemaRepository - replaced table 'tb_dxadqwfhhb'
04:32:16.629 [main] INFO  c.a.f.s.repository.SchemaRepository - replaced table 'tb_iztgdcpcld'
04:32:16.630 [main] INFO  c.a.f.s.repository.SchemaRepository - replaced table 'tb_kubnsybcaf'
04:32:16.630 [main] INFO  c.a.f.s.repository.SchemaRepository - replaced table 'tb_bjsplgjemd'
04:32:16.630 [main] INFO  c.a.f.s.repository.SchemaRepository - replaced table 'tb_dxadqwfhhb'
04:32:16.631 [main] INFO  c.a.f.s.repository.SchemaRepository - replaced table 'tb_iztgdcpcld'
04:32:16.631 [main] INFO  c.a.f.s.repository.SchemaRepository - replaced table 'tb_kubnsybcaf'
04:32:16.631 [main] INFO  c.a.f.s.repository.SchemaRepository - replaced table 'tb_bjsplgjemd'
04:32:16.631 [main] INFO  c.a.f.s.repository.SchemaRepository - replaced table 'tb_dxadqwfhhb'
04:32:16.677 [main] INFO  c.a.f.s.repository.SchemaRepository - replaced table 'tb_arczcfjqat'
04:32:16.678 [main] INFO  c.a.f.s.repository.SchemaRepository - replaced table 'tb_kgdpofrysh'
04:32:16.682 [main] INFO  c.a.f.s.repository.SchemaRepository - replaced table 'tb_vjudeyawut'
04:32:16.682 [main] INFO  c.a.f.s.repository.SchemaRepository - replaced table 'tb_asbrvloeex'
04:32:16.691 [main] INFO  c.a.f.s.repository.SchemaRepository - replaced table 'tb_jwspnsjkbz'
04:32:16.692 [main] INFO  c.a.f.s.repository.SchemaRepository - replaced table 'tb_uildklperh'
04:32:16.692 [main] INFO  c.a.f.s.repository.SchemaRepository - replaced table 'tb_auppieylzo'
04:32:16.692 [main] INFO  c.a.f.s.repository.SchemaRepository - replaced table 'tb_rdvmtcfenu'
04:32:16.692 [main] INFO  c.a.f.s.repository.SchemaRepository - replaced table 'tb_btaicbcvzm'
04:32:16.692 [main] INFO  c.a.f.s.repository.SchemaRepository - replaced table 'tb_mxukjfwtfx'
04:32:16.692 [main] INFO  c.a.f.s.repository.SchemaRepository - replaced table 'tb_jwspnsjkbz'
04:32:16.693 [main] INFO  c.a.f.s.repository.SchemaRepository - replaced table 'tb_uildklperh'
04:32:16.693 [main] INFO  c.a.f.s.repository.SchemaRepository - replaced table 'tb_auppieylzo'
04:32:16.693 [main] INFO  c.a.f.s.repository.SchemaRepository - replaced table 'tb_rdvmtcfenu'
04:32:16.693 [main] INFO  c.a.f.s.repository.SchemaRepository - replaced table 'tb_btaicbcvzm'
04:32:16.693 [main] INFO  c.a.f.s.repository.SchemaRepository - replaced table 'tb_mxukjfwtfx'
04:32:16.716 [main] INFO  c.a.f.s.repository.SchemaRepository - replaced table 'tb_jwspnsjkbz'
04:32:16.716 [main] INFO  c.a.f.s.repository.SchemaRepository - replaced table 'tb_uildklperh'
04:32:16.717 [main] INFO  c.a.f.s.repository.SchemaRepository - replaced table 'tb_auppieylzo'
04:32:16.717 [main] INFO  c.a.f.s.repository.SchemaRepository - replaced table 'tb_rdvmtcfenu'
04:32:16.717 [main] INFO  c.a.f.s.repository.SchemaRepository - replaced table 'tb_btaicbcvzm'
04:32:16.717 [main] INFO  c.a.f.s.repository.SchemaRepository - replaced table 'tb_mxukjfwtfx'
04:32:16.717 [main] INFO  c.a.f.s.repository.SchemaRepository - replaced table 'tb_jwspnsjkbz'
04:32:16.717 [main] INFO  c.a.f.s.repository.SchemaRepository - replaced table 'tb_uildklperh'
04:32:16.717 [main] INFO  c.a.f.s.repository.SchemaRepository - replaced table 'tb_auppieylzo'
04:32:16.718 [main] INFO  c.a.f.s.repository.SchemaRepository - replaced table 'tb_rdvmtcfenu'
04:32:16.718 [main] INFO  c.a.f.s.repository.SchemaRepository - replaced table 'tb_btaicbcvzm'
04:32:16.718 [main] INFO  c.a.f.s.repository.SchemaRepository - replaced table 'tb_mxukjfwtfx'
04:32:16.718 [main] INFO  c.a.f.s.repository.SchemaRepository - replaced table 'tb_jwspnsjkbz'
04:32:16.718 [main] INFO  c.a.f.s.repository.SchemaRepository - replaced table 'tb_uildklperh'
04:32:16.718 [main] INFO  c.a.f.s.repository.SchemaRepository - replaced table 'tb_auppieylzo'
04:32:16.718 [main] INFO  c.a.f.s.repository.SchemaRepository - replaced table 'tb_rdvmtcfenu'
04:32:16.720 [main] INFO  c.a.f.s.repository.SchemaRepository - replaced table 'tb_btaicbcvzm'
04:32:16.720 [main] INFO  c.a.f.s.repository.SchemaRepository - replaced table 'tb_mxukjfwtfx'
04:32:16.730 [main] INFO  c.a.f.s.repository.SchemaRepository - replaced table 'tb_lvhgwlctrm'
04:32:16.730 [main] INFO  c.a.f.s.repository.SchemaRepository - replaced table 'tb_xplnlwuite'
04:32:16.730 [main] INFO  c.a.f.s.repository.SchemaRepository - replaced table 'tb_tntbgwfxdz'
04:32:16.731 [main] INFO  c.a.f.s.repository.SchemaRepository - replaced table 'tb_cemigpflpg'
04:32:16.731 [main] INFO  c.a.f.s.repository.SchemaRepository - replaced table 'tb_lvhgwlctrm'
04:32:16.731 [main] INFO  c.a.f.s.repository.SchemaRepository - replaced table 'tb_xplnlwuite'
04:32:16.731 [main] INFO  c.a.f.s.repository.SchemaRepository - replaced table 'tb_tntbgwfxdz'
04:32:16.731 [main] INFO  c.a.f.s.repository.SchemaRepository - replaced table 'tb_cemigpflpg'
04:32:16.731 [main] INFO  c.a.f.s.repository.SchemaRepository - replaced table 'tb_lvhgwlctrm'
04:32:16.732 [main] INFO  c.a.f.s.repository.SchemaRepository - replaced table 'tb_xplnlwuite'
04:32:16.732 [main] INFO  c.a.f.s.repository.SchemaRepository - replaced table 'tb_tntbgwfxdz'
04:32:16.732 [main] INFO  c.a.f.s.repository.SchemaRepository - replaced table 'tb_cemigpflpg'
04:32:16.736 [main] INFO  c.a.f.s.repository.SchemaRepository - replaced table 'tb_pactwzqamv'
04:32:16.736 [main] INFO  c.a.f.s.repository.SchemaRepository - replaced table 'tb_onrsvwgpqb'
04:32:16.737 [main] INFO  c.a.f.s.repository.SchemaRepository - replaced table 'tb_xfnqchameq'
04:32:16.737 [main] INFO  c.a.f.s.repository.SchemaRepository - replaced table 'tb_pactwzqamv'
04:32:16.737 [main] INFO  c.a.f.s.repository.SchemaRepository - replaced table 'tb_onrsvwgpqb'
04:32:16.737 [main] INFO  c.a.f.s.repository.SchemaRepository - replaced table 'tb_xfnqchameq'
04:32:16.739 [main] DEBUG o.s.t.c.s.DirtiesContextTestExecutionListener - After test method: context [[TestContext@2781feae testClass = MemoryTableMeta_Random_DDL_Test, testInstance = com.alibaba.otter.canal.parse.inbound.mysql.tsdb.MemoryTableMeta_Random_DDL_Test@6651dc63, testMethod = test_database@MemoryTableMeta_Random_DDL_Test, testException = [null], mergedContextConfiguration = [MergedContextConfiguration@1ccf3a7f testClass = MemoryTableMeta_Random_DDL_Test, locations = '{classpath:/tsdb/h2-tsdb.xml}', classes = '{}', contextInitializerClasses = '[]', activeProfiles = '{}', contextLoader = 'org.springframework.test.context.support.DelegatingSmartContextLoader', parent = [null]]]], class dirties context [false], class mode [null], method dirties context [false].
04:32:16.739 [main] DEBUG o.s.t.annotation.ProfileValueUtils - Retrieved @ProfileValueSourceConfiguration [null] for test class [com.alibaba.otter.canal.parse.inbound.mysql.tsdb.MemoryTableMeta_Random_DDL_Test]
04:32:16.739 [main] DEBUG o.s.t.annotation.ProfileValueUtils - Retrieved ProfileValueSource type [class org.springframework.test.annotation.SystemProfileValueSource] for class [com.alibaba.otter.canal.parse.inbound.mysql.tsdb.MemoryTableMeta_Random_DDL_Test]
04:32:16.740 [main] DEBUG o.s.t.c.s.DependencyInjectionTestExecutionListener - Performing dependency injection for test context [[TestContext@2781feae testClass = MemoryTableMeta_Random_DDL_Test, testInstance = com.alibaba.otter.canal.parse.inbound.mysql.tsdb.MemoryTableMeta_Random_DDL_Test@75cbb215, testMethod = [null], testException = [null], mergedContextConfiguration = [MergedContextConfiguration@1ccf3a7f testClass = MemoryTableMeta_Random_DDL_Test, locations = '{classpath:/tsdb/h2-tsdb.xml}', classes = '{}', contextInitializerClasses = '[]', activeProfiles = '{}', contextLoader = 'org.springframework.test.context.support.DelegatingSmartContextLoader', parent = [null]]]].
04:32:16.740 [main] DEBUG o.s.t.c.CacheAwareContextLoaderDelegate - Retrieved ApplicationContext from cache with key [[MergedContextConfiguration@1ccf3a7f testClass = MemoryTableMeta_Random_DDL_Test, locations = '{classpath:/tsdb/h2-tsdb.xml}', classes = '{}', contextInitializerClasses = '[]', activeProfiles = '{}', contextLoader = 'org.springframework.test.context.support.DelegatingSmartContextLoader', parent = [null]]]
04:32:16.740 [main] DEBUG o.springframework.test.context.cache - Spring test ApplicationContext cache statistics: [ContextCache@2f307fcc size = 1, hitCount = 5, missCount = 1, parentContextCount = 0]
04:32:16.994 [main] DEBUG o.s.t.c.s.DirtiesContextTestExecutionListener - After test method: context [[TestContext@2781feae testClass = MemoryTableMeta_Random_DDL_Test, testInstance = com.alibaba.otter.canal.parse.inbound.mysql.tsdb.MemoryTableMeta_Random_DDL_Test@75cbb215, testMethod = test_table@MemoryTableMeta_Random_DDL_Test, testException = [null], mergedContextConfiguration = [MergedContextConfiguration@1ccf3a7f testClass = MemoryTableMeta_Random_DDL_Test, locations = '{classpath:/tsdb/h2-tsdb.xml}', classes = '{}', contextInitializerClasses = '[]', activeProfiles = '{}', contextLoader = 'org.springframework.test.context.support.DelegatingSmartContextLoader', parent = [null]]]], class dirties context [false], class mode [null], method dirties context [false].
04:32:16.995 [main] DEBUG o.s.t.c.s.DirtiesContextTestExecutionListener - After test class: context [[TestContext@2781feae testClass = MemoryTableMeta_Random_DDL_Test, testInstance = [null], testMethod = [null], testException = [null], mergedContextConfiguration = [MergedContextConfiguration@1ccf3a7f testClass = MemoryTableMeta_Random_DDL_Test, locations = '{classpath:/tsdb/h2-tsdb.xml}', classes = '{}', contextInitializerClasses = '[]', activeProfiles = '{}', contextLoader = 'org.springframework.test.context.support.DelegatingSmartContextLoader', parent = [null]]]], dirtiesContext [false].
[[1;34mINFO[m] [1;32mTests run: [0;1;32m2[m, Failures: 0, Errors: 0, Skipped: 0, Time elapsed: 0.573 s - in com.alibaba.otter.canal.parse.inbound.mysql.tsdb.[1mMemoryTableMeta_Random_DDL_Test[m
[[1;34mINFO[m] Running com.alibaba.otter.canal.parse.inbound.mysql.tsdb.[1mTableMetaManagerTest[m
[[1;33mWARNING[m] [1;33mTests [0;1mrun: [0;1m1[m, Failures: 0, Errors: 0, [1;33mSkipped: [0;1;33m1[m, Time elapsed: 0.001 s - in com.alibaba.otter.canal.parse.inbound.mysql.tsdb.[1mTableMetaManagerTest[m
[[1;34mINFO[m] Running com.alibaba.otter.canal.parse.inbound.mysql.tsdb.[1mMetaSnapshotDAOTest[m
04:32:17.009 [main] DEBUG o.s.t.c.j.SpringJUnit4ClassRunner - SpringJUnit4ClassRunner constructor called with [class com.alibaba.otter.canal.parse.inbound.mysql.tsdb.MetaSnapshotDAOTest].
04:32:17.010 [main] DEBUG o.s.t.c.s.AbstractDelegatingSmartContextLoader - Delegating to GenericXmlContextLoader to process context configuration [ContextConfigurationAttributes@3fd762bb declaringClass = 'com.alibaba.otter.canal.parse.inbound.mysql.tsdb.MetaSnapshotDAOTest', classes = '{}', locations = '{/tsdb/h2-tsdb.xml}', inheritLocations = true, initializers = '{}', inheritInitializers = true, name = [null], contextLoaderClass = 'org.springframework.test.context.ContextLoader'].
04:32:17.010 [main] DEBUG o.s.test.context.ContextLoaderUtils - Could not find an 'annotation declaring class' for annotation type [org.springframework.test.context.ActiveProfiles] and class [com.alibaba.otter.canal.parse.inbound.mysql.tsdb.MetaSnapshotDAOTest]
04:32:17.011 [main] DEBUG o.s.test.context.TestContextManager - @TestExecutionListeners is not present for class [com.alibaba.otter.canal.parse.inbound.mysql.tsdb.MetaSnapshotDAOTest]: using defaults.
04:32:17.011 [main] INFO  o.s.test.context.TestContextManager - Could not instantiate TestExecutionListener [org.springframework.test.context.web.ServletTestExecutionListener]. Specify custom listener classes or make the default listener classes (and their required dependencies) available. Offending class: [javax/servlet/ServletContext]
04:32:17.012 [main] DEBUG o.s.t.annotation.ProfileValueUtils - Retrieved @ProfileValueSourceConfiguration [null] for test class [com.alibaba.otter.canal.parse.inbound.mysql.tsdb.MetaSnapshotDAOTest]
04:32:17.012 [main] DEBUG o.s.t.annotation.ProfileValueUtils - Retrieved ProfileValueSource type [class org.springframework.test.annotation.SystemProfileValueSource] for class [com.alibaba.otter.canal.parse.inbound.mysql.tsdb.MetaSnapshotDAOTest]
04:32:17.012 [main] DEBUG o.s.t.annotation.ProfileValueUtils - Retrieved @ProfileValueSourceConfiguration [null] for test class [com.alibaba.otter.canal.parse.inbound.mysql.tsdb.MetaSnapshotDAOTest]
04:32:17.012 [main] DEBUG o.s.t.annotation.ProfileValueUtils - Retrieved ProfileValueSource type [class org.springframework.test.annotation.SystemProfileValueSource] for class [com.alibaba.otter.canal.parse.inbound.mysql.tsdb.MetaSnapshotDAOTest]
04:32:17.012 [main] DEBUG o.s.t.annotation.ProfileValueUtils - Retrieved @ProfileValueSourceConfiguration [null] for test class [com.alibaba.otter.canal.parse.inbound.mysql.tsdb.MetaSnapshotDAOTest]
04:32:17.013 [main] DEBUG o.s.t.annotation.ProfileValueUtils - Retrieved ProfileValueSource type [class org.springframework.test.annotation.SystemProfileValueSource] for class [com.alibaba.otter.canal.parse.inbound.mysql.tsdb.MetaSnapshotDAOTest]
[[1;33mWARNING[m] [1;33mTests [0;1mrun: [0;1m1[m, Failures: 0, Errors: 0, [1;33mSkipped: [0;1;33m1[m, Time elapsed: 0.011 s - in com.alibaba.otter.canal.parse.inbound.mysql.tsdb.[1mMetaSnapshotDAOTest[m
[[1;34mINFO[m] Running com.alibaba.otter.canal.parse.inbound.mysql.tsdb.[1mTableMetaManagerBuilderTest[m
[[1;33mWARNING[m] [1;33mTests [0;1mrun: [0;1m1[m, Failures: 0, Errors: 0, [1;33mSkipped: [0;1;33m1[m, Time elapsed: 0 s - in com.alibaba.otter.canal.parse.inbound.mysql.tsdb.[1mTableMetaManagerBuilderTest[m
[[1;34mINFO[m] Running com.alibaba.otter.canal.parse.inbound.mysql.tsdb.[1mMemoryTableMetaTest[m
[[1;33mWARNING[m] [1;33mTests [0;1mrun: [0;1m1[m, Failures: 0, Errors: 0, [1;33mSkipped: [0;1;33m1[m, Time elapsed: 0 s - in com.alibaba.otter.canal.parse.inbound.mysql.tsdb.[1mMemoryTableMetaTest[m
[[1;34mINFO[m] Running com.alibaba.otter.canal.parse.inbound.mysql.tsdb.[1mFastsqlSchemaTest[m
CREATE TABLE quniya4 (
	id int NOT NULL,
	name varchar(255) NULL,
	value varchar(255) NULL,
	PRIMARY KEY (id)
)
[[1;34mINFO[m] [1;32mTests run: [0;1;32m1[m, Failures: 0, Errors: 0, Skipped: 0, Time elapsed: 0.016 s - in com.alibaba.otter.canal.parse.inbound.mysql.tsdb.[1mFastsqlSchemaTest[m
[[1;34mINFO[m] Running com.alibaba.otter.canal.parse.inbound.mysql.[1mRdsLocalBinlogDumpTest[m
[[1;33mWARNING[m] [1;33mTests [0;1mrun: [0;1m1[m, Failures: 0, Errors: 0, [1;33mSkipped: [0;1;33m1[m, Time elapsed: 0 s - in com.alibaba.otter.canal.parse.inbound.mysql.[1mRdsLocalBinlogDumpTest[m
[[1;34mINFO[m] Running com.alibaba.otter.canal.parse.inbound.mysql.[1mDruidDdlParserTest[m
[[1;34mINFO[m] [1;32mTests run: [0;1;32m7[m, Failures: 0, Errors: 0, Skipped: 0, Time elapsed: 0.098 s - in com.alibaba.otter.canal.parse.inbound.mysql.[1mDruidDdlParserTest[m
[[1;34mINFO[m] Running com.alibaba.otter.canal.parse.inbound.mysql.[1mRdsBinlogOpenApiTest[m
[[1;33mWARNING[m] [1;33mTests [0;1mrun: [0;1m1[m, Failures: 0, Errors: 0, [1;33mSkipped: [0;1;33m1[m, Time elapsed: 0 s - in com.alibaba.otter.canal.parse.inbound.mysql.[1mRdsBinlogOpenApiTest[m
[[1;34mINFO[m] Running com.alibaba.otter.canal.parse.inbound.mysql.[1mMysqlEventParserTest[m
[[1;33mWARNING[m] [1;33mTests [0;1mrun: [0;1m1[m, Failures: 0, Errors: 0, [1;33mSkipped: [0;1;33m1[m, Time elapsed: 0 s - in com.alibaba.otter.canal.parse.inbound.mysql.[1mMysqlEventParserTest[m
[[1;34mINFO[m] Running com.alibaba.otter.canal.parse.inbound.mysql.[1mRdsBinlogEventParserProxyTest[m
[[1;33mWARNING[m] [1;33mTests [0;1mrun: [0;1m1[m, Failures: 0, Errors: 0, [1;33mSkipped: [0;1;33m1[m, Time elapsed: 0 s - in com.alibaba.otter.canal.parse.inbound.mysql.[1mRdsBinlogEventParserProxyTest[m
[[1;34mINFO[m] Running com.alibaba.otter.canal.parse.inbound.mysql.[1mLocalBinlogDumpTest[m
[[1;33mWARNING[m] [1;33mTests [0;1mrun: [0;1m1[m, Failures: 0, Errors: 0, [1;33mSkipped: [0;1;33m1[m, Time elapsed: 0 s - in com.alibaba.otter.canal.parse.inbound.mysql.[1mLocalBinlogDumpTest[m
[[1;34mINFO[m] Running com.alibaba.otter.canal.parse.inbound.mysql.[1mSimpleDdlParserTest[m
[[1;33mWARNING[m] [1;33mTests [0;1mrun: [0;1m1[m, Failures: 0, Errors: 0, [1;33mSkipped: [0;1;33m1[m, Time elapsed: 0 s - in com.alibaba.otter.canal.parse.inbound.mysql.[1mSimpleDdlParserTest[m
[[1;34mINFO[m] Running com.alibaba.otter.canal.parse.inbound.mysql.[1mMysqlDumpTest[m
[[1;33mWARNING[m] [1;33mTests [0;1mrun: [0;1m1[m, Failures: 0, Errors: 0, [1;33mSkipped: [0;1;33m1[m, Time elapsed: 0 s - in com.alibaba.otter.canal.parse.inbound.mysql.[1mMysqlDumpTest[m
[[1;34mINFO[m] Running com.alibaba.otter.canal.parse.inbound.mysql.[1mLocalBinlogEventParserTest[m
[[1;33mWARNING[m] [1;33mTests [0;1mrun: [0;1m1[m, Failures: 0, Errors: 0, [1;33mSkipped: [0;1;33m1[m, Time elapsed: 0 s - in com.alibaba.otter.canal.parse.inbound.mysql.[1mLocalBinlogEventParserTest[m
[[1;34mINFO[m] Running com.alibaba.otter.canal.parse.inbound.group.[1mGroupEventPaserTest[m
[[1;33mWARNING[m] [1;33mTests [0;1mrun: [0;1m1[m, Failures: 0, Errors: 0, [1;33mSkipped: [0;1;33m1[m, Time elapsed: 0 s - in com.alibaba.otter.canal.parse.inbound.group.[1mGroupEventPaserTest[m
[[1;34mINFO[m] Running com.alibaba.otter.canal.parse.inbound.[1mEventTransactionBufferTest[m

>>>>>>>>>>>>>>>>>>>>>>>>>>>>>>>>
main [1:1:1970-01-01 00:00:00] .
main [1:2:1970-01-01 00:00:00] .
main [1:3:1970-01-01 00:00:00] .
main [1:4:1970-01-01 00:00:00] .
main [1:5:1970-01-01 00:00:00] .
main [1:6:1970-01-01 00:00:00] .
main [1:7:1970-01-01 00:00:00] .
main [1:8:1970-01-01 00:00:00] .
main [1:9:1970-01-01 00:00:00] .
main [1:10:1970-01-01 00:00:00] .
main [1:11:1970-01-01 00:00:00] .
main [1:12:1970-01-01 00:00:00] .
main [1:13:1970-01-01 00:00:00] .
main [1:14:1970-01-01 00:00:00] .
main [1:15:1970-01-01 00:00:00] .
main [1:16:1970-01-01 00:00:00] .
main [1:17:1970-01-01 00:00:00] .
main [1:18:1970-01-01 00:00:00] .
main [1:19:1970-01-01 00:00:00] .
main [1:20:1970-01-01 00:00:00] .
main [1:21:1970-01-01 00:00:00] .
main [1:22:1970-01-01 00:00:00] .
main [1:23:1970-01-01 00:00:00] .
main [1:24:1970-01-01 00:00:00] .
main [1:25:1970-01-01 00:00:00] .
main [1:26:1970-01-01 00:00:00] .
main [1:27:1970-01-01 00:00:00] .
main [1:28:1970-01-01 00:00:00] .
main [1:29:1970-01-01 00:00:00] .
main [1:30:1970-01-01 00:00:00] .
main [1:31:1970-01-01 00:00:00] .
main [1:32:1970-01-01 00:00:00] .
main [1:33:1970-01-01 00:00:00] .
main [1:34:1970-01-01 00:00:00] .
main [1:35:1970-01-01 00:00:00] .
main [1:36:1970-01-01 00:00:00] .
main [1:37:1970-01-01 00:00:00] .
main [1:38:1970-01-01 00:00:00] .
main [1:39:1970-01-01 00:00:00] .
main [1:40:1970-01-01 00:00:00] .
main [1:41:1970-01-01 00:00:00] .
main [1:42:1970-01-01 00:00:00] .
main [1:43:1970-01-01 00:00:00] .
main [1:44:1970-01-01 00:00:00] .
main [1:45:1970-01-01 00:00:00] .
main [1:46:1970-01-01 00:00:00] .
main [1:47:1970-01-01 00:00:00] .
main [1:48:1970-01-01 00:00:00] .
main [1:49:1970-01-01 00:00:00] .
main [1:50:1970-01-01 00:00:00] .
main [1:51:1970-01-01 00:00:00] .
main [1:52:1970-01-01 00:00:00] .
main [1:53:1970-01-01 00:00:00] .
main [1:54:1970-01-01 00:00:00] .
main [1:55:1970-01-01 00:00:00] .
main [1:56:1970-01-01 00:00:00] .
main [1:57:1970-01-01 00:00:00] .
main [1:58:1970-01-01 00:00:00] .
main [1:59:1970-01-01 00:00:00] .
main [1:60:1970-01-01 00:00:00] .
main [1:61:1970-01-01 00:00:00] .
main [1:62:1970-01-01 00:00:00] .
main [1:63:1970-01-01 00:00:00] .
main [1:64:1970-01-01 00:00:00] .
<<<<<<<<<<<<<<<<<<<<<<<<<<<<<<<<<


>>>>>>>>>>>>>>>>>>>>>>>>>>>>>>>>
main [1:65:1970-01-01 00:00:00] .
main [1:66:1970-01-01 00:00:00] .
main [1:67:1970-01-01 00:00:00] .
main [1:68:1970-01-01 00:00:00] .
main [1:69:1970-01-01 00:00:00] .
main [1:70:1970-01-01 00:00:00] .
main [1:71:1970-01-01 00:00:00] .
main [1:72:1970-01-01 00:00:00] .
main [1:73:1970-01-01 00:00:00] .
main [1:74:1970-01-01 00:00:00] .
main [1:75:1970-01-01 00:00:00] .
main [1:76:1970-01-01 00:00:00] .
main [1:77:1970-01-01 00:00:00] .
main [1:78:1970-01-01 00:00:00] .
main [1:79:1970-01-01 00:00:00] .
main [1:80:1970-01-01 00:00:00] .
main [1:81:1970-01-01 00:00:00] .
main [1:82:1970-01-01 00:00:00] .
main [1:83:1970-01-01 00:00:00] .
main [1:84:1970-01-01 00:00:00] .
main [1:85:1970-01-01 00:00:00] .
main [1:86:1970-01-01 00:00:00] .
main [1:87:1970-01-01 00:00:00] .
main [1:88:1970-01-01 00:00:00] .
main [1:89:1970-01-01 00:00:00] .
main [1:90:1970-01-01 00:00:00] .
main [1:91:1970-01-01 00:00:00] .
main [1:92:1970-01-01 00:00:00] .
main [1:93:1970-01-01 00:00:00] .
main [1:94:1970-01-01 00:00:00] .
main [1:95:1970-01-01 00:00:00] .
main [1:96:1970-01-01 00:00:00] .
main [1:97:1970-01-01 00:00:00] .
main [1:98:1970-01-01 00:00:00] .
main [1:99:1970-01-01 00:00:00] .
main [1:100:1970-01-01 00:00:00] .
main [1:101:1970-01-01 00:00:00] .
main [1:102:1970-01-01 00:00:00] .
main [1:103:1970-01-01 00:00:00] .
main [1:104:1970-01-01 00:00:00] .
main [1:105:1970-01-01 00:00:00] .
main [1:106:1970-01-01 00:00:00] .
main [1:107:1970-01-01 00:00:00] .
main [1:108:1970-01-01 00:00:00] .
main [1:109:1970-01-01 00:00:00] .
main [1:110:1970-01-01 00:00:00] .
main [1:111:1970-01-01 00:00:00] .
main [1:112:1970-01-01 00:00:00] .
main [1:113:1970-01-01 00:00:00] .
main [1:114:1970-01-01 00:00:00] .
main [1:115:1970-01-01 00:00:00] .
main [1:116:1970-01-01 00:00:00] .
main [1:117:1970-01-01 00:00:00] .
main [1:118:1970-01-01 00:00:00] .
main [1:119:1970-01-01 00:00:00] .
main [1:120:1970-01-01 00:00:00] .
main [1:121:1970-01-01 00:00:00] .
main [1:122:1970-01-01 00:00:00] .
main [1:123:1970-01-01 00:00:00] .
main [1:124:1970-01-01 00:00:00] .
main [1:125:1970-01-01 00:00:00] .
main [1:126:1970-01-01 00:00:00] .
main [1:127:1970-01-01 00:00:00] .
main [1:128:1970-01-01 00:00:00] .
<<<<<<<<<<<<<<<<<<<<<<<<<<<<<<<<<


>>>>>>>>>>>>>>>>>>>>>>>>>>>>>>>>
TRANSACTIONBEGIN
main [1:2:1970-01-01 00:00:00] .
main [1:3:1970-01-01 00:00:00] .
main [1:4:1970-01-01 00:00:00] .
TRANSACTIONEND
<<<<<<<<<<<<<<<<<<<<<<<<<<<<<<<<<


>>>>>>>>>>>>>>>>>>>>>>>>>>>>>>>>
TRANSACTIONBEGIN
main [1:7:1970-01-01 00:00:00] .
main [1:8:1970-01-01 00:00:00] .
main [1:9:1970-01-01 00:00:00] .
TRANSACTIONEND
<<<<<<<<<<<<<<<<<<<<<<<<<<<<<<<<<


>>>>>>>>>>>>>>>>>>>>>>>>>>>>>>>>
TRANSACTIONBEGIN
main [1:12:1970-01-01 00:00:00] .
main [1:13:1970-01-01 00:00:00] .
main [1:14:1970-01-01 00:00:00] .
TRANSACTIONEND
<<<<<<<<<<<<<<<<<<<<<<<<<<<<<<<<<


>>>>>>>>>>>>>>>>>>>>>>>>>>>>>>>>
TRANSACTIONBEGIN
main [1:17:1970-01-01 00:00:00] .
main [1:18:1970-01-01 00:00:00] .
main [1:19:1970-01-01 00:00:00] .
TRANSACTIONEND
<<<<<<<<<<<<<<<<<<<<<<<<<<<<<<<<<


>>>>>>>>>>>>>>>>>>>>>>>>>>>>>>>>
TRANSACTIONBEGIN
main [1:22:1970-01-01 00:00:00] .
main [1:23:1970-01-01 00:00:00] .
main [1:24:1970-01-01 00:00:00] .
TRANSACTIONEND
<<<<<<<<<<<<<<<<<<<<<<<<<<<<<<<<<


>>>>>>>>>>>>>>>>>>>>>>>>>>>>>>>>
TRANSACTIONBEGIN
main [1:27:1970-01-01 00:00:00] .
main [1:28:1970-01-01 00:00:00] .
main [1:29:1970-01-01 00:00:00] .
TRANSACTIONEND
<<<<<<<<<<<<<<<<<<<<<<<<<<<<<<<<<


>>>>>>>>>>>>>>>>>>>>>>>>>>>>>>>>
TRANSACTIONBEGIN
main [1:32:1970-01-01 00:00:00] .
main [1:33:1970-01-01 00:00:00] .
main [1:34:1970-01-01 00:00:00] .
TRANSACTIONEND
<<<<<<<<<<<<<<<<<<<<<<<<<<<<<<<<<


>>>>>>>>>>>>>>>>>>>>>>>>>>>>>>>>
TRANSACTIONBEGIN
main [1:37:1970-01-01 00:00:00] .
main [1:38:1970-01-01 00:00:00] .
main [1:39:1970-01-01 00:00:00] .
TRANSACTIONEND
<<<<<<<<<<<<<<<<<<<<<<<<<<<<<<<<<


>>>>>>>>>>>>>>>>>>>>>>>>>>>>>>>>
TRANSACTIONBEGIN
main [1:42:1970-01-01 00:00:00] .
main [1:43:1970-01-01 00:00:00] .
main [1:44:1970-01-01 00:00:00] .
TRANSACTIONEND
<<<<<<<<<<<<<<<<<<<<<<<<<<<<<<<<<


>>>>>>>>>>>>>>>>>>>>>>>>>>>>>>>>
TRANSACTIONBEGIN
main [1:47:1970-01-01 00:00:00] .
main [1:48:1970-01-01 00:00:00] .
main [1:49:1970-01-01 00:00:00] .
TRANSACTIONEND
<<<<<<<<<<<<<<<<<<<<<<<<<<<<<<<<<

[[1;34mINFO[m] [1;32mTests run: [0;1;32m2[m, Failures: 0, Errors: 0, Skipped: 0, Time elapsed: 0.107 s - in com.alibaba.otter.canal.parse.inbound.[1mEventTransactionBufferTest[m
[[1;34mINFO[m] Running com.alibaba.otter.canal.parse.inbound.[1mTableMetaCacheTest[m
[[1;33mWARNING[m] [1;33mTests [0;1mrun: [0;1m1[m, Failures: 0, Errors: 0, [1;33mSkipped: [0;1;33m1[m, Time elapsed: 0.001 s - in com.alibaba.otter.canal.parse.inbound.[1mTableMetaCacheTest[m
[[1;34mINFO[m] Running com.alibaba.otter.canal.parse.index.[1mFileMixedLogPositionManagerTest[m
[[1;33mWARNING[m] [1;33mTests [0;1mrun: [0;1m1[m, Failures: 0, Errors: 0, [1;33mSkipped: [0;1;33m1[m, Time elapsed: 0.001 s - in com.alibaba.otter.canal.parse.index.[1mFileMixedLogPositionManagerTest[m
[[1;34mINFO[m] Running com.alibaba.otter.canal.parse.index.[1mZooKeeperLogPositionManagerTest[m
[[1;33mWARNING[m] [1;33mTests [0;1mrun: [0;1m1[m, Failures: 0, Errors: 0, [1;33mSkipped: [0;1;33m1[m, Time elapsed: 0.01 s - in com.alibaba.otter.canal.parse.index.[1mZooKeeperLogPositionManagerTest[m
[[1;34mINFO[m] Running com.alibaba.otter.canal.parse.index.[1mMetaLogPositionManagerTest[m
[[1;33mWARNING[m] [1;33mTests [0;1mrun: [0;1m1[m, Failures: 0, Errors: 0, [1;33mSkipped: [0;1;33m1[m, Time elapsed: 0 s - in com.alibaba.otter.canal.parse.index.[1mMetaLogPositionManagerTest[m
[[1;34mINFO[m] Running com.alibaba.otter.canal.parse.index.[1mPeriodMixedLogPositionManagerTest[m
[[1;33mWARNING[m] [1;33mTests [0;1mrun: [0;1m1[m, Failures: 0, Errors: 0, [1;33mSkipped: [0;1;33m1[m, Time elapsed: 0 s - in com.alibaba.otter.canal.parse.index.[1mPeriodMixedLogPositionManagerTest[m
[[1;34mINFO[m] Running com.alibaba.otter.canal.parse.index.[1mMixedLogPositionManagerTest[m
[[1;33mWARNING[m] [1;33mTests [0;1mrun: [0;1m1[m, Failures: 0, Errors: 0, [1;33mSkipped: [0;1;33m1[m, Time elapsed: 0 s - in com.alibaba.otter.canal.parse.index.[1mMixedLogPositionManagerTest[m
[[1;34mINFO[m] Running com.alibaba.otter.canal.parse.index.[1mMemoryLogPositionManagerTest[m
[[1;33mWARNING[m] [1;33mTests [0;1mrun: [0;1m1[m, Failures: 0, Errors: 0, [1;33mSkipped: [0;1;33m1[m, Time elapsed: 0 s - in com.alibaba.otter.canal.parse.index.[1mMemoryLogPositionManagerTest[m
04:32:17.323 [Thread-2] INFO  o.s.c.s.GenericApplicationContext - Closing org.springframework.context.support.GenericApplicationContext@75120e58: startup date [Sun Dec 26 04:32:13 UTC 2021]; root of context hierarchy
04:32:17.415 [Thread-2] DEBUG o.s.b.f.s.DefaultListableBeanFactory - Returning cached instance of singleton bean 'lifecycleProcessor'
04:32:17.416 [Thread-2] INFO  o.s.b.f.s.DefaultListableBeanFactory - Destroying singletons in org.springframework.beans.factory.support.DefaultListableBeanFactory@1c1fa494: defining beans [tableMetaTSDB,dataSource,sqlMapClient,metaHistoryDAO,metaSnapshotDAO,org.springframework.context.annotation.internalConfigurationAnnotationProcessor,org.springframework.context.annotation.internalAutowiredAnnotationProcessor,org.springframework.context.annotation.internalRequiredAnnotationProcessor,org.springframework.context.annotation.internalCommonAnnotationProcessor,org.springframework.context.annotation.ConfigurationClassPostProcessor.importAwareProcessor]; root of factory hierarchy
04:32:17.416 [Thread-2] DEBUG o.s.b.f.s.DisposableBeanAdapter - Invoking destroy method 'destory' on bean with name 'tableMetaTSDB'
04:32:17.417 [Thread-2] DEBUG o.s.b.f.s.DisposableBeanAdapter - Invoking destroy method 'close' on bean with name 'dataSource'
04:32:17.421 [Thread-2] INFO  c.alibaba.druid.pool.DruidDataSource - {dataSource-1} closed
[[1;34mINFO[m] 
[[1;34mINFO[m] Results:
[[1;34mINFO[m] 
[[1;33mWARNING[m] [1;33mTests run: 38, Failures: 0, Errors: 0, Skipped: 22[m
[[1;34mINFO[m] 
[[1;34mINFO[m] 
[[1;34mINFO[m] [1m--- [0;32mmaven-jar-plugin:3.0.2:jar[m [1m(default-jar)[m @ [36mcanal.parse[0;1m ---[m
[[1;34mINFO[m] Building jar: /home/travis/build/failed/alibaba/canal/parse/target/canal.parse-1.1.4-SNAPSHOT.jar
[[1;34mINFO[m] 
[[1;34mINFO[m] [1m>>> [0;32mmaven-source-plugin:2.4:jar[m [1m(attach-sources)[0;1m > [0;1mgenerate-sources[m @ [36mcanal.parse[0;1m >>>[m
[[1;34mINFO[m] 
[[1;34mINFO[m] [1m--- [0;32mmaven-enforcer-plugin:1.0:enforce[m [1m(enforce-maven)[m @ [36mcanal.parse[0;1m ---[m
[[1;34mINFO[m] 
[[1;34mINFO[m] [1m--- [0;32mjacoco-maven-plugin:0.8.3:prepare-agent[m [1m(jacoco-initialize)[m @ [36mcanal.parse[0;1m ---[m
[[1;34mINFO[m] jacocoArgLine set to -javaagent:/home/travis/.m2/repository/org/jacoco/org.jacoco.agent/0.8.3/org.jacoco.agent-0.8.3-runtime.jar=destfile=/home/travis/build/failed/alibaba/canal/parse/target/jacoco.exec
[[1;34mINFO[m] 
[[1;34mINFO[m] [1m<<< [0;32mmaven-source-plugin:2.4:jar[m [1m(attach-sources)[0;1m < [0;1mgenerate-sources[m @ [36mcanal.parse[0;1m <<<[m
[[1;34mINFO[m] 
[[1;34mINFO[m] 
[[1;34mINFO[m] [1m--- [0;32mmaven-source-plugin:2.4:jar[m [1m(attach-sources)[m @ [36mcanal.parse[0;1m ---[m
[[1;34mINFO[m] Building jar: /home/travis/build/failed/alibaba/canal/parse/target/canal.parse-1.1.4-SNAPSHOT-sources.jar
[[1;34mINFO[m] 
[[1;34mINFO[m] [1m--- [0;32mmaven-javadoc-plugin:2.9.1:jar[m [1m(attach-javadocs)[m @ [36mcanal.parse[0;1m ---[m
[[1;34mINFO[m] Skipping javadoc generation
[[1;34mINFO[m] 
[[1;34mINFO[m] [1m--- [0;32mjacoco-maven-plugin:0.8.3:report-aggregate[m [1m(report-aggregate)[m @ [36mcanal.parse[0;1m ---[m
[[1;34mINFO[m] Loading execution data file /home/travis/build/failed/alibaba/canal/parse/target/jacoco.exec
[[1;34mINFO[m] Loading execution data file /home/travis/build/failed/alibaba/canal/common/target/jacoco.exec
[[1;34mINFO[m] Loading execution data file /home/travis/build/failed/alibaba/canal/meta/target/jacoco.exec
[[1;34mINFO[m] Loading execution data file /home/travis/build/failed/alibaba/canal/sink/target/jacoco.exec
[[1;34mINFO[m] Loading execution data file /home/travis/build/failed/alibaba/canal/dbsync/target/jacoco.exec
[[1;34mINFO[m] Loading execution data file /home/travis/build/failed/alibaba/canal/filter/target/jacoco.exec
[[1;34mINFO[m] Loading execution data file /home/travis/build/failed/alibaba/canal/driver/target/jacoco.exec
[[1;34mINFO[m] Analyzed bundle 'canal.common' with 28 classes
[[1;34mINFO[m] Analyzed bundle 'canal.protocol' with 131 classes
[[1;34mINFO[m] Analyzed bundle 'canal.meta' with 36 classes
[[1;34mINFO[m] Analyzed bundle 'canal.sink' with 9 classes
[[1;34mINFO[m] Analyzed bundle 'canal.parse.dbsync' with 54 classes
[[1;34mINFO[m] Analyzed bundle 'canal.filter' with 8 classes
[[1;34mINFO[m] Analyzed bundle 'canal.parse.driver' with 44 classes
[[1;34mINFO[m] 
[[1;34mINFO[m] [1m--- [0;32mmaven-install-plugin:2.4:install[m [1m(default-install)[m @ [36mcanal.parse[0;1m ---[m
[[1;34mINFO[m] Installing /home/travis/build/failed/alibaba/canal/parse/target/canal.parse-1.1.4-SNAPSHOT.jar to /home/travis/.m2/repository/com/alibaba/otter/canal.parse/1.1.4-SNAPSHOT/canal.parse-1.1.4-SNAPSHOT.jar
[[1;34mINFO[m] Installing /home/travis/build/failed/alibaba/canal/parse/pom.xml to /home/travis/.m2/repository/com/alibaba/otter/canal.parse/1.1.4-SNAPSHOT/canal.parse-1.1.4-SNAPSHOT.pom
[[1;34mINFO[m] Installing /home/travis/build/failed/alibaba/canal/parse/target/canal.parse-1.1.4-SNAPSHOT-sources.jar to /home/travis/.m2/repository/com/alibaba/otter/canal.parse/1.1.4-SNAPSHOT/canal.parse-1.1.4-SNAPSHOT-sources.jar
[[1;34mINFO[m] 
[[1;34mINFO[m] [1m------------------------------------------------------------------------[m
[[1;34mINFO[m] [1mBuilding canal instance core module for otter 1.1.4-SNAPSHOT 1.1.4-SNAPSHOT[m
[[1;34mINFO[m] [1m------------------------------------------------------------------------[m
[[1;34mINFO[m] 
[[1;34mINFO[m] [1m--- [0;32mmaven-clean-plugin:2.5:clean[m [1m(default-clean)[m @ [36mcanal.instance.core[0;1m ---[m
[[1;34mINFO[m] 
[[1;34mINFO[m] [1m--- [0;32mmaven-enforcer-plugin:1.0:enforce[m [1m(enforce-maven)[m @ [36mcanal.instance.core[0;1m ---[m
[[1;34mINFO[m] 
[[1;34mINFO[m] [1m--- [0;32mjacoco-maven-plugin:0.8.3:prepare-agent[m [1m(jacoco-initialize)[m @ [36mcanal.instance.core[0;1m ---[m
[[1;34mINFO[m] jacocoArgLine set to -javaagent:/home/travis/.m2/repository/org/jacoco/org.jacoco.agent/0.8.3/org.jacoco.agent-0.8.3-runtime.jar=destfile=/home/travis/build/failed/alibaba/canal/instance/core/target/jacoco.exec
[[1;34mINFO[m] 
[[1;34mINFO[m] [1m--- [0;32mmaven-resources-plugin:2.6:resources[m [1m(default-resources)[m @ [36mcanal.instance.core[0;1m ---[m
[[1;34mINFO[m] Using 'UTF-8' encoding to copy filtered resources.
[[1;34mINFO[m] skip non existing resourceDirectory /home/travis/build/failed/alibaba/canal/instance/core/src/main/resources
[[1;34mINFO[m] 
[[1;34mINFO[m] [1m--- [0;32mmaven-compiler-plugin:3.7.0:compile[m [1m(default-compile)[m @ [36mcanal.instance.core[0;1m ---[m
[[1;34mINFO[m] Changes detected - recompiling the module!
[[1;34mINFO[m] Compiling 4 source files to /home/travis/build/failed/alibaba/canal/instance/core/target/classes
[[1;34mINFO[m] 
[[1;34mINFO[m] [1m--- [0;32mmaven-resources-plugin:2.6:testResources[m [1m(default-testResources)[m @ [36mcanal.instance.core[0;1m ---[m
[[1;34mINFO[m] Using 'UTF-8' encoding to copy filtered resources.
[[1;34mINFO[m] skip non existing resourceDirectory /home/travis/build/failed/alibaba/canal/instance/core/src/test/resources
[[1;34mINFO[m] 
[[1;34mINFO[m] [1m--- [0;32mmaven-compiler-plugin:3.7.0:testCompile[m [1m(default-testCompile)[m @ [36mcanal.instance.core[0;1m ---[m
[[1;34mINFO[m] No sources to compile
[[1;34mINFO[m] 
[[1;34mINFO[m] [1m--- [0;32mmaven-surefire-plugin:2.22.1:test[m [1m(default-test)[m @ [36mcanal.instance.core[0;1m ---[m
[[1;34mINFO[m] No tests to run.
[[1;34mINFO[m] 
[[1;34mINFO[m] [1m--- [0;32mmaven-jar-plugin:3.0.2:jar[m [1m(default-jar)[m @ [36mcanal.instance.core[0;1m ---[m
[[1;34mINFO[m] Building jar: /home/travis/build/failed/alibaba/canal/instance/core/target/canal.instance.core-1.1.4-SNAPSHOT.jar
[[1;34mINFO[m] 
[[1;34mINFO[m] [1m>>> [0;32mmaven-source-plugin:2.4:jar[m [1m(attach-sources)[0;1m > [0;1mgenerate-sources[m @ [36mcanal.instance.core[0;1m >>>[m
[[1;34mINFO[m] 
[[1;34mINFO[m] [1m--- [0;32mmaven-enforcer-plugin:1.0:enforce[m [1m(enforce-maven)[m @ [36mcanal.instance.core[0;1m ---[m
[[1;34mINFO[m] 
[[1;34mINFO[m] [1m--- [0;32mjacoco-maven-plugin:0.8.3:prepare-agent[m [1m(jacoco-initialize)[m @ [36mcanal.instance.core[0;1m ---[m
[[1;34mINFO[m] jacocoArgLine set to -javaagent:/home/travis/.m2/repository/org/jacoco/org.jacoco.agent/0.8.3/org.jacoco.agent-0.8.3-runtime.jar=destfile=/home/travis/build/failed/alibaba/canal/instance/core/target/jacoco.exec
[[1;34mINFO[m] 
[[1;34mINFO[m] [1m<<< [0;32mmaven-source-plugin:2.4:jar[m [1m(attach-sources)[0;1m < [0;1mgenerate-sources[m @ [36mcanal.instance.core[0;1m <<<[m
[[1;34mINFO[m] 
[[1;34mINFO[m] 
[[1;34mINFO[m] [1m--- [0;32mmaven-source-plugin:2.4:jar[m [1m(attach-sources)[m @ [36mcanal.instance.core[0;1m ---[m
[[1;34mINFO[m] Building jar: /home/travis/build/failed/alibaba/canal/instance/core/target/canal.instance.core-1.1.4-SNAPSHOT-sources.jar
[[1;34mINFO[m] 
[[1;34mINFO[m] [1m--- [0;32mmaven-javadoc-plugin:2.9.1:jar[m [1m(attach-javadocs)[m @ [36mcanal.instance.core[0;1m ---[m
[[1;34mINFO[m] Skipping javadoc generation
[[1;34mINFO[m] 
[[1;34mINFO[m] [1m--- [0;32mjacoco-maven-plugin:0.8.3:report-aggregate[m [1m(report-aggregate)[m @ [36mcanal.instance.core[0;1m ---[m
[[1;34mINFO[m] Loading execution data file /home/travis/build/failed/alibaba/canal/common/target/jacoco.exec
[[1;34mINFO[m] Loading execution data file /home/travis/build/failed/alibaba/canal/store/target/jacoco.exec
[[1;34mINFO[m] Loading execution data file /home/travis/build/failed/alibaba/canal/meta/target/jacoco.exec
[[1;34mINFO[m] Loading execution data file /home/travis/build/failed/alibaba/canal/parse/target/jacoco.exec
[[1;34mINFO[m] Analyzed bundle 'canal.common' with 28 classes
[[1;34mINFO[m] Analyzed bundle 'canal.store' with 10 classes
[[1;34mINFO[m] Analyzed bundle 'canal.meta' with 36 classes
[[1;34mINFO[m] Analyzed bundle 'canal.parse' with 100 classes
[[1;34mINFO[m] 
[[1;34mINFO[m] [1m--- [0;32mmaven-install-plugin:2.4:install[m [1m(default-install)[m @ [36mcanal.instance.core[0;1m ---[m
[[1;34mINFO[m] Installing /home/travis/build/failed/alibaba/canal/instance/core/target/canal.instance.core-1.1.4-SNAPSHOT.jar to /home/travis/.m2/repository/com/alibaba/otter/canal.instance.core/1.1.4-SNAPSHOT/canal.instance.core-1.1.4-SNAPSHOT.jar
[[1;34mINFO[m] Installing /home/travis/build/failed/alibaba/canal/instance/core/pom.xml to /home/travis/.m2/repository/com/alibaba/otter/canal.instance.core/1.1.4-SNAPSHOT/canal.instance.core-1.1.4-SNAPSHOT.pom
[[1;34mINFO[m] Installing /home/travis/build/failed/alibaba/canal/instance/core/target/canal.instance.core-1.1.4-SNAPSHOT-sources.jar to /home/travis/.m2/repository/com/alibaba/otter/canal.instance.core/1.1.4-SNAPSHOT/canal.instance.core-1.1.4-SNAPSHOT-sources.jar
[[1;34mINFO[m] 
[[1;34mINFO[m] [1m------------------------------------------------------------------------[m
[[1;34mINFO[m] [1mBuilding canal instance spring module for otter 1.1.4-SNAPSHOT 1.1.4-SNAPSHOT[m
[[1;34mINFO[m] [1m------------------------------------------------------------------------[m
[[1;34mINFO[m] 
[[1;34mINFO[m] [1m--- [0;32mmaven-clean-plugin:2.5:clean[m [1m(default-clean)[m @ [36mcanal.instance.spring[0;1m ---[m
[[1;34mINFO[m] 
[[1;34mINFO[m] [1m--- [0;32mmaven-enforcer-plugin:1.0:enforce[m [1m(enforce-maven)[m @ [36mcanal.instance.spring[0;1m ---[m
[[1;34mINFO[m] 
[[1;34mINFO[m] [1m--- [0;32mjacoco-maven-plugin:0.8.3:prepare-agent[m [1m(jacoco-initialize)[m @ [36mcanal.instance.spring[0;1m ---[m
[[1;34mINFO[m] jacocoArgLine set to -javaagent:/home/travis/.m2/repository/org/jacoco/org.jacoco.agent/0.8.3/org.jacoco.agent-0.8.3-runtime.jar=destfile=/home/travis/build/failed/alibaba/canal/instance/spring/target/jacoco.exec
[[1;34mINFO[m] 
[[1;34mINFO[m] [1m--- [0;32mmaven-resources-plugin:2.6:resources[m [1m(default-resources)[m @ [36mcanal.instance.spring[0;1m ---[m
[[1;34mINFO[m] Using 'UTF-8' encoding to copy filtered resources.
[[1;34mINFO[m] skip non existing resourceDirectory /home/travis/build/failed/alibaba/canal/instance/spring/src/main/resources
[[1;34mINFO[m] 
[[1;34mINFO[m] [1m--- [0;32mmaven-compiler-plugin:3.7.0:compile[m [1m(default-compile)[m @ [36mcanal.instance.spring[0;1m ---[m
[[1;34mINFO[m] Changes detected - recompiling the module!
[[1;34mINFO[m] Compiling 4 source files to /home/travis/build/failed/alibaba/canal/instance/spring/target/classes
[[1;34mINFO[m] 
[[1;34mINFO[m] [1m--- [0;32mmaven-resources-plugin:2.6:testResources[m [1m(default-testResources)[m @ [36mcanal.instance.spring[0;1m ---[m
[[1;34mINFO[m] Using 'UTF-8' encoding to copy filtered resources.
[[1;34mINFO[m] Copying 6 resources
[[1;34mINFO[m] 
[[1;34mINFO[m] [1m--- [0;32mmaven-compiler-plugin:3.7.0:testCompile[m [1m(default-testCompile)[m @ [36mcanal.instance.spring[0;1m ---[m
[[1;34mINFO[m] Changes detected - recompiling the module!
[[1;34mINFO[m] Compiling 3 source files to /home/travis/build/failed/alibaba/canal/instance/spring/target/test-classes
[[1;34mINFO[m] 
[[1;34mINFO[m] [1m--- [0;32mmaven-surefire-plugin:2.22.1:test[m [1m(default-test)[m @ [36mcanal.instance.spring[0;1m ---[m
[[1;34mINFO[m] 
[[1;34mINFO[m] -------------------------------------------------------
[[1;34mINFO[m]  T E S T S
[[1;34mINFO[m] -------------------------------------------------------
[[1;34mINFO[m] Running com.alibaba.otter.canal.instance.spring.integrated.[1mGroupSpringInstanceTest[m
[[1;33mWARNING[m] [1;33mTests [0;1mrun: [0;1m1[m, Failures: 0, Errors: 0, [1;33mSkipped: [0;1;33m1[m, Time elapsed: 0.028 s - in com.alibaba.otter.canal.instance.spring.integrated.[1mGroupSpringInstanceTest[m
[[1;34mINFO[m] Running com.alibaba.otter.canal.instance.spring.integrated.[1mMemorySpringInstanceTest[m
[[1;33mWARNING[m] [1;33mTests [0;1mrun: [0;1m1[m, Failures: 0, Errors: 0, [1;33mSkipped: [0;1;33m1[m, Time elapsed: 0 s - in com.alibaba.otter.canal.instance.spring.integrated.[1mMemorySpringInstanceTest[m
[[1;34mINFO[m] Running com.alibaba.otter.canal.instance.spring.integrated.[1mDefaultSpringInstanceTest[m
[[1;33mWARNING[m] [1;33mTests [0;1mrun: [0;1m1[m, Failures: 0, Errors: 0, [1;33mSkipped: [0;1;33m1[m, Time elapsed: 0 s - in com.alibaba.otter.canal.instance.spring.integrated.[1mDefaultSpringInstanceTest[m
[[1;34mINFO[m] 
[[1;34mINFO[m] Results:
[[1;34mINFO[m] 
[[1;33mWARNING[m] [1;33mTests run: 3, Failures: 0, Errors: 0, Skipped: 3[m
[[1;34mINFO[m] 
[[1;34mINFO[m] 
[[1;34mINFO[m] [1m--- [0;32mmaven-jar-plugin:3.0.2:jar[m [1m(default-jar)[m @ [36mcanal.instance.spring[0;1m ---[m
[[1;34mINFO[m] Building jar: /home/travis/build/failed/alibaba/canal/instance/spring/target/canal.instance.spring-1.1.4-SNAPSHOT.jar
[[1;34mINFO[m] 
[[1;34mINFO[m] [1m>>> [0;32mmaven-source-plugin:2.4:jar[m [1m(attach-sources)[0;1m > [0;1mgenerate-sources[m @ [36mcanal.instance.spring[0;1m >>>[m
[[1;34mINFO[m] 
[[1;34mINFO[m] [1m--- [0;32mmaven-enforcer-plugin:1.0:enforce[m [1m(enforce-maven)[m @ [36mcanal.instance.spring[0;1m ---[m
[[1;34mINFO[m] 
[[1;34mINFO[m] [1m--- [0;32mjacoco-maven-plugin:0.8.3:prepare-agent[m [1m(jacoco-initialize)[m @ [36mcanal.instance.spring[0;1m ---[m
[[1;34mINFO[m] jacocoArgLine set to -javaagent:/home/travis/.m2/repository/org/jacoco/org.jacoco.agent/0.8.3/org.jacoco.agent-0.8.3-runtime.jar=destfile=/home/travis/build/failed/alibaba/canal/instance/spring/target/jacoco.exec
[[1;34mINFO[m] 
[[1;34mINFO[m] [1m<<< [0;32mmaven-source-plugin:2.4:jar[m [1m(attach-sources)[0;1m < [0;1mgenerate-sources[m @ [36mcanal.instance.spring[0;1m <<<[m
[[1;34mINFO[m] 
[[1;34mINFO[m] 
[[1;34mINFO[m] [1m--- [0;32mmaven-source-plugin:2.4:jar[m [1m(attach-sources)[m @ [36mcanal.instance.spring[0;1m ---[m
[[1;34mINFO[m] Building jar: /home/travis/build/failed/alibaba/canal/instance/spring/target/canal.instance.spring-1.1.4-SNAPSHOT-sources.jar
[[1;34mINFO[m] 
[[1;34mINFO[m] [1m--- [0;32mmaven-javadoc-plugin:2.9.1:jar[m [1m(attach-javadocs)[m @ [36mcanal.instance.spring[0;1m ---[m
[[1;34mINFO[m] Skipping javadoc generation
[[1;34mINFO[m] 
[[1;34mINFO[m] [1m--- [0;32mjacoco-maven-plugin:0.8.3:report-aggregate[m [1m(report-aggregate)[m @ [36mcanal.instance.spring[0;1m ---[m
[[1;34mINFO[m] Loading execution data file /home/travis/build/failed/alibaba/canal/instance/spring/target/jacoco.exec
[[1;34mINFO[m] Analyzed bundle 'canal.instance.core' with 2 classes
[[1;34mINFO[m] 
[[1;34mINFO[m] [1m--- [0;32mmaven-install-plugin:2.4:install[m [1m(default-install)[m @ [36mcanal.instance.spring[0;1m ---[m
[[1;34mINFO[m] Installing /home/travis/build/failed/alibaba/canal/instance/spring/target/canal.instance.spring-1.1.4-SNAPSHOT.jar to /home/travis/.m2/repository/com/alibaba/otter/canal.instance.spring/1.1.4-SNAPSHOT/canal.instance.spring-1.1.4-SNAPSHOT.jar
[[1;34mINFO[m] Installing /home/travis/build/failed/alibaba/canal/instance/spring/pom.xml to /home/travis/.m2/repository/com/alibaba/otter/canal.instance.spring/1.1.4-SNAPSHOT/canal.instance.spring-1.1.4-SNAPSHOT.pom
[[1;34mINFO[m] Installing /home/travis/build/failed/alibaba/canal/instance/spring/target/canal.instance.spring-1.1.4-SNAPSHOT-sources.jar to /home/travis/.m2/repository/com/alibaba/otter/canal.instance.spring/1.1.4-SNAPSHOT/canal.instance.spring-1.1.4-SNAPSHOT-sources.jar
[[1;34mINFO[m] 
[[1;34mINFO[m] [1m------------------------------------------------------------------------[m
[[1;34mINFO[m] [1mBuilding canal instance manager module for otter 1.1.4-SNAPSHOT 1.1.4-SNAPSHOT[m
[[1;34mINFO[m] [1m------------------------------------------------------------------------[m
[[1;34mINFO[m] 
[[1;34mINFO[m] [1m--- [0;32mmaven-clean-plugin:2.5:clean[m [1m(default-clean)[m @ [36mcanal.instance.manager[0;1m ---[m
[[1;34mINFO[m] 
[[1;34mINFO[m] [1m--- [0;32mmaven-enforcer-plugin:1.0:enforce[m [1m(enforce-maven)[m @ [36mcanal.instance.manager[0;1m ---[m
[[1;34mINFO[m] 
[[1;34mINFO[m] [1m--- [0;32mjacoco-maven-plugin:0.8.3:prepare-agent[m [1m(jacoco-initialize)[m @ [36mcanal.instance.manager[0;1m ---[m
[[1;34mINFO[m] jacocoArgLine set to -javaagent:/home/travis/.m2/repository/org/jacoco/org.jacoco.agent/0.8.3/org.jacoco.agent-0.8.3-runtime.jar=destfile=/home/travis/build/failed/alibaba/canal/instance/manager/target/jacoco.exec
[[1;34mINFO[m] 
[[1;34mINFO[m] [1m--- [0;32mmaven-resources-plugin:2.6:resources[m [1m(default-resources)[m @ [36mcanal.instance.manager[0;1m ---[m
[[1;34mINFO[m] Using 'UTF-8' encoding to copy filtered resources.
[[1;34mINFO[m] skip non existing resourceDirectory /home/travis/build/failed/alibaba/canal/instance/manager/src/main/resources
[[1;34mINFO[m] 
[[1;34mINFO[m] [1m--- [0;32mmaven-compiler-plugin:3.7.0:compile[m [1m(default-compile)[m @ [36mcanal.instance.manager[0;1m ---[m
[[1;34mINFO[m] Changes detected - recompiling the module!
[[1;34mINFO[m] Compiling 10 source files to /home/travis/build/failed/alibaba/canal/instance/manager/target/classes
[[1;34mINFO[m] /home/travis/build/failed/alibaba/canal/instance/manager/src/main/java/com/alibaba/otter/canal/instance/manager/CanalInstanceWithManager.java: /home/travis/build/failed/alibaba/canal/instance/manager/src/main/java/com/alibaba/otter/canal/instance/manager/CanalInstanceWithManager.java uses or overrides a deprecated API.
[[1;34mINFO[m] /home/travis/build/failed/alibaba/canal/instance/manager/src/main/java/com/alibaba/otter/canal/instance/manager/CanalInstanceWithManager.java: Recompile with -Xlint:deprecation for details.
[[1;34mINFO[m] /home/travis/build/failed/alibaba/canal/instance/manager/src/main/java/com/alibaba/otter/canal/instance/manager/CanalInstanceWithManager.java: /home/travis/build/failed/alibaba/canal/instance/manager/src/main/java/com/alibaba/otter/canal/instance/manager/CanalInstanceWithManager.java uses unchecked or unsafe operations.
[[1;34mINFO[m] /home/travis/build/failed/alibaba/canal/instance/manager/src/main/java/com/alibaba/otter/canal/instance/manager/CanalInstanceWithManager.java: Recompile with -Xlint:unchecked for details.
[[1;34mINFO[m] 
[[1;34mINFO[m] [1m--- [0;32mmaven-resources-plugin:2.6:testResources[m [1m(default-testResources)[m @ [36mcanal.instance.manager[0;1m ---[m
[[1;34mINFO[m] Using 'UTF-8' encoding to copy filtered resources.
[[1;34mINFO[m] skip non existing resourceDirectory /home/travis/build/failed/alibaba/canal/instance/manager/src/test/resources
[[1;34mINFO[m] 
[[1;34mINFO[m] [1m--- [0;32mmaven-compiler-plugin:3.7.0:testCompile[m [1m(default-testCompile)[m @ [36mcanal.instance.manager[0;1m ---[m
[[1;34mINFO[m] Changes detected - recompiling the module!
[[1;34mINFO[m] Compiling 1 source file to /home/travis/build/failed/alibaba/canal/instance/manager/target/test-classes
[[1;34mINFO[m] 
[[1;34mINFO[m] [1m--- [0;32mmaven-surefire-plugin:2.22.1:test[m [1m(default-test)[m @ [36mcanal.instance.manager[0;1m ---[m
[[1;34mINFO[m] 
[[1;34mINFO[m] [1m--- [0;32mmaven-jar-plugin:3.0.2:jar[m [1m(default-jar)[m @ [36mcanal.instance.manager[0;1m ---[m
[[1;34mINFO[m] Building jar: /home/travis/build/failed/alibaba/canal/instance/manager/target/canal.instance.manager-1.1.4-SNAPSHOT.jar
[[1;34mINFO[m] 
[[1;34mINFO[m] [1m>>> [0;32mmaven-source-plugin:2.4:jar[m [1m(attach-sources)[0;1m > [0;1mgenerate-sources[m @ [36mcanal.instance.manager[0;1m >>>[m
[[1;34mINFO[m] 
[[1;34mINFO[m] [1m--- [0;32mmaven-enforcer-plugin:1.0:enforce[m [1m(enforce-maven)[m @ [36mcanal.instance.manager[0;1m ---[m
[[1;34mINFO[m] 
[[1;34mINFO[m] [1m--- [0;32mjacoco-maven-plugin:0.8.3:prepare-agent[m [1m(jacoco-initialize)[m @ [36mcanal.instance.manager[0;1m ---[m
[[1;34mINFO[m] jacocoArgLine set to -javaagent:/home/travis/.m2/repository/org/jacoco/org.jacoco.agent/0.8.3/org.jacoco.agent-0.8.3-runtime.jar=destfile=/home/travis/build/failed/alibaba/canal/instance/manager/target/jacoco.exec
[[1;34mINFO[m] 
[[1;34mINFO[m] [1m<<< [0;32mmaven-source-plugin:2.4:jar[m [1m(attach-sources)[0;1m < [0;1mgenerate-sources[m @ [36mcanal.instance.manager[0;1m <<<[m
[[1;34mINFO[m] 
[[1;34mINFO[m] 
[[1;34mINFO[m] [1m--- [0;32mmaven-source-plugin:2.4:jar[m [1m(attach-sources)[m @ [36mcanal.instance.manager[0;1m ---[m
[[1;34mINFO[m] Building jar: /home/travis/build/failed/alibaba/canal/instance/manager/target/canal.instance.manager-1.1.4-SNAPSHOT-sources.jar
[[1;34mINFO[m] 
[[1;34mINFO[m] [1m--- [0;32mmaven-javadoc-plugin:2.9.1:jar[m [1m(attach-javadocs)[m @ [36mcanal.instance.manager[0;1m ---[m
[[1;34mINFO[m] Skipping javadoc generation
[[1;34mINFO[m] 
[[1;34mINFO[m] [1m--- [0;32mjacoco-maven-plugin:0.8.3:report-aggregate[m [1m(report-aggregate)[m @ [36mcanal.instance.manager[0;1m ---[m
[[1;34mINFO[m] Loading execution data file /home/travis/build/failed/alibaba/canal/instance/spring/target/jacoco.exec
[[1;34mINFO[m] Analyzed bundle 'canal.instance.core' with 2 classes
[[1;34mINFO[m] Analyzed bundle 'canal.instance.spring' with 6 classes
[[1;34mINFO[m] 
[[1;34mINFO[m] [1m--- [0;32mmaven-install-plugin:2.4:install[m [1m(default-install)[m @ [36mcanal.instance.manager[0;1m ---[m
[[1;34mINFO[m] Installing /home/travis/build/failed/alibaba/canal/instance/manager/target/canal.instance.manager-1.1.4-SNAPSHOT.jar to /home/travis/.m2/repository/com/alibaba/otter/canal.instance.manager/1.1.4-SNAPSHOT/canal.instance.manager-1.1.4-SNAPSHOT.jar
[[1;34mINFO[m] Installing /home/travis/build/failed/alibaba/canal/instance/manager/pom.xml to /home/travis/.m2/repository/com/alibaba/otter/canal.instance.manager/1.1.4-SNAPSHOT/canal.instance.manager-1.1.4-SNAPSHOT.pom
[[1;34mINFO[m] Installing /home/travis/build/failed/alibaba/canal/instance/manager/target/canal.instance.manager-1.1.4-SNAPSHOT-sources.jar to /home/travis/.m2/repository/com/alibaba/otter/canal.instance.manager/1.1.4-SNAPSHOT/canal.instance.manager-1.1.4-SNAPSHOT-sources.jar
[[1;34mINFO[m] 
[[1;34mINFO[m] [1m------------------------------------------------------------------------[m
[[1;34mINFO[m] [1mBuilding canal instance module for otter 1.1.4-SNAPSHOT 1.1.4-SNAPSHOT[m
[[1;34mINFO[m] [1m------------------------------------------------------------------------[m
[[1;34mINFO[m] 
[[1;34mINFO[m] [1m--- [0;32mmaven-clean-plugin:2.5:clean[m [1m(default-clean)[m @ [36mcanal.instance[0;1m ---[m
[[1;34mINFO[m] 
[[1;34mINFO[m] [1m--- [0;32mmaven-enforcer-plugin:1.0:enforce[m [1m(enforce-maven)[m @ [36mcanal.instance[0;1m ---[m
[[1;34mINFO[m] 
[[1;34mINFO[m] [1m--- [0;32mjacoco-maven-plugin:0.8.3:prepare-agent[m [1m(jacoco-initialize)[m @ [36mcanal.instance[0;1m ---[m
[[1;34mINFO[m] jacocoArgLine set to -javaagent:/home/travis/.m2/repository/org/jacoco/org.jacoco.agent/0.8.3/org.jacoco.agent-0.8.3-runtime.jar=destfile=/home/travis/build/failed/alibaba/canal/instance/target/jacoco.exec
[[1;34mINFO[m] 
[[1;34mINFO[m] [1m>>> [0;32mmaven-source-plugin:2.4:jar[m [1m(attach-sources)[0;1m > [0;1mgenerate-sources[m @ [36mcanal.instance[0;1m >>>[m
[[1;34mINFO[m] 
[[1;34mINFO[m] [1m--- [0;32mmaven-enforcer-plugin:1.0:enforce[m [1m(enforce-maven)[m @ [36mcanal.instance[0;1m ---[m
[[1;34mINFO[m] 
[[1;34mINFO[m] [1m--- [0;32mjacoco-maven-plugin:0.8.3:prepare-agent[m [1m(jacoco-initialize)[m @ [36mcanal.instance[0;1m ---[m
[[1;34mINFO[m] jacocoArgLine set to -javaagent:/home/travis/.m2/repository/org/jacoco/org.jacoco.agent/0.8.3/org.jacoco.agent-0.8.3-runtime.jar=destfile=/home/travis/build/failed/alibaba/canal/instance/target/jacoco.exec
[[1;34mINFO[m] 
[[1;34mINFO[m] [1m<<< [0;32mmaven-source-plugin:2.4:jar[m [1m(attach-sources)[0;1m < [0;1mgenerate-sources[m @ [36mcanal.instance[0;1m <<<[m
[[1;34mINFO[m] 
[[1;34mINFO[m] 
[[1;34mINFO[m] [1m--- [0;32mmaven-source-plugin:2.4:jar[m [1m(attach-sources)[m @ [36mcanal.instance[0;1m ---[m
[[1;34mINFO[m] 
[[1;34mINFO[m] [1m--- [0;32mmaven-javadoc-plugin:2.9.1:jar[m [1m(attach-javadocs)[m @ [36mcanal.instance[0;1m ---[m
[[1;34mINFO[m] Skipping javadoc generation
[[1;34mINFO[m] 
[[1;34mINFO[m] [1m--- [0;32mjacoco-maven-plugin:0.8.3:report-aggregate[m [1m(report-aggregate)[m @ [36mcanal.instance[0;1m ---[m
[[1;34mINFO[m] 
[[1;34mINFO[m] [1m--- [0;32mmaven-install-plugin:2.4:install[m [1m(default-install)[m @ [36mcanal.instance[0;1m ---[m
[[1;34mINFO[m] Installing /home/travis/build/failed/alibaba/canal/instance/pom.xml to /home/travis/.m2/repository/com/alibaba/otter/canal.instance/1.1.4-SNAPSHOT/canal.instance-1.1.4-SNAPSHOT.pom
[[1;34mINFO[m] 
[[1;34mINFO[m] [1m------------------------------------------------------------------------[m
[[1;34mINFO[m] [1mBuilding canal server module for otter 1.1.4-SNAPSHOT 1.1.4-SNAPSHOT[m
[[1;34mINFO[m] [1m------------------------------------------------------------------------[m
[[1;34mINFO[m] 
[[1;34mINFO[m] [1m--- [0;32mmaven-clean-plugin:2.5:clean[m [1m(default-clean)[m @ [36mcanal.server[0;1m ---[m
[[1;34mINFO[m] 
[[1;34mINFO[m] [1m--- [0;32mmaven-enforcer-plugin:1.0:enforce[m [1m(enforce-maven)[m @ [36mcanal.server[0;1m ---[m
[[1;34mINFO[m] 
[[1;34mINFO[m] [1m--- [0;32mjacoco-maven-plugin:0.8.3:prepare-agent[m [1m(jacoco-initialize)[m @ [36mcanal.server[0;1m ---[m
[[1;34mINFO[m] jacocoArgLine set to -javaagent:/home/travis/.m2/repository/org/jacoco/org.jacoco.agent/0.8.3/org.jacoco.agent-0.8.3-runtime.jar=destfile=/home/travis/build/failed/alibaba/canal/server/target/jacoco.exec
[[1;34mINFO[m] 
[[1;34mINFO[m] [1m--- [0;32mmaven-resources-plugin:2.6:resources[m [1m(default-resources)[m @ [36mcanal.server[0;1m ---[m
[[1;34mINFO[m] Using 'UTF-8' encoding to copy filtered resources.
[[1;34mINFO[m] skip non existing resourceDirectory /home/travis/build/failed/alibaba/canal/server/src/main/resources
[[1;34mINFO[m] 
[[1;34mINFO[m] [1m--- [0;32mmaven-compiler-plugin:3.7.0:compile[m [1m(default-compile)[m @ [36mcanal.server[0;1m ---[m
[[1;34mINFO[m] Changes detected - recompiling the module!
[[1;34mINFO[m] Compiling 31 source files to /home/travis/build/failed/alibaba/canal/server/target/classes
[[1;34mINFO[m] /home/travis/build/failed/alibaba/canal/server/src/main/java/com/alibaba/otter/canal/kafka/CanalKafkaProducer.java: Some input files use unchecked or unsafe operations.
[[1;34mINFO[m] /home/travis/build/failed/alibaba/canal/server/src/main/java/com/alibaba/otter/canal/kafka/CanalKafkaProducer.java: Recompile with -Xlint:unchecked for details.
[[1;34mINFO[m] 
[[1;34mINFO[m] [1m--- [0;32mmaven-resources-plugin:2.6:testResources[m [1m(default-testResources)[m @ [36mcanal.server[0;1m ---[m
[[1;34mINFO[m] Using 'UTF-8' encoding to copy filtered resources.
[[1;34mINFO[m] skip non existing resourceDirectory /home/travis/build/failed/alibaba/canal/server/src/test/resources
[[1;34mINFO[m] 
[[1;34mINFO[m] [1m--- [0;32mmaven-compiler-plugin:3.7.0:testCompile[m [1m(default-testCompile)[m @ [36mcanal.server[0;1m ---[m
[[1;34mINFO[m] Changes detected - recompiling the module!
[[1;34mINFO[m] Compiling 7 source files to /home/travis/build/failed/alibaba/canal/server/target/test-classes
[[1;34mINFO[m] 
[[1;34mINFO[m] [1m--- [0;32mmaven-surefire-plugin:2.22.1:test[m [1m(default-test)[m @ [36mcanal.server[0;1m ---[m
[[1;34mINFO[m] 
[[1;34mINFO[m] -------------------------------------------------------
[[1;34mINFO[m]  T E S T S
[[1;34mINFO[m] -------------------------------------------------------
[[1;34mINFO[m] Running com.alibaba.otter.canal.server.embedded.[1mCanalServerWithEmbedded_FileModeTest[m
[[1;33mWARNING[m] [1;33mTests [0;1mrun: [0;1m1[m, Failures: 0, Errors: 0, [1;33mSkipped: [0;1;33m1[m, Time elapsed: 0.064 s - in com.alibaba.otter.canal.server.embedded.[1mCanalServerWithEmbedded_FileModeTest[m
[[1;34mINFO[m] Running com.alibaba.otter.canal.server.embedded.[1mCanalServerWithEmbedded_StandbyTest[m
[[1;33mWARNING[m] [1;33mTests [0;1mrun: [0;1m1[m, Failures: 0, Errors: 0, [1;33mSkipped: [0;1;33m1[m, Time elapsed: 0 s - in com.alibaba.otter.canal.server.embedded.[1mCanalServerWithEmbedded_StandbyTest[m
[[1;34mINFO[m] Running com.alibaba.otter.canal.server.embedded.[1mCanalServerWithEmbedded_StandaloneTest[m
[[1;33mWARNING[m] [1;33mTests [0;1mrun: [0;1m1[m, Failures: 0, Errors: 0, [1;33mSkipped: [0;1;33m1[m, Time elapsed: 0 s - in com.alibaba.otter.canal.server.embedded.[1mCanalServerWithEmbedded_StandaloneTest[m
[[1;34mINFO[m] Running com.alibaba.otter.canal.server.[1mProtocolTest[m
[[1;34mINFO[m] [1;32mTests run: [0;1;32m1[m, Failures: 0, Errors: 0, Skipped: 0, Time elapsed: 0.437 s - in com.alibaba.otter.canal.server.[1mProtocolTest[m
[[1;34mINFO[m] Running com.alibaba.otter.canal.server.[1mSecurityUtilTest[m
[[1;34mINFO[m] [1;32mTests run: [0;1;32m1[m, Failures: 0, Errors: 0, Skipped: 0, Time elapsed: 0.018 s - in com.alibaba.otter.canal.server.[1mSecurityUtilTest[m
[[1;34mINFO[m] Running com.alibaba.otter.canal.server.[1mCanalServerTest[m
[[1;33mWARNING[m] [1;33mTests [0;1mrun: [0;1m1[m, Failures: 0, Errors: 0, [1;33mSkipped: [0;1;33m1[m, Time elapsed: 0 s - in com.alibaba.otter.canal.server.[1mCanalServerTest[m
[[1;34mINFO[m] 
[[1;34mINFO[m] Results:
[[1;34mINFO[m] 
[[1;33mWARNING[m] [1;33mTests run: 6, Failures: 0, Errors: 0, Skipped: 4[m
[[1;34mINFO[m] 
[[1;34mINFO[m] 
[[1;34mINFO[m] [1m--- [0;32mmaven-jar-plugin:3.0.2:jar[m [1m(default-jar)[m @ [36mcanal.server[0;1m ---[m
[[1;34mINFO[m] Building jar: /home/travis/build/failed/alibaba/canal/server/target/canal.server-1.1.4-SNAPSHOT.jar
[[1;34mINFO[m] 
[[1;34mINFO[m] [1m>>> [0;32mmaven-source-plugin:2.4:jar[m [1m(attach-sources)[0;1m > [0;1mgenerate-sources[m @ [36mcanal.server[0;1m >>>[m
[[1;34mINFO[m] 
[[1;34mINFO[m] [1m--- [0;32mmaven-enforcer-plugin:1.0:enforce[m [1m(enforce-maven)[m @ [36mcanal.server[0;1m ---[m
[[1;34mINFO[m] 
[[1;34mINFO[m] [1m--- [0;32mjacoco-maven-plugin:0.8.3:prepare-agent[m [1m(jacoco-initialize)[m @ [36mcanal.server[0;1m ---[m
[[1;34mINFO[m] jacocoArgLine set to -javaagent:/home/travis/.m2/repository/org/jacoco/org.jacoco.agent/0.8.3/org.jacoco.agent-0.8.3-runtime.jar=destfile=/home/travis/build/failed/alibaba/canal/server/target/jacoco.exec
[[1;34mINFO[m] 
[[1;34mINFO[m] [1m<<< [0;32mmaven-source-plugin:2.4:jar[m [1m(attach-sources)[0;1m < [0;1mgenerate-sources[m @ [36mcanal.server[0;1m <<<[m
[[1;34mINFO[m] 
[[1;34mINFO[m] 
[[1;34mINFO[m] [1m--- [0;32mmaven-source-plugin:2.4:jar[m [1m(attach-sources)[m @ [36mcanal.server[0;1m ---[m
[[1;34mINFO[m] Building jar: /home/travis/build/failed/alibaba/canal/server/target/canal.server-1.1.4-SNAPSHOT-sources.jar
[[1;34mINFO[m] 
[[1;34mINFO[m] [1m--- [0;32mmaven-javadoc-plugin:2.9.1:jar[m [1m(attach-javadocs)[m @ [36mcanal.server[0;1m ---[m
[[1;34mINFO[m] Skipping javadoc generation
[[1;34mINFO[m] 
[[1;34mINFO[m] [1m--- [0;32mjacoco-maven-plugin:0.8.3:report-aggregate[m [1m(report-aggregate)[m @ [36mcanal.server[0;1m ---[m
[[1;34mINFO[m] Loading execution data file /home/travis/build/failed/alibaba/canal/server/target/jacoco.exec
[[1;34mINFO[m] Loading execution data file /home/travis/build/failed/alibaba/canal/instance/spring/target/jacoco.exec
[[1;34mINFO[m] Analyzed bundle 'canal.instance.core' with 2 classes
[[1;34mINFO[m] Analyzed bundle 'canal.instance.spring' with 6 classes
[[1;34mINFO[m] Analyzed bundle 'canal.instance.manager' with 24 classes
[[1;34mINFO[m] 
[[1;34mINFO[m] [1m--- [0;32mmaven-install-plugin:2.4:install[m [1m(default-install)[m @ [36mcanal.server[0;1m ---[m
[[1;34mINFO[m] Installing /home/travis/build/failed/alibaba/canal/server/target/canal.server-1.1.4-SNAPSHOT.jar to /home/travis/.m2/repository/com/alibaba/otter/canal.server/1.1.4-SNAPSHOT/canal.server-1.1.4-SNAPSHOT.jar
[[1;34mINFO[m] Installing /home/travis/build/failed/alibaba/canal/server/pom.xml to /home/travis/.m2/repository/com/alibaba/otter/canal.server/1.1.4-SNAPSHOT/canal.server-1.1.4-SNAPSHOT.pom
[[1;34mINFO[m] Installing /home/travis/build/failed/alibaba/canal/server/target/canal.server-1.1.4-SNAPSHOT-sources.jar to /home/travis/.m2/repository/com/alibaba/otter/canal.server/1.1.4-SNAPSHOT/canal.server-1.1.4-SNAPSHOT-sources.jar
[[1;34mINFO[m] 
[[1;34mINFO[m] [1m------------------------------------------------------------------------[m
[[1;34mINFO[m] [1mBuilding canal client module for otter 1.1.4-SNAPSHOT 1.1.4-SNAPSHOT[m
[[1;34mINFO[m] [1m------------------------------------------------------------------------[m
[[1;34mINFO[m] 
[[1;34mINFO[m] [1m--- [0;32mmaven-clean-plugin:2.5:clean[m [1m(default-clean)[m @ [36mcanal.client[0;1m ---[m
[[1;34mINFO[m] 
[[1;34mINFO[m] [1m--- [0;32mmaven-enforcer-plugin:1.0:enforce[m [1m(enforce-maven)[m @ [36mcanal.client[0;1m ---[m
[[1;34mINFO[m] 
[[1;34mINFO[m] [1m--- [0;32mjacoco-maven-plugin:0.8.3:prepare-agent[m [1m(jacoco-initialize)[m @ [36mcanal.client[0;1m ---[m
[[1;34mINFO[m] jacocoArgLine set to -javaagent:/home/travis/.m2/repository/org/jacoco/org.jacoco.agent/0.8.3/org.jacoco.agent-0.8.3-runtime.jar=destfile=/home/travis/build/failed/alibaba/canal/client/target/jacoco.exec
[[1;34mINFO[m] 
[[1;34mINFO[m] [1m--- [0;32mmaven-resources-plugin:2.6:resources[m [1m(default-resources)[m @ [36mcanal.client[0;1m ---[m
[[1;34mINFO[m] Using 'UTF-8' encoding to copy filtered resources.
[[1;34mINFO[m] skip non existing resourceDirectory /home/travis/build/failed/alibaba/canal/client/src/main/resources
[[1;34mINFO[m] 
[[1;34mINFO[m] [1m--- [0;32mmaven-compiler-plugin:3.7.0:compile[m [1m(default-compile)[m @ [36mcanal.client[0;1m ---[m
[[1;34mINFO[m] Changes detected - recompiling the module!
[[1;34mINFO[m] Compiling 20 source files to /home/travis/build/failed/alibaba/canal/client/target/classes
[[1;34mINFO[m] /home/travis/build/failed/alibaba/canal/client/src/main/java/com/alibaba/otter/canal/client/rocketmq/RocketMQCanalConnector.java: /home/travis/build/failed/alibaba/canal/client/src/main/java/com/alibaba/otter/canal/client/rocketmq/RocketMQCanalConnector.java uses unchecked or unsafe operations.
[[1;34mINFO[m] /home/travis/build/failed/alibaba/canal/client/src/main/java/com/alibaba/otter/canal/client/rocketmq/RocketMQCanalConnector.java: Recompile with -Xlint:unchecked for details.
[[1;34mINFO[m] 
[[1;34mINFO[m] [1m--- [0;32mmaven-resources-plugin:2.6:testResources[m [1m(default-testResources)[m @ [36mcanal.client[0;1m ---[m
[[1;34mINFO[m] Using 'UTF-8' encoding to copy filtered resources.
[[1;34mINFO[m] skip non existing resourceDirectory /home/travis/build/failed/alibaba/canal/client/src/test/resources
[[1;34mINFO[m] 
[[1;34mINFO[m] [1m--- [0;32mmaven-compiler-plugin:3.7.0:testCompile[m [1m(default-testCompile)[m @ [36mcanal.client[0;1m ---[m
[[1;34mINFO[m] Changes detected - recompiling the module!
[[1;34mINFO[m] Compiling 2 source files to /home/travis/build/failed/alibaba/canal/client/target/test-classes
[[1;34mINFO[m] 
[[1;34mINFO[m] [1m--- [0;32mmaven-surefire-plugin:2.22.1:test[m [1m(default-test)[m @ [36mcanal.client[0;1m ---[m
[[1;34mINFO[m] 
[[1;34mINFO[m] -------------------------------------------------------
[[1;34mINFO[m]  T E S T S
[[1;34mINFO[m] -------------------------------------------------------
[[1;34mINFO[m] Running com.alibaba.otter.canal.client.running.[1mClientRunningTest[m
[[1;33mWARNING[m] [1;33mTests [0;1mrun: [0;1m1[m, Failures: 0, Errors: 0, [1;33mSkipped: [0;1;33m1[m, Time elapsed: 0.031 s - in com.alibaba.otter.canal.client.running.[1mClientRunningTest[m
[[1;34mINFO[m] 
[[1;34mINFO[m] Results:
[[1;34mINFO[m] 
[[1;33mWARNING[m] [1;33mTests run: 1, Failures: 0, Errors: 0, Skipped: 1[m
[[1;34mINFO[m] 
[[1;34mINFO[m] 
[[1;34mINFO[m] [1m--- [0;32mmaven-jar-plugin:3.0.2:jar[m [1m(default-jar)[m @ [36mcanal.client[0;1m ---[m
[[1;34mINFO[m] Building jar: /home/travis/build/failed/alibaba/canal/client/target/canal.client-1.1.4-SNAPSHOT.jar
[[1;34mINFO[m] 
[[1;34mINFO[m] [1m>>> [0;32mmaven-source-plugin:2.4:jar[m [1m(attach-sources)[0;1m > [0;1mgenerate-sources[m @ [36mcanal.client[0;1m >>>[m
[[1;34mINFO[m] 
[[1;34mINFO[m] [1m--- [0;32mmaven-enforcer-plugin:1.0:enforce[m [1m(enforce-maven)[m @ [36mcanal.client[0;1m ---[m
[[1;34mINFO[m] 
[[1;34mINFO[m] [1m--- [0;32mjacoco-maven-plugin:0.8.3:prepare-agent[m [1m(jacoco-initialize)[m @ [36mcanal.client[0;1m ---[m
[[1;34mINFO[m] jacocoArgLine set to -javaagent:/home/travis/.m2/repository/org/jacoco/org.jacoco.agent/0.8.3/org.jacoco.agent-0.8.3-runtime.jar=destfile=/home/travis/build/failed/alibaba/canal/client/target/jacoco.exec
[[1;34mINFO[m] 
[[1;34mINFO[m] [1m<<< [0;32mmaven-source-plugin:2.4:jar[m [1m(attach-sources)[0;1m < [0;1mgenerate-sources[m @ [36mcanal.client[0;1m <<<[m
[[1;34mINFO[m] 
[[1;34mINFO[m] 
[[1;34mINFO[m] [1m--- [0;32mmaven-source-plugin:2.4:jar[m [1m(attach-sources)[m @ [36mcanal.client[0;1m ---[m
[[1;34mINFO[m] Building jar: /home/travis/build/failed/alibaba/canal/client/target/canal.client-1.1.4-SNAPSHOT-sources.jar
[[1;34mINFO[m] 
[[1;34mINFO[m] [1m--- [0;32mmaven-javadoc-plugin:2.9.1:jar[m [1m(attach-javadocs)[m @ [36mcanal.client[0;1m ---[m
[[1;34mINFO[m] Skipping javadoc generation
[[1;34mINFO[m] 
[[1;34mINFO[m] [1m--- [0;32mmaven-shade-plugin:3.2.1:shade[m [1m(default)[m @ [36mcanal.client[0;1m ---[m
[[1;34mINFO[m] Including com.alibaba.otter:canal.protocol:jar:1.1.4-SNAPSHOT in the shaded jar.
[[1;34mINFO[m] Including com.alibaba.otter:canal.common:jar:1.1.4-SNAPSHOT in the shaded jar.
[[1;34mINFO[m] Excluding com.google.code.findbugs:jsr305:jar:3.0.2 from the shaded jar.
[[1;34mINFO[m] Excluding com.google.protobuf:protobuf-java:jar:3.6.1 from the shaded jar.
[[1;34mINFO[m] Excluding io.netty:netty-all:jar:4.1.6.Final from the shaded jar.
[[1;34mINFO[m] Excluding org.apache.zookeeper:zookeeper:jar:3.4.5 from the shaded jar.
[[1;34mINFO[m] Excluding org.jboss.netty:netty:jar:3.2.2.Final from the shaded jar.
[[1;34mINFO[m] Excluding com.101tec:zkclient:jar:0.10 from the shaded jar.
[[1;34mINFO[m] Excluding commons-io:commons-io:jar:2.4 from the shaded jar.
[[1;34mINFO[m] Excluding commons-lang:commons-lang:jar:2.6 from the shaded jar.
[[1;34mINFO[m] Excluding commons-codec:commons-codec:jar:1.9 from the shaded jar.
[[1;34mINFO[m] Excluding com.alibaba:fastjson:jar:1.2.58 from the shaded jar.
[[1;34mINFO[m] Including com.google.guava:guava:jar:18.0 in the shaded jar.
[[1;34mINFO[m] Excluding ch.qos.logback:logback-core:jar:1.1.3 from the shaded jar.
[[1;34mINFO[m] Excluding ch.qos.logback:logback-classic:jar:1.1.3 from the shaded jar.
[[1;34mINFO[m] Excluding org.slf4j:jcl-over-slf4j:jar:1.7.12 from the shaded jar.
[[1;34mINFO[m] Excluding org.slf4j:slf4j-api:jar:1.7.12 from the shaded jar.
[[1;34mINFO[m] Excluding org.springframework:spring-core:jar:3.2.18.RELEASE from the shaded jar.
[[1;34mINFO[m] Excluding commons-logging:commons-logging:jar:1.1.3 from the shaded jar.
[[1;34mINFO[m] Excluding org.springframework:spring-aop:jar:3.2.18.RELEASE from the shaded jar.
[[1;34mINFO[m] Excluding aopalliance:aopalliance:jar:1.0 from the shaded jar.
[[1;34mINFO[m] Excluding org.springframework:spring-beans:jar:3.2.18.RELEASE from the shaded jar.
[[1;34mINFO[m] Excluding org.springframework:spring-context:jar:3.2.18.RELEASE from the shaded jar.
[[1;34mINFO[m] Excluding org.springframework:spring-expression:jar:3.2.18.RELEASE from the shaded jar.
[[1;34mINFO[m] Excluding org.springframework:spring-jdbc:jar:3.2.18.RELEASE from the shaded jar.
[[1;34mINFO[m] Excluding org.springframework:spring-tx:jar:3.2.18.RELEASE from the shaded jar.
[[1;34mINFO[m] Excluding org.springframework:spring-orm:jar:3.2.18.RELEASE from the shaded jar.
[[1;34mINFO[m] Excluding org.apache.rocketmq:rocketmq-client:jar:4.5.2 from the shaded jar.
[[1;34mINFO[m] Excluding org.apache.rocketmq:rocketmq-common:jar:4.5.2 from the shaded jar.
[[1;34mINFO[m] Excluding org.apache.commons:commons-lang3:jar:3.4 from the shaded jar.
[[1;34mINFO[m] Excluding org.apache.rocketmq:rocketmq-acl:jar:4.5.2 from the shaded jar.
[[1;34mINFO[m] Excluding org.apache.rocketmq:rocketmq-remoting:jar:4.5.2 from the shaded jar.
[[1;34mINFO[m] Excluding io.netty:netty-tcnative-boringssl-static:jar:1.1.33.Fork26 from the shaded jar.
[[1;34mINFO[m] Excluding org.apache.rocketmq:rocketmq-logging:jar:4.5.2 from the shaded jar.
[[1;34mINFO[m] Excluding org.apache.rocketmq:rocketmq-srvutil:jar:4.5.2 from the shaded jar.
[[1;34mINFO[m] Excluding commons-cli:commons-cli:jar:1.2 from the shaded jar.
[[1;34mINFO[m] Excluding org.yaml:snakeyaml:jar:1.19 from the shaded jar.
[[1;34mINFO[m] Replacing original artifact with shaded artifact.
[[1;34mINFO[m] Replacing /home/travis/build/failed/alibaba/canal/client/target/canal.client-1.1.4-SNAPSHOT.jar with /home/travis/build/failed/alibaba/canal/client/target/canal.client-1.1.4-SNAPSHOT-shaded.jar
[[1;34mINFO[m] 
[[1;34mINFO[m] [1m--- [0;32mjacoco-maven-plugin:0.8.3:report-aggregate[m [1m(report-aggregate)[m @ [36mcanal.client[0;1m ---[m
[[1;34mINFO[m] Loading execution data file /home/travis/build/failed/alibaba/canal/client/target/jacoco.exec
[[1;34mINFO[m] Analyzed bundle 'canal.protocol' with 131 classes
[[1;34mINFO[m] 
[[1;34mINFO[m] [1m--- [0;32mmaven-install-plugin:2.4:install[m [1m(default-install)[m @ [36mcanal.client[0;1m ---[m
[[1;34mINFO[m] Installing /home/travis/build/failed/alibaba/canal/client/target/canal.client-1.1.4-SNAPSHOT.jar to /home/travis/.m2/repository/com/alibaba/otter/canal.client/1.1.4-SNAPSHOT/canal.client-1.1.4-SNAPSHOT.jar
[[1;34mINFO[m] Installing /home/travis/build/failed/alibaba/canal/client/pom.xml to /home/travis/.m2/repository/com/alibaba/otter/canal.client/1.1.4-SNAPSHOT/canal.client-1.1.4-SNAPSHOT.pom
[[1;34mINFO[m] Installing /home/travis/build/failed/alibaba/canal/client/target/canal.client-1.1.4-SNAPSHOT-sources.jar to /home/travis/.m2/repository/com/alibaba/otter/canal.client/1.1.4-SNAPSHOT/canal.client-1.1.4-SNAPSHOT-sources.jar
[[1;34mINFO[m] 
[[1;34mINFO[m] [1m------------------------------------------------------------------------[m
[[1;34mINFO[m] [1mBuilding canal prometheus module for otter 1.1.4-SNAPSHOT 1.1.4-SNAPSHOT[m
[[1;34mINFO[m] [1m------------------------------------------------------------------------[m
[[1;34mINFO[m] 
[[1;34mINFO[m] [1m--- [0;32mmaven-clean-plugin:2.5:clean[m [1m(default-clean)[m @ [36mcanal.prometheus[0;1m ---[m
[[1;34mINFO[m] 
[[1;34mINFO[m] [1m--- [0;32mmaven-enforcer-plugin:1.0:enforce[m [1m(enforce-maven)[m @ [36mcanal.prometheus[0;1m ---[m
[[1;34mINFO[m] 
[[1;34mINFO[m] [1m--- [0;32mjacoco-maven-plugin:0.8.3:prepare-agent[m [1m(jacoco-initialize)[m @ [36mcanal.prometheus[0;1m ---[m
[[1;34mINFO[m] jacocoArgLine set to -javaagent:/home/travis/.m2/repository/org/jacoco/org.jacoco.agent/0.8.3/org.jacoco.agent-0.8.3-runtime.jar=destfile=/home/travis/build/failed/alibaba/canal/prometheus/target/jacoco.exec
[[1;34mINFO[m] 
[[1;34mINFO[m] [1m--- [0;32mmaven-resources-plugin:2.6:resources[m [1m(default-resources)[m @ [36mcanal.prometheus[0;1m ---[m
[[1;34mINFO[m] Using 'UTF-8' encoding to copy filtered resources.
[[1;34mINFO[m] Copying 1 resource
[[1;34mINFO[m] 
[[1;34mINFO[m] [1m--- [0;32mmaven-compiler-plugin:3.7.0:compile[m [1m(default-compile)[m @ [36mcanal.prometheus[0;1m ---[m
[[1;34mINFO[m] Changes detected - recompiling the module!
[[1;34mINFO[m] Compiling 11 source files to /home/travis/build/failed/alibaba/canal/prometheus/target/classes
[[1;34mINFO[m] 
[[1;34mINFO[m] [1m--- [0;32mmaven-resources-plugin:2.6:testResources[m [1m(default-testResources)[m @ [36mcanal.prometheus[0;1m ---[m
[[1;34mINFO[m] Using 'UTF-8' encoding to copy filtered resources.
[[1;34mINFO[m] skip non existing resourceDirectory /home/travis/build/failed/alibaba/canal/prometheus/src/test/resources
[[1;34mINFO[m] 
[[1;34mINFO[m] [1m--- [0;32mmaven-compiler-plugin:3.7.0:testCompile[m [1m(default-testCompile)[m @ [36mcanal.prometheus[0;1m ---[m
[[1;34mINFO[m] No sources to compile
[[1;34mINFO[m] 
[[1;34mINFO[m] [1m--- [0;32mmaven-surefire-plugin:2.22.1:test[m [1m(default-test)[m @ [36mcanal.prometheus[0;1m ---[m
[[1;34mINFO[m] No tests to run.
[[1;34mINFO[m] 
[[1;34mINFO[m] [1m--- [0;32mmaven-jar-plugin:3.0.2:jar[m [1m(default-jar)[m @ [36mcanal.prometheus[0;1m ---[m
[[1;34mINFO[m] Building jar: /home/travis/build/failed/alibaba/canal/prometheus/target/canal.prometheus-1.1.4-SNAPSHOT.jar
[[1;34mINFO[m] 
[[1;34mINFO[m] [1m>>> [0;32mmaven-source-plugin:2.4:jar[m [1m(attach-sources)[0;1m > [0;1mgenerate-sources[m @ [36mcanal.prometheus[0;1m >>>[m
[[1;34mINFO[m] 
[[1;34mINFO[m] [1m--- [0;32mmaven-enforcer-plugin:1.0:enforce[m [1m(enforce-maven)[m @ [36mcanal.prometheus[0;1m ---[m
[[1;34mINFO[m] 
[[1;34mINFO[m] [1m--- [0;32mjacoco-maven-plugin:0.8.3:prepare-agent[m [1m(jacoco-initialize)[m @ [36mcanal.prometheus[0;1m ---[m
[[1;34mINFO[m] jacocoArgLine set to -javaagent:/home/travis/.m2/repository/org/jacoco/org.jacoco.agent/0.8.3/org.jacoco.agent-0.8.3-runtime.jar=destfile=/home/travis/build/failed/alibaba/canal/prometheus/target/jacoco.exec
[[1;34mINFO[m] 
[[1;34mINFO[m] [1m<<< [0;32mmaven-source-plugin:2.4:jar[m [1m(attach-sources)[0;1m < [0;1mgenerate-sources[m @ [36mcanal.prometheus[0;1m <<<[m
[[1;34mINFO[m] 
[[1;34mINFO[m] 
[[1;34mINFO[m] [1m--- [0;32mmaven-source-plugin:2.4:jar[m [1m(attach-sources)[m @ [36mcanal.prometheus[0;1m ---[m
[[1;34mINFO[m] Building jar: /home/travis/build/failed/alibaba/canal/prometheus/target/canal.prometheus-1.1.4-SNAPSHOT-sources.jar
[[1;34mINFO[m] 
[[1;34mINFO[m] [1m--- [0;32mmaven-javadoc-plugin:2.9.1:jar[m [1m(attach-javadocs)[m @ [36mcanal.prometheus[0;1m ---[m
[[1;34mINFO[m] Skipping javadoc generation
[[1;34mINFO[m] 
[[1;34mINFO[m] [1m--- [0;32mjacoco-maven-plugin:0.8.3:report-aggregate[m [1m(report-aggregate)[m @ [36mcanal.prometheus[0;1m ---[m
[[1;34mINFO[m] Loading execution data file /home/travis/build/failed/alibaba/canal/server/target/jacoco.exec
[[1;34mINFO[m] Analyzed bundle 'canal.instance.core' with 2 classes
[[1;34mINFO[m] Analyzed bundle 'canal.server' with 53 classes
[[1;34mINFO[m] 
[[1;34mINFO[m] [1m--- [0;32mmaven-install-plugin:2.4:install[m [1m(default-install)[m @ [36mcanal.prometheus[0;1m ---[m
[[1;34mINFO[m] Installing /home/travis/build/failed/alibaba/canal/prometheus/target/canal.prometheus-1.1.4-SNAPSHOT.jar to /home/travis/.m2/repository/com/alibaba/otter/canal.prometheus/1.1.4-SNAPSHOT/canal.prometheus-1.1.4-SNAPSHOT.jar
[[1;34mINFO[m] Installing /home/travis/build/failed/alibaba/canal/prometheus/pom.xml to /home/travis/.m2/repository/com/alibaba/otter/canal.prometheus/1.1.4-SNAPSHOT/canal.prometheus-1.1.4-SNAPSHOT.pom
[[1;34mINFO[m] Installing /home/travis/build/failed/alibaba/canal/prometheus/target/canal.prometheus-1.1.4-SNAPSHOT-sources.jar to /home/travis/.m2/repository/com/alibaba/otter/canal.prometheus/1.1.4-SNAPSHOT/canal.prometheus-1.1.4-SNAPSHOT-sources.jar
[[1;34mINFO[m] 
[[1;34mINFO[m] [1m------------------------------------------------------------------------[m
[[1;34mINFO[m] [1mBuilding canal deployer module for otter 1.1.4-SNAPSHOT 1.1.4-SNAPSHOT[m
[[1;34mINFO[m] [1m------------------------------------------------------------------------[m
[[1;34mINFO[m] 
[[1;34mINFO[m] [1m--- [0;32mmaven-clean-plugin:2.5:clean[m [1m(default-clean)[m @ [36mcanal.deployer[0;1m ---[m
[[1;34mINFO[m] 
[[1;34mINFO[m] [1m--- [0;32mmaven-enforcer-plugin:1.0:enforce[m [1m(enforce-maven)[m @ [36mcanal.deployer[0;1m ---[m
[[1;34mINFO[m] 
[[1;34mINFO[m] [1m--- [0;32mjacoco-maven-plugin:0.8.3:prepare-agent[m [1m(jacoco-initialize)[m @ [36mcanal.deployer[0;1m ---[m
[[1;34mINFO[m] jacocoArgLine set to -javaagent:/home/travis/.m2/repository/org/jacoco/org.jacoco.agent/0.8.3/org.jacoco.agent-0.8.3-runtime.jar=destfile=/home/travis/build/failed/alibaba/canal/deployer/target/jacoco.exec
[[1;34mINFO[m] 
[[1;34mINFO[m] [1m--- [0;32mmaven-resources-plugin:2.6:resources[m [1m(default-resources)[m @ [36mcanal.deployer[0;1m ---[m
[[1;34mINFO[m] Using 'UTF-8' encoding to copy filtered resources.
[[1;34mINFO[m] Copying 17 resources
[[1;34mINFO[m] 
[[1;34mINFO[m] [1m--- [0;32mmaven-compiler-plugin:3.7.0:compile[m [1m(default-compile)[m @ [36mcanal.deployer[0;1m ---[m
[[1;34mINFO[m] Changes detected - recompiling the module!
[[1;34mINFO[m] Compiling 10 source files to /home/travis/build/failed/alibaba/canal/deployer/target/classes
[[1;34mINFO[m] -------------------------------------------------------------
[[1;31mERROR[m] COMPILATION ERROR : 
[[1;34mINFO[m] -------------------------------------------------------------
[[1;31mERROR[m] /home/travis/build/failed/alibaba/canal/deployer/src/main/java/com/alibaba/otter/canal/deployer/CanalController.java:[107,9] cannot find symbol
  symbol:   variable cid
  location: class com.alibaba.otter.canal.deployer.CanalController
[[1;34mINFO[m] 1 error
[[1;34mINFO[m] -------------------------------------------------------------
[[1;34mINFO[m] [1m------------------------------------------------------------------------[m
[[1;34mINFO[m] [1mReactor Summary:[m
[[1;34mINFO[m] 
[[1;34mINFO[m] canal module for otter 1.1.4-SNAPSHOT .............. [1;32mSUCCESS[m [ 26.803 s]
[[1;34mINFO[m] canal common module for otter 1.1.4-SNAPSHOT ....... [1;32mSUCCESS[m [  5.488 s]
[[1;34mINFO[m] canal protocol module for otter 1.1.4-SNAPSHOT ..... [1;32mSUCCESS[m [  5.111 s]
[[1;34mINFO[m] canal meta module for otter 1.1.4-SNAPSHOT ......... [1;32mSUCCESS[m [  3.890 s]
[[1;34mINFO[m] canal driver module for otter 1.1.4-SNAPSHOT ....... [1;32mSUCCESS[m [  3.745 s]
[[1;34mINFO[m] canal dbsync module for otter 1.1.4-SNAPSHOT ....... [1;32mSUCCESS[m [  6.386 s]
[[1;34mINFO[m] canal sink module for otter 1.1.4-SNAPSHOT ......... [1;32mSUCCESS[m [  4.640 s]
[[1;34mINFO[m] canal store module for otter 1.1.4-SNAPSHOT ........ [1;32mSUCCESS[m [ 16.782 s]
[[1;34mINFO[m] canal sink module for otter 1.1.4-SNAPSHOT ......... [1;32mSUCCESS[m [ 12.837 s]
[[1;34mINFO[m] canal parse module for otter 1.1.4-SNAPSHOT ........ [1;32mSUCCESS[m [ 14.803 s]
[[1;34mINFO[m] canal instance core module for otter 1.1.4-SNAPSHOT  [1;32mSUCCESS[m [  0.920 s]
[[1;34mINFO[m] canal instance spring module for otter 1.1.4-SNAPSHOT [1;32mSUCCESS[m [  2.062 s]
[[1;34mINFO[m] canal instance manager module for otter 1.1.4-SNAPSHOT [1;32mSUCCESS[m [  0.875 s]
[[1;34mINFO[m] canal instance module for otter 1.1.4-SNAPSHOT ..... [1;32mSUCCESS[m [  0.041 s]
[[1;34mINFO[m] canal server module for otter 1.1.4-SNAPSHOT ....... [1;32mSUCCESS[m [  4.310 s]
[[1;34mINFO[m] canal client module for otter 1.1.4-SNAPSHOT ....... [1;32mSUCCESS[m [  4.891 s]
[[1;34mINFO[m] canal prometheus module for otter 1.1.4-SNAPSHOT ... [1;32mSUCCESS[m [  0.791 s]
[[1;34mINFO[m] canal deployer module for otter 1.1.4-SNAPSHOT ..... [1;31mFAILURE[m [  0.748 s]
[[1;34mINFO[m] canal example module for otter 1.1.4-SNAPSHOT ...... [1;33mSKIPPED[m
[[1;34mINFO[m] canal client adapter module for otter 1.1.4-SNAPSHOT [1;33mSKIPPED[m
[[1;34mINFO[m] canal client adapter common module for otter 1.1.4-SNAPSHOT [1;33mSKIPPED[m
[[1;34mINFO[m] canal client adapter logger example module for otter 1.1.4-SNAPSHOT [1;33mSKIPPED[m
[[1;34mINFO[m] canal client adapter hbase module for otter 1.1.4-SNAPSHOT [1;33mSKIPPED[m
[[1;34mINFO[m] canal client adapter elasticsearch module for otter 1.1.4-SNAPSHOT [1;33mSKIPPED[m
[[1;34mINFO[m] canal client adapter rdb module for otter 1.1.4-SNAPSHOT [1;33mSKIPPED[m
[[1;34mINFO[m] canal client adapter launcher module for otter 1.1.4-SNAPSHOT [1;33mSKIPPED[m
[[1;34mINFO[m] canal-admin ........................................ [1;33mSKIPPED[m
[[1;34mINFO[m] canal-admin-ui ..................................... [1;33mSKIPPED[m
[[1;34mINFO[m] canal-admin-server ................................. [1;33mSKIPPED[m
[[1;34mINFO[m] [1m------------------------------------------------------------------------[m
[[1;34mINFO[m] [1;31mBUILD FAILURE[m
[[1;34mINFO[m] [1m------------------------------------------------------------------------[m
[[1;34mINFO[m] Total time: 02:00 min
[[1;34mINFO[m] Finished at: 2021-12-26T04:32:33Z
[[1;34mINFO[m] Final Memory: 68M/512M
[[1;34mINFO[m] [1m------------------------------------------------------------------------[m
[[1;31mERROR[m] Failed to execute goal [32morg.apache.maven.plugins:maven-compiler-plugin:3.7.0:compile[m [1m(default-compile)[m on project [36mcanal.deployer[m: [1;31mCompilation failure[m
[[1;31mERROR[m] [1;31m/home/travis/build/failed/alibaba/canal/deployer/src/main/java/com/alibaba/otter/canal/deployer/CanalController.java:[107,9] cannot find symbol[m
[[1;31mERROR[m] [1;31m  symbol:   variable cid[m
[[1;31mERROR[m] [1;31m  location: class com.alibaba.otter.canal.deployer.CanalController[m
[[1;31mERROR[m] [1;31m[m
[[1;31mERROR[m] -> [1m[Help 1][m
[[1;31mERROR[m] 
[[1;31mERROR[m] To see the full stack trace of the errors, re-run Maven with the [1m-e[m switch.
[[1;31mERROR[m] Re-run Maven using the [1m-X[m switch to enable full debug logging.
[[1;31mERROR[m] 
[[1;31mERROR[m] For more information about the errors and possible solutions, please read the following articles:
[[1;31mERROR[m] [1m[Help 1][m http://cwiki.apache.org/confluence/display/MAVEN/MojoFailureException
[[1;31mERROR[m] 
[[1;31mERROR[m] After correcting the problems, you can resume the build with the command
[[1;31mERROR[m]   [1mmvn <goals> -rf :canal.deployer[m
/home/travis/.travis/functions: line 607:  2562 Terminated              travis_jigger "${!}" "${timeout}" "${cmd[@]}"
travis_time:end:0b8a337d:start=1640493030531820933,finish=1640493153972889200,duration=123441068267,event=script[0K[31;1mThe command "travis_wait 30 ./mvnw clean install -DskipTests=false -Dcheckstyle.skip=true -Dmaven.javadoc.skip=true" exited with 1.[0m
travis_fold:start:cache.2[0Kstore build cache
travis_time:start:04840200[0Ktravis_time:end:04840200:start=1640493153988116573,finish=1640493153995990208,duration=7873635,event=cache[0Ktravis_time:start:0258deb6[0K[32;1mchanges detected, packing new archive[0m
[32;1muploading /[0m
[31;1mfailed to upload cache[0m
travis_time:end:0258deb6:start=1640493154003080016,finish=1640493168302483998,duration=14299403982,event=cache[0Ktravis_fold:end:cache.2[0K
travis_fold:start:after_failure[0Ktravis_time:start:14b4ca4e[0K$ if [ -f canal.log ]; then echo "------TAIL of canal.log------"; tail -n 1000 canal.log; echo "------END of canal.log------"; fi
travis_time:end:14b4ca4e:start=1640493168309945069,finish=1640493168314956253,duration=5011184,event=after_failure[0Ktravis_fold:end:after_failure[0K
Done. Your build exited with 1.
