travis_fold:start:system_info[0K[33;1mBuild system information[0m
Build language: java
Build id: ''
Job id: ''
[34m[1mBuild image provisioning date and time[0m
Thu Feb  5 15:09:33 UTC 2015
[34m[1mOperating System Details[0m
Distributor ID:	Ubuntu
Description:	Ubuntu 12.04.5 LTS
Release:	12.04
Codename:	precise
[34m[1mLinux Version[0m
3.13.0-29-generic
[34m[1mCookbooks Version[0m
a68419e https://github.com/travis-ci/travis-cookbooks/tree/a68419e
[34m[1mGCC version[0m
gcc (Ubuntu/Linaro 4.6.3-1ubuntu5) 4.6.3
Copyright (C) 2011 Free Software Foundation, Inc.
This is free software; see the source for copying conditions.  There is NO
warranty; not even for MERCHANTABILITY or FITNESS FOR A PARTICULAR PURPOSE.

[34m[1mLLVM version[0m
clang version 3.4 (tags/RELEASE_34/final)
Target: x86_64-unknown-linux-gnu
Thread model: posix
[34m[1mPre-installed Ruby versions[0m
ruby-1.9.3-p551
[34m[1mPre-installed Node.js versions[0m
v0.10.36
[34m[1mPre-installed Go versions[0m
1.4.1
[34m[1mRedis version[0m
redis-server 2.8.19
[34m[1mriak version[0m
2.0.2
[34m[1mMongoDB version[0m
MongoDB 2.4.12
[34m[1mCouchDB version[0m
couchdb 1.6.1
[34m[1mNeo4j version[0m
1.9.4
[34m[1mRabbitMQ Version[0m
3.4.3
[34m[1mElasticSearch version[0m
1.4.0
[34m[1mInstalled Sphinx versions[0m
2.0.10
2.1.9
2.2.6
[34m[1mDefault Sphinx version[0m
2.2.6
[34m[1mInstalled Firefox version[0m
firefox 31.0esr
[34m[1mPhantomJS version[0m
1.9.8
[34m[1mant -version[0m
Apache Ant(TM) version 1.8.2 compiled on December 3 2011
[34m[1mmvn -version[0m
Apache Maven 3.2.5 (12a6b3acb947671f09b81f49094c53f426d8cea1; 2014-12-14T17:29:23+00:00)
Maven home: /usr/local/maven
Java version: 1.7.0_76, vendor: Oracle Corporation
Java home: /usr/lib/jvm/java-7-oracle/jre
Default locale: en_US, platform encoding: ANSI_X3.4-1968
OS name: "linux", version: "3.13.0-29-generic", arch: "amd64", family: "unix"
travis_fold:end:system_info[0K
$ jdk_switcher use oraclejdk8
Switching to Oracle JDK8 (java-8-oracle), JAVA_HOME will be set to /usr/lib/jvm/java-8-oracle
$ cd failed/spring-projects/spring-data-jpa

[33;1mSetting environment variables from .travis.yml[0m
$ export PROFILE=spring42-next

travis_fold:start:cache.1[0KSetting up build cache
$ export CASHER_DIR=$HOME/.casher
travis_time:start:12eafe30[0K$ Installing caching utilities

travis_time:end:12eafe30:start=1601960144482334614,finish=1601960144779858319,duration=297523705[0Ktravis_time:start:26093af5[0K
travis_time:end:26093af5:start=1601960144794655432,finish=1601960144804547804,duration=9892372[0Ktravis_time:start:0b703054[0K[32;1mattempting to download cache archive[0m

travis_time:end:0b703054:start=1601960144815578618,finish=1601960145615317377,duration=799738759[0Ktravis_time:start:213b282a[0K
travis_time:end:213b282a:start=1601960145626194275,finish=1601960145635927395,duration=9733120[0Ktravis_time:start:19cafe66[0K[32;1madding /home/travis/.m2 to cache[0m

travis_time:end:19cafe66:start=1601960145647778860,finish=1601960146467075573,duration=819296713[0Ktravis_fold:end:cache.1[0K$ java -Xmx32m -version
$ javac -J-Xmx32m -version
travis_fold:start:install[0Ktravis_time:start:00d837a0[0K$ true

travis_time:end:00d837a0:start=1601960146756363842,finish=1601960146765070302,duration=8706460[0Ktravis_fold:end:install[0Ktravis_time:start:01c32ac5[0K$ mvn clean dependency:list test -P${PROFILE} -Dsort
[INFO] Scanning for projects...
Downloading: https://repository.apache.org/snapshots/org/springframework/data/build/spring-data-parent/1.7.0.BUILD-SNAPSHOT/maven-metadata.xml
Downloading: https://repo.spring.io/libs-snapshot/org/springframework/data/build/spring-data-parent/1.7.0.BUILD-SNAPSHOT/maven-metadata.xml
Downloading: https://oss.sonatype.org/content/repositories/snapshots/org/springframework/data/build/spring-data-parent/1.7.0.BUILD-SNAPSHOT/maven-metadata.xml
Downloading: https://nexus.codehaus.org/snapshots/org/springframework/data/build/spring-data-parent/1.7.0.BUILD-SNAPSHOT/maven-metadata.xml
[WARNING] Could not transfer metadata org.springframework.data.build:spring-data-parent:1.7.0.BUILD-SNAPSHOT/maven-metadata.xml from/to sonatype-snapshots (https://oss.sonatype.org/content/repositories/snapshots/): Access denied to: https://oss.sonatype.org/content/repositories/snapshots/org/springframework/data/build/spring-data-parent/1.7.0.BUILD-SNAPSHOT/maven-metadata.xml , ReasonPhrase:Forbidden.
[WARNING] Could not transfer metadata org.springframework.data.build:spring-data-parent:1.7.0.BUILD-SNAPSHOT/maven-metadata.xml from/to codehaus-snapshots (https://nexus.codehaus.org/snapshots/): nexus.codehaus.org: unknown error
Downloading: https://oss.sonatype.org/content/repositories/snapshots/org/springframework/data/build/spring-data-parent/1.7.0.BUILD-SNAPSHOT/spring-data-parent-1.7.0.BUILD-SNAPSHOT.pom
Downloading: https://repository.apache.org/snapshots/org/springframework/data/build/spring-data-parent/1.7.0.BUILD-SNAPSHOT/spring-data-parent-1.7.0.BUILD-SNAPSHOT.pom
Downloading: https://nexus.codehaus.org/snapshots/org/springframework/data/build/spring-data-parent/1.7.0.BUILD-SNAPSHOT/spring-data-parent-1.7.0.BUILD-SNAPSHOT.pom
Downloading: https://repo.spring.io/libs-snapshot/org/springframework/data/build/spring-data-parent/1.7.0.BUILD-SNAPSHOT/spring-data-parent-1.7.0.BUILD-SNAPSHOT.pom
[ERROR] The build could not read 1 project -> [Help 1]
[ERROR]   
[ERROR]   The project org.springframework.data:spring-data-jpa:1.9.0.DATAJPA-307-SNAPSHOT (/home/travis/build/failed/spring-projects/spring-data-jpa/pom.xml) has 1 error
[ERROR]     Non-resolvable parent POM: Could not transfer artifact org.springframework.data.build:spring-data-parent:pom:1.7.0.BUILD-SNAPSHOT from/to sonatype-snapshots (https://oss.sonatype.org/content/repositories/snapshots/): Access denied to: https://oss.sonatype.org/content/repositories/snapshots/org/springframework/data/build/spring-data-parent/1.7.0.BUILD-SNAPSHOT/spring-data-parent-1.7.0.BUILD-SNAPSHOT.pom , ReasonPhrase:Forbidden. and 'parent.relativePath' points at wrong local POM @ line 14, column 10 -> [Help 2]
[ERROR] 
[ERROR] To see the full stack trace of the errors, re-run Maven with the -e switch.
[ERROR] Re-run Maven using the -X switch to enable full debug logging.
[ERROR] 
[ERROR] For more information about the errors and possible solutions, please read the following articles:
[ERROR] [Help 1] http://cwiki.apache.org/confluence/display/MAVEN/ProjectBuildingException
[ERROR] [Help 2] http://cwiki.apache.org/confluence/display/MAVEN/UnresolvableModelException

travis_time:end:01c32ac5:start=1601960146775826645,finish=1601960150188171236,duration=3412344591[0K
[31;1mThe command "mvn clean dependency:list test -P${PROFILE} -Dsort" exited with 1.[0m
travis_fold:start:cache.2[0Kstore build cache
travis_time:start:0c015c1f[0K
travis_time:end:0c015c1f:start=1601960150201003737,finish=1601960150211774899,duration=10771162[0Ktravis_time:start:0005e2fd[0K[32;1mchanges detected, packing new archive[0m

travis_time:end:0005e2fd:start=1601960150223651192,finish=1601960152051481908,duration=1827830716[0Ktravis_fold:end:cache.2[0K
Done. Your build exited with 1.
